total sensor 1000
condition 22.596708284805672
gen: 1
gen: 2
gen: 3
gen: 4
gen: 5
gen: 6
gen: 7
gen: 8
gen: 9
gen: 10
gen: 11
gen: 12
gen: 13
gen: 14
gen: 15
gen: 16
gen: 17
gen: 18
gen: 19
gen: 20
gen: 21
gen: 22
gen: 23
gen: 24
gen: 25
gen: 26
gen: 27
gen: 28
gen: 29
gen: 30
gen: 31
gen: 32
gen: 33
gen: 34
gen: 35
gen: 36
gen: 37
gen: 38
gen: 39
gen: 40
gen: 41
gen: 42
gen: 43
gen: 44
gen: 45
gen: 46
gen: 47
gen: 48
gen: 49
gen: 50
Number of charging vehicles: 20
Survey time: 24136.529470467845
Network clustering infor: 
Cluster 0:
[13, 28, 45, 56, 61, 95, 123, 190, 206, 214, 264, 305, 315, 332, 368, 381, 419, 434, 451, 467, 475, 494, 510, 571, 572, 601, 604, 607, 611, 668, 680, 682, 757, 799, 820, 824, 848, 864, 878, 908, 910, 920]
Cluster 1:
[24, 30, 64, 65, 81, 83, 87, 124, 148, 192, 193, 200, 202, 205, 253, 266, 300, 316, 360, 388, 391, 407, 430, 433, 440, 446, 465, 478, 527, 557, 583, 605, 638, 669, 674, 689, 698, 723, 737, 758, 765, 769, 784, 793, 797, 851, 887, 893, 935, 947, 955]
Cluster 2:
[5, 52, 69, 72, 80, 112, 115, 144, 191, 217, 226, 229, 243, 250, 268, 288, 328, 337, 339, 353, 355, 372, 375, 392, 431, 480, 518, 529, 535, 549, 591, 593, 690, 776, 821, 822, 825, 839, 856, 860, 871, 882, 912, 933, 949, 950, 951]
Cluster 3:
[23, 63, 67, 76, 97, 98, 137, 145, 177, 194, 195, 270, 272, 291, 333, 362, 403, 420, 491, 515, 516, 539, 540, 588, 623, 640, 657, 659, 683, 720, 724, 735, 770, 779, 800, 816, 826, 841, 899, 918, 923, 934, 959, 968, 975]
Cluster 4:
[3, 9, 31, 40, 100, 101, 120, 125, 128, 189, 213, 216, 257, 290, 293, 308, 310, 326, 344, 367, 390, 396, 401, 418, 428, 429, 447, 458, 466, 496, 512, 525, 531, 541, 552, 553, 558, 566, 584, 602, 615, 653, 655, 706, 722, 741, 753, 794, 813, 814, 819, 844, 855, 880, 915, 953, 986, 988, 990, 992]
Cluster 5:
[58, 91, 108, 116, 146, 151, 172, 188, 218, 227, 261, 302, 349, 380, 435, 439, 462, 463, 501, 519, 530, 542, 556, 585, 600, 625, 633, 650, 652, 660, 676, 677, 736, 739, 818, 829, 838, 847, 874, 901, 906, 969, 979, 995]
Cluster 6:
[60, 104, 119, 122, 147, 155, 183, 286, 292, 306, 307, 323, 356, 371, 385, 386, 389, 397, 402, 405, 438, 483, 506, 532, 639, 642, 643, 670, 686, 691, 716, 727, 740, 746, 756, 764, 771, 782, 830, 857, 862, 868, 873, 879, 911, 943, 977, 984, 985, 987, 997]
Cluster 7:
[29, 39, 51, 57, 121, 129, 130, 131, 132, 154, 159, 165, 166, 175, 185, 204, 223, 240, 252, 254, 262, 277, 309, 334, 412, 445, 468, 499, 509, 511, 522, 523, 559, 574, 620, 663, 738, 744, 751, 755, 766, 772, 808, 812, 845, 870, 898, 919, 937, 952, 993]
Cluster 8:
[12, 16, 32, 34, 43, 46, 66, 114, 140, 143, 184, 242, 283, 317, 346, 373, 377, 404, 417, 441, 449, 461, 469, 493, 497, 500, 521, 567, 576, 580, 590, 597, 618, 666, 684, 696, 733, 767, 768, 785, 804, 807, 853, 925, 966, 974]
Cluster 9:
[50, 82, 86, 96, 113, 135, 161, 182, 228, 256, 280, 297, 313, 318, 330, 338, 342, 343, 359, 383, 395, 409, 413, 416, 422, 426, 476, 561, 565, 589, 595, 637, 645, 646, 648, 658, 700, 711, 731, 732, 777, 781, 788, 792, 798, 840, 917, 924, 936, 945, 954, 962, 967]
Cluster 10:
[37, 62, 85, 136, 156, 180, 207, 212, 221, 222, 285, 287, 301, 303, 311, 319, 327, 424, 427, 452, 477, 507, 526, 551, 575, 610, 617, 634, 661, 695, 704, 709, 721, 725, 754, 762, 780, 846, 863, 877, 883, 888, 896, 926, 940, 944, 973, 978, 982, 998]
Cluster 11:
[14, 41, 94, 99, 103, 162, 174, 187, 201, 203, 210, 234, 244, 247, 271, 298, 335, 382, 394, 425, 444, 448, 470, 471, 520, 577, 608, 614, 687, 692, 710, 715, 729, 748, 761, 773, 778, 789, 791, 795, 803, 806, 809, 828, 833, 865, 872, 907, 916, 948, 956, 963, 996]
Cluster 12:
[2, 6, 15, 36, 93, 107, 110, 111, 149, 153, 171, 178, 186, 211, 224, 241, 273, 351, 374, 379, 393, 432, 437, 457, 459, 474, 504, 537, 579, 581, 603, 606, 612, 671, 672, 675, 699, 701, 702, 707, 708, 719, 743, 815, 842, 850, 866, 881, 904, 928, 939, 941, 960, 961, 976]
Cluster 13:
[10, 20, 47, 75, 84, 88, 92, 158, 208, 225, 249, 279, 296, 322, 324, 384, 387, 399, 414, 415, 443, 450, 460, 484, 486, 489, 490, 492, 514, 547, 548, 586, 596, 598, 599, 629, 630, 641, 649, 651, 718, 726, 796, 801, 802, 805, 869, 889, 905]
Cluster 14:
[22, 59, 73, 78, 105, 126, 133, 142, 160, 196, 197, 209, 230, 231, 238, 251, 263, 274, 275, 282, 325, 336, 341, 350, 352, 365, 369, 400, 464, 479, 508, 524, 533, 536, 545, 555, 560, 582, 616, 624, 631, 635, 679, 681, 728, 742, 752, 811, 827, 831, 832, 900, 903, 909, 913, 927, 971, 983, 989, 999]
Cluster 15:
[17, 35, 44, 48, 68, 70, 77, 109, 157, 168, 215, 246, 295, 320, 378, 406, 408, 436, 472, 488, 502, 534, 550, 554, 563, 578, 609, 621, 622, 647, 664, 688, 693, 697, 705, 712, 713, 717, 734, 749, 775, 783, 858, 859, 886, 890, 894, 965, 980]
Cluster 16:
[7, 18, 54, 74, 173, 235, 245, 255, 258, 267, 294, 299, 304, 321, 357, 361, 370, 398, 423, 455, 543, 544, 573, 613, 626, 694, 774, 790, 843, 854, 875, 884, 885, 902, 932, 970, 991]
Cluster 17:
[1, 11, 21, 25, 27, 33, 42, 89, 90, 118, 150, 163, 167, 176, 181, 248, 265, 278, 284, 289, 314, 347, 348, 421, 473, 481, 482, 487, 503, 505, 513, 562, 564, 568, 569, 592, 628, 685, 747, 759, 763, 786, 817, 823, 849, 861, 891, 972]
Cluster 18:
[4, 19, 38, 53, 55, 71, 79, 102, 117, 127, 139, 141, 152, 170, 198, 199, 219, 236, 237, 239, 259, 269, 276, 281, 312, 340, 345, 354, 366, 376, 410, 454, 456, 485, 495, 498, 528, 570, 632, 636, 656, 662, 665, 730, 745, 750, 834, 835, 836, 837, 852, 892, 914, 922, 929, 931, 946, 957, 958, 981, 994]
Cluster 19:
[8, 26, 49, 106, 134, 138, 164, 169, 179, 220, 232, 233, 260, 329, 331, 358, 363, 364, 411, 442, 453, 517, 538, 546, 587, 594, 619, 627, 644, 654, 667, 673, 678, 703, 714, 760, 787, 810, 867, 876, 895, 897, 921, 930, 938, 942, 964, 1000]
Vehicle 0
Charging tour: 
848  -> 368  -> 264  -> 214  -> 920  -> 572  -> 206  -> 123  -> 510  -> 61  -> 682  -> 332  -> 878  -> 
Charging time: 
2568.0761449413912  + 1824.1311957879097  + 1527.8312162373636  + 1992.9766083884338  + 1447.0039018489394  + 1633.4229534011265  + 1412.2014757754698  + 1214.8369071351603  + 1301.2525721841967  + 2317.277712758648  + 2141.6443850486903  + 831.5888514902135  + 1215.640586010755  + 
total node:13/42
-------------------
Traveling energy: 860.5774449584897
Charging energy: 107139.4225550415
Total energy used: 107999.99999999999
-------------------
Total time for travel: 860.5774449584897
Total time for charging: 21427.8845110083
Charging round duration: 22288.461955966788
-------------------
ID | p | E0 | time_arrive | E_remain | time_charge | energy_charge| E_after_charge | E_after_cycle
848 | 0.12 | 5750.13 | 139.19 | 5733.43 | 2568.08 | 12840.38 | 18265.64 | 15694.13
368 | 0.08 | 5396.82 | 2797.50 | 5173.02 | 1824.13 | 9120.66 | 14147.75 | 12586.56
264 | 0.12 | 9665.18 | 4690.04 | 9102.38 | 1527.83 | 7639.16 | 16558.20 | 14407.96
214 | 0.10 | 6174.50 | 6250.24 | 5549.48 | 1992.98 | 9964.88 | 15315.06 | 13725.73
920 | 0.07 | 5952.95 | 8263.95 | 5374.48 | 1447.00 | 7235.02 | 12508.21 | 11498.42
572 | 0.12 | 9040.38 | 9764.27 | 7868.67 | 1633.42 | 8167.11 | 15839.78 | 14311.11
206 | 0.11 | 9585.18 | 11504.03 | 8319.74 | 1412.20 | 7061.01 | 15225.40 | 13991.17
123 | 0.08 | 8103.57 | 12961.62 | 7066.64 | 1214.84 | 6074.18 | 13043.64 | 12246.83
510 | 0.08 | 7565.41 | 14233.69 | 6426.72 | 1301.25 | 6506.26 | 12828.88 | 12140.75
61 | 0.14 | 7434.54 | 15570.05 | 5254.73 | 2317.28 | 11586.39 | 16516.70 | 15641.82
682 | 0.15 | 8618.83 | 17897.24 | 5934.24 | 2141.64 | 10708.22 | 16321.22 | 15706.57
332 | 0.05 | 7398.87 | 20075.00 | 6395.12 | 831.59 | 4157.94 | 10511.49 | 10349.99
878 | 0.09 | 9110.49 | 20934.33 | 7226.40 | 1215.64 | 6078.20 | 13195.19 | 13016.40
13 | 0.12 | 7940.46 | 5044.08
28 | 0.12 | 5384.24 | 2487.85
45 | 0.07 | 9742.50 | 8052.94
56 | 0.08 | 10151.44 | 8220.52
95 | 0.07 | 8041.35 | 6351.79
190 | 0.15 | 10736.37 | 7115.89
305 | 0.06 | 5207.63 | 3759.44
315 | 0.10 | 6395.11 | 3981.45
381 | 0.09 | 7002.56 | 4830.27
419 | 0.05 | 9930.14 | 8723.31
434 | 0.12 | 6369.15 | 3472.76
451 | 0.15 | 7335.28 | 3714.80
467 | 0.08 | 8862.01 | 6931.09
475 | 0.14 | 5530.84 | 2151.73
494 | 0.09 | 10226.34 | 8054.05
571 | 0.06 | 9840.53 | 8392.34
601 | 0.07 | 9515.84 | 7826.29
604 | 0.07 | 7799.96 | 6110.40
607 | 0.07 | 8304.17 | 6614.61
611 | 0.11 | 6525.01 | 3870.00
668 | 0.13 | 10742.17 | 7604.42
680 | 0.09 | 9858.21 | 7685.92
757 | 0.08 | 10548.82 | 8617.89
799 | 0.15 | 6241.02 | 2620.54
820 | 0.10 | 7234.17 | 4820.52
824 | 0.10 | 9903.84 | 7490.19
864 | 0.05 | 7072.72 | 5865.90
908 | 0.10 | 8948.89 | 6535.24
910 | 0.12 | 7134.68 | 4238.30
Vehicle 1
Charging tour: 
65  -> 784  -> 300  -> 674  -> 851  -> 887  -> 388  -> 605  -> 81  -> 765  -> 87  -> 360  -> 947  -> 465  -> 758  -> 83  -> 148  -> 24  -> 723  -> 202  -> 200  -> 30  -> 253  -> 316  -> 478  -> 407  -> 446  -> 
Charging time: 
539.2293236533767  + 436.3842784262849  + 1106.4672452532384  + 698.9601683385788  + 773.8673223321766  + 808.8695349197807  + 499.06579596388116  + 1041.1940948982688  + 1161.8733912389227  + 495.39238080496017  + 808.2971901583373  + 870.9832329718698  + 978.716355141248  + 283.84716781680174  + 1044.567339034267  + 1299.4721995009475  + 418.0709054102674  + 815.2316344307735  + 463.4536408246772  + 948.388405066538  + 674.8390989557628  + 927.7112660466088  + 1013.9972116955063  + 491.48718481475146  + 972.4214075911974  + 614.2736847038126  + 965.0542527423336  + 
total node:27/51
-------------------
Traveling energy: 2239.42143632418
Charging energy: 105760.57856367588
Total energy used: 108000.00000000006
-------------------
Total time for travel: 2239.42143632418
Total time for charging: 21152.115712735176
Charging round duration: 23391.537149059357
-------------------
ID | p | E0 | time_arrive | E_remain | time_charge | energy_charge| E_after_charge | E_after_cycle
65 | 0.05 | 5650.51 | 142.09 | 5643.40 | 539.23 | 2696.15 | 8312.59 | 7139.83
784 | 0.06 | 8378.63 | 722.97 | 8335.25 | 436.38 | 2181.92 | 10490.99 | 9112.36
300 | 0.14 | 7710.46 | 1299.15 | 7528.58 | 1106.47 | 5532.34 | 12906.01 | 9863.69
674 | 0.08 | 6974.75 | 2539.31 | 6771.60 | 698.96 | 3494.80 | 10210.49 | 8538.63
851 | 0.10 | 7874.53 | 3325.64 | 7541.96 | 773.87 | 3869.34 | 11333.91 | 9330.21
887 | 0.07 | 5273.64 | 4113.02 | 4985.73 | 808.87 | 4044.35 | 8973.46 | 7628.43
388 | 0.07 | 8547.35 | 4995.26 | 8197.68 | 499.07 | 2495.33 | 10658.07 | 9353.12
605 | 0.13 | 7608.56 | 5644.28 | 6874.81 | 1041.19 | 5205.97 | 11945.42 | 9676.79
81 | 0.11 | 5769.32 | 6731.91 | 5028.81 | 1161.87 | 5809.37 | 10710.37 | 8923.67
765 | 0.08 | 9840.83 | 7955.56 | 9204.38 | 495.39 | 2476.96 | 11641.72 | 10386.87
87 | 0.07 | 5277.38 | 8502.39 | 4682.21 | 808.30 | 4041.49 | 8667.11 | 7629.30
360 | 0.10 | 6996.51 | 9401.90 | 6056.32 | 870.98 | 4354.92 | 10324.13 | 8937.77
947 | 0.15 | 9339.54 | 10284.62 | 7796.85 | 978.72 | 4893.58 | 12543.62 | 10612.64
465 | 0.05 | 10734.37 | 11369.61 | 10165.89 | 283.85 | 1419.24 | 11570.93 | 10946.78
758 | 0.11 | 6417.22 | 11722.86 | 5127.71 | 1044.57 | 5222.84 | 10235.64 | 8985.04
83 | 0.13 | 6096.31 | 12792.30 | 4433.32 | 1299.47 | 6497.36 | 10761.75 | 9455.93
148 | 0.06 | 8745.65 | 14150.40 | 7896.63 | 418.07 | 2090.35 | 9961.90 | 9387.82
24 | 0.08 | 5979.98 | 14649.85 | 4808.00 | 815.23 | 4076.16 | 8818.93 | 8125.22
723 | 0.05 | 6574.38 | 15516.19 | 5798.57 | 463.45 | 2317.27 | 8092.66 | 7684.82
202 | 0.14 | 8995.66 | 16107.97 | 6740.54 | 948.39 | 4741.94 | 11349.71 | 10358.48
200 | 0.11 | 9933.07 | 17178.26 | 8043.46 | 674.84 | 3374.20 | 11343.42 | 10652.25
30 | 0.10 | 6568.68 | 17883.72 | 4780.31 | 927.71 | 4638.56 | 9326.09 | 8793.58
253 | 0.12 | 7211.66 | 18909.44 | 4942.53 | 1014.00 | 5069.99 | 9890.84 | 9385.27
316 | 0.08 | 9919.02 | 19994.68 | 8319.45 | 491.49 | 2457.44 | 10737.56 | 10445.53
478 | 0.10 | 6266.67 | 20554.07 | 4211.26 | 972.42 | 4862.11 | 8976.12 | 8715.12
407 | 0.06 | 5952.24 | 21621.50 | 4654.95 | 614.27 | 3071.37 | 7689.46 | 7575.42
446 | 0.11 | 6945.96 | 22406.66 | 4481.22 | 965.05 | 4825.27 | 9200.34 | 9116.21
64 | 0.13 | 7287.94 | 4150.19
124 | 0.06 | 10223.18 | 8774.99
192 | 0.07 | 9834.01 | 8144.46
193 | 0.08 | 10218.94 | 8288.01
205 | 0.07 | 5888.21 | 4198.65
266 | 0.06 | 5873.11 | 4424.92
391 | 0.11 | 9982.29 | 7327.27
430 | 0.09 | 9493.47 | 7321.18
433 | 0.09 | 9973.47 | 7801.19
440 | 0.12 | 8971.90 | 6075.52
527 | 0.12 | 7605.93 | 4709.54
557 | 0.14 | 9943.69 | 6564.57
583 | 0.14 | 7325.22 | 3946.11
638 | 0.08 | 8344.38 | 6413.46
669 | 0.14 | 8961.90 | 5582.79
689 | 0.09 | 6235.88 | 4063.60
698 | 0.08 | 9273.14 | 7342.22
737 | 0.12 | 5787.44 | 2891.06
769 | 0.09 | 10165.60 | 7993.31
793 | 0.13 | 7779.72 | 4641.97
797 | 0.14 | 6515.98 | 3136.87
893 | 0.05 | 10318.42 | 9111.59
935 | 0.08 | 9820.10 | 7889.18
955 | 0.14 | 6787.33 | 3408.21
Vehicle 2
Charging tour: 
112  -> 535  -> 80  -> 353  -> 52  -> 69  -> 480  -> 593  -> 856  -> 822  -> 690  -> 529  -> 591  -> 288  -> 949  -> 339  -> 250  -> 776  -> 115  -> 518  -> 860  -> 243  -> 337  -> 191  -> 392  -> 217  -> 912  -> 950  -> 951  -> 
Charging time: 
1061.8521825672606  + 640.6105471396597  + 1073.3882484365574  + 1079.8973619853969  + 620.4763205217248  + 1155.0866879716812  + 909.3957624659045  + 335.9878977313996  + 881.9087752415869  + 387.3668850364803  + 805.6485285710338  + 545.281749866393  + 496.8251317355388  + 975.0499402247304  + 768.3327333219972  + 446.43437336820733  + 1027.3605999400036  + 593.4759627673961  + 753.4261687774053  + 881.2203172407643  + 756.895002774165  + 373.8668947777563  + 467.7985518170704  + 290.2141968905598  + 651.978572953589  + 1286.6561551480663  + 346.6813976443182  + 1124.3029615244666  + 569.5966661621871  + 
total node:29/47
-------------------
Traveling energy: 1464.9171269835347
Charging energy: 106535.08287301651
Total energy used: 108000.00000000004
-------------------
Total time for travel: 1464.9171269835347
Total time for charging: 21307.0165746033
Charging round duration: 22771.933701586837
-------------------
ID | p | E0 | time_arrive | E_remain | time_charge | energy_charge| E_after_charge | E_after_cycle
112 | 0.13 | 6131.21 | 99.39 | 6118.29 | 1061.85 | 5309.26 | 11289.51 | 8302.72
535 | 0.07 | 5472.31 | 1205.83 | 5387.90 | 640.61 | 3203.05 | 8546.11 | 6985.81
80 | 0.15 | 6998.44 | 1927.65 | 6709.30 | 1073.39 | 5366.94 | 11915.23 | 8744.90
353 | 0.12 | 5565.01 | 3018.78 | 5202.75 | 1079.90 | 5399.49 | 10472.65 | 8068.11
52 | 0.10 | 8071.27 | 4175.10 | 7653.76 | 620.48 | 3102.38 | 10694.09 | 8760.00
69 | 0.13 | 5636.32 | 4821.25 | 5009.56 | 1155.09 | 5775.43 | 10634.83 | 8274.01
480 | 0.12 | 6608.38 | 5993.19 | 5889.20 | 909.40 | 4546.98 | 10327.05 | 8258.98
593 | 0.07 | 10433.77 | 6920.88 | 9949.31 | 335.99 | 1679.94 | 11605.73 | 10424.16
856 | 0.14 | 7950.08 | 7351.30 | 6920.90 | 881.91 | 4409.54 | 11206.97 | 8980.51
822 | 0.07 | 9049.87 | 8267.16 | 8471.17 | 387.37 | 1936.83 | 10380.89 | 9297.15
690 | 0.11 | 6837.76 | 8706.38 | 5880.06 | 805.65 | 4028.24 | 9819.68 | 8210.99
529 | 0.11 | 10102.73 | 9536.55 | 9053.71 | 545.28 | 2726.41 | 11720.14 | 10174.12
591 | 0.10 | 10080.07 | 10147.76 | 9065.29 | 496.83 | 2484.13 | 11499.73 | 10150.54
288 | 0.12 | 6163.41 | 10707.84 | 4878.47 | 975.05 | 4875.25 | 9636.72 | 8142.28
949 | 0.13 | 8473.46 | 11699.99 | 6952.47 | 768.33 | 3841.66 | 10694.25 | 9177.38
339 | 0.09 | 10096.06 | 12501.87 | 8970.89 | 446.43 | 2232.17 | 11162.88 | 10155.94
250 | 0.13 | 6337.05 | 12996.19 | 4647.55 | 1027.36 | 5136.80 | 9650.80 | 8336.11
776 | 0.09 | 7594.63 | 14041.98 | 6330.85 | 593.48 | 2967.38 | 9244.81 | 8389.72
115 | 0.08 | 5317.61 | 14644.07 | 4146.08 | 753.43 | 3767.13 | 7852.94 | 7153.82
518 | 0.12 | 6819.68 | 15421.64 | 4969.08 | 881.22 | 4406.10 | 9269.43 | 8329.39
860 | 0.13 | 8601.51 | 16351.24 | 6475.85 | 756.90 | 3784.48 | 10161.93 | 9248.24
243 | 0.08 | 10716.18 | 17151.84 | 9344.03 | 373.87 | 1869.33 | 11183.46 | 10654.59
337 | 0.10 | 10705.53 | 17568.31 | 8948.70 | 467.80 | 2338.99 | 11240.91 | 10630.87
191 | 0.06 | 10353.80 | 18131.67 | 9265.90 | 290.21 | 1451.07 | 10699.55 | 10356.67
392 | 0.14 | 10753.79 | 18466.83 | 8168.44 | 651.98 | 3259.89 | 11337.05 | 10634.57
217 | 0.15 | 5838.43 | 19238.15 | 2952.70 | 1286.66 | 6433.28 | 9192.98 | 8651.23
912 | 0.07 | 10111.94 | 20576.09 | 8671.61 | 346.68 | 1733.41 | 10380.75 | 10155.79
950 | 0.12 | 5345.21 | 20942.76 | 2832.08 | 1124.30 | 5621.51 | 8318.68 | 8070.34
951 | 0.12 | 10550.69 | 22105.18 | 7898.07 | 569.60 | 2847.98 | 10677.70 | 10502.29
5 | 0.10 | 10414.76 | 8001.11
72 | 0.11 | 7545.57 | 4890.55
144 | 0.14 | 9051.41 | 5672.30
226 | 0.15 | 10501.28 | 6880.80
229 | 0.06 | 10196.08 | 8747.89
268 | 0.14 | 7448.13 | 4069.01
328 | 0.13 | 5863.68 | 2725.93
355 | 0.09 | 5170.62 | 2998.34
372 | 0.12 | 6977.61 | 4081.23
375 | 0.13 | 10138.35 | 7000.60
431 | 0.07 | 5212.48 | 3522.92
549 | 0.12 | 8383.67 | 5487.28
821 | 0.10 | 5121.81 | 2708.16
825 | 0.11 | 8308.29 | 5653.27
839 | 0.09 | 6997.16 | 4824.88
871 | 0.14 | 6722.37 | 3343.26
882 | 0.08 | 7051.75 | 5120.83
933 | 0.06 | 6870.55 | 5422.36
Vehicle 3
Charging tour: 
98  -> 918  -> 67  -> 899  -> 177  -> 515  -> 588  -> 97  -> 770  -> 491  -> 195  -> 270  -> 63  -> 800  -> 826  -> 403  -> 76  -> 934  -> 291  -> 
Charging time: 
1120.2701715477976  + 1172.4399878830263  + 1237.9684322365251  + 1642.9521643008459  + 506.1250772258739  + 1149.2422666077882  + 994.3734428159485  + 1651.5895002227935  + 1963.586787304636  + 659.5884284980431  + 1299.9328002055329  + 1537.7845266516526  + 505.0729080413782  + 512.9674048281621  + 1043.0027310461646  + 793.7449206826334  + 1968.0651910727984  + 470.2256096498475  + 1081.3295023932048  + 
total node:19/45
-------------------
Traveling energy: 1448.6907339267532
Charging energy: 106551.30926607325
Total energy used: 108000.0
-------------------
Total time for travel: 1448.6907339267532
Total time for charging: 21310.26185321465
Charging round duration: 22758.952587141404
-------------------
ID | p | E0 | time_arrive | E_remain | time_charge | energy_charge| E_after_charge | E_after_cycle
98 | 0.15 | 9769.15 | 158.39 | 9745.39 | 1120.27 | 5601.35 | 15178.70 | 11750.02
918 | 0.11 | 6845.27 | 1423.73 | 6688.66 | 1172.44 | 5862.20 | 12421.89 | 10052.45
67 | 0.10 | 5893.57 | 2772.66 | 5616.31 | 1237.97 | 6189.84 | 11682.35 | 9669.76
899 | 0.14 | 6217.15 | 4112.01 | 5641.47 | 1642.95 | 8214.76 | 13626.22 | 11052.80
177 | 0.07 | 10090.87 | 5781.14 | 9686.19 | 506.13 | 2530.63 | 12181.38 | 10931.94
515 | 0.13 | 8253.16 | 6364.35 | 7425.79 | 1149.24 | 5746.21 | 13022.60 | 10861.62
588 | 0.10 | 7337.34 | 7560.31 | 6581.31 | 994.37 | 4971.87 | 11453.74 | 9895.56
97 | 0.12 | 5301.12 | 8579.11 | 4271.62 | 1651.59 | 8257.95 | 12331.38 | 10662.68
770 | 0.15 | 5573.52 | 10261.98 | 4034.22 | 1963.59 | 9817.93 | 13557.62 | 11770.97
491 | 0.05 | 5530.77 | 12232.43 | 4919.14 | 659.59 | 3297.94 | 8184.11 | 7621.88
195 | 0.14 | 7857.70 | 12925.46 | 6048.14 | 1299.93 | 6499.66 | 12365.81 | 10978.25
270 | 0.11 | 5218.98 | 14252.24 | 3651.23 | 1537.78 | 7688.92 | 11171.00 | 10252.88
63 | 0.06 | 8667.33 | 15801.75 | 7719.23 | 505.07 | 2525.36 | 10214.29 | 9744.51
800 | 0.07 | 9956.27 | 16395.23 | 8808.60 | 512.97 | 2564.84 | 11337.53 | 10831.55
826 | 0.09 | 6295.72 | 16985.88 | 4766.99 | 1043.00 | 5215.01 | 9888.13 | 9338.45
403 | 0.08 | 7353.56 | 18095.94 | 5905.88 | 793.74 | 3968.72 | 9811.11 | 9391.36
76 | 0.14 | 5190.11 | 18946.46 | 2537.61 | 1968.07 | 9840.33 | 12102.41 | 11651.33
934 | 0.06 | 9309.65 | 21008.88 | 8049.12 | 470.23 | 2351.13 | 10372.03 | 10212.59
291 | 0.08 | 5397.84 | 21545.71 | 3674.19 | 1081.33 | 5406.65 | 8994.33 | 8873.57
23 | 0.09 | 5883.68 | 3711.39
137 | 0.10 | 6945.30 | 4531.65
145 | 0.10 | 6675.24 | 4261.58
194 | 0.13 | 5503.00 | 2365.25
272 | 0.09 | 8053.33 | 5881.05
333 | 0.06 | 8144.79 | 6696.60
362 | 0.05 | 8287.73 | 7080.90
420 | 0.13 | 9142.30 | 6004.55
516 | 0.10 | 7976.33 | 5562.68
539 | 0.12 | 5054.29 | 2157.91
540 | 0.09 | 10068.81 | 7896.52
623 | 0.10 | 9361.43 | 6947.78
640 | 0.13 | 8868.72 | 5730.98
657 | 0.09 | 7039.52 | 4867.23
659 | 0.07 | 8707.35 | 7017.79
683 | 0.07 | 9045.18 | 7355.62
720 | 0.05 | 6692.58 | 5485.75
724 | 0.14 | 7730.01 | 4350.90
735 | 0.12 | 10772.30 | 7875.92
779 | 0.11 | 5022.35 | 2367.33
816 | 0.07 | 10616.24 | 8926.68
841 | 0.10 | 5435.14 | 3021.49
923 | 0.09 | 7313.21 | 5140.92
959 | 0.10 | 7591.92 | 5178.27
968 | 0.08 | 6337.38 | 4406.46
975 | 0.12 | 7993.02 | 5096.64
Vehicle 4
Charging tour: 
552  -> 566  -> 880  -> 128  -> 100  -> 990  -> 844  -> 9  -> 496  -> 655  -> 541  -> 290  -> 794  -> 447  -> 992  -> 915  -> 344  -> 814  -> 293  -> 584  -> 257  -> 120  -> 988  -> 418  -> 189  -> 213  -> 31  -> 429  -> 101  -> 401  -> 458  -> 512  -> 308  -> 722  -> 531  -> 
Charging time: 
856.7017064334387  + 414.7018905557494  + 735.1728599525879  + 494.8503658559339  + 713.3988414346267  + 671.037103629493  + 341.4126642609532  + 818.4867341101119  + 213.2811059594583  + 721.090804568432  + 606.5858858897219  + 612.972377695168  + 363.07920297130903  + 773.7353035614453  + 1140.9712254496928  + 636.7550086720387  + 350.6089273156805  + 352.89961099006354  + 927.0372114513415  + 506.2416560412251  + 310.61135289313694  + 491.1576502564092  + 869.985433268548  + 319.8752096459957  + 849.0369371549325  + 841.523763821948  + 693.4136493314376  + 306.0453828138011  + 336.0036908258341  + 821.3118853094544  + 809.0475856525675  + 639.1983239710435  + 581.1206288924272  + 387.2185806435769  + 694.0353585480736  + 
total node:35/60
-------------------
Traveling energy: 1996.9704008617014
Charging energy: 106003.02959913827
Total energy used: 107999.99999999997
-------------------
Total time for travel: 1996.9704008617014
Total time for charging: 21200.605919827656
Charging round duration: 23197.576320689357
-------------------
ID | p | E0 | time_arrive | E_remain | time_charge | energy_charge| E_after_charge | E_after_cycle
552 | 0.12 | 6275.18 | 127.30 | 6259.91 | 856.70 | 4283.51 | 10440.61 | 7662.31
566 | 0.08 | 8642.29 | 989.08 | 8563.16 | 414.70 | 2073.51 | 10603.49 | 8784.87
880 | 0.09 | 5484.38 | 1466.53 | 5352.39 | 735.17 | 3675.86 | 8962.09 | 6987.96
128 | 0.11 | 9958.49 | 2299.60 | 9705.53 | 494.85 | 2474.25 | 12125.35 | 9777.72
100 | 0.14 | 8791.65 | 2883.65 | 8387.94 | 713.40 | 3566.99 | 11855.06 | 8979.53
990 | 0.13 | 8679.04 | 3698.08 | 8198.29 | 671.04 | 3355.19 | 11466.24 | 8896.47
844 | 0.07 | 9185.29 | 4424.81 | 8875.56 | 341.41 | 1707.06 | 10558.72 | 9202.80
9 | 0.10 | 5473.47 | 4820.72 | 4991.40 | 818.49 | 4092.43 | 9001.99 | 7152.25
496 | 0.05 | 10502.49 | 5681.65 | 10218.41 | 213.28 | 1066.41 | 11274.15 | 10362.07
655 | 0.11 | 6834.04 | 5910.99 | 6183.83 | 721.09 | 3605.45 | 9709.96 | 7784.47
541 | 0.13 | 9601.20 | 6682.75 | 8732.45 | 606.59 | 3032.93 | 11686.52 | 9496.39
290 | 0.12 | 8770.31 | 7319.77 | 7891.94 | 612.97 | 3064.86 | 10883.24 | 8938.79
794 | 0.06 | 7403.29 | 7974.77 | 6924.80 | 363.08 | 1815.40 | 8718.41 | 7770.49
447 | 0.12 | 6948.06 | 8368.94 | 5943.79 | 773.74 | 3868.68 | 9719.61 | 7920.35
992 | 0.14 | 5497.03 | 9273.91 | 4198.68 | 1140.97 | 5704.86 | 9743.80 | 7822.77
915 | 0.10 | 7035.62 | 10441.28 | 5991.49 | 636.76 | 3183.78 | 9111.59 | 7805.74
344 | 0.05 | 6388.84 | 11108.17 | 5833.43 | 350.61 | 1753.04 | 7568.94 | 6935.05
814 | 0.08 | 10155.78 | 11494.90 | 9236.19 | 352.90 | 1764.50 | 10972.46 | 9989.36
293 | 0.15 | 7248.84 | 11931.59 | 5459.11 | 927.04 | 4635.19 | 9955.24 | 8263.55
584 | 0.12 | 10619.35 | 12875.69 | 9074.27 | 506.24 | 2531.21 | 11544.73 | 10254.18
257 | 0.07 | 10096.14 | 13415.15 | 9157.08 | 310.61 | 1553.06 | 10688.39 | 9959.64
120 | 0.10 | 9121.24 | 13760.03 | 7745.23 | 491.16 | 2455.79 | 10151.91 | 9163.37
988 | 0.12 | 6179.37 | 14298.66 | 4463.53 | 869.99 | 4349.93 | 8709.06 | 7632.91
418 | 0.07 | 9803.75 | 15269.38 | 8734.89 | 319.88 | 1599.38 | 10311.88 | 9713.57
189 | 0.13 | 6859.48 | 15674.26 | 4821.83 | 849.04 | 4245.18 | 8956.64 | 7966.92
213 | 0.14 | 7453.09 | 16565.99 | 5133.85 | 841.52 | 4207.62 | 9223.66 | 8281.59
31 | 0.14 | 9045.04 | 17449.66 | 6602.08 | 693.41 | 3467.07 | 9972.07 | 9132.99
429 | 0.07 | 10246.77 | 18172.80 | 8974.67 | 306.05 | 1530.23 | 10483.48 | 10087.44
101 | 0.06 | 7999.85 | 18518.40 | 6888.75 | 336.00 | 1680.02 | 8548.60 | 8231.68
401 | 0.12 | 6545.58 | 18958.48 | 4270.56 | 821.31 | 4106.56 | 8278.56 | 7755.75
458 | 0.12 | 6644.80 | 19809.65 | 4267.64 | 809.05 | 4045.24 | 8215.79 | 7793.65
512 | 0.13 | 9111.34 | 20664.91 | 6424.90 | 639.20 | 3195.99 | 9537.80 | 9169.59
308 | 0.10 | 7709.18 | 21373.46 | 5571.84 | 581.12 | 2905.60 | 8419.33 | 8201.13
722 | 0.07 | 8098.72 | 21976.36 | 6560.38 | 387.22 | 1936.09 | 8469.36 | 8345.26
531 | 0.10 | 6454.95 | 22396.84 | 4215.27 | 694.04 | 3470.18 | 7616.04 | 7511.48
3 | 0.09 | 10786.96 | 8614.67
40 | 0.12 | 10434.40 | 7538.02
125 | 0.09 | 7227.65 | 5055.36
216 | 0.09 | 7919.83 | 5747.54
310 | 0.10 | 5967.33 | 3553.68
326 | 0.08 | 9837.30 | 7906.38
367 | 0.09 | 8978.10 | 6805.81
390 | 0.05 | 5194.41 | 3987.58
396 | 0.14 | 8761.85 | 5382.74
428 | 0.10 | 8060.28 | 5646.62
466 | 0.08 | 5273.64 | 3342.72
525 | 0.14 | 10774.24 | 7395.13
553 | 0.07 | 8383.02 | 6693.46
558 | 0.15 | 8221.78 | 4601.30
602 | 0.07 | 6826.30 | 5136.75
615 | 0.08 | 9884.64 | 7953.72
653 | 0.09 | 10617.08 | 8444.79
706 | 0.10 | 9587.69 | 7174.04
741 | 0.14 | 9686.46 | 6307.35
753 | 0.14 | 8192.54 | 4813.43
813 | 0.06 | 10679.37 | 9231.18
819 | 0.10 | 10704.27 | 8290.61
855 | 0.13 | 9781.34 | 6643.60
953 | 0.08 | 5435.13 | 3504.21
986 | 0.06 | 10035.82 | 8587.62
Vehicle 5
Charging tour: 
585  -> 652  -> 633  -> 108  -> 349  -> 151  -> 676  -> 650  -> 530  -> 519  -> 625  -> 829  -> 91  -> 146  -> 847  -> 600  -> 462  -> 501  -> 172  -> 218  -> 435  -> 227  -> 874  -> 116  -> 
Charging time: 
604.2667186289634  + 1628.9471386080343  + 878.0403193719295  + 684.5055102960946  + 1150.7260284065853  + 1241.1490262397572  + 836.3344178313158  + 691.4918248585952  + 307.6896294135963  + 618.1003745137548  + 488.0955867861525  + 978.3837180636312  + 919.7374943056917  + 1615.4569259607415  + 604.6816695818015  + 1363.4546428910132  + 625.5430347267225  + 842.9799344133476  + 885.0261286408642  + 761.4404844080829  + 944.1920171397736  + 980.9401441979535  + 1036.9778556070705  + 629.5758514920934  + 
total node:24/44
-------------------
Traveling energy: 1411.317618082179
Charging energy: 106588.68238191782
Total energy used: 108000.0
-------------------
Total time for travel: 1411.317618082179
Total time for charging: 21317.736476383565
Charging round duration: 22729.054094465744
-------------------
ID | p | E0 | time_arrive | E_remain | time_charge | energy_charge| E_after_charge | E_after_cycle
585 | 0.10 | 10408.30 | 33.37 | 10404.96 | 604.27 | 3021.33 | 13365.87 | 11015.98
652 | 0.13 | 5019.32 | 721.73 | 4925.49 | 1628.95 | 8144.74 | 12858.47 | 10026.31
633 | 0.15 | 10744.47 | 2378.74 | 10387.66 | 878.04 | 4390.20 | 14646.16 | 11514.20
108 | 0.08 | 7350.58 | 3325.47 | 7084.54 | 684.51 | 3422.53 | 10452.31 | 8842.18
349 | 0.14 | 7651.82 | 4068.42 | 7082.24 | 1150.73 | 5753.63 | 12674.76 | 10026.33
151 | 0.14 | 7094.35 | 5288.08 | 6354.02 | 1241.15 | 6205.75 | 12386.00 | 9920.98
676 | 0.08 | 6016.15 | 6539.96 | 5492.95 | 836.33 | 4181.67 | 9607.71 | 8266.90
650 | 0.08 | 7276.31 | 7422.49 | 6682.51 | 691.49 | 3457.46 | 10084.65 | 8802.85
530 | 0.05 | 10220.34 | 8159.42 | 9812.37 | 307.69 | 1538.45 | 11335.44 | 10551.97
519 | 0.08 | 8140.28 | 8506.21 | 7459.78 | 618.10 | 3090.50 | 10500.84 | 9299.86
625 | 0.08 | 10308.45 | 9174.78 | 9574.47 | 488.10 | 2440.48 | 11975.90 | 10818.01
829 | 0.10 | 6428.34 | 9703.99 | 5457.95 | 978.38 | 4891.92 | 10252.03 | 8906.61
91 | 0.15 | 10257.36 | 10751.89 | 8644.58 | 919.74 | 4598.69 | 13105.31 | 11235.57
146 | 0.14 | 5450.56 | 11697.73 | 3812.88 | 1615.46 | 8077.28 | 11664.00 | 10148.73
847 | 0.07 | 7280.81 | 13334.16 | 6347.42 | 604.68 | 3023.41 | 9328.50 | 8614.66
600 | 0.15 | 6919.25 | 13960.07 | 4825.24 | 1363.45 | 6817.27 | 11437.99 | 10116.04
462 | 0.09 | 9048.86 | 15425.89 | 7660.53 | 625.54 | 3127.72 | 10731.94 | 10004.28
501 | 0.12 | 8953.08 | 16218.37 | 7006.87 | 842.98 | 4214.90 | 11120.62 | 10271.59
172 | 0.14 | 9949.02 | 17081.41 | 7557.62 | 885.03 | 4425.13 | 11858.85 | 10995.04
218 | 0.12 | 9911.83 | 17996.50 | 7752.25 | 761.44 | 3807.20 | 11468.07 | 10822.64
435 | 0.08 | 5328.91 | 18786.62 | 3825.98 | 944.19 | 4720.96 | 8471.40 | 8118.94
227 | 0.11 | 7052.75 | 19758.68 | 4879.30 | 980.94 | 4904.70 | 9676.09 | 9302.43
874 | 0.13 | 7884.65 | 20837.18 | 5175.81 | 1036.98 | 5184.89 | 10225.90 | 9931.79
116 | 0.10 | 9989.88 | 21942.83 | 7795.60 | 629.58 | 3147.88 | 10880.52 | 10724.11
58 | 0.10 | 10495.29 | 8081.64
188 | 0.13 | 8246.48 | 5108.73
261 | 0.07 | 10785.56 | 9096.00
302 | 0.12 | 6048.39 | 3152.00
380 | 0.09 | 9693.57 | 7521.28
439 | 0.10 | 7553.81 | 5140.16
463 | 0.06 | 9998.85 | 8550.66
542 | 0.07 | 8800.60 | 7111.04
556 | 0.10 | 8526.60 | 6112.95
660 | 0.11 | 9104.79 | 6449.77
677 | 0.15 | 7460.88 | 3840.40
736 | 0.08 | 7582.94 | 5652.02
739 | 0.06 | 9986.57 | 8538.38
818 | 0.10 | 7256.31 | 4842.66
838 | 0.14 | 8744.66 | 5365.54
901 | 0.07 | 5447.20 | 3757.64
906 | 0.15 | 6500.69 | 2880.21
969 | 0.14 | 9668.51 | 6289.39
979 | 0.15 | 5913.22 | 2292.75
995 | 0.09 | 6112.93 | 3940.64
Vehicle 6
Charging tour: 
716  -> 764  -> 60  -> 987  -> 323  -> 306  -> 727  -> 642  -> 868  -> 397  -> 506  -> 405  -> 119  -> 122  -> 639  -> 686  -> 943  -> 371  -> 740  -> 
Charging time: 
1073.8994899126724  + 839.365994000954  + 2208.6236814212716  + 619.6279239360819  + 1255.3779826867253  + 1191.1712151280303  + 1547.49440958462  + 792.1141641560216  + 1470.5183393218554  + 772.3734935185165  + 898.7825147950558  + 739.7780048446019  + 740.0517713320577  + 1798.7760347805547  + 1230.33530235961  + 916.9759146481177  + 1002.8630639415945  + 1495.5026194372401  + 740.4735252017913  + 
total node:19/51
-------------------
Traveling energy: 1329.4727749631425
Charging energy: 106670.52722503687
Total energy used: 108000.00000000001
-------------------
Total time for travel: 1329.4727749631425
Total time for charging: 21334.105445007375
Charging round duration: 22663.578219970517
-------------------
ID | p | E0 | time_arrive | E_remain | time_charge | energy_charge| E_after_charge | E_after_cycle
716 | 0.08 | 6123.90 | 52.90 | 6119.67 | 1073.90 | 5369.50 | 11403.25 | 9562.47
764 | 0.08 | 7835.02 | 1175.66 | 7740.97 | 839.37 | 4196.83 | 11870.65 | 10100.93
60 | 0.14 | 5210.84 | 2077.16 | 4920.04 | 2208.62 | 11043.12 | 15653.95 | 12874.85
987 | 0.06 | 7960.16 | 4414.65 | 7695.28 | 619.63 | 3098.14 | 10756.25 | 9610.11
323 | 0.09 | 5893.45 | 5054.55 | 5438.54 | 1255.38 | 6276.89 | 11602.45 | 9998.05
306 | 0.13 | 8971.62 | 6368.87 | 8143.67 | 1191.17 | 5955.86 | 13944.67 | 11789.73
727 | 0.11 | 5843.40 | 7588.74 | 5008.63 | 1547.49 | 7737.47 | 12575.88 | 10925.85
642 | 0.08 | 8302.40 | 9145.60 | 7570.76 | 792.11 | 3960.57 | 11467.96 | 10332.05
868 | 0.11 | 6149.28 | 9944.87 | 5055.34 | 1470.52 | 7352.59 | 12246.17 | 10846.85
397 | 0.10 | 10643.25 | 11421.54 | 9501.10 | 772.37 | 3861.87 | 13285.73 | 12091.47
506 | 0.11 | 10060.97 | 12320.97 | 8705.66 | 898.78 | 4493.91 | 13100.71 | 11899.86
405 | 0.08 | 8889.76 | 13384.05 | 7819.04 | 739.78 | 3698.89 | 11458.75 | 10657.73
119 | 0.06 | 6664.86 | 14223.88 | 5811.42 | 740.05 | 3700.26 | 9467.28 | 8916.92
122 | 0.14 | 6398.12 | 15015.38 | 4295.97 | 1798.78 | 8993.88 | 13038.02 | 12012.89
639 | 0.11 | 7349.72 | 16910.50 | 5489.57 | 1230.34 | 6151.68 | 11505.91 | 10846.38
686 | 0.11 | 9861.35 | 18221.24 | 7857.02 | 916.98 | 4584.88 | 12341.03 | 11791.21
943 | 0.13 | 10656.23 | 19196.55 | 8160.67 | 1002.86 | 5014.32 | 13044.62 | 12532.79
371 | 0.10 | 5496.86 | 20231.40 | 3473.72 | 1495.50 | 7477.51 | 10801.68 | 10560.72
740 | 0.08 | 8881.41 | 21740.32 | 7142.19 | 740.47 | 3702.37 | 10785.32 | 10652.86
104 | 0.15 | 6053.49 | 2433.01
147 | 0.13 | 9750.05 | 6612.31
155 | 0.08 | 9848.95 | 7918.03
183 | 0.07 | 6997.62 | 5308.07
286 | 0.09 | 7969.00 | 5796.71
292 | 0.08 | 9546.66 | 7615.74
307 | 0.14 | 7595.69 | 4216.57
356 | 0.09 | 8394.85 | 6222.57
385 | 0.10 | 5462.25 | 3048.59
386 | 0.11 | 5939.26 | 3284.24
389 | 0.15 | 9993.00 | 6372.52
402 | 0.15 | 6327.56 | 2707.08
438 | 0.07 | 9594.84 | 7905.28
483 | 0.07 | 6684.84 | 4995.28
532 | 0.11 | 9755.45 | 7100.43
643 | 0.13 | 9300.43 | 6162.68
670 | 0.14 | 7049.47 | 3670.35
691 | 0.07 | 10629.10 | 8939.54
746 | 0.05 | 5430.17 | 4223.34
756 | 0.13 | 6353.84 | 3216.09
771 | 0.07 | 5990.82 | 4301.26
782 | 0.14 | 9064.02 | 5684.91
830 | 0.12 | 5524.39 | 2628.00
857 | 0.05 | 8137.53 | 6930.70
862 | 0.10 | 6426.96 | 4013.31
873 | 0.09 | 5610.32 | 3438.03
879 | 0.11 | 5983.19 | 3328.18
911 | 0.11 | 6428.45 | 3773.43
977 | 0.11 | 8428.03 | 5773.01
984 | 0.06 | 9163.81 | 7715.62
985 | 0.11 | 5807.30 | 3152.29
997 | 0.11 | 8760.41 | 6105.39
Vehicle 7
Charging tour: 
808  -> 39  -> 240  -> 845  -> 254  -> 131  -> 262  -> 166  -> 309  -> 130  -> 57  -> 993  -> 334  -> 29  -> 185  -> 738  -> 499  -> 937  -> 277  -> 522  -> 412  -> 511  -> 766  -> 468  -> 751  -> 165  -> 509  -> 772  -> 
Charging time: 
551.4585047902486  + 397.13941241314865  + 914.810086330891  + 941.5389636488634  + 1062.0088736180319  + 742.8761202109913  + 307.83846056534594  + 1245.7516871088906  + 576.0493809137067  + 1065.4802282935864  + 929.0754065022512  + 678.4905669935004  + 939.2740849298476  + 901.2449759606881  + 385.829917006608  + 639.2116050728138  + 421.7265652493881  + 622.7107227120662  + 1209.2109726821827  + 732.4776578042872  + 600.0234546830761  + 739.9977655879435  + 630.9968924823936  + 482.25378106491564  + 1424.6720029053802  + 614.4767411924687  + 491.89449032777986  + 1014.6089316031972  + 
total node:28/51
-------------------
Traveling energy: 1684.3587367275395
Charging energy: 106315.64126327248
Total energy used: 108000.00000000003
-------------------
Total time for travel: 1684.3587367275395
Total time for charging: 21263.128252654496
Charging round duration: 22947.486989382036
-------------------
ID | p | E0 | time_arrive | E_remain | time_charge | energy_charge| E_after_charge | E_after_cycle
808 | 0.06 | 5662.24 | 168.36 | 5652.14 | 551.46 | 2757.29 | 8376.35 | 6971.34
39 | 0.06 | 7862.46 | 771.76 | 7816.15 | 397.14 | 1985.70 | 9778.02 | 8399.96
240 | 0.09 | 5119.90 | 1226.80 | 5009.49 | 914.81 | 4574.05 | 9501.21 | 7521.67
845 | 0.10 | 5527.28 | 2160.37 | 5311.25 | 941.54 | 4707.69 | 9924.79 | 7821.33
254 | 0.12 | 5880.35 | 3121.93 | 5505.72 | 1062.01 | 5310.04 | 10688.32 | 8294.01
131 | 0.12 | 8406.50 | 4216.13 | 7900.56 | 742.88 | 3714.38 | 11525.80 | 9224.49
262 | 0.06 | 10143.28 | 5086.58 | 9838.09 | 307.84 | 1539.19 | 11358.81 | 10234.28
166 | 0.15 | 6266.28 | 5407.36 | 5455.18 | 1245.75 | 6228.76 | 11497.07 | 8874.56
309 | 0.10 | 9034.21 | 6727.39 | 8361.48 | 576.05 | 2880.25 | 11184.12 | 9500.81
130 | 0.13 | 6349.62 | 7336.35 | 5395.90 | 1065.48 | 5327.40 | 10584.79 | 8539.28
57 | 0.11 | 6161.58 | 8419.51 | 5235.43 | 929.08 | 4645.38 | 9778.61 | 8151.94
993 | 0.07 | 5369.14 | 9459.91 | 4706.94 | 678.49 | 3392.45 | 8051.90 | 7072.03
334 | 0.14 | 7756.86 | 10143.48 | 6336.77 | 939.27 | 4696.37 | 10901.64 | 9074.11
29 | 0.14 | 8084.17 | 11191.17 | 6517.40 | 901.24 | 4506.22 | 10897.45 | 9211.28
185 | 0.08 | 10790.57 | 12118.58 | 9821.08 | 385.83 | 1929.15 | 11719.36 | 10788.79
738 | 0.08 | 6513.22 | 12580.67 | 5506.76 | 639.21 | 3196.06 | 8651.68 | 7778.35
499 | 0.05 | 6170.06 | 13278.63 | 5506.13 | 421.73 | 2108.63 | 7593.67 | 7071.86
937 | 0.10 | 8357.26 | 13756.54 | 6981.60 | 622.71 | 3113.55 | 10032.89 | 9057.16
277 | 0.15 | 6455.64 | 14524.71 | 4276.93 | 1209.21 | 6046.05 | 10141.61 | 8881.22
522 | 0.10 | 7104.86 | 15842.33 | 5520.63 | 732.48 | 3662.39 | 9109.77 | 8353.60
412 | 0.11 | 9540.58 | 16599.84 | 7714.59 | 600.02 | 3000.12 | 10648.71 | 9885.67
511 | 0.15 | 10548.99 | 17233.91 | 7963.91 | 740.00 | 3699.99 | 11552.89 | 10628.50
766 | 0.10 | 8247.51 | 17985.82 | 6448.93 | 631.00 | 3154.98 | 9540.81 | 8988.84
468 | 0.08 | 8633.05 | 18649.76 | 7141.07 | 482.25 | 2411.27 | 9513.76 | 9113.40
751 | 0.15 | 5479.32 | 19135.31 | 2609.02 | 1424.67 | 7123.36 | 9518.68 | 8982.20
165 | 0.12 | 10163.09 | 20581.78 | 7693.28 | 614.48 | 3072.38 | 10691.93 | 10339.09
509 | 0.10 | 10579.82 | 21281.50 | 8451.67 | 491.89 | 2459.47 | 10861.95 | 10625.64
772 | 0.14 | 7180.91 | 21817.37 | 4126.48 | 1014.61 | 5073.04 | 9057.48 | 8874.84
51 | 0.08 | 9201.51 | 7270.59
121 | 0.14 | 9936.63 | 6557.52
129 | 0.09 | 8021.41 | 5849.12
132 | 0.10 | 9194.70 | 6781.05
154 | 0.09 | 8838.62 | 6666.33
159 | 0.06 | 9372.78 | 7924.59
175 | 0.06 | 7571.39 | 6123.20
204 | 0.11 | 6693.49 | 4038.47
223 | 0.06 | 5693.06 | 4244.86
252 | 0.14 | 6677.80 | 3298.69
445 | 0.06 | 9429.91 | 7981.72
523 | 0.08 | 6108.37 | 4177.45
559 | 0.07 | 9470.72 | 7781.16
574 | 0.06 | 6009.18 | 4560.99
620 | 0.13 | 9501.72 | 6363.97
663 | 0.07 | 9159.53 | 7469.98
744 | 0.12 | 10372.38 | 7476.00
755 | 0.08 | 7534.37 | 5603.45
812 | 0.07 | 6276.36 | 4586.80
870 | 0.12 | 8475.83 | 5579.44
898 | 0.11 | 5824.75 | 3169.73
919 | 0.15 | 5666.79 | 2046.31
952 | 0.14 | 7552.23 | 4173.12
Vehicle 8
Charging tour: 
767  -> 46  -> 733  -> 974  -> 417  -> 696  -> 521  -> 43  -> 317  -> 768  -> 597  -> 373  -> 804  -> 925  -> 16  -> 441  -> 461  -> 242  -> 
Charging time: 
836.9838972318513  + 1449.5834125859822  + 1390.4586706046152  + 1866.0300586329759  + 493.8234018615468  + 1269.6265453491258  + 1217.776625401048  + 1255.0712869098522  + 1112.1352349908448  + 1551.5555780539364  + 675.5327652695871  + 1108.9231702969182  + 1310.579293870948  + 2054.551238635641  + 884.9567991653915  + 867.3872938385255  + 1010.8836065554657  + 1017.3713593749582  + 
total node:18/46
-------------------
Traveling energy: 1133.8488068539382
Charging energy: 106866.15119314607
Total energy used: 108000.00000000001
-------------------
Total time for travel: 1133.8488068539382
Total time for charging: 21373.230238629214
Charging round duration: 22507.07904548315
-------------------
ID | p | E0 | time_arrive | E_remain | time_charge | energy_charge| E_after_charge | E_after_cycle
767 | 0.07 | 8668.50 | 98.27 | 8661.62 | 836.98 | 4184.92 | 12787.95 | 11163.86
46 | 0.10 | 7150.22 | 1025.40 | 7047.68 | 1449.58 | 7247.92 | 14150.64 | 11984.49
733 | 0.08 | 5963.41 | 2518.82 | 5761.90 | 1390.46 | 6952.29 | 12602.96 | 10984.78
974 | 0.12 | 6665.39 | 3943.40 | 6192.18 | 1866.03 | 9330.15 | 15298.41 | 13099.15
417 | 0.05 | 10494.48 | 5881.20 | 10200.42 | 493.82 | 2469.12 | 12644.85 | 11756.78
696 | 0.11 | 8980.06 | 6393.89 | 8276.74 | 1269.63 | 6348.13 | 14485.21 | 12673.18
521 | 0.09 | 7660.16 | 7721.88 | 6965.19 | 1217.78 | 6088.88 | 12944.47 | 11576.75
43 | 0.12 | 9910.05 | 8994.07 | 8830.76 | 1255.07 | 6275.36 | 14955.50 | 13289.02
317 | 0.09 | 8387.79 | 10305.33 | 7460.31 | 1112.14 | 5560.68 | 12920.90 | 11776.18
768 | 0.10 | 6680.29 | 11482.78 | 5532.01 | 1551.56 | 7757.78 | 13134.64 | 12024.42
597 | 0.06 | 9205.93 | 13077.68 | 8421.27 | 675.53 | 3377.66 | 11758.40 | 11135.40
373 | 0.10 | 9346.76 | 13758.38 | 7970.93 | 1108.92 | 5544.62 | 13404.65 | 12477.73
804 | 0.11 | 8699.46 | 14972.06 | 7052.53 | 1310.58 | 6552.90 | 13461.26 | 12597.34
925 | 0.14 | 7062.75 | 16323.49 | 4777.46 | 2054.55 | 10272.76 | 14762.58 | 13956.39
16 | 0.07 | 8198.58 | 18444.94 | 6907.44 | 884.96 | 4424.78 | 11270.27 | 10933.81
441 | 0.09 | 10754.55 | 19342.81 | 9013.70 | 867.39 | 4336.94 | 13272.57 | 12919.20
461 | 0.08 | 8202.60 | 20236.07 | 6583.72 | 1010.88 | 5054.42 | 11557.26 | 11326.10
242 | 0.07 | 7131.51 | 21302.33 | 5640.34 | 1017.37 | 5086.86 | 10655.98 | 10528.81
12 | 0.12 | 8432.92 | 5536.54
32 | 0.08 | 5392.57 | 3461.65
34 | 0.10 | 6375.39 | 3961.74
66 | 0.14 | 9940.58 | 6561.46
114 | 0.12 | 8091.60 | 5195.22
140 | 0.10 | 5670.91 | 3257.25
143 | 0.05 | 5423.14 | 4216.31
184 | 0.12 | 8060.23 | 5163.85
283 | 0.15 | 5426.86 | 1806.38
346 | 0.12 | 9140.19 | 6243.80
377 | 0.14 | 5925.66 | 2546.55
404 | 0.10 | 9613.66 | 7200.01
449 | 0.12 | 10326.22 | 7429.84
469 | 0.11 | 5334.50 | 2679.48
493 | 0.07 | 5548.97 | 3859.42
497 | 0.10 | 9078.22 | 6664.56
500 | 0.07 | 5157.36 | 3467.81
567 | 0.14 | 8874.27 | 5495.16
576 | 0.14 | 10389.63 | 7010.52
580 | 0.12 | 9574.20 | 6677.82
590 | 0.06 | 7056.75 | 5608.56
618 | 0.11 | 6284.40 | 3629.38
666 | 0.11 | 10414.53 | 7759.51
684 | 0.15 | 8464.53 | 4844.05
785 | 0.08 | 9981.42 | 8050.50
807 | 0.10 | 6963.16 | 4549.51
853 | 0.14 | 8006.07 | 4626.96
966 | 0.10 | 10700.32 | 8286.67
Vehicle 9
Charging tour: 
792  -> 313  -> 280  -> 646  -> 945  -> 383  -> 426  -> 342  -> 422  -> 50  -> 936  -> 228  -> 731  -> 777  -> 658  -> 330  -> 343  -> 256  -> 732  -> 86  -> 476  -> 711  -> 413  -> 700  -> 359  -> 645  -> 338  -> 82  -> 96  -> 798  -> 924  -> 
Charging time: 
745.1335048480732  + 389.14699116877165  + 556.587225177249  + 337.77623639730706  + 1207.1762023700528  + 312.4351033087044  + 433.295900835506  + 367.1911943972044  + 449.61636283187755  + 391.5309385445503  + 892.0350174400543  + 476.9297822187827  + 668.809099707714  + 1056.11882969912  + 571.1472126086925  + 572.9852673242958  + 703.0817571715105  + 734.6975874518513  + 1238.255478117287  + 806.6647307321609  + 416.24983080698706  + 342.21981874820096  + 733.5590362843042  + 1146.9049832165167  + 1114.8995142613685  + 632.9578876235513  + 796.0380294028406  + 702.0424765443556  + 969.2170888641127  + 815.8694177610454  + 521.4804206360537  + 
total node:31/53
-------------------
Traveling energy: 2489.7353674994656
Charging energy: 105510.2646325005
Total energy used: 107999.99999999997
-------------------
Total time for travel: 2489.7353674994656
Total time for charging: 21102.052926500102
Charging round duration: 23591.78829399957
-------------------
ID | p | E0 | time_arrive | E_remain | time_charge | energy_charge| E_after_charge | E_after_cycle
792 | 0.11 | 7256.12 | 168.88 | 7237.54 | 745.13 | 3725.67 | 10881.24 | 8326.77
313 | 0.08 | 10104.67 | 934.91 | 10029.87 | 389.15 | 1945.73 | 11944.48 | 10119.48
280 | 0.09 | 7947.95 | 1390.84 | 7822.77 | 556.59 | 2782.94 | 10555.61 | 8558.59
646 | 0.06 | 8731.08 | 2055.46 | 8607.75 | 337.78 | 1688.88 | 10276.36 | 8971.77
945 | 0.14 | 5700.37 | 2457.64 | 5356.30 | 1207.18 | 6035.88 | 11223.18 | 8357.14
383 | 0.05 | 7866.03 | 3765.07 | 7677.78 | 312.44 | 1562.18 | 9224.33 | 8221.38
426 | 0.07 | 7940.71 | 4194.90 | 7647.06 | 433.30 | 2166.48 | 9783.21 | 8417.63
342 | 0.08 | 10708.86 | 4640.81 | 10337.60 | 367.19 | 1835.96 | 12144.18 | 10613.90
422 | 0.06 | 6559.26 | 5044.44 | 6256.59 | 449.62 | 2248.08 | 8477.70 | 7359.15
50 | 0.07 | 8787.75 | 5540.29 | 8399.93 | 391.53 | 1957.65 | 10330.18 | 9055.85
936 | 0.12 | 6612.18 | 5972.84 | 5895.44 | 892.04 | 4460.18 | 10248.58 | 8175.98
228 | 0.07 | 7214.22 | 7022.71 | 6722.63 | 476.93 | 2384.65 | 9073.89 | 7909.31
731 | 0.08 | 5879.41 | 7585.93 | 5272.53 | 668.81 | 3344.05 | 8563.07 | 7292.53
777 | 0.14 | 6515.70 | 8321.18 | 5350.73 | 1056.12 | 5280.59 | 10483.47 | 8417.18
658 | 0.07 | 6024.15 | 9442.70 | 5363.16 | 571.15 | 2855.74 | 8178.91 | 7190.33
330 | 0.12 | 10293.98 | 10096.89 | 9082.36 | 572.99 | 2864.93 | 11878.52 | 10262.53
343 | 0.10 | 6991.01 | 10834.19 | 5907.59 | 703.08 | 3515.41 | 9352.69 | 8092.76
256 | 0.15 | 10035.25 | 11633.26 | 8290.26 | 734.70 | 3673.49 | 11853.55 | 10088.26
732 | 0.15 | 5954.24 | 12434.90 | 4089.01 | 1238.26 | 6191.28 | 10094.55 | 8525.04
86 | 0.13 | 7921.29 | 13797.83 | 6127.57 | 806.66 | 4033.32 | 10056.03 | 8816.87
476 | 0.08 | 9446.73 | 14621.51 | 8277.01 | 416.25 | 2081.25 | 10324.96 | 9597.06
711 | 0.07 | 10053.99 | 15135.17 | 8994.53 | 342.22 | 1711.10 | 10681.67 | 10075.53
413 | 0.13 | 8710.72 | 15631.38 | 6678.64 | 733.56 | 3667.80 | 10251.07 | 9240.76
700 | 0.15 | 6428.50 | 16434.99 | 3963.25 | 1146.90 | 5734.52 | 9525.74 | 8542.54
359 | 0.13 | 5731.30 | 17628.22 | 3439.63 | 1114.90 | 5574.50 | 8869.19 | 8168.05
645 | 0.12 | 9318.63 | 18791.73 | 7063.62 | 632.96 | 3164.79 | 10152.46 | 9587.04
338 | 0.12 | 7409.57 | 19458.19 | 5074.59 | 796.04 | 3980.19 | 8959.25 | 8493.38
82 | 0.15 | 10502.04 | 20293.49 | 7458.01 | 702.04 | 3510.21 | 10862.92 | 10391.77
96 | 0.14 | 7099.91 | 21005.75 | 4159.10 | 969.22 | 4846.09 | 8869.50 | 8566.88
798 | 0.11 | 6627.01 | 22046.14 | 4201.94 | 815.87 | 4079.35 | 8191.54 | 8051.34
924 | 0.09 | 8483.01 | 22881.83 | 6423.65 | 521.48 | 2607.40 | 8984.12 | 8918.13
113 | 0.06 | 7691.19 | 6243.00
135 | 0.08 | 8751.01 | 6820.08
161 | 0.11 | 7686.64 | 5031.62
182 | 0.10 | 7913.32 | 5499.66
297 | 0.13 | 5073.90 | 1936.15
318 | 0.09 | 10775.06 | 8602.78
395 | 0.10 | 9143.79 | 6730.14
409 | 0.09 | 9722.12 | 7549.83
416 | 0.10 | 9118.98 | 6705.32
561 | 0.09 | 7072.92 | 4900.64
565 | 0.07 | 9961.31 | 8271.75
589 | 0.11 | 5631.29 | 2976.27
595 | 0.10 | 5857.58 | 3443.93
637 | 0.15 | 8790.60 | 5170.12
648 | 0.06 | 10157.57 | 8709.38
781 | 0.06 | 6429.77 | 4981.58
788 | 0.09 | 6321.30 | 4149.02
840 | 0.14 | 10224.36 | 6845.24
917 | 0.11 | 10732.19 | 8077.17
954 | 0.15 | 9999.95 | 6379.47
962 | 0.08 | 10227.51 | 8296.59
967 | 0.12 | 5126.27 | 2229.88
Vehicle 10
Charging tour: 
221  -> 477  -> 301  -> 427  -> 327  -> 634  -> 896  -> 883  -> 287  -> 998  -> 721  -> 973  -> 940  -> 303  -> 661  -> 762  -> 212  -> 551  -> 37  -> 85  -> 695  -> 507  -> 978  -> 285  -> 
Charging time: 
653.300766423499  + 1475.8099687610331  + 1319.51484420643  + 1196.0587797540675  + 476.4792734173423  + 810.3980786125164  + 1345.0448415027602  + 605.7684843804262  + 739.0397880209305  + 700.9339149623896  + 830.9860989861209  + 398.27794880160434  + 849.0472207794684  + 465.46203746702923  + 984.7392567031444  + 771.9819552452889  + 1147.811900320553  + 970.9330824493096  + 881.3861797879463  + 1476.7114268689122  + 896.4864669175307  + 861.3223180946222  + 575.7783118219133  + 866.7531606040633  + 
total node:24/50
-------------------
Traveling energy: 1499.8694755554905
Charging energy: 106500.13052444448
Total energy used: 107999.99999999997
-------------------
Total time for travel: 1499.8694755554905
Total time for charging: 21300.026104888897
Charging round duration: 22799.895580444387
-------------------
ID | p | E0 | time_arrive | E_remain | time_charge | energy_charge| E_after_charge | E_after_cycle
221 | 0.09 | 9244.25 | 13.76 | 9243.01 | 653.30 | 3266.50 | 12450.72 | 10338.47
477 | 0.14 | 6365.61 | 743.48 | 6261.52 | 1475.81 | 7379.05 | 13433.96 | 10365.55
301 | 0.13 | 6611.07 | 2328.19 | 6308.40 | 1319.51 | 6597.57 | 12734.44 | 10070.89
427 | 0.10 | 5610.35 | 3759.21 | 5234.43 | 1196.06 | 5980.29 | 11095.12 | 9176.99
327 | 0.05 | 7041.55 | 4989.27 | 6792.09 | 476.48 | 2382.40 | 9150.66 | 8217.12
634 | 0.07 | 5796.18 | 5519.19 | 5409.84 | 810.40 | 4051.99 | 9405.10 | 8158.62
896 | 0.14 | 6984.47 | 6367.95 | 6092.96 | 1345.04 | 6725.22 | 12629.88 | 10330.59
883 | 0.07 | 7754.14 | 7748.08 | 7211.78 | 605.77 | 3028.84 | 10198.22 | 9093.43
287 | 0.09 | 8171.79 | 8406.27 | 7415.23 | 739.04 | 3695.20 | 11043.91 | 9694.70
998 | 0.09 | 8616.04 | 9215.66 | 7786.63 | 700.93 | 3504.67 | 11228.22 | 9948.43
721 | 0.13 | 10497.65 | 10035.24 | 9193.07 | 830.99 | 4154.93 | 13239.97 | 11514.83
973 | 0.06 | 10108.98 | 10932.40 | 9453.04 | 398.28 | 1991.39 | 11420.53 | 10652.18
940 | 0.10 | 7903.34 | 11365.20 | 6766.82 | 849.05 | 4245.24 | 10927.15 | 9734.92
303 | 0.05 | 7208.22 | 12297.06 | 6593.37 | 465.46 | 2327.31 | 8897.41 | 8328.71
661 | 0.14 | 9540.02 | 12881.73 | 7736.58 | 984.74 | 4923.70 | 12522.41 | 11084.60
762 | 0.06 | 5215.39 | 13949.06 | 4378.44 | 771.98 | 3859.91 | 8192.03 | 7627.11
212 | 0.14 | 8184.64 | 14757.01 | 6118.66 | 1147.81 | 5739.06 | 11697.03 | 10544.59
551 | 0.12 | 8293.43 | 15994.32 | 6374.12 | 970.93 | 4854.67 | 11112.27 | 10251.72
37 | 0.13 | 9897.37 | 16991.59 | 7688.46 | 881.39 | 4406.93 | 11980.81 | 11166.55
85 | 0.12 | 5452.91 | 17915.72 | 3303.02 | 1476.71 | 7383.56 | 10509.37 | 9940.08
695 | 0.13 | 9730.66 | 19394.36 | 7209.39 | 896.49 | 4482.43 | 11575.28 | 11075.34
507 | 0.13 | 10127.92 | 20339.28 | 7483.81 | 861.32 | 4306.61 | 11678.45 | 11296.78
978 | 0.06 | 6992.60 | 21226.55 | 5719.00 | 575.78 | 2878.89 | 8563.35 | 8423.30
285 | 0.12 | 9290.27 | 21812.77 | 6672.74 | 866.75 | 4333.77 | 10902.49 | 10727.65
62 | 0.11 | 6735.51 | 4080.49
136 | 0.09 | 5635.10 | 3462.81
156 | 0.07 | 8775.88 | 7086.32
180 | 0.08 | 8925.16 | 6994.24
207 | 0.13 | 8980.45 | 5842.70
222 | 0.11 | 6602.97 | 3947.95
311 | 0.14 | 10367.17 | 6988.05
319 | 0.13 | 9973.10 | 6835.35
424 | 0.09 | 6203.21 | 4030.92
452 | 0.13 | 10210.60 | 7072.85
526 | 0.06 | 9431.44 | 7983.25
575 | 0.13 | 9629.68 | 6491.93
610 | 0.06 | 5259.37 | 3811.18
617 | 0.15 | 5704.31 | 2083.83
704 | 0.13 | 5850.96 | 2713.21
709 | 0.09 | 7966.02 | 5793.73
725 | 0.11 | 8930.34 | 6275.32
754 | 0.09 | 5335.32 | 3163.03
780 | 0.13 | 8927.59 | 5789.84
846 | 0.08 | 8955.85 | 7024.93
863 | 0.13 | 7244.27 | 4106.52
877 | 0.13 | 7887.08 | 4749.33
888 | 0.09 | 8740.36 | 6568.08
926 | 0.07 | 6081.12 | 4391.56
944 | 0.06 | 8685.12 | 7236.93
982 | 0.09 | 9658.67 | 7486.38
Vehicle 11
Charging tour: 
298  -> 803  -> 795  -> 99  -> 470  -> 687  -> 872  -> 335  -> 996  -> 948  -> 907  -> 791  -> 773  -> 174  -> 748  -> 244  -> 865  -> 833  -> 520  -> 382  -> 806  -> 271  -> 608  -> 729  -> 614  -> 710  -> 
Charging time: 
509.9244473646707  + 876.1406239979118  + 832.6093469268314  + 1070.0492054111728  + 973.1042946249377  + 632.915108464594  + 833.1808687966259  + 973.8218885500979  + 621.1024569456727  + 538.7593639494289  + 877.1686179177598  + 875.5847517109411  + 712.5678855990179  + 406.8431193901509  + 1124.2639911363804  + 1435.6267021865012  + 1575.6091471602062  + 357.12694212865784  + 639.1005398362278  + 683.6266592151453  + 540.147329701708  + 708.3996053131129  + 636.3995825289558  + 1357.4403108261522  + 683.0724580837257  + 782.066603969237  + 
total node:26/53
-------------------
Traveling energy: 1716.7407413208734
Charging energy: 106283.25925867914
Total energy used: 108000.00000000001
-------------------
Total time for travel: 1716.7407413208734
Total time for charging: 21256.651851735827
Charging round duration: 22973.392593056702
-------------------
ID | p | E0 | time_arrive | E_remain | time_charge | energy_charge| E_after_charge | E_after_cycle
298 | 0.07 | 8270.86 | 116.31 | 8262.72 | 509.92 | 2549.62 | 10776.65 | 9130.93
803 | 0.12 | 8252.13 | 702.55 | 8167.83 | 876.14 | 4380.70 | 12443.39 | 9736.45
795 | 0.11 | 7959.95 | 1702.42 | 7772.68 | 832.61 | 4163.05 | 11844.14 | 9467.97
99 | 0.13 | 7319.79 | 2647.17 | 6975.65 | 1070.05 | 5350.25 | 12186.79 | 9532.28
470 | 0.13 | 8049.01 | 3779.26 | 7557.71 | 973.10 | 4865.52 | 12296.73 | 9776.79
687 | 0.09 | 8567.53 | 4825.39 | 8133.25 | 632.92 | 3164.58 | 11240.86 | 9559.82
872 | 0.13 | 9400.76 | 5488.67 | 8687.23 | 833.18 | 4165.90 | 12744.82 | 10428.91
335 | 0.13 | 8043.08 | 6362.26 | 7215.99 | 973.82 | 4869.11 | 11958.50 | 9774.44
996 | 0.09 | 8730.48 | 7342.59 | 8069.64 | 621.10 | 3105.51 | 11119.26 | 9663.70
948 | 0.09 | 10064.83 | 8021.63 | 9342.88 | 538.76 | 2693.80 | 11988.19 | 10586.34
907 | 0.09 | 6181.85 | 8567.63 | 5410.76 | 877.17 | 4385.84 | 9717.66 | 8395.40
791 | 0.14 | 9633.60 | 9525.89 | 8299.97 | 875.58 | 4377.92 | 12555.32 | 10632.41
773 | 0.11 | 9300.90 | 10484.66 | 8147.59 | 712.57 | 3562.84 | 11632.05 | 10208.73
174 | 0.06 | 8885.52 | 11283.03 | 8208.54 | 406.84 | 2034.22 | 10218.35 | 9471.55
748 | 0.15 | 8038.62 | 11728.59 | 6279.34 | 1124.26 | 5621.32 | 11732.02 | 10039.46
244 | 0.13 | 5455.83 | 12898.45 | 3779.03 | 1435.63 | 7178.13 | 10770.53 | 9496.21
865 | 0.14 | 5353.51 | 14392.39 | 3338.57 | 1575.61 | 7878.05 | 10996.03 | 9852.44
833 | 0.06 | 10122.49 | 16037.13 | 9160.26 | 357.13 | 1785.63 | 10924.47 | 10459.93
520 | 0.10 | 9427.35 | 16411.56 | 7786.19 | 639.10 | 3195.50 | 10917.78 | 10209.20
382 | 0.11 | 9694.66 | 17083.08 | 7815.52 | 683.63 | 3418.13 | 11158.45 | 10457.77
806 | 0.08 | 8923.53 | 17823.74 | 7497.63 | 540.15 | 2700.74 | 10155.15 | 9693.34
271 | 0.11 | 9355.63 | 18427.60 | 7328.60 | 708.40 | 3542.00 | 10792.67 | 10242.61
608 | 0.11 | 10414.09 | 19156.08 | 8306.93 | 636.40 | 3182.00 | 11418.92 | 10941.07
729 | 0.15 | 6657.78 | 19932.72 | 3667.87 | 1357.44 | 6787.20 | 10251.45 | 9824.50
614 | 0.06 | 5292.28 | 21367.99 | 4010.21 | 683.07 | 3415.36 | 7384.58 | 7259.46
710 | 0.10 | 7703.98 | 22076.62 | 5496.32 | 782.07 | 3910.33 | 9328.44 | 9200.66
14 | 0.07 | 9708.89 | 8019.33
41 | 0.14 | 8355.72 | 4976.60
94 | 0.11 | 5174.01 | 2518.99
103 | 0.10 | 10054.58 | 7640.93
162 | 0.10 | 10326.72 | 7913.06
187 | 0.12 | 8758.86 | 5862.48
201 | 0.06 | 5169.78 | 3721.58
203 | 0.15 | 5444.88 | 1824.40
210 | 0.09 | 7840.73 | 5668.44
234 | 0.06 | 8350.09 | 6901.89
247 | 0.15 | 7578.69 | 3958.21
394 | 0.06 | 10735.70 | 9287.50
425 | 0.08 | 5904.23 | 3973.31
444 | 0.13 | 9722.94 | 6585.19
448 | 0.05 | 5898.56 | 4691.73
471 | 0.08 | 6101.00 | 4170.08
577 | 0.13 | 8169.74 | 5031.99
692 | 0.10 | 6861.82 | 4448.17
715 | 0.15 | 7499.36 | 3878.88
761 | 0.14 | 9742.89 | 6363.77
778 | 0.10 | 6642.61 | 4228.95
789 | 0.11 | 8498.40 | 5843.39
809 | 0.13 | 6428.97 | 3291.22
828 | 0.15 | 7867.86 | 4247.38
916 | 0.09 | 6200.28 | 4027.99
956 | 0.14 | 7966.08 | 4586.97
963 | 0.15 | 7495.90 | 3875.42
Vehicle 12
Charging tour: 
459  -> 351  -> 111  -> 241  -> 537  -> 2  -> 842  -> 149  -> 178  -> 374  -> 579  -> 457  -> 432  -> 153  -> 976  -> 36  -> 224  -> 581  -> 701  -> 881  -> 6  -> 171  -> 211  -> 941  -> 672  -> 606  -> 273  -> 671  -> 
Charging time: 
563.1641855046472  + 843.8442848362935  + 538.8162307915777  + 1196.5374140333072  + 986.0702719230827  + 558.1244034307941  + 693.9837536673115  + 415.0166873523482  + 664.8033410261726  + 565.9897669038654  + 826.0928017902502  + 731.6175734379375  + 865.2527819580883  + 716.9797200680314  + 468.493206764401  + 754.6862034184979  + 489.2636081991984  + 1628.4916735137263  + 517.7416816256577  + 784.0889786688246  + 428.696366922574  + 943.5649912434327  + 710.0511870183385  + 378.41111715498636  + 632.676173708768  + 1361.0198575405946  + 877.3128809166925  + 1084.4723546112348  + 
total node:28/55
-------------------
Traveling energy: 1873.682509846841
Charging energy: 106126.31749015317
Total energy used: 108000.00000000001
-------------------
Total time for travel: 1873.682509846841
Total time for charging: 21225.263498030636
Charging round duration: 23098.946007877475
-------------------
ID | p | E0 | time_arrive | E_remain | time_charge | energy_charge| E_after_charge | E_after_cycle
459 | 0.09 | 10180.92 | 127.51 | 10169.45 | 563.16 | 2815.82 | 12934.59 | 10824.46
351 | 0.14 | 10569.28 | 728.78 | 10467.25 | 843.84 | 4219.22 | 14568.34 | 11409.39
111 | 0.09 | 10640.98 | 1587.75 | 10498.08 | 538.82 | 2694.08 | 13143.67 | 11162.77
241 | 0.12 | 6389.03 | 2227.39 | 6121.74 | 1196.54 | 5982.69 | 11960.84 | 9475.33
537 | 0.11 | 7106.64 | 3443.52 | 6727.86 | 986.07 | 4930.35 | 11549.74 | 9381.98
2 | 0.07 | 7990.00 | 4541.71 | 7672.08 | 558.12 | 2790.62 | 10423.63 | 9091.06
842 | 0.09 | 8261.77 | 5210.19 | 7792.85 | 693.98 | 3469.92 | 11200.31 | 9559.40
149 | 0.07 | 10745.14 | 5937.52 | 10329.52 | 415.02 | 2075.08 | 12375.55 | 11130.67
178 | 0.11 | 10540.94 | 6396.92 | 9837.28 | 664.80 | 3324.02 | 13088.16 | 11209.94
374 | 0.07 | 7878.97 | 7143.67 | 7378.91 | 565.99 | 2829.95 | 10169.24 | 9019.36
579 | 0.12 | 9254.06 | 7818.94 | 8315.78 | 826.09 | 4130.46 | 12347.12 | 10488.14
457 | 0.10 | 8707.54 | 8740.74 | 7833.47 | 731.62 | 3658.09 | 11418.40 | 9951.98
432 | 0.07 | 5153.89 | 9550.34 | 4485.36 | 865.25 | 4326.26 | 8751.06 | 7790.59
153 | 0.10 | 8885.32 | 10472.56 | 7838.06 | 716.98 | 3584.90 | 11351.26 | 10056.56
976 | 0.07 | 9518.63 | 11230.09 | 8732.52 | 468.49 | 2342.47 | 11042.20 | 10171.54
36 | 0.12 | 10129.65 | 11743.93 | 8720.38 | 754.69 | 3773.43 | 12403.25 | 11006.70
224 | 0.05 | 6510.39 | 12542.04 | 5883.29 | 489.26 | 2446.32 | 8305.14 | 7749.88
581 | 0.14 | 5476.74 | 13058.21 | 3648.59 | 1628.49 | 8142.46 | 11563.06 | 10240.09
701 | 0.05 | 6152.29 | 14717.33 | 5416.42 | 517.74 | 2588.71 | 7979.24 | 7534.17
881 | 0.12 | 9749.80 | 15324.99 | 7910.80 | 784.09 | 3920.44 | 11737.15 | 10773.86
6 | 0.05 | 7430.19 | 16144.73 | 6622.95 | 428.70 | 2143.48 | 8745.00 | 8366.85
171 | 0.11 | 7426.78 | 16648.54 | 5595.44 | 943.56 | 4717.82 | 10209.47 | 9489.59
211 | 0.10 | 8972.02 | 17647.89 | 7207.23 | 710.05 | 3550.26 | 10686.48 | 10108.62
941 | 0.06 | 10101.06 | 18374.15 | 8998.61 | 378.41 | 1892.06 | 10867.97 | 10544.93
672 | 0.05 | 5034.64 | 18771.32 | 4096.07 | 632.68 | 3163.38 | 7227.82 | 6991.19
606 | 0.13 | 6084.97 | 19475.44 | 3553.17 | 1361.02 | 6805.10 | 10181.33 | 9752.32
273 | 0.14 | 10166.07 | 20936.51 | 7234.96 | 877.31 | 4386.56 | 11498.70 | 11173.52
671 | 0.15 | 8811.55 | 21827.68 | 5537.40 | 1084.47 | 5422.36 | 10797.09 | 10613.44
15 | 0.05 | 7712.00 | 6505.18
93 | 0.11 | 5746.82 | 3091.80
107 | 0.15 | 7085.29 | 3464.81
110 | 0.14 | 8170.54 | 4791.43
186 | 0.12 | 6926.91 | 4030.53
379 | 0.12 | 9548.47 | 6652.09
393 | 0.10 | 8218.87 | 5805.21
437 | 0.14 | 5159.70 | 1780.59
474 | 0.15 | 7345.25 | 3724.77
504 | 0.05 | 10045.49 | 8838.66
603 | 0.11 | 7833.12 | 5178.11
612 | 0.14 | 10099.01 | 6719.89
675 | 0.14 | 10109.89 | 6730.78
699 | 0.07 | 6568.00 | 4878.44
702 | 0.11 | 7733.70 | 5078.68
707 | 0.14 | 7529.03 | 4149.92
708 | 0.09 | 9304.56 | 7132.27
719 | 0.11 | 10205.49 | 7550.47
743 | 0.15 | 5774.72 | 2154.24
815 | 0.06 | 10248.87 | 8800.68
850 | 0.06 | 9719.23 | 8271.04
866 | 0.12 | 10324.42 | 7428.04
904 | 0.13 | 6707.60 | 3569.85
928 | 0.05 | 6989.84 | 5783.02
939 | 0.12 | 10774.22 | 7877.83
960 | 0.12 | 8842.12 | 5945.74
961 | 0.10 | 5451.40 | 3037.75
Vehicle 13
Charging tour: 
801  -> 630  -> 88  -> 92  -> 805  -> 492  -> 415  -> 84  -> 641  -> 796  -> 225  -> 10  -> 399  -> 450  -> 905  -> 586  -> 726  -> 322  -> 460  -> 484  -> 158  -> 596  -> 490  -> 889  -> 
Charging time: 
949.5792027722244  + 376.6376755776536  + 587.7203205296838  + 604.9097713157674  + 465.8123674138178  + 996.7065453428692  + 537.4968100095817  + 842.4231010148229  + 710.1740374076114  + 1340.985010983401  + 400.84004431774696  + 667.4109761786555  + 1221.2681233540316  + 907.3908110432036  + 1027.0141192201227  + 855.6468748891261  + 1068.4668688676857  + 1368.2119984743654  + 1327.7687575990192  + 596.2977301082464  + 862.9336531710247  + 1482.3886473575349  + 857.8627940292179  + 1173.406632249056  + 
total node:24/49
-------------------
Traveling energy: 1853.235633867648
Charging energy: 106146.76436613232
Total energy used: 107999.99999999997
-------------------
Total time for travel: 1853.235633867648
Total time for charging: 21229.352873226464
Charging round duration: 23082.58850709411
-------------------
ID | p | E0 | time_arrive | E_remain | time_charge | energy_charge| E_after_charge | E_after_cycle
801 | 0.07 | 5242.82 | 96.90 | 5236.04 | 949.58 | 4747.90 | 9917.47 | 8301.16
630 | 0.05 | 9441.58 | 1104.02 | 9386.38 | 376.64 | 1883.19 | 11250.74 | 10117.94
88 | 0.06 | 7260.71 | 1515.16 | 7169.80 | 587.72 | 2938.60 | 10073.14 | 8751.12
92 | 0.08 | 9405.84 | 2241.59 | 9226.52 | 604.91 | 3024.55 | 12202.67 | 10499.47
805 | 0.07 | 10687.73 | 3003.28 | 10477.50 | 465.81 | 2329.06 | 12773.95 | 11327.23
492 | 0.11 | 7849.17 | 3608.54 | 7452.23 | 996.71 | 4983.53 | 12326.13 | 10177.69
415 | 0.08 | 10585.53 | 4745.22 | 10205.91 | 537.50 | 2687.48 | 12850.39 | 11342.09
84 | 0.10 | 8442.44 | 5345.47 | 7907.90 | 842.42 | 4212.12 | 12035.77 | 10240.91
641 | 0.10 | 10014.60 | 6277.56 | 9386.84 | 710.17 | 3550.87 | 12866.70 | 11151.82
796 | 0.13 | 6894.74 | 7085.56 | 5973.62 | 1340.99 | 6704.93 | 12504.21 | 10461.92
225 | 0.05 | 8871.51 | 8473.64 | 8447.82 | 400.84 | 2004.20 | 10431.98 | 9668.88
10 | 0.09 | 9590.64 | 8918.76 | 8787.95 | 667.41 | 3337.05 | 12064.94 | 10755.41
399 | 0.13 | 7570.61 | 9620.26 | 6319.97 | 1221.27 | 6106.34 | 12267.55 | 10539.20
450 | 0.13 | 10189.37 | 10869.12 | 8776.39 | 907.39 | 4536.95 | 13195.38 | 11588.58
905 | 0.10 | 6925.04 | 11839.60 | 5741.08 | 1027.01 | 5135.07 | 10773.44 | 9646.45
586 | 0.10 | 8311.97 | 12881.11 | 7023.86 | 855.65 | 4278.23 | 11216.53 | 10176.55
726 | 0.08 | 5325.09 | 13804.83 | 4220.71 | 1068.47 | 5342.33 | 9477.57 | 8736.51
322 | 0.13 | 6757.54 | 14910.10 | 4819.22 | 1368.21 | 6841.06 | 11482.42 | 10460.85
460 | 0.10 | 5356.44 | 16367.29 | 3719.71 | 1327.77 | 6638.84 | 10225.78 | 9581.63
484 | 0.09 | 10734.40 | 17722.40 | 9139.38 | 596.30 | 2981.49 | 12067.21 | 11543.60
158 | 0.11 | 9065.96 | 18411.60 | 7040.68 | 862.93 | 4314.67 | 11260.43 | 10725.61
596 | 0.13 | 6237.06 | 19320.89 | 3725.34 | 1482.39 | 7411.94 | 10944.57 | 10511.25
490 | 0.11 | 9119.55 | 20861.27 | 6824.81 | 857.86 | 4289.31 | 11019.76 | 10753.84
889 | 0.09 | 5454.97 | 21772.57 | 3495.44 | 1173.41 | 5867.03 | 9256.87 | 9149.72
20 | 0.13 | 6412.72 | 3274.97
47 | 0.08 | 8335.75 | 6404.83
75 | 0.06 | 6804.87 | 5356.68
208 | 0.13 | 6802.51 | 3664.76
249 | 0.08 | 7714.57 | 5783.65
279 | 0.13 | 10247.78 | 7110.03
296 | 0.13 | 10654.35 | 7516.60
324 | 0.12 | 9734.48 | 6838.10
384 | 0.12 | 10131.61 | 7235.23
387 | 0.10 | 10414.43 | 8000.77
414 | 0.15 | 10667.33 | 7046.85
443 | 0.13 | 9788.10 | 6650.35
486 | 0.08 | 5374.42 | 3443.50
489 | 0.13 | 8965.01 | 5827.26
514 | 0.11 | 5228.33 | 2573.31
547 | 0.09 | 7458.67 | 5286.38
548 | 0.09 | 7818.02 | 5645.73
598 | 0.15 | 6926.38 | 3305.90
599 | 0.14 | 10111.79 | 6732.67
629 | 0.08 | 9298.17 | 7367.25
649 | 0.09 | 8080.58 | 5908.30
651 | 0.13 | 6190.26 | 3052.51
718 | 0.10 | 9060.06 | 6646.40
802 | 0.14 | 7214.24 | 3835.13
869 | 0.09 | 10324.31 | 8152.02
Vehicle 14
Charging tour: 
728  -> 365  -> 909  -> 582  -> 325  -> 464  -> 983  -> 631  -> 238  -> 635  -> 196  -> 811  -> 274  -> 400  -> 341  -> 832  -> 533  -> 160  -> 209  -> 126  -> 560  -> 545  -> 679  -> 536  -> 
Charging time: 
695.57038792972  + 502.29118004684284  + 522.0533915301042  + 1348.4200370133165  + 844.4930079729213  + 978.3654697996619  + 856.032379818593  + 821.860907479618  + 638.2087701375439  + 647.197300263943  + 512.5367912882544  + 972.9207216865879  + 1339.3203833958319  + 1021.1741793377139  + 401.4119708499049  + 1368.2101346392828  + 1221.611403546477  + 1636.8366886980962  + 739.0470327839109  + 898.4426591819669  + 597.6350107295876  + 907.0707250635702  + 1028.8767717797364  + 759.9060647543323  + 
total node:24/60
-------------------
Traveling energy: 1702.5331513624246
Charging energy: 106297.46684863762
Total energy used: 108000.00000000004
-------------------
Total time for travel: 1702.5331513624246
Total time for charging: 21259.493369727523
Charging round duration: 22962.02652108995
-------------------
ID | p | E0 | time_arrive | E_remain | time_charge | energy_charge| E_after_charge | E_after_cycle
728 | 0.09 | 9048.75 | 135.80 | 9036.53 | 695.57 | 3477.85 | 12451.78 | 10354.31
365 | 0.07 | 9746.07 | 870.61 | 9685.13 | 502.29 | 2511.46 | 12161.43 | 10567.97
909 | 0.07 | 9377.14 | 1457.63 | 9275.10 | 522.05 | 2610.27 | 11848.83 | 10297.85
582 | 0.10 | 5186.35 | 2044.60 | 4981.89 | 1348.42 | 6742.10 | 11589.15 | 9514.80
325 | 0.07 | 5796.81 | 3449.87 | 5555.32 | 844.49 | 4222.47 | 9718.67 | 8329.72
464 | 0.15 | 10722.04 | 4396.32 | 10062.59 | 978.37 | 4891.83 | 14807.66 | 11993.39
983 | 0.13 | 10620.39 | 5498.44 | 9905.59 | 856.03 | 4280.16 | 14074.47 | 11762.80
631 | 0.08 | 6807.36 | 6444.32 | 6291.82 | 821.86 | 4109.30 | 10335.37 | 8985.74
238 | 0.06 | 6574.70 | 7308.82 | 6136.17 | 638.21 | 3191.04 | 9288.92 | 8317.55
635 | 0.08 | 8644.51 | 7961.01 | 8007.63 | 647.20 | 3235.99 | 11191.84 | 9949.58
196 | 0.06 | 8186.79 | 8616.70 | 7669.78 | 512.54 | 2562.68 | 10201.71 | 9301.28
811 | 0.13 | 9344.44 | 9198.60 | 8148.62 | 972.92 | 4864.60 | 12886.74 | 11071.29
274 | 0.13 | 6788.07 | 10316.11 | 5446.97 | 1339.32 | 6696.60 | 11969.46 | 10346.92
400 | 0.11 | 7533.21 | 11680.68 | 6248.33 | 1021.17 | 5105.87 | 11241.88 | 9984.06
341 | 0.05 | 8710.98 | 12736.29 | 8074.16 | 401.41 | 2007.06 | 10061.15 | 9511.21
832 | 0.10 | 5111.34 | 13188.03 | 3792.53 | 1368.21 | 6841.05 | 10496.76 | 9538.73
533 | 0.14 | 8014.61 | 14603.67 | 5970.09 | 1221.61 | 6108.06 | 11907.12 | 10743.55
160 | 0.14 | 5981.50 | 15871.57 | 3759.48 | 1636.84 | 8184.18 | 11714.50 | 10786.57
209 | 0.07 | 6623.89 | 17546.98 | 5395.60 | 739.05 | 3695.24 | 9039.10 | 8629.57
126 | 0.12 | 9340.67 | 18304.62 | 7144.12 | 898.44 | 4492.21 | 11528.52 | 10936.50
560 | 0.08 | 9361.41 | 19226.91 | 7823.25 | 597.64 | 2988.18 | 10763.62 | 10418.66
545 | 0.12 | 9251.82 | 19969.92 | 6855.43 | 907.07 | 4535.35 | 11281.94 | 10890.79
679 | 0.13 | 8836.23 | 20940.51 | 6113.97 | 1028.88 | 5144.38 | 11124.60 | 10842.87
536 | 0.11 | 10123.25 | 22027.35 | 7700.24 | 759.91 | 3799.53 | 11416.18 | 11267.76
22 | 0.12 | 5606.81 | 2710.43
59 | 0.09 | 10484.77 | 8312.48
73 | 0.06 | 8834.53 | 7386.33
78 | 0.12 | 9420.14 | 6523.75
105 | 0.10 | 10590.48 | 8176.83
133 | 0.07 | 6377.12 | 4687.56
142 | 0.13 | 5268.32 | 2130.57
197 | 0.08 | 7390.55 | 5459.62
230 | 0.06 | 10296.98 | 8848.79
231 | 0.08 | 6323.25 | 4392.33
251 | 0.05 | 10599.47 | 9392.65
263 | 0.07 | 6638.57 | 4949.02
275 | 0.14 | 7794.90 | 4415.78
282 | 0.08 | 5291.84 | 3360.92
336 | 0.13 | 8206.37 | 5068.62
350 | 0.09 | 8849.40 | 6677.11
352 | 0.05 | 9942.79 | 8735.97
369 | 0.06 | 5243.29 | 3795.10
479 | 0.11 | 8766.95 | 6111.93
508 | 0.05 | 8228.92 | 7022.10
524 | 0.14 | 9809.07 | 6429.96
555 | 0.13 | 9012.71 | 5874.96
616 | 0.13 | 6244.88 | 3107.13
624 | 0.11 | 8599.16 | 5944.14
681 | 0.14 | 8829.65 | 5450.54
742 | 0.06 | 6097.79 | 4649.60
752 | 0.10 | 7229.45 | 4815.79
827 | 0.09 | 6905.23 | 4732.94
831 | 0.15 | 8098.71 | 4478.23
900 | 0.06 | 6139.41 | 4691.22
903 | 0.10 | 10781.84 | 8368.19
913 | 0.12 | 5956.57 | 3060.18
927 | 0.10 | 6599.49 | 4185.84
971 | 0.07 | 9858.57 | 8169.01
989 | 0.10 | 7810.39 | 5396.74
999 | 0.08 | 9137.46 | 7206.54
Vehicle 15
Charging tour: 
48  -> 664  -> 488  -> 550  -> 70  -> 44  -> 35  -> 717  -> 621  -> 688  -> 408  -> 783  -> 472  -> 436  -> 215  -> 894  -> 295  -> 697  -> 320  -> 858  -> 246  -> 886  -> 554  -> 168  -> 563  -> 859  -> 890  -> 734  -> 17  -> 
Charging time: 
1071.1496424866366  + 856.1758424533843  + 1231.4078574196135  + 551.0706574969018  + 739.2224903182517  + 1231.5818423433711  + 456.81463960487025  + 811.0878779361525  + 385.67263053106893  + 443.595270437737  + 426.7568139641159  + 400.7851333134027  + 910.6851112778619  + 819.371396268666  + 761.853491383952  + 865.3570897828932  + 373.83662937448986  + 1077.0946923256176  + 512.2345857375142  + 848.2767861236903  + 516.4779285642782  + 389.89862032832167  + 529.2505354545863  + 479.84086431566607  + 928.181242232504  + 980.3310192911305  + 936.9803090580375  + 873.0325918327123  + 895.4454824297881  + 
total node:29/49
-------------------
Traveling energy: 1482.6546295639025
Charging energy: 106517.34537043609
Total energy used: 107999.99999999999
-------------------
Total time for travel: 1482.6546295639025
Total time for charging: 21303.469074087217
Charging round duration: 22786.12370365112
-------------------
ID | p | E0 | time_arrive | E_remain | time_charge | energy_charge| E_after_charge | E_after_cycle
48 | 0.10 | 5236.06 | 30.75 | 5232.99 | 1071.15 | 5355.75 | 10481.62 | 8178.16
664 | 0.11 | 7205.84 | 1203.24 | 7073.48 | 856.18 | 4280.88 | 11260.18 | 8831.70
488 | 0.12 | 5465.55 | 2152.39 | 5207.27 | 1231.41 | 6157.04 | 11216.54 | 8726.21
550 | 0.07 | 7124.36 | 3517.44 | 6878.13 | 551.07 | 2755.35 | 9594.91 | 8190.15
70 | 0.08 | 6069.73 | 4174.85 | 5735.75 | 739.22 | 3696.11 | 9372.72 | 7834.92
44 | 0.14 | 6375.58 | 4919.79 | 5686.81 | 1231.58 | 6157.91 | 11672.29 | 9154.37
35 | 0.08 | 9822.11 | 6186.90 | 9327.16 | 456.81 | 2284.07 | 11574.69 | 10175.26
717 | 0.09 | 6223.42 | 6656.68 | 5624.32 | 811.09 | 4055.44 | 9606.76 | 8106.58
621 | 0.05 | 7271.20 | 7529.87 | 6894.70 | 385.67 | 1928.36 | 8803.78 | 7992.74
688 | 0.07 | 8850.46 | 7927.11 | 8295.56 | 443.60 | 2217.98 | 10482.49 | 9378.88
408 | 0.07 | 9199.67 | 8432.77 | 8609.38 | 426.76 | 2133.78 | 10713.29 | 9643.90
783 | 0.07 | 9795.83 | 8909.71 | 9172.15 | 400.79 | 2003.93 | 11148.02 | 10110.20
472 | 0.10 | 6158.66 | 9351.51 | 5223.51 | 910.69 | 4553.43 | 9685.87 | 8298.44
436 | 0.09 | 6160.51 | 10309.44 | 5232.66 | 819.37 | 4096.86 | 9255.77 | 8085.08
215 | 0.14 | 10306.50 | 11172.67 | 8742.33 | 761.85 | 3809.27 | 12444.94 | 10736.66
894 | 0.14 | 9073.76 | 11950.50 | 7400.69 | 865.36 | 4326.79 | 11606.33 | 10021.44
295 | 0.06 | 9001.69 | 12844.33 | 8231.03 | 373.84 | 1869.18 | 10077.79 | 9422.68
697 | 0.10 | 5207.16 | 13259.63 | 3881.20 | 1077.09 | 5385.47 | 9158.96 | 8178.98
320 | 0.09 | 9854.36 | 14387.68 | 8559.47 | 512.23 | 2561.17 | 11074.54 | 10243.25
858 | 0.13 | 8595.29 | 14941.09 | 6652.95 | 848.28 | 4241.38 | 10784.06 | 9698.93
246 | 0.06 | 6515.60 | 15835.40 | 5565.47 | 516.48 | 2582.39 | 8116.87 | 7649.80
886 | 0.06 | 8630.87 | 16407.61 | 7646.41 | 389.90 | 1949.49 | 9572.51 | 9132.17
554 | 0.07 | 7418.08 | 16830.54 | 6239.94 | 529.25 | 2646.25 | 8849.15 | 8374.78
168 | 0.06 | 7013.08 | 17403.44 | 5968.87 | 479.84 | 2399.20 | 8339.29 | 7964.09
563 | 0.14 | 8459.60 | 17890.76 | 5954.90 | 928.18 | 4640.91 | 10465.86 | 9721.40
859 | 0.12 | 6865.36 | 18871.43 | 4600.79 | 980.33 | 4901.66 | 9384.80 | 8870.63
890 | 0.12 | 7183.00 | 19879.29 | 4797.48 | 936.98 | 4684.90 | 9369.94 | 8971.51
734 | 0.10 | 6424.28 | 20828.56 | 4341.42 | 873.03 | 4365.16 | 8619.28 | 8375.79
17 | 0.14 | 8768.87 | 21725.26 | 5727.33 | 895.45 | 4477.23 | 10079.20 | 9866.98
68 | 0.13 | 7138.25 | 4000.51
77 | 0.06 | 8533.58 | 7085.39
109 | 0.07 | 9681.44 | 7991.89
157 | 0.14 | 8129.08 | 4749.97
378 | 0.09 | 8789.14 | 6616.85
406 | 0.13 | 10037.41 | 6899.66
502 | 0.14 | 6053.33 | 2674.21
534 | 0.15 | 6226.46 | 2605.98
578 | 0.11 | 6663.08 | 4008.07
609 | 0.09 | 8941.79 | 6769.50
622 | 0.08 | 6693.30 | 4762.38
647 | 0.12 | 9277.25 | 6380.86
693 | 0.05 | 10054.96 | 8848.14
705 | 0.09 | 7360.71 | 5188.43
712 | 0.06 | 8630.51 | 7182.32
713 | 0.11 | 8112.87 | 5457.85
749 | 0.12 | 5679.69 | 2783.31
775 | 0.08 | 7472.39 | 5541.47
965 | 0.05 | 7274.34 | 6067.51
980 | 0.05 | 5935.00 | 4728.17
Vehicle 16
Charging tour: 
18  -> 543  -> 613  -> 932  -> 304  -> 843  -> 573  -> 626  -> 361  -> 423  -> 245  -> 299  -> 235  -> 790  -> 
Charging time: 
1413.6096489377296  + 1545.3601048552255  + 2247.6407959941307  + 2029.943993388394  + 1232.5590513600152  + 1367.6512722627772  + 1019.5073213938391  + 2174.5475969440845  + 944.5771774346805  + 1042.9545348198621  + 2011.9433341277872  + 1874.5833116624278  + 970.4877094666185  + 1539.7134024617585  + 
total node:14/37
-------------------
Traveling energy: 924.6037244533429
Charging energy: 107075.39627554666
Total energy used: 108000.0
-------------------
Total time for travel: 924.6037244533429
Total time for charging: 21415.079255109333
Charging round duration: 22339.682979562676
-------------------
ID | p | E0 | time_arrive | E_remain | time_charge | energy_charge| E_after_charge | E_after_cycle
18 | 0.06 | 5442.27 | 164.48 | 5432.40 | 1413.61 | 7068.05 | 12415.63 | 11062.13
543 | 0.13 | 10786.29 | 1616.61 | 10576.13 | 1545.36 | 7726.80 | 18102.03 | 15375.34
613 | 0.11 | 6275.15 | 3256.15 | 5916.97 | 2247.64 | 11238.20 | 16907.94 | 14858.34
932 | 0.09 | 5684.82 | 5603.55 | 5180.50 | 2029.94 | 10149.72 | 15147.53 | 13662.25
304 | 0.05 | 5201.40 | 7639.60 | 4819.42 | 1232.56 | 6162.80 | 10920.59 | 10157.37
843 | 0.10 | 9375.25 | 8914.31 | 8483.82 | 1367.65 | 6838.26 | 15185.31 | 13799.86
573 | 0.07 | 8803.72 | 10320.85 | 8081.26 | 1019.51 | 5097.54 | 13107.43 | 12211.70
626 | 0.09 | 5306.79 | 11407.59 | 4280.11 | 2174.55 | 10872.74 | 14957.14 | 14007.24
361 | 0.07 | 9502.09 | 13646.54 | 8546.83 | 944.58 | 4722.89 | 13203.59 | 12535.41
423 | 0.08 | 9835.19 | 14635.35 | 8664.37 | 1042.95 | 5214.77 | 13795.70 | 13119.05
245 | 0.10 | 6372.98 | 15680.02 | 4804.98 | 2011.94 | 10059.72 | 14663.50 | 14019.04
299 | 0.11 | 7523.96 | 17753.70 | 5571.05 | 1874.58 | 9372.92 | 14737.76 | 14241.86
235 | 0.06 | 7927.20 | 19635.33 | 6749.08 | 970.49 | 4852.44 | 11543.28 | 11331.44
790 | 0.10 | 8327.57 | 20645.71 | 6263.00 | 1539.71 | 7698.57 | 13807.60 | 13612.49
7 | 0.06 | 5494.52 | 4046.33
54 | 0.05 | 8352.18 | 7145.36
74 | 0.06 | 5521.09 | 4072.90
173 | 0.13 | 9265.01 | 6127.26
255 | 0.13 | 10492.13 | 7354.38
258 | 0.07 | 8632.94 | 6943.39
267 | 0.11 | 6483.48 | 3828.46
294 | 0.11 | 6922.86 | 4267.84
321 | 0.07 | 8981.42 | 7291.86
357 | 0.13 | 7301.58 | 4163.83
370 | 0.12 | 7734.06 | 4837.67
398 | 0.13 | 5074.48 | 1936.73
455 | 0.07 | 8414.68 | 6725.12
544 | 0.12 | 6712.76 | 3816.38
694 | 0.14 | 9213.66 | 5834.54
774 | 0.09 | 5085.53 | 2913.24
854 | 0.14 | 9310.00 | 5930.89
875 | 0.09 | 5747.72 | 3575.43
884 | 0.10 | 6339.46 | 3925.80
885 | 0.12 | 7813.32 | 4916.93
902 | 0.15 | 6707.29 | 3086.81
970 | 0.13 | 10419.55 | 7281.81
991 | 0.08 | 6571.74 | 4640.82
Vehicle 17
Charging tour: 
747  -> 278  -> 513  -> 1  -> 421  -> 473  -> 505  -> 11  -> 972  -> 568  -> 763  -> 348  -> 569  -> 314  -> 248  -> 89  -> 562  -> 284  -> 21  -> 150  -> 481  -> 181  -> 592  -> 
Charging time: 
702.9106604278605  + 754.5041507561234  + 1023.9002447687648  + 906.8196316515872  + 687.9737550626662  + 883.2671477376304  + 894.0116355578085  + 964.4140358669277  + 1493.1108748052409  + 444.4053418655511  + 1707.761289051526  + 770.3901038905416  + 960.563216258984  + 1434.4882236034289  + 1495.2001457057834  + 451.8299572908151  + 641.549772712172  + 1065.4954999863646  + 761.9092302873739  + 984.9812457760951  + 1016.4228821934724  + 355.44332570241954  + 879.0390559689622  + 
total node:23/48
-------------------
Traveling energy: 1598.0428653595172
Charging energy: 106401.95713464053
Total energy used: 108000.00000000004
-------------------
Total time for travel: 1598.0428653595172
Total time for charging: 21280.391426928105
Charging round duration: 22878.434292287624
-------------------
ID | p | E0 | time_arrive | E_remain | time_charge | energy_charge| E_after_charge | E_after_cycle
747 | 0.07 | 6721.19 | 172.98 | 6709.08 | 702.91 | 3514.55 | 10174.43 | 8546.18
278 | 0.09 | 8050.61 | 999.67 | 7960.64 | 754.50 | 3772.52 | 11665.26 | 9650.84
513 | 0.11 | 7250.75 | 1876.39 | 7044.35 | 1023.90 | 5119.50 | 12051.22 | 9715.23
1 | 0.11 | 8186.91 | 2934.33 | 7864.13 | 906.82 | 4534.10 | 12298.48 | 10065.99
421 | 0.07 | 6867.11 | 3932.68 | 6591.83 | 687.97 | 3439.87 | 9983.54 | 8617.42
473 | 0.10 | 7641.10 | 4645.92 | 7176.51 | 883.27 | 4416.34 | 11504.52 | 9643.78
505 | 0.09 | 6794.34 | 5617.67 | 6288.75 | 894.01 | 4470.06 | 10678.35 | 9092.11
11 | 0.13 | 9097.62 | 6560.43 | 8244.76 | 964.41 | 4822.07 | 12941.46 | 10781.94
972 | 0.14 | 6328.25 | 7543.81 | 5272.12 | 1493.11 | 7465.55 | 12528.64 | 10414.70
568 | 0.06 | 9112.13 | 9077.44 | 8567.49 | 444.41 | 2222.03 | 10762.85 | 9885.97
763 | 0.13 | 5137.65 | 9595.63 | 3890.21 | 1707.76 | 8538.81 | 12207.01 | 10538.70
348 | 0.06 | 5256.40 | 11395.50 | 4572.67 | 770.39 | 3851.95 | 8378.40 | 7660.16
569 | 0.12 | 8431.47 | 12195.84 | 6967.97 | 960.56 | 4802.82 | 11655.52 | 10337.90
314 | 0.13 | 6116.38 | 13207.54 | 4399.40 | 1434.49 | 7172.44 | 11385.36 | 10151.07
248 | 0.14 | 6319.41 | 14720.29 | 4258.57 | 1495.20 | 7476.00 | 11525.24 | 10416.30
89 | 0.06 | 8962.40 | 16289.85 | 7985.01 | 451.83 | 2259.15 | 10217.05 | 9773.36
562 | 0.06 | 6312.03 | 16789.85 | 5304.64 | 641.55 | 3207.75 | 8473.89 | 8071.58
284 | 0.11 | 6967.69 | 17493.18 | 5043.44 | 1065.50 | 5327.48 | 10253.72 | 9640.15
21 | 0.09 | 7972.37 | 18592.65 | 6299.03 | 761.91 | 3809.55 | 10040.00 | 9609.63
150 | 0.11 | 7537.25 | 19385.88 | 5404.80 | 984.98 | 4924.91 | 10221.36 | 9807.13
481 | 0.11 | 7304.09 | 20402.59 | 5059.81 | 1016.42 | 5082.11 | 10030.12 | 9731.19
181 | 0.05 | 9493.97 | 21460.56 | 8420.94 | 355.44 | 1777.22 | 10180.38 | 10064.36
592 | 0.10 | 7677.85 | 21845.81 | 5493.27 | 879.04 | 4395.20 | 9800.56 | 9659.40
25 | 0.10 | 8356.93 | 5943.27
27 | 0.12 | 8296.67 | 5400.28
33 | 0.07 | 7411.37 | 5721.81
42 | 0.14 | 6294.07 | 2914.96
90 | 0.08 | 7452.76 | 5521.83
118 | 0.06 | 10749.27 | 9301.08
163 | 0.07 | 8253.65 | 6564.09
167 | 0.09 | 10197.84 | 8025.55
176 | 0.08 | 6237.73 | 4306.81
265 | 0.12 | 10245.89 | 7349.51
289 | 0.08 | 9487.31 | 7556.39
347 | 0.08 | 6729.98 | 4799.06
482 | 0.06 | 5268.11 | 3819.91
487 | 0.05 | 9395.48 | 8188.65
503 | 0.12 | 8614.30 | 5717.92
564 | 0.11 | 8310.36 | 5655.34
628 | 0.09 | 8191.70 | 6019.42
685 | 0.05 | 5176.29 | 3969.46
759 | 0.09 | 5090.35 | 2918.07
786 | 0.11 | 5363.85 | 2708.83
817 | 0.09 | 5919.92 | 3747.63
823 | 0.12 | 7257.56 | 4361.18
849 | 0.11 | 9909.56 | 7254.54
861 | 0.06 | 10666.83 | 9218.64
891 | 0.10 | 9989.71 | 7576.06
Vehicle 18
Charging tour: 
852  -> 259  -> 745  -> 141  -> 312  -> 237  -> 922  -> 354  -> 632  -> 836  -> 485  -> 79  -> 570  -> 636  -> 931  -> 730  -> 495  -> 662  -> 38  -> 199  -> 345  -> 914  -> 71  -> 656  -> 
Charging time: 
1164.2005133404923  + 1422.9442830828377  + 533.9253859918299  + 630.8310379269237  + 1067.7654790707122  + 1545.6682470406588  + 902.5776610412839  + 465.38250295960256  + 1062.410903650873  + 973.1899644441257  + 694.6016229360198  + 722.9667659089675  + 329.04476669811487  + 342.16432705560396  + 793.6822424545417  + 990.1718394300567  + 712.6809350792256  + 966.140310436309  + 1162.5461522774997  + 699.3045028661368  + 803.8037594078912  + 619.5682565286112  + 1458.5677488195377  + 1232.250015544728  + 
total node:24/61
-------------------
Traveling energy: 1518.0538800370903
Charging energy: 106481.94611996293
Total energy used: 108000.00000000001
-------------------
Total time for travel: 1518.0538800370903
Total time for charging: 21296.389223992584
Charging round duration: 22814.443104029673
-------------------
ID | p | E0 | time_arrive | E_remain | time_charge | energy_charge| E_after_charge | E_after_cycle
852 | 0.12 | 6247.73 | 47.27 | 6242.05 | 1164.20 | 5821.00 | 11923.35 | 9172.35
259 | 0.13 | 5537.63 | 1231.18 | 5377.58 | 1422.94 | 7114.72 | 12307.32 | 9514.60
745 | 0.07 | 7946.69 | 2739.35 | 7754.93 | 533.93 | 2669.63 | 10387.18 | 8926.76
141 | 0.09 | 8647.65 | 3285.96 | 8351.91 | 630.83 | 3154.16 | 11449.29 | 9629.52
312 | 0.15 | 8514.99 | 3972.82 | 7919.06 | 1067.77 | 5338.83 | 13097.73 | 10233.33
237 | 0.13 | 5097.95 | 5052.73 | 4441.10 | 1545.67 | 7728.34 | 11968.50 | 9688.54
922 | 0.11 | 7387.15 | 6613.75 | 6659.63 | 902.58 | 4512.89 | 11073.24 | 9245.02
354 | 0.06 | 7814.65 | 7579.21 | 7359.90 | 465.38 | 2326.91 | 9658.89 | 8693.38
632 | 0.11 | 6275.80 | 8168.46 | 5377.26 | 1062.41 | 5312.05 | 10572.45 | 8932.83
836 | 0.11 | 6851.15 | 9333.33 | 5824.49 | 973.19 | 4865.95 | 10583.39 | 9062.08
485 | 0.11 | 9598.99 | 10345.59 | 8460.97 | 694.60 | 3473.01 | 11857.58 | 10416.98
79 | 0.08 | 6707.18 | 11162.27 | 5814.20 | 722.97 | 3614.83 | 9371.20 | 8391.10
570 | 0.05 | 9210.51 | 11989.37 | 8611.04 | 329.04 | 1645.22 | 10239.81 | 9648.91
636 | 0.06 | 10628.82 | 12359.49 | 9887.25 | 342.16 | 1710.82 | 11577.54 | 10891.45
931 | 0.07 | 5345.89 | 12717.35 | 4455.68 | 793.68 | 3968.41 | 8368.53 | 7624.74
730 | 0.11 | 6733.65 | 13614.55 | 5236.05 | 990.17 | 4950.86 | 10077.99 | 9029.49
495 | 0.10 | 8504.98 | 14656.45 | 7039.34 | 712.68 | 3563.40 | 10531.47 | 9654.73
662 | 0.10 | 6273.77 | 15405.12 | 4733.26 | 966.14 | 4830.70 | 9467.34 | 8690.82
38 | 0.11 | 5735.23 | 16455.43 | 3925.14 | 1162.55 | 5812.73 | 9609.99 | 8892.95
199 | 0.07 | 6067.37 | 17620.82 | 4833.91 | 699.30 | 3496.52 | 8281.48 | 7874.33
345 | 0.07 | 5278.57 | 18359.28 | 3993.42 | 803.80 | 4019.02 | 7956.18 | 7608.04
914 | 0.09 | 8804.85 | 19249.56 | 7072.39 | 619.57 | 3097.84 | 10114.47 | 9730.40
71 | 0.13 | 5402.38 | 19898.10 | 2815.63 | 1458.57 | 7292.84 | 9918.85 | 9557.47
656 | 0.13 | 6394.60 | 21429.11 | 3608.81 | 1232.25 | 6161.25 | 9609.87 | 9418.10
4 | 0.15 | 6580.69 | 2960.21
19 | 0.06 | 6630.12 | 5181.93
53 | 0.15 | 6441.26 | 2820.78
55 | 0.08 | 5499.50 | 3568.58
102 | 0.11 | 6777.80 | 4122.78
117 | 0.10 | 7523.02 | 5109.36
127 | 0.13 | 9289.78 | 6152.03
139 | 0.13 | 6739.69 | 3601.94
152 | 0.09 | 5011.46 | 2839.17
170 | 0.12 | 5838.68 | 2942.30
198 | 0.11 | 9322.50 | 6667.48
219 | 0.06 | 6511.47 | 5063.28
236 | 0.12 | 10457.66 | 7561.28
239 | 0.10 | 9384.61 | 6970.95
269 | 0.10 | 8407.17 | 5993.51
276 | 0.06 | 5227.35 | 3779.16
281 | 0.08 | 9698.00 | 7767.08
340 | 0.13 | 9500.26 | 6362.51
366 | 0.08 | 10380.07 | 8449.15
376 | 0.14 | 8154.29 | 4775.17
410 | 0.14 | 10483.72 | 7104.61
454 | 0.06 | 6995.88 | 5547.69
456 | 0.11 | 9793.61 | 7138.59
498 | 0.12 | 7631.69 | 4735.31
528 | 0.09 | 7690.30 | 5518.01
665 | 0.10 | 7093.04 | 4679.39
750 | 0.14 | 9499.80 | 6120.69
834 | 0.14 | 8992.06 | 5612.94
835 | 0.05 | 9234.81 | 8027.99
837 | 0.14 | 9049.25 | 5670.14
892 | 0.11 | 6874.24 | 4219.23
929 | 0.10 | 8133.77 | 5720.12
946 | 0.11 | 10791.89 | 8136.87
957 | 0.08 | 6748.57 | 4817.65
958 | 0.09 | 9376.16 | 7203.88
981 | 0.11 | 5347.74 | 2692.72
994 | 0.11 | 7924.36 | 5269.34
Vehicle 19
Charging tour: 
714  -> 594  -> 942  -> 233  -> 329  -> 964  -> 331  -> 49  -> 358  -> 106  -> 644  -> 703  -> 232  -> 760  -> 134  -> 517  -> 876  -> 895  -> 619  -> 442  -> 164  -> 411  -> 673  -> 787  -> 1000  -> 
Charging time: 
410.89496269761185  + 484.813314291719  + 617.5461141825599  + 710.6117144782205  + 660.112670557106  + 684.8725573737155  + 1716.2372619001019  + 729.805441458575  + 1091.1840665345067  + 1136.3934105733433  + 776.3997817376797  + 1441.6380074849314  + 676.3557618036518  + 780.7224805600948  + 853.4844776796435  + 909.3338217886258  + 1295.0532539622557  + 690.592384621028  + 467.2120189747517  + 349.74748908735694  + 846.8235256925121  + 1222.91865272994  + 485.94711224799113  + 939.2970986205638  + 1321.075992704259  + 
total node:25/48
-------------------
Traveling energy: 1504.6331312862922
Charging energy: 106495.36686871374
Total energy used: 108000.00000000003
-------------------
Total time for travel: 1504.6331312862922
Total time for charging: 21299.073373742747
Charging round duration: 22803.70650502904
-------------------
ID | p | E0 | time_arrive | E_remain | time_charge | energy_charge| E_after_charge | E_after_cycle
714 | 0.07 | 10718.50 | 155.76 | 10707.60 | 410.89 | 2054.47 | 12733.31 | 11083.42
594 | 0.07 | 9084.28 | 604.73 | 9041.95 | 484.81 | 2424.07 | 11432.08 | 9818.79
942 | 0.08 | 8150.56 | 1145.63 | 8058.91 | 617.55 | 3087.73 | 11097.24 | 9307.37
233 | 0.10 | 8853.90 | 1829.87 | 8670.91 | 710.61 | 3553.06 | 12152.91 | 9993.30
329 | 0.08 | 7624.98 | 2677.85 | 7410.75 | 660.11 | 3300.56 | 10658.51 | 8994.62
964 | 0.10 | 9186.65 | 3429.10 | 8843.74 | 684.87 | 3424.36 | 12199.61 | 10197.36
331 | 0.14 | 5132.37 | 4131.46 | 4553.96 | 1716.24 | 8581.19 | 12894.87 | 10334.44
49 | 0.11 | 9483.15 | 5856.93 | 8838.88 | 729.81 | 3649.03 | 12407.63 | 10477.16
358 | 0.14 | 8072.29 | 6618.55 | 7145.70 | 1091.18 | 5455.92 | 12448.85 | 10149.10
106 | 0.11 | 6090.19 | 7766.80 | 5235.84 | 1136.39 | 5681.97 | 10792.81 | 9117.14
644 | 0.10 | 8103.66 | 8984.58 | 7205.21 | 776.40 | 3882.00 | 11009.57 | 9572.01
703 | 0.12 | 5237.11 | 9825.57 | 4058.04 | 1441.64 | 7208.19 | 11093.24 | 9548.92
232 | 0.08 | 7441.86 | 11324.22 | 6535.93 | 676.36 | 3381.78 | 9863.60 | 8892.72
760 | 0.07 | 5641.16 | 12027.67 | 4799.22 | 780.72 | 3903.61 | 8648.18 | 7855.21
134 | 0.10 | 7371.76 | 12856.22 | 6086.14 | 853.48 | 4267.42 | 10268.21 | 9225.53
517 | 0.09 | 6227.10 | 13763.67 | 4988.37 | 909.33 | 4546.67 | 9453.20 | 8601.48
876 | 0.14 | 6801.54 | 14738.90 | 4738.09 | 1295.05 | 6475.27 | 11032.05 | 9897.69
895 | 0.06 | 5466.34 | 16145.02 | 4497.63 | 690.59 | 3452.96 | 7909.16 | 7471.11
619 | 0.08 | 10773.15 | 16846.56 | 9425.43 | 467.21 | 2336.06 | 11724.11 | 11178.29
442 | 0.06 | 10793.53 | 17336.20 | 9753.36 | 349.75 | 1748.74 | 11481.11 | 11094.08
164 | 0.10 | 7429.75 | 17700.39 | 5659.71 | 846.82 | 4234.12 | 9809.14 | 9250.21
411 | 0.11 | 5659.29 | 18615.90 | 3611.54 | 1222.92 | 6114.59 | 9591.61 | 9118.87
673 | 0.08 | 10357.81 | 19882.93 | 8767.17 | 485.95 | 2429.74 | 11158.03 | 10856.62
787 | 0.13 | 8707.78 | 20418.74 | 6053.34 | 939.30 | 4696.49 | 10627.72 | 10266.51
1000 | 0.14 | 6667.56 | 21431.07 | 3667.21 | 1321.08 | 6605.38 | 10087.64 | 9893.83
8 | 0.14 | 7985.59 | 4606.47
26 | 0.05 | 5494.26 | 4287.43
138 | 0.14 | 6968.62 | 3589.50
169 | 0.09 | 9279.94 | 7107.65
179 | 0.07 | 9682.83 | 7993.27
220 | 0.14 | 9685.48 | 6306.36
260 | 0.11 | 10576.69 | 7921.67
363 | 0.13 | 5182.55 | 2044.80
364 | 0.09 | 5592.29 | 3420.00
453 | 0.15 | 8780.30 | 5159.82
538 | 0.11 | 6155.29 | 3500.27
546 | 0.05 | 8229.14 | 7022.32
587 | 0.11 | 9680.92 | 7025.91
627 | 0.10 | 8570.83 | 6157.18
654 | 0.13 | 8197.16 | 5059.41
667 | 0.10 | 7820.10 | 5406.45
678 | 0.05 | 10712.17 | 9505.35
810 | 0.14 | 8686.03 | 5306.91
867 | 0.06 | 10113.80 | 8665.61
897 | 0.12 | 9381.16 | 6484.78
921 | 0.10 | 8190.81 | 5777.16
930 | 0.13 | 5999.21 | 2861.46
938 | 0.11 | 8809.80 | 6154.78
Network survivability: 100.0%
networkSurvivabilityOverThousand: 100.0%
Average dead duration: 101786.81604362557
Traveling energy: 31733.360189834348
total calculate time: 37.27739500999451
