total sensor 1000
condition 22.596708284805672
gen: 1
gen: 2
gen: 3
gen: 4
gen: 5
gen: 6
gen: 7
gen: 8
gen: 9
gen: 10
gen: 11
gen: 12
gen: 13
gen: 14
gen: 15
gen: 16
gen: 17
gen: 18
gen: 19
gen: 20
gen: 21
gen: 22
gen: 23
gen: 24
gen: 25
gen: 26
gen: 27
gen: 28
gen: 29
gen: 30
gen: 31
gen: 32
gen: 33
gen: 34
gen: 35
gen: 36
gen: 37
gen: 38
gen: 39
gen: 40
gen: 41
gen: 42
gen: 43
gen: 44
gen: 45
gen: 46
gen: 47
gen: 48
gen: 49
gen: 50
Number of charging vehicles: 20
Survey time: 24136.529470467845
Network clustering infor: 
Cluster 0:
[1, 2, 3, 4, 5, 6, 7, 8, 9, 10, 11, 12, 13, 14, 15, 16, 17, 18, 19, 20, 21, 22, 23, 24, 25, 26, 27, 28, 29, 30, 31, 32, 33, 34, 35, 36, 37, 38, 39, 40, 41, 42]
Cluster 1:
[43, 44, 45, 46, 47, 48, 49, 50, 51, 52, 53, 54, 55, 56, 57, 58, 59, 60, 61, 62, 63, 64, 65, 66, 67, 68, 69, 70, 71, 72, 73, 74, 75, 76, 77, 78, 79, 80, 81, 82, 83, 84, 85, 86, 87, 88, 89, 90, 91, 92, 93]
Cluster 2:
[94, 95, 96, 97, 98, 99, 100, 101, 102, 103, 104, 105, 106, 107, 108, 109, 110, 111, 112, 113, 114, 115, 116, 117, 118, 119, 120, 121, 122, 123, 124, 125, 126, 127, 128, 129, 130, 131, 132, 133, 134, 135, 136, 137, 138, 139, 140]
Cluster 3:
[141, 142, 143, 144, 145, 146, 147, 148, 149, 150, 151, 152, 153, 154, 155, 156, 157, 158, 159, 160, 161, 162, 163, 164, 165, 166, 167, 168, 169, 170, 171, 172, 173, 174, 175, 176, 177, 178, 179, 180, 181, 182, 183, 184, 185]
Cluster 4:
[186, 187, 188, 189, 190, 191, 192, 193, 194, 195, 196, 197, 198, 199, 200, 201, 202, 203, 204, 205, 206, 207, 208, 209, 210, 211, 212, 213, 214, 215, 216, 217, 218, 219, 220, 221, 222, 223, 224, 225, 226, 227, 228, 229, 230, 231, 232, 233, 234, 235, 236, 237, 238, 239, 240, 241, 242, 243, 244, 245]
Cluster 5:
[246, 247, 248, 249, 250, 251, 252, 253, 254, 255, 256, 257, 258, 259, 260, 261, 262, 263, 264, 265, 266, 267, 268, 269, 270, 271, 272, 273, 274, 275, 276, 277, 278, 279, 280, 281, 282, 283, 284, 285, 286, 287, 288, 289]
Cluster 6:
[290, 291, 292, 293, 294, 295, 296, 297, 298, 299, 300, 301, 302, 303, 304, 305, 306, 307, 308, 309, 310, 311, 312, 313, 314, 315, 316, 317, 318, 319, 320, 321, 322, 323, 324, 325, 326, 327, 328, 329, 330, 331, 332, 333, 334, 335, 336, 337, 338, 339, 340]
Cluster 7:
[341, 342, 343, 344, 345, 346, 347, 348, 349, 350, 351, 352, 353, 354, 355, 356, 357, 358, 359, 360, 361, 362, 363, 364, 365, 366, 367, 368, 369, 370, 371, 372, 373, 374, 375, 376, 377, 378, 379, 380, 381, 382, 383, 384, 385, 386, 387, 388, 389, 390, 391]
Cluster 8:
[392, 393, 394, 395, 396, 397, 398, 399, 400, 401, 402, 403, 404, 405, 406, 407, 408, 409, 410, 411, 412, 413, 414, 415, 416, 417, 418, 419, 420, 421, 422, 423, 424, 425, 426, 427, 428, 429, 430, 431, 432, 433, 434, 435, 436, 437]
Cluster 9:
[438, 439, 440, 441, 442, 443, 444, 445, 446, 447, 448, 449, 450, 451, 452, 453, 454, 455, 456, 457, 458, 459, 460, 461, 462, 463, 464, 465, 466, 467, 468, 469, 470, 471, 472, 473, 474, 475, 476, 477, 478, 479, 480, 481, 482, 483, 484, 485, 486, 487, 488, 489, 490]
Cluster 10:
[491, 492, 493, 494, 495, 496, 497, 498, 499, 500, 501, 502, 503, 504, 505, 506, 507, 508, 509, 510, 511, 512, 513, 514, 515, 516, 517, 518, 519, 520, 521, 522, 523, 524, 525, 526, 527, 528, 529, 530, 531, 532, 533, 534, 535, 536, 537, 538, 539, 540]
Cluster 11:
[541, 542, 543, 544, 545, 546, 547, 548, 549, 550, 551, 552, 553, 554, 555, 556, 557, 558, 559, 560, 561, 562, 563, 564, 565, 566, 567, 568, 569, 570, 571, 572, 573, 574, 575, 576, 577, 578, 579, 580, 581, 582, 583, 584, 585, 586, 587, 588, 589, 590, 591, 592, 593]
Cluster 12:
[594, 595, 596, 597, 598, 599, 600, 601, 602, 603, 604, 605, 606, 607, 608, 609, 610, 611, 612, 613, 614, 615, 616, 617, 618, 619, 620, 621, 622, 623, 624, 625, 626, 627, 628, 629, 630, 631, 632, 633, 634, 635, 636, 637, 638, 639, 640, 641, 642, 643, 644, 645, 646, 647, 648]
Cluster 13:
[649, 650, 651, 652, 653, 654, 655, 656, 657, 658, 659, 660, 661, 662, 663, 664, 665, 666, 667, 668, 669, 670, 671, 672, 673, 674, 675, 676, 677, 678, 679, 680, 681, 682, 683, 684, 685, 686, 687, 688, 689, 690, 691, 692, 693, 694, 695, 696, 697]
Cluster 14:
[698, 699, 700, 701, 702, 703, 704, 705, 706, 707, 708, 709, 710, 711, 712, 713, 714, 715, 716, 717, 718, 719, 720, 721, 722, 723, 724, 725, 726, 727, 728, 729, 730, 731, 732, 733, 734, 735, 736, 737, 738, 739, 740, 741, 742, 743, 744, 745, 746, 747, 748, 749, 750, 751, 752, 753, 754, 755, 756, 757]
Cluster 15:
[758, 759, 760, 761, 762, 763, 764, 765, 766, 767, 768, 769, 770, 771, 772, 773, 774, 775, 776, 777, 778, 779, 780, 781, 782, 783, 784, 785, 786, 787, 788, 789, 790, 791, 792, 793, 794, 795, 796, 797, 798, 799, 800, 801, 802, 803, 804, 805, 806]
Cluster 16:
[807, 808, 809, 810, 811, 812, 813, 814, 815, 816, 817, 818, 819, 820, 821, 822, 823, 824, 825, 826, 827, 828, 829, 830, 831, 832, 833, 834, 835, 836, 837, 838, 839, 840, 841, 842, 843]
Cluster 17:
[844, 845, 846, 847, 848, 849, 850, 851, 852, 853, 854, 855, 856, 857, 858, 859, 860, 861, 862, 863, 864, 865, 866, 867, 868, 869, 870, 871, 872, 873, 874, 875, 876, 877, 878, 879, 880, 881, 882, 883, 884, 885, 886, 887, 888, 889, 890, 891]
Cluster 18:
[892, 893, 894, 895, 896, 897, 898, 899, 900, 901, 902, 903, 904, 905, 906, 907, 908, 909, 910, 911, 912, 913, 914, 915, 916, 917, 918, 919, 920, 921, 922, 923, 924, 925, 926, 927, 928, 929, 930, 931, 932, 933, 934, 935, 936, 937, 938, 939, 940, 941, 942, 943, 944, 945, 946, 947, 948, 949, 950, 951, 952]
Cluster 19:
[953, 954, 955, 956, 957, 958, 959, 960, 961, 962, 963, 964, 965, 966, 967, 968, 969, 970, 971, 972, 973, 974, 975, 976, 977, 978, 979, 980, 981, 982, 983, 984, 985, 986, 987, 988, 989, 990, 991, 992, 993, 994, 995, 996, 997, 998, 999, 1000]
Vehicle 0
Charging tour: 
35  -> 34  -> 33  -> 26  -> 11  -> 24  -> 37  -> 29  -> 21  -> 15  -> 27  -> 25  -> 32  -> 13  -> 28  -> 4  -> 1  -> 10  -> 17  -> 40  -> 7  -> 31  -> 8  -> 41  -> 38  -> 36  -> 39  -> 18  -> 
Charging time: 
476.0328341448004  + 694.9722395845663  + 1155.5074196285211  + 469.2228279302535  + 388.2400992169228  + 1404.7418124825736  + 2326.973354148974  + 290.6421044938643  + 1021.05410632431  + 1960.8620013098575  + 2645.0317523551303  + 1641.5218766801434  + 430.21377254482326  + 281.0878192985155  + 454.27487166333344  + 296.17943188121484  + 310.83832993364564  + 363.85749355384576  + 395.62279419063856  + 346.518195018249  + 319.61646182587725  + 465.71353192154766  + 265.5563969737006  + 622.0555550364703  + 843.328609850027  + 377.38036027500635  + 542.7472366019523  + 448.0144991101349  + 
total node:28/42
-------------------
Traveling energy: 1810.9610601055379
Charging energy: 106189.03893989451
Total energy used: 108000.00000000004
-------------------
Total time for travel: 1810.9610601055379
Total time for charging: 21237.8077879789
Charging round duration: 23048.76884808444
-------------------
ID | p | E0 | time_arrive | E_remain | time_charge | energy_charge| E_after_charge | E_after_cycle
35 | 0.09 | 7685.92 | 179.87 | 7669.74 | 476.03 | 2380.16 | 10007.06 | 7893.80
34 | 0.13 | 7604.42 | 726.59 | 7509.97 | 694.97 | 3474.86 | 10894.48 | 7941.54
33 | 0.11 | 3870.00 | 1502.84 | 3704.68 | 1155.51 | 5777.54 | 9355.11 | 6992.51
26 | 0.08 | 6931.09 | 2662.81 | 6718.06 | 469.22 | 2346.11 | 9026.64 | 7346.28
11 | 0.15 | 15706.57 | 3191.55 | 15227.84 | 388.24 | 1941.20 | 17110.80 | 14027.29
24 | 0.12 | 3472.76 | 3656.65 | 3033.97 | 1404.74 | 7023.71 | 9889.11 | 7600.09
37 | 0.15 | 2620.54 | 5191.16 | 1841.86 | 2326.97 | 11634.87 | 13127.68 | 10634.92
29 | 0.06 | 8392.34 | 7589.81 | 7936.95 | 290.64 | 1453.21 | 9372.73 | 8397.36
21 | 0.10 | 3981.45 | 7920.69 | 3189.38 | 1021.05 | 5105.27 | 8192.55 | 6673.07
15 | 0.12 | 2487.85 | 9013.77 | 1406.20 | 1960.86 | 9804.31 | 10975.21 | 9395.78
27 | 0.14 | 2151.73 | 11016.64 | 609.40 | 2645.03 | 13225.16 | 13464.25 | 11997.77
25 | 0.15 | 3714.80 | 13721.95 | 1656.50 | 1641.52 | 8207.61 | 9617.89 | 8301.93
32 | 0.07 | 6614.61 | 15367.59 | 5538.88 | 430.21 | 2151.07 | 7659.83 | 7076.12
13 | 0.09 | 13016.40 | 15833.16 | 11591.42 | 281.09 | 1405.44 | 12971.56 | 12249.55
28 | 0.09 | 8054.05 | 16198.39 | 6596.19 | 454.27 | 2271.37 | 8826.68 | 8153.14
4 | 0.10 | 13725.73 | 16689.50 | 12056.78 | 296.18 | 1480.90 | 13508.06 | 12792.98
1 | 0.12 | 15694.13 | 17032.92 | 13650.18 | 310.84 | 1554.19 | 15167.07 | 14351.93
10 | 0.14 | 15641.82 | 17357.21 | 13211.81 | 363.86 | 1819.29 | 14980.15 | 14081.99
17 | 0.08 | 8220.52 | 17728.10 | 6802.27 | 395.62 | 1978.11 | 8748.73 | 8267.71
40 | 0.05 | 5865.90 | 18141.87 | 4958.80 | 346.52 | 1732.59 | 6674.07 | 6391.66
7 | 0.11 | 13991.17 | 18495.36 | 11956.68 | 319.62 | 1598.08 | 13519.60 | 12934.23
31 | 0.07 | 6110.40 | 18830.65 | 4792.25 | 465.71 | 2328.57 | 7088.22 | 6749.41
8 | 0.08 | 12246.83 | 19357.42 | 10698.24 | 265.56 | 1327.78 | 12004.77 | 11643.69
41 | 0.10 | 6535.24 | 19671.77 | 4568.06 | 622.06 | 3110.28 | 7616.13 | 7231.86
38 | 0.10 | 4820.52 | 20325.88 | 2787.93 | 843.33 | 4216.64 | 6920.24 | 6623.51
36 | 0.08 | 8617.89 | 21321.01 | 6912.21 | 377.38 | 1886.90 | 8768.92 | 8573.87
39 | 0.10 | 7490.19 | 21852.44 | 5304.95 | 542.75 | 2713.74 | 7964.41 | 7790.27
18 | 0.07 | 6351.79 | 22453.18 | 4780.07 | 448.01 | 2240.07 | 6988.78 | 6902.31
2 | 0.08 | 12586.56 | 10655.63
3 | 0.12 | 14407.96 | 11511.57
5 | 0.07 | 11498.42 | 9808.86
6 | 0.12 | 14311.11 | 11414.73
9 | 0.08 | 12140.75 | 10209.83
12 | 0.05 | 10349.99 | 9143.16
14 | 0.12 | 5044.08 | 2147.69
16 | 0.07 | 8052.94 | 6363.39
19 | 0.15 | 7115.89 | 3495.41
20 | 0.06 | 3759.44 | 2311.25
22 | 0.09 | 4830.27 | 2657.98
23 | 0.05 | 8723.31 | 7516.48
30 | 0.07 | 7826.29 | 6136.73
42 | 0.12 | 4238.30 | 1341.92
Vehicle 1
Charging tour: 
84  -> 49  -> 90  -> 68  -> 86  -> 70  -> 55  -> 59  -> 47  -> 92  -> 93  -> 81  -> 73  -> 87  -> 79  -> 46  -> 44  -> 89  -> 51  -> 57  -> 74  -> 62  -> 52  -> 53  -> 54  -> 50  -> 72  -> 
Charging time: 
1180.553081850239  + 352.33047716762115  + 2101.069198322333  + 372.866475850971  + 512.9454954281167  + 1474.6324560819244  + 665.3900934100635  + 300.881280261459  + 504.5649448339897  + 477.3828384491377  + 1933.7934645620483  + 1003.9916397263255  + 454.41021220935886  + 1954.0373716580084  + 929.8361464540989  + 441.0730031341985  + 309.97652395659134  + 1318.4067771312828  + 580.3067532091503  + 576.3430493770295  + 784.8682744714062  + 636.2684820529535  + 362.5884002144237  + 431.9382409455598  + 526.7195107452357  + 632.4421443917917  + 404.61729414012143  + 
total node:27/51
-------------------
Traveling energy: 1878.8318498228182
Charging energy: 106121.16815017723
Total energy used: 108000.00000000004
-------------------
Total time for travel: 1878.8318498228182
Total time for charging: 21224.233630035444
Charging round duration: 23103.065479858262
-------------------
ID | p | E0 | time_arrive | E_remain | time_charge | energy_charge| E_after_charge | E_after_cycle
84 | 0.14 | 5582.79 | 174.89 | 5558.30 | 1180.55 | 5902.77 | 11295.79 | 8106.44
49 | 0.07 | 9353.12 | 1503.72 | 9247.86 | 352.33 | 1761.65 | 10984.85 | 9425.21
90 | 0.14 | 3136.87 | 1926.98 | 2867.09 | 2101.07 | 10505.35 | 13078.29 | 10263.10
68 | 0.06 | 7575.42 | 4121.72 | 7328.11 | 372.87 | 1864.33 | 9170.07 | 7991.56
86 | 0.08 | 7342.22 | 4534.14 | 6979.49 | 512.95 | 2564.73 | 9503.18 | 7976.02
70 | 0.13 | 4150.19 | 5080.67 | 3489.70 | 1474.63 | 7373.16 | 10671.16 | 8385.60
55 | 0.15 | 10612.64 | 6638.93 | 9616.80 | 665.39 | 3326.95 | 12843.94 | 10319.11
59 | 0.06 | 9387.82 | 7349.67 | 8946.84 | 300.88 | 1504.41 | 10433.19 | 9444.03
47 | 0.10 | 9330.21 | 7705.00 | 8559.71 | 504.56 | 2522.82 | 11032.08 | 9439.38
92 | 0.08 | 7889.18 | 8297.66 | 7225.36 | 477.38 | 2386.91 | 9574.09 | 8345.17
93 | 0.14 | 3408.21 | 8861.09 | 2167.66 | 1933.79 | 9668.97 | 11565.89 | 9698.06
81 | 0.14 | 6564.57 | 10798.45 | 5052.79 | 1003.99 | 5019.96 | 9932.19 | 8205.42
73 | 0.08 | 8288.01 | 11833.74 | 7341.31 | 454.41 | 2272.05 | 9577.01 | 8629.14
87 | 0.12 | 2891.06 | 12417.02 | 1401.02 | 1954.04 | 9770.19 | 10936.72 | 9764.86
79 | 0.12 | 6075.52 | 14400.08 | 4347.51 | 929.84 | 4649.18 | 8885.11 | 7828.32
46 | 0.08 | 8538.63 | 15344.74 | 7311.05 | 441.07 | 2205.37 | 9481.13 | 8813.07
44 | 0.06 | 9112.36 | 15805.05 | 8164.06 | 309.98 | 1549.88 | 9695.34 | 9214.05
89 | 0.13 | 4641.97 | 16143.33 | 2543.34 | 1318.41 | 6592.03 | 8963.98 | 8096.26
51 | 0.11 | 8923.67 | 17487.65 | 7000.03 | 580.31 | 2901.53 | 9837.73 | 9170.19
57 | 0.11 | 8985.04 | 18088.79 | 6995.28 | 576.34 | 2881.72 | 9813.59 | 9211.74
74 | 0.07 | 4198.65 | 18705.38 | 2889.27 | 784.87 | 3924.34 | 6758.68 | 6433.44
62 | 0.14 | 10358.48 | 19529.10 | 7624.41 | 636.27 | 3181.34 | 10716.67 | 10160.71
52 | 0.08 | 10386.87 | 20324.52 | 8760.91 | 362.59 | 1812.94 | 10544.84 | 10268.89
53 | 0.07 | 7629.30 | 20738.56 | 6177.61 | 431.94 | 2159.69 | 8307.06 | 8099.44
54 | 0.10 | 8937.77 | 21261.70 | 6811.60 | 526.72 | 2633.60 | 9392.52 | 9157.71
50 | 0.13 | 9676.79 | 21888.77 | 6831.25 | 632.44 | 3162.21 | 9911.24 | 9701.25
72 | 0.07 | 8144.46 | 22529.13 | 6567.42 | 404.62 | 2023.09 | 8562.18 | 8477.99
43 | 0.05 | 7139.83 | 5933.00
45 | 0.14 | 9863.69 | 6484.57
48 | 0.07 | 7628.43 | 5938.87
56 | 0.05 | 10946.78 | 9739.95
58 | 0.13 | 9455.93 | 6318.18
60 | 0.08 | 8125.22 | 6194.30
61 | 0.05 | 7684.82 | 6477.99
63 | 0.11 | 10652.25 | 7997.23
64 | 0.10 | 8793.58 | 6379.93
65 | 0.12 | 9385.27 | 6488.88
66 | 0.08 | 10445.53 | 8514.61
67 | 0.10 | 8715.12 | 6301.47
69 | 0.11 | 9116.21 | 6461.19
71 | 0.06 | 8774.99 | 7326.80
75 | 0.06 | 4424.92 | 2976.73
76 | 0.11 | 7327.27 | 4672.25
77 | 0.09 | 7321.18 | 5148.89
78 | 0.09 | 7801.19 | 5628.90
80 | 0.12 | 4709.54 | 1813.16
82 | 0.14 | 3946.11 | 567.00
83 | 0.08 | 6413.46 | 4482.53
85 | 0.09 | 4063.60 | 1891.31
88 | 0.09 | 7993.31 | 5821.02
91 | 0.05 | 9111.59 | 7904.76
Vehicle 2
Charging tour: 
136  -> 139  -> 106  -> 121  -> 113  -> 124  -> 115  -> 94  -> 117  -> 123  -> 114  -> 138  -> 110  -> 128  -> 129  -> 126  -> 127  -> 118  -> 96  -> 103  -> 112  -> 135  -> 119  -> 105  -> 97  -> 125  -> 130  -> 
Charging time: 
822.9674548394762  + 660.7538633397797  + 416.6782951492275  + 628.8966806642043  + 609.3374522468145  + 951.317089558946  + 317.57274306220177  + 662.2360458154466  + 245.0309469712764  + 528.6156555519228  + 594.5309428285829  + 1771.1215725228312  + 659.5838572766731  + 1455.2208975329886  + 2017.0562469718486  + 922.0237268656568  + 290.0934184412148  + 556.7984630149787  + 725.4812859445113  + 318.447732268006  + 472.9794284974171  + 1561.7657737227748  + 733.3369782754102  + 457.28385596803776  + 629.0706473015222  + 1043.9005307142834  + 1269.5574899451856  + 
total node:27/47
-------------------
Traveling energy: 1391.704623543897
Charging energy: 106608.2953764561
Total energy used: 107999.99999999999
-------------------
Total time for travel: 1391.704623543897
Total time for charging: 21321.65907529122
Charging round duration: 22713.363698835117
-------------------
ID | p | E0 | time_arrive | E_remain | time_charge | energy_charge| E_after_charge | E_after_cycle
136 | 0.11 | 5653.27 | 79.95 | 5644.48 | 822.97 | 4114.84 | 9668.79 | 7113.09
139 | 0.08 | 5120.83 | 1006.71 | 5040.29 | 660.75 | 3303.77 | 8291.20 | 6493.68
106 | 0.10 | 10150.54 | 1685.62 | 9981.98 | 416.68 | 2083.39 | 12023.70 | 9820.28
121 | 0.12 | 8070.34 | 2165.34 | 7810.50 | 628.90 | 3144.48 | 10879.52 | 8318.44
113 | 0.12 | 8329.39 | 2823.81 | 7990.54 | 609.34 | 3046.69 | 10964.10 | 8479.70
124 | 0.11 | 4890.55 | 3474.94 | 4508.30 | 951.32 | 4756.59 | 9160.24 | 6992.11
115 | 0.08 | 10654.59 | 4463.50 | 10297.51 | 317.57 | 1587.86 | 11859.97 | 10311.53
94 | 0.13 | 8302.72 | 4847.61 | 7672.53 | 662.24 | 3311.18 | 10897.62 | 8476.15
117 | 0.06 | 10356.67 | 5516.17 | 10025.70 | 245.03 | 1225.15 | 11236.16 | 10133.64
123 | 0.10 | 8001.11 | 5843.97 | 7416.71 | 528.62 | 2643.08 | 10006.93 | 8230.53
114 | 0.13 | 9248.24 | 6374.99 | 8419.49 | 594.53 | 2972.65 | 11314.85 | 9083.14
138 | 0.14 | 3343.26 | 7018.71 | 2360.64 | 1771.12 | 8855.61 | 10968.29 | 8819.75
110 | 0.13 | 8336.11 | 8828.16 | 7188.45 | 659.58 | 3297.92 | 10400.62 | 8496.28
128 | 0.14 | 4069.01 | 9516.59 | 2736.69 | 1455.22 | 7276.10 | 9809.06 | 7966.00
129 | 0.13 | 2725.93 | 11030.42 | 1291.98 | 2017.06 | 10085.28 | 11115.04 | 9673.47
126 | 0.15 | 6880.80 | 13103.09 | 4915.34 | 922.02 | 4610.12 | 9387.16 | 7870.44
127 | 0.06 | 8747.89 | 14053.51 | 7904.68 | 290.09 | 1450.47 | 9337.74 | 8750.17
118 | 0.14 | 10634.57 | 14357.88 | 8624.47 | 556.80 | 2783.99 | 11330.51 | 10039.45
96 | 0.15 | 8744.90 | 14933.28 | 6504.91 | 725.48 | 3627.41 | 10023.50 | 8751.83
103 | 0.07 | 9297.15 | 15710.98 | 8197.38 | 318.45 | 1592.24 | 9767.33 | 9199.83
112 | 0.08 | 7153.82 | 16085.19 | 5867.00 | 472.98 | 2364.90 | 8194.06 | 7587.79
135 | 0.10 | 2708.16 | 16579.33 | 1050.23 | 1561.77 | 7808.83 | 8702.88 | 8103.33
119 | 0.15 | 8651.23 | 18185.48 | 5923.40 | 733.34 | 3666.68 | 9480.09 | 8697.43
105 | 0.11 | 10174.12 | 18973.53 | 8087.03 | 457.28 | 2286.42 | 10323.15 | 9805.52
97 | 0.12 | 8068.11 | 19523.69 | 5725.27 | 629.07 | 3145.35 | 8795.13 | 8317.08
125 | 0.14 | 5672.30 | 20256.50 | 2836.39 | 1043.90 | 5219.50 | 7909.74 | 7512.69
130 | 0.09 | 2998.34 | 21338.48 | 1077.87 | 1269.56 | 6347.79 | 7311.40 | 7173.83
95 | 0.07 | 6985.81 | 5296.25
98 | 0.10 | 8760.00 | 6346.34
99 | 0.13 | 8274.01 | 5136.26
100 | 0.12 | 8258.98 | 5362.60
101 | 0.07 | 10424.16 | 8734.60
102 | 0.14 | 8980.51 | 5601.39
104 | 0.11 | 8210.99 | 5555.97
107 | 0.12 | 8142.28 | 5245.90
108 | 0.13 | 9177.38 | 6039.63
109 | 0.09 | 10155.94 | 7983.66
111 | 0.09 | 8389.72 | 6217.43
116 | 0.10 | 10630.87 | 8217.22
120 | 0.07 | 10155.79 | 8466.23
122 | 0.12 | 10502.29 | 7605.90
131 | 0.12 | 4081.23 | 1184.84
132 | 0.13 | 7000.60 | 3862.85
133 | 0.07 | 3522.92 | 1833.36
134 | 0.12 | 5487.28 | 2590.90
137 | 0.09 | 4824.88 | 2652.59
140 | 0.06 | 5422.36 | 3974.16
Vehicle 3
Charging tour: 
141  -> 155  -> 167  -> 166  -> 142  -> 161  -> 173  -> 163  -> 150  -> 146  -> 153  -> 171  -> 183  -> 169  -> 148  -> 179  -> 184  -> 181  -> 175  -> 152  -> 
Charging time: 
678.8730188624409  + 512.5118202188089  + 1151.3266724377486  + 375.5064709865678  + 581.9113134577933  + 1173.4912351679086  + 983.3232482348989  + 2922.819074037449  + 348.8540484894424  + 636.4799968735193  + 327.43672786635153  + 765.4027139280408  + 1026.9548581455458  + 2957.228392657876  + 598.4815645127971  + 2470.979218269993  + 965.4639546144864  + 1760.008015092777  + 506.07477189641406  + 570.5354837940753  + 
total node:20/45
-------------------
Traveling energy: 1431.6870022753346
Charging energy: 106568.3129977247
Total energy used: 108000.00000000003
-------------------
Total time for travel: 1431.6870022753346
Total time for charging: 21313.66259954494
Charging round duration: 22745.349601820275
-------------------
ID | p | E0 | time_arrive | E_remain | time_charge | energy_charge| E_after_charge | E_after_cycle
141 | 0.15 | 11750.02 | 158.39 | 11726.26 | 678.87 | 3394.37 | 15018.80 | 11523.91
155 | 0.09 | 9338.45 | 876.85 | 9259.53 | 512.51 | 2562.56 | 11775.96 | 9728.72
167 | 0.13 | 6004.55 | 1440.83 | 5817.25 | 1151.33 | 5756.63 | 11424.21 | 8623.44
166 | 0.05 | 7080.90 | 2625.38 | 6949.63 | 375.51 | 1877.53 | 8808.39 | 7751.61
142 | 0.11 | 10052.45 | 3174.68 | 9703.23 | 581.91 | 2909.56 | 12548.78 | 10306.99
161 | 0.10 | 4531.65 | 3892.53 | 4142.39 | 1173.49 | 5867.46 | 9892.50 | 7985.45
173 | 0.09 | 4867.23 | 5113.32 | 4407.03 | 983.32 | 4916.62 | 9235.15 | 7611.56
163 | 0.13 | 2365.25 | 6178.46 | 1562.05 | 2922.82 | 14614.10 | 15796.18 | 13841.60
150 | 0.05 | 7621.88 | 9166.82 | 7163.54 | 348.85 | 1744.27 | 8890.37 | 8159.33
146 | 0.13 | 10861.62 | 9550.58 | 9620.04 | 636.48 | 3182.40 | 12719.70 | 10906.27
153 | 0.06 | 9744.51 | 10225.67 | 9130.97 | 327.44 | 1637.18 | 10748.50 | 9933.50
171 | 0.10 | 6947.78 | 10566.21 | 5891.16 | 765.40 | 3827.01 | 9641.63 | 8361.14
183 | 0.10 | 5178.27 | 11351.83 | 4043.09 | 1026.95 | 5134.77 | 9075.17 | 7899.39
169 | 0.12 | 2157.91 | 12391.97 | 670.87 | 2957.23 | 14786.14 | 15102.14 | 14047.66
148 | 0.12 | 10662.68 | 15396.56 | 8815.10 | 598.48 | 2992.41 | 11735.69 | 10758.71
179 | 0.11 | 2367.33 | 16030.73 | 603.95 | 2470.98 | 12354.90 | 12687.04 | 12067.21
184 | 0.08 | 4406.46 | 18559.96 | 2921.66 | 965.46 | 4827.32 | 7671.75 | 7302.86
181 | 0.10 | 3021.49 | 19626.20 | 1058.87 | 1760.01 | 8800.04 | 9682.91 | 9407.88
175 | 0.07 | 7355.62 | 21462.82 | 5853.22 | 506.07 | 2530.37 | 8348.17 | 8196.44
152 | 0.11 | 10252.88 | 21999.63 | 7832.92 | 570.54 | 2852.68 | 10622.84 | 10450.54
143 | 0.10 | 9669.76 | 7256.11
144 | 0.14 | 11052.80 | 7673.68
145 | 0.07 | 10931.94 | 9242.38
147 | 0.10 | 9895.56 | 7481.90
149 | 0.15 | 11770.97 | 8150.49
151 | 0.14 | 10978.25 | 7599.14
154 | 0.07 | 10831.55 | 9141.99
156 | 0.08 | 9391.36 | 7460.44
157 | 0.14 | 11651.33 | 8272.21
158 | 0.06 | 10212.59 | 8764.39
159 | 0.08 | 8873.57 | 6942.65
160 | 0.09 | 3711.39 | 1539.10
162 | 0.10 | 4261.58 | 1847.93
164 | 0.09 | 5881.05 | 3708.76
165 | 0.06 | 6696.60 | 5248.40
168 | 0.10 | 5562.68 | 3149.03
170 | 0.09 | 7896.52 | 5724.23
172 | 0.13 | 5730.98 | 2593.23
174 | 0.07 | 7017.79 | 5328.23
176 | 0.05 | 5485.75 | 4278.93
177 | 0.14 | 4350.90 | 971.78
178 | 0.12 | 7875.92 | 4979.53
180 | 0.07 | 8926.68 | 7237.13
182 | 0.09 | 5140.92 | 2968.63
185 | 0.12 | 5096.64 | 2200.25
Vehicle 4
Charging tour: 
220  -> 223  -> 239  -> 194  -> 190  -> 244  -> 237  -> 187  -> 215  -> 228  -> 219  -> 199  -> 233  -> 212  -> 245  -> 240  -> 204  -> 235  -> 200  -> 224  -> 198  -> 192  -> 243  -> 209  -> 195  -> 196  -> 188  -> 211  -> 191  -> 208  -> 213  -> 216  -> 201  -> 230  -> 218  -> 
Charging time: 
573.8670914261655  + 767.40930522751  + 956.792806914651  + 207.9984758200559  + 672.0648050386986  + 984.0937893949846  + 459.3994075409637  + 392.54652011836424  + 666.9511633786277  + 540.5012801607893  + 361.5720867662027  + 653.0905553364925  + 450.79991857658973  + 660.7720620056512  + 301.17216784154374  + 1253.7474653374663  + 782.4583024373198  + 587.4169149580538  + 771.4434081694487  + 674.9893723775031  + 332.8430216009701  + 327.8798037603759  + 843.483951201679  + 310.6389845003756  + 609.1160758110461  + 590.094649992855  + 555.1736101638605  + 728.7033192051813  + 629.8862794242725  + 677.6848180896399  + 299.1257756135416  + 663.7076163138902  + 552.2332007847297  + 763.39254164711  + 525.6089569990248  + 
total node:35/60
-------------------
Traveling energy: 2356.7024803218055
Charging energy: 105643.29751967818
Total energy used: 107999.99999999999
-------------------
Total time for travel: 2356.7024803218055
Total time for charging: 21128.659503935636
Charging round duration: 23485.36198425744
-------------------
ID | p | E0 | time_arrive | E_remain | time_charge | energy_charge| E_after_charge | E_after_cycle
220 | 0.10 | 7511.48 | 106.70 | 7500.81 | 573.87 | 2869.34 | 10312.76 | 7967.16
223 | 0.09 | 5055.36 | 742.21 | 4988.56 | 767.41 | 3837.05 | 8756.54 | 6720.12
239 | 0.14 | 6307.35 | 1547.35 | 6090.72 | 956.79 | 4783.96 | 10740.73 | 7712.20
194 | 0.05 | 10362.07 | 2566.87 | 10233.73 | 208.00 | 1039.99 | 11263.32 | 10195.24
190 | 0.14 | 8979.53 | 2845.50 | 8581.16 | 672.06 | 3360.32 | 11847.39 | 8960.74
244 | 0.08 | 3504.21 | 3544.73 | 3220.63 | 984.09 | 4920.47 | 8062.37 | 6493.76
237 | 0.09 | 8444.79 | 4666.98 | 8024.76 | 459.40 | 2297.00 | 10280.41 | 8569.50
187 | 0.08 | 8784.87 | 5193.55 | 8369.39 | 392.55 | 1962.73 | 10300.72 | 8816.68
215 | 0.12 | 7755.75 | 5625.32 | 7080.71 | 666.95 | 3334.76 | 10335.43 | 8194.12
228 | 0.05 | 3987.58 | 6332.65 | 3670.95 | 540.50 | 2702.51 | 6346.43 | 5483.26
219 | 0.07 | 8345.26 | 6925.88 | 7860.45 | 361.57 | 1807.86 | 9643.00 | 8463.56
199 | 0.12 | 7920.35 | 7357.56 | 7037.45 | 653.09 | 3265.45 | 10224.53 | 8289.42
233 | 0.07 | 6693.46 | 8085.39 | 6127.49 | 450.80 | 2254.00 | 8349.93 | 7257.91
212 | 0.14 | 9132.99 | 8546.62 | 7936.46 | 660.77 | 3303.86 | 11147.82 | 9057.74
245 | 0.06 | 8587.62 | 9278.50 | 8030.91 | 301.17 | 1505.86 | 9518.70 | 8645.29
240 | 0.14 | 4813.43 | 9635.63 | 3464.44 | 1253.75 | 6268.74 | 9557.65 | 7703.05
204 | 0.15 | 8263.55 | 10953.83 | 6620.48 | 782.46 | 3912.29 | 10415.40 | 8555.36
235 | 0.07 | 5136.75 | 11789.81 | 4311.46 | 587.42 | 2937.08 | 7207.43 | 6384.28
200 | 0.14 | 7822.77 | 12447.24 | 6080.16 | 771.44 | 3857.22 | 9829.37 | 8300.87
224 | 0.09 | 5747.54 | 13234.39 | 4556.45 | 674.99 | 3374.95 | 7870.65 | 6950.20
198 | 0.06 | 7770.49 | 14020.85 | 6929.24 | 332.84 | 1664.22 | 8573.48 | 7986.51
192 | 0.07 | 9202.80 | 14427.45 | 8192.88 | 327.88 | 1639.40 | 9809.33 | 9152.64
243 | 0.13 | 6643.60 | 14816.60 | 4717.44 | 843.48 | 4217.42 | 8825.20 | 7723.27
209 | 0.07 | 9713.57 | 15762.28 | 8610.21 | 310.64 | 1553.19 | 10141.66 | 9577.20
195 | 0.11 | 7784.47 | 16126.58 | 6010.55 | 609.12 | 3045.58 | 8989.13 | 8175.04
196 | 0.13 | 9496.39 | 16786.36 | 7314.16 | 590.09 | 2950.47 | 10187.92 | 9309.11
188 | 0.09 | 6987.96 | 17489.35 | 5413.92 | 555.17 | 2775.87 | 8139.82 | 7591.54
211 | 0.14 | 8281.59 | 18136.59 | 5742.47 | 728.70 | 3643.52 | 9283.97 | 8546.00
191 | 0.13 | 8896.47 | 18908.39 | 6438.38 | 629.89 | 3149.43 | 9505.93 | 8908.16
208 | 0.12 | 7632.91 | 19577.01 | 5283.67 | 677.68 | 3388.42 | 8590.77 | 8124.95
213 | 0.07 | 10087.44 | 20338.12 | 8663.77 | 299.13 | 1495.63 | 10138.46 | 9893.51
216 | 0.12 | 7793.65 | 20680.43 | 5312.00 | 663.71 | 3318.54 | 8550.89 | 8215.81
201 | 0.10 | 7805.74 | 21432.99 | 5662.44 | 552.23 | 2761.17 | 8368.38 | 8153.25
230 | 0.10 | 5646.62 | 22062.07 | 3440.41 | 763.39 | 3816.96 | 7181.04 | 7049.93
218 | 0.10 | 8201.13 | 22846.44 | 5916.49 | 525.61 | 2628.04 | 8491.97 | 8415.53
186 | 0.12 | 7662.31 | 4765.92
189 | 0.11 | 9777.72 | 7122.70
193 | 0.10 | 7152.25 | 4738.60
197 | 0.12 | 8938.79 | 6042.41
202 | 0.05 | 6935.05 | 5728.23
203 | 0.08 | 9989.36 | 8058.44
205 | 0.12 | 10254.18 | 7357.79
206 | 0.07 | 9959.64 | 8270.08
207 | 0.10 | 9163.37 | 6749.72
210 | 0.13 | 7966.92 | 4829.17
214 | 0.06 | 8231.68 | 6783.49
217 | 0.13 | 9169.59 | 6031.84
221 | 0.09 | 8614.67 | 6442.39
222 | 0.12 | 7538.02 | 4641.63
225 | 0.10 | 3553.68 | 1140.02
226 | 0.08 | 7906.38 | 5975.45
227 | 0.09 | 6805.81 | 4633.53
229 | 0.14 | 5382.74 | 2003.62
231 | 0.08 | 3342.72 | 1411.80
232 | 0.14 | 7395.13 | 4016.02
234 | 0.15 | 4601.30 | 980.82
236 | 0.08 | 7953.72 | 6022.80
238 | 0.10 | 7174.04 | 4760.39
241 | 0.06 | 9231.18 | 7782.99
242 | 0.10 | 8290.61 | 5876.96
Vehicle 5
Charging tour: 
261  -> 274  -> 264  -> 288  -> 273  -> 275  -> 247  -> 263  -> 283  -> 278  -> 282  -> 286  -> 255  -> 281  -> 285  -> 252  -> 256  -> 279  -> 265  -> 280  -> 248  -> 269  -> 
Charging time: 
734.3627814383517  + 592.626279673331  + 630.6107797237994  + 3240.1528404895844  + 1885.4921397458133  + 963.5036286033363  + 642.1440696932144  + 578.5933330933295  + 1022.6949217301819  + 810.1759775411953  + 348.0214102411355  + 2579.269092618332  + 426.0333843424333  + 700.9977160871836  + 922.5983386143727  + 479.2670276322256  + 366.2458588615685  + 844.6536163700752  + 549.1334413236667  + 1934.3923657208913  + 645.1900535260371  + 461.8159135050735  + 
total node:22/44
-------------------
Traveling energy: 1210.1251471243563
Charging energy: 106789.87485287566
Total energy used: 108000.00000000001
-------------------
Total time for travel: 1210.1251471243563
Total time for charging: 21357.97497057513
Charging round duration: 22568.100117699487
-------------------
ID | p | E0 | time_arrive | E_remain | time_charge | energy_charge| E_after_charge | E_after_cycle
261 | 0.15 | 10116.04 | 114.07 | 10098.93 | 734.36 | 3671.81 | 13660.59 | 10167.38
274 | 0.09 | 7521.28 | 879.62 | 7442.11 | 592.63 | 2963.13 | 10351.91 | 8312.12
264 | 0.14 | 10995.04 | 1520.46 | 10782.17 | 630.61 | 3153.05 | 13846.94 | 10768.98
288 | 0.15 | 2292.75 | 2168.81 | 1967.42 | 3240.15 | 16200.76 | 17682.17 | 14873.03
273 | 0.12 | 3152.00 | 5517.55 | 2489.90 | 1885.49 | 9427.46 | 11691.10 | 9683.08
275 | 0.10 | 5140.16 | 7466.89 | 4393.47 | 963.50 | 4817.52 | 9114.64 | 7544.03
247 | 0.13 | 10026.31 | 8466.71 | 8925.63 | 642.14 | 3210.72 | 12052.87 | 10099.28
263 | 0.12 | 10271.59 | 9170.39 | 9171.15 | 578.59 | 2892.97 | 11994.68 | 10268.18
283 | 0.10 | 4842.66 | 9780.68 | 3864.59 | 1022.69 | 5113.47 | 8875.80 | 7542.48
278 | 0.10 | 6112.95 | 10824.52 | 5030.50 | 810.18 | 4050.88 | 9000.36 | 7750.17
282 | 0.06 | 8538.38 | 11659.46 | 7838.81 | 348.02 | 1740.11 | 9558.04 | 8830.29
286 | 0.15 | 2880.21 | 12023.36 | 1076.71 | 2579.27 | 12896.35 | 13586.16 | 12156.08
255 | 0.08 | 9299.86 | 14689.48 | 8124.70 | 426.03 | 2130.17 | 10220.79 | 9499.10
281 | 0.08 | 5652.02 | 15211.14 | 4435.13 | 701.00 | 3504.99 | 7884.03 | 7226.08
285 | 0.07 | 3757.64 | 15943.41 | 2641.60 | 922.60 | 4612.99 | 7190.01 | 6681.08
252 | 0.08 | 8266.90 | 16879.45 | 6916.54 | 479.27 | 2396.34 | 9274.53 | 8732.31
256 | 0.08 | 10818.01 | 17417.25 | 9424.63 | 366.25 | 1831.23 | 11226.56 | 10718.32
279 | 0.11 | 6449.77 | 17857.83 | 4485.41 | 844.65 | 4223.27 | 8615.76 | 8018.02
265 | 0.12 | 10822.64 | 18740.88 | 8573.74 | 549.13 | 2745.67 | 11253.51 | 10671.93
280 | 0.15 | 3840.40 | 19313.71 | 943.35 | 1934.39 | 9671.96 | 10325.15 | 9891.88
248 | 0.15 | 11514.20 | 21269.04 | 8323.84 | 645.19 | 3225.95 | 11453.01 | 11119.67
269 | 0.10 | 10724.11 | 21949.64 | 8529.14 | 461.82 | 2309.08 | 10792.04 | 10619.53
246 | 0.10 | 11015.98 | 8602.33
249 | 0.08 | 8842.18 | 6911.26
250 | 0.14 | 10026.33 | 6647.22
251 | 0.14 | 9920.98 | 6541.86
253 | 0.08 | 8802.85 | 6871.93
254 | 0.05 | 10551.97 | 9345.14
257 | 0.10 | 8906.61 | 6492.96
258 | 0.15 | 11235.57 | 7615.09
259 | 0.14 | 10148.73 | 6769.62
260 | 0.07 | 8614.66 | 6925.10
262 | 0.09 | 10004.28 | 7832.00
266 | 0.08 | 8118.94 | 6188.02
267 | 0.11 | 9302.43 | 6647.42
268 | 0.13 | 9931.79 | 6794.04
270 | 0.10 | 8081.64 | 5667.98
271 | 0.13 | 5108.73 | 1970.98
272 | 0.07 | 9096.00 | 7406.44
276 | 0.06 | 8550.66 | 7102.47
277 | 0.07 | 7111.04 | 5421.49
284 | 0.14 | 5365.54 | 1986.43
287 | 0.14 | 6289.39 | 2910.28
289 | 0.09 | 3940.64 | 1768.35
Vehicle 6
Charging tour: 
320  -> 331  -> 291  -> 325  -> 303  -> 294  -> 297  -> 307  -> 304  -> 328  -> 333  -> 293  -> 309  -> 292  -> 318  -> 298  -> 299  -> 329  -> 310  -> 340  -> 339  -> 
Charging time: 
2458.363443235835  + 2025.8663435136245  + 351.3857459727431  + 1692.2938146768124  + 517.0542498973966  + 399.37660606208675  + 343.5254528243446  + 420.1091292366664  + 449.9491547103624  + 1793.3744472736919  + 1105.4851828598332  + 276.9991389936776  + 2735.2899246333063  + 482.4380058488573  + 1485.982085953429  + 449.9297102306824  + 366.9244065225893  + 722.0347295101992  + 872.260092515592  + 799.3464226222044  + 1548.184389375943  + 
total node:21/51
-------------------
Traveling energy: 1519.1376176506162
Charging energy: 106480.86238234941
Total energy used: 108000.00000000003
-------------------
Total time for travel: 1519.1376176506162
Total time for charging: 21296.17247646988
Charging round duration: 22815.310094120498
-------------------
ID | p | E0 | time_arrive | E_remain | time_charge | energy_charge| E_after_charge | E_after_cycle
320 | 0.15 | 2707.08 | 102.42 | 2691.72 | 2458.36 | 12291.82 | 14614.78 | 11378.42
331 | 0.12 | 2628.00 | 2587.24 | 2317.54 | 2025.87 | 10129.33 | 12203.76 | 9860.95
291 | 0.08 | 10100.93 | 4642.63 | 9729.52 | 351.39 | 1756.93 | 11458.34 | 9926.94
325 | 0.14 | 3670.35 | 5010.14 | 2968.93 | 1692.29 | 8461.47 | 11193.48 | 8752.71
303 | 0.14 | 12012.89 | 6711.61 | 11073.26 | 517.05 | 2585.27 | 13586.15 | 11219.05
294 | 0.09 | 9998.05 | 7294.18 | 9341.58 | 399.38 | 1996.88 | 11302.52 | 9822.65
297 | 0.08 | 10332.05 | 7770.20 | 9710.44 | 343.53 | 1717.63 | 11400.58 | 10118.76
307 | 0.10 | 10560.72 | 8229.08 | 9737.81 | 420.11 | 2100.55 | 11796.34 | 10247.61
304 | 0.11 | 10846.38 | 8664.20 | 9893.32 | 449.95 | 2249.75 | 12093.57 | 10441.11
328 | 0.13 | 3216.09 | 9221.01 | 2017.36 | 1793.37 | 8966.87 | 10751.09 | 9045.21
333 | 0.10 | 4013.31 | 11097.23 | 2903.59 | 1105.49 | 5527.43 | 8320.46 | 7127.08
293 | 0.06 | 9610.11 | 12248.66 | 8875.19 | 277.00 | 1385.00 | 10243.57 | 9546.91
309 | 0.15 | 2433.01 | 12558.45 | 549.24 | 2735.29 | 13676.45 | 13815.40 | 12488.98
292 | 0.14 | 12874.85 | 15422.14 | 10715.75 | 482.44 | 2412.19 | 13060.40 | 11907.92
318 | 0.11 | 3284.24 | 16057.91 | 1517.87 | 1485.98 | 7429.91 | 8784.32 | 8059.13
298 | 0.11 | 10846.85 | 17667.41 | 8903.43 | 449.93 | 2249.65 | 11103.59 | 10441.48
299 | 0.10 | 12091.47 | 18123.48 | 10279.12 | 366.92 | 1834.62 | 12077.05 | 11512.44
329 | 0.07 | 4301.26 | 18498.85 | 3006.34 | 722.03 | 3610.17 | 6565.97 | 6221.87
310 | 0.13 | 6612.31 | 19266.74 | 4107.63 | 872.26 | 4361.30 | 8355.54 | 7835.86
340 | 0.11 | 6105.39 | 20248.48 | 3878.05 | 799.35 | 3996.73 | 7786.86 | 7447.10
339 | 0.11 | 3152.29 | 21095.80 | 831.75 | 1548.18 | 7740.92 | 8402.37 | 8238.19
290 | 0.08 | 9562.47 | 7631.55
295 | 0.13 | 11789.73 | 8651.98
296 | 0.11 | 10925.85 | 8270.83
300 | 0.11 | 11899.86 | 9244.84
301 | 0.08 | 10657.73 | 8726.81
302 | 0.06 | 8916.92 | 7468.73
305 | 0.11 | 11791.21 | 9136.20
306 | 0.13 | 12532.79 | 9395.04
308 | 0.08 | 10652.86 | 8721.94
311 | 0.08 | 7918.03 | 5987.10
312 | 0.07 | 5308.07 | 3618.51
313 | 0.09 | 5796.71 | 3624.42
314 | 0.08 | 7615.74 | 5684.82
315 | 0.14 | 4216.57 | 837.46
316 | 0.09 | 6222.57 | 4050.28
317 | 0.10 | 3048.59 | 634.94
319 | 0.15 | 6372.52 | 2752.04
321 | 0.07 | 7905.28 | 6215.72
322 | 0.07 | 4995.28 | 3305.72
323 | 0.11 | 7100.43 | 4445.41
324 | 0.13 | 6162.68 | 3024.93
326 | 0.07 | 8939.54 | 7249.99
327 | 0.05 | 4223.34 | 3016.52
330 | 0.14 | 5684.91 | 2305.79
332 | 0.05 | 6930.70 | 5723.88
334 | 0.09 | 3438.03 | 1265.74
335 | 0.11 | 3328.18 | 673.16
336 | 0.11 | 3773.43 | 1118.41
337 | 0.11 | 5773.01 | 3117.99
338 | 0.06 | 7715.62 | 6267.43
Vehicle 7
Charging tour: 
379  -> 342  -> 353  -> 355  -> 389  -> 378  -> 380  -> 343  -> 390  -> 363  -> 376  -> 362  -> 369  -> 386  -> 344  -> 370  -> 382  -> 383  -> 388  -> 356  -> 387  -> 349  -> 357  -> 371  -> 359  -> 372  -> 350  -> 
Charging time: 
324.6916445369671  + 308.5247040581089  + 666.4075887056233  + 320.28253578143523  + 1498.9492407786786  + 1833.169991760516  + 827.1705895701508  + 516.8263295021594  + 3166.1873432027405  + 480.52098016200694  + 1176.5004918650973  + 609.5864993454227  + 475.265530296472  + 616.6672957276668  + 552.2499805306591  + 922.1566238094613  + 568.2092955607383  + 882.3303855292854  + 928.980131210595  + 444.2409156100544  + 659.1804665121659  + 454.6273432829894  + 305.3882161721707  + 664.6117677234538  + 729.5162620703593  + 636.9705370870707  + 657.564495389792  + 
total node:27/51
-------------------
Traveling energy: 1866.1140710907935
Charging energy: 106133.88592890922
Total energy used: 108000.00000000001
-------------------
Total time for travel: 1866.1140710907935
Total time for charging: 21226.777185781844
Charging round duration: 23092.891256872637
-------------------
ID | p | E0 | time_arrive | E_remain | time_charge | energy_charge| E_after_charge | E_after_cycle
379 | 0.06 | 7981.72 | 182.04 | 7970.79 | 324.69 | 1623.46 | 9574.77 | 8156.98
342 | 0.06 | 8399.96 | 564.41 | 8366.10 | 308.52 | 1542.62 | 9890.21 | 8494.40
353 | 0.14 | 9074.11 | 970.23 | 8938.28 | 666.41 | 3332.04 | 12177.02 | 9027.04
355 | 0.08 | 10788.79 | 1726.06 | 10650.71 | 320.28 | 1601.41 | 12226.50 | 10459.28
389 | 0.11 | 3169.73 | 2113.95 | 2937.19 | 1498.95 | 7494.75 | 10267.05 | 8009.46
378 | 0.14 | 3298.69 | 3698.96 | 2780.83 | 1833.17 | 9165.85 | 11690.04 | 9085.43
380 | 0.08 | 4177.45 | 5565.96 | 3732.17 | 827.17 | 4135.85 | 7801.85 | 6382.38
343 | 0.09 | 7521.67 | 6422.01 | 6943.68 | 516.83 | 2584.13 | 9481.30 | 7933.51
390 | 0.15 | 2046.31 | 6969.61 | 1000.87 | 3166.19 | 15830.94 | 16356.87 | 14256.76
363 | 0.10 | 8988.84 | 10149.68 | 7973.87 | 480.52 | 2402.60 | 10328.43 | 8977.79
376 | 0.11 | 4038.47 | 10741.19 | 2856.94 | 1176.50 | 5882.50 | 8610.02 | 7265.95
362 | 0.15 | 10628.50 | 12019.97 | 8825.51 | 609.59 | 3047.93 | 11782.00 | 10055.95
369 | 0.08 | 7270.59 | 12681.82 | 6256.05 | 475.27 | 2376.33 | 8594.35 | 7716.00
386 | 0.08 | 5603.45 | 13197.85 | 4547.62 | 616.67 | 3083.34 | 7581.62 | 6755.86
344 | 0.10 | 7821.33 | 13905.98 | 6430.73 | 552.25 | 2761.25 | 9136.75 | 8168.92
370 | 0.14 | 6557.52 | 14469.65 | 4531.77 | 922.16 | 4610.78 | 9013.45 | 7789.19
382 | 0.06 | 4560.99 | 15434.43 | 3634.92 | 568.21 | 2841.05 | 6441.88 | 5953.84
383 | 0.13 | 6363.97 | 16017.75 | 4281.66 | 882.33 | 4411.65 | 8578.61 | 7637.87
388 | 0.12 | 5579.44 | 16948.04 | 3545.68 | 928.98 | 4644.90 | 8079.10 | 7327.96
356 | 0.08 | 7778.35 | 17926.83 | 6344.20 | 444.24 | 2221.20 | 8529.87 | 8068.63
387 | 0.07 | 4586.80 | 18498.11 | 3291.93 | 659.18 | 3295.90 | 6541.69 | 6193.15
349 | 0.10 | 9500.81 | 19208.23 | 7579.98 | 454.63 | 2273.14 | 9807.66 | 9360.29
357 | 0.05 | 7071.86 | 19690.19 | 6087.35 | 305.39 | 1526.94 | 7599.03 | 7391.98
371 | 0.09 | 5849.12 | 20056.88 | 4044.00 | 664.61 | 3323.06 | 7307.25 | 6999.89
359 | 0.15 | 8881.22 | 20749.87 | 5768.73 | 729.52 | 3647.58 | 9306.89 | 8908.32
372 | 0.10 | 6781.05 | 21612.76 | 4619.77 | 636.97 | 3184.85 | 7740.93 | 7552.25
350 | 0.13 | 8539.28 | 22287.16 | 5641.95 | 657.56 | 3287.82 | 8844.29 | 8689.35
341 | 0.06 | 6971.34 | 5523.15
345 | 0.12 | 8294.01 | 5397.63
346 | 0.12 | 9224.49 | 6328.11
347 | 0.06 | 10234.28 | 8786.09
348 | 0.15 | 8874.56 | 5254.08
351 | 0.11 | 8151.94 | 5496.92
352 | 0.07 | 7072.03 | 5382.47
354 | 0.14 | 9211.28 | 5832.16
358 | 0.10 | 9057.16 | 6643.50
360 | 0.10 | 8353.60 | 5939.95
361 | 0.11 | 9885.67 | 7230.66
364 | 0.08 | 9113.40 | 7182.48
365 | 0.15 | 8982.20 | 5361.72
366 | 0.12 | 10339.09 | 7442.71
367 | 0.10 | 10625.64 | 8211.98
368 | 0.14 | 8874.84 | 5495.73
373 | 0.09 | 6666.33 | 4494.04
374 | 0.06 | 7924.59 | 6476.40
375 | 0.06 | 6123.20 | 4675.01
377 | 0.06 | 4244.86 | 2796.67
381 | 0.07 | 7781.16 | 6091.60
384 | 0.07 | 7469.98 | 5780.42
385 | 0.12 | 7476.00 | 4579.61
391 | 0.14 | 4173.12 | 794.00
Vehicle 8
Charging tour: 
417  -> 430  -> 399  -> 422  -> 414  -> 437  -> 418  -> 431  -> 426  -> 398  -> 407  -> 420  -> 429  -> 410  -> 423  -> 403  -> 435  -> 427  -> 434  -> 413  -> 409  -> 415  -> 405  -> 436  -> 408  -> 400  -> 
Charging time: 
886.6471614077825  + 408.1716946264055  + 344.53334913059285  + 616.233021239013  + 881.2936186704318  + 460.4294434801501  + 3168.2972989980067  + 1156.386310458208  + 770.169051917114  + 296.6188055121473  + 265.7968600994276  + 2097.5821713175947  + 685.6295752274481  + 826.9623212185401  + 1566.3335990694286  + 305.7788200125446  + 838.6450995195809  + 972.0547287215592  + 379.14929035418623  + 814.0859801773381  + 253.6657286827493  + 1171.3626424385036  + 382.7346491113932  + 1154.4501183587497  + 269.4961799217931  + 291.595581423158  + 
total node:26/46
-------------------
Traveling energy: 1679.4844945307766
Charging energy: 106320.51550546923
Total energy used: 108000.0
-------------------
Total time for travel: 1679.4844945307766
Total time for charging: 21264.103101093846
Charging round duration: 22943.587595624624
-------------------
ID | p | E0 | time_arrive | E_remain | time_charge | energy_charge| E_after_charge | E_after_cycle
417 | 0.12 | 5163.85 | 39.05 | 5159.16 | 886.65 | 4433.24 | 9486.00 | 6700.70
430 | 0.06 | 5608.56 | 1056.15 | 5545.19 | 408.17 | 2040.86 | 7561.56 | 6201.23
399 | 0.12 | 13289.02 | 1528.36 | 13105.61 | 344.53 | 1722.67 | 14786.94 | 12115.30
422 | 0.12 | 7429.84 | 1934.03 | 7197.75 | 616.23 | 3081.17 | 10204.97 | 7614.62
414 | 0.12 | 5195.22 | 2642.71 | 4878.09 | 881.29 | 4406.47 | 9178.80 | 6705.30
437 | 0.10 | 8286.67 | 3545.97 | 7932.07 | 460.43 | 2302.15 | 10188.17 | 8175.16
418 | 0.15 | 1806.38 | 4070.23 | 1195.84 | 3168.30 | 15841.49 | 16562.08 | 14027.38
431 | 0.11 | 3629.38 | 7260.61 | 2830.71 | 1156.39 | 5781.93 | 8485.44 | 6756.30
426 | 0.07 | 3467.81 | 8456.93 | 2875.82 | 770.17 | 3850.85 | 6672.76 | 5629.09
398 | 0.09 | 11576.75 | 9239.19 | 10745.23 | 296.62 | 1483.09 | 12201.62 | 10887.56
407 | 0.09 | 12919.20 | 9599.96 | 12055.20 | 265.80 | 1328.98 | 13360.26 | 12075.90
420 | 0.14 | 2546.55 | 9920.51 | 1157.68 | 2097.58 | 10487.91 | 11351.93 | 9655.35
429 | 0.12 | 6677.82 | 12047.68 | 5232.10 | 685.63 | 3428.15 | 8577.97 | 7209.58
410 | 0.12 | 5536.54 | 12758.97 | 4005.46 | 826.96 | 4134.81 | 8041.04 | 6774.97
423 | 0.11 | 2679.48 | 13638.13 | 1179.29 | 1566.33 | 7831.67 | 8838.66 | 7856.13
403 | 0.10 | 12477.73 | 15207.60 | 10956.97 | 305.78 | 1528.89 | 12455.28 | 11592.97
435 | 0.10 | 4549.51 | 15567.03 | 2992.81 | 838.65 | 4193.23 | 7102.17 | 6329.08
427 | 0.14 | 5495.16 | 16439.41 | 3193.64 | 972.05 | 4860.27 | 7917.83 | 6976.32
434 | 0.08 | 8050.50 | 17491.27 | 6651.19 | 379.15 | 1895.75 | 8516.61 | 8015.32
413 | 0.14 | 6561.46 | 17917.16 | 4053.06 | 814.09 | 4070.43 | 8009.52 | 7252.78
409 | 0.07 | 10528.81 | 18896.65 | 9206.04 | 253.67 | 1268.33 | 10456.61 | 10107.58
415 | 0.10 | 3257.25 | 19233.93 | 1333.86 | 1171.36 | 5856.81 | 7073.54 | 6700.41
405 | 0.14 | 13956.39 | 20466.72 | 11091.05 | 382.73 | 1913.67 | 12951.14 | 12490.95
436 | 0.14 | 4626.96 | 20949.36 | 1694.05 | 1154.45 | 5772.25 | 7304.68 | 7020.10
408 | 0.08 | 11326.10 | 22174.41 | 9552.14 | 269.50 | 1347.48 | 10878.07 | 10742.66
400 | 0.09 | 11776.18 | 22482.61 | 9752.75 | 291.60 | 1457.98 | 11184.48 | 11061.87
392 | 0.07 | 11163.86 | 9474.30
393 | 0.10 | 11984.49 | 9570.83
394 | 0.08 | 10984.78 | 9053.86
395 | 0.12 | 13099.15 | 10202.77
396 | 0.05 | 11756.78 | 10549.95
397 | 0.11 | 12673.18 | 10018.16
401 | 0.10 | 12024.42 | 9610.76
402 | 0.06 | 11135.40 | 9687.21
404 | 0.11 | 12597.34 | 9942.32
406 | 0.07 | 10933.81 | 9244.25
411 | 0.08 | 3461.65 | 1530.73
412 | 0.10 | 3961.74 | 1548.09
416 | 0.05 | 4216.31 | 3009.49
419 | 0.12 | 6243.80 | 3347.42
421 | 0.10 | 7200.01 | 4786.36
424 | 0.07 | 3859.42 | 2169.86
425 | 0.10 | 6664.56 | 4250.91
428 | 0.14 | 7010.52 | 3631.40
432 | 0.11 | 7759.51 | 5104.49
433 | 0.15 | 4844.05 | 1223.57
Vehicle 9
Charging tour: 
460  -> 455  -> 461  -> 490  -> 480  -> 457  -> 466  -> 452  -> 486  -> 473  -> 484  -> 476  -> 475  -> 454  -> 444  -> 448  -> 487  -> 464  -> 469  -> 477  -> 482  -> 451  -> 462  -> 458  -> 
Charging time: 
648.6302760145799  + 685.5461491778082  + 809.5912943771895  + 2481.196437698704  + 1704.0468705468222  + 679.8152287572203  + 753.4721508431692  + 448.86024185239023  + 942.9767576664259  + 3095.7503896899493  + 555.3230880298883  + 549.6257782267259  + 685.0746273236073  + 569.7244416142399  + 383.41582389086585  + 676.7111746041594  + 627.9064645272912  + 651.4221716042456  + 443.118231049298  + 687.6098459642634  + 1337.6813323081076  + 766.8727321852818  + 733.815149415522  + 384.3382396848439  + 
total node:24/53
-------------------
Traveling energy: 1487.3755147370302
Charging energy: 106512.62448526299
Total energy used: 108000.00000000001
-------------------
Total time for travel: 1487.3755147370302
Total time for charging: 21302.524897052597
Charging round duration: 22789.900411789626
-------------------
ID | p | E0 | time_arrive | E_remain | time_charge | energy_charge| E_after_charge | E_after_cycle
460 | 0.13 | 9240.76 | 28.95 | 9237.00 | 648.63 | 3243.15 | 12395.83 | 9346.17
455 | 0.15 | 10088.26 | 779.28 | 9971.37 | 685.55 | 3427.73 | 13296.27 | 9895.51
461 | 0.15 | 8542.54 | 1501.68 | 8317.29 | 809.59 | 4047.96 | 12243.81 | 8970.02
490 | 0.12 | 2229.88 | 2389.26 | 1943.17 | 2481.20 | 12405.98 | 14051.41 | 11739.48
480 | 0.11 | 2976.27 | 4945.07 | 2432.32 | 1704.05 | 8520.23 | 10765.11 | 8841.49
457 | 0.13 | 8816.87 | 6674.70 | 7949.15 | 679.82 | 3399.08 | 11259.85 | 9078.19
466 | 0.14 | 8566.88 | 7387.53 | 7532.62 | 753.47 | 3767.36 | 11194.50 | 8955.12
452 | 0.07 | 7190.33 | 8156.79 | 6619.35 | 448.86 | 2244.30 | 8832.23 | 7745.07
486 | 0.14 | 6845.24 | 8639.81 | 5635.67 | 942.98 | 4714.88 | 10218.54 | 8181.01
473 | 0.13 | 1936.15 | 9621.86 | 685.31 | 3095.75 | 15478.75 | 15761.61 | 14277.15
484 | 0.06 | 4981.58 | 12736.83 | 4217.37 | 555.32 | 2776.62 | 6960.67 | 6310.01
476 | 0.09 | 7549.83 | 13373.60 | 6346.21 | 549.63 | 2748.13 | 9044.87 | 8125.67
475 | 0.10 | 6730.14 | 14042.19 | 5325.92 | 685.07 | 3425.37 | 8682.78 | 7741.86
454 | 0.10 | 8092.76 | 14892.10 | 6603.55 | 569.72 | 2848.62 | 9395.20 | 8527.73
444 | 0.07 | 8417.63 | 15594.20 | 7326.03 | 383.42 | 1917.08 | 9216.27 | 8645.15
448 | 0.12 | 8175.98 | 16006.19 | 6255.23 | 676.71 | 3383.56 | 9557.58 | 8663.15
487 | 0.11 | 8077.17 | 16708.29 | 6239.26 | 627.91 | 3139.53 | 9309.73 | 8561.69
464 | 0.12 | 8493.38 | 17356.74 | 6410.57 | 651.42 | 3257.11 | 9589.51 | 8854.11
469 | 0.06 | 6243.00 | 18051.57 | 5159.91 | 443.12 | 2215.59 | 7348.91 | 7010.40
477 | 0.10 | 6705.32 | 18544.83 | 4850.84 | 687.61 | 3438.05 | 8220.13 | 7729.72
482 | 0.15 | 5170.12 | 19296.08 | 2275.70 | 1337.68 | 6688.41 | 8763.46 | 8238.04
451 | 0.14 | 8417.18 | 20720.24 | 5516.34 | 766.87 | 3834.36 | 9243.35 | 8872.43
462 | 0.13 | 8168.05 | 21525.14 | 5369.78 | 733.82 | 3669.08 | 8943.46 | 8699.38
458 | 0.08 | 9597.06 | 22317.44 | 7811.66 | 384.34 | 1921.69 | 9702.61 | 9587.83
438 | 0.11 | 8326.77 | 5671.75
439 | 0.08 | 10119.48 | 8188.56
440 | 0.09 | 8558.59 | 6386.31
441 | 0.06 | 8971.77 | 7523.57
442 | 0.14 | 8357.14 | 4978.02
443 | 0.05 | 8221.38 | 7014.56
445 | 0.08 | 10613.90 | 8682.97
446 | 0.06 | 7359.15 | 5910.96
447 | 0.07 | 9055.85 | 7366.29
449 | 0.07 | 7909.31 | 6219.75
450 | 0.08 | 7292.53 | 5361.61
453 | 0.12 | 10262.53 | 7366.14
456 | 0.15 | 8525.04 | 4904.56
459 | 0.07 | 10075.53 | 8385.98
463 | 0.12 | 9587.04 | 6690.65
465 | 0.15 | 10391.77 | 6771.29
467 | 0.11 | 8051.34 | 5396.32
468 | 0.09 | 8918.13 | 6745.84
470 | 0.08 | 6820.08 | 4889.16
471 | 0.11 | 5031.62 | 2376.60
472 | 0.10 | 5499.66 | 3086.01
474 | 0.09 | 8602.78 | 6430.49
478 | 0.09 | 4900.64 | 2728.35
479 | 0.07 | 8271.75 | 6582.20
481 | 0.10 | 3443.93 | 1030.27
483 | 0.06 | 8709.38 | 7261.19
485 | 0.09 | 4149.02 | 1976.73
488 | 0.15 | 6379.47 | 2758.99
489 | 0.08 | 8296.59 | 6365.67
Vehicle 10
Charging tour: 
512  -> 507  -> 529  -> 511  -> 539  -> 494  -> 526  -> 510  -> 523  -> 525  -> 537  -> 506  -> 499  -> 514  -> 528  -> 508  -> 500  -> 495  -> 493  -> 518  -> 516  -> 520  -> 504  -> 501  -> 530  -> 536  -> 509  -> 522  -> 496  -> 534  -> 515  -> 533  -> 
Charging time: 
448.3167624292356  + 517.2430346614401  + 1866.6238481116002  + 457.2804262652172  + 322.99324551699715  + 424.5178771710485  + 780.1274655493521  + 470.3136992777239  + 869.8307585236562  + 292.79776953038635  + 533.827144515535  + 306.4698698111583  + 361.66325528368844  + 435.78560664261806  + 2804.3054605055877  + 456.01690553025765  + 352.43937158074516  + 237.05356570916106  + 502.8884819880347  + 445.6007606841465  + 1012.5350134170824  + 1085.4674561481581  + 233.87764768054558  + 439.8271741276304  + 605.1739242159274  + 1066.369097228676  + 453.5453604659578  + 740.9327972182508  + 334.2549107623737  + 443.65415189724513  + 1050.210202666286  + 874.7282443482326  + 
total node:32/50
-------------------
Traveling energy: 1866.6435526802154
Charging energy: 106133.35644731979
Total energy used: 108000.0
-------------------
Total time for travel: 1866.6435526802154
Total time for charging: 21226.671289463957
Charging round duration: 23093.314842144173
-------------------
ID | p | E0 | time_arrive | E_remain | time_charge | energy_charge| E_after_charge | E_after_cycle
512 | 0.13 | 11296.78 | 104.98 | 11283.13 | 448.32 | 2241.58 | 13466.44 | 10400.61
507 | 0.14 | 10544.59 | 639.46 | 10455.07 | 517.24 | 2586.22 | 12968.87 | 9751.69
529 | 0.13 | 2713.21 | 1194.89 | 2557.87 | 1866.62 | 9333.12 | 11648.33 | 8908.58
511 | 0.13 | 11075.34 | 3105.83 | 10671.58 | 457.28 | 2286.40 | 12898.54 | 10223.99
539 | 0.06 | 7236.93 | 3587.44 | 7021.68 | 322.99 | 1614.97 | 8617.27 | 7403.70
494 | 0.10 | 9176.99 | 3957.72 | 8781.22 | 424.52 | 2122.59 | 10861.36 | 8885.93
526 | 0.13 | 6491.93 | 4402.84 | 5919.56 | 780.13 | 3900.64 | 9718.79 | 7254.82
510 | 0.12 | 9940.08 | 5268.83 | 9307.82 | 470.31 | 2351.57 | 11602.95 | 9395.27
523 | 0.09 | 4030.92 | 5782.70 | 3510.48 | 869.83 | 4349.15 | 7781.34 | 6207.78
525 | 0.06 | 7983.25 | 6679.30 | 7582.49 | 292.80 | 1463.99 | 9028.91 | 7999.05
537 | 0.09 | 6568.08 | 7032.02 | 5935.19 | 533.83 | 2669.14 | 8556.28 | 7064.92
506 | 0.06 | 7627.11 | 7594.69 | 7171.42 | 306.47 | 1532.35 | 8685.39 | 7711.26
499 | 0.09 | 9694.70 | 7932.77 | 8980.75 | 361.66 | 1808.32 | 10756.52 | 9330.73
514 | 0.12 | 10727.65 | 8299.80 | 9731.68 | 435.79 | 2178.93 | 11858.31 | 10010.20
528 | 0.15 | 2083.83 | 8818.64 | 761.03 | 2804.31 | 14021.53 | 14361.91 | 12484.88
508 | 0.12 | 10251.72 | 11722.57 | 8845.01 | 456.02 | 2280.08 | 11070.37 | 9635.42
500 | 0.09 | 9948.43 | 12272.42 | 8843.91 | 352.44 | 1762.20 | 10574.39 | 9538.34
495 | 0.05 | 8217.12 | 12702.12 | 7582.02 | 237.05 | 1185.27 | 8755.43 | 8195.56
493 | 0.13 | 10070.89 | 13017.44 | 8378.63 | 502.89 | 2514.44 | 10827.69 | 9447.59
518 | 0.08 | 6994.24 | 13555.17 | 5909.82 | 445.60 | 2228.00 | 8102.18 | 7291.32
516 | 0.09 | 3462.81 | 14113.81 | 2192.57 | 1012.54 | 5062.68 | 7164.11 | 6353.20
520 | 0.11 | 3947.95 | 15243.82 | 2271.13 | 1085.47 | 5427.34 | 7579.07 | 6720.27
504 | 0.05 | 8328.71 | 16345.13 | 7511.45 | 233.88 | 1169.39 | 8669.14 | 8291.27
501 | 0.13 | 11514.83 | 16695.14 | 9344.46 | 439.83 | 2199.14 | 11486.42 | 10576.22
530 | 0.09 | 5793.73 | 17176.62 | 4247.84 | 605.17 | 3025.87 | 7219.24 | 6647.32
536 | 0.13 | 4749.33 | 17801.25 | 2435.17 | 1066.37 | 5331.85 | 7628.38 | 6943.42
509 | 0.13 | 11166.55 | 18877.95 | 8712.41 | 453.55 | 2267.73 | 10921.18 | 10296.53
522 | 0.13 | 6835.35 | 19343.93 | 4320.64 | 740.93 | 3704.66 | 7928.98 | 7402.27
496 | 0.07 | 8158.62 | 20139.93 | 6748.82 | 334.25 | 1671.27 | 8396.70 | 8140.33
534 | 0.08 | 7024.93 | 20517.86 | 5383.50 | 443.65 | 2218.27 | 7566.28 | 7312.27
515 | 0.11 | 4080.49 | 21006.10 | 1769.82 | 1050.21 | 5251.05 | 6905.35 | 6676.53
533 | 0.13 | 5789.84 | 22073.28 | 2920.31 | 874.73 | 4373.64 | 7180.24 | 7025.73
491 | 0.09 | 10338.47 | 8166.18
492 | 0.14 | 10365.55 | 6986.43
497 | 0.14 | 10330.59 | 6951.47
498 | 0.07 | 9093.43 | 7403.87
502 | 0.06 | 10652.18 | 9203.99
503 | 0.10 | 9734.92 | 7321.27
505 | 0.14 | 11084.60 | 7705.49
513 | 0.06 | 8423.30 | 6975.10
517 | 0.07 | 7086.32 | 5396.76
519 | 0.13 | 5842.70 | 2704.95
521 | 0.14 | 6988.05 | 3608.94
524 | 0.13 | 7072.85 | 3935.10
527 | 0.06 | 3811.18 | 2362.99
531 | 0.11 | 6275.32 | 3620.31
532 | 0.09 | 3163.03 | 990.74
535 | 0.13 | 4106.52 | 968.78
538 | 0.07 | 4391.56 | 2702.01
540 | 0.09 | 7486.38 | 5314.10
Vehicle 11
Charging tour: 
574  -> 550  -> 578  -> 587  -> 591  -> 561  -> 544  -> 541  -> 556  -> 565  -> 586  -> 585  -> 575  -> 555  -> 573  -> 569  -> 542  -> 545  -> 567  -> 564  -> 593  -> 577  -> 589  -> 579  -> 566  -> 583  -> 582  -> 560  -> 584  -> 
Charging time: 
2802.724017473128  + 289.8051244373814  + 220.22244294066945  + 806.0770130981097  + 761.6631351710971  + 281.33635571910634  + 464.89596298169613  + 261.3318455063564  + 466.66185712824574  + 281.74520566136584  + 749.9334482833835  + 1318.2388078284478  + 541.2376215228034  + 509.31920334718217  + 549.5822059381311  + 1488.590615787082  + 420.13596927369656  + 453.26953079583785  + 297.5563042957238  + 520.4633564240211  + 1319.4167810328274  + 1291.818263295144  + 1346.466883144691  + 686.3516997850727  + 370.5019232155257  + 880.669500215585  + 653.9658028399105  + 358.56083975073796  + 766.3517408124372  + 
total node:29/53
-------------------
Traveling energy: 2205.5327114729926
Charging energy: 105794.467288527
Total energy used: 107999.99999999999
-------------------
Total time for travel: 2205.5327114729926
Total time for charging: 21158.8934577054
Charging round duration: 23364.42616917839
-------------------
ID | p | E0 | time_arrive | E_remain | time_charge | energy_charge| E_after_charge | E_after_cycle
574 | 0.15 | 1824.40 | 90.13 | 1810.88 | 2802.72 | 14013.62 | 15404.09 | 12217.54
550 | 0.09 | 10586.34 | 2916.17 | 10323.88 | 289.81 | 1449.03 | 11746.83 | 9863.08
578 | 0.06 | 9287.50 | 3270.59 | 9091.27 | 220.22 | 1101.11 | 10179.17 | 8940.42
587 | 0.10 | 4228.95 | 3545.85 | 3874.37 | 806.08 | 4030.39 | 7824.15 | 5845.68
591 | 0.09 | 4027.99 | 4433.90 | 3628.94 | 761.66 | 3808.32 | 7368.71 | 5664.02
561 | 0.08 | 9693.34 | 5271.57 | 9271.61 | 281.34 | 1406.68 | 10655.79 | 9169.10
544 | 0.13 | 9532.28 | 5622.78 | 8801.32 | 464.90 | 2324.48 | 11065.36 | 8719.01
541 | 0.07 | 9130.93 | 6154.97 | 8700.08 | 261.33 | 1306.66 | 9988.45 | 8748.03
556 | 0.13 | 9496.21 | 6474.41 | 8654.54 | 466.66 | 2333.31 | 10927.18 | 8691.77
565 | 0.06 | 7259.46 | 6971.38 | 6841.17 | 281.75 | 1408.73 | 8232.99 | 7219.99
586 | 0.14 | 6363.77 | 7285.41 | 5343.81 | 749.93 | 3749.67 | 8988.49 | 6734.33
585 | 0.15 | 3878.88 | 8055.49 | 2670.56 | 1318.24 | 6591.19 | 9064.02 | 6849.60
575 | 0.09 | 5668.44 | 9468.48 | 4816.28 | 541.24 | 2706.19 | 7473.76 | 6202.34
555 | 0.15 | 10039.46 | 10131.75 | 8519.70 | 509.32 | 2546.60 | 10989.90 | 8965.58
573 | 0.06 | 3721.58 | 10666.56 | 3081.59 | 549.58 | 2747.91 | 5796.53 | 5021.30
569 | 0.11 | 2518.99 | 11381.61 | 1267.02 | 1488.59 | 7442.95 | 8546.22 | 7306.93
542 | 0.12 | 9736.45 | 12877.46 | 8191.16 | 420.14 | 2100.68 | 10241.42 | 8940.75
545 | 0.13 | 9776.79 | 13368.80 | 8038.84 | 453.27 | 2266.35 | 10246.27 | 8905.39
567 | 0.07 | 8019.33 | 13899.81 | 7046.35 | 297.56 | 1487.78 | 8513.30 | 7817.56
564 | 0.15 | 9824.50 | 14329.26 | 7675.11 | 520.46 | 2602.32 | 10199.36 | 8806.34
593 | 0.15 | 3875.42 | 14883.33 | 1642.92 | 1319.42 | 6597.08 | 8042.09 | 6852.02
577 | 0.15 | 3958.21 | 16283.61 | 1515.67 | 1291.82 | 6459.09 | 7780.99 | 6796.82
589 | 0.13 | 3291.22 | 17644.29 | 997.46 | 1346.47 | 6732.33 | 7554.76 | 6885.81
579 | 0.08 | 3973.31 | 19071.42 | 2447.60 | 686.35 | 3431.76 | 5824.45 | 5474.15
566 | 0.10 | 9200.66 | 19835.78 | 7217.08 | 370.50 | 1852.51 | 9032.54 | 8639.51
583 | 0.13 | 5031.99 | 20288.02 | 2394.55 | 880.67 | 4403.35 | 6683.41 | 6297.59
582 | 0.08 | 4170.08 | 21331.80 | 2463.53 | 653.97 | 3269.83 | 5681.05 | 5508.99
560 | 0.11 | 10457.77 | 22027.21 | 8034.78 | 358.56 | 1792.80 | 9788.14 | 9595.56
584 | 0.10 | 4448.17 | 22418.23 | 2206.34 | 766.35 | 3831.76 | 5961.47 | 5866.27
543 | 0.11 | 9467.97 | 6812.96
546 | 0.09 | 9559.82 | 7387.53
547 | 0.13 | 10428.91 | 7291.16
548 | 0.13 | 9774.44 | 6636.69
549 | 0.09 | 9663.70 | 7491.41
551 | 0.09 | 8395.40 | 6223.11
552 | 0.14 | 10632.41 | 7253.29
553 | 0.11 | 10208.73 | 7553.71
554 | 0.06 | 9471.55 | 8023.36
557 | 0.14 | 9852.44 | 6473.32
558 | 0.06 | 10459.93 | 9011.74
559 | 0.10 | 10209.20 | 7795.54
562 | 0.11 | 10242.61 | 7587.59
563 | 0.11 | 10941.07 | 8286.06
568 | 0.14 | 4976.60 | 1597.49
570 | 0.10 | 7640.93 | 5227.27
571 | 0.10 | 7913.06 | 5499.41
572 | 0.12 | 5862.48 | 2966.09
576 | 0.06 | 6901.89 | 5453.70
580 | 0.13 | 6585.19 | 3447.45
581 | 0.05 | 4691.73 | 3484.91
588 | 0.11 | 5843.39 | 3188.37
590 | 0.15 | 4247.38 | 626.90
592 | 0.14 | 4586.97 | 1207.85
Vehicle 12
Charging tour: 
626  -> 648  -> 639  -> 629  -> 645  -> 640  -> 616  -> 620  -> 615  -> 612  -> 638  -> 632  -> 635  -> 624  -> 609  -> 647  -> 604  -> 641  -> 634  -> 644  -> 613  -> 614  -> 598  -> 623  -> 608  -> 630  -> 
Charging time: 
1085.3219270061272  + 1200.01846159789  + 531.0778905927056  + 2866.1786282644052  + 315.17725123645994  + 2538.259775377694  + 360.61806211064123  + 456.7485699943354  + 422.5564073816596  + 241.92122296955887  + 459.9961519875015  + 774.3924795595182  + 523.0657675681844  + 1578.162056155812  + 397.43254859590803  + 735.723572122909  + 417.0827564909538  + 248.5274456115368  + 758.2319713296181  + 1327.4941883147926  + 406.0217210241354  + 217.84499343640948  + 427.40309089300837  + 1296.9429013295799  + 250.87112585374558  + 1468.0167089232937  + 
total node:26/55
-------------------
Traveling energy: 1474.5616213580583
Charging energy: 106525.43837864192
Total energy used: 107999.99999999999
-------------------
Total time for travel: 1474.5616213580583
Total time for charging: 21305.087675728384
Charging round duration: 22779.649297086442
-------------------
ID | p | E0 | time_arrive | E_remain | time_charge | energy_charge| E_after_charge | E_after_cycle
626 | 0.12 | 4030.53 | 98.85 | 4018.67 | 1085.32 | 5426.61 | 9315.04 | 6560.75
648 | 0.10 | 3037.75 | 1259.18 | 2911.83 | 1200.02 | 6000.09 | 8791.92 | 6624.19
639 | 0.11 | 7550.47 | 2465.50 | 7279.26 | 531.08 | 2655.39 | 9876.23 | 7550.84
629 | 0.14 | 1780.59 | 3013.26 | 1358.73 | 2866.18 | 14330.89 | 15288.36 | 12732.37
645 | 0.05 | 5783.02 | 5974.75 | 5484.28 | 315.18 | 1575.89 | 7044.41 | 6152.08
640 | 0.15 | 2154.24 | 6390.40 | 1195.68 | 2538.26 | 12691.30 | 13506.24 | 11225.06
616 | 0.10 | 10108.62 | 8975.28 | 9211.09 | 360.62 | 1803.09 | 10978.12 | 9498.06
620 | 0.14 | 11173.52 | 9381.62 | 9860.10 | 456.75 | 2283.74 | 12079.90 | 10078.15
615 | 0.11 | 9489.59 | 9851.90 | 8405.88 | 422.56 | 2112.78 | 10472.18 | 8947.35
612 | 0.05 | 7534.17 | 10404.35 | 7013.95 | 241.92 | 1209.61 | 8211.46 | 7536.95
638 | 0.09 | 7132.27 | 10720.42 | 6167.43 | 460.00 | 2299.98 | 8426.01 | 7259.96
632 | 0.11 | 5178.11 | 11247.41 | 3940.89 | 774.39 | 3871.96 | 7727.67 | 6395.05
635 | 0.07 | 4878.44 | 12115.03 | 4030.39 | 523.07 | 2615.33 | 6609.10 | 5804.21
624 | 0.15 | 3464.81 | 12656.48 | 1566.33 | 1578.16 | 7890.81 | 9220.42 | 7735.14
609 | 0.12 | 11006.70 | 14250.82 | 9296.60 | 397.43 | 1987.16 | 11236.07 | 10097.48
647 | 0.12 | 5945.74 | 14671.47 | 4185.16 | 735.72 | 3678.62 | 7775.50 | 6727.97
604 | 0.12 | 10488.14 | 15446.61 | 8634.54 | 417.08 | 2085.41 | 10669.91 | 9677.17
641 | 0.06 | 8800.68 | 15903.91 | 7846.45 | 248.53 | 1242.64 | 9074.17 | 8595.13
634 | 0.14 | 6730.78 | 16159.42 | 4468.46 | 758.23 | 3791.16 | 8153.47 | 7142.82
644 | 0.13 | 3569.85 | 16993.46 | 1360.70 | 1327.49 | 6637.47 | 7825.60 | 7069.57
613 | 0.12 | 10773.86 | 18349.27 | 8571.95 | 406.02 | 2030.11 | 10553.33 | 9907.59
614 | 0.05 | 8366.85 | 18790.95 | 7427.30 | 217.84 | 1089.22 | 8505.63 | 8249.24
598 | 0.11 | 9381.98 | 19074.14 | 7283.82 | 427.40 | 2137.02 | 9373.82 | 8863.97
623 | 0.11 | 3091.80 | 19543.87 | 941.97 | 1296.94 | 6484.71 | 7284.02 | 6921.49
608 | 0.07 | 10171.54 | 20876.26 | 8710.20 | 250.87 | 1254.36 | 9947.00 | 9736.34
630 | 0.15 | 3724.77 | 21225.17 | 541.00 | 1468.02 | 7340.08 | 7660.88 | 7444.38
594 | 0.09 | 10824.46 | 8652.17
595 | 0.14 | 11409.39 | 8030.27
596 | 0.09 | 11162.77 | 8990.48
597 | 0.12 | 9475.33 | 6578.95
599 | 0.07 | 9091.06 | 7401.51
600 | 0.09 | 9559.40 | 7387.11
601 | 0.07 | 11130.67 | 9441.11
602 | 0.11 | 11209.94 | 8554.92
603 | 0.07 | 9019.36 | 7329.80
605 | 0.10 | 9951.98 | 7538.32
606 | 0.07 | 7790.59 | 6101.04
607 | 0.10 | 10056.56 | 7642.91
610 | 0.05 | 7749.88 | 6543.05
611 | 0.14 | 10240.09 | 6860.97
617 | 0.06 | 10544.93 | 9096.74
618 | 0.05 | 6991.19 | 5784.37
619 | 0.13 | 9752.32 | 6614.57
621 | 0.15 | 10613.44 | 6992.96
622 | 0.05 | 6505.18 | 5298.35
625 | 0.14 | 4791.43 | 1412.31
627 | 0.12 | 6652.09 | 3755.71
628 | 0.10 | 5805.21 | 3391.56
631 | 0.05 | 8838.66 | 7631.83
633 | 0.14 | 6719.89 | 3340.78
636 | 0.11 | 5078.68 | 2423.67
637 | 0.14 | 4149.92 | 770.80
642 | 0.06 | 8271.04 | 6822.85
643 | 0.12 | 7428.04 | 4531.65
646 | 0.12 | 7877.83 | 4981.45
Vehicle 13
Charging tour: 
691  -> 656  -> 658  -> 685  -> 692  -> 694  -> 696  -> 661  -> 682  -> 650  -> 649  -> 684  -> 653  -> 669  -> 668  -> 680  -> 676  -> 690  -> 697  -> 671  -> 695  -> 687  -> 678  -> 651  -> 662  -> 679  -> 657  -> 654  -> 673  -> 664  -> 
Charging time: 
820.2525948398778  + 385.1845308340193  + 490.1616785823435  + 916.4250557946826  + 428.34335728506926  + 1679.9405387728896  + 1439.976216371835  + 486.5673151266197  + 493.03211749223277  + 194.93285659387578  + 332.6337561285573  + 771.0916645399124  + 243.77062813192964  + 404.5553772968691  + 307.54481869502865  + 692.2344172708986  + 1399.2816173149824  + 1789.8150621378254  + 435.49618747661606  + 403.4931905590764  + 593.4996901331352  + 1686.196880651009  + 721.2391111620859  + 270.4549509979236  + 442.50732503313225  + 682.2273874537445  + 353.7215738303609  + 426.3348814603652  + 1565.8236533448878  + 387.62044316632597  + 
total node:30/49
-------------------
Traveling energy: 1778.2056076094436
Charging energy: 106221.79439239057
Total energy used: 108000.00000000001
-------------------
Total time for travel: 1778.2056076094436
Total time for charging: 21244.358878478113
Charging round duration: 23022.564486087558
-------------------
ID | p | E0 | time_arrive | E_remain | time_charge | energy_charge| E_after_charge | E_after_cycle
691 | 0.14 | 6732.67 | 198.59 | 6704.87 | 820.25 | 4101.26 | 10691.30 | 7454.82
656 | 0.10 | 10240.91 | 1083.07 | 10132.60 | 385.18 | 1925.92 | 12020.00 | 9753.18
658 | 0.13 | 10461.92 | 1476.61 | 10269.96 | 490.16 | 2450.81 | 12657.04 | 9774.98
685 | 0.08 | 3443.50 | 1998.10 | 3283.65 | 916.43 | 4582.13 | 7792.46 | 6094.70
692 | 0.08 | 7367.25 | 2987.69 | 7128.23 | 428.34 | 2141.72 | 9235.68 | 7578.04
694 | 0.13 | 3052.51 | 3472.37 | 2601.10 | 1679.94 | 8399.70 | 10782.41 | 8314.46
696 | 0.14 | 3835.13 | 5172.56 | 3110.97 | 1439.98 | 7199.88 | 10109.25 | 7655.90
661 | 0.13 | 10539.20 | 6633.50 | 9676.84 | 486.57 | 2432.84 | 12046.43 | 9834.29
682 | 0.10 | 8000.77 | 7134.49 | 7287.32 | 493.03 | 2465.16 | 9703.18 | 8052.28
650 | 0.05 | 10117.94 | 7644.63 | 9735.71 | 194.93 | 974.66 | 10700.63 | 9885.78
649 | 0.07 | 8301.16 | 7897.10 | 7748.37 | 332.63 | 1663.17 | 9388.25 | 8274.77
684 | 0.13 | 6650.35 | 8319.63 | 5568.80 | 771.09 | 3855.46 | 9324.02 | 7368.06
653 | 0.07 | 11327.23 | 9131.13 | 10688.05 | 243.77 | 1218.85 | 11889.84 | 10856.53
669 | 0.11 | 10725.61 | 9485.00 | 9682.26 | 404.56 | 2022.78 | 11660.53 | 10093.37
668 | 0.09 | 11543.60 | 9982.45 | 10645.18 | 307.54 | 1537.72 | 12155.23 | 10909.04
680 | 0.12 | 6838.10 | 10297.29 | 5602.42 | 692.23 | 3461.17 | 8980.53 | 7402.89
676 | 0.13 | 3664.76 | 11095.03 | 2222.41 | 1399.28 | 6996.41 | 9036.91 | 7523.42
690 | 0.15 | 3305.90 | 12589.92 | 1417.42 | 1789.82 | 8949.08 | 10098.02 | 8634.50
697 | 0.09 | 8152.02 | 14429.85 | 6853.34 | 435.50 | 2177.48 | 8991.62 | 8157.22
671 | 0.11 | 10753.84 | 14926.74 | 9111.90 | 403.49 | 2017.47 | 11084.98 | 10116.29
695 | 0.10 | 6646.40 | 15333.14 | 5113.09 | 593.50 | 2967.50 | 8021.24 | 7200.25
687 | 0.11 | 2573.31 | 16004.87 | 812.77 | 1686.20 | 8430.98 | 9058.27 | 8349.27
678 | 0.13 | 7110.03 | 17719.94 | 4806.44 | 721.24 | 3606.20 | 8318.87 | 7578.47
651 | 0.06 | 8751.12 | 18478.28 | 7642.42 | 270.45 | 1352.27 | 8978.47 | 8655.20
662 | 0.13 | 11588.58 | 18781.24 | 9147.02 | 442.51 | 2212.54 | 11302.03 | 10663.36
679 | 0.13 | 7516.60 | 19248.04 | 5014.35 | 682.23 | 3411.14 | 8336.80 | 7789.99
657 | 0.10 | 11151.82 | 20032.14 | 9148.60 | 353.72 | 1768.61 | 10881.84 | 10506.77
654 | 0.11 | 10177.69 | 20395.52 | 7934.18 | 426.33 | 2131.67 | 10018.96 | 9654.34
673 | 0.13 | 3274.97 | 20917.55 | 555.69 | 1565.82 | 7829.12 | 8181.25 | 7966.34
664 | 0.10 | 10176.55 | 22552.48 | 7921.30 | 387.62 | 1938.10 | 9820.64 | 9701.00
652 | 0.08 | 10499.47 | 8568.55
655 | 0.08 | 11342.09 | 9411.17
659 | 0.05 | 9668.88 | 8462.05
660 | 0.09 | 10755.41 | 8583.12
663 | 0.10 | 9646.45 | 7232.80
665 | 0.08 | 8736.51 | 6805.58
666 | 0.13 | 10460.85 | 7323.10
667 | 0.10 | 9581.63 | 7167.97
670 | 0.13 | 10511.25 | 7373.50
672 | 0.09 | 9149.72 | 6977.43
674 | 0.08 | 6404.83 | 4473.90
675 | 0.06 | 5356.68 | 3908.49
677 | 0.08 | 5783.65 | 3852.73
681 | 0.12 | 7235.23 | 4338.85
683 | 0.15 | 7046.85 | 3426.37
686 | 0.13 | 5827.26 | 2689.51
688 | 0.09 | 5286.38 | 3114.09
689 | 0.09 | 5645.73 | 3473.44
693 | 0.09 | 5908.30 | 3736.01
Vehicle 14
Charging tour: 
727  -> 753  -> 706  -> 711  -> 733  -> 756  -> 747  -> 717  -> 754  -> 698  -> 722  -> 707  -> 748  -> 745  -> 728  -> 746  -> 751  -> 731  -> 729  -> 719  -> 732  -> 715  -> 708  -> 735  -> 725  -> 716  -> 720  -> 710  -> 744  -> 721  -> 757  -> 750  -> 700  -> 
Charging time: 
528.2252855193306  + 1387.0815308225087  + 255.16670728209397  + 389.7207065531142  + 500.3193744740675  + 655.4458426403962  + 456.46122747312893  + 388.1243928457715  + 845.055714341503  + 307.4604232215643  + 1566.0717597686964  + 284.41564648828444  + 734.5143743493343  + 654.5936405532232  + 2158.3146721851613  + 908.5661044898461  + 452.41162860718543  + 644.2627489985373  + 518.3168718223005  + 389.75333560137227  + 188.29987592987416  + 459.105928141736  + 228.17955624319788  + 841.9756737821576  + 650.6566740426687  + 286.9307041818475  + 424.09899137319115  + 444.4269327122417  + 1479.966531201589  + 345.3210803700049  + 392.6731322949965  + 1184.8212701070897  + 240.44715488717563  + 
total node:33/60
-------------------
Traveling energy: 2044.0725334740418
Charging energy: 105955.92746652596
Total energy used: 108000.0
-------------------
Total time for travel: 2044.0725334740418
Total time for charging: 21191.18549330519
Charging round duration: 23235.258026779233
-------------------
ID | p | E0 | time_arrive | E_remain | time_charge | energy_charge| E_after_charge | E_after_cycle
727 | 0.07 | 4687.56 | 66.05 | 4682.94 | 528.23 | 2641.13 | 7287.09 | 5639.13
753 | 0.12 | 3060.18 | 605.74 | 2987.49 | 1387.08 | 6935.41 | 9756.45 | 7099.21
706 | 0.06 | 8317.55 | 2009.23 | 8196.99 | 255.17 | 1275.83 | 9457.52 | 8145.19
711 | 0.11 | 9984.06 | 2319.80 | 9728.88 | 389.72 | 1948.60 | 11634.62 | 9277.65
733 | 0.07 | 4949.02 | 2749.04 | 4756.58 | 500.32 | 2501.60 | 7223.16 | 5761.06
756 | 0.10 | 5396.74 | 3256.41 | 5071.10 | 655.45 | 3277.23 | 8282.78 | 6260.31
747 | 0.06 | 4649.60 | 3996.87 | 4409.79 | 456.46 | 2282.31 | 6664.70 | 5483.71
717 | 0.12 | 10936.50 | 4475.87 | 10399.40 | 388.12 | 1940.62 | 12293.44 | 9980.74
754 | 0.10 | 4185.84 | 4894.76 | 3696.37 | 845.06 | 4225.28 | 7837.14 | 5997.47
698 | 0.09 | 10354.31 | 5780.18 | 9834.10 | 307.46 | 1537.30 | 11343.73 | 9719.33
722 | 0.12 | 2710.43 | 6111.67 | 1977.03 | 1566.07 | 7830.36 | 9619.46 | 7644.40
707 | 0.08 | 9949.58 | 7747.25 | 9329.80 | 284.42 | 1422.08 | 10729.12 | 9440.73
748 | 0.10 | 4815.79 | 8108.76 | 4004.92 | 734.51 | 3672.57 | 7604.04 | 6074.71
745 | 0.11 | 5944.14 | 8899.88 | 4965.15 | 654.59 | 3272.97 | 8166.11 | 6562.09
728 | 0.13 | 2130.57 | 9598.96 | 882.71 | 2158.31 | 10791.57 | 11393.70 | 9784.40
746 | 0.14 | 5450.54 | 11779.09 | 3801.47 | 908.57 | 4542.83 | 8217.10 | 6614.26
751 | 0.06 | 4691.22 | 12745.49 | 3926.49 | 452.41 | 2262.06 | 6161.40 | 5505.08
731 | 0.08 | 4392.33 | 13290.23 | 3329.11 | 644.26 | 3221.31 | 6498.89 | 5682.72
729 | 0.08 | 5459.62 | 14078.44 | 4333.35 | 518.32 | 2591.58 | 6883.47 | 6120.29
719 | 0.12 | 10890.79 | 14729.79 | 9123.22 | 389.75 | 1948.77 | 11025.21 | 9943.18
732 | 0.05 | 9392.65 | 15259.11 | 8629.69 | 188.30 | 941.50 | 9561.78 | 9127.32
715 | 0.14 | 10786.57 | 15510.80 | 8615.05 | 459.11 | 2295.53 | 10846.31 | 9702.98
708 | 0.06 | 9301.28 | 16043.21 | 8338.68 | 228.18 | 1140.90 | 9465.89 | 8993.98
735 | 0.08 | 3360.92 | 16279.63 | 2058.55 | 841.98 | 4209.88 | 6201.07 | 5639.88
725 | 0.12 | 6523.75 | 17233.31 | 4455.75 | 650.66 | 3253.28 | 7630.96 | 6880.65
716 | 0.07 | 8629.57 | 17901.54 | 7376.46 | 286.93 | 1434.65 | 8791.03 | 8374.67
720 | 0.13 | 10842.87 | 18238.71 | 8471.84 | 424.10 | 2120.49 | 10537.20 | 9825.61
710 | 0.13 | 10346.92 | 18696.71 | 7916.35 | 444.43 | 2222.13 | 10080.71 | 9431.30
744 | 0.13 | 3107.13 | 19181.60 | 613.52 | 1479.97 | 7399.83 | 7820.96 | 7369.21
721 | 0.11 | 11267.76 | 20727.61 | 8987.73 | 345.32 | 1726.61 | 10676.35 | 10339.35
757 | 0.08 | 7206.54 | 21141.87 | 5515.19 | 392.67 | 1963.37 | 7447.14 | 7238.98
750 | 0.15 | 4478.23 | 21553.04 | 1245.28 | 1184.82 | 5924.11 | 6991.66 | 6781.86
700 | 0.07 | 10297.85 | 22811.54 | 8701.04 | 240.45 | 1202.24 | 9886.44 | 9810.53
699 | 0.07 | 10567.97 | 8878.42
701 | 0.10 | 9514.80 | 7101.15
702 | 0.07 | 8329.72 | 6640.16
703 | 0.15 | 11993.39 | 8372.91
704 | 0.13 | 11762.80 | 8625.05
705 | 0.08 | 8985.74 | 7054.82
709 | 0.13 | 11071.29 | 7933.54
712 | 0.05 | 9511.21 | 8304.38
713 | 0.10 | 9538.73 | 7125.08
714 | 0.14 | 10743.55 | 7364.43
718 | 0.08 | 10418.66 | 8487.74
723 | 0.09 | 8312.48 | 6140.19
724 | 0.06 | 7386.33 | 5938.14
726 | 0.10 | 8176.83 | 5763.18
730 | 0.06 | 8848.79 | 7400.60
734 | 0.14 | 4415.78 | 1036.67
736 | 0.13 | 5068.62 | 1930.87
737 | 0.09 | 6677.11 | 4504.82
738 | 0.05 | 8735.97 | 7529.14
739 | 0.06 | 3795.10 | 2346.91
740 | 0.11 | 6111.93 | 3456.92
741 | 0.05 | 7022.10 | 5815.27
742 | 0.14 | 6429.96 | 3050.84
743 | 0.13 | 5874.96 | 2737.21
749 | 0.09 | 4732.94 | 2560.65
752 | 0.10 | 8368.19 | 5954.54
755 | 0.07 | 8169.01 | 6479.46
Vehicle 15
Charging tour: 
777  -> 794  -> 805  -> 779  -> 783  -> 767  -> 765  -> 800  -> 771  -> 793  -> 781  -> 766  -> 792  -> 785  -> 799  -> 789  -> 787  -> 764  -> 806  -> 782  -> 784  -> 803  -> 768  -> 773  -> 759  -> 772  -> 770  -> 
Charging time: 
651.2584249021324  + 2796.749401178977  + 400.39915182189594  + 319.23540394702036  + 657.2950410667534  + 362.64412708565544  + 539.4344752206426  + 842.8310638890445  + 540.8688666557508  + 2543.700779163295  + 366.0568751205642  + 303.95426023617273  + 915.480474202381  + 580.1067919502324  + 274.5692502238697  + 425.58117396916117  + 1578.9273441592775  + 382.01295766988966  + 513.8196163858786  + 699.734077047277  + 649.9039561757488  + 2094.855084277309  + 352.6785077699903  + 678.7842349692788  + 605.1764928283885  + 633.567052927556  + 585.5140493801039  + 
total node:27/49
-------------------
Traveling energy: 1524.3053288787548
Charging energy: 106475.69467112124
Total energy used: 107999.99999999999
-------------------
Total time for travel: 1524.3053288787548
Total time for charging: 21295.138934224247
Charging round duration: 22819.444263103003
-------------------
ID | p | E0 | time_arrive | E_remain | time_charge | energy_charge| E_after_charge | E_after_cycle
777 | 0.13 | 9698.93 | 169.91 | 9676.84 | 651.26 | 3256.29 | 12848.47 | 9817.47
794 | 0.15 | 2605.98 | 870.68 | 2475.38 | 2796.75 | 13983.75 | 16039.61 | 12969.25
805 | 0.05 | 6067.51 | 3717.54 | 5881.63 | 400.40 | 2002.00 | 7863.61 | 6862.68
779 | 0.06 | 9132.17 | 4244.17 | 8877.52 | 319.24 | 1596.18 | 10454.54 | 9280.15
783 | 0.12 | 8870.63 | 4586.56 | 8320.24 | 657.30 | 3286.48 | 11527.84 | 9260.72
767 | 0.07 | 9378.88 | 5365.09 | 9003.33 | 362.64 | 1813.22 | 10791.16 | 9502.54
765 | 0.09 | 8106.58 | 5782.13 | 7586.18 | 539.43 | 2697.17 | 10234.81 | 8631.46
800 | 0.09 | 5188.43 | 6393.96 | 4612.97 | 842.83 | 4214.16 | 8751.27 | 7230.29
771 | 0.09 | 8085.08 | 7253.66 | 7432.25 | 540.87 | 2704.34 | 10087.91 | 8617.13
793 | 0.14 | 2674.21 | 7827.67 | 1578.34 | 2543.70 | 12718.50 | 13940.72 | 12013.60
781 | 0.06 | 7964.09 | 10394.17 | 7340.44 | 366.06 | 1830.28 | 9148.76 | 8346.19
766 | 0.05 | 7992.74 | 10843.53 | 7450.56 | 303.95 | 1519.77 | 8955.13 | 8305.68
792 | 0.13 | 6899.66 | 11166.38 | 5448.03 | 915.48 | 4577.40 | 9906.42 | 8339.32
785 | 0.10 | 8375.79 | 12174.52 | 7158.34 | 580.11 | 2900.53 | 10000.86 | 8862.67
799 | 0.05 | 8848.14 | 12773.49 | 8209.46 | 274.57 | 1372.85 | 9568.58 | 9014.16
789 | 0.07 | 7991.89 | 13071.07 | 7076.91 | 425.58 | 2127.91 | 9175.03 | 8430.23
787 | 0.13 | 4000.51 | 13536.66 | 2240.74 | 1578.93 | 7894.64 | 9930.12 | 8757.39
764 | 0.08 | 10175.26 | 15171.39 | 8961.55 | 382.01 | 1910.06 | 10841.05 | 10154.40
806 | 0.05 | 4728.17 | 15582.56 | 3949.04 | 513.82 | 2569.10 | 6492.45 | 6090.44
782 | 0.14 | 9721.40 | 16161.02 | 7458.85 | 699.73 | 3498.67 | 10859.56 | 9840.95
784 | 0.12 | 8971.51 | 16885.88 | 6945.21 | 649.90 | 3249.52 | 10116.74 | 9324.65
803 | 0.12 | 2783.31 | 17626.07 | 668.18 | 2094.86 | 10474.28 | 10891.07 | 10361.20
768 | 0.07 | 9643.90 | 19772.47 | 8259.83 | 352.68 | 1763.39 | 9998.53 | 9717.74
773 | 0.14 | 10021.44 | 20153.29 | 7199.98 | 678.78 | 3393.92 | 10498.87 | 10036.24
759 | 0.11 | 8831.70 | 20854.31 | 6537.73 | 605.18 | 3025.88 | 9497.04 | 9202.56
772 | 0.14 | 10736.66 | 21477.84 | 7729.76 | 633.57 | 3167.84 | 10808.90 | 10525.38
770 | 0.10 | 8298.44 | 22118.23 | 6086.61 | 585.51 | 2927.57 | 8955.63 | 8812.35
758 | 0.10 | 8178.16 | 5764.50
760 | 0.12 | 8726.21 | 5829.83
761 | 0.07 | 8190.15 | 6500.59
762 | 0.08 | 7834.92 | 5904.00
763 | 0.14 | 9154.37 | 5775.26
769 | 0.07 | 10110.20 | 8420.64
774 | 0.06 | 9422.68 | 7974.49
775 | 0.10 | 8178.98 | 5765.33
776 | 0.09 | 10243.25 | 8070.96
778 | 0.06 | 7649.80 | 6201.60
780 | 0.07 | 8374.78 | 6685.22
786 | 0.14 | 9866.98 | 6487.87
788 | 0.06 | 7085.39 | 5637.20
790 | 0.14 | 4749.97 | 1370.85
791 | 0.09 | 6616.85 | 4444.56
795 | 0.11 | 4008.07 | 1353.05
796 | 0.09 | 6769.50 | 4597.22
797 | 0.08 | 4762.38 | 2831.45
798 | 0.12 | 6380.86 | 3484.48
801 | 0.06 | 7182.32 | 5734.12
802 | 0.11 | 5457.85 | 2802.84
804 | 0.08 | 5541.47 | 3610.55
Vehicle 16
Charging tour: 
827  -> 838  -> 824  -> 836  -> 829  -> 819  -> 810  -> 835  -> 828  -> 820  -> 822  -> 837  -> 815  -> 832  -> 841  -> 818  -> 823  -> 821  -> 834  -> 839  -> 833  -> 830  -> 825  -> 807  -> 
Charging time: 
1234.4806506694101  + 1081.5070642614435  + 911.5760701421094  + 1327.3389110539276  + 412.45360911849485  + 227.5001518536313  + 283.03216895138723  + 1030.9482892197418  + 1107.3895430464543  + 315.6299009629765  + 300.650412116894  + 1014.200361793326  + 239.92470321361932  + 2883.969885578613  + 2087.8385051691707  + 331.84994566943544  + 632.94116169922  + 637.0972171396693  + 1350.9690928452862  + 1094.4274376490084  + 447.2118686843824  + 1341.4248260899446  + 759.4742041863872  + 233.03880792709987  + 
total node:24/37
-------------------
Traveling energy: 1565.6260547918196
Charging energy: 106434.37394520815
Total energy used: 107999.99999999997
-------------------
Total time for travel: 1565.6260547918196
Total time for charging: 21286.87478904163
Charging round duration: 22852.50084383345
-------------------
ID | p | E0 | time_arrive | E_remain | time_charge | energy_charge| E_after_charge | E_after_cycle
827 | 0.11 | 3828.46 | 108.96 | 3816.47 | 1234.48 | 6172.40 | 9853.08 | 7345.84
838 | 0.09 | 3575.43 | 1428.76 | 3446.85 | 1081.51 | 5407.54 | 8757.05 | 6810.68
824 | 0.13 | 6127.26 | 2614.37 | 5787.39 | 911.58 | 4557.88 | 10226.76 | 7547.39
836 | 0.09 | 2913.24 | 3624.41 | 2587.04 | 1327.34 | 6636.69 | 9104.28 | 7377.65
829 | 0.07 | 7291.86 | 4982.84 | 6943.07 | 412.45 | 2062.27 | 8976.46 | 7664.58
819 | 0.06 | 11331.44 | 5419.36 | 11006.28 | 227.50 | 1137.50 | 12130.13 | 11020.75
810 | 0.09 | 13662.25 | 5680.16 | 13151.04 | 283.03 | 1415.16 | 14540.73 | 12905.13
835 | 0.14 | 5834.54 | 6004.23 | 4993.95 | 1030.95 | 5154.74 | 10004.36 | 7610.17
828 | 0.11 | 4267.84 | 7146.90 | 3481.68 | 1107.39 | 5536.95 | 8896.81 | 7149.77
820 | 0.10 | 13612.49 | 8322.52 | 12780.24 | 315.63 | 1578.15 | 14326.82 | 12776.98
822 | 0.05 | 7145.36 | 8671.04 | 6711.80 | 300.65 | 1503.25 | 8200.02 | 7441.78
837 | 0.14 | 5930.89 | 9046.55 | 4664.37 | 1014.20 | 5071.00 | 9593.39 | 7622.78
815 | 0.07 | 12535.41 | 10094.36 | 11828.81 | 239.92 | 1199.62 | 13011.64 | 12045.48
832 | 0.13 | 1936.73 | 10441.74 | 579.30 | 2883.97 | 14419.85 | 14624.23 | 13218.83
841 | 0.15 | 3086.81 | 13367.07 | 1081.75 | 2087.84 | 10439.19 | 11207.77 | 9905.52
818 | 0.11 | 14241.86 | 15497.85 | 12537.09 | 331.85 | 1659.25 | 14159.84 | 13246.09
823 | 0.06 | 4072.90 | 15910.14 | 3118.29 | 632.94 | 3164.71 | 6245.02 | 5789.41
821 | 0.06 | 4046.33 | 16573.41 | 3051.92 | 637.10 | 3185.49 | 6199.18 | 5783.62
834 | 0.12 | 3816.38 | 17231.68 | 1748.58 | 1350.97 | 6754.85 | 8341.31 | 7674.84
839 | 0.10 | 3925.80 | 18611.10 | 2064.69 | 1094.43 | 5472.14 | 7427.39 | 6984.29
833 | 0.07 | 6725.12 | 19737.18 | 5343.52 | 447.21 | 2236.06 | 7548.28 | 7271.63
830 | 0.13 | 4163.83 | 20298.28 | 1525.05 | 1341.42 | 6707.12 | 8057.79 | 7733.20
825 | 0.13 | 7354.38 | 21654.51 | 4539.29 | 759.47 | 3797.37 | 8237.93 | 8014.00
807 | 0.06 | 11062.13 | 22454.98 | 9714.83 | 233.04 | 1165.19 | 10866.04 | 10779.13
808 | 0.13 | 15375.34 | 12237.59
809 | 0.11 | 14858.34 | 12203.32
811 | 0.05 | 10157.37 | 8950.55
812 | 0.10 | 13799.86 | 11386.20
813 | 0.07 | 12211.70 | 10522.14
814 | 0.09 | 14007.24 | 11834.95
816 | 0.08 | 13119.05 | 11188.12
817 | 0.10 | 14019.04 | 11605.39
826 | 0.07 | 6943.39 | 5253.83
831 | 0.12 | 4837.67 | 1941.29
840 | 0.12 | 4916.93 | 2020.55
842 | 0.13 | 7281.81 | 4144.06
843 | 0.08 | 4640.82 | 2709.90
Vehicle 17
Charging tour: 
867  -> 876  -> 891  -> 845  -> 865  -> 850  -> 883  -> 852  -> 886  -> 884  -> 859  -> 882  -> 869  -> 879  -> 856  -> 847  -> 877  -> 849  -> 870  -> 858  -> 863  -> 881  -> 871  -> 846  -> 874  -> 889  -> 872  -> 
Charging time: 
891.890470434827  + 865.4861392250114  + 699.6709718124611  + 494.32701880948895  + 263.3426525547765  + 524.7046620476573  + 792.5474854385593  + 712.5553918086273  + 2152.525625974411  + 667.6913853806119  + 325.42034235074794  + 1031.028951994483  + 648.4878619240475  + 832.5971311976391  + 615.2986802423467  + 579.2600272683877  + 561.1936014105734  + 549.6544090700263  + 2545.848613177506  + 712.4456817786705  + 594.5490881143392  + 1112.4497506429004  + 767.9691703689499  + 600.1731354069  + 594.4357750664809  + 803.7476199786223  + 341.94404465219003  + 
total node:27/48
-------------------
Traveling energy: 1593.7715593437692
Charging energy: 106406.22844065624
Total energy used: 108000.00000000001
-------------------
Total time for travel: 1593.7715593437692
Total time for charging: 21281.245688131246
Charging round duration: 22875.017247475014
-------------------
ID | p | E0 | time_arrive | E_remain | time_charge | energy_charge| E_after_charge | E_after_cycle
867 | 0.10 | 5943.27 | 132.18 | 5930.05 | 891.89 | 4459.45 | 10300.32 | 7989.07
876 | 0.12 | 7349.51 | 1069.33 | 7221.19 | 865.49 | 4327.43 | 11444.76 | 8780.56
891 | 0.10 | 7576.06 | 1969.41 | 7379.12 | 699.67 | 3498.35 | 10807.50 | 8660.76
845 | 0.09 | 9650.84 | 2784.03 | 9400.28 | 494.33 | 2471.64 | 11827.43 | 9950.19
865 | 0.05 | 10064.36 | 3410.13 | 9893.85 | 263.34 | 1316.71 | 11197.39 | 10174.24
850 | 0.09 | 9092.11 | 3687.27 | 8760.26 | 524.70 | 2623.52 | 11336.56 | 9543.35
883 | 0.09 | 6019.42 | 4262.37 | 5635.80 | 792.55 | 3962.74 | 9527.21 | 7809.87
852 | 0.14 | 10414.70 | 5087.91 | 9702.39 | 712.56 | 3562.78 | 13165.41 | 10598.36
886 | 0.11 | 2708.83 | 5832.27 | 2067.28 | 2152.53 | 10762.63 | 12593.13 | 10816.44
884 | 0.05 | 3969.46 | 8016.14 | 3568.65 | 667.69 | 3338.46 | 6873.73 | 6101.09
859 | 0.06 | 9773.36 | 8696.26 | 9251.58 | 325.42 | 1627.10 | 10859.16 | 9952.27
882 | 0.11 | 5655.34 | 9036.89 | 4661.29 | 1031.03 | 5155.14 | 9703.02 | 8155.47
869 | 0.07 | 5721.81 | 10119.05 | 5013.48 | 648.49 | 3242.44 | 8210.52 | 7274.69
879 | 0.06 | 3819.91 | 10798.69 | 3171.99 | 832.60 | 4162.99 | 7285.02 | 6534.71
856 | 0.12 | 10337.90 | 11641.37 | 8940.94 | 615.30 | 3076.49 | 11943.60 | 10518.01
847 | 0.11 | 10065.99 | 12342.36 | 8708.33 | 579.26 | 2896.30 | 11540.91 | 10307.27
877 | 0.08 | 7556.39 | 13059.59 | 6511.62 | 561.19 | 2805.97 | 9272.70 | 8431.44
849 | 0.10 | 9643.78 | 13653.55 | 8278.43 | 549.65 | 2748.27 | 10971.73 | 9978.40
870 | 0.14 | 2914.96 | 14275.95 | 916.33 | 2545.85 | 12729.24 | 13289.15 | 12265.09
858 | 0.14 | 10416.30 | 16891.15 | 8051.54 | 712.45 | 3562.23 | 11514.02 | 10599.41
863 | 0.11 | 9807.13 | 17680.75 | 7862.25 | 594.55 | 2972.75 | 10769.60 | 10124.86
881 | 0.12 | 5717.92 | 18306.23 | 3521.17 | 1112.45 | 5562.25 | 8949.93 | 8383.78
871 | 0.08 | 5521.83 | 19441.05 | 3966.55 | 767.97 | 3839.85 | 7744.96 | 7430.76
846 | 0.11 | 9715.23 | 20248.21 | 7487.93 | 600.17 | 3000.87 | 10422.78 | 10061.08
874 | 0.09 | 8025.55 | 20852.07 | 6148.86 | 594.44 | 2972.18 | 9067.54 | 8825.44
889 | 0.11 | 7254.54 | 21566.02 | 4882.28 | 803.75 | 4018.74 | 8812.61 | 8618.26
872 | 0.06 | 9301.08 | 22425.91 | 7955.52 | 341.94 | 1709.72 | 9644.73 | 9562.61
844 | 0.07 | 8546.18 | 6856.62
848 | 0.07 | 8617.42 | 6927.87
851 | 0.13 | 10781.94 | 7644.19
853 | 0.06 | 9885.97 | 8437.77
854 | 0.13 | 10538.70 | 7400.95
855 | 0.06 | 7660.16 | 6211.97
857 | 0.13 | 10151.07 | 7013.32
860 | 0.06 | 8071.58 | 6623.39
861 | 0.11 | 9640.15 | 6985.13
862 | 0.09 | 9609.63 | 7437.34
864 | 0.11 | 9731.19 | 7076.17
866 | 0.10 | 9659.40 | 7245.74
868 | 0.12 | 5400.28 | 2503.90
873 | 0.07 | 6564.09 | 4874.53
875 | 0.08 | 4306.81 | 2375.89
878 | 0.08 | 4799.06 | 2868.14
880 | 0.05 | 8188.65 | 6981.83
885 | 0.09 | 2918.07 | 745.78
887 | 0.09 | 3747.63 | 1575.34
888 | 0.12 | 4361.18 | 1464.80
890 | 0.06 | 9218.64 | 7770.45
Vehicle 18
Charging tour: 
946  -> 945  -> 943  -> 932  -> 949  -> 896  -> 917  -> 904  -> 906  -> 952  -> 951  -> 923  -> 940  -> 936  -> 894  -> 909  -> 925  -> 918  -> 916  -> 928  -> 911  -> 914  -> 908  -> 950  -> 948  -> 931  -> 921  -> 897  -> 938  -> 924  -> 942  -> 941  -> 930  -> 
Charging time: 
816.6739377600518  + 773.4336712970342  + 781.3150224009121  + 322.6421252510908  + 520.1680363078116  + 459.15876534565666  + 362.70091795039235  + 162.3232509726062  + 287.5819340245819  + 653.9206204871019  + 1279.6458395704358  + 1130.5653622090535  + 510.915064507043  + 617.2720981668525  + 245.63665398505069  + 360.4360834381013  + 1277.5674475480378  + 1665.7547819245458  + 1587.2962985240088  + 497.1357574999597  + 278.46656688916704  + 426.0779863700772  + 324.4505030708864  + 391.34981660562437  + 423.4713746686127  + 497.3303347722392  + 613.0866947199817  + 420.3138145838984  + 482.6905281996941  + 992.9782640639208  + 716.5003778681059  + 669.4215046530537  + 522.6455760265704  + 
total node:33/61
-------------------
Traveling energy: 2645.3649416891903
Charging energy: 105354.63505831083
Total energy used: 108000.00000000001
-------------------
Total time for travel: 2645.3649416891903
Total time for charging: 21070.927011662166
Charging round duration: 23716.291953351356
-------------------
ID | p | E0 | time_arrive | E_remain | time_charge | energy_charge| E_after_charge | E_after_cycle
946 | 0.11 | 4219.23 | 185.49 | 4198.82 | 816.67 | 4083.37 | 8192.36 | 5647.58
945 | 0.14 | 5670.14 | 1159.86 | 5507.76 | 773.43 | 3867.17 | 9266.65 | 6158.19
943 | 0.14 | 5612.94 | 2059.13 | 5324.66 | 781.32 | 3906.58 | 9121.86 | 6140.40
932 | 0.08 | 7767.08 | 2942.86 | 7531.65 | 322.64 | 1613.21 | 9119.05 | 7449.37
949 | 0.08 | 4817.65 | 3298.92 | 4553.74 | 520.17 | 2600.84 | 7112.96 | 5487.57
896 | 0.15 | 10233.33 | 3824.25 | 9659.70 | 459.16 | 2295.79 | 11886.62 | 8908.65
917 | 0.06 | 5181.93 | 4392.84 | 4918.36 | 362.70 | 1813.50 | 6710.10 | 5547.24
904 | 0.05 | 9648.91 | 4812.81 | 9408.27 | 162.32 | 811.62 | 10211.77 | 9253.70
906 | 0.07 | 7624.74 | 5031.85 | 7272.51 | 287.58 | 1437.91 | 8690.29 | 7373.10
952 | 0.11 | 5269.34 | 5380.83 | 4677.45 | 653.92 | 3269.60 | 7875.12 | 5883.93
951 | 0.11 | 2692.72 | 6084.28 | 2023.45 | 1279.65 | 6398.23 | 8280.92 | 6435.93
923 | 0.13 | 3601.94 | 7368.79 | 2644.00 | 1130.57 | 5652.83 | 8149.85 | 6117.02
940 | 0.09 | 5518.01 | 8638.66 | 4740.53 | 510.92 | 2554.58 | 7249.13 | 5900.30
936 | 0.14 | 7104.61 | 9256.11 | 5808.75 | 617.27 | 3086.36 | 8808.70 | 6811.86
894 | 0.07 | 8926.76 | 9908.07 | 8233.19 | 245.64 | 1228.18 | 9444.18 | 8465.38
909 | 0.10 | 8690.82 | 10204.58 | 7670.36 | 360.44 | 1802.18 | 9436.49 | 8079.34
925 | 0.12 | 2942.30 | 10646.90 | 1664.67 | 1277.57 | 6387.84 | 7899.20 | 6433.75
918 | 0.15 | 2820.78 | 11974.03 | 1024.67 | 1665.75 | 8328.77 | 9103.59 | 7529.07
916 | 0.15 | 2960.21 | 13679.60 | 908.27 | 1587.30 | 7936.48 | 8606.65 | 7276.21
928 | 0.12 | 7561.28 | 15360.58 | 5718.01 | 497.14 | 2485.68 | 8144.03 | 7150.57
911 | 0.07 | 7874.33 | 15969.82 | 6756.45 | 278.47 | 1392.33 | 8129.29 | 7577.11
914 | 0.13 | 9557.47 | 16349.94 | 7431.98 | 426.08 | 2130.39 | 9506.98 | 8550.11
908 | 0.10 | 9654.73 | 16827.17 | 7972.02 | 324.45 | 1622.25 | 9561.83 | 8863.33
950 | 0.09 | 7203.88 | 17175.88 | 5658.05 | 391.35 | 1956.75 | 7579.57 | 6988.34
948 | 0.11 | 8136.87 | 17652.00 | 6195.15 | 423.47 | 2117.36 | 8265.93 | 7599.21
931 | 0.06 | 3779.16 | 18162.11 | 2689.43 | 497.33 | 2486.65 | 5146.24 | 4817.62
921 | 0.10 | 5109.36 | 18757.32 | 3233.63 | 613.09 | 3065.43 | 6237.76 | 5761.15
897 | 0.13 | 9688.54 | 19443.03 | 7160.95 | 420.31 | 2101.57 | 9207.88 | 8652.36
938 | 0.11 | 7138.59 | 19899.95 | 4949.60 | 482.69 | 2413.45 | 7309.96 | 6897.03
924 | 0.09 | 2839.17 | 20525.04 | 991.92 | 992.98 | 4964.89 | 5867.44 | 5631.77
942 | 0.14 | 6120.69 | 21545.72 | 3104.29 | 716.50 | 3582.50 | 6586.48 | 6324.08
941 | 0.10 | 4679.39 | 22328.53 | 2446.54 | 669.42 | 3347.11 | 5726.70 | 5612.84
930 | 0.10 | 5993.51 | 23043.41 | 3689.17 | 522.65 | 2613.23 | 6250.14 | 6193.09
892 | 0.12 | 9172.35 | 6275.96
893 | 0.13 | 9514.60 | 6376.86
895 | 0.09 | 9629.52 | 7457.23
898 | 0.11 | 9245.02 | 6590.00
899 | 0.06 | 8693.38 | 7245.18
900 | 0.11 | 8932.83 | 6277.81
901 | 0.11 | 9062.08 | 6407.07
902 | 0.11 | 10416.98 | 7761.96
903 | 0.08 | 8391.10 | 6460.17
905 | 0.06 | 10891.45 | 9443.26
907 | 0.11 | 9029.49 | 6374.48
910 | 0.11 | 8892.95 | 6237.93
912 | 0.07 | 7608.04 | 5918.48
913 | 0.09 | 9730.40 | 7558.12
915 | 0.13 | 9418.10 | 6280.35
919 | 0.08 | 3568.58 | 1637.66
920 | 0.11 | 4122.78 | 1467.76
922 | 0.13 | 6152.03 | 3014.28
926 | 0.11 | 6667.48 | 4012.46
927 | 0.06 | 5063.28 | 3615.09
929 | 0.10 | 6970.95 | 4557.30
933 | 0.13 | 6362.51 | 3224.76
934 | 0.08 | 8449.15 | 6518.23
935 | 0.14 | 4775.17 | 1396.06
937 | 0.06 | 5547.69 | 4099.49
939 | 0.12 | 4735.31 | 1838.92
944 | 0.05 | 8027.99 | 6821.16
947 | 0.10 | 5720.12 | 3306.46
Vehicle 19
Charging tour: 
958  -> 993  -> 980  -> 964  -> 956  -> 975  -> 966  -> 984  -> 962  -> 999  -> 953  -> 976  -> 998  -> 985  -> 968  -> 1000  -> 957  -> 997  -> 972  -> 989  -> 992  -> 969  -> 987  -> 954  -> 973  -> 
Charging time: 
482.714353394446  + 910.4700316063839  + 1919.8700102137961  + 618.5929127547878  + 492.5709806262091  + 362.72142211691215  + 438.64984608516903  + 683.5237288940117  + 593.8982035182554  + 2236.314152290314  + 310.8867109897567  + 623.3016977989519  + 852.0476321445539  + 3129.4692573916395  + 515.0471745689653  + 879.7476445694459  + 437.8092672038129  + 910.8856813371632  + 266.2183660199113  + 350.4835120607549  + 1264.7986999130044  + 696.2608520651951  + 1430.9824079992031  + 350.92807854536125  + 532.1404632715225  + 
total node:25/48
-------------------
Traveling energy: 1548.3345631023487
Charging energy: 106451.66543689763
Total energy used: 107999.99999999999
-------------------
Total time for travel: 1548.3345631023487
Total time for charging: 21290.333087379528
Charging round duration: 22838.667650481875
-------------------
ID | p | E0 | time_arrive | E_remain | time_charge | energy_charge| E_after_charge | E_after_cycle
958 | 0.10 | 10197.36 | 151.70 | 10182.19 | 482.71 | 2413.57 | 12547.49 | 10197.28
993 | 0.10 | 5406.45 | 712.40 | 5335.21 | 910.47 | 4552.35 | 9796.51 | 7545.15
980 | 0.14 | 3589.50 | 1683.01 | 3353.88 | 1919.87 | 9599.35 | 12684.45 | 9809.74
964 | 0.12 | 9548.92 | 3712.21 | 9103.45 | 618.59 | 3092.96 | 12122.19 | 9745.50
956 | 0.10 | 9993.30 | 4400.80 | 9553.22 | 492.57 | 2462.85 | 11966.82 | 10042.51
975 | 0.08 | 10856.62 | 5014.36 | 10455.47 | 362.72 | 1813.61 | 12240.06 | 10739.31
966 | 0.07 | 7855.21 | 5457.21 | 7473.21 | 438.65 | 2193.25 | 9635.75 | 8358.90
984 | 0.11 | 7921.67 | 5940.40 | 7268.23 | 683.52 | 3417.62 | 10610.66 | 8684.27
962 | 0.11 | 9117.14 | 6652.43 | 8385.37 | 593.90 | 2969.49 | 11289.53 | 9431.61
999 | 0.13 | 2861.46 | 7275.82 | 1915.61 | 2236.31 | 11181.57 | 12806.46 | 10905.29
953 | 0.07 | 11083.42 | 9540.18 | 10415.61 | 310.89 | 1554.43 | 11948.28 | 10948.30
976 | 0.13 | 10266.51 | 9883.60 | 8981.64 | 623.30 | 3116.51 | 12017.12 | 10245.27
998 | 0.10 | 5777.16 | 10520.06 | 4725.15 | 852.05 | 4260.24 | 8900.18 | 7623.74
985 | 0.13 | 2044.80 | 11389.06 | 564.22 | 3129.47 | 15647.35 | 15804.74 | 14554.40
968 | 0.09 | 8601.48 | 14533.87 | 7293.44 | 515.05 | 2575.24 | 9822.32 | 9004.43
1000 | 0.11 | 6154.78 | 15058.65 | 4498.33 | 879.75 | 4398.74 | 8800.29 | 7898.50
957 | 0.08 | 8994.62 | 16040.13 | 7711.41 | 437.81 | 2189.05 | 9865.43 | 9252.75
997 | 0.12 | 6484.78 | 16594.01 | 4493.50 | 910.89 | 4554.43 | 8938.62 | 8142.83
972 | 0.06 | 11094.08 | 17520.75 | 10042.83 | 266.22 | 1331.09 | 11357.95 | 10976.98
989 | 0.05 | 7022.32 | 17856.83 | 6129.47 | 350.48 | 1752.42 | 7864.37 | 7567.91
992 | 0.13 | 5059.41 | 18218.27 | 2691.03 | 1264.80 | 6323.99 | 8850.60 | 8245.65
969 | 0.14 | 9897.69 | 19507.43 | 7166.65 | 696.26 | 3481.30 | 10550.48 | 9999.88
987 | 0.15 | 5159.82 | 20312.61 | 2112.93 | 1430.98 | 7154.91 | 9053.20 | 8694.26
954 | 0.07 | 9818.79 | 21760.05 | 8295.58 | 350.93 | 1754.64 | 10025.66 | 9883.87
973 | 0.10 | 9250.21 | 22118.93 | 7038.32 | 532.14 | 2660.70 | 9645.81 | 9497.26
955 | 0.08 | 9307.37 | 7376.45
959 | 0.14 | 10334.44 | 6955.32
960 | 0.11 | 10477.16 | 7822.14
961 | 0.14 | 10149.10 | 6769.98
963 | 0.10 | 9572.01 | 7158.36
965 | 0.08 | 8892.72 | 6961.80
967 | 0.10 | 9225.53 | 6811.88
970 | 0.06 | 7471.11 | 6022.91
971 | 0.08 | 11178.29 | 9247.37
974 | 0.11 | 9118.87 | 6463.85
977 | 0.14 | 9893.83 | 6514.71
978 | 0.14 | 4606.47 | 1227.36
979 | 0.05 | 4287.43 | 3080.60
981 | 0.09 | 7107.65 | 4935.37
982 | 0.07 | 7993.27 | 6303.71
983 | 0.14 | 6306.36 | 2927.25
986 | 0.09 | 3420.00 | 1247.72
988 | 0.11 | 3500.27 | 845.26
990 | 0.11 | 7025.91 | 4370.89
991 | 0.10 | 6157.18 | 3743.52
994 | 0.05 | 9505.35 | 8298.52
995 | 0.14 | 5306.91 | 1927.80
996 | 0.06 | 8665.61 | 7217.42
Network survivability: 100.0%
networkSurvivabilityOverThousand: 100.0%
Average dead duration: 97286.22688887021
Traveling energy: 34878.5423356036
total calculate time: 38.19588899612427
