total sensor 789
condition 17.67778954918653
gen: 1
2000
gen: 2
2000
gen: 3
2000
gen: 4
2000
gen: 5
2000
gen: 6
2000
gen: 7
2000
gen: 8
2000
gen: 9
2000
gen: 10
2000
gen: 11
2000
gen: 12
2000
gen: 13
2000
gen: 14
2000
gen: 15
2000
gen: 16
2000
gen: 17
2000
gen: 18
2000
gen: 19
2000
gen: 20
2000
gen: 21
2000
gen: 22
2000
gen: 23
2000
gen: 24
2000
gen: 25
2000
gen: 26
2000
gen: 27
2000
gen: 28
2000
gen: 29
2000
gen: 30
2000
gen: 31
2000
gen: 32
2000
gen: 33
2000
gen: 34
2000
gen: 35
2000
gen: 36
2000
gen: 37
2000
gen: 38
2000
gen: 39
2000
gen: 40
2000
gen: 41
2000
gen: 42
2000
gen: 43
2000
gen: 44
2000
gen: 45
2000
gen: 46
2000
gen: 47
2000
gen: 48
2000
gen: 49
2000
gen: 50
2000
Number of charging vehicles: 20
Survey time: 23853.0893467285
Network clustering infor: 
Cluster 0:
[1, 2, 3, 4, 5, 6, 7, 8, 9, 10, 11, 12, 13, 14, 15, 16, 17, 18, 19, 20, 21, 22, 23, 24, 25, 26, 27, 28, 29, 30, 31, 32, 33, 34, 35, 36, 37, 38, 39, 40, 41, 42]
Cluster 1:
[43, 44, 45, 46, 47, 48, 49, 50, 51, 52, 53, 54, 55, 56, 57, 58, 59, 60, 61, 62, 63, 64, 65, 66, 67, 68, 69, 70, 71, 72, 73, 74, 75, 76, 77, 78, 79, 80, 81, 82, 83]
Cluster 2:
[84, 85, 86, 87, 88, 89, 90, 91, 92, 93, 94, 95, 96, 97, 98, 99, 100, 101, 102, 103, 104, 105, 106, 107, 108, 109, 110, 111, 112, 113, 114, 115, 116, 117, 118, 119, 120, 121, 122]
Cluster 3:
[123, 124, 125, 126, 127, 128, 129, 130, 131, 132, 133, 134, 135, 136, 137, 138, 139, 140, 141, 142, 143, 144, 145, 146, 147, 148, 149, 150, 151, 152, 153, 154, 155, 156, 157, 158]
Cluster 4:
[159, 160, 161, 162, 163, 164, 165, 166, 167, 168, 169, 170, 171, 172, 173, 174, 175, 176, 177, 178, 179, 180, 181, 182, 183, 184, 185, 186, 187, 188, 189, 190]
Cluster 5:
[191, 192, 193, 194, 195, 196, 197, 198, 199, 200, 201, 202, 203, 204, 205, 206, 207, 208, 209, 210, 211, 212, 213, 214, 215, 216, 217, 218, 219, 220, 221, 222, 223, 224, 225, 226, 227, 228, 229, 230, 231, 232, 233, 234]
Cluster 6:
[235, 236, 237, 238, 239, 240, 241, 242, 243, 244, 245, 246, 247, 248, 249, 250, 251, 252, 253, 254, 255, 256, 257, 258, 259, 260, 261, 262, 263, 264, 265, 266, 267, 268, 269, 270, 271, 272, 273, 274, 275]
Cluster 7:
[276, 277, 278, 279, 280, 281, 282, 283, 284, 285, 286, 287, 288, 289, 290, 291, 292, 293, 294, 295, 296, 297, 298, 299, 300, 301, 302, 303, 304, 305, 306, 307, 308, 309, 310, 311, 312, 313, 314, 315, 316, 317]
Cluster 8:
[318, 319, 320, 321, 322, 323, 324, 325, 326, 327, 328, 329, 330, 331, 332, 333, 334, 335, 336, 337, 338, 339, 340, 341, 342, 343, 344, 345, 346, 347, 348, 349, 350, 351, 352, 353, 354, 355, 356]
Cluster 9:
[357, 358, 359, 360, 361, 362, 363, 364, 365, 366, 367, 368, 369, 370, 371, 372, 373, 374, 375, 376, 377, 378, 379, 380, 381, 382, 383, 384, 385, 386, 387, 388, 389, 390, 391, 392, 393, 394, 395, 396, 397, 398]
Cluster 10:
[399, 400, 401, 402, 403, 404, 405, 406, 407, 408, 409, 410, 411, 412, 413, 414, 415, 416, 417, 418, 419, 420, 421, 422, 423, 424, 425, 426, 427, 428, 429, 430, 431, 432, 433, 434, 435, 436, 437]
Cluster 11:
[438, 439, 440, 441, 442, 443, 444, 445, 446, 447, 448, 449, 450, 451, 452, 453, 454, 455, 456, 457, 458, 459, 460, 461, 462, 463, 464, 465, 466, 467, 468, 469, 470, 471, 472, 473, 474, 475]
Cluster 12:
[476, 477, 478, 479, 480, 481, 482, 483, 484, 485, 486, 487, 488, 489, 490, 491, 492, 493, 494, 495, 496, 497, 498, 499, 500, 501, 502, 503, 504, 505, 506, 507, 508, 509, 510, 511, 512, 513, 514, 515, 516, 517, 518, 519, 520, 521, 522, 523]
Cluster 13:
[524, 525, 526, 527, 528, 529, 530, 531, 532, 533, 534, 535, 536, 537, 538, 539, 540, 541, 542, 543, 544, 545, 546, 547, 548, 549, 550, 551, 552, 553, 554, 555]
Cluster 14:
[556, 557, 558, 559, 560, 561, 562, 563, 564, 565, 566, 567, 568, 569, 570, 571, 572, 573, 574, 575, 576, 577, 578, 579, 580, 581, 582, 583, 584, 585, 586, 587, 588, 589, 590, 591, 592, 593, 594, 595, 596]
Cluster 15:
[597, 598, 599, 600, 601, 602, 603, 604, 605, 606, 607, 608, 609, 610, 611, 612, 613, 614, 615, 616, 617, 618, 619, 620, 621, 622, 623, 624, 625, 626, 627, 628, 629, 630, 631, 632, 633, 634, 635, 636]
Cluster 16:
[637, 638, 639, 640, 641, 642, 643, 644, 645, 646, 647, 648, 649, 650, 651, 652, 653, 654, 655, 656, 657, 658, 659, 660, 661, 662, 663, 664, 665, 666, 667, 668]
Cluster 17:
[669, 670, 671, 672, 673, 674, 675, 676, 677, 678, 679, 680, 681, 682, 683, 684, 685, 686, 687, 688, 689, 690, 691, 692, 693, 694, 695, 696, 697, 698, 699, 700, 701, 702, 703, 704, 705, 706, 707]
Cluster 18:
[708, 709, 710, 711, 712, 713, 714, 715, 716, 717, 718, 719, 720, 721, 722, 723, 724, 725, 726, 727, 728, 729, 730, 731, 732, 733, 734, 735, 736, 737, 738, 739, 740, 741, 742, 743, 744, 745, 746, 747, 748, 749, 750]
Cluster 19:
[751, 752, 753, 754, 755, 756, 757, 758, 759, 760, 761, 762, 763, 764, 765, 766, 767, 768, 769, 770, 771, 772, 773, 774, 775, 776, 777, 778, 779, 780, 781, 782, 783, 784, 785, 786, 787, 788, 789]
Vehicle 0
Charging tour: 
7  -> 25  -> 17  -> 24  -> 20  -> 38  -> 2  -> 6  -> 11  -> 32  -> 5  -> 39  -> 26  -> 34  -> 19  -> 16  -> 13  -> 3  -> 31  -> 37  -> 4  -> 10  -> 35  -> 12  -> 15  -> 36  -> 1  -> 14  -> 9  -> 23  -> 8  -> 18  -> 28  -> 29  -> 27  -> 41  -> 42  -> 22  -> 30  -> 40  -> 21  -> 
Charging time: 
517.8225536855272  + 608.3800040080544  + 524.7895744907977  + 674.752677171385  + 335.61999450808975  + 568.6396745267449  + 306.85095396545745  + 408.6156800197789  + 727.1029067923338  + 407.72809166065156  + 275.90139229637583  + 513.218488072586  + 294.10583751722356  + 624.7631425459787  + 622.7021852704356  + 348.040759507605  + 708.9852972631842  + 514.0236467622063  + 455.623029351894  + 727.2246928658269  + 622.3800305455184  + 358.89281112286443  + 568.0727059304647  + 517.39220822796  + 407.3869728754698  + 408.0434655299325  + 512.1719028255246  + 411.28847921077545  + 350.388749903301  + 305.8183451135206  + 675.108760910714  + 714.2367570142596  + 225.54850700006958  + 570.3749361850633  + 622.8296109076318  + 727.5391599184189  + 583.6702423894741  + 727.3618620635757  + 515.0622085136501  + 517.5321363321233  + 676.5968045173621  + 
total node:41/42
-------------------
Traveling energy: 2087.063803400953
Charging energy: 105912.93619659905
Total energy used: 108000.0
-------------------
Total time for travel: 2087.063803400953
Total time for charging: 21182.58723931981
Charging round duration: 23269.651042720765
-------------------
ID | p | E0 | time_arrive | E_remain | time_charge | energy_charge| E_after_charge | E_after_cycle
7 | 0.10 | 5421.76 | 155.57 | 5406.20 | 517.82 | 2589.11 | 7943.53 | 5625.56
25 | 0.12 | 5537.67 | 720.88 | 5451.17 | 608.38 | 3041.90 | 8420.06 | 5717.20
17 | 0.14 | 7489.69 | 1383.14 | 7296.05 | 524.79 | 2623.95 | 9846.53 | 6774.20
24 | 0.13 | 5409.03 | 1912.61 | 5160.39 | 674.75 | 3373.76 | 8446.44 | 5681.89
20 | 0.07 | 5855.60 | 2639.10 | 5670.86 | 335.62 | 1678.10 | 7325.46 | 5863.98
38 | 0.11 | 5430.96 | 2990.46 | 5102.01 | 568.64 | 2843.20 | 7882.66 | 5650.32
2 | 0.06 | 5489.65 | 3627.50 | 5272.00 | 306.85 | 1534.25 | 6787.84 | 5592.72
6 | 0.08 | 5496.62 | 3974.12 | 5178.69 | 408.62 | 2043.08 | 7189.08 | 5631.45
11 | 0.14 | 5405.71 | 4411.37 | 4788.12 | 727.10 | 3635.51 | 8321.84 | 5701.80
32 | 0.08 | 5508.59 | 5174.74 | 5094.61 | 407.73 | 2038.64 | 7100.63 | 5638.98
5 | 0.06 | 6105.46 | 5614.02 | 5768.62 | 275.90 | 1379.51 | 7131.57 | 6053.78
39 | 0.10 | 5470.39 | 5909.10 | 4879.48 | 513.22 | 2566.09 | 7394.25 | 5651.18
26 | 0.06 | 5727.54 | 6435.59 | 5341.41 | 294.11 | 1470.53 | 6794.29 | 5766.89
34 | 0.13 | 5841.83 | 6811.52 | 4956.33 | 624.76 | 3123.82 | 7998.93 | 5864.74
19 | 0.12 | 5410.30 | 7584.64 | 4500.15 | 622.70 | 3113.51 | 7538.93 | 5661.44
16 | 0.07 | 5646.62 | 8322.95 | 5064.02 | 348.04 | 1740.20 | 6779.86 | 5717.11
13 | 0.15 | 5939.84 | 8688.28 | 4636.60 | 708.99 | 3544.93 | 8075.18 | 5906.80
3 | 0.10 | 5461.82 | 9483.66 | 4513.46 | 514.02 | 2570.12 | 7032.17 | 5646.63
31 | 0.09 | 5545.72 | 10010.24 | 4644.80 | 455.62 | 2278.12 | 6881.90 | 5677.05
37 | 0.14 | 5404.81 | 10493.43 | 3935.73 | 727.22 | 3636.12 | 7470.04 | 5701.50
4 | 0.12 | 5413.11 | 11245.65 | 4063.63 | 622.38 | 3111.90 | 7100.84 | 5662.63
10 | 0.07 | 5475.88 | 11893.66 | 4643.33 | 358.89 | 1794.46 | 6412.67 | 5600.63
35 | 0.11 | 5436.38 | 12367.64 | 4075.94 | 568.07 | 2840.36 | 6853.81 | 5652.90
12 | 0.10 | 5426.26 | 13018.40 | 4124.42 | 517.39 | 2586.96 | 6659.65 | 5627.92
15 | 0.08 | 5513.20 | 13583.72 | 4426.50 | 407.39 | 2036.93 | 6430.85 | 5641.89
36 | 0.08 | 5504.33 | 14009.15 | 4383.60 | 408.04 | 2040.22 | 6391.17 | 5636.30
1 | 0.10 | 5481.57 | 14456.54 | 4035.92 | 512.17 | 2560.86 | 6545.56 | 5657.12
14 | 0.08 | 5460.90 | 14982.26 | 4262.32 | 411.29 | 2056.44 | 6285.86 | 5609.10
9 | 0.07 | 5608.78 | 15448.92 | 4527.36 | 350.39 | 1751.94 | 6254.78 | 5691.01
23 | 0.06 | 5508.19 | 15805.58 | 4559.85 | 305.82 | 1529.09 | 6070.59 | 5606.09
8 | 0.13 | 5406.18 | 16223.92 | 3297.07 | 675.11 | 3375.54 | 6584.85 | 5680.82
18 | 0.14 | 5503.09 | 16943.61 | 3130.99 | 714.24 | 3571.18 | 6602.18 | 5734.84
28 | 0.05 | 6223.73 | 17706.89 | 5338.39 | 225.55 | 1127.74 | 6454.85 | 6158.82
29 | 0.11 | 5414.43 | 17941.68 | 3440.85 | 570.37 | 2851.87 | 6229.98 | 5642.47
27 | 0.12 | 5409.20 | 18541.87 | 3184.17 | 622.83 | 3114.15 | 6223.58 | 5660.97
41 | 0.14 | 5402.47 | 19238.72 | 2709.05 | 727.54 | 3637.70 | 6244.89 | 5700.74
42 | 0.11 | 5291.10 | 20059.81 | 3084.52 | 583.67 | 2918.35 | 5938.67 | 5585.61
22 | 0.14 | 5403.79 | 20676.17 | 2509.12 | 727.36 | 3636.81 | 6044.10 | 5701.17
30 | 0.10 | 5450.81 | 21418.34 | 3308.98 | 515.06 | 2575.31 | 5832.78 | 5640.81
40 | 0.10 | 5424.80 | 21966.97 | 3228.10 | 517.53 | 2587.66 | 5764.01 | 5627.15
21 | 0.14 | 5809.24 | 22499.62 | 2659.29 | 676.60 | 3382.98 | 5947.55 | 5852.79
33 | 0.14 | 5403.75 | 2064.32
Vehicle 1
Charging tour: 
81  -> 52  -> 57  -> 49  -> 73  -> 62  -> 80  -> 83  -> 82  -> 46  -> 51  -> 76  -> 63  -> 45  -> 56  -> 54  -> 70  -> 74  -> 58  -> 44  -> 47  -> 53  -> 64  -> 50  -> 79  -> 66  -> 55  -> 61  -> 75  -> 68  -> 69  -> 72  -> 78  -> 67  -> 71  -> 60  -> 65  -> 59  -> 48  -> 43  -> 77  -> 
Charging time: 
555.3883253179878  + 528.501703763816  + 624.9469660203478  + 530.9870834267214  + 245.9739882525501  + 535.9945423435679  + 531.0241696538933  + 1234.6015218480502  + 1464.2217007310667  + 484.792211070451  + 438.9027493157327  + 339.032027699734  + 569.5817208305039  + 579.170752299062  + 264.90464736717314  + 624.6485566124807  + 532.5319192024413  + 343.8870294917338  + 343.22917061628664  + 481.9245526243795  + 481.46467778785575  + 621.842757274407  + 532.5445627422004  + 531.838226387911  + 244.84658189948476  + 530.0883616546454  + 385.91365637473945  + 552.2331935893882  + 378.541974952297  + 342.3264251349462  + 291.75244723462885  + 665.6724100101651  + 385.24118371292053  + 547.4896411762792  + 664.2874580270998  + 483.3413589142441  + 375.86686059732267  + 325.454711774696  + 333.33435502560775  + 532.5752300922027  + 624.4841666000959  + 
total node:41/41
-------------------
Traveling energy: 2573.072102744446
Charging energy: 105426.92789725558
Total energy used: 108000.00000000003
-------------------
Total time for travel: 2573.072102744446
Total time for charging: 21085.385579451115
Charging round duration: 23658.45768219556
-------------------
ID | p | E0 | time_arrive | E_remain | time_charge | energy_charge| E_after_charge | E_after_cycle
81 | 0.13 | 6509.18 | 192.17 | 6484.20 | 555.39 | 2776.94 | 9188.94 | 6185.22
52 | 0.11 | 5787.97 | 759.58 | 5704.41 | 528.50 | 2642.51 | 8288.78 | 5806.63
57 | 0.13 | 5784.69 | 1313.38 | 5613.95 | 624.95 | 3124.73 | 8657.44 | 5808.52
49 | 0.11 | 5760.87 | 1960.11 | 5545.26 | 530.99 | 2654.94 | 8141.79 | 5791.97
73 | 0.05 | 5652.76 | 2645.28 | 5520.49 | 245.97 | 1229.87 | 6738.07 | 5689.97
62 | 0.16 | 8301.17 | 2933.67 | 7831.78 | 535.99 | 2679.97 | 10426.00 | 7164.65
80 | 0.11 | 5760.47 | 3502.83 | 5375.16 | 531.02 | 2655.12 | 7971.87 | 5791.75
83 | 0.12 | 2702.93 | 4114.83 | 2209.15 | 1234.60 | 6173.01 | 8234.00 | 6013.56
82 | 0.13 | 2468.97 | 5475.57 | 1757.15 | 1464.22 | 7321.11 | 8887.91 | 6689.18
46 | 0.10 | 5736.20 | 7033.78 | 5032.82 | 484.79 | 2423.96 | 7408.30 | 5774.85
51 | 0.09 | 5702.35 | 7552.47 | 5022.63 | 438.90 | 2194.51 | 7177.64 | 5750.09
76 | 0.07 | 5741.65 | 8016.52 | 5180.50 | 339.03 | 1695.16 | 6851.93 | 5767.10
63 | 0.14 | 6835.21 | 8429.59 | 5655.06 | 569.58 | 2847.91 | 8423.23 | 6343.68
45 | 0.12 | 5761.75 | 9026.11 | 4678.61 | 579.17 | 2895.85 | 7504.97 | 5795.23
56 | 0.06 | 6298.56 | 9649.82 | 5719.57 | 264.90 | 1324.52 | 7028.20 | 6191.90
54 | 0.13 | 5787.45 | 9974.83 | 4490.72 | 624.65 | 3123.24 | 7532.76 | 5809.79
70 | 0.11 | 5744.16 | 10671.52 | 4570.29 | 532.53 | 2662.66 | 7174.38 | 5782.98
74 | 0.07 | 5660.59 | 11302.89 | 4869.39 | 343.89 | 1719.44 | 6564.75 | 5710.31
58 | 0.07 | 5671.44 | 11676.53 | 4854.08 | 343.23 | 1716.15 | 6546.20 | 5717.87
44 | 0.10 | 5770.33 | 12055.49 | 4564.78 | 481.92 | 2409.62 | 6926.21 | 5794.64
47 | 0.10 | 5775.84 | 12581.58 | 4517.68 | 481.46 | 2407.32 | 6876.86 | 5797.86
53 | 0.13 | 5813.56 | 13102.86 | 4110.19 | 621.84 | 3109.21 | 7138.57 | 5821.88
64 | 0.11 | 5744.03 | 13798.98 | 4226.14 | 532.54 | 2662.72 | 6830.28 | 5782.91
50 | 0.11 | 5751.65 | 14398.33 | 4167.84 | 531.84 | 2659.19 | 6768.53 | 5787.01
79 | 0.05 | 5678.79 | 14961.51 | 4930.71 | 244.85 | 1224.23 | 6142.70 | 5710.37
66 | 0.11 | 5770.64 | 15219.06 | 4096.54 | 530.09 | 2650.44 | 6688.68 | 5797.24
55 | 0.08 | 5764.74 | 15768.24 | 4503.28 | 385.91 | 1929.57 | 6401.97 | 5786.06
61 | 0.13 | 6546.37 | 16158.76 | 4445.73 | 552.23 | 2761.17 | 7135.11 | 6206.63
75 | 0.08 | 5877.00 | 16848.36 | 4529.13 | 378.54 | 1892.71 | 6391.56 | 5861.46
68 | 0.07 | 5686.40 | 17250.57 | 4478.86 | 342.33 | 1711.63 | 6166.53 | 5728.31
69 | 0.06 | 5718.95 | 17712.44 | 4656.20 | 291.75 | 1458.76 | 6097.46 | 5746.53
72 | 0.14 | 5848.54 | 18142.36 | 3308.60 | 665.67 | 3328.36 | 6543.77 | 5837.46
78 | 0.08 | 5774.80 | 18839.11 | 4267.67 | 385.24 | 1926.21 | 6163.06 | 5792.76
67 | 0.12 | 6095.16 | 19294.76 | 3779.79 | 547.49 | 2737.45 | 6451.54 | 5970.24
71 | 0.14 | 5860.73 | 19978.19 | 3063.78 | 664.29 | 3321.44 | 6292.22 | 5842.73
60 | 0.10 | 5753.41 | 20673.86 | 3686.03 | 483.34 | 2416.71 | 6054.40 | 5784.81
65 | 0.08 | 5918.83 | 21169.95 | 4225.23 | 375.87 | 1879.33 | 6074.50 | 5889.91
59 | 0.07 | 5981.18 | 21618.68 | 4467.88 | 325.45 | 1627.27 | 6072.37 | 5938.74
48 | 0.07 | 5839.80 | 21962.67 | 4302.41 | 333.33 | 1666.67 | 5945.75 | 5836.75
43 | 0.14 | 7310.16 | 22324.34 | 4184.75 | 532.58 | 2662.88 | 6773.07 | 6633.60
77 | 0.13 | 5788.97 | 22900.06 | 2811.97 | 624.48 | 3122.42 | 5853.20 | 5810.49
Vehicle 2
Charging tour: 
100  -> 117  -> 84  -> 112  -> 96  -> 115  -> 102  -> 98  -> 94  -> 110  -> 97  -> 86  -> 91  -> 109  -> 114  -> 120  -> 89  -> 99  -> 116  -> 87  -> 90  -> 106  -> 121  -> 101  -> 104  -> 93  -> 88  -> 105  -> 107  -> 95  -> 85  -> 92  -> 113  -> 111  -> 108  -> 103  -> 118  -> 119  -> 
Charging time: 
345.7032534317793  + 308.91235661547177  + 424.0247768124947  + 411.7334936798971  + 421.6215121392934  + 359.191358567076  + 515.8319817026841  + 409.84258795574715  + 677.3454523207623  + 372.0712225981308  + 370.7736599827597  + 567.1414949318968  + 472.7918995210895  + 451.7330659914084  + 470.67843291985827  + 498.87126204036775  + 412.02391154940784  + 516.063757144894  + 525.2624108052775  + 763.1461036450193  + 593.582297692894  + 471.82204700041234  + 570.2392451065957  + 367.17076553650537  + 610.4887749492194  + 465.0488807091873  + 466.39869454032913  + 517.9384909566012  + 519.6386278085466  + 373.86654684141223  + 466.4178828280066  + 473.6615947206261  + 350.08296114271684  + 763.9157476829315  + 765.5625491533951  + 669.395489602707  + 667.6574831777789  + 618.7848394036556  + 
total node:38/39
-------------------
Traveling energy: 2502.193372138029
Charging energy: 95132.18456604419
Total energy used: 97634.37793818222
-------------------
Total time for travel: 2502.193372138029
Total time for charging: 19026.43691320884
Charging round duration: 21528.63028534687
-------------------
ID | p | E0 | time_arrive | E_remain | time_charge | energy_charge| E_after_charge | E_after_cycle
100 | 0.10 | 9125.46 | 194.03 | 9106.05 | 345.70 | 1728.52 | 10800.00 | 8468.66
117 | 0.12 | 9370.12 | 646.75 | 9292.51 | 308.91 | 1544.56 | 10800.00 | 8052.31
84 | 0.07 | 8596.67 | 975.58 | 8528.38 | 424.02 | 2120.12 | 10618.82 | 9047.07
112 | 0.07 | 8853.30 | 1421.14 | 8753.82 | 411.73 | 2058.67 | 10783.66 | 9242.25
96 | 0.07 | 8645.67 | 1919.37 | 8511.31 | 421.62 | 2108.11 | 10589.91 | 9084.06
115 | 0.06 | 8698.59 | 2363.19 | 8556.79 | 359.19 | 1795.96 | 10331.20 | 9063.36
102 | 0.15 | 8716.13 | 2786.08 | 8298.21 | 515.83 | 2579.16 | 10800.00 | 7717.32
98 | 0.07 | 8894.14 | 3380.32 | 8657.52 | 409.84 | 2049.21 | 10678.05 | 9273.64
94 | 0.15 | 8095.17 | 3868.63 | 7514.87 | 677.35 | 3386.73 | 10800.00 | 7903.93
110 | 0.06 | 8397.47 | 4610.20 | 8120.86 | 372.07 | 1860.36 | 9958.89 | 8826.64
97 | 0.06 | 8426.86 | 4987.62 | 8127.60 | 370.77 | 1853.87 | 9959.22 | 8849.54
86 | 0.10 | 8567.29 | 5462.88 | 8021.01 | 567.14 | 2835.71 | 10800.00 | 9017.69
91 | 0.09 | 9022.71 | 6045.77 | 8478.59 | 472.79 | 2363.96 | 10800.00 | 9239.89
109 | 0.13 | 9455.97 | 6583.90 | 8600.06 | 451.73 | 2258.67 | 10800.00 | 8613.73
114 | 0.11 | 9281.53 | 7119.56 | 8498.38 | 470.68 | 2353.39 | 10800.00 | 9011.09
120 | 0.10 | 9131.03 | 7755.02 | 8355.53 | 498.87 | 2494.36 | 10800.00 | 9240.08
89 | 0.07 | 8847.06 | 8303.73 | 8265.80 | 412.02 | 2060.12 | 10297.07 | 9237.46
99 | 0.10 | 9148.97 | 8776.80 | 8271.29 | 516.06 | 2580.32 | 10800.00 | 9343.98
116 | 0.12 | 9358.39 | 9347.28 | 8236.72 | 525.26 | 2626.31 | 10800.00 | 9122.33
87 | 0.12 | 8188.36 | 9912.18 | 6998.90 | 763.15 | 3815.73 | 10723.05 | 9141.72
90 | 0.10 | 8772.88 | 10705.64 | 7702.32 | 593.58 | 2967.91 | 10610.87 | 9355.48
106 | 0.08 | 8829.48 | 11306.20 | 7924.98 | 471.82 | 2359.11 | 10246.35 | 9280.34
121 | 0.10 | 9132.01 | 11780.45 | 7953.96 | 570.24 | 2851.20 | 10748.13 | 9597.89
101 | 0.06 | 8509.55 | 12441.28 | 7763.07 | 367.17 | 1835.85 | 9576.89 | 8914.21
104 | 0.12 | 9357.86 | 12808.71 | 7820.81 | 610.49 | 3052.44 | 10800.00 | 9547.93
93 | 0.08 | 8958.07 | 13517.49 | 7876.67 | 465.05 | 2325.24 | 10164.71 | 9375.07
88 | 0.08 | 8932.15 | 14009.28 | 7811.41 | 466.40 | 2331.99 | 10106.09 | 9355.89
105 | 0.09 | 9048.73 | 14536.83 | 7740.41 | 517.94 | 2589.69 | 10283.49 | 9491.64
107 | 0.09 | 9019.12 | 15076.91 | 7662.20 | 519.64 | 2598.19 | 10213.63 | 9470.54
95 | 0.06 | 8357.14 | 15695.67 | 7415.40 | 373.87 | 1869.33 | 9262.30 | 8795.29
85 | 0.08 | 8931.78 | 16175.43 | 7637.75 | 466.42 | 2332.09 | 9932.52 | 9355.62
92 | 0.08 | 8795.19 | 16663.00 | 7462.15 | 473.66 | 2368.31 | 9792.56 | 9255.25
113 | 0.06 | 8924.90 | 17166.90 | 7894.89 | 350.08 | 1750.41 | 9624.30 | 9244.13
111 | 0.14 | 9543.46 | 17551.44 | 7086.26 | 763.92 | 3819.58 | 10798.89 | 10023.61
108 | 0.14 | 9522.93 | 18386.43 | 6948.83 | 765.56 | 3827.81 | 10669.46 | 10011.31
103 | 0.12 | 9335.16 | 19258.52 | 7024.14 | 669.40 | 3346.98 | 10290.79 | 9819.77
118 | 0.12 | 9359.46 | 20038.19 | 6954.88 | 667.66 | 3338.29 | 10213.05 | 9835.38
119 | 0.11 | 9257.13 | 20721.10 | 6977.81 | 618.78 | 3093.92 | 10003.66 | 9727.21
[91m122 | 0.15 | 1265.01 | -2312.96[00m
Vehicle 3
Charging tour: 
141  -> 132  -> 140  -> 125  -> 134  -> 127  -> 142  -> 144  -> 149  -> 128  -> 152  -> 130  -> 146  -> 133  -> 139  -> 123  -> 147  -> 153  -> 156  -> 145  -> 158  -> 131  -> 138  -> 155  -> 137  -> 124  -> 151  -> 154  -> 136  -> 126  -> 150  -> 135  -> 129  -> 143  -> 148  -> 157  -> 
Charging time: 
247.13912559981515  + 673.4428726852143  + 537.341465565342  + 583.3036068148634  + 395.765693297923  + 291.00418461067613  + 492.2218374899771  + 673.4331524387817  + 338.6130307546847  + 491.676164535757  + 491.8376246832142  + 583.9407282190973  + 629.291762122025  + 353.91887384807995  + 489.42334286418645  + 444.5089195224409  + 628.422501117924  + 717.6991655328503  + 799.4716362210137  + 291.00509935854245  + 2077.0315209264536  + 673.473960765106  + 242.86578766970342  + 711.4689153427613  + 673.4813278796214  + 628.4409838773774  + 774.0823206181378  + 487.4324047319637  + 400.0488469820518  + 444.7672502320826  + 538.7397838818933  + 628.4237316641394  + 538.1656782082807  + 837.4151022138334  + 673.2518220953207  + 493.20667847938887  + 
total node:36/36
-------------------
Traveling energy: 2028.6338310194947
Charging energy: 104878.78451425262
Total energy used: 106907.41834527212
-------------------
Total time for travel: 2028.6338310194947
Total time for charging: 20975.756902850524
Charging round duration: 23004.39073387002
-------------------
ID | p | E0 | time_arrive | E_remain | time_charge | energy_charge| E_after_charge | E_after_cycle
141 | 0.05 | 7273.24 | 180.54 | 7264.22 | 247.14 | 1235.70 | 8487.55 | 7316.28
132 | 0.14 | 7473.55 | 469.24 | 7407.85 | 673.44 | 3367.21 | 10680.79 | 7501.33
140 | 0.11 | 7359.39 | 1165.99 | 7231.13 | 537.34 | 2686.71 | 9858.73 | 7422.26
125 | 0.12 | 7395.82 | 1742.73 | 7186.69 | 583.30 | 2916.52 | 10033.21 | 7449.96
134 | 0.08 | 7266.94 | 2353.82 | 7078.63 | 395.77 | 1978.83 | 9025.80 | 7337.52
127 | 0.06 | 7412.28 | 2828.86 | 7242.55 | 291.00 | 1455.02 | 8680.11 | 7436.11
142 | 0.10 | 7303.63 | 3244.97 | 6979.13 | 492.22 | 2461.11 | 9391.02 | 7379.43
144 | 0.14 | 7473.66 | 3820.07 | 6938.85 | 673.43 | 3367.17 | 10211.73 | 7501.39
149 | 0.07 | 7431.80 | 4531.35 | 7114.60 | 338.61 | 1693.07 | 8783.97 | 7455.15
128 | 0.10 | 7311.74 | 4887.22 | 6823.01 | 491.68 | 2458.38 | 9232.23 | 7384.81
152 | 0.10 | 7309.33 | 5466.73 | 6762.66 | 491.84 | 2459.19 | 9172.67 | 7383.21
130 | 0.12 | 7387.75 | 6060.23 | 6660.52 | 583.94 | 2919.70 | 9510.15 | 7445.08
146 | 0.13 | 7426.62 | 6758.80 | 6547.97 | 629.29 | 3146.46 | 9612.62 | 7472.17
133 | 0.07 | 7110.40 | 7411.39 | 6591.60 | 353.92 | 1769.59 | 8336.42 | 7210.28
139 | 0.10 | 7345.39 | 7866.96 | 6558.69 | 489.42 | 2447.12 | 8956.87 | 7407.20
123 | 0.09 | 7278.83 | 8391.21 | 6523.62 | 444.51 | 2222.54 | 8706.16 | 7354.60
147 | 0.13 | 7436.89 | 8970.51 | 6270.72 | 628.42 | 3142.11 | 9331.14 | 7478.10
153 | 0.15 | 7513.61 | 9611.30 | 6071.91 | 717.70 | 3588.50 | 9552.75 | 7524.14
156 | 0.17 | 7644.44 | 10341.98 | 5886.30 | 799.47 | 3997.36 | 9747.75 | 7586.77
145 | 0.06 | 7412.25 | 11179.73 | 6741.47 | 291.01 | 1455.03 | 8179.03 | 7436.09
158 | 0.20 | 3132.16 | 11509.53 | 830.25 | 2077.03 | 10385.16 | 10800.00 | 8746.69
131 | 0.14 | 7473.20 | 13639.94 | 5563.61 | 673.47 | 3367.37 | 8836.70 | 7501.14
138 | 0.05 | 7401.22 | 14348.76 | 6683.78 | 242.87 | 1214.33 | 7885.97 | 7422.89
155 | 0.15 | 7579.40 | 14687.73 | 5376.24 | 711.47 | 3557.34 | 8826.87 | 7558.78
137 | 0.14 | 7473.12 | 15467.07 | 5307.73 | 673.48 | 3367.41 | 8580.85 | 7501.10
124 | 0.13 | 7436.67 | 16174.41 | 5334.00 | 628.44 | 3142.20 | 8394.50 | 7477.97
151 | 0.18 | 8359.59 | 16853.19 | 5326.02 | 774.08 | 3870.41 | 9057.09 | 7936.45
154 | 0.10 | 7375.39 | 17652.98 | 5610.10 | 487.43 | 2437.16 | 7998.51 | 7427.25
136 | 0.08 | 7189.13 | 18193.25 | 5733.67 | 400.05 | 2000.24 | 7701.91 | 7281.13
126 | 0.09 | 7274.60 | 18619.25 | 5598.87 | 444.77 | 2223.84 | 7782.68 | 7351.66
150 | 0.11 | 7340.29 | 19092.61 | 5240.10 | 538.74 | 2693.70 | 7874.54 | 7410.15
135 | 0.13 | 7436.87 | 19651.90 | 4882.13 | 628.42 | 3142.12 | 7942.55 | 7478.09
129 | 0.11 | 7348.12 | 20296.63 | 5115.49 | 538.17 | 2690.83 | 7747.12 | 7415.11
143 | 0.18 | 7727.36 | 20854.52 | 3973.55 | 837.42 | 4187.08 | 8009.89 | 7620.88
148 | 0.14 | 7475.67 | 21726.49 | 4433.96 | 673.25 | 3366.26 | 7705.97 | 7502.50
157 | 0.10 | 7289.05 | 22495.84 | 5039.46 | 493.21 | 2466.03 | 7456.17 | 7369.77
Vehicle 4
Charging tour: 
171  -> 160  -> 179  -> 166  -> 173  -> 163  -> 161  -> 162  -> 159  -> 172  -> 167  -> 184  -> 177  -> 185  -> 169  -> 170  -> 176  -> 164  -> 174  -> 165  -> 175  -> 168  -> 183  -> 186  -> 190  -> 178  -> 181  -> 188  -> 187  -> 180  -> 182  -> 189  -> 
Charging time: 
208.82047999727953  + 1076.267483806343  + 660.6116931293277  + 664.0756601666465  + 232.32077594838105  + 537.3321971044666  + 262.8973566911034  + 627.4600680947638  + 1045.431666617595  + 645.8255005141398  + 574.9312621997966  + 259.9969355100925  + 280.9253254978165  + 772.5705065028721  + 541.1191252797365  + 434.38063856030595  + 591.3457642368602  + 321.64117073785314  + 486.2239350150596  + 320.96556153206495  + 562.6301587848162  + 643.2202084138542  + 471.75519178671175  + 562.3285842403882  + 409.5509848796383  + 364.618890639565  + 306.09714310357975  + 509.60389108075884  + 609.5413922227992  + 984.1632896292641  + 415.07674575248507  + 564.6965533153995  + 
total node:32/32
-------------------
Traveling energy: 2140.4062454239784
Charging energy: 84742.13070495882
Total energy used: 86882.5369503828
-------------------
Total time for travel: 2140.4062454239784
Total time for charging: 16948.426140991764
Charging round duration: 19088.832386415743
-------------------
ID | p | E0 | time_arrive | E_remain | time_charge | energy_charge| E_after_charge | E_after_cycle
171 | 0.06 | 9780.06 | 193.92 | 9768.43 | 208.82 | 1044.10 | 10800.00 | 9392.98
160 | 0.23 | 5767.99 | 442.55 | 5666.20 | 1076.27 | 5381.34 | 10800.00 | 5663.12
179 | 0.23 | 8021.78 | 1621.32 | 7648.88 | 660.61 | 3303.06 | 10800.00 | 5838.63
166 | 0.15 | 7938.53 | 2395.34 | 7579.23 | 664.08 | 3320.38 | 10800.00 | 7680.95
173 | 0.06 | 9839.72 | 3123.12 | 9652.34 | 232.32 | 1161.60 | 10800.00 | 9570.14
163 | 0.11 | 8548.99 | 3423.15 | 8172.45 | 537.33 | 2686.66 | 10800.00 | 8611.81
161 | 0.05 | 9701.51 | 4057.01 | 9498.66 | 262.90 | 1314.49 | 10800.00 | 9823.34
162 | 0.12 | 8262.88 | 4374.08 | 7737.99 | 627.46 | 3137.30 | 10800.00 | 8537.81
159 | 0.18 | 6664.74 | 5020.64 | 5761.02 | 1045.43 | 5227.16 | 10800.00 | 7598.34
172 | 0.14 | 8517.76 | 6117.64 | 7661.29 | 645.83 | 3229.13 | 10800.00 | 8407.45
167 | 0.11 | 8736.61 | 6800.18 | 7988.59 | 574.93 | 2874.66 | 10800.00 | 8987.42
184 | 0.05 | 9883.82 | 7416.13 | 9513.02 | 260.00 | 1299.98 | 10800.00 | 9991.15
177 | 0.06 | 9874.90 | 7711.11 | 9412.23 | 280.93 | 1404.63 | 10800.00 | 9848.34
185 | 0.23 | 8964.31 | 8041.17 | 7114.84 | 772.57 | 3862.85 | 10800.00 | 7340.95
169 | 0.10 | 9032.10 | 8835.87 | 8148.52 | 541.12 | 2705.60 | 10800.00 | 9352.39
170 | 0.08 | 9418.80 | 9449.47 | 8662.85 | 434.38 | 2171.90 | 10800.00 | 9682.46
176 | 0.12 | 9116.79 | 10021.35 | 7914.23 | 591.35 | 2956.73 | 10800.00 | 9211.15
164 | 0.06 | 9592.70 | 10680.22 | 8951.89 | 321.64 | 1608.21 | 10540.80 | 9769.72
174 | 0.09 | 9407.68 | 11056.04 | 8412.64 | 486.22 | 2431.12 | 10800.00 | 9692.03
165 | 0.06 | 9612.90 | 11614.32 | 8916.04 | 320.97 | 1604.83 | 10501.61 | 9786.54
175 | 0.10 | 9139.84 | 11964.07 | 7943.43 | 562.63 | 2813.15 | 10700.32 | 9567.68
168 | 0.11 | 8794.16 | 12552.58 | 7413.38 | 643.22 | 3216.10 | 10558.72 | 9386.42
183 | 0.10 | 9813.36 | 13249.64 | 8488.40 | 471.76 | 2358.78 | 10800.00 | 9786.83
186 | 0.13 | 9855.66 | 13801.51 | 8061.46 | 562.33 | 2811.64 | 10800.00 | 9566.40
190 | 0.10 | 10235.21 | 14420.06 | 8793.20 | 409.55 | 2047.75 | 10800.00 | 9897.65
178 | 0.07 | 9872.34 | 14889.03 | 8830.11 | 364.62 | 1823.09 | 10627.68 | 10025.72
181 | 0.06 | 10079.83 | 15361.68 | 9158.13 | 306.10 | 1530.49 | 10670.25 | 10179.13
188 | 0.11 | 10032.06 | 15672.95 | 8308.04 | 509.60 | 2548.02 | 10800.00 | 9956.24
187 | 0.13 | 9937.90 | 16202.82 | 7831.53 | 609.54 | 3047.71 | 10800.00 | 9884.71
180 | 0.17 | 8882.66 | 16908.08 | 6008.29 | 984.16 | 4920.82 | 10761.80 | 9748.45
182 | 0.08 | 9911.13 | 17947.14 | 8475.36 | 415.08 | 2075.38 | 10517.53 | 10078.26
189 | 0.11 | 10017.03 | 18408.67 | 7992.08 | 564.70 | 2823.48 | 10753.44 | 10216.67
Vehicle 5
Charging tour: 
201  -> 215  -> 197  -> 202  -> 200  -> 221  -> 212  -> 209  -> 219  -> 210  -> 223  -> 204  -> 198  -> 233  -> 234  -> 224  -> 225  -> 208  -> 222  -> 226  -> 232  -> 213  -> 230  -> 196  -> 231  -> 191  -> 228  -> 203  -> 199  -> 192  -> 218  -> 206  -> 214  -> 211  -> 227  -> 216  -> 207  -> 194  -> 217  -> 195  -> 193  -> 229  -> 205  -> 220  -> 
Charging time: 
230.11642192012923  + 401.35545015254735  + 317.2304155616177  + 364.615591853504  + 594.6836487727236  + 717.0769756041711  + 544.7793706891094  + 686.1762916743136  + 298.3407959479292  + 455.9575270742393  + 364.152799080944  + 298.9450239618992  + 546.6060995960084  + 681.1655489207101  + 926.8645046835054  + 248.7592027000275  + 353.5031025417926  + 194.9287358994318  + 319.97096475569975  + 398.40577299621475  + 1192.1794708056252  + 228.20326960845784  + 542.3171226576773  + 571.1585341714083  + 1392.1076877426167  + 595.0974646927839  + 408.317684548569  + 499.3794030302886  + 535.2746494127421  + 365.1196644229609  + 452.8239458430565  + 361.2374128877934  + 266.17804381782855  + 256.85252065553505  + 498.8056957135393  + 403.9941274003475  + 628.8035929530608  + 318.930831045542  + 500.7084641880435  + 499.661414293038  + 267.24233360090034  + 258.0640046860668  + 572.9093684463526  + 498.93149973294896  + 
total node:44/44
-------------------
Traveling energy: 2710.337746281515
Charging energy: 105289.66225371849
Total energy used: 108000.0
-------------------
Total time for travel: 2710.337746281515
Total time for charging: 21057.932450743698
Charging round duration: 23768.270197025213
-------------------
ID | p | E0 | time_arrive | E_remain | time_charge | energy_charge| E_after_charge | E_after_cycle
201 | 0.05 | 6024.56 | 125.70 | 6018.27 | 230.12 | 1150.58 | 7157.35 | 5982.49
215 | 0.09 | 6217.51 | 427.61 | 6179.02 | 401.36 | 2006.78 | 8149.68 | 6077.50
197 | 0.07 | 6118.23 | 861.92 | 6057.90 | 317.23 | 1586.15 | 7621.85 | 6034.67
202 | 0.08 | 6083.56 | 1304.30 | 5979.21 | 364.62 | 1823.08 | 7773.12 | 5998.39
200 | 0.13 | 6061.22 | 1769.72 | 5831.16 | 594.68 | 2973.42 | 8727.27 | 5933.74
221 | 0.16 | 6186.67 | 2373.08 | 5806.98 | 717.08 | 3585.38 | 9277.63 | 5955.56
212 | 0.12 | 6107.50 | 3097.53 | 5735.80 | 544.78 | 2723.90 | 8394.32 | 5969.03
209 | 0.15 | 6061.20 | 3650.77 | 5513.58 | 686.18 | 3430.88 | 8841.54 | 5914.11
219 | 0.07 | 6505.61 | 4365.98 | 6199.99 | 298.34 | 1491.70 | 7670.81 | 6327.60
210 | 0.10 | 6081.05 | 4695.67 | 5611.48 | 455.96 | 2279.79 | 7845.67 | 5975.53
223 | 0.08 | 6091.29 | 5190.99 | 5676.01 | 364.15 | 1820.76 | 7467.64 | 6003.81
204 | 0.07 | 6492.46 | 5655.50 | 6096.58 | 298.95 | 1494.73 | 7570.38 | 6317.47
198 | 0.12 | 6087.09 | 5972.36 | 5370.41 | 546.61 | 2733.03 | 8037.84 | 5957.75
233 | 0.10 | 4070.52 | 6536.17 | 3416.91 | 681.17 | 3405.83 | 6754.62 | 5091.04
234 | 0.12 | 3589.78 | 7284.00 | 2715.70 | 926.86 | 4634.32 | 7238.80 | 5361.73
224 | 0.06 | 6687.67 | 8335.24 | 6187.56 | 248.76 | 1243.80 | 7416.43 | 6500.28
225 | 0.08 | 6274.80 | 8700.34 | 5578.77 | 353.50 | 1767.52 | 7318.00 | 6134.06
208 | 0.05 | 7112.09 | 9085.09 | 6657.83 | 194.93 | 974.64 | 7622.73 | 6894.07
222 | 0.07 | 6065.83 | 9394.51 | 5408.22 | 319.97 | 1599.85 | 6985.67 | 5995.97
226 | 0.09 | 6263.54 | 9746.42 | 5386.36 | 398.41 | 1992.03 | 7342.53 | 6108.79
232 | 0.14 | 3256.04 | 10190.24 | 1829.40 | 1192.18 | 5960.90 | 7623.40 | 5877.50
213 | 0.05 | 6075.07 | 11433.55 | 5503.39 | 228.20 | 1141.02 | 6632.99 | 6023.43
230 | 0.14 | 7157.77 | 11802.25 | 5505.45 | 542.32 | 2711.59 | 8141.11 | 6529.92
196 | 0.16 | 7767.23 | 12482.29 | 5770.06 | 571.16 | 2855.79 | 8534.47 | 6806.53
231 | 0.15 | 2987.59 | 13104.24 | 1021.96 | 1392.11 | 6960.54 | 7773.68 | 6370.17
191 | 0.13 | 6057.01 | 14599.70 | 4159.05 | 595.10 | 2975.49 | 7057.17 | 5931.59
228 | 0.09 | 6111.49 | 15285.42 | 4735.80 | 408.32 | 2041.59 | 6740.64 | 6006.30
203 | 0.11 | 6107.52 | 15704.80 | 4379.99 | 499.38 | 2496.90 | 6821.96 | 5980.58
199 | 0.15 | 7769.94 | 16235.67 | 5334.58 | 535.27 | 2676.37 | 7930.67 | 6868.35
192 | 0.08 | 6075.16 | 16858.06 | 4726.51 | 365.12 | 1825.60 | 6522.90 | 5992.51
218 | 0.10 | 6123.13 | 17256.36 | 4397.49 | 452.82 | 2264.12 | 6616.33 | 6001.94
206 | 0.08 | 6140.45 | 17731.25 | 4721.95 | 361.24 | 1806.19 | 6499.24 | 6038.39
214 | 0.06 | 6250.03 | 18131.79 | 5162.12 | 266.18 | 1330.89 | 6477.04 | 6149.73
211 | 0.06 | 6476.95 | 18402.61 | 5372.79 | 256.85 | 1284.26 | 6641.64 | 6330.02
227 | 0.11 | 6114.54 | 18670.53 | 4060.79 | 498.81 | 2494.03 | 6499.95 | 5984.73
216 | 0.09 | 6176.90 | 19186.25 | 4450.13 | 403.99 | 2019.97 | 6433.74 | 6050.09
207 | 0.14 | 6173.28 | 19614.69 | 3427.22 | 628.80 | 3144.02 | 6483.21 | 5977.86
194 | 0.07 | 6085.61 | 20329.04 | 4662.58 | 318.93 | 1594.65 | 6234.91 | 6010.55
217 | 0.11 | 6091.31 | 20747.41 | 3809.09 | 500.71 | 2503.54 | 6257.56 | 5971.01
195 | 0.11 | 6104.07 | 21278.33 | 3763.46 | 499.66 | 2498.31 | 6206.80 | 5978.54
193 | 0.06 | 6225.14 | 21853.82 | 4913.91 | 267.24 | 1336.21 | 6234.08 | 6130.16
229 | 0.06 | 6446.54 | 22174.13 | 5116.09 | 258.06 | 1290.32 | 6390.93 | 6305.67
205 | 0.15 | 7259.52 | 22526.98 | 3880.48 | 572.91 | 2864.55 | 6659.09 | 6546.11
220 | 0.11 | 6113.00 | 23161.54 | 3565.23 | 498.93 | 2494.66 | 6005.01 | 5983.82
Vehicle 6
Charging tour: 
249  -> 268  -> 245  -> 273  -> 262  -> 258  -> 243  -> 256  -> 239  -> 274  -> 250  -> 246  -> 235  -> 244  -> 264  -> 253  -> 236  -> 260  -> 240  -> 266  -> 272  -> 263  -> 254  -> 265  -> 269  -> 247  -> 238  -> 259  -> 255  -> 252  -> 241  -> 271  -> 257  -> 261  -> 251  -> 275  -> 270  -> 267  -> 237  -> 242  -> 248  -> 
Charging time: 
573.1637976320368  + 571.1622455113347  + 669.3981980185612  + 359.48010651115624  + 571.1268240310221  + 364.17111545706393  + 520.3781545040982  + 362.3356877163804  + 277.4849524105965  + 669.9820943037203  + 308.852012778993  + 569.5555393706984  + 769.5691101507848  + 655.7458417856601  + 570.4393669654695  + 421.28711682409846  + 518.5087339144479  + 670.1644367615388  + 570.5207183240587  + 562.2311597926669  + 669.9786808659471  + 761.4304266956968  + 366.017597167997  + 470.7074234997667  + 469.33444744515725  + 405.1539001939158  + 339.2203813639884  + 359.52167095880844  + 621.0676703118208  + 470.98305718617564  + 269.36749139828487  + 621.0060640093486  + 353.81628317099774  + 470.84225667183136  + 269.079300645217  + 687.8516327154234  + 670.0619547005267  + 746.4700180003658  + 620.1821661192942  + 571.3429298120022  + 406.3759700674234  + 
total node:41/41
-------------------
Traveling energy: 2123.1573211781133
Charging energy: 105876.84267882191
Total energy used: 108000.00000000001
-------------------
Total time for travel: 2123.1573211781133
Total time for charging: 21175.36853576438
Charging round duration: 23298.525856942495
-------------------
ID | p | E0 | time_arrive | E_remain | time_charge | energy_charge| E_after_charge | E_after_cycle
249 | 0.10 | 6384.99 | 148.08 | 6370.18 | 573.16 | 2865.82 | 9178.68 | 6865.50
268 | 0.10 | 6407.36 | 742.68 | 6333.09 | 571.16 | 2855.81 | 9131.79 | 6877.86
245 | 0.12 | 6560.48 | 1347.29 | 6398.80 | 669.40 | 3346.99 | 9665.47 | 7045.10
273 | 0.06 | 6108.23 | 2056.59 | 5984.83 | 359.48 | 1797.40 | 7760.66 | 6474.44
262 | 0.10 | 6407.76 | 2431.78 | 6164.58 | 571.13 | 2855.63 | 8963.10 | 6878.08
258 | 0.06 | 6029.54 | 3034.40 | 5847.48 | 364.17 | 1820.86 | 7646.48 | 6419.21
243 | 0.09 | 6329.39 | 3478.16 | 6016.36 | 520.38 | 2601.89 | 8571.42 | 6784.51
256 | 0.06 | 6060.09 | 4081.32 | 5815.21 | 362.34 | 1811.68 | 7605.15 | 6440.58
239 | 0.05 | 6594.31 | 4461.74 | 6371.22 | 277.48 | 1387.42 | 7744.77 | 6789.08
274 | 0.12 | 6554.76 | 4913.53 | 5965.14 | 669.98 | 3349.91 | 9234.65 | 7042.30
250 | 0.05 | 5924.59 | 5606.97 | 5644.24 | 308.85 | 1544.26 | 7173.06 | 6276.20
246 | 0.10 | 6425.44 | 5961.89 | 5829.25 | 569.56 | 2847.78 | 8620.07 | 6887.90
235 | 0.15 | 7133.17 | 6599.44 | 6143.25 | 769.57 | 3847.85 | 9875.66 | 7403.05
244 | 0.13 | 7255.15 | 7436.96 | 6288.35 | 655.75 | 3278.73 | 9481.83 | 7432.98
264 | 0.10 | 6415.48 | 8102.95 | 5605.19 | 570.44 | 2852.20 | 8400.34 | 6882.37
253 | 0.07 | 6080.77 | 8696.70 | 5472.00 | 421.29 | 2106.44 | 7548.95 | 6517.49
236 | 0.09 | 6352.21 | 9158.69 | 5527.93 | 518.51 | 2592.54 | 8073.81 | 6797.98
260 | 0.12 | 6552.98 | 9694.68 | 5389.61 | 670.16 | 3350.82 | 8660.02 | 7041.43
240 | 0.10 | 6414.57 | 10396.76 | 5374.89 | 570.52 | 2852.60 | 8170.44 | 6881.86
266 | 0.10 | 6509.14 | 11032.26 | 5405.92 | 562.23 | 2811.16 | 8160.85 | 6934.99
272 | 0.12 | 6554.79 | 11663.44 | 5155.18 | 669.98 | 3349.89 | 8424.68 | 7042.32
263 | 0.14 | 6728.78 | 12357.06 | 4998.79 | 761.43 | 3807.15 | 8699.35 | 7196.50
254 | 0.06 | 5999.13 | 13157.48 | 5209.68 | 366.02 | 1830.09 | 7017.80 | 6398.03
265 | 0.08 | 6219.82 | 13548.79 | 5135.91 | 470.71 | 2353.54 | 7451.79 | 6665.11
269 | 0.08 | 6238.01 | 14049.86 | 5114.02 | 469.33 | 2346.67 | 7423.15 | 6676.44
247 | 0.07 | 6322.91 | 14583.89 | 5302.03 | 405.15 | 2025.77 | 7299.44 | 6678.96
238 | 0.06 | 6473.04 | 14993.64 | 5573.42 | 339.22 | 1696.10 | 7249.17 | 6737.95
259 | 0.06 | 6107.52 | 15357.22 | 5186.09 | 359.52 | 1797.61 | 6962.12 | 6473.94
255 | 0.11 | 6481.75 | 15744.00 | 4749.91 | 621.07 | 3105.34 | 7786.93 | 6963.25
252 | 0.08 | 6216.18 | 16431.33 | 4901.67 | 470.98 | 2354.92 | 7218.91 | 6662.85
241 | 0.05 | 6793.03 | 17008.44 | 5942.61 | 269.37 | 1346.84 | 7275.98 | 6947.21
271 | 0.11 | 6482.40 | 17330.72 | 4576.02 | 621.01 | 3105.03 | 7612.74 | 6963.59
257 | 0.06 | 6206.01 | 18002.14 | 5125.88 | 353.82 | 1769.08 | 6873.73 | 6543.90
261 | 0.08 | 6218.04 | 18436.15 | 4743.14 | 470.84 | 2354.21 | 7059.69 | 6664.00
251 | 0.05 | 6800.31 | 19036.75 | 5848.47 | 269.08 | 1345.40 | 7180.41 | 6953.05
275 | 0.13 | 6916.51 | 19333.02 | 4403.22 | 687.85 | 3439.26 | 7753.06 | 7254.87
270 | 0.12 | 6553.98 | 20070.59 | 4145.51 | 670.06 | 3350.31 | 7415.41 | 7041.92
267 | 0.14 | 6863.64 | 20772.18 | 3955.53 | 746.47 | 3732.35 | 7583.38 | 7256.56
237 | 0.11 | 6491.01 | 21558.90 | 4119.53 | 620.18 | 3100.91 | 7152.22 | 6968.08
242 | 0.10 | 6405.33 | 22223.05 | 4183.03 | 571.34 | 2856.71 | 6982.61 | 6876.74
248 | 0.07 | 6303.89 | 22802.18 | 4707.74 | 406.38 | 2031.88 | 6711.17 | 6666.05
Vehicle 7
Charging tour: 
283  -> 307  -> 276  -> 294  -> 282  -> 306  -> 287  -> 314  -> 302  -> 292  -> 310  -> 279  -> 309  -> 295  -> 296  -> 290  -> 277  -> 288  -> 300  -> 313  -> 312  -> 291  -> 289  -> 286  -> 316  -> 278  -> 297  -> 303  -> 280  -> 299  -> 293  -> 305  -> 298  -> 281  -> 315  -> 311  -> 285  -> 284  -> 301  -> 308  -> 
Charging time: 
721.0430337057899  + 401.7685800892635  + 396.011163428238  + 289.2365375951865  + 824.3281851881727  + 342.5996888946707  + 715.7463843177992  + 319.82872054246997  + 454.436447664783  + 350.9661442264391  + 458.11952722721827  + 451.9229472322333  + 616.0735090064834  + 720.9953859201355  + 560.786420075928  + 816.995099850024  + 349.1725721167101  + 562.8129044419072  + 289.60091910429213  + 340.8344891101155  + 737.349471991826  + 384.59258630809757  + 393.7992493674527  + 562.3754288238299  + 669.7318784916108  + 615.6483284283333  + 512.0221293540394  + 456.27174119850935  + 351.0966189566096  + 721.3528345488226  + 617.3553872515546  + 351.2915627728433  + 451.35605522211  + 453.7366910111219  + 805.8273802437197  + 713.6660284827682  + 444.9341276045884  + 454.0034757848806  + 720.9484859944073  + 773.0448684470075  + 
total node:40/42
-------------------
Traveling energy: 2131.585049890047
Charging energy: 105868.41495010995
Total energy used: 107999.99999999999
-------------------
Total time for travel: 2131.585049890047
Total time for charging: 21173.68299002199
Charging round duration: 23305.268039912036
-------------------
ID | p | E0 | time_arrive | E_remain | time_charge | energy_charge| E_after_charge | E_after_cycle
283 | 0.13 | 6374.00 | 137.14 | 6356.17 | 721.04 | 3605.22 | 9867.65 | 6878.32
307 | 0.07 | 6159.59 | 880.32 | 6097.97 | 401.77 | 2008.84 | 8078.69 | 6498.72
276 | 0.07 | 6249.15 | 1307.78 | 6157.60 | 396.01 | 1980.06 | 8109.94 | 6559.49
294 | 0.05 | 6111.49 | 1744.40 | 6024.27 | 289.24 | 1446.18 | 7455.99 | 6365.02
282 | 0.15 | 6433.11 | 2052.98 | 6125.17 | 824.33 | 4121.64 | 10123.16 | 6976.79
306 | 0.06 | 6191.48 | 2972.59 | 6013.12 | 342.60 | 1713.00 | 7705.57 | 6473.29
287 | 0.13 | 6421.17 | 3340.10 | 5986.96 | 715.75 | 3578.73 | 9472.64 | 6899.00
314 | 0.06 | 6632.30 | 4065.79 | 6388.35 | 319.83 | 1599.14 | 7968.30 | 6800.25
302 | 0.08 | 6223.67 | 4405.70 | 5871.22 | 454.44 | 2272.18 | 8107.05 | 6587.61
292 | 0.06 | 6043.88 | 4965.28 | 5745.97 | 350.97 | 1754.83 | 7479.74 | 6367.53
310 | 0.08 | 6173.64 | 5360.30 | 5744.81 | 458.12 | 2290.60 | 7998.76 | 6555.99
279 | 0.08 | 6258.29 | 5920.30 | 5784.67 | 451.92 | 2259.61 | 8008.13 | 6609.66
309 | 0.11 | 6312.34 | 6404.84 | 5607.80 | 616.07 | 3080.37 | 8620.40 | 6768.87
295 | 0.13 | 6374.42 | 7024.77 | 5461.20 | 721.00 | 3604.98 | 8972.45 | 6878.50
296 | 0.10 | 6304.24 | 7816.65 | 5522.57 | 560.79 | 2803.93 | 8270.43 | 6722.86
290 | 0.15 | 6490.85 | 8431.17 | 5226.18 | 817.00 | 4084.98 | 9188.61 | 6997.87
277 | 0.06 | 6074.93 | 9276.76 | 5518.32 | 349.17 | 1745.86 | 7243.24 | 6389.61
288 | 0.10 | 6281.54 | 9676.00 | 5313.94 | 562.81 | 2814.06 | 8071.72 | 6710.29
300 | 0.05 | 6103.80 | 10304.28 | 5588.58 | 289.60 | 1448.00 | 7022.11 | 6359.15
313 | 0.06 | 6223.54 | 10619.22 | 5586.39 | 340.83 | 1704.17 | 7270.11 | 6496.53
312 | 0.14 | 6712.51 | 11044.52 | 5166.27 | 737.35 | 3686.75 | 8749.79 | 7059.82
291 | 0.07 | 6434.68 | 11923.22 | 5600.06 | 384.59 | 1922.96 | 7496.10 | 6687.93
289 | 0.07 | 6284.25 | 12358.45 | 5419.15 | 393.80 | 1969.00 | 7360.59 | 6583.53
286 | 0.10 | 6286.42 | 12786.88 | 5007.74 | 562.38 | 2811.88 | 7763.38 | 6712.99
316 | 0.12 | 6334.47 | 13397.55 | 4726.76 | 669.73 | 3348.66 | 7995.06 | 6820.76
278 | 0.11 | 6316.70 | 14116.89 | 4763.84 | 615.65 | 3078.24 | 7774.36 | 6771.10
297 | 0.09 | 6214.18 | 14748.38 | 4886.83 | 512.02 | 2560.11 | 7400.85 | 6627.51
303 | 0.08 | 6198.64 | 15290.13 | 4975.43 | 456.27 | 2281.36 | 7220.29 | 6571.75
280 | 0.06 | 6041.64 | 15776.75 | 5095.03 | 351.10 | 1755.48 | 6829.45 | 6365.94
299 | 0.13 | 6371.26 | 16142.01 | 4272.80 | 721.35 | 3606.76 | 7785.79 | 6877.13
293 | 0.11 | 6299.23 | 16894.61 | 4440.82 | 617.36 | 3086.78 | 7459.69 | 6762.17
305 | 0.06 | 6038.28 | 17549.29 | 4985.33 | 351.29 | 1756.46 | 6720.71 | 6363.56
298 | 0.08 | 6266.15 | 17943.35 | 4830.68 | 451.36 | 2256.78 | 7051.35 | 6614.68
281 | 0.08 | 6233.27 | 18449.36 | 4757.32 | 453.74 | 2268.68 | 6989.71 | 6593.71
315 | 0.15 | 6580.81 | 18942.51 | 3739.43 | 805.83 | 4029.14 | 7647.69 | 7031.98
311 | 0.13 | 6439.89 | 19785.75 | 3867.74 | 713.67 | 3568.33 | 7343.30 | 6907.32
285 | 0.08 | 6356.59 | 20604.88 | 4708.20 | 444.93 | 2224.67 | 6897.28 | 6673.02
284 | 0.08 | 6229.61 | 21089.56 | 4542.45 | 454.00 | 2270.02 | 6776.14 | 6591.38
301 | 0.13 | 6374.84 | 21622.10 | 3563.97 | 720.95 | 3604.74 | 7074.98 | 6878.68
308 | 0.14 | 6402.56 | 22451.31 | 3259.37 | 773.04 | 3865.22 | 7016.37 | 6928.35
304 | 0.25 | 6653.05 | 689.78
[91m317 | 0.23 | 718.51 | -4767.70[00m
Vehicle 8
Charging tour: 
318  -> 328  -> 330  -> 348  -> 342  -> 323  -> 332  -> 335  -> 319  -> 355  -> 320  -> 326  -> 331  -> 334  -> 343  -> 350  -> 322  -> 337  -> 338  -> 344  -> 321  -> 336  -> 349  -> 354  -> 352  -> 325  -> 324  -> 341  -> 333  -> 346  -> 353  -> 351  -> 329  -> 339  -> 347  -> 345  -> 356  -> 340  -> 327  -> 
Charging time: 
449.3200011636502  + 439.8247177903053  + 338.80296455827164  + 442.70820256394273  + 441.7013486461879  + 340.6846561470056  + 477.55407636444266  + 334.2865630871629  + 542.793608000764  + 522.8032225985039  + 437.9078645663085  + 450.7662968102531  + 551.7071778360419  + 338.20815447367414  + 605.471111270955  + 447.8502578505584  + 449.79482957289935  + 613.752365520093  + 492.9675068801847  + 596.9752051798822  + 440.93482091128226  + 397.29055736690873  + 691.7795411442883  + 387.0477271831971  + 593.8364723323053  + 680.4992769753692  + 349.78885665838703  + 597.138943799187  + 595.2143594286628  + 547.8290902746847  + 401.63692762225764  + 702.2388087203832  + 541.7479364003907  + 694.702542787698  + 791.2886441364233  + 887.8456672751652  + 828.868099741379  + 450.55722903678964  + 670.1268755003109  + 
total node:39/39
-------------------
Traveling energy: 2322.7258596096963
Charging energy: 102831.2625408808
Total energy used: 105153.98840049049
-------------------
Total time for travel: 2322.7258596096963
Total time for charging: 20566.25250817616
Charging round duration: 22888.978367785858
-------------------
ID | p | E0 | time_arrive | E_remain | time_charge | energy_charge| E_after_charge | E_after_cycle
318 | 0.08 | 8476.69 | 25.45 | 8474.65 | 449.32 | 2246.60 | 10685.31 | 8815.04
328 | 0.08 | 8659.69 | 570.35 | 8614.06 | 439.82 | 2199.12 | 10778.00 | 8950.57
330 | 0.06 | 8431.33 | 1027.91 | 8369.65 | 338.80 | 1694.01 | 10043.34 | 8694.16
348 | 0.08 | 8603.29 | 1450.81 | 8487.22 | 442.71 | 2213.54 | 10665.35 | 8908.58
342 | 0.08 | 8622.90 | 2019.62 | 8461.33 | 441.70 | 2208.51 | 10634.50 | 8923.16
323 | 0.06 | 8384.76 | 2508.39 | 8234.26 | 340.68 | 1703.42 | 9917.24 | 8657.00
332 | 0.11 | 8783.33 | 2896.11 | 8464.76 | 477.55 | 2387.77 | 10800.00 | 8547.26
335 | 0.06 | 8545.24 | 3466.68 | 8337.24 | 334.29 | 1671.43 | 9988.62 | 8785.49
319 | 0.10 | 8524.91 | 3845.97 | 8140.31 | 542.79 | 2713.97 | 10800.00 | 8853.57
355 | 0.10 | 8690.90 | 4526.37 | 8238.26 | 522.80 | 2614.02 | 10800.00 | 8919.61
320 | 0.08 | 8697.60 | 5140.24 | 8286.38 | 437.91 | 2189.54 | 10440.88 | 8978.89
326 | 0.08 | 8449.49 | 5608.06 | 8000.85 | 450.77 | 2253.83 | 10218.62 | 8795.08
331 | 0.11 | 8770.85 | 6079.08 | 8102.15 | 551.71 | 2758.54 | 10800.00 | 8905.55
334 | 0.06 | 8446.16 | 6679.92 | 8045.36 | 338.21 | 1691.04 | 9716.11 | 8706.01
343 | 0.18 | 9152.22 | 7058.81 | 7881.63 | 605.47 | 3027.36 | 10800.00 | 7886.02
350 | 0.08 | 8504.51 | 7724.43 | 7886.55 | 447.85 | 2239.25 | 10089.98 | 8835.51
322 | 0.08 | 8467.74 | 8282.03 | 7805.18 | 449.79 | 2248.97 | 10018.17 | 8808.47
337 | 0.12 | 8857.52 | 8771.94 | 7804.89 | 613.75 | 3068.76 | 10800.00 | 9063.91
338 | 0.09 | 8691.93 | 9401.90 | 7845.76 | 492.97 | 2464.84 | 10266.23 | 9009.99
344 | 0.11 | 8772.60 | 9910.15 | 7682.48 | 596.98 | 2984.88 | 10601.69 | 9133.64
321 | 0.08 | 8637.89 | 10518.59 | 7796.40 | 440.93 | 2204.67 | 9965.80 | 8934.32
336 | 0.07 | 8388.45 | 10992.35 | 7618.99 | 397.29 | 1986.45 | 9577.63 | 8705.19
349 | 0.13 | 8916.99 | 11430.47 | 7431.03 | 691.78 | 3458.90 | 10800.00 | 9274.99
354 | 0.07 | 8610.44 | 12158.33 | 7759.36 | 387.05 | 1935.24 | 9667.51 | 8875.97
352 | 0.11 | 8818.97 | 12571.55 | 7436.10 | 593.84 | 2969.18 | 10339.96 | 9164.31
325 | 0.12 | 8395.48 | 13216.62 | 6809.49 | 680.50 | 3402.50 | 10130.32 | 8935.61
324 | 0.06 | 8166.52 | 13932.52 | 7330.57 | 349.79 | 1748.94 | 9058.53 | 8484.28
341 | 0.11 | 8770.20 | 14313.27 | 7195.74 | 597.14 | 2985.69 | 10115.75 | 9132.05
333 | 0.11 | 8798.55 | 14973.02 | 7151.52 | 595.21 | 2976.07 | 10062.12 | 9150.79
346 | 0.10 | 8690.54 | 15585.13 | 7132.03 | 547.83 | 2739.15 | 9816.39 | 9044.38
353 | 0.07 | 8297.67 | 16236.74 | 7161.10 | 401.64 | 2008.18 | 9141.17 | 8636.14
351 | 0.13 | 8813.54 | 16718.58 | 6640.13 | 702.24 | 3511.19 | 10060.03 | 9223.84
329 | 0.10 | 8788.09 | 17453.99 | 7042.70 | 541.75 | 2708.74 | 9697.26 | 9111.53
339 | 0.13 | 8909.15 | 18050.11 | 6562.64 | 694.70 | 3473.51 | 9945.84 | 9281.76
347 | 0.15 | 9025.02 | 18796.47 | 6205.55 | 791.29 | 3956.44 | 10043.30 | 9403.50
345 | 0.17 | 9115.98 | 19634.53 | 5778.11 | 887.85 | 4439.23 | 10066.41 | 9500.18
356 | 0.16 | 9190.23 | 20666.22 | 5883.64 | 828.87 | 4144.34 | 9895.36 | 9518.08
340 | 0.08 | 8453.41 | 21597.14 | 6725.64 | 450.56 | 2252.79 | 8942.38 | 8797.95
327 | 0.12 | 8525.43 | 22070.08 | 5877.02 | 670.13 | 3350.63 | 9147.24 | 9013.69
Vehicle 9
Charging tour: 
368  -> 359  -> 382  -> 366  -> 360  -> 389  -> 364  -> 398  -> 363  -> 361  -> 390  -> 388  -> 396  -> 395  -> 371  -> 385  -> 378  -> 380  -> 393  -> 370  -> 373  -> 376  -> 357  -> 384  -> 362  -> 367  -> 374  -> 379  -> 375  -> 394  -> 365  -> 369  -> 387  -> 397  -> 372  -> 392  -> 358  -> 391  -> 377  -> 381  -> 
Charging time: 
517.201036694511  + 363.88440287014316  + 465.59481079922614  + 517.3756507496626  + 618.0080051891645  + 667.9120656608096  + 718.481759106857  + 1536.9295667271276  + 466.26647419295136  + 464.69679058803206  + 303.48075468582357  + 302.5589431228415  + 567.5877648750729  + 251.82203215747188  + 359.12187589652626  + 718.5840068496409  + 515.6457283407451  + 466.59759844108635  + 219.20965031089872  + 508.389099555109  + 648.3729985509392  + 567.5098612665229  + 515.393312830548  + 414.41285404859684  + 306.43039344357834  + 679.1844717267843  + 668.4619924039549  + 457.67017128256094  + 465.99657025208495  + 617.9009090455395  + 406.60799081756494  + 649.9087009817066  + 668.4455838572624  + 570.6396581967205  + 567.7524779409748  + 311.92605986841  + 462.6205462374573  + 363.3485298689445  + 564.9812579074697  + 668.5965035918556  + 
total node:40/42
-------------------
Traveling energy: 2372.4556953340943
Charging energy: 105627.5443046659
Total energy used: 108000.0
-------------------
Total time for travel: 2372.4556953340943
Total time for charging: 21125.50886093318
Charging round duration: 23497.964556267274
-------------------
ID | p | E0 | time_arrive | E_remain | time_charge | energy_charge| E_after_charge | E_after_cycle
368 | 0.10 | 5421.67 | 119.29 | 5409.74 | 517.20 | 2586.01 | 7944.03 | 5622.37
359 | 0.07 | 5394.20 | 696.74 | 5345.43 | 363.88 | 1819.42 | 7139.38 | 5543.91
382 | 0.09 | 5420.34 | 1089.62 | 5322.28 | 465.59 | 2327.97 | 7608.35 | 5601.54
366 | 0.10 | 5419.84 | 1659.59 | 5253.88 | 517.38 | 2586.88 | 7789.02 | 5621.41
360 | 0.12 | 5444.77 | 2209.47 | 5179.64 | 618.01 | 3090.04 | 8195.51 | 5672.44
389 | 0.13 | 5457.79 | 2967.34 | 5072.03 | 667.91 | 3339.56 | 8324.76 | 5696.45
364 | 0.14 | 5463.93 | 3672.34 | 4949.80 | 718.48 | 3592.41 | 8441.62 | 5716.90
398 | 0.13 | 2371.82 | 4459.12 | 1792.14 | 1536.93 | 7684.65 | 9276.98 | 6955.57
363 | 0.09 | 5412.54 | 6047.41 | 4868.27 | 466.27 | 2331.33 | 7157.64 | 5597.09
361 | 0.09 | 5430.82 | 6527.21 | 4843.37 | 464.70 | 2323.48 | 7125.03 | 5607.53
390 | 0.06 | 5543.86 | 7050.90 | 5120.81 | 303.48 | 1517.40 | 6620.01 | 5630.08
388 | 0.06 | 5560.76 | 7376.12 | 5118.19 | 302.56 | 1512.79 | 6612.83 | 5642.36
396 | 0.11 | 5434.41 | 7701.61 | 4587.23 | 567.59 | 2837.94 | 7362.73 | 5648.51
395 | 0.05 | 5567.61 | 8335.63 | 5150.83 | 251.82 | 1259.11 | 6397.35 | 5634.07
371 | 0.07 | 5465.74 | 8666.22 | 4859.10 | 359.12 | 1795.61 | 6629.57 | 5591.63
385 | 0.14 | 5463.15 | 9096.76 | 4189.60 | 718.58 | 3592.92 | 7681.92 | 5716.64
378 | 0.10 | 5438.02 | 9840.38 | 4453.99 | 515.65 | 2578.23 | 6980.65 | 5630.94
380 | 0.09 | 5408.70 | 10385.52 | 4474.00 | 466.60 | 2332.99 | 6764.99 | 5594.91
393 | 0.05 | 6395.92 | 10864.04 | 5852.72 | 219.21 | 1096.05 | 6937.80 | 6299.31
370 | 0.13 | 7170.34 | 11126.09 | 5723.95 | 508.39 | 2541.95 | 8199.80 | 6611.38
373 | 0.13 | 5622.26 | 11694.54 | 4101.97 | 648.37 | 3241.86 | 7259.55 | 5763.22
376 | 0.11 | 5435.15 | 12380.31 | 4073.32 | 567.51 | 2837.55 | 6848.44 | 5648.86
357 | 0.10 | 5440.69 | 12964.26 | 4144.26 | 515.39 | 2576.97 | 6669.69 | 5632.34
384 | 0.08 | 5413.14 | 13517.40 | 4331.75 | 414.41 | 2072.06 | 6370.66 | 5576.96
362 | 0.06 | 5490.50 | 14061.62 | 4646.80 | 306.43 | 1532.15 | 6160.57 | 5591.47
367 | 0.14 | 5780.07 | 14512.49 | 3748.32 | 679.18 | 3395.92 | 7049.15 | 5836.56
374 | 0.13 | 5453.30 | 15196.11 | 3477.80 | 668.46 | 3342.31 | 6733.21 | 5694.71
379 | 0.09 | 5514.20 | 15920.74 | 4081.33 | 457.67 | 2288.35 | 6328.49 | 5655.77
375 | 0.09 | 5415.67 | 16423.75 | 3937.53 | 466.00 | 2329.98 | 6225.58 | 5598.88
394 | 0.12 | 5445.72 | 16932.75 | 3413.79 | 617.90 | 3089.50 | 6429.14 | 5672.85
365 | 0.08 | 5517.05 | 17616.32 | 4107.74 | 406.61 | 2033.04 | 6108.25 | 5641.84
369 | 0.13 | 5608.98 | 18077.21 | 3258.94 | 649.91 | 3249.54 | 6423.99 | 5757.62
387 | 0.13 | 5453.43 | 18732.82 | 3018.16 | 668.45 | 3342.23 | 6273.49 | 5694.76
397 | 0.14 | 6879.53 | 19519.65 | 4146.78 | 570.64 | 2853.20 | 6920.09 | 6393.29
372 | 0.11 | 5432.83 | 20169.55 | 3214.18 | 567.75 | 2838.76 | 5990.49 | 5647.75
392 | 0.06 | 5393.77 | 20806.61 | 4145.37 | 311.93 | 1559.63 | 5686.28 | 5522.21
358 | 0.09 | 5455.19 | 21230.20 | 3544.48 | 462.62 | 2313.10 | 5815.94 | 5621.52
391 | 0.07 | 5402.16 | 21699.22 | 3883.21 | 363.35 | 1816.74 | 5674.52 | 5549.18
377 | 0.11 | 5459.48 | 22127.89 | 3025.41 | 564.98 | 2824.91 | 5788.17 | 5660.55
381 | 0.13 | 5452.20 | 22718.59 | 2498.78 | 668.60 | 3342.98 | 5754.85 | 5694.28
383 | 0.15 | 5481.93 | 1903.96
386 | 0.15 | 5844.80 | 2266.84
Vehicle 10
Charging tour: 
435  -> 437  -> 415  -> 409  -> 403  -> 417  -> 423  -> 402  -> 410  -> 426  -> 399  -> 433  -> 420  -> 414  -> 430  -> 405  -> 406  -> 407  -> 404  -> 401  -> 429  -> 432  -> 400  -> 408  -> 416  -> 422  -> 419  -> 434  -> 425  -> 412  -> 427  -> 411  -> 428  -> 413  -> 431  -> 421  -> 436  -> 418  -> 424  -> 
Charging time: 
708.7700204118592  + 487.3829118128602  + 379.51899731766747  + 310.65899570558844  + 373.1398081563674  + 544.2084539301443  + 345.2469255948564  + 601.7634842811464  + 545.5409680111338  + 708.8236256323925  + 491.4016955803699  + 598.5757562404873  + 698.6761790574938  + 542.144597720457  + 436.3121027910622  + 378.2652770225018  + 599.1046746690618  + 708.6641248312843  + 609.5658114354422  + 807.0110682458788  + 432.8877683888825  + 433.1255224534337  + 679.740178674631  + 662.8013129547195  + 600.2994980042648  + 734.1690219930445  + 488.8291807516811  + 360.21220545005224  + 736.5501215980673  + 584.1802714680605  + 365.6061729768364  + 708.6770712192757  + 547.2637743537769  + 435.6198824670213  + 544.3917925629372  + 575.3991629203807  + 426.0984210008933  + 489.95399618783426  + 543.474966292523  + 
total node:39/39
-------------------
Traveling energy: 1879.7209991681145
Charging energy: 106120.27900083186
Total energy used: 107999.99999999997
-------------------
Total time for travel: 1879.7209991681145
Total time for charging: 21224.05580016637
Charging round duration: 23103.776799334486
-------------------
ID | p | E0 | time_arrive | E_remain | time_charge | energy_charge| E_after_charge | E_after_cycle
435 | 0.12 | 5817.05 | 3.45 | 5816.63 | 708.77 | 3543.85 | 9275.43 | 6498.52
437 | 0.08 | 5639.57 | 871.82 | 5569.83 | 487.38 | 2436.91 | 7967.75 | 6168.24
415 | 0.06 | 5431.81 | 1385.07 | 5348.70 | 379.52 | 1897.59 | 7223.53 | 5898.22
409 | 0.05 | 5529.84 | 1802.13 | 5439.73 | 310.66 | 1553.29 | 6977.50 | 5890.48
403 | 0.06 | 5524.67 | 2126.33 | 5397.09 | 373.14 | 1865.70 | 7240.40 | 5959.18
417 | 0.09 | 5682.03 | 2522.22 | 5455.03 | 544.21 | 2721.04 | 8127.10 | 6256.30
423 | 0.06 | 5971.01 | 3102.71 | 5784.85 | 345.25 | 1726.23 | 7490.37 | 6266.06
402 | 0.10 | 5709.53 | 3512.58 | 5358.28 | 601.76 | 3008.82 | 8306.92 | 6333.04
410 | 0.09 | 5668.15 | 4148.73 | 5294.77 | 545.54 | 2727.70 | 7973.37 | 6249.08
426 | 0.12 | 5816.61 | 4718.63 | 5250.37 | 708.82 | 3544.12 | 8709.43 | 6498.35
399 | 0.08 | 5593.45 | 5452.05 | 5157.29 | 491.40 | 2457.01 | 7574.98 | 6142.21
433 | 0.10 | 5739.94 | 5977.12 | 5142.23 | 598.58 | 2992.88 | 8075.25 | 6347.51
420 | 0.12 | 5901.08 | 6629.94 | 5105.49 | 698.68 | 3493.38 | 8515.03 | 6532.09
414 | 0.09 | 5703.66 | 7359.53 | 5041.31 | 542.14 | 2710.72 | 7703.24 | 6267.61
430 | 0.07 | 5512.23 | 7967.49 | 4954.51 | 436.31 | 2181.56 | 7105.52 | 6024.07
405 | 0.06 | 5449.81 | 8462.52 | 4942.06 | 378.27 | 1891.33 | 6810.69 | 5909.95
406 | 0.10 | 5734.87 | 8860.29 | 4848.84 | 599.10 | 2995.52 | 7784.46 | 6345.09
407 | 0.12 | 5817.91 | 9544.38 | 4672.59 | 708.66 | 3543.32 | 8130.87 | 6498.86
404 | 0.11 | 6200.10 | 10259.53 | 5071.55 | 609.57 | 3047.83 | 8052.33 | 6624.09
401 | 0.14 | 5960.40 | 10948.49 | 4427.61 | 807.01 | 4035.06 | 8349.68 | 6656.02
429 | 0.07 | 5555.83 | 11767.36 | 4732.12 | 432.89 | 2164.44 | 6866.26 | 6050.56
432 | 0.07 | 5552.78 | 12217.98 | 4697.53 | 433.13 | 2165.63 | 6832.83 | 6048.70
400 | 0.15 | 7581.84 | 12692.81 | 5677.92 | 679.74 | 3398.70 | 8974.66 | 7402.58
408 | 0.16 | 8293.98 | 13398.76 | 6150.18 | 662.80 | 3314.01 | 9358.14 | 7791.50
416 | 0.10 | 5723.46 | 14079.32 | 4315.53 | 600.30 | 3001.50 | 7256.99 | 6339.65
422 | 0.13 | 6083.78 | 14768.15 | 4163.92 | 734.17 | 3670.85 | 7739.33 | 6653.73
419 | 0.08 | 5622.89 | 15508.12 | 4382.24 | 488.83 | 2444.15 | 6787.28 | 6158.79
434 | 0.06 | 5722.94 | 16081.92 | 4758.03 | 360.21 | 1801.06 | 6537.48 | 6092.82
425 | 0.14 | 6530.59 | 16483.22 | 4222.94 | 736.55 | 3682.75 | 7802.57 | 6873.91
412 | 0.12 | 7057.66 | 17289.73 | 4982.89 | 584.18 | 2920.90 | 7833.69 | 7116.19
427 | 0.06 | 5638.51 | 17879.70 | 4565.73 | 365.61 | 1828.03 | 6371.82 | 6035.35
411 | 0.12 | 5817.81 | 18270.30 | 3625.37 | 708.68 | 3543.39 | 7083.72 | 6498.82
428 | 0.09 | 5650.31 | 19051.63 | 3935.66 | 547.26 | 2736.32 | 6622.73 | 6239.85
413 | 0.07 | 5520.99 | 19619.96 | 4147.59 | 435.62 | 2178.10 | 6295.20 | 6029.37
431 | 0.09 | 5680.12 | 20100.34 | 3871.09 | 544.39 | 2721.96 | 6544.05 | 6255.30
421 | 0.12 | 7165.37 | 20718.96 | 4679.09 | 575.40 | 2877.00 | 7487.04 | 7179.99
436 | 0.07 | 5644.36 | 21306.44 | 4152.91 | 426.10 | 2130.49 | 6253.57 | 6105.14
418 | 0.08 | 5609.98 | 21741.88 | 3870.63 | 489.95 | 2449.77 | 6281.20 | 6151.50
424 | 0.09 | 5689.70 | 22361.61 | 3677.16 | 543.47 | 2717.37 | 6345.62 | 6260.30
Vehicle 11
Charging tour: 
447  -> 459  -> 463  -> 460  -> 456  -> 473  -> 464  -> 440  -> 451  -> 455  -> 444  -> 439  -> 443  -> 452  -> 449  -> 470  -> 462  -> 450  -> 472  -> 465  -> 445  -> 467  -> 441  -> 457  -> 438  -> 448  -> 466  -> 446  -> 458  -> 454  -> 475  -> 474  -> 468  -> 471  -> 469  -> 442  -> 461  -> 453  -> 
Charging time: 
307.85882718000425  + 325.048141107232  + 341.31985974603464  + 367.35338829130194  + 289.7719854491723  + 349.8383271435152  + 372.7566651375985  + 297.00745939883456  + 376.0271892112595  + 454.1598809571638  + 402.72501364506456  + 403.44805214046454  + 534.9371505335553  + 398.38705946753794  + 391.7542263881772  + 355.2804700998508  + 514.8953236345134  + 515.978030294876  + 535.5898844861172  + 503.384092561561  + 347.3478488819093  + 450.2977300096617  + 365.19778162807324  + 496.3420998611619  + 314.1829581471176  + 677.4124677747137  + 465.06815798020773  + 613.6602733030642  + 601.427310441134  + 518.5870754185931  + 700.1726688585151  + 669.7019943690693  + 462.3775136658125  + 642.9223775598831  + 515.990208480112  + 478.21574789005496  + 567.7105698696314  + 732.8688181336136  + 
total node:38/38
-------------------
Traveling energy: 2204.9923508781635
Charging energy: 88285.02314573083
Total energy used: 90490.01549660899
-------------------
Total time for travel: 2204.9923508781635
Total time for charging: 17657.004629146166
Charging round duration: 19861.99698002433
-------------------
ID | p | E0 | time_arrive | E_remain | time_charge | energy_charge| E_after_charge | E_after_cycle
447 | 0.05 | 8799.11 | 118.16 | 8793.20 | 307.86 | 1539.29 | 10317.10 | 9145.74
459 | 0.08 | 9236.90 | 451.75 | 9200.76 | 325.05 | 1625.24 | 10800.00 | 8953.90
463 | 0.07 | 9173.64 | 804.89 | 9117.29 | 341.32 | 1706.60 | 10800.00 | 9210.52
460 | 0.07 | 9072.10 | 1187.88 | 8988.95 | 367.35 | 1836.77 | 10800.00 | 9239.15
456 | 0.05 | 9348.32 | 1590.86 | 9268.78 | 289.77 | 1448.86 | 10703.15 | 9604.53
473 | 0.06 | 9186.71 | 1915.16 | 9071.80 | 349.84 | 1749.19 | 10800.00 | 9504.71
464 | 0.15 | 9345.36 | 2354.90 | 8992.13 | 372.76 | 1863.78 | 10800.00 | 7631.18
440 | 0.05 | 9120.59 | 2811.85 | 8979.99 | 297.01 | 1485.04 | 10450.18 | 9412.97
451 | 0.09 | 9241.64 | 3199.23 | 8953.71 | 376.03 | 1880.14 | 10800.00 | 8975.00
455 | 0.12 | 9017.09 | 3611.59 | 8583.70 | 454.16 | 2270.80 | 10800.00 | 8425.52
444 | 0.08 | 9143.99 | 4067.45 | 8818.59 | 402.73 | 2013.63 | 10800.00 | 9249.37
439 | 0.07 | 9125.41 | 4491.57 | 8811.00 | 403.45 | 2017.24 | 10800.00 | 9472.93
443 | 0.10 | 8676.81 | 4979.97 | 8178.81 | 534.94 | 2674.69 | 10800.00 | 8966.18
452 | 0.08 | 9286.03 | 5576.22 | 8839.94 | 398.39 | 1991.94 | 10800.00 | 9369.72
449 | 0.07 | 9291.61 | 6042.29 | 8868.65 | 391.75 | 1958.77 | 10800.00 | 9580.67
470 | 0.14 | 9979.97 | 6475.97 | 9073.34 | 355.28 | 1776.40 | 10800.00 | 8416.94
462 | 0.14 | 9256.26 | 6847.52 | 8297.61 | 514.90 | 2574.48 | 10800.00 | 8491.31
450 | 0.10 | 9010.07 | 7383.66 | 8271.71 | 515.98 | 2579.89 | 10800.00 | 9204.65
472 | 0.14 | 9305.58 | 7918.19 | 8197.03 | 535.59 | 2677.95 | 10800.00 | 8644.10
465 | 0.14 | 9540.82 | 8480.46 | 8353.55 | 503.38 | 2516.92 | 10800.00 | 8718.31
445 | 0.06 | 9358.51 | 9067.83 | 8814.44 | 347.35 | 1736.74 | 10530.34 | 9664.06
467 | 0.09 | 9442.49 | 9482.80 | 8589.04 | 450.30 | 2251.49 | 10800.00 | 9547.20
441 | 0.06 | 8901.09 | 10024.34 | 8299.63 | 365.20 | 1825.99 | 10103.71 | 9295.89
457 | 0.10 | 9408.55 | 10406.24 | 8367.92 | 496.34 | 2481.71 | 10800.00 | 9504.95
438 | 0.05 | 8621.99 | 10916.44 | 8076.17 | 314.18 | 1570.91 | 9631.37 | 9000.25
448 | 0.11 | 8729.30 | 11289.55 | 7487.45 | 677.41 | 3387.06 | 10800.00 | 9492.53
466 | 0.08 | 9319.52 | 12051.85 | 8355.37 | 465.07 | 2325.34 | 10643.51 | 9736.61
446 | 0.10 | 8828.61 | 12674.54 | 7561.15 | 613.66 | 3068.30 | 10568.09 | 9511.60
458 | 0.11 | 9332.55 | 13395.72 | 7859.02 | 601.43 | 3007.14 | 10800.00 | 9715.85
454 | 0.09 | 9402.45 | 13999.23 | 8142.52 | 518.59 | 2592.94 | 10688.78 | 9848.61
475 | 0.16 | 9735.17 | 14525.06 | 7411.16 | 700.17 | 3500.86 | 10800.00 | 9419.54
474 | 0.16 | 9997.94 | 15245.63 | 7558.64 | 669.70 | 3348.51 | 10800.00 | 9529.96
468 | 0.08 | 9373.75 | 15962.51 | 8096.75 | 462.38 | 2311.89 | 10371.65 | 9777.39
471 | 0.14 | 9982.82 | 16481.62 | 7675.40 | 642.92 | 3214.61 | 10800.00 | 9858.00
469 | 0.09 | 9449.77 | 17169.12 | 7904.55 | 515.99 | 2579.95 | 10438.06 | 9882.94
442 | 0.08 | 9063.30 | 17740.46 | 7644.06 | 478.22 | 2391.08 | 9996.88 | 9546.13
461 | 0.10 | 9543.18 | 18276.58 | 7715.52 | 567.71 | 2838.55 | 10497.30 | 9996.42
453 | 0.12 | 8871.05 | 18932.70 | 6599.13 | 732.87 | 3664.34 | 10175.53 | 9673.03
Vehicle 12
Charging tour: 
511  -> 484  -> 492  -> 488  -> 495  -> 521  -> 478  -> 515  -> 513  -> 498  -> 480  -> 520  -> 517  -> 496  -> 522  -> 485  -> 499  -> 486  -> 508  -> 518  -> 514  -> 507  -> 510  -> 479  -> 512  -> 506  -> 487  -> 482  -> 505  -> 497  -> 477  -> 476  -> 481  -> 519  -> 509  -> 504  -> 491  -> 503  -> 490  -> 493  -> 516  -> 483  -> 494  -> 502  -> 523  -> 
Charging time: 
591.6651314660969  + 385.36734678355594  + 341.56898693548004  + 531.8406121189898  + 562.0907844551252  + 1143.9977152252475  + 195.41083506681534  + 598.0677008797236  + 435.2444886411807  + 240.8614649810244  + 287.42527308179723  + 1210.316050184642  + 386.4024163267055  + 237.2584830459032  + 1352.151485048432  + 342.9678300518291  + 255.22034144208624  + 464.80037673252184  + 460.4311661490586  + 437.50333389037917  + 580.722555070476  + 434.0414427261293  + 330.2526195237993  + 574.5977710462697  + 299.4393503610785  + 336.1080734827364  + 388.9894753830868  + 523.2631637690861  + 532.3265435847562  + 207.13854024443881  + 384.36900265134756  + 288.18980965707635  + 496.9398094123341  + 637.619728357552  + 225.54154257498607  + 242.2883140972004  + 298.39104780458547  + 255.43915520944466  + 383.13648329587363  + 435.7288851361111  + 533.3921702709696  + 486.39153568757143  + 532.0620474813456  + 566.5825486927516  + 637.3013506542995  + 
total node:45/48
-------------------
Traveling energy: 2645.7760565904878
Charging energy: 105354.22394340952
Total energy used: 108000.00000000001
-------------------
Total time for travel: 2645.7760565904878
Total time for charging: 21070.844788681905
Charging round duration: 23716.62084527239
-------------------
ID | p | E0 | time_arrive | E_remain | time_charge | energy_charge| E_after_charge | E_after_cycle
511 | 0.14 | 5311.20 | 31.43 | 5306.80 | 591.67 | 2958.33 | 8182.30 | 4930.10
484 | 0.09 | 5242.14 | 680.90 | 5180.86 | 385.37 | 1926.84 | 7073.01 | 5022.20
492 | 0.08 | 5257.17 | 1116.83 | 5167.83 | 341.57 | 1707.84 | 6848.35 | 5056.77
488 | 0.12 | 5064.55 | 1529.09 | 4881.06 | 531.84 | 2659.20 | 7476.44 | 4861.38
495 | 0.16 | 6389.32 | 2093.87 | 6054.30 | 562.09 | 2810.45 | 8774.82 | 5383.28
521 | 0.12 | 2354.49 | 2685.87 | 2032.19 | 1144.00 | 5719.99 | 7614.89 | 5212.11
478 | 0.05 | 5743.31 | 3909.24 | 5547.85 | 195.41 | 977.05 | 6515.13 | 5527.71
515 | 0.15 | 5629.65 | 4138.99 | 5008.81 | 598.07 | 2990.34 | 7909.43 | 5042.03
513 | 0.10 | 5157.12 | 4753.59 | 4681.76 | 435.24 | 2176.22 | 6814.46 | 4948.04
498 | 0.06 | 5591.45 | 5228.05 | 5277.77 | 240.86 | 1204.31 | 6467.63 | 5364.58
480 | 0.07 | 5466.56 | 5489.74 | 5082.28 | 287.43 | 1437.13 | 6499.28 | 5233.97
520 | 0.14 | 2596.39 | 5789.67 | 1785.84 | 1210.32 | 6051.58 | 7667.97 | 5308.54
517 | 0.09 | 5228.10 | 7026.72 | 4595.69 | 386.40 | 1932.01 | 6492.93 | 5013.33
496 | 0.06 | 5676.37 | 7421.14 | 5231.10 | 237.26 | 1186.29 | 6403.15 | 5431.47
522 | 0.13 | 2158.04 | 7726.41 | 1153.60 | 1352.15 | 6760.76 | 7738.58 | 5817.89
485 | 0.08 | 5235.73 | 9131.13 | 4505.24 | 342.97 | 1714.84 | 6192.64 | 5042.32
499 | 0.06 | 5276.87 | 9530.57 | 4705.04 | 255.22 | 1276.10 | 5965.83 | 5121.79
486 | 0.14 | 6760.87 | 9831.83 | 5384.41 | 464.80 | 2324.00 | 7643.34 | 5745.44
508 | 0.09 | 4387.51 | 10344.21 | 3456.54 | 460.43 | 2302.16 | 5717.25 | 4542.89
518 | 0.10 | 5130.50 | 10921.23 | 4038.37 | 437.50 | 2187.52 | 6182.14 | 4932.70
514 | 0.13 | 5024.76 | 11474.09 | 3533.13 | 580.72 | 2903.61 | 6361.25 | 4827.47
507 | 0.10 | 5171.42 | 12149.02 | 3956.52 | 434.04 | 2170.21 | 6083.32 | 4956.32
510 | 0.08 | 5437.32 | 12656.87 | 4424.77 | 330.25 | 1651.26 | 6049.61 | 5180.33
479 | 0.13 | 5078.32 | 13062.91 | 3380.14 | 574.60 | 2872.99 | 6178.43 | 4850.41
512 | 0.07 | 5247.23 | 13657.78 | 4291.18 | 299.44 | 1497.20 | 5767.42 | 5074.71
506 | 0.08 | 5342.59 | 14006.74 | 4222.05 | 336.11 | 1680.54 | 5875.70 | 5114.88
487 | 0.09 | 5193.32 | 14396.21 | 3897.67 | 388.99 | 1944.95 | 5807.60 | 4991.49
482 | 0.11 | 4718.60 | 14827.93 | 3087.53 | 523.26 | 2616.32 | 5646.29 | 4711.08
505 | 0.12 | 5059.92 | 15405.16 | 3211.30 | 532.33 | 2661.63 | 5809.06 | 4859.19
497 | 0.05 | 5418.14 | 15996.03 | 4618.33 | 207.14 | 1035.69 | 5643.67 | 5261.17
477 | 0.09 | 5255.75 | 16277.83 | 3790.75 | 384.37 | 1921.85 | 5678.00 | 5030.82
476 | 0.07 | 5452.06 | 16739.75 | 4280.27 | 288.19 | 1440.95 | 5701.05 | 5223.29
481 | 0.13 | 5871.92 | 17060.00 | 3654.12 | 496.94 | 2484.70 | 6074.22 | 5255.72
519 | 0.09 | 3168.27 | 17598.38 | 1584.41 | 637.62 | 3188.10 | 4715.12 | 4209.59
509 | 0.06 | 5971.25 | 18267.78 | 4875.19 | 225.54 | 1127.71 | 5989.36 | 5667.78
504 | 0.06 | 5558.53 | 18510.50 | 4447.90 | 242.29 | 1211.44 | 5644.80 | 5338.78
491 | 0.07 | 5265.66 | 18788.75 | 3950.45 | 298.39 | 1491.96 | 5421.52 | 5087.90
503 | 0.06 | 5272.35 | 19188.39 | 4121.05 | 255.44 | 1277.20 | 5382.92 | 5118.36
490 | 0.09 | 5272.66 | 19594.24 | 3509.18 | 383.14 | 1915.68 | 5390.38 | 5041.56
493 | 0.10 | 5151.39 | 20107.70 | 3140.62 | 435.73 | 2178.64 | 5275.69 | 4944.73
516 | 0.12 | 5049.81 | 20600.51 | 2577.75 | 533.39 | 2666.96 | 5180.71 | 4854.40
483 | 0.14 | 6460.75 | 21200.98 | 3492.61 | 486.39 | 2431.96 | 5856.47 | 5553.27
494 | 0.12 | 5062.44 | 21788.87 | 2447.77 | 532.06 | 2660.31 | 5044.24 | 4860.38
502 | 0.13 | 5150.16 | 22337.73 | 2246.26 | 566.58 | 2832.91 | 5005.52 | 4882.17
523 | 0.09 | 3169.85 | 22974.19 | 1102.17 | 637.30 | 3186.51 | 4231.32 | 4209.58
489 | 0.09 | 5158.39 | 3011.61
500 | 0.13 | 5024.15 | 1923.25
501 | 0.17 | 5632.16 | 1577.14
Vehicle 13
Charging tour: 
526  -> 542  -> 528  -> 527  -> 530  -> 525  -> 536  -> 531  -> 554  -> 540  -> 538  -> 537  -> 547  -> 545  -> 544  -> 532  -> 539  -> 524  -> 546  -> 535  -> 551  -> 548  -> 555  -> 552  -> 543  -> 529  -> 550  -> 553  -> 541  -> 533  -> 534  -> 549  -> 
Charging time: 
406.3511163212896  + 283.46923057025225  + 550.4779456113778  + 378.9280416890772  + 556.079599816059  + 726.6843102784743  + 478.6506892192468  + 741.4431075538349  + 355.1309443584401  + 432.3031681680609  + 414.5958126806378  + 528.5906270914106  + 435.9707582277617  + 294.69567239194527  + 261.8639054447879  + 335.3513833738078  + 301.49123171213284  + 326.8467329681766  + 405.9639586033685  + 567.6243741887887  + 338.5028935017282  + 274.9113784134841  + 308.8061625717266  + 603.4773511275582  + 481.03140394443113  + 473.77573426134927  + 490.91201818724505  + 367.387395732433  + 594.2048139075309  + 409.43719657883304  + 618.5985107482757  + 385.5141947990727  + 
total node:32/32
-------------------
Traveling energy: 1837.8513774533035
Charging energy: 70645.358320213
Total energy used: 72483.2096976663
-------------------
Total time for travel: 1837.8513774533035
Total time for charging: 14129.0716640426
Charging round duration: 15966.923041495904
-------------------
ID | p | E0 | time_arrive | E_remain | time_charge | energy_charge| E_after_charge | E_after_cycle
526 | 0.09 | 8810.84 | 66.98 | 8804.82 | 406.35 | 2031.76 | 10800.00 | 8695.82
542 | 0.09 | 9462.03 | 598.49 | 9408.17 | 283.47 | 1417.35 | 10800.00 | 8732.60
528 | 0.12 | 8226.06 | 936.62 | 8113.67 | 550.48 | 2752.39 | 10800.00 | 8116.08
527 | 0.08 | 9057.79 | 1526.42 | 8935.67 | 378.93 | 1894.64 | 10800.00 | 9044.18
530 | 0.12 | 8320.84 | 1954.27 | 8086.33 | 556.08 | 2780.40 | 10800.00 | 8238.87
525 | 0.14 | 7627.54 | 2565.88 | 7268.31 | 726.68 | 3633.42 | 10800.00 | 7921.53
536 | 0.11 | 8828.78 | 3358.04 | 8459.40 | 478.65 | 2393.25 | 10800.00 | 8598.20
531 | 0.15 | 7783.90 | 3866.00 | 7204.00 | 741.44 | 3707.22 | 10800.00 | 7913.15
554 | 0.13 | 9675.78 | 4655.90 | 9070.51 | 355.13 | 1775.65 | 10800.00 | 8350.53
540 | 0.10 | 9198.15 | 5164.36 | 8681.71 | 432.30 | 2161.52 | 10800.00 | 8974.36
538 | 0.09 | 9273.98 | 5662.72 | 8764.33 | 414.60 | 2072.98 | 10800.00 | 9200.18
537 | 0.11 | 8891.67 | 6149.82 | 8215.19 | 528.59 | 2642.95 | 10800.00 | 8910.79
547 | 0.11 | 9410.89 | 6752.57 | 8668.10 | 435.97 | 2179.85 | 10800.00 | 8966.90
545 | 0.07 | 9852.99 | 7226.27 | 9347.15 | 294.70 | 1473.48 | 10800.00 | 9656.75
544 | 0.06 | 9959.59 | 7553.25 | 9506.39 | 261.86 | 1309.32 | 10800.00 | 9837.72
532 | 0.06 | 9615.91 | 7875.80 | 9143.36 | 335.35 | 1676.76 | 10800.00 | 9861.48
539 | 0.06 | 9806.64 | 8266.84 | 9310.63 | 301.49 | 1507.46 | 10800.00 | 9882.91
524 | 0.05 | 9613.31 | 8623.94 | 9182.11 | 326.85 | 1634.23 | 10800.00 | 10054.88
546 | 0.09 | 9614.51 | 8975.49 | 8806.72 | 405.96 | 2029.82 | 10800.00 | 9497.55
535 | 0.10 | 8961.71 | 9430.65 | 8018.64 | 567.62 | 2838.12 | 10800.00 | 9414.52
551 | 0.08 | 9939.59 | 10062.77 | 9134.57 | 338.50 | 1692.51 | 10800.00 | 9723.85
548 | 0.06 | 10070.56 | 10477.07 | 9441.94 | 274.91 | 1374.56 | 10800.00 | 10013.93
555 | 0.08 | 10142.66 | 10774.85 | 9280.67 | 308.81 | 1544.03 | 10800.00 | 9778.45
552 | 0.14 | 9420.49 | 11095.68 | 7867.10 | 603.48 | 3017.39 | 10800.00 | 9098.45
543 | 0.09 | 9498.45 | 11781.32 | 8438.14 | 481.03 | 2405.16 | 10800.00 | 9756.83
529 | 0.07 | 9323.74 | 12277.99 | 8464.29 | 473.78 | 2368.88 | 10800.00 | 10022.91
550 | 0.10 | 9670.89 | 12763.54 | 8394.53 | 490.91 | 2454.56 | 10800.00 | 9740.14
553 | 0.08 | 10056.72 | 13303.35 | 8992.45 | 367.39 | 1836.94 | 10800.00 | 9985.41
541 | 0.10 | 9257.09 | 13686.95 | 7888.40 | 594.20 | 2971.02 | 10800.00 | 9842.81
533 | 0.06 | 9635.81 | 14307.29 | 8777.38 | 409.44 | 2047.19 | 10800.00 | 10251.82
534 | 0.09 | 9092.91 | 14780.31 | 7762.68 | 618.60 | 3092.99 | 10800.00 | 10039.12
549 | 0.07 | 9980.70 | 15446.87 | 8899.42 | 385.51 | 1927.57 | 10800.00 | 10238.55
Vehicle 14
Charging tour: 
574  -> 592  -> 589  -> 566  -> 558  -> 586  -> 556  -> 570  -> 565  -> 591  -> 585  -> 573  -> 572  -> 581  -> 567  -> 562  -> 568  -> 559  -> 569  -> 595  -> 584  -> 564  -> 560  -> 590  -> 588  -> 577  -> 575  -> 557  -> 571  -> 583  -> 587  -> 579  -> 594  -> 563  -> 582  -> 580  -> 578  -> 593  -> 576  -> 561  -> 
Charging time: 
359.48521939433  + 284.2197964636045  + 334.6303905290235  + 331.3703916738882  + 698.6086287849873  + 381.4085699932339  + 697.1703441425454  + 335.3472750491093  + 278.63086570300715  + 380.0428130862625  + 329.44918588130486  + 406.6114580348235  + 423.71769573872706  + 425.66488556354216  + 282.50820217534994  + 680.0283105706643  + 526.8730378453972  + 369.89353255482405  + 698.7180215380012  + 514.6987945864128  + 470.21537648025344  + 929.4778497142344  + 379.69912267163465  + 529.1571970026183  + 645.7701528782848  + 756.1050484412834  + 649.7965303442057  + 285.84410485586653  + 328.64353843606517  + 417.38332279325635  + 637.4730390445616  + 366.4166103766507  + 878.6466202260837  + 380.3712422247807  + 626.419270820839  + 570.523206682488  + 891.3733871325246  + 758.7964128397448  + 643.4171217034303  + 429.7755286380645  + 
total node:40/41
-------------------
Traveling energy: 2166.049335721897
Charging energy: 101571.9105130795
Total energy used: 103737.9598488014
-------------------
Total time for travel: 2166.049335721897
Total time for charging: 20314.382102615902
Charging round duration: 22480.4314383378
-------------------
ID | p | E0 | time_arrive | E_remain | time_charge | energy_charge| E_after_charge | E_after_cycle
574 | 0.07 | 9032.92 | 73.97 | 9027.74 | 359.49 | 1797.43 | 10800.00 | 9160.63
592 | 0.05 | 8594.82 | 544.79 | 8567.58 | 284.22 | 1421.10 | 9974.47 | 8823.26
589 | 0.06 | 8760.06 | 892.43 | 8706.51 | 334.63 | 1673.15 | 10359.58 | 9002.02
566 | 0.06 | 8846.24 | 1281.77 | 8769.33 | 331.37 | 1656.85 | 10406.30 | 9071.90
558 | 0.14 | 7635.69 | 1649.48 | 7404.76 | 698.61 | 3493.04 | 10800.00 | 7789.30
586 | 0.07 | 8966.62 | 2420.46 | 8797.18 | 381.41 | 1907.04 | 10677.53 | 9203.94
556 | 0.13 | 7770.70 | 2814.73 | 7404.78 | 697.17 | 3485.85 | 10800.00 | 8155.65
570 | 0.06 | 8741.33 | 3535.43 | 8529.20 | 335.35 | 1676.74 | 10185.82 | 8986.88
565 | 0.05 | 8767.22 | 3957.12 | 8569.36 | 278.63 | 1393.15 | 9948.58 | 8967.72
591 | 0.07 | 8998.84 | 4292.31 | 8698.38 | 380.04 | 1900.21 | 10571.99 | 9229.34
585 | 0.06 | 8897.82 | 4687.08 | 8616.60 | 329.45 | 1647.25 | 10244.08 | 9113.88
573 | 0.08 | 9204.23 | 5059.42 | 8799.47 | 406.61 | 2033.06 | 10800.00 | 9329.04
572 | 0.09 | 9215.91 | 5515.17 | 8719.55 | 423.72 | 2118.59 | 10800.00 | 9187.72
581 | 0.09 | 9247.40 | 5971.22 | 8709.99 | 425.66 | 2128.32 | 10800.00 | 9228.94
567 | 0.05 | 8646.89 | 6421.47 | 8325.82 | 282.51 | 1412.54 | 9724.23 | 8866.78
562 | 0.12 | 8297.74 | 6802.36 | 7481.46 | 680.03 | 3400.14 | 10800.00 | 8835.52
568 | 0.10 | 8970.65 | 7523.25 | 8218.32 | 526.87 | 2634.37 | 10800.00 | 9219.70
559 | 0.07 | 9245.75 | 8071.29 | 8680.76 | 369.89 | 1849.47 | 10504.34 | 9425.50
569 | 0.13 | 8498.32 | 8469.83 | 7397.24 | 698.72 | 3493.59 | 10800.00 | 8891.01
595 | 0.13 | 9488.09 | 9189.79 | 8293.42 | 514.70 | 2573.49 | 10800.00 | 8960.68
584 | 0.09 | 9351.19 | 9728.03 | 8475.66 | 470.22 | 2351.08 | 10784.42 | 9555.48
564 | 0.15 | 7825.01 | 10219.84 | 6292.03 | 929.48 | 4647.39 | 10800.00 | 8894.43
560 | 0.07 | 9006.99 | 11187.60 | 8223.85 | 379.70 | 1898.50 | 10095.77 | 9235.76
590 | 0.10 | 9232.86 | 11645.15 | 8068.35 | 529.16 | 2645.79 | 10661.22 | 9493.34
588 | 0.15 | 9496.98 | 12193.12 | 7668.01 | 645.77 | 3228.85 | 10800.00 | 9147.87
577 | 0.14 | 8924.75 | 12852.98 | 7125.33 | 756.11 | 3780.53 | 10800.00 | 9365.84
575 | 0.12 | 9022.46 | 13618.27 | 7388.27 | 649.80 | 3248.98 | 10559.27 | 9409.07
557 | 0.05 | 8545.98 | 14305.13 | 7830.72 | 285.84 | 1429.22 | 9245.65 | 8782.54
571 | 0.06 | 8919.64 | 14634.77 | 8041.55 | 328.64 | 1643.22 | 9665.05 | 9131.67
583 | 0.08 | 9364.31 | 15111.98 | 8155.35 | 417.38 | 2086.92 | 10208.88 | 9542.98
587 | 0.12 | 9196.88 | 15664.37 | 7317.15 | 637.47 | 3187.37 | 10428.02 | 9521.87
579 | 0.07 | 9333.49 | 16359.99 | 8188.29 | 366.42 | 1832.08 | 9994.72 | 9495.85
594 | 0.17 | 9411.80 | 16797.99 | 6556.14 | 878.65 | 4393.23 | 10800.00 | 9750.00
563 | 0.07 | 8991.07 | 17702.38 | 7751.90 | 380.37 | 1901.86 | 9627.13 | 9223.21
582 | 0.12 | 9359.17 | 18217.23 | 7173.10 | 626.42 | 3132.10 | 10230.02 | 9628.89
580 | 0.11 | 9419.77 | 18884.87 | 7342.44 | 570.52 | 2852.62 | 10132.29 | 9648.55
578 | 0.16 | 8769.63 | 19525.64 | 5645.53 | 891.37 | 4456.87 | 9959.78 | 9410.00
593 | 0.15 | 9658.00 | 20457.74 | 6589.33 | 758.80 | 3793.98 | 10269.50 | 9874.01
576 | 0.12 | 9111.91 | 21228.06 | 6564.55 | 643.42 | 3217.09 | 9704.42 | 9466.63
561 | 0.08 | 9094.30 | 21912.89 | 7341.27 | 429.78 | 2148.88 | 9455.76 | 9334.93
[91m596 | 0.17 | 864.16 | -3190.86[00m
Vehicle 15
Charging tour: 
612  -> 635  -> 627  -> 599  -> 616  -> 620  -> 624  -> 621  -> 630  -> 626  -> 636  -> 611  -> 600  -> 610  -> 613  -> 606  -> 633  -> 617  -> 605  -> 614  -> 607  -> 631  -> 601  -> 629  -> 619  -> 609  -> 634  -> 603  -> 615  -> 602  -> 608  -> 625  -> 623  -> 632  -> 622  -> 597  -> 604  -> 618  -> 628  -> 598  -> 
Charging time: 
610.985225117385  + 374.79590902706485  + 487.8339722523254  + 611.0588849426979  + 385.8422337593509  + 487.1752922839084  + 587.1846679020643  + 511.8837533416055  + 522.0329512195749  + 431.982549572212  + 2097.8106548108317  + 647.8151727000096  + 386.6322303925479  + 273.5673767904428  + 431.97947458488096  + 263.68004483331543  + 477.60184942434927  + 1054.3192440735618  + 476.0888891254296  + 523.52018688612  + 695.4196655540355  + 521.7008790761706  + 431.12682020305436  + 428.3296706037436  + 385.04283634597795  + 522.7098316331183  + 611.1344601498513  + 432.4789115452685  + 475.9993376230779  + 329.8686696604985  + 383.9502759835498  + 464.18151457498846  + 566.6828385319869  + 276.7766131390474  + 475.5198731490436  + 432.538194337763  + 338.32381106606965  + 521.7347067473365  + 329.9614541278866  + 431.4619453118996  + 
total node:40/40
-------------------
Traveling energy: 1972.5119394313308
Charging energy: 103493.66436202024
Total energy used: 105466.17630145157
-------------------
Total time for travel: 1972.5119394313308
Total time for charging: 20698.73287240405
Charging round duration: 22671.24481183538
-------------------
ID | p | E0 | time_arrive | E_remain | time_charge | energy_charge| E_after_charge | E_after_cycle
612 | 0.13 | 5356.67 | 99.40 | 5343.74 | 610.99 | 3054.93 | 8319.24 | 5310.69
635 | 0.08 | 5373.75 | 764.94 | 5312.55 | 374.80 | 1873.98 | 7156.55 | 5339.48
627 | 0.12 | 6192.86 | 1188.56 | 6050.23 | 487.83 | 2439.17 | 8430.86 | 5769.66
599 | 0.13 | 5356.02 | 1722.86 | 5132.05 | 611.06 | 3055.29 | 8107.91 | 5310.41
616 | 0.08 | 5219.90 | 2340.17 | 5032.69 | 385.84 | 1929.21 | 6931.03 | 5240.86
620 | 0.11 | 5684.46 | 2759.96 | 5380.87 | 487.18 | 2435.88 | 7763.15 | 5496.50
624 | 0.13 | 5573.79 | 3282.15 | 5147.11 | 587.18 | 2935.92 | 8006.70 | 5408.81
621 | 0.12 | 5901.90 | 3907.24 | 5433.03 | 511.88 | 2559.42 | 7931.02 | 5598.95
630 | 0.11 | 5304.89 | 4489.88 | 4811.01 | 522.03 | 2610.16 | 7363.75 | 5291.22
626 | 0.09 | 5245.15 | 5028.38 | 4792.60 | 431.98 | 2159.91 | 6913.63 | 5258.29
636 | 0.15 | 1449.89 | 5495.17 | 625.62 | 2097.81 | 10489.05 | 10800.00 | 8360.98
611 | 0.14 | 5440.75 | 7635.07 | 4371.84 | 647.82 | 3239.08 | 7520.22 | 5340.40
600 | 0.08 | 5209.23 | 8311.38 | 4544.32 | 386.63 | 1933.16 | 6446.56 | 5234.15
610 | 0.06 | 5521.65 | 8736.31 | 4997.47 | 273.57 | 1367.84 | 6348.90 | 5458.30
613 | 0.09 | 5245.19 | 9029.67 | 4432.52 | 431.98 | 2159.90 | 6553.54 | 5258.31
606 | 0.06 | 5728.70 | 9499.91 | 5158.70 | 263.68 | 1318.40 | 6461.28 | 5615.91
633 | 0.10 | 5271.28 | 9908.13 | 4280.47 | 477.60 | 2388.01 | 6620.72 | 5273.98
617 | 0.24 | 5730.88 | 10531.25 | 3203.38 | 1054.32 | 5271.60 | 8221.94 | 5277.73
605 | 0.10 | 5288.03 | 11602.03 | 4127.83 | 476.09 | 2380.44 | 6460.66 | 5283.17
614 | 0.11 | 5289.82 | 12092.94 | 3959.60 | 523.52 | 2617.60 | 6519.62 | 5283.59
607 | 0.15 | 5430.33 | 12693.35 | 3526.33 | 695.42 | 3477.10 | 6899.11 | 5329.47
631 | 0.11 | 5308.27 | 13426.01 | 3831.41 | 521.70 | 2608.50 | 6382.53 | 5292.94
601 | 0.09 | 5255.57 | 13979.83 | 3997.38 | 431.13 | 2155.63 | 6114.21 | 5264.42
629 | 0.09 | 5289.89 | 14440.37 | 3990.25 | 428.33 | 2141.65 | 6093.35 | 5284.76
619 | 0.08 | 5230.74 | 14939.02 | 4035.62 | 385.04 | 1925.21 | 5930.03 | 5247.70
609 | 0.11 | 5298.03 | 15334.57 | 3611.22 | 522.71 | 2613.55 | 6167.27 | 5287.73
634 | 0.13 | 5355.36 | 15889.89 | 3289.67 | 611.13 | 3055.67 | 6265.90 | 5310.13
603 | 0.09 | 5239.13 | 16635.30 | 3741.96 | 432.48 | 2162.39 | 5865.43 | 5254.75
615 | 0.13 | 6875.73 | 17110.13 | 4651.42 | 476.00 | 2380.00 | 6969.53 | 6154.83
602 | 0.07 | 5342.43 | 17590.22 | 4111.12 | 329.87 | 1649.34 | 5737.37 | 5322.06
608 | 0.08 | 5245.62 | 18012.52 | 3804.62 | 383.95 | 1919.75 | 5693.66 | 5257.13
625 | 0.13 | 7050.79 | 18404.91 | 4658.15 | 464.18 | 2320.91 | 6918.71 | 6270.79
623 | 0.12 | 5331.18 | 18889.06 | 3064.49 | 566.68 | 2833.41 | 5829.90 | 5302.22
632 | 0.06 | 5457.63 | 19568.01 | 4283.55 | 276.78 | 1383.88 | 5650.82 | 5410.32
622 | 0.10 | 5294.36 | 19873.07 | 3307.05 | 475.52 | 2377.60 | 5637.10 | 5286.65
597 | 0.09 | 5238.42 | 20370.73 | 3405.05 | 432.54 | 2162.69 | 5528.81 | 5254.33
604 | 0.07 | 5208.92 | 20867.91 | 3748.16 | 338.32 | 1691.62 | 5416.10 | 5230.82
618 | 0.11 | 5307.93 | 21227.08 | 2972.95 | 521.73 | 2608.67 | 5524.23 | 5292.76
628 | 0.07 | 5340.93 | 21762.56 | 3817.55 | 329.96 | 1649.81 | 5444.26 | 5321.02
598 | 0.09 | 5251.48 | 22181.63 | 3255.14 | 431.46 | 2157.31 | 5373.61 | 5262.02
Vehicle 16
Charging tour: 
656  -> 642  -> 640  -> 654  -> 662  -> 663  -> 643  -> 661  -> 644  -> 653  -> 659  -> 641  -> 639  -> 658  -> 657  -> 645  -> 649  -> 648  -> 646  -> 647  -> 655  -> 637  -> 638  -> 660  -> 652  -> 650  -> 651  -> 
Charging time: 
516.0377076417396  + 487.0381534483735  + 595.5861645619575  + 734.3459447082796  + 736.8665727816979  + 566.384425623671  + 572.7331735535332  + 869.4310772040614  + 735.8602276051931  + 660.4514028942382  + 869.1431870677575  + 803.2625813338548  + 518.8421358030326  + 804.8596440350909  + 931.7246179200017  + 973.2926077087424  + 931.7641618589453  + 929.9697260094015  + 992.7850595668054  + 734.061390529446  + 931.758766904188  + 1110.2694424702045  + 737.7756608945361  + 803.3471898592538  + 923.8316311842186  + 699.2500022497222  + 1022.385905055194  + 
total node:27/32
-------------------
Traveling energy: 1365.1330017734629
Charging energy: 105965.29280236572
Total energy used: 107330.42580413917
-------------------
Total time for travel: 1365.1330017734629
Total time for charging: 21193.058560473142
Charging round duration: 22558.191562246604
-------------------
ID | p | E0 | time_arrive | E_remain | time_charge | energy_charge| E_after_charge | E_after_cycle
656 | 0.05 | 5841.19 | 45.64 | 5838.91 | 516.04 | 2580.19 | 8393.30 | 7228.73
642 | 0.05 | 6188.99 | 639.29 | 6157.03 | 487.04 | 2435.19 | 8567.87 | 7431.53
640 | 0.06 | 6073.23 | 1167.07 | 6003.20 | 595.59 | 2977.93 | 8945.40 | 7619.97
654 | 0.08 | 6567.53 | 1784.01 | 6424.81 | 734.35 | 3671.73 | 10037.79 | 8331.01
662 | 0.08 | 6545.07 | 2560.84 | 6340.20 | 736.87 | 3684.33 | 9965.58 | 8321.15
663 | 0.06 | 6386.35 | 3338.97 | 6186.01 | 566.38 | 2831.92 | 8983.95 | 7787.09
643 | 0.06 | 6315.56 | 3996.83 | 6075.75 | 572.73 | 2863.67 | 8905.05 | 7748.04
661 | 0.10 | 6933.90 | 4610.10 | 6472.89 | 869.43 | 4347.16 | 10733.11 | 8895.75
644 | 0.08 | 6554.02 | 5530.23 | 6111.60 | 735.86 | 3679.30 | 9732.03 | 8325.07
653 | 0.07 | 6389.55 | 6315.39 | 5947.47 | 660.45 | 3302.26 | 9203.50 | 8022.09
659 | 0.10 | 6936.20 | 7028.31 | 6233.37 | 869.14 | 4345.72 | 10492.17 | 8896.61
641 | 0.09 | 6754.57 | 7935.16 | 6040.41 | 803.26 | 4016.31 | 9984.43 | 8624.11
639 | 0.05 | 5809.62 | 8747.17 | 5372.26 | 518.84 | 2594.21 | 7940.53 | 7211.18
658 | 0.09 | 6741.17 | 9292.33 | 5904.86 | 804.86 | 4024.30 | 9856.72 | 8618.69
657 | 0.11 | 7117.35 | 10118.83 | 6004.27 | 931.72 | 4658.62 | 10560.41 | 9152.13
645 | 0.14 | 7622.76 | 11092.55 | 6069.80 | 973.29 | 4866.46 | 10800.00 | 9149.79
649 | 0.11 | 7117.04 | 12072.91 | 5789.02 | 931.76 | 4658.82 | 10345.35 | 9152.02
648 | 0.11 | 7130.78 | 13049.49 | 5695.33 | 929.97 | 4649.85 | 10242.88 | 9156.78
646 | 0.12 | 7286.84 | 13998.51 | 5607.01 | 992.79 | 4963.93 | 10451.81 | 9388.39
647 | 0.08 | 6570.08 | 15001.86 | 5369.93 | 734.06 | 3670.31 | 8981.51 | 8332.14
655 | 0.11 | 7117.08 | 15766.87 | 5382.73 | 931.76 | 4658.79 | 9939.03 | 9152.04
637 | 0.14 | 7601.73 | 16763.93 | 5254.78 | 1110.27 | 5551.35 | 10650.69 | 9813.65
638 | 0.08 | 6537.00 | 17914.35 | 5103.85 | 737.78 | 3688.88 | 8733.71 | 8317.63
660 | 0.09 | 6753.86 | 18738.95 | 5067.36 | 803.35 | 4016.74 | 9011.79 | 8623.82
652 | 0.11 | 7178.15 | 19638.13 | 5017.96 | 923.83 | 4619.16 | 9535.50 | 9173.47
650 | 0.11 | 9483.60 | 20655.90 | 7211.45 | 699.25 | 3496.25 | 10630.78 | 10356.01
651 | 0.13 | 7665.52 | 21388.73 | 4884.98 | 1022.39 | 5111.93 | 9864.00 | 9676.54
[91m664 | 0.17 | 1939.57 | -2115.45[00m
[91m665 | 0.23 | 961.38 | -4524.83[00m
[91m666 | 0.19 | 1626.40 | -2905.69[00m
[91m667 | 0.24 | 778.91 | -4945.83[00m
[91m668 | 0.17 | 1939.57 | -2115.46[00m
Vehicle 17
Charging tour: 
700  -> 672  -> 678  -> 681  -> 687  -> 671  -> 705  -> 673  -> 680  -> 699  -> 702  -> 679  -> 706  -> 703  -> 707  -> 684  -> 689  -> 677  -> 696  -> 690  -> 691  -> 698  -> 697  -> 685  -> 692  -> 688  -> 704  -> 676  -> 683  -> 693  -> 694  -> 695  -> 675  -> 682  -> 674  -> 670  -> 686  -> 701  -> 669  -> 
Charging time: 
309.95657817646804  + 551.0359854126763  + 726.4983782661681  + 552.1291916352343  + 362.85358670168307  + 431.6782044324596  + 375.21058450063043  + 769.4179487433468  + 595.9441679845615  + 463.4753983279481  + 208.8424826654068  + 639.8588668375169  + 640.3006775281816  + 374.8980022469497  + 2012.3225639644288  + 551.3580757864484  + 372.3596179054674  + 218.57480872299416  + 596.3314593767707  + 639.4163483204434  + 595.8276209333761  + 363.85233005539675  + 464.57379521979436  + 552.7995754404837  + 321.2540928415962  + 794.5973209395058  + 459.37432095925453  + 459.2490275191874  + 678.9209207988575  + 322.55140532741433  + 722.1068517801201  + 237.81007663772493  + 222.47120898732393  + 792.8750214962126  + 553.3472452987243  + 316.118237721925  + 640.21163706452  + 552.8836705366255  + 507.2476982319729  + 
total node:39/39
-------------------
Traveling energy: 2087.399436509869
Charging energy: 104752.67492662898
Total energy used: 106840.07436313885
-------------------
Total time for travel: 2087.399436509869
Total time for charging: 20950.534985325798
Charging round duration: 23037.934421835667
-------------------
ID | p | E0 | time_arrive | E_remain | time_charge | energy_charge| E_after_charge | E_after_cycle
700 | 0.07 | 6932.65 | 179.88 | 6920.06 | 309.96 | 1549.78 | 8448.14 | 6812.71
672 | 0.12 | 6685.03 | 518.89 | 6622.76 | 551.04 | 2755.18 | 9311.82 | 6577.84
678 | 0.16 | 6760.63 | 1093.10 | 6585.73 | 726.50 | 3632.49 | 10101.99 | 6576.63
681 | 0.12 | 6671.79 | 1841.98 | 6450.75 | 552.13 | 2760.65 | 9145.14 | 6570.07
687 | 0.08 | 6768.00 | 2441.61 | 6572.67 | 362.85 | 1814.27 | 8357.91 | 6674.02
671 | 0.09 | 6400.06 | 2837.27 | 6144.71 | 431.68 | 2158.39 | 8264.25 | 6411.68
705 | 0.08 | 6545.11 | 3349.92 | 6277.11 | 375.21 | 1876.05 | 8123.15 | 6512.91
673 | 0.17 | 6782.48 | 3772.57 | 6141.14 | 769.42 | 3847.09 | 9857.43 | 6574.54
680 | 0.13 | 6696.37 | 4578.51 | 6101.17 | 595.94 | 2979.72 | 9003.41 | 6575.19
699 | 0.10 | 6623.31 | 5206.95 | 6102.62 | 463.48 | 2317.38 | 8373.65 | 6555.38
702 | 0.05 | 7349.42 | 5714.81 | 7063.68 | 208.84 | 1044.21 | 8097.45 | 7200.98
679 | 0.14 | 6716.54 | 5991.97 | 5877.67 | 639.86 | 3199.29 | 8987.38 | 6576.40
706 | 0.14 | 6711.91 | 6663.08 | 5779.08 | 640.30 | 3201.50 | 8890.94 | 6573.98
703 | 0.08 | 6550.56 | 7373.19 | 5960.71 | 374.90 | 1874.49 | 7805.21 | 6516.81
707 | 0.19 | 2598.80 | 7779.33 | 1120.73 | 2012.32 | 10061.61 | 10800.00 | 8128.33
684 | 0.12 | 6681.12 | 9849.86 | 5499.14 | 551.36 | 2756.79 | 8189.77 | 6575.54
689 | 0.08 | 6595.22 | 10406.41 | 5762.71 | 372.36 | 1861.80 | 7594.72 | 6548.77
677 | 0.05 | 7022.18 | 10848.39 | 6479.76 | 218.57 | 1092.87 | 7561.70 | 6922.40
696 | 0.13 | 6692.02 | 11098.78 | 5249.18 | 596.33 | 2981.66 | 8153.32 | 6572.78
690 | 0.14 | 6721.19 | 11723.50 | 5079.90 | 639.42 | 3197.08 | 8187.46 | 6578.84
691 | 0.13 | 6697.68 | 12424.83 | 5082.45 | 595.83 | 2979.14 | 7984.14 | 6575.92
698 | 0.08 | 6749.42 | 13060.56 | 5704.58 | 363.85 | 1819.26 | 7494.73 | 6660.44
697 | 0.10 | 6607.65 | 13454.08 | 5262.24 | 464.57 | 2322.87 | 7538.66 | 6545.21
685 | 0.12 | 6663.70 | 13991.04 | 4984.78 | 552.80 | 2764.00 | 7682.44 | 6565.33
692 | 0.07 | 6688.85 | 14586.11 | 5667.82 | 321.25 | 1606.27 | 7251.60 | 6625.40
688 | 0.18 | 6953.88 | 14970.38 | 4259.21 | 794.60 | 3972.99 | 8089.17 | 6633.31
704 | 0.10 | 6682.44 | 15793.33 | 5103.11 | 459.37 | 2296.87 | 7354.04 | 6594.00
676 | 0.10 | 6684.26 | 16267.89 | 5057.47 | 459.25 | 2296.25 | 7307.80 | 6595.20
683 | 0.15 | 6782.25 | 16761.94 | 4267.96 | 678.92 | 3394.60 | 7560.73 | 6598.89
693 | 0.07 | 6661.94 | 17541.67 | 5434.03 | 322.55 | 1612.76 | 7024.21 | 6604.98
694 | 0.16 | 6801.75 | 17943.62 | 3930.77 | 722.11 | 3610.53 | 7425.76 | 6595.79
695 | 0.05 | 6454.19 | 18759.06 | 5516.24 | 237.81 | 1189.05 | 6693.39 | 6450.58
675 | 0.05 | 6899.19 | 19038.79 | 5947.25 | 222.47 | 1112.36 | 7048.48 | 6818.89
682 | 0.18 | 6968.99 | 19354.38 | 3485.20 | 792.88 | 3964.38 | 7306.86 | 6639.81
674 | 0.12 | 6657.10 | 20198.90 | 4233.24 | 553.35 | 2766.74 | 6933.57 | 6561.47
670 | 0.07 | 6797.52 | 20823.07 | 5339.90 | 316.12 | 1580.59 | 6898.37 | 6708.39
686 | 0.14 | 6712.84 | 21174.95 | 3748.35 | 640.21 | 3201.06 | 6859.78 | 6574.47
701 | 0.12 | 6662.69 | 21836.52 | 4042.30 | 552.88 | 2764.42 | 6740.38 | 6564.73
669 | 0.11 | 6656.94 | 22488.88 | 4183.16 | 507.25 | 2536.24 | 6663.60 | 6569.34
Vehicle 18
Charging tour: 
746  -> 722  -> 712  -> 738  -> 732  -> 735  -> 716  -> 717  -> 729  -> 713  -> 744  -> 725  -> 708  -> 727  -> 710  -> 733  -> 719  -> 737  -> 747  -> 740  -> 728  -> 745  -> 726  -> 709  -> 749  -> 715  -> 711  -> 721  -> 736  -> 743  -> 730  -> 714  -> 741  -> 739  -> 723  -> 720  -> 718  -> 734  -> 731  -> 742  -> 748  -> 750  -> 724  -> 
Charging time: 
489.608895497737  + 600.9506328886246  + 548.9904065824952  + 439.7259818920062  + 699.5882746060938  + 298.31224545444394  + 649.5995624195175  + 325.4862234733934  + 438.60297479749073  + 265.7418969234086  + 649.9211721888803  + 394.2216828859576  + 599.2775599593655  + 397.52162776544554  + 598.1668312397389  + 743.7023783025928  + 346.3756413848652  + 347.57838866899624  + 344.9077801098944  + 295.0850273890388  + 245.09079659179832  + 598.6828635392145  + 546.8422938990323  + 389.5867887144473  + 649.553775611756  + 649.6981403062133  + 385.48473112140164  + 532.0011093756926  + 652.9439529974055  + 599.25223202929  + 325.8769058581367  + 720.5826464751632  + 598.9610754557607  + 699.4939114488217  + 245.5911344305385  + 378.75867293664805  + 210.78692346442259  + 341.2345991424818  + 745.1090596757251  + 496.88653774185457  + 724.9900257105838  + 649.7543305659207  + 290.1595808644366  + 
total node:43/43
-------------------
Traveling energy: 2246.5636380663573
Charging energy: 105753.43636193365
Total energy used: 108000.00000000001
-------------------
Total time for travel: 2246.5636380663573
Total time for charging: 21150.68727238673
Charging round duration: 23397.250910453087
-------------------
ID | p | E0 | time_arrive | E_remain | time_charge | energy_charge| E_after_charge | E_after_cycle
746 | 0.10 | 5984.83 | 160.15 | 5968.81 | 489.61 | 2448.04 | 8367.90 | 6047.56
722 | 0.12 | 5851.18 | 681.46 | 5769.40 | 600.95 | 3004.75 | 8702.04 | 5993.56
712 | 0.11 | 5871.23 | 1284.29 | 5729.95 | 548.99 | 2744.95 | 8414.52 | 5992.34
738 | 0.09 | 5997.38 | 1857.72 | 5830.18 | 439.73 | 2198.63 | 7989.24 | 6049.23
732 | 0.14 | 5863.90 | 2334.66 | 5537.05 | 699.59 | 3497.94 | 8937.04 | 6022.41
735 | 0.06 | 5893.61 | 3115.12 | 5706.70 | 298.31 | 1491.56 | 7180.36 | 5953.98
716 | 0.13 | 5864.06 | 3431.01 | 5418.03 | 649.60 | 3248.00 | 8581.58 | 6011.16
717 | 0.07 | 6301.82 | 4116.10 | 6013.70 | 325.49 | 1627.43 | 7618.34 | 6259.54
729 | 0.09 | 6012.73 | 4533.37 | 5604.73 | 438.60 | 2193.01 | 7758.27 | 6058.97
713 | 0.06 | 6615.95 | 4995.98 | 6316.19 | 265.74 | 1328.71 | 7628.95 | 6513.47
744 | 0.13 | 5861.16 | 5378.88 | 5161.90 | 649.92 | 3249.61 | 8327.02 | 6009.86
725 | 0.08 | 5946.35 | 6097.13 | 5458.58 | 394.22 | 1971.11 | 7398.15 | 6009.21
708 | 0.12 | 5867.51 | 6558.70 | 5080.47 | 599.28 | 2996.39 | 8004.94 | 6001.53
727 | 0.08 | 5896.99 | 7232.78 | 5318.36 | 397.52 | 1987.61 | 7274.17 | 5976.35
710 | 0.12 | 5878.41 | 7718.36 | 4952.21 | 598.17 | 2990.83 | 7871.26 | 6006.87
733 | 0.15 | 5910.07 | 8320.95 | 4661.93 | 743.70 | 3718.51 | 8268.89 | 6050.62
719 | 0.07 | 5921.77 | 9071.56 | 5286.76 | 346.38 | 1731.88 | 6994.39 | 5983.93
737 | 0.07 | 5901.28 | 9441.77 | 5240.36 | 347.58 | 1737.89 | 6953.92 | 5969.46
747 | 0.07 | 5946.97 | 9812.60 | 5260.09 | 344.91 | 1724.54 | 6960.49 | 6001.80
740 | 0.06 | 5958.06 | 10171.78 | 5347.75 | 295.09 | 1475.43 | 6805.47 | 6002.30
728 | 0.05 | 5977.83 | 10491.11 | 5453.28 | 245.09 | 1225.45 | 6666.48 | 6010.63
745 | 0.12 | 5873.34 | 10811.17 | 4576.00 | 598.68 | 2993.41 | 7497.57 | 6004.39
726 | 0.11 | 5894.29 | 11468.81 | 4632.72 | 546.84 | 2734.21 | 7306.78 | 6004.66
709 | 0.08 | 6017.09 | 12037.65 | 5054.08 | 389.59 | 1947.93 | 6970.85 | 6056.78
749 | 0.13 | 5864.47 | 12553.01 | 4232.58 | 649.55 | 3247.77 | 7395.91 | 6011.34
715 | 0.13 | 5863.17 | 13246.87 | 4141.08 | 649.70 | 3248.49 | 7305.11 | 6010.76
711 | 0.08 | 6081.12 | 13935.96 | 4966.24 | 385.48 | 1927.42 | 6862.83 | 6100.30
721 | 0.15 | 8261.89 | 14367.82 | 6106.72 | 532.00 | 2660.01 | 8686.93 | 7343.94
736 | 0.13 | 5834.03 | 14912.66 | 3895.38 | 652.94 | 3264.72 | 7075.22 | 5997.84
743 | 0.12 | 5867.76 | 15593.67 | 3996.52 | 599.25 | 2996.26 | 6920.87 | 6001.65
730 | 0.07 | 6294.27 | 16216.60 | 5159.11 | 325.88 | 1629.38 | 6765.68 | 6253.94
714 | 0.16 | 6506.34 | 16571.00 | 3854.99 | 720.58 | 3602.91 | 7342.61 | 6292.76
741 | 0.12 | 5870.61 | 17328.60 | 3791.18 | 598.96 | 2994.81 | 6714.11 | 6003.05
739 | 0.14 | 5864.69 | 17982.56 | 3347.13 | 699.49 | 3497.47 | 6746.67 | 6022.73
723 | 0.05 | 5965.66 | 18776.01 | 5026.86 | 245.59 | 1227.96 | 6242.53 | 6000.96
720 | 0.08 | 6189.11 | 19071.71 | 4663.37 | 378.76 | 1893.79 | 6526.87 | 6174.66
718 | 0.05 | 6950.68 | 19541.39 | 5973.61 | 210.79 | 1053.93 | 7017.00 | 6811.96
734 | 0.07 | 6010.99 | 19768.20 | 4627.21 | 341.23 | 1706.17 | 6309.50 | 6047.44
731 | 0.15 | 5898.92 | 20174.29 | 2872.77 | 745.11 | 3725.55 | 6486.55 | 6046.50
742 | 0.10 | 5897.17 | 20939.28 | 3803.24 | 496.89 | 2484.43 | 6237.99 | 5996.29
748 | 0.16 | 6466.79 | 21480.65 | 3029.89 | 724.99 | 3624.95 | 6538.84 | 6275.25
750 | 0.13 | 5862.66 | 22249.42 | 2970.24 | 649.75 | 3248.77 | 6134.54 | 6010.53
724 | 0.06 | 6059.20 | 22926.78 | 4683.59 | 290.16 | 1450.80 | 6116.98 | 6078.81
Vehicle 19
Charging tour: 
789  -> 787  -> 788  -> 769  -> 752  -> 763  -> 756  -> 772  -> 764  -> 755  -> 771  -> 762  -> 753  -> 784  -> 777  -> 782  -> 751  -> 754  -> 774  -> 780  -> 767  -> 773  -> 776  -> 779  -> 765  -> 775  -> 768  -> 757  -> 758  -> 766  -> 783  -> 778  -> 770  -> 761  -> 786  -> 760  -> 781  -> 785  -> 759  -> 
Charging time: 
539.882915228859  + 387.44112035534914  + 755.2283589967005  + 604.9322769888072  + 689.6134334864411  + 389.2434108500184  + 538.0770770125018  + 689.4803061237662  + 384.4712984460969  + 336.53986592505765  + 540.7161224881152  + 738.4771641150398  + 309.09395751297455  + 689.9851233423763  + 690.122948013961  + 701.6523168194082  + 314.14564654685626  + 589.6805242805017  + 590.2293470819006  + 721.0880469221944  + 829.2905669293091  + 587.8082046620381  + 438.77954484962845  + 721.8314449731035  + 480.4279923636205  + 536.5852500363638  + 325.74498092024675  + 440.6618103560077  + 286.32746444483155  + 689.5292709664134  + 542.0660886044177  + 689.8275066367423  + 385.202801126706  + 689.5504111259813  + 639.3794197101059  + 334.14658287841115  + 439.0248348673399  + 329.09637746290514  + 640.7012214426868  + 
total node:39/39
-------------------
Traveling energy: 1869.584825531046
Charging energy: 106130.41517446892
Total energy used: 107999.99999999996
-------------------
Total time for travel: 1869.584825531046
Total time for charging: 21226.08303489378
Charging round duration: 23095.667860424826
-------------------
ID | p | E0 | time_arrive | E_remain | time_charge | energy_charge| E_after_charge | E_after_cycle
789 | 0.10 | 6708.36 | 77.02 | 6700.65 | 539.88 | 2699.41 | 9346.08 | 7022.46
787 | 0.07 | 6543.47 | 682.69 | 6495.68 | 387.44 | 1937.21 | 8405.76 | 6810.96
788 | 0.15 | 7193.31 | 1174.44 | 7017.14 | 755.23 | 3776.14 | 10680.00 | 7391.49
769 | 0.11 | 6585.70 | 2015.72 | 6363.97 | 604.93 | 3024.66 | 9322.08 | 6986.52
752 | 0.13 | 6827.37 | 2647.78 | 6483.16 | 689.61 | 3448.07 | 9841.57 | 7174.53
763 | 0.07 | 6513.17 | 3351.61 | 6278.56 | 389.24 | 1946.22 | 8197.53 | 6789.67
756 | 0.10 | 6730.87 | 3773.69 | 6353.50 | 538.08 | 2690.39 | 8990.08 | 7035.95
772 | 0.13 | 6828.69 | 4347.03 | 6263.57 | 689.48 | 3447.40 | 9621.34 | 7175.19
764 | 0.07 | 6594.01 | 5048.18 | 6240.64 | 384.47 | 1922.36 | 8136.08 | 6846.65
755 | 0.06 | 6456.99 | 5460.13 | 6129.39 | 336.54 | 1682.70 | 7791.89 | 6708.51
771 | 0.10 | 6698.02 | 5824.86 | 6115.53 | 540.72 | 2703.58 | 8765.04 | 7016.29
762 | 0.14 | 6866.05 | 6388.57 | 5971.65 | 738.48 | 3692.39 | 9560.64 | 7219.00
753 | 0.06 | 7030.34 | 7133.79 | 6602.31 | 309.09 | 1545.47 | 8129.24 | 7144.63
784 | 0.13 | 6823.69 | 7494.99 | 5849.34 | 689.99 | 3449.93 | 9209.57 | 7172.71
777 | 0.13 | 6822.33 | 8203.90 | 5755.82 | 690.12 | 3450.61 | 9116.72 | 7172.04
782 | 0.14 | 7226.40 | 8918.42 | 5977.82 | 701.65 | 3508.26 | 9387.85 | 7395.23
751 | 0.06 | 6917.29 | 9624.38 | 6339.83 | 314.15 | 1570.73 | 7891.71 | 7056.83
754 | 0.11 | 6756.03 | 9961.77 | 5660.24 | 589.68 | 2948.40 | 8543.77 | 7080.59
774 | 0.11 | 6749.75 | 10646.16 | 5578.67 | 590.23 | 2951.15 | 8464.89 | 7077.06
780 | 0.15 | 7533.88 | 11303.98 | 5838.28 | 721.09 | 3605.44 | 9335.56 | 7561.36
767 | 0.16 | 6987.61 | 12042.27 | 5060.85 | 829.29 | 4146.45 | 9074.62 | 7317.57
773 | 0.11 | 6777.55 | 12926.44 | 5355.64 | 587.81 | 2939.04 | 8230.02 | 7092.75
776 | 0.08 | 6603.27 | 13611.62 | 5514.34 | 438.78 | 2193.90 | 7673.14 | 6888.92
779 | 0.14 | 7024.38 | 14059.38 | 5056.07 | 721.83 | 3609.16 | 8564.17 | 7294.10
765 | 0.09 | 6784.69 | 14846.29 | 5448.52 | 480.43 | 2402.14 | 7807.42 | 7040.05
775 | 0.10 | 6749.58 | 15339.52 | 5215.63 | 536.59 | 2682.93 | 7844.90 | 7047.20
768 | 0.06 | 6670.97 | 15905.63 | 5716.64 | 325.74 | 1628.72 | 7325.82 | 6868.51
757 | 0.08 | 6575.07 | 16248.72 | 5275.17 | 440.66 | 2203.31 | 7443.23 | 6870.13
758 | 0.05 | 6324.45 | 16737.07 | 5487.60 | 286.33 | 1431.64 | 6904.92 | 6563.43
766 | 0.13 | 6828.20 | 17060.40 | 4610.35 | 689.53 | 3447.65 | 7968.36 | 7174.95
783 | 0.10 | 6681.34 | 17822.81 | 4899.06 | 542.07 | 2710.33 | 7555.18 | 7006.36
778 | 0.13 | 6825.25 | 18409.54 | 4432.01 | 689.83 | 3449.14 | 7791.47 | 7173.49
770 | 0.07 | 6581.49 | 19136.73 | 5241.92 | 385.20 | 1926.01 | 7140.97 | 6837.79
761 | 0.13 | 6827.99 | 19645.34 | 4274.10 | 689.55 | 3447.75 | 7632.21 | 7174.84
786 | 0.12 | 6797.33 | 20356.35 | 4354.57 | 639.38 | 3196.90 | 7474.74 | 7131.86
760 | 0.06 | 6503.24 | 21139.10 | 5234.90 | 334.15 | 1670.73 | 6885.58 | 6742.79
781 | 0.08 | 6599.58 | 21511.87 | 4878.63 | 439.02 | 2195.12 | 7038.64 | 6886.46
785 | 0.06 | 6603.04 | 21965.65 | 5285.10 | 329.10 | 1645.48 | 6910.84 | 6817.34
759 | 0.12 | 6783.31 | 22381.18 | 4097.56 | 640.70 | 3203.51 | 7224.19 | 7124.44
Network survivability: 98.98605830164766%
networkSurvivabilityOverThousand: 78.1%
Average dead duration: 96152.08599735421
Traveling energy: 43267.2139881444
total calculate time: 50.418370962142944
