total sensor 781
condition 17.32713098230109
gen: 1
2000
gen: 2
2000
gen: 3
2000
gen: 4
2000
gen: 5
2000
gen: 6
2000
gen: 7
2000
gen: 8
2000
gen: 9
2000
gen: 10
2000
gen: 11
2000
gen: 12
2000
gen: 13
2000
gen: 14
2000
gen: 15
2000
gen: 16
2000
gen: 17
2000
gen: 18
2000
gen: 19
2000
gen: 20
2000
gen: 21
2000
gen: 22
2000
gen: 23
2000
gen: 24
2000
gen: 25
2000
gen: 26
2000
gen: 27
2000
gen: 28
2000
gen: 29
2000
gen: 30
2000
gen: 31
2000
gen: 32
2000
gen: 33
2000
gen: 34
2000
gen: 35
2000
gen: 36
2000
gen: 37
2000
gen: 38
2000
gen: 39
2000
gen: 40
2000
gen: 41
2000
gen: 42
2000
gen: 43
2000
gen: 44
2000
gen: 45
2000
gen: 46
2000
gen: 47
2000
gen: 48
2000
gen: 49
2000
gen: 50
2000
Number of charging vehicles: 20
Survey time: 23841.637738419173
Network clustering infor: 
Cluster 0:
[1, 2, 3, 4, 5, 6, 7, 8, 9, 10, 11, 12, 13, 14, 15, 16, 17, 18, 19, 20, 21, 22, 23, 24, 25, 26, 27, 28, 29, 30, 31, 32, 33, 34, 35, 36, 37, 38, 39, 40, 41, 42]
Cluster 1:
[43, 44, 45, 46, 47, 48, 49, 50, 51, 52, 53, 54, 55, 56, 57, 58, 59, 60, 61, 62, 63, 64, 65, 66, 67, 68, 69, 70, 71, 72, 73, 74, 75, 76, 77, 78, 79, 80, 81, 82, 83]
Cluster 2:
[84, 85, 86, 87, 88, 89, 90, 91, 92, 93, 94, 95, 96, 97, 98, 99, 100, 101, 102, 103, 104, 105, 106, 107, 108, 109, 110, 111, 112, 113, 114, 115, 116, 117, 118, 119, 120, 121]
Cluster 3:
[122, 123, 124, 125, 126, 127, 128, 129, 130, 131, 132, 133, 134, 135, 136, 137, 138, 139, 140, 141, 142, 143, 144, 145, 146, 147, 148, 149, 150, 151, 152, 153, 154, 155, 156, 157]
Cluster 4:
[158, 159, 160, 161, 162, 163, 164, 165, 166, 167, 168, 169, 170, 171, 172, 173, 174, 175, 176, 177, 178, 179, 180, 181, 182, 183, 184, 185, 186, 187, 188, 189]
Cluster 5:
[190, 191, 192, 193, 194, 195, 196, 197, 198, 199, 200, 201, 202, 203, 204, 205, 206, 207, 208, 209, 210, 211, 212, 213, 214, 215, 216, 217, 218, 219, 220, 221, 222, 223, 224, 225, 226, 227, 228, 229, 230, 231, 232, 233]
Cluster 6:
[234, 235, 236, 237, 238, 239, 240, 241, 242, 243, 244, 245, 246, 247, 248, 249, 250, 251, 252, 253, 254, 255, 256, 257, 258, 259, 260, 261, 262, 263, 264, 265, 266, 267, 268, 269, 270, 271, 272, 273, 274]
Cluster 7:
[275, 276, 277, 278, 279, 280, 281, 282, 283, 284, 285, 286, 287, 288, 289, 290, 291, 292, 293, 294, 295, 296, 297, 298, 299, 300, 301, 302, 303, 304, 305, 306, 307, 308, 309, 310, 311, 312, 313, 314, 315]
Cluster 8:
[316, 317, 318, 319, 320, 321, 322, 323, 324, 325, 326, 327, 328, 329, 330, 331, 332, 333, 334, 335, 336, 337, 338, 339, 340, 341, 342, 343, 344, 345, 346, 347, 348, 349, 350, 351, 352, 353, 354]
Cluster 9:
[355, 356, 357, 358, 359, 360, 361, 362, 363, 364, 365, 366, 367, 368, 369, 370, 371, 372, 373, 374, 375, 376, 377, 378, 379, 380, 381, 382, 383, 384, 385, 386, 387, 388, 389, 390, 391, 392, 393, 394, 395, 396]
Cluster 10:
[397, 398, 399, 400, 401, 402, 403, 404, 405, 406, 407, 408, 409, 410, 411, 412, 413, 414, 415, 416, 417, 418, 419, 420, 421, 422, 423, 424, 425, 426, 427, 428, 429, 430, 431, 432, 433, 434, 435]
Cluster 11:
[436, 437, 438, 439, 440, 441, 442, 443, 444, 445, 446, 447, 448, 449, 450, 451, 452, 453, 454, 455, 456, 457, 458, 459, 460, 461, 462, 463, 464, 465, 466, 467, 468, 469, 470, 471, 472, 473]
Cluster 12:
[474, 475, 476, 477, 478, 479, 480, 481, 482, 483, 484, 485, 486, 487, 488, 489, 490, 491, 492, 493, 494, 495, 496, 497, 498, 499, 500, 501, 502, 503, 504, 505, 506, 507, 508, 509, 510, 511, 512, 513, 514, 515, 516, 517, 518, 519, 520, 521]
Cluster 13:
[522, 523, 524, 525, 526, 527, 528, 529, 530, 531, 532, 533, 534, 535, 536, 537, 538, 539, 540, 541, 542, 543, 544, 545, 546, 547, 548, 549, 550, 551, 552, 553]
Cluster 14:
[554, 555, 556, 557, 558, 559, 560, 561, 562, 563, 564, 565, 566, 567, 568, 569, 570, 571, 572, 573, 574, 575, 576, 577, 578, 579, 580, 581, 582, 583, 584, 585, 586, 587, 588, 589, 590, 591, 592, 593]
Cluster 15:
[594, 595, 596, 597, 598, 599, 600, 601, 602, 603, 604, 605, 606, 607, 608, 609, 610, 611, 612, 613, 614, 615, 616, 617, 618, 619, 620, 621, 622, 623, 624, 625, 626, 627, 628, 629, 630, 631, 632, 633]
Cluster 16:
[634, 635, 636, 637, 638, 639, 640, 641, 642, 643, 644, 645, 646, 647, 648, 649, 650, 651, 652, 653, 654, 655, 656, 657, 658, 659, 660]
Cluster 17:
[661, 662, 663, 664, 665, 666, 667, 668, 669, 670, 671, 672, 673, 674, 675, 676, 677, 678, 679, 680, 681, 682, 683, 684, 685, 686, 687, 688, 689, 690, 691, 692, 693, 694, 695, 696, 697, 698, 699]
Cluster 18:
[700, 701, 702, 703, 704, 705, 706, 707, 708, 709, 710, 711, 712, 713, 714, 715, 716, 717, 718, 719, 720, 721, 722, 723, 724, 725, 726, 727, 728, 729, 730, 731, 732, 733, 734, 735, 736, 737, 738, 739, 740, 741, 742]
Cluster 19:
[743, 744, 745, 746, 747, 748, 749, 750, 751, 752, 753, 754, 755, 756, 757, 758, 759, 760, 761, 762, 763, 764, 765, 766, 767, 768, 769, 770, 771, 772, 773, 774, 775, 776, 777, 778, 779, 780, 781]
Vehicle 0
Charging tour: 
3  -> 4  -> 19  -> 16  -> 14  -> 40  -> 34  -> 25  -> 27  -> 31  -> 2  -> 12  -> 20  -> 26  -> 11  -> 28  -> 42  -> 35  -> 10  -> 5  -> 7  -> 8  -> 38  -> 15  -> 30  -> 17  -> 22  -> 1  -> 32  -> 36  -> 29  -> 37  -> 23  -> 33  -> 18  -> 39  -> 9  -> 41  -> 21  -> 24  -> 13  -> 6  -> 
Charging time: 
543.2197477681233  + 601.3895952899003  + 416.7016194244678  + 321.8304716317277  + 582.6397343774023  + 467.10796282921416  + 512.4236664731421  + 372.71021519197  + 464.6330878183832  + 601.5031394786862  + 551.7006877579533  + 465.12191293459284  + 645.4233743161444  + 373.0797056447189  + 260.51359117327394  + 374.8890938261587  + 1782.6106800416273  + 557.1802548982148  + 372.90234971902123  + 313.76993131385285  + 281.9901596658331  + 373.40081881189684  + 645.4611201529021  + 557.1340213218571  + 281.31748912622385  + 667.4893376358685  + 328.5237906213917  + 467.24001670260617  + 641.6707810425706  + 645.5098505433106  + 323.30636684642417  + 517.6397953902806  + 511.47803235959515  + 213.39201990894517  + 465.4961223906299  + 465.97643121679283  + 645.3898287831547  + 628.739948812152  + 557.0169699652992  + 467.04426244690967  + 273.4736114722945  + 511.71208236370177  + 
total node:42/42
-------------------
Traveling energy: 2741.231602553967
Charging energy: 105258.76839744605
Total energy used: 108000.00000000001
-------------------
Total time for travel: 2741.231602553967
Total time for charging: 21051.75367948921
Charging round duration: 23792.985282043177
-------------------
ID | p | E0 | time_arrive | E_remain | time_charge | energy_charge| E_after_charge | E_after_cycle
3 | 0.14 | 6774.20 | 184.14 | 6748.42 | 543.22 | 2716.10 | 9388.47 | 6152.47
4 | 0.13 | 5681.89 | 732.04 | 5586.73 | 601.39 | 3006.95 | 8515.50 | 5589.43
19 | 0.09 | 5677.05 | 1350.93 | 5555.47 | 416.70 | 2083.51 | 7601.48 | 5614.81
16 | 0.07 | 5717.11 | 1863.58 | 5586.66 | 321.83 | 1609.15 | 7173.28 | 5657.35
14 | 0.13 | 5864.74 | 2218.16 | 5576.38 | 582.64 | 2913.20 | 8413.84 | 5678.53
40 | 0.10 | 5627.15 | 2859.57 | 5341.19 | 467.11 | 2335.54 | 7630.02 | 5578.53
34 | 0.11 | 5642.47 | 3356.16 | 5273.29 | 512.42 | 2562.12 | 7779.04 | 5582.01
25 | 0.08 | 5641.89 | 3974.65 | 5323.92 | 372.71 | 1863.55 | 7157.65 | 5598.11
27 | 0.10 | 5657.12 | 4388.84 | 5218.24 | 464.63 | 2323.17 | 7494.94 | 5596.12
31 | 0.13 | 5680.82 | 4943.58 | 5038.16 | 601.50 | 3007.52 | 7967.48 | 5588.92
2 | 0.12 | 5717.20 | 5678.53 | 5035.78 | 551.70 | 2758.50 | 7728.08 | 5614.71
12 | 0.10 | 5651.18 | 6310.36 | 5020.14 | 465.12 | 2325.61 | 7299.24 | 5592.62
20 | 0.14 | 5701.50 | 6844.28 | 4743.30 | 645.42 | 3227.12 | 7880.06 | 5590.79
26 | 0.08 | 5636.30 | 7544.72 | 5032.72 | 373.08 | 1865.40 | 6868.27 | 5594.37
11 | 0.06 | 6053.78 | 7951.64 | 5576.68 | 260.51 | 1302.57 | 6863.62 | 5925.85
28 | 0.08 | 5609.10 | 8218.25 | 4951.64 | 374.89 | 1874.45 | 6796.09 | 5576.21
42 | 0.14 | 2064.32 | 8706.90 | 845.36 | 1782.61 | 8913.05 | 9508.84 | 7639.55
35 | 0.12 | 5660.97 | 10566.98 | 4392.94 | 557.18 | 2785.90 | 7111.98 | 5585.88
10 | 0.08 | 5638.98 | 11156.50 | 4746.46 | 372.90 | 1864.51 | 6581.14 | 5596.16
5 | 0.07 | 5863.98 | 11546.16 | 5055.75 | 313.77 | 1568.85 | 6602.63 | 5763.91
7 | 0.06 | 5592.72 | 11917.12 | 4877.69 | 281.99 | 1409.95 | 6270.72 | 5572.17
8 | 0.08 | 5631.45 | 12238.89 | 4652.34 | 373.40 | 1867.00 | 6489.47 | 5591.13
38 | 0.14 | 5701.17 | 12709.84 | 3921.79 | 645.46 | 3227.31 | 7058.73 | 5590.64
15 | 0.12 | 5661.44 | 13488.24 | 4042.86 | 557.13 | 2785.67 | 6761.67 | 5586.12
30 | 0.06 | 5606.09 | 14090.61 | 4760.66 | 281.32 | 1406.59 | 6150.36 | 5582.18
17 | 0.15 | 5906.80 | 14467.38 | 3736.70 | 667.49 | 3337.45 | 6974.02 | 5668.01
22 | 0.07 | 5600.63 | 15212.67 | 4535.74 | 328.52 | 1642.62 | 6155.37 | 5574.33
1 | 0.10 | 5625.56 | 15550.15 | 4070.54 | 467.24 | 2336.20 | 6360.02 | 5577.60
32 | 0.14 | 5734.84 | 16062.94 | 3486.03 | 641.67 | 3208.35 | 6604.55 | 5605.37
36 | 0.14 | 5700.74 | 16777.29 | 3351.91 | 645.51 | 3227.55 | 6489.09 | 5590.46
29 | 0.07 | 5691.01 | 17459.87 | 4468.82 | 323.31 | 1616.53 | 6062.72 | 5638.63
37 | 0.11 | 5585.61 | 17886.20 | 3618.13 | 517.64 | 2588.20 | 6149.39 | 5551.23
23 | 0.11 | 5652.90 | 18443.66 | 3624.10 | 511.48 | 2557.39 | 6125.23 | 5587.71
33 | 0.05 | 6158.82 | 18978.27 | 5209.91 | 213.39 | 1066.96 | 6266.20 | 6033.70
18 | 0.10 | 5646.63 | 19299.27 | 3716.71 | 465.50 | 2327.48 | 5997.64 | 5589.95
39 | 0.10 | 5640.81 | 19873.50 | 3653.46 | 465.98 | 2329.88 | 5936.75 | 5586.53
9 | 0.14 | 5701.80 | 20404.03 | 2845.23 | 645.39 | 3226.95 | 5981.83 | 5590.92
41 | 0.14 | 5852.79 | 21086.95 | 2900.61 | 628.74 | 3143.70 | 5956.29 | 5658.66
21 | 0.12 | 5662.63 | 21791.62 | 3047.64 | 557.02 | 2785.08 | 5765.88 | 5586.72
24 | 0.10 | 5627.92 | 22396.66 | 3388.25 | 467.04 | 2335.22 | 5676.77 | 5578.97
13 | 0.06 | 5766.89 | 22876.74 | 4394.28 | 273.47 | 1367.37 | 5745.24 | 5703.76
6 | 0.11 | 5650.32 | 23156.70 | 3103.08 | 511.71 | 2558.56 | 5605.35 | 5586.30
Vehicle 1
Charging tour: 
77  -> 71  -> 74  -> 51  -> 78  -> 65  -> 57  -> 43  -> 61  -> 48  -> 47  -> 50  -> 76  -> 60  -> 80  -> 73  -> 44  -> 58  -> 72  -> 56  -> 49  -> 63  -> 69  -> 55  -> 83  -> 52  -> 53  -> 68  -> 66  -> 59  -> 81  -> 75  -> 54  -> 79  -> 70  -> 64  -> 45  -> 67  -> 46  -> 82  -> 62  -> 
Charging time: 
715.4808405002489  + 407.5399060561611  + 716.1266054838643  + 580.3053895226445  + 516.1747546774753  + 567.9791699166161  + 289.34333082255944  + 627.5875086979544  + 365.55245207280063  + 666.8239862604387  + 262.3890752723221  + 595.8479937842401  + 600.1721333416242  + 366.0364288716964  + 351.95710202339916  + 311.7681741312452  + 565.6584414367433  + 668.1421724452963  + 364.88607181784647  + 618.2961486177386  + 567.1118715377414  + 515.0135915167085  + 412.85092985683735  + 658.9806344793451  + 668.0615024756361  + 517.0653833591498  + 467.3629353676453  + 566.5747775771292  + 567.5770622146068  + 567.9719845833331  + 358.10712476452335  + 412.373384293957  + 362.43225065357154  + 405.57122271650246  + 625.4222273436868  + 666.75531801269  + 668.2884229864725  + 261.45210144908805  + 567.0906338239237  + 630.1802066360156  + 515.2990841054466  + 
total node:41/41
-------------------
Traveling energy: 2301.9483224653563
Charging energy: 105698.05167753459
Total energy used: 107999.99999999994
-------------------
Total time for travel: 2301.9483224653563
Total time for charging: 21139.610335506917
Charging round duration: 23441.558657972273
-------------------
ID | p | E0 | time_arrive | E_remain | time_charge | energy_charge| E_after_charge | E_after_cycle
77 | 0.14 | 5842.73 | 147.81 | 5822.04 | 715.48 | 3577.40 | 9299.28 | 6082.31
71 | 0.08 | 5861.46 | 960.28 | 5784.64 | 407.54 | 2037.70 | 7789.74 | 5991.83
74 | 0.14 | 5837.46 | 1379.58 | 5644.32 | 716.13 | 3580.63 | 9124.70 | 6080.27
51 | 0.13 | 6689.18 | 2106.48 | 6415.34 | 580.31 | 2901.53 | 9241.42 | 6491.29
78 | 0.10 | 5784.81 | 2754.03 | 5509.41 | 516.17 | 2580.87 | 8038.67 | 5981.52
65 | 0.11 | 5782.91 | 3298.86 | 5420.03 | 567.98 | 2839.90 | 8197.45 | 6000.22
57 | 0.06 | 6191.90 | 3951.19 | 5954.83 | 289.34 | 1446.72 | 7384.18 | 6208.12
43 | 0.13 | 6185.22 | 4256.16 | 5631.92 | 627.59 | 3137.94 | 8688.27 | 6223.74
61 | 0.07 | 5717.87 | 5000.20 | 5367.86 | 365.55 | 1827.76 | 7170.03 | 5876.72
48 | 0.16 | 7164.65 | 5388.92 | 6302.42 | 666.82 | 3334.12 | 9529.85 | 6684.11
47 | 0.05 | 5689.97 | 6098.16 | 5385.07 | 262.39 | 1311.95 | 6683.89 | 5809.84
50 | 0.12 | 6013.56 | 6499.93 | 5233.57 | 595.85 | 2979.24 | 8141.31 | 6131.81
76 | 0.12 | 5970.24 | 7264.07 | 5098.55 | 600.17 | 3000.86 | 8027.39 | 6110.10
60 | 0.07 | 5710.31 | 7953.69 | 5153.55 | 366.04 | 1830.18 | 6958.11 | 5871.58
80 | 0.07 | 5938.74 | 8403.77 | 5350.48 | 351.96 | 1759.79 | 7085.63 | 6029.61
73 | 0.06 | 5746.53 | 8781.78 | 5219.62 | 311.77 | 1558.84 | 6759.76 | 5874.87
44 | 0.11 | 5806.63 | 9110.75 | 4804.45 | 565.66 | 2828.29 | 7570.52 | 6012.35
58 | 0.13 | 5809.79 | 9744.22 | 4543.04 | 668.14 | 3340.71 | 7796.90 | 6051.09
72 | 0.07 | 5728.31 | 10467.51 | 4995.59 | 364.89 | 1824.43 | 6794.48 | 5883.83
56 | 0.12 | 5795.23 | 10910.22 | 4486.01 | 618.30 | 3091.48 | 7503.29 | 6025.72
49 | 0.11 | 5791.75 | 11576.49 | 4518.34 | 567.11 | 2835.56 | 7291.52 | 6004.73
63 | 0.10 | 5797.86 | 12198.73 | 4577.98 | 515.01 | 2575.07 | 7101.55 | 5988.76
69 | 0.08 | 5786.06 | 12757.67 | 4765.44 | 412.85 | 2064.25 | 6796.67 | 5942.98
55 | 0.14 | 6343.68 | 13204.24 | 4495.09 | 658.98 | 3294.90 | 7697.74 | 6300.76
83 | 0.13 | 5810.49 | 13899.04 | 4003.62 | 668.06 | 3340.31 | 7257.08 | 6051.39
52 | 0.10 | 5774.85 | 14584.93 | 4316.36 | 517.07 | 2585.33 | 6849.98 | 5976.01
53 | 0.09 | 5750.09 | 15135.90 | 4387.85 | 467.36 | 2336.81 | 6682.61 | 5941.15
68 | 0.11 | 5797.24 | 15688.77 | 4071.48 | 566.57 | 2832.87 | 6842.03 | 6007.54
66 | 0.11 | 5787.01 | 16283.91 | 3995.78 | 567.58 | 2837.89 | 6771.23 | 6002.31
59 | 0.11 | 5782.98 | 16874.53 | 3926.78 | 567.97 | 2839.86 | 6704.17 | 6000.26
81 | 0.07 | 5836.75 | 17454.93 | 4614.91 | 358.11 | 1790.54 | 6380.37 | 5958.37
75 | 0.08 | 5792.76 | 17919.43 | 4359.20 | 412.37 | 2061.87 | 6388.08 | 5947.29
54 | 0.07 | 5767.10 | 18341.83 | 4483.17 | 362.43 | 1812.16 | 6269.96 | 5910.34
79 | 0.08 | 5889.91 | 18729.42 | 4391.56 | 405.57 | 2027.86 | 6386.97 | 6010.44
70 | 0.13 | 6206.63 | 19214.05 | 3708.81 | 625.42 | 3127.11 | 6754.61 | 6234.33
64 | 0.13 | 5821.88 | 19873.71 | 3238.29 | 666.76 | 3333.78 | 6485.39 | 6056.24
45 | 0.13 | 5808.52 | 20555.32 | 3136.33 | 668.29 | 3341.44 | 6390.89 | 6050.55
67 | 0.05 | 5710.37 | 21239.70 | 4648.38 | 261.45 | 1307.26 | 5942.57 | 5825.54
46 | 0.11 | 5791.97 | 21530.17 | 3423.65 | 567.09 | 2835.45 | 6196.72 | 6004.84
82 | 0.14 | 6633.60 | 22120.37 | 3536.75 | 630.18 | 3150.90 | 6599.43 | 6446.67
62 | 0.10 | 5794.64 | 22820.13 | 3512.63 | 515.30 | 2576.50 | 6037.60 | 5986.97
Vehicle 2
Charging tour: 
100  -> 94  -> 115  -> 99  -> 85  -> 93  -> 89  -> 98  -> 102  -> 84  -> 104  -> 96  -> 118  -> 95  -> 113  -> 116  -> 90  -> 88  -> 109  -> 101  -> 103  -> 91  -> 108  -> 87  -> 97  -> 112  -> 107  -> 106  -> 114  -> 121  -> 111  -> 119  -> 110  -> 120  -> 105  -> 117  -> 86  -> 92  -> 
Charging time: 
319.69091618121433  + 359.181823305853  + 330.9973816646931  + 348.2591287353731  + 610.3970227902698  + 360.1136930070195  + 350.7082467263298  + 445.7869742341303  + 446.101956235204  + 570.0669761984744  + 401.50965448217823  + 421.30463390228516  + 337.9657576390971  + 495.3604857860001  + 361.3972197060438  + 343.8498713155101  + 876.0757771222877  + 408.2271638197762  + 438.0140907483495  + 493.02688084467945  + 588.5750275433029  + 399.8816956984939  + 533.9289726149532  + 401.2399352646768  + 776.2169375810653  + 503.444532440076  + 356.5758724364918  + 531.8033311877531  + 453.00300095541695  + 560.9068428972105  + 502.32512431150695  + 603.4298557651557  + 452.9898540182326  + 629.1616731532922  + 456.6777637570535  + 698.6630015112207  + 409.89602739376  + 1005.3836108855603  + 
total node:38/38
-------------------
Traveling energy: 2395.07226829033
Charging energy: 92910.69356929997
Total energy used: 95305.7658375903
-------------------
Total time for travel: 2395.07226829033
Total time for charging: 18582.138713859993
Charging round duration: 20977.21098215032
-------------------
ID | p | E0 | time_arrive | E_remain | time_charge | energy_charge| E_after_charge | E_after_cycle
100 | 0.07 | 9237.46 | 193.39 | 9223.92 | 319.69 | 1598.45 | 10800.00 | 9167.00
94 | 0.06 | 8849.54 | 644.04 | 8810.90 | 359.18 | 1795.91 | 10585.26 | 9214.95
115 | 0.08 | 9255.25 | 1046.93 | 9171.49 | 331.00 | 1654.99 | 10800.00 | 9002.90
99 | 0.10 | 9240.08 | 1465.50 | 9093.53 | 348.26 | 1741.30 | 10800.00 | 8597.21
85 | 0.12 | 8052.31 | 1925.38 | 7821.26 | 610.40 | 3051.99 | 10800.00 | 8243.30
93 | 0.06 | 8826.64 | 2567.03 | 8672.62 | 360.11 | 1800.57 | 10451.58 | 9196.71
89 | 0.06 | 9063.36 | 3050.25 | 8880.34 | 350.71 | 1753.54 | 10612.84 | 9386.40
98 | 0.11 | 9011.09 | 3554.41 | 8620.10 | 445.79 | 2228.93 | 10800.00 | 8617.44
102 | 0.12 | 9122.33 | 4160.93 | 8623.02 | 446.10 | 2230.51 | 10800.00 | 8491.85
84 | 0.10 | 8468.66 | 4619.92 | 8006.67 | 570.07 | 2850.33 | 10800.00 | 8934.84
104 | 0.10 | 9355.48 | 5228.82 | 8832.60 | 401.51 | 2007.55 | 10800.00 | 8978.87
96 | 0.09 | 9239.89 | 5649.98 | 8731.39 | 421.30 | 2106.52 | 10800.00 | 9200.67
118 | 0.14 | 10011.31 | 6098.74 | 9157.49 | 337.97 | 1689.83 | 10800.00 | 8363.31
95 | 0.10 | 9017.69 | 6449.59 | 8372.73 | 495.36 | 2476.80 | 10800.00 | 9110.33
113 | 0.06 | 8795.29 | 6984.55 | 8376.22 | 361.40 | 1806.99 | 10161.52 | 9171.78
116 | 0.06 | 9244.13 | 7415.77 | 8799.19 | 343.85 | 1719.25 | 10497.81 | 9532.88
90 | 0.15 | 7717.32 | 7775.27 | 6551.03 | 876.08 | 4380.38 | 10800.00 | 8521.46
88 | 0.07 | 9084.06 | 8703.97 | 8474.78 | 408.23 | 2041.14 | 10487.34 | 9456.28
109 | 0.08 | 9375.07 | 9126.25 | 8644.97 | 438.01 | 2190.07 | 10800.00 | 9657.81
101 | 0.10 | 9343.98 | 9598.09 | 8384.17 | 493.03 | 2465.13 | 10800.00 | 9424.95
103 | 0.12 | 9141.72 | 10116.36 | 7927.75 | 588.58 | 2942.88 | 10800.00 | 9223.60
91 | 0.07 | 9273.64 | 10757.22 | 8520.64 | 399.88 | 1999.41 | 10492.05 | 9604.14
108 | 0.12 | 9547.93 | 11279.22 | 8194.43 | 533.93 | 2669.64 | 10800.00 | 9356.58
87 | 0.07 | 9242.25 | 11827.42 | 8414.33 | 401.24 | 2006.20 | 10392.44 | 9579.53
97 | 0.13 | 8613.73 | 12260.83 | 7019.82 | 776.22 | 3881.08 | 10800.00 | 9395.40
112 | 0.09 | 9470.54 | 13056.29 | 8295.47 | 503.44 | 2517.22 | 10767.39 | 9842.01
107 | 0.06 | 8914.21 | 13590.12 | 8098.81 | 356.58 | 1782.88 | 9860.29 | 9266.60
106 | 0.10 | 9597.89 | 14037.29 | 8194.16 | 531.80 | 2659.02 | 10800.00 | 9872.75
114 | 0.08 | 9355.62 | 14637.87 | 8184.59 | 453.00 | 2265.02 | 10413.37 | 9713.31
121 | 0.11 | 9727.21 | 15182.24 | 8057.17 | 560.91 | 2804.53 | 10800.00 | 9909.17
111 | 0.09 | 9491.64 | 15842.52 | 8065.82 | 502.33 | 2511.63 | 10532.23 | 9857.52
119 | 0.12 | 9819.77 | 16370.86 | 7855.26 | 603.43 | 3017.15 | 10800.00 | 9975.92
110 | 0.08 | 9355.89 | 17061.36 | 7990.99 | 452.99 | 2264.95 | 10219.70 | 9713.51
120 | 0.12 | 9835.38 | 17547.38 | 7729.69 | 629.16 | 3145.81 | 10800.00 | 10120.19
105 | 0.08 | 9280.34 | 18187.25 | 7825.36 | 456.68 | 2283.39 | 10072.22 | 9656.40
117 | 0.14 | 10023.61 | 18707.91 | 7404.50 | 698.66 | 3493.32 | 10800.00 | 10179.09
86 | 0.07 | 9047.07 | 19416.26 | 7687.94 | 409.90 | 2049.48 | 9708.72 | 9427.64
92 | 0.15 | 7903.93 | 19850.39 | 4926.37 | 1005.38 | 5026.92 | 9802.48 | 9354.61
Vehicle 3
Charging tour: 
153  -> 154  -> 150  -> 127  -> 135  -> 130  -> 157  -> 156  -> 131  -> 133  -> 137  -> 151  -> 143  -> 145  -> 152  -> 124  -> 125  -> 146  -> 132  -> 122  -> 123  -> 141  -> 134  -> 148  -> 147  -> 129  -> 142  -> 136  -> 149  -> 144  -> 128  -> 140  -> 138  -> 126  -> 155  -> 139  -> 
Charging time: 
672.9040302686005  + 574.2164116013932  + 425.2963237570213  + 312.32431547627954  + 375.79120816939565  + 363.44796017883  + 525.2264094964695  + 722.3085059294181  + 524.1569300869928  + 623.8961347127317  + 473.6789442063851  + 473.8681186755031  + 722.4389910186906  + 768.1390812343152  + 574.6007618619674  + 573.6632576436359  + 623.4871447663289  + 722.4433166131804  + 524.2700213941313  + 264.53303566670274  + 722.4207363546748  + 312.32510199248094  + 673.4369826719708  + 877.9038726170031  + 672.914639385212  + 722.4150282660003  + 885.0881162816047  + 522.5724081994207  + 521.1618636180165  + 260.73374630149  + 524.5388812827458  + 867.3462914576944  + 672.9032735278569  + 422.02795484241466  + 914.2557877288086  + 771.6759393014534  + 
total node:36/36
-------------------
Traveling energy: 2077.942367065915
Charging energy: 105922.05763293408
Total energy used: 108000.0
-------------------
Total time for travel: 2077.942367065915
Total time for charging: 21184.411526586817
Charging round duration: 23262.353893652733
-------------------
ID | p | E0 | time_arrive | E_remain | time_charge | energy_charge| E_after_charge | E_after_cycle
153 | 0.13 | 7478.09 | 170.86 | 7455.88 | 672.90 | 3364.52 | 10732.92 | 7743.20
154 | 0.11 | 7415.11 | 860.06 | 7320.50 | 574.22 | 2871.08 | 10128.42 | 7663.61
150 | 0.08 | 7281.13 | 1447.27 | 7165.35 | 425.30 | 2126.48 | 9257.81 | 7500.28
127 | 0.06 | 7436.11 | 1965.74 | 7318.17 | 312.32 | 1561.62 | 8861.05 | 7567.24
135 | 0.07 | 7210.28 | 2309.76 | 7048.59 | 375.79 | 1878.96 | 8901.24 | 7420.32
130 | 0.07 | 7455.15 | 2796.03 | 7259.43 | 363.45 | 1817.24 | 9051.23 | 7603.47
157 | 0.10 | 7369.77 | 3298.46 | 7039.92 | 525.23 | 2626.13 | 9613.53 | 7611.74
156 | 0.14 | 7502.50 | 3919.79 | 6953.73 | 722.31 | 3611.54 | 10464.15 | 7776.21
131 | 0.10 | 7384.81 | 4704.28 | 6914.38 | 524.16 | 2620.78 | 9482.75 | 7621.43
133 | 0.12 | 7445.08 | 5269.73 | 6812.71 | 623.90 | 3119.48 | 9857.33 | 7703.57
137 | 0.09 | 7354.60 | 5925.31 | 6821.32 | 473.68 | 2368.39 | 9147.08 | 7577.24
151 | 0.09 | 7351.66 | 6402.99 | 6775.39 | 473.87 | 2369.34 | 9102.08 | 7575.25
143 | 0.14 | 7501.14 | 6894.51 | 6535.91 | 722.44 | 3612.19 | 10046.96 | 7775.51
145 | 0.15 | 7558.78 | 7677.81 | 6407.11 | 768.14 | 3840.70 | 10132.59 | 7823.23
152 | 0.11 | 7410.15 | 8493.18 | 6475.90 | 574.60 | 2873.00 | 9285.70 | 7660.57
124 | 0.11 | 7422.26 | 9100.13 | 6421.25 | 573.66 | 2868.32 | 9226.46 | 7668.00
125 | 0.12 | 7449.96 | 9713.19 | 6284.38 | 623.49 | 3117.44 | 9327.00 | 7706.40
146 | 0.14 | 7501.10 | 10383.04 | 6047.47 | 722.44 | 3612.22 | 9558.55 | 7775.48
132 | 0.10 | 7383.21 | 11196.94 | 6263.52 | 524.27 | 2621.35 | 8832.44 | 7620.40
122 | 0.05 | 7316.28 | 11822.31 | 6725.17 | 264.53 | 1322.67 | 8034.61 | 7446.87
123 | 0.14 | 7501.33 | 12128.41 | 5803.35 | 722.42 | 3612.10 | 9314.32 | 7775.61
141 | 0.06 | 7436.09 | 12915.15 | 6661.18 | 312.33 | 1561.63 | 8204.07 | 7567.22
134 | 0.13 | 7472.17 | 13250.00 | 5749.67 | 673.44 | 3367.18 | 9029.31 | 7739.94
148 | 0.18 | 7936.45 | 13953.69 | 5424.78 | 877.90 | 4389.52 | 9656.28 | 8034.47
147 | 0.13 | 7477.97 | 14881.93 | 5543.32 | 672.91 | 3364.57 | 8820.42 | 7743.13
129 | 0.14 | 7501.39 | 15585.42 | 5319.43 | 722.42 | 3612.08 | 8830.37 | 7775.64
142 | 0.20 | 8746.69 | 16314.11 | 5483.87 | 885.09 | 4425.44 | 9732.29 | 8403.81
136 | 0.10 | 7407.20 | 17229.30 | 5684.27 | 522.57 | 2612.86 | 8244.87 | 7635.90
149 | 0.10 | 7427.25 | 17795.98 | 5647.65 | 521.16 | 2605.81 | 8201.34 | 7648.89
144 | 0.05 | 7422.89 | 18404.70 | 6502.66 | 260.73 | 1303.67 | 7793.29 | 7534.48
128 | 0.10 | 7379.43 | 18666.92 | 5512.74 | 524.54 | 2622.69 | 8082.98 | 7617.96
140 | 0.17 | 7586.77 | 19344.68 | 4298.17 | 867.35 | 4336.73 | 8487.46 | 7870.42
138 | 0.13 | 7478.10 | 20215.77 | 4850.05 | 672.90 | 3364.52 | 8127.09 | 7743.20
126 | 0.08 | 7337.52 | 20999.59 | 5657.55 | 422.03 | 2110.14 | 7733.93 | 7540.33
155 | 0.18 | 7620.88 | 21435.71 | 3762.45 | 914.26 | 4571.28 | 8169.17 | 7900.67
139 | 0.15 | 7524.14 | 22457.30 | 4155.54 | 771.68 | 3858.38 | 7898.17 | 7806.27
Vehicle 4
Charging tour: 
159  -> 176  -> 161  -> 177  -> 173  -> 160  -> 179  -> 158  -> 167  -> 162  -> 171  -> 180  -> 166  -> 169  -> 163  -> 170  -> 165  -> 189  -> 188  -> 187  -> 172  -> 175  -> 164  -> 185  -> 174  -> 183  -> 178  -> 168  -> 186  -> 184  -> 181  -> 182  -> 
Charging time: 
1084.5814700441833  + 249.05323816195747  + 691.4869843118728  + 233.356561040833  + 270.14743275118065  + 1187.4780011092414  + 385.68424418508084  + 320.6570488388779  + 640.8363572985124  + 314.721052816369  + 1021.7452081028289  + 353.760970427157  + 946.9787833450563  + 249.696321822611  + 641.196245973957  + 305.8308224281369  + 705.5494280485451  + 362.30309795140755  + 329.00026311091887  + 625.8413317923481  + 536.7478165748138  + 308.2916990148675  + 255.50751403537862  + 476.6665701925317  + 653.9734935196157  + 350.4896913156918  + 524.6701265000122  + 614.3988480566892  + 628.6412991374765  + 295.8920384476462  + 682.1625006871249  + 507.17834878572666  + 
total node:32/32
-------------------
Traveling energy: 2090.408399047169
Charging energy: 83772.62404914327
Total energy used: 85863.03244819044
-------------------
Total time for travel: 2090.408399047169
Total time for charging: 16754.524809828654
Charging round duration: 18844.933208875824
-------------------
ID | p | E0 | time_arrive | E_remain | time_charge | energy_charge| E_after_charge | E_after_cycle
159 | 0.23 | 5663.12 | 159.01 | 5626.55 | 1084.58 | 5422.91 | 10800.00 | 5602.45
176 | 0.09 | 9692.03 | 1276.41 | 9577.15 | 249.05 | 1245.27 | 10800.00 | 8791.54
161 | 0.15 | 7680.95 | 1564.41 | 7446.29 | 691.49 | 3457.43 | 10800.00 | 7562.14
177 | 0.06 | 9786.54 | 2321.99 | 9647.22 | 233.36 | 1166.78 | 10800.00 | 9522.82
173 | 0.08 | 9682.46 | 2644.83 | 9470.87 | 270.15 | 1350.74 | 10800.00 | 9125.87
160 | 0.23 | 5838.63 | 3056.10 | 5135.73 | 1187.48 | 5937.39 | 10800.00 | 6292.45
179 | 0.11 | 9386.42 | 4294.71 | 8914.00 | 385.68 | 1928.42 | 10800.00 | 8692.26
158 | 0.06 | 9392.98 | 4766.12 | 9107.01 | 320.66 | 1603.29 | 10691.06 | 9565.77
167 | 0.14 | 8407.45 | 5156.55 | 7685.54 | 640.84 | 3204.18 | 10800.00 | 8273.81
162 | 0.06 | 9570.14 | 5811.30 | 9221.46 | 314.72 | 1573.61 | 10776.19 | 9713.25
171 | 0.23 | 7340.95 | 6150.76 | 5926.28 | 1021.75 | 5108.73 | 10800.00 | 6966.10
180 | 0.10 | 9786.83 | 7202.59 | 9066.57 | 353.76 | 1768.80 | 10800.00 | 9171.47
166 | 0.18 | 7598.34 | 7570.97 | 6235.56 | 946.98 | 4734.89 | 10800.00 | 8041.74
169 | 0.05 | 9991.15 | 8542.97 | 9564.00 | 249.70 | 1248.48 | 10800.00 | 10047.55
163 | 0.11 | 8611.81 | 8922.49 | 7630.34 | 641.20 | 3205.98 | 10765.79 | 9195.21
170 | 0.06 | 9848.34 | 9697.36 | 9266.50 | 305.83 | 1529.15 | 10777.30 | 9946.99
165 | 0.12 | 8537.81 | 10027.47 | 7334.52 | 705.55 | 3527.75 | 10777.60 | 9204.56
189 | 0.11 | 10216.67 | 10803.04 | 9028.34 | 362.30 | 1811.52 | 10800.00 | 9405.61
188 | 0.08 | 10078.26 | 11211.80 | 9181.32 | 329.00 | 1645.00 | 10800.00 | 9815.93
187 | 0.17 | 9748.45 | 11595.69 | 7777.19 | 625.84 | 3129.21 | 10800.00 | 8824.58
172 | 0.10 | 9352.39 | 12294.41 | 8122.95 | 536.75 | 2683.74 | 10753.01 | 9651.97
175 | 0.06 | 9769.72 | 12864.38 | 8997.86 | 308.29 | 1541.46 | 10520.82 | 9880.68
164 | 0.05 | 9823.34 | 13209.09 | 9162.89 | 255.51 | 1277.54 | 10427.65 | 9908.80
185 | 0.11 | 9956.24 | 13519.46 | 8469.10 | 476.67 | 2383.33 | 10800.00 | 9716.99
174 | 0.12 | 9211.15 | 14022.24 | 7528.48 | 653.97 | 3269.87 | 10719.88 | 9620.02
183 | 0.07 | 10025.72 | 14803.79 | 8989.46 | 350.49 | 1752.45 | 10717.37 | 10109.26
178 | 0.10 | 9567.68 | 15260.04 | 8041.67 | 524.67 | 2623.35 | 10612.56 | 9806.86
168 | 0.11 | 8987.42 | 15852.60 | 7243.64 | 614.40 | 3071.99 | 10248.05 | 9436.84
186 | 0.13 | 9884.71 | 16509.15 | 7738.52 | 628.64 | 3143.21 | 10800.00 | 9928.50
184 | 0.06 | 10179.13 | 17162.55 | 9149.38 | 295.89 | 1479.46 | 10611.09 | 10228.10
181 | 0.13 | 9566.40 | 17462.14 | 7296.32 | 682.16 | 3410.81 | 10618.45 | 9877.80
182 | 0.10 | 9897.65 | 18200.52 | 8077.60 | 507.18 | 2535.89 | 10562.77 | 10049.38
Vehicle 5
Charging tour: 
201  -> 197  -> 203  -> 196  -> 212  -> 202  -> 226  -> 220  -> 221  -> 223  -> 224  -> 205  -> 228  -> 207  -> 206  -> 198  -> 204  -> 222  -> 211  -> 225  -> 194  -> 190  -> 218  -> 231  -> 191  -> 214  -> 217  -> 210  -> 219  -> 200  -> 215  -> 193  -> 199  -> 216  -> 229  -> 230  -> 208  -> 213  -> 209  -> 192  -> 227  -> 233  -> 
Charging time: 
349.7393657649294  + 800.5553485332466  + 619.9879319913059  + 634.5526679583941  + 676.7215882095079  + 635.7537995110811  + 739.2168915195007  + 525.8939595512159  + 418.1757025775427  + 299.1822530531097  + 580.1465945648342  + 291.3458958872002  + 581.4798662483167  + 228.92007205306808  + 411.6532387761911  + 349.17956992851504  + 706.4249320304065  + 307.95337443335467  + 262.00897762307704  + 469.5378759838297  + 691.5200873766025  + 263.80204700540617  + 689.3328735258752  + 300.337512317385  + 467.4197545421279  + 743.2421071648075  + 580.549757562023  + 751.8395585156301  + 421.37728169408996  + 420.58447996393386  + 691.7702434966686  + 420.9643332263653  + 528.2185559802285  + 472.96093483300376  + 580.747567194882  + 308.936448925553  + 368.4923541427638  + 741.9663408794954  + 465.0260171086207  + 366.1292402104129  + 367.5983723550617  + 580.2350873376076  + 
total node:42/44
-------------------
Traveling energy: 2442.595692214155
Charging energy: 105557.40430778588
Total energy used: 108000.00000000003
-------------------
Total time for travel: 2442.595692214155
Total time for charging: 21111.480861557175
Charging round duration: 23554.07655377133
-------------------
ID | p | E0 | time_arrive | E_remain | time_charge | energy_charge| E_after_charge | E_after_cycle
201 | 0.07 | 6317.47 | 91.55 | 6311.06 | 349.74 | 1748.70 | 8035.28 | 6397.25
197 | 0.15 | 5914.11 | 500.26 | 5839.08 | 800.56 | 4002.78 | 9721.77 | 6340.65
203 | 0.10 | 5091.04 | 1358.03 | 4955.24 | 619.99 | 3099.94 | 7993.18 | 5806.82
196 | 0.12 | 5969.03 | 2032.73 | 5725.10 | 634.55 | 3172.76 | 8821.71 | 6280.79
212 | 0.14 | 6529.92 | 2753.60 | 6144.42 | 676.72 | 3383.61 | 9433.28 | 6575.70
202 | 0.12 | 5957.75 | 3478.85 | 5540.29 | 635.75 | 3178.77 | 8642.77 | 6275.52
226 | 0.14 | 5977.86 | 4123.60 | 5400.56 | 739.22 | 3696.08 | 8993.15 | 6336.12
220 | 0.10 | 6001.94 | 4894.72 | 5512.47 | 525.89 | 2629.47 | 8089.35 | 6247.25
221 | 0.08 | 6038.39 | 5442.69 | 5602.97 | 418.18 | 2090.88 | 7660.40 | 6221.94
223 | 0.06 | 6330.02 | 5898.53 | 5976.11 | 299.18 | 1495.91 | 7454.07 | 6395.44
224 | 0.11 | 5984.73 | 6208.78 | 5301.77 | 580.15 | 2900.73 | 8138.68 | 6262.89
205 | 0.06 | 6500.28 | 6820.46 | 6091.05 | 291.35 | 1456.73 | 7530.30 | 6526.51
228 | 0.11 | 5971.01 | 7175.09 | 5181.75 | 581.48 | 2907.40 | 8025.19 | 6255.83
207 | 0.05 | 6894.07 | 7780.52 | 6505.05 | 228.92 | 1144.60 | 7638.20 | 6846.59
206 | 0.08 | 6134.06 | 8040.70 | 5490.81 | 411.65 | 2058.27 | 7516.14 | 6285.00
198 | 0.07 | 6327.60 | 8579.08 | 5727.07 | 349.18 | 1745.90 | 7448.52 | 6404.58
204 | 0.12 | 5361.73 | 9063.68 | 4274.09 | 706.42 | 3532.12 | 7721.44 | 6032.86
222 | 0.06 | 6149.73 | 9863.51 | 5557.92 | 307.95 | 1539.77 | 7079.21 | 6259.00
211 | 0.05 | 6023.43 | 10263.92 | 5510.23 | 262.01 | 1310.04 | 6807.18 | 6141.39
225 | 0.09 | 6050.09 | 10606.60 | 5095.49 | 469.54 | 2347.69 | 7400.93 | 6252.03
194 | 0.13 | 5933.74 | 11107.91 | 4489.71 | 691.52 | 3457.60 | 7857.41 | 6291.93
190 | 0.05 | 5982.49 | 11831.29 | 5390.92 | 263.80 | 1319.01 | 6696.74 | 6109.41
218 | 0.15 | 6868.35 | 12165.56 | 5043.51 | 689.33 | 3446.66 | 8386.78 | 6738.76
231 | 0.06 | 6305.67 | 12911.45 | 5530.99 | 300.34 | 1501.69 | 7014.65 | 6376.86
191 | 0.09 | 6077.50 | 13268.72 | 4883.32 | 467.42 | 2337.10 | 7178.35 | 6268.86
214 | 0.15 | 6370.17 | 13766.63 | 4305.17 | 743.24 | 3716.21 | 7909.90 | 6510.13
217 | 0.11 | 5980.58 | 14531.85 | 4382.07 | 580.55 | 2902.75 | 7220.96 | 6260.75
210 | 0.14 | 5877.50 | 15143.69 | 3757.38 | 751.84 | 3759.20 | 7411.32 | 6298.87
219 | 0.08 | 5992.51 | 15961.38 | 4715.60 | 421.38 | 2106.89 | 6788.78 | 6192.06
200 | 0.08 | 6003.81 | 16469.79 | 4686.22 | 420.58 | 2102.92 | 6755.50 | 6199.40
215 | 0.13 | 5931.59 | 17003.61 | 3721.12 | 691.77 | 3458.85 | 7090.04 | 6291.03
193 | 0.08 | 5998.39 | 17725.08 | 4580.38 | 420.96 | 2104.82 | 6651.53 | 6195.88
199 | 0.10 | 5975.53 | 18250.07 | 4150.52 | 528.22 | 2641.09 | 6738.79 | 6232.46
216 | 0.09 | 6006.30 | 18804.54 | 4313.89 | 472.96 | 2364.80 | 6636.13 | 6225.36
229 | 0.11 | 5978.54 | 19330.52 | 3852.18 | 580.75 | 2903.74 | 6692.04 | 6259.70
230 | 0.06 | 6130.16 | 19987.09 | 4930.94 | 308.94 | 1544.68 | 6457.08 | 6244.35
208 | 0.07 | 5995.97 | 20310.33 | 4574.25 | 368.49 | 1842.46 | 6390.91 | 6169.52
213 | 0.16 | 6806.53 | 20710.77 | 3492.80 | 741.97 | 3709.83 | 7083.92 | 6701.70
209 | 0.09 | 6108.79 | 21506.51 | 4173.20 | 465.03 | 2325.13 | 6456.48 | 6288.17
192 | 0.07 | 6034.67 | 22028.55 | 4492.67 | 366.13 | 1830.65 | 6297.69 | 6196.40
227 | 0.07 | 6010.55 | 22420.88 | 4441.09 | 367.60 | 1837.99 | 6253.35 | 6179.63
233 | 0.11 | 5983.82 | 22866.04 | 3468.56 | 580.24 | 2901.18 | 6305.91 | 6262.42
195 | 0.16 | 5955.56 | 2140.90
232 | 0.15 | 6546.11 | 2969.86
Vehicle 6
Charging tour: 
265  -> 274  -> 241  -> 242  -> 259  -> 268  -> 256  -> 235  -> 257  -> 262  -> 264  -> 239  -> 266  -> 238  -> 260  -> 255  -> 246  -> 237  -> 271  -> 258  -> 270  -> 249  -> 272  -> 240  -> 236  -> 267  -> 253  -> 243  -> 269  -> 252  -> 244  -> 248  -> 247  -> 261  -> 263  -> 234  -> 273  -> 251  -> 254  -> 250  -> 245  -> 
Charging time: 
615.0209201825564  + 408.8455871090278  + 362.70742810770923  + 286.74068205142675  + 408.05567332420264  + 279.9786920185707  + 365.1196743723081  + 566.0784373125098  + 467.31852561252117  + 615.0505072882235  + 280.2138295721592  + 363.91466773866784  + 356.9806522279718  + 566.0603079354372  + 346.6997089967574  + 757.419925268165  + 788.8798245035373  + 360.8104724424287  + 751.1517402054119  + 466.52545382767045  + 663.4687919000821  + 418.16520256595265  + 614.6244245343481  + 516.4810317771414  + 663.1693206810053  + 467.3961533452262  + 561.4154456871842  + 663.4328106729984  + 697.6600122234827  + 565.7496429444257  + 310.17281424736916  + 565.7078810112366  + 680.9427266496807  + 360.8382469719138  + 467.4771678261917  + 567.0981674663816  + 566.170869869693  + 663.514945368515  + 663.431272439237  + 515.4574296322957  + 565.2531806924384  + 
total node:41/41
-------------------
Traveling energy: 2143.9987569796294
Charging energy: 105856.00124302032
Total energy used: 107999.99999999996
-------------------
Total time for travel: 2143.9987569796294
Total time for charging: 21171.200248604066
Charging round duration: 23315.199005583694
-------------------
ID | p | E0 | time_arrive | E_remain | time_charge | energy_charge| E_after_charge | E_after_cycle
265 | 0.11 | 6963.59 | 99.45 | 6952.65 | 615.02 | 3075.10 | 9960.10 | 7416.11
274 | 0.07 | 6666.05 | 724.46 | 6615.34 | 408.85 | 2044.23 | 8630.95 | 7041.37
241 | 0.06 | 6440.58 | 1187.07 | 6369.36 | 362.71 | 1813.54 | 8161.13 | 6823.62
242 | 0.05 | 6789.08 | 1567.86 | 6710.69 | 286.74 | 1433.70 | 8130.05 | 7030.70
259 | 0.07 | 6678.96 | 1967.08 | 6541.26 | 408.06 | 2040.28 | 8552.98 | 7050.32
268 | 0.05 | 6953.05 | 2444.23 | 6830.84 | 279.98 | 1399.89 | 8216.73 | 7160.86
256 | 0.06 | 6398.03 | 2745.36 | 6233.31 | 365.12 | 1825.60 | 8037.00 | 6793.13
235 | 0.10 | 6877.86 | 3147.97 | 6563.07 | 566.08 | 2830.39 | 9336.85 | 7324.09
257 | 0.08 | 6665.11 | 3730.84 | 6366.64 | 467.32 | 2336.59 | 8665.85 | 7094.37
262 | 0.11 | 6963.25 | 4292.08 | 6491.12 | 615.05 | 3075.25 | 9498.72 | 7415.92
264 | 0.05 | 6947.21 | 4947.08 | 6699.86 | 280.21 | 1401.07 | 8086.92 | 7156.20
239 | 0.06 | 6419.21 | 5377.62 | 6096.56 | 363.91 | 1819.57 | 7894.30 | 6808.29
266 | 0.06 | 6543.90 | 5792.43 | 6196.36 | 356.98 | 1784.90 | 7959.84 | 6898.31
238 | 0.10 | 6878.08 | 6169.21 | 6261.16 | 566.06 | 2830.30 | 9034.86 | 7324.22
260 | 0.06 | 6737.95 | 6769.85 | 6331.76 | 346.70 | 1733.50 | 8044.46 | 7040.95
255 | 0.14 | 7196.50 | 7146.49 | 6195.99 | 757.42 | 3787.10 | 9877.05 | 7645.77
246 | 0.15 | 7403.05 | 7934.07 | 6212.94 | 788.88 | 3944.40 | 10039.00 | 7771.20
237 | 0.06 | 6474.44 | 8771.59 | 5948.15 | 360.81 | 1804.05 | 7730.55 | 6848.00
271 | 0.14 | 7256.56 | 9202.90 | 5968.15 | 751.15 | 3755.76 | 9618.75 | 7674.48
258 | 0.08 | 6676.44 | 10043.71 | 5872.94 | 466.53 | 2332.63 | 8168.25 | 7101.73
270 | 0.12 | 7041.92 | 10577.75 | 5772.59 | 663.47 | 3317.34 | 9010.31 | 7498.26
249 | 0.07 | 6517.49 | 11289.13 | 5727.25 | 418.17 | 2090.83 | 7788.80 | 6939.40
272 | 0.11 | 6968.08 | 11752.60 | 5675.29 | 614.62 | 3073.12 | 8680.81 | 7418.62
240 | 0.09 | 6784.51 | 12399.89 | 5668.52 | 516.48 | 2582.41 | 8204.44 | 7221.16
236 | 0.12 | 7045.10 | 12935.89 | 5492.79 | 663.17 | 3315.85 | 8729.06 | 7499.95
267 | 0.08 | 6664.00 | 13666.59 | 5570.67 | 467.40 | 2336.98 | 7870.26 | 7093.65
253 | 0.10 | 6934.99 | 14145.18 | 5520.47 | 561.42 | 2807.08 | 8271.41 | 7357.90
243 | 0.12 | 7042.30 | 14820.72 | 5263.81 | 663.43 | 3317.16 | 8501.36 | 7498.47
269 | 0.13 | 7254.87 | 15502.55 | 5239.54 | 697.66 | 3488.30 | 8637.14 | 7643.76
252 | 0.10 | 6881.86 | 16231.33 | 5258.73 | 565.75 | 2828.75 | 8030.90 | 7326.45
244 | 0.05 | 6276.20 | 16842.61 | 5434.06 | 310.17 | 1550.86 | 6969.42 | 6634.98
248 | 0.10 | 6882.37 | 17166.31 | 5165.74 | 565.71 | 2828.54 | 7937.71 | 7326.74
247 | 0.13 | 7432.98 | 17742.26 | 5126.49 | 680.94 | 3404.71 | 8442.68 | 7738.28
261 | 0.06 | 6473.94 | 18504.58 | 5363.67 | 360.84 | 1804.19 | 7146.21 | 6847.64
263 | 0.08 | 6662.85 | 18906.29 | 5150.34 | 467.48 | 2337.39 | 7450.33 | 7092.90
234 | 0.10 | 6865.50 | 19385.25 | 4926.97 | 567.10 | 2835.49 | 7705.75 | 7316.82
273 | 0.10 | 6876.74 | 20003.14 | 4876.43 | 566.17 | 2830.85 | 7650.66 | 7323.43
251 | 0.12 | 7041.43 | 20590.62 | 4570.55 | 663.51 | 3317.57 | 7808.51 | 7498.01
254 | 0.12 | 7042.32 | 21291.70 | 4487.31 | 663.43 | 3317.16 | 7724.86 | 7498.48
250 | 0.09 | 6797.98 | 21975.89 | 4820.15 | 515.46 | 2577.29 | 7351.05 | 7229.52
245 | 0.10 | 6887.90 | 22554.98 | 4632.41 | 565.25 | 2826.27 | 7402.15 | 7330.01
Vehicle 7
Charging tour: 
290  -> 288  -> 308  -> 289  -> 293  -> 291  -> 312  -> 295  -> 294  -> 299  -> 304  -> 306  -> 300  -> 311  -> 282  -> 287  -> 275  -> 303  -> 283  -> 296  -> 302  -> 313  -> 278  -> 279  -> 307  -> 305  -> 298  -> 276  -> 281  -> 314  -> 280  -> 285  -> 292  -> 277  -> 284  -> 310  -> 301  -> 297  -> 309  -> 286  -> 
Charging time: 
786.5173613691546  + 713.7330108947631  + 458.1907333959691  + 561.735660475793  + 296.93213212928146  + 354.6200324602848  + 458.3526248300807  + 748.8941400365755  + 348.7834180308074  + 664.4076519644698  + 713.8753444364262  + 356.07165810960936  + 613.5071781334993  + 452.74532325156616  + 333.2055762303834  + 613.7096186241043  + 713.7519994032748  + 355.9386475955972  + 458.6149689877846  + 395.2686941317766  + 459.72159387881385  + 713.7143157668634  + 296.6584008086359  + 811.935809011628  + 456.7379156219908  + 614.3174648561989  + 562.5613842920551  + 406.77686187196855  + 711.6119341985449  + 763.1052748861039  + 350.03559776721755  + 460.8269160375417  + 562.7876626175338  + 403.0086522733862  + 355.8495636770253  + 710.7551844773104  + 512.835462668468  + 401.5369901667505  + 805.5631215270213  + 457.085206217782  + 
total node:40/41
-------------------
Traveling energy: 1803.7292393649066
Charging energy: 106081.40543557022
Total energy used: 107885.13467493514
-------------------
Total time for travel: 1803.7292393649066
Total time for charging: 21216.281087114046
Charging round duration: 23020.010326478954
-------------------
ID | p | E0 | time_arrive | E_remain | time_charge | energy_charge| E_after_charge | E_after_cycle
290 | 0.15 | 6997.87 | 83.17 | 6985.39 | 786.52 | 3932.59 | 10800.00 | 7354.21
288 | 0.13 | 6878.50 | 886.95 | 6763.19 | 713.73 | 3568.67 | 10239.07 | 7347.75
308 | 0.08 | 6593.71 | 1727.53 | 6455.51 | 458.19 | 2290.95 | 8709.81 | 6977.33
289 | 0.10 | 6722.86 | 2241.99 | 6498.66 | 561.74 | 2808.68 | 9251.17 | 7147.38
293 | 0.05 | 6359.15 | 2824.37 | 6217.93 | 296.93 | 1484.66 | 7687.74 | 6651.73
291 | 0.06 | 6389.61 | 3141.75 | 6201.10 | 354.62 | 1773.10 | 7952.92 | 6732.21
312 | 0.08 | 6591.38 | 3499.46 | 6311.42 | 458.35 | 2291.76 | 8566.52 | 6975.81
295 | 0.14 | 7059.82 | 4015.15 | 6497.70 | 748.89 | 3744.47 | 10137.33 | 7466.46
294 | 0.06 | 6496.53 | 4848.51 | 6205.62 | 348.78 | 1743.92 | 7928.61 | 6809.95
299 | 0.12 | 6820.76 | 5208.63 | 6195.72 | 664.41 | 3322.04 | 9438.03 | 7281.80
304 | 0.13 | 6877.13 | 5899.19 | 6110.23 | 713.88 | 3569.38 | 9586.81 | 7347.09
306 | 0.06 | 6363.56 | 6669.34 | 5963.40 | 356.07 | 1780.36 | 7722.39 | 6713.42
300 | 0.11 | 6771.10 | 7040.59 | 5996.63 | 613.51 | 3067.54 | 8996.68 | 7216.05
311 | 0.08 | 6673.02 | 7758.46 | 6052.34 | 452.75 | 2263.73 | 8279.85 | 7029.41
282 | 0.06 | 6800.25 | 8235.39 | 6306.13 | 333.21 | 1666.03 | 7952.17 | 7035.78
287 | 0.11 | 6768.87 | 8588.86 | 5824.09 | 613.71 | 3068.55 | 8825.13 | 7214.83
275 | 0.13 | 6878.32 | 9269.93 | 5673.23 | 713.75 | 3568.76 | 9149.20 | 7347.66
303 | 0.06 | 6365.94 | 9998.44 | 5766.03 | 355.94 | 1779.69 | 7524.37 | 6715.13
283 | 0.08 | 6587.61 | 10399.74 | 5755.63 | 458.61 | 2293.07 | 8012.02 | 6973.35
296 | 0.07 | 6687.93 | 10976.87 | 5919.55 | 395.27 | 1976.34 | 7868.22 | 6995.36
302 | 0.08 | 6571.75 | 11423.84 | 5657.84 | 459.72 | 2298.61 | 7919.68 | 6963.03
313 | 0.13 | 6878.68 | 11919.97 | 5329.08 | 713.71 | 3568.57 | 8804.87 | 7347.84
278 | 0.05 | 6365.02 | 12651.55 | 5732.44 | 296.66 | 1483.29 | 7200.90 | 6656.23
279 | 0.15 | 6976.79 | 12967.56 | 5031.66 | 811.94 | 4059.68 | 8969.55 | 7460.22
307 | 0.08 | 6614.68 | 13832.95 | 5508.05 | 456.74 | 2283.69 | 7755.20 | 6991.04
305 | 0.11 | 6762.17 | 14298.53 | 5189.33 | 614.32 | 3071.59 | 8193.34 | 7211.17
298 | 0.10 | 6712.99 | 14954.05 | 5217.59 | 562.56 | 2812.81 | 7974.14 | 7141.64
276 | 0.07 | 6498.72 | 15539.99 | 5410.92 | 406.78 | 2033.88 | 7416.33 | 6863.69
281 | 0.13 | 6899.00 | 16022.17 | 4816.12 | 711.61 | 3558.06 | 8281.67 | 7357.65
314 | 0.14 | 6928.35 | 16744.00 | 4584.19 | 763.11 | 3815.53 | 8292.88 | 7406.05
280 | 0.06 | 6473.29 | 17529.47 | 5421.52 | 350.04 | 1750.18 | 7150.70 | 6792.97
285 | 0.08 | 6555.99 | 17919.48 | 5122.43 | 460.83 | 2304.13 | 7389.70 | 6952.79
292 | 0.10 | 6710.29 | 18457.22 | 4864.57 | 562.79 | 2813.94 | 7622.23 | 7140.07
277 | 0.07 | 6559.49 | 19102.82 | 5222.29 | 403.01 | 2015.04 | 7209.12 | 6905.61
284 | 0.06 | 6367.53 | 19546.41 | 5194.74 | 355.85 | 1779.25 | 6952.64 | 6716.28
310 | 0.13 | 6907.32 | 19908.82 | 4319.17 | 710.76 | 3553.78 | 7780.55 | 7361.68
301 | 0.09 | 6627.51 | 20631.69 | 4770.66 | 512.84 | 2564.18 | 7288.68 | 7045.94
297 | 0.07 | 6583.53 | 21175.63 | 5101.23 | 401.54 | 2007.68 | 7080.81 | 6922.30
309 | 0.15 | 7031.98 | 21601.68 | 3791.73 | 805.56 | 4027.82 | 7698.71 | 7483.55
286 | 0.08 | 6609.66 | 22525.73 | 4807.60 | 457.09 | 2285.43 | 7056.46 | 6987.75
[91m315 | 0.25 | 689.78 | -5270.63[00m
Vehicle 8
Charging tour: 
323  -> 331  -> 320  -> 346  -> 333  -> 324  -> 341  -> 317  -> 326  -> 319  -> 334  -> 340  -> 336  -> 318  -> 329  -> 327  -> 316  -> 339  -> 343  -> 328  -> 338  -> 332  -> 348  -> 353  -> 322  -> 325  -> 349  -> 344  -> 350  -> 321  -> 345  -> 335  -> 354  -> 351  -> 342  -> 352  -> 330  -> 347  -> 337  -> 
Charging time: 
334.28916860522355  + 409.34946554465  + 398.4995430533247  + 396.7484083217477  + 403.7259491183988  + 446.0173747755942  + 452.8681749939525  + 430.95302893295036  + 432.49823070257077  + 439.56027321308187  + 452.34062895448676  + 453.4526209573342  + 438.29416504398114  + 337.80079576556454  + 337.34084209469444  + 445.23305741935457  + 444.2245978046744  + 386.0285272770828  + 533.1030034995986  + 592.6198322841119  + 573.4010708526736  + 444.55615097800484  + 537.212219902476  + 445.0875437424306  + 629.9449044182077  + 548.7710049672698  + 661.6333573799125  + 588.398133836015  + 736.045921607625  + 339.25079941052223  + 541.2005211377609  + 589.5028315924432  + 651.65166806592  + 875.8986356647072  + 346.15694784122786  + 822.8252601547892  + 1117.2538321008633  + 689.8724310278229  + 393.6016096439515  + 
total node:39/39
-------------------
Traveling energy: 2211.4079512577973
Charging energy: 100486.062663435
Total energy used: 102697.47061469281
-------------------
Total time for travel: 2211.4079512577973
Total time for charging: 20097.212532687
Charging round duration: 22308.620483944796
-------------------
ID | p | E0 | time_arrive | E_remain | time_charge | energy_charge| E_after_charge | E_after_cycle
323 | 0.06 | 8785.49 | 169.49 | 8775.32 | 334.29 | 1671.45 | 10426.71 | 9026.44
331 | 0.08 | 8835.51 | 618.88 | 8786.00 | 409.35 | 2046.75 | 10800.00 | 8974.93
320 | 0.08 | 8923.16 | 1047.19 | 8839.38 | 398.50 | 1992.50 | 10800.00 | 9008.32
346 | 0.07 | 8636.14 | 1467.47 | 8533.42 | 396.75 | 1983.74 | 10489.39 | 8950.97
333 | 0.12 | 9063.91 | 1950.79 | 8829.82 | 403.73 | 2018.63 | 10800.00 | 8221.55
324 | 0.10 | 8853.57 | 2390.53 | 8614.51 | 446.02 | 2230.09 | 10800.00 | 8699.49
341 | 0.12 | 8935.61 | 2880.02 | 8590.00 | 452.87 | 2264.34 | 10800.00 | 8338.95
317 | 0.08 | 8950.57 | 3385.69 | 8679.71 | 430.95 | 2154.77 | 10800.00 | 9198.00
326 | 0.08 | 8978.89 | 3834.74 | 8672.11 | 432.50 | 2162.49 | 10800.00 | 9234.05
319 | 0.08 | 8908.58 | 4327.97 | 8562.34 | 439.56 | 2197.80 | 10724.98 | 9199.05
334 | 0.09 | 9009.99 | 4788.68 | 8579.01 | 452.34 | 2261.70 | 10800.00 | 9125.94
340 | 0.11 | 9164.31 | 5288.13 | 8582.62 | 453.45 | 2267.26 | 10800.00 | 8808.99
336 | 0.08 | 8934.32 | 5787.46 | 8471.32 | 438.29 | 2191.47 | 10627.73 | 9218.45
318 | 0.06 | 8694.16 | 6293.79 | 8316.53 | 337.80 | 1689.00 | 9985.27 | 8952.66
329 | 0.06 | 8706.01 | 6651.83 | 8306.90 | 337.34 | 1686.70 | 9973.37 | 8962.22
327 | 0.08 | 8795.08 | 7018.61 | 8233.59 | 445.23 | 2226.17 | 10424.13 | 9113.91
316 | 0.08 | 8815.04 | 7600.78 | 8206.98 | 444.22 | 2221.12 | 10392.56 | 9128.83
339 | 0.07 | 8875.97 | 8129.96 | 8306.87 | 386.03 | 1930.14 | 10209.99 | 9137.19
343 | 0.11 | 9132.05 | 8535.67 | 8193.13 | 533.10 | 2665.52 | 10800.00 | 9174.99
328 | 0.11 | 8905.55 | 9122.34 | 7902.09 | 592.62 | 2963.10 | 10800.00 | 9246.07
338 | 0.13 | 9274.99 | 9749.65 | 8007.54 | 573.40 | 2867.01 | 10800.00 | 9042.58
332 | 0.08 | 8808.47 | 10343.67 | 7980.97 | 444.56 | 2222.78 | 10168.19 | 9123.92
348 | 0.10 | 9111.53 | 10811.52 | 8030.37 | 537.21 | 2686.06 | 10662.71 | 9413.42
353 | 0.08 | 8797.95 | 11359.50 | 7889.19 | 445.09 | 2225.44 | 10079.02 | 9116.06
322 | 0.11 | 8547.26 | 11861.31 | 7242.52 | 629.94 | 3149.72 | 10322.95 | 9074.41
325 | 0.10 | 8919.61 | 12520.74 | 7667.54 | 548.77 | 2743.86 | 10356.51 | 9279.30
349 | 0.13 | 9281.76 | 13107.07 | 7577.85 | 661.63 | 3308.17 | 10800.00 | 9490.52
344 | 0.11 | 9150.79 | 13860.39 | 7626.14 | 588.40 | 2941.99 | 10503.41 | 9470.20
350 | 0.15 | 9403.50 | 14488.84 | 7230.18 | 736.05 | 3680.23 | 10800.00 | 9507.49
321 | 0.06 | 8657.00 | 15261.35 | 7741.32 | 339.25 | 1696.25 | 9417.22 | 8922.75
345 | 0.10 | 9044.38 | 15685.90 | 7475.79 | 541.20 | 2706.00 | 10127.67 | 9366.22
335 | 0.11 | 9133.64 | 16265.80 | 7344.40 | 589.50 | 2947.51 | 10227.07 | 9458.57
354 | 0.12 | 9013.69 | 16885.63 | 6987.42 | 651.65 | 3258.26 | 10167.48 | 9410.95
351 | 0.17 | 9500.18 | 17561.40 | 6514.75 | 875.90 | 4379.49 | 10745.34 | 9826.60
342 | 0.06 | 8484.28 | 18451.89 | 7377.17 | 346.16 | 1730.78 | 9087.19 | 8784.57
352 | 0.16 | 9518.08 | 18928.61 | 6489.50 | 822.83 | 4114.13 | 10471.98 | 9817.54
330 | 0.18 | 7886.02 | 19840.08 | 4314.80 | 1117.25 | 5586.27 | 9699.96 | 9180.79
347 | 0.13 | 9223.84 | 21019.70 | 6491.27 | 689.87 | 3449.36 | 9850.95 | 9573.78
337 | 0.07 | 8705.19 | 21731.57 | 7183.98 | 393.60 | 1968.01 | 9124.43 | 9004.28
Vehicle 9
Charging tour: 
384  -> 386  -> 382  -> 355  -> 370  -> 365  -> 357  -> 356  -> 379  -> 390  -> 359  -> 388  -> 396  -> 372  -> 367  -> 381  -> 362  -> 376  -> 375  -> 369  -> 371  -> 361  -> 368  -> 393  -> 373  -> 358  -> 366  -> 394  -> 377  -> 374  -> 378  -> 387  -> 391  -> 363  -> 380  -> 389  -> 383  -> 385  -> 364  -> 360  -> 392  -> 
Charging time: 
585.3940034060906  + 624.840005846337  + 440.37119022928056  + 492.20845689520763  + 677.7284962236229  + 294.9203272374263  + 444.6346209563294  + 349.4221115414218  + 296.9571148691273  + 300.68135898758277  + 585.436131659743  + 605.9986676340204  + 1831.2155195261512  + 445.1619282804341  + 538.9237563250141  + 631.7428682501237  + 517.2244694459447  + 538.8897469483052  + 624.2321452457566  + 346.43988846655674  + 491.4587743900748  + 677.6969355437076  + 245.5932120082785  + 537.7775800915283  + 219.65707069815087  + 492.2922287785542  + 294.2783848492268  + 631.7899706434579  + 491.33650952545383  + 544.1508955092671  + 396.97294378562816  + 631.7371195234449  + 443.0545395992196  + 444.98811169886136  + 663.8036485823416  + 538.995612800375  + 444.84621094615636  + 392.40774978451464  + 444.16008388397205  + 631.549861348718  + 349.0898849388409  + 
total node:41/42
-------------------
Traveling energy: 2099.6993154787597
Charging energy: 105900.30068452127
Total energy used: 108000.00000000003
-------------------
Total time for travel: 2099.6993154787597
Total time for charging: 21180.060136904252
Charging round duration: 23279.759452383012
-------------------
ID | p | E0 | time_arrive | E_remain | time_charge | energy_charge| E_after_charge | E_after_cycle
384 | 0.12 | 5672.85 | 136.47 | 5656.47 | 585.39 | 2926.97 | 8513.20 | 5738.82
386 | 0.13 | 5757.62 | 734.01 | 5662.20 | 624.84 | 3124.20 | 8705.17 | 5782.40
382 | 0.09 | 5655.77 | 1370.20 | 5532.45 | 440.37 | 2201.86 | 7694.68 | 5711.88
355 | 0.10 | 5622.37 | 1828.22 | 5439.55 | 492.21 | 2461.04 | 7851.37 | 5699.25
370 | 0.14 | 5716.64 | 2382.82 | 5383.04 | 677.73 | 3388.64 | 8676.80 | 5767.45
365 | 0.06 | 5630.08 | 3125.83 | 5442.53 | 294.92 | 1474.60 | 6899.44 | 5674.19
357 | 0.09 | 5601.54 | 3458.80 | 5290.25 | 444.63 | 2223.17 | 7473.41 | 5678.97
356 | 0.07 | 5543.91 | 3932.43 | 5268.64 | 349.42 | 1747.11 | 6991.29 | 5622.10
379 | 0.06 | 5591.47 | 4410.35 | 5326.85 | 296.96 | 1484.79 | 6793.81 | 5645.75
390 | 0.06 | 5522.21 | 4714.44 | 5239.35 | 300.68 | 1503.41 | 6724.71 | 5595.12
359 | 0.12 | 5672.44 | 5037.36 | 5067.96 | 585.44 | 2927.18 | 7924.89 | 5738.63
388 | 0.14 | 6393.29 | 5634.89 | 5604.41 | 606.00 | 3029.99 | 8549.56 | 6085.46
396 | 0.15 | 2266.84 | 6318.48 | 1319.06 | 1831.22 | 9156.08 | 10200.46 | 7846.67
372 | 0.09 | 5594.91 | 8229.99 | 4854.21 | 445.16 | 2225.81 | 7039.95 | 5674.97
367 | 0.11 | 5648.51 | 8736.31 | 4687.51 | 538.92 | 2694.62 | 7322.85 | 5720.54
381 | 0.13 | 5694.71 | 9335.15 | 4481.14 | 631.74 | 3158.71 | 7557.72 | 5754.01
362 | 0.13 | 6955.57 | 10024.89 | 5652.33 | 517.22 | 2586.12 | 8171.21 | 6442.28
376 | 0.11 | 5648.86 | 10566.55 | 4486.54 | 538.89 | 2694.45 | 7121.71 | 5720.73
375 | 0.13 | 5763.22 | 11142.85 | 4314.65 | 624.23 | 3121.16 | 7354.66 | 5784.97
369 | 0.07 | 5591.63 | 11769.18 | 4767.79 | 346.44 | 1732.20 | 6475.74 | 5654.91
371 | 0.10 | 5630.94 | 12165.58 | 4414.39 | 491.46 | 2457.29 | 6822.53 | 5704.07
361 | 0.14 | 5716.90 | 12710.76 | 3937.40 | 677.70 | 3388.48 | 7231.00 | 5767.56
368 | 0.05 | 5634.07 | 13413.52 | 4963.39 | 245.59 | 1227.97 | 6179.08 | 5669.95
393 | 0.11 | 5660.55 | 13765.08 | 4146.39 | 537.78 | 2688.89 | 6776.12 | 5726.85
373 | 0.05 | 6299.31 | 14402.35 | 5579.19 | 219.66 | 1098.29 | 6666.50 | 6205.51
358 | 0.10 | 5621.41 | 14759.33 | 4145.48 | 492.29 | 2461.46 | 6557.71 | 5698.71
366 | 0.06 | 5642.36 | 15335.97 | 4722.21 | 294.28 | 1471.39 | 6175.94 | 5683.26
394 | 0.13 | 5694.28 | 15659.64 | 3658.53 | 631.79 | 3158.95 | 6735.34 | 5753.82
377 | 0.10 | 5632.34 | 16331.01 | 3999.24 | 491.34 | 2456.68 | 6406.79 | 5704.86
374 | 0.13 | 6611.38 | 16856.11 | 4420.09 | 544.15 | 2720.75 | 7070.10 | 6232.72
378 | 0.08 | 5576.96 | 17404.25 | 4184.62 | 396.97 | 1984.86 | 6137.72 | 5654.49
387 | 0.13 | 5694.76 | 17835.74 | 3376.11 | 631.74 | 3158.69 | 6452.67 | 5754.03
391 | 0.09 | 5621.52 | 18483.50 | 3958.00 | 443.05 | 2215.27 | 6133.40 | 5691.04
363 | 0.09 | 5597.09 | 18970.06 | 3889.79 | 444.99 | 2224.94 | 6074.68 | 5676.28
380 | 0.14 | 5836.56 | 19426.21 | 3116.89 | 663.80 | 3319.02 | 6342.97 | 5817.75
389 | 0.11 | 5647.75 | 20173.74 | 3428.64 | 539.00 | 2694.98 | 6064.33 | 5720.15
383 | 0.09 | 5598.88 | 20783.92 | 3728.32 | 444.85 | 2224.23 | 5912.52 | 5677.36
385 | 0.08 | 5641.84 | 21257.25 | 3941.26 | 392.41 | 1962.04 | 5871.91 | 5696.55
364 | 0.09 | 5607.53 | 21672.59 | 3656.99 | 444.16 | 2220.80 | 5837.82 | 5682.58
360 | 0.13 | 5696.45 | 22142.47 | 2817.93 | 631.55 | 3157.75 | 5893.57 | 5754.78
392 | 0.07 | 5549.18 | 22784.37 | 3954.28 | 349.09 | 1745.45 | 5675.29 | 5625.72
[91m395 | 0.15 | 1903.96 | -1672.28[00m
Vehicle 10
Charging tour: 
415  -> 404  -> 418  -> 433  -> 397  -> 432  -> 414  -> 427  -> 402  -> 411  -> 400  -> 425  -> 412  -> 434  -> 423  -> 420  -> 431  -> 399  -> 435  -> 408  -> 430  -> 410  -> 422  -> 398  -> 428  -> 407  -> 413  -> 405  -> 421  -> 406  -> 403  -> 424  -> 429  -> 409  -> 426  -> 401  -> 419  -> 417  -> 416  -> 
Charging time: 
617.4948157121037  + 587.1570722398405  + 430.3314086018988  + 426.35316706755094  + 686.6465019228157  + 621.4753366754037  + 686.6106038610399  + 369.6708547887659  + 534.923728183062  + 432.0902550849355  + 315.63559806262316  + 757.3405219478553  + 377.51494744064394  + 483.58807185176613  + 483.0160763970327  + 763.5999426378156  + 535.0089770675162  + 378.2660163718733  + 534.5818395017872  + 585.8187903013211  + 431.7105716769281  + 533.9583393209288  + 726.5157524978976  + 482.2757535550125  + 686.6149938917555  + 484.31940010235013  + 586.0424881622143  + 535.5414300122188  + 586.5454083590698  + 686.6646647877691  + 356.06011460194105  + 366.1843569248029  + 536.3335631488088  + 683.1176399267432  + 627.0472178480615  + 374.3961232384002  + 753.4853058908761  + 430.199051260686  + 782.1323688402603  + 
total node:39/39
-------------------
Traveling energy: 1718.6546511781405
Charging energy: 106281.34534882187
Total energy used: 108000.0
-------------------
Total time for travel: 1718.6546511781405
Total time for charging: 21256.269069764374
Charging round duration: 22974.923720942516
-------------------
ID | p | E0 | time_arrive | E_remain | time_charge | energy_charge| E_after_charge | E_after_cycle
415 | 0.11 | 6624.09 | 24.05 | 6621.44 | 617.49 | 3087.47 | 9640.99 | 7088.98
404 | 0.10 | 6333.04 | 734.44 | 6259.60 | 587.16 | 2935.79 | 9136.67 | 6884.66
418 | 0.07 | 6048.70 | 1340.43 | 5954.87 | 430.33 | 2151.66 | 8076.40 | 6531.44
433 | 0.07 | 6105.14 | 1797.62 | 5979.30 | 426.35 | 2131.77 | 8081.22 | 6567.99
397 | 0.12 | 6498.52 | 2292.35 | 6223.44 | 686.65 | 3433.23 | 9574.28 | 7070.76
432 | 0.12 | 7179.99 | 3059.00 | 6812.91 | 621.48 | 3107.38 | 9845.71 | 7426.37
414 | 0.12 | 6498.86 | 3745.02 | 6049.46 | 686.61 | 3433.05 | 9400.12 | 7070.92
427 | 0.06 | 6035.35 | 4593.67 | 5759.73 | 369.67 | 1848.35 | 7585.91 | 6453.21
402 | 0.09 | 6256.30 | 4999.38 | 5806.35 | 534.92 | 2674.62 | 8432.83 | 6785.17
411 | 0.07 | 6024.07 | 5562.97 | 5634.67 | 432.09 | 2160.45 | 7764.87 | 6515.61
400 | 0.05 | 5890.48 | 6007.27 | 5590.12 | 315.64 | 1578.18 | 7152.51 | 6276.58
425 | 0.14 | 6873.91 | 6370.97 | 5981.97 | 757.34 | 3786.70 | 9662.64 | 7322.78
412 | 0.06 | 5909.95 | 7151.34 | 5480.87 | 377.51 | 1887.57 | 7345.79 | 6367.03
434 | 0.08 | 6151.50 | 7555.19 | 5547.09 | 483.59 | 2417.94 | 7926.34 | 6662.11
423 | 0.08 | 6158.79 | 8041.56 | 5515.46 | 483.02 | 2415.08 | 7891.90 | 6666.54
420 | 0.16 | 7791.50 | 8619.84 | 6412.32 | 763.60 | 3818.00 | 10108.15 | 7794.83
431 | 0.09 | 6255.30 | 9390.58 | 5410.15 | 535.01 | 2675.04 | 8037.04 | 6784.60
399 | 0.06 | 5898.22 | 9948.75 | 5301.29 | 378.27 | 1891.33 | 7169.92 | 6359.05
435 | 0.09 | 6260.30 | 10351.40 | 5328.67 | 534.58 | 2672.91 | 7953.47 | 6787.46
408 | 0.10 | 6347.51 | 10945.64 | 5252.95 | 585.82 | 2929.09 | 8123.46 | 6892.44
430 | 0.07 | 6029.37 | 11583.88 | 5218.50 | 431.71 | 2158.55 | 7346.83 | 6519.01
410 | 0.09 | 6267.61 | 12043.80 | 5183.67 | 533.96 | 2669.79 | 7805.40 | 6791.65
422 | 0.13 | 6653.73 | 12602.53 | 5015.40 | 726.52 | 3632.58 | 8553.53 | 7186.89
398 | 0.08 | 6168.24 | 13432.80 | 5093.62 | 482.28 | 2411.38 | 7466.41 | 6672.29
428 | 0.12 | 6498.82 | 13963.89 | 4823.16 | 686.61 | 3433.07 | 8173.84 | 7070.90
407 | 0.08 | 6142.21 | 14682.45 | 4967.62 | 484.32 | 2421.60 | 7350.47 | 6656.48
413 | 0.10 | 6345.09 | 15233.83 | 4821.70 | 586.04 | 2930.21 | 7693.31 | 6891.14
405 | 0.09 | 6249.08 | 15866.24 | 4821.12 | 535.54 | 2677.71 | 7450.63 | 6781.04
421 | 0.10 | 6339.65 | 16421.41 | 4697.51 | 586.55 | 2932.73 | 7571.58 | 6888.21
406 | 0.12 | 6498.35 | 17016.67 | 4456.35 | 686.66 | 3433.32 | 7807.28 | 7070.68
403 | 0.06 | 6266.06 | 17739.91 | 5201.67 | 356.06 | 1780.30 | 6960.60 | 6615.86
424 | 0.06 | 6092.82 | 18127.74 | 5005.15 | 366.18 | 1830.92 | 6814.10 | 6493.24
429 | 0.09 | 6239.85 | 18514.42 | 4573.55 | 536.33 | 2681.67 | 7206.95 | 6775.77
409 | 0.12 | 6532.09 | 19073.55 | 4243.27 | 683.12 | 3415.59 | 7576.88 | 7086.69
426 | 0.12 | 7116.19 | 19822.31 | 4737.52 | 627.05 | 3135.24 | 7797.51 | 7390.43
401 | 0.06 | 5959.18 | 20468.00 | 4731.10 | 374.40 | 1871.98 | 6580.62 | 6400.66
419 | 0.15 | 7402.58 | 20866.46 | 4272.61 | 753.49 | 3767.43 | 7927.02 | 7593.76
417 | 0.07 | 6050.56 | 21647.67 | 4535.22 | 430.20 | 2151.00 | 6656.10 | 6532.64
416 | 0.14 | 6656.02 | 22089.73 | 3563.46 | 782.13 | 3910.66 | 7364.62 | 7228.85
Vehicle 11
Charging tour: 
445  -> 442  -> 443  -> 467  -> 451  -> 448  -> 458  -> 441  -> 469  -> 459  -> 447  -> 444  -> 454  -> 436  -> 438  -> 437  -> 460  -> 450  -> 462  -> 452  -> 440  -> 470  -> 446  -> 456  -> 439  -> 466  -> 449  -> 453  -> 463  -> 465  -> 455  -> 457  -> 471  -> 464  -> 473  -> 461  -> 472  -> 468  -> 
Charging time: 
490.6321984791427  + 677.9633960994221  + 284.32137069131704  + 325.20150809466656  + 555.7931621031029  + 432.6845338520333  + 345.3237548295634  + 307.8027926996561  + 312.19423181648807  + 356.466277169154  + 338.580421621033  + 468.2018557727978  + 612.4288454951369  + 292.62879772074587  + 406.79920758595085  + 478.2379482600513  + 297.35933322425535  + 363.8418975110397  + 357.2928684524328  + 738.0597548992318  + 278.6506645639894  + 373.5821648651673  + 462.960706065072  + 332.3208240465975  + 405.53856589517204  + 678.8348455127204  + 457.0139432657386  + 581.5119524253483  + 543.5753005279114  + 457.77110513857514  + 859.2848127665612  + 504.58296151820747  + 448.56855964181443  + 602.0495769010073  + 662.8331264334229  + 620.2646608364317  + 535.4531232547874  + 437.9586821993413  + 
total node:38/38
-------------------
Traveling energy: 2390.3863645557512
Charging energy: 88422.84866117545
Total energy used: 90813.2350257312
-------------------
Total time for travel: 2390.3863645557512
Total time for charging: 17684.56973223509
Charging round duration: 20074.95609679084
-------------------
ID | p | E0 | time_arrive | E_remain | time_charge | energy_charge| E_after_charge | E_after_cycle
445 | 0.12 | 8425.52 | 165.04 | 8405.71 | 490.63 | 2453.16 | 10800.00 | 8017.68
442 | 0.15 | 7631.18 | 795.38 | 7511.88 | 677.96 | 3389.82 | 10800.00 | 7444.76
443 | 0.05 | 9412.97 | 1557.54 | 9335.09 | 284.32 | 1421.61 | 10742.48 | 9642.49
467 | 0.16 | 9529.96 | 1899.59 | 9226.02 | 325.20 | 1626.01 | 10800.00 | 7341.30
451 | 0.14 | 8416.94 | 2272.13 | 8098.85 | 555.79 | 2778.97 | 10800.00 | 7858.08
448 | 0.10 | 8966.18 | 2863.36 | 8679.85 | 432.68 | 2163.42 | 10800.00 | 8745.44
458 | 0.06 | 9295.89 | 3363.23 | 9094.10 | 345.32 | 1726.62 | 10800.00 | 9592.01
441 | 0.06 | 9504.71 | 3754.33 | 9279.45 | 307.80 | 1539.01 | 10800.00 | 9613.23
469 | 0.14 | 9858.00 | 4109.05 | 9282.74 | 312.19 | 1560.97 | 10800.00 | 8081.15
459 | 0.10 | 9504.95 | 4516.34 | 9053.32 | 356.47 | 1782.33 | 10800.00 | 8903.12
447 | 0.07 | 9472.93 | 4887.66 | 9130.80 | 338.58 | 1692.90 | 10800.00 | 9496.92
444 | 0.09 | 8975.00 | 5265.18 | 8501.13 | 468.20 | 2341.01 | 10800.00 | 9170.26
454 | 0.14 | 8644.10 | 5860.72 | 7823.60 | 612.43 | 3062.14 | 10800.00 | 8368.41
436 | 0.05 | 9145.74 | 6518.46 | 8819.82 | 292.63 | 1463.14 | 10268.33 | 9416.81
438 | 0.07 | 9210.52 | 6864.21 | 8730.02 | 406.80 | 2034.00 | 10735.54 | 9575.60
437 | 0.08 | 8953.90 | 7299.10 | 8369.97 | 478.24 | 2391.19 | 10722.90 | 9437.76
460 | 0.05 | 9000.25 | 7816.43 | 8609.43 | 297.36 | 1486.80 | 10081.36 | 9294.96
450 | 0.07 | 9580.67 | 8205.82 | 9006.26 | 363.84 | 1819.21 | 10800.00 | 9730.96
462 | 0.08 | 9736.61 | 8681.17 | 9042.12 | 357.29 | 1786.46 | 10800.00 | 9615.75
452 | 0.14 | 8491.31 | 9130.54 | 7213.03 | 738.06 | 3690.30 | 10800.00 | 8843.77
440 | 0.05 | 9604.53 | 9898.08 | 9109.62 | 278.65 | 1393.25 | 10488.95 | 9805.70
470 | 0.09 | 9882.94 | 10191.44 | 8965.71 | 373.58 | 1867.91 | 10800.00 | 9605.10
446 | 0.08 | 9249.37 | 10617.73 | 8399.95 | 462.96 | 2314.80 | 10677.71 | 9656.84
456 | 0.06 | 9664.06 | 11127.32 | 8996.43 | 332.32 | 1661.60 | 10638.09 | 9895.17
439 | 0.07 | 9239.15 | 11470.98 | 8436.18 | 405.54 | 2027.69 | 10435.49 | 9597.93
466 | 0.16 | 9419.54 | 11906.90 | 7514.44 | 678.83 | 3394.17 | 10800.00 | 8999.06
449 | 0.08 | 9369.72 | 12598.37 | 8361.85 | 457.01 | 2285.07 | 10610.36 | 9747.46
453 | 0.10 | 9204.65 | 13116.81 | 7892.97 | 581.51 | 2907.56 | 10742.38 | 9728.05
463 | 0.10 | 9511.60 | 13751.17 | 8136.48 | 543.58 | 2717.88 | 10800.00 | 9845.31
465 | 0.09 | 9848.61 | 14402.90 | 8552.34 | 457.77 | 2288.86 | 10800.00 | 9991.71
455 | 0.14 | 8718.31 | 14960.21 | 6623.88 | 859.28 | 4296.42 | 10800.00 | 9676.90
457 | 0.09 | 9547.20 | 15836.45 | 8121.92 | 504.58 | 2522.91 | 10599.42 | 9924.37
471 | 0.08 | 9546.13 | 16441.22 | 8230.83 | 448.57 | 2242.84 | 10437.79 | 9881.64
464 | 0.11 | 9715.85 | 16907.90 | 7855.98 | 602.05 | 3010.25 | 10800.00 | 10103.51
473 | 0.12 | 9673.03 | 17563.76 | 7565.37 | 662.83 | 3314.17 | 10800.00 | 10126.19
461 | 0.11 | 9492.53 | 18311.13 | 7478.30 | 620.26 | 3101.32 | 10511.40 | 9971.27
472 | 0.10 | 9996.42 | 18952.50 | 8101.17 | 535.45 | 2677.27 | 10724.89 | 10289.53
468 | 0.08 | 9777.39 | 19511.50 | 8216.47 | 437.96 | 2189.79 | 10371.23 | 10059.85
Vehicle 12
Charging tour: 
497  -> 504  -> 477  -> 521  -> 508  -> 501  -> 493  -> 514  -> 499  -> 496  -> 520  -> 481  -> 505  -> 480  -> 502  -> 490  -> 492  -> 478  -> 483  -> 506  -> 474  -> 509  -> 519  -> 475  -> 517  -> 495  -> 479  -> 512  -> 500  -> 518  -> 482  -> 515  -> 503  -> 513  -> 487  -> 484  -> 498  -> 510  -> 488  -> 486  -> 476  -> 511  -> 489  -> 516  -> 507  -> 
Charging time: 
564.9906867361923  + 377.1204003256833  + 520.3530375845837  + 1971.4181223304777  + 223.1592473426168  + 492.2080543849056  + 427.35735647797975  + 521.10061758722  + 329.70882240661524  + 325.5432964358349  + 1424.901947679394  + 627.1366784800659  + 282.50776715302504  + 190.67825737957827  + 520.5879303925642  + 246.94811221099152  + 417.6248563497276  + 626.541326802476  + 235.7719746757181  + 521.4196357258827  + 598.6169217410862  + 236.91109848561914  + 629.970152834424  + 377.7679820891039  + 561.3146833114326  + 425.321492975046  + 485.33782963169784  + 376.3166695906775  + 380.09159940400167  + 450.6925305415291  + 426.03312985829024  + 531.4412563629847  + 200.33813590613894  + 426.3184157872167  + 232.86810722002159  + 281.931331898017  + 290.77911135660804  + 290.0251191205141  + 471.0358677251724  + 378.4361306957724  + 333.4977650247949  + 247.11341750949785  + 334.45334587105333  + 520.4601623461413  + 450.6915548976666  + 
total node:45/48
-------------------
Traveling energy: 2571.6535701416483
Charging energy: 103924.20970323027
Total energy used: 106495.86327337191
-------------------
Total time for travel: 2571.6535701416483
Total time for charging: 20784.841940646053
Charging round duration: 23356.4955107877
-------------------
ID | p | E0 | time_arrive | E_remain | time_charge | energy_charge| E_after_charge | E_after_cycle
497 | 0.13 | 4850.41 | 94.08 | 4838.18 | 564.99 | 2824.95 | 7589.68 | 4575.95
504 | 0.09 | 5030.82 | 697.39 | 4968.05 | 377.12 | 1885.60 | 6819.72 | 4770.67
477 | 0.12 | 4861.38 | 1216.71 | 4715.37 | 520.35 | 2601.77 | 7254.70 | 4602.15
521 | 0.17 | 1577.14 | 1759.34 | 1278.05 | 1971.42 | 9857.09 | 10800.00 | 7381.15
508 | 0.06 | 5667.78 | 3763.05 | 5441.99 | 223.16 | 1115.80 | 6544.40 | 5353.07
501 | 0.11 | 4711.08 | 4021.23 | 4268.74 | 492.21 | 2461.04 | 6675.64 | 4549.54
493 | 0.10 | 4932.70 | 4574.32 | 4475.27 | 427.36 | 2136.79 | 6569.32 | 4685.33
514 | 0.12 | 4854.40 | 5053.42 | 4247.99 | 521.10 | 2605.50 | 6790.97 | 4598.91
499 | 0.08 | 5114.88 | 5581.31 | 4668.38 | 329.71 | 1648.54 | 6290.55 | 4856.10
496 | 0.08 | 5180.33 | 5969.50 | 4702.77 | 325.54 | 1627.72 | 6304.44 | 4900.72
520 | 0.13 | 1923.25 | 6322.33 | 1101.34 | 1424.90 | 7124.51 | 8040.62 | 5948.34
481 | 0.15 | 5042.03 | 7764.75 | 3877.32 | 627.14 | 3135.68 | 6918.93 | 4601.47
505 | 0.07 | 5223.29 | 8398.48 | 4635.39 | 282.51 | 1412.54 | 6028.16 | 4966.91
480 | 0.05 | 5527.71 | 8720.72 | 5091.67 | 190.68 | 953.39 | 6035.53 | 5289.02
502 | 0.12 | 4859.19 | 8989.36 | 3780.46 | 520.59 | 2602.94 | 6320.93 | 4601.13
490 | 0.06 | 5121.79 | 9560.53 | 4548.16 | 246.95 | 1234.74 | 5768.08 | 4926.03
492 | 0.09 | 4542.89 | 9854.94 | 3655.95 | 417.62 | 2088.12 | 5706.49 | 4485.27
478 | 0.16 | 5383.28 | 10306.37 | 3734.26 | 626.54 | 3132.71 | 6766.72 | 4701.32
483 | 0.06 | 5364.58 | 10972.30 | 4706.24 | 235.77 | 1178.86 | 5870.95 | 5112.94
506 | 0.13 | 5255.72 | 11212.99 | 3798.03 | 521.42 | 2607.10 | 6337.35 | 4763.41
474 | 0.14 | 4930.10 | 11868.54 | 3268.50 | 598.62 | 2993.08 | 6177.78 | 4585.35
509 | 0.06 | 5338.78 | 12568.99 | 4584.64 | 236.91 | 1184.56 | 5754.98 | 5092.84
519 | 0.09 | 3011.61 | 12861.03 | 1854.12 | 629.97 | 3149.85 | 4947.27 | 4015.71
475 | 0.09 | 5022.20 | 13509.71 | 3806.32 | 377.77 | 1888.84 | 5661.16 | 4765.29
517 | 0.13 | 4882.17 | 13973.03 | 3065.68 | 561.31 | 2806.57 | 5799.28 | 4589.33
495 | 0.10 | 4956.32 | 14613.52 | 3494.96 | 425.32 | 2126.61 | 5579.04 | 4698.76
479 | 0.12 | 5212.11 | 15117.31 | 3398.03 | 485.34 | 2426.69 | 5766.48 | 4777.80
512 | 0.09 | 5041.56 | 15727.04 | 3626.13 | 376.32 | 1881.58 | 5473.85 | 4777.40
500 | 0.09 | 4991.49 | 16215.94 | 3532.06 | 380.09 | 1900.46 | 5398.31 | 4746.20
518 | 0.09 | 4209.58 | 16652.50 | 2710.85 | 450.69 | 2253.46 | 4923.75 | 4317.29
482 | 0.10 | 4948.04 | 17123.43 | 3235.69 | 426.03 | 2130.17 | 5323.26 | 4694.04
515 | 0.14 | 5553.27 | 17618.09 | 3086.74 | 531.44 | 2657.21 | 5669.55 | 4872.65
503 | 0.05 | 5261.17 | 18217.50 | 4350.30 | 200.34 | 1001.69 | 5341.97 | 5070.78
513 | 0.10 | 4944.73 | 18473.47 | 3097.38 | 426.32 | 2131.59 | 5186.34 | 4692.15
487 | 0.06 | 5431.47 | 18938.29 | 4295.17 | 232.87 | 1164.34 | 5445.54 | 5165.31
484 | 0.07 | 5233.97 | 19202.90 | 3889.76 | 281.93 | 1409.66 | 5279.69 | 4974.71
498 | 0.07 | 5074.71 | 19554.32 | 3705.91 | 290.78 | 1453.90 | 5139.45 | 4859.69
510 | 0.07 | 5087.90 | 19877.49 | 3696.48 | 290.03 | 1450.13 | 5126.30 | 4869.11
488 | 0.13 | 5817.89 | 20191.28 | 3193.03 | 471.04 | 2355.18 | 5486.97 | 5073.66
486 | 0.09 | 5013.33 | 20731.83 | 3147.46 | 378.44 | 1892.18 | 5005.59 | 4759.76
476 | 0.08 | 5056.77 | 21127.94 | 3366.54 | 333.50 | 1667.49 | 5007.35 | 4816.93
511 | 0.06 | 5118.36 | 21531.01 | 3826.50 | 247.11 | 1235.57 | 5047.24 | 4923.43
489 | 0.08 | 5042.32 | 21853.65 | 3294.03 | 334.45 | 1672.27 | 4939.54 | 4807.26
516 | 0.12 | 4860.38 | 22222.92 | 2193.63 | 520.46 | 2602.30 | 4733.47 | 4601.68
507 | 0.09 | 4209.59 | 22780.31 | 2159.36 | 450.69 | 2253.46 | 4372.25 | 4317.30
485 | 0.14 | 5308.54 | 1970.71
491 | 0.14 | 5745.44 | 2407.61
494 | 0.13 | 4827.47 | 1728.06
Vehicle 13
Charging tour: 
530  -> 532  -> 531  -> 534  -> 528  -> 529  -> 542  -> 546  -> 524  -> 533  -> 537  -> 543  -> 552  -> 525  -> 523  -> 522  -> 545  -> 526  -> 527  -> 541  -> 538  -> 548  -> 535  -> 540  -> 547  -> 544  -> 549  -> 553  -> 539  -> 551  -> 536  -> 550  -> 
Charging time: 
508.2262754323556  + 340.4397366006119  + 397.14355790280985  + 412.27414135817395  + 497.4513464411231  + 676.3911875467741  + 272.9950677626106  + 278.882185256477  + 646.3829145794243  + 490.0994993376483  + 252.80354420310906  + 225.96419190783826  + 261.83205168239834  + 457.3230348884353  + 543.2178645216148  + 562.9592305403912  + 581.3133095207253  + 738.3871754879882  + 865.3338930536927  + 494.6217286413549  + 317.94229410658477  + 445.54876781697  + 398.0105168097138  + 487.636086242591  + 337.1180032275601  + 419.5561642671085  + 384.83924413890014  + 311.58964033036216  + 294.61537820796366  + 288.3436560422483  + 375.89846619538974  + 507.7221282142636  + 
total node:32/32
-------------------
Traveling energy: 1912.0312152657957
Charging energy: 70364.31141132607
Total energy used: 72276.34262659187
-------------------
Total time for travel: 1912.0312152657957
Total time for charging: 14072.862282265214
Charging round duration: 15984.89349753101
-------------------
ID | p | E0 | time_arrive | E_remain | time_charge | energy_charge| E_after_charge | E_after_cycle
530 | 0.13 | 8350.53 | 196.88 | 8324.94 | 508.23 | 2541.13 | 10800.00 | 7792.25
532 | 0.09 | 9200.18 | 797.11 | 9128.44 | 340.44 | 1702.20 | 10800.00 | 8756.63
531 | 0.10 | 8974.36 | 1203.61 | 8854.00 | 397.14 | 1985.72 | 10800.00 | 8575.91
534 | 0.11 | 8966.90 | 1662.91 | 8783.98 | 412.27 | 2061.37 | 10800.00 | 8405.69
528 | 0.11 | 8598.20 | 2097.57 | 8367.46 | 497.45 | 2487.26 | 10800.00 | 8462.87
529 | 0.15 | 7913.15 | 2624.34 | 7519.50 | 676.39 | 3381.96 | 10800.00 | 7718.86
542 | 0.08 | 9723.85 | 3337.38 | 9456.86 | 273.00 | 1364.98 | 10800.00 | 9181.50
546 | 0.09 | 9756.83 | 3623.83 | 9430.69 | 278.88 | 1394.41 | 10800.00 | 9005.50
524 | 0.12 | 8116.08 | 3920.25 | 7645.65 | 646.38 | 3231.91 | 10800.00 | 8487.00
533 | 0.11 | 8910.79 | 4612.47 | 8403.41 | 490.10 | 2450.50 | 10800.00 | 8738.70
537 | 0.06 | 9861.48 | 5172.22 | 9551.15 | 252.80 | 1264.02 | 10800.00 | 9695.00
543 | 0.06 | 10013.93 | 5503.28 | 9683.74 | 225.96 | 1129.82 | 10800.00 | 9713.26
552 | 0.09 | 10039.12 | 5830.21 | 9514.40 | 261.83 | 1309.16 | 10800.00 | 9202.54
525 | 0.08 | 9044.18 | 6177.63 | 8549.97 | 457.32 | 2286.62 | 10800.00 | 9423.46
523 | 0.09 | 8732.60 | 6664.42 | 8132.80 | 543.22 | 2716.09 | 10800.00 | 9302.94
522 | 0.09 | 8695.82 | 7332.79 | 8035.87 | 562.96 | 2814.80 | 10800.00 | 9364.87
545 | 0.14 | 9098.45 | 8025.94 | 7974.82 | 581.31 | 2906.57 | 10800.00 | 8667.19
526 | 0.12 | 8238.87 | 8685.00 | 7196.67 | 738.39 | 3691.94 | 10800.00 | 9069.81
527 | 0.14 | 7921.53 | 9478.92 | 6594.48 | 865.33 | 4326.67 | 10800.00 | 8910.37
541 | 0.10 | 9414.52 | 10381.65 | 8376.35 | 494.62 | 2473.11 | 10800.00 | 9503.46
538 | 0.06 | 9882.91 | 10892.49 | 9229.37 | 317.94 | 1589.71 | 10800.00 | 10042.13
548 | 0.10 | 9740.14 | 11233.25 | 8616.81 | 445.55 | 2227.74 | 10800.00 | 9583.72
535 | 0.07 | 9656.75 | 11699.19 | 8837.81 | 398.01 | 1990.05 | 10800.00 | 9977.89
540 | 0.09 | 9497.55 | 12131.63 | 8405.71 | 487.64 | 2438.18 | 10800.00 | 9789.99
547 | 0.07 | 10022.91 | 12641.42 | 9138.01 | 337.12 | 1685.59 | 10800.00 | 10039.58
544 | 0.08 | 9778.45 | 13033.27 | 8735.78 | 419.56 | 2097.78 | 10800.00 | 9968.90
549 | 0.08 | 9985.41 | 13485.26 | 8906.59 | 384.84 | 1924.20 | 10800.00 | 10002.28
553 | 0.07 | 10238.55 | 13924.11 | 9263.86 | 311.59 | 1557.95 | 10800.00 | 10127.58
539 | 0.05 | 10054.88 | 14264.62 | 9341.65 | 294.62 | 1473.08 | 10800.00 | 10335.88
551 | 0.06 | 10251.82 | 14603.88 | 9375.58 | 288.34 | 1441.72 | 10800.00 | 10263.04
536 | 0.06 | 9837.72 | 14911.00 | 8943.06 | 375.90 | 1879.49 | 10800.00 | 10286.72
550 | 0.10 | 9842.81 | 15306.45 | 8312.16 | 507.72 | 2538.61 | 10800.00 | 9997.25
Vehicle 14
Charging tour: 
556  -> 587  -> 566  -> 565  -> 572  -> 568  -> 555  -> 570  -> 590  -> 559  -> 585  -> 569  -> 578  -> 560  -> 592  -> 567  -> 561  -> 577  -> 571  -> 562  -> 582  -> 593  -> 581  -> 558  -> 579  -> 554  -> 574  -> 576  -> 564  -> 588  -> 589  -> 583  -> 563  -> 557  -> 591  -> 586  -> 575  -> 580  -> 584  -> 573  -> 
Charging time: 
334.738967954547  + 327.02567805275754  + 344.19043299666777  + 319.40967722755784  + 435.3895539672495  + 283.2039725872721  + 284.60066912170464  + 379.73314955939895  + 393.3178796088221  + 375.4013178034819  + 322.46985392101504  + 512.8896157451011  + 497.84672765163276  + 693.4601592881546  + 429.48499588783943  + 445.3833702669937  + 335.30298024897417  + 425.2631786323422  + 372.9825667991449  + 280.01622862931623  + 329.98652801461515  + 430.4017025557761  + 285.9201625632785  + 902.6610255120978  + 615.0314550531649  + 383.767348652395  + 473.02588083461404  + 380.6451481198739  + 330.63043994360976  + 573.8174880195276  + 554.6966934948362  + 421.0183221966575  + 380.9102159305661  + 332.160475367202  + 691.6490447994984  + 812.1293152424265  + 846.970069471513  + 640.5155375149695  + 632.9275431577655  + 728.6138350545145  + 
total node:40/40
-------------------
Traveling energy: 2353.5310870213457
Charging energy: 92697.94603724439
Total energy used: 95051.47712426573
-------------------
Total time for travel: 2353.5310870213457
Total time for charging: 18539.589207448877
Charging round duration: 20893.120294470224
-------------------
ID | p | E0 | time_arrive | E_remain | time_charge | energy_charge| E_after_charge | E_after_cycle
556 | 0.06 | 9002.02 | 131.85 | 8994.11 | 334.74 | 1673.69 | 10647.72 | 9245.22
587 | 0.07 | 9223.21 | 506.37 | 9187.76 | 327.03 | 1635.13 | 10800.00 | 9189.42
566 | 0.09 | 9187.72 | 863.30 | 9110.02 | 344.19 | 1720.95 | 10800.00 | 8762.93
565 | 0.08 | 9329.04 | 1256.64 | 9228.50 | 319.41 | 1597.05 | 10800.00 | 9018.75
572 | 0.13 | 8891.01 | 1625.82 | 8679.65 | 435.39 | 2176.95 | 10800.00 | 7968.54
568 | 0.05 | 8866.78 | 2107.81 | 8761.39 | 283.20 | 1416.02 | 10163.25 | 9090.71
555 | 0.05 | 8823.26 | 2487.62 | 8698.88 | 284.60 | 1423.00 | 10107.65 | 9054.18
570 | 0.10 | 9219.70 | 2803.95 | 8939.31 | 379.73 | 1898.67 | 10800.00 | 8734.20
590 | 0.16 | 9410.00 | 3210.39 | 8896.34 | 393.32 | 1966.59 | 10800.00 | 7561.93
559 | 0.07 | 9203.94 | 3638.16 | 8949.27 | 375.40 | 1877.01 | 10800.00 | 9412.03
585 | 0.07 | 9495.85 | 4080.42 | 9210.22 | 322.47 | 1612.35 | 10800.00 | 9439.29
569 | 0.12 | 8835.52 | 4486.81 | 8297.10 | 512.89 | 2564.45 | 10800.00 | 8538.97
578 | 0.15 | 9147.87 | 5082.84 | 8385.44 | 497.85 | 2489.23 | 10800.00 | 8060.86
560 | 0.13 | 8155.65 | 5636.90 | 7422.85 | 693.46 | 3467.30 | 10800.00 | 8523.53
592 | 0.12 | 9466.63 | 6354.30 | 8704.11 | 429.48 | 2147.42 | 10800.00 | 8753.06
567 | 0.09 | 9228.94 | 6841.94 | 8613.17 | 445.38 | 2226.92 | 10800.00 | 9310.11
561 | 0.06 | 8986.88 | 7352.65 | 8545.72 | 335.30 | 1676.51 | 10202.12 | 9232.90
577 | 0.10 | 9493.34 | 7771.27 | 8716.21 | 425.26 | 2126.32 | 10800.00 | 9235.49
571 | 0.07 | 9425.50 | 8243.58 | 8848.45 | 372.98 | 1864.91 | 10687.26 | 9621.50
562 | 0.05 | 8967.72 | 8672.11 | 8534.11 | 280.02 | 1400.08 | 9920.19 | 9175.72
582 | 0.06 | 9131.67 | 9048.35 | 8588.77 | 329.99 | 1649.93 | 10218.90 | 9351.10
593 | 0.08 | 9334.93 | 9427.81 | 8580.71 | 430.40 | 2152.01 | 10698.28 | 9579.61
581 | 0.05 | 8782.54 | 9871.43 | 8288.97 | 285.92 | 1429.60 | 9704.28 | 9020.06
558 | 0.14 | 7789.30 | 10190.20 | 6362.67 | 902.66 | 4513.31 | 10749.60 | 8964.78
579 | 0.14 | 9365.84 | 11106.37 | 7810.95 | 615.03 | 3075.16 | 10800.00 | 9103.17
554 | 0.07 | 9160.63 | 11749.74 | 8338.14 | 383.77 | 1918.84 | 10230.12 | 9410.55
574 | 0.09 | 9555.48 | 12212.21 | 8456.39 | 473.03 | 2365.13 | 10778.94 | 9774.87
576 | 0.07 | 9235.76 | 12710.93 | 8346.00 | 380.65 | 1903.23 | 10222.58 | 9470.08
564 | 0.06 | 9113.88 | 13133.92 | 8325.85 | 330.63 | 1653.15 | 9959.16 | 9336.54
588 | 0.12 | 9628.89 | 13576.00 | 7999.77 | 573.82 | 2869.09 | 10800.00 | 9636.98
589 | 0.11 | 9648.55 | 14191.04 | 8087.53 | 554.70 | 2773.48 | 10800.00 | 9799.45
583 | 0.08 | 9542.98 | 14786.06 | 8360.10 | 421.02 | 2105.09 | 10431.51 | 9740.74
563 | 0.07 | 9229.34 | 15315.96 | 8157.22 | 380.91 | 1904.55 | 10035.11 | 9464.97
557 | 0.06 | 9071.90 | 15764.71 | 8126.02 | 332.16 | 1660.80 | 9766.89 | 9302.21
591 | 0.15 | 9874.01 | 16190.08 | 7445.50 | 691.65 | 3458.25 | 10800.00 | 9756.01
586 | 0.17 | 9750.00 | 16897.58 | 6877.42 | 812.13 | 4060.65 | 10800.00 | 9757.57
575 | 0.15 | 8894.43 | 17768.26 | 6229.20 | 846.97 | 4234.85 | 10337.00 | 9553.04
580 | 0.12 | 9409.07 | 18649.97 | 7171.07 | 640.52 | 3202.58 | 10296.79 | 9750.65
584 | 0.12 | 9521.87 | 19357.97 | 7198.92 | 632.93 | 3164.64 | 10287.60 | 9825.51
573 | 0.13 | 8960.68 | 20035.06 | 6356.12 | 728.61 | 3643.07 | 9904.47 | 9504.34
Vehicle 15
Charging tour: 
627  -> 606  -> 618  -> 607  -> 605  -> 615  -> 597  -> 620  -> 630  -> 632  -> 608  -> 604  -> 611  -> 626  -> 595  -> 628  -> 624  -> 616  -> 629  -> 623  -> 602  -> 598  -> 601  -> 609  -> 621  -> 633  -> 596  -> 594  -> 613  -> 631  -> 603  -> 612  -> 600  -> 599  -> 619  -> 610  -> 622  -> 625  -> 617  -> 
Charging time: 
316.45357396027373  + 436.1400981221812  + 435.01345844467295  + 313.67199851515426  + 748.0605128205827  + 593.0320182886489  + 698.5493033399873  + 698.5867254478942  + 381.86542398595714  + 375.3921744651162  + 488.4029744687686  + 511.93634351013725  + 1297.6154200307844  + 645.8110533966908  + 427.5365387610871  + 539.7611722947064  + 434.23383997380216  + 487.8360933785751  + 488.7730870027211  + 375.3189337196099  + 593.2243788323939  + 435.5812220214441  + 611.585028851901  + 304.8687598748154  + 488.7338669381962  + 488.05919544662623  + 593.4897791301682  + 698.5128127782443  + 594.0815188399779  + 593.0516300824587  + 488.40501435259955  + 540.1169842269068  + 685.8411476242813  + 571.0690051408285  + 593.615372837541  + 541.0578163559649  + 602.7115571047278  + 591.5658267133884  + 485.9589668572123  + 
total node:39/40
-------------------
Traveling energy: 2022.3968603149006
Charging energy: 105977.60313968512
Total energy used: 108000.00000000001
-------------------
Total time for travel: 2022.3968603149006
Total time for charging: 21195.520627937025
Charging round duration: 23217.917488251926
-------------------
ID | p | E0 | time_arrive | E_remain | time_charge | energy_charge| E_after_charge | E_after_cycle
627 | 0.06 | 5410.32 | 83.98 | 5405.29 | 316.45 | 1582.27 | 6968.57 | 5562.09
606 | 0.08 | 5234.15 | 466.96 | 5196.79 | 436.14 | 2180.70 | 7342.60 | 5507.52
618 | 0.08 | 5247.70 | 927.64 | 5173.49 | 435.01 | 2175.07 | 7313.76 | 5515.44
607 | 0.06 | 5458.30 | 1383.25 | 5375.31 | 313.67 | 1568.36 | 6924.85 | 5596.16
605 | 0.14 | 5340.40 | 1709.41 | 5101.08 | 748.06 | 3740.30 | 8736.65 | 5742.87
615 | 0.11 | 5292.94 | 2520.85 | 5015.64 | 593.03 | 2965.16 | 7915.57 | 5635.52
597 | 0.13 | 5310.41 | 3161.60 | 4899.41 | 698.55 | 3492.75 | 8301.34 | 5703.75
620 | 0.13 | 5310.13 | 3888.80 | 4804.59 | 698.59 | 3492.93 | 8206.70 | 5703.65
630 | 0.07 | 5230.82 | 4621.36 | 4907.33 | 381.87 | 1909.33 | 6789.92 | 5471.23
632 | 0.07 | 5321.02 | 5010.33 | 4970.30 | 375.39 | 1876.96 | 6820.98 | 5529.07
608 | 0.09 | 5258.31 | 5412.47 | 4771.19 | 488.40 | 2442.01 | 7169.25 | 5554.58
604 | 0.15 | 8360.98 | 5933.73 | 7470.93 | 511.94 | 2559.68 | 9953.82 | 7344.42
611 | 0.24 | 5277.73 | 6489.72 | 3720.20 | 1297.62 | 6488.08 | 9896.85 | 6043.82
626 | 0.12 | 5302.22 | 7827.99 | 4362.86 | 645.81 | 3229.06 | 7514.42 | 5670.28
595 | 0.08 | 5339.48 | 8521.37 | 4657.77 | 427.54 | 2137.68 | 6761.25 | 5569.83
628 | 0.10 | 5286.65 | 8985.46 | 4388.10 | 539.76 | 2698.81 | 7032.93 | 5601.29
624 | 0.08 | 5257.13 | 9599.11 | 4489.20 | 434.23 | 2171.17 | 6625.63 | 5520.96
616 | 0.09 | 5264.42 | 10098.01 | 4355.60 | 487.84 | 2439.18 | 6750.88 | 5557.85
629 | 0.09 | 5254.33 | 10629.46 | 4297.68 | 488.77 | 2443.87 | 6697.55 | 5552.45
623 | 0.07 | 5322.06 | 11127.23 | 4543.15 | 375.32 | 1876.59 | 6393.48 | 5529.74
602 | 0.11 | 5291.22 | 11532.44 | 4022.65 | 593.22 | 2966.12 | 6923.52 | 5634.76
598 | 0.08 | 5240.86 | 12172.89 | 4267.03 | 435.58 | 2177.91 | 6410.09 | 5511.44
601 | 0.12 | 5598.95 | 12632.01 | 4083.11 | 611.59 | 3057.93 | 7067.64 | 5795.88
609 | 0.06 | 5615.91 | 13282.97 | 4818.94 | 304.87 | 1524.34 | 6324.99 | 5709.76
621 | 0.09 | 5254.75 | 13706.07 | 4021.21 | 488.73 | 2443.67 | 6420.89 | 5552.67
633 | 0.09 | 5262.02 | 14207.79 | 3983.31 | 488.06 | 2440.30 | 6379.69 | 5556.56
596 | 0.12 | 5769.66 | 14834.59 | 3989.51 | 593.49 | 2967.45 | 6885.74 | 5876.11
594 | 0.13 | 5310.69 | 15531.13 | 3291.64 | 698.51 | 3492.56 | 6693.40 | 5703.84
613 | 0.11 | 5283.59 | 16301.74 | 3490.39 | 594.08 | 2970.41 | 6395.45 | 5631.41
631 | 0.11 | 5292.76 | 16936.33 | 3429.77 | 593.05 | 2965.26 | 6329.79 | 5635.44
603 | 0.09 | 5258.29 | 17542.58 | 3679.46 | 488.41 | 2442.03 | 6077.53 | 5554.57
612 | 0.10 | 5283.17 | 18050.34 | 3478.13 | 540.12 | 2700.58 | 6124.71 | 5599.59
600 | 0.13 | 5408.81 | 18593.71 | 2991.63 | 685.84 | 3429.21 | 6331.68 | 5738.61
599 | 0.11 | 5496.50 | 19314.56 | 3371.90 | 571.07 | 2855.35 | 6164.43 | 5729.26
619 | 0.11 | 5287.73 | 19923.96 | 3096.10 | 593.62 | 2968.08 | 5998.88 | 5633.23
610 | 0.10 | 5273.98 | 20650.50 | 3208.93 | 541.06 | 2705.29 | 5860.11 | 5595.10
622 | 0.13 | 6154.83 | 21259.20 | 3391.13 | 602.71 | 3013.56 | 6326.34 | 6068.97
625 | 0.13 | 6270.79 | 21954.15 | 3416.75 | 591.57 | 2957.83 | 6297.68 | 6129.21
617 | 0.09 | 5284.76 | 22633.69 | 3247.73 | 485.96 | 2429.79 | 5633.78 | 5568.80
614 | 0.15 | 5329.47 | 1753.22
Vehicle 16
Charging tour: 
640  -> 636  -> 646  -> 639  -> 643  -> 634  -> 657  -> 635  -> 656  -> 645  -> 644  -> 638  -> 647  -> 637  -> 654  -> 651  -> 652  -> 648  -> 649  -> 642  -> 653  -> 641  -> 655  -> 650  -> 658  -> 659  -> 660  -> 
Charging time: 
585.643230037528  + 595.4859733185344  + 524.3697873869337  + 582.7064750085048  + 601.0728782780285  + 523.0966807608331  + 516.727456124848  + 508.82165280057916  + 587.9652572237999  + 548.6495248383726  + 517.8690330408441  + 615.8480074929637  + 582.6094078460692  + 635.414878537062  + 539.0734831811136  + 551.061720070407  + 538.3379527611361  + 577.1443203820951  + 664.925907618921  + 697.8924220834256  + 708.7251433180235  + 665.1220151339024  + 614.3945330784063  + 672.6031379509974  + 684.6706111124023  + 460.3579301333417  + 682.4229413559503  + 
total node:27/27
-------------------
Traveling energy: 1769.1369302450626
Charging energy: 79915.0618043751
Total energy used: 81684.19873462016
-------------------
Total time for travel: 1769.1369302450626
Total time for charging: 15983.01236087502
Charging round duration: 17752.149291120084
-------------------
ID | p | E0 | time_arrive | E_remain | time_charge | energy_charge| E_after_charge | E_after_cycle
640 | 0.06 | 7748.04 | 179.58 | 7737.27 | 585.64 | 2928.22 | 10630.34 | 9245.76
636 | 0.06 | 7619.97 | 797.43 | 7572.13 | 595.49 | 2977.43 | 10513.83 | 9166.90
646 | 0.05 | 7211.18 | 1434.54 | 7139.45 | 524.37 | 2621.85 | 9735.08 | 8640.94
639 | 0.06 | 7787.09 | 1986.12 | 7667.92 | 582.71 | 2913.53 | 10546.49 | 9270.12
643 | 0.07 | 8022.09 | 2648.25 | 7836.71 | 601.07 | 3005.36 | 10800.00 | 9358.54
634 | 0.05 | 7228.73 | 3373.31 | 7060.06 | 523.10 | 2615.48 | 9649.39 | 8652.13
657 | 0.09 | 8623.82 | 4010.57 | 8262.87 | 516.73 | 2583.64 | 10800.00 | 9061.71
635 | 0.05 | 7431.53 | 4568.31 | 7203.11 | 508.82 | 2544.11 | 9721.78 | 8783.56
656 | 0.08 | 8317.63 | 5130.27 | 7907.21 | 587.97 | 2939.83 | 10800.00 | 9350.13
645 | 0.09 | 8624.11 | 5755.30 | 8106.13 | 548.65 | 2743.25 | 10800.00 | 9221.61
644 | 0.10 | 8896.61 | 6341.65 | 8262.44 | 517.87 | 2589.35 | 10800.00 | 9101.79
638 | 0.08 | 8321.15 | 6889.05 | 7770.03 | 615.85 | 3079.24 | 10800.00 | 9493.06
647 | 0.09 | 8618.69 | 7547.81 | 7939.39 | 582.61 | 2913.05 | 10800.00 | 9385.99
637 | 0.08 | 8331.01 | 8215.70 | 7673.76 | 635.41 | 3177.07 | 10800.00 | 9600.76
654 | 0.11 | 9152.04 | 8982.80 | 8163.93 | 539.07 | 2695.37 | 10800.00 | 9224.83
651 | 0.11 | 9156.78 | 9558.88 | 8105.31 | 551.06 | 2755.31 | 10800.00 | 9289.51
652 | 0.12 | 9388.39 | 10128.99 | 8172.91 | 538.34 | 2691.69 | 10800.00 | 9219.08
648 | 0.11 | 9152.13 | 10676.04 | 7977.76 | 577.14 | 2885.72 | 10800.00 | 9415.27
649 | 0.14 | 9149.79 | 11295.18 | 7568.46 | 664.93 | 3324.63 | 10800.00 | 9136.59
642 | 0.08 | 8325.07 | 11983.78 | 7366.37 | 697.89 | 3489.46 | 10800.00 | 9907.20
653 | 0.08 | 8332.14 | 12738.32 | 7313.07 | 708.73 | 3543.63 | 10800.00 | 9968.43
641 | 0.10 | 8895.75 | 13548.47 | 7540.90 | 665.12 | 3325.61 | 10800.00 | 9837.20
655 | 0.14 | 9813.65 | 14282.89 | 7814.04 | 614.39 | 3071.97 | 10800.00 | 9547.79
650 | 0.11 | 9152.02 | 14918.67 | 7510.97 | 672.60 | 3363.02 | 10800.00 | 9892.46
658 | 0.11 | 9173.47 | 15650.11 | 7451.96 | 684.67 | 3423.35 | 10800.00 | 9974.25
659 | 0.11 | 10356.01 | 16428.71 | 8548.85 | 460.36 | 2301.79 | 10800.00 | 10035.22
660 | 0.13 | 9676.54 | 16922.65 | 7476.60 | 682.42 | 3412.11 | 10800.00 | 9989.25
Vehicle 17
Charging tour: 
699  -> 667  -> 690  -> 696  -> 683  -> 665  -> 679  -> 695  -> 689  -> 691  -> 687  -> 671  -> 692  -> 678  -> 673  -> 669  -> 664  -> 661  -> 698  -> 693  -> 682  -> 670  -> 681  -> 688  -> 685  -> 697  -> 662  -> 663  -> 677  -> 676  -> 684  -> 674  -> 666  -> 672  -> 680  -> 
Charging time: 
649.022076748724  + 476.10523961438207  + 410.784914661858  + 404.4527725044052  + 592.1947350622444  + 464.612195504277  + 766.6242040203479  + 708.8728939689265  + 881.0659242098942  + 940.2464742316256  + 587.812820097484  + 269.13292123138825  + 300.44101882105406  + 279.9637449792994  + 825.4448154870284  + 766.342916942654  + 707.9454356558824  + 398.25955332076046  + 708.5204527931189  + 284.21338478722384  + 465.5597651663237  + 591.2762239166881  + 766.2581810641094  + 587.7061655987511  + 409.5190791777807  + 825.3835094092387  + 707.1091603496263  + 942.9853749376541  + 473.49833250574403  + 707.3559327457056  + 708.456447260959  + 475.82073222371196  + 544.075531209024  + 825.1403893731266  + 824.8348956407149  + 
total node:35/39
-------------------
Traveling energy: 1614.8089238912785
Charging energy: 106385.19107610863
Total energy used: 107999.99999999991
-------------------
Total time for travel: 1614.8089238912785
Total time for charging: 21277.038215221728
Charging round duration: 22891.847139113008
-------------------
ID | p | E0 | time_arrive | E_remain | time_charge | energy_charge| E_after_charge | E_after_cycle
699 | 0.11 | 6569.34 | 41.81 | 6564.74 | 649.02 | 3245.11 | 9738.45 | 7191.87
667 | 0.08 | 6512.91 | 727.44 | 6454.72 | 476.11 | 2380.53 | 8797.16 | 6986.11
690 | 0.07 | 6604.98 | 1314.32 | 6512.98 | 410.78 | 2053.92 | 8538.15 | 6989.99
696 | 0.07 | 6708.39 | 1767.43 | 6584.67 | 404.45 | 2022.26 | 8578.63 | 7061.74
683 | 0.10 | 6545.21 | 2187.62 | 6326.45 | 592.19 | 2960.97 | 9228.20 | 7122.02
665 | 0.08 | 6674.02 | 2805.81 | 6449.56 | 464.61 | 2323.06 | 8735.45 | 7089.75
679 | 0.13 | 6572.78 | 3371.09 | 6134.54 | 766.62 | 3833.12 | 9868.00 | 7306.49
695 | 0.12 | 6561.47 | 4141.38 | 6064.50 | 708.87 | 3544.36 | 9523.80 | 7244.84
689 | 0.15 | 6598.89 | 4861.30 | 5869.70 | 881.07 | 4405.33 | 10142.87 | 7427.98
691 | 0.16 | 6595.79 | 5765.89 | 5673.24 | 940.25 | 4701.23 | 10224.04 | 7482.36
687 | 0.10 | 6594.00 | 6710.73 | 5922.93 | 587.81 | 2939.06 | 8803.21 | 7148.90
671 | 0.05 | 7200.98 | 7334.17 | 6834.27 | 269.13 | 1345.66 | 8166.48 | 7354.56
692 | 0.05 | 6450.58 | 7730.60 | 6064.05 | 300.44 | 1502.21 | 7551.24 | 6760.71
678 | 0.05 | 6922.40 | 8079.78 | 6518.41 | 279.96 | 1399.82 | 7904.23 | 7130.13
673 | 0.14 | 6573.98 | 8401.68 | 5397.74 | 825.44 | 4127.22 | 9409.40 | 7363.37
669 | 0.13 | 6575.19 | 9283.65 | 5368.32 | 766.34 | 3831.71 | 9100.41 | 7307.49
664 | 0.12 | 6570.07 | 10063.04 | 5362.50 | 707.95 | 3539.73 | 8817.27 | 7248.80
661 | 0.07 | 6812.71 | 10795.12 | 6057.05 | 398.26 | 1991.30 | 8020.47 | 7135.10
698 | 0.12 | 6564.73 | 11232.80 | 5216.80 | 708.52 | 3542.60 | 8674.38 | 7246.34
693 | 0.05 | 6818.89 | 12025.21 | 6217.63 | 284.21 | 1421.07 | 7624.49 | 7047.88
682 | 0.08 | 6660.44 | 12403.15 | 5668.19 | 465.56 | 2327.80 | 7958.74 | 7080.91
670 | 0.10 | 6555.38 | 12904.89 | 5264.89 | 591.28 | 2956.38 | 8162.14 | 7127.60
681 | 0.13 | 6575.92 | 13510.37 | 4819.57 | 766.26 | 3831.29 | 8551.25 | 7307.80
688 | 0.10 | 6595.20 | 14345.02 | 5160.70 | 587.71 | 2938.53 | 8040.46 | 7149.57
685 | 0.07 | 6625.40 | 14971.81 | 5577.37 | 409.52 | 2047.60 | 7596.30 | 7004.08
697 | 0.14 | 6574.47 | 15402.00 | 4418.19 | 825.38 | 4126.92 | 8429.55 | 7363.55
662 | 0.12 | 6577.84 | 16247.88 | 4628.09 | 707.11 | 3535.55 | 8078.78 | 7252.39
663 | 0.16 | 6576.63 | 16978.16 | 3860.12 | 942.99 | 4714.93 | 8424.17 | 7476.89
677 | 0.08 | 6548.77 | 17937.15 | 5113.80 | 473.50 | 2367.49 | 7443.41 | 7008.93
676 | 0.12 | 6575.54 | 18415.84 | 4365.64 | 707.36 | 3536.78 | 7817.54 | 7251.32
684 | 0.12 | 6565.33 | 19153.13 | 4266.95 | 708.46 | 3542.28 | 7724.22 | 7246.61
674 | 0.08 | 6516.81 | 19929.58 | 4922.44 | 475.82 | 2379.10 | 7263.48 | 6988.58
666 | 0.09 | 6411.68 | 20448.10 | 4571.35 | 544.08 | 2720.38 | 7242.76 | 6986.31
672 | 0.14 | 6576.40 | 21079.01 | 3625.34 | 825.14 | 4125.70 | 7635.52 | 7364.28
680 | 0.14 | 6578.84 | 21950.00 | 3505.84 | 824.83 | 4124.17 | 7514.54 | 7365.18
668 | 0.17 | 6574.54 | 2521.47
675 | 0.19 | 8128.33 | 3598.42
686 | 0.18 | 6633.31 | 2341.82
694 | 0.18 | 6639.81 | 2348.31
Vehicle 18
Charging tour: 
721  -> 711  -> 704  -> 736  -> 719  -> 718  -> 702  -> 726  -> 701  -> 706  -> 731  -> 734  -> 707  -> 733  -> 730  -> 717  -> 738  -> 739  -> 732  -> 728  -> 735  -> 700  -> 713  -> 709  -> 727  -> 729  -> 710  -> 716  -> 741  -> 725  -> 715  -> 703  -> 742  -> 740  -> 712  -> 720  -> 708  -> 722  -> 723  -> 705  -> 737  -> 724  -> 714  -> 
Charging time: 
592.2434187174746  + 394.5119852440321  + 688.8831097178571  + 217.51317213852596  + 296.22456135775553  + 345.6244464424005  + 543.9812578218092  + 388.6212188997767  + 593.3130738038791  + 640.8742447571041  + 753.4703150952374  + 246.90908054592802  + 331.39293119508625  + 688.8465953041126  + 331.68975837861393  + 347.496914859404  + 735.1481217524432  + 494.2022036948929  + 592.3753285910356  + 642.2968426009912  + 383.94118829432034  + 490.01258258680053  + 396.6813238341862  + 272.97712425407246  + 605.2711364748139  + 592.5131711043929  + 641.0122062916479  + 346.65616854937537  + 640.9406667567719  + 640.9165581395805  + 734.6470400311397  + 440.88991039369523  + 292.496148393287  + 755.5735436213356  + 592.5251522244229  + 246.51156879237516  + 440.1811097215236  + 542.8648909030638  + 391.41355355122914  + 298.6285819026818  + 343.0154736081682  + 640.8545834241677  + 591.998243297344  + 
total node:43/43
-------------------
Traveling energy: 2059.2974646562375
Charging energy: 105940.70253534376
Total energy used: 108000.0
-------------------
Total time for travel: 2059.2974646562375
Total time for charging: 21188.140507068754
Charging round duration: 23247.43797172499
-------------------
ID | p | E0 | time_arrive | E_remain | time_charge | energy_charge| E_after_charge | E_after_cycle
721 | 0.12 | 6004.39 | 92.94 | 5993.23 | 592.24 | 2961.22 | 8883.38 | 6104.61
711 | 0.08 | 6009.21 | 712.72 | 5952.19 | 394.51 | 1972.56 | 7893.19 | 6074.44
704 | 0.14 | 6022.41 | 1193.95 | 5855.25 | 688.88 | 3444.42 | 9203.23 | 6128.99
736 | 0.05 | 6811.96 | 1974.65 | 6713.23 | 217.51 | 1087.57 | 7789.92 | 6707.44
719 | 0.06 | 6002.30 | 2257.81 | 5866.83 | 296.22 | 1481.12 | 7330.18 | 6052.93
718 | 0.07 | 6001.80 | 2568.31 | 5822.01 | 345.62 | 1728.12 | 7525.94 | 6061.00
702 | 0.11 | 5992.34 | 2954.88 | 5667.30 | 543.98 | 2719.91 | 8327.37 | 6089.66
726 | 0.08 | 6100.30 | 3529.70 | 5817.92 | 388.62 | 1943.11 | 7729.94 | 6136.07
701 | 0.12 | 5993.56 | 3948.51 | 5519.74 | 593.31 | 2966.57 | 8415.11 | 6099.13
706 | 0.13 | 6011.16 | 4594.34 | 5413.89 | 640.87 | 3204.37 | 8534.95 | 6116.12
731 | 0.16 | 6292.76 | 5288.05 | 5446.68 | 753.47 | 3767.35 | 9093.47 | 6245.45
734 | 0.05 | 6000.96 | 6067.03 | 5697.61 | 246.91 | 1234.55 | 6919.81 | 6043.42
707 | 0.07 | 6259.54 | 6353.67 | 5814.78 | 331.39 | 1656.96 | 7448.55 | 6247.59
733 | 0.14 | 6022.73 | 6758.00 | 5076.61 | 688.85 | 3444.23 | 8424.40 | 6129.13
730 | 0.07 | 6253.94 | 7564.93 | 5724.39 | 331.69 | 1658.45 | 7359.62 | 6243.47
717 | 0.07 | 5969.46 | 7918.99 | 5415.13 | 347.50 | 1737.48 | 7128.29 | 6038.02
738 | 0.15 | 6046.50 | 8269.48 | 4806.08 | 735.15 | 3675.74 | 8371.55 | 6145.99
739 | 0.10 | 5996.29 | 9024.51 | 5093.84 | 494.20 | 2471.01 | 7515.43 | 6083.14
732 | 0.12 | 6003.05 | 9553.81 | 4856.59 | 592.38 | 2961.88 | 7747.38 | 6103.93
728 | 0.13 | 5997.84 | 10213.45 | 4670.10 | 642.30 | 3211.48 | 7798.08 | 6109.92
735 | 0.08 | 6174.66 | 10856.96 | 5306.10 | 383.94 | 1919.71 | 7195.09 | 6187.03
700 | 0.10 | 6047.56 | 11284.38 | 4919.12 | 490.01 | 2450.06 | 7320.19 | 6113.46
713 | 0.08 | 5976.35 | 11833.51 | 5029.67 | 396.68 | 1983.41 | 6981.34 | 6052.42
709 | 0.06 | 6513.47 | 12263.95 | 5777.64 | 272.98 | 1364.89 | 7126.14 | 6447.86
727 | 0.15 | 7343.94 | 12645.82 | 5447.06 | 605.27 | 3026.36 | 8382.63 | 6794.05
729 | 0.12 | 6001.65 | 13269.81 | 4409.28 | 592.51 | 2962.57 | 7300.74 | 6103.22
710 | 0.13 | 6009.86 | 13886.45 | 4204.63 | 641.01 | 3205.06 | 7326.36 | 6115.51
716 | 0.07 | 5983.93 | 14556.37 | 4964.99 | 346.66 | 1733.28 | 6674.00 | 6048.30
741 | 0.13 | 6010.53 | 14941.14 | 4068.19 | 640.94 | 3204.70 | 7189.57 | 6115.83
725 | 0.13 | 6010.76 | 15607.57 | 3981.78 | 640.92 | 3204.58 | 7103.04 | 6115.93
715 | 0.15 | 6050.62 | 16261.38 | 3611.42 | 734.65 | 3673.24 | 7174.45 | 6147.61
703 | 0.09 | 6049.23 | 17024.04 | 4517.06 | 440.89 | 2204.45 | 6681.83 | 6107.93
742 | 0.06 | 6078.81 | 17494.62 | 5029.13 | 292.50 | 1462.48 | 6474.07 | 6110.79
740 | 0.16 | 6275.25 | 17808.29 | 3425.92 | 755.57 | 3777.87 | 7082.90 | 6238.45
712 | 0.12 | 6001.53 | 18593.15 | 3770.35 | 592.53 | 2962.63 | 6661.88 | 6103.16
720 | 0.05 | 6010.63 | 19216.45 | 5049.81 | 246.51 | 1232.56 | 6270.04 | 6051.11
708 | 0.09 | 6058.97 | 19581.69 | 4296.62 | 440.18 | 2200.91 | 6457.91 | 6114.13
722 | 0.11 | 6004.66 | 20037.06 | 3800.58 | 542.86 | 2714.32 | 6455.19 | 6096.41
723 | 0.08 | 6056.78 | 20601.93 | 4408.62 | 391.41 | 1957.07 | 6334.38 | 6106.52
705 | 0.06 | 5953.98 | 21058.44 | 4690.48 | 298.63 | 1493.14 | 6165.70 | 6016.63
737 | 0.07 | 6047.44 | 21371.74 | 4551.42 | 343.02 | 1715.08 | 6242.49 | 6093.61
724 | 0.13 | 6011.34 | 21789.87 | 3178.66 | 640.85 | 3204.27 | 6299.62 | 6116.20
714 | 0.12 | 6006.87 | 22466.26 | 3310.92 | 592.00 | 2959.99 | 6199.87 | 6105.87
Vehicle 19
Charging tour: 
776  -> 755  -> 758  -> 779  -> 749  -> 745  -> 767  -> 747  -> 752  -> 754  -> 761  -> 757  -> 781  -> 756  -> 743  -> 772  -> 771  -> 770  -> 766  -> 750  -> 774  -> 759  -> 775  -> 751  -> 769  -> 762  -> 748  -> 760  -> 777  -> 763  -> 765  -> 780  -> 778  -> 768  -> 746  -> 773  -> 753  -> 764  -> 744  -> 
Charging time: 
682.3910418641459  + 316.2817263492217  + 712.9826855661798  + 437.51829263448013  + 535.2785335308911  + 764.296416181164  + 481.4698604659098  + 682.4204207727038  + 336.8430731608449  + 730.3876733970267  + 585.3861638174383  + 682.6576339048866  + 634.3556334923771  + 682.5935209205445  + 536.3063878348348  + 682.3811851682763  + 286.90715608665516  + 438.5583394835594  + 722.8670976897885  + 682.3583514920084  + 682.5201523740592  + 320.2166091703541  + 385.55355168301054  + 385.0543642802215  + 328.99619862166537  + 747.126121058728  + 388.2859058310589  + 585.0936640431732  + 633.6961594578879  + 823.4841725888407  + 437.3618727680705  + 331.4659741957723  + 335.13053012448466  + 534.4237082014594  + 592.972206662757  + 537.5389309021862  + 536.7780893767783  + 584.0907217266442  + 387.0723906451073  + 
total node:39/39
-------------------
Traveling energy: 2144.487412374058
Charging energy: 105855.51258762597
Total energy used: 108000.00000000003
-------------------
Total time for travel: 2144.487412374058
Total time for charging: 21171.102517525193
Charging round duration: 23315.58992989925
-------------------
ID | p | E0 | time_arrive | E_remain | time_charge | energy_charge| E_after_charge | E_after_cycle
776 | 0.13 | 7174.84 | 75.81 | 7164.99 | 682.39 | 3411.96 | 10488.23 | 7487.38
755 | 0.06 | 7144.63 | 872.10 | 7092.30 | 316.28 | 1581.41 | 8654.73 | 7295.54
758 | 0.14 | 7395.23 | 1220.06 | 7224.42 | 712.98 | 3564.91 | 10689.51 | 7622.31
779 | 0.08 | 6886.46 | 1973.95 | 6728.55 | 437.52 | 2187.59 | 8881.14 | 7166.72
749 | 0.10 | 7035.95 | 2454.78 | 6790.47 | 535.28 | 2676.39 | 9413.33 | 7328.18
745 | 0.15 | 7391.49 | 3018.45 | 6938.72 | 764.30 | 3821.48 | 10645.56 | 7636.72
767 | 0.09 | 7040.05 | 3807.42 | 6697.38 | 481.47 | 2407.35 | 9061.40 | 7301.65
747 | 0.13 | 7174.53 | 4332.38 | 6611.32 | 682.42 | 3412.10 | 9934.71 | 7487.22
752 | 0.06 | 6708.51 | 5046.43 | 6405.72 | 336.84 | 1684.22 | 8069.73 | 6962.23
754 | 0.14 | 7219.00 | 5393.75 | 6463.87 | 730.39 | 3651.94 | 10013.56 | 7533.11
761 | 0.11 | 7077.06 | 6251.25 | 6389.42 | 585.39 | 2926.93 | 9251.96 | 7381.41
757 | 0.13 | 7172.04 | 6923.75 | 6271.95 | 682.66 | 3413.29 | 9596.50 | 7485.92
781 | 0.12 | 7124.44 | 7688.47 | 6201.82 | 634.36 | 3171.78 | 9297.48 | 7435.22
756 | 0.13 | 7172.71 | 8386.37 | 6082.49 | 682.59 | 3412.97 | 9406.72 | 7486.27
743 | 0.10 | 7022.46 | 9129.92 | 6109.47 | 536.31 | 2681.53 | 8737.37 | 7319.83
772 | 0.13 | 7174.95 | 9678.49 | 5916.74 | 682.38 | 3411.91 | 9239.94 | 7487.44
771 | 0.05 | 6563.43 | 10397.88 | 6043.54 | 286.91 | 1434.54 | 7463.73 | 6805.89
770 | 0.08 | 6870.13 | 10732.47 | 6011.53 | 438.56 | 2192.79 | 8169.24 | 7155.59
766 | 0.14 | 7294.10 | 11274.31 | 5715.70 | 722.87 | 3614.34 | 9228.83 | 7570.61
750 | 0.13 | 7175.19 | 12036.46 | 5610.45 | 682.36 | 3411.79 | 8933.53 | 7487.57
774 | 0.13 | 7173.49 | 12745.57 | 5516.56 | 682.52 | 3412.60 | 8840.43 | 7486.67
759 | 0.06 | 7056.83 | 13463.13 | 6249.04 | 320.22 | 1601.08 | 7830.91 | 7227.42
775 | 0.07 | 6837.79 | 13829.05 | 5869.76 | 385.55 | 1927.77 | 7770.53 | 7096.64
751 | 0.07 | 6846.65 | 14247.70 | 5849.31 | 385.05 | 1925.27 | 7747.63 | 7103.01
769 | 0.06 | 6868.51 | 14701.67 | 5986.41 | 329.00 | 1644.98 | 7611.65 | 7083.00
762 | 0.15 | 7561.36 | 15069.61 | 5300.91 | 747.13 | 3735.63 | 8924.48 | 7720.74
748 | 0.07 | 6789.67 | 15856.63 | 5679.71 | 388.29 | 1941.43 | 7593.96 | 7062.19
760 | 0.11 | 7080.59 | 16275.52 | 5290.29 | 585.09 | 2925.47 | 8151.39 | 7383.48
777 | 0.12 | 7131.86 | 16969.61 | 5095.50 | 633.70 | 3168.48 | 8187.94 | 7439.34
763 | 0.16 | 7317.57 | 17696.50 | 4486.13 | 823.48 | 4117.42 | 8471.80 | 7620.33
765 | 0.08 | 6888.92 | 18563.32 | 5403.86 | 437.36 | 2186.81 | 7555.68 | 7168.40
780 | 0.06 | 6817.34 | 19029.25 | 5675.58 | 331.47 | 1657.33 | 7313.02 | 7044.17
778 | 0.06 | 6742.79 | 19403.28 | 5578.59 | 335.13 | 1675.65 | 7234.14 | 6987.94
768 | 0.10 | 7047.20 | 19812.49 | 5065.95 | 534.42 | 2672.12 | 7684.63 | 7335.16
746 | 0.11 | 6986.52 | 20422.34 | 4740.06 | 592.97 | 2964.86 | 7639.69 | 7328.80
773 | 0.10 | 7006.36 | 21061.86 | 4900.17 | 537.54 | 2687.69 | 7534.11 | 7309.89
753 | 0.10 | 7016.29 | 21625.66 | 4853.72 | 536.78 | 2683.89 | 7483.94 | 7316.02
764 | 0.11 | 7092.75 | 22253.13 | 4644.91 | 584.09 | 2920.45 | 7501.11 | 7390.62
744 | 0.07 | 6810.96 | 22917.20 | 5206.75 | 387.07 | 1935.36 | 7115.02 | 7077.41
Network survivability: 99.74391805377721%
networkSurvivabilityOverThousand: 77.9%
Average dead duration: 99018.35349777568
Traveling energy: 42864.418394362205
total calculate time: 48.88581919670105
