total sensor 779
condition 17.23675196523214
gen: 1
2000
gen: 2
2000
gen: 3
2000
gen: 4
2000
gen: 5
2000
gen: 6
2000
gen: 7
2000
gen: 8
2000
gen: 9
2000
gen: 10
2000
gen: 11
2000
gen: 12
2000
gen: 13
2000
gen: 14
2000
gen: 15
2000
gen: 16
2000
gen: 17
2000
gen: 18
2000
gen: 19
2000
gen: 20
2000
gen: 21
2000
gen: 22
2000
gen: 23
2000
gen: 24
2000
gen: 25
2000
gen: 26
2000
gen: 27
2000
gen: 28
2000
gen: 29
2000
gen: 30
2000
gen: 31
2000
gen: 32
2000
gen: 33
2000
gen: 34
2000
gen: 35
2000
gen: 36
2000
gen: 37
2000
gen: 38
2000
gen: 39
2000
gen: 40
2000
gen: 41
2000
gen: 42
2000
gen: 43
2000
gen: 44
2000
gen: 45
2000
gen: 46
2000
gen: 47
2000
gen: 48
2000
gen: 49
2000
gen: 50
2000
Number of charging vehicles: 20
Survey time: 23838.76568376325
Network clustering infor: 
Cluster 0:
[1, 2, 3, 4, 5, 6, 7, 8, 9, 10, 11, 12, 13, 14, 15, 16, 17, 18, 19, 20, 21, 22, 23, 24, 25, 26, 27, 28, 29, 30, 31, 32, 33, 34, 35, 36, 37, 38, 39, 40, 41, 42]
Cluster 1:
[43, 44, 45, 46, 47, 48, 49, 50, 51, 52, 53, 54, 55, 56, 57, 58, 59, 60, 61, 62, 63, 64, 65, 66, 67, 68, 69, 70, 71, 72, 73, 74, 75, 76, 77, 78, 79, 80, 81, 82, 83]
Cluster 2:
[84, 85, 86, 87, 88, 89, 90, 91, 92, 93, 94, 95, 96, 97, 98, 99, 100, 101, 102, 103, 104, 105, 106, 107, 108, 109, 110, 111, 112, 113, 114, 115, 116, 117, 118, 119, 120, 121]
Cluster 3:
[122, 123, 124, 125, 126, 127, 128, 129, 130, 131, 132, 133, 134, 135, 136, 137, 138, 139, 140, 141, 142, 143, 144, 145, 146, 147, 148, 149, 150, 151, 152, 153, 154, 155, 156, 157]
Cluster 4:
[158, 159, 160, 161, 162, 163, 164, 165, 166, 167, 168, 169, 170, 171, 172, 173, 174, 175, 176, 177, 178, 179, 180, 181, 182, 183, 184, 185, 186, 187, 188, 189]
Cluster 5:
[190, 191, 192, 193, 194, 195, 196, 197, 198, 199, 200, 201, 202, 203, 204, 205, 206, 207, 208, 209, 210, 211, 212, 213, 214, 215, 216, 217, 218, 219, 220, 221, 222, 223, 224, 225, 226, 227, 228, 229, 230, 231, 232, 233]
Cluster 6:
[234, 235, 236, 237, 238, 239, 240, 241, 242, 243, 244, 245, 246, 247, 248, 249, 250, 251, 252, 253, 254, 255, 256, 257, 258, 259, 260, 261, 262, 263, 264, 265, 266, 267, 268, 269, 270, 271, 272, 273, 274]
Cluster 7:
[275, 276, 277, 278, 279, 280, 281, 282, 283, 284, 285, 286, 287, 288, 289, 290, 291, 292, 293, 294, 295, 296, 297, 298, 299, 300, 301, 302, 303, 304, 305, 306, 307, 308, 309, 310, 311, 312, 313, 314]
Cluster 8:
[315, 316, 317, 318, 319, 320, 321, 322, 323, 324, 325, 326, 327, 328, 329, 330, 331, 332, 333, 334, 335, 336, 337, 338, 339, 340, 341, 342, 343, 344, 345, 346, 347, 348, 349, 350, 351, 352, 353]
Cluster 9:
[354, 355, 356, 357, 358, 359, 360, 361, 362, 363, 364, 365, 366, 367, 368, 369, 370, 371, 372, 373, 374, 375, 376, 377, 378, 379, 380, 381, 382, 383, 384, 385, 386, 387, 388, 389, 390, 391, 392, 393, 394]
Cluster 10:
[395, 396, 397, 398, 399, 400, 401, 402, 403, 404, 405, 406, 407, 408, 409, 410, 411, 412, 413, 414, 415, 416, 417, 418, 419, 420, 421, 422, 423, 424, 425, 426, 427, 428, 429, 430, 431, 432, 433]
Cluster 11:
[434, 435, 436, 437, 438, 439, 440, 441, 442, 443, 444, 445, 446, 447, 448, 449, 450, 451, 452, 453, 454, 455, 456, 457, 458, 459, 460, 461, 462, 463, 464, 465, 466, 467, 468, 469, 470, 471]
Cluster 12:
[472, 473, 474, 475, 476, 477, 478, 479, 480, 481, 482, 483, 484, 485, 486, 487, 488, 489, 490, 491, 492, 493, 494, 495, 496, 497, 498, 499, 500, 501, 502, 503, 504, 505, 506, 507, 508, 509, 510, 511, 512, 513, 514, 515, 516, 517, 518, 519]
Cluster 13:
[520, 521, 522, 523, 524, 525, 526, 527, 528, 529, 530, 531, 532, 533, 534, 535, 536, 537, 538, 539, 540, 541, 542, 543, 544, 545, 546, 547, 548, 549, 550, 551]
Cluster 14:
[552, 553, 554, 555, 556, 557, 558, 559, 560, 561, 562, 563, 564, 565, 566, 567, 568, 569, 570, 571, 572, 573, 574, 575, 576, 577, 578, 579, 580, 581, 582, 583, 584, 585, 586, 587, 588, 589, 590, 591]
Cluster 15:
[592, 593, 594, 595, 596, 597, 598, 599, 600, 601, 602, 603, 604, 605, 606, 607, 608, 609, 610, 611, 612, 613, 614, 615, 616, 617, 618, 619, 620, 621, 622, 623, 624, 625, 626, 627, 628, 629, 630, 631]
Cluster 16:
[632, 633, 634, 635, 636, 637, 638, 639, 640, 641, 642, 643, 644, 645, 646, 647, 648, 649, 650, 651, 652, 653, 654, 655, 656, 657, 658]
Cluster 17:
[659, 660, 661, 662, 663, 664, 665, 666, 667, 668, 669, 670, 671, 672, 673, 674, 675, 676, 677, 678, 679, 680, 681, 682, 683, 684, 685, 686, 687, 688, 689, 690, 691, 692, 693, 694, 695, 696, 697]
Cluster 18:
[698, 699, 700, 701, 702, 703, 704, 705, 706, 707, 708, 709, 710, 711, 712, 713, 714, 715, 716, 717, 718, 719, 720, 721, 722, 723, 724, 725, 726, 727, 728, 729, 730, 731, 732, 733, 734, 735, 736, 737, 738, 739, 740]
Cluster 19:
[741, 742, 743, 744, 745, 746, 747, 748, 749, 750, 751, 752, 753, 754, 755, 756, 757, 758, 759, 760, 761, 762, 763, 764, 765, 766, 767, 768, 769, 770, 771, 772, 773, 774, 775, 776, 777, 778, 779]
Vehicle 0
Charging tour: 
36  -> 10  -> 3  -> 16  -> 38  -> 39  -> 15  -> 11  -> 25  -> 24  -> 21  -> 33  -> 34  -> 14  -> 22  -> 40  -> 31  -> 20  -> 35  -> 32  -> 13  -> 7  -> 6  -> 26  -> 1  -> 5  -> 17  -> 2  -> 29  -> 41  -> 28  -> 8  -> 37  -> 12  -> 18  -> 23  -> 4  -> 42  -> 9  -> 27  -> 19  -> 30  -> 
Charging time: 
494.37774666382296  + 642.4159547245156  + 442.6987428114042  + 396.2342627764978  + 683.3070064042992  + 593.2330465491843  + 279.6416740355153  + 590.2762672683504  + 296.85784350280977  + 593.2972364130795  + 297.3911079128375  + 543.7007496372867  + 228.86933327361393  + 394.9482894572579  + 395.1772623232153  + 495.04747462057014  + 342.86703098050754  + 335.41442698559564  + 494.0753893204001  + 547.273776769994  + 691.6021438605469  + 544.2563109271255  + 495.08731851322085  + 730.9070765788556  + 628.4628105353206  + 632.2790014100057  + 506.12960769856505  + 642.3579319160439  + 689.8031939450627  + 290.5302588785067  + 495.1698780220077  + 394.6844201946629  + 691.5862334197047  + 493.83934273326713  + 593.3225796716529  + 691.6200427987965  + 341.73254474652987  + 543.8384982164421  + 493.53036544863073  + 346.8216496956072  + 394.82168532648706  + 691.6431448082819  + 
total node:42/42
-------------------
Traveling energy: 2444.34669111957
Charging energy: 105555.65330888043
Total energy used: 108000.0
-------------------
Total time for travel: 2444.34669111957
Total time for charging: 21111.130661776086
Charging round duration: 23555.477352895658
-------------------
ID | p | E0 | time_arrive | E_remain | time_charge | energy_charge| E_after_charge | E_after_cycle
36 | 0.10 | 5586.53 | 64.97 | 5580.03 | 494.38 | 2471.89 | 8002.49 | 5674.54
10 | 0.13 | 5588.92 | 571.05 | 5514.69 | 642.42 | 3212.08 | 8643.25 | 5701.96
3 | 0.09 | 5614.81 | 1314.66 | 5496.49 | 442.70 | 2213.49 | 7670.15 | 5682.82
16 | 0.08 | 5576.21 | 1783.00 | 5433.57 | 396.23 | 1981.17 | 7383.04 | 5650.28
38 | 0.14 | 5658.66 | 2226.70 | 5346.92 | 683.31 | 3416.54 | 8667.79 | 5737.76
39 | 0.12 | 5586.72 | 2985.94 | 5228.41 | 593.23 | 2966.17 | 8123.39 | 5692.24
15 | 0.06 | 5925.85 | 3605.16 | 5709.54 | 279.64 | 1398.21 | 7090.97 | 5893.73
11 | 0.12 | 5614.71 | 3950.88 | 5140.60 | 590.28 | 2951.38 | 8021.15 | 5705.44
25 | 0.06 | 5582.18 | 4562.48 | 5308.43 | 296.86 | 1484.29 | 6774.91 | 5636.14
24 | 0.12 | 5586.12 | 4904.57 | 4997.57 | 593.30 | 2966.49 | 7892.86 | 5691.95
21 | 0.06 | 5572.17 | 5500.20 | 5242.16 | 297.39 | 1486.96 | 6711.27 | 5628.80
33 | 0.11 | 5587.71 | 5940.12 | 4934.30 | 543.70 | 2718.50 | 7592.99 | 5683.95
34 | 0.05 | 6033.70 | 6506.95 | 5708.35 | 228.87 | 1144.35 | 6841.25 | 5986.11
14 | 0.08 | 5594.37 | 6834.44 | 5047.61 | 394.95 | 1974.74 | 6990.76 | 5662.01
22 | 0.08 | 5591.13 | 7255.25 | 5010.71 | 395.18 | 1975.89 | 6954.98 | 5659.91
40 | 0.10 | 5578.97 | 7679.86 | 4810.99 | 495.05 | 2475.24 | 7236.72 | 5670.34
31 | 0.07 | 5638.63 | 8229.82 | 5062.54 | 342.87 | 1714.34 | 6752.88 | 5684.25
20 | 0.07 | 5763.91 | 8617.54 | 5160.69 | 335.41 | 1677.07 | 6814.28 | 5772.27
35 | 0.10 | 5589.95 | 8999.35 | 4690.02 | 494.08 | 2470.38 | 7110.99 | 5676.45
32 | 0.11 | 5551.23 | 9582.32 | 4497.18 | 547.27 | 2736.37 | 7173.34 | 5665.34
13 | 0.14 | 5590.79 | 10236.64 | 4157.66 | 691.60 | 3458.01 | 7518.84 | 5711.37
7 | 0.11 | 5582.01 | 11044.89 | 4367.07 | 544.26 | 2721.28 | 7028.48 | 5681.02
6 | 0.10 | 5578.53 | 11618.64 | 4416.66 | 495.09 | 2475.44 | 6842.59 | 5670.09
26 | 0.15 | 5668.01 | 12134.22 | 3847.87 | 730.91 | 3654.54 | 7392.77 | 5746.73
1 | 0.14 | 6152.47 | 12961.98 | 4337.79 | 628.46 | 3142.31 | 7392.12 | 5957.36
5 | 0.13 | 5678.53 | 13737.08 | 3892.71 | 632.28 | 3161.40 | 6971.91 | 5740.88
17 | 0.14 | 7639.55 | 14380.52 | 5626.27 | 506.13 | 2530.65 | 8086.06 | 6832.77
2 | 0.13 | 5589.43 | 15039.85 | 3634.25 | 642.36 | 3211.79 | 6762.53 | 5702.18
29 | 0.14 | 5605.37 | 15758.82 | 3399.13 | 689.80 | 3449.02 | 6751.58 | 5716.96
41 | 0.06 | 5703.76 | 16457.30 | 4716.32 | 290.53 | 1452.65 | 6151.54 | 5726.08
28 | 0.10 | 5577.60 | 16785.23 | 3899.07 | 495.17 | 2475.85 | 6325.40 | 5669.57
8 | 0.08 | 5598.11 | 17303.65 | 4213.82 | 394.68 | 1973.42 | 6155.66 | 5664.43
37 | 0.14 | 5590.92 | 17758.92 | 3104.67 | 691.59 | 3457.93 | 6465.78 | 5711.42
12 | 0.10 | 5592.62 | 18466.17 | 3746.01 | 493.84 | 2469.20 | 6165.82 | 5677.94
18 | 0.12 | 5585.88 | 18980.99 | 3308.16 | 593.32 | 2966.61 | 6203.58 | 5691.84
23 | 0.14 | 5590.64 | 19625.70 | 2843.04 | 691.62 | 3458.10 | 6204.32 | 5711.31
4 | 0.07 | 5657.35 | 20338.12 | 4233.68 | 341.73 | 1708.66 | 5918.42 | 5697.30
42 | 0.11 | 5586.30 | 20736.97 | 3305.23 | 543.84 | 2719.19 | 5964.60 | 5683.22
9 | 0.10 | 5596.12 | 21317.96 | 3464.33 | 493.53 | 2467.65 | 5882.63 | 5679.90
27 | 0.07 | 5574.33 | 21843.65 | 4045.28 | 346.82 | 1734.11 | 5755.11 | 5639.73
19 | 0.08 | 5596.16 | 22227.95 | 3817.92 | 394.82 | 1974.11 | 5760.45 | 5663.17
30 | 0.14 | 5590.46 | 22685.47 | 2414.49 | 691.64 | 3458.22 | 5775.88 | 5711.24
Vehicle 1
Charging tour: 
61  -> 67  -> 79  -> 57  -> 59  -> 80  -> 53  -> 47  -> 78  -> 76  -> 68  -> 65  -> 81  -> 62  -> 73  -> 49  -> 50  -> 71  -> 51  -> 56  -> 64  -> 75  -> 70  -> 45  -> 60  -> 55  -> 44  -> 63  -> 69  -> 43  -> 82  -> 58  -> 74  -> 46  -> 83  -> 52  -> 48  -> 72  -> 66  -> 77  -> 54  -> 
Charging time: 
362.7507426576861  + 655.0263332958343  + 655.1170952408796  + 353.9802768762627  + 557.8520842754517  + 261.7000778880632  + 262.4075645878655  + 509.7516150046546  + 654.5015620855626  + 405.83938188002367  + 510.2217023594363  + 410.44594133501977  + 558.5491848545396  + 607.2157039547443  + 358.21256731335285  + 294.68750609335785  + 636.8864083601427  + 558.7847765054303  + 363.1896489712113  + 363.5076074150019  + 509.1356347478987  + 361.1234290201611  + 558.2986919388726  + 702.0622585108927  + 655.0586127975334  + 598.8296574212025  + 407.09978897340415  + 558.5594832963968  + 461.89382119472566  + 701.8268057552211  + 662.1597575784535  + 311.4033674700978  + 410.1483003936536  + 610.6361488051076  + 509.2874099360567  + 729.8725926534595  + 558.9790812378301  + 558.9756127287826  + 677.4943936947775  + 635.8048101025828  + 596.7098572558352  + 
total node:41/41
-------------------
Traveling energy: 2420.063517662649
Charging energy: 105579.93648233735
Total energy used: 108000.0
-------------------
Total time for travel: 2420.063517662649
Total time for charging: 21115.98729646747
Charging round duration: 23536.050814130118
-------------------
ID | p | E0 | time_arrive | E_remain | time_charge | energy_charge| E_after_charge | E_after_cycle
61 | 0.07 | 5883.83 | 75.39 | 5878.55 | 362.75 | 1813.75 | 7666.91 | 6028.87
67 | 0.13 | 6051.39 | 499.90 | 5986.40 | 655.03 | 3275.13 | 9176.38 | 6227.48
79 | 0.13 | 6050.55 | 1204.80 | 5893.92 | 655.12 | 3275.59 | 9084.35 | 6227.09
57 | 0.07 | 6029.61 | 1871.97 | 5898.57 | 353.98 | 1769.90 | 7643.70 | 6130.80
59 | 0.11 | 6012.35 | 2239.78 | 5765.97 | 557.85 | 2789.26 | 8493.87 | 6179.34
80 | 0.05 | 5825.54 | 2830.94 | 5684.00 | 261.70 | 1308.50 | 6979.41 | 5942.11
53 | 0.05 | 5809.84 | 3245.33 | 5647.57 | 262.41 | 1312.04 | 6946.49 | 5929.94
47 | 0.10 | 5981.52 | 3588.35 | 5622.69 | 509.75 | 2548.76 | 8120.47 | 6146.40
78 | 0.13 | 6056.24 | 4163.95 | 5514.93 | 654.50 | 3272.51 | 8702.35 | 6229.71
76 | 0.08 | 6010.44 | 4890.66 | 5619.19 | 405.84 | 2029.20 | 7615.92 | 6132.53
68 | 0.10 | 5976.01 | 5331.99 | 5442.81 | 510.22 | 2551.11 | 7942.90 | 6143.24
65 | 0.08 | 5942.98 | 5891.77 | 5471.64 | 410.45 | 2052.23 | 7491.03 | 6088.11
81 | 0.11 | 6004.84 | 6338.22 | 5307.64 | 558.55 | 2792.75 | 8038.94 | 6175.32
62 | 0.12 | 6025.72 | 6940.81 | 5192.82 | 607.22 | 3036.08 | 8156.03 | 6201.14
73 | 0.07 | 5958.37 | 7587.66 | 5427.24 | 358.21 | 1791.06 | 7193.22 | 6080.72
49 | 0.06 | 6208.12 | 7981.37 | 5729.23 | 294.69 | 1473.44 | 7184.99 | 6251.23
50 | 0.13 | 6223.74 | 8291.69 | 5145.82 | 636.89 | 3184.43 | 8247.46 | 6309.14
71 | 0.11 | 6002.31 | 8945.26 | 5018.33 | 558.78 | 2793.92 | 7750.79 | 6173.97
51 | 0.07 | 5876.72 | 9604.45 | 5204.41 | 363.19 | 1815.95 | 6994.93 | 6023.95
56 | 0.07 | 5871.58 | 9997.39 | 5171.76 | 363.51 | 1817.54 | 6963.85 | 6020.40
64 | 0.10 | 5988.76 | 10410.34 | 4947.72 | 509.14 | 2545.68 | 7442.49 | 6150.56
75 | 0.07 | 5910.34 | 10983.21 | 5141.52 | 361.12 | 1805.62 | 6921.86 | 6047.25
70 | 0.11 | 6007.54 | 11454.90 | 4747.50 | 558.30 | 2791.49 | 7477.58 | 6176.77
45 | 0.14 | 6080.27 | 12162.29 | 4377.55 | 702.06 | 3510.31 | 7789.57 | 6253.15
60 | 0.13 | 6051.09 | 12943.79 | 4368.40 | 655.06 | 3275.29 | 7558.53 | 6227.34
55 | 0.12 | 6110.10 | 13717.02 | 4464.06 | 598.83 | 2994.15 | 7386.35 | 6243.60
44 | 0.08 | 5991.83 | 14356.13 | 4843.34 | 407.10 | 2035.50 | 6846.27 | 6120.23
63 | 0.11 | 6004.73 | 14819.52 | 4374.58 | 558.56 | 2792.80 | 7105.94 | 6175.27
69 | 0.09 | 5941.15 | 15393.02 | 4555.78 | 461.89 | 2309.47 | 6823.68 | 6105.13
43 | 0.14 | 6082.31 | 15887.01 | 3858.13 | 701.83 | 3509.13 | 7269.01 | 6254.02
82 | 0.14 | 6446.67 | 16617.52 | 4120.22 | 662.16 | 3310.80 | 7338.32 | 6420.04
58 | 0.06 | 5874.87 | 17315.02 | 4835.97 | 311.40 | 1557.02 | 6374.30 | 6001.56
74 | 0.08 | 5947.29 | 17733.69 | 4528.60 | 410.15 | 2050.74 | 6546.53 | 6090.93
46 | 0.13 | 6491.29 | 18177.13 | 4128.27 | 610.64 | 3053.18 | 7102.06 | 6445.43
83 | 0.10 | 5986.97 | 18839.98 | 4102.98 | 509.29 | 2546.44 | 6598.48 | 6149.54
52 | 0.16 | 6684.11 | 19372.98 | 3584.43 | 729.87 | 3649.36 | 7117.01 | 6519.27
48 | 0.11 | 6000.22 | 20140.19 | 3784.80 | 558.98 | 2794.90 | 6518.21 | 6172.86
72 | 0.11 | 6000.26 | 20787.12 | 3713.68 | 558.98 | 2794.88 | 6447.07 | 6172.88
66 | 0.14 | 6300.76 | 21397.48 | 3305.11 | 677.49 | 3387.47 | 6597.73 | 6350.80
77 | 0.13 | 6234.33 | 22104.65 | 3360.73 | 635.80 | 3179.02 | 6457.10 | 6314.32
54 | 0.12 | 6131.81 | 22759.32 | 3400.69 | 596.71 | 2983.55 | 6312.63 | 6254.70
Vehicle 2
Charging tour: 
114  -> 117  -> 100  -> 89  -> 120  -> 87  -> 102  -> 92  -> 98  -> 90  -> 110  -> 84  -> 97  -> 108  -> 96  -> 112  -> 116  -> 101  -> 85  -> 88  -> 86  -> 99  -> 105  -> 91  -> 94  -> 109  -> 107  -> 115  -> 93  -> 104  -> 113  -> 95  -> 118  -> 106  -> 103  -> 119  -> 111  -> 121  -> 
Charging time: 
193.59148635038989  + 148.3506304983289  + 487.46303817748117  + 338.15428921888366  + 299.6820449868201  + 488.1981312834179  + 271.2821966065874  + 539.621710447701  + 352.58217507581173  + 330.6749140374641  + 348.97452818048606  + 396.10426208526195  + 446.81911568098235  + 435.23101700607475  + 673.9931277649998  + 330.4752508803372  + 336.7714769601928  + 378.83533410366124  + 350.9303496528263  + 729.0976719543655  + 478.92785425128983  + 339.2264002286991  + 384.7007154262257  + 683.9733689414848  + 600.2622648072535  + 416.1131143932329  + 393.83683947663735  + 486.5099748003682  + 603.2205835646259  + 671.7619265560546  + 517.3486094732597  + 527.2126781280692  + 446.51649923732134  + 691.2366341354863  + 571.852138440853  + 643.2963337871369  + 545.9146735934783  + 864.2283014479461  + 
total node:38/38
-------------------
Traveling energy: 2443.130982420903
Charging energy: 88714.85830820748
Total energy used: 91157.98929062838
-------------------
Total time for travel: 2443.130982420903
Total time for charging: 17742.971661641495
Charging round duration: 20186.102644062397
-------------------
ID | p | E0 | time_arrive | E_remain | time_charge | energy_charge| E_after_charge | E_after_cycle
114 | 0.09 | 9857.52 | 89.51 | 9849.47 | 193.59 | 967.96 | 10800.00 | 8679.99
117 | 0.12 | 10120.19 | 367.83 | 10076.05 | 148.35 | 741.75 | 10800.00 | 8001.29
100 | 0.15 | 8521.46 | 571.02 | 8435.80 | 487.46 | 2437.32 | 10800.00 | 7382.96
89 | 0.06 | 9196.71 | 1119.87 | 9129.52 | 338.15 | 1690.77 | 10800.00 | 9457.16
120 | 0.07 | 9427.64 | 1501.02 | 9322.57 | 299.68 | 1498.41 | 10800.00 | 9257.34
87 | 0.10 | 8597.21 | 1893.83 | 8407.83 | 488.20 | 2440.99 | 10800.00 | 8654.33
102 | 0.08 | 9657.81 | 2406.48 | 9465.29 | 271.28 | 1356.41 | 10800.00 | 9107.12
92 | 0.12 | 8491.85 | 2710.02 | 8166.65 | 539.62 | 2698.11 | 10800.00 | 8329.30
98 | 0.06 | 9171.78 | 3291.19 | 8974.31 | 352.58 | 1762.91 | 10716.06 | 9504.36
90 | 0.06 | 9386.40 | 3665.56 | 9166.47 | 330.67 | 1653.37 | 10800.00 | 9609.45
110 | 0.06 | 9266.60 | 4103.41 | 9020.39 | 348.97 | 1744.87 | 10744.33 | 9581.14
84 | 0.07 | 9167.00 | 4568.50 | 8847.21 | 396.10 | 1980.52 | 10800.00 | 9478.81
97 | 0.10 | 9110.33 | 4997.45 | 8610.59 | 446.82 | 2234.10 | 10800.00 | 8960.55
108 | 0.13 | 9395.40 | 5499.83 | 8680.42 | 435.23 | 2176.16 | 10800.00 | 8472.52
96 | 0.14 | 8363.31 | 5992.26 | 7524.39 | 673.99 | 3369.97 | 10800.00 | 8395.85
112 | 0.08 | 9713.31 | 6740.56 | 9174.06 | 330.48 | 1652.38 | 10800.00 | 9458.58
116 | 0.08 | 9713.51 | 7130.35 | 9143.08 | 336.77 | 1683.86 | 10800.00 | 9490.27
101 | 0.07 | 9456.28 | 7484.83 | 8932.34 | 378.84 | 1894.18 | 10800.00 | 9681.74
85 | 0.06 | 9214.95 | 7967.25 | 8736.92 | 350.93 | 1754.65 | 10470.51 | 9539.28
88 | 0.12 | 8243.30 | 8344.11 | 7242.00 | 729.10 | 3645.49 | 10800.00 | 9028.13
86 | 0.08 | 9002.90 | 9098.71 | 8275.01 | 478.93 | 2394.64 | 10631.33 | 9490.44
99 | 0.06 | 9532.88 | 9607.88 | 8956.41 | 339.23 | 1696.13 | 10632.19 | 9798.69
105 | 0.07 | 9604.14 | 10010.14 | 8903.43 | 384.70 | 1923.50 | 10800.00 | 9858.93
91 | 0.11 | 8617.44 | 10564.28 | 7455.37 | 683.97 | 3419.87 | 10800.00 | 9415.04
94 | 0.10 | 8978.87 | 11390.34 | 7839.83 | 600.26 | 3001.31 | 10781.12 | 9596.30
109 | 0.09 | 9842.01 | 12056.99 | 8756.88 | 416.11 | 2080.57 | 10800.00 | 9777.09
107 | 0.07 | 9579.53 | 12504.71 | 8704.20 | 393.84 | 1969.18 | 10645.82 | 9880.00
115 | 0.12 | 9975.92 | 12917.39 | 8425.83 | 486.51 | 2432.55 | 10800.00 | 9547.82
93 | 0.10 | 8934.84 | 13533.48 | 7581.49 | 603.22 | 3016.10 | 10537.27 | 9567.06
104 | 0.12 | 9223.60 | 14181.62 | 7521.80 | 671.76 | 3358.81 | 10800.00 | 9721.75
113 | 0.11 | 9909.17 | 14900.01 | 8270.17 | 517.35 | 2586.74 | 10800.00 | 9873.65
95 | 0.09 | 9200.67 | 15443.63 | 7810.74 | 527.21 | 2636.06 | 10399.36 | 9691.24
118 | 0.08 | 9656.40 | 15993.30 | 8376.93 | 446.52 | 2232.58 | 10573.80 | 9981.88
106 | 0.12 | 9356.58 | 16528.39 | 7373.17 | 691.24 | 3456.18 | 10746.41 | 9952.11
103 | 0.10 | 9424.95 | 17284.22 | 7696.53 | 571.85 | 2859.26 | 10498.60 | 9900.33
119 | 0.14 | 10179.09 | 17896.51 | 7673.58 | 643.30 | 3216.48 | 10800.00 | 10058.15
111 | 0.10 | 9872.75 | 18606.04 | 8012.14 | 545.91 | 2729.57 | 10687.12 | 10218.44
121 | 0.15 | 9354.61 | 19200.44 | 6474.54 | 864.23 | 4321.14 | 10666.05 | 10099.93
Vehicle 3
Charging tour: 
123  -> 131  -> 136  -> 141  -> 132  -> 155  -> 130  -> 124  -> 150  -> 144  -> 149  -> 133  -> 139  -> 128  -> 126  -> 140  -> 138  -> 127  -> 142  -> 137  -> 146  -> 134  -> 129  -> 157  -> 147  -> 154  -> 145  -> 135  -> 156  -> 122  -> 151  -> 152  -> 148  -> 153  -> 125  -> 143  -> 
Charging time: 
573.6505934754754  + 622.5549860110361  + 573.878105523867  + 268.33950218206314  + 474.70020914280155  + 424.0216069278719  + 524.3869685127365  + 426.285594670887  + 522.5040826110065  + 671.2646193555832  + 523.3933057484134  + 474.82492301595977  + 719.5962011440222  + 525.0545126215238  + 377.0194674725477  + 524.4576768368962  + 622.3256550249091  + 367.9376593643125  + 719.584951714693  + 573.3226040941163  + 670.988204652362  + 719.5940462212653  + 719.5290238860182  + 767.9550204895602  + 719.5821077998507  + 670.9821839007424  + 895.3720193491041  + 766.2901468644543  + 910.535743976051  + 670.9825847715558  + 265.21917700038625  + 524.6256633568113  + 951.134910408826  + 863.2550326844033  + 316.8854020915141  + 316.88602158470917  + 
total node:36/36
-------------------
Traveling energy: 1705.3974275583219
Charging energy: 106294.60257244167
Total energy used: 107999.99999999999
-------------------
Total time for travel: 1705.3974275583219
Total time for charging: 21258.920514488334
Charging round duration: 22964.317942046655
-------------------
ID | p | E0 | time_arrive | E_remain | time_charge | energy_charge| E_after_charge | E_after_cycle
123 | 0.11 | 7663.61 | 154.93 | 7646.57 | 573.65 | 2868.25 | 10451.72 | 7909.60
131 | 0.12 | 7703.57 | 758.24 | 7612.58 | 622.55 | 3112.77 | 10650.65 | 7955.69
136 | 0.11 | 7660.57 | 1420.26 | 7504.34 | 573.88 | 2869.39 | 10310.61 | 7907.70
141 | 0.05 | 7446.87 | 2023.55 | 7345.69 | 268.34 | 1341.70 | 8673.97 | 7596.63
132 | 0.09 | 7577.24 | 2296.85 | 7370.53 | 474.70 | 2373.50 | 9701.31 | 7805.26
155 | 0.08 | 7540.33 | 2796.99 | 7316.57 | 424.02 | 2120.11 | 9402.75 | 7753.33
130 | 0.10 | 7621.43 | 3235.87 | 7297.84 | 524.39 | 2621.93 | 9867.34 | 7859.49
124 | 0.08 | 7500.28 | 3787.60 | 7197.27 | 426.29 | 2131.43 | 9294.60 | 7724.61
150 | 0.10 | 7648.89 | 4266.73 | 7222.22 | 522.50 | 2612.52 | 9782.49 | 7877.54
144 | 0.13 | 7739.94 | 4840.92 | 7110.63 | 671.26 | 3356.32 | 10379.68 | 7997.23
149 | 0.10 | 7635.90 | 5591.54 | 7076.74 | 523.39 | 2616.97 | 9641.37 | 7868.99
133 | 0.09 | 7575.25 | 6151.73 | 7021.60 | 474.82 | 2374.12 | 9352.99 | 7803.89
139 | 0.14 | 7775.48 | 6641.50 | 6845.67 | 719.60 | 3597.98 | 10342.91 | 8036.04
128 | 0.10 | 7611.74 | 7518.13 | 6859.93 | 525.05 | 2625.27 | 9432.69 | 7853.13
126 | 0.07 | 7420.32 | 8071.81 | 6855.29 | 377.02 | 1885.10 | 8714.00 | 7636.70
140 | 0.10 | 7620.40 | 8487.23 | 6771.68 | 524.46 | 2622.29 | 9341.52 | 7858.81
138 | 0.12 | 7706.40 | 9066.87 | 6618.38 | 622.33 | 3111.63 | 9655.33 | 7957.38
127 | 0.07 | 7603.47 | 9712.93 | 6923.57 | 367.94 | 1839.69 | 8737.50 | 7774.45
142 | 0.14 | 7775.61 | 10106.36 | 6360.71 | 719.58 | 3597.92 | 9857.90 | 8036.10
137 | 0.11 | 7668.00 | 10849.25 | 6474.58 | 573.32 | 2866.61 | 9278.13 | 7912.34
146 | 0.13 | 7743.13 | 11453.44 | 6254.19 | 670.99 | 3354.94 | 9521.90 | 7999.03
134 | 0.14 | 7775.51 | 12144.07 | 6075.34 | 719.59 | 3597.97 | 9572.56 | 8036.05
129 | 0.14 | 7776.21 | 12918.39 | 5967.64 | 719.53 | 3597.65 | 9464.55 | 8036.43
157 | 0.15 | 7806.27 | 13716.05 | 5748.87 | 767.96 | 3839.78 | 9473.45 | 8070.23
147 | 0.14 | 7775.64 | 14569.26 | 5735.94 | 719.58 | 3597.91 | 9233.11 | 8036.12
154 | 0.13 | 7743.20 | 15363.73 | 5745.92 | 670.98 | 3354.91 | 9013.60 | 7999.07
145 | 0.18 | 8034.47 | 16087.49 | 5138.72 | 895.37 | 4476.86 | 9454.41 | 8220.35
135 | 0.15 | 7823.23 | 16992.21 | 5274.40 | 766.29 | 3831.45 | 8990.91 | 8078.87
156 | 0.18 | 7900.67 | 17793.83 | 4697.78 | 910.54 | 4552.68 | 9086.56 | 8162.37
122 | 0.13 | 7743.20 | 18737.05 | 5307.38 | 670.98 | 3354.91 | 8575.07 | 7999.07
151 | 0.05 | 7534.48 | 19437.19 | 6562.62 | 265.22 | 1326.10 | 7875.46 | 7668.64
152 | 0.10 | 7617.96 | 19703.88 | 5647.57 | 524.63 | 2623.13 | 8218.24 | 7857.21
148 | 0.20 | 8403.81 | 20315.74 | 4340.66 | 951.13 | 4755.67 | 8906.11 | 8391.73
153 | 0.17 | 7870.42 | 21337.46 | 4243.05 | 863.26 | 4316.28 | 8412.58 | 8134.11
125 | 0.06 | 7567.24 | 22230.53 | 6233.40 | 316.89 | 1584.43 | 7798.82 | 7721.34
143 | 0.06 | 7567.22 | 22564.74 | 6213.34 | 316.89 | 1584.43 | 7778.75 | 7721.33
Vehicle 4
Charging tour: 
159  -> 160  -> 164  -> 178  -> 158  -> 161  -> 172  -> 170  -> 171  -> 163  -> 169  -> 167  -> 174  -> 186  -> 176  -> 165  -> 180  -> 181  -> 162  -> 175  -> 168  -> 173  -> 188  -> 166  -> 187  -> 182  -> 184  -> 183  -> 185  -> 177  -> 189  -> 179  -> 
Charging time: 
412.38528274751195  + 687.1795825255982  + 462.1617753600932  + 272.7599703407113  + 1195.2513619107626  + 300.30283005966936  + 413.8016676977624  + 734.6048315384107  + 203.59589336498212  + 1206.6220174706946  + 469.857391914415  + 308.1728125445917  + 514.9018761318343  + 398.9094275955632  + 341.34190864221296  + 314.2026731757626  + 252.7711267097792  + 441.5083843806908  + 439.13113312802  + 529.4599192225351  + 1353.7701472626688  + 302.16059923773633  + 541.954810209305  + 847.6198237604747  + 293.856163252552  + 610.7244830852292  + 510.79681694766265  + 346.8623847576437  + 583.9082379774433  + 965.0129346763216  + 498.47008881757154  + 304.188359667249  + 
total node:32/32
-------------------
Traveling energy: 2224.762379840672
Charging energy: 85291.23358056729
Total energy used: 87515.99596040796
-------------------
Total time for travel: 2224.762379840672
Total time for charging: 17058.24671611346
Charging round duration: 19283.00909595413
-------------------
ID | p | E0 | time_arrive | E_remain | time_charge | energy_charge| E_after_charge | E_after_cycle
159 | 0.09 | 8791.54 | 181.74 | 8775.19 | 412.39 | 2061.93 | 10800.00 | 8707.98
160 | 0.15 | 7562.14 | 633.06 | 7467.18 | 687.18 | 3435.90 | 10800.00 | 7422.22
164 | 0.11 | 8692.26 | 1383.95 | 8540.03 | 462.16 | 2310.81 | 10800.00 | 8380.81
178 | 0.10 | 9651.97 | 1884.89 | 9463.48 | 272.76 | 1363.80 | 10800.00 | 8631.89
158 | 0.23 | 5602.45 | 2190.43 | 5098.65 | 1195.25 | 5976.26 | 10800.00 | 6095.79
161 | 0.06 | 9522.82 | 3438.64 | 9316.50 | 300.30 | 1501.51 | 10800.00 | 9594.01
172 | 0.11 | 9195.21 | 3806.40 | 8776.51 | 413.80 | 2069.01 | 10800.00 | 8641.96
170 | 0.18 | 8041.74 | 4347.40 | 7259.20 | 734.60 | 3673.02 | 10800.00 | 7423.78
171 | 0.05 | 10047.55 | 5107.02 | 9792.20 | 203.60 | 1017.98 | 10800.00 | 9873.59
163 | 0.23 | 6292.45 | 5426.23 | 5044.41 | 1206.62 | 6033.11 | 10800.00 | 6842.64
169 | 0.10 | 9171.47 | 6737.73 | 8497.70 | 469.86 | 2349.29 | 10800.00 | 9136.88
167 | 0.06 | 9713.25 | 7260.36 | 9277.63 | 308.17 | 1540.86 | 10800.00 | 9823.79
174 | 0.12 | 9204.56 | 7644.05 | 8287.28 | 514.90 | 2574.51 | 10800.00 | 8918.42
186 | 0.13 | 9928.50 | 8239.91 | 8857.31 | 398.91 | 1994.55 | 10800.00 | 8824.01
176 | 0.08 | 9815.93 | 8691.69 | 9120.60 | 341.34 | 1706.71 | 10800.00 | 9615.54
165 | 0.06 | 9565.77 | 9090.09 | 9020.36 | 314.20 | 1571.01 | 10572.52 | 9706.45
180 | 0.05 | 9908.80 | 9473.91 | 9435.10 | 252.77 | 1263.86 | 10686.32 | 9980.71
181 | 0.11 | 9716.99 | 9781.54 | 8641.02 | 441.51 | 2207.54 | 10800.00 | 9302.27
162 | 0.08 | 9125.87 | 10337.42 | 8298.87 | 439.13 | 2195.66 | 10459.40 | 9414.42
175 | 0.11 | 9405.61 | 10860.61 | 8210.94 | 529.46 | 2647.30 | 10800.00 | 9430.64
168 | 0.23 | 6966.10 | 11406.88 | 4342.52 | 1353.77 | 6768.85 | 10800.00 | 8252.03
173 | 0.06 | 9946.99 | 12809.79 | 9178.41 | 302.16 | 1510.80 | 10671.08 | 10027.47
188 | 0.13 | 9877.80 | 13208.59 | 8160.68 | 541.95 | 2709.77 | 10800.00 | 9488.53
166 | 0.14 | 8273.81 | 13794.71 | 6342.55 | 847.62 | 4238.10 | 10461.98 | 9174.48
187 | 0.06 | 10228.10 | 14687.77 | 9346.83 | 293.86 | 1469.28 | 10798.48 | 10267.05
182 | 0.12 | 9620.02 | 15002.99 | 7819.66 | 610.72 | 3053.62 | 10800.00 | 9812.99
184 | 0.10 | 9806.86 | 15635.57 | 8243.31 | 510.80 | 2553.98 | 10746.21 | 9976.97
183 | 0.07 | 10109.26 | 16252.13 | 8971.61 | 346.86 | 1734.31 | 10681.64 | 10174.85
185 | 0.11 | 9436.84 | 16649.68 | 7605.37 | 583.91 | 2919.54 | 10460.68 | 9734.11
177 | 0.17 | 8824.58 | 17291.68 | 5885.00 | 965.01 | 4825.06 | 10546.01 | 9597.06
189 | 0.10 | 10049.38 | 18324.38 | 8216.94 | 498.47 | 2492.35 | 10659.45 | 10157.85
179 | 0.06 | 9880.68 | 18850.80 | 8749.64 | 304.19 | 1520.94 | 10252.33 | 9971.30
Vehicle 5
Charging tour: 
208  -> 210  -> 203  -> 194  -> 214  -> 192  -> 213  -> 225  -> 227  -> 204  -> 199  -> 216  -> 228  -> 206  -> 193  -> 226  -> 223  -> 195  -> 211  -> 201  -> 218  -> 233  -> 222  -> 205  -> 221  -> 200  -> 209  -> 229  -> 224  -> 207  -> 215  -> 217  -> 230  -> 196  -> 219  -> 202  -> 190  -> 220  -> 197  -> 198  -> 
Charging time: 
272.0751882025599  + 690.4709100789871  + 244.0513011693556  + 711.4948820944043  + 479.77747936150945  + 575.5028697653811  + 314.4342008269422  + 321.1071198982011  + 797.8491732066192  + 425.3734757991727  + 313.52108277023285  + 587.1543278219164  + 478.3037391861759  + 664.7275110198834  + 638.4875992930406  + 379.1687599737172  + 483.12977546799425  + 639.0239494720626  + 273.49920173964176  + 307.22437703377517  + 431.75774875478663  + 1687.8763272597664  + 536.1995385587392  + 365.2521346209892  + 431.49199513891125  + 586.9536730885973  + 481.06865794748916  + 377.52366113088885  + 587.2526301371302  + 320.3553299296313  + 769.9936237759362  + 742.7643732351222  + 378.5483090856742  + 738.3977511706306  + 431.247119666651  + 587.6157027848352  + 365.6705867493306  + 690.5691364812495  + 534.9300741592372  + 429.6849066129364  + 
total node:40/44
-------------------
Traveling energy: 2642.348977649496
Charging energy: 105357.65102235049
Total energy used: 107999.99999999999
-------------------
Total time for travel: 2642.348977649496
Total time for charging: 21071.5302044701
Charging round duration: 23713.879182119595
-------------------
ID | p | E0 | time_arrive | E_remain | time_charge | energy_charge| E_after_charge | E_after_cycle
208 | 0.05 | 6141.39 | 199.54 | 6131.41 | 272.08 | 1360.38 | 7478.19 | 6309.83
210 | 0.13 | 6291.93 | 528.09 | 6223.27 | 690.47 | 3452.35 | 9585.87 | 6645.24
203 | 0.05 | 6846.59 | 1304.24 | 6781.38 | 244.05 | 1220.26 | 7989.44 | 6874.91
194 | 0.14 | 6575.70 | 1557.18 | 6357.69 | 711.49 | 3557.47 | 9815.56 | 6795.75
214 | 0.09 | 6268.86 | 2403.86 | 6052.51 | 479.78 | 2398.89 | 8408.22 | 6522.25
192 | 0.10 | 5806.82 | 2987.03 | 5508.11 | 575.50 | 2877.51 | 8328.08 | 6300.45
213 | 0.06 | 6376.86 | 3612.20 | 6160.13 | 314.43 | 1572.17 | 7713.44 | 6518.71
225 | 0.06 | 6244.35 | 3979.70 | 6005.56 | 321.11 | 1605.54 | 7591.83 | 6419.56
227 | 0.16 | 6701.70 | 4325.67 | 6009.59 | 797.85 | 3989.25 | 9871.18 | 6876.74
204 | 0.08 | 6285.00 | 5287.96 | 5861.96 | 425.37 | 2126.87 | 7954.80 | 6504.77
199 | 0.06 | 6395.44 | 5799.30 | 6047.48 | 313.52 | 1567.61 | 7596.27 | 6532.72
216 | 0.11 | 6260.75 | 6160.19 | 5583.12 | 587.15 | 2935.77 | 8454.31 | 6574.25
228 | 0.09 | 6288.17 | 6785.58 | 5677.47 | 478.30 | 2391.52 | 8025.94 | 6534.20
206 | 0.12 | 6032.86 | 7433.43 | 5140.85 | 664.73 | 3323.64 | 8384.72 | 6495.85
193 | 0.12 | 6280.79 | 8219.35 | 5294.47 | 638.49 | 3192.44 | 8410.29 | 6612.58
226 | 0.07 | 6169.52 | 8888.38 | 5547.33 | 379.17 | 1895.84 | 7416.63 | 6396.65
223 | 0.09 | 6225.36 | 9285.84 | 5389.63 | 483.13 | 2415.65 | 7761.80 | 6495.52
195 | 0.12 | 6275.52 | 9827.03 | 5096.28 | 639.02 | 3195.12 | 8214.71 | 6609.99
211 | 0.05 | 6109.41 | 10492.47 | 5584.79 | 273.50 | 1367.50 | 6938.61 | 6284.97
201 | 0.06 | 6526.51 | 10792.76 | 5878.95 | 307.22 | 1536.12 | 7396.64 | 6632.31
218 | 0.08 | 6192.06 | 11147.68 | 5300.25 | 431.76 | 2158.79 | 7424.50 | 6443.75
233 | 0.15 | 2969.86 | 11635.17 | 1224.59 | 1687.88 | 8439.38 | 9410.79 | 7833.43
222 | 0.10 | 6232.46 | 13428.01 | 4889.65 | 536.20 | 2681.00 | 7517.03 | 6529.58
205 | 0.07 | 6404.58 | 13995.56 | 5424.89 | 365.25 | 1826.26 | 7225.59 | 6562.13
221 | 0.08 | 6195.88 | 14476.24 | 5037.78 | 431.49 | 2157.46 | 7160.72 | 6446.24
200 | 0.11 | 6262.89 | 14979.76 | 4615.11 | 586.95 | 2934.77 | 7485.32 | 6575.39
209 | 0.09 | 6252.03 | 15583.63 | 4849.50 | 481.07 | 2405.34 | 7211.55 | 6511.88
229 | 0.07 | 6196.40 | 16132.29 | 5067.14 | 377.52 | 1887.62 | 6928.33 | 6415.31
224 | 0.11 | 6259.70 | 16569.78 | 4437.02 | 587.25 | 2936.26 | 7308.69 | 6573.70
207 | 0.06 | 6259.00 | 17170.42 | 5228.77 | 320.36 | 1601.78 | 6811.33 | 6430.45
215 | 0.15 | 6510.13 | 17560.96 | 3875.99 | 769.99 | 3849.97 | 7610.46 | 6784.28
217 | 0.14 | 6298.87 | 18363.97 | 3727.91 | 742.76 | 3713.82 | 7337.75 | 6675.26
230 | 0.07 | 6179.63 | 19126.03 | 4840.81 | 378.55 | 1892.74 | 6707.05 | 6403.66
196 | 0.14 | 6336.12 | 19590.13 | 3593.50 | 738.40 | 3691.99 | 7182.11 | 6690.68
219 | 0.08 | 6199.40 | 20418.38 | 4565.93 | 431.25 | 2156.24 | 6687.66 | 6448.53
202 | 0.11 | 6255.83 | 20950.43 | 3951.28 | 587.62 | 2938.08 | 6824.72 | 6571.64
190 | 0.07 | 6397.25 | 21557.90 | 4888.20 | 365.67 | 1828.35 | 6690.96 | 6556.89
220 | 0.13 | 6291.03 | 21940.63 | 3438.75 | 690.57 | 3452.85 | 6801.82 | 6644.84
197 | 0.10 | 6247.25 | 22641.47 | 3983.10 | 534.93 | 2674.65 | 6604.26 | 6538.02
198 | 0.08 | 6221.94 | 23198.47 | 4366.06 | 429.68 | 2148.42 | 6480.11 | 6463.26
191 | 0.15 | 6340.65 | 2764.83
212 | 0.15 | 6738.76 | 3162.95
231 | 0.11 | 6262.42 | 3640.15
[91m232 | 0.16 | 2140.90 | -1673.30[00m
Vehicle 6
Charging tour: 
262  -> 251  -> 255  -> 265  -> 238  -> 247  -> 259  -> 249  -> 267  -> 250  -> 264  -> 253  -> 240  -> 245  -> 260  -> 272  -> 268  -> 269  -> 254  -> 252  -> 256  -> 248  -> 273  -> 242  -> 274  -> 239  -> 258  -> 270  -> 236  -> 244  -> 234  -> 257  -> 237  -> 263  -> 271  -> 266  -> 246  -> 241  -> 261  -> 235  -> 243  -> 
Charging time: 
652.7574637269398  + 361.7081777658993  + 416.4344108909246  + 563.4553193676412  + 409.8826709201897  + 563.6493994730314  + 465.57616557683923  + 755.9223245617532  + 361.727166321821  + 784.3692210651478  + 311.10076724059275  + 465.0462033769989  + 364.629604095658  + 363.817666238039  + 561.0692475890904  + 660.6612059800754  + 465.62538282610547  + 564.219336452698  + 660.6797659418061  + 753.0942270313363  + 612.1249084562825  + 351.795553997639  + 513.9295545117001  + 465.5289909265132  + 563.2045085411881  + 288.2540421532399  + 660.5315433056171  + 563.7102284300599  + 363.00033230237483  + 288.4417027591276  + 612.3320627172857  + 514.5241613888484  + 293.59045578426844  + 563.478331961434  + 660.702592923137  + 693.5366621369052  + 359.0701485370882  + 563.6593757602249  + 660.6619669643009  + 410.4039225473172  + 612.3475073284928  + 
total node:41/41
-------------------
Traveling energy: 2089.5748713654107
Charging energy: 105601.27139937817
Total energy used: 107690.84627074358
-------------------
Total time for travel: 2089.5748713654107
Total time for charging: 21120.254279875633
Charging round duration: 23209.829151241043
-------------------
ID | p | E0 | time_arrive | E_remain | time_charge | energy_charge| E_after_charge | E_after_cycle
262 | 0.13 | 7643.76 | 174.51 | 7621.07 | 652.76 | 3263.79 | 10800.00 | 7808.51
251 | 0.06 | 6848.00 | 846.53 | 6797.20 | 361.71 | 1808.54 | 8584.04 | 7226.21
255 | 0.07 | 6939.40 | 1239.17 | 6852.66 | 416.43 | 2082.17 | 8905.68 | 7352.86
265 | 0.10 | 7326.74 | 1678.92 | 7158.85 | 563.46 | 2817.28 | 9919.78 | 7760.14
238 | 0.07 | 7050.32 | 2301.43 | 6889.22 | 409.88 | 2049.41 | 8909.94 | 7431.02
247 | 0.10 | 7324.22 | 2746.34 | 7049.59 | 563.65 | 2818.25 | 9811.47 | 7758.59
259 | 0.08 | 7093.65 | 3407.20 | 6821.07 | 465.58 | 2327.88 | 9111.71 | 7514.43
249 | 0.14 | 7645.77 | 3960.39 | 7091.32 | 755.92 | 3779.61 | 10765.10 | 8087.96
267 | 0.06 | 6847.64 | 4770.27 | 6561.42 | 361.73 | 1808.64 | 8348.35 | 7225.95
250 | 0.15 | 7771.20 | 5169.28 | 6995.81 | 784.37 | 3921.85 | 10800.00 | 8117.23
264 | 0.05 | 6634.98 | 6025.86 | 6333.68 | 311.10 | 1555.50 | 7873.63 | 6998.54
253 | 0.08 | 7101.73 | 6367.22 | 6592.36 | 465.05 | 2325.23 | 8880.38 | 7519.86
240 | 0.06 | 6793.13 | 6837.56 | 6382.88 | 364.63 | 1823.15 | 8184.15 | 7185.95
245 | 0.06 | 6808.29 | 7211.54 | 6375.60 | 363.82 | 1819.09 | 8172.86 | 7197.05
260 | 0.10 | 7357.90 | 7693.13 | 6588.59 | 561.07 | 2805.35 | 9337.83 | 7779.37
272 | 0.12 | 7498.48 | 8323.15 | 6499.70 | 660.66 | 3303.31 | 9723.72 | 7941.13
268 | 0.08 | 7092.90 | 8992.89 | 6373.47 | 465.63 | 2328.13 | 8664.35 | 7513.93
269 | 0.10 | 7316.82 | 9469.99 | 6369.82 | 564.22 | 2821.10 | 9134.50 | 7754.04
254 | 0.12 | 7498.26 | 10061.81 | 6290.85 | 660.68 | 3303.40 | 9514.96 | 7941.01
252 | 0.14 | 7674.48 | 10754.01 | 6168.92 | 753.09 | 3765.47 | 9828.96 | 8102.53
256 | 0.11 | 7418.62 | 11547.36 | 6148.41 | 612.12 | 3060.62 | 9141.70 | 7856.98
248 | 0.06 | 7040.95 | 12183.88 | 6309.92 | 351.80 | 1758.98 | 8047.79 | 7369.60
273 | 0.09 | 7229.52 | 12546.25 | 6100.36 | 513.93 | 2569.65 | 8623.75 | 7653.68
242 | 0.08 | 7094.37 | 13114.10 | 6045.24 | 465.53 | 2327.64 | 8335.64 | 7514.91
274 | 0.10 | 7330.01 | 13624.37 | 5967.57 | 563.20 | 2816.02 | 8727.27 | 7762.15
239 | 0.05 | 7160.86 | 14228.82 | 6449.42 | 288.25 | 1441.27 | 7876.28 | 7410.19
258 | 0.12 | 7499.95 | 14581.25 | 5750.20 | 660.53 | 3302.66 | 8973.59 | 7941.95
270 | 0.10 | 7323.43 | 15280.53 | 5795.38 | 563.71 | 2818.55 | 8557.56 | 7758.11
236 | 0.06 | 6823.62 | 15905.53 | 5869.29 | 363.00 | 1815.00 | 7662.51 | 7208.29
244 | 0.05 | 7156.20 | 16278.75 | 6342.26 | 288.44 | 1442.21 | 7770.05 | 7406.47
234 | 0.11 | 7416.11 | 16620.10 | 5587.90 | 612.33 | 3061.66 | 8582.20 | 7855.51
257 | 0.09 | 7221.16 | 17253.98 | 5668.31 | 514.52 | 2572.62 | 8194.62 | 7648.30
237 | 0.05 | 7030.70 | 17868.74 | 6137.26 | 293.59 | 1467.95 | 7590.54 | 7306.71
263 | 0.10 | 7326.45 | 18287.39 | 5497.71 | 563.48 | 2817.39 | 8258.75 | 7759.96
271 | 0.12 | 7498.01 | 18882.78 | 5232.07 | 660.70 | 3303.51 | 8456.30 | 7940.87
266 | 0.13 | 7738.28 | 19619.88 | 5187.70 | 693.54 | 3467.68 | 8565.22 | 8106.92
246 | 0.06 | 6898.31 | 20355.61 | 5676.97 | 359.07 | 1795.35 | 7450.78 | 7263.33
241 | 0.10 | 7324.09 | 20732.90 | 5250.80 | 563.66 | 2818.30 | 8012.73 | 7758.51
261 | 0.12 | 7498.47 | 21333.58 | 4938.44 | 660.66 | 3303.31 | 8162.47 | 7941.12
235 | 0.07 | 7041.37 | 22097.10 | 5494.57 | 410.40 | 2052.02 | 7517.86 | 7424.67
243 | 0.11 | 7415.92 | 22511.51 | 4939.66 | 612.35 | 3061.74 | 7934.04 | 7855.40
Vehicle 7
Charging tour: 
290  -> 294  -> 296  -> 301  -> 278  -> 312  -> 293  -> 284  -> 298  -> 313  -> 300  -> 308  -> 281  -> 297  -> 286  -> 283  -> 280  -> 307  -> 288  -> 279  -> 299  -> 310  -> 305  -> 289  -> 311  -> 306  -> 285  -> 277  -> 295  -> 287  -> 292  -> 282  -> 314  -> 291  -> 309  -> 302  -> 275  -> 304  -> 303  -> 276  -> 
Charging time: 
610.0710119633396  + 400.4073376795284  + 707.942172628586  + 560.2943948425805  + 559.8444934677037  + 404.63348232564147  + 459.05242884522244  + 659.4113645164243  + 804.5506722129797  + 802.0426020452211  + 610.3805095902509  + 405.61100149609075  + 458.89062533281367  + 300.5771542372183  + 357.61984158679525  + 352.550487061742  + 356.62165582931135  + 560.4174136786107  + 455.39163534782415  + 300.78045559213075  + 457.8909957877535  + 706.6109704437292  + 353.4316902823742  + 341.23439962531586  + 511.11355848322097  + 460.4099172548627  + 708.0141009003785  + 458.7906923341829  + 459.73308195208995  + 609.9677557857063  + 357.5286174595436  + 750.286489062077  + 458.10653873958995  + 707.9590098880602  + 357.467493126429  + 408.0884640710698  + 816.148840106927  + 756.4072500265645  + 706.9982287097627  + 707.9505260780076  + 
total node:40/40
-------------------
Traveling energy: 1893.8531980117139
Charging energy: 106106.1468019883
Total energy used: 108000.00000000001
-------------------
Total time for travel: 1893.8531980117139
Total time for charging: 21221.22936039766
Charging round duration: 23115.082558409376
-------------------
ID | p | E0 | time_arrive | E_remain | time_charge | energy_charge| E_after_charge | E_after_cycle
290 | 0.11 | 7214.83 | 69.79 | 7207.16 | 610.07 | 3050.36 | 10190.40 | 7642.92
294 | 0.07 | 6995.36 | 804.44 | 6939.05 | 400.41 | 2002.04 | 8913.06 | 7328.68
296 | 0.13 | 7347.84 | 1229.30 | 7188.03 | 707.94 | 3539.71 | 10635.71 | 7788.51
301 | 0.10 | 7141.64 | 1959.64 | 6945.67 | 560.29 | 2801.47 | 9691.11 | 7559.23
278 | 0.10 | 7147.38 | 2560.23 | 6891.35 | 559.84 | 2799.22 | 9634.59 | 7562.72
312 | 0.07 | 6922.30 | 3142.91 | 6702.29 | 404.63 | 2023.17 | 8697.14 | 7276.75
293 | 0.08 | 6973.35 | 3622.75 | 6683.53 | 459.05 | 2295.26 | 8942.07 | 7361.51
284 | 0.12 | 7281.80 | 4134.54 | 6785.66 | 659.41 | 3297.06 | 10003.58 | 7718.21
298 | 0.15 | 7460.22 | 4857.17 | 6731.65 | 804.55 | 4022.75 | 10633.72 | 7907.16
313 | 0.15 | 7483.55 | 5698.75 | 6628.74 | 802.04 | 4010.21 | 10518.65 | 7917.95
300 | 0.11 | 7211.17 | 6523.14 | 6493.63 | 610.38 | 3051.90 | 9478.39 | 7640.81
308 | 0.07 | 6905.61 | 7155.37 | 6404.74 | 405.61 | 2028.06 | 8404.40 | 7264.96
281 | 0.08 | 6975.81 | 7602.45 | 6367.62 | 458.89 | 2294.45 | 8625.36 | 7363.16
297 | 0.05 | 6656.23 | 8124.56 | 6250.00 | 300.58 | 1502.89 | 7737.85 | 6967.17
286 | 0.06 | 6713.42 | 8455.56 | 6206.08 | 357.62 | 1788.10 | 7972.73 | 7071.19
283 | 0.06 | 6809.95 | 8859.01 | 6278.41 | 352.55 | 1762.75 | 8020.01 | 7142.38
280 | 0.06 | 6732.21 | 9238.10 | 6177.92 | 356.62 | 1783.11 | 7939.63 | 7084.99
307 | 0.10 | 7140.07 | 9644.79 | 6175.59 | 560.42 | 2802.09 | 8921.64 | 7558.28
288 | 0.08 | 7029.41 | 10216.64 | 6212.08 | 455.39 | 2276.96 | 8452.61 | 7399.27
279 | 0.05 | 6651.73 | 10726.76 | 6115.39 | 300.78 | 1503.90 | 7604.25 | 6963.69
299 | 0.08 | 6991.04 | 11051.64 | 6106.91 | 457.89 | 2289.45 | 8359.73 | 7373.40
310 | 0.13 | 7361.68 | 11555.76 | 5859.43 | 706.61 | 3533.05 | 9300.63 | 7795.70
305 | 0.06 | 6792.97 | 12339.18 | 6052.62 | 353.43 | 1767.16 | 7798.57 | 7129.80
289 | 0.06 | 7035.78 | 12723.11 | 6272.40 | 341.23 | 1706.17 | 7958.09 | 7311.63
311 | 0.09 | 7045.94 | 13163.32 | 5861.24 | 511.11 | 2555.57 | 8370.81 | 7456.02
306 | 0.08 | 6952.79 | 13719.97 | 5855.20 | 460.41 | 2302.05 | 8120.41 | 7347.74
285 | 0.13 | 7347.09 | 14210.67 | 5499.70 | 708.01 | 3540.07 | 8947.73 | 7788.12
277 | 0.08 | 6977.33 | 15002.88 | 5777.10 | 458.79 | 2293.95 | 8034.35 | 7364.18
295 | 0.08 | 6963.03 | 15504.41 | 5722.68 | 459.73 | 2298.67 | 7984.56 | 7354.59
287 | 0.11 | 7216.05 | 15987.92 | 5457.38 | 609.97 | 3049.84 | 8440.13 | 7643.63
292 | 0.06 | 6715.13 | 16651.88 | 5716.02 | 357.53 | 1787.64 | 7482.21 | 7072.45
282 | 0.14 | 7466.46 | 17079.98 | 5075.27 | 750.29 | 3751.43 | 8721.66 | 7880.47
314 | 0.08 | 6987.75 | 17845.80 | 5560.09 | 458.11 | 2290.53 | 7813.97 | 7371.18
291 | 0.13 | 7347.66 | 18403.88 | 4955.16 | 707.96 | 3539.80 | 8402.92 | 7788.42
309 | 0.06 | 6716.28 | 19157.81 | 5566.81 | 357.47 | 1787.34 | 7332.70 | 7073.29
302 | 0.07 | 6863.69 | 19541.27 | 5495.80 | 408.09 | 2040.44 | 7507.68 | 7235.42
275 | 0.15 | 7354.21 | 20024.93 | 4350.47 | 816.15 | 4080.74 | 8308.79 | 7859.14
304 | 0.14 | 7406.05 | 20850.07 | 4487.03 | 756.41 | 3782.04 | 8163.17 | 7850.65
303 | 0.13 | 7357.65 | 21616.71 | 4547.48 | 707.00 | 3534.99 | 7990.56 | 7793.60
276 | 0.13 | 7347.75 | 22341.20 | 4443.40 | 707.95 | 3539.75 | 7891.11 | 7788.46
Vehicle 8
Charging tour: 
331  -> 315  -> 321  -> 326  -> 347  -> 330  -> 329  -> 344  -> 317  -> 318  -> 332  -> 338  -> 353  -> 343  -> 327  -> 316  -> 335  -> 349  -> 333  -> 328  -> 324  -> 320  -> 323  -> 336  -> 352  -> 337  -> 346  -> 350  -> 340  -> 339  -> 341  -> 319  -> 325  -> 322  -> 351  -> 334  -> 342  -> 345  -> 348  -> 
Charging time: 
340.0817757097821  + 334.3120060176836  + 525.1473842128223  + 439.18315144822174  + 330.858067319021  + 378.93786010739143  + 336.7074695240661  + 338.19669230223866  + 419.0774963087149  + 393.31903192316264  + 385.30287402916633  + 417.63961900397015  + 390.9903381872571  + 438.24998295195854  + 419.85897433960827  + 448.3075693169377  + 551.5347740114439  + 343.5166428684001  + 514.0741817187012  + 337.06680979593835  + 437.3851050009585  + 578.1269488417084  + 435.72740940312735  + 440.9869186207165  + 546.4746145096587  + 520.0973534937813  + 548.296392056003  + 628.7529473830612  + 542.0031505512254  + 609.6652320364302  + 662.024001959244  + 734.0824313027933  + 496.00002879331703  + 437.43506407251374  + 979.6131411329635  + 598.3465062999354  + 584.1854798693619  + 536.97339696798  + 870.087058022847  + 
total node:39/39
-------------------
Traveling energy: 1875.9799692824522
Charging energy: 96343.12940707055
Total energy used: 98219.109376353
-------------------
Total time for travel: 1875.9799692824522
Total time for charging: 19268.62588141411
Charging round duration: 21144.605850696564
-------------------
ID | p | E0 | time_arrive | E_remain | time_charge | energy_charge| E_after_charge | E_after_cycle
331 | 0.08 | 9128.83 | 25.45 | 9126.80 | 340.08 | 1700.41 | 10800.00 | 8922.14
315 | 0.06 | 9026.44 | 509.64 | 8995.86 | 334.31 | 1671.56 | 10647.36 | 9267.67
321 | 0.12 | 8338.95 | 847.25 | 8237.28 | 525.15 | 2625.74 | 10800.00 | 8104.04
326 | 0.11 | 8808.99 | 1423.63 | 8652.39 | 439.18 | 2195.92 | 10800.00 | 8382.65
347 | 0.12 | 9410.95 | 1879.51 | 9185.41 | 330.86 | 1654.29 | 10800.00 | 8204.59
330 | 0.08 | 9113.91 | 2228.55 | 8935.63 | 378.94 | 1894.69 | 10800.00 | 9101.50
329 | 0.06 | 8962.22 | 2636.93 | 8804.00 | 336.71 | 1683.54 | 10467.34 | 9215.43
344 | 0.06 | 8922.75 | 2992.06 | 8743.23 | 338.20 | 1690.98 | 10413.92 | 9183.41
317 | 0.08 | 9008.32 | 3377.32 | 8738.14 | 419.08 | 2095.39 | 10800.00 | 9196.61
318 | 0.07 | 8950.97 | 3818.18 | 8683.70 | 393.32 | 1966.60 | 10622.76 | 9248.85
332 | 0.07 | 9137.19 | 4231.97 | 8840.96 | 385.30 | 1926.51 | 10740.50 | 9394.99
338 | 0.08 | 9116.06 | 4635.55 | 8745.21 | 417.64 | 2088.20 | 10800.00 | 9297.15
353 | 0.07 | 9004.28 | 5111.96 | 8646.44 | 390.99 | 1954.95 | 10574.03 | 9290.52
343 | 0.15 | 9507.49 | 5553.33 | 8674.49 | 438.25 | 2191.25 | 10800.00 | 8122.92
327 | 0.08 | 9218.45 | 6052.01 | 8734.29 | 419.86 | 2099.29 | 10800.00 | 9410.65
316 | 0.08 | 8974.93 | 6601.87 | 8446.78 | 448.31 | 2241.54 | 10652.45 | 9309.36
335 | 0.13 | 9042.58 | 7142.75 | 8114.03 | 551.53 | 2757.67 | 10800.00 | 8701.22
349 | 0.06 | 8784.57 | 7705.60 | 8322.23 | 343.52 | 1717.58 | 10019.21 | 9071.83
333 | 0.11 | 9174.99 | 8080.07 | 8286.18 | 514.07 | 2570.37 | 10800.00 | 9123.09
328 | 0.06 | 8952.66 | 8610.83 | 8436.01 | 337.07 | 1685.33 | 10101.12 | 9207.67
324 | 0.08 | 9199.05 | 9032.00 | 8476.49 | 437.39 | 2186.93 | 10628.43 | 9478.88
320 | 0.10 | 8699.49 | 9486.20 | 7750.87 | 578.13 | 2890.63 | 10583.69 | 9206.25
323 | 0.08 | 9234.05 | 10113.91 | 8424.94 | 435.73 | 2178.64 | 10568.71 | 9505.58
336 | 0.08 | 9123.92 | 10582.24 | 8277.34 | 440.99 | 2204.93 | 10446.99 | 9421.75
352 | 0.13 | 9573.78 | 11039.35 | 8138.67 | 546.47 | 2732.37 | 10800.00 | 9207.12
337 | 0.10 | 9413.42 | 11619.00 | 8251.52 | 520.10 | 2600.49 | 10800.00 | 9630.03
346 | 0.11 | 9458.57 | 12179.46 | 8118.83 | 548.30 | 2741.48 | 10800.00 | 9577.79
350 | 0.16 | 9817.54 | 12879.43 | 7756.84 | 628.75 | 3143.76 | 10800.00 | 9147.11
340 | 0.10 | 9279.30 | 13529.46 | 7926.35 | 542.00 | 2710.02 | 10582.17 | 9605.44
339 | 0.11 | 9074.41 | 14100.94 | 7523.30 | 609.67 | 3048.33 | 10504.57 | 9500.47
341 | 0.13 | 9490.52 | 14727.50 | 7575.94 | 662.02 | 3310.12 | 10800.00 | 9701.60
319 | 0.12 | 8221.55 | 15479.88 | 6363.96 | 734.08 | 3670.41 | 9946.28 | 9031.31
325 | 0.09 | 9125.94 | 16230.17 | 7665.23 | 496.00 | 2480.00 | 10100.59 | 9460.46
322 | 0.08 | 9198.00 | 16785.66 | 7855.15 | 437.44 | 2187.18 | 10007.33 | 9478.07
351 | 0.18 | 9180.79 | 17236.25 | 6078.26 | 979.61 | 4898.07 | 10800.00 | 9787.88
334 | 0.11 | 9246.07 | 18288.07 | 7234.38 | 598.35 | 2991.73 | 10160.29 | 9615.53
342 | 0.11 | 9470.20 | 18922.29 | 7388.74 | 584.19 | 2920.93 | 10245.41 | 9768.86
345 | 0.10 | 9366.22 | 19523.38 | 7413.88 | 536.97 | 2684.87 | 10045.05 | 9667.21
348 | 0.17 | 9826.60 | 20104.55 | 6408.83 | 870.09 | 4350.44 | 10611.35 | 10124.44
Vehicle 9
Charging tour: 
368  -> 361  -> 369  -> 370  -> 389  -> 363  -> 365  -> 359  -> 388  -> 384  -> 376  -> 375  -> 394  -> 392  -> 354  -> 367  -> 379  -> 385  -> 356  -> 357  -> 372  -> 373  -> 360  -> 380  -> 378  -> 358  -> 374  -> 387  -> 355  -> 381  -> 382  -> 377  -> 383  -> 364  -> 362  -> 390  -> 371  -> 386  -> 393  -> 391  -> 366  -> 
Charging time: 
568.7845194643684  + 368.29154741077764  + 668.2907646225359  + 596.8929731440534  + 568.8236721964212  + 317.20085950534656  + 680.4986963445918  + 312.78083251748996  + 711.8128706143983  + 418.4937085709413  + 260.84545253588203  + 718.0068171354707  + 368.0548910320008  + 468.4783883155954  + 618.5159802845228  + 469.10665714980104  + 519.0582628914575  + 668.2880843357918  + 466.0750967102056  + 519.0092753543479  + 664.7136606201772  + 366.1545820425601  + 468.77635155778665  + 312.28156064614666  + 238.3332679900263  + 718.0203150552778  + 518.5699724915756  + 468.997870486941  + 665.0087846840386  + 668.3127223300437  + 518.4981720074975  + 568.1580265344357  + 616.961346007882  + 618.5372756508416  + 314.35599684492894  + 468.90899181799483  + 568.7659835538855  + 467.7815936134186  + 668.2007289265723  + 415.40414242186216  + 565.4555662810506  + 
total node:41/41
-------------------
Traveling energy: 2162.4686914952817
Charging energy: 105837.53130850471
Total energy used: 107999.99999999999
-------------------
Total time for travel: 2162.4686914952817
Total time for charging: 21167.506261700943
Charging round duration: 23329.974953196222
-------------------
ID | p | E0 | time_arrive | E_remain | time_charge | energy_charge| E_after_charge | E_after_cycle
368 | 0.11 | 5720.54 | 125.61 | 5706.73 | 568.78 | 2843.92 | 8488.08 | 5942.20
361 | 0.07 | 5622.10 | 755.36 | 5569.23 | 368.29 | 1841.46 | 7384.90 | 5794.85
369 | 0.13 | 5754.01 | 1168.12 | 5602.15 | 668.29 | 3341.45 | 8856.73 | 5996.42
370 | 0.13 | 6442.28 | 1894.41 | 6196.00 | 596.89 | 2984.46 | 9102.87 | 6327.70
389 | 0.11 | 5720.15 | 2512.75 | 5443.75 | 568.82 | 2844.12 | 8225.30 | 5942.01
363 | 0.06 | 5595.12 | 3150.88 | 5406.07 | 317.20 | 1586.00 | 6973.04 | 5750.80
365 | 0.14 | 6085.46 | 3478.34 | 5598.49 | 680.50 | 3402.49 | 8905.71 | 6150.52
359 | 0.06 | 5674.19 | 4246.97 | 5419.37 | 312.78 | 1563.90 | 6964.51 | 5807.76
388 | 0.14 | 5817.75 | 4633.43 | 5169.07 | 711.81 | 3559.06 | 8628.48 | 6039.38
384 | 0.08 | 5654.49 | 5387.40 | 5223.50 | 418.49 | 2092.47 | 7282.49 | 5839.86
376 | 0.05 | 5669.95 | 5833.77 | 5378.26 | 260.85 | 1304.23 | 6669.45 | 5782.24
375 | 0.14 | 5767.56 | 6119.68 | 4910.80 | 718.01 | 3590.03 | 8400.32 | 6020.16
394 | 0.07 | 5625.72 | 6885.13 | 5143.76 | 368.05 | 1840.27 | 6958.27 | 5797.28
392 | 0.09 | 5682.58 | 7285.32 | 5026.90 | 468.48 | 2342.39 | 7327.13 | 5879.48
354 | 0.12 | 5738.82 | 7796.56 | 4803.24 | 618.52 | 3092.58 | 7821.59 | 5970.75
367 | 0.09 | 5674.97 | 8470.53 | 4912.62 | 469.11 | 2345.53 | 7215.93 | 5875.01
379 | 0.10 | 5698.71 | 9077.53 | 4790.95 | 519.06 | 2595.29 | 7334.34 | 5910.12
385 | 0.13 | 5754.03 | 9694.73 | 4493.71 | 668.29 | 3341.44 | 7748.28 | 5996.43
356 | 0.09 | 5711.88 | 10377.63 | 4777.89 | 466.08 | 2330.38 | 7066.32 | 5896.77
357 | 0.10 | 5699.25 | 10861.35 | 4613.11 | 519.01 | 2595.05 | 7156.26 | 5910.42
372 | 0.13 | 5784.97 | 11389.54 | 4304.33 | 664.71 | 3323.57 | 7541.49 | 6009.50
373 | 0.07 | 5654.91 | 12056.35 | 4810.97 | 366.15 | 1830.77 | 6616.11 | 5816.97
360 | 0.09 | 5678.97 | 12464.50 | 4557.16 | 468.78 | 2343.88 | 6858.85 | 5877.36
380 | 0.06 | 5683.26 | 12953.86 | 4906.03 | 312.28 | 1561.41 | 6448.70 | 5814.34
378 | 0.05 | 6205.51 | 13324.50 | 5539.29 | 238.33 | 1191.67 | 6719.04 | 6205.24
358 | 0.14 | 5767.45 | 13574.43 | 3867.03 | 718.02 | 3590.10 | 7356.61 | 6020.12
374 | 0.10 | 5704.07 | 14317.48 | 4272.33 | 518.57 | 2592.85 | 6813.32 | 5913.05
387 | 0.09 | 5676.28 | 14856.88 | 4339.16 | 469.00 | 2344.99 | 6641.94 | 5875.78
355 | 0.13 | 5782.40 | 15365.65 | 3784.87 | 665.01 | 3325.04 | 7023.46 | 6008.41
381 | 0.13 | 5753.82 | 16068.87 | 3664.86 | 668.31 | 3341.56 | 6919.55 | 5996.34
382 | 0.10 | 5704.86 | 16776.77 | 4027.19 | 518.50 | 2592.49 | 6567.83 | 5913.48
377 | 0.11 | 5726.85 | 17360.53 | 3817.20 | 568.16 | 2840.79 | 6595.49 | 5945.38
383 | 0.13 | 6232.72 | 18020.40 | 3890.07 | 616.96 | 3084.81 | 6894.67 | 6218.49
364 | 0.12 | 5738.63 | 18792.78 | 3483.49 | 618.54 | 3092.69 | 6501.95 | 5970.66
362 | 0.06 | 5645.75 | 19440.68 | 4479.31 | 314.36 | 1571.78 | 6032.23 | 5787.21
390 | 0.09 | 5677.36 | 19888.43 | 3887.40 | 468.91 | 2344.54 | 6189.74 | 5876.42
371 | 0.11 | 5720.73 | 20385.98 | 3478.27 | 568.77 | 2843.83 | 6259.54 | 5942.30
386 | 0.09 | 5691.04 | 20961.55 | 3804.50 | 467.78 | 2338.91 | 6101.31 | 5884.46
393 | 0.13 | 5754.78 | 21436.50 | 2968.04 | 668.20 | 3341.00 | 6222.17 | 5996.75
391 | 0.08 | 5696.55 | 22152.98 | 3924.31 | 415.40 | 2077.02 | 5968.10 | 5866.47
366 | 0.15 | 7846.67 | 22658.65 | 4447.87 | 565.46 | 2827.28 | 7190.33 | 7098.13
Vehicle 10
Charging tour: 
407  -> 413  -> 401  -> 415  -> 417  -> 395  -> 416  -> 398  -> 428  -> 411  -> 433  -> 422  -> 405  -> 400  -> 426  -> 414  -> 403  -> 427  -> 431  -> 425  -> 421  -> 430  -> 412  -> 402  -> 396  -> 418  -> 424  -> 432  -> 404  -> 429  -> 419  -> 420  -> 410  -> 406  -> 409  -> 423  -> 397  -> 399  -> 408  -> 
Charging time: 
374.7792289409813  + 527.3465981340207  + 674.9416235006224  + 427.0486086209684  + 719.3877808024495  + 617.1201813157231  + 527.0210571771839  + 423.86420580536594  + 673.4400934504386  + 527.5690820505469  + 770.2287245931661  + 527.8458157828667  + 316.8167086194379  + 642.6364604291798  + 367.4943310029052  + 577.0160560914795  + 527.5247128839865  + 528.2562702090548  + 785.5886326763024  + 360.682966185495  + 577.1252787295819  + 372.80965140092366  + 375.24949418402457  + 369.7740002024968  + 577.6677932580975  + 476.8437942847722  + 674.9646618303536  + 426.15780216389027  + 427.27143119294306  + 645.7617454295299  + 674.9434945620332  + 477.976319480493  + 816.3456718193551  + 760.3491143377227  + 477.2552589820596  + 577.3704197881327  + 426.23604573661703  + 674.9569223185914  + 477.5722344768226  + 
total node:39/39
-------------------
Traveling energy: 2083.798637746905
Charging energy: 105916.20136225306
Total energy used: 107999.99999999997
-------------------
Total time for travel: 2083.798637746905
Total time for charging: 21183.240272450614
Charging round duration: 23267.03891019752
-------------------
ID | p | E0 | time_arrive | E_remain | time_charge | energy_charge| E_after_charge | E_after_cycle
407 | 0.06 | 6367.03 | 88.52 | 6361.72 | 374.78 | 1873.90 | 8213.13 | 6810.60
413 | 0.09 | 6787.46 | 577.34 | 6735.50 | 527.35 | 2636.73 | 9324.77 | 7278.70
401 | 0.12 | 7070.92 | 1284.76 | 6916.75 | 674.94 | 3374.71 | 10210.46 | 7584.98
415 | 0.07 | 6519.01 | 2053.58 | 6375.26 | 427.05 | 2135.24 | 8480.61 | 6985.54
417 | 0.13 | 7186.89 | 2533.44 | 6857.55 | 719.39 | 3596.94 | 10360.97 | 7684.79
395 | 0.11 | 7088.98 | 3289.90 | 6727.09 | 617.12 | 3085.60 | 9744.81 | 7552.32
416 | 0.09 | 6791.65 | 3967.75 | 6434.56 | 527.02 | 2635.11 | 9022.23 | 7281.27
398 | 0.07 | 6567.99 | 4508.13 | 6252.42 | 423.86 | 2119.32 | 8342.07 | 7018.59
428 | 0.12 | 7086.69 | 4976.24 | 6489.54 | 673.44 | 3367.20 | 9775.93 | 7593.24
411 | 0.09 | 6784.60 | 5693.27 | 6272.20 | 527.57 | 2637.85 | 8862.57 | 7276.95
433 | 0.14 | 7228.85 | 6275.94 | 6350.22 | 770.23 | 3851.14 | 10093.53 | 7742.57
422 | 0.09 | 6781.04 | 7096.74 | 6142.33 | 527.85 | 2639.23 | 8734.06 | 7274.78
405 | 0.05 | 6276.58 | 7657.05 | 5893.72 | 316.82 | 1584.08 | 7461.97 | 6668.72
400 | 0.12 | 7426.37 | 8050.30 | 6460.34 | 642.64 | 3213.18 | 9596.40 | 7778.90
426 | 0.06 | 6493.24 | 8760.46 | 5967.61 | 367.49 | 1837.47 | 7783.04 | 6900.39
414 | 0.10 | 6892.44 | 9155.04 | 5976.94 | 577.02 | 2885.08 | 8804.32 | 7393.64
403 | 0.09 | 6785.17 | 9764.22 | 5906.39 | 527.52 | 2637.62 | 8496.53 | 7277.30
427 | 0.09 | 6775.77 | 10308.91 | 5847.97 | 528.26 | 2641.28 | 8441.71 | 7271.56
431 | 0.15 | 7593.76 | 10845.46 | 5966.94 | 785.59 | 3927.94 | 9777.05 | 7945.89
425 | 0.06 | 6615.86 | 11679.16 | 5915.11 | 360.68 | 1803.41 | 7696.89 | 6988.95
421 | 0.10 | 6891.14 | 12116.75 | 5679.46 | 577.13 | 2885.63 | 8507.38 | 7392.89
430 | 0.06 | 6400.66 | 12754.11 | 5635.42 | 372.81 | 1864.05 | 7477.10 | 6834.39
412 | 0.06 | 6359.05 | 13150.94 | 5569.99 | 375.25 | 1876.25 | 7423.72 | 6804.97
402 | 0.06 | 6453.21 | 13535.92 | 5641.06 | 369.77 | 1848.87 | 7467.74 | 6871.75
396 | 0.10 | 6884.66 | 13970.00 | 5487.67 | 577.67 | 2888.34 | 8318.24 | 7389.13
418 | 0.08 | 6672.29 | 14594.56 | 5504.72 | 476.84 | 2384.22 | 7850.80 | 7149.41
424 | 0.12 | 7070.68 | 15078.94 | 5261.21 | 674.96 | 3374.82 | 8555.03 | 7584.85
432 | 0.07 | 6532.64 | 15797.27 | 5426.83 | 426.16 | 2130.79 | 7527.79 | 6994.71
404 | 0.07 | 6515.61 | 16257.26 | 5377.60 | 427.27 | 2136.36 | 7484.05 | 6983.25
429 | 0.12 | 7390.43 | 16727.03 | 5383.19 | 645.76 | 3228.81 | 8534.51 | 7758.59
419 | 0.12 | 7070.90 | 17402.53 | 4982.60 | 674.94 | 3374.72 | 8276.32 | 7584.97
420 | 0.08 | 6656.48 | 18109.41 | 5207.73 | 477.98 | 2389.88 | 7559.37 | 7139.26
410 | 0.16 | 7794.83 | 18597.59 | 4819.22 | 816.35 | 4081.73 | 8770.33 | 8062.36
406 | 0.14 | 7322.78 | 19465.55 | 4597.60 | 760.35 | 3801.75 | 8292.90 | 7787.10
409 | 0.08 | 6666.54 | 20272.01 | 5044.78 | 477.26 | 2386.28 | 7392.87 | 7145.71
423 | 0.10 | 6888.21 | 20832.04 | 4805.01 | 577.37 | 2886.85 | 7634.12 | 7391.19
397 | 0.07 | 6531.44 | 21458.74 | 5029.33 | 426.24 | 2131.18 | 7130.67 | 6993.90
399 | 0.12 | 7070.76 | 21980.08 | 4433.15 | 674.96 | 3374.78 | 7726.94 | 7584.89
408 | 0.08 | 6662.11 | 22720.55 | 4844.47 | 477.57 | 2387.86 | 7194.12 | 7142.87
Vehicle 11
Charging tour: 
448  -> 440  -> 435  -> 456  -> 447  -> 458  -> 434  -> 438  -> 468  -> 444  -> 451  -> 457  -> 442  -> 436  -> 443  -> 459  -> 452  -> 441  -> 446  -> 460  -> 445  -> 454  -> 453  -> 437  -> 470  -> 462  -> 449  -> 450  -> 465  -> 455  -> 467  -> 469  -> 463  -> 466  -> 439  -> 471  -> 464  -> 461  -> 
Charging time: 
250.72476676140346  + 249.82567921404492  + 717.0499701426268  + 259.54299645891814  + 281.18561188584243  + 276.1812594858622  + 634.0921421980565  + 699.8553602624661  + 237.86013654113816  + 325.74801583961107  + 284.1625073977076  + 244.79303396111584  + 714.4978953051556  + 274.60432592391106  + 519.3161373697675  + 603.7851322731843  + 365.2547705417689  + 330.528317084473  + 744.767669676202  + 365.2793015477317  + 510.4172079437167  + 270.03381441590534  + 709.2526954679538  + 1092.0935631459593  + 360.6930388943922  + 460.11263774688683  + 448.89835475511586  + 284.87150902530726  + 443.0837600926509  + 496.211880606099  + 490.38947254541426  + 529.1607865625588  + 467.97674516517856  + 428.733761642939  + 605.5430773130162  + 421.13863910174894  + 766.1583271952658  + 544.3784679046041  + 
total node:38/38
-------------------
Traveling energy: 2417.144562230414
Charging energy: 88541.01384697852
Total energy used: 90958.15840920893
-------------------
Total time for travel: 2417.144562230414
Total time for charging: 17708.202769395702
Charging round duration: 20125.347331626115
-------------------
ID | p | E0 | time_arrive | E_remain | time_charge | energy_charge| E_after_charge | E_after_cycle
448 | 0.07 | 9575.60 | 166.76 | 9563.93 | 250.72 | 1253.62 | 10800.00 | 9160.51
440 | 0.06 | 9592.01 | 435.90 | 9565.86 | 249.83 | 1249.13 | 10800.00 | 9410.82
435 | 0.15 | 7444.76 | 816.32 | 7322.31 | 717.05 | 3585.25 | 10800.00 | 7454.19
456 | 0.08 | 9656.84 | 1672.38 | 9523.05 | 259.54 | 1297.71 | 10800.00 | 9047.45
447 | 0.05 | 9416.81 | 1978.13 | 9317.90 | 281.19 | 1405.93 | 10709.77 | 9630.80
458 | 0.07 | 9597.93 | 2278.60 | 9438.43 | 276.18 | 1380.91 | 10800.00 | 9310.12
434 | 0.12 | 8017.68 | 2600.45 | 7705.63 | 634.09 | 3170.46 | 10800.00 | 8327.49
438 | 0.14 | 7858.08 | 3281.26 | 7398.70 | 699.86 | 3499.28 | 10800.00 | 8019.93
468 | 0.12 | 10126.19 | 4057.93 | 9639.24 | 237.86 | 1189.30 | 10800.00 | 8454.84
444 | 0.07 | 9496.92 | 4326.57 | 9194.06 | 325.75 | 1628.74 | 10800.00 | 9456.95
451 | 0.07 | 9730.96 | 4741.19 | 9399.08 | 284.16 | 1420.81 | 10800.00 | 9483.06
457 | 0.06 | 9895.17 | 5074.14 | 9590.72 | 244.79 | 1223.97 | 10800.00 | 9688.81
442 | 0.14 | 8081.15 | 5382.89 | 7327.54 | 714.50 | 3572.49 | 10800.00 | 8316.21
436 | 0.05 | 9642.49 | 6141.48 | 9335.42 | 274.60 | 1373.02 | 10694.71 | 9823.58
443 | 0.10 | 8903.12 | 6477.66 | 8255.35 | 519.32 | 2596.58 | 10800.00 | 9115.82
459 | 0.16 | 8999.06 | 7008.60 | 7877.68 | 603.79 | 3018.93 | 10800.00 | 8203.78
452 | 0.08 | 9615.75 | 7659.99 | 9002.95 | 365.25 | 1826.27 | 10800.00 | 9534.92
441 | 0.06 | 9613.23 | 8114.36 | 9126.37 | 330.53 | 1652.64 | 10759.18 | 9835.55
446 | 0.14 | 8368.41 | 8485.59 | 7180.43 | 744.77 | 3723.84 | 10800.00 | 8754.82
460 | 0.08 | 9747.46 | 9307.93 | 9002.83 | 365.28 | 1826.40 | 10800.00 | 9666.76
445 | 0.09 | 9170.26 | 9737.84 | 8293.85 | 510.42 | 2552.09 | 10800.00 | 9576.85
454 | 0.05 | 9805.70 | 10348.65 | 9288.27 | 270.03 | 1350.17 | 10624.94 | 9963.93
453 | 0.14 | 8843.77 | 10648.16 | 7353.03 | 709.25 | 3546.26 | 10800.00 | 9052.61
437 | 0.16 | 7341.30 | 11418.98 | 5514.27 | 1092.09 | 5460.47 | 10800.00 | 8987.57
470 | 0.10 | 10289.53 | 12569.22 | 9032.60 | 360.69 | 1803.47 | 10800.00 | 9709.11
462 | 0.10 | 9845.31 | 12998.62 | 8545.45 | 460.11 | 2300.56 | 10800.00 | 9762.00
449 | 0.08 | 9437.76 | 13558.35 | 8353.09 | 448.90 | 2244.49 | 10561.67 | 9775.15
450 | 0.05 | 9294.96 | 14046.35 | 8592.65 | 284.87 | 1424.36 | 10002.76 | 9527.38
465 | 0.09 | 9924.37 | 14443.44 | 8624.46 | 443.08 | 2215.42 | 10800.00 | 9994.30
455 | 0.09 | 9605.10 | 14934.35 | 8261.01 | 496.21 | 2481.06 | 10697.41 | 9940.68
467 | 0.11 | 10103.51 | 15468.35 | 8402.00 | 490.39 | 2451.95 | 10800.00 | 9933.20
469 | 0.11 | 9971.27 | 15989.68 | 8212.40 | 529.16 | 2645.80 | 10800.00 | 9994.81
463 | 0.09 | 9991.71 | 16549.77 | 8502.23 | 467.98 | 2339.88 | 10800.00 | 10186.11
466 | 0.08 | 9881.64 | 17035.36 | 8518.81 | 428.73 | 2143.67 | 10628.18 | 10118.21
439 | 0.10 | 8745.44 | 17539.26 | 6991.51 | 605.54 | 3027.72 | 9958.68 | 9389.28
471 | 0.08 | 10059.85 | 18179.36 | 8605.50 | 421.14 | 2105.69 | 10677.51 | 10258.45
464 | 0.14 | 9676.90 | 18677.57 | 7062.04 | 766.16 | 3830.79 | 10785.57 | 10170.26
461 | 0.10 | 9728.05 | 19488.42 | 7779.21 | 544.38 | 2721.89 | 10446.66 | 10066.07
Vehicle 12
Charging tour: 
487  -> 490  -> 505  -> 506  -> 516  -> 477  -> 502  -> 498  -> 501  -> 514  -> 518  -> 512  -> 478  -> 497  -> 485  -> 500  -> 484  -> 473  -> 510  -> 495  -> 499  -> 494  -> 508  -> 493  -> 488  -> 513  -> 481  -> 474  -> 511  -> 509  -> 504  -> 476  -> 480  -> 507  -> 475  -> 491  -> 482  -> 486  -> 
Charging time: 
352.76384055234684  + 339.8685141694942  + 617.2454274740455  + 336.42220237388767  + 603.7550630749903  + 700.2539141245687  + 616.9975947080267  + 727.4168692054981  + 603.7556552588475  + 481.9728221149216  + 1684.1183681589528  + 481.00525896587203  + 618.1447286329229  + 616.3777104968667  + 273.79474705810725  + 549.1945396788752  + 408.17060500320645  + 546.3775550918724  + 742.0825919305352  + 546.9951113875114  + 545.6083119891821  + 649.0974014650101  + 417.1763032403341  + 341.20978015033177  + 581.144469602711  + 352.95010683300126  + 472.78156112070076  + 755.1806764229361  + 547.6301865559018  + 416.36895826679  + 285.57824930202264  + 324.62215995378017  + 477.125733472599  + 407.53084086095737  + 667.0447559560762  + 790.4163297085744  + 632.9618985917416  + 755.3479281214358  + 
total node:38/48
-------------------
Traveling energy: 1667.55614462281
Charging energy: 106332.44385537719
Total energy used: 108000.0
-------------------
Total time for travel: 1667.55614462281
Total time for charging: 21266.488771075437
Charging round duration: 22934.044915698247
-------------------
ID | p | E0 | time_arrive | E_remain | time_charge | energy_charge| E_after_charge | E_after_cycle
487 | 0.06 | 4926.03 | 190.98 | 4914.57 | 352.76 | 1763.82 | 6657.23 | 5259.53
490 | 0.06 | 5112.94 | 584.72 | 5077.85 | 339.87 | 1699.34 | 6756.80 | 5381.95
505 | 0.10 | 4692.15 | 943.05 | 4597.85 | 617.25 | 3086.23 | 7622.35 | 5394.50
506 | 0.06 | 5165.31 | 1598.80 | 5069.39 | 336.42 | 1682.11 | 6731.31 | 5417.10
516 | 0.09 | 4317.30 | 1962.47 | 4140.67 | 603.76 | 3018.78 | 7105.11 | 5190.58
477 | 0.11 | 4549.54 | 2581.00 | 4265.63 | 700.25 | 3501.27 | 7689.87 | 5428.54
502 | 0.10 | 4694.04 | 3314.60 | 4362.58 | 617.00 | 3084.99 | 7385.87 | 5395.15
498 | 0.12 | 4777.80 | 3981.52 | 4300.02 | 727.42 | 3637.08 | 7849.81 | 5554.23
501 | 0.09 | 4317.29 | 4778.92 | 3887.19 | 603.76 | 3018.78 | 6851.63 | 5190.58
514 | 0.08 | 4807.26 | 5425.54 | 4373.22 | 481.97 | 2409.86 | 6744.52 | 5310.02
518 | 0.14 | 2407.61 | 5928.26 | 1577.65 | 1684.12 | 8420.59 | 9762.47 | 7490.77
512 | 0.08 | 4816.93 | 7626.16 | 4206.84 | 481.01 | 2405.03 | 6573.38 | 5314.85
478 | 0.10 | 4685.33 | 8167.17 | 3868.61 | 618.14 | 3090.72 | 6897.52 | 5392.17
497 | 0.10 | 4698.76 | 8808.67 | 3817.89 | 616.38 | 3081.89 | 6838.14 | 5396.77
485 | 0.05 | 5289.02 | 9434.02 | 4817.32 | 273.79 | 1368.97 | 6172.60 | 5466.05
500 | 0.09 | 4746.20 | 9774.26 | 3866.52 | 549.19 | 2745.97 | 6563.07 | 5346.69
484 | 0.07 | 4966.91 | 10355.83 | 4242.00 | 408.17 | 2040.85 | 6254.29 | 5339.05
473 | 0.09 | 4770.67 | 10841.55 | 3794.94 | 546.38 | 2731.89 | 6477.65 | 5357.07
510 | 0.13 | 5073.66 | 11416.86 | 3589.47 | 742.08 | 3710.41 | 7203.41 | 5685.03
495 | 0.09 | 4765.29 | 12167.47 | 3670.22 | 547.00 | 2734.98 | 6355.96 | 5354.78
499 | 0.09 | 4777.40 | 12755.84 | 3629.38 | 545.61 | 2728.04 | 6308.31 | 5359.95
494 | 0.09 | 4015.71 | 13330.24 | 2815.99 | 649.10 | 3245.49 | 6003.06 | 5115.71
508 | 0.07 | 4859.69 | 13988.56 | 3880.49 | 417.18 | 2085.88 | 5937.17 | 5276.86
493 | 0.06 | 5092.84 | 14465.18 | 4224.93 | 341.21 | 1706.05 | 5910.50 | 5368.56
488 | 0.09 | 4485.27 | 14862.84 | 3147.61 | 581.14 | 2905.72 | 6001.03 | 5245.50
513 | 0.06 | 4923.43 | 15457.04 | 3996.01 | 352.95 | 1764.75 | 5739.58 | 5257.86
481 | 0.08 | 4900.72 | 15840.93 | 3633.44 | 472.78 | 2363.91 | 5959.53 | 5357.52
474 | 0.12 | 4602.15 | 16343.91 | 2640.88 | 755.18 | 3775.90 | 6326.16 | 5517.40
511 | 0.09 | 4759.76 | 17157.64 | 3215.57 | 547.63 | 2738.15 | 5904.44 | 5352.42
509 | 0.07 | 4869.11 | 17755.08 | 3626.26 | 416.37 | 2081.84 | 5678.96 | 5282.24
504 | 0.05 | 5070.78 | 18196.49 | 4160.96 | 285.58 | 1427.89 | 5574.57 | 5306.74
476 | 0.06 | 5353.07 | 18519.13 | 4241.93 | 324.62 | 1623.11 | 5845.56 | 5545.86
480 | 0.08 | 4856.10 | 18886.44 | 3345.18 | 477.13 | 2385.63 | 5692.64 | 5334.62
507 | 0.07 | 4974.71 | 19399.34 | 3616.76 | 407.53 | 2037.65 | 5625.88 | 5343.65
475 | 0.17 | 7381.15 | 19843.49 | 4007.76 | 667.04 | 3335.22 | 7229.58 | 6663.78
491 | 0.13 | 4763.41 | 20526.68 | 2094.94 | 790.42 | 3952.08 | 5944.27 | 5616.45
482 | 0.13 | 5948.34 | 21339.19 | 3174.25 | 632.96 | 3164.81 | 6256.77 | 6014.11
486 | 0.12 | 4601.13 | 22005.81 | 1960.43 | 755.35 | 3776.74 | 5646.53 | 5517.22
472 | 0.13 | 4575.95 | 1476.91
479 | 0.12 | 4598.91 | 1738.26
483 | 0.15 | 4601.47 | 1025.65
489 | 0.16 | 4701.32 | 887.12
492 | 0.14 | 4585.35 | 1247.92
496 | 0.13 | 4589.33 | 1490.30
503 | 0.14 | 4872.65 | 1535.22
515 | 0.12 | 4601.68 | 1741.03
[91m517 | 0.14 | 1970.71 | -1366.72[00m
[91m519 | 0.13 | 1728.06 | -1370.98[00m
Vehicle 13
Charging tour: 
538  -> 523  -> 536  -> 532  -> 528  -> 521  -> 520  -> 535  -> 549  -> 526  -> 525  -> 522  -> 524  -> 533  -> 531  -> 541  -> 544  -> 546  -> 527  -> 545  -> 537  -> 530  -> 529  -> 547  -> 540  -> 548  -> 534  -> 551  -> 543  -> 539  -> 550  -> 542  -> 
Charging time: 
394.0894267858551  + 504.34456956860004  + 474.9074546721121  + 359.0040215434698  + 529.1698293422314  + 467.51329080211644  + 707.3231332283132  + 369.2615989683841  + 165.21774643049474  + 407.93671512786875  + 799.247580501118  + 580.5580057046516  + 632.3715286805425  + 402.552481194793  + 316.7693712661268  + 418.3282256195384  + 278.7001235509826  + 310.0292640751303  + 539.0818331648825  + 332.8302795390925  + 612.2274528256746  + 358.57739771347724  + 681.000130108033  + 310.48109720023007  + 306.42797281870287  + 224.67142447820905  + 548.1682995674604  + 446.3116799873205  + 468.5966206196277  + 567.8638462013619  + 291.509668578899  + 390.67178232134734  + 
total node:32/32
-------------------
Traveling energy: 2108.9981093840697
Charging energy: 70978.71926093326
Total energy used: 73087.71737031733
-------------------
Total time for travel: 2108.9981093840697
Total time for charging: 14195.74385218665
Charging round duration: 16304.741961570719
-------------------
ID | p | E0 | time_arrive | E_remain | time_charge | energy_charge| E_after_charge | E_after_cycle
538 | 0.14 | 8910.37 | 183.15 | 8884.73 | 394.09 | 1970.45 | 10800.00 | 7543.39
523 | 0.11 | 8405.69 | 653.96 | 8333.76 | 504.34 | 2521.72 | 10800.00 | 8305.15
536 | 0.14 | 8667.19 | 1251.69 | 8491.95 | 474.91 | 2374.54 | 10800.00 | 7704.30
532 | 0.09 | 9202.54 | 1836.07 | 9037.29 | 359.00 | 1795.02 | 10800.00 | 8852.07
528 | 0.12 | 8487.00 | 2244.57 | 8217.65 | 529.17 | 2645.85 | 10800.00 | 8272.20
521 | 0.09 | 8756.63 | 2801.36 | 8504.51 | 467.51 | 2337.57 | 10800.00 | 8948.71
520 | 0.13 | 7792.25 | 3360.88 | 7355.34 | 707.32 | 3536.62 | 10800.00 | 8229.83
535 | 0.09 | 9364.87 | 4199.39 | 8986.93 | 369.26 | 1846.31 | 10800.00 | 9065.69
549 | 0.06 | 10263.04 | 4653.51 | 9983.82 | 165.22 | 826.09 | 10800.00 | 9658.80
526 | 0.08 | 9181.50 | 4856.84 | 8792.95 | 407.94 | 2039.68 | 10800.00 | 9314.08
525 | 0.15 | 7718.86 | 5301.43 | 6923.65 | 799.25 | 3996.24 | 10800.00 | 8139.29
522 | 0.10 | 8575.91 | 6206.46 | 7955.27 | 580.56 | 2902.79 | 10800.00 | 9094.82
524 | 0.11 | 8462.87 | 6865.17 | 7707.70 | 632.37 | 3161.86 | 10800.00 | 9002.47
533 | 0.08 | 9423.46 | 7550.29 | 8819.44 | 402.55 | 2012.76 | 10800.00 | 9529.13
531 | 0.06 | 9713.26 | 7968.28 | 9235.16 | 316.77 | 1583.85 | 10800.00 | 9866.78
541 | 0.10 | 9583.72 | 8335.25 | 8750.19 | 418.33 | 2091.64 | 10800.00 | 9291.48
544 | 0.07 | 10039.58 | 8765.35 | 9426.01 | 278.70 | 1393.50 | 10800.00 | 9764.37
546 | 0.08 | 10002.28 | 9095.26 | 9274.66 | 310.03 | 1550.15 | 10800.00 | 9645.32
527 | 0.09 | 9005.50 | 9470.99 | 8153.11 | 539.08 | 2695.41 | 10800.00 | 9555.42
545 | 0.08 | 9968.90 | 10080.25 | 9162.48 | 332.83 | 1664.15 | 10800.00 | 9725.95
537 | 0.12 | 9069.81 | 10479.00 | 7812.33 | 612.23 | 3061.14 | 10800.00 | 9270.30
530 | 0.06 | 9695.00 | 11106.26 | 9028.63 | 358.58 | 1792.89 | 10800.00 | 10057.56
529 | 0.11 | 8738.70 | 11534.49 | 7469.91 | 681.00 | 3405.00 | 10800.00 | 9521.44
547 | 0.07 | 10127.58 | 12260.80 | 9269.33 | 310.48 | 1552.41 | 10800.00 | 10011.28
540 | 0.06 | 10042.13 | 12598.03 | 9286.25 | 306.43 | 1532.14 | 10800.00 | 10143.94
548 | 0.05 | 10335.88 | 12960.07 | 9687.88 | 224.67 | 1123.36 | 10800.00 | 10267.30
534 | 0.09 | 9302.94 | 13271.62 | 8108.49 | 548.17 | 2740.84 | 10800.00 | 9898.29
551 | 0.10 | 9997.25 | 13841.81 | 8613.07 | 446.31 | 2231.56 | 10800.00 | 9844.94
543 | 0.09 | 9789.99 | 14342.17 | 8499.19 | 468.60 | 2342.98 | 10800.00 | 9987.48
539 | 0.10 | 9503.46 | 14859.96 | 8017.47 | 567.86 | 2839.32 | 10800.00 | 9958.91
550 | 0.06 | 10286.72 | 15446.23 | 9359.94 | 291.51 | 1457.55 | 10800.00 | 10313.94
542 | 0.07 | 9977.89 | 15770.02 | 8873.99 | 390.67 | 1953.36 | 10800.00 | 10262.53
Vehicle 14
Charging tour: 
558  -> 561  -> 556  -> 568  -> 554  -> 563  -> 572  -> 552  -> 577  -> 580  -> 567  -> 571  -> 579  -> 555  -> 574  -> 569  -> 587  -> 557  -> 565  -> 581  -> 590  -> 585  -> 582  -> 584  -> 559  -> 562  -> 589  -> 560  -> 553  -> 576  -> 591  -> 578  -> 564  -> 566  -> 570  -> 575  -> 586  -> 588  -> 583  -> 573  -> 
Charging time: 
275.2692611868098  + 288.5588430583346  + 603.3521805227871  + 323.9293482220465  + 448.1668394287869  + 520.2776831114653  + 319.83458717836425  + 323.4976085391691  + 333.27853477622864  + 320.33351604109555  + 383.8689137104688  + 271.6233093328861  + 342.8412978268019  + 442.16110284094674  + 276.3105475391619  + 448.4988518564394  + 457.6200685308599  + 274.163098589114  + 674.9470277400791  + 449.3130957577362  + 425.0698550101769  + 321.5157564812828  + 429.96333087293203  + 368.6511900348243  + 570.7075818191475  + 369.6543713799431  + 507.5562198442312  + 1054.6887112756972  + 379.70542365935717  + 752.1878619743635  + 660.3675719978692  + 458.95350927171665  + 927.5707112158808  + 683.3740375247212  + 362.65372899577625  + 778.4408247582448  + 766.4006928293906  + 782.6845430495788  + 409.38784912543167  + 416.2739623966417  + 
total node:40/40
-------------------
Traveling energy: 2427.023545693425
Charging energy: 96018.26724653394
Total energy used: 98445.29079222737
-------------------
Total time for travel: 2427.023545693425
Total time for charging: 19203.65344930679
Charging round duration: 21630.676995000213
-------------------
ID | p | E0 | time_arrive | E_remain | time_charge | energy_charge| E_after_charge | E_after_cycle
558 | 0.05 | 9054.18 | 185.23 | 9044.92 | 275.27 | 1376.35 | 10407.50 | 9238.59
561 | 0.07 | 9412.03 | 494.71 | 9377.40 | 288.56 | 1442.79 | 10800.00 | 9186.12
556 | 0.13 | 7968.54 | 822.07 | 7861.67 | 603.35 | 3016.76 | 10800.00 | 7886.27
568 | 0.06 | 9232.90 | 1458.86 | 9145.37 | 323.93 | 1619.65 | 10745.58 | 9422.22
554 | 0.09 | 8762.93 | 1815.84 | 8599.50 | 448.17 | 2240.83 | 10800.00 | 8858.27
563 | 0.12 | 8538.97 | 2316.02 | 8261.04 | 520.28 | 2601.39 | 10800.00 | 8279.70
572 | 0.06 | 9351.10 | 2862.24 | 9179.37 | 319.83 | 1599.17 | 10759.35 | 9519.95
552 | 0.06 | 9245.22 | 3238.77 | 9050.89 | 323.50 | 1617.49 | 10648.97 | 9432.38
577 | 0.07 | 9410.55 | 3623.01 | 9156.94 | 333.28 | 1666.39 | 10800.00 | 9408.23
580 | 0.06 | 9336.54 | 4030.79 | 9094.69 | 320.33 | 1601.67 | 10677.14 | 9507.88
567 | 0.09 | 9310.11 | 4387.86 | 8915.20 | 383.87 | 1919.34 | 10800.00 | 9083.97
571 | 0.05 | 9175.72 | 4794.17 | 8936.01 | 271.62 | 1358.12 | 10280.54 | 9341.89
579 | 0.07 | 9470.08 | 5146.90 | 9109.79 | 342.84 | 1714.21 | 10800.00 | 9515.57
555 | 0.08 | 9018.75 | 5521.67 | 8577.02 | 442.16 | 2210.81 | 10752.45 | 9322.46
574 | 0.05 | 9020.06 | 6009.10 | 8719.61 | 276.31 | 1381.55 | 10087.34 | 9209.68
569 | 0.10 | 9235.49 | 6331.34 | 8602.36 | 448.50 | 2242.49 | 10800.00 | 9094.11
587 | 0.17 | 9757.57 | 6869.86 | 8589.70 | 457.62 | 2288.10 | 10800.00 | 7993.08
557 | 0.05 | 9090.71 | 7423.30 | 8719.55 | 274.16 | 1370.82 | 10076.66 | 9269.59
565 | 0.13 | 8523.53 | 7773.27 | 7513.01 | 674.95 | 3374.74 | 10800.00 | 8799.23
581 | 0.12 | 9636.98 | 8580.25 | 8607.35 | 449.31 | 2246.57 | 10800.00 | 9022.90
590 | 0.12 | 9825.51 | 9165.45 | 8725.66 | 425.07 | 2125.35 | 10800.00 | 9090.21
585 | 0.06 | 9302.21 | 9684.53 | 8721.14 | 321.52 | 1607.58 | 10309.42 | 9479.46
582 | 0.11 | 9799.45 | 10017.92 | 8697.48 | 429.96 | 2149.82 | 10800.00 | 9327.00
584 | 0.07 | 9464.97 | 10517.58 | 8728.74 | 368.65 | 1843.26 | 10546.19 | 9639.52
559 | 0.10 | 8734.20 | 10900.11 | 7644.19 | 570.71 | 2853.54 | 10440.66 | 9203.87
562 | 0.07 | 9439.29 | 11516.48 | 8633.13 | 369.65 | 1848.27 | 10455.53 | 9618.85
589 | 0.12 | 9750.65 | 11896.04 | 8323.13 | 507.56 | 2537.78 | 10800.00 | 9427.78
560 | 0.16 | 7561.93 | 12457.94 | 5568.66 | 1054.69 | 5273.44 | 10673.35 | 9021.17
553 | 0.07 | 9189.42 | 13538.70 | 8241.71 | 379.71 | 1898.53 | 10113.66 | 9419.24
576 | 0.14 | 9103.17 | 13991.43 | 7144.37 | 752.19 | 3760.94 | 10800.00 | 9526.68
591 | 0.13 | 9504.34 | 14771.75 | 7584.01 | 660.37 | 3301.84 | 10800.00 | 9707.14
578 | 0.09 | 9774.87 | 15455.67 | 8383.86 | 458.95 | 2294.77 | 10637.32 | 9924.15
564 | 0.15 | 8060.86 | 15953.50 | 5667.83 | 927.57 | 4637.85 | 10166.55 | 9122.90
566 | 0.12 | 8753.06 | 16939.22 | 6720.35 | 683.37 | 3416.87 | 10055.22 | 9309.28
570 | 0.07 | 9621.50 | 17646.56 | 8386.24 | 362.65 | 1813.27 | 10174.13 | 9766.06
575 | 0.14 | 8964.78 | 18041.36 | 6438.99 | 778.44 | 3892.20 | 10222.21 | 9519.55
586 | 0.15 | 9756.01 | 18879.63 | 6924.07 | 766.40 | 3832.00 | 10641.11 | 10012.20
588 | 0.15 | 9553.04 | 19691.06 | 6599.38 | 782.68 | 3913.42 | 10395.40 | 9890.65
583 | 0.08 | 9740.74 | 20567.48 | 8095.34 | 409.39 | 2046.94 | 10109.53 | 9880.58
573 | 0.08 | 9579.61 | 21076.64 | 7893.48 | 416.27 | 2081.37 | 9941.55 | 9753.88
Vehicle 15
Charging tour: 
623  -> 613  -> 597  -> 596  -> 617  -> 627  -> 607  -> 598  -> 594  -> 600  -> 593  -> 616  -> 619  -> 602  -> 610  -> 631  -> 624  -> 618  -> 595  -> 611  -> 615  -> 621  -> 608  -> 604  -> 620  -> 629  -> 626  -> 628  -> 612  -> 599  -> 605  -> 603  -> 614  -> 609  -> 625  -> 606  -> 592  -> 601  -> 622  -> 630  -> 
Charging time: 
476.82253278550326  + 387.55890132700165  + 521.1608565343372  + 650.8965126570815  + 432.46302502265286  + 477.20454673426946  + 476.67750855567755  + 608.5493903524482  + 387.2777334234304  + 341.6061116085884  + 387.8348421801002  + 432.7660379060283  + 608.5392584144062  + 432.6175675787974  + 432.7836176658487  + 2112.839064593694  + 604.8529357031904  + 545.2605259820546  + 286.26851655714745  + 337.991835340192  + 280.5732358067848  + 521.1679750874843  + 386.8902724535857  + 1060.260989259767  + 521.5405665737331  + 566.3068110240988  + 521.3722240807832  + 571.9274351078118  + 521.2306403887758  + 608.559778081547  + 565.0534156506435  + 545.3138553758833  + 552.8086594458345  + 432.36257340799307  + 512.6330548264291  + 383.4959773033619  + 288.02200824480036  + 338.03292414375994  + 432.6184837066155  + 431.51246168697446  + 
total node:40/40
-------------------
Traveling energy: 2224.042397211644
Charging energy: 104918.27331289559
Total energy used: 107142.31571010723
-------------------
Total time for travel: 2224.042397211644
Total time for charging: 20983.654662579116
Charging round duration: 23207.69705979076
-------------------
ID | p | E0 | time_arrive | E_remain | time_charge | energy_charge| E_after_charge | E_after_cycle
623 | 0.10 | 5599.59 | 156.70 | 5583.92 | 476.82 | 2384.11 | 7920.35 | 5599.82
613 | 0.08 | 5511.44 | 653.79 | 5459.14 | 387.56 | 1937.79 | 7365.93 | 5542.13
597 | 0.11 | 5635.52 | 1094.47 | 5515.12 | 521.16 | 2605.80 | 8063.60 | 5619.06
596 | 0.14 | 5742.87 | 1679.01 | 5507.81 | 650.90 | 3254.48 | 8671.16 | 5659.92
617 | 0.09 | 5556.56 | 2450.57 | 5336.01 | 432.46 | 2162.32 | 7459.41 | 5573.39
627 | 0.10 | 5595.10 | 2916.76 | 5303.43 | 477.20 | 2386.02 | 7641.73 | 5597.25
607 | 0.10 | 5601.29 | 3481.62 | 5253.13 | 476.68 | 2383.39 | 7588.85 | 5600.80
598 | 0.13 | 5703.75 | 4008.07 | 5182.70 | 608.55 | 3042.75 | 8146.33 | 5647.46
594 | 0.08 | 5515.44 | 4625.18 | 5145.43 | 387.28 | 1936.39 | 7050.83 | 5544.73
600 | 0.07 | 5471.23 | 5026.86 | 5119.35 | 341.61 | 1708.03 | 6803.47 | 5510.55
593 | 0.08 | 5507.52 | 5384.07 | 5076.79 | 387.83 | 1939.17 | 6984.94 | 5539.59
616 | 0.09 | 5552.67 | 5872.37 | 5024.16 | 432.77 | 2163.83 | 7149.04 | 5571.01
619 | 0.13 | 5703.84 | 6353.38 | 4877.90 | 608.54 | 3042.70 | 7841.49 | 5647.50
602 | 0.09 | 5554.58 | 7034.90 | 4921.44 | 432.62 | 2163.09 | 7045.59 | 5572.18
610 | 0.09 | 5552.45 | 7546.64 | 4873.25 | 432.78 | 2163.92 | 6998.22 | 5570.88
631 | 0.15 | 1753.22 | 8003.26 | 552.73 | 2112.84 | 10564.20 | 10800.00 | 8741.60
624 | 0.13 | 5738.61 | 10181.19 | 4415.05 | 604.85 | 3024.26 | 7360.68 | 5663.83
618 | 0.12 | 5876.11 | 10844.16 | 4574.81 | 545.26 | 2726.30 | 7235.68 | 5741.76
595 | 0.06 | 5596.16 | 11414.91 | 4911.27 | 286.27 | 1431.34 | 6325.44 | 5597.18
611 | 0.07 | 5529.74 | 11794.35 | 4704.13 | 337.99 | 1689.96 | 6370.43 | 5550.98
615 | 0.06 | 5709.76 | 12210.45 | 4977.13 | 280.57 | 1402.87 | 6363.16 | 5682.30
621 | 0.11 | 5635.44 | 12532.09 | 4256.91 | 521.17 | 2605.84 | 6805.42 | 5619.01
608 | 0.08 | 5520.96 | 13108.68 | 4472.27 | 386.89 | 1934.45 | 6375.77 | 5548.31
604 | 0.24 | 6043.82 | 13523.66 | 2798.14 | 1060.26 | 5301.30 | 7844.98 | 5623.82
620 | 0.11 | 5631.41 | 14592.34 | 4026.26 | 521.54 | 2607.70 | 6576.59 | 5616.85
629 | 0.13 | 6129.21 | 15141.31 | 4160.84 | 566.31 | 2831.53 | 6918.75 | 5861.70
626 | 0.11 | 5633.23 | 15736.65 | 3902.20 | 521.37 | 2606.86 | 6451.71 | 5617.83
628 | 0.13 | 6068.97 | 16324.28 | 3946.82 | 571.93 | 2859.64 | 6732.10 | 5829.57
612 | 0.11 | 5634.76 | 16929.38 | 3772.53 | 521.23 | 2606.15 | 6321.35 | 5618.65
599 | 0.13 | 5703.65 | 17519.78 | 3426.08 | 608.56 | 3042.80 | 6389.76 | 5647.41
605 | 0.12 | 5670.28 | 18142.43 | 3493.19 | 565.05 | 2825.27 | 6250.65 | 5634.90
603 | 0.15 | 7344.42 | 18766.12 | 4529.50 | 545.31 | 2726.57 | 7174.27 | 6495.17
614 | 0.12 | 5795.88 | 19363.90 | 3472.21 | 552.81 | 2764.04 | 6169.92 | 5699.27
609 | 0.09 | 5557.85 | 19981.29 | 3759.54 | 432.36 | 2161.81 | 5882.44 | 5574.18
625 | 0.11 | 5729.26 | 20480.63 | 3476.40 | 512.63 | 2563.17 | 5983.17 | 5670.17
606 | 0.08 | 5569.83 | 21050.10 | 3885.82 | 383.50 | 1917.48 | 5772.62 | 5580.21
592 | 0.06 | 5562.09 | 21498.44 | 4272.19 | 288.02 | 1440.11 | 5695.02 | 5571.88
601 | 0.07 | 5529.07 | 21851.00 | 3999.50 | 338.03 | 1690.16 | 5666.00 | 5550.52
622 | 0.09 | 5554.57 | 22206.12 | 3556.02 | 432.62 | 2163.09 | 5680.17 | 5572.17
630 | 0.09 | 5568.80 | 22677.91 | 3527.79 | 431.51 | 2157.56 | 5646.52 | 5580.88
Vehicle 16
Charging tour: 
632  -> 639  -> 646  -> 642  -> 637  -> 636  -> 641  -> 654  -> 633  -> 640  -> 647  -> 634  -> 638  -> 653  -> 648  -> 655  -> 652  -> 656  -> 643  -> 649  -> 635  -> 644  -> 650  -> 645  -> 657  -> 658  -> 651  -> 
Charging time: 
316.80499574813365  + 412.961826108719  + 345.6285484207665  + 376.9405630515928  + 453.7397221914705  + 328.45805545500576  + 375.21596418535785  + 353.1744580312872  + 375.76903160761356  + 362.6869894316192  + 411.6220139560173  + 472.1636535719262  + 455.413333434961  + 319.0882299601884  + 482.2644879953326  + 342.5498497383  + 288.81447264629935  + 341.4301626209799  + 397.05731071597376  + 475.2726321728606  + 419.4156854860192  + 461.4979853961381  + 629.0586212593782  + 416.8446145460148  + 405.673547616509  + 474.0137350930386  + 376.8046641527353  + 
total node:27/27
-------------------
Traveling energy: 1648.8936566592997
Charging energy: 54351.82577297119
Total energy used: 56000.71942963049
-------------------
Total time for travel: 1648.8936566592997
Total time for charging: 10870.365154594238
Charging round duration: 12519.258811253538
-------------------
ID | p | E0 | time_arrive | E_remain | time_charge | energy_charge| E_after_charge | E_after_cycle
632 | 0.06 | 9245.76 | 179.58 | 9234.98 | 316.80 | 1584.02 | 10800.00 | 9399.46
639 | 0.05 | 8783.56 | 554.32 | 8755.84 | 412.96 | 2064.81 | 10800.00 | 9656.43
646 | 0.11 | 9224.83 | 1044.99 | 9109.88 | 345.63 | 1728.14 | 10800.00 | 8330.70
642 | 0.10 | 9101.79 | 1487.97 | 8952.99 | 376.94 | 1884.70 | 10800.00 | 8602.61
637 | 0.05 | 8652.13 | 1962.79 | 8553.99 | 453.74 | 2268.70 | 10800.00 | 9728.89
636 | 0.07 | 9358.54 | 2540.52 | 9180.70 | 328.46 | 1642.29 | 10800.00 | 9332.11
641 | 0.09 | 9221.61 | 2932.43 | 8957.69 | 375.22 | 1876.08 | 10800.00 | 8952.20
654 | 0.14 | 9547.79 | 3315.85 | 9083.57 | 353.17 | 1765.87 | 10800.00 | 7976.24
633 | 0.06 | 9166.90 | 3720.07 | 8943.70 | 375.77 | 1878.85 | 10800.00 | 9615.42
640 | 0.08 | 9350.13 | 4181.85 | 9015.58 | 362.69 | 1813.43 | 10800.00 | 9256.46
647 | 0.11 | 9289.51 | 4566.77 | 8787.17 | 411.62 | 2058.11 | 10800.00 | 8725.36
634 | 0.05 | 8640.94 | 5016.59 | 8390.11 | 472.16 | 2360.82 | 10727.32 | 9809.82
638 | 0.09 | 9061.71 | 5530.99 | 8563.92 | 455.41 | 2277.07 | 10800.00 | 9193.29
653 | 0.10 | 9837.20 | 6007.28 | 9236.47 | 319.09 | 1595.44 | 10800.00 | 9048.76
648 | 0.12 | 9219.08 | 6437.78 | 8446.55 | 482.26 | 2411.32 | 10800.00 | 8769.75
655 | 0.11 | 9892.46 | 6977.53 | 9124.93 | 342.55 | 1712.75 | 10800.00 | 8982.94
652 | 0.08 | 9968.43 | 7367.50 | 9379.03 | 288.81 | 1444.07 | 10800.00 | 9505.40
656 | 0.11 | 9974.25 | 7671.26 | 9130.41 | 341.43 | 1707.15 | 10800.00 | 9059.13
643 | 0.08 | 9493.06 | 8082.29 | 8846.48 | 397.06 | 1985.29 | 10800.00 | 9571.25
649 | 0.11 | 9415.27 | 8539.58 | 8475.92 | 475.27 | 2376.36 | 10800.00 | 9169.37
635 | 0.06 | 9270.12 | 9033.95 | 8728.09 | 419.42 | 2097.08 | 10800.00 | 9936.88
644 | 0.09 | 9385.99 | 9466.06 | 8534.04 | 461.50 | 2307.49 | 10800.00 | 9547.99
650 | 0.14 | 9136.59 | 9955.79 | 7742.78 | 629.06 | 3145.29 | 10800.00 | 8944.45
645 | 0.08 | 9600.76 | 10645.42 | 8749.12 | 416.84 | 2084.22 | 10800.00 | 9777.88
657 | 0.11 | 10035.22 | 11081.47 | 8816.26 | 405.67 | 2028.37 | 10800.00 | 9441.32
658 | 0.13 | 9989.25 | 11520.72 | 8491.55 | 474.01 | 2370.07 | 10800.00 | 9260.28
651 | 0.08 | 9907.20 | 12013.52 | 8946.12 | 376.80 | 1884.02 | 10800.00 | 9884.12
Vehicle 17
Charging tour: 
692  -> 675  -> 684  -> 663  -> 686  -> 694  -> 689  -> 661  -> 681  -> 682  -> 670  -> 696  -> 697  -> 688  -> 662  -> 669  -> 691  -> 680  -> 695  -> 677  -> 660  -> 683  -> 665  -> 667  -> 676  -> 685  -> 673  -> 668  -> 672  -> 687  -> 659  -> 678  -> 679  -> 666  -> 690  -> 674  -> 693  -> 671  -> 664  -> 
Charging time: 
518.7855528011042  + 451.7573664751826  + 518.8363851595927  + 383.16567560282004  + 583.9675589371951  + 1810.5498736811862  + 451.89351490279955  + 273.28204748492357  + 485.4525094087368  + 381.68941760056646  + 185.52533035878446  + 2003.1200938115962  + 2079.1836038231013  + 451.599877833645  + 270.50549753446745  + 381.7248363449616  + 351.54812504312576  + 382.86597303250613  + 1440.8943502877923  + 451.9105435880932  + 312.4960806443476  + 272.7324064456845  + 485.53951712407064  + 551.0748470421511  + 267.72449661107464  + 451.53381518455376  + 518.8491921202732  + 583.5411975718683  + 191.36488853024795  + 311.47850066999945  + 417.38898760605946  + 193.5983541181351  + 308.3124460479769  + 452.00421393132484  + 312.3855567256396  + 485.47266701674073  + 518.7215792379781  + 201.82166098266217  + 307.9277588386066  + 
total node:39/39
-------------------
Traveling energy: 2307.455123000325
Charging energy: 105011.13150080788
Total energy used: 107318.58662380821
-------------------
Total time for travel: 2307.455123000325
Total time for charging: 21002.226300161576
Charging round duration: 23309.6814231619
-------------------
ID | p | E0 | time_arrive | E_remain | time_charge | energy_charge| E_after_charge | E_after_cycle
692 | 0.14 | 7364.28 | 74.75 | 7353.81 | 518.79 | 2593.93 | 9875.11 | 6620.78
675 | 0.12 | 7248.80 | 690.49 | 7165.94 | 451.76 | 2258.79 | 9370.51 | 6646.93
684 | 0.14 | 7363.55 | 1162.48 | 7200.81 | 518.84 | 2594.18 | 9722.35 | 6620.31
663 | 0.10 | 7122.02 | 1716.23 | 6950.40 | 383.17 | 1915.83 | 8827.91 | 6653.97
686 | 0.16 | 7476.89 | 2134.66 | 7135.35 | 583.97 | 2919.84 | 9961.75 | 6582.53
694 | 0.17 | 2521.47 | 2743.65 | 2055.04 | 1810.55 | 9052.75 | 10800.00 | 7521.62
689 | 0.12 | 7246.61 | 4572.40 | 6697.92 | 451.89 | 2259.47 | 8903.16 | 6645.43
661 | 0.07 | 6989.99 | 5104.46 | 6632.68 | 273.28 | 1366.41 | 7979.96 | 6687.69
681 | 0.13 | 7307.80 | 5420.24 | 6603.17 | 485.45 | 2427.26 | 8967.32 | 6636.02
682 | 0.10 | 7149.57 | 5974.08 | 6552.16 | 381.69 | 1908.45 | 8422.44 | 6674.14
670 | 0.05 | 7354.56 | 6399.71 | 7034.57 | 185.53 | 927.63 | 7952.92 | 7090.25
696 | 0.18 | 2341.82 | 6649.20 | 1144.96 | 2003.12 | 10015.60 | 10800.00 | 8066.44
697 | 0.18 | 2348.31 | 8722.09 | 778.34 | 2079.18 | 10395.92 | 10800.00 | 8453.25
688 | 0.12 | 7251.32 | 10816.98 | 5953.29 | 451.60 | 2258.00 | 8157.09 | 6648.67
662 | 0.07 | 7061.74 | 11303.57 | 6270.49 | 270.51 | 1352.53 | 7604.08 | 6745.56
669 | 0.10 | 7148.90 | 11630.55 | 5985.85 | 381.72 | 1908.62 | 7856.30 | 6673.65
691 | 0.09 | 6986.31 | 12062.54 | 5900.68 | 351.55 | 1757.74 | 7626.78 | 6598.56
680 | 0.10 | 7127.60 | 12425.74 | 5885.02 | 382.87 | 1914.33 | 7761.07 | 6658.05
695 | 0.19 | 3598.42 | 12846.54 | 1157.57 | 1440.89 | 7204.47 | 8088.28 | 6273.52
677 | 0.12 | 7246.34 | 14339.42 | 5525.61 | 451.91 | 2259.55 | 7730.93 | 6645.24
660 | 0.08 | 6986.11 | 14854.70 | 5797.73 | 312.50 | 1562.48 | 7335.21 | 6641.49
683 | 0.07 | 7004.08 | 15235.28 | 5937.61 | 272.73 | 1363.66 | 7282.18 | 6699.03
665 | 0.13 | 7306.49 | 15560.53 | 5283.62 | 485.54 | 2427.70 | 7648.20 | 6635.15
667 | 0.15 | 7427.98 | 16054.97 | 5019.73 | 551.07 | 2755.37 | 7692.45 | 6607.54
676 | 0.07 | 7135.10 | 16701.49 | 5965.99 | 267.72 | 1338.62 | 7285.87 | 6805.00
685 | 0.12 | 7252.39 | 16998.27 | 5212.59 | 451.53 | 2257.67 | 7416.08 | 6649.40
673 | 0.14 | 7363.37 | 17516.39 | 4911.08 | 518.85 | 2594.25 | 7432.69 | 6620.19
668 | 0.16 | 7482.36 | 18046.67 | 4594.89 | 583.54 | 2917.71 | 7419.23 | 6585.86
672 | 0.05 | 7130.13 | 18674.94 | 6196.39 | 191.36 | 956.82 | 7143.64 | 6895.02
687 | 0.08 | 7008.93 | 18935.93 | 5494.06 | 311.48 | 1557.39 | 7026.53 | 6659.22
659 | 0.11 | 7191.87 | 19340.71 | 5064.39 | 417.39 | 2086.94 | 7105.42 | 6656.55
678 | 0.05 | 7047.88 | 19773.70 | 6059.19 | 193.60 | 967.99 | 7017.50 | 6823.93
679 | 0.08 | 7080.91 | 20061.02 | 5476.02 | 308.31 | 1541.56 | 6992.92 | 6715.37
666 | 0.12 | 7244.84 | 20422.29 | 4794.16 | 452.00 | 2260.02 | 6999.94 | 6644.21
690 | 0.08 | 6988.58 | 20952.62 | 5312.37 | 312.39 | 1561.93 | 6849.31 | 6643.41
674 | 0.13 | 7307.49 | 21286.20 | 4540.29 | 485.47 | 2427.36 | 6904.54 | 6635.82
693 | 0.14 | 7365.18 | 21817.11 | 4310.79 | 518.72 | 2593.61 | 6831.78 | 6621.36
671 | 0.05 | 6760.71 | 22437.51 | 5638.83 | 201.82 | 1009.11 | 6637.85 | 6577.88
664 | 0.08 | 7089.75 | 22813.08 | 5264.71 | 307.93 | 1539.64 | 6779.71 | 6722.29
Vehicle 18
Charging tour: 
734  -> 738  -> 699  -> 713  -> 720  -> 719  -> 718  -> 721  -> 722  -> 735  -> 702  -> 705  -> 739  -> 723  -> 710  -> 711  -> 727  -> 730  -> 729  -> 703  -> 732  -> 736  -> 709  -> 716  -> 715  -> 700  -> 717  -> 706  -> 737  -> 712  -> 724  -> 707  -> 726  -> 733  -> 698  -> 701  -> 725  -> 740  -> 704  -> 
Charging time: 
511.03012411897777  + 398.8062743564335  + 457.2168749762616  + 402.47746648617704  + 458.8800238768586  + 567.8730292223458  + 448.8962964363001  + 323.0532281243915  + 766.4806566440099  + 626.4079399342352  + 344.13143110564135  + 452.62430834038787  + 737.9041405065066  + 682.5909658943949  + 388.97704618092183  + 792.9898847335717  + 737.9368863080715  + 340.872544781415  + 511.5485857357836  + 400.95162481102176  + 682.5978386498791  + 454.81517075040523  + 287.22722297494886  + 682.5118654683895  + 570.7034949014699  + 793.0075667805793  + 738.6634315843644  + 683.048914823334  + 346.2076522059107  + 389.2335714862372  + 737.9874033474475  + 737.9145301894018  + 737.9496217848762  + 286.86223727889336  + 682.4361185816429  + 258.7923503076569  + 401.7937938983046  + 682.2951987511105  + 627.1013496107915  + 
total node:39/43
-------------------
Traveling energy: 2336.0066702532463
Charging energy: 105663.99332974674
Total energy used: 107999.99999999999
-------------------
Total time for travel: 2336.0066702532463
Total time for charging: 21132.798665949347
Charging round duration: 23468.805336202593
-------------------
ID | p | E0 | time_arrive | E_remain | time_charge | energy_charge| E_after_charge | E_after_cycle
734 | 0.09 | 6114.13 | 48.94 | 6109.72 | 511.03 | 2555.15 | 8618.88 | 6523.79
738 | 0.07 | 6093.61 | 618.74 | 6050.30 | 398.81 | 1994.03 | 8016.41 | 6418.93
699 | 0.08 | 6074.44 | 1036.26 | 5991.54 | 457.22 | 2286.08 | 8241.05 | 6453.42
713 | 0.07 | 6038.02 | 1550.52 | 5929.49 | 402.48 | 2012.39 | 7913.70 | 6381.70
720 | 0.08 | 6052.42 | 2022.62 | 5890.61 | 458.88 | 2294.40 | 8148.30 | 6439.72
719 | 0.10 | 6113.46 | 2540.61 | 5859.40 | 567.87 | 2839.37 | 8641.98 | 6568.95
718 | 0.08 | 6187.03 | 3151.96 | 5934.88 | 448.90 | 2244.48 | 8143.45 | 6524.41
721 | 0.06 | 6447.86 | 3722.04 | 6224.54 | 323.05 | 1615.27 | 7820.42 | 6632.80
722 | 0.15 | 6794.05 | 4153.99 | 6170.95 | 766.48 | 3832.40 | 9888.38 | 7050.63
735 | 0.11 | 6096.41 | 5064.18 | 5539.35 | 626.41 | 3132.04 | 8602.48 | 6606.18
702 | 0.06 | 6052.93 | 5827.68 | 5703.27 | 344.13 | 1720.66 | 7403.27 | 6343.26
705 | 0.08 | 6136.07 | 6204.95 | 5639.68 | 452.62 | 2263.12 | 7866.59 | 6492.09
739 | 0.13 | 6116.20 | 6706.01 | 5244.42 | 737.90 | 3689.52 | 8838.01 | 6706.68
723 | 0.12 | 6103.22 | 7464.49 | 5207.48 | 682.59 | 3412.95 | 8538.53 | 6655.52
710 | 0.07 | 6247.59 | 8169.56 | 5675.72 | 388.98 | 1944.89 | 7593.38 | 6523.76
711 | 0.14 | 6129.13 | 8631.47 | 4920.72 | 792.99 | 3964.95 | 8774.65 | 6756.65
727 | 0.13 | 6115.93 | 9529.38 | 4877.11 | 737.94 | 3689.68 | 8470.86 | 6706.58
730 | 0.06 | 6110.79 | 10274.28 | 5494.34 | 340.87 | 1704.36 | 7178.25 | 6384.83
729 | 0.09 | 6107.93 | 10644.85 | 5149.89 | 511.55 | 2557.74 | 7661.60 | 6520.18
703 | 0.07 | 6061.00 | 11190.34 | 5277.68 | 400.95 | 2004.76 | 7254.37 | 6397.05
732 | 0.12 | 6103.16 | 11607.49 | 4710.26 | 682.60 | 3412.99 | 8041.34 | 6655.50
736 | 0.08 | 6106.52 | 12408.52 | 5113.83 | 454.82 | 2274.08 | 7351.52 | 6473.49
709 | 0.05 | 6043.42 | 12972.98 | 5394.77 | 287.23 | 1436.14 | 6816.55 | 6287.62
716 | 0.12 | 6103.93 | 13309.28 | 4506.82 | 682.51 | 3412.56 | 7837.47 | 6655.84
715 | 0.10 | 6083.14 | 14026.88 | 4680.45 | 570.70 | 2853.52 | 7476.90 | 6552.78
700 | 0.14 | 6128.99 | 14641.74 | 4079.15 | 793.01 | 3965.04 | 7933.17 | 6756.60
717 | 0.13 | 6109.92 | 15475.86 | 4098.05 | 738.66 | 3693.32 | 7695.34 | 6704.19
706 | 0.12 | 6099.13 | 16248.73 | 4149.28 | 683.05 | 3415.24 | 7482.56 | 6653.72
737 | 0.06 | 6016.63 | 16967.43 | 4998.58 | 346.21 | 1731.04 | 6708.85 | 6317.34
712 | 0.07 | 6243.47 | 17378.61 | 5026.97 | 389.23 | 1946.17 | 6945.89 | 6520.93
724 | 0.13 | 6115.51 | 17771.69 | 3805.19 | 737.99 | 3689.94 | 7399.19 | 6706.41
707 | 0.13 | 6116.12 | 18590.41 | 3699.36 | 737.91 | 3689.57 | 7293.01 | 6706.65
726 | 0.13 | 6115.83 | 19375.20 | 3597.05 | 737.95 | 3689.75 | 7190.86 | 6706.53
733 | 0.05 | 6051.11 | 20134.01 | 5044.41 | 286.86 | 1434.31 | 6464.38 | 6293.48
698 | 0.12 | 6104.61 | 20495.84 | 3645.11 | 682.44 | 3412.18 | 6975.39 | 6656.14
701 | 0.05 | 6707.44 | 21203.67 | 5647.26 | 258.79 | 1293.96 | 6928.28 | 6809.47
725 | 0.07 | 6048.30 | 21548.78 | 4539.88 | 401.79 | 2008.97 | 6520.73 | 6388.55
740 | 0.12 | 6105.87 | 21953.46 | 3471.45 | 682.30 | 3411.48 | 6801.05 | 6656.69
704 | 0.11 | 6089.66 | 22686.83 | 3594.11 | 627.10 | 3135.51 | 6660.64 | 6602.91
708 | 0.16 | 6245.45 | 2431.25
714 | 0.15 | 6145.99 | 2570.18
728 | 0.15 | 6147.61 | 2571.80
731 | 0.16 | 6238.45 | 2424.25
Vehicle 19
Charging tour: 
757  -> 758  -> 778  -> 765  -> 755  -> 774  -> 754  -> 750  -> 753  -> 776  -> 747  -> 743  -> 773  -> 759  -> 767  -> 742  -> 744  -> 766  -> 746  -> 771  -> 748  -> 752  -> 761  -> 760  -> 768  -> 772  -> 770  -> 756  -> 764  -> 745  -> 779  -> 741  -> 775  -> 749  -> 763  -> 751  -> 777  -> 762  -> 769  -> 
Charging time: 
288.18053533256017  + 438.55470705531985  + 583.8359373813212  + 332.2871612915932  + 535.8932654637321  + 534.7736130853842  + 681.1726521150034  + 729.0094430830694  + 633.0916054333994  + 536.6219262022585  + 483.5046577727577  + 720.4780495341536  + 336.8070114094912  + 725.3981761867573  + 388.8106488312497  + 322.60664654418673  + 437.8735593742458  + 762.0993000406946  + 770.4838051390082  + 437.77088950118423  + 681.0858679634883  + 681.2047796098  + 681.1358761795425  + 681.0547343237483  + 584.4007874530334  + 334.11879572036776  + 823.6171375950311  + 681.0661885058768  + 386.5759827443315  + 535.2829831249634  + 387.97457510126867  + 681.0711326416506  + 588.7612917418458  + 338.05116794527083  + 386.9229013618234  + 584.5651057690725  + 536.1725345256835  + 325.64729077479575  + 632.7412565691056  + 
total node:39/39
-------------------
Traveling energy: 1946.4800978596572
Charging energy: 106053.51990214032
Total energy used: 107999.99999999999
-------------------
Total time for travel: 1946.4800978596572
Total time for charging: 21210.703980428065
Charging round duration: 23157.184078287723
-------------------
ID | p | E0 | time_arrive | E_remain | time_charge | energy_charge| E_after_charge | E_after_cycle
757 | 0.05 | 6805.89 | 46.21 | 6803.57 | 288.18 | 1440.90 | 8230.07 | 7054.85
758 | 0.08 | 7155.59 | 382.09 | 7125.02 | 438.55 | 2192.77 | 9282.71 | 7441.26
778 | 0.11 | 7390.62 | 823.45 | 7300.04 | 583.84 | 2919.18 | 10155.00 | 7687.54
765 | 0.06 | 7083.00 | 1424.44 | 6997.53 | 332.29 | 1661.44 | 8639.03 | 7314.11
755 | 0.10 | 7319.83 | 1779.56 | 7141.87 | 535.89 | 2679.47 | 9767.75 | 7615.42
774 | 0.10 | 7335.16 | 2363.90 | 7098.77 | 534.77 | 2673.87 | 9719.16 | 7625.15
754 | 0.13 | 7486.27 | 2911.18 | 7107.82 | 681.17 | 3405.86 | 10425.13 | 7793.09
750 | 0.14 | 7533.11 | 3651.13 | 7021.95 | 729.01 | 3645.05 | 10564.93 | 7840.73
753 | 0.12 | 7435.22 | 4502.34 | 6894.94 | 633.09 | 3165.46 | 9984.43 | 7740.03
776 | 0.10 | 7309.89 | 5217.45 | 6788.15 | 536.62 | 2683.11 | 9417.59 | 7609.12
747 | 0.09 | 7301.65 | 5774.79 | 6781.92 | 483.50 | 2417.52 | 9155.93 | 7573.69
743 | 0.14 | 7622.31 | 6293.33 | 6741.24 | 720.48 | 3602.39 | 10242.77 | 7887.27
773 | 0.06 | 6987.94 | 7048.38 | 6565.04 | 336.81 | 1684.04 | 8228.87 | 7241.65
759 | 0.14 | 7570.61 | 7407.73 | 6533.53 | 725.40 | 3626.99 | 10058.96 | 7860.17
767 | 0.07 | 7062.19 | 8184.54 | 6489.27 | 388.81 | 1944.05 | 8406.11 | 7337.53
742 | 0.06 | 7295.54 | 8609.53 | 6778.96 | 322.61 | 1613.03 | 8372.64 | 7478.24
744 | 0.08 | 7166.72 | 8958.08 | 6450.08 | 437.87 | 2189.37 | 8604.41 | 7448.99
766 | 0.15 | 7720.74 | 9435.63 | 6305.40 | 762.10 | 3810.50 | 10001.58 | 7955.42
746 | 0.15 | 7636.72 | 10220.17 | 6103.70 | 770.48 | 3852.42 | 9840.54 | 7913.33
771 | 0.08 | 7168.40 | 11063.70 | 6283.31 | 437.77 | 2188.85 | 8437.14 | 7450.16
748 | 0.13 | 7487.22 | 11537.22 | 5987.38 | 681.09 | 3405.43 | 9304.27 | 7793.61
752 | 0.13 | 7485.92 | 12246.27 | 5893.90 | 681.20 | 3406.02 | 9211.37 | 7792.90
761 | 0.13 | 7486.67 | 12976.79 | 5799.69 | 681.14 | 3405.68 | 9116.82 | 7793.31
760 | 0.13 | 7487.57 | 13684.67 | 5708.56 | 681.05 | 3405.27 | 9025.30 | 7793.80
768 | 0.11 | 7383.48 | 14388.20 | 5800.78 | 584.40 | 2922.00 | 8658.50 | 7683.22
772 | 0.06 | 7044.17 | 14979.25 | 6145.41 | 334.12 | 1670.59 | 7795.96 | 7284.43
770 | 0.16 | 7620.33 | 15329.91 | 5167.55 | 823.62 | 4118.09 | 9153.85 | 7924.22
756 | 0.13 | 7487.44 | 16216.15 | 5379.34 | 681.07 | 3405.33 | 8696.13 | 7793.73
764 | 0.07 | 7103.01 | 16982.75 | 5914.22 | 386.58 | 1932.88 | 7820.04 | 7367.18
745 | 0.10 | 7328.18 | 17399.95 | 5588.18 | 535.28 | 2676.41 | 8211.07 | 7620.71
779 | 0.07 | 7077.41 | 18061.21 | 5813.12 | 387.97 | 1939.87 | 7725.84 | 7348.56
741 | 0.13 | 7487.38 | 18513.91 | 5080.58 | 681.07 | 3405.36 | 8397.39 | 7793.70
775 | 0.11 | 7328.80 | 19319.24 | 5203.68 | 588.76 | 2943.81 | 8082.72 | 7650.34
749 | 0.06 | 6962.23 | 19925.31 | 5766.71 | 338.05 | 1690.26 | 7436.68 | 7222.16
763 | 0.07 | 7096.64 | 20269.67 | 5677.77 | 386.92 | 1934.61 | 7585.30 | 7362.54
751 | 0.11 | 7381.41 | 20786.07 | 5094.94 | 584.57 | 2922.83 | 7953.46 | 7681.97
777 | 0.10 | 7316.02 | 21482.09 | 5167.81 | 536.17 | 2680.86 | 7795.05 | 7613.00
762 | 0.06 | 7227.42 | 22036.37 | 5905.23 | 325.65 | 1628.24 | 7513.93 | 7425.33
769 | 0.12 | 7439.34 | 22470.01 | 4742.94 | 632.74 | 3163.71 | 7830.72 | 7742.39
Network survivability: 99.61489088575097%
networkSurvivabilityOverThousand: 77.6%
Average dead duration: 100816.6761706349
Traveling energy: 43069.32565106826
total calculate time: 47.628411531448364
