total sensor 776
condition 17.13873555381431
gen: 1
2000
gen: 2
2000
gen: 3
2000
gen: 4
2000
gen: 5
2000
gen: 6
2000
gen: 7
2000
gen: 8
2000
gen: 9
2000
gen: 10
2000
gen: 11
2000
gen: 12
2000
gen: 13
2000
gen: 14
2000
gen: 15
2000
gen: 16
2000
gen: 17
2000
gen: 18
2000
gen: 19
2000
gen: 20
2000
gen: 21
2000
gen: 22
2000
gen: 23
2000
gen: 24
2000
gen: 25
2000
gen: 26
2000
gen: 27
2000
gen: 28
2000
gen: 29
2000
gen: 30
2000
gen: 31
2000
gen: 32
2000
gen: 33
2000
gen: 34
2000
gen: 35
2000
gen: 36
2000
gen: 37
2000
gen: 38
2000
gen: 39
2000
gen: 40
2000
gen: 41
2000
gen: 42
2000
gen: 43
2000
gen: 44
2000
gen: 45
2000
gen: 46
2000
gen: 47
2000
gen: 48
2000
gen: 49
2000
gen: 50
2000
Number of charging vehicles: 20
Survey time: 23834.450680040238
Network clustering infor: 
Cluster 0:
[1, 2, 3, 4, 5, 6, 7, 8, 9, 10, 11, 12, 13, 14, 15, 16, 17, 18, 19, 20, 21, 22, 23, 24, 25, 26, 27, 28, 29, 30, 31, 32, 33, 34, 35, 36, 37, 38, 39, 40, 41, 42]
Cluster 1:
[43, 44, 45, 46, 47, 48, 49, 50, 51, 52, 53, 54, 55, 56, 57, 58, 59, 60, 61, 62, 63, 64, 65, 66, 67, 68, 69, 70, 71, 72, 73, 74, 75, 76, 77, 78, 79, 80, 81, 82, 83]
Cluster 2:
[84, 85, 86, 87, 88, 89, 90, 91, 92, 93, 94, 95, 96, 97, 98, 99, 100, 101, 102, 103, 104, 105, 106, 107, 108, 109, 110, 111, 112, 113, 114, 115, 116, 117, 118, 119, 120, 121]
Cluster 3:
[122, 123, 124, 125, 126, 127, 128, 129, 130, 131, 132, 133, 134, 135, 136, 137, 138, 139, 140, 141, 142, 143, 144, 145, 146, 147, 148, 149, 150, 151, 152, 153, 154, 155, 156, 157]
Cluster 4:
[158, 159, 160, 161, 162, 163, 164, 165, 166, 167, 168, 169, 170, 171, 172, 173, 174, 175, 176, 177, 178, 179, 180, 181, 182, 183, 184, 185, 186, 187, 188, 189]
Cluster 5:
[190, 191, 192, 193, 194, 195, 196, 197, 198, 199, 200, 201, 202, 203, 204, 205, 206, 207, 208, 209, 210, 211, 212, 213, 214, 215, 216, 217, 218, 219, 220, 221, 222, 223, 224, 225, 226, 227, 228, 229, 230, 231, 232]
Cluster 6:
[233, 234, 235, 236, 237, 238, 239, 240, 241, 242, 243, 244, 245, 246, 247, 248, 249, 250, 251, 252, 253, 254, 255, 256, 257, 258, 259, 260, 261, 262, 263, 264, 265, 266, 267, 268, 269, 270, 271, 272, 273]
Cluster 7:
[274, 275, 276, 277, 278, 279, 280, 281, 282, 283, 284, 285, 286, 287, 288, 289, 290, 291, 292, 293, 294, 295, 296, 297, 298, 299, 300, 301, 302, 303, 304, 305, 306, 307, 308, 309, 310, 311, 312, 313]
Cluster 8:
[314, 315, 316, 317, 318, 319, 320, 321, 322, 323, 324, 325, 326, 327, 328, 329, 330, 331, 332, 333, 334, 335, 336, 337, 338, 339, 340, 341, 342, 343, 344, 345, 346, 347, 348, 349, 350, 351, 352]
Cluster 9:
[353, 354, 355, 356, 357, 358, 359, 360, 361, 362, 363, 364, 365, 366, 367, 368, 369, 370, 371, 372, 373, 374, 375, 376, 377, 378, 379, 380, 381, 382, 383, 384, 385, 386, 387, 388, 389, 390, 391, 392, 393]
Cluster 10:
[394, 395, 396, 397, 398, 399, 400, 401, 402, 403, 404, 405, 406, 407, 408, 409, 410, 411, 412, 413, 414, 415, 416, 417, 418, 419, 420, 421, 422, 423, 424, 425, 426, 427, 428, 429, 430, 431, 432]
Cluster 11:
[433, 434, 435, 436, 437, 438, 439, 440, 441, 442, 443, 444, 445, 446, 447, 448, 449, 450, 451, 452, 453, 454, 455, 456, 457, 458, 459, 460, 461, 462, 463, 464, 465, 466, 467, 468, 469, 470]
Cluster 12:
[471, 472, 473, 474, 475, 476, 477, 478, 479, 480, 481, 482, 483, 484, 485, 486, 487, 488, 489, 490, 491, 492, 493, 494, 495, 496, 497, 498, 499, 500, 501, 502, 503, 504, 505, 506, 507, 508, 509, 510, 511, 512, 513, 514, 515, 516]
Cluster 13:
[517, 518, 519, 520, 521, 522, 523, 524, 525, 526, 527, 528, 529, 530, 531, 532, 533, 534, 535, 536, 537, 538, 539, 540, 541, 542, 543, 544, 545, 546, 547, 548]
Cluster 14:
[549, 550, 551, 552, 553, 554, 555, 556, 557, 558, 559, 560, 561, 562, 563, 564, 565, 566, 567, 568, 569, 570, 571, 572, 573, 574, 575, 576, 577, 578, 579, 580, 581, 582, 583, 584, 585, 586, 587, 588]
Cluster 15:
[589, 590, 591, 592, 593, 594, 595, 596, 597, 598, 599, 600, 601, 602, 603, 604, 605, 606, 607, 608, 609, 610, 611, 612, 613, 614, 615, 616, 617, 618, 619, 620, 621, 622, 623, 624, 625, 626, 627, 628]
Cluster 16:
[629, 630, 631, 632, 633, 634, 635, 636, 637, 638, 639, 640, 641, 642, 643, 644, 645, 646, 647, 648, 649, 650, 651, 652, 653, 654, 655]
Cluster 17:
[656, 657, 658, 659, 660, 661, 662, 663, 664, 665, 666, 667, 668, 669, 670, 671, 672, 673, 674, 675, 676, 677, 678, 679, 680, 681, 682, 683, 684, 685, 686, 687, 688, 689, 690, 691, 692, 693, 694]
Cluster 18:
[695, 696, 697, 698, 699, 700, 701, 702, 703, 704, 705, 706, 707, 708, 709, 710, 711, 712, 713, 714, 715, 716, 717, 718, 719, 720, 721, 722, 723, 724, 725, 726, 727, 728, 729, 730, 731, 732, 733, 734, 735, 736, 737]
Cluster 19:
[738, 739, 740, 741, 742, 743, 744, 745, 746, 747, 748, 749, 750, 751, 752, 753, 754, 755, 756, 757, 758, 759, 760, 761, 762, 763, 764, 765, 766, 767, 768, 769, 770, 771, 772, 773, 774, 775, 776]
Vehicle 0
Charging tour: 
8  -> 2  -> 32  -> 4  -> 19  -> 25  -> 10  -> 38  -> 7  -> 1  -> 29  -> 3  -> 31  -> 20  -> 11  -> 14  -> 35  -> 9  -> 41  -> 37  -> 13  -> 24  -> 16  -> 34  -> 6  -> 18  -> 28  -> 15  -> 26  -> 36  -> 33  -> 23  -> 30  -> 5  -> 27  -> 12  -> 39  -> 22  -> 21  -> 17  -> 40  -> 
Charging time: 
606.3321009073835  + 657.2597659645612  + 407.14784761834215  + 408.16728017097176  + 507.8568489537405  + 677.4737628329674  + 607.7685079323735  + 557.9767608606165  + 293.4804296133305  + 508.0275187602341  + 705.9621779267102  + 456.5589580013766  + 508.4734172140638  + 559.7386622061329  + 307.2936349189723  + 407.32192504824695  + 607.7804554129773  + 306.8932627257173  + 407.2384292138864  + 354.1990395573158  + 240.79294374699094  + 752.4695858437112  + 508.4046315311502  + 507.7234286616615  + 607.7382395005372  + 349.5983841609753  + 657.2350161676093  + 407.4728102167601  + 652.8040090480984  + 706.6594183239258  + 706.6465183472244  + 508.4270268313483  + 302.072931293832  + 703.4018607411957  + 590.6765256959743  + 557.9054360404707  + 507.54854661733987  + 558.1927810860557  + 706.6525893329205  + 355.012012105283  + 357.81454638363573  + 
total node:41/42
-------------------
Traveling energy: 2508.999862416945
Charging energy: 105491.0001375831
Total energy used: 108000.00000000004
-------------------
Total time for travel: 2508.999862416945
Total time for charging: 21098.20002751662
Charging round duration: 23607.199889933567
-------------------
ID | p | E0 | time_arrive | E_remain | time_charge | energy_charge| E_after_charge | E_after_cycle
8 | 0.12 | 5705.44 | 199.26 | 5681.53 | 606.33 | 3031.66 | 8640.43 | 5876.96
2 | 0.13 | 5701.96 | 939.04 | 5579.89 | 657.26 | 3286.30 | 8780.74 | 5889.78
32 | 0.08 | 5664.43 | 1707.56 | 5527.82 | 407.15 | 2035.74 | 7530.99 | 5793.41
4 | 0.08 | 5650.28 | 2162.21 | 5477.30 | 408.17 | 2040.84 | 7485.49 | 5784.36
19 | 0.10 | 5676.45 | 2603.80 | 5416.07 | 507.86 | 2539.28 | 7904.57 | 5832.29
25 | 0.14 | 5957.36 | 3122.29 | 5520.24 | 677.47 | 3387.37 | 8812.76 | 6007.90
10 | 0.12 | 5691.95 | 3801.48 | 5235.77 | 607.77 | 3038.84 | 8201.68 | 5870.66
38 | 0.11 | 5683.22 | 4475.85 | 5190.88 | 557.98 | 2789.88 | 7919.39 | 5851.32
7 | 0.06 | 5893.73 | 5057.65 | 5590.27 | 293.48 | 1467.40 | 7040.07 | 5931.07
1 | 0.10 | 5674.54 | 5429.61 | 5131.58 | 508.03 | 2540.14 | 7620.92 | 5831.24
29 | 0.14 | 5716.96 | 5986.13 | 4878.90 | 705.96 | 3529.81 | 8309.87 | 5909.94
3 | 0.09 | 5682.82 | 6752.05 | 5075.14 | 456.56 | 2282.79 | 7316.84 | 5820.51
31 | 0.10 | 5669.57 | 7229.89 | 4946.58 | 508.47 | 2542.37 | 7438.10 | 5828.49
20 | 0.11 | 5665.34 | 7810.98 | 4806.13 | 559.74 | 2798.69 | 7543.25 | 5842.24
11 | 0.06 | 5628.80 | 8473.95 | 5120.36 | 307.29 | 1536.47 | 6638.39 | 5735.20
14 | 0.08 | 5662.01 | 8832.55 | 4955.40 | 407.32 | 2036.61 | 6959.43 | 5791.86
35 | 0.12 | 5691.84 | 9302.71 | 4575.52 | 607.78 | 3038.90 | 7541.48 | 5870.61
9 | 0.06 | 5636.14 | 9989.90 | 5036.75 | 306.89 | 1534.47 | 6552.80 | 5740.54
41 | 0.08 | 5663.17 | 10350.18 | 4835.15 | 407.24 | 2036.19 | 6838.77 | 5792.60
37 | 0.07 | 5697.30 | 10817.86 | 4940.05 | 354.20 | 1771.00 | 6686.25 | 5799.88
13 | 0.05 | 5986.11 | 11176.29 | 5427.29 | 240.79 | 1203.96 | 6619.22 | 5998.35
24 | 0.15 | 5746.73 | 11438.57 | 4030.94 | 752.47 | 3762.35 | 7680.42 | 5933.91
16 | 0.10 | 5670.34 | 12239.20 | 4446.41 | 508.40 | 2542.02 | 6937.60 | 5828.91
34 | 0.10 | 5677.94 | 12767.31 | 4401.21 | 507.72 | 2538.62 | 6889.06 | 5833.11
6 | 0.12 | 5692.24 | 13320.11 | 4093.82 | 607.74 | 3038.69 | 7059.59 | 5870.79
18 | 0.07 | 5772.27 | 13964.21 | 4794.78 | 349.60 | 1747.99 | 6518.30 | 5851.85
28 | 0.13 | 5702.18 | 14365.55 | 3834.66 | 657.24 | 3286.18 | 7035.39 | 5889.88
15 | 0.08 | 5659.91 | 15056.50 | 4455.39 | 407.47 | 2037.36 | 6460.16 | 5790.52
26 | 0.13 | 5740.88 | 15578.35 | 3715.70 | 652.80 | 3264.02 | 6894.85 | 5906.43
36 | 0.14 | 5711.31 | 16250.68 | 3436.22 | 706.66 | 3533.30 | 6870.59 | 5907.79
33 | 0.14 | 5711.42 | 17034.66 | 3326.57 | 706.65 | 3533.23 | 6760.87 | 5907.83
23 | 0.10 | 5670.09 | 17786.46 | 3891.44 | 508.43 | 2542.14 | 6382.73 | 5828.78
30 | 0.06 | 5726.08 | 18319.19 | 4626.93 | 302.07 | 1510.36 | 6119.17 | 5806.38
5 | 0.14 | 5737.76 | 18648.86 | 3126.92 | 703.40 | 3517.01 | 6545.46 | 5917.95
27 | 0.14 | 6832.77 | 19418.77 | 4114.14 | 590.68 | 2953.38 | 6984.83 | 6449.33
12 | 0.11 | 5683.95 | 20029.72 | 3480.68 | 557.91 | 2789.53 | 6208.84 | 5851.69
39 | 0.10 | 5679.90 | 20696.14 | 3610.29 | 507.55 | 2537.74 | 6097.27 | 5834.20
22 | 0.11 | 5681.02 | 21282.54 | 3339.95 | 558.19 | 2790.96 | 6069.51 | 5850.20
21 | 0.14 | 5711.37 | 21957.38 | 2637.34 | 706.65 | 3533.26 | 6071.67 | 5907.81
17 | 0.07 | 5684.25 | 22709.41 | 4094.59 | 355.01 | 1775.06 | 5844.80 | 5790.90
40 | 0.07 | 5639.73 | 23087.48 | 4023.61 | 357.81 | 1789.07 | 5787.63 | 5760.39
42 | 0.14 | 5711.24 | 2374.42
Vehicle 1
Charging tour: 
44  -> 49  -> 61  -> 74  -> 80  -> 46  -> 68  -> 76  -> 50  -> 55  -> 56  -> 62  -> 45  -> 77  -> 69  -> 66  -> 64  -> 71  -> 82  -> 51  -> 47  -> 52  -> 43  -> 67  -> 53  -> 60  -> 83  -> 57  -> 75  -> 59  -> 81  -> 73  -> 54  -> 79  -> 48  -> 58  -> 65  -> 70  -> 63  -> 
Charging time: 
698.3113792894054  + 282.0577034867276  + 388.717844404089  + 334.42987047065986  + 596.1056575317339  + 381.943398698394  + 642.9312096473922  + 674.6977386703985  + 544.2481473231277  + 595.869274427396  + 647.332844202739  + 388.9470916813962  + 698.3545050695459  + 543.9710456339416  + 437.260746469548  + 748.940073973505  + 387.2205416356426  + 493.13457918235997  + 688.7079541047169  + 698.0616264131627  + 595.4817985084254  + 436.38325882658154  + 388.4008838441529  + 698.3267193555114  + 544.5281520869993  + 595.9999309453893  + 641.7895018556218  + 385.0889427588099  + 439.36365139128907  + 689.273352684351  + 737.4245466742988  + 729.4711012852916  + 439.5674930787661  + 596.1075782428977  + 281.4800684301135  + 321.0731195187485  + 595.7301906132122  + 595.8749889390591  + 543.8803157338751  + 
total node:39/41
-------------------
Traveling energy: 2367.555864553576
Charging energy: 105632.44413544635
Total energy used: 107999.99999999993
-------------------
Total time for travel: 2367.555864553576
Total time for charging: 21126.48882708927
Charging round duration: 23494.044691642845
-------------------
ID | p | E0 | time_arrive | E_remain | time_charge | energy_charge| E_after_charge | E_after_cycle
44 | 0.13 | 6227.48 | 133.91 | 6210.07 | 698.31 | 3491.56 | 9610.85 | 6620.56
49 | 0.05 | 5929.94 | 925.86 | 5883.64 | 282.06 | 1410.29 | 7279.83 | 6148.50
61 | 0.07 | 6023.95 | 1246.41 | 5936.71 | 388.72 | 1943.59 | 7853.08 | 6299.13
74 | 0.06 | 6001.56 | 1747.56 | 5896.71 | 334.43 | 1672.15 | 7548.79 | 6243.64
80 | 0.11 | 6172.88 | 2099.47 | 5941.93 | 596.11 | 2980.53 | 8856.89 | 6531.61
46 | 0.07 | 6130.80 | 2713.48 | 5940.86 | 381.94 | 1909.72 | 7823.84 | 6372.10
68 | 0.12 | 6243.60 | 3268.45 | 5851.38 | 642.93 | 3214.66 | 8988.89 | 6598.12
76 | 0.13 | 6445.43 | 3953.75 | 5931.45 | 674.70 | 3373.49 | 9217.22 | 6720.44
50 | 0.10 | 6146.40 | 4695.70 | 5676.83 | 544.25 | 2721.24 | 8343.65 | 6484.20
55 | 0.11 | 6175.32 | 5316.59 | 5590.50 | 595.87 | 2979.35 | 8504.30 | 6532.88
56 | 0.12 | 6201.14 | 5956.51 | 5486.36 | 647.33 | 3236.66 | 8645.34 | 6577.67
62 | 0.07 | 6020.40 | 6654.34 | 5554.60 | 388.95 | 1944.74 | 7472.11 | 6296.73
45 | 0.13 | 6227.09 | 7123.39 | 5301.05 | 698.35 | 3491.77 | 8702.04 | 6620.39
77 | 0.10 | 6149.54 | 7897.01 | 5359.83 | 543.97 | 2719.86 | 8025.29 | 6485.95
69 | 0.08 | 6120.23 | 8495.51 | 5440.59 | 437.26 | 2186.30 | 7591.91 | 6399.78
66 | 0.14 | 6253.15 | 8944.53 | 5000.92 | 748.94 | 3744.70 | 8640.77 | 6661.03
64 | 0.07 | 6047.25 | 9733.66 | 5365.89 | 387.22 | 1936.10 | 7274.89 | 6314.94
71 | 0.09 | 6105.13 | 10146.02 | 5191.99 | 493.13 | 2465.67 | 7613.28 | 6425.71
82 | 0.13 | 6314.32 | 10718.82 | 4920.87 | 688.71 | 3443.54 | 8274.88 | 6659.38
51 | 0.13 | 6229.71 | 11441.77 | 4742.28 | 698.06 | 3490.31 | 8141.84 | 6621.54
47 | 0.11 | 6179.34 | 12152.33 | 4842.59 | 595.48 | 2977.41 | 7754.49 | 6534.96
52 | 0.08 | 6132.53 | 12831.32 | 5106.03 | 436.38 | 2181.92 | 7253.03 | 6407.69
43 | 0.07 | 6028.87 | 13306.20 | 5097.44 | 388.40 | 1942.00 | 7012.25 | 6302.46
67 | 0.13 | 6227.34 | 13749.76 | 4439.87 | 698.33 | 3491.63 | 7840.73 | 6620.50
53 | 0.10 | 6143.24 | 14466.43 | 4696.60 | 544.53 | 2722.64 | 7364.79 | 6482.44
60 | 0.11 | 6173.97 | 15041.80 | 4519.37 | 596.00 | 2980.00 | 7433.81 | 6532.18
83 | 0.12 | 6254.70 | 15655.68 | 4376.02 | 641.79 | 3208.95 | 7507.95 | 6603.52
57 | 0.07 | 6080.72 | 16330.31 | 4937.60 | 385.09 | 1925.44 | 6836.09 | 6337.75
75 | 0.08 | 6090.93 | 16821.80 | 4745.19 | 439.36 | 2196.82 | 6906.86 | 6381.00
59 | 0.13 | 6309.14 | 17372.73 | 4050.68 | 689.27 | 3446.37 | 7407.44 | 6657.02
81 | 0.14 | 6350.80 | 18100.53 | 3816.73 | 737.42 | 3687.12 | 7400.61 | 6701.10
73 | 0.14 | 6420.04 | 18859.46 | 3779.72 | 729.47 | 3647.36 | 7324.95 | 6730.58
54 | 0.08 | 6088.11 | 19616.86 | 4518.76 | 439.57 | 2197.84 | 6681.43 | 6379.19
79 | 0.11 | 6172.86 | 20147.89 | 3956.59 | 596.11 | 2980.54 | 6871.55 | 6531.60
48 | 0.05 | 5942.11 | 20833.15 | 4900.45 | 281.48 | 1407.40 | 6293.78 | 6157.78
58 | 0.06 | 6251.23 | 21121.27 | 4983.95 | 321.07 | 1605.37 | 6570.05 | 6426.53
65 | 0.11 | 6176.77 | 21453.41 | 3816.89 | 595.73 | 2978.65 | 6730.01 | 6533.63
70 | 0.11 | 6175.27 | 22148.94 | 3738.88 | 595.87 | 2979.37 | 6652.71 | 6532.85
63 | 0.10 | 6150.56 | 22799.94 | 3870.57 | 543.88 | 2719.40 | 6535.58 | 6486.52
72 | 0.14 | 6254.02 | 2917.19
78 | 0.16 | 6519.27 | 2705.75
Vehicle 2
Charging tour: 
91  -> 93  -> 90  -> 98  -> 115  -> 85  -> 108  -> 84  -> 87  -> 114  -> 102  -> 86  -> 92  -> 95  -> 94  -> 97  -> 104  -> 89  -> 99  -> 96  -> 105  -> 103  -> 106  -> 113  -> 121  -> 112  -> 116  -> 120  -> 118  -> 107  -> 110  -> 117  -> 88  -> 111  -> 101  -> 109  -> 100  -> 119  -> 
Charging time: 
510.93501616781015  + 249.8270310730864  + 360.11931266376615  + 533.5515545851766  + 260.83300332942366  + 627.323148970168  + 303.2003521206095  + 490.5092550949517  + 317.082821097495  + 283.30005601763924  + 310.8503479345091  + 857.6001640496802  + 333.8114180780063  + 357.0389724679675  + 328.6522314610953  + 667.7751490514589  + 392.76482413049786  + 606.5842184888869  + 418.5521330295585  + 568.4792407104702  + 324.90888230281064  + 619.7186080323569  + 349.46200480810177  + 505.45851064022946  + 518.6778575822628  + 510.7011100211828  + 381.71466830024553  + 396.911631632414  + 470.49342349782074  + 612.5064086536638  + 382.11235931070195  + 559.7844545558684  + 407.81409743192035  + 668.0674222346196  + 389.93722749166  + 496.45865508018284  + 454.6337673497187  + 700.6347638916196  + 
total node:38/38
-------------------
Traveling energy: 2296.0769133564186
Charging energy: 87643.9305166982
Total energy used: 89940.00743005461
-------------------
Total time for travel: 2296.0769133564186
Total time for charging: 17528.78610333964
Charging round duration: 19824.863016696057
-------------------
ID | p | E0 | time_arrive | E_remain | time_charge | energy_charge| E_after_charge | E_after_cycle
91 | 0.12 | 8329.30 | 188.90 | 8306.64 | 510.94 | 2554.68 | 10800.00 | 8023.85
93 | 0.06 | 9609.45 | 726.56 | 9565.85 | 249.83 | 1249.14 | 10800.00 | 9428.52
90 | 0.08 | 9107.12 | 986.34 | 9028.21 | 360.12 | 1800.60 | 10800.00 | 9000.96
98 | 0.14 | 8395.85 | 1349.35 | 8206.94 | 533.55 | 2667.76 | 10800.00 | 7726.78
115 | 0.09 | 9691.24 | 1910.36 | 9519.31 | 260.83 | 1304.17 | 10800.00 | 8850.31
85 | 0.12 | 8001.29 | 2188.55 | 7738.66 | 627.32 | 3136.62 | 10800.00 | 8277.77
108 | 0.10 | 9596.30 | 2819.86 | 9314.32 | 303.20 | 1516.00 | 10800.00 | 8728.86
84 | 0.09 | 8679.99 | 3204.34 | 8391.60 | 490.51 | 2452.55 | 10800.00 | 8987.44
87 | 0.06 | 9457.16 | 3725.74 | 9233.61 | 317.08 | 1585.41 | 10800.00 | 9612.50
114 | 0.11 | 9873.65 | 4172.57 | 9414.66 | 283.30 | 1416.50 | 10800.00 | 8668.36
102 | 0.06 | 9539.28 | 4581.29 | 9264.40 | 310.85 | 1554.25 | 10800.00 | 9663.46
86 | 0.15 | 7382.96 | 4948.78 | 6640.64 | 857.60 | 4288.00 | 10800.00 | 8095.79
92 | 0.06 | 9504.36 | 5889.88 | 9150.97 | 333.81 | 1669.06 | 10800.00 | 9743.35
95 | 0.07 | 9478.81 | 6271.58 | 9039.80 | 357.04 | 1785.19 | 10800.00 | 9595.59
94 | 0.06 | 9581.14 | 6744.74 | 9176.46 | 328.65 | 1643.26 | 10800.00 | 9794.34
97 | 0.13 | 8472.52 | 7112.18 | 7547.94 | 667.78 | 3338.88 | 10800.00 | 8712.92
104 | 0.08 | 9490.44 | 7785.55 | 8867.60 | 392.76 | 1963.82 | 10800.00 | 9547.51
89 | 0.10 | 8654.33 | 8265.89 | 7827.74 | 606.58 | 3032.92 | 10800.00 | 9303.80
99 | 0.08 | 9458.58 | 8973.23 | 8740.72 | 418.55 | 2092.76 | 10800.00 | 9644.59
96 | 0.10 | 8960.55 | 9460.99 | 8014.45 | 568.48 | 2842.40 | 10800.00 | 9419.50
105 | 0.06 | 9798.69 | 10062.33 | 9194.95 | 324.91 | 1624.54 | 10800.00 | 9993.17
103 | 0.12 | 9028.13 | 10436.33 | 7775.77 | 619.72 | 3098.59 | 10800.00 | 9266.59
106 | 0.07 | 9858.93 | 11168.19 | 9077.15 | 349.46 | 1747.31 | 10800.00 | 9937.82
113 | 0.12 | 9721.75 | 11569.93 | 8333.36 | 505.46 | 2527.29 | 10800.00 | 9388.91
121 | 0.15 | 10099.93 | 12103.46 | 8284.41 | 518.68 | 2593.39 | 10800.00 | 9118.15
112 | 0.10 | 9567.06 | 12694.97 | 8297.56 | 510.70 | 2553.51 | 10800.00 | 9737.12
116 | 0.08 | 9981.88 | 13248.95 | 8921.96 | 381.71 | 1908.57 | 10800.00 | 9983.70
120 | 0.10 | 10218.44 | 13633.09 | 8855.13 | 396.91 | 1984.56 | 10800.00 | 9819.56
118 | 0.10 | 9900.33 | 14057.50 | 8494.58 | 470.49 | 2352.47 | 10800.00 | 9869.35
107 | 0.11 | 9415.04 | 14638.18 | 7804.84 | 612.51 | 3062.53 | 10800.00 | 9855.79
110 | 0.07 | 9880.00 | 15302.45 | 8808.83 | 382.11 | 1910.56 | 10692.65 | 10122.16
117 | 0.12 | 9952.11 | 15698.84 | 8068.25 | 559.78 | 2798.92 | 10800.00 | 9890.90
88 | 0.07 | 9257.34 | 16286.90 | 8117.25 | 407.81 | 2039.07 | 10127.78 | 9627.99
111 | 0.12 | 9547.82 | 16733.21 | 7539.83 | 668.07 | 3340.34 | 10800.00 | 10028.02
101 | 0.07 | 9681.74 | 17505.86 | 8456.33 | 389.94 | 1949.69 | 10378.72 | 9963.02
109 | 0.09 | 9777.09 | 17964.62 | 8160.27 | 496.46 | 2482.29 | 10597.89 | 10114.28
100 | 0.08 | 9490.27 | 18514.23 | 8009.13 | 454.63 | 2273.17 | 10245.93 | 9856.68
119 | 0.14 | 10058.15 | 19023.08 | 7394.92 | 700.63 | 3503.17 | 10800.00 | 10224.50
Vehicle 3
Charging tour: 
128  -> 141  -> 127  -> 133  -> 122  -> 125  -> 129  -> 124  -> 157  -> 130  -> 151  -> 123  -> 146  -> 143  -> 139  -> 137  -> 131  -> 144  -> 138  -> 136  -> 134  -> 155  -> 152  -> 148  -> 156  -> 135  -> 149  -> 126  -> 150  -> 140  -> 153  -> 147  -> 142  -> 132  -> 145  -> 
Charging time: 
546.064974333735  + 596.6586990331118  + 442.832949753594  + 494.95968159121736  + 596.865713997592  + 282.47998956309505  + 444.4797686083044  + 597.0091734802621  + 333.5015805413543  + 544.8137613494691  + 697.4968953946525  + 647.3541868044476  + 747.6875330320283  + 747.6939817077749  + 386.4265368764092  + 546.1118063405247  + 697.657651187458  + 747.6588556693991  + 647.2165252104659  + 393.3966912275103  + 747.6951456835269  + 896.9691308614573  + 279.82739695478585  + 939.7678029120996  + 333.50107536414487  + 546.5066594970549  + 796.8547863198808  + 494.8730197839143  + 946.4437980947702  + 747.6890692314088  + 546.223023292563  + 697.4966667868614  + 697.5001002538661  + 545.4056582346691  + 797.7074913485209  + 
total node:35/36
-------------------
Traveling energy: 2235.8610983903295
Charging energy: 105764.1389016096
Total energy used: 107999.99999999994
-------------------
Total time for travel: 2235.8610983903295
Total time for charging: 21152.82778032192
Charging round duration: 23388.68887871225
-------------------
ID | p | E0 | time_arrive | E_remain | time_charge | energy_charge| E_after_charge | E_after_cycle
128 | 0.10 | 7859.49 | 168.16 | 7842.67 | 546.06 | 2730.32 | 10518.39 | 8206.37
141 | 0.11 | 7912.34 | 750.41 | 7829.80 | 596.66 | 2983.29 | 10747.46 | 8273.85
127 | 0.08 | 7753.33 | 1385.12 | 7642.53 | 442.83 | 2214.16 | 9821.26 | 8060.74
133 | 0.09 | 7803.89 | 1855.43 | 7636.90 | 494.96 | 2474.80 | 10067.15 | 8133.59
122 | 0.11 | 7909.60 | 2378.26 | 7647.99 | 596.87 | 2984.33 | 10566.67 | 8272.14
125 | 0.05 | 7596.63 | 3001.45 | 7446.55 | 282.48 | 1412.40 | 8844.83 | 7817.30
129 | 0.08 | 7724.61 | 3305.51 | 7460.17 | 444.48 | 2222.40 | 9647.01 | 8040.25
124 | 0.11 | 7907.70 | 3772.64 | 7492.71 | 597.01 | 2985.05 | 10412.08 | 8270.96
157 | 0.06 | 7721.33 | 4439.87 | 7454.93 | 333.50 | 1667.51 | 9102.43 | 7958.77
130 | 0.10 | 7877.54 | 4803.73 | 7397.16 | 544.81 | 2724.07 | 10066.75 | 8218.16
151 | 0.13 | 7999.07 | 5409.23 | 7295.87 | 697.50 | 3487.48 | 10692.68 | 8388.08
123 | 0.12 | 7955.69 | 6132.34 | 7219.81 | 647.35 | 3236.77 | 10378.90 | 8332.33
146 | 0.14 | 8036.12 | 6847.97 | 7077.40 | 747.69 | 3738.44 | 10711.16 | 8437.73
143 | 0.14 | 8036.05 | 7644.58 | 6965.81 | 747.69 | 3738.47 | 10599.60 | 8437.70
139 | 0.07 | 7774.45 | 8403.52 | 7186.20 | 386.43 | 1932.13 | 9091.28 | 8038.17
137 | 0.10 | 7858.81 | 8864.59 | 6972.35 | 546.11 | 2730.56 | 9648.30 | 8205.93
131 | 0.13 | 7997.23 | 9426.01 | 6771.85 | 697.66 | 3488.29 | 10169.44 | 8387.04
144 | 0.14 | 8036.43 | 10173.09 | 6612.19 | 747.66 | 3738.29 | 10245.82 | 8437.90
138 | 0.12 | 7957.38 | 10942.92 | 6644.23 | 647.22 | 3236.08 | 9802.65 | 8333.33
136 | 0.07 | 7636.70 | 11678.79 | 6819.19 | 393.40 | 1966.98 | 8758.63 | 7935.27
134 | 0.14 | 8036.04 | 12201.17 | 6327.87 | 747.70 | 3738.48 | 9961.67 | 8437.69
155 | 0.17 | 8134.11 | 13076.35 | 5911.13 | 896.97 | 4484.85 | 10243.49 | 8567.10
152 | 0.05 | 7668.64 | 14127.81 | 6962.25 | 279.83 | 1399.14 | 8347.39 | 7876.05
148 | 0.18 | 8220.35 | 14512.46 | 5608.11 | 939.77 | 4698.84 | 10137.79 | 8628.99
156 | 0.06 | 7721.34 | 15473.82 | 6792.91 | 333.50 | 1667.51 | 8440.40 | 7958.78
135 | 0.10 | 7853.13 | 15866.52 | 6266.48 | 546.51 | 2732.53 | 8944.37 | 8202.22
149 | 0.15 | 8078.87 | 16502.37 | 5603.51 | 796.85 | 3984.27 | 9468.26 | 8487.98
126 | 0.09 | 7805.26 | 17372.16 | 6241.76 | 494.87 | 2474.37 | 8671.59 | 8134.52
150 | 0.18 | 8162.37 | 17904.75 | 4939.51 | 946.44 | 4732.22 | 9501.37 | 8604.39
140 | 0.14 | 8036.10 | 18880.35 | 5392.85 | 747.69 | 3738.45 | 9026.62 | 8437.73
153 | 0.10 | 7857.21 | 19682.14 | 5889.00 | 546.22 | 2731.12 | 8565.49 | 8204.88
147 | 0.13 | 7999.07 | 20384.25 | 5349.12 | 697.50 | 3487.48 | 8745.93 | 8388.08
142 | 0.13 | 7999.03 | 21184.51 | 5245.05 | 697.50 | 3487.50 | 8641.87 | 8388.06
132 | 0.10 | 7868.99 | 21899.47 | 5679.04 | 545.41 | 2727.03 | 8351.53 | 8212.57
145 | 0.15 | 8070.23 | 22557.60 | 4686.59 | 797.71 | 3988.54 | 8555.47 | 8483.60
154 | 0.20 | 8391.73 | 3624.84
Vehicle 4
Charging tour: 
158  -> 172  -> 162  -> 167  -> 175  -> 160  -> 163  -> 186  -> 164  -> 159  -> 170  -> 187  -> 173  -> 180  -> 165  -> 169  -> 184  -> 174  -> 179  -> 171  -> 182  -> 168  -> 189  -> 166  -> 176  -> 181  -> 177  -> 161  -> 185  -> 183  -> 188  -> 178  -> 
Charging time: 
429.40412140354715  + 251.55625206693432  + 1031.5396980829078  + 929.6481903291077  + 374.6129696671391  + 572.1136564441862  + 292.9562951870389  + 316.13089179331325  + 548.9328329326745  + 865.2388961798431  + 541.6388878003507  + 492.04533332525835  + 311.3132796067538  + 478.3218172075298  + 1014.0966265705562  + 312.6071627832277  + 368.3461284285232  + 256.4100100156157  + 284.4495433226978  + 696.7177865152607  + 249.03801109130836  + 560.1812323722004  + 307.9824937225476  + 259.19187354034227  + 434.9335758047663  + 728.9503342760461  + 597.0049595582051  + 592.953669459289  + 350.0196762925689  + 600.5751309279507  + 475.45192430862306  + 1371.6022312024995  + 
total node:32/32
-------------------
Traveling energy: 1974.9642898371585
Charging energy: 84479.82746109409
Total energy used: 86454.79175093124
-------------------
Total time for travel: 1974.9642898371585
Total time for charging: 16895.965492218817
Charging round duration: 18870.929782055973
-------------------
ID | p | E0 | time_arrive | E_remain | time_charge | energy_charge| E_after_charge | E_after_cycle
158 | 0.09 | 8707.98 | 181.74 | 8691.63 | 429.40 | 2147.02 | 10800.00 | 8709.90
172 | 0.08 | 9615.54 | 664.98 | 9562.34 | 251.56 | 1257.78 | 10800.00 | 8966.57
162 | 0.23 | 6095.79 | 940.15 | 5879.56 | 1031.54 | 5157.70 | 10800.00 | 5771.56
167 | 0.23 | 6842.64 | 2074.18 | 6365.58 | 929.65 | 4648.24 | 10800.00 | 6008.96
175 | 0.11 | 9302.27 | 3037.53 | 8968.14 | 374.61 | 1873.06 | 10800.00 | 8553.55
160 | 0.11 | 8380.81 | 3440.40 | 8002.36 | 572.11 | 2860.57 | 10800.00 | 8619.59
163 | 0.06 | 9594.01 | 4020.25 | 9352.80 | 292.96 | 1464.78 | 10800.00 | 9628.73
186 | 0.11 | 9734.11 | 4363.58 | 9254.12 | 316.13 | 1580.65 | 10800.00 | 8692.98
164 | 0.11 | 8641.96 | 4784.00 | 8115.72 | 548.93 | 2744.66 | 10800.00 | 8764.83
159 | 0.15 | 7422.22 | 5457.53 | 6603.59 | 865.24 | 4326.19 | 10800.00 | 8173.25
170 | 0.12 | 8918.42 | 6346.83 | 8156.80 | 541.64 | 2708.19 | 10800.00 | 8766.48
187 | 0.17 | 9597.06 | 6903.74 | 8423.42 | 492.05 | 2460.23 | 10800.00 | 8005.43
173 | 0.06 | 9706.45 | 7405.68 | 9262.11 | 311.31 | 1556.57 | 10800.00 | 9832.95
180 | 0.13 | 9488.53 | 7830.45 | 8470.57 | 478.32 | 2391.61 | 10800.00 | 8781.66
165 | 0.18 | 7423.78 | 8398.49 | 5912.05 | 1014.10 | 5070.48 | 10800.00 | 8204.06
169 | 0.06 | 9823.79 | 9477.43 | 9255.14 | 312.61 | 1563.04 | 10799.42 | 9956.76
184 | 0.10 | 9976.97 | 9818.68 | 8995.10 | 368.35 | 1841.73 | 10800.00 | 9435.26
174 | 0.05 | 9980.71 | 10249.05 | 9468.26 | 256.41 | 1282.05 | 10737.49 | 10071.04
179 | 0.06 | 10027.47 | 10544.17 | 9394.82 | 284.45 | 1422.25 | 10800.00 | 10019.65
171 | 0.13 | 8824.01 | 10900.17 | 7406.98 | 696.72 | 3483.59 | 10800.00 | 9209.12
182 | 0.06 | 10267.05 | 11621.65 | 9569.75 | 249.04 | 1245.19 | 10800.00 | 10082.17
168 | 0.10 | 9136.88 | 11951.09 | 7941.77 | 560.18 | 2800.91 | 10686.66 | 9554.34
189 | 0.06 | 9971.30 | 12546.47 | 9218.51 | 307.98 | 1539.91 | 10739.95 | 10081.15
166 | 0.05 | 9873.59 | 12899.46 | 9228.62 | 259.19 | 1295.96 | 10511.62 | 9977.83
176 | 0.08 | 9414.42 | 13184.82 | 8359.64 | 434.93 | 2174.67 | 10499.51 | 9682.33
181 | 0.14 | 9174.48 | 13694.11 | 7257.30 | 728.95 | 3644.75 | 10800.00 | 9482.41
177 | 0.11 | 9430.64 | 14440.47 | 7842.19 | 597.00 | 2985.02 | 10761.55 | 9793.88
161 | 0.10 | 8631.89 | 15062.72 | 7125.62 | 592.95 | 2964.77 | 10031.09 | 9213.21
185 | 0.07 | 10174.85 | 15720.74 | 9074.40 | 350.02 | 1750.10 | 10800.00 | 10256.54
183 | 0.12 | 9812.99 | 16198.34 | 7869.19 | 600.58 | 3002.88 | 10800.00 | 9955.74
188 | 0.10 | 10157.85 | 16875.68 | 8470.29 | 475.45 | 2377.26 | 10800.00 | 10151.67
178 | 0.23 | 8252.03 | 17367.72 | 4257.46 | 1371.60 | 6858.01 | 10800.00 | 9628.12
Vehicle 5
Charging tour: 
212  -> 224  -> 209  -> 198  -> 200  -> 225  -> 194  -> 231  -> 191  -> 221  -> 190  -> 217  -> 216  -> 227  -> 218  -> 206  -> 195  -> 226  -> 202  -> 229  -> 208  -> 197  -> 230  -> 232  -> 213  -> 228  -> 222  -> 203  -> 211  -> 219  -> 215  -> 201  -> 205  -> 214  -> 193  -> 196  -> 192  -> 199  -> 210  -> 204  -> 
Charging time: 
500.05623334412036  + 405.0728026966398  + 295.3863187638365  + 759.6983906446969  + 299.889602671711  + 546.5407244064859  + 450.55587499263555  + 1548.4705006537586  + 638.7582180718936  + 684.7995446822824  + 258.7357046627396  + 356.27436876973627  + 451.2733446499559  + 638.7970376590771  + 546.3700914765374  + 452.4104131601044  + 518.2412519812043  + 348.5810313552157  + 449.7321032688305  + 404.1497405751159  + 259.75895966067503  + 305.17585554459373  + 1771.4404538847923  + 986.6818048194347  + 348.30285350609796  + 499.41046269961697  + 356.9224773990137  + 603.1834901216088  + 625.234945685199  + 304.6588065001353  + 546.2293724629417  + 546.3238423719362  + 357.3136100168219  + 405.21694413555576  + 672.6587529420301  + 300.5339768167821  + 237.46892686459262  + 401.5709097025026  + 405.3732071511202  + 592.535408596474  + 
total node:40/43
-------------------
Traveling energy: 2601.0582031574936
Charging energy: 105398.94179684253
Total energy used: 108000.00000000001
-------------------
Total time for travel: 2601.0582031574936
Total time for charging: 21079.788359368504
Charging round duration: 23680.846562525996
-------------------
ID | p | E0 | time_arrive | E_remain | time_charge | energy_charge| E_after_charge | E_after_cycle
212 | 0.10 | 6529.58 | 150.72 | 6514.50 | 500.06 | 2500.28 | 8964.78 | 6646.41
224 | 0.08 | 6448.53 | 690.14 | 6393.32 | 405.07 | 2025.36 | 8386.28 | 6567.14
209 | 0.06 | 6632.31 | 1136.21 | 6564.14 | 295.39 | 1476.93 | 8023.34 | 6679.17
198 | 0.16 | 6876.74 | 1481.38 | 6639.72 | 759.70 | 3798.49 | 10316.66 | 6861.72
200 | 0.06 | 6532.72 | 2319.58 | 6393.54 | 299.89 | 1499.45 | 7875.00 | 6602.10
225 | 0.11 | 6571.64 | 2651.50 | 6279.98 | 546.54 | 2732.70 | 8952.56 | 6682.56
194 | 0.09 | 6522.25 | 3307.31 | 6224.60 | 450.56 | 2252.78 | 8436.83 | 6629.93
231 | 0.15 | 3162.95 | 3779.00 | 2596.10 | 1548.47 | 7742.35 | 10106.18 | 7330.13
191 | 0.13 | 6645.24 | 5368.60 | 5947.32 | 638.76 | 3193.79 | 9058.08 | 6740.55
221 | 0.14 | 6675.26 | 6032.73 | 5830.68 | 684.80 | 3424.00 | 9158.81 | 6762.44
190 | 0.05 | 6309.83 | 6768.66 | 5971.39 | 258.74 | 1293.68 | 7252.14 | 6411.78
217 | 0.07 | 6415.31 | 7089.74 | 5919.02 | 356.27 | 1781.37 | 7675.46 | 6528.27
216 | 0.09 | 6511.88 | 7513.60 | 5835.66 | 451.27 | 2256.37 | 8051.41 | 6623.15
227 | 0.13 | 6644.84 | 8009.78 | 5603.57 | 638.80 | 3193.99 | 8714.51 | 6740.34
218 | 0.11 | 6573.70 | 8687.89 | 5618.03 | 546.37 | 2731.85 | 8289.78 | 6683.76
206 | 0.09 | 6495.52 | 9287.29 | 5659.66 | 452.41 | 2262.05 | 7881.00 | 6612.47
195 | 0.10 | 6300.45 | 9814.95 | 5318.96 | 518.24 | 2591.21 | 7858.34 | 6508.22
226 | 0.07 | 6556.89 | 10342.41 | 5832.93 | 348.58 | 1742.91 | 7551.43 | 6631.39
202 | 0.09 | 6534.20 | 10794.05 | 5562.74 | 449.73 | 2248.66 | 7770.92 | 6637.76
229 | 0.08 | 6463.26 | 11352.63 | 5555.05 | 404.15 | 2020.75 | 7543.47 | 6577.25
208 | 0.05 | 6284.97 | 11803.73 | 5694.79 | 259.76 | 1298.79 | 6980.59 | 6392.04
197 | 0.06 | 6419.56 | 12131.39 | 5691.67 | 305.18 | 1525.88 | 7199.24 | 6515.37
230 | 0.15 | 2764.83 | 12478.58 | 893.04 | 1771.44 | 8857.20 | 9484.53 | 8046.87
232 | 0.11 | 3640.15 | 14291.49 | 2068.09 | 986.68 | 4933.41 | 6892.96 | 5951.77
213 | 0.07 | 6562.13 | 15333.00 | 5488.82 | 348.30 | 1741.51 | 7205.95 | 6635.23
228 | 0.10 | 6538.02 | 15775.94 | 4960.43 | 499.41 | 2497.05 | 7407.54 | 6651.63
222 | 0.07 | 6403.66 | 16391.99 | 5256.22 | 356.92 | 1784.61 | 7015.85 | 6519.86
203 | 0.12 | 6495.85 | 16909.14 | 4466.75 | 603.18 | 3015.92 | 7410.28 | 6651.63
211 | 0.15 | 7833.43 | 17533.60 | 5203.39 | 625.23 | 3126.17 | 8235.78 | 7384.44
219 | 0.06 | 6430.45 | 18231.94 | 5336.53 | 304.66 | 1523.29 | 6841.55 | 6523.68
215 | 0.11 | 6575.39 | 18552.26 | 4534.64 | 546.23 | 2731.15 | 7205.70 | 6684.75
201 | 0.11 | 6574.25 | 19139.55 | 4468.90 | 546.32 | 2731.62 | 7140.43 | 6684.08
205 | 0.07 | 6396.65 | 19714.35 | 5016.64 | 357.31 | 1786.57 | 6778.20 | 6514.80
214 | 0.08 | 6446.24 | 20201.59 | 4830.11 | 405.22 | 2026.08 | 6823.78 | 6565.57
193 | 0.14 | 6795.75 | 20621.27 | 3908.77 | 672.66 | 3363.29 | 7177.89 | 6822.22
196 | 0.06 | 6518.71 | 21374.85 | 5236.22 | 300.53 | 1502.67 | 6720.86 | 6591.31
192 | 0.05 | 6874.91 | 21752.75 | 5787.27 | 237.47 | 1187.34 | 6962.74 | 6870.53
199 | 0.08 | 6504.77 | 22021.48 | 4743.05 | 401.57 | 2007.85 | 6718.78 | 6605.86
210 | 0.08 | 6443.75 | 22491.70 | 4644.42 | 405.37 | 2026.87 | 6638.85 | 6563.86
204 | 0.12 | 6612.58 | 22942.15 | 3859.52 | 592.54 | 2962.68 | 6751.09 | 6715.12
207 | 0.12 | 6609.99 | 3749.85
220 | 0.15 | 6784.28 | 3209.12
223 | 0.14 | 6690.68 | 3353.86
Vehicle 6
Charging tour: 
257  -> 245  -> 266  -> 261  -> 251  -> 258  -> 234  -> 262  -> 239  -> 269  -> 248  -> 233  -> 237  -> 259  -> 238  -> 250  -> 242  -> 264  -> 244  -> 235  -> 270  -> 236  -> 256  -> 241  -> 254  -> 253  -> 272  -> 265  -> 260  -> 255  -> 268  -> 247  -> 263  -> 243  -> 240  -> 273  -> 249  -> 246  -> 271  -> 252  -> 267  -> 
Charging time: 
560.1207174782587  + 363.0202502371269  + 560.2790039646848  + 361.8949955515993  + 642.6643914502284  + 293.36240128407803  + 360.9977614048274  + 293.50976880497603  + 462.86868427214716  + 359.1527982202516  + 656.9961378800415  + 723.8344655741816  + 409.55600779097875  + 656.9280023712348  + 560.3778098729559  + 560.706544587946  + 803.4282458400772  + 511.6130625172078  + 462.5342035916237  + 413.9097416281404  + 560.3835700868646  + 560.2657074720249  + 462.83893678208335  + 361.0109772809309  + 353.97363149121276  + 608.6965437017609  + 409.9061902697112  + 297.5169507434862  + 560.4129286273413  + 511.2533195099903  + 697.1899150048276  + 558.880900472138  + 608.8107571074039  + 310.6177137238215  + 752.5806283029535  + 608.8192688571999  + 462.89971430005414  + 362.4603320708021  + 656.9965376648074  + 751.2271758920314  + 657.0178789197329  + 
total node:41/41
-------------------
Traveling energy: 2270.7196538988787
Charging energy: 105657.57286301874
Total energy used: 107928.29251691762
-------------------
Total time for travel: 2270.7196538988787
Total time for charging: 21131.514572603748
Charging round duration: 23402.234226502627
-------------------
ID | p | E0 | time_arrive | E_remain | time_charge | energy_charge| E_after_charge | E_after_cycle
257 | 0.10 | 7762.15 | 194.97 | 7742.66 | 560.12 | 2800.60 | 10487.25 | 8179.31
245 | 0.06 | 7185.95 | 775.84 | 7139.40 | 363.02 | 1815.10 | 8932.72 | 7570.98
266 | 0.10 | 7759.96 | 1186.82 | 7641.28 | 560.28 | 2801.40 | 10386.65 | 8177.91
261 | 0.06 | 7208.29 | 1854.45 | 7097.03 | 361.89 | 1809.47 | 8884.79 | 7587.70
251 | 0.12 | 7941.01 | 2310.11 | 7663.80 | 642.66 | 3213.32 | 10800.00 | 8294.20
258 | 0.05 | 7410.19 | 3029.39 | 7258.72 | 293.36 | 1466.81 | 8710.86 | 7685.28
234 | 0.06 | 7226.21 | 3364.41 | 7024.35 | 361.00 | 1804.99 | 8807.67 | 7601.13
262 | 0.05 | 7406.47 | 3853.29 | 7213.81 | 293.51 | 1467.55 | 8666.68 | 7682.30
239 | 0.08 | 7514.43 | 4169.52 | 7180.87 | 462.87 | 2314.34 | 9458.18 | 7922.02
269 | 0.06 | 7263.33 | 4712.57 | 6980.58 | 359.15 | 1795.76 | 8754.79 | 7629.03
248 | 0.12 | 7941.13 | 5073.70 | 7332.29 | 657.00 | 3284.98 | 10538.43 | 8365.98
233 | 0.13 | 7808.51 | 5758.64 | 7059.88 | 723.83 | 3619.17 | 10584.96 | 8329.20
237 | 0.07 | 7431.02 | 6526.34 | 6974.18 | 409.56 | 2047.78 | 8993.29 | 7810.39
259 | 0.12 | 7941.95 | 6941.25 | 7109.00 | 656.93 | 3284.64 | 10314.81 | 8366.46
238 | 0.10 | 7758.59 | 7627.86 | 6995.81 | 560.38 | 2801.89 | 9741.66 | 8177.04
250 | 0.10 | 7754.04 | 8206.93 | 6933.35 | 560.71 | 2803.53 | 9680.81 | 8174.13
242 | 0.15 | 8117.23 | 8800.48 | 6797.16 | 803.43 | 4017.14 | 10693.79 | 8559.21
264 | 0.09 | 7648.30 | 9631.19 | 6781.49 | 511.61 | 2558.07 | 9293.51 | 8061.26
244 | 0.08 | 7519.86 | 10220.60 | 6702.22 | 462.53 | 2312.67 | 8977.88 | 7925.78
235 | 0.07 | 7352.86 | 10718.49 | 6602.56 | 413.91 | 2069.55 | 8643.14 | 7754.00
270 | 0.10 | 7758.51 | 11140.24 | 6644.49 | 560.38 | 2801.92 | 9390.37 | 8176.98
236 | 0.10 | 7760.14 | 11730.09 | 6587.14 | 560.27 | 2801.33 | 9332.44 | 8178.03
256 | 0.08 | 7514.91 | 12304.76 | 6530.53 | 462.84 | 2314.19 | 8807.70 | 7922.35
241 | 0.06 | 7225.95 | 12835.91 | 6455.79 | 361.01 | 1805.05 | 8239.19 | 7600.93
254 | 0.06 | 7369.60 | 13221.28 | 6576.33 | 353.97 | 1769.87 | 8324.96 | 7709.41
253 | 0.11 | 7856.98 | 13599.64 | 6361.02 | 608.70 | 3043.48 | 9337.55 | 8278.67
272 | 0.07 | 7424.67 | 14259.90 | 6426.48 | 409.91 | 2049.53 | 8447.32 | 7805.79
265 | 0.05 | 7306.71 | 14741.25 | 6569.65 | 297.52 | 1487.58 | 8042.36 | 7602.58
260 | 0.10 | 7758.11 | 15117.84 | 6246.32 | 560.41 | 2802.06 | 8992.35 | 8176.73
255 | 0.09 | 7653.68 | 15712.63 | 6239.54 | 511.25 | 2556.27 | 8749.80 | 8064.84
268 | 0.13 | 8106.92 | 16283.13 | 5990.12 | 697.19 | 3485.95 | 9385.43 | 8494.39
247 | 0.10 | 7779.37 | 17091.72 | 6070.20 | 558.88 | 2794.40 | 8808.72 | 8190.33
263 | 0.11 | 7855.51 | 17671.09 | 5911.69 | 608.81 | 3044.05 | 8888.77 | 8277.77
243 | 0.05 | 6998.54 | 18367.96 | 6080.14 | 310.62 | 1553.09 | 7617.70 | 7359.91
240 | 0.14 | 8087.96 | 18726.24 | 5466.28 | 752.58 | 3762.90 | 9123.83 | 8514.04
273 | 0.11 | 7855.40 | 19549.88 | 5704.91 | 608.82 | 3044.10 | 8682.04 | 8277.70
249 | 0.08 | 7513.93 | 20224.96 | 5895.93 | 462.90 | 2314.50 | 8173.40 | 7921.67
246 | 0.06 | 7197.05 | 20739.64 | 5952.67 | 362.46 | 1812.30 | 7743.23 | 7579.29
271 | 0.12 | 7941.12 | 21113.43 | 5407.51 | 657.00 | 3284.98 | 8613.66 | 8365.97
252 | 0.14 | 8102.53 | 21856.82 | 5042.57 | 751.23 | 3756.14 | 8693.54 | 8521.84
267 | 0.12 | 7940.87 | 22628.98 | 5225.39 | 657.02 | 3285.09 | 8431.64 | 8365.82
Vehicle 7
Charging tour: 
297  -> 280  -> 303  -> 294  -> 284  -> 295  -> 279  -> 274  -> 286  -> 287  -> 275  -> 281  -> 299  -> 285  -> 291  -> 312  -> 277  -> 300  -> 292  -> 310  -> 293  -> 296  -> 301  -> 283  -> 307  -> 304  -> 276  -> 305  -> 288  -> 308  -> 311  -> 290  -> 309  -> 289  -> 302  -> 298  -> 313  -> 306  -> 282  -> 278  -> 
Charging time: 
345.67626510854205  + 457.7783771315503  + 606.213423424975  + 457.04076621327636  + 606.4368336075106  + 690.974911043766  + 405.22199524637  + 606.269346313104  + 457.6758087847507  + 302.3053759559215  + 402.3505699440062  + 654.9337043271576  + 458.636463502904  + 405.8798969784014  + 557.3263150368331  + 702.6478343461501  + 557.2560828008752  + 703.1420198510241  + 455.4426539498569  + 803.9867018862561  + 302.45655798619936  + 354.4917690357339  + 457.612429699065  + 798.0147622726286  + 703.1152723579116  + 357.36662704880354  + 703.1070964252273  + 748.3564184659659  + 357.4301447626097  + 357.32405519691775  + 751.1984067555559  + 356.73395168805837  + 407.53675306310464  + 353.86773967769585  + 458.2091708194849  + 508.47291144922053  + 703.1111528109675  + 457.17789540493783  + 799.1035744394104  + 556.9989497936012  + 
total node:40/40
-------------------
Traveling energy: 2298.1750832423745
Charging energy: 105644.40492303166
Total energy used: 107942.58000627403
-------------------
Total time for travel: 2298.1750832423745
Total time for charging: 21128.88098460633
Charging round duration: 23427.056067848705
-------------------
ID | p | E0 | time_arrive | E_remain | time_charge | energy_charge| E_after_charge | E_after_cycle
297 | 0.06 | 7311.63 | 86.88 | 7306.42 | 345.68 | 1728.38 | 9014.06 | 7609.94
280 | 0.08 | 7361.51 | 452.64 | 7325.30 | 457.78 | 2288.89 | 9577.57 | 7743.65
303 | 0.11 | 7643.63 | 1009.75 | 7532.56 | 606.21 | 3031.07 | 10496.94 | 8052.91
294 | 0.08 | 7373.40 | 1659.54 | 7240.63 | 457.04 | 2285.20 | 9489.27 | 7751.84
284 | 0.11 | 7640.81 | 2125.42 | 7407.02 | 606.44 | 3032.18 | 10372.49 | 8051.21
295 | 0.13 | 7795.70 | 2774.95 | 7434.95 | 690.97 | 3454.87 | 10800.00 | 8152.09
279 | 0.07 | 7276.75 | 3491.51 | 7032.35 | 405.22 | 2026.11 | 9030.09 | 7634.45
274 | 0.11 | 7642.92 | 3980.08 | 7205.12 | 606.27 | 3031.35 | 10169.77 | 8052.48
286 | 0.08 | 7363.16 | 4626.72 | 6993.03 | 457.68 | 2288.38 | 9244.79 | 7744.79
287 | 0.05 | 6967.17 | 5147.61 | 6709.79 | 302.31 | 1511.53 | 8206.20 | 7286.98
275 | 0.07 | 7328.68 | 5474.13 | 6945.49 | 402.35 | 2011.75 | 8929.08 | 7672.02
281 | 0.12 | 7718.21 | 5942.38 | 7005.12 | 654.93 | 3274.67 | 10201.20 | 8132.74
299 | 0.08 | 7347.74 | 6609.52 | 6818.98 | 458.64 | 2293.18 | 9075.47 | 7734.17
285 | 0.07 | 7264.96 | 7084.76 | 6769.02 | 405.88 | 2029.40 | 8770.01 | 7625.94
291 | 0.10 | 7558.28 | 7573.45 | 6800.93 | 557.33 | 2786.63 | 9531.83 | 7961.47
312 | 0.13 | 7793.60 | 8152.77 | 6733.74 | 702.65 | 3513.24 | 10155.64 | 8208.36
277 | 0.10 | 7559.23 | 8948.88 | 6664.34 | 557.26 | 2786.28 | 9394.90 | 7962.07
300 | 0.13 | 7788.12 | 9578.35 | 6542.94 | 703.14 | 3515.71 | 9967.24 | 8205.35
292 | 0.08 | 7399.27 | 10320.53 | 6573.63 | 455.44 | 2277.21 | 8814.40 | 7769.73
310 | 0.15 | 7859.14 | 10789.94 | 6240.65 | 803.99 | 4019.93 | 10139.98 | 8303.90
293 | 0.05 | 6963.69 | 11639.27 | 6381.73 | 302.46 | 1512.28 | 7878.89 | 7284.25
296 | 0.06 | 7129.80 | 11968.31 | 6411.70 | 354.49 | 1772.46 | 8162.89 | 7472.20
301 | 0.08 | 7364.18 | 12416.90 | 6370.83 | 457.61 | 2288.06 | 8622.29 | 7745.49
283 | 0.15 | 7917.95 | 12913.93 | 5980.86 | 798.01 | 3990.07 | 9851.23 | 8332.86
307 | 0.13 | 7788.42 | 13737.91 | 6002.49 | 703.12 | 3515.58 | 9426.66 | 8205.52
304 | 0.06 | 7072.45 | 14455.78 | 6205.10 | 357.37 | 1786.83 | 7970.49 | 7429.21
276 | 0.13 | 7788.51 | 14878.71 | 5854.28 | 703.11 | 3515.54 | 9278.41 | 8205.57
305 | 0.14 | 7880.47 | 15717.26 | 5680.05 | 748.36 | 3741.78 | 9317.06 | 8285.43
288 | 0.06 | 7071.19 | 16581.79 | 6076.28 | 357.43 | 1787.15 | 7841.99 | 7428.27
308 | 0.06 | 7073.29 | 16959.18 | 6055.74 | 357.32 | 1786.62 | 7820.92 | 7429.84
311 | 0.14 | 7850.65 | 17419.05 | 5411.99 | 751.20 | 3755.99 | 9062.81 | 8269.82
290 | 0.06 | 7084.99 | 18203.60 | 5992.77 | 356.73 | 1783.67 | 7755.04 | 7438.59
309 | 0.07 | 7235.42 | 18607.40 | 5932.90 | 407.54 | 2037.68 | 7942.06 | 7604.69
289 | 0.06 | 7142.38 | 19040.28 | 5999.96 | 353.87 | 1769.34 | 7748.07 | 7481.65
302 | 0.08 | 7354.59 | 19422.93 | 5800.76 | 458.21 | 2291.05 | 8055.15 | 7738.88
298 | 0.09 | 7456.02 | 19910.87 | 5664.04 | 508.47 | 2542.36 | 8160.65 | 7853.29
313 | 0.13 | 7788.46 | 20535.03 | 5118.91 | 703.11 | 3515.56 | 8543.06 | 8205.54
306 | 0.08 | 7371.18 | 21266.91 | 5669.83 | 457.18 | 2285.89 | 7919.15 | 7750.32
282 | 0.15 | 7907.16 | 21879.07 | 4625.30 | 799.10 | 3995.52 | 8500.95 | 8327.51
278 | 0.10 | 7562.72 | 22733.68 | 5289.35 | 557.00 | 2784.99 | 8018.65 | 7964.27
Vehicle 8
Charging tour: 
316  -> 326  -> 342  -> 323  -> 324  -> 351  -> 325  -> 336  -> 318  -> 337  -> 335  -> 341  -> 317  -> 346  -> 315  -> 322  -> 331  -> 329  -> 314  -> 347  -> 328  -> 320  -> 349  -> 327  -> 332  -> 338  -> 339  -> 340  -> 348  -> 333  -> 321  -> 319  -> 334  -> 350  -> 345  -> 344  -> 330  -> 352  -> 343  -> 
Charging time: 
556.69691066896  + 316.8164098320498  + 268.3137659054606  + 336.12045626847606  + 311.54005783323953  + 277.4543883448006  + 347.972502018598  + 311.55138826664194  + 613.0867089093198  + 344.1712554182283  + 413.1406069117593  + 502.74897094280107  + 617.8503350144359  + 385.6451869964913  + 325.81427783324244  + 437.7756716864985  + 332.8479713411473  + 432.2147388400311  + 451.24285525062925  + 414.31543833473705  + 427.8187972734937  + 327.6612436280984  + 473.71764090194773  + 886.5205774033493  + 606.7923009865779  + 657.735048836963  + 505.6613168336929  + 556.4058567401124  + 742.1997043927994  + 327.9373081570864  + 328.8036471273224  + 442.3505440568644  + 424.73945354883216  + 566.6805061127496  + 668.6827864122115  + 674.3563579378155  + 751.8873034893535  + 827.2264961296958  + 582.689294178146  + 
total node:39/39
-------------------
Traveling energy: 2335.8545455599187
Charging energy: 93885.9304038233
Total energy used: 96221.78494938322
-------------------
Total time for travel: 2335.8545455599187
Total time for charging: 18777.18608076466
Charging round duration: 21113.04062632458
-------------------
ID | p | E0 | time_arrive | E_remain | time_charge | energy_charge| E_after_charge | E_after_cycle
316 | 0.12 | 8104.04 | 172.64 | 8083.32 | 556.70 | 2783.48 | 10800.00 | 8027.39
326 | 0.07 | 9290.52 | 748.92 | 9238.10 | 316.82 | 1584.08 | 10800.00 | 9206.19
342 | 0.10 | 9605.44 | 1201.77 | 9485.26 | 268.31 | 1341.57 | 10800.00 | 8563.56
323 | 0.07 | 9248.85 | 1513.22 | 9142.93 | 336.12 | 1680.60 | 10800.00 | 9261.04
324 | 0.07 | 9394.99 | 1869.81 | 9264.11 | 311.54 | 1557.70 | 10800.00 | 9284.28
351 | 0.10 | 9667.21 | 2267.35 | 9440.47 | 277.45 | 1387.27 | 10800.00 | 8671.04
325 | 0.08 | 9297.15 | 2614.73 | 9087.98 | 347.97 | 1739.86 | 10800.00 | 9130.26
336 | 0.08 | 9505.58 | 2980.21 | 9267.17 | 311.55 | 1557.76 | 10800.00 | 9156.58
318 | 0.12 | 8204.59 | 3303.79 | 7808.14 | 613.09 | 3065.43 | 10800.00 | 8409.89
337 | 0.08 | 9421.75 | 3938.41 | 9106.68 | 344.17 | 1720.86 | 10800.00 | 9235.85
335 | 0.10 | 9206.25 | 4306.38 | 8775.61 | 413.14 | 2065.70 | 10800.00 | 8888.51
341 | 0.16 | 9147.11 | 4877.57 | 8366.69 | 502.75 | 2513.74 | 10800.00 | 7847.34
317 | 0.11 | 8382.65 | 5490.31 | 7778.71 | 617.85 | 3089.25 | 10800.00 | 8850.11
346 | 0.09 | 9460.46 | 6155.27 | 8906.48 | 385.65 | 1928.23 | 10800.00 | 9243.58
315 | 0.06 | 9267.67 | 6566.34 | 8873.69 | 325.81 | 1629.07 | 10483.21 | 9466.67
322 | 0.08 | 9196.61 | 6988.53 | 8637.53 | 437.78 | 2188.88 | 10791.38 | 9478.73
331 | 0.06 | 9071.83 | 7511.52 | 8621.14 | 332.85 | 1664.24 | 10265.40 | 9306.00
329 | 0.08 | 9309.36 | 7948.26 | 8673.50 | 432.21 | 2161.07 | 10800.00 | 9563.68
314 | 0.08 | 8922.14 | 8409.50 | 8249.38 | 451.24 | 2256.21 | 10469.50 | 9271.60
347 | 0.08 | 9478.07 | 8956.33 | 8761.57 | 414.32 | 2071.58 | 10800.00 | 9642.90
328 | 0.08 | 9410.65 | 9437.73 | 8655.63 | 427.82 | 2139.09 | 10760.50 | 9642.99
320 | 0.06 | 9215.43 | 9914.23 | 8620.58 | 327.66 | 1638.31 | 10239.22 | 9423.67
349 | 0.11 | 9615.53 | 10291.03 | 8483.52 | 473.72 | 2368.59 | 10800.00 | 9362.33
327 | 0.15 | 8122.92 | 10816.98 | 6500.38 | 886.52 | 4432.60 | 10800.00 | 8980.36
332 | 0.11 | 9123.09 | 11736.69 | 7832.06 | 606.79 | 3033.96 | 10799.27 | 9535.26
338 | 0.13 | 9207.12 | 12386.83 | 7596.83 | 657.74 | 3288.68 | 10800.00 | 9397.31
339 | 0.10 | 9630.03 | 13077.73 | 8322.26 | 505.66 | 2528.31 | 10800.00 | 9774.89
340 | 0.11 | 9577.79 | 13623.76 | 8079.18 | 556.41 | 2782.03 | 10800.00 | 9738.03
348 | 0.18 | 9787.88 | 14251.56 | 7222.60 | 742.20 | 3711.00 | 10800.00 | 9208.68
333 | 0.06 | 9207.67 | 15020.66 | 8306.43 | 327.94 | 1639.69 | 9926.44 | 9417.29
321 | 0.06 | 9183.41 | 15356.27 | 8262.04 | 328.80 | 1644.02 | 9886.33 | 9397.36
319 | 0.08 | 9101.50 | 15732.82 | 7842.87 | 442.35 | 2211.75 | 10019.24 | 9406.49
334 | 0.08 | 9478.88 | 16212.55 | 8181.87 | 424.74 | 2123.70 | 10271.59 | 9695.82
350 | 0.11 | 9768.86 | 16681.21 | 7933.93 | 566.68 | 2833.40 | 10704.99 | 9980.47
345 | 0.12 | 9031.31 | 17257.21 | 6960.44 | 668.68 | 3343.41 | 10223.61 | 9514.59
344 | 0.13 | 9701.60 | 18016.25 | 7359.49 | 674.36 | 3371.78 | 10643.60 | 9974.90
330 | 0.13 | 8701.22 | 18751.72 | 6263.49 | 751.89 | 3759.44 | 9925.18 | 9362.18
352 | 0.17 | 10124.44 | 19529.11 | 6804.50 | 827.23 | 4136.13 | 10800.00 | 10208.72
343 | 0.11 | 9500.47 | 20453.87 | 7250.54 | 582.69 | 2913.45 | 10099.89 | 9792.13
Vehicle 9
Charging tour: 
389  -> 377  -> 362  -> 359  -> 381  -> 365  -> 372  -> 371  -> 353  -> 369  -> 378  -> 383  -> 354  -> 384  -> 393  -> 382  -> 374  -> 380  -> 358  -> 392  -> 375  -> 388  -> 361  -> 376  -> 373  -> 355  -> 366  -> 367  -> 386  -> 370  -> 391  -> 357  -> 387  -> 390  -> 379  -> 363  -> 364  -> 356  -> 385  -> 368  -> 360  -> 
Charging time: 
560.8975248783179  + 244.14982282131712  + 415.08100134713675  + 689.7014542866649  + 655.585114506672  + 365.8634902150383  + 512.6573623832307  + 462.4595482948976  + 560.9063742649544  + 512.6827730188144  + 704.6408502073677  + 512.3918696214944  + 366.01701713404657  + 560.6067938674222  + 640.313217422987  + 656.9043862178477  + 364.62473024387083  + 464.11098247604167  + 316.13190850951923  + 413.1983970532686  + 463.9866335070202  + 464.0611067440044  + 702.3938811147059  + 312.67705499196796  + 655.4660203910679  + 656.8957031256015  + 463.819162202387  + 608.9722538082373  + 608.9815457535786  + 656.8946431388829  + 656.8600870195709  + 560.9250636514771  + 314.1429511979243  + 463.42658317482704  + 512.4292077378277  + 262.01078889842984  + 704.6360590659541  + 622.5045546672357  + 633.4371648594254  + 464.17200066036787  + 313.03106300937924  + 
total node:41/41
-------------------
Traveling energy: 2596.7592625460807
Charging energy: 105403.24073745395
Total energy used: 108000.00000000003
-------------------
Total time for travel: 2596.7592625460807
Total time for charging: 21080.64814749079
Charging round duration: 23677.40741003687
-------------------
ID | p | E0 | time_arrive | E_remain | time_charge | energy_charge| E_after_charge | E_after_cycle
389 | 0.11 | 5942.30 | 150.20 | 5925.77 | 560.90 | 2804.49 | 8668.56 | 6125.00
377 | 0.05 | 6205.24 | 756.88 | 6167.40 | 244.15 | 1220.75 | 7375.94 | 6234.27
362 | 0.08 | 5839.86 | 1046.23 | 5756.16 | 415.08 | 2075.41 | 7798.36 | 6008.51
359 | 0.14 | 6150.52 | 1607.64 | 5925.45 | 689.70 | 3448.51 | 9277.40 | 6262.21
381 | 0.13 | 6008.41 | 2413.67 | 5694.63 | 655.59 | 3277.93 | 8887.33 | 6187.86
365 | 0.07 | 5797.28 | 3074.30 | 5582.08 | 365.86 | 1829.32 | 7385.78 | 5958.18
372 | 0.10 | 5910.42 | 3470.82 | 5563.33 | 512.66 | 2563.29 | 8075.35 | 6090.26
371 | 0.09 | 5896.77 | 4001.12 | 5536.67 | 462.46 | 2312.30 | 7807.34 | 6063.96
353 | 0.11 | 5942.20 | 4485.14 | 5448.84 | 560.91 | 2804.53 | 8191.67 | 6124.95
369 | 0.10 | 5910.12 | 5124.33 | 5397.69 | 512.68 | 2563.41 | 7909.83 | 6090.09
378 | 0.14 | 6020.12 | 5770.44 | 5212.26 | 704.64 | 3523.20 | 8636.82 | 6206.50
383 | 0.10 | 5913.48 | 6506.98 | 5262.78 | 512.39 | 2561.96 | 7773.50 | 6091.99
354 | 0.07 | 5794.85 | 7058.57 | 5300.75 | 366.02 | 1830.09 | 7105.21 | 5956.52
384 | 0.11 | 5945.38 | 7519.13 | 5118.27 | 560.61 | 2803.03 | 7859.64 | 6126.62
393 | 0.15 | 7098.13 | 8102.32 | 5882.78 | 640.31 | 3201.57 | 8988.30 | 6724.53
382 | 0.13 | 5996.34 | 8750.75 | 4858.75 | 656.90 | 3284.52 | 8057.87 | 6182.39
374 | 0.07 | 5816.97 | 9421.41 | 5157.48 | 364.62 | 1823.12 | 6955.07 | 5971.69
380 | 0.09 | 5875.78 | 9855.53 | 4988.79 | 464.11 | 2320.55 | 7267.57 | 6051.24
358 | 0.06 | 5750.80 | 10460.06 | 5123.19 | 316.13 | 1580.66 | 6684.89 | 5901.39
392 | 0.08 | 5866.47 | 10933.87 | 4991.76 | 413.20 | 2065.99 | 7024.69 | 6025.70
375 | 0.09 | 5877.36 | 11392.59 | 4852.03 | 463.99 | 2319.93 | 7130.20 | 6052.19
388 | 0.09 | 5876.42 | 11882.82 | 4806.96 | 464.06 | 2320.31 | 7085.50 | 6051.62
361 | 0.14 | 6039.38 | 12375.14 | 4306.86 | 702.39 | 3511.97 | 7720.50 | 6214.53
376 | 0.06 | 5814.34 | 13138.64 | 5026.02 | 312.68 | 1563.39 | 6570.65 | 5947.66
373 | 0.13 | 6009.50 | 13471.85 | 4258.16 | 655.47 | 3277.33 | 7450.28 | 6188.35
355 | 0.13 | 5996.42 | 14201.34 | 4150.25 | 656.90 | 3284.48 | 7349.33 | 6182.42
366 | 0.09 | 5879.48 | 14875.04 | 4540.73 | 463.82 | 2319.10 | 6818.08 | 6053.48
367 | 0.12 | 5970.75 | 15381.63 | 4124.96 | 608.97 | 3044.86 | 7096.74 | 6155.48
386 | 0.12 | 5970.66 | 16110.61 | 4037.39 | 608.98 | 3044.91 | 7009.22 | 6155.43
370 | 0.13 | 5996.43 | 16850.06 | 3805.92 | 656.89 | 3284.47 | 7005.00 | 6182.43
391 | 0.13 | 5996.75 | 17523.24 | 3718.73 | 656.86 | 3284.30 | 6917.63 | 6182.57
357 | 0.11 | 5942.01 | 18229.38 | 3936.77 | 560.93 | 2804.63 | 6679.70 | 6124.84
387 | 0.06 | 5787.21 | 18852.53 | 4656.06 | 314.14 | 1570.71 | 6207.92 | 5927.86
390 | 0.09 | 5884.46 | 19271.37 | 4150.04 | 463.43 | 2317.13 | 6425.46 | 6056.49
379 | 0.10 | 5913.05 | 19768.62 | 3936.19 | 512.43 | 2562.15 | 6447.09 | 6091.75
363 | 0.05 | 5782.24 | 20317.71 | 4766.35 | 262.01 | 1310.05 | 6063.31 | 5900.57
364 | 0.14 | 6020.16 | 20604.79 | 3135.49 | 704.64 | 3523.18 | 6560.03 | 6206.52
356 | 0.13 | 6327.70 | 21377.73 | 3548.60 | 622.50 | 3112.52 | 6580.19 | 6341.75
385 | 0.13 | 6218.49 | 22047.75 | 3352.28 | 633.44 | 3167.19 | 6437.12 | 6287.20
368 | 0.09 | 5875.01 | 22714.06 | 3830.75 | 464.17 | 2320.86 | 6109.83 | 6050.77
360 | 0.06 | 5807.76 | 23248.01 | 4412.88 | 313.03 | 1565.16 | 5959.26 | 5942.85
Vehicle 10
Charging tour: 
405  -> 396  -> 418  -> 403  -> 430  -> 415  -> 429  -> 395  -> 404  -> 411  -> 402  -> 406  -> 425  -> 401  -> 414  -> 397  -> 431  -> 399  -> 394  -> 427  -> 424  -> 412  -> 421  -> 422  -> 417  -> 416  -> 400  -> 428  -> 413  -> 409  -> 426  -> 420  -> 410  -> 423  -> 408  -> 398  -> 432  -> 407  -> 419  -> 
Charging time: 
524.0826746392224  + 670.1996519176198  + 573.3028423491739  + 523.9261551762027  + 423.98994768023636  + 371.9023624437968  + 573.1431294192794  + 523.8001921511365  + 765.9850102908825  + 524.314503419541  + 669.4707810167979  + 317.6176238436526  + 474.69435867170205  + 422.4984894029664  + 573.011323321163  + 424.4976535738982  + 670.2070545216777  + 617.0063006173439  + 373.20142352437205  + 761.6047604072512  + 670.2005572895049  + 799.6977813491626  + 423.9409719808581  + 424.6365880019232  + 369.87999796030533  + 373.51007020958014  + 523.6156775621143  + 474.26577256308695  + 363.67744831634417  + 572.9525545737214  + 840.688426798008  + 670.2107992392827  + 523.9010438629805  + 655.2027133004682  + 368.34520500945587  + 716.6191097384955  + 474.454330516628  + 653.4916265177735  + 474.02064787156036  + 
total node:39/39
-------------------
Traveling energy: 2241.162194754166
Charging energy: 105758.83780524584
Total energy used: 108000.00000000001
-------------------
Total time for travel: 2241.162194754166
Total time for charging: 21151.767561049168
Charging round duration: 23392.929755803336
-------------------
ID | p | E0 | time_arrive | E_remain | time_charge | energy_charge| E_after_charge | E_after_cycle
405 | 0.09 | 7274.78 | 149.54 | 7261.32 | 524.08 | 2620.41 | 9834.57 | 7750.09
396 | 0.12 | 7584.98 | 804.42 | 7488.45 | 670.20 | 3351.00 | 10759.02 | 8075.84
418 | 0.10 | 7389.13 | 1572.46 | 7231.88 | 573.30 | 2866.51 | 10041.07 | 7872.20
403 | 0.09 | 7276.95 | 2186.46 | 7080.17 | 523.93 | 2619.63 | 9652.65 | 7751.48
430 | 0.07 | 6993.90 | 2769.45 | 6800.04 | 423.99 | 2119.95 | 8890.31 | 7445.44
415 | 0.06 | 6834.39 | 3258.59 | 6638.87 | 371.90 | 1859.51 | 8476.07 | 7263.83
429 | 0.10 | 7391.19 | 3646.33 | 7026.55 | 573.14 | 2865.72 | 9834.95 | 7873.46
395 | 0.09 | 7278.70 | 4277.32 | 6893.75 | 523.80 | 2619.00 | 9465.60 | 7752.60
404 | 0.14 | 7742.57 | 4900.54 | 7056.49 | 765.99 | 3829.93 | 10779.18 | 8235.67
411 | 0.09 | 7271.56 | 5696.28 | 6758.90 | 524.31 | 2621.57 | 9333.28 | 7748.04
402 | 0.12 | 7593.24 | 6243.39 | 6844.03 | 669.47 | 3347.35 | 10111.05 | 8080.45
406 | 0.05 | 6668.72 | 6962.67 | 6320.59 | 317.62 | 1588.09 | 7892.80 | 7065.09
425 | 0.08 | 7139.26 | 7311.07 | 6554.37 | 474.69 | 2373.47 | 8889.87 | 7605.97
401 | 0.07 | 7018.59 | 7885.04 | 6466.64 | 422.50 | 2112.49 | 8549.56 | 7462.67
414 | 0.10 | 7392.89 | 8339.76 | 6558.91 | 573.01 | 2865.06 | 9366.67 | 7874.50
397 | 0.07 | 6985.54 | 8921.67 | 6361.02 | 424.50 | 2122.49 | 8453.80 | 7439.62
431 | 0.12 | 7584.89 | 9455.59 | 6450.22 | 670.21 | 3351.04 | 9720.83 | 8075.79
399 | 0.11 | 7552.32 | 10146.42 | 6436.21 | 617.01 | 3085.03 | 9453.37 | 8015.56
394 | 0.06 | 6810.60 | 10828.47 | 6160.89 | 373.20 | 1866.01 | 8004.50 | 7246.54
427 | 0.14 | 7787.10 | 11224.70 | 6215.64 | 761.60 | 3808.02 | 9917.04 | 8258.30
424 | 0.12 | 7584.97 | 12078.89 | 6135.50 | 670.20 | 3351.00 | 9406.08 | 8075.84
412 | 0.15 | 7945.89 | 12817.30 | 6023.30 | 799.70 | 3998.49 | 9901.83 | 8369.21
421 | 0.07 | 6994.71 | 13644.72 | 6039.58 | 423.94 | 2119.70 | 8129.61 | 7446.01
422 | 0.07 | 6983.25 | 14102.49 | 5996.08 | 424.64 | 2123.18 | 8089.54 | 7438.03
417 | 0.06 | 6871.75 | 14573.53 | 5997.34 | 369.88 | 1849.40 | 7824.55 | 7291.09
416 | 0.06 | 6804.97 | 14953.14 | 5907.78 | 373.51 | 1867.55 | 7752.92 | 7242.45
400 | 0.09 | 7281.27 | 15417.21 | 5893.72 | 523.62 | 2618.08 | 8464.67 | 7754.25
428 | 0.08 | 7145.71 | 15959.83 | 5868.92 | 474.27 | 2371.33 | 8202.31 | 7610.28
413 | 0.06 | 6988.95 | 16547.84 | 5996.08 | 363.68 | 1818.39 | 7792.65 | 7377.27
409 | 0.10 | 7393.64 | 16956.34 | 5698.01 | 572.95 | 2864.76 | 8505.48 | 7874.96
426 | 0.16 | 8062.36 | 17556.98 | 5253.24 | 840.69 | 4203.44 | 9322.17 | 8452.29
420 | 0.12 | 7584.85 | 18414.05 | 5375.16 | 670.21 | 3351.05 | 8645.79 | 8075.77
410 | 0.09 | 7277.30 | 19103.93 | 5557.95 | 523.90 | 2619.51 | 8130.30 | 7751.71
423 | 0.12 | 7758.59 | 19663.63 | 5398.95 | 655.20 | 3276.01 | 8596.34 | 8174.47
408 | 0.06 | 6900.39 | 20348.26 | 5679.49 | 368.35 | 1841.73 | 7499.12 | 7312.05
398 | 0.13 | 7684.79 | 20807.22 | 4979.86 | 716.62 | 3583.10 | 8469.79 | 8169.41
432 | 0.08 | 7142.87 | 21531.79 | 5420.33 | 474.45 | 2372.27 | 7754.64 | 7608.39
407 | 0.12 | 7778.90 | 22022.10 | 5136.25 | 653.49 | 3267.46 | 8325.29 | 8186.23
419 | 0.08 | 7149.41 | 22755.86 | 5328.94 | 474.02 | 2370.10 | 7661.12 | 7612.75
Vehicle 11
Charging tour: 
442  -> 457  -> 439  -> 451  -> 444  -> 465  -> 456  -> 447  -> 440  -> 436  -> 443  -> 437  -> 460  -> 434  -> 464  -> 461  -> 453  -> 438  -> 449  -> 470  -> 468  -> 435  -> 433  -> 458  -> 446  -> 467  -> 454  -> 459  -> 445  -> 452  -> 448  -> 469  -> 462  -> 466  -> 441  -> 455  -> 463  -> 450  -> 
Charging time: 
274.9089110165185  + 233.18547341783895  + 526.5126366933335  + 461.87989778650353  + 248.56113169362067  + 165.6182456938485  + 454.00251482958856  + 402.5872391838656  + 667.8153686341433  + 421.89593584105535  + 331.5959317428363  + 277.3782891949508  + 280.3890266602248  + 340.6344605972035  + 298.21548254054835  + 279.36766015350213  + 372.00766285547934  + 401.7051473008933  + 381.3077459948452  + 315.56884593848883  + 247.85147541185725  + 962.6805747487346  + 408.2658514547794  + 425.3203255884345  + 271.93493437264647  + 517.7009510201854  + 268.1044184631193  + 405.3647439365893  + 873.8916811369621  + 442.1543868319076  + 999.4728052775207  + 564.952320474529  + 463.5896269647609  + 403.0028637512367  + 758.2988025758116  + 826.2640376434193  + 591.587145551935  + 325.9248448163055  + 
total node:38/38
-------------------
Traveling energy: 2595.0890472875717
Charging energy: 84457.49698895012
Total energy used: 87052.5860362377
-------------------
Total time for travel: 2595.0890472875717
Total time for charging: 16891.499397790023
Charging round duration: 19486.588445077596
-------------------
ID | p | E0 | time_arrive | E_remain | time_charge | energy_charge| E_after_charge | E_after_cycle
442 | 0.07 | 9456.95 | 175.00 | 9444.70 | 274.91 | 1374.54 | 10800.00 | 9163.08
457 | 0.10 | 9709.11 | 517.24 | 9657.39 | 233.19 | 1165.93 | 10800.00 | 8491.60
439 | 0.12 | 8327.49 | 807.29 | 8230.62 | 526.51 | 2632.56 | 10800.00 | 8099.92
451 | 0.14 | 8754.82 | 1425.42 | 8555.26 | 461.88 | 2309.40 | 10800.00 | 7727.40
444 | 0.06 | 9688.81 | 1945.03 | 9572.11 | 248.56 | 1242.81 | 10800.00 | 9501.55
465 | 0.09 | 10186.11 | 2214.37 | 9986.81 | 165.62 | 828.09 | 10800.00 | 8869.10
456 | 0.16 | 8987.57 | 2405.89 | 8602.63 | 454.00 | 2270.01 | 10800.00 | 7444.07
447 | 0.10 | 9115.82 | 2884.98 | 8827.32 | 402.59 | 2012.94 | 10800.00 | 8745.31
440 | 0.14 | 8019.93 | 3325.08 | 7554.42 | 667.82 | 3339.08 | 10800.00 | 8022.18
436 | 0.08 | 9047.45 | 4039.76 | 8724.27 | 421.90 | 2109.48 | 10800.00 | 9250.18
443 | 0.07 | 9483.06 | 4540.41 | 9165.23 | 331.60 | 1657.98 | 10800.00 | 9472.63
437 | 0.05 | 9630.80 | 4904.71 | 9385.56 | 277.38 | 1386.89 | 10758.58 | 9825.97
460 | 0.05 | 9527.38 | 5246.27 | 9265.07 | 280.39 | 1401.95 | 10653.00 | 9737.61
434 | 0.06 | 9410.82 | 5554.92 | 9077.52 | 340.63 | 1703.17 | 10760.26 | 9683.92
464 | 0.11 | 9994.81 | 5937.11 | 9341.73 | 298.22 | 1491.08 | 10800.00 | 8864.10
461 | 0.09 | 9994.30 | 6288.82 | 9428.30 | 279.37 | 1396.84 | 10800.00 | 9246.04
453 | 0.09 | 9576.85 | 6704.58 | 8973.44 | 372.01 | 1860.04 | 10800.00 | 9291.79
438 | 0.07 | 9310.12 | 7158.51 | 8809.03 | 401.71 | 2008.53 | 10789.43 | 9650.24
449 | 0.08 | 9534.92 | 7636.91 | 8923.97 | 381.31 | 1906.54 | 10800.00 | 9534.70
470 | 0.10 | 10066.07 | 8123.54 | 9253.71 | 315.57 | 1577.84 | 10800.00 | 9260.47
468 | 0.08 | 10258.45 | 8473.43 | 9580.57 | 247.85 | 1239.26 | 10800.00 | 9590.95
435 | 0.15 | 7454.19 | 8821.28 | 6131.00 | 962.68 | 4813.40 | 10800.00 | 8692.43
433 | 0.07 | 9160.51 | 9925.20 | 8465.75 | 408.27 | 2041.33 | 10478.50 | 9533.43
458 | 0.10 | 9762.00 | 10460.67 | 8715.93 | 425.32 | 2126.60 | 10800.00 | 9505.15
446 | 0.05 | 9823.58 | 10956.11 | 9275.77 | 271.93 | 1359.67 | 10621.85 | 9991.53
467 | 0.10 | 9389.28 | 11260.14 | 8263.27 | 517.70 | 2588.50 | 10800.00 | 9594.34
454 | 0.05 | 9963.93 | 11805.49 | 9373.66 | 268.10 | 1340.52 | 10700.77 | 10112.73
459 | 0.08 | 9775.15 | 12119.26 | 8805.61 | 405.36 | 2026.82 | 10800.00 | 9895.21
445 | 0.14 | 8316.21 | 12595.15 | 6552.89 | 873.89 | 4369.46 | 10800.00 | 9348.84
452 | 0.08 | 9666.76 | 13552.87 | 8582.53 | 442.15 | 2210.77 | 10757.92 | 9970.77
448 | 0.16 | 8203.78 | 14007.67 | 5962.55 | 999.47 | 4997.36 | 10800.00 | 9387.63
469 | 0.14 | 10170.26 | 15113.81 | 8054.33 | 564.95 | 2824.76 | 10800.00 | 9658.20
462 | 0.09 | 9940.68 | 15743.34 | 8523.77 | 463.59 | 2317.95 | 10800.00 | 10113.52
466 | 0.08 | 10118.21 | 16262.28 | 8817.23 | 403.00 | 2015.01 | 10800.00 | 10226.47
441 | 0.12 | 8454.84 | 16703.99 | 6450.36 | 758.30 | 3791.49 | 10150.86 | 9386.20
455 | 0.14 | 9052.61 | 17553.97 | 6595.06 | 826.26 | 4131.32 | 10610.70 | 9847.11
463 | 0.11 | 9933.20 | 18418.71 | 7907.14 | 591.59 | 2957.94 | 10800.00 | 10269.34
450 | 0.06 | 9835.55 | 19045.39 | 8692.82 | 325.92 | 1629.62 | 10302.89 | 10035.10
Vehicle 12
Charging tour: 
483  -> 479  -> 473  -> 482  -> 488  -> 487  -> 506  -> 507  -> 499  -> 497  -> 516  -> 474  -> 486  -> 503  -> 493  -> 502  -> 480  -> 485  -> 475  -> 491  -> 500  -> 494  -> 498  -> 508  -> 471  -> 490  -> 478  -> 495  -> 492  -> 501  -> 496  -> 484  -> 489  -> 472  -> 477  -> 504  -> 481  -> 
Charging time: 
607.9651290635079  + 568.4197038868787  + 607.7025559910766  + 493.447804923944  + 550.7538384608287  + 429.8100576913483  + 758.7946156821089  + 708.6217483054882  + 551.2322245887286  + 489.5178713879712  + 2010.9062178545885  + 363.1007006994184  + 551.8236125194959  + 491.6191913178267  + 434.875843219579  + 354.6705138856299  + 493.89684961392373  + 299.8739700815696  + 568.4195644118656  + 550.4579217149378  + 434.43240241497284  + 366.3835231159023  + 712.9999473834345  + 713.0235663884548  + 373.97902042584417  + 550.9902251437347  + 708.2715193566149  + 562.4682425366084  + 576.7386304908811  + 308.876708038628  + 374.0976854247554  + 607.4472942536112  + 749.6405299480772  + 365.4718328667639  + 607.6298410651067  + 429.44018217086693  + 612.6947068061082  + 
total node:37/46
-------------------
Traveling energy: 2054.41878892952
Charging energy: 104702.4789656554
Total energy used: 106756.89775458492
-------------------
Total time for travel: 2054.41878892952
Total time for charging: 20940.495793131082
Charging round duration: 22994.914582060603
-------------------
ID | p | E0 | time_arrive | E_remain | time_charge | energy_charge| E_after_charge | E_after_cycle
483 | 0.10 | 5392.17 | 76.25 | 5384.55 | 607.97 | 3039.83 | 8363.58 | 6048.56
479 | 0.09 | 5190.58 | 721.86 | 5125.61 | 568.42 | 2842.10 | 7916.55 | 5887.58
473 | 0.10 | 5394.50 | 1367.48 | 5257.76 | 607.70 | 3038.51 | 8235.50 | 6049.57
482 | 0.08 | 5314.85 | 2021.85 | 5153.11 | 493.45 | 2467.24 | 7580.87 | 5875.34
488 | 0.09 | 5357.07 | 2595.93 | 5123.44 | 550.75 | 2753.77 | 7827.64 | 5965.74
487 | 0.07 | 5339.05 | 3224.24 | 5113.36 | 429.81 | 2149.05 | 7232.32 | 5819.69
506 | 0.13 | 5616.45 | 3686.10 | 5137.26 | 758.79 | 3793.97 | 8832.58 | 6311.94
507 | 0.13 | 6014.11 | 4466.99 | 5433.40 | 708.62 | 3543.11 | 8884.39 | 6458.74
499 | 0.09 | 5352.42 | 5195.89 | 4884.79 | 551.23 | 2756.16 | 7591.34 | 5963.49
497 | 0.08 | 5357.52 | 5780.44 | 4895.09 | 489.52 | 2447.59 | 7303.52 | 5898.36
516 | 0.12 | 1741.03 | 6285.44 | 986.78 | 2010.91 | 10054.53 | 10800.00 | 8935.43
474 | 0.06 | 5417.10 | 8322.19 | 4917.77 | 363.10 | 1815.50 | 6711.49 | 5802.54
486 | 0.09 | 5346.69 | 8724.97 | 4561.44 | 551.82 | 2759.12 | 7270.89 | 5960.71
503 | 0.08 | 5334.62 | 9330.16 | 4588.21 | 491.62 | 2458.10 | 7006.98 | 5885.96
493 | 0.07 | 5276.86 | 9871.29 | 4585.87 | 434.88 | 2174.38 | 6729.81 | 5782.83
502 | 0.06 | 5545.86 | 10381.08 | 4922.99 | 354.67 | 1773.35 | 6675.07 | 5889.14
480 | 0.08 | 5310.02 | 10772.89 | 4448.19 | 493.90 | 2469.48 | 6878.16 | 5872.75
485 | 0.05 | 5466.05 | 11313.94 | 4900.36 | 299.87 | 1499.37 | 6384.73 | 5773.70
475 | 0.09 | 5190.58 | 11648.19 | 4142.25 | 568.42 | 2842.10 | 6933.19 | 5887.58
491 | 0.09 | 5359.95 | 12291.30 | 4253.74 | 550.46 | 2752.29 | 6956.49 | 5967.14
500 | 0.07 | 5282.24 | 12894.54 | 4379.63 | 434.43 | 2172.16 | 6521.38 | 5785.99
494 | 0.06 | 5368.56 | 13364.93 | 4566.67 | 366.38 | 1831.92 | 6376.60 | 5770.41
498 | 0.12 | 5517.40 | 13797.95 | 3861.65 | 713.00 | 3565.00 | 7341.08 | 6222.26
508 | 0.12 | 5517.22 | 14536.61 | 3772.82 | 713.02 | 3565.12 | 7252.38 | 6222.20
471 | 0.06 | 5259.53 | 15300.22 | 4341.51 | 373.98 | 1869.90 | 6188.97 | 5699.35
490 | 0.09 | 5354.78 | 15780.37 | 3934.54 | 550.99 | 2754.95 | 6639.90 | 5964.63
478 | 0.12 | 5554.23 | 16416.79 | 3584.22 | 708.27 | 3541.36 | 7040.58 | 6235.46
495 | 0.09 | 5245.50 | 17145.00 | 3702.45 | 562.47 | 2812.34 | 6464.17 | 5912.74
492 | 0.09 | 5115.71 | 17818.96 | 3512.01 | 576.74 | 2883.69 | 6343.79 | 5854.30
501 | 0.05 | 5306.74 | 18445.02 | 4384.49 | 308.88 | 1544.38 | 5913.42 | 5659.40
496 | 0.06 | 5257.86 | 18832.90 | 4127.88 | 374.10 | 1870.49 | 5975.93 | 5698.28
484 | 0.10 | 5396.77 | 19311.51 | 3465.62 | 607.45 | 3037.24 | 6442.11 | 6050.56
489 | 0.13 | 5685.03 | 19930.39 | 3094.08 | 749.64 | 3748.20 | 6744.83 | 6334.76
472 | 0.06 | 5381.95 | 20758.58 | 4136.44 | 365.47 | 1827.36 | 5941.87 | 5779.25
477 | 0.10 | 5395.15 | 21163.26 | 3278.82 | 607.63 | 3038.15 | 6256.21 | 6049.85
504 | 0.07 | 5343.65 | 21789.27 | 3818.40 | 429.44 | 2147.20 | 5935.54 | 5822.44
481 | 0.14 | 7490.77 | 22234.23 | 4377.98 | 612.69 | 3063.47 | 7355.68 | 7217.42
476 | 0.11 | 5428.54 | 2806.75
505 | 0.17 | 6663.78 | 2611.93
[91m509 | 0.13 | 1476.91 | -1621.57[00m
[91m510 | 0.12 | 1738.26 | -1121.87[00m
[91m511 | 0.15 | 1025.65 | -2549.52[00m
[91m512 | 0.16 | 887.12 | -2926.39[00m
[91m513 | 0.14 | 1247.92 | -2088.90[00m
[91m514 | 0.13 | 1490.30 | -1608.18[00m
[91m515 | 0.14 | 1535.22 | -1801.60[00m
Vehicle 13
Charging tour: 
523  -> 528  -> 527  -> 529  -> 521  -> 546  -> 540  -> 517  -> 539  -> 544  -> 537  -> 530  -> 518  -> 543  -> 524  -> 520  -> 526  -> 532  -> 519  -> 522  -> 536  -> 547  -> 533  -> 535  -> 545  -> 525  -> 538  -> 531  -> 541  -> 534  -> 548  -> 542  -> 
Charging time: 
533.0117788369494  + 366.01983707656876  + 590.5083825735999  + 412.0177553620007  + 577.3495868645375  + 233.74846100274374  + 207.10827567993343  + 773.1877637850165  + 359.78068545791797  + 291.88213863244005  + 438.5405446640394  + 348.94029857984304  + 644.9553865554553  + 306.85307833026576  + 484.3447176981825  + 537.1215934019018  + 435.71084574478454  + 485.0889689702549  + 902.7775028099524  + 564.4363928413582  + 395.0363437125971  + 235.46669057082826  + 374.1762418124283  + 472.4815448755843  + 393.6273931188653  + 387.3134933775037  + 311.8132711521137  + 355.17178876171056  + 303.7591073989457  + 469.0501619422997  + 320.9264157102222  + 262.00307400740087  + 
total node:32/32
-------------------
Traveling energy: 1878.772488136806
Charging energy: 68871.04760654127
Total energy used: 70749.82009467807
-------------------
Total time for travel: 1878.772488136806
Total time for charging: 13774.209521308252
Charging round duration: 15652.982009445059
-------------------
ID | p | E0 | time_arrive | E_remain | time_charge | energy_charge| E_after_charge | E_after_cycle
523 | 0.13 | 8229.83 | 196.88 | 8204.23 | 533.01 | 2665.06 | 10800.00 | 7796.41
528 | 0.10 | 9094.82 | 883.22 | 9006.50 | 366.02 | 1830.10 | 10800.00 | 8541.48
527 | 0.15 | 8139.29 | 1355.02 | 7936.03 | 590.51 | 2952.54 | 10800.00 | 7516.66
529 | 0.11 | 9002.47 | 1974.84 | 8785.23 | 412.02 | 2060.09 | 10800.00 | 8440.76
521 | 0.12 | 8272.20 | 2413.86 | 7982.53 | 577.35 | 2886.75 | 10800.00 | 8298.81
546 | 0.10 | 9958.91 | 3042.74 | 9654.63 | 233.75 | 1168.74 | 10800.00 | 8744.20
540 | 0.07 | 10011.28 | 3318.86 | 9778.96 | 207.11 | 1035.54 | 10800.00 | 9378.41
517 | 0.14 | 7543.39 | 3579.14 | 7042.31 | 773.19 | 3865.94 | 10800.00 | 8072.50
539 | 0.11 | 9521.44 | 4370.61 | 9040.67 | 359.78 | 1798.90 | 10800.00 | 8698.55
544 | 0.10 | 9844.94 | 4751.58 | 9369.78 | 291.88 | 1459.41 | 10800.00 | 8920.90
537 | 0.12 | 9270.30 | 5086.44 | 8659.92 | 438.54 | 2192.70 | 10800.00 | 8602.86
530 | 0.08 | 9529.13 | 5573.90 | 9083.21 | 348.94 | 1744.70 | 10800.00 | 9367.07
518 | 0.11 | 8305.15 | 5990.73 | 7646.17 | 644.96 | 3224.78 | 10800.00 | 8908.14
543 | 0.09 | 9898.29 | 6721.57 | 9293.35 | 306.85 | 1534.27 | 10800.00 | 9287.46
524 | 0.09 | 9065.69 | 7153.58 | 8421.87 | 484.34 | 2421.72 | 10800.00 | 9342.31
520 | 0.09 | 8852.07 | 7659.28 | 8162.73 | 537.12 | 2685.61 | 10800.00 | 9392.58
526 | 0.08 | 9314.08 | 8222.23 | 8656.30 | 435.71 | 2178.55 | 10800.00 | 9585.88
532 | 0.10 | 9291.48 | 8684.17 | 8423.06 | 485.09 | 2425.44 | 10800.00 | 9333.48
519 | 0.14 | 7704.30 | 9227.11 | 6412.50 | 902.78 | 4513.89 | 10800.00 | 8881.36
522 | 0.09 | 8948.71 | 10223.25 | 8028.62 | 564.44 | 2822.18 | 10800.00 | 9625.79
536 | 0.08 | 9725.95 | 10869.05 | 8856.42 | 395.04 | 1975.18 | 10800.00 | 9794.37
547 | 0.06 | 10313.94 | 11285.73 | 9636.79 | 235.47 | 1177.33 | 10800.00 | 10061.20
533 | 0.07 | 9764.37 | 11557.98 | 8955.31 | 374.18 | 1870.88 | 10800.00 | 9966.84
535 | 0.09 | 9555.42 | 11947.80 | 8480.12 | 472.48 | 2362.41 | 10800.00 | 9772.72
545 | 0.09 | 9987.48 | 12446.56 | 8867.29 | 393.63 | 1968.14 | 10800.00 | 9810.52
525 | 0.06 | 9658.80 | 12868.78 | 8886.67 | 387.31 | 1936.57 | 10800.00 | 10165.30
538 | 0.06 | 10057.56 | 13298.70 | 9259.64 | 311.81 | 1559.07 | 10800.00 | 10186.56
531 | 0.06 | 9866.78 | 13688.77 | 9045.45 | 355.17 | 1775.86 | 10800.00 | 10212.57
541 | 0.06 | 10143.94 | 14075.19 | 9299.43 | 303.76 | 1518.80 | 10800.00 | 10232.67
534 | 0.08 | 9645.32 | 14413.11 | 8492.27 | 469.05 | 2345.25 | 10800.00 | 10083.82
548 | 0.07 | 10262.53 | 14924.32 | 9217.83 | 320.93 | 1604.63 | 10800.00 | 10198.76
542 | 0.05 | 10267.30 | 15284.28 | 9503.08 | 262.00 | 1310.02 | 10800.00 | 10385.59
Vehicle 14
Charging tour: 
556  -> 555  -> 550  -> 577  -> 558  -> 566  -> 567  -> 563  -> 552  -> 574  -> 560  -> 588  -> 586  -> 587  -> 565  -> 571  -> 575  -> 561  -> 554  -> 551  -> 576  -> 572  -> 553  -> 573  -> 568  -> 569  -> 582  -> 585  -> 557  -> 570  -> 549  -> 559  -> 579  -> 581  -> 564  -> 580  -> 583  -> 584  -> 578  -> 562  -> 
Charging time: 
278.44740139408833  + 264.7914267947621  + 337.93243550166113  + 295.5643851218228  + 278.84237035832774  + 272.4722010464887  + 467.1652058920649  + 274.2447993931008  + 314.38095552237695  + 286.47102267706543  + 270.36336260006493  + 276.59626124420754  + 317.924844269865  + 262.14010450367323  + 758.5646494275188  + 434.181832661795  + 438.16809142317095  + 358.4047825632101  + 695.371215584152  + 812.4903376007454  + 659.972740304486  + 366.82219719081894  + 513.2232202223651  + 538.9356542826077  + 637.3343283382366  + 642.5539465348285  + 614.021800412911  + 569.8469591465473  + 375.840069194436  + 319.72784223588815  + 273.3864785680156  + 500.47197598799966  + 638.5225600227944  + 830.5605993528359  + 555.4599035393975  + 458.1020229612196  + 362.06917509844624  + 742.8896044510311  + 742.3339208149367  + 433.483342014674  + 
total node:40/40
-------------------
Traveling energy: 2237.3698124029224
Charging energy: 92350.38013127321
Total energy used: 94587.74994367613
-------------------
Total time for travel: 2237.3698124029224
Total time for charging: 18470.076026254643
Charging round duration: 20707.445838657564
-------------------
ID | p | E0 | time_arrive | E_remain | time_charge | energy_charge| E_after_charge | E_after_cycle
556 | 0.06 | 9432.38 | 131.85 | 9424.47 | 278.45 | 1392.24 | 10800.00 | 9394.55
555 | 0.06 | 9519.95 | 467.00 | 9491.93 | 264.79 | 1323.96 | 10800.00 | 9413.84
550 | 0.07 | 9186.12 | 744.61 | 9133.99 | 337.93 | 1689.66 | 10800.00 | 9207.37
577 | 0.07 | 9419.24 | 1090.99 | 9342.87 | 295.56 | 1477.82 | 10800.00 | 9228.65
558 | 0.06 | 9507.88 | 1422.69 | 9422.52 | 278.84 | 1394.21 | 10800.00 | 9472.02
566 | 0.05 | 9269.59 | 1761.90 | 9181.50 | 272.47 | 1362.36 | 10530.23 | 9440.23
567 | 0.13 | 8799.23 | 2110.18 | 8524.91 | 467.17 | 2335.83 | 10800.00 | 8036.58
563 | 0.05 | 9209.68 | 2604.56 | 9079.45 | 274.24 | 1371.22 | 10436.96 | 9389.18
552 | 0.06 | 9422.22 | 2920.99 | 9246.96 | 314.38 | 1571.90 | 10800.00 | 9564.06
574 | 0.07 | 9618.85 | 3302.11 | 9387.70 | 286.47 | 1432.36 | 10800.00 | 9382.79
560 | 0.05 | 9341.89 | 3615.41 | 9161.12 | 270.36 | 1351.82 | 10499.42 | 9501.99
588 | 0.08 | 9753.88 | 3934.13 | 9439.15 | 276.60 | 1382.98 | 10800.00 | 9230.10
586 | 0.15 | 9890.65 | 4217.21 | 9258.06 | 317.92 | 1589.62 | 10800.00 | 7905.10
587 | 0.08 | 9880.58 | 4628.87 | 9510.27 | 262.14 | 1310.70 | 10800.00 | 9284.52
565 | 0.17 | 7993.08 | 5040.88 | 7136.13 | 758.56 | 3792.82 | 10800.00 | 7734.05
571 | 0.11 | 9327.00 | 5910.48 | 8676.85 | 434.18 | 2170.91 | 10800.00 | 8876.12
575 | 0.12 | 9427.78 | 6383.67 | 8661.74 | 438.17 | 2190.84 | 10800.00 | 8758.49
561 | 0.07 | 9515.57 | 6892.91 | 9033.06 | 358.40 | 1792.02 | 10800.00 | 9639.18
554 | 0.12 | 8279.70 | 7275.96 | 7406.59 | 695.37 | 3476.86 | 10800.00 | 8896.43
551 | 0.13 | 7886.27 | 8023.80 | 6843.17 | 812.49 | 4062.45 | 10800.00 | 8850.24
576 | 0.16 | 9021.17 | 8846.50 | 7605.73 | 659.97 | 3299.86 | 10800.00 | 8507.52
572 | 0.07 | 9639.52 | 9528.14 | 8972.55 | 366.82 | 1834.11 | 10780.98 | 9805.22
553 | 0.09 | 8858.27 | 9909.21 | 7966.44 | 513.22 | 2566.12 | 10486.37 | 9279.29
573 | 0.10 | 9203.87 | 10446.51 | 8159.22 | 538.94 | 2694.68 | 10800.00 | 9515.10
568 | 0.12 | 9022.90 | 11109.06 | 7689.81 | 637.33 | 3186.67 | 10800.00 | 9349.43
569 | 0.12 | 9090.21 | 11882.29 | 7664.34 | 642.55 | 3212.77 | 10800.00 | 9442.85
582 | 0.12 | 9309.28 | 12547.52 | 7803.57 | 614.02 | 3070.11 | 10800.00 | 9519.25
585 | 0.15 | 10012.20 | 13173.07 | 8036.24 | 569.85 | 2849.23 | 10800.00 | 9286.27
557 | 0.07 | 9408.23 | 13841.59 | 8439.32 | 375.84 | 1879.20 | 10292.21 | 9619.02
570 | 0.06 | 9479.46 | 14223.47 | 8626.05 | 319.73 | 1598.64 | 10205.51 | 9648.03
549 | 0.05 | 9238.59 | 14649.40 | 8506.12 | 273.39 | 1366.93 | 9859.39 | 9413.80
559 | 0.09 | 9083.97 | 14996.40 | 7734.29 | 500.47 | 2502.36 | 10191.61 | 9441.23
579 | 0.13 | 9707.14 | 15513.39 | 7690.40 | 638.52 | 3192.61 | 10800.00 | 9801.27
581 | 0.15 | 9122.90 | 16168.28 | 6697.65 | 830.56 | 4152.80 | 10725.87 | 9700.53
564 | 0.10 | 9094.11 | 17017.65 | 7392.34 | 555.46 | 2777.30 | 10114.10 | 9487.96
580 | 0.09 | 9924.15 | 17629.09 | 8337.53 | 458.10 | 2290.51 | 10586.81 | 10069.55
583 | 0.07 | 9766.06 | 18105.69 | 8498.66 | 362.07 | 1810.35 | 10283.66 | 9907.99
584 | 0.14 | 9519.55 | 18499.91 | 6929.57 | 742.89 | 3714.45 | 10540.01 | 9897.18
578 | 0.14 | 9526.68 | 19256.30 | 6830.80 | 742.33 | 3711.67 | 10438.54 | 9901.53
562 | 0.08 | 9322.46 | 20085.67 | 7715.60 | 433.48 | 2167.42 | 9848.34 | 9583.12
Vehicle 15
Charging tour: 
598  -> 597  -> 620  -> 617  -> 621  -> 618  -> 595  -> 601  -> 625  -> 628  -> 600  -> 608  -> 615  -> 602  -> 613  -> 624  -> 611  -> 604  -> 589  -> 619  -> 612  -> 599  -> 606  -> 607  -> 590  -> 593  -> 609  -> 623  -> 622  -> 626  -> 616  -> 627  -> 610  -> 614  -> 591  -> 592  -> 596  -> 605  -> 594  -> 603  -> 
Charging time: 
366.8661108649823  + 416.6910671114008  + 666.9678730512446  + 565.4121773090023  + 608.0882109452517  + 664.8115276101206  + 515.6491150706491  + 664.8009652386692  + 310.99548919542934  + 465.7410211683981  + 466.56557986998996  + 364.1937762633109  + 565.4949340969681  + 466.4681774306808  + 565.5932542784841  + 414.04163430644354  + 416.4217299222155  + 495.5697418189385  + 515.7392179910979  + 615.0350470727424  + 1232.4931636291883  + 417.07748706549074  + 603.5879761387639  + 309.58962300121215  + 416.88621448518103  + 466.3667182592178  + 304.95209116425633  + 560.2752496957278  + 466.3007304950205  + 364.22439918243373  + 644.0376608358431  + 466.4687786580033  + 565.3755299707217  + 640.5072776406512  + 565.3713662282822  + 714.3678894244357  + 664.8061807398375  + 662.8841009235111  + 515.9762554941807  + 466.5771083342928  + 
total node:40/40
-------------------
Traveling energy: 2103.6377400886604
Charging energy: 105896.36225991137
Total energy used: 108000.00000000003
-------------------
Total time for travel: 2103.6377400886604
Total time for charging: 21179.272451982273
Charging round duration: 23282.910192070933
-------------------
ID | p | E0 | time_arrive | E_remain | time_charge | energy_charge| E_after_charge | E_after_cycle
598 | 0.07 | 5510.55 | 153.48 | 5499.81 | 366.87 | 1834.33 | 7308.46 | 5676.47
597 | 0.08 | 5544.73 | 534.75 | 5501.95 | 416.69 | 2083.46 | 7552.07 | 5721.43
620 | 0.15 | 6495.17 | 989.40 | 6346.76 | 666.97 | 3334.84 | 9581.56 | 6254.85
617 | 0.11 | 5618.65 | 1692.03 | 5432.53 | 565.41 | 2827.06 | 8197.39 | 5823.92
621 | 0.12 | 5699.27 | 2328.19 | 5419.89 | 608.09 | 3040.44 | 8387.36 | 5879.58
618 | 0.13 | 5647.41 | 2943.14 | 5264.80 | 664.81 | 3324.06 | 8502.43 | 5872.99
595 | 0.10 | 5600.80 | 3680.45 | 5232.76 | 515.65 | 2578.25 | 7759.44 | 5795.60
601 | 0.13 | 5647.50 | 4221.04 | 5098.76 | 664.80 | 3324.00 | 8336.35 | 5873.03
625 | 0.06 | 5571.88 | 4911.25 | 5277.20 | 311.00 | 1554.98 | 6813.52 | 5696.79
628 | 0.09 | 5580.88 | 5247.24 | 5108.63 | 465.74 | 2328.71 | 7395.41 | 5764.48
600 | 0.09 | 5571.01 | 5760.09 | 5052.61 | 466.57 | 2332.83 | 7343.44 | 5758.74
608 | 0.07 | 5550.98 | 6269.92 | 5112.09 | 364.19 | 1820.97 | 6907.57 | 5703.54
615 | 0.11 | 5617.83 | 6698.31 | 4881.01 | 565.49 | 2827.47 | 7646.28 | 5823.51
602 | 0.09 | 5572.18 | 7285.03 | 4916.52 | 466.47 | 2332.34 | 7206.88 | 5759.42
613 | 0.11 | 5616.85 | 7782.20 | 4760.81 | 565.59 | 2827.97 | 7526.56 | 5823.03
624 | 0.08 | 5580.21 | 8387.76 | 4909.19 | 414.04 | 2070.21 | 6946.27 | 5743.66
611 | 0.08 | 5548.31 | 8839.22 | 4841.18 | 416.42 | 2082.11 | 6889.97 | 5723.67
604 | 0.15 | 8741.60 | 9351.64 | 7338.86 | 495.57 | 2477.85 | 9742.37 | 7644.28
589 | 0.10 | 5599.82 | 9909.28 | 4608.90 | 515.74 | 2578.70 | 7136.02 | 5795.07
619 | 0.12 | 5634.90 | 10481.14 | 4377.16 | 615.04 | 3075.18 | 7378.53 | 5849.94
612 | 0.24 | 5623.82 | 11136.84 | 2950.98 | 1232.49 | 6162.47 | 8817.64 | 6066.02
599 | 0.08 | 5539.59 | 12400.53 | 4547.55 | 417.08 | 2085.39 | 6599.57 | 5718.22
606 | 0.12 | 5741.76 | 12865.08 | 4197.95 | 603.59 | 3017.94 | 7143.46 | 5899.57
607 | 0.06 | 5597.18 | 13494.16 | 4787.53 | 309.59 | 1547.95 | 6316.90 | 5715.06
590 | 0.08 | 5542.13 | 13825.68 | 4436.08 | 416.89 | 2084.43 | 6487.16 | 5719.81
593 | 0.09 | 5573.39 | 14350.53 | 4281.84 | 466.37 | 2331.83 | 6571.70 | 5760.12
609 | 0.06 | 5682.30 | 14931.04 | 4786.44 | 304.95 | 1524.76 | 6292.90 | 5776.99
623 | 0.11 | 5670.17 | 15263.28 | 3991.20 | 560.28 | 2801.38 | 6730.95 | 5849.75
622 | 0.09 | 5574.18 | 15890.54 | 4144.03 | 466.30 | 2331.50 | 6433.57 | 5760.58
626 | 0.07 | 5550.52 | 16379.44 | 4403.96 | 364.22 | 1821.12 | 6199.58 | 5703.23
616 | 0.13 | 5829.57 | 16798.30 | 3645.79 | 644.04 | 3220.19 | 6782.26 | 5951.28
627 | 0.09 | 5572.17 | 17491.17 | 3997.97 | 466.47 | 2332.34 | 6288.33 | 5759.41
610 | 0.11 | 5619.01 | 17970.84 | 3642.22 | 565.38 | 2826.88 | 6406.91 | 5824.10
614 | 0.13 | 5861.70 | 18588.76 | 3445.16 | 640.51 | 3202.54 | 6564.43 | 5965.76
591 | 0.11 | 5619.06 | 19299.71 | 3496.09 | 565.37 | 2826.86 | 6260.75 | 5824.12
592 | 0.14 | 5659.92 | 19928.46 | 2869.94 | 714.37 | 3571.84 | 6341.77 | 5894.94
596 | 0.13 | 5647.46 | 20666.83 | 2960.77 | 664.81 | 3324.03 | 6198.37 | 5873.01
605 | 0.13 | 5663.83 | 21347.08 | 2888.71 | 662.88 | 3314.42 | 6116.96 | 5879.77
594 | 0.10 | 5597.25 | 22144.76 | 3382.78 | 515.98 | 2579.88 | 5911.06 | 5793.69
603 | 0.09 | 5570.88 | 22726.24 | 3525.52 | 466.58 | 2332.89 | 5816.41 | 5758.66
Vehicle 16
Charging tour: 
629  -> 631  -> 641  -> 643  -> 632  -> 634  -> 648  -> 645  -> 636  -> 651  -> 649  -> 637  -> 635  -> 652  -> 639  -> 644  -> 642  -> 638  -> 653  -> 647  -> 630  -> 655  -> 646  -> 654  -> 650  -> 633  -> 640  -> 
Charging time: 
285.6918302188069  + 518.482227982854  + 349.8779462875399  + 457.3757082104368  + 493.6960921761189  + 336.98276800034154  + 405.42181239351004  + 321.7869814091035  + 695.2936601135074  + 516.6533929080949  + 238.13347740837386  + 306.92312620234924  + 484.18871695639814  + 312.3811660457124  + 578.2265066382499  + 539.5656681780707  + 521.9070566503666  + 454.92301496561834  + 485.24231939524316  + 407.9576616285078  + 333.65790649093856  + 356.9503146987304  + 601.772901234199  + 626.0718010946863  + 480.2730881184701  + 345.8704700245039  + 333.74340137788107  + 
total node:27/27
-------------------
Traveling energy: 1899.17215070344
Charging energy: 58945.25508404306
Total energy used: 60844.4272347465
-------------------
Total time for travel: 1899.17215070344
Total time for charging: 11789.051016808613
Charging round duration: 13688.223167512053
-------------------
ID | p | E0 | time_arrive | E_remain | time_charge | energy_charge| E_after_charge | E_after_cycle
629 | 0.06 | 9399.46 | 179.58 | 9388.68 | 285.69 | 1428.46 | 10800.00 | 9397.85
631 | 0.11 | 8330.70 | 600.75 | 8264.62 | 518.48 | 2592.41 | 10800.00 | 8301.33
641 | 0.09 | 9193.29 | 1235.42 | 9082.10 | 349.88 | 1749.39 | 10800.00 | 8797.58
643 | 0.12 | 8769.75 | 1681.22 | 8568.01 | 457.38 | 2286.88 | 10800.00 | 8196.50
632 | 0.10 | 8602.61 | 2217.25 | 8380.89 | 493.70 | 2468.48 | 10800.00 | 8687.65
634 | 0.07 | 9332.11 | 2763.42 | 9138.67 | 336.98 | 1684.91 | 10800.00 | 9348.62
648 | 0.11 | 9169.37 | 3198.92 | 8817.49 | 405.42 | 2027.11 | 10800.00 | 8574.69
645 | 0.08 | 9505.40 | 3607.45 | 9216.81 | 321.79 | 1608.93 | 10800.00 | 9207.58
636 | 0.14 | 7976.24 | 3966.88 | 7420.87 | 695.29 | 3476.47 | 10800.00 | 8115.88
651 | 0.14 | 8944.45 | 4681.34 | 8289.06 | 516.65 | 2583.27 | 10800.00 | 8190.90
649 | 0.06 | 9936.88 | 5220.92 | 9623.62 | 238.13 | 1190.67 | 10800.00 | 9697.48
637 | 0.06 | 9615.42 | 5527.07 | 9283.80 | 306.92 | 1534.62 | 10800.00 | 9719.97
635 | 0.09 | 8952.20 | 5884.06 | 8422.63 | 484.19 | 2420.94 | 10800.00 | 9228.04
652 | 0.08 | 9777.88 | 6434.94 | 9263.08 | 312.38 | 1561.91 | 10800.00 | 9433.03
639 | 0.11 | 8725.36 | 6844.43 | 7972.47 | 578.23 | 2891.13 | 10800.00 | 8994.70
644 | 0.11 | 8982.94 | 7467.46 | 8161.52 | 539.57 | 2697.83 | 10800.00 | 9058.98
642 | 0.10 | 9048.76 | 8061.05 | 8242.66 | 521.91 | 2609.54 | 10800.00 | 9274.85
638 | 0.08 | 9256.46 | 8683.54 | 8561.78 | 454.92 | 2274.62 | 10800.00 | 9624.32
653 | 0.11 | 9441.32 | 9219.60 | 8427.17 | 485.24 | 2426.21 | 10800.00 | 9245.74
647 | 0.08 | 9571.25 | 9729.98 | 8792.85 | 407.96 | 2039.79 | 10800.00 | 9704.28
630 | 0.05 | 9656.43 | 10160.65 | 9148.39 | 333.66 | 1668.29 | 10800.00 | 10132.99
655 | 0.08 | 9884.12 | 10504.00 | 9043.80 | 356.95 | 1784.75 | 10800.00 | 9762.12
646 | 0.11 | 9059.13 | 10925.47 | 7857.33 | 601.77 | 3008.86 | 10800.00 | 9446.21
654 | 0.13 | 9260.28 | 11609.58 | 7751.03 | 626.07 | 3130.36 | 10800.00 | 9292.16
650 | 0.09 | 9547.99 | 12290.35 | 8441.86 | 480.27 | 2401.37 | 10800.00 | 9804.26
633 | 0.05 | 9728.89 | 12818.94 | 9087.94 | 345.87 | 1729.35 | 10800.00 | 10266.52
640 | 0.05 | 9809.82 | 13237.05 | 9147.97 | 333.74 | 1668.72 | 10800.00 | 10286.82
Vehicle 17
Charging tour: 
680  -> 667  -> 658  -> 686  -> 694  -> 666  -> 678  -> 691  -> 673  -> 675  -> 671  -> 669  -> 664  -> 677  -> 662  -> 692  -> 656  -> 665  -> 682  -> 685  -> 657  -> 688  -> 670  -> 687  -> 659  -> 679  -> 663  -> 660  -> 684  -> 690  -> 681  -> 661  -> 693  -> 676  -> 689  -> 683  -> 668  -> 672  -> 
Charging time: 
355.9793162520474  + 590.7463204187517  + 731.8211039994209  + 571.8720398434856  + 411.83945016782326  + 244.0415279281005  + 678.0286517163307  + 677.9600029363979  + 519.7662913770948  + 624.9218854803845  + 518.5511779050355  + 624.5993433496003  + 677.9393001394951  + 361.61071576453395  + 624.904213875909  + 731.7044227968021  + 731.7694465715642  + 518.5133955826072  + 731.834117517736  + 415.73982031354865  + 624.7628915073574  + 412.2639975745695  + 359.11659318503274  + 253.5657899889837  + 520.0847228744135  + 785.6097208644547  + 362.22381797664764  + 841.1673921625531  + 250.95143572880235  + 416.72958428659734  + 624.5307150616546  + 782.1543079289511  + 263.05067187011326  + 416.85000146275934  + 625.019075621752  + 840.7419273025371  + 736.8921137339752  + 472.00722235645947  + 
total node:38/39
-------------------
Traveling energy: 2433.2668123585363
Charging energy: 104659.32262712145
Total energy used: 107092.58943947998
-------------------
Total time for travel: 2433.2668123585363
Total time for charging: 20931.86452542429
Charging round duration: 23365.131337782826
-------------------
ID | p | E0 | time_arrive | E_remain | time_charge | energy_charge| E_after_charge | E_after_cycle
680 | 0.07 | 6805.00 | 179.88 | 6792.41 | 355.98 | 1779.90 | 8547.39 | 6916.49
667 | 0.18 | 8066.44 | 632.43 | 7952.60 | 590.75 | 2953.73 | 10800.00 | 6729.97
658 | 0.14 | 6620.31 | 1296.83 | 6438.75 | 731.82 | 3659.11 | 9995.40 | 6942.59
686 | 0.11 | 6656.55 | 2140.45 | 6421.10 | 571.87 | 2859.36 | 9217.55 | 6894.12
694 | 0.08 | 6722.29 | 2859.23 | 6493.55 | 411.84 | 2059.20 | 8519.80 | 6874.73
666 | 0.05 | 7090.25 | 3333.03 | 6923.60 | 244.04 | 1220.21 | 8131.60 | 7118.73
678 | 0.13 | 6635.15 | 3624.20 | 6164.00 | 678.03 | 3390.14 | 9466.00 | 6926.81
691 | 0.13 | 6635.82 | 4367.99 | 6067.98 | 677.96 | 3389.80 | 9369.64 | 6927.14
673 | 0.10 | 6658.05 | 5078.45 | 6150.20 | 519.77 | 2598.83 | 8697.06 | 6873.44
675 | 0.12 | 6645.24 | 5631.51 | 5969.46 | 624.92 | 3124.61 | 9019.08 | 6909.72
671 | 0.10 | 6673.65 | 6288.20 | 6044.83 | 518.55 | 2592.76 | 8585.73 | 6882.96
669 | 0.12 | 6648.67 | 6833.17 | 5828.69 | 624.60 | 3123.00 | 8876.74 | 6911.53
664 | 0.13 | 6636.02 | 7507.23 | 5660.08 | 677.94 | 3389.70 | 8961.65 | 6927.24
677 | 0.07 | 6699.03 | 8221.96 | 6123.49 | 361.61 | 1808.05 | 7906.23 | 6838.67
662 | 0.12 | 6645.43 | 8625.85 | 5610.33 | 624.90 | 3124.52 | 8659.86 | 6909.82
692 | 0.14 | 6621.36 | 9273.50 | 5323.07 | 731.70 | 3658.52 | 8879.16 | 6943.06
656 | 0.14 | 6620.78 | 10051.05 | 5213.63 | 731.77 | 3658.85 | 8770.03 | 6942.80
665 | 0.10 | 6674.14 | 10825.79 | 5591.56 | 518.51 | 2592.57 | 8132.27 | 6883.26
682 | 0.14 | 6620.19 | 11375.04 | 5027.69 | 731.83 | 3659.17 | 8584.40 | 6942.54
685 | 0.08 | 6659.22 | 12136.13 | 5688.33 | 415.74 | 2078.70 | 7733.77 | 6831.17
657 | 0.12 | 6646.93 | 12589.48 | 5136.19 | 624.76 | 3123.81 | 8185.04 | 6910.61
688 | 0.08 | 6715.37 | 13236.16 | 5656.47 | 412.26 | 2061.32 | 7684.81 | 6869.93
670 | 0.07 | 6745.56 | 13675.51 | 5788.27 | 359.12 | 1795.58 | 7558.71 | 6872.73
687 | 0.05 | 6823.93 | 14141.57 | 6116.85 | 253.57 | 1267.83 | 7372.00 | 6900.04
659 | 0.10 | 6653.97 | 14514.15 | 5202.56 | 520.08 | 2600.42 | 7750.97 | 6870.95
679 | 0.15 | 6607.54 | 15125.79 | 4338.67 | 785.61 | 3928.05 | 8148.88 | 6960.42
663 | 0.07 | 6687.69 | 16012.20 | 5566.84 | 362.22 | 1811.12 | 7352.60 | 6830.40
660 | 0.16 | 6582.53 | 16412.90 | 3956.46 | 841.17 | 4205.84 | 8027.71 | 6974.85
684 | 0.05 | 6895.02 | 17339.10 | 6028.06 | 250.95 | 1254.76 | 7270.27 | 6958.05
690 | 0.08 | 6643.41 | 17701.58 | 5227.28 | 416.73 | 2083.65 | 7277.59 | 6820.30
681 | 0.12 | 6649.40 | 18122.39 | 4474.72 | 624.53 | 3122.65 | 7522.43 | 6911.92
661 | 0.17 | 7521.62 | 18795.10 | 4326.46 | 782.15 | 3910.77 | 8104.26 | 7380.54
693 | 0.05 | 6577.88 | 19686.29 | 5593.56 | 263.05 | 1315.25 | 6895.66 | 6701.41
676 | 0.08 | 6641.49 | 20011.41 | 5040.57 | 416.85 | 2084.25 | 7091.48 | 6818.98
689 | 0.12 | 6644.21 | 20449.48 | 4190.27 | 625.02 | 3125.10 | 7240.36 | 6909.17
683 | 0.16 | 6585.86 | 21087.06 | 3211.93 | 840.74 | 4203.71 | 7281.12 | 6976.06
668 | 0.18 | 8453.25 | 21968.49 | 4498.92 | 736.89 | 3684.46 | 8050.74 | 7847.51
672 | 0.09 | 6598.56 | 22735.65 | 4552.35 | 472.01 | 2360.04 | 6869.91 | 6813.49
674 | 0.19 | 6273.52 | 1744.98
Vehicle 18
Charging tour: 
713  -> 702  -> 717  -> 737  -> 726  -> 732  -> 704  -> 699  -> 695  -> 734  -> 733  -> 698  -> 701  -> 719  -> 729  -> 712  -> 696  -> 724  -> 735  -> 723  -> 718  -> 730  -> 716  -> 709  -> 706  -> 715  -> 720  -> 711  -> 700  -> 731  -> 725  -> 714  -> 721  -> 722  -> 697  -> 708  -> 727  -> 705  -> 728  -> 703  -> 707  -> 
Charging time: 
396.5995608419547  + 259.91055175439357  + 228.48273271153454  + 1773.3353260362737  + 556.9386194755542  + 517.955434901605  + 478.4226990251472  + 356.9377294808897  + 396.38043645703357  + 1890.8617850798405  + 478.65991959153024  + 315.1601663186465  + 352.3044554534347  + 438.4739985278649  + 517.9987189085209  + 270.00475815864274  + 313.3323835588698  + 308.43120682275503  + 1676.862306107191  + 272.8894119524801  + 518.0219710680751  + 210.97280746793908  + 355.0757893117424  + 308.29717985037547  + 354.05830332048987  + 518.0483507605685  + 595.3456123684663  + 556.9447239989383  + 437.3947899274576  + 314.8219636941932  + 556.9585151542719  + 314.4039845610268  + 557.14267871268  + 518.1865543527732  + 356.1799713099245  + 518.0462424052791  + 556.9482011693663  + 271.7743865182689  + 228.26982969033514  + 611.2693599634218  + 556.9357822147953  + 
total node:41/43
-------------------
Traveling energy: 2309.870487460087
Charging energy: 105075.19599492275
Total energy used: 107385.06648238283
-------------------
Total time for travel: 2309.870487460087
Total time for charging: 21015.03919898455
Charging round duration: 23324.909686444636
-------------------
ID | p | E0 | time_arrive | E_remain | time_charge | energy_charge| E_after_charge | E_after_cycle
713 | 0.09 | 6520.18 | 174.81 | 6504.45 | 396.60 | 1983.00 | 8451.76 | 6358.08
702 | 0.06 | 6632.80 | 676.13 | 6592.23 | 259.91 | 1299.55 | 7876.19 | 6502.29
717 | 0.05 | 6287.62 | 1029.94 | 6236.12 | 228.48 | 1142.41 | 7367.11 | 6238.31
737 | 0.16 | 2424.25 | 1294.96 | 2217.06 | 1773.34 | 8866.68 | 10800.00 | 7477.41
726 | 0.13 | 6706.65 | 3158.79 | 6296.01 | 556.94 | 2784.69 | 9008.30 | 6392.86
732 | 0.12 | 6656.69 | 3797.85 | 6200.95 | 517.96 | 2589.78 | 8728.57 | 6386.33
704 | 0.11 | 6606.18 | 4470.64 | 6114.41 | 478.42 | 2392.11 | 8453.90 | 6376.51
699 | 0.08 | 6439.72 | 5017.89 | 6038.29 | 356.94 | 1784.69 | 7794.42 | 6317.65
695 | 0.09 | 6523.79 | 5429.00 | 6035.18 | 396.38 | 1981.90 | 7981.41 | 6360.59
734 | 0.16 | 2431.25 | 5936.49 | 1481.41 | 1890.86 | 9454.31 | 10633.18 | 8072.05
733 | 0.11 | 6602.91 | 7846.81 | 5739.76 | 478.66 | 2393.30 | 8080.40 | 6374.42
698 | 0.07 | 6381.70 | 8355.78 | 5796.79 | 315.16 | 1575.80 | 7350.53 | 6289.09
701 | 0.08 | 6524.41 | 8699.63 | 5828.44 | 352.30 | 1761.52 | 7561.78 | 6379.18
719 | 0.10 | 6552.78 | 9100.58 | 5642.72 | 438.47 | 2192.37 | 7791.25 | 6361.71
729 | 0.12 | 6656.14 | 9603.16 | 5503.76 | 518.00 | 2589.99 | 8031.59 | 6385.99
712 | 0.06 | 6384.83 | 10212.46 | 5772.08 | 270.00 | 1350.02 | 7105.91 | 6304.79
696 | 0.07 | 6418.93 | 10557.54 | 5679.90 | 313.33 | 1566.66 | 7224.63 | 6317.18
724 | 0.07 | 6520.93 | 10950.00 | 5754.43 | 308.43 | 1542.16 | 7274.99 | 6394.67
735 | 0.15 | 2570.18 | 11283.37 | 877.67 | 1676.86 | 8384.31 | 9010.46 | 7379.32
723 | 0.06 | 6317.34 | 13012.95 | 5536.56 | 272.89 | 1364.45 | 6884.64 | 6251.72
718 | 0.12 | 6655.84 | 13288.95 | 5061.16 | 518.02 | 2590.11 | 7589.11 | 6385.81
730 | 0.05 | 6809.47 | 13833.35 | 6117.80 | 210.97 | 1054.86 | 7162.11 | 6672.61
716 | 0.08 | 6473.49 | 14095.28 | 5345.87 | 355.08 | 1775.38 | 7092.84 | 6342.11
709 | 0.07 | 6523.76 | 14534.91 | 5506.32 | 308.30 | 1541.49 | 7026.22 | 6396.84
706 | 0.08 | 6492.09 | 14859.52 | 5303.33 | 354.06 | 1770.29 | 7045.30 | 6355.63
715 | 0.12 | 6655.50 | 15250.70 | 4825.41 | 518.05 | 2590.24 | 7353.49 | 6385.61
720 | 0.14 | 6756.60 | 15793.45 | 4545.52 | 595.35 | 2976.73 | 7438.90 | 6396.51
711 | 0.13 | 6706.58 | 16411.62 | 4573.07 | 556.94 | 2784.72 | 7285.39 | 6392.82
700 | 0.10 | 6568.95 | 16988.18 | 4870.13 | 437.39 | 2186.97 | 7013.37 | 6372.48
731 | 0.07 | 6388.55 | 17457.50 | 5166.53 | 314.82 | 1574.11 | 6718.60 | 6294.25
725 | 0.13 | 6706.41 | 17801.24 | 4392.25 | 556.96 | 2784.79 | 7104.64 | 6392.72
714 | 0.07 | 6397.05 | 18401.84 | 5108.92 | 314.40 | 1572.02 | 6658.93 | 6300.66
721 | 0.13 | 6704.19 | 18766.97 | 4264.49 | 557.14 | 2785.71 | 6977.77 | 6391.43
722 | 0.12 | 6653.72 | 19358.32 | 4330.72 | 518.19 | 2590.93 | 6859.47 | 6384.52
697 | 0.08 | 6453.42 | 19912.57 | 4860.42 | 356.18 | 1780.90 | 6612.82 | 6327.57
708 | 0.12 | 6655.52 | 20313.67 | 4217.88 | 518.05 | 2590.23 | 6745.95 | 6385.62
727 | 0.13 | 6706.53 | 20851.96 | 3995.78 | 556.95 | 2784.74 | 6708.12 | 6392.80
705 | 0.06 | 6343.26 | 21427.47 | 5057.61 | 271.77 | 1358.87 | 6400.17 | 6272.06
728 | 0.05 | 6293.48 | 21723.49 | 5207.31 | 228.27 | 1141.35 | 6337.24 | 6243.11
703 | 0.15 | 7050.63 | 21969.46 | 3755.22 | 611.27 | 3056.35 | 6719.87 | 6531.81
707 | 0.13 | 6706.68 | 22586.19 | 3770.48 | 556.94 | 2784.68 | 6482.76 | 6392.88
710 | 0.14 | 6756.65 | 3419.83
[91m736 | 0.15 | 2571.80 | -1003.37[00m
Vehicle 19
Charging tour: 
743  -> 754  -> 739  -> 744  -> 762  -> 769  -> 765  -> 747  -> 741  -> 756  -> 767  -> 773  -> 746  -> 738  -> 766  -> 753  -> 749  -> 752  -> 745  -> 761  -> 763  -> 774  -> 760  -> 758  -> 755  -> 768  -> 764  -> 775  -> 771  -> 740  -> 759  -> 772  -> 751  -> 750  -> 770  -> 748  -> 776  -> 757  -> 742  -> 
Charging time: 
533.2507521862663  + 436.6891240022872  + 437.1424853538235  + 662.9092077913839  + 582.1421533693197  + 678.2335875632843  + 678.2310087867212  + 534.3736699311578  + 333.55673779251515  + 764.036178862633  + 533.5609611247663  + 582.2371719195902  + 630.4031275004802  + 288.1787194803136  + 386.3461906095241  + 326.235582997523  + 721.7401848381243  + 387.9074080613522  + 726.0246395288137  + 678.2250342929458  + 334.9153695660566  + 534.1013375510447  + 678.2673521561229  + 678.2412729638248  + 766.6686266975623  + 387.3247241425114  + 821.0004780360309  + 328.5605141293975  + 337.80346513382085  + 581.8150857546798  + 678.3032769452997  + 386.58935935569224  + 724.2284690006903  + 336.89395957792283  + 584.6442089785894  + 483.1865957390807  + 630.2105525789457  + 436.6206940102988  + 533.9318766971801  + 
total node:39/39
-------------------
Traveling energy: 2165.9036582718973
Charging energy: 105723.65572503788
Total energy used: 107889.55938330978
-------------------
Total time for travel: 2165.9036582718973
Total time for charging: 21144.731145007576
Charging round duration: 23310.634803279474
-------------------
ID | p | E0 | time_arrive | E_remain | time_charge | energy_charge| E_after_charge | E_after_cycle
743 | 0.10 | 7625.15 | 124.74 | 7612.67 | 533.25 | 2666.25 | 10225.60 | 7907.96
754 | 0.08 | 7448.99 | 707.33 | 7392.40 | 436.69 | 2183.45 | 9540.91 | 7725.68
739 | 0.08 | 7441.26 | 1223.04 | 7343.42 | 437.14 | 2185.71 | 9494.16 | 7720.22
744 | 0.13 | 7793.09 | 1703.54 | 7571.63 | 662.91 | 3314.55 | 10800.00 | 8009.16
762 | 0.11 | 7683.22 | 2392.22 | 7420.08 | 582.14 | 2910.71 | 10266.75 | 7972.14
769 | 0.13 | 7793.70 | 3062.97 | 7395.52 | 678.23 | 3391.17 | 10698.51 | 8086.39
765 | 0.13 | 7793.73 | 3758.97 | 7305.06 | 678.23 | 3391.16 | 10608.05 | 8086.41
747 | 0.10 | 7609.12 | 4510.08 | 7158.12 | 534.37 | 2671.87 | 9776.55 | 7897.55
741 | 0.06 | 7314.11 | 5098.94 | 7008.17 | 333.56 | 1667.78 | 8655.94 | 7551.82
756 | 0.15 | 7913.33 | 5459.35 | 7094.42 | 764.04 | 3820.18 | 10800.00 | 8158.34
767 | 0.10 | 7620.71 | 6251.78 | 6995.54 | 533.56 | 2667.80 | 9609.98 | 7905.07
773 | 0.11 | 7681.97 | 6853.97 | 6928.03 | 582.24 | 2911.19 | 9775.17 | 7971.36
746 | 0.12 | 7740.03 | 7448.23 | 6846.24 | 630.40 | 3152.02 | 9922.61 | 8031.91
738 | 0.05 | 7054.85 | 8106.21 | 6649.54 | 288.18 | 1440.89 | 8076.02 | 7304.02
766 | 0.07 | 7367.18 | 8516.31 | 6771.04 | 386.35 | 1931.73 | 8675.72 | 7630.50
753 | 0.06 | 7478.24 | 8924.40 | 6942.78 | 326.24 | 1631.18 | 8554.38 | 7679.35
749 | 0.14 | 7887.27 | 9282.32 | 6587.75 | 721.74 | 3608.70 | 10095.40 | 8159.15
752 | 0.07 | 7337.53 | 10009.32 | 6636.87 | 387.91 | 1939.54 | 8549.26 | 7608.65
745 | 0.14 | 7840.73 | 10438.47 | 6379.34 | 726.02 | 3630.12 | 9907.82 | 8134.03
761 | 0.13 | 7793.80 | 11194.06 | 6338.57 | 678.23 | 3391.13 | 9641.53 | 8086.45
763 | 0.06 | 7284.43 | 11901.39 | 6570.35 | 334.92 | 1674.58 | 8224.83 | 7528.94
774 | 0.10 | 7613.00 | 12269.38 | 6386.07 | 534.10 | 2670.51 | 9003.16 | 7900.06
760 | 0.13 | 7793.31 | 12823.07 | 6126.31 | 678.27 | 3391.34 | 9429.48 | 8086.17
758 | 0.13 | 7793.61 | 13523.34 | 6035.58 | 678.24 | 3391.21 | 9338.61 | 8086.34
755 | 0.15 | 7955.42 | 14246.27 | 5818.48 | 766.67 | 3833.34 | 9536.82 | 8213.60
768 | 0.07 | 7348.56 | 15137.38 | 6288.95 | 387.32 | 1936.62 | 8198.46 | 7616.78
764 | 0.16 | 7924.22 | 15659.11 | 5418.76 | 821.00 | 4105.00 | 9392.40 | 8215.71
775 | 0.06 | 7425.33 | 16519.61 | 6434.15 | 328.56 | 1642.80 | 8057.24 | 7638.06
771 | 0.06 | 7222.16 | 16888.96 | 6208.82 | 337.80 | 1689.02 | 7877.57 | 7481.11
740 | 0.11 | 7687.54 | 17326.59 | 5781.62 | 581.82 | 2909.08 | 8626.69 | 7974.83
759 | 0.13 | 7792.90 | 17972.75 | 5456.44 | 678.30 | 3391.52 | 8759.78 | 8085.94
772 | 0.07 | 7362.54 | 18693.66 | 6053.99 | 386.59 | 1932.95 | 7959.87 | 7627.08
751 | 0.14 | 7860.17 | 19083.83 | 5188.44 | 724.23 | 3621.14 | 8708.19 | 8144.49
750 | 0.06 | 7241.65 | 19830.61 | 6051.82 | 336.89 | 1684.47 | 7716.07 | 7496.06
770 | 0.11 | 7650.34 | 20171.68 | 5431.45 | 584.64 | 2923.22 | 8290.37 | 7951.77
748 | 0.09 | 7573.69 | 20821.68 | 5699.74 | 483.19 | 2415.93 | 8072.18 | 7844.52
776 | 0.12 | 7742.39 | 21384.77 | 5176.22 | 630.21 | 3151.05 | 8251.65 | 8033.31
757 | 0.08 | 7450.16 | 22150.33 | 5678.13 | 436.62 | 2183.10 | 7826.30 | 7726.50
742 | 0.10 | 7615.42 | 22699.69 | 5345.45 | 533.93 | 2669.66 | 7961.72 | 7901.63
Network survivability: 98.96907216494846%
networkSurvivabilityOverThousand: 76.8%
Average dead duration: 102734.06152215802
Traveling energy: 45404.68795735279
total calculate time: 52.73279118537903
