total sensor 768
condition 16.883379627346176
gen: 1
2000
gen: 2
2000
gen: 3
2000
gen: 4
2000
gen: 5
2000
gen: 6
2000
gen: 7
2000
gen: 8
2000
gen: 9
2000
gen: 10
2000
gen: 11
2000
gen: 12
2000
gen: 13
2000
gen: 14
2000
gen: 15
2000
gen: 16
2000
gen: 17
2000
gen: 18
2000
gen: 19
2000
gen: 20
2000
gen: 21
2000
gen: 22
2000
gen: 23
2000
gen: 24
2000
gen: 25
2000
gen: 26
2000
gen: 27
2000
gen: 28
2000
gen: 29
2000
gen: 30
2000
gen: 31
2000
gen: 32
2000
gen: 33
2000
gen: 34
2000
gen: 35
2000
gen: 36
2000
gen: 37
2000
gen: 38
2000
gen: 39
2000
gen: 40
2000
gen: 41
2000
gen: 42
2000
gen: 43
2000
gen: 44
2000
gen: 45
2000
gen: 46
2000
gen: 47
2000
gen: 48
2000
gen: 49
2000
gen: 50
2000
Number of charging vehicles: 20
Survey time: 23822.903054003
Network clustering infor: 
Cluster 0:
[1, 2, 3, 4, 5, 6, 7, 8, 9, 10, 11, 12, 13, 14, 15, 16, 17, 18, 19, 20, 21, 22, 23, 24, 25, 26, 27, 28, 29, 30, 31, 32, 33, 34, 35, 36, 37, 38, 39, 40, 41, 42]
Cluster 1:
[43, 44, 45, 46, 47, 48, 49, 50, 51, 52, 53, 54, 55, 56, 57, 58, 59, 60, 61, 62, 63, 64, 65, 66, 67, 68, 69, 70, 71, 72, 73, 74, 75, 76, 77, 78, 79, 80, 81, 82, 83]
Cluster 2:
[84, 85, 86, 87, 88, 89, 90, 91, 92, 93, 94, 95, 96, 97, 98, 99, 100, 101, 102, 103, 104, 105, 106, 107, 108, 109, 110, 111, 112, 113, 114, 115, 116, 117, 118, 119, 120, 121]
Cluster 3:
[122, 123, 124, 125, 126, 127, 128, 129, 130, 131, 132, 133, 134, 135, 136, 137, 138, 139, 140, 141, 142, 143, 144, 145, 146, 147, 148, 149, 150, 151, 152, 153, 154, 155, 156, 157]
Cluster 4:
[158, 159, 160, 161, 162, 163, 164, 165, 166, 167, 168, 169, 170, 171, 172, 173, 174, 175, 176, 177, 178, 179, 180, 181, 182, 183, 184, 185, 186, 187, 188, 189]
Cluster 5:
[190, 191, 192, 193, 194, 195, 196, 197, 198, 199, 200, 201, 202, 203, 204, 205, 206, 207, 208, 209, 210, 211, 212, 213, 214, 215, 216, 217, 218, 219, 220, 221, 222, 223, 224, 225, 226, 227, 228, 229, 230, 231, 232]
Cluster 6:
[233, 234, 235, 236, 237, 238, 239, 240, 241, 242, 243, 244, 245, 246, 247, 248, 249, 250, 251, 252, 253, 254, 255, 256, 257, 258, 259, 260, 261, 262, 263, 264, 265, 266, 267, 268, 269, 270, 271, 272, 273]
Cluster 7:
[274, 275, 276, 277, 278, 279, 280, 281, 282, 283, 284, 285, 286, 287, 288, 289, 290, 291, 292, 293, 294, 295, 296, 297, 298, 299, 300, 301, 302, 303, 304, 305, 306, 307, 308, 309, 310, 311, 312, 313]
Cluster 8:
[314, 315, 316, 317, 318, 319, 320, 321, 322, 323, 324, 325, 326, 327, 328, 329, 330, 331, 332, 333, 334, 335, 336, 337, 338, 339, 340, 341, 342, 343, 344, 345, 346, 347, 348, 349, 350, 351, 352]
Cluster 9:
[353, 354, 355, 356, 357, 358, 359, 360, 361, 362, 363, 364, 365, 366, 367, 368, 369, 370, 371, 372, 373, 374, 375, 376, 377, 378, 379, 380, 381, 382, 383, 384, 385, 386, 387, 388, 389, 390, 391, 392, 393]
Cluster 10:
[394, 395, 396, 397, 398, 399, 400, 401, 402, 403, 404, 405, 406, 407, 408, 409, 410, 411, 412, 413, 414, 415, 416, 417, 418, 419, 420, 421, 422, 423, 424, 425, 426, 427, 428, 429, 430, 431, 432]
Cluster 11:
[433, 434, 435, 436, 437, 438, 439, 440, 441, 442, 443, 444, 445, 446, 447, 448, 449, 450, 451, 452, 453, 454, 455, 456, 457, 458, 459, 460, 461, 462, 463, 464, 465, 466, 467, 468, 469, 470]
Cluster 12:
[471, 472, 473, 474, 475, 476, 477, 478, 479, 480, 481, 482, 483, 484, 485, 486, 487, 488, 489, 490, 491, 492, 493, 494, 495, 496, 497, 498, 499, 500, 501, 502, 503, 504, 505, 506, 507, 508, 509]
Cluster 13:
[510, 511, 512, 513, 514, 515, 516, 517, 518, 519, 520, 521, 522, 523, 524, 525, 526, 527, 528, 529, 530, 531, 532, 533, 534, 535, 536, 537, 538, 539, 540, 541]
Cluster 14:
[542, 543, 544, 545, 546, 547, 548, 549, 550, 551, 552, 553, 554, 555, 556, 557, 558, 559, 560, 561, 562, 563, 564, 565, 566, 567, 568, 569, 570, 571, 572, 573, 574, 575, 576, 577, 578, 579, 580, 581]
Cluster 15:
[582, 583, 584, 585, 586, 587, 588, 589, 590, 591, 592, 593, 594, 595, 596, 597, 598, 599, 600, 601, 602, 603, 604, 605, 606, 607, 608, 609, 610, 611, 612, 613, 614, 615, 616, 617, 618, 619, 620, 621]
Cluster 16:
[622, 623, 624, 625, 626, 627, 628, 629, 630, 631, 632, 633, 634, 635, 636, 637, 638, 639, 640, 641, 642, 643, 644, 645, 646, 647, 648]
Cluster 17:
[649, 650, 651, 652, 653, 654, 655, 656, 657, 658, 659, 660, 661, 662, 663, 664, 665, 666, 667, 668, 669, 670, 671, 672, 673, 674, 675, 676, 677, 678, 679, 680, 681, 682, 683, 684, 685, 686, 687]
Cluster 18:
[688, 689, 690, 691, 692, 693, 694, 695, 696, 697, 698, 699, 700, 701, 702, 703, 704, 705, 706, 707, 708, 709, 710, 711, 712, 713, 714, 715, 716, 717, 718, 719, 720, 721, 722, 723, 724, 725, 726, 727, 728, 729]
Cluster 19:
[730, 731, 732, 733, 734, 735, 736, 737, 738, 739, 740, 741, 742, 743, 744, 745, 746, 747, 748, 749, 750, 751, 752, 753, 754, 755, 756, 757, 758, 759, 760, 761, 762, 763, 764, 765, 766, 767, 768]
Vehicle 0
Charging tour: 
21  -> 7  -> 25  -> 42  -> 6  -> 30  -> 10  -> 38  -> 12  -> 31  -> 22  -> 36  -> 19  -> 15  -> 9  -> 2  -> 34  -> 40  -> 35  -> 11  -> 28  -> 24  -> 18  -> 14  -> 39  -> 27  -> 17  -> 13  -> 41  -> 4  -> 16  -> 3  -> 37  -> 5  -> 26  -> 33  -> 32  -> 1  -> 23  -> 8  -> 20  -> 
Charging time: 
234.57505741021708  + 575.2250683307338  + 575.2121205772894  + 1659.2581210023693  + 655.765493050746  + 666.8783727641204  + 482.5950823785308  + 529.1339113919519  + 435.135740520341  + 666.8738844862715  + 711.3676317818716  + 528.9992477446862  + 388.6509165124003  + 294.4056053860467  + 284.6833287272576  + 621.1371122518391  + 665.73322648502  + 340.16968596166276  + 610.881966120149  + 666.635252906101  + 388.7908979148589  + 482.4396922632421  + 294.1316669611486  + 529.8548877402411  + 666.8759968051269  + 621.1275184355991  + 575.230178434853  + 482.8225087714559  + 341.9713089157729  + 389.20477698499997  + 388.70080074425294  + 388.5967772830041  + 482.350220312048  + 482.50789920065705  + 336.62641138697296  + 290.79657818319055  + 482.79887149071084  + 574.6082161430415  + 482.7874584484449  + 529.0326929971527  + 339.64288904764373  + 
total node:41/42
-------------------
Traveling energy: 2278.924628729913
Charging energy: 105721.07537127013
Total energy used: 108000.00000000004
-------------------
Total time for travel: 2278.924628729913
Total time for charging: 21144.215074254025
Charging round duration: 23423.13970298394
-------------------
ID | p | E0 | time_arrive | E_remain | time_charge | energy_charge| E_after_charge | E_after_cycle
21 | 0.05 | 5998.35 | 66.04 | 5995.05 | 234.58 | 1172.88 | 7156.19 | 5980.08
7 | 0.12 | 5870.66 | 420.46 | 5820.21 | 575.23 | 2876.13 | 8627.30 | 5888.04
25 | 0.12 | 5870.79 | 1015.00 | 5748.99 | 575.21 | 2876.06 | 8556.03 | 5888.11
42 | 0.14 | 2374.42 | 1600.17 | 2150.40 | 1659.26 | 8296.29 | 10214.39 | 7335.50
6 | 0.14 | 6007.90 | 3267.66 | 5550.43 | 655.77 | 3278.83 | 8737.45 | 5951.53
30 | 0.14 | 5907.79 | 4054.65 | 5340.14 | 666.88 | 3334.39 | 8581.17 | 5906.97
10 | 0.10 | 5831.24 | 4736.34 | 5357.60 | 482.60 | 2412.98 | 7722.32 | 5861.92
38 | 0.11 | 5850.20 | 5230.03 | 5274.90 | 529.13 | 2645.67 | 7862.36 | 5875.35
12 | 0.09 | 5820.51 | 5850.37 | 5293.98 | 435.14 | 2175.68 | 7430.50 | 5852.13
31 | 0.14 | 5907.83 | 6323.91 | 5022.48 | 666.87 | 3334.37 | 8263.49 | 5906.99
22 | 0.15 | 5933.91 | 7033.12 | 4878.94 | 711.37 | 3556.84 | 8329.07 | 5917.31
36 | 0.11 | 5851.69 | 7786.80 | 4995.14 | 529.00 | 2645.00 | 7581.95 | 5876.17
19 | 0.08 | 5792.60 | 8394.14 | 5121.07 | 388.65 | 1943.25 | 7033.24 | 5830.03
15 | 0.06 | 5735.20 | 8856.41 | 5203.82 | 294.41 | 1472.03 | 6658.18 | 5777.86
9 | 0.06 | 5931.07 | 9196.46 | 5379.28 | 284.68 | 1423.42 | 6785.61 | 5925.11
2 | 0.13 | 5889.78 | 9559.69 | 4647.02 | 621.14 | 3105.69 | 7671.96 | 5898.49
34 | 0.14 | 5917.95 | 10210.17 | 4488.53 | 665.73 | 3328.67 | 7723.99 | 5911.41
40 | 0.07 | 5790.90 | 10969.40 | 5023.04 | 340.17 | 1700.85 | 6700.08 | 5824.14
35 | 0.14 | 6449.33 | 11467.31 | 4843.90 | 610.88 | 3054.41 | 7812.79 | 6168.53
11 | 0.14 | 5909.94 | 12162.09 | 4207.25 | 666.64 | 3333.18 | 7447.10 | 5907.91
28 | 0.08 | 5790.52 | 12872.60 | 4760.71 | 388.79 | 1943.95 | 6673.56 | 5828.64
24 | 0.10 | 5833.11 | 13288.51 | 4504.26 | 482.44 | 2412.20 | 6868.22 | 5863.02
18 | 0.06 | 5740.54 | 13829.83 | 4910.75 | 294.13 | 1470.66 | 6363.76 | 5781.83
14 | 0.11 | 5842.24 | 14221.54 | 4277.87 | 529.85 | 2649.27 | 6868.86 | 5870.99
39 | 0.14 | 5907.81 | 14858.44 | 3827.63 | 666.88 | 3334.38 | 7068.65 | 5906.98
27 | 0.13 | 5889.88 | 15537.26 | 3870.03 | 621.13 | 3105.64 | 6894.92 | 5898.54
17 | 0.12 | 5870.61 | 16234.28 | 3922.50 | 575.23 | 2876.15 | 6729.62 | 5888.01
13 | 0.10 | 5828.49 | 16863.29 | 4142.16 | 482.82 | 2414.11 | 6507.99 | 5860.31
41 | 0.07 | 5760.39 | 17355.06 | 4545.54 | 341.97 | 1709.86 | 6231.46 | 5802.64
4 | 0.08 | 5784.36 | 17731.66 | 4365.83 | 389.20 | 1946.02 | 6280.72 | 5824.55
16 | 0.08 | 5791.86 | 18160.80 | 4339.00 | 388.70 | 1943.50 | 6251.41 | 5829.53
3 | 0.08 | 5793.41 | 18567.54 | 4308.01 | 388.60 | 1942.98 | 6219.90 | 5830.56
37 | 0.10 | 5834.20 | 18997.62 | 3934.44 | 482.35 | 2411.75 | 6297.95 | 5863.66
5 | 0.10 | 5832.29 | 19499.85 | 3882.31 | 482.51 | 2412.54 | 6246.59 | 5862.54
26 | 0.07 | 5851.85 | 20028.75 | 4449.84 | 336.63 | 1683.13 | 6109.41 | 5867.38
33 | 0.06 | 5806.38 | 20387.13 | 4583.15 | 290.80 | 1453.98 | 6019.69 | 5830.99
32 | 0.10 | 5828.78 | 20702.22 | 3758.55 | 482.80 | 2413.99 | 6124.27 | 5860.48
1 | 0.12 | 5876.96 | 21289.96 | 3322.17 | 574.61 | 2873.04 | 6126.26 | 5891.26
23 | 0.10 | 5828.91 | 21934.55 | 3635.46 | 482.79 | 2413.94 | 6001.12 | 5860.56
8 | 0.11 | 5851.32 | 22427.08 | 3384.34 | 529.03 | 2645.16 | 5971.31 | 5875.96
20 | 0.07 | 5799.88 | 23013.23 | 4188.95 | 339.64 | 1698.21 | 5863.39 | 5830.49
29 | 0.13 | 5906.43 | 2809.45
Vehicle 1
Charging tour: 
61  -> 73  -> 79  -> 59  -> 57  -> 45  -> 83  -> 52  -> 75  -> 53  -> 56  -> 63  -> 55  -> 69  -> 71  -> 74  -> 81  -> 82  -> 70  -> 66  -> 62  -> 47  -> 78  -> 60  -> 76  -> 50  -> 44  -> 46  -> 67  -> 51  -> 68  -> 65  -> 77  -> 54  -> 49  -> 58  -> 80  -> 64  -> 43  -> 72  -> 48  -> 
Charging time: 
582.7370310570561  + 623.655524233925  + 502.57538630652346  + 330.89622551885776  + 373.1540495374773  + 331.7265683674903  + 1765.2027907407803  + 502.6328008217187  + 374.3581081500655  + 544.5928251408329  + 460.2455609757519  + 502.4727525663104  + 586.1688622363731  + 542.4614222579328  + 374.25219219297793  + 620.924299929025  + 460.20496003104915  + 1432.603053713328  + 329.70501628222314  + 586.1592255973745  + 586.0672142325616  + 502.7302922922501  + 278.70053342163385  + 418.1042659956459  + 502.7310839937065  + 577.4418629460787  + 242.75236894988615  + 286.8639808422219  + 460.4944866699101  + 460.3694559092286  + 502.6867012852976  + 331.5512357924045  + 242.38649874831034  + 331.8532331822909  + 542.9052552202297  + 627.4072523647995  + 502.63515897463503  + 372.6928707434027  + 586.1539047447666  + 582.9429646306208  + 327.92763747770397  + 
total node:41/41
-------------------
Traveling energy: 2529.3654296267387
Charging energy: 105470.63457037328
Total energy used: 108000.00000000001
-------------------
Total time for travel: 2529.3654296267387
Total time for charging: 21094.126914074655
Charging round duration: 23623.492343701393
-------------------
ID | p | E0 | time_arrive | E_remain | time_charge | energy_charge| E_after_charge | E_after_cycle
61 | 0.13 | 6659.38 | 189.10 | 6634.79 | 582.74 | 2913.69 | 9472.72 | 6476.09
73 | 0.14 | 6701.10 | 801.51 | 6588.89 | 623.66 | 3118.28 | 9619.86 | 6484.17
79 | 0.11 | 6533.63 | 1466.67 | 6372.29 | 502.58 | 2512.88 | 8829.89 | 6425.98
59 | 0.07 | 6314.94 | 2079.82 | 6169.35 | 330.90 | 1654.48 | 7800.67 | 6301.82
57 | 0.08 | 6399.78 | 2454.18 | 6203.44 | 373.15 | 1865.77 | 8039.36 | 6359.71
45 | 0.07 | 6299.13 | 2858.47 | 6099.04 | 331.73 | 1658.63 | 7734.45 | 6290.16
83 | 0.16 | 2705.75 | 3213.36 | 2191.62 | 1765.20 | 8826.01 | 10735.20 | 7720.10
52 | 0.11 | 6532.88 | 5092.27 | 5972.73 | 502.63 | 2513.16 | 8430.61 | 6425.53
75 | 0.08 | 6379.19 | 5630.89 | 5928.72 | 374.36 | 1871.79 | 7770.56 | 6345.15
53 | 0.12 | 6577.67 | 6058.86 | 5850.61 | 544.59 | 2722.96 | 8508.22 | 6441.89
56 | 0.10 | 6485.95 | 6650.42 | 5820.90 | 460.25 | 2301.23 | 8076.11 | 6404.88
63 | 0.11 | 6534.96 | 7201.52 | 5742.80 | 502.47 | 2512.36 | 8199.89 | 6426.81
55 | 0.13 | 6620.39 | 7729.28 | 5615.58 | 586.17 | 2930.84 | 8470.22 | 6454.26
69 | 0.12 | 6603.52 | 8317.99 | 5605.36 | 542.46 | 2712.31 | 8252.57 | 6457.08
71 | 0.08 | 6381.00 | 8961.78 | 5664.05 | 374.25 | 1871.26 | 7505.38 | 6346.43
74 | 0.14 | 6730.58 | 9431.76 | 5410.13 | 620.92 | 3104.62 | 8427.82 | 6499.99
81 | 0.10 | 6486.52 | 10080.23 | 5478.49 | 460.20 | 2301.02 | 7733.50 | 6405.25
82 | 0.14 | 2917.19 | 10558.22 | 1439.04 | 1432.60 | 7163.02 | 8401.49 | 6745.00
70 | 0.07 | 6337.75 | 12034.18 | 5495.36 | 329.71 | 1648.53 | 7120.81 | 6318.68
66 | 0.13 | 6620.50 | 12428.40 | 5004.81 | 586.16 | 2930.80 | 7859.40 | 6454.32
62 | 0.13 | 6621.54 | 13070.49 | 4922.37 | 586.07 | 2930.34 | 7776.52 | 6454.90
47 | 0.11 | 6531.61 | 13673.32 | 5027.55 | 502.73 | 2513.65 | 7485.90 | 6424.75
78 | 0.06 | 6426.53 | 14206.48 | 5574.14 | 278.70 | 1393.50 | 6950.92 | 6390.66
60 | 0.09 | 6425.71 | 14561.89 | 5115.14 | 418.10 | 2090.52 | 7168.03 | 6372.17
76 | 0.11 | 6531.60 | 14988.80 | 4882.84 | 502.73 | 2513.66 | 7341.19 | 6424.74
50 | 0.13 | 6720.44 | 15551.37 | 4698.77 | 577.44 | 2887.21 | 7510.91 | 6510.68
44 | 0.05 | 6148.50 | 16142.25 | 5341.39 | 242.75 | 1213.76 | 6543.02 | 6171.12
46 | 0.06 | 6243.64 | 16535.12 | 5251.54 | 286.86 | 1434.32 | 6668.65 | 6248.59
67 | 0.10 | 6482.44 | 16873.56 | 4795.08 | 460.49 | 2302.47 | 7051.51 | 6402.62
51 | 0.10 | 6484.20 | 17362.30 | 4747.97 | 460.37 | 2301.85 | 7003.78 | 6403.76
68 | 0.11 | 6532.18 | 17881.70 | 4565.19 | 502.69 | 2513.43 | 7023.33 | 6425.09
65 | 0.07 | 6302.46 | 18487.80 | 5008.32 | 331.55 | 1657.76 | 6642.86 | 6292.62
77 | 0.05 | 6157.78 | 18937.33 | 5210.92 | 242.39 | 1211.93 | 6410.73 | 6178.57
54 | 0.07 | 6296.73 | 19272.20 | 4947.67 | 331.85 | 1659.27 | 6583.71 | 6288.39
49 | 0.12 | 6598.12 | 19693.50 | 4234.90 | 542.91 | 2714.53 | 6884.28 | 6453.90
58 | 0.14 | 6661.03 | 20276.01 | 3822.39 | 627.41 | 3137.04 | 6871.59 | 6462.86
80 | 0.11 | 6532.85 | 20956.26 | 4227.66 | 502.64 | 2513.18 | 6685.55 | 6425.51
64 | 0.08 | 6407.69 | 21479.11 | 4689.37 | 372.69 | 1863.46 | 6523.01 | 6365.33
43 | 0.13 | 6620.56 | 21875.36 | 3776.76 | 586.15 | 2930.77 | 6631.33 | 6454.35
72 | 0.13 | 6657.02 | 22520.24 | 3729.39 | 582.94 | 2914.71 | 6568.33 | 6474.76
48 | 0.07 | 6372.10 | 23110.68 | 4754.36 | 327.93 | 1639.64 | 6371.04 | 6344.14
Vehicle 2
Charging tour: 
99  -> 88  -> 90  -> 107  -> 98  -> 104  -> 93  -> 91  -> 114  -> 87  -> 119  -> 92  -> 108  -> 95  -> 89  -> 86  -> 101  -> 85  -> 105  -> 112  -> 97  -> 116  -> 84  -> 96  -> 109  -> 103  -> 110  -> 120  -> 115  -> 102  -> 106  -> 117  -> 121  -> 113  -> 94  -> 111  -> 100  -> 118  -> 
Charging time: 
431.5650490357905  + 408.2583115698716  + 443.8530416097619  + 326.32728976123707  + 226.7760381275664  + 189.99584806230743  + 490.8220774882334  + 424.7135187422735  + 186.69818290834635  + 740.1248950884469  + 223.04026394348736  + 298.96582149008816  + 507.17710718225214  + 733.9429258840685  + 676.4781722271763  + 479.5388070339331  + 462.11959533519297  + 343.3448429682268  + 525.8051015400237  + 377.3809838455102  + 380.94562262312587  + 381.1113648070579  + 806.9029747998951  + 332.2503049941746  + 457.7566095910626  + 532.6640975826634  + 374.6145953886391  + 406.90443648309895  + 523.5994464141592  + 447.5370701193646  + 380.04005821182824  + 535.0569944838796  + 576.3691294636571  + 565.3115128923737  + 334.99719623243266  + 549.4533429131847  + 452.087524100767  + 379.07904374667305  + 
total node:38/38
-------------------
Traveling energy: 2337.7685567083
Charging energy: 84568.04599345912
Total energy used: 86905.81455016742
-------------------
Total time for travel: 2337.7685567083
Total time for charging: 16913.609198691825
Charging round duration: 19251.377755400124
-------------------
ID | p | E0 | time_arrive | E_remain | time_charge | energy_charge| E_after_charge | E_after_cycle
99 | 0.13 | 8712.92 | 112.59 | 8698.28 | 431.57 | 2157.83 | 10800.00 | 7773.76
88 | 0.09 | 8850.31 | 609.50 | 8795.45 | 408.26 | 2041.29 | 10800.00 | 8747.54
90 | 0.10 | 8728.86 | 1037.41 | 8625.12 | 443.85 | 2219.27 | 10800.00 | 8565.84
107 | 0.12 | 9388.91 | 1511.58 | 9207.52 | 326.33 | 1631.64 | 10800.00 | 8161.80
98 | 0.06 | 9794.34 | 1910.17 | 9679.73 | 226.78 | 1133.88 | 10800.00 | 9498.84
104 | 0.06 | 9993.17 | 2195.78 | 9861.42 | 190.00 | 949.98 | 10800.00 | 9513.77
93 | 0.11 | 8668.36 | 2440.69 | 8399.88 | 490.82 | 2454.11 | 10800.00 | 8501.95
91 | 0.09 | 8987.44 | 3030.88 | 8714.66 | 424.71 | 2123.57 | 10800.00 | 8966.94
114 | 0.07 | 10122.16 | 3465.39 | 9879.58 | 186.70 | 933.49 | 10800.00 | 9388.04
87 | 0.14 | 7726.78 | 3741.36 | 7202.99 | 740.12 | 3700.62 | 10800.00 | 8092.20
119 | 0.09 | 10114.28 | 4549.01 | 9704.87 | 223.04 | 1115.20 | 10800.00 | 9085.42
92 | 0.06 | 9612.50 | 4823.23 | 9323.11 | 298.97 | 1494.83 | 10800.00 | 9677.96
108 | 0.15 | 9118.15 | 5186.42 | 8340.19 | 507.18 | 2535.89 | 10800.00 | 8080.60
95 | 0.15 | 8095.79 | 5702.76 | 7240.38 | 733.94 | 3669.71 | 10800.00 | 8192.07
89 | 0.12 | 8277.77 | 6491.54 | 7498.79 | 676.48 | 3382.39 | 10800.00 | 8801.41
86 | 0.08 | 9000.96 | 7177.88 | 8426.73 | 479.54 | 2397.69 | 10786.06 | 9492.82
101 | 0.10 | 9303.80 | 7681.88 | 8535.61 | 462.12 | 2310.60 | 10800.00 | 9232.11
85 | 0.06 | 9428.52 | 8163.36 | 8938.71 | 343.34 | 1716.72 | 10634.84 | 9715.87
105 | 0.12 | 9266.59 | 8604.34 | 8234.07 | 525.81 | 2629.03 | 10800.00 | 9036.87
112 | 0.10 | 9869.35 | 9185.21 | 8950.83 | 377.38 | 1886.90 | 10800.00 | 9373.97
97 | 0.07 | 9595.59 | 9623.63 | 8921.94 | 380.95 | 1904.73 | 10800.00 | 9832.72
116 | 0.07 | 9627.99 | 10098.20 | 8921.12 | 381.11 | 1905.56 | 10800.00 | 9865.95
84 | 0.12 | 8023.85 | 10567.55 | 6755.74 | 806.90 | 4034.51 | 10693.43 | 9199.61
96 | 0.06 | 9743.35 | 11416.01 | 9058.39 | 332.25 | 1661.25 | 10699.71 | 9975.23
109 | 0.10 | 9737.12 | 11801.29 | 8556.99 | 457.76 | 2288.78 | 10800.00 | 9643.61
103 | 0.10 | 9419.50 | 12295.56 | 8189.95 | 532.66 | 2663.32 | 10800.00 | 9700.53
110 | 0.08 | 9983.70 | 12835.01 | 8956.90 | 374.61 | 1873.07 | 10800.00 | 9950.94
120 | 0.08 | 9856.68 | 13233.14 | 8798.03 | 406.90 | 2034.52 | 10800.00 | 9985.37
115 | 0.12 | 9890.90 | 13717.22 | 8244.83 | 523.60 | 2618.00 | 10800.00 | 9650.15
102 | 0.08 | 9644.59 | 14265.13 | 8503.38 | 447.54 | 2237.69 | 10705.26 | 9976.44
106 | 0.07 | 9937.82 | 14811.85 | 8900.99 | 380.04 | 1900.20 | 10774.59 | 10170.42
117 | 0.12 | 10028.02 | 15325.81 | 8188.92 | 535.06 | 2675.28 | 10800.00 | 9844.56
121 | 0.14 | 10224.50 | 15897.50 | 7998.85 | 576.37 | 2881.85 | 10800.00 | 9771.14
113 | 0.11 | 9855.79 | 16546.91 | 8035.63 | 565.31 | 2826.56 | 10800.00 | 10061.82
94 | 0.06 | 9663.46 | 17146.99 | 8634.64 | 335.00 | 1674.99 | 10289.53 | 9909.07
111 | 0.10 | 9819.56 | 17584.79 | 8061.08 | 549.45 | 2747.27 | 10753.40 | 10184.53
100 | 0.08 | 9547.51 | 18193.43 | 8092.04 | 452.09 | 2260.44 | 10316.31 | 9902.11
118 | 0.07 | 9963.02 | 18706.15 | 8653.59 | 379.08 | 1895.40 | 10522.45 | 10190.81
Vehicle 3
Charging tour: 
137  -> 128  -> 126  -> 146  -> 131  -> 136  -> 130  -> 133  -> 142  -> 141  -> 122  -> 135  -> 144  -> 124  -> 129  -> 148  -> 123  -> 139  -> 147  -> 145  -> 151  -> 152  -> 127  -> 154  -> 125  -> 134  -> 157  -> 156  -> 150  -> 132  -> 143  -> 149  -> 153  -> 140  -> 138  -> 155  -> 
Charging time: 
488.3599816417742  + 398.738389262314  + 532.896082897135  + 302.1152846623152  + 487.6329958837342  + 348.986448642635  + 302.1156327614605  + 577.1420382288563  + 601.4443319494743  + 353.51172331485134  + 488.33380723050857  + 650.7750032166819  + 254.40700644323414  + 397.72469868083306  + 532.9723262550143  + 708.198234241991  + 532.7859968751691  + 664.9077634252716  + 488.5805031305041  + 835.9498298624342  + 664.9214495830969  + 488.4221244784113  + 256.3189197676094  + 621.0830804016052  + 443.43298931677856  + 664.9207537508715  + 2104.842838192229  + 708.5632302831342  + 838.3402519409209  + 621.0815455028772  + 795.2120291970135  + 443.3821126699267  + 621.0814360154028  + 577.072514493946  + 621.1585145696931  + 487.9648830467842  + 
total node:36/36
-------------------
Traveling energy: 2553.673688497661
Charging energy: 104526.88375908247
Total energy used: 107080.55744758013
-------------------
Total time for travel: 2553.673688497661
Total time for charging: 20905.376751816493
Charging round duration: 23459.050440314153
-------------------
ID | p | E0 | time_arrive | E_remain | time_charge | energy_charge| E_after_charge | E_after_cycle
137 | 0.10 | 8205.93 | 80.48 | 8197.88 | 488.36 | 2441.80 | 10590.84 | 8265.44
128 | 0.08 | 8040.25 | 656.73 | 7987.71 | 398.74 | 1993.69 | 9949.51 | 8128.11
126 | 0.11 | 8272.14 | 1068.45 | 8154.61 | 532.90 | 2664.48 | 10760.47 | 8316.10
146 | 0.06 | 7958.78 | 1683.41 | 7857.77 | 302.12 | 1510.58 | 9350.22 | 8039.98
131 | 0.10 | 8218.16 | 2029.78 | 8015.18 | 487.63 | 2438.16 | 10404.58 | 8274.03
136 | 0.07 | 8038.17 | 2563.59 | 7858.72 | 348.99 | 1744.93 | 9579.22 | 8115.50
130 | 0.06 | 7958.77 | 2985.16 | 7779.66 | 302.12 | 1510.58 | 9272.11 | 8039.97
133 | 0.12 | 8332.33 | 3381.46 | 7926.55 | 577.14 | 2885.71 | 10743.00 | 8359.29
142 | 0.14 | 8437.69 | 4005.07 | 7876.98 | 601.44 | 3007.22 | 10800.00 | 8109.71
141 | 0.07 | 7935.27 | 4735.49 | 7603.79 | 353.51 | 1767.56 | 9346.60 | 8035.23
122 | 0.10 | 8206.37 | 5213.93 | 7684.97 | 488.33 | 2441.67 | 10077.81 | 8265.74
135 | 0.14 | 8437.70 | 5717.60 | 7637.23 | 650.78 | 3253.88 | 10800.00 | 8356.37
144 | 0.05 | 7876.05 | 6403.71 | 7555.87 | 254.41 | 1272.04 | 8815.18 | 7956.94
124 | 0.08 | 8060.74 | 6708.99 | 7524.02 | 397.72 | 1988.62 | 9480.83 | 8143.53
129 | 0.11 | 8270.96 | 7114.07 | 7488.41 | 532.97 | 2664.86 | 10094.64 | 8315.30
148 | 0.15 | 8487.98 | 7694.27 | 7333.83 | 708.20 | 3540.99 | 10768.60 | 8455.53
123 | 0.11 | 8273.85 | 8472.96 | 7341.82 | 532.79 | 2663.93 | 9947.15 | 8317.26
139 | 0.14 | 8437.90 | 9064.43 | 7168.88 | 664.91 | 3324.54 | 10400.33 | 8427.23
147 | 0.10 | 8202.22 | 9825.44 | 7219.68 | 488.58 | 2442.90 | 9613.72 | 8262.83
145 | 0.18 | 8628.99 | 10394.11 | 6758.05 | 835.95 | 4179.75 | 10787.33 | 8520.62
151 | 0.14 | 8437.73 | 11286.24 | 6857.65 | 664.92 | 3324.61 | 10089.17 | 8427.13
152 | 0.10 | 8204.88 | 12005.26 | 7004.36 | 488.42 | 2442.11 | 9397.62 | 8264.70
127 | 0.05 | 7817.30 | 12513.26 | 7191.64 | 256.32 | 1281.59 | 8460.42 | 7907.75
154 | 0.13 | 8388.06 | 12805.34 | 6723.36 | 621.08 | 3105.42 | 9748.04 | 8396.49
125 | 0.09 | 8133.59 | 13462.76 | 6921.94 | 443.43 | 2217.16 | 9099.20 | 8206.69
134 | 0.14 | 8437.73 | 13969.22 | 6482.04 | 664.92 | 3324.60 | 9713.56 | 8427.13
157 | 0.20 | 3624.84 | 14640.42 | 696.75 | 2104.84 | 10524.21 | 10800.00 | 9384.47
156 | 0.15 | 8483.60 | 16828.61 | 5959.31 | 708.56 | 3542.82 | 9395.84 | 8452.98
150 | 0.18 | 8604.39 | 17644.50 | 5428.38 | 838.34 | 4191.70 | 9469.18 | 8507.96
132 | 0.13 | 8388.08 | 18515.52 | 5981.06 | 621.08 | 3105.41 | 9005.73 | 8396.51
143 | 0.17 | 8567.10 | 19262.65 | 5292.45 | 795.21 | 3976.06 | 9133.32 | 8493.26
149 | 0.09 | 8134.52 | 20190.23 | 6317.40 | 443.38 | 2216.91 | 8494.41 | 8207.37
153 | 0.13 | 8388.08 | 20768.40 | 5688.19 | 621.08 | 3105.41 | 8712.85 | 8396.51
140 | 0.12 | 8333.33 | 21480.07 | 5755.72 | 577.07 | 2885.36 | 8571.83 | 8359.94
138 | 0.13 | 8387.04 | 22125.94 | 5510.67 | 621.16 | 3105.79 | 8535.71 | 8395.85
155 | 0.10 | 8212.57 | 22826.46 | 5929.92 | 487.96 | 2439.82 | 8320.95 | 8270.10
Vehicle 4
Charging tour: 
160  -> 161  -> 180  -> 170  -> 165  -> 166  -> 168  -> 178  -> 183  -> 164  -> 162  -> 169  -> 187  -> 163  -> 188  -> 179  -> 172  -> 173  -> 159  -> 174  -> 185  -> 176  -> 175  -> 186  -> 167  -> 182  -> 177  -> 181  -> 158  -> 184  -> 171  -> 189  -> 
Charging time: 
1061.84641623327  + 1068.220754169949  + 175.42292120753942  + 228.5960312890694  + 498.1517930156238  + 497.00947923425844  + 520.7439132307169  + 204.28187692826725  + 418.17237246701404  + 304.37448412684444  + 591.6039004299461  + 810.3050348424481  + 358.21087809504354  + 624.4487157128939  + 307.79453570999715  + 436.6095708855439  + 889.184706432052  + 296.31538929320243  + 452.23257787819927  + 507.7097435027889  + 550.1574254126123  + 303.5265735633674  + 251.64809716746637  + 295.44902578892857  + 930.239101828327  + 418.8012745068124  + 715.5226352525309  + 253.99897231480955  + 523.7539003527031  + 569.2931987577467  + 750.3513810375139  + 1109.1198435734277  + 
total node:32/32
-------------------
Traveling energy: 2224.6835250232402
Charging energy: 84615.48262120457
Total energy used: 86840.16614622781
-------------------
Total time for travel: 2224.6835250232402
Total time for charging: 16923.096524240915
Charging round duration: 19147.780049264155
-------------------
ID | p | E0 | time_arrive | E_remain | time_charge | energy_charge| E_after_charge | E_after_cycle
160 | 0.23 | 5771.56 | 159.01 | 5734.99 | 1061.85 | 5309.23 | 10800.00 | 5601.53
161 | 0.23 | 6008.96 | 1323.35 | 5704.59 | 1068.22 | 5341.10 | 10800.00 | 5870.79
180 | 0.06 | 10081.15 | 2462.25 | 9933.41 | 175.42 | 877.11 | 10800.00 | 9528.89
170 | 0.06 | 9832.95 | 2703.62 | 9670.74 | 228.60 | 1142.98 | 10800.00 | 9546.56
165 | 0.11 | 8692.98 | 2990.37 | 8364.04 | 498.15 | 2490.76 | 10800.00 | 8563.22
166 | 0.11 | 8764.83 | 3592.81 | 8369.62 | 497.01 | 2485.05 | 10800.00 | 8629.36
168 | 0.12 | 8766.48 | 4230.94 | 8258.77 | 520.74 | 2603.72 | 10800.00 | 8511.45
178 | 0.06 | 10082.17 | 4855.45 | 9790.85 | 204.28 | 1021.41 | 10800.00 | 9674.21
183 | 0.14 | 9482.41 | 5105.17 | 8767.68 | 418.17 | 2090.86 | 10800.00 | 8238.06
164 | 0.06 | 9628.73 | 5538.92 | 9296.39 | 304.37 | 1521.87 | 10800.00 | 9721.22
162 | 0.11 | 8553.55 | 5877.18 | 7907.06 | 591.60 | 2958.02 | 10800.00 | 8891.05
169 | 0.17 | 8005.43 | 6583.53 | 6886.23 | 810.31 | 4051.53 | 10800.00 | 8007.06
187 | 0.12 | 9955.74 | 7531.71 | 9051.93 | 358.21 | 1791.05 | 10800.00 | 8888.04
163 | 0.11 | 8619.59 | 7937.65 | 7746.45 | 624.45 | 3122.24 | 10800.00 | 9121.31
188 | 0.10 | 10151.67 | 8598.62 | 9291.81 | 307.79 | 1538.97 | 10800.00 | 9308.35
179 | 0.10 | 9554.34 | 8937.30 | 8660.61 | 436.61 | 2183.05 | 10800.00 | 9355.10
172 | 0.18 | 8204.06 | 9388.53 | 6514.13 | 889.18 | 4445.92 | 10800.00 | 8361.87
173 | 0.06 | 9956.76 | 10342.55 | 9336.20 | 296.32 | 1481.58 | 10800.00 | 10008.96
159 | 0.08 | 8966.57 | 10698.70 | 8110.67 | 452.23 | 2261.16 | 10335.66 | 9321.90
174 | 0.10 | 9435.26 | 11230.36 | 8312.22 | 507.71 | 2538.55 | 10800.00 | 9591.52
185 | 0.10 | 9213.21 | 11794.64 | 8033.75 | 550.16 | 2750.79 | 10729.52 | 9581.71
176 | 0.06 | 10019.65 | 12388.34 | 9276.35 | 303.53 | 1517.63 | 10775.77 | 10107.91
175 | 0.05 | 10071.04 | 12730.58 | 9434.51 | 251.65 | 1258.24 | 10680.17 | 10138.14
186 | 0.07 | 10256.54 | 13044.36 | 9343.44 | 295.45 | 1477.25 | 10800.00 | 10066.18
167 | 0.15 | 8173.25 | 13373.34 | 6167.25 | 930.24 | 4651.20 | 10678.91 | 9251.01
182 | 0.08 | 9682.33 | 14342.04 | 8534.97 | 418.80 | 2094.01 | 10595.47 | 9870.51
177 | 0.13 | 9209.12 | 14856.17 | 7277.82 | 715.52 | 3577.61 | 10762.41 | 9689.75
181 | 0.05 | 9977.83 | 15644.09 | 9195.63 | 254.00 | 1269.99 | 10452.92 | 10056.68
158 | 0.09 | 8709.90 | 15909.26 | 7278.07 | 523.75 | 2618.77 | 9849.70 | 9184.61
184 | 0.11 | 9793.88 | 16503.62 | 7978.48 | 569.29 | 2846.47 | 10762.32 | 10019.83
171 | 0.13 | 8781.66 | 17106.69 | 6557.79 | 750.35 | 3751.76 | 10212.00 | 9436.44
189 | 0.23 | 9628.12 | 17907.06 | 5509.50 | 1109.12 | 5545.60 | 10800.00 | 9694.45
Vehicle 5
Charging tour: 
205  -> 202  -> 232  -> 200  -> 206  -> 212  -> 211  -> 199  -> 204  -> 198  -> 191  -> 196  -> 223  -> 193  -> 217  -> 190  -> 222  -> 226  -> 194  -> 218  -> 195  -> 225  -> 214  -> 231  -> 201  -> 220  -> 197  -> 210  -> 213  -> 229  -> 215  -> 209  -> 228  -> 227  -> 203  -> 219  -> 216  -> 208  -> 230  -> 207  -> 221  -> 192  -> 224  -> 
Charging time: 
417.5636186399824  + 416.89020194435096  + 1280.6406860347224  + 239.24063899864944  + 471.39163763633786  + 571.8845286424097  + 282.5245209212278  + 635.138624208677  + 504.9121736010459  + 591.6864554967435  + 373.7297085239451  + 416.46373457124065  + 373.8192551615772  + 715.3700927584816  + 553.4738092098498  + 461.59012945300753  + 329.64050693386406  + 223.26640783790066  + 278.81314090392596  + 623.1861152882598  + 505.0027795927319  + 279.2693435974779  + 323.65748468418957  + 1434.0011504978477  + 328.9607210971666  + 504.837403482236  + 627.8027028043246  + 239.97945416003176  + 567.0094780418408  + 548.2406418598266  + 461.22828135635547  + 373.15507886855653  + 373.91627573625675  + 371.5388326947079  + 591.7048663855336  + 282.1646503942761  + 329.3849750178761  + 415.9725985216832  + 981.7721105032107  + 323.84519031446507  + 504.88760427137237  + 275.5956455021764  + 629.5734124504027  + 
total node:43/43
-------------------
Traveling energy: 2788.176385402262
Charging energy: 105173.63334300372
Total energy used: 107961.80972840598
-------------------
Total time for travel: 2788.176385402262
Total time for charging: 21034.726668600742
Charging round duration: 23822.903054003003
-------------------
ID | p | E0 | time_arrive | E_remain | time_charge | energy_charge| E_after_charge | E_after_cycle
205 | 0.09 | 6612.47 | 165.96 | 6597.53 | 417.56 | 2087.82 | 8647.77 | 6556.23
202 | 0.09 | 6623.15 | 631.40 | 6566.32 | 416.89 | 2084.45 | 8613.26 | 6563.54
232 | 0.14 | 3353.86 | 1072.74 | 3203.67 | 1280.64 | 6403.20 | 9427.59 | 6421.85
200 | 0.05 | 6411.78 | 2455.37 | 6289.02 | 239.24 | 1196.20 | 7473.26 | 6416.84
206 | 0.10 | 6508.22 | 2804.79 | 6227.74 | 471.39 | 2356.96 | 8537.56 | 6482.88
212 | 0.15 | 8046.87 | 3333.40 | 7546.86 | 571.88 | 2859.42 | 10320.50 | 7332.85
211 | 0.06 | 6515.37 | 3947.29 | 6278.53 | 282.52 | 1412.62 | 7674.20 | 6498.62
199 | 0.14 | 6762.44 | 4254.90 | 6166.75 | 635.14 | 3175.69 | 9253.53 | 6602.93
204 | 0.11 | 6683.76 | 4942.89 | 6140.04 | 504.91 | 2524.56 | 8609.06 | 6587.80
198 | 0.13 | 6740.55 | 5480.64 | 6028.07 | 591.69 | 2958.43 | 8909.58 | 6602.01
191 | 0.08 | 6567.14 | 6121.66 | 6077.41 | 373.73 | 1868.65 | 7916.16 | 6529.96
196 | 0.09 | 6629.93 | 6519.02 | 6043.22 | 416.46 | 2082.32 | 8088.06 | 6568.19
223 | 0.08 | 6565.57 | 7083.87 | 5998.86 | 373.82 | 1869.10 | 7838.05 | 6528.83
193 | 0.16 | 6861.72 | 7607.51 | 5644.52 | 715.37 | 3576.85 | 9106.91 | 6626.91
217 | 0.12 | 6651.63 | 8494.97 | 5632.23 | 553.47 | 2767.37 | 8333.18 | 6560.25
190 | 0.10 | 6646.41 | 9174.35 | 5728.98 | 461.59 | 2307.95 | 7990.77 | 6572.07
222 | 0.07 | 6514.80 | 9662.76 | 5838.41 | 329.64 | 1648.20 | 7463.54 | 6495.40
226 | 0.05 | 6870.53 | 10106.89 | 6365.19 | 223.27 | 1116.33 | 7470.36 | 6795.72
194 | 0.06 | 6602.10 | 10386.02 | 5978.94 | 278.81 | 1394.07 | 7356.27 | 6566.79
218 | 0.15 | 7384.44 | 10737.93 | 5773.75 | 623.19 | 3115.93 | 8796.20 | 6926.93
195 | 0.11 | 6682.56 | 11403.24 | 5428.20 | 505.00 | 2525.01 | 7897.67 | 6587.05
225 | 0.06 | 6591.31 | 11961.68 | 5873.61 | 279.27 | 1396.35 | 7253.20 | 6558.28
214 | 0.07 | 6635.23 | 12283.45 | 5775.39 | 323.66 | 1618.29 | 7371.02 | 6585.92
231 | 0.15 | 3209.12 | 12625.60 | 1315.28 | 1434.00 | 7170.01 | 8270.18 | 6805.69
201 | 0.07 | 6528.27 | 14106.42 | 5540.82 | 328.96 | 1644.80 | 7162.59 | 6505.47
220 | 0.11 | 6684.75 | 14493.06 | 5090.51 | 504.84 | 2524.19 | 7559.17 | 6588.42
197 | 0.15 | 7330.13 | 15067.78 | 5069.97 | 627.80 | 3139.01 | 8114.81 | 6895.71
210 | 0.05 | 6392.04 | 15766.05 | 5603.74 | 239.98 | 1199.90 | 6791.64 | 6400.80
213 | 0.11 | 5951.77 | 16032.03 | 4188.25 | 567.01 | 2835.05 | 6960.92 | 6166.30
229 | 0.12 | 6715.12 | 16637.40 | 4718.63 | 548.24 | 2741.20 | 7394.05 | 6597.58
215 | 0.10 | 6651.63 | 17263.86 | 4925.24 | 461.23 | 2306.14 | 7185.26 | 6575.48
209 | 0.08 | 6577.25 | 17747.16 | 5157.48 | 373.16 | 1865.78 | 6993.40 | 6537.19
228 | 0.08 | 6563.86 | 18140.07 | 5112.66 | 373.92 | 1869.58 | 6952.32 | 6527.61
227 | 0.08 | 6605.86 | 18582.64 | 5119.25 | 371.54 | 1857.69 | 6947.22 | 6557.73
203 | 0.13 | 6740.34 | 18996.62 | 4270.78 | 591.70 | 2958.52 | 7152.39 | 6601.89
219 | 0.06 | 6523.68 | 19632.79 | 5345.71 | 282.16 | 1410.82 | 6739.60 | 6505.13
216 | 0.07 | 6519.86 | 19984.07 | 5120.97 | 329.38 | 1646.92 | 6744.84 | 6499.18
208 | 0.09 | 6637.76 | 20345.30 | 4806.68 | 415.97 | 2079.86 | 6849.11 | 6573.56
230 | 0.12 | 3749.85 | 20848.78 | 1248.00 | 981.77 | 4908.86 | 6039.05 | 5799.97
207 | 0.07 | 6631.39 | 21848.47 | 5102.00 | 323.85 | 1619.23 | 6698.55 | 6583.01
221 | 0.11 | 6684.08 | 22237.21 | 4237.99 | 504.89 | 2524.44 | 6706.89 | 6588.00
192 | 0.06 | 6679.17 | 22768.32 | 5313.07 | 275.60 | 1377.98 | 6674.52 | 6627.78
224 | 0.14 | 6822.22 | 23133.48 | 3583.53 | 629.57 | 3147.87 | 6643.26 | 6634.88
Vehicle 6
Charging tour: 
242  -> 237  -> 260  -> 245  -> 247  -> 269  -> 243  -> 264  -> 256  -> 268  -> 239  -> 248  -> 246  -> 241  -> 261  -> 265  -> 272  -> 244  -> 233  -> 240  -> 236  -> 259  -> 255  -> 270  -> 235  -> 271  -> 263  -> 266  -> 249  -> 251  -> 234  -> 258  -> 252  -> 273  -> 267  -> 257  -> 253  -> 262  -> 238  -> 250  -> 254  -> 
Charging time: 
359.8877220715321  + 526.7429227065331  + 300.9498885626907  + 410.11933840648356  + 559.6146573101823  + 462.12376944398295  + 574.7533540119839  + 558.7061843819607  + 361.2179398861058  + 608.0899043717744  + 361.2085088711157  + 559.8135442597538  + 655.5761256286173  + 462.1034357923787  + 559.6359151010703  + 608.0849628894089  + 721.5743051316649  + 714.2085993047128  + 559.4589584546483  + 297.8268999291272  + 361.8478144585266  + 410.3608877065979  + 462.0839405556438  + 362.24961966880727  + 559.5548352337306  + 656.3715788628047  + 700.3189725812585  + 310.8726770022155  + 801.9416007619517  + 461.88411760894377  + 362.6468010955186  + 608.0186424305274  + 413.1021449651099  + 656.3834447486178  + 752.4497110177389  + 356.1355624282875  + 559.6181442099329  + 510.65960134578046  + 297.71127193475843  + 510.8865751175764  + 559.5467833226127  + 
total node:41/41
-------------------
Traveling energy: 2278.940669721849
Charging energy: 104481.70831786336
Total energy used: 106760.64898758521
-------------------
Total time for travel: 2278.940669721849
Total time for charging: 20896.34166357267
Charging round duration: 23175.28233329452
-------------------
ID | p | E0 | time_arrive | E_remain | time_charge | energy_charge| E_after_charge | E_after_cycle
242 | 0.06 | 7629.03 | 148.54 | 7620.12 | 359.89 | 1799.44 | 9397.96 | 7999.09
237 | 0.12 | 8294.20 | 539.21 | 8229.49 | 526.74 | 2633.71 | 10800.00 | 8069.17
260 | 0.05 | 7602.58 | 1177.79 | 7543.69 | 300.95 | 1504.75 | 9033.39 | 7916.18
245 | 0.07 | 7810.39 | 1591.22 | 7699.01 | 410.12 | 2050.60 | 9720.89 | 8193.38
247 | 0.10 | 8177.04 | 2036.36 | 7973.40 | 559.61 | 2798.07 | 10715.51 | 8592.82
269 | 0.08 | 7921.67 | 2618.57 | 7712.18 | 462.12 | 2310.62 | 9985.83 | 8326.46
243 | 0.12 | 8365.98 | 3089.77 | 7995.20 | 574.75 | 2873.77 | 10800.00 | 8380.99
264 | 0.10 | 8190.33 | 3733.47 | 7816.99 | 558.71 | 2793.53 | 10554.65 | 8601.57
256 | 0.06 | 7600.93 | 4328.73 | 7341.21 | 361.22 | 1806.09 | 9125.63 | 7977.65
268 | 0.11 | 8277.70 | 4717.21 | 7758.81 | 608.09 | 3040.45 | 10732.37 | 8697.63
239 | 0.06 | 7601.13 | 5414.59 | 7276.26 | 361.21 | 1806.04 | 9060.63 | 7977.80
248 | 0.10 | 8174.13 | 5807.80 | 7593.35 | 559.81 | 2799.07 | 10336.44 | 8590.91
246 | 0.12 | 8366.46 | 6380.59 | 7600.79 | 655.58 | 3277.88 | 10800.00 | 8785.59
241 | 0.08 | 7922.02 | 7103.70 | 7353.72 | 462.10 | 2310.52 | 9627.27 | 8326.70
261 | 0.10 | 8176.73 | 7594.59 | 7417.27 | 559.64 | 2798.18 | 10159.48 | 8592.61
265 | 0.11 | 8277.77 | 8156.83 | 7380.52 | 608.08 | 3040.42 | 10354.06 | 8697.68
272 | 0.14 | 8521.84 | 8776.38 | 7293.15 | 721.57 | 3607.87 | 10800.00 | 8794.51
244 | 0.13 | 8329.20 | 9566.01 | 7085.62 | 714.21 | 3571.04 | 10563.81 | 8803.27
233 | 0.10 | 8179.31 | 10312.08 | 7148.10 | 559.46 | 2797.29 | 9889.45 | 8594.32
240 | 0.05 | 7682.30 | 11019.54 | 7131.32 | 297.83 | 1489.13 | 8605.56 | 7980.29
236 | 0.06 | 7587.70 | 11327.58 | 6908.05 | 361.85 | 1809.24 | 8695.58 | 7967.57
259 | 0.07 | 7805.79 | 11743.19 | 6983.77 | 410.36 | 2051.80 | 9006.85 | 8189.99
255 | 0.08 | 7922.35 | 12243.65 | 6942.86 | 462.08 | 2310.42 | 9216.31 | 8326.94
270 | 0.06 | 7579.29 | 12740.38 | 6814.86 | 362.25 | 1811.25 | 8604.38 | 7961.16
235 | 0.10 | 8177.91 | 13156.60 | 6862.25 | 559.55 | 2797.77 | 9604.07 | 8593.39
271 | 0.12 | 8365.97 | 13765.39 | 6714.13 | 656.37 | 3281.86 | 9917.22 | 8789.08
263 | 0.13 | 8494.39 | 14424.64 | 6619.19 | 700.32 | 3501.59 | 10029.74 | 8899.01
266 | 0.05 | 7359.91 | 15148.48 | 6602.48 | 310.87 | 1554.36 | 8141.30 | 7723.13
249 | 0.15 | 8559.21 | 15531.56 | 6229.47 | 801.94 | 4009.71 | 10118.89 | 8995.48
251 | 0.08 | 7925.78 | 16405.39 | 6613.35 | 461.88 | 2309.42 | 8885.82 | 8329.37
234 | 0.06 | 7570.98 | 16872.56 | 6558.63 | 362.65 | 1813.23 | 8350.11 | 7954.84
258 | 0.11 | 8278.67 | 17292.97 | 6376.45 | 608.02 | 3040.09 | 9349.66 | 8698.25
252 | 0.07 | 7754.00 | 17946.28 | 6497.76 | 413.10 | 2065.51 | 8534.35 | 8151.90
273 | 0.12 | 8365.82 | 18417.32 | 6155.74 | 656.38 | 3281.92 | 9358.89 | 8788.99
267 | 0.14 | 8514.04 | 19113.89 | 5838.09 | 752.45 | 3762.25 | 9495.00 | 8941.08
257 | 0.06 | 7709.41 | 19896.28 | 6515.63 | 356.14 | 1780.68 | 8274.94 | 8060.71
253 | 0.10 | 8176.98 | 20286.55 | 6148.33 | 559.62 | 2798.09 | 8890.46 | 8592.79
262 | 0.09 | 8064.84 | 20886.99 | 6185.02 | 510.66 | 2553.30 | 8692.35 | 8474.08
238 | 0.05 | 7685.28 | 21468.37 | 6611.86 | 297.71 | 1488.56 | 8085.53 | 7982.69
250 | 0.09 | 8061.26 | 21845.55 | 6095.16 | 510.89 | 2554.43 | 8603.62 | 8471.63
254 | 0.10 | 8178.03 | 22426.82 | 5935.35 | 559.55 | 2797.73 | 8677.12 | 8593.47
Vehicle 7
Charging tour: 
284  -> 282  -> 290  -> 283  -> 278  -> 303  -> 280  -> 308  -> 307  -> 288  -> 299  -> 285  -> 287  -> 279  -> 304  -> 281  -> 296  -> 294  -> 306  -> 275  -> 298  -> 286  -> 302  -> 274  -> 300  -> 277  -> 297  -> 293  -> 301  -> 295  -> 305  -> 310  -> 312  -> 276  -> 313  -> 309  -> 289  -> 291  -> 311  -> 292  -> 
Charging time: 
404.3417800640047  + 457.7633176169904  + 556.5890747950084  + 304.076654856404  + 605.4693334658664  + 357.8756096205337  + 406.33182100905213  + 458.1125466982653  + 355.3975785372579  + 556.6311206937621  + 357.90594591306575  + 653.8901993893229  + 406.7850220183065  + 706.6994983563643  + 733.6239485637875  + 605.3735855465504  + 457.7217758441736  + 304.1904755886978  + 407.92180201400555  + 457.8305265672668  + 702.0983193483048  + 458.3918570895876  + 357.9511996067395  + 349.4059699833726  + 702.0940680045178  + 457.3466658379595  + 797.7334958185573  + 800.5150393942779  + 748.813449069494  + 355.8471852093535  + 357.45464118409507  + 702.0961772711343  + 798.2454698695611  + 605.3416031746608  + 556.4350480768035  + 507.8689012491777  + 701.8550529222415  + 702.1122266833036  + 457.436714166113  + 456.2940779423264  + 
total node:40/40
-------------------
Traveling energy: 2267.6440630910993
Charging energy: 105649.34389530134
Total energy used: 107916.98795839243
-------------------
Total time for travel: 2267.6440630910993
Total time for charging: 21129.868779060267
Charging round duration: 23397.512842151365
-------------------
ID | p | E0 | time_arrive | E_remain | time_charge | energy_charge| E_after_charge | E_after_cycle
284 | 0.07 | 7672.02 | 192.98 | 7658.51 | 404.34 | 2021.71 | 9651.92 | 8026.13
282 | 0.08 | 7744.79 | 681.64 | 7690.26 | 457.76 | 2288.82 | 9942.45 | 8127.77
290 | 0.10 | 7962.07 | 1206.25 | 7841.44 | 556.59 | 2782.95 | 10568.73 | 8362.72
283 | 0.05 | 7286.98 | 1772.27 | 7198.36 | 304.08 | 1520.38 | 8703.54 | 7616.22
278 | 0.11 | 8051.21 | 2112.48 | 7818.83 | 605.47 | 3027.35 | 10779.58 | 8458.04
303 | 0.06 | 7429.84 | 2764.40 | 7263.98 | 357.88 | 1789.38 | 9031.88 | 7789.85
280 | 0.07 | 7634.45 | 3152.22 | 7413.79 | 406.33 | 2031.66 | 9417.01 | 7998.50
308 | 0.08 | 7738.88 | 3560.65 | 7454.03 | 458.11 | 2290.56 | 9707.95 | 8123.61
307 | 0.06 | 7481.65 | 4047.54 | 7238.80 | 355.40 | 1776.99 | 8994.46 | 7829.26
288 | 0.10 | 7961.47 | 4478.92 | 7513.57 | 556.63 | 2783.16 | 10241.07 | 8362.33
299 | 0.06 | 7429.21 | 5096.47 | 7123.43 | 357.91 | 1789.53 | 8891.48 | 7789.37
285 | 0.12 | 8132.74 | 5467.15 | 7476.68 | 653.89 | 3269.45 | 10667.67 | 8543.44
287 | 0.07 | 7625.94 | 6148.31 | 7195.56 | 406.79 | 2033.93 | 9201.01 | 7992.27
279 | 0.13 | 8152.09 | 6590.00 | 7295.39 | 706.70 | 3533.50 | 10737.02 | 8588.61
304 | 0.14 | 8269.82 | 7394.54 | 7234.59 | 733.62 | 3668.12 | 10800.00 | 8602.74
281 | 0.11 | 8052.48 | 8141.19 | 7156.95 | 605.37 | 3026.87 | 10117.23 | 8458.83
296 | 0.08 | 7745.49 | 8869.59 | 7035.92 | 457.72 | 2288.61 | 9287.91 | 8128.27
294 | 0.05 | 7284.25 | 9394.86 | 6814.51 | 304.19 | 1520.95 | 8320.25 | 7614.06
306 | 0.07 | 7604.69 | 9732.93 | 6923.39 | 407.92 | 2039.61 | 8934.44 | 7976.70
275 | 0.08 | 7743.65 | 10222.51 | 6925.85 | 457.83 | 2289.15 | 9178.38 | 8126.97
298 | 0.13 | 8205.52 | 10740.00 | 6809.32 | 702.10 | 3510.49 | 10228.53 | 8619.03
286 | 0.08 | 7734.17 | 11444.01 | 6818.65 | 458.39 | 2291.96 | 9073.93 | 8120.29
302 | 0.06 | 7428.27 | 11935.59 | 6712.14 | 357.95 | 1789.76 | 8480.42 | 7788.66
274 | 0.06 | 7609.94 | 12379.94 | 6867.15 | 349.41 | 1747.03 | 8593.21 | 7927.60
300 | 0.13 | 8205.57 | 12831.44 | 6537.48 | 702.09 | 3510.47 | 9956.68 | 8619.06
277 | 0.08 | 7751.84 | 13584.69 | 6665.07 | 457.35 | 2286.73 | 8915.21 | 8132.74
297 | 0.15 | 8332.86 | 14059.34 | 6223.96 | 797.73 | 3988.67 | 10092.96 | 8748.09
293 | 0.15 | 8303.90 | 14930.23 | 6064.37 | 800.52 | 4002.58 | 9946.87 | 8733.04
301 | 0.14 | 8285.43 | 15761.25 | 6078.85 | 748.81 | 3744.07 | 9718.08 | 8694.29
295 | 0.06 | 7472.20 | 16561.01 | 6478.53 | 355.85 | 1779.24 | 8236.42 | 7822.06
305 | 0.06 | 7438.59 | 16938.24 | 6422.30 | 357.45 | 1787.27 | 8188.12 | 7796.49
310 | 0.13 | 8205.54 | 17341.54 | 5951.14 | 702.10 | 3510.48 | 9370.35 | 8619.04
312 | 0.15 | 8327.51 | 18170.03 | 5602.01 | 798.25 | 3991.23 | 9473.50 | 8745.30
276 | 0.11 | 8052.91 | 18995.93 | 5963.35 | 605.34 | 3026.71 | 8923.47 | 8459.10
313 | 0.10 | 7964.27 | 19645.21 | 5999.75 | 556.44 | 2782.18 | 8726.28 | 8364.16
309 | 0.09 | 7853.29 | 20255.32 | 6030.31 | 507.87 | 2539.34 | 8523.94 | 8248.57
289 | 0.13 | 8208.36 | 20862.33 | 5496.26 | 701.86 | 3509.28 | 8914.29 | 8620.66
291 | 0.13 | 8205.35 | 21596.32 | 5397.83 | 702.11 | 3510.56 | 8817.12 | 8618.94
311 | 0.08 | 7750.32 | 22373.87 | 5960.41 | 457.44 | 2287.18 | 8211.00 | 8131.67
292 | 0.08 | 7769.73 | 22867.80 | 5940.30 | 456.29 | 2281.47 | 8185.27 | 8145.36
Vehicle 8
Charging tour: 
326  -> 332  -> 344  -> 322  -> 347  -> 314  -> 329  -> 316  -> 315  -> 319  -> 335  -> 328  -> 323  -> 317  -> 327  -> 320  -> 342  -> 324  -> 348  -> 334  -> 349  -> 350  -> 330  -> 331  -> 318  -> 336  -> 345  -> 341  -> 346  -> 339  -> 338  -> 343  -> 325  -> 333  -> 352  -> 337  -> 321  -> 351  -> 340  -> 
Charging time: 
401.8123970207848  + 321.20377330885367  + 296.81031734675236  + 524.074617963573  + 211.5823425206247  + 621.4979980209442  + 315.5441678733559  + 522.3656571074029  + 378.5206190025151  + 521.9294723174229  + 321.0724899541938  + 319.61391833001875  + 409.305012272455  + 381.1623888921919  + 437.49205075298016  + 441.853902527538  + 611.7136337637451  + 558.0647776394792  + 480.3960356230518  + 387.132854991306  + 431.8561822693148  + 570.8323051110411  + 325.13227455454717  + 421.8293075984291  + 380.2082571753418  + 569.9256949665618  + 428.8783042741674  + 516.3942084537985  + 416.0806062410515  + 669.306342751222  + 581.743909770784  + 321.28992127848215  + 1028.1807107180662  + 418.36408615759416  + 566.483864615355  + 842.3053020246929  + 440.5836089516503  + 810.361432848917  + 515.8932028423302  + 
total node:39/39
-------------------
Traveling energy: 2323.3131810266773
Charging energy: 93593.98974916269
Total energy used: 95917.30293018937
-------------------
Total time for travel: 2323.3131810266773
Total time for charging: 18718.797949832537
Charging round duration: 21042.111130859215
-------------------
ID | p | E0 | time_arrive | E_remain | time_charge | energy_charge| E_after_charge | E_after_cycle
326 | 0.11 | 8850.11 | 136.10 | 8835.14 | 401.81 | 2009.06 | 10800.00 | 8238.65
332 | 0.08 | 9271.60 | 649.02 | 9219.68 | 321.20 | 1606.02 | 10800.00 | 8971.79
344 | 0.06 | 9397.36 | 1060.10 | 9333.76 | 296.81 | 1484.05 | 10800.00 | 9452.04
322 | 0.12 | 8409.89 | 1394.80 | 8242.52 | 524.07 | 2620.37 | 10800.00 | 8171.52
347 | 0.11 | 9980.47 | 1955.54 | 9765.36 | 211.58 | 1057.91 | 10800.00 | 8417.86
314 | 0.12 | 8027.39 | 2169.14 | 7767.09 | 621.50 | 3107.49 | 10800.00 | 8276.13
329 | 0.08 | 9478.73 | 2890.13 | 9247.52 | 315.54 | 1577.72 | 10800.00 | 9150.62
316 | 0.10 | 8563.56 | 3231.55 | 8240.41 | 522.37 | 2611.83 | 10800.00 | 8793.10
315 | 0.07 | 9206.19 | 3889.95 | 8933.89 | 378.52 | 1892.60 | 10800.00 | 9431.19
319 | 0.10 | 8671.04 | 4284.90 | 8242.55 | 521.93 | 2609.65 | 10800.00 | 8898.39
335 | 0.06 | 9423.67 | 4877.51 | 9131.02 | 321.07 | 1605.36 | 10717.12 | 9599.66
328 | 0.06 | 9466.67 | 5254.27 | 9151.42 | 319.61 | 1598.07 | 10730.31 | 9635.37
323 | 0.08 | 9235.85 | 5620.39 | 8786.22 | 409.31 | 2046.53 | 10800.00 | 9376.54
317 | 0.07 | 9261.04 | 6101.70 | 8833.92 | 381.16 | 1905.81 | 10713.05 | 9499.25
327 | 0.09 | 9243.58 | 6574.08 | 8651.91 | 437.49 | 2187.46 | 10800.00 | 9286.98
320 | 0.08 | 9130.26 | 7065.44 | 8565.02 | 441.85 | 2209.27 | 10738.95 | 9433.70
342 | 0.18 | 9208.68 | 7539.64 | 7851.54 | 611.71 | 3058.57 | 10800.00 | 7979.12
324 | 0.10 | 8888.51 | 8230.24 | 8065.48 | 558.06 | 2790.32 | 10800.00 | 9296.54
348 | 0.12 | 9514.59 | 8824.32 | 8455.67 | 480.40 | 2401.98 | 10800.00 | 9057.82
334 | 0.08 | 9642.99 | 9346.00 | 8895.31 | 387.13 | 1935.66 | 10800.00 | 9672.82
349 | 0.13 | 9974.90 | 9831.09 | 8696.86 | 431.86 | 2159.28 | 10800.00 | 9037.21
350 | 0.13 | 9362.18 | 10324.07 | 8020.05 | 570.83 | 2854.16 | 10800.00 | 9119.36
330 | 0.06 | 9306.00 | 10906.21 | 8651.63 | 325.13 | 1625.66 | 10257.78 | 9502.29
331 | 0.08 | 9563.68 | 11335.23 | 8656.86 | 421.83 | 2109.15 | 10732.26 | 9767.00
318 | 0.07 | 9284.28 | 11815.34 | 8457.21 | 380.21 | 1901.04 | 10331.64 | 9517.72
336 | 0.11 | 9362.33 | 12266.08 | 8013.06 | 569.93 | 2849.63 | 10800.00 | 9591.44
345 | 0.08 | 9406.49 | 12856.26 | 8377.99 | 428.88 | 2144.39 | 10488.07 | 9645.05
341 | 0.11 | 9738.03 | 13301.78 | 8274.83 | 516.39 | 2581.97 | 10800.00 | 9699.48
346 | 0.08 | 9695.82 | 13838.91 | 8588.70 | 416.08 | 2080.40 | 10635.82 | 9870.39
339 | 0.13 | 9397.31 | 14283.36 | 7540.48 | 669.31 | 3346.53 | 10800.00 | 9646.87
338 | 0.11 | 9535.26 | 14996.01 | 7885.70 | 581.74 | 2908.72 | 10730.43 | 9823.46
343 | 0.06 | 9417.29 | 15594.44 | 8481.63 | 321.29 | 1606.45 | 10068.80 | 9594.37
325 | 0.16 | 7847.34 | 16003.63 | 5286.76 | 1028.18 | 5140.90 | 10263.15 | 9176.58
333 | 0.08 | 9642.90 | 17126.62 | 8272.77 | 418.36 | 2091.82 | 10331.12 | 9828.88
352 | 0.11 | 9792.13 | 17590.38 | 7857.18 | 566.48 | 2832.42 | 10627.29 | 10004.03
337 | 0.15 | 8980.36 | 18214.51 | 6248.18 | 842.31 | 4211.53 | 10333.36 | 9618.45
321 | 0.08 | 9156.58 | 19068.95 | 7631.07 | 440.58 | 2202.92 | 9798.74 | 9453.67
351 | 0.17 | 10208.72 | 19545.68 | 6885.95 | 810.36 | 4051.81 | 10800.00 | 10210.63
340 | 0.10 | 9774.89 | 20388.16 | 7736.08 | 515.89 | 2579.47 | 10263.96 | 9972.07
Vehicle 9
Charging tour: 
366  -> 362  -> 360  -> 382  -> 380  -> 384  -> 365  -> 361  -> 363  -> 367  -> 353  -> 376  -> 364  -> 370  -> 359  -> 393  -> 391  -> 358  -> 392  -> 374  -> 354  -> 388  -> 390  -> 379  -> 383  -> 355  -> 357  -> 369  -> 377  -> 373  -> 385  -> 387  -> 372  -> 375  -> 389  -> 386  -> 378  -> 371  -> 381  -> 356  -> 368  -> 
Charging time: 
560.8733196042527  + 512.9434273535904  + 463.638141541064  + 656.8674255830728  + 608.9936073203484  + 561.0365099137448  + 367.1120778150521  + 561.0269341456187  + 704.65120366117  + 696.8232633221681  + 561.0223997312597  + 315.13634779202386  + 512.7833745436328  + 464.6131256392468  + 512.9294554187524  + 315.39116854698597  + 645.9210859561182  + 367.00954771867964  + 464.64900886233295  + 464.58378753930253  + 250.54035832394948  + 264.7093499340377  + 640.3652559675265  + 464.4413746540045  + 656.8522665508302  + 415.9265478393791  + 656.2909861958972  + 366.17976148387413  + 656.2383607534043  + 464.53996809673373  + 316.1890699868339  + 512.8039300398739  + 414.73969749999986  + 703.7414231065849  + 704.6492760974611  + 464.20995931714714  + 656.8678905319474  + 317.607067845654  + 608.9980241193847  + 698.3832638641155  + 656.8716991530978  + 
total node:41/41
-------------------
Traveling energy: 1954.2462831492205
Charging energy: 106045.75371685076
Total energy used: 107999.99999999997
-------------------
Total time for travel: 1954.2462831492205
Total time for charging: 21209.15074337015
Charging round duration: 23163.39702651937
-------------------
ID | p | E0 | time_arrive | E_remain | time_charge | energy_charge| E_after_charge | E_after_cycle
366 | 0.11 | 6126.62 | 85.36 | 6117.23 | 560.87 | 2804.37 | 8859.90 | 6310.47
362 | 0.10 | 6090.09 | 685.61 | 6021.53 | 512.94 | 2564.72 | 8534.95 | 6272.52
360 | 0.09 | 6063.96 | 1283.17 | 5948.48 | 463.64 | 2318.19 | 8224.94 | 6238.09
382 | 0.13 | 6182.43 | 1761.42 | 5953.44 | 656.87 | 3284.34 | 9152.39 | 6369.79
380 | 0.12 | 6155.48 | 2435.75 | 5863.19 | 608.99 | 3044.97 | 8835.08 | 6341.70
384 | 0.11 | 6124.84 | 3074.92 | 5786.60 | 561.04 | 2805.18 | 8530.07 | 6309.50
365 | 0.07 | 5956.52 | 3703.58 | 5697.27 | 367.11 | 1835.56 | 7507.13 | 6124.48
361 | 0.11 | 6124.95 | 4131.65 | 5670.46 | 561.03 | 2805.13 | 8413.89 | 6309.56
363 | 0.14 | 6206.50 | 4749.30 | 5541.60 | 704.65 | 3523.26 | 8966.21 | 6394.55
367 | 0.15 | 6724.53 | 5529.75 | 5895.07 | 696.82 | 3484.12 | 9274.66 | 6635.21
353 | 0.11 | 6125.00 | 6272.74 | 5434.99 | 561.02 | 2805.11 | 8178.39 | 6309.59
376 | 0.06 | 5947.66 | 6850.74 | 5536.61 | 315.14 | 1575.68 | 7093.39 | 6093.97
364 | 0.10 | 6091.99 | 7187.97 | 5373.19 | 512.78 | 2563.92 | 7885.83 | 6273.62
370 | 0.09 | 6051.24 | 7730.57 | 5355.49 | 464.61 | 2323.07 | 7636.74 | 6230.24
359 | 0.10 | 6090.26 | 8255.09 | 5264.75 | 512.93 | 2564.65 | 7778.10 | 6272.61
393 | 0.06 | 5942.85 | 8771.42 | 5416.57 | 315.39 | 1576.96 | 6974.60 | 6090.43
391 | 0.13 | 6287.20 | 9147.05 | 5098.08 | 645.92 | 3229.61 | 8243.72 | 6419.83
358 | 0.07 | 5958.18 | 9819.36 | 5270.83 | 367.01 | 1835.05 | 7080.19 | 6125.63
392 | 0.09 | 6050.77 | 10231.24 | 5129.96 | 464.65 | 2323.25 | 7411.39 | 6229.96
374 | 0.09 | 6051.62 | 10716.69 | 5087.12 | 464.58 | 2322.92 | 7368.23 | 6230.48
354 | 0.05 | 6234.27 | 11212.84 | 5673.63 | 250.54 | 1252.70 | 6913.80 | 6295.83
388 | 0.05 | 5900.57 | 11485.86 | 5326.28 | 264.71 | 1323.55 | 6636.59 | 6032.97
390 | 0.13 | 6341.75 | 11811.95 | 4806.19 | 640.37 | 3201.83 | 7924.77 | 6446.60
379 | 0.09 | 6053.48 | 12498.92 | 4928.57 | 464.44 | 2322.21 | 7208.98 | 6231.62
383 | 0.13 | 6182.57 | 12989.08 | 4493.99 | 656.85 | 3284.26 | 7692.86 | 6369.85
355 | 0.08 | 6008.51 | 13665.47 | 4915.27 | 415.93 | 2079.63 | 6961.63 | 6182.31
357 | 0.13 | 6187.86 | 14114.58 | 4352.96 | 656.29 | 3281.45 | 7549.10 | 6372.33
369 | 0.07 | 5971.69 | 14804.55 | 4935.37 | 366.18 | 1830.90 | 6740.63 | 6134.98
377 | 0.13 | 6188.35 | 15172.84 | 4215.88 | 656.24 | 3281.19 | 7411.76 | 6372.57
373 | 0.09 | 6052.19 | 15869.01 | 4623.98 | 464.54 | 2322.70 | 6904.87 | 6230.83
385 | 0.06 | 5927.86 | 16441.17 | 4941.39 | 316.19 | 1580.95 | 6503.36 | 6079.43
387 | 0.10 | 6091.75 | 16870.07 | 4404.74 | 512.80 | 2564.02 | 6917.48 | 6273.48
372 | 0.08 | 6025.70 | 17421.47 | 4631.98 | 414.74 | 2073.70 | 6672.50 | 6193.57
375 | 0.14 | 6214.53 | 17843.52 | 3716.44 | 703.74 | 3518.71 | 7136.62 | 6398.03
389 | 0.14 | 6206.52 | 18588.97 | 3604.07 | 704.65 | 3523.25 | 7028.66 | 6394.56
386 | 0.09 | 6056.49 | 19336.74 | 4316.19 | 464.21 | 2321.05 | 6595.46 | 6233.48
378 | 0.13 | 6182.42 | 19849.59 | 3601.97 | 656.87 | 3284.34 | 6800.92 | 6369.78
371 | 0.06 | 5901.39 | 20653.62 | 4662.17 | 317.61 | 1588.04 | 6231.15 | 6060.05
381 | 0.12 | 6155.43 | 20993.47 | 3636.22 | 609.00 | 3044.99 | 6608.13 | 6341.68
356 | 0.14 | 6262.21 | 21614.56 | 3236.17 | 698.38 | 3491.92 | 6630.31 | 6418.92
368 | 0.13 | 6182.39 | 22395.74 | 3270.94 | 656.87 | 3284.36 | 6469.90 | 6369.77
Vehicle 10
Charging tour: 
405  -> 420  -> 411  -> 430  -> 401  -> 422  -> 397  -> 400  -> 408  -> 427  -> 431  -> 426  -> 406  -> 395  -> 412  -> 424  -> 432  -> 413  -> 404  -> 419  -> 407  -> 429  -> 402  -> 409  -> 398  -> 425  -> 417  -> 428  -> 421  -> 410  -> 415  -> 394  -> 399  -> 423  -> 418  -> 414  -> 403  -> 416  -> 396  -> 
Charging time: 
318.57670243784236  + 522.47372286587  + 594.9430783777719  + 473.32452207096674  + 522.5844054102888  + 366.1145418328371  + 522.6599223066507  + 571.7367930203116  + 571.66120159197  + 660.8201350212894  + 659.8708706356783  + 522.6448704492873  + 473.47459968045706  + 668.890538405703  + 372.7196688505358  + 780.9635237124355  + 473.05302675709487  + 763.1309313325446  + 668.508628810833  + 372.9298775445843  + 422.2455812769399  + 716.3317900468692  + 765.2277639082544  + 423.55427643983904  + 423.2228320270345  + 668.8963711528224  + 423.64486861738266  + 369.38045436852485  + 473.20653348538684  + 668.8944117866384  + 806.8044122132866  + 522.7537096467702  + 371.83227258040165  + 571.6274855741448  + 370.44226439671627  + 668.891012143492  + 522.8925237117426  + 423.19082655069434  + 571.8283398498988  + 
total node:39/39
-------------------
Traveling energy: 2200.319094196259
Charging energy: 105329.74645445897
Total energy used: 107530.06554865523
-------------------
Total time for travel: 2200.319094196259
Total time for charging: 21065.949290891796
Charging round duration: 23266.268385088057
-------------------
ID | p | E0 | time_arrive | E_remain | time_charge | energy_charge| E_after_charge | E_after_cycle
405 | 0.05 | 7065.09 | 157.82 | 7057.20 | 318.58 | 1592.88 | 8634.15 | 7466.83
420 | 0.09 | 7754.25 | 551.64 | 7704.60 | 522.47 | 2612.37 | 10269.95 | 8222.55
411 | 0.11 | 8015.56 | 1134.84 | 7890.73 | 594.94 | 2974.72 | 10800.00 | 8369.76
430 | 0.08 | 7608.39 | 1774.68 | 7466.41 | 473.32 | 2366.62 | 9795.17 | 8069.18
401 | 0.09 | 7752.60 | 2377.78 | 7538.60 | 522.58 | 2612.92 | 10104.49 | 8221.47
422 | 0.06 | 7377.27 | 2919.32 | 7202.11 | 366.11 | 1830.57 | 9010.72 | 7778.47
397 | 0.09 | 7751.48 | 3314.03 | 7453.22 | 522.66 | 2613.30 | 10019.48 | 8220.72
400 | 0.10 | 7873.46 | 3847.87 | 7488.67 | 571.74 | 2858.68 | 10290.18 | 8349.85
408 | 0.10 | 7874.50 | 4464.19 | 7428.08 | 571.66 | 2858.31 | 10229.22 | 8350.51
427 | 0.12 | 8174.47 | 5112.19 | 7561.01 | 660.82 | 3304.10 | 10785.81 | 8619.82
431 | 0.12 | 8186.23 | 5869.94 | 7481.84 | 659.87 | 3299.35 | 10702.01 | 8626.83
426 | 0.09 | 7751.71 | 6591.30 | 7158.49 | 522.64 | 2613.22 | 9724.68 | 8220.87
406 | 0.08 | 7605.97 | 7139.94 | 7034.78 | 473.47 | 2367.37 | 9364.28 | 8067.52
395 | 0.12 | 8075.84 | 7765.40 | 7143.99 | 668.89 | 3344.45 | 10408.18 | 8561.55
412 | 0.06 | 7246.54 | 8503.61 | 6736.32 | 372.72 | 1863.60 | 8577.56 | 7680.76
424 | 0.16 | 8452.29 | 8950.95 | 7020.14 | 780.96 | 3904.82 | 10800.00 | 8545.44
432 | 0.08 | 7612.75 | 9745.42 | 6833.12 | 473.05 | 2365.27 | 9160.54 | 8072.19
413 | 0.14 | 8258.30 | 10270.80 | 6820.39 | 763.13 | 3815.65 | 10529.20 | 8738.75
404 | 0.12 | 8080.45 | 11048.40 | 6754.65 | 668.51 | 3342.54 | 10016.97 | 8564.25
419 | 0.06 | 7242.45 | 11776.63 | 6535.85 | 372.93 | 1864.65 | 8378.13 | 7677.73
407 | 0.07 | 7462.67 | 12253.35 | 6604.94 | 422.25 | 2111.23 | 8686.61 | 7906.30
429 | 0.13 | 8169.41 | 12690.02 | 6519.71 | 716.33 | 3581.66 | 10008.24 | 8654.09
402 | 0.14 | 8235.67 | 13451.61 | 6352.44 | 765.23 | 3826.14 | 10071.45 | 8726.60
409 | 0.07 | 7439.62 | 14230.55 | 6443.48 | 423.55 | 2117.77 | 8531.60 | 7889.78
398 | 0.07 | 7445.44 | 14669.40 | 6418.59 | 423.22 | 2116.11 | 8505.07 | 7893.95
425 | 0.12 | 8075.77 | 15150.07 | 6257.76 | 668.90 | 3344.48 | 9521.98 | 8561.50
417 | 0.07 | 7438.03 | 15834.92 | 6329.58 | 423.64 | 2118.22 | 8418.15 | 7888.65
428 | 0.06 | 7312.05 | 16284.87 | 6334.95 | 369.38 | 1846.90 | 8159.69 | 7729.57
421 | 0.08 | 7610.28 | 16739.21 | 6271.15 | 473.21 | 2366.03 | 8599.32 | 8070.48
410 | 0.12 | 8075.79 | 17275.39 | 6002.75 | 668.89 | 3344.47 | 9266.95 | 8561.52
415 | 0.15 | 8369.21 | 18080.90 | 5657.08 | 806.80 | 4034.02 | 9570.08 | 8829.80
394 | 0.09 | 7750.09 | 18912.50 | 6047.97 | 522.75 | 2613.77 | 8614.69 | 8219.80
399 | 0.06 | 7263.83 | 19459.87 | 6096.24 | 371.83 | 1859.16 | 7933.09 | 7693.62
423 | 0.10 | 7874.96 | 19848.18 | 5890.14 | 571.63 | 2858.14 | 8691.12 | 8350.81
418 | 0.06 | 7291.09 | 20456.67 | 6063.69 | 370.44 | 1852.21 | 7893.67 | 7713.92
414 | 0.12 | 8075.84 | 20852.11 | 5573.58 | 668.89 | 3344.46 | 8837.77 | 8561.54
403 | 0.09 | 7748.04 | 21593.66 | 5804.61 | 522.89 | 2614.46 | 8372.01 | 8218.44
416 | 0.07 | 7446.01 | 22138.46 | 5896.31 | 423.19 | 2115.95 | 7982.64 | 7894.36
396 | 0.10 | 7872.20 | 22577.58 | 5614.44 | 571.83 | 2859.14 | 8416.40 | 8349.05
Vehicle 11
Charging tour: 
449  -> 458  -> 447  -> 437  -> 446  -> 464  -> 453  -> 443  -> 433  -> 439  -> 434  -> 442  -> 455  -> 445  -> 436  -> 441  -> 440  -> 468  -> 438  -> 470  -> 444  -> 448  -> 450  -> 459  -> 467  -> 465  -> 456  -> 452  -> 461  -> 451  -> 462  -> 454  -> 469  -> 463  -> 435  -> 457  -> 466  -> 460  -> 
Charging time: 
310.82956062040085  + 258.8067761421211  + 416.38313782705734  + 279.1404138416363  + 246.0089716500215  + 292.77096217242894  + 284.4008099605447  + 307.6147724002878  + 376.0327239111055  + 808.845205518335  + 560.0821336956386  + 395.92057451007025  + 333.5871094983629  + 272.6535145648438  + 808.513024033708  + 772.6342410079293  + 578.3045340204787  + 438.6807879900905  + 539.8962374040364  + 269.9100249173855  + 270.73353229785164  + 501.51879648992485  + 384.5177059368172  + 250.7208141487883  + 570.6331972553728  + 361.2306350026959  + 519.6210407271042  + 574.5323266977323  + 692.7907916803543  + 446.4061668261977  + 412.6142588598875  + 915.4815388637838  + 481.64635797604734  + 856.3269984550119  + 788.2204331992162  + 266.2473580683377  + 416.20919592982835  + 430.14223574284  + 
total node:38/38
-------------------
Traveling energy: 2445.525777280277
Charging energy: 88453.04449922137
Total energy used: 90898.57027650165
-------------------
Total time for travel: 2445.525777280277
Total time for charging: 17690.608899844276
Charging round duration: 20136.13467712455
-------------------
ID | p | E0 | time_arrive | E_remain | time_charge | energy_charge| E_after_charge | E_after_cycle
449 | 0.09 | 9291.79 | 199.62 | 9273.83 | 310.83 | 1554.15 | 10800.00 | 8701.88
458 | 0.10 | 9594.34 | 624.93 | 9531.85 | 258.81 | 1294.03 | 10800.00 | 8506.08
447 | 0.11 | 8864.10 | 911.00 | 8763.89 | 416.38 | 2081.92 | 10800.00 | 8325.49
437 | 0.06 | 9501.55 | 1341.70 | 9421.05 | 279.14 | 1395.70 | 10800.00 | 9467.88
446 | 0.06 | 9683.92 | 1653.45 | 9584.72 | 246.01 | 1230.04 | 10800.00 | 9484.59
464 | 0.14 | 9658.20 | 2007.64 | 9377.13 | 292.77 | 1463.85 | 10800.00 | 7786.85
453 | 0.08 | 9590.95 | 2377.48 | 9400.75 | 284.40 | 1422.00 | 10800.00 | 9107.12
443 | 0.07 | 9472.63 | 2702.42 | 9283.46 | 307.61 | 1538.07 | 10800.00 | 9343.10
433 | 0.07 | 9163.08 | 3098.90 | 8946.16 | 376.03 | 1880.16 | 10800.00 | 9375.64
439 | 0.16 | 7444.07 | 3493.01 | 6885.19 | 808.85 | 4044.23 | 10800.00 | 7676.63
434 | 0.10 | 8491.60 | 4359.99 | 8055.60 | 560.08 | 2800.41 | 10800.00 | 8909.72
442 | 0.08 | 9250.18 | 4976.32 | 8852.07 | 395.92 | 1979.60 | 10800.00 | 9323.95
455 | 0.07 | 9533.43 | 5400.18 | 9155.42 | 333.59 | 1667.94 | 10800.00 | 9533.76
445 | 0.05 | 9737.61 | 5744.83 | 9450.37 | 272.65 | 1363.27 | 10800.00 | 9909.73
436 | 0.14 | 7727.40 | 6119.80 | 6870.63 | 808.51 | 4042.57 | 10800.00 | 8434.76
441 | 0.14 | 8022.18 | 6979.89 | 7045.00 | 772.63 | 3863.17 | 10800.00 | 8550.15
440 | 0.10 | 8745.31 | 7790.04 | 7966.31 | 578.30 | 2891.52 | 10800.00 | 9254.54
468 | 0.14 | 9847.11 | 8422.12 | 8668.01 | 438.68 | 2193.40 | 10800.00 | 8705.31
438 | 0.09 | 8869.10 | 8899.43 | 8068.15 | 539.90 | 2699.48 | 10719.04 | 9424.52
470 | 0.06 | 10035.10 | 9474.31 | 9466.64 | 269.91 | 1349.55 | 10800.00 | 9955.28
444 | 0.05 | 9825.97 | 9769.36 | 9337.50 | 270.73 | 1353.67 | 10677.63 | 9988.49
448 | 0.09 | 9246.04 | 10094.37 | 8337.54 | 501.52 | 2507.59 | 10800.00 | 9609.57
450 | 0.07 | 9650.24 | 10655.82 | 8904.33 | 384.52 | 1922.59 | 10800.00 | 9905.22
459 | 0.05 | 10112.73 | 11075.97 | 9558.93 | 250.72 | 1253.60 | 10800.00 | 10175.19
467 | 0.12 | 9386.20 | 11424.11 | 8015.31 | 570.63 | 2853.17 | 10800.00 | 9380.62
465 | 0.09 | 10113.52 | 12079.61 | 9026.36 | 361.23 | 1806.15 | 10800.00 | 9775.61
456 | 0.10 | 9505.15 | 12512.97 | 8253.86 | 519.62 | 2598.11 | 10800.00 | 9720.97
452 | 0.10 | 9260.47 | 13085.44 | 7951.92 | 574.53 | 2872.66 | 10767.13 | 9750.84
461 | 0.14 | 9348.84 | 13684.33 | 7433.04 | 692.79 | 3463.95 | 10800.00 | 9477.59
451 | 0.08 | 9534.70 | 14506.80 | 8374.16 | 446.41 | 2232.03 | 10570.48 | 9860.90
462 | 0.08 | 9970.77 | 15010.42 | 8769.94 | 412.61 | 2063.07 | 10800.00 | 10128.01
454 | 0.15 | 8692.43 | 15550.08 | 6359.91 | 915.48 | 4577.41 | 10800.00 | 9696.40
469 | 0.11 | 10269.34 | 16587.22 | 8444.75 | 481.65 | 2408.23 | 10800.00 | 10057.06
463 | 0.16 | 9387.63 | 17076.58 | 6655.38 | 856.33 | 4281.63 | 10800.00 | 9857.60
435 | 0.12 | 8099.92 | 17953.49 | 5945.50 | 788.22 | 3941.10 | 9792.02 | 9182.28
457 | 0.05 | 9991.53 | 18797.98 | 9051.63 | 266.25 | 1331.24 | 10369.56 | 10131.62
466 | 0.08 | 10226.47 | 19124.41 | 8696.51 | 416.21 | 2081.05 | 10744.26 | 10401.68
460 | 0.08 | 9895.21 | 19566.72 | 8329.88 | 430.14 | 2150.71 | 10446.18 | 10140.09
Vehicle 12
Charging tour: 
479  -> 485  -> 487  -> 480  -> 486  -> 472  -> 482  -> 498  -> 491  -> 471  -> 503  -> 505  -> 481  -> 484  -> 495  -> 493  -> 509  -> 476  -> 474  -> 500  -> 477  -> 504  -> 502  -> 499  -> 506  -> 483  -> 475  -> 507  -> 508  -> 488  -> 490  -> 496  -> 473  -> 478  -> 497  -> 501  -> 492  -> 494  -> 489  -> 
Charging time: 
498.6393536496505  + 399.94670999996055  + 450.08298149186953  + 448.12908672749535  + 336.62257075614315  + 505.06805061818926  + 341.6469881493314  + 502.9185270187382  + 399.7276532633497  + 546.2513342118548  + 678.0435941340457  + 546.1340504988931  + 443.72110489366065  + 449.0726285457216  + 347.83217324738035  + 637.2017331989009  + 1992.865803066321  + 397.41325894062  + 449.8848051072761  + 291.9066711805811  + 680.4942957812483  + 343.02378950064127  + 546.070092178534  + 507.93876128436676  + 397.22561573509256  + 498.87184932854024  + 498.45068845196755  + 640.8997765264081  + 1294.8890258514198  + 286.12770388661016  + 498.33371887184364  + 498.54398076255035  + 546.1595070678281  + 665.0274629998386  + 635.8536343839659  + 347.89779382829886  + 343.5489131410004  + 637.208355868156  + 505.06800118392965  + 
total node:39/39
-------------------
Traveling energy: 2038.3066575780383
Charging energy: 105173.71022666112
Total energy used: 107212.01688423916
-------------------
Total time for travel: 2038.3066575780383
Total time for charging: 21034.742045332223
Charging round duration: 23073.048702910262
-------------------
ID | p | E0 | time_arrive | E_remain | time_charge | energy_charge| E_after_charge | E_after_cycle
479 | 0.09 | 5963.49 | 153.30 | 5949.69 | 498.64 | 2493.20 | 8398.01 | 6312.62
485 | 0.07 | 5782.83 | 732.07 | 5731.58 | 399.95 | 1999.73 | 7703.32 | 6114.96
487 | 0.08 | 5872.75 | 1194.52 | 5777.19 | 450.08 | 2250.41 | 7991.60 | 6217.33
480 | 0.08 | 5898.36 | 1693.89 | 5762.85 | 448.13 | 2240.65 | 7967.64 | 6233.17
486 | 0.06 | 5889.14 | 2162.82 | 5759.38 | 336.62 | 1683.11 | 7422.29 | 6142.88
472 | 0.09 | 5887.58 | 2542.44 | 5658.76 | 505.07 | 2525.34 | 8138.64 | 6268.86
482 | 0.06 | 5802.54 | 3103.41 | 5616.33 | 341.65 | 1708.23 | 7304.07 | 6081.40
498 | 0.09 | 5912.74 | 3502.97 | 5597.48 | 502.92 | 2514.59 | 8066.81 | 6283.28
491 | 0.07 | 5785.99 | 4097.54 | 5499.17 | 399.73 | 1998.64 | 7469.82 | 6117.03
471 | 0.10 | 6048.56 | 4524.86 | 5596.07 | 546.25 | 2731.26 | 8272.70 | 6397.52
503 | 0.13 | 6334.76 | 5087.31 | 5673.41 | 678.04 | 3390.22 | 8975.48 | 6628.00
505 | 0.10 | 6049.85 | 5806.74 | 5469.18 | 546.13 | 2730.67 | 8145.24 | 6398.23
481 | 0.12 | 8935.43 | 6390.96 | 8168.51 | 443.72 | 2218.61 | 10333.87 | 8295.28
484 | 0.08 | 5885.96 | 6880.04 | 5335.56 | 449.07 | 2245.36 | 7545.00 | 6225.49
495 | 0.06 | 5699.35 | 7398.90 | 5255.42 | 347.83 | 1739.16 | 6973.71 | 6009.14
493 | 0.12 | 6222.26 | 7796.22 | 5286.72 | 637.20 | 3186.01 | 8396.26 | 6549.52
509 | 0.17 | 2611.93 | 8455.71 | 1174.46 | 1992.87 | 9964.33 | 10800.00 | 8526.36
476 | 0.07 | 5819.69 | 10495.78 | 5084.99 | 397.41 | 1987.07 | 7044.23 | 6139.15
474 | 0.08 | 5875.34 | 10902.94 | 5003.10 | 449.88 | 2249.42 | 7216.54 | 6218.93
500 | 0.05 | 5659.40 | 11362.53 | 5091.27 | 291.91 | 1459.53 | 6536.21 | 5927.79
477 | 0.13 | 6311.94 | 11696.54 | 4791.39 | 680.49 | 3402.47 | 8105.40 | 6617.44
504 | 0.06 | 5779.25 | 12381.95 | 5036.33 | 343.02 | 1715.12 | 6730.87 | 6064.99
502 | 0.10 | 6050.56 | 12792.59 | 4771.30 | 546.07 | 2730.35 | 7447.05 | 6398.62
499 | 0.09 | 5854.30 | 13356.53 | 4652.22 | 507.94 | 2539.69 | 7146.20 | 6249.94
506 | 0.07 | 5822.44 | 13930.00 | 4847.34 | 397.23 | 1986.13 | 6805.66 | 6140.96
483 | 0.09 | 5960.71 | 14346.49 | 4669.52 | 498.87 | 2494.36 | 7118.98 | 6311.00
475 | 0.09 | 5965.74 | 14950.57 | 4620.19 | 498.45 | 2492.25 | 7067.58 | 6313.93
507 | 0.14 | 7217.42 | 15541.25 | 5041.65 | 640.90 | 3204.50 | 8156.42 | 7086.71
508 | 0.11 | 2806.75 | 16200.12 | 1024.74 | 1294.89 | 6474.45 | 7356.75 | 6660.68
488 | 0.05 | 5773.70 | 17543.74 | 4896.51 | 286.13 | 1430.64 | 6312.85 | 6013.19
490 | 0.09 | 5967.14 | 17876.53 | 4358.25 | 498.33 | 2491.67 | 6805.07 | 6314.75
496 | 0.09 | 5964.63 | 18416.24 | 4307.16 | 498.54 | 2492.72 | 6755.02 | 6313.28
473 | 0.10 | 6049.57 | 19007.10 | 4148.86 | 546.16 | 2730.80 | 6825.04 | 6398.08
478 | 0.13 | 6458.74 | 19590.72 | 3911.95 | 665.03 | 3325.14 | 7150.63 | 6686.90
497 | 0.12 | 6235.46 | 20286.73 | 3801.05 | 635.85 | 3179.27 | 6904.01 | 6555.98
501 | 0.06 | 5698.28 | 20949.52 | 4441.31 | 347.90 | 1739.49 | 6159.92 | 6008.39
492 | 0.06 | 5770.41 | 21364.46 | 4488.54 | 343.55 | 1717.74 | 6185.68 | 6058.78
494 | 0.12 | 6222.20 | 21750.00 | 3612.20 | 637.21 | 3186.04 | 6721.78 | 6549.49
489 | 0.09 | 5887.58 | 22442.48 | 3867.76 | 505.07 | 2525.34 | 6347.64 | 6268.86
Vehicle 13
Charging tour: 
510  -> 515  -> 514  -> 529  -> 511  -> 512  -> 513  -> 523  -> 525  -> 518  -> 522  -> 532  -> 528  -> 524  -> 531  -> 519  -> 541  -> 539  -> 530  -> 535  -> 516  -> 534  -> 517  -> 527  -> 521  -> 536  -> 533  -> 540  -> 538  -> 526  -> 537  -> 520  -> 
Charging time: 
622.0096626604573  + 436.73371007125417  + 545.2498651706857  + 274.0305060596954  + 506.7024344192989  + 765.2973197440616  + 564.5742779764975  + 386.7097584984951  + 374.2983332377356  + 547.7974879242756  + 518.9287818656799  + 260.1147473367809  + 589.0536004922857  + 433.6823680236719  + 246.72672247831508  + 552.2008927170327  + 173.456820551125  + 294.1291065784842  + 358.2694448511741  + 248.21153056761912  + 432.0985512669483  + 395.21999461803847  + 878.8560824657325  + 543.2411147242326  + 495.01288719643713  + 283.1643320506366  + 454.50301998144266  + 318.75220865970846  + 287.4514467354087  + 483.3193172303184  + 302.3959219863857  + 830.7121711344935  + 
total node:32/32
-------------------
Traveling energy: 2028.5135315247703
Charging energy: 72014.52209637206
Total energy used: 74043.03562789684
-------------------
Total time for travel: 2028.5135315247703
Total time for charging: 14402.904419274413
Charging round duration: 16431.417950799183
-------------------
ID | p | E0 | time_arrive | E_remain | time_charge | energy_charge| E_after_charge | E_after_cycle
510 | 0.13 | 7796.41 | 196.88 | 7770.81 | 622.01 | 3110.05 | 10800.00 | 7809.48
515 | 0.10 | 8744.20 | 841.98 | 8660.00 | 436.73 | 2183.67 | 10800.00 | 8545.58
514 | 0.12 | 8298.81 | 1330.25 | 8139.18 | 545.25 | 2726.25 | 10800.00 | 8166.31
529 | 0.09 | 9625.79 | 1903.12 | 9454.51 | 274.03 | 1370.15 | 10800.00 | 8851.88
511 | 0.10 | 8541.48 | 2243.21 | 8317.16 | 506.70 | 2533.51 | 10800.00 | 8692.70
512 | 0.15 | 7516.66 | 2855.69 | 7088.31 | 765.30 | 3826.49 | 10800.00 | 7769.71
513 | 0.11 | 8440.76 | 3650.30 | 8039.23 | 564.57 | 2822.87 | 10800.00 | 8643.12
523 | 0.09 | 9287.46 | 4291.13 | 8901.26 | 386.71 | 1933.55 | 10800.00 | 9076.94
525 | 0.09 | 9392.58 | 4782.00 | 8962.20 | 374.30 | 1871.49 | 10800.00 | 9120.01
518 | 0.11 | 8698.55 | 5248.02 | 8121.27 | 547.80 | 2738.99 | 10800.00 | 8817.02
522 | 0.11 | 8908.14 | 5869.98 | 8262.44 | 518.93 | 2594.64 | 10800.00 | 8882.26
532 | 0.07 | 9966.84 | 6417.22 | 9517.63 | 260.11 | 1300.57 | 10800.00 | 9599.81
528 | 0.14 | 8881.36 | 6744.01 | 7937.20 | 589.05 | 2945.27 | 10800.00 | 8491.42
524 | 0.09 | 9342.31 | 7463.25 | 8670.62 | 433.68 | 2168.41 | 10800.00 | 9366.66
531 | 0.06 | 10061.20 | 8000.58 | 9581.17 | 246.73 | 1233.63 | 10800.00 | 9865.46
519 | 0.10 | 8920.90 | 8266.85 | 8094.22 | 552.20 | 2761.00 | 10800.00 | 9299.62
541 | 0.05 | 10385.59 | 8884.05 | 9941.39 | 173.46 | 867.28 | 10800.00 | 10061.73
539 | 0.08 | 10083.82 | 9136.65 | 9352.88 | 294.13 | 1470.65 | 10800.00 | 9648.63
530 | 0.08 | 9794.37 | 9463.21 | 9037.31 | 358.27 | 1791.35 | 10800.00 | 9679.89
535 | 0.06 | 10165.30 | 9857.72 | 9573.84 | 248.21 | 1241.06 | 10800.00 | 9976.98
516 | 0.07 | 9378.41 | 10123.60 | 8669.75 | 432.10 | 2160.49 | 10800.00 | 9871.30
534 | 0.09 | 9810.52 | 10567.19 | 8859.47 | 395.22 | 1976.10 | 10800.00 | 9642.56
517 | 0.14 | 8072.50 | 11026.73 | 6528.76 | 878.86 | 4394.28 | 10800.00 | 9131.58
527 | 0.10 | 9333.48 | 11953.62 | 8138.12 | 543.24 | 2716.21 | 10800.00 | 9667.40
521 | 0.08 | 9367.07 | 12531.69 | 8364.54 | 495.01 | 2475.06 | 10800.00 | 9936.30
536 | 0.06 | 10186.56 | 13089.92 | 9401.17 | 283.16 | 1415.82 | 10800.00 | 10173.01
533 | 0.09 | 9772.72 | 13381.49 | 8568.39 | 454.50 | 2272.52 | 10800.00 | 9901.18
540 | 0.07 | 10198.76 | 13860.05 | 9228.55 | 318.75 | 1593.76 | 10800.00 | 10124.91
538 | 0.06 | 10232.67 | 14211.34 | 9379.99 | 287.45 | 1437.26 | 10800.00 | 10240.55
526 | 0.08 | 9585.88 | 14547.63 | 8422.07 | 483.32 | 2416.60 | 10800.00 | 10096.64
537 | 0.06 | 10212.57 | 15106.75 | 9306.16 | 302.40 | 1511.98 | 10800.00 | 10295.17
520 | 0.12 | 8602.86 | 15472.83 | 6746.12 | 830.71 | 4153.56 | 10800.00 | 9897.68
Vehicle 14
Charging tour: 
552  -> 551  -> 546  -> 548  -> 544  -> 571  -> 558  -> 567  -> 545  -> 578  -> 543  -> 572  -> 562  -> 553  -> 550  -> 564  -> 555  -> 557  -> 576  -> 549  -> 566  -> 563  -> 565  -> 556  -> 569  -> 570  -> 547  -> 568  -> 580  -> 561  -> 573  -> 575  -> 577  -> 560  -> 579  -> 559  -> 574  -> 581  -> 542  -> 554  -> 
Charging time: 
263.1399769057485  + 292.87073838941865  + 277.3836412354399  + 594.4093022444024  + 346.0182565291283  + 258.2719863192143  + 476.24592257194183  + 349.3786751935793  + 365.0122905500272  + 232.93807907018586  + 321.1638516254498  + 267.63763627106056  + 626.0587844129768  + 404.50589987632134  + 316.1195861445762  + 420.5398506939962  + 414.85922891507005  + 551.4706794539063  + 422.9877759662868  + 268.3395120983877  + 505.01879515248476  + 330.4817248488084  + 454.2351424434543  + 982.8802637276854  + 648.8852180632495  + 366.6989346535919  + 266.8883653568279  + 566.8696463913324  + 559.7601985255586  + 740.1685030844968  + 480.34837254933666  + 686.6704740970364  + 434.6792057114448  + 679.6853675178296  + 671.1178572863922  + 365.9317910019302  + 668.3488568621051  + 420.65436643326325  + 321.82327697252623  + 956.1498500120795  + 
total node:40/40
-------------------
Traveling energy: 2043.5528219791322
Charging energy: 92883.23942579277
Total energy used: 94926.7922477719
-------------------
Total time for travel: 2043.5528219791322
Total time for charging: 18576.647885158553
Charging round duration: 20620.200707137687
-------------------
ID | p | E0 | time_arrive | E_remain | time_charge | energy_charge| E_after_charge | E_after_cycle
552 | 0.05 | 9501.99 | 90.64 | 9497.46 | 263.14 | 1315.70 | 10800.00 | 9626.54
551 | 0.07 | 9382.79 | 380.60 | 9356.15 | 292.87 | 1464.35 | 10800.00 | 9179.54
546 | 0.06 | 9472.02 | 705.00 | 9429.72 | 277.38 | 1386.92 | 10800.00 | 9429.57
548 | 0.13 | 8036.58 | 1010.38 | 7905.23 | 594.41 | 2972.05 | 10800.00 | 7911.65
544 | 0.07 | 9207.37 | 1617.66 | 9094.13 | 346.02 | 1730.09 | 10800.00 | 9269.85
571 | 0.06 | 9648.03 | 2064.93 | 9524.14 | 258.27 | 1291.36 | 10800.00 | 9510.02
558 | 0.12 | 8758.49 | 2354.72 | 8475.92 | 476.25 | 2381.23 | 10800.00 | 8280.97
567 | 0.12 | 9442.85 | 2898.45 | 9095.03 | 349.38 | 1746.89 | 10800.00 | 8330.99
545 | 0.07 | 9228.65 | 3259.40 | 9000.49 | 365.01 | 1825.06 | 10800.00 | 9386.11
578 | 0.07 | 9907.99 | 3662.53 | 9651.62 | 232.94 | 1164.69 | 10800.00 | 9405.08
543 | 0.06 | 9413.84 | 3939.94 | 9177.44 | 321.16 | 1605.82 | 10763.99 | 9590.29
572 | 0.05 | 9413.80 | 4284.67 | 9199.57 | 267.64 | 1338.19 | 10524.37 | 9560.84
562 | 0.16 | 8507.52 | 4610.30 | 7769.88 | 626.06 | 3130.29 | 10800.00 | 7826.15
553 | 0.08 | 9230.10 | 5253.39 | 8809.83 | 404.51 | 2022.53 | 10800.00 | 9346.80
550 | 0.06 | 9564.06 | 5696.80 | 9222.25 | 316.12 | 1580.60 | 10783.88 | 9715.28
564 | 0.09 | 9279.29 | 6045.98 | 8735.15 | 420.54 | 2102.70 | 10800.00 | 9237.93
555 | 0.08 | 9284.52 | 6570.40 | 8758.89 | 414.86 | 2074.30 | 10800.00 | 9452.99
557 | 0.11 | 8876.12 | 7025.59 | 8103.31 | 551.47 | 2757.35 | 10800.00 | 9012.96
576 | 0.10 | 9487.96 | 7606.02 | 8727.36 | 422.99 | 2114.94 | 10800.00 | 9220.61
549 | 0.05 | 9389.18 | 8074.94 | 8985.43 | 268.34 | 1341.70 | 10313.71 | 9539.73
566 | 0.12 | 9349.43 | 8449.38 | 8335.51 | 505.02 | 2525.09 | 10800.00 | 9015.78
563 | 0.07 | 9805.22 | 9064.15 | 9170.73 | 330.48 | 1652.41 | 10800.00 | 9790.02
565 | 0.10 | 9515.10 | 9408.52 | 8574.25 | 454.24 | 2271.18 | 10800.00 | 9403.98
556 | 0.17 | 7734.05 | 9890.35 | 6052.69 | 982.88 | 4914.40 | 10800.00 | 8598.56
569 | 0.15 | 9286.27 | 10889.08 | 7652.91 | 648.89 | 3244.43 | 10800.00 | 8957.26
570 | 0.07 | 9619.02 | 11636.64 | 8804.45 | 366.70 | 1833.49 | 10612.28 | 9784.91
547 | 0.05 | 9440.23 | 12031.40 | 8838.66 | 266.89 | 1334.44 | 10159.76 | 9583.53
568 | 0.12 | 9519.25 | 12379.79 | 8033.68 | 566.87 | 2834.35 | 10800.00 | 9494.85
580 | 0.14 | 9901.53 | 13014.00 | 8079.57 | 559.76 | 2798.80 | 10800.00 | 9365.12
561 | 0.13 | 8850.24 | 13619.15 | 7079.75 | 740.17 | 3700.84 | 10684.37 | 9454.10
573 | 0.09 | 9441.23 | 14391.34 | 8146.01 | 480.35 | 2401.74 | 10504.52 | 9698.91
575 | 0.15 | 9700.53 | 14872.56 | 7469.65 | 686.67 | 3433.35 | 10800.00 | 9560.45
577 | 0.09 | 10069.55 | 15598.11 | 8665.73 | 434.68 | 2173.40 | 10800.00 | 10098.89
560 | 0.12 | 8896.43 | 16079.05 | 6966.94 | 679.69 | 3398.43 | 10283.80 | 9436.10
579 | 0.14 | 9897.18 | 16848.65 | 7538.37 | 671.12 | 3355.59 | 10800.00 | 9917.56
559 | 0.07 | 9639.18 | 17587.42 | 8408.06 | 365.93 | 1829.66 | 10212.11 | 9801.24
574 | 0.13 | 9801.27 | 18000.08 | 7461.26 | 668.35 | 3341.74 | 10716.12 | 10046.04
581 | 0.08 | 9583.12 | 18727.49 | 8084.92 | 420.65 | 2103.27 | 10154.54 | 9780.56
542 | 0.06 | 9394.55 | 19206.78 | 8242.14 | 321.82 | 1609.12 | 9831.95 | 9574.29
554 | 0.15 | 7905.10 | 19532.38 | 4975.25 | 956.15 | 4780.75 | 9612.57 | 9112.42
Vehicle 15
Charging tour: 
598  -> 596  -> 603  -> 590  -> 592  -> 591  -> 602  -> 585  -> 587  -> 594  -> 595  -> 605  -> 604  -> 582  -> 589  -> 588  -> 597  -> 615  -> 583  -> 612  -> 593  -> 586  -> 617  -> 606  -> 600  -> 601  -> 613  -> 607  -> 614  -> 611  -> 609  -> 608  -> 616  -> 618  -> 621  -> 619  -> 599  -> 610  -> 584  -> 620  -> 
Charging time: 
415.45504418584335  + 561.5031764518086  + 415.85062264036765  + 313.0614179039022  + 464.5402216393888  + 464.0776334079266  + 1151.6230327777484  + 561.4170361532033  + 657.9495816052521  + 561.4564149654153  + 464.4856760398345  + 312.0604580248015  + 604.6019118923234  + 366.5457756788714  + 657.9454461301312  + 512.8730179857417  + 414.008843678277  + 647.7180337763116  + 415.61766920811385  + 649.2939716811593  + 364.8058970671014  + 606.6576520626877  + 705.9225521679525  + 415.7353677705388  + 512.9197451266741  + 609.7313348168137  + 464.48601280945934  + 464.4288306200228  + 561.3995923144859  + 364.82595616827643  + 558.9380206206565  + 308.71508306900466  + 561.3976101871846  + 657.9474881837028  + 464.5466758618237  + 657.1905058694722  + 583.2610891838182  + 464.3918437196628  + 712.8252013555203  + 513.0425683101557  + 
total node:40/40
-------------------
Traveling energy: 2051.7249829957555
Charging energy: 105826.2700655572
Total energy used: 107877.99504855296
-------------------
Total time for travel: 2051.7249829957555
Total time for charging: 21165.25401311144
Charging round duration: 23216.978996107195
-------------------
ID | p | E0 | time_arrive | E_remain | time_charge | energy_charge| E_after_charge | E_after_cycle
598 | 0.08 | 5723.67 | 185.91 | 5708.79 | 415.46 | 2077.28 | 7752.83 | 5895.11
596 | 0.11 | 5823.03 | 636.64 | 5753.00 | 561.50 | 2807.52 | 8498.75 | 6010.02
603 | 0.08 | 5718.22 | 1236.31 | 5619.32 | 415.85 | 2079.25 | 7665.30 | 5891.64
590 | 0.06 | 5696.79 | 1718.69 | 5593.67 | 313.06 | 1565.31 | 7140.19 | 5832.72
592 | 0.09 | 5758.74 | 2067.54 | 5572.66 | 464.54 | 2322.70 | 7853.56 | 5937.38
591 | 0.09 | 5764.48 | 2579.19 | 5532.36 | 464.08 | 2320.39 | 7810.98 | 5940.81
602 | 0.24 | 6066.02 | 3115.59 | 5318.27 | 1151.62 | 5758.12 | 10800.00 | 6106.63
585 | 0.11 | 5823.92 | 4317.25 | 5349.02 | 561.42 | 2807.09 | 8094.35 | 6010.49
587 | 0.13 | 5872.99 | 4947.84 | 5229.77 | 657.95 | 3289.75 | 8433.98 | 6065.76
594 | 0.11 | 5823.51 | 5638.39 | 5203.29 | 561.46 | 2807.28 | 7948.81 | 6010.28
595 | 0.09 | 5759.42 | 6221.09 | 5199.52 | 464.49 | 2322.43 | 7480.15 | 5937.79
605 | 0.06 | 5715.06 | 6705.36 | 5312.74 | 312.06 | 1560.30 | 6854.32 | 5845.99
604 | 0.12 | 5899.57 | 7042.92 | 5054.42 | 604.60 | 3023.01 | 8004.87 | 6063.83
582 | 0.07 | 5676.47 | 7698.74 | 5137.56 | 366.55 | 1832.73 | 6944.63 | 5841.59
589 | 0.13 | 5873.03 | 8120.33 | 4817.38 | 657.95 | 3289.73 | 8021.58 | 6065.78
588 | 0.10 | 5795.60 | 8803.21 | 4915.28 | 512.87 | 2564.37 | 7428.36 | 5977.68
597 | 0.08 | 5743.66 | 9352.64 | 4995.45 | 414.01 | 2070.04 | 7032.37 | 5907.87
615 | 0.13 | 5965.76 | 9804.38 | 4691.19 | 647.72 | 3238.59 | 7845.58 | 6107.37
583 | 0.08 | 5721.43 | 10470.70 | 4883.77 | 415.62 | 2078.09 | 6928.61 | 5893.68
612 | 0.13 | 5951.28 | 10962.21 | 4526.19 | 649.29 | 3246.47 | 7688.25 | 6100.77
593 | 0.07 | 5703.54 | 11615.60 | 4890.45 | 364.81 | 1824.03 | 6688.94 | 5859.97
586 | 0.12 | 5879.58 | 12074.56 | 4430.63 | 606.66 | 3033.29 | 7391.12 | 6054.12
617 | 0.14 | 5894.94 | 12692.45 | 4118.00 | 705.92 | 3529.61 | 7548.78 | 6089.35
606 | 0.08 | 5719.81 | 13417.06 | 4646.44 | 415.74 | 2078.68 | 6691.86 | 5892.65
600 | 0.10 | 5795.07 | 13853.07 | 4409.77 | 512.92 | 2564.60 | 6923.07 | 5977.38
601 | 0.12 | 5849.94 | 14422.11 | 4119.28 | 609.73 | 3048.66 | 7094.77 | 6039.85
613 | 0.09 | 5759.41 | 15102.00 | 4400.23 | 464.49 | 2322.43 | 6680.86 | 5937.78
607 | 0.09 | 5760.12 | 15648.32 | 4351.77 | 464.43 | 2322.14 | 6632.12 | 5938.21
614 | 0.11 | 5824.10 | 16188.39 | 4043.38 | 561.40 | 2807.00 | 6788.62 | 6010.58
611 | 0.07 | 5703.23 | 16763.53 | 4529.78 | 364.83 | 1824.13 | 6328.37 | 5859.75
609 | 0.11 | 5849.75 | 17178.42 | 3960.13 | 558.94 | 2794.69 | 6693.33 | 6023.92
608 | 0.06 | 5776.99 | 17764.65 | 4711.11 | 308.72 | 1543.58 | 6236.17 | 5891.19
616 | 0.11 | 5824.12 | 18140.37 | 3828.68 | 561.40 | 2806.99 | 6573.92 | 6010.59
618 | 0.13 | 5873.01 | 18749.48 | 3435.57 | 657.95 | 3289.74 | 6639.78 | 6065.77
621 | 0.09 | 5758.66 | 19477.91 | 4005.65 | 464.55 | 2322.73 | 6286.57 | 5937.33
619 | 0.13 | 5879.77 | 20016.10 | 3277.68 | 657.19 | 3285.95 | 6478.20 | 6068.75
599 | 0.15 | 7644.28 | 20738.38 | 4533.52 | 583.26 | 2916.31 | 7362.34 | 6987.15
610 | 0.09 | 5760.58 | 21354.86 | 3838.64 | 464.39 | 2321.96 | 6118.81 | 5938.48
584 | 0.15 | 6254.85 | 21852.99 | 2976.90 | 712.83 | 3564.13 | 6434.10 | 6245.54
620 | 0.10 | 5793.69 | 22679.04 | 3525.78 | 513.04 | 2565.21 | 6039.69 | 5976.61
Vehicle 16
Charging tour: 
642  -> 623  -> 640  -> 630  -> 625  -> 631  -> 624  -> 636  -> 622  -> 646  -> 627  -> 629  -> 638  -> 645  -> 635  -> 632  -> 626  -> 628  -> 641  -> 633  -> 637  -> 644  -> 634  -> 648  -> 639  -> 647  -> 643  -> 
Charging time: 
135.9787709898048  + 518.522121073134  + 339.5999661855499  + 591.4512422388002  + 582.6027808001824  + 612.6132785606593  + 468.1344483592891  + 455.5268021243027  + 337.1856576262768  + 291.09406452575973  + 368.0940848946418  + 415.62032903914223  + 437.2239815866821  + 487.1363103657038  + 394.56177159945656  + 316.17439153307845  + 594.9236033441526  + 650.6381319916724  + 375.62765874217655  + 337.74771415618255  + 585.1435735050993  + 520.4430205744569  + 529.019397991571  + 224.20373985433238  + 437.3739259468867  + 235.73565424705464  + 422.13857306567263  + 
total node:27/27
-------------------
Traveling energy: 1874.5829378034923
Charging energy: 58322.57497460864
Total energy used: 60197.15791241213
-------------------
Total time for travel: 1874.5829378034923
Total time for charging: 11664.514994921727
Charging round duration: 13539.097932725219
-------------------
ID | p | E0 | time_arrive | E_remain | time_charge | energy_charge| E_after_charge | E_after_cycle
642 | 0.05 | 10132.99 | 121.76 | 10126.91 | 135.98 | 679.89 | 10800.00 | 9621.74
623 | 0.11 | 8301.33 | 335.45 | 8264.43 | 518.52 | 2592.61 | 10800.00 | 8273.42
640 | 0.11 | 9245.74 | 967.16 | 9139.36 | 339.60 | 1698.00 | 10800.00 | 8323.22
630 | 0.14 | 8115.88 | 1359.53 | 7925.55 | 591.45 | 2957.26 | 10800.00 | 7737.93
625 | 0.12 | 8196.50 | 1996.66 | 7956.90 | 582.60 | 2913.01 | 10800.00 | 8250.76
631 | 0.14 | 8190.90 | 2629.97 | 7822.70 | 612.61 | 3063.07 | 10800.00 | 7918.76
624 | 0.09 | 8797.58 | 3290.18 | 8501.46 | 468.13 | 2340.67 | 10800.00 | 8994.19
636 | 0.11 | 8994.70 | 3838.44 | 8572.47 | 455.53 | 2277.63 | 10800.00 | 8651.82
622 | 0.06 | 9397.85 | 4392.44 | 9134.30 | 337.19 | 1685.93 | 10800.00 | 9654.40
646 | 0.09 | 9804.26 | 4816.97 | 9370.73 | 291.09 | 1455.47 | 10800.00 | 9115.66
627 | 0.07 | 9348.62 | 5190.30 | 8985.30 | 368.09 | 1840.47 | 10800.00 | 9521.48
629 | 0.08 | 9207.58 | 5655.43 | 8755.15 | 415.62 | 2078.10 | 10800.00 | 9379.85
638 | 0.10 | 9274.85 | 6172.48 | 8657.60 | 437.22 | 2186.12 | 10800.00 | 9078.68
645 | 0.13 | 9292.16 | 6650.07 | 8427.65 | 487.14 | 2435.68 | 10800.00 | 8630.86
635 | 0.08 | 9433.03 | 7178.42 | 8858.76 | 394.56 | 1972.81 | 10800.00 | 9500.01
632 | 0.06 | 9697.48 | 7656.29 | 9238.10 | 316.17 | 1580.87 | 10800.00 | 9848.97
626 | 0.10 | 8687.65 | 8027.76 | 7884.87 | 594.92 | 2974.62 | 10800.00 | 9279.98
628 | 0.11 | 8574.69 | 8693.72 | 7618.38 | 650.64 | 3253.19 | 10800.00 | 9207.36
641 | 0.08 | 9704.28 | 9404.59 | 8951.91 | 375.63 | 1878.14 | 10800.00 | 9676.58
633 | 0.06 | 9719.97 | 9807.44 | 9131.53 | 337.75 | 1688.74 | 10800.00 | 9979.34
637 | 0.11 | 9058.98 | 10184.87 | 7938.65 | 585.14 | 2925.72 | 10800.00 | 9364.18
644 | 0.11 | 9446.21 | 10828.85 | 8255.03 | 520.44 | 2602.22 | 10800.00 | 9427.90
634 | 0.09 | 9228.04 | 11394.75 | 8202.51 | 529.02 | 2645.10 | 10800.00 | 9729.08
648 | 0.05 | 10286.82 | 11932.52 | 9690.19 | 224.20 | 1121.02 | 10800.00 | 10216.69
639 | 0.08 | 9624.32 | 12202.51 | 8648.12 | 437.37 | 2186.87 | 10800.00 | 9905.36
647 | 0.05 | 10266.52 | 12668.19 | 9633.11 | 235.74 | 1178.68 | 10800.00 | 10254.05
643 | 0.08 | 9762.12 | 12988.02 | 8723.08 | 422.14 | 2110.69 | 10800.00 | 9966.98
Vehicle 17
Charging tour: 
652  -> 655  -> 657  -> 682  -> 668  -> 666  -> 672  -> 664  -> 654  -> 659  -> 681  -> 663  -> 678  -> 656  -> 673  -> 685  -> 667  -> 686  -> 660  -> 679  -> 684  -> 649  -> 651  -> 675  -> 653  -> 671  -> 674  -> 677  -> 669  -> 662  -> 676  -> 683  -> 658  -> 680  -> 665  -> 661  -> 670  -> 
Charging time: 
593.1041530241308  + 697.6329754659608  + 540.8079079186776  + 436.10136459056315  + 435.3235158230524  + 540.03608798152  + 269.36156581179586  + 749.5382963521891  + 261.0863933039822  + 540.0594199651839  + 277.34535940117325  + 645.5528152284475  + 436.01715196625776  + 697.5998804323214  + 541.0034499400904  + 852.624010715463  + 749.5949722877317  + 491.00919064144574  + 645.3922269788343  + 645.3560477902898  + 852.5638864250586  + 376.2090561860495  + 749.5892870862208  + 380.9508491947884  + 432.5648789152814  + 378.60460564663737  + 801.0745190279048  + 267.1155478738984  + 645.4784015662092  + 380.4899814336408  + 852.7110343606142  + 645.6132618275144  + 645.5621169967825  + 856.2050277491464  + 749.5667159540726  + 697.5898977047683  + 432.8671008170164  + 
total node:37/39
-------------------
Traveling energy: 2053.485228076432
Charging energy: 105946.5147719236
Total energy used: 108000.00000000003
-------------------
Total time for travel: 2053.485228076432
Total time for charging: 21189.30295438472
Charging round duration: 23242.78818246115
-------------------
ID | p | E0 | time_arrive | E_remain | time_charge | energy_charge| E_after_charge | E_after_cycle
652 | 0.11 | 6894.12 | 41.81 | 6889.52 | 593.10 | 2965.52 | 9789.80 | 7239.12
655 | 0.13 | 6926.81 | 691.42 | 6836.93 | 697.63 | 3488.16 | 10234.40 | 7318.00
657 | 0.10 | 6873.44 | 1467.09 | 6726.73 | 540.81 | 2704.04 | 9376.69 | 7195.19
682 | 0.08 | 6818.98 | 2097.58 | 6651.18 | 436.10 | 2180.51 | 8796.79 | 7093.66
668 | 0.08 | 6831.17 | 2590.37 | 6623.94 | 435.32 | 2176.62 | 8765.73 | 7101.95
666 | 0.10 | 6883.26 | 3060.93 | 6577.17 | 540.04 | 2700.18 | 9223.34 | 7201.15
672 | 0.05 | 6900.04 | 3653.77 | 6717.35 | 269.36 | 1346.81 | 8050.69 | 7055.70
664 | 0.14 | 6943.06 | 3983.01 | 6385.44 | 749.54 | 3747.69 | 10028.20 | 7355.55
654 | 0.05 | 7118.73 | 4764.28 | 6880.52 | 261.09 | 1305.43 | 8172.90 | 7233.02
659 | 0.10 | 6882.96 | 5060.99 | 6376.86 | 540.06 | 2700.30 | 9023.15 | 7200.97
681 | 0.05 | 6701.41 | 5694.72 | 6416.67 | 277.35 | 1386.73 | 7789.53 | 6896.99
663 | 0.12 | 6909.82 | 6064.25 | 6182.11 | 645.55 | 3227.76 | 9332.40 | 7278.83
678 | 0.08 | 6820.30 | 6777.79 | 6278.07 | 436.02 | 2180.09 | 8423.28 | 7094.55
656 | 0.13 | 6927.14 | 7235.00 | 5986.59 | 697.60 | 3488.00 | 9383.90 | 7318.16
673 | 0.10 | 6870.95 | 7952.72 | 6075.68 | 541.00 | 2705.02 | 8726.60 | 7193.68
685 | 0.18 | 7847.51 | 8527.34 | 6312.59 | 852.62 | 4263.12 | 10422.24 | 7822.51
667 | 0.14 | 6942.54 | 9423.80 | 5623.21 | 749.59 | 3747.97 | 9266.24 | 7355.31
686 | 0.09 | 6813.49 | 10234.14 | 5892.42 | 491.01 | 2455.05 | 8303.28 | 7124.48
660 | 0.12 | 6911.53 | 10755.33 | 5620.89 | 645.39 | 3226.96 | 8770.41 | 7279.75
679 | 0.12 | 6911.92 | 11439.86 | 5539.14 | 645.36 | 3226.78 | 8688.48 | 7279.95
684 | 0.16 | 6976.06 | 12149.53 | 5032.13 | 852.56 | 4262.82 | 9158.54 | 7427.21
649 | 0.07 | 6916.49 | 13074.16 | 6001.30 | 376.21 | 1881.05 | 7856.01 | 7129.93
651 | 0.14 | 6942.59 | 13488.93 | 5054.14 | 749.59 | 3747.95 | 8697.14 | 7355.33
675 | 0.07 | 6830.40 | 14274.46 | 5831.19 | 380.95 | 1904.75 | 7709.27 | 7067.55
653 | 0.08 | 6874.73 | 14705.21 | 5698.31 | 432.56 | 2162.82 | 7826.53 | 7131.72
671 | 0.07 | 6872.73 | 15164.96 | 5811.18 | 378.60 | 1893.02 | 7677.70 | 7098.15
674 | 0.15 | 6960.42 | 15625.33 | 4616.62 | 801.07 | 4005.37 | 8501.83 | 7392.35
677 | 0.05 | 6958.05 | 16449.42 | 6135.58 | 267.12 | 1335.58 | 7457.81 | 7102.49
669 | 0.12 | 6910.61 | 16823.72 | 4891.77 | 645.48 | 3227.39 | 8041.70 | 7279.26
662 | 0.07 | 6838.67 | 17499.58 | 5613.70 | 380.49 | 1902.45 | 7489.52 | 7073.52
676 | 0.16 | 6974.85 | 17898.12 | 4111.15 | 852.71 | 4263.56 | 8238.28 | 7426.74
683 | 0.12 | 6909.17 | 18802.63 | 4652.85 | 645.61 | 3228.07 | 7803.45 | 7278.49
658 | 0.12 | 6909.72 | 19493.26 | 4570.52 | 645.56 | 3227.81 | 7720.87 | 7278.78
680 | 0.17 | 7380.54 | 20158.56 | 3953.58 | 856.21 | 4281.03 | 8089.05 | 7611.67
665 | 0.14 | 6942.80 | 21065.01 | 3993.70 | 749.57 | 3747.83 | 7636.59 | 7355.43
661 | 0.13 | 6927.24 | 21922.21 | 4077.35 | 697.59 | 3487.95 | 7474.61 | 7318.21
670 | 0.08 | 6869.93 | 22659.70 | 5057.16 | 432.87 | 2164.34 | 7186.86 | 7128.43
650 | 0.18 | 6729.97 | 2441.85
[91m687 | 0.19 | 1744.98 | -2781.38[00m
Vehicle 18
Charging tour: 
694  -> 716  -> 698  -> 689  -> 692  -> 697  -> 704  -> 709  -> 711  -> 696  -> 712  -> 702  -> 688  -> 718  -> 710  -> 701  -> 713  -> 717  -> 705  -> 724  -> 722  -> 700  -> 708  -> 720  -> 703  -> 714  -> 715  -> 725  -> 729  -> 695  -> 699  -> 706  -> 691  -> 707  -> 726  -> 690  -> 727  -> 721  -> 693  -> 723  -> 719  -> 728  -> 
Charging time: 
546.6965484395799  + 497.3108595179337  + 546.8756133028315  + 292.4297482719106  + 644.4426353833506  + 628.1633972316653  + 351.1651715179583  + 237.47108903501234  + 346.79210953578337  + 448.4163716881984  + 398.9034573692662  + 595.5099909132176  + 448.5933114137245  + 644.4567583509709  + 399.75357848090624  + 498.1529344132493  + 595.5463182173556  + 352.44409150308496  + 346.90950578293047  + 644.4494370964989  + 400.6726292589162  + 397.43083836353964  + 595.5270108564296  + 644.5874345142995  + 301.5901405189007  + 693.6196645643745  + 644.4469688031033  + 303.1637584857607  + 1297.3585228080844  + 401.3012244554874  + 352.7335203642347  + 644.1857065759021  + 678.1173679280859  + 304.1502685136923  + 253.80805695035593  + 254.0033398896964  + 727.7694576577964  + 595.6474376100923  + 595.478304136276  + 595.5447751793371  + 352.08590789922516  + 644.4406212607893  + 
total node:42/42
-------------------
Traveling energy: 2289.2705797009194
Charging energy: 105710.72942029902
Total energy used: 107999.99999999994
-------------------
Total time for travel: 2289.2705797009194
Total time for charging: 21142.145884059802
Charging round duration: 23431.41646376072
-------------------
ID | p | E0 | time_arrive | E_remain | time_charge | energy_charge| E_after_charge | E_after_cycle
694 | 0.11 | 6376.51 | 34.40 | 6372.72 | 546.70 | 2733.48 | 9046.07 | 6489.47
716 | 0.10 | 6372.48 | 706.89 | 6301.79 | 497.31 | 2486.55 | 8738.61 | 6476.74
698 | 0.11 | 6374.42 | 1237.51 | 6238.29 | 546.88 | 2734.38 | 8912.51 | 6488.28
689 | 0.06 | 6502.29 | 1871.17 | 6390.02 | 292.43 | 1462.15 | 7834.62 | 6535.06
692 | 0.13 | 6392.86 | 2200.19 | 6106.84 | 644.44 | 3222.21 | 9245.27 | 6518.10
697 | 0.16 | 8072.05 | 2897.48 | 7608.45 | 628.16 | 3140.82 | 10648.76 | 7401.20
704 | 0.07 | 6317.18 | 3578.00 | 6066.72 | 351.17 | 1755.83 | 7797.96 | 6405.40
709 | 0.05 | 6672.61 | 3945.20 | 6475.35 | 237.47 | 1187.36 | 7650.83 | 6668.82
711 | 0.07 | 6396.84 | 4225.27 | 6101.07 | 346.79 | 1733.96 | 7810.75 | 6463.19
696 | 0.09 | 6360.59 | 4663.85 | 5940.84 | 448.42 | 2242.08 | 8142.57 | 6458.61
712 | 0.08 | 6355.63 | 5203.36 | 5939.36 | 398.90 | 1994.52 | 7901.97 | 6444.31
702 | 0.12 | 6385.99 | 5651.31 | 5707.84 | 595.51 | 2977.55 | 8613.93 | 6504.80
688 | 0.09 | 6358.08 | 6328.85 | 5788.48 | 448.59 | 2242.97 | 7991.08 | 6456.99
718 | 0.13 | 6392.72 | 6789.92 | 5510.03 | 644.46 | 3222.28 | 8648.54 | 6518.03
710 | 0.08 | 6342.11 | 7565.29 | 5736.89 | 399.75 | 1998.77 | 7703.68 | 6435.05
701 | 0.10 | 6361.71 | 8062.96 | 5555.41 | 498.15 | 2490.76 | 7996.36 | 6470.18
713 | 0.12 | 6385.61 | 8583.22 | 5355.62 | 595.55 | 2977.73 | 8261.88 | 6504.59
717 | 0.07 | 6294.25 | 9199.31 | 5650.30 | 352.44 | 1762.22 | 7387.85 | 6388.87
705 | 0.07 | 6394.67 | 9584.47 | 5723.76 | 346.91 | 1734.55 | 7434.02 | 6461.62
724 | 0.13 | 6392.80 | 9971.54 | 5096.50 | 644.45 | 3222.25 | 8234.96 | 6518.07
722 | 0.08 | 6327.57 | 10660.08 | 5474.76 | 400.67 | 2003.36 | 7446.07 | 6425.10
700 | 0.08 | 6379.18 | 11131.38 | 5488.67 | 397.43 | 1987.15 | 7444.03 | 6460.50
708 | 0.12 | 6385.81 | 11596.70 | 4994.21 | 595.53 | 2977.64 | 7900.38 | 6504.70
720 | 0.13 | 6391.43 | 12259.50 | 4797.69 | 644.59 | 3222.94 | 7936.83 | 6517.39
703 | 0.06 | 6304.79 | 12944.89 | 5528.09 | 301.59 | 1507.95 | 7017.95 | 6383.36
714 | 0.14 | 6396.51 | 13263.79 | 4539.58 | 693.62 | 3468.10 | 7910.57 | 6529.40
715 | 0.13 | 6392.82 | 13980.23 | 4575.39 | 644.45 | 3222.23 | 7713.85 | 6518.08
725 | 0.06 | 6272.06 | 14632.84 | 5394.09 | 303.16 | 1515.82 | 6891.72 | 6358.51
729 | 0.14 | 3419.83 | 15036.61 | 1314.70 | 1297.36 | 6486.79 | 7619.87 | 6571.42
695 | 0.08 | 6317.65 | 16369.89 | 5008.06 | 401.30 | 2006.51 | 6982.47 | 6418.33
699 | 0.07 | 6289.09 | 16840.81 | 5110.23 | 352.73 | 1763.67 | 6849.21 | 6385.15
706 | 0.15 | 7379.32 | 17196.53 | 4799.84 | 644.19 | 3220.93 | 7924.14 | 7026.82
691 | 0.16 | 7477.41 | 17866.79 | 4618.73 | 678.12 | 3390.59 | 7900.82 | 7056.34
707 | 0.06 | 6251.72 | 18623.61 | 5134.30 | 304.15 | 1520.75 | 6636.80 | 6343.10
726 | 0.05 | 6243.11 | 18974.28 | 5294.40 | 253.81 | 1269.04 | 6550.75 | 6321.00
690 | 0.05 | 6238.31 | 19257.25 | 5275.45 | 254.00 | 1270.02 | 6532.76 | 6317.18
727 | 0.15 | 6531.81 | 19557.36 | 3598.21 | 727.77 | 3638.85 | 7127.89 | 6597.23
721 | 0.12 | 6384.52 | 20306.84 | 3947.70 | 595.65 | 2978.24 | 6854.46 | 6504.01
693 | 0.12 | 6386.33 | 20951.70 | 3872.13 | 595.48 | 2977.39 | 6778.07 | 6504.98
723 | 0.12 | 6385.62 | 21582.83 | 3795.68 | 595.54 | 2977.72 | 6701.94 | 6504.60
719 | 0.07 | 6300.66 | 22207.55 | 4746.13 | 352.09 | 1760.43 | 6481.91 | 6393.48
728 | 0.13 | 6392.88 | 22605.20 | 3454.21 | 644.44 | 3222.20 | 6592.63 | 6518.11
Vehicle 19
Charging tour: 
768  -> 759  -> 750  -> 737  -> 743  -> 732  -> 751  -> 734  -> 753  -> 758  -> 760  -> 754  -> 739  -> 738  -> 741  -> 763  -> 748  -> 764  -> 761  -> 755  -> 765  -> 766  -> 742  -> 730  -> 752  -> 744  -> 757  -> 735  -> 747  -> 767  -> 740  -> 733  -> 731  -> 736  -> 749  -> 745  -> 762  -> 756  -> 746  -> 
Charging time: 
532.85924906757  + 580.7656002254894  + 335.54174806980467  + 533.1350103873465  + 288.228817895908  + 436.30456443829127  + 532.9650735656762  + 580.9611125192973  + 672.1173342830639  + 337.6874071464722  + 676.927798824476  + 721.2795596888457  + 755.6747367678969  + 334.52525527238106  + 581.0178704506131  + 337.0139305731224  + 724.6892259338375  + 582.4494295179878  + 386.42860218396504  + 386.95123777243424  + 483.06504568792843  + 628.9498148819698  + 629.0596211137855  + 532.4332826806688  + 676.9082824244831  + 386.25549608915134  + 330.74818500524225  + 676.8899372558855  + 387.36444954696395  + 435.94972402196066  + 532.6274063252272  + 683.4170061724784  + 435.99629478403193  + 676.8885360484506  + 676.8852896894466  + 328.96973703723523  + 723.758054808519  + 819.9824080466234  + 722.4578644190505  + 
total node:39/39
-------------------
Traveling energy: 2214.8897133563373
Charging energy: 105430.65000311793
Total energy used: 107645.53971647428
-------------------
Total time for travel: 2214.8897133563373
Total time for charging: 21086.130000623587
Charging round duration: 23301.019713979924
-------------------
ID | p | E0 | time_arrive | E_remain | time_charge | energy_charge| E_after_charge | E_after_cycle
768 | 0.10 | 7901.63 | 77.02 | 7893.93 | 532.86 | 2664.30 | 10504.94 | 8183.64
759 | 0.11 | 7974.83 | 626.76 | 7905.88 | 580.77 | 2903.83 | 10745.83 | 8258.13
750 | 0.06 | 7528.94 | 1276.42 | 7452.36 | 335.54 | 1677.71 | 9109.94 | 7777.28
737 | 0.10 | 7897.55 | 1635.46 | 7734.00 | 533.14 | 2665.68 | 10346.36 | 8180.93
743 | 0.05 | 7304.02 | 2277.07 | 7190.17 | 288.23 | 1441.14 | 8616.90 | 7554.02
732 | 0.08 | 7720.22 | 2612.99 | 7511.18 | 436.30 | 2181.52 | 9657.80 | 7995.91
751 | 0.10 | 7900.06 | 3137.84 | 7586.28 | 532.97 | 2664.83 | 10197.81 | 8182.60
734 | 0.11 | 7972.14 | 3697.35 | 7565.43 | 580.96 | 2904.81 | 10406.33 | 8256.43
753 | 0.13 | 8086.34 | 4304.25 | 7526.79 | 672.12 | 3360.59 | 10800.00 | 8349.95
758 | 0.06 | 7481.11 | 5007.99 | 7180.63 | 337.69 | 1688.44 | 8848.80 | 7740.17
760 | 0.13 | 8085.94 | 5382.07 | 7386.27 | 676.93 | 3384.64 | 10682.91 | 8373.60
754 | 0.15 | 8213.60 | 6078.69 | 7301.79 | 721.28 | 3606.40 | 10800.00 | 8246.56
739 | 0.15 | 8158.34 | 6822.42 | 7134.98 | 755.67 | 3778.37 | 10800.00 | 8363.28
738 | 0.06 | 7551.82 | 7604.94 | 7095.53 | 334.53 | 1672.63 | 8748.08 | 7795.07
741 | 0.11 | 7971.36 | 7970.45 | 7094.61 | 581.02 | 2905.09 | 9935.79 | 8255.93
763 | 0.06 | 7496.06 | 8680.60 | 6975.22 | 337.01 | 1685.07 | 8640.07 | 7751.75
748 | 0.14 | 8134.03 | 9027.18 | 6870.22 | 724.69 | 3623.45 | 10392.21 | 8422.27
764 | 0.11 | 7951.77 | 9758.76 | 6878.31 | 582.45 | 2912.25 | 9726.49 | 8243.50
761 | 0.07 | 7627.08 | 10356.66 | 6902.11 | 386.43 | 1932.14 | 8807.21 | 7891.62
755 | 0.07 | 7616.78 | 10929.20 | 6851.73 | 386.95 | 1934.76 | 8759.40 | 7883.93
765 | 0.09 | 7844.52 | 11439.06 | 6815.00 | 483.07 | 2415.33 | 9186.85 | 8115.78
766 | 0.12 | 8033.31 | 12002.02 | 6593.07 | 628.95 | 3144.75 | 9662.34 | 8319.31
742 | 0.12 | 8031.91 | 12653.54 | 6513.49 | 629.06 | 3145.30 | 9583.30 | 8318.46
730 | 0.10 | 7907.96 | 13333.84 | 6574.57 | 532.43 | 2662.17 | 9183.50 | 8187.83
752 | 0.13 | 8086.17 | 13943.68 | 6273.49 | 676.91 | 3384.54 | 9570.04 | 8373.74
744 | 0.07 | 7630.50 | 14656.13 | 6604.57 | 386.26 | 1931.28 | 8508.81 | 7894.17
757 | 0.06 | 7638.06 | 15057.24 | 6734.63 | 330.75 | 1653.74 | 8368.52 | 7862.43
735 | 0.13 | 8086.39 | 15474.59 | 6074.69 | 676.89 | 3384.45 | 9371.15 | 8373.86
747 | 0.07 | 7608.65 | 16241.40 | 6471.75 | 387.36 | 1936.82 | 8381.46 | 7877.87
767 | 0.08 | 7726.50 | 16676.81 | 6392.36 | 435.95 | 2179.75 | 8537.23 | 8000.42
740 | 0.10 | 7905.07 | 17168.27 | 6188.25 | 532.63 | 2663.14 | 8798.12 | 8185.92
733 | 0.13 | 8009.16 | 17713.68 | 5706.38 | 683.42 | 3417.09 | 9034.62 | 8329.27
731 | 0.08 | 7725.68 | 18434.15 | 6250.95 | 436.00 | 2179.98 | 8396.05 | 7999.83
736 | 0.13 | 8086.41 | 18959.73 | 5621.64 | 676.89 | 3384.44 | 8918.09 | 8373.87
749 | 0.13 | 8086.45 | 19727.61 | 5521.86 | 676.89 | 3384.43 | 8818.29 | 8373.90
745 | 0.06 | 7679.35 | 20428.66 | 6453.63 | 328.97 | 1644.85 | 8078.75 | 7894.83
762 | 0.14 | 8144.49 | 20773.14 | 5236.25 | 723.76 | 3618.79 | 8753.72 | 8428.08
756 | 0.16 | 8215.71 | 21549.09 | 4767.85 | 819.98 | 4099.91 | 8736.57 | 8503.95
746 | 0.14 | 8159.15 | 22412.27 | 5021.43 | 722.46 | 3612.29 | 8532.58 | 8436.23
Network survivability: 99.86979166666667%
networkSurvivabilityOverThousand: 76.7%
Average dead duration: 105416.8366826995
Traveling energy: 44776.907735468376
total calculate time: 45.02548050880432
