total sensor 767
condition 16.84044553953751
gen: 1
2000
gen: 2
2000
gen: 3
2000
gen: 4
2000
gen: 5
2000
gen: 6
2000
gen: 7
2000
gen: 8
2000
gen: 9
2000
gen: 10
2000
gen: 11
2000
gen: 12
2000
gen: 13
2000
gen: 14
2000
gen: 15
2000
gen: 16
2000
gen: 17
2000
gen: 18
2000
gen: 19
2000
gen: 20
2000
gen: 21
2000
gen: 22
2000
gen: 23
2000
gen: 24
2000
gen: 25
2000
gen: 26
2000
gen: 27
2000
gen: 28
2000
gen: 29
2000
gen: 30
2000
gen: 31
2000
gen: 32
2000
gen: 33
2000
gen: 34
2000
gen: 35
2000
gen: 36
2000
gen: 37
2000
gen: 38
2000
gen: 39
2000
gen: 40
2000
gen: 41
2000
gen: 42
2000
gen: 43
2000
gen: 44
2000
gen: 45
2000
gen: 46
2000
gen: 47
2000
gen: 48
2000
gen: 49
2000
gen: 50
2000
Number of charging vehicles: 20
Survey time: 23821.455380092364
Network clustering infor: 
Cluster 0:
[1, 2, 3, 4, 5, 6, 7, 8, 9, 10, 11, 12, 13, 14, 15, 16, 17, 18, 19, 20, 21, 22, 23, 24, 25, 26, 27, 28, 29, 30, 31, 32, 33, 34, 35, 36, 37, 38, 39, 40, 41, 42]
Cluster 1:
[43, 44, 45, 46, 47, 48, 49, 50, 51, 52, 53, 54, 55, 56, 57, 58, 59, 60, 61, 62, 63, 64, 65, 66, 67, 68, 69, 70, 71, 72, 73, 74, 75, 76, 77, 78, 79, 80, 81, 82, 83]
Cluster 2:
[84, 85, 86, 87, 88, 89, 90, 91, 92, 93, 94, 95, 96, 97, 98, 99, 100, 101, 102, 103, 104, 105, 106, 107, 108, 109, 110, 111, 112, 113, 114, 115, 116, 117, 118, 119, 120, 121]
Cluster 3:
[122, 123, 124, 125, 126, 127, 128, 129, 130, 131, 132, 133, 134, 135, 136, 137, 138, 139, 140, 141, 142, 143, 144, 145, 146, 147, 148, 149, 150, 151, 152, 153, 154, 155, 156, 157]
Cluster 4:
[158, 159, 160, 161, 162, 163, 164, 165, 166, 167, 168, 169, 170, 171, 172, 173, 174, 175, 176, 177, 178, 179, 180, 181, 182, 183, 184, 185, 186, 187, 188, 189]
Cluster 5:
[190, 191, 192, 193, 194, 195, 196, 197, 198, 199, 200, 201, 202, 203, 204, 205, 206, 207, 208, 209, 210, 211, 212, 213, 214, 215, 216, 217, 218, 219, 220, 221, 222, 223, 224, 225, 226, 227, 228, 229, 230, 231, 232]
Cluster 6:
[233, 234, 235, 236, 237, 238, 239, 240, 241, 242, 243, 244, 245, 246, 247, 248, 249, 250, 251, 252, 253, 254, 255, 256, 257, 258, 259, 260, 261, 262, 263, 264, 265, 266, 267, 268, 269, 270, 271, 272, 273]
Cluster 7:
[274, 275, 276, 277, 278, 279, 280, 281, 282, 283, 284, 285, 286, 287, 288, 289, 290, 291, 292, 293, 294, 295, 296, 297, 298, 299, 300, 301, 302, 303, 304, 305, 306, 307, 308, 309, 310, 311, 312, 313]
Cluster 8:
[314, 315, 316, 317, 318, 319, 320, 321, 322, 323, 324, 325, 326, 327, 328, 329, 330, 331, 332, 333, 334, 335, 336, 337, 338, 339, 340, 341, 342, 343, 344, 345, 346, 347, 348, 349, 350, 351, 352]
Cluster 9:
[353, 354, 355, 356, 357, 358, 359, 360, 361, 362, 363, 364, 365, 366, 367, 368, 369, 370, 371, 372, 373, 374, 375, 376, 377, 378, 379, 380, 381, 382, 383, 384, 385, 386, 387, 388, 389, 390, 391, 392, 393]
Cluster 10:
[394, 395, 396, 397, 398, 399, 400, 401, 402, 403, 404, 405, 406, 407, 408, 409, 410, 411, 412, 413, 414, 415, 416, 417, 418, 419, 420, 421, 422, 423, 424, 425, 426, 427, 428, 429, 430, 431, 432]
Cluster 11:
[433, 434, 435, 436, 437, 438, 439, 440, 441, 442, 443, 444, 445, 446, 447, 448, 449, 450, 451, 452, 453, 454, 455, 456, 457, 458, 459, 460, 461, 462, 463, 464, 465, 466, 467, 468, 469, 470]
Cluster 12:
[471, 472, 473, 474, 475, 476, 477, 478, 479, 480, 481, 482, 483, 484, 485, 486, 487, 488, 489, 490, 491, 492, 493, 494, 495, 496, 497, 498, 499, 500, 501, 502, 503, 504, 505, 506, 507, 508, 509]
Cluster 13:
[510, 511, 512, 513, 514, 515, 516, 517, 518, 519, 520, 521, 522, 523, 524, 525, 526, 527, 528, 529, 530, 531, 532, 533, 534, 535, 536, 537, 538, 539, 540, 541]
Cluster 14:
[542, 543, 544, 545, 546, 547, 548, 549, 550, 551, 552, 553, 554, 555, 556, 557, 558, 559, 560, 561, 562, 563, 564, 565, 566, 567, 568, 569, 570, 571, 572, 573, 574, 575, 576, 577, 578, 579, 580, 581]
Cluster 15:
[582, 583, 584, 585, 586, 587, 588, 589, 590, 591, 592, 593, 594, 595, 596, 597, 598, 599, 600, 601, 602, 603, 604, 605, 606, 607, 608, 609, 610, 611, 612, 613, 614, 615, 616, 617, 618, 619, 620, 621]
Cluster 16:
[622, 623, 624, 625, 626, 627, 628, 629, 630, 631, 632, 633, 634, 635, 636, 637, 638, 639, 640, 641, 642, 643, 644, 645, 646, 647, 648]
Cluster 17:
[649, 650, 651, 652, 653, 654, 655, 656, 657, 658, 659, 660, 661, 662, 663, 664, 665, 666, 667, 668, 669, 670, 671, 672, 673, 674, 675, 676, 677, 678, 679, 680, 681, 682, 683, 684, 685, 686]
Cluster 18:
[687, 688, 689, 690, 691, 692, 693, 694, 695, 696, 697, 698, 699, 700, 701, 702, 703, 704, 705, 706, 707, 708, 709, 710, 711, 712, 713, 714, 715, 716, 717, 718, 719, 720, 721, 722, 723, 724, 725, 726, 727, 728]
Cluster 19:
[729, 730, 731, 732, 733, 734, 735, 736, 737, 738, 739, 740, 741, 742, 743, 744, 745, 746, 747, 748, 749, 750, 751, 752, 753, 754, 755, 756, 757, 758, 759, 760, 761, 762, 763, 764, 765, 766, 767]
Vehicle 0
Charging tour: 
12  -> 16  -> 26  -> 4  -> 19  -> 13  -> 40  -> 25  -> 9  -> 32  -> 1  -> 37  -> 28  -> 15  -> 33  -> 18  -> 23  -> 41  -> 30  -> 27  -> 22  -> 24  -> 14  -> 35  -> 34  -> 21  -> 10  -> 11  -> 20  -> 8  -> 36  -> 42  -> 17  -> 5  -> 31  -> 6  -> 7  -> 39  -> 2  -> 29  -> 38  -> 3  -> 
Charging time: 
522.2500946684654  + 614.8683309673778  + 614.8638482565098  + 532.4488385554279  + 633.1786786393494  + 382.8241303757041  + 522.2681118186675  + 661.2141347856217  + 429.0503973903704  + 382.7889160321867  + 233.26142052274793  + 476.0435717092718  + 476.0571512093304  + 282.5106164259567  + 475.7855403498431  + 335.30942775962217  + 289.5115804344205  + 334.94436332522906  + 383.1839076660623  + 568.5811431429416  + 475.8370410725169  + 522.7101165693887  + 289.7105941381457  + 332.83847850117405  + 475.8762871047238  + 382.91514153496416  + 661.2132223427677  + 707.207440264655  + 661.1100731905912  + 522.3226209953273  + 287.07067601651244  + 1290.9285780005273  + 660.7189294996583  + 656.265485337378  + 382.85656976309235  + 661.2151610983207  + 475.92643387311875  + 476.0370144381568  + 568.5785743108052  + 336.55183850504244  + 568.2679979143857  + 568.572065222075  + 
total node:42/42
-------------------
Traveling energy: 2421.6272813578366
Charging energy: 105578.37271864215
Total energy used: 107999.99999999999
-------------------
Total time for travel: 2421.6272813578366
Total time for charging: 21115.67454372843
Charging round duration: 23537.301825086266
-------------------
ID | p | E0 | time_arrive | E_remain | time_charge | energy_charge| E_after_charge | E_after_cycle
12 | 0.11 | 5876.17 | 46.82 | 5871.02 | 522.25 | 2611.25 | 8424.82 | 5867.06
16 | 0.13 | 5898.49 | 588.29 | 5822.02 | 614.87 | 3074.34 | 8816.42 | 5876.05
26 | 0.13 | 5898.54 | 1319.45 | 5727.01 | 614.86 | 3074.32 | 8721.39 | 5876.07
4 | 0.14 | 7335.50 | 1942.33 | 7063.58 | 532.45 | 2662.24 | 9651.28 | 6662.75
19 | 0.14 | 6168.53 | 2626.27 | 5800.85 | 633.18 | 3165.89 | 8878.10 | 5999.42
13 | 0.08 | 5830.03 | 3358.01 | 5561.39 | 382.82 | 1914.12 | 7444.88 | 5838.43
40 | 0.11 | 5875.96 | 3751.16 | 5463.34 | 522.27 | 2611.34 | 8017.23 | 5866.94
25 | 0.14 | 5906.98 | 4345.93 | 5298.55 | 661.21 | 3306.07 | 8512.05 | 5878.05
9 | 0.09 | 5852.13 | 5034.72 | 5399.01 | 429.05 | 2145.25 | 7505.64 | 5853.45
32 | 0.08 | 5830.56 | 5494.36 | 5391.01 | 382.79 | 1913.94 | 7274.34 | 5838.79
1 | 0.05 | 5980.08 | 5991.28 | 5680.52 | 233.26 | 1166.31 | 6835.16 | 5955.31
37 | 0.10 | 5860.48 | 6259.18 | 5234.56 | 476.04 | 2380.22 | 7567.18 | 5858.55
28 | 0.10 | 5860.31 | 6796.84 | 5180.63 | 476.06 | 2380.29 | 7513.31 | 5858.45
15 | 0.06 | 5925.11 | 7292.54 | 5487.56 | 282.51 | 1412.55 | 6883.16 | 5908.37
33 | 0.10 | 5863.66 | 7588.39 | 5104.82 | 475.79 | 2378.93 | 7436.17 | 5860.44
18 | 0.07 | 5824.14 | 8113.05 | 5256.23 | 335.31 | 1676.55 | 6909.31 | 5833.19
23 | 0.06 | 5781.83 | 8454.63 | 5274.55 | 289.51 | 1447.56 | 6704.74 | 5800.10
41 | 0.07 | 5830.49 | 8856.27 | 5210.55 | 334.94 | 1674.72 | 6861.83 | 5837.71
30 | 0.08 | 5824.55 | 9261.68 | 5083.62 | 383.18 | 1915.92 | 6968.88 | 5834.76
27 | 0.12 | 5888.01 | 9681.16 | 4726.27 | 568.58 | 2842.91 | 7500.95 | 5872.34
22 | 0.10 | 5863.02 | 10270.72 | 4835.95 | 475.84 | 2379.19 | 7167.55 | 5860.06
24 | 0.11 | 5870.99 | 10786.78 | 4684.45 | 522.71 | 2613.55 | 7240.50 | 5864.18
14 | 0.06 | 5777.86 | 11412.73 | 5093.09 | 289.71 | 1448.55 | 6524.26 | 5797.12
35 | 0.07 | 5867.38 | 11759.63 | 5044.21 | 332.84 | 1664.19 | 6685.10 | 5864.07
34 | 0.10 | 5862.54 | 12138.86 | 4648.65 | 475.88 | 2379.38 | 6980.45 | 5859.78
21 | 0.08 | 5828.64 | 12642.91 | 4817.21 | 382.92 | 1914.58 | 6701.15 | 5837.50
10 | 0.14 | 5906.99 | 13054.45 | 4079.37 | 661.21 | 3306.07 | 7292.86 | 5878.05
11 | 0.15 | 5917.31 | 13758.00 | 3853.61 | 707.21 | 3536.04 | 7283.57 | 5880.13
20 | 0.14 | 5907.91 | 14495.72 | 3878.51 | 661.11 | 3305.55 | 7091.51 | 5878.46
8 | 0.11 | 5875.35 | 15199.13 | 4203.45 | 522.32 | 2611.61 | 6757.60 | 5866.60
36 | 0.06 | 5830.99 | 15769.21 | 4884.84 | 287.07 | 1435.35 | 6302.97 | 5837.06
42 | 0.13 | 2809.45 | 16138.10 | 711.49 | 1290.93 | 6454.64 | 6998.32 | 6167.30
17 | 0.14 | 5911.41 | 17485.16 | 3463.49 | 660.72 | 3303.59 | 6674.58 | 5880.00
5 | 0.14 | 5951.53 | 18237.05 | 3398.34 | 656.27 | 3281.33 | 6587.79 | 5897.85
31 | 0.08 | 5829.53 | 18942.93 | 4314.10 | 382.86 | 1914.28 | 6197.75 | 5838.10
6 | 0.14 | 5906.97 | 19431.96 | 3186.50 | 661.22 | 3306.08 | 6400.01 | 5878.05
7 | 0.10 | 5861.92 | 20107.98 | 3851.12 | 475.93 | 2379.63 | 6183.16 | 5859.41
39 | 0.10 | 5860.56 | 20651.29 | 3795.43 | 476.04 | 2380.19 | 6128.01 | 5858.60
2 | 0.12 | 5888.04 | 21194.64 | 3344.68 | 568.58 | 2842.89 | 6119.34 | 5872.36
29 | 0.07 | 5802.64 | 21806.01 | 4276.22 | 336.55 | 1682.76 | 5935.42 | 5817.90
38 | 0.12 | 5891.26 | 22181.75 | 3229.45 | 568.27 | 2841.34 | 6002.59 | 5874.02
3 | 0.12 | 5888.11 | 22799.39 | 3152.18 | 568.57 | 2842.86 | 5926.81 | 5872.39
Vehicle 1
Charging tour: 
67  -> 64  -> 54  -> 65  -> 45  -> 81  -> 58  -> 55  -> 57  -> 73  -> 52  -> 78  -> 61  -> 47  -> 46  -> 66  -> 76  -> 49  -> 63  -> 68  -> 62  -> 79  -> 80  -> 60  -> 83  -> 75  -> 70  -> 71  -> 44  -> 82  -> 53  -> 77  -> 74  -> 50  -> 43  -> 59  -> 51  -> 56  -> 72  -> 48  -> 69  -> 
Charging time: 
555.2578298685614  + 555.2572830164556  + 555.0793011206633  + 304.4832453187524  + 555.1502516290615  + 653.2033535320945  + 698.5102710453674  + 653.2128821717242  + 408.8070356097181  + 555.2271707327324  + 604.1233805370164  + 702.5234994947673  + 359.2770897834555  + 407.95289184027695  + 360.2382803175938  + 458.0501551759656  + 361.00741455185874  + 672.1317918411759  + 653.148115807985  + 647.5522595177035  + 653.20674323857  + 555.1915590199487  + 407.5931339067408  + 673.1371687558039  + 357.835032627517  + 262.4457110352332  + 311.40588266802035  + 506.5236632693653  + 700.2144474649676  + 651.1440624768453  + 506.3448207404526  + 602.9993386101078  + 360.76499975972405  + 555.1899295457094  + 651.0110543076281  + 506.31563422765845  + 408.88923162013157  + 602.7024364503225  + 506.43385567441845  + 360.9057733790779  + 262.7626090192248  + 
total node:41/41
-------------------
Traveling energy: 2383.9470464480223
Charging energy: 105616.05295355202
Total energy used: 108000.00000000004
-------------------
Total time for travel: 2383.9470464480223
Total time for charging: 21123.210590710405
Charging round duration: 23507.157637158427
-------------------
ID | p | E0 | time_arrive | E_remain | time_charge | energy_charge| E_after_charge | E_after_cycle
67 | 0.11 | 6424.74 | 111.07 | 6412.52 | 555.26 | 2776.29 | 9127.73 | 6580.67
64 | 0.11 | 6424.75 | 754.28 | 6341.78 | 555.26 | 2776.29 | 9056.98 | 6580.67
54 | 0.11 | 6426.81 | 1313.83 | 6282.28 | 555.08 | 2775.40 | 8996.62 | 6581.84
65 | 0.06 | 6390.66 | 1896.56 | 6276.86 | 304.48 | 1522.42 | 7781.01 | 6483.78
45 | 0.11 | 6425.98 | 2212.11 | 6182.65 | 555.15 | 2775.75 | 8897.34 | 6581.38
81 | 0.13 | 6454.35 | 2835.27 | 6085.76 | 653.20 | 3266.02 | 9266.86 | 6623.58
58 | 0.14 | 6499.99 | 3531.63 | 6005.56 | 698.51 | 3492.55 | 9400.32 | 6657.54
55 | 0.13 | 6454.26 | 4237.25 | 5903.41 | 653.21 | 3266.06 | 9084.56 | 6623.53
57 | 0.08 | 6346.43 | 4992.68 | 5947.01 | 408.81 | 2044.04 | 7958.34 | 6484.74
73 | 0.11 | 6425.09 | 5496.93 | 5820.43 | 555.23 | 2776.14 | 8535.49 | 6580.87
52 | 0.12 | 6441.89 | 6078.31 | 5712.49 | 604.12 | 3020.62 | 8660.61 | 6603.93
78 | 0.14 | 6462.86 | 6781.51 | 5513.45 | 702.52 | 3512.62 | 8927.71 | 6640.47
61 | 0.07 | 6318.68 | 7621.06 | 5785.20 | 359.28 | 1796.39 | 7556.44 | 6447.56
47 | 0.08 | 6359.71 | 8119.20 | 5710.18 | 407.95 | 2039.76 | 7717.31 | 6493.76
46 | 0.07 | 6301.82 | 8570.62 | 5701.87 | 360.24 | 1801.19 | 7477.85 | 6435.51
66 | 0.09 | 6372.17 | 8955.99 | 5566.13 | 458.05 | 2290.25 | 7815.15 | 6518.49
76 | 0.07 | 6288.39 | 9433.26 | 5628.06 | 361.01 | 1805.04 | 7407.83 | 6425.93
49 | 0.16 | 7720.10 | 9814.10 | 6149.85 | 672.13 | 3360.66 | 9402.97 | 7269.33
63 | 0.13 | 6454.90 | 10589.18 | 5078.30 | 653.15 | 3265.74 | 8259.13 | 6623.85
68 | 0.13 | 6510.68 | 11373.04 | 5032.18 | 647.55 | 3237.76 | 8185.76 | 6651.65
62 | 0.13 | 6454.32 | 12096.62 | 4881.76 | 653.21 | 3266.03 | 8062.87 | 6623.56
79 | 0.11 | 6425.51 | 12785.09 | 5019.15 | 555.19 | 2775.96 | 7734.03 | 6581.10
80 | 0.08 | 6365.33 | 13360.50 | 5296.49 | 407.59 | 2037.97 | 7301.84 | 6497.58
60 | 0.14 | 6745.00 | 13804.18 | 4812.42 | 673.14 | 3365.69 | 8083.86 | 6775.68
83 | 0.07 | 6344.14 | 14514.41 | 5328.13 | 357.84 | 1789.18 | 7092.26 | 6465.81
75 | 0.05 | 6178.57 | 14896.48 | 5433.75 | 262.45 | 1312.23 | 6732.85 | 6299.73
70 | 0.06 | 6248.59 | 15208.19 | 5336.10 | 311.41 | 1557.03 | 6874.44 | 6376.33
71 | 0.10 | 6402.62 | 15571.18 | 4845.50 | 506.52 | 2532.62 | 7327.47 | 6553.09
44 | 0.14 | 6484.17 | 16095.92 | 4230.74 | 700.21 | 3501.07 | 7633.78 | 6650.24
82 | 0.13 | 6474.76 | 16834.67 | 4286.26 | 651.14 | 3255.72 | 7457.33 | 6633.69
53 | 0.10 | 6404.88 | 17572.62 | 4647.62 | 506.34 | 2531.72 | 7128.71 | 6554.46
77 | 0.12 | 6453.90 | 18173.41 | 4273.09 | 603.00 | 3015.00 | 7215.72 | 6610.32
74 | 0.07 | 6292.62 | 18840.35 | 4973.79 | 360.76 | 1803.82 | 6752.36 | 6428.94
50 | 0.11 | 6425.53 | 19322.44 | 4300.06 | 555.19 | 2775.95 | 7014.94 | 6581.12
43 | 0.13 | 6476.09 | 19915.17 | 3887.11 | 651.01 | 3255.06 | 7057.54 | 6634.35
59 | 0.10 | 6405.25 | 20606.14 | 4344.64 | 506.32 | 2531.58 | 6825.58 | 6554.68
51 | 0.08 | 6345.15 | 21156.39 | 4652.64 | 408.89 | 2044.45 | 6664.37 | 6483.88
56 | 0.12 | 6457.08 | 21585.55 | 3866.81 | 602.70 | 3013.51 | 6808.00 | 6612.01
72 | 0.10 | 6403.76 | 22247.38 | 4179.02 | 506.43 | 2532.17 | 6660.54 | 6553.78
48 | 0.07 | 6290.16 | 22804.36 | 4693.86 | 360.91 | 1804.53 | 6473.12 | 6427.19
69 | 0.05 | 6171.12 | 23203.76 | 5010.93 | 262.76 | 1313.81 | 6311.61 | 6293.86
Vehicle 2
Charging tour: 
88  -> 86  -> 85  -> 100  -> 91  -> 113  -> 87  -> 96  -> 90  -> 104  -> 92  -> 84  -> 116  -> 107  -> 110  -> 94  -> 118  -> 101  -> 99  -> 102  -> 111  -> 114  -> 115  -> 98  -> 106  -> 105  -> 103  -> 93  -> 95  -> 108  -> 109  -> 120  -> 97  -> 89  -> 112  -> 117  -> 119  -> 121  -> 
Charging time: 
264.33081962338366  + 464.8654048461202  + 434.90374807308007  + 348.57269512749775  + 407.3390846204518  + 204.48534980181154  + 602.9342625253056  + 658.5974200499567  + 557.5633288417408  + 259.85771987728225  + 355.3748118167182  + 761.4211533015261  + 385.2163366162666  + 246.04029788508325  + 283.0951884088232  + 480.07614848593664  + 273.45930957702143  + 317.3351002973368  + 402.03849083759934  + 579.5668415166743  + 320.4386585665461  + 268.26579947833744  + 449.1101346876621  + 676.6242825994374  + 612.2313449674009  + 363.55863051111305  + 549.4359006146128  + 923.1318355302167  + 330.80334939678477  + 536.893824434184  + 536.9801453903376  + 431.08646778908866  + 977.0122322240985  + 336.5122312732606  + 663.5131858391404  + 566.2867987493969  + 516.7715936018698  + 366.51496790555535  + 
total node:38/38
-------------------
Traveling energy: 2524.125870901298
Charging energy: 88561.2244784433
Total energy used: 91085.3503493446
-------------------
Total time for travel: 2524.125870901298
Total time for charging: 17712.24489568866
Charging round duration: 20236.370766589956
-------------------
ID | p | E0 | time_arrive | E_remain | time_charge | energy_charge| E_after_charge | E_after_cycle
88 | 0.06 | 9498.84 | 77.28 | 9494.21 | 264.33 | 1321.65 | 10800.00 | 9391.21
86 | 0.10 | 8565.84 | 436.76 | 8522.16 | 464.87 | 2324.33 | 10800.00 | 8508.02
85 | 0.09 | 8747.54 | 921.27 | 8664.62 | 434.90 | 2174.52 | 10800.00 | 8778.13
100 | 0.10 | 9232.11 | 1401.16 | 9091.99 | 348.57 | 1742.86 | 10800.00 | 8592.83
91 | 0.09 | 8966.94 | 1855.30 | 8799.97 | 407.34 | 2036.70 | 10800.00 | 8859.71
113 | 0.08 | 9976.44 | 2281.34 | 9793.93 | 204.49 | 1022.43 | 10800.00 | 9093.15
87 | 0.12 | 8161.80 | 2534.33 | 7857.68 | 602.93 | 3014.67 | 10800.00 | 8317.90
96 | 0.15 | 8080.60 | 3165.34 | 7605.80 | 658.60 | 3292.99 | 10800.00 | 7800.37
90 | 0.11 | 8501.95 | 3894.83 | 8073.52 | 557.56 | 2787.82 | 10800.00 | 8669.40
104 | 0.07 | 9832.72 | 4483.08 | 9518.90 | 259.86 | 1299.29 | 10800.00 | 9464.50
92 | 0.07 | 9388.04 | 4857.72 | 9048.00 | 355.37 | 1776.87 | 10800.00 | 9497.42
84 | 0.13 | 7773.76 | 5245.26 | 7091.88 | 761.42 | 3807.11 | 10800.00 | 8484.08
116 | 0.14 | 9771.14 | 6023.48 | 8927.85 | 385.22 | 1926.08 | 10800.00 | 8362.21
107 | 0.06 | 9975.23 | 6511.18 | 9584.56 | 246.04 | 1230.20 | 10800.00 | 9776.15
110 | 0.08 | 9950.94 | 6797.07 | 9407.17 | 283.10 | 1415.48 | 10800.00 | 9460.70
94 | 0.09 | 9085.42 | 7139.97 | 8442.83 | 480.08 | 2400.38 | 10800.00 | 9341.87
118 | 0.06 | 9909.07 | 7666.03 | 9449.11 | 273.46 | 1367.30 | 10800.00 | 9847.08
101 | 0.06 | 9715.87 | 8058.36 | 9232.36 | 317.34 | 1586.68 | 10800.00 | 9873.25
99 | 0.08 | 9492.82 | 8385.65 | 8821.97 | 402.04 | 2010.19 | 10800.00 | 9597.30
102 | 0.12 | 9036.87 | 8876.30 | 7971.71 | 579.57 | 2897.83 | 10800.00 | 9076.13
111 | 0.08 | 9985.37 | 9524.12 | 9223.44 | 320.44 | 1602.19 | 10800.00 | 9681.85
114 | 0.07 | 10170.42 | 9899.59 | 9477.45 | 268.27 | 1341.33 | 10800.00 | 9844.25
115 | 0.12 | 9844.56 | 10301.78 | 8608.34 | 449.11 | 2245.55 | 10800.00 | 9231.53
98 | 0.12 | 8801.41 | 10861.17 | 7498.07 | 676.62 | 3383.12 | 10800.00 | 9325.96
106 | 0.12 | 9199.61 | 11560.84 | 7812.31 | 612.23 | 3061.16 | 10800.00 | 9402.19
105 | 0.07 | 9865.95 | 12261.32 | 9007.66 | 363.56 | 1817.79 | 10800.00 | 10016.24
103 | 0.10 | 9373.97 | 12662.04 | 8107.76 | 549.44 | 2747.18 | 10800.00 | 9739.00
93 | 0.14 | 8092.20 | 13242.43 | 6238.26 | 923.13 | 4615.66 | 10724.68 | 9372.86
95 | 0.06 | 9677.96 | 14276.16 | 8821.39 | 330.80 | 1654.02 | 10455.56 | 9902.69
108 | 0.10 | 9643.61 | 14743.94 | 8169.22 | 536.89 | 2684.47 | 10800.00 | 9945.94
109 | 0.10 | 9700.53 | 15317.35 | 8168.80 | 536.98 | 2684.90 | 10800.00 | 10003.29
120 | 0.08 | 9902.11 | 15915.47 | 8628.88 | 431.09 | 2155.43 | 10749.82 | 10151.83
97 | 0.15 | 8192.07 | 16362.03 | 5737.77 | 977.01 | 4885.06 | 10476.27 | 9503.91
89 | 0.06 | 9513.77 | 17354.69 | 8472.49 | 336.51 | 1682.56 | 10134.86 | 9767.05
112 | 0.12 | 9650.15 | 17750.30 | 7520.11 | 663.51 | 3317.57 | 10758.06 | 10109.14
117 | 0.11 | 10061.82 | 18463.34 | 8030.86 | 566.29 | 2831.43 | 10800.00 | 10272.90
119 | 0.10 | 10184.53 | 19167.12 | 8267.82 | 516.77 | 2583.86 | 10800.00 | 10386.24
121 | 0.07 | 10190.81 | 19703.70 | 8811.55 | 366.51 | 1832.57 | 10618.47 | 10355.88
Vehicle 3
Charging tour: 
146  -> 140  -> 145  -> 157  -> 131  -> 153  -> 134  -> 138  -> 143  -> 124  -> 129  -> 144  -> 128  -> 133  -> 132  -> 147  -> 156  -> 152  -> 155  -> 123  -> 151  -> 137  -> 149  -> 126  -> 148  -> 136  -> 141  -> 154  -> 142  -> 127  -> 150  -> 135  -> 130  -> 125  -> 122  -> 139  -> 
Charging time: 
471.3241586777622  + 520.1352197586674  + 532.670324302178  + 519.6779918543499  + 374.4079967652294  + 471.28517041640754  + 270.0654986517665  + 568.4048585803976  + 520.017670128294  + 568.4840615831815  + 616.960460055112  + 271.74539551412084  + 320.7318989065817  + 708.1229455234775  + 519.9520964530227  + 713.9924257632988  + 665.4629286443329  + 825.1324536989007  + 616.9120304303766  + 423.00518985687296  + 665.4110533285682  + 762.422507562746  + 762.6522681256779  + 519.4311483889334  + 912.9282254875022  + 568.538900627531  + 907.9183719113943  + 665.4109795278403  + 713.9928791146004  + 370.70476505398904  + 909.2685563963304  + 422.20401412018384  + 741.9391456507183  + 320.7316025221541  + 519.9715321918894  + 713.9839620743616  + 
total node:36/36
-------------------
Traveling energy: 2206.1278377983085
Charging energy: 104880.00343824374
Total energy used: 107086.13127604206
-------------------
Total time for travel: 2206.1278377983085
Total time for charging: 20976.00068764875
Charging round duration: 23182.128525447057
-------------------
ID | p | E0 | time_arrive | E_remain | time_charge | energy_charge| E_after_charge | E_after_cycle
146 | 0.09 | 8206.69 | 180.04 | 8190.49 | 471.32 | 2356.62 | 10504.69 | 8419.38
140 | 0.10 | 8262.83 | 816.29 | 8181.21 | 520.14 | 2600.68 | 10729.87 | 8481.37
145 | 0.13 | 8396.49 | 1466.14 | 8205.90 | 532.67 | 2663.35 | 10800.00 | 7963.06
157 | 0.10 | 8270.10 | 2016.27 | 8068.48 | 519.68 | 2598.39 | 10614.90 | 8486.35
131 | 0.07 | 8035.23 | 2637.60 | 7850.60 | 374.41 | 1872.04 | 9696.43 | 8239.77
153 | 0.09 | 8207.37 | 3145.51 | 7924.28 | 471.29 | 2356.43 | 10238.29 | 8419.87
134 | 0.05 | 7956.94 | 3642.61 | 7774.81 | 270.07 | 1350.33 | 9111.64 | 8116.20
138 | 0.11 | 8317.26 | 3946.03 | 7883.20 | 568.40 | 2842.02 | 10662.69 | 8538.92
143 | 0.10 | 8264.70 | 4547.04 | 7810.00 | 520.02 | 2600.09 | 10358.09 | 8482.65
124 | 0.11 | 8316.10 | 5110.17 | 7753.98 | 568.48 | 2842.42 | 10533.87 | 8538.16
129 | 0.12 | 8359.29 | 5708.31 | 7674.29 | 616.96 | 3084.80 | 10685.06 | 8585.51
144 | 0.05 | 7907.75 | 6353.91 | 7590.06 | 271.75 | 1358.73 | 8935.20 | 8075.41
128 | 0.06 | 8039.97 | 6724.24 | 7636.52 | 320.73 | 1603.66 | 9220.93 | 8214.34
133 | 0.14 | 8356.37 | 7127.45 | 7358.52 | 708.12 | 3540.61 | 10800.00 | 8561.98
132 | 0.10 | 8265.74 | 7850.90 | 7480.65 | 519.95 | 2599.76 | 10028.42 | 8483.36
147 | 0.14 | 8427.13 | 8421.73 | 7248.09 | 713.99 | 3569.96 | 10718.09 | 8662.09
156 | 0.13 | 8395.85 | 9187.77 | 7201.44 | 665.46 | 3327.31 | 10442.25 | 8626.38
152 | 0.17 | 8493.26 | 9874.43 | 6814.61 | 825.13 | 4125.66 | 10800.00 | 8569.28
155 | 0.12 | 8359.94 | 10787.42 | 7065.45 | 616.91 | 3084.56 | 10075.98 | 8585.93
123 | 0.08 | 8128.11 | 11437.14 | 7213.14 | 423.01 | 2115.03 | 9294.33 | 8337.42
151 | 0.13 | 8396.51 | 11873.54 | 6852.95 | 665.41 | 3327.06 | 10093.50 | 8626.77
137 | 0.15 | 8455.53 | 12606.09 | 6564.62 | 762.42 | 3812.11 | 10262.37 | 8694.43
149 | 0.15 | 8452.98 | 13440.71 | 6436.88 | 762.65 | 3813.26 | 10135.74 | 8693.03
126 | 0.10 | 8274.03 | 14282.75 | 6845.76 | 519.43 | 2597.16 | 9390.97 | 8489.04
148 | 0.20 | 9384.47 | 14832.64 | 6417.94 | 912.93 | 4564.64 | 10800.00 | 9184.82
136 | 0.11 | 8315.30 | 15784.54 | 6579.00 | 568.54 | 2842.69 | 9359.15 | 8537.63
141 | 0.18 | 8520.62 | 16409.40 | 5566.92 | 907.92 | 4539.59 | 9943.09 | 8772.35
154 | 0.13 | 8396.51 | 17370.10 | 6138.40 | 665.41 | 3327.05 | 9378.95 | 8626.77
142 | 0.14 | 8427.13 | 18141.14 | 5887.37 | 713.99 | 3569.96 | 9357.37 | 8662.09
127 | 0.07 | 8115.50 | 18880.63 | 6793.85 | 370.70 | 1853.52 | 8621.43 | 8301.52
150 | 0.18 | 8507.96 | 19266.70 | 5039.96 | 909.27 | 4546.34 | 9422.63 | 8766.45
135 | 0.08 | 8143.53 | 20190.07 | 6528.33 | 422.20 | 2111.02 | 8605.57 | 8348.84
130 | 0.14 | 8109.71 | 20631.62 | 5221.28 | 741.94 | 3709.70 | 8827.10 | 8484.40
125 | 0.06 | 8039.98 | 21471.42 | 6751.69 | 320.73 | 1603.66 | 8336.11 | 8214.35
122 | 0.10 | 8265.44 | 21798.87 | 6085.55 | 519.97 | 2599.86 | 8633.41 | 8483.15
139 | 0.14 | 8427.23 | 22356.70 | 5297.29 | 713.98 | 3569.92 | 8767.26 | 8662.15
Vehicle 4
Charging tour: 
162  -> 166  -> 167  -> 159  -> 158  -> 174  -> 177  -> 168  -> 182  -> 185  -> 161  -> 165  -> 172  -> 169  -> 188  -> 164  -> 160  -> 171  -> 170  -> 180  -> 183  -> 163  -> 176  -> 186  -> 178  -> 175  -> 187  -> 179  -> 181  -> 173  -> 189  -> 184  -> 
Charging time: 
460.76065676651524  + 545.757112655134  + 233.0398902976788  + 1105.345191840653  + 1220.0344251850565  + 652.7829371614013  + 342.07862602917993  + 503.5726640337398  + 493.14368382831316  + 212.19564760489814  + 318.33656767806895  + 310.5649161439743  + 450.79993785422147  + 848.9532573807817  + 511.100580400021  + 696.9710048429041  + 318.9269598639035  + 576.4651702635989  + 662.0376761468539  + 249.8008901071096  + 384.8831238482733  + 645.6485320584893  + 434.67814536659904  + 496.32242922939525  + 528.6146168304797  + 303.62988551031077  + 503.54800858420276  + 300.6575087244003  + 352.22106513076125  + 541.4191980231182  + 1058.5653623249746  + 679.5364629028511  + 
total node:32/32
-------------------
Traveling energy: 2077.9390748628325
Charging energy: 84711.96067308931
Total energy used: 86789.89974795215
-------------------
Total time for travel: 2077.9390748628325
Total time for charging: 16942.39213461786
Charging round duration: 19020.331209480693
-------------------
ID | p | E0 | time_arrive | E_remain | time_charge | energy_charge| E_after_charge | E_after_cycle
162 | 0.11 | 8563.22 | 148.53 | 8546.88 | 460.76 | 2303.80 | 10800.00 | 8246.66
166 | 0.14 | 8238.06 | 646.01 | 8147.62 | 545.76 | 2728.79 | 10800.00 | 7631.84
167 | 0.06 | 9721.22 | 1207.34 | 9648.78 | 233.04 | 1165.20 | 10800.00 | 9457.14
159 | 0.23 | 5870.79 | 1492.56 | 5527.50 | 1105.35 | 5526.73 | 10800.00 | 5918.58
158 | 0.23 | 5601.53 | 2700.40 | 4980.44 | 1220.03 | 6100.17 | 10800.00 | 6222.77
174 | 0.18 | 8361.87 | 3934.89 | 7653.59 | 652.78 | 3263.91 | 10800.00 | 7337.92
177 | 0.10 | 9591.52 | 4677.02 | 9123.81 | 342.08 | 1710.39 | 10800.00 | 8919.76
168 | 0.11 | 8891.05 | 5031.97 | 8337.53 | 503.57 | 2517.86 | 10800.00 | 8788.55
182 | 0.15 | 9251.01 | 5618.37 | 8408.25 | 493.14 | 2465.72 | 10800.00 | 8143.51
185 | 0.05 | 10056.68 | 6140.95 | 9749.63 | 212.20 | 1060.98 | 10800.00 | 9926.58
161 | 0.06 | 9546.56 | 6374.11 | 9164.11 | 318.34 | 1591.68 | 10736.69 | 9708.95
165 | 0.06 | 9674.21 | 6806.67 | 9265.81 | 310.56 | 1552.82 | 10800.00 | 9797.75
172 | 0.10 | 9308.35 | 7172.71 | 8591.08 | 450.80 | 2254.00 | 10800.00 | 9180.20
169 | 0.17 | 8007.06 | 7691.19 | 6699.56 | 848.95 | 4244.77 | 10800.00 | 8202.18
188 | 0.13 | 9436.44 | 8657.70 | 8310.94 | 511.10 | 2555.50 | 10800.00 | 8895.15
164 | 0.12 | 8511.45 | 9272.27 | 7398.78 | 696.97 | 3484.86 | 10800.00 | 9137.73
160 | 0.06 | 9528.89 | 10026.97 | 8927.27 | 318.93 | 1594.63 | 10502.77 | 9694.23
171 | 0.11 | 9121.31 | 10365.69 | 7981.09 | 576.47 | 2882.33 | 10800.00 | 9383.28
170 | 0.12 | 8888.04 | 10989.88 | 7569.26 | 662.04 | 3310.19 | 10800.00 | 9339.66
180 | 0.05 | 10138.14 | 11732.83 | 9551.50 | 249.80 | 1249.00 | 10788.01 | 10196.07
183 | 0.08 | 9870.51 | 12051.65 | 8906.38 | 384.88 | 1924.42 | 10800.00 | 9889.21
163 | 0.11 | 8629.36 | 12591.29 | 7244.32 | 645.65 | 3228.24 | 10401.54 | 9237.24
176 | 0.08 | 9321.90 | 13351.81 | 8253.75 | 434.68 | 2173.39 | 10392.37 | 9589.57
186 | 0.09 | 9184.61 | 13840.32 | 7938.98 | 496.32 | 2481.61 | 10375.92 | 9522.29
178 | 0.10 | 9581.71 | 14401.94 | 8141.51 | 528.61 | 2643.07 | 10731.73 | 9842.64
175 | 0.06 | 10008.96 | 14971.78 | 9110.65 | 303.63 | 1518.15 | 10610.58 | 10097.82
187 | 0.11 | 10019.83 | 15292.50 | 8337.65 | 503.55 | 2517.74 | 10800.00 | 9917.21
179 | 0.06 | 10107.91 | 15859.27 | 9156.35 | 300.66 | 1503.29 | 10641.60 | 10181.91
181 | 0.07 | 10066.18 | 16194.50 | 8932.57 | 352.22 | 1761.11 | 10669.02 | 10159.79
173 | 0.10 | 9355.10 | 16575.49 | 7697.55 | 541.42 | 2707.10 | 10350.51 | 9680.05
189 | 0.23 | 9694.45 | 17147.00 | 5750.64 | 1058.57 | 5292.83 | 10800.00 | 9508.35
184 | 0.13 | 9689.75 | 18234.41 | 7319.28 | 679.54 | 3397.68 | 10628.62 | 9990.65
Vehicle 5
Charging tour: 
226  -> 219  -> 199  -> 193  -> 200  -> 223  -> 204  -> 228  -> 196  -> 213  -> 232  -> 218  -> 197  -> 201  -> 221  -> 224  -> 212  -> 229  -> 194  -> 191  -> 207  -> 220  -> 209  -> 202  -> 192  -> 222  -> 203  -> 214  -> 231  -> 211  -> 205  -> 230  -> 206  -> 195  -> 215  -> 190  -> 225  -> 227  -> 216  -> 208  -> 217  -> 198  -> 210  -> 
Charging time: 
356.55955140468694  + 602.1287631202521  + 651.8682245502688  + 257.95335670974725  + 405.5760655582471  + 403.858543471477  + 605.5547559079486  + 684.93332334984  + 305.648936720494  + 729.6452859871815  + 698.5342207968686  + 590.5553974862213  + 701.914429039631  + 453.61696691854536  + 405.12690315848363  + 651.8798440109895  + 351.86353425091977  + 352.01893308512047  + 510.6511150912661  + 453.9383294166876  + 243.5718196249219  + 503.4602371744812  + 716.8741590827166  + 405.64597591840163  + 721.7056785862566  + 405.7216956391489  + 799.2849890733489  + 356.21495172212343  + 299.6924817802548  + 302.8681288051117  + 503.7210866965295  + 552.7535447401709  + 356.766855120968  + 677.1904488697699  + 552.7188397403139  + 454.4447522837562  + 305.3430449331393  + 453.2462489281427  + 720.1196665270228  + 302.475919003214  + 258.59999866285347  + 552.7705276487883  + 552.8331427408822  + 
total node:43/43
-------------------
Traveling energy: 2140.746633314032
Charging energy: 105859.25336668595
Total energy used: 107999.99999999999
-------------------
Total time for travel: 2140.746633314032
Total time for charging: 21171.85067333719
Charging round duration: 23312.597306651223
-------------------
ID | p | E0 | time_arrive | E_remain | time_charge | energy_charge| E_after_charge | E_after_cycle
226 | 0.07 | 6499.18 | 185.13 | 6486.22 | 356.56 | 1782.80 | 8244.06 | 6614.47
219 | 0.12 | 6597.58 | 581.35 | 6527.81 | 602.13 | 3010.64 | 9466.20 | 6749.65
199 | 0.13 | 6602.01 | 1185.24 | 6447.93 | 651.87 | 3259.34 | 9622.53 | 6764.56
193 | 0.05 | 6416.84 | 1893.57 | 6322.16 | 257.95 | 1289.77 | 7599.03 | 6515.54
200 | 0.08 | 6529.96 | 2209.00 | 6353.24 | 405.58 | 2027.88 | 8348.67 | 6652.12
223 | 0.08 | 6557.73 | 2769.82 | 6336.14 | 403.86 | 2019.29 | 8323.12 | 6671.30
204 | 0.12 | 6560.25 | 3182.57 | 6178.34 | 605.55 | 3027.77 | 9133.45 | 6729.45
228 | 0.12 | 5799.97 | 3871.51 | 5335.39 | 684.93 | 3424.67 | 8677.86 | 6366.06
196 | 0.06 | 6498.62 | 4638.93 | 6220.28 | 305.65 | 1528.24 | 7730.19 | 6597.57
213 | 0.15 | 6805.69 | 4971.35 | 6059.99 | 729.65 | 3648.23 | 9598.77 | 6880.70
232 | 0.14 | 6634.88 | 5819.93 | 5820.09 | 698.53 | 3492.67 | 9214.96 | 6792.54
218 | 0.11 | 6166.30 | 6566.42 | 5443.99 | 590.56 | 2952.78 | 8331.81 | 6498.72
197 | 0.14 | 6602.93 | 7217.51 | 5592.47 | 701.91 | 3509.57 | 9003.78 | 6777.49
201 | 0.09 | 6568.19 | 7948.20 | 5852.85 | 453.62 | 2268.08 | 8080.11 | 6692.34
221 | 0.08 | 6537.19 | 8512.09 | 5856.23 | 405.13 | 2025.63 | 7849.45 | 6657.11
224 | 0.13 | 6601.89 | 8929.12 | 5441.11 | 651.88 | 3259.40 | 8615.76 | 6764.50
212 | 0.07 | 6585.92 | 9666.74 | 5909.25 | 351.86 | 1759.32 | 7643.93 | 6677.73
229 | 0.07 | 6583.01 | 10087.61 | 5876.88 | 352.02 | 1760.09 | 7612.33 | 6675.60
194 | 0.10 | 6482.88 | 10448.85 | 5438.00 | 510.65 | 2553.26 | 7940.19 | 6653.99
191 | 0.09 | 6563.54 | 10991.20 | 5574.33 | 453.94 | 2269.69 | 7803.17 | 6689.30
207 | 0.05 | 6795.72 | 11505.94 | 6220.42 | 243.57 | 1217.86 | 7426.10 | 6822.51
220 | 0.10 | 6575.48 | 11756.05 | 5399.87 | 503.46 | 2517.30 | 7866.83 | 6710.63
209 | 0.15 | 6926.93 | 12283.68 | 5084.38 | 716.87 | 3584.37 | 8561.22 | 6938.08
202 | 0.08 | 6528.83 | 13008.52 | 5488.15 | 405.65 | 2028.23 | 7483.93 | 6651.34
192 | 0.14 | 6421.85 | 13467.56 | 4536.40 | 721.71 | 3608.53 | 8043.89 | 6695.38
222 | 0.08 | 6527.61 | 14193.45 | 5392.14 | 405.72 | 2028.61 | 7388.29 | 6650.50
203 | 0.16 | 6626.91 | 14695.35 | 4275.65 | 799.28 | 3996.42 | 8144.19 | 6811.90
214 | 0.07 | 6505.47 | 15519.43 | 5419.11 | 356.21 | 1781.07 | 7175.25 | 6619.04
231 | 0.06 | 6627.78 | 15903.52 | 5673.57 | 299.69 | 1498.46 | 7154.05 | 6696.95
211 | 0.06 | 6558.28 | 16216.06 | 5585.32 | 302.87 | 1514.34 | 7081.49 | 6643.34
205 | 0.10 | 6572.07 | 16532.56 | 4918.82 | 503.72 | 2518.61 | 7387.05 | 6708.53
230 | 0.11 | 6588.00 | 17062.88 | 4711.09 | 552.75 | 2763.77 | 7414.05 | 6731.41
206 | 0.07 | 6495.40 | 17644.11 | 5260.31 | 356.77 | 1783.83 | 7019.18 | 6611.73
195 | 0.15 | 7332.85 | 18028.91 | 4628.52 | 677.19 | 3385.95 | 7912.89 | 7145.59
215 | 0.11 | 6588.42 | 18736.79 | 4527.37 | 552.72 | 2763.59 | 7230.16 | 6731.65
190 | 0.09 | 6556.23 | 19338.40 | 4815.77 | 454.44 | 2272.22 | 7047.09 | 6684.52
225 | 0.06 | 6505.13 | 19849.41 | 5314.16 | 305.34 | 1526.72 | 6822.56 | 6602.55
227 | 0.09 | 6573.56 | 20241.34 | 4751.84 | 453.25 | 2266.23 | 6977.28 | 6695.86
216 | 0.15 | 6895.71 | 20707.44 | 3789.60 | 720.12 | 3600.60 | 7282.18 | 6923.09
208 | 0.06 | 6566.79 | 21501.10 | 5276.72 | 302.48 | 1512.38 | 6770.95 | 6649.88
217 | 0.05 | 6400.80 | 21813.19 | 5310.14 | 258.60 | 1293.00 | 6590.21 | 6502.72
198 | 0.11 | 6587.80 | 22090.25 | 4157.87 | 552.77 | 2763.85 | 6860.92 | 6731.29
210 | 0.11 | 6587.05 | 22673.23 | 4093.00 | 552.83 | 2764.17 | 6796.35 | 6730.86
Vehicle 6
Charging tour: 
235  -> 271  -> 262  -> 236  -> 253  -> 257  -> 252  -> 270  -> 243  -> 256  -> 268  -> 248  -> 246  -> 242  -> 254  -> 234  -> 265  -> 251  -> 247  -> 266  -> 272  -> 239  -> 269  -> 244  -> 245  -> 273  -> 260  -> 258  -> 259  -> 263  -> 237  -> 255  -> 241  -> 264  -> 267  -> 233  -> 249  -> 261  -> 240  -> 250  -> 238  -> 
Charging time: 
303.05387231750535  + 300.5288709107623  + 460.83295264875494  + 409.9210731986204  + 361.3192152779178  + 497.76466237067007  + 300.6194626187007  + 509.5835884319037  + 360.8557566618407  + 361.6100080894022  + 357.14414800188644  + 543.7574773154764  + 460.98044718565944  + 567.4436731662082  + 410.09073041614374  + 713.5397290404386  + 412.00695567110205  + 558.2827631795388  + 558.3933144747245  + 647.9651577875036  + 509.7308479980074  + 686.9913047160991  + 558.3822151718186  + 558.5042230511582  + 655.3537638328977  + 558.3376384024539  + 310.62926106850733  + 655.0934240804704  + 700.9177931128274  + 361.89708110255805  + 558.380037257897  + 460.9673405485535  + 360.86260057420725  + 606.7732862979335  + 751.2831194377337  + 359.8952212647048  + 763.8042886052607  + 800.0783283693181  + 557.811779134778  + 708.5412101793239  + 460.99411661930696  + 
total node:41/41
-------------------
Traveling energy: 1944.6801709793428
Charging energy: 105204.61369795287
Total energy used: 107149.2938689322
-------------------
Total time for travel: 1944.6801709793428
Total time for charging: 21040.922739590573
Charging round duration: 22985.602910569916
-------------------
ID | p | E0 | time_arrive | E_remain | time_charge | energy_charge| E_after_charge | E_after_cycle
235 | 0.05 | 7916.18 | 18.73 | 7915.24 | 303.05 | 1515.27 | 9415.36 | 8240.38
271 | 0.05 | 7982.69 | 501.24 | 7957.63 | 300.53 | 1502.64 | 9445.25 | 8294.26
262 | 0.08 | 8329.37 | 825.60 | 8263.32 | 460.83 | 2304.16 | 10530.62 | 8727.82
236 | 0.07 | 8193.38 | 1351.12 | 8098.81 | 409.92 | 2049.61 | 10119.72 | 8575.49
253 | 0.06 | 7967.57 | 1855.74 | 7856.22 | 361.32 | 1806.60 | 9641.14 | 8344.88
257 | 0.10 | 8593.39 | 2324.41 | 8360.95 | 497.76 | 2488.82 | 10800.00 | 8700.07
252 | 0.05 | 7980.29 | 2919.53 | 7834.31 | 300.62 | 1503.10 | 9322.38 | 8292.31
270 | 0.09 | 8474.08 | 3305.23 | 8176.61 | 509.58 | 2547.92 | 10678.67 | 8878.07
243 | 0.06 | 7977.80 | 3857.97 | 7746.32 | 360.86 | 1804.28 | 9528.95 | 8352.79
256 | 0.06 | 7961.16 | 4242.54 | 7706.61 | 361.61 | 1808.05 | 9492.96 | 8339.92
268 | 0.06 | 8060.71 | 4670.16 | 7780.50 | 357.14 | 1785.72 | 9544.79 | 8417.14
248 | 0.11 | 8697.68 | 5060.46 | 8141.03 | 543.76 | 2718.79 | 10800.00 | 8796.10
246 | 0.08 | 8326.70 | 5634.79 | 7875.92 | 460.98 | 2304.90 | 10143.94 | 8725.89
242 | 0.11 | 8697.63 | 6113.03 | 8025.20 | 567.44 | 2837.22 | 10800.00 | 8914.49
254 | 0.07 | 8189.99 | 6684.48 | 7722.08 | 410.09 | 2050.45 | 9743.83 | 8572.95
234 | 0.12 | 8069.17 | 7137.13 | 7212.71 | 713.54 | 3567.70 | 10694.78 | 8778.29
265 | 0.07 | 8151.90 | 7898.58 | 7599.00 | 412.01 | 2060.03 | 9630.20 | 8544.44
251 | 0.10 | 8594.32 | 8356.20 | 7758.70 | 558.28 | 2791.41 | 10494.28 | 9003.58
247 | 0.10 | 8592.61 | 9012.47 | 7691.37 | 558.39 | 2791.97 | 10427.50 | 9002.44
266 | 0.12 | 8788.99 | 9592.17 | 7637.93 | 647.97 | 3239.83 | 10800.00 | 9170.24
272 | 0.09 | 8471.63 | 10260.27 | 7548.21 | 509.73 | 2548.65 | 10050.99 | 8876.36
239 | 0.12 | 8380.99 | 10798.20 | 7085.21 | 686.99 | 3434.96 | 10437.73 | 8957.38
269 | 0.10 | 8592.79 | 11505.27 | 7442.26 | 558.38 | 2791.91 | 10178.33 | 9002.55
244 | 0.10 | 8590.91 | 12085.09 | 7382.40 | 558.50 | 2792.52 | 10119.07 | 9001.28
245 | 0.12 | 8785.59 | 12656.57 | 7266.80 | 655.35 | 3276.77 | 10464.93 | 9203.79
273 | 0.10 | 8593.47 | 13365.88 | 7256.88 | 558.34 | 2791.69 | 9992.74 | 9003.01
260 | 0.05 | 7723.13 | 13937.75 | 7026.24 | 310.63 | 1553.15 | 8563.85 | 8085.20
258 | 0.12 | 8789.08 | 14271.83 | 7076.46 | 655.09 | 3275.47 | 10273.32 | 9205.98
259 | 0.13 | 8899.01 | 14929.80 | 6958.14 | 700.92 | 3504.59 | 10371.61 | 9306.81
263 | 0.06 | 7954.84 | 15632.97 | 7016.87 | 361.90 | 1809.49 | 8804.64 | 8335.04
237 | 0.10 | 8592.82 | 16020.37 | 6990.78 | 558.38 | 2791.90 | 9726.84 | 9002.57
255 | 0.08 | 8326.94 | 16603.63 | 6998.65 | 460.97 | 2304.84 | 9266.61 | 8726.06
241 | 0.06 | 7977.65 | 17132.91 | 6949.67 | 360.86 | 1804.31 | 8732.34 | 8352.67
264 | 0.11 | 8698.25 | 17537.65 | 6769.11 | 606.77 | 3033.87 | 9736.23 | 9111.75
267 | 0.14 | 8941.08 | 18163.25 | 6398.22 | 751.28 | 3756.42 | 10049.46 | 9362.49
233 | 0.06 | 7999.09 | 18938.43 | 6862.79 | 359.90 | 1799.48 | 8640.67 | 8369.28
249 | 0.14 | 8794.51 | 19340.38 | 6086.85 | 763.80 | 3819.02 | 9798.94 | 9278.52
261 | 0.15 | 8995.48 | 20136.06 | 5975.07 | 800.08 | 4000.39 | 9855.45 | 9422.65
240 | 0.10 | 8601.57 | 20984.79 | 6503.09 | 557.81 | 2789.06 | 9236.37 | 9008.49
250 | 0.13 | 8803.27 | 21638.70 | 5990.23 | 708.54 | 3542.71 | 9440.83 | 9249.18
238 | 0.08 | 8326.46 | 22373.52 | 6536.57 | 460.99 | 2304.97 | 8804.66 | 8725.71
Vehicle 7
Charging tour: 
297  -> 286  -> 277  -> 276  -> 290  -> 280  -> 299  -> 284  -> 281  -> 274  -> 292  -> 296  -> 291  -> 312  -> 309  -> 303  -> 310  -> 306  -> 313  -> 289  -> 278  -> 304  -> 300  -> 298  -> 294  -> 275  -> 305  -> 285  -> 288  -> 287  -> 279  -> 307  -> 283  -> 293  -> 302  -> 311  -> 301  -> 295  -> 282  -> 308  -> 
Charging time: 
352.5826211217199  + 408.0181404051647  + 305.83142519741443  + 523.2734178622569  + 458.50424721995313  + 407.69984876801794  + 458.2518333920621  + 358.8395506088737  + 458.76687039910377  + 406.29663853810587  + 408.81445153177697  + 358.8723983351899  + 305.9180851033426  + 458.31245567534955  + 508.294301592712  + 357.339974959344  + 644.303740393182  + 674.9573746629261  + 457.54188921394876  + 605.8062263276563  + 605.8631442622335  + 358.5116981246986  + 766.2743744311597  + 702.6431686143019  + 702.6454862607366  + 458.53218191186727  + 702.6443184983008  + 654.3342335868539  + 758.128377112799  + 705.1340697375017  + 358.81752802850616  + 605.7872101668249  + 557.0882386370889  + 458.57736841889425  + 750.1452270359484  + 702.653067694785  + 800.1603167842261  + 458.9543792472699  + 357.0111319556614  + 556.966683143744  + 
total node:40/40
-------------------
Traveling energy: 2061.5686880510816
Charging energy: 104695.4884748075
Total energy used: 106757.05716285857
-------------------
Total time for travel: 2061.5686880510816
Total time for charging: 20939.0976949615
Charging round duration: 23000.66638301258
-------------------
ID | p | E0 | time_arrive | E_remain | time_charge | energy_charge| E_after_charge | E_after_cycle
297 | 0.06 | 7927.60 | 86.88 | 7922.39 | 352.58 | 1762.91 | 9664.14 | 8261.22
286 | 0.07 | 7992.27 | 503.73 | 7957.00 | 408.02 | 2040.09 | 9968.53 | 8364.85
277 | 0.05 | 7616.22 | 952.36 | 7568.60 | 305.83 | 1529.16 | 9082.46 | 7954.30
276 | 0.10 | 8362.72 | 1267.62 | 8235.96 | 523.27 | 2616.37 | 10800.00 | 8596.94
290 | 0.08 | 8128.27 | 1811.97 | 7983.31 | 458.50 | 2292.52 | 10239.15 | 8515.07
280 | 0.07 | 7998.50 | 2312.80 | 7836.61 | 407.70 | 2038.50 | 9846.57 | 8369.50
299 | 0.08 | 8132.74 | 2744.36 | 7913.20 | 458.25 | 2291.26 | 10167.79 | 8518.29
284 | 0.06 | 7789.37 | 3226.06 | 7595.81 | 358.84 | 1794.20 | 9368.47 | 8154.28
281 | 0.08 | 8123.61 | 3615.25 | 7834.39 | 458.77 | 2293.83 | 10091.53 | 8511.73
274 | 0.07 | 8026.13 | 4125.72 | 7737.33 | 406.30 | 2031.48 | 9740.37 | 8390.11
292 | 0.07 | 7976.70 | 4572.00 | 7656.66 | 408.81 | 2044.07 | 9672.11 | 8353.27
296 | 0.06 | 7788.66 | 5004.75 | 7488.37 | 358.87 | 1794.36 | 9261.20 | 8153.73
291 | 0.05 | 7614.06 | 5404.70 | 7343.82 | 305.92 | 1529.59 | 8858.12 | 7952.58
312 | 0.08 | 8131.67 | 5801.33 | 7667.56 | 458.31 | 2291.56 | 9922.46 | 8517.51
309 | 0.09 | 8248.57 | 6403.62 | 7672.24 | 508.29 | 2541.47 | 10167.97 | 8646.11
303 | 0.06 | 7822.06 | 6990.19 | 7402.65 | 357.34 | 1786.70 | 9167.91 | 8179.47
310 | 0.13 | 8620.66 | 7372.44 | 7662.24 | 644.30 | 3221.52 | 10800.00 | 8745.39
306 | 0.15 | 8745.30 | 8125.65 | 7526.46 | 674.96 | 3374.79 | 10800.00 | 8546.87
313 | 0.08 | 8145.36 | 8921.82 | 7431.62 | 457.54 | 2287.71 | 9682.72 | 8527.36
289 | 0.11 | 8458.83 | 9388.16 | 7426.13 | 605.81 | 3029.03 | 10388.52 | 8867.50
278 | 0.11 | 8458.04 | 10061.68 | 7351.25 | 605.86 | 3029.32 | 10313.92 | 8866.99
304 | 0.06 | 7796.49 | 10693.29 | 7154.89 | 358.51 | 1792.56 | 8925.94 | 8159.76
300 | 0.15 | 8748.09 | 11096.80 | 7083.57 | 766.27 | 3831.37 | 10800.00 | 9006.24
298 | 0.13 | 8619.06 | 11900.51 | 7071.99 | 702.64 | 3513.22 | 10493.87 | 9035.49
294 | 0.13 | 8619.03 | 12654.27 | 6973.98 | 702.65 | 3513.23 | 10395.86 | 9035.47
275 | 0.08 | 8127.77 | 13385.35 | 7056.94 | 458.53 | 2292.66 | 9312.92 | 8514.72
305 | 0.13 | 8619.04 | 13888.02 | 6813.60 | 702.64 | 3513.22 | 10235.48 | 9035.48
285 | 0.12 | 8543.44 | 14653.97 | 6784.97 | 654.33 | 3271.67 | 9978.12 | 8956.54
288 | 0.14 | 8602.74 | 15358.79 | 6452.51 | 758.13 | 3790.64 | 10137.01 | 9058.37
287 | 0.13 | 8588.61 | 16214.75 | 6480.69 | 705.13 | 3525.67 | 9914.70 | 9017.49
279 | 0.06 | 7789.85 | 16926.44 | 6774.26 | 358.82 | 1794.09 | 8546.82 | 8154.65
307 | 0.11 | 8459.10 | 17291.15 | 6557.07 | 605.79 | 3028.94 | 9519.37 | 8867.67
283 | 0.10 | 8362.33 | 18011.85 | 6561.15 | 557.09 | 2785.44 | 9290.88 | 8765.63
293 | 0.08 | 8126.97 | 18584.72 | 6640.19 | 458.58 | 2292.89 | 8896.39 | 8514.14
302 | 0.14 | 8694.29 | 19069.08 | 6024.62 | 750.15 | 3750.73 | 9670.32 | 9110.01
311 | 0.13 | 8618.94 | 19879.40 | 6034.62 | 702.65 | 3513.27 | 9456.54 | 9035.41
301 | 0.15 | 8733.04 | 20613.72 | 5640.98 | 800.16 | 4000.80 | 9521.76 | 9160.63
295 | 0.08 | 8120.29 | 21469.77 | 6402.71 | 458.95 | 2294.77 | 8660.77 | 8509.35
282 | 0.06 | 7829.26 | 21945.07 | 6512.56 | 357.01 | 1785.06 | 8276.19 | 8185.03
308 | 0.10 | 8364.16 | 22307.32 | 6133.42 | 556.97 | 2784.83 | 8862.56 | 8766.84
Vehicle 8
Charging tour: 
317  -> 349  -> 331  -> 329  -> 314  -> 337  -> 350  -> 339  -> 316  -> 340  -> 322  -> 324  -> 318  -> 345  -> 335  -> 320  -> 334  -> 326  -> 323  -> 321  -> 336  -> 328  -> 333  -> 346  -> 319  -> 315  -> 338  -> 341  -> 343  -> 342  -> 327  -> 348  -> 330  -> 325  -> 332  -> 352  -> 347  -> 344  -> 351  -> 
Charging time: 
542.2819404892879  + 265.7063696958448  + 328.03907951457234  + 300.8479369680705  + 562.7611035348317  + 248.6458661523612  + 317.7486143824346  + 316.287784893334  + 314.85275640802223  + 296.8505628826918  + 336.56928739947074  + 298.17798090845736  + 597.4075135497646  + 311.66401627594496  + 502.85887220027666  + 439.93008829212056  + 547.2816864993779  + 412.3611210206901  + 552.0261053131902  + 572.2716101845542  + 317.7366900252079  + 486.93028604263367  + 396.0379236259475  + 693.045196460576  + 729.6226789339075  + 448.69926574261405  + 370.0916869316374  + 528.8826308822722  + 611.6853741285719  + 407.84961466359607  + 370.8112761211313  + 513.5753074222763  + 1135.1721787383815  + 313.34814250693927  + 666.6562627846714  + 504.6135936012321  + 409.57180259143007  + 563.4719329248961  + 824.1571892396313  + 
total node:39/39
-------------------
Traveling energy: 2586.49505900828
Charging energy: 91782.64664966422
Total energy used: 94369.1417086725
-------------------
Total time for travel: 2586.49505900828
Total time for charging: 18356.529329932844
Charging round duration: 20943.024388941125
-------------------
ID | p | E0 | time_arrive | E_remain | time_charge | energy_charge| E_after_charge | E_after_cycle
317 | 0.12 | 8171.52 | 148.77 | 8153.66 | 542.28 | 2711.41 | 10800.00 | 8024.35
349 | 0.15 | 9618.45 | 714.16 | 9511.32 | 265.71 | 1328.53 | 10800.00 | 7373.76
331 | 0.10 | 9296.54 | 1039.32 | 9192.61 | 328.04 | 1640.20 | 10800.00 | 8554.59
329 | 0.08 | 9433.70 | 1423.37 | 9319.83 | 300.85 | 1504.24 | 10800.00 | 9032.22
314 | 0.11 | 8238.65 | 1732.29 | 8048.10 | 562.76 | 2813.81 | 10800.00 | 8432.10
337 | 0.08 | 9767.00 | 2379.17 | 9576.66 | 248.65 | 1243.23 | 10800.00 | 9104.51
350 | 0.08 | 9453.67 | 2712.42 | 9236.68 | 317.75 | 1588.74 | 10800.00 | 9136.70
339 | 0.11 | 9591.44 | 3073.53 | 9253.35 | 316.29 | 1581.44 | 10800.00 | 8552.52
316 | 0.06 | 9452.04 | 3456.88 | 9244.63 | 314.85 | 1574.26 | 10800.00 | 9597.02
340 | 0.08 | 9645.05 | 3819.48 | 9339.50 | 296.85 | 1484.25 | 10800.00 | 9223.59
322 | 0.07 | 9431.19 | 4149.66 | 9140.71 | 336.57 | 1682.85 | 10800.00 | 9446.53
324 | 0.06 | 9599.66 | 4544.28 | 9327.00 | 298.18 | 1490.89 | 10800.00 | 9661.26
318 | 0.11 | 8417.86 | 4901.70 | 7878.68 | 597.41 | 2987.04 | 10800.00 | 8784.54
345 | 0.06 | 9594.37 | 5566.46 | 9260.38 | 311.66 | 1558.32 | 10800.00 | 9723.40
335 | 0.13 | 9119.36 | 5909.86 | 8351.08 | 502.86 | 2514.29 | 10800.00 | 8536.86
320 | 0.08 | 9150.62 | 6486.64 | 8631.69 | 439.93 | 2199.65 | 10796.15 | 9444.56
334 | 0.13 | 9037.21 | 6942.06 | 8134.74 | 547.28 | 2736.41 | 10800.00 | 8676.83
326 | 0.08 | 9376.54 | 7567.00 | 8771.18 | 412.36 | 2061.81 | 10800.00 | 9532.63
323 | 0.10 | 8898.39 | 8033.20 | 8095.07 | 552.03 | 2760.13 | 10800.00 | 9276.38
321 | 0.10 | 8793.10 | 8727.77 | 7920.32 | 572.27 | 2861.36 | 10724.45 | 9272.31
336 | 0.06 | 9502.29 | 9409.91 | 8937.69 | 317.74 | 1588.68 | 10507.31 | 9661.68
328 | 0.09 | 9286.98 | 9753.42 | 8409.17 | 486.93 | 2434.65 | 10800.00 | 9577.70
333 | 0.08 | 9672.82 | 10266.56 | 8851.49 | 396.04 | 1980.19 | 10800.00 | 9747.29
346 | 0.16 | 9176.58 | 10818.23 | 7445.66 | 693.05 | 3465.23 | 10800.00 | 8830.37
319 | 0.12 | 8276.13 | 11657.92 | 6877.18 | 729.62 | 3648.11 | 10437.74 | 9065.67
315 | 0.08 | 8971.79 | 12534.80 | 7969.00 | 448.70 | 2243.50 | 10176.60 | 9309.57
338 | 0.07 | 9517.72 | 13068.45 | 8602.93 | 370.09 | 1850.46 | 10427.48 | 9700.68
341 | 0.11 | 9699.48 | 13506.51 | 8213.76 | 528.88 | 2644.41 | 10800.00 | 9723.53
343 | 0.13 | 9646.87 | 14044.44 | 7821.09 | 611.69 | 3058.43 | 10800.00 | 9608.51
342 | 0.08 | 9870.39 | 14684.48 | 8695.63 | 407.85 | 2039.25 | 10702.25 | 10003.92
327 | 0.07 | 9499.25 | 15200.90 | 8435.19 | 370.81 | 1854.06 | 10263.29 | 9685.81
348 | 0.11 | 10004.03 | 15594.63 | 8288.62 | 513.58 | 2567.88 | 10800.00 | 9951.54
330 | 0.18 | 7979.12 | 16146.25 | 5072.80 | 1135.17 | 5675.86 | 10544.33 | 9367.12
325 | 0.06 | 9635.37 | 17336.43 | 8595.18 | 313.35 | 1566.74 | 10143.12 | 9772.82
332 | 0.12 | 9057.82 | 17659.02 | 6938.73 | 666.66 | 3333.28 | 10192.02 | 9532.52
352 | 0.10 | 9972.07 | 18373.83 | 8134.69 | 504.61 | 2523.07 | 10607.29 | 10112.99
347 | 0.08 | 9828.88 | 18907.01 | 8316.32 | 409.57 | 2047.86 | 10331.42 | 9971.03
344 | 0.11 | 9823.46 | 19343.36 | 7695.69 | 563.47 | 2817.36 | 10451.07 | 10020.46
351 | 0.17 | 10210.63 | 19948.90 | 6819.32 | 824.16 | 4120.79 | 10800.00 | 10281.77
Vehicle 9
Charging tour: 
392  -> 365  -> 368  -> 387  -> 371  -> 361  -> 355  -> 356  -> 353  -> 369  -> 377  -> 357  -> 374  -> 384  -> 389  -> 360  -> 367  -> 391  -> 364  -> 366  -> 379  -> 378  -> 388  -> 359  -> 386  -> 373  -> 376  -> 385  -> 372  -> 363  -> 382  -> 380  -> 393  -> 358  -> 375  -> 362  -> 381  -> 390  -> 354  -> 383  -> 370  -> 
Charging time: 
700.8414222581051  + 512.1951021278962  + 316.5603363860614  + 703.5108189733793  + 464.20638573852074  + 703.5116265035131  + 463.6007890931637  + 655.8010363191039  + 560.1243915811388  + 650.68921971952  + 655.7941502796508  + 608.0359451472032  + 266.3129216317777  + 512.2066480573227  + 655.8012475152041  + 560.2051274854333  + 512.2771317083563  + 608.0381080924666  + 316.37689682703757  + 464.1849347294804  + 655.5388112840159  + 415.80804031735653  + 463.9436882910431  + 367.26752511514917  + 703.1295545238858  + 255.19420682254184  + 464.0822148807211  + 415.0520852644668  + 464.16739387535966  + 560.2027451472275  + 464.14119059488695  + 366.63870329260504  + 655.8029775057354  + 560.2101583361203  + 647.987303129355  + 726.4238915992095  + 655.5148332810463  + 318.1474572673629  + 512.2849745920394  + 317.133492175856  + 367.1984918736595  + 
total node:41/41
-------------------
Traveling energy: 1769.2801032801272
Charging energy: 106230.71989671991
Total energy used: 108000.00000000003
-------------------
Total time for travel: 1769.2801032801272
Total time for charging: 21246.143979343982
Charging round duration: 23015.424082624108
-------------------
ID | p | E0 | time_arrive | E_remain | time_charge | energy_charge| E_after_charge | E_after_cycle
392 | 0.14 | 6418.92 | 28.48 | 6414.93 | 700.84 | 3504.21 | 9821.02 | 6588.12
365 | 0.10 | 6273.62 | 850.84 | 6188.54 | 512.20 | 2560.98 | 8698.29 | 6452.45
368 | 0.06 | 6090.43 | 1396.46 | 6006.65 | 316.56 | 1582.80 | 7570.46 | 6243.95
387 | 0.14 | 6394.56 | 1794.12 | 6143.38 | 703.51 | 3517.55 | 9562.45 | 6577.11
371 | 0.09 | 6229.96 | 2532.96 | 6001.99 | 464.21 | 2321.03 | 8281.24 | 6407.06
361 | 0.14 | 6394.55 | 3001.70 | 5974.32 | 703.51 | 3517.56 | 9393.38 | 6577.11
355 | 0.09 | 6238.09 | 3755.88 | 5900.06 | 463.60 | 2318.00 | 8176.34 | 6412.17
356 | 0.13 | 6369.79 | 4234.10 | 5819.35 | 655.80 | 3279.01 | 9013.10 | 6552.00
353 | 0.11 | 6310.47 | 4953.32 | 5765.60 | 560.12 | 2800.62 | 8504.61 | 6490.73
369 | 0.13 | 6419.83 | 5605.16 | 5691.16 | 650.69 | 3253.45 | 8860.01 | 6576.48
377 | 0.13 | 6369.85 | 6271.89 | 5554.51 | 655.79 | 3278.97 | 8748.22 | 6552.03
357 | 0.12 | 6341.70 | 6947.61 | 5507.98 | 608.04 | 3040.18 | 8475.20 | 6523.30
374 | 0.05 | 6032.97 | 7611.46 | 5652.40 | 266.31 | 1331.56 | 6970.65 | 6173.46
384 | 0.10 | 6273.48 | 7914.44 | 5482.03 | 512.21 | 2561.03 | 7991.85 | 6452.36
389 | 0.13 | 6369.78 | 8454.18 | 5270.74 | 655.80 | 3279.01 | 8464.49 | 6552.00
360 | 0.11 | 6309.56 | 9169.90 | 5300.87 | 560.21 | 2801.03 | 8040.28 | 6490.23
367 | 0.10 | 6272.61 | 9740.94 | 5298.52 | 512.28 | 2561.39 | 7808.68 | 6451.85
391 | 0.12 | 6341.68 | 10356.30 | 5098.92 | 608.04 | 3040.19 | 8066.15 | 6523.29
364 | 0.06 | 6093.97 | 11081.16 | 5429.10 | 316.38 | 1581.88 | 6992.00 | 6246.56
366 | 0.09 | 6230.24 | 11448.39 | 5199.89 | 464.18 | 2320.92 | 7479.04 | 6407.24
379 | 0.13 | 6372.33 | 11952.35 | 4818.53 | 655.54 | 3277.69 | 8011.00 | 6553.24
378 | 0.08 | 6182.31 | 12641.06 | 5171.02 | 415.81 | 2079.04 | 7216.80 | 6355.63
388 | 0.09 | 6233.48 | 13082.06 | 5056.10 | 463.94 | 2319.72 | 7334.06 | 6409.27
359 | 0.07 | 6124.48 | 13570.37 | 5174.55 | 367.27 | 1836.34 | 6985.18 | 6293.31
386 | 0.14 | 6398.03 | 13983.52 | 4440.34 | 703.13 | 3515.65 | 7857.55 | 6578.67
373 | 0.05 | 6295.83 | 14694.11 | 5561.12 | 255.19 | 1275.97 | 6824.33 | 6380.72
376 | 0.09 | 6231.62 | 14969.78 | 4884.34 | 464.08 | 2320.41 | 7162.99 | 6408.10
385 | 0.08 | 6193.57 | 15456.79 | 4957.02 | 415.05 | 2075.26 | 6999.08 | 6363.11
372 | 0.09 | 6230.48 | 15900.32 | 4799.45 | 464.17 | 2320.84 | 7078.51 | 6407.38
363 | 0.11 | 6309.59 | 16393.13 | 4506.34 | 560.20 | 2801.01 | 7245.73 | 6490.24
382 | 0.09 | 6230.83 | 16960.45 | 4704.39 | 464.14 | 2320.71 | 6983.32 | 6407.61
380 | 0.07 | 6134.98 | 17466.58 | 4912.32 | 366.64 | 1833.19 | 6719.85 | 6300.67
393 | 0.13 | 6369.77 | 17846.98 | 4049.66 | 655.80 | 3279.01 | 7243.42 | 6551.99
358 | 0.11 | 6309.50 | 18516.77 | 4272.66 | 560.21 | 2801.05 | 7012.09 | 6490.20
375 | 0.13 | 6446.60 | 19098.43 | 3963.80 | 647.99 | 3239.94 | 7119.50 | 6589.74
362 | 0.15 | 6635.21 | 19769.20 | 3669.83 | 726.42 | 3632.12 | 7192.99 | 6694.11
381 | 0.13 | 6372.57 | 20505.50 | 3706.85 | 655.51 | 3277.57 | 6899.21 | 6553.35
390 | 0.06 | 6060.05 | 21235.79 | 4785.90 | 318.15 | 1590.74 | 6357.55 | 6221.50
354 | 0.10 | 6272.52 | 21565.34 | 4115.98 | 512.28 | 2561.42 | 6626.18 | 6451.80
383 | 0.06 | 6079.43 | 22083.81 | 4754.40 | 317.13 | 1585.67 | 6321.04 | 6235.81
370 | 0.07 | 6125.63 | 22501.93 | 4550.49 | 367.20 | 1835.99 | 6360.78 | 6294.12
Vehicle 10
Charging tour: 
398  -> 425  -> 395  -> 422  -> 401  -> 430  -> 420  -> 403  -> 410  -> 396  -> 406  -> 417  -> 421  -> 402  -> 394  -> 397  -> 414  -> 400  -> 428  -> 405  -> 413  -> 432  -> 419  -> 411  -> 412  -> 423  -> 408  -> 407  -> 426  -> 409  -> 427  -> 415  -> 418  -> 431  -> 404  -> 429  -> 416  -> 399  -> 424  -> 
Charging time: 
518.9428582703802  + 519.0479318934757  + 518.8741339365569  + 469.91215692781924  + 549.8612196754979  + 519.1340378255957  + 420.65087925540905  + 545.3674328663186  + 469.81307598517213  + 613.6102821792343  + 470.08505680352704  + 420.59020972025513  + 367.9780821878904  + 567.6924137609295  + 317.43895858383223  + 469.98827767458965  + 419.71168257659855  + 518.9897330100999  + 368.7246209513265  + 518.9803909976644  + 370.4629818484583  + 567.7920891930255  + 664.4425490146243  + 759.4604626017215  + 664.2295577801768  + 664.4414734287942  + 370.3166635365405  + 664.439347131211  + 369.6978064138215  + 887.588584216995  + 567.6722998546323  + 712.1117025647577  + 420.36808154534884  + 420.3466187355377  + 659.4107823313119  + 664.4396071917221  + 760.5173979583374  + 365.6648854545187  + 805.3167378213537  + 
total node:39/39
-------------------
Traveling energy: 2570.075797506833
Charging energy: 104720.56531852532
Total energy used: 107290.64111603214
-------------------
Total time for travel: 2570.075797506833
Total time for charging: 20944.113063705063
Charging round duration: 23514.188861211896
-------------------
ID | p | E0 | time_arrive | E_remain | time_charge | energy_charge| E_after_charge | E_after_cycle
398 | 0.09 | 8221.47 | 198.69 | 8203.58 | 518.94 | 2594.71 | 10751.59 | 8672.25
425 | 0.09 | 8219.80 | 767.05 | 8150.77 | 519.05 | 2595.24 | 10699.29 | 8671.11
395 | 0.09 | 8222.55 | 1351.14 | 8100.95 | 518.87 | 2594.37 | 10648.62 | 8672.99
422 | 0.08 | 8070.48 | 1889.01 | 7919.36 | 469.91 | 2349.56 | 10231.33 | 8514.33
401 | 0.10 | 8349.85 | 2441.70 | 8105.68 | 549.86 | 2749.31 | 10800.00 | 8717.01
430 | 0.09 | 8218.44 | 3006.82 | 7947.82 | 519.13 | 2595.67 | 10496.77 | 8670.18
420 | 0.07 | 7888.65 | 3546.97 | 7640.36 | 420.65 | 2103.25 | 9714.17 | 8324.40
403 | 0.12 | 8619.82 | 4010.12 | 8138.61 | 545.37 | 2726.84 | 10800.00 | 8488.08
410 | 0.08 | 8072.19 | 4575.58 | 7706.14 | 469.81 | 2349.07 | 10017.62 | 8515.54
396 | 0.11 | 8369.76 | 5184.65 | 7799.45 | 613.61 | 3068.05 | 10800.00 | 8817.45
406 | 0.08 | 8067.52 | 5945.10 | 7591.91 | 470.09 | 2350.43 | 9904.73 | 8512.22
417 | 0.07 | 7889.78 | 6473.42 | 7436.65 | 420.59 | 2102.95 | 9510.16 | 8325.23
421 | 0.06 | 7729.57 | 6932.10 | 7313.65 | 367.98 | 1839.89 | 9131.46 | 8140.18
402 | 0.10 | 8350.51 | 7347.05 | 7615.81 | 567.69 | 2838.46 | 10397.50 | 8806.83
394 | 0.05 | 7466.83 | 7971.33 | 7068.26 | 317.44 | 1587.19 | 8639.58 | 7862.95
397 | 0.08 | 8069.18 | 8381.04 | 7398.69 | 469.99 | 2349.94 | 9711.04 | 8513.40
414 | 0.07 | 7906.30 | 8860.37 | 7286.07 | 419.71 | 2098.56 | 9355.25 | 8337.36
400 | 0.09 | 8220.72 | 9365.78 | 7377.80 | 518.99 | 2594.95 | 9926.04 | 8671.74
428 | 0.06 | 7713.92 | 9909.53 | 7119.35 | 368.72 | 1843.62 | 8940.85 | 8128.26
405 | 0.09 | 8220.87 | 10314.29 | 7292.58 | 518.98 | 2594.90 | 9840.78 | 8671.84
413 | 0.06 | 7677.73 | 10864.18 | 7025.88 | 370.46 | 1852.31 | 8855.96 | 8100.76
432 | 0.10 | 8349.05 | 11293.95 | 7219.65 | 567.79 | 2838.96 | 10001.83 | 8805.86
419 | 0.12 | 8561.50 | 11902.00 | 7133.26 | 664.44 | 3322.21 | 10375.74 | 9025.14
411 | 0.14 | 8738.75 | 12611.69 | 6973.11 | 759.46 | 3797.30 | 10664.09 | 9201.05
412 | 0.12 | 8564.25 | 13385.61 | 6957.98 | 664.23 | 3321.15 | 10199.42 | 9026.82
423 | 0.12 | 8561.52 | 14161.83 | 6862.10 | 664.44 | 3322.21 | 10104.57 | 9025.15
408 | 0.06 | 7680.76 | 14911.35 | 6786.08 | 370.32 | 1851.58 | 8615.44 | 8103.06
407 | 0.12 | 8561.55 | 15350.98 | 6719.43 | 664.44 | 3322.20 | 9961.89 | 9025.17
426 | 0.06 | 7693.62 | 16159.99 | 6724.02 | 369.70 | 1848.49 | 8550.33 | 8112.82
409 | 0.16 | 8545.44 | 16541.63 | 5898.78 | 887.59 | 4437.94 | 10194.71 | 9171.95
427 | 0.10 | 8350.81 | 17456.91 | 6605.12 | 567.67 | 2838.36 | 9386.71 | 8807.03
415 | 0.13 | 8654.09 | 18128.13 | 6297.43 | 712.11 | 3560.56 | 9765.42 | 9117.86
418 | 0.07 | 7893.95 | 18880.11 | 6572.35 | 420.37 | 2101.84 | 8644.76 | 8328.29
431 | 0.07 | 7894.36 | 19318.21 | 6542.08 | 420.35 | 2101.73 | 8614.39 | 8328.59
404 | 0.12 | 8626.83 | 19772.45 | 6254.14 | 659.41 | 3297.05 | 9472.07 | 9065.31
429 | 0.12 | 8561.54 | 20548.76 | 6095.69 | 664.44 | 3322.20 | 9338.16 | 9025.17
416 | 0.14 | 8726.60 | 21314.05 | 5742.64 | 760.52 | 3802.59 | 9438.75 | 9194.19
399 | 0.06 | 7778.47 | 22155.03 | 6449.17 | 365.66 | 1828.32 | 8255.55 | 8177.51
424 | 0.15 | 8829.80 | 22568.81 | 5444.48 | 805.32 | 4026.58 | 9350.26 | 9283.16
Vehicle 11
Charging tour: 
435  -> 441  -> 439  -> 445  -> 453  -> 463  -> 433  -> 440  -> 442  -> 464  -> 462  -> 467  -> 460  -> 438  -> 443  -> 434  -> 456  -> 457  -> 447  -> 452  -> 465  -> 444  -> 451  -> 436  -> 458  -> 449  -> 454  -> 469  -> 466  -> 437  -> 448  -> 446  -> 450  -> 459  -> 455  -> 468  -> 470  -> 461  -> 
Charging time: 
508.69872255370717  + 298.64728383142614  + 360.9037312927425  + 277.2439659446949  + 181.79150372358384  + 168.96400967031022  + 468.1003096369668  + 335.3866044260556  + 751.8999524241386  + 354.87182333780703  + 266.37843098702893  + 453.0266850451739  + 325.71185886365055  + 788.1810846964227  + 522.2574279738673  + 615.7962631195335  + 205.80299037548795  + 492.04096328590396  + 740.0794408913546  + 287.32236592579085  + 374.6291355820368  + 459.8993224281388  + 477.8422700588594  + 339.6810002781792  + 422.3095855596447  + 563.0644100545038  + 477.0257136295108  + 298.4325490854367  + 647.0563846708264  + 339.0823008075911  + 877.6614184114484  + 270.44615502665874  + 862.0185177779553  + 551.395278458358  + 378.79695674421725  + 264.5231217236472  + 422.88340446603763  + 791.7766208375333  + 
total node:38/38
-------------------
Traveling energy: 2388.3208770145243
Charging energy: 86108.14781803114
Total energy used: 88496.46869504567
-------------------
Total time for travel: 2388.3208770145243
Total time for charging: 17221.629563606228
Charging round duration: 19609.950440620752
-------------------
ID | p | E0 | time_arrive | E_remain | time_charge | energy_charge| E_after_charge | E_after_cycle
435 | 0.11 | 8325.49 | 118.45 | 8312.46 | 508.70 | 2543.49 | 10800.00 | 8248.63
441 | 0.07 | 9375.64 | 685.34 | 9327.67 | 298.65 | 1493.24 | 10800.00 | 9201.38
439 | 0.08 | 9107.12 | 1034.56 | 9024.35 | 360.90 | 1804.52 | 10800.00 | 9005.92
445 | 0.07 | 9533.76 | 1436.76 | 9433.19 | 277.24 | 1386.22 | 10800.00 | 9252.48
453 | 0.05 | 9988.49 | 1767.12 | 9900.13 | 181.79 | 908.96 | 10800.00 | 9706.37
463 | 0.08 | 10128.01 | 1991.41 | 9968.70 | 168.96 | 844.82 | 10800.00 | 9067.11
433 | 0.09 | 8701.88 | 2225.01 | 8501.63 | 468.10 | 2340.50 | 10800.00 | 8898.45
440 | 0.07 | 9343.10 | 2807.94 | 9146.54 | 335.39 | 1676.93 | 10800.00 | 9352.53
442 | 0.16 | 7676.63 | 3223.92 | 7160.80 | 751.90 | 3759.50 | 10800.00 | 7624.70
464 | 0.15 | 9696.40 | 4116.85 | 9078.87 | 354.87 | 1774.36 | 10800.00 | 7897.54
462 | 0.08 | 9860.90 | 4643.52 | 9489.42 | 266.38 | 1331.89 | 10800.00 | 9287.08
467 | 0.12 | 9182.28 | 4942.05 | 8589.23 | 453.03 | 2265.13 | 10800.00 | 8588.83
460 | 0.10 | 9750.84 | 5468.25 | 9204.01 | 325.71 | 1628.56 | 10800.00 | 8997.25
438 | 0.14 | 7786.85 | 5838.65 | 6969.44 | 788.18 | 3940.91 | 10800.00 | 8392.75
443 | 0.10 | 8909.72 | 6687.79 | 8240.94 | 522.26 | 2611.29 | 10800.00 | 9138.86
434 | 0.10 | 8506.08 | 7234.85 | 7782.60 | 615.80 | 3078.98 | 10800.00 | 9202.92
456 | 0.05 | 10175.19 | 7878.28 | 9781.28 | 205.80 | 1029.01 | 10800.00 | 10013.13
457 | 0.12 | 9380.62 | 8181.50 | 8398.84 | 492.04 | 2460.20 | 10800.00 | 8982.25
447 | 0.14 | 8434.76 | 8796.74 | 7203.21 | 740.08 | 3700.40 | 10800.00 | 8800.15
452 | 0.06 | 9955.28 | 9577.52 | 9380.63 | 287.32 | 1436.61 | 10800.00 | 9962.60
465 | 0.11 | 10057.06 | 9899.93 | 8968.06 | 374.63 | 1873.15 | 10800.00 | 9309.84
444 | 0.08 | 9323.95 | 10299.64 | 8499.98 | 459.90 | 2299.50 | 10762.68 | 9717.73
451 | 0.09 | 9424.52 | 10785.82 | 8453.79 | 477.84 | 2389.21 | 10800.00 | 9669.80
436 | 0.06 | 9467.88 | 11284.45 | 8790.81 | 339.68 | 1698.41 | 10468.83 | 9736.99
458 | 0.09 | 9775.61 | 11657.28 | 8726.46 | 422.31 | 2111.55 | 10800.00 | 9743.23
449 | 0.10 | 9254.54 | 12135.60 | 8040.98 | 563.06 | 2815.32 | 10800.00 | 9687.72
454 | 0.09 | 9609.57 | 12797.39 | 8457.80 | 477.03 | 2385.13 | 10800.00 | 9850.77
469 | 0.08 | 10401.68 | 13374.60 | 9331.71 | 298.43 | 1492.16 | 10800.00 | 9988.13
466 | 0.16 | 9857.60 | 13683.46 | 7668.25 | 647.06 | 3235.28 | 10800.00 | 9281.45
437 | 0.06 | 9484.59 | 14337.79 | 8624.33 | 339.08 | 1695.41 | 10299.39 | 9750.72
448 | 0.14 | 8550.15 | 14710.73 | 6490.65 | 877.66 | 4388.31 | 10756.08 | 9603.45
446 | 0.05 | 9909.73 | 15639.18 | 9127.77 | 270.45 | 1352.23 | 10466.48 | 10070.89
450 | 0.14 | 8705.31 | 15976.65 | 6468.57 | 862.02 | 4310.09 | 10657.98 | 9680.39
459 | 0.10 | 9720.97 | 16909.70 | 8030.00 | 551.40 | 2756.98 | 10731.84 | 10095.80
455 | 0.07 | 9905.22 | 17546.64 | 8676.96 | 378.80 | 1893.98 | 10544.42 | 10131.70
468 | 0.05 | 10131.62 | 17954.47 | 9233.90 | 264.52 | 1322.62 | 10543.29 | 10263.16
470 | 0.08 | 10140.09 | 18255.96 | 8679.62 | 422.88 | 2114.42 | 10760.20 | 10348.79
461 | 0.14 | 9477.59 | 18749.37 | 6852.68 | 791.78 | 3958.88 | 10700.71 | 10101.47
Vehicle 12
Charging tour: 
500  -> 478  -> 486  -> 480  -> 481  -> 483  -> 488  -> 506  -> 492  -> 495  -> 493  -> 502  -> 504  -> 471  -> 477  -> 472  -> 490  -> 508  -> 505  -> 496  -> 507  -> 487  -> 494  -> 473  -> 499  -> 479  -> 476  -> 503  -> 475  -> 484  -> 482  -> 485  -> 489  -> 474  -> 498  -> 491  -> 509  -> 497  -> 501  -> 
Charging time: 
321.74763552798925  + 554.2516877315946  + 708.9604914077307  + 604.8376385257802  + 758.9473378339703  + 559.7582896758886  + 441.2047194982949  + 386.40559442266357  + 382.7997851698858  + 441.07461219109956  + 604.7335348583855  + 551.6171141848527  + 752.2617355594612  + 551.6751337852364  + 381.7671085611556  + 442.9506045618693  + 326.38345074836985  + 708.963907263928  + 708.2628204178949  + 551.8164626631865  + 383.19201978691035  + 771.4995101719985  + 557.2081119751108  + 497.8934474798504  + 639.0351298525447  + 442.8004357464285  + 555.5262991377945  + 604.7849051654961  + 377.9458613403766  + 497.2407483221229  + 604.770282186063  + 386.35756583250355  + 497.76566278013604  + 496.6284666997848  + 764.4229060639748  + 760.1584767569166  + 555.5262699754142  + 551.5603352003653  + 551.48911083971  + 
total node:39/39
-------------------
Traveling energy: 1818.8739504863086
Charging energy: 106181.12604951368
Total energy used: 107999.99999999999
-------------------
Total time for travel: 1818.8739504863086
Total time for charging: 21236.225209902736
Charging round duration: 23055.099160389043
-------------------
ID | p | E0 | time_arrive | E_remain | time_charge | energy_charge| E_after_charge | E_after_cycle
500 | 0.05 | 6013.19 | 95.15 | 6008.44 | 321.75 | 1608.74 | 7601.09 | 6430.86
478 | 0.09 | 6283.28 | 510.07 | 6237.37 | 554.25 | 2771.26 | 8958.74 | 6910.60
486 | 0.12 | 6549.52 | 1074.62 | 6420.57 | 708.96 | 3544.80 | 9880.30 | 7235.75
480 | 0.10 | 6397.52 | 1910.35 | 6206.49 | 604.84 | 3024.19 | 9170.19 | 7039.56
481 | 0.13 | 6628.00 | 2531.39 | 6298.92 | 758.95 | 3794.74 | 9994.99 | 7325.94
483 | 0.12 | 8295.28 | 3366.32 | 7891.33 | 559.76 | 2798.79 | 10622.95 | 8235.50
488 | 0.07 | 6139.15 | 3953.59 | 5862.40 | 441.20 | 2206.02 | 8037.54 | 6677.68
506 | 0.06 | 6008.39 | 4462.85 | 5740.62 | 386.41 | 1932.03 | 7649.47 | 6511.14
492 | 0.06 | 6064.99 | 4886.56 | 5771.80 | 382.80 | 1914.00 | 7662.83 | 6549.70
495 | 0.07 | 6140.96 | 5290.19 | 5770.65 | 441.07 | 2205.37 | 7945.15 | 6678.84
493 | 0.10 | 6398.62 | 5779.04 | 5820.72 | 604.73 | 3023.67 | 8783.91 | 7040.15
502 | 0.09 | 6313.28 | 6396.15 | 5737.63 | 551.62 | 2758.09 | 8446.07 | 6927.44
504 | 0.13 | 6686.90 | 7002.61 | 5776.56 | 752.26 | 3761.31 | 9440.08 | 7351.42
471 | 0.09 | 6312.62 | 7775.16 | 5612.86 | 551.68 | 2758.38 | 8321.58 | 6927.07
477 | 0.06 | 6081.40 | 8334.84 | 5581.31 | 381.77 | 1908.84 | 7467.24 | 6560.94
472 | 0.07 | 6114.96 | 8794.82 | 5499.32 | 442.95 | 2214.75 | 7683.07 | 6662.21
490 | 0.05 | 5927.79 | 9294.26 | 5463.07 | 326.38 | 1631.92 | 7078.67 | 6368.63
508 | 0.12 | 6549.49 | 9679.19 | 5387.99 | 708.96 | 3544.82 | 8847.73 | 7235.74
505 | 0.12 | 6555.98 | 10403.70 | 5307.53 | 708.26 | 3541.31 | 8763.85 | 7238.72
496 | 0.09 | 6311.00 | 11128.45 | 5309.44 | 551.82 | 2759.08 | 8018.86 | 6926.16
507 | 0.06 | 6058.78 | 11710.10 | 5356.18 | 383.19 | 1915.96 | 7249.15 | 6545.46
487 | 0.17 | 8526.36 | 12139.81 | 6462.60 | 771.50 | 3857.50 | 10188.94 | 8334.21
494 | 0.09 | 6249.94 | 13012.79 | 5078.79 | 557.21 | 2786.04 | 7814.68 | 6892.05
473 | 0.08 | 6217.33 | 13625.20 | 5127.32 | 497.89 | 2489.47 | 7576.95 | 6801.08
499 | 0.11 | 6660.68 | 14126.09 | 5106.81 | 639.04 | 3195.18 | 8231.69 | 7235.50
479 | 0.07 | 6117.03 | 14798.43 | 5081.14 | 442.80 | 2214.00 | 7264.15 | 6663.53
476 | 0.09 | 6268.86 | 15267.79 | 4894.76 | 555.53 | 2777.63 | 7622.39 | 6902.56
503 | 0.10 | 6398.08 | 15900.51 | 4808.03 | 604.78 | 3023.92 | 7771.47 | 7039.86
475 | 0.06 | 6142.88 | 16541.62 | 5150.39 | 377.95 | 1889.73 | 7017.44 | 6603.33
484 | 0.08 | 6225.49 | 16962.24 | 4868.52 | 497.24 | 2486.20 | 7314.94 | 6805.98
482 | 0.10 | 6398.23 | 17490.85 | 4649.15 | 604.77 | 3023.85 | 7612.52 | 7039.94
485 | 0.06 | 6009.14 | 18170.72 | 4918.90 | 386.36 | 1931.79 | 6827.50 | 6511.64
489 | 0.08 | 6218.93 | 18612.95 | 4729.89 | 497.77 | 2488.83 | 7178.90 | 6802.04
474 | 0.08 | 6233.17 | 19152.45 | 4700.97 | 496.63 | 2483.14 | 7144.39 | 6810.60
498 | 0.14 | 7086.71 | 19677.62 | 4331.85 | 764.42 | 3822.11 | 8046.94 | 7573.83
491 | 0.13 | 6617.44 | 20460.94 | 3957.51 | 760.16 | 3800.79 | 7659.49 | 7321.44
509 | 0.09 | 6268.86 | 21262.54 | 4355.23 | 555.53 | 2777.63 | 7082.86 | 6902.56
497 | 0.09 | 6313.93 | 21888.29 | 4343.99 | 551.56 | 2757.80 | 7052.15 | 6927.81
501 | 0.09 | 6314.75 | 22452.59 | 4294.02 | 551.49 | 2757.45 | 7001.83 | 6928.26
Vehicle 13
Charging tour: 
511  -> 518  -> 516  -> 522  -> 512  -> 519  -> 513  -> 533  -> 514  -> 532  -> 530  -> 521  -> 541  -> 510  -> 531  -> 520  -> 515  -> 517  -> 523  -> 527  -> 525  -> 537  -> 528  -> 526  -> 540  -> 534  -> 524  -> 529  -> 538  -> 536  -> 535  -> 539  -> 
Charging time: 
463.66969252690717  + 355.53078294657047  + 466.2968844377998  + 522.866891726299  + 595.091396830129  + 470.6153332119602  + 459.7658662502884  + 311.40656013609924  + 518.6248106640039  + 487.2468912728062  + 267.0044212265644  + 326.0472070656624  + 336.2657705913247  + 789.3712536556834  + 371.8720257550204  + 568.2931704178203  + 885.8989585400254  + 522.7858090274366  + 475.65681729500284  + 406.6694215668872  + 531.5260837223676  + 301.6283555922584  + 422.0349922737369  + 274.94587208221276  + 257.7956893026353  + 388.306791943055  + 352.8749650319858  + 334.8145075660836  + 285.6988671857948  + 449.41955298350234  + 308.9765148038227  + 391.9620419800602  + 
total node:32/32
-------------------
Traveling energy: 1917.839161617167
Charging energy: 69504.820998059
Total energy used: 71422.66015967618
-------------------
Total time for travel: 1917.839161617167
Total time for charging: 13900.9641996118
Charging round duration: 15818.803361228967
-------------------
ID | p | E0 | time_arrive | E_remain | time_charge | energy_charge| E_after_charge | E_after_cycle
511 | 0.10 | 8545.58 | 175.63 | 8528.02 | 463.67 | 2318.35 | 10800.00 | 8481.78
518 | 0.09 | 9120.01 | 729.58 | 9054.34 | 355.53 | 1777.65 | 10800.00 | 8753.73
516 | 0.11 | 8643.12 | 1120.99 | 8519.81 | 466.30 | 2331.48 | 10800.00 | 8354.24
522 | 0.14 | 8491.42 | 1661.11 | 8258.87 | 522.87 | 2614.33 | 10800.00 | 7770.75
512 | 0.12 | 8166.31 | 2252.98 | 7895.95 | 595.09 | 2975.46 | 10800.00 | 8283.19
519 | 0.11 | 8817.02 | 2893.91 | 8498.69 | 470.62 | 2353.08 | 10800.00 | 8549.74
513 | 0.09 | 8851.88 | 3437.03 | 8542.55 | 459.77 | 2298.83 | 10800.00 | 9006.78
533 | 0.10 | 9667.40 | 3932.88 | 9274.11 | 311.41 | 1557.03 | 10800.00 | 8842.28
514 | 0.10 | 8692.70 | 4339.62 | 8258.74 | 518.62 | 2593.12 | 10800.00 | 8903.68
532 | 0.14 | 9131.58 | 4997.12 | 8431.98 | 487.25 | 2436.23 | 10800.00 | 8232.81
530 | 0.07 | 9871.30 | 5537.53 | 9483.67 | 267.00 | 1335.02 | 10800.00 | 9538.82
521 | 0.07 | 9599.81 | 5817.47 | 9192.59 | 326.05 | 1630.24 | 10800.00 | 9562.54
541 | 0.12 | 9897.68 | 6155.45 | 9159.02 | 336.27 | 1681.33 | 10800.00 | 8720.43
510 | 0.13 | 7809.48 | 6567.04 | 6955.76 | 789.37 | 3946.86 | 10800.00 | 8659.54
531 | 0.09 | 9642.56 | 7427.19 | 8974.11 | 371.87 | 1859.36 | 10800.00 | 9357.98
520 | 0.11 | 8882.26 | 7829.22 | 8021.05 | 568.29 | 2841.47 | 10800.00 | 9103.37
515 | 0.15 | 7769.71 | 8442.15 | 6503.39 | 885.90 | 4429.49 | 10800.00 | 8625.99
517 | 0.09 | 9076.94 | 9375.81 | 8233.12 | 522.79 | 2613.93 | 10800.00 | 9546.94
523 | 0.09 | 9366.66 | 10023.75 | 8464.53 | 475.66 | 2378.28 | 10800.00 | 9601.02
527 | 0.08 | 9648.63 | 10618.04 | 8799.19 | 406.67 | 2033.35 | 10800.00 | 9776.26
525 | 0.10 | 9299.62 | 11040.93 | 8195.52 | 531.53 | 2657.63 | 10800.00 | 9575.10
537 | 0.07 | 10124.91 | 11599.16 | 9312.97 | 301.63 | 1508.14 | 10800.00 | 9965.55
528 | 0.08 | 9679.89 | 11953.73 | 8723.59 | 422.03 | 2110.17 | 10800.00 | 9884.34
526 | 0.05 | 10061.73 | 12454.25 | 9439.02 | 274.95 | 1374.73 | 10800.00 | 10245.39
540 | 0.06 | 10295.17 | 12811.42 | 9526.49 | 257.80 | 1288.98 | 10800.00 | 10154.87
534 | 0.08 | 9936.30 | 13084.66 | 8889.53 | 388.31 | 1941.53 | 10800.00 | 9972.12
524 | 0.06 | 9865.46 | 13477.77 | 9056.80 | 352.87 | 1764.37 | 10800.00 | 10200.55
529 | 0.06 | 9976.98 | 13849.43 | 9146.02 | 334.81 | 1674.07 | 10800.00 | 10221.77
538 | 0.06 | 10240.55 | 14198.42 | 9388.65 | 285.70 | 1428.49 | 10800.00 | 10239.76
536 | 0.09 | 9901.18 | 14531.43 | 8593.35 | 449.42 | 2247.10 | 10800.00 | 10004.35
535 | 0.06 | 10173.01 | 14989.25 | 9273.66 | 308.98 | 1544.88 | 10800.00 | 10288.61
539 | 0.08 | 10096.64 | 15313.71 | 8871.55 | 391.96 | 1959.81 | 10800.00 | 10150.74
Vehicle 14
Charging tour: 
549  -> 553  -> 547  -> 545  -> 551  -> 567  -> 566  -> 546  -> 580  -> 569  -> 552  -> 572  -> 561  -> 558  -> 556  -> 563  -> 560  -> 568  -> 576  -> 548  -> 542  -> 555  -> 579  -> 557  -> 554  -> 571  -> 570  -> 543  -> 578  -> 574  -> 544  -> 562  -> 575  -> 565  -> 581  -> 550  -> 577  -> 559  -> 573  -> 564  -> 
Charging time: 
510.20038662453453  + 257.5039168055273  + 274.16822407114546  + 631.474630833148  + 312.7577694627778  + 241.17458009522352  + 467.28966498837593  + 357.42313098646935  + 293.2898834179063  + 367.34039573662426  + 299.0242584353023  + 312.7991071281247  + 264.1590417576501  + 363.91383818903876  + 292.9732995262708  + 295.33622312724583  + 459.42296063841144  + 262.95185862567456  + 397.68945401673074  + 710.5802326192984  + 261.77684143462216  + 431.3786710886981  + 360.5395935547817  + 491.02053601427247  + 956.2835940998987  + 578.2085277683544  + 638.9379801669805  + 384.3339427492522  + 501.40335664155197  + 390.40381633872266  + 320.69413815878386  + 670.8255601395961  + 640.9440687559385  + 996.4488116248395  + 829.6392703578009  + 375.8756737769514  + 359.955472384531  + 615.115955701072  + 790.7598227426596  + 535.9443386528927  + 
total node:40/40
-------------------
Traveling energy: 2296.747593342555
Charging energy: 92509.81414618841
Total energy used: 94806.56173953097
-------------------
Total time for travel: 2296.747593342555
Total time for charging: 18501.96282923768
Charging round duration: 20798.710422580236
-------------------
ID | p | E0 | time_arrive | E_remain | time_charge | energy_charge| E_after_charge | E_after_cycle
549 | 0.12 | 8330.99 | 173.08 | 8310.22 | 510.20 | 2551.00 | 10800.00 | 8023.42
553 | 0.05 | 9560.84 | 709.78 | 9525.36 | 257.50 | 1287.52 | 10800.00 | 9657.29
547 | 0.06 | 9510.02 | 1073.48 | 9445.61 | 274.17 | 1370.84 | 10800.00 | 9451.57
545 | 0.13 | 7911.65 | 1437.90 | 7724.72 | 631.47 | 3157.37 | 10800.00 | 7972.23
551 | 0.07 | 9405.08 | 2099.65 | 9258.10 | 312.76 | 1563.79 | 10800.00 | 9301.37
567 | 0.07 | 9784.91 | 2484.25 | 9611.01 | 241.17 | 1205.87 | 10800.00 | 9323.28
566 | 0.15 | 8957.26 | 2824.10 | 8533.65 | 467.29 | 2336.45 | 10800.00 | 7720.49
546 | 0.07 | 9269.85 | 3313.58 | 9037.90 | 357.42 | 1787.12 | 10800.00 | 9389.47
580 | 0.06 | 9574.29 | 3719.09 | 9351.15 | 293.29 | 1466.45 | 10800.00 | 9611.46
569 | 0.12 | 9494.85 | 4062.27 | 9007.38 | 367.34 | 1836.70 | 10800.00 | 8472.98
552 | 0.06 | 9590.29 | 4457.75 | 9322.82 | 299.02 | 1495.12 | 10800.00 | 9656.12
572 | 0.09 | 9698.91 | 4830.56 | 9264.16 | 312.80 | 1564.00 | 10800.00 | 9118.97
561 | 0.05 | 9539.73 | 5173.68 | 9281.05 | 264.16 | 1320.80 | 10588.63 | 9669.45
558 | 0.08 | 9452.99 | 5543.06 | 9009.54 | 363.91 | 1819.57 | 10800.00 | 9366.84
556 | 0.06 | 9715.28 | 6042.78 | 9352.71 | 292.97 | 1464.87 | 10800.00 | 9750.86
563 | 0.07 | 9790.02 | 6371.84 | 9343.99 | 295.34 | 1476.68 | 10800.00 | 9599.20
560 | 0.10 | 9220.61 | 6717.83 | 8548.83 | 459.42 | 2297.11 | 10800.00 | 9135.58
568 | 0.05 | 9583.53 | 7203.45 | 9223.35 | 262.95 | 1314.76 | 10524.97 | 9707.21
576 | 0.14 | 9917.56 | 7502.37 | 8867.23 | 397.69 | 1988.45 | 10800.00 | 8571.00
548 | 0.12 | 8280.97 | 7904.99 | 7332.37 | 710.58 | 3552.90 | 10800.00 | 8975.29
542 | 0.05 | 9626.54 | 8637.30 | 9194.68 | 261.78 | 1308.88 | 10490.47 | 9744.36
555 | 0.08 | 9346.80 | 8947.45 | 8631.00 | 431.38 | 2156.89 | 10753.39 | 9597.98
579 | 0.08 | 9780.56 | 9430.15 | 9026.15 | 360.54 | 1802.70 | 10800.00 | 9677.54
557 | 0.09 | 9237.93 | 9839.83 | 8352.34 | 491.02 | 2455.10 | 10763.25 | 9549.10
554 | 0.16 | 7826.15 | 10341.03 | 6171.59 | 956.28 | 4781.42 | 10800.00 | 8796.14
571 | 0.13 | 9454.10 | 11307.53 | 7984.12 | 578.21 | 2891.04 | 10800.00 | 9248.36
570 | 0.14 | 9365.12 | 11931.13 | 7694.76 | 638.94 | 3194.69 | 10800.00 | 9224.81
543 | 0.07 | 9179.54 | 12584.71 | 8298.61 | 384.33 | 1921.67 | 10193.38 | 9433.71
578 | 0.13 | 10046.04 | 12983.63 | 8358.17 | 501.40 | 2507.02 | 10800.00 | 9456.26
574 | 0.09 | 10098.89 | 13508.58 | 8883.12 | 390.40 | 1952.02 | 10800.00 | 9906.98
544 | 0.06 | 9429.57 | 13916.40 | 8594.58 | 320.69 | 1603.47 | 10178.81 | 9603.75
562 | 0.12 | 9015.78 | 14348.56 | 7293.95 | 670.83 | 3354.13 | 10567.58 | 9511.33
575 | 0.12 | 9436.10 | 15175.87 | 7615.00 | 640.94 | 3204.72 | 10742.81 | 9782.25
565 | 0.17 | 8598.56 | 15849.83 | 5904.08 | 996.45 | 4982.24 | 10716.93 | 9531.15
581 | 0.15 | 9112.42 | 16904.83 | 6576.69 | 829.64 | 4148.20 | 10600.44 | 9687.39
550 | 0.07 | 9386.11 | 17774.32 | 8141.90 | 375.88 | 1879.38 | 9994.97 | 9597.98
577 | 0.07 | 9801.24 | 18161.05 | 8529.96 | 359.96 | 1799.78 | 10304.54 | 9933.51
559 | 0.11 | 9012.96 | 18611.67 | 6965.67 | 615.12 | 3075.58 | 9973.59 | 9468.18
573 | 0.15 | 9560.45 | 19263.59 | 6670.91 | 790.76 | 3953.80 | 10506.10 | 9941.03
564 | 0.10 | 9403.98 | 20101.95 | 7393.79 | 535.94 | 2679.72 | 10019.92 | 9701.56
Vehicle 15
Charging tour: 
617  -> 611  -> 596  -> 585  -> 592  -> 589  -> 595  -> 616  -> 603  -> 613  -> 620  -> 584  -> 618  -> 608  -> 590  -> 594  -> 604  -> 582  -> 597  -> 602  -> 583  -> 599  -> 607  -> 619  -> 606  -> 621  -> 587  -> 591  -> 601  -> 609  -> 586  -> 614  -> 610  -> 598  -> 605  -> 615  -> 612  -> 600  -> 588  -> 593  -> 
Charging time: 
652.1321477143897  + 363.67204787368166  + 652.4516539169861  + 313.16361402367835  + 461.43372661619264  + 557.1527750137305  + 364.8026249103823  + 461.4687983123501  + 603.4229761834054  + 310.0553524348298  + 731.1606283131006  + 413.37560251933326  + 653.5553886896314  + 461.4339202687937  + 652.4534004108826  + 602.4564403744379  + 699.9204066037203  + 413.13250758354076  + 509.28262765319676  + 363.65881036320246  + 557.1956734996728  + 648.0077849813781  + 604.8487283898596  + 461.37975822825  + 509.3077063538921  + 509.3735988891528  + 461.1988636119726  + 557.1723882782317  + 648.7088344873797  + 461.40103438651136  + 461.4650879512423  + 557.1430981442678  + 557.1440855668993  + 412.240022727055  + 413.3048204078622  + 652.4525163221415  + 555.9101417520038  + 413.23249892925344  + 1196.4669511761322  + 312.4528543339369  + 
total node:40/40
-------------------
Traveling energy: 2047.0405090171912
Charging energy: 105952.95949098279
Total energy used: 107999.99999999997
-------------------
Total time for travel: 2047.0405090171912
Total time for charging: 21190.59189819656
Charging round duration: 23237.63240721375
-------------------
ID | p | E0 | time_arrive | E_remain | time_charge | energy_charge| E_after_charge | E_after_cycle
617 | 0.13 | 6068.75 | 159.62 | 6048.00 | 652.13 | 3260.66 | 9223.88 | 6232.62
611 | 0.07 | 5859.75 | 830.52 | 5801.62 | 363.67 | 1818.36 | 7594.52 | 6010.61
596 | 0.13 | 6065.78 | 1242.13 | 5904.30 | 652.45 | 3262.26 | 9081.74 | 6231.24
585 | 0.06 | 5832.72 | 1920.00 | 5717.52 | 313.16 | 1565.82 | 7264.55 | 5969.25
592 | 0.09 | 5937.79 | 2318.60 | 5729.11 | 461.43 | 2307.17 | 7994.75 | 6101.02
589 | 0.11 | 6010.49 | 2834.88 | 5698.65 | 557.15 | 2785.76 | 8423.13 | 6175.89
595 | 0.07 | 5841.59 | 3427.35 | 5601.68 | 364.80 | 1824.01 | 7400.16 | 5998.11
616 | 0.09 | 5937.33 | 3856.79 | 5590.22 | 461.47 | 2307.34 | 7856.04 | 6100.75
603 | 0.12 | 6054.12 | 4416.38 | 5524.15 | 603.42 | 3017.11 | 8468.85 | 6212.66
613 | 0.06 | 5891.19 | 5059.17 | 5587.64 | 310.06 | 1550.28 | 7119.32 | 6012.18
620 | 0.15 | 6245.54 | 5423.26 | 5432.05 | 731.16 | 3655.80 | 8978.18 | 6328.12
584 | 0.08 | 5891.64 | 6168.55 | 5398.16 | 413.38 | 2066.88 | 7431.97 | 6052.81
618 | 0.15 | 6987.15 | 6644.76 | 5990.44 | 653.56 | 3267.78 | 9160.18 | 6681.71
608 | 0.09 | 5937.78 | 7341.05 | 5277.09 | 461.43 | 2307.17 | 7542.73 | 6101.02
590 | 0.13 | 6065.76 | 7858.64 | 5044.14 | 652.45 | 3262.27 | 8221.58 | 6231.24
594 | 0.12 | 6063.83 | 8529.95 | 5040.23 | 602.46 | 3012.28 | 7980.22 | 6217.54
604 | 0.14 | 6089.35 | 9154.91 | 4807.66 | 699.92 | 3499.60 | 8209.27 | 6253.94
582 | 0.08 | 5895.11 | 9861.99 | 5106.15 | 413.13 | 2065.66 | 7138.76 | 6055.06
597 | 0.10 | 5977.68 | 10349.02 | 4942.77 | 509.28 | 2546.41 | 7438.26 | 6141.94
602 | 0.07 | 5859.97 | 10879.35 | 5098.41 | 363.66 | 1818.29 | 6891.25 | 6010.76
583 | 0.11 | 6010.02 | 11322.01 | 4764.60 | 557.20 | 2785.98 | 7489.29 | 6175.64
599 | 0.13 | 6107.37 | 11906.64 | 4559.51 | 648.01 | 3240.04 | 7715.31 | 6250.62
607 | 0.12 | 6039.85 | 12574.62 | 4530.89 | 604.85 | 3024.24 | 7482.55 | 6205.51
619 | 0.09 | 5938.48 | 13256.53 | 4745.39 | 461.38 | 2306.90 | 7010.77 | 6101.45
606 | 0.10 | 5977.38 | 13746.96 | 4602.69 | 509.31 | 2546.54 | 7098.29 | 6141.78
621 | 0.10 | 5976.61 | 14388.16 | 4537.79 | 509.37 | 2546.87 | 7033.72 | 6141.33
587 | 0.09 | 5940.81 | 14970.97 | 4593.42 | 461.20 | 2305.99 | 6857.91 | 6102.87
591 | 0.11 | 6010.28 | 15492.18 | 4306.14 | 557.17 | 2785.86 | 7030.71 | 6175.78
601 | 0.13 | 6100.77 | 16115.61 | 4005.74 | 648.71 | 3243.54 | 7164.96 | 6247.53
609 | 0.09 | 5938.21 | 16798.87 | 4426.31 | 461.40 | 2307.01 | 6691.79 | 6101.28
586 | 0.09 | 5937.38 | 17273.26 | 4382.79 | 461.47 | 2307.33 | 6648.58 | 6100.78
614 | 0.11 | 6010.59 | 17801.88 | 4052.39 | 557.14 | 2785.72 | 6776.82 | 6175.95
610 | 0.11 | 6010.58 | 18385.50 | 3988.18 | 557.14 | 2785.72 | 6712.61 | 6175.94
598 | 0.08 | 5907.87 | 18966.51 | 4390.55 | 412.24 | 2061.20 | 6418.77 | 6063.36
605 | 0.08 | 5892.65 | 19401.72 | 4340.52 | 413.30 | 2066.52 | 6373.97 | 6053.46
615 | 0.13 | 6065.77 | 19821.28 | 3489.00 | 652.45 | 3262.26 | 6666.45 | 6231.24
612 | 0.11 | 6023.92 | 20512.36 | 3767.56 | 555.91 | 2779.55 | 6485.96 | 6183.11
600 | 0.08 | 5893.68 | 21098.81 | 4205.78 | 413.23 | 2066.16 | 6238.88 | 6054.13
588 | 0.24 | 6106.63 | 21519.42 | 941.97 | 1196.47 | 5982.33 | 6637.15 | 6371.82
593 | 0.06 | 5845.99 | 22738.16 | 4481.70 | 312.45 | 1562.26 | 6025.22 | 5978.97
Vehicle 16
Charging tour: 
624  -> 628  -> 634  -> 623  -> 627  -> 626  -> 630  -> 629  -> 635  -> 625  -> 639  -> 636  -> 633  -> 641  -> 632  -> 638  -> 648  -> 646  -> 640  -> 645  -> 637  -> 642  -> 647  -> 631  -> 644  -> 622  -> 643  -> 
Charging time: 
509.98475177420994  + 380.3237966563571  + 373.4406675176403  + 552.4688344286965  + 656.6436880290527  + 594.2357801893352  + 276.02276065265534  + 529.440319021166  + 568.2730772014323  + 780.1054924835609  + 461.2625795105837  + 371.38617104085057  + 403.4898849989195  + 257.85189619417304  + 370.54296434665514  + 478.6845233285685  + 311.62555975634507  + 330.1630559431484  + 382.9881940644828  + 217.95176349468684  + 315.8701486385421  + 529.8591459150061  + 222.47777569381256  + 551.5835185951371  + 437.1081403488021  + 363.30915450623314  + 569.0375972134634  + 
total node:27/27
-------------------
Traveling energy: 1660.482867738278
Charging energy: 58980.656207717584
Total energy used: 60641.13907545586
-------------------
Total time for travel: 1660.482867738278
Total time for charging: 11796.131241543517
Charging round duration: 13456.614109281794
-------------------
ID | p | E0 | time_arrive | E_remain | time_charge | energy_charge| E_after_charge | E_after_cycle
624 | 0.11 | 8323.22 | 154.99 | 8306.17 | 509.98 | 2549.92 | 10800.00 | 8252.79
628 | 0.09 | 8994.19 | 684.19 | 8932.61 | 380.32 | 1901.62 | 10800.00 | 8751.88
634 | 0.10 | 9078.68 | 1085.40 | 8970.14 | 373.44 | 1867.20 | 10800.00 | 8563.74
623 | 0.11 | 8273.42 | 1590.82 | 8098.43 | 552.47 | 2762.34 | 10800.00 | 8415.40
627 | 0.14 | 7918.76 | 2214.60 | 7608.71 | 656.64 | 3283.22 | 10800.00 | 7866.97
626 | 0.12 | 8250.76 | 2921.95 | 7900.13 | 594.24 | 2971.18 | 10800.00 | 8363.37
630 | 0.06 | 9654.40 | 3632.60 | 9436.45 | 276.02 | 1380.11 | 10800.00 | 9605.23
629 | 0.11 | 8651.82 | 4007.09 | 8211.04 | 529.44 | 2647.20 | 10800.00 | 8678.66
635 | 0.13 | 8630.86 | 4602.69 | 8032.51 | 568.27 | 2841.37 | 10800.00 | 8375.44
625 | 0.14 | 7737.93 | 5208.88 | 7008.69 | 780.11 | 3900.53 | 10800.00 | 8303.45
639 | 0.11 | 9207.36 | 6026.67 | 8544.43 | 461.26 | 2306.31 | 10800.00 | 8893.31
636 | 0.08 | 9500.01 | 6590.33 | 8972.78 | 371.39 | 1856.93 | 10800.00 | 9451.22
633 | 0.08 | 9379.85 | 7062.78 | 8814.83 | 403.49 | 2017.45 | 10800.00 | 9491.58
641 | 0.06 | 9979.34 | 7552.09 | 9526.21 | 257.85 | 1289.26 | 10800.00 | 9839.31
632 | 0.07 | 9521.48 | 7832.30 | 8973.22 | 370.54 | 1852.71 | 10800.00 | 9706.70
638 | 0.10 | 9279.98 | 8255.32 | 8454.45 | 478.68 | 2393.42 | 10800.00 | 9291.25
648 | 0.08 | 9966.98 | 8752.23 | 9266.80 | 311.63 | 1558.13 | 10800.00 | 9619.39
646 | 0.08 | 9905.36 | 9122.00 | 9175.60 | 330.16 | 1650.82 | 10800.00 | 9650.46
640 | 0.08 | 9676.58 | 9511.08 | 8915.70 | 382.99 | 1914.94 | 10800.00 | 9685.81
645 | 0.05 | 10216.69 | 9911.04 | 9721.14 | 217.95 | 1089.76 | 10800.00 | 10115.38
637 | 0.06 | 9848.97 | 10156.21 | 9239.60 | 315.87 | 1579.35 | 10800.00 | 9999.04
642 | 0.11 | 9364.18 | 10501.76 | 8208.99 | 529.86 | 2649.30 | 10800.00 | 9393.12
647 | 0.05 | 10254.05 | 11106.32 | 9698.74 | 222.48 | 1112.39 | 10800.00 | 10175.37
631 | 0.09 | 9115.66 | 11377.11 | 8091.72 | 551.58 | 2757.92 | 10800.00 | 9729.65
644 | 0.09 | 9729.08 | 11947.54 | 8653.80 | 437.11 | 2185.54 | 10800.00 | 9770.69
622 | 0.05 | 9621.74 | 12402.44 | 9001.62 | 363.31 | 1816.55 | 10800.00 | 10247.21
643 | 0.11 | 9427.90 | 12822.70 | 8017.41 | 569.04 | 2845.19 | 10800.00 | 9652.73
Vehicle 17
Charging tour: 
652  -> 661  -> 684  -> 674  -> 672  -> 679  -> 650  -> 669  -> 683  -> 659  -> 678  -> 682  -> 657  -> 671  -> 653  -> 681  -> 651  -> 649  -> 686  -> 685  -> 666  -> 660  -> 677  -> 676  -> 662  -> 664  -> 667  -> 656  -> 673  -> 663  -> 665  -> 680  -> 675  -> 658  -> 670  -> 655  -> 654  -> 668  -> 
Charging time: 
386.4647493089812  + 386.4159433172979  + 608.7352872248379  + 337.9426976515387  + 339.4057422466848  + 738.2637842020739  + 608.7529518229844  + 738.2172568797714  + 652.2440268502716  + 248.427945363599  + 339.1193356817687  + 765.34795365931  + 236.88651935753822  + 652.2525576329516  + 386.01335672486755  + 564.9536312917356  + 476.26427638446  + 520.7112880970002  + 2103.0311134898516  + 384.579263610667  + 432.8919050791122  + 564.9495135132711  + 564.9165656439918  + 241.24015471023932  + 608.7393810724603  + 788.5268862814393  + 564.8783974228527  + 652.2332843619164  + 384.4019181378907  + 476.36402535140843  + 652.2547062198896  + 564.9762695733618  + 695.3420174519429  + 475.8817484093459  + 336.43615831741573  + 242.8398840477572  + 475.86980601754266  + 564.8623688703865  + 
total node:38/38
-------------------
Traveling energy: 2076.6731813894467
Charging energy: 103808.17335640204
Total energy used: 105884.84653779148
-------------------
Total time for travel: 2076.6731813894467
Total time for charging: 20761.634671280408
Charging round duration: 22838.307852669855
-------------------
ID | p | E0 | time_arrive | E_remain | time_charge | energy_charge| E_after_charge | E_after_cycle
652 | 0.08 | 7093.66 | 77.55 | 7087.45 | 386.46 | 1932.32 | 8988.86 | 7120.26
661 | 0.08 | 7094.55 | 563.13 | 7049.50 | 386.42 | 1932.08 | 8950.67 | 7120.92
684 | 0.13 | 7318.21 | 994.16 | 7188.97 | 608.74 | 3043.68 | 10153.51 | 7265.10
674 | 0.07 | 7098.15 | 1617.59 | 6984.92 | 337.94 | 1689.71 | 8650.97 | 7120.36
672 | 0.07 | 7067.55 | 1997.85 | 6927.70 | 339.41 | 1697.03 | 8600.97 | 7097.08
679 | 0.16 | 7426.74 | 2375.73 | 7046.63 | 738.26 | 3691.32 | 10619.82 | 7306.63
650 | 0.13 | 7318.00 | 3167.45 | 6906.23 | 608.75 | 3043.76 | 9870.86 | 7264.97
669 | 0.16 | 7427.21 | 3791.87 | 6820.51 | 738.22 | 3691.09 | 10393.48 | 7306.87
683 | 0.14 | 7355.43 | 4565.32 | 6716.28 | 652.24 | 3261.22 | 9886.19 | 7281.64
659 | 0.05 | 6896.99 | 5276.73 | 6633.15 | 248.43 | 1242.14 | 7862.87 | 6948.06
678 | 0.07 | 7073.52 | 5655.29 | 6677.65 | 339.12 | 1695.60 | 8349.51 | 7101.61
682 | 0.17 | 7611.67 | 6018.74 | 6588.49 | 765.35 | 3826.74 | 10285.12 | 7388.76
657 | 0.05 | 7233.02 | 6802.50 | 6892.90 | 236.89 | 1184.43 | 8065.48 | 7226.38
671 | 0.14 | 7355.33 | 7049.12 | 6368.46 | 652.25 | 3261.26 | 9538.40 | 7281.59
653 | 0.08 | 7101.95 | 7720.41 | 6484.32 | 386.01 | 1930.07 | 8383.50 | 7126.30
681 | 0.12 | 7278.78 | 8119.65 | 6304.42 | 564.95 | 2824.77 | 9061.39 | 7244.97
651 | 0.10 | 7195.19 | 8717.89 | 6323.40 | 476.26 | 2381.32 | 8657.09 | 7194.36
649 | 0.11 | 7239.12 | 9317.47 | 6214.20 | 520.71 | 2603.56 | 8760.48 | 7222.32
686 | 0.18 | 2441.85 | 9880.32 | 663.39 | 2103.03 | 10515.16 | 10800.00 | 8669.14
685 | 0.08 | 7128.43 | 12052.85 | 6164.21 | 384.58 | 1922.90 | 8056.34 | 7145.61
666 | 0.09 | 7124.48 | 12462.35 | 6002.87 | 432.89 | 2164.46 | 8128.37 | 7145.01
660 | 0.12 | 7278.83 | 12953.87 | 5724.37 | 564.95 | 2824.75 | 8481.32 | 7245.00
677 | 0.12 | 7279.26 | 13582.92 | 5649.30 | 564.92 | 2824.58 | 8406.10 | 7245.26
676 | 0.05 | 7102.49 | 14255.03 | 6389.74 | 241.24 | 1206.20 | 7583.87 | 7117.61
662 | 0.13 | 7318.16 | 14592.86 | 5421.09 | 608.74 | 3043.70 | 8385.65 | 7265.07
664 | 0.18 | 7822.51 | 15215.26 | 5083.76 | 788.53 | 3942.63 | 8884.46 | 7477.28
667 | 0.12 | 7279.75 | 16019.50 | 5357.41 | 564.88 | 2824.39 | 8114.01 | 7245.56
656 | 0.14 | 7355.55 | 16605.53 | 5030.77 | 652.23 | 3261.17 | 8200.63 | 7281.71
673 | 0.08 | 7131.72 | 17331.35 | 5745.21 | 384.40 | 1922.01 | 7636.47 | 7148.02
663 | 0.10 | 7193.68 | 17741.74 | 5419.51 | 476.36 | 2381.82 | 7753.69 | 7193.35
665 | 0.14 | 7355.31 | 18292.59 | 4794.34 | 652.25 | 3261.27 | 7964.30 | 7281.58
680 | 0.12 | 7278.49 | 18954.73 | 5003.92 | 564.98 | 2824.88 | 7761.00 | 7244.79
675 | 0.15 | 7392.35 | 19530.75 | 4462.74 | 695.34 | 3476.71 | 7835.15 | 7295.85
658 | 0.10 | 7200.97 | 20251.67 | 5175.80 | 475.88 | 2379.41 | 7507.62 | 7198.23
670 | 0.07 | 7129.93 | 20798.59 | 5674.03 | 336.44 | 1682.18 | 7332.66 | 7144.61
655 | 0.05 | 7055.70 | 21257.78 | 5992.81 | 242.84 | 1214.20 | 7194.87 | 7078.82
654 | 0.10 | 7201.15 | 21553.42 | 5045.81 | 475.87 | 2379.35 | 7377.57 | 7198.35
668 | 0.12 | 7279.95 | 22101.01 | 4627.83 | 564.86 | 2824.31 | 7384.36 | 7245.69
Vehicle 18
Charging tour: 
690  -> 701  -> 718  -> 719  -> 699  -> 728  -> 705  -> 697  -> 698  -> 700  -> 717  -> 706  -> 720  -> 727  -> 704  -> 712  -> 723  -> 708  -> 726  -> 695  -> 691  -> 693  -> 707  -> 696  -> 688  -> 709  -> 716  -> 711  -> 724  -> 715  -> 713  -> 710  -> 703  -> 725  -> 714  -> 702  -> 694  -> 721  -> 692  -> 722  -> 689  -> 687  -> 
Charging time: 
303.2968913037052  + 410.6808561814921  + 705.1783570075245  + 749.0433877473645  + 460.44625394066486  + 658.8522336573855  + 357.86832737025907  + 410.0903969394645  + 609.4160147614118  + 658.8602586484375  + 362.1538403544668  + 658.8566178574785  + 312.4757469135358  + 361.68200361109376  + 361.94311420077025  + 708.3061862297783  + 751.0973697631474  + 409.06291996708416  + 609.4346654976225  + 357.78096724197337  + 658.8532353161266  + 361.00914741146823  + 411.3169764742684  + 460.33046714561397  + 510.04635602379886  + 609.425140935024  + 411.75073253039005  + 310.50452899623554  + 609.4896942126493  + 703.7776155188869  + 658.8553903698723  + 658.9252213868327  + 609.4354927804378  + 609.3990222870102  + 311.71841211785  + 510.5636111426307  + 247.67799804026612  + 261.30649538247235  + 714.141303187129  + 261.46464870217653  + 560.0537220467486  + 559.9508025936152  + 
total node:42/42
-------------------
Traveling energy: 1867.3878810191738
Charging energy: 106132.61211898083
Total energy used: 108000.0
-------------------
Total time for travel: 1867.3878810191738
Total time for charging: 21226.522423796167
Charging round duration: 23093.91030481534
-------------------
ID | p | E0 | time_arrive | E_remain | time_charge | energy_charge| E_after_charge | E_after_cycle
690 | 0.06 | 6535.06 | 71.11 | 6530.79 | 303.30 | 1516.48 | 8029.08 | 6622.26
701 | 0.08 | 6435.05 | 390.65 | 6403.80 | 410.68 | 2053.40 | 8424.35 | 6582.74
718 | 0.15 | 7026.82 | 917.22 | 6889.23 | 705.18 | 3525.89 | 10309.35 | 6979.49
719 | 0.16 | 7056.34 | 1648.47 | 6792.58 | 749.04 | 3745.22 | 10417.95 | 6990.12
699 | 0.09 | 6456.99 | 2427.37 | 6238.52 | 460.45 | 2302.23 | 8499.31 | 6615.29
728 | 0.13 | 6518.11 | 2899.42 | 6141.18 | 658.85 | 3294.26 | 9349.79 | 6715.58
705 | 0.07 | 6461.62 | 3564.18 | 6212.12 | 357.87 | 1789.34 | 7976.41 | 6583.46
697 | 0.08 | 6444.31 | 3973.05 | 6126.47 | 410.09 | 2050.45 | 8144.12 | 6589.05
698 | 0.12 | 6504.80 | 4432.19 | 5972.93 | 609.42 | 3047.08 | 8946.88 | 6693.30
700 | 0.13 | 6518.03 | 5135.87 | 5850.37 | 658.86 | 3294.30 | 9059.02 | 6715.54
717 | 0.07 | 6385.15 | 5815.14 | 5978.09 | 362.15 | 1810.77 | 7763.51 | 6528.42
706 | 0.13 | 6518.07 | 6196.80 | 5712.48 | 658.86 | 3294.28 | 8921.11 | 6715.56
720 | 0.06 | 6343.10 | 6892.80 | 5929.53 | 312.48 | 1562.38 | 7473.16 | 6476.19
727 | 0.07 | 6393.48 | 7250.13 | 5885.97 | 361.68 | 1808.41 | 7669.07 | 6534.39
704 | 0.07 | 6388.87 | 7646.79 | 5853.59 | 361.94 | 1809.72 | 7637.97 | 6531.08
712 | 0.14 | 6529.40 | 8015.44 | 5407.24 | 708.31 | 3541.53 | 8849.61 | 6735.93
723 | 0.15 | 6597.23 | 8771.19 | 5281.55 | 751.10 | 3755.49 | 8924.37 | 6779.49
708 | 0.08 | 6460.50 | 9535.33 | 5697.67 | 409.06 | 2045.31 | 7710.26 | 6600.10
726 | 0.12 | 6504.60 | 9973.26 | 5307.81 | 609.43 | 3047.17 | 8281.85 | 6693.20
695 | 0.07 | 6463.19 | 10605.17 | 5720.83 | 357.78 | 1788.90 | 7484.69 | 6584.60
691 | 0.13 | 6518.10 | 10998.45 | 5088.30 | 658.85 | 3294.27 | 8296.92 | 6715.58
693 | 0.07 | 6405.40 | 11662.59 | 5589.02 | 361.01 | 1805.05 | 7368.79 | 6542.94
707 | 0.08 | 6425.10 | 12042.31 | 5461.71 | 411.32 | 2056.58 | 7485.39 | 6575.97
696 | 0.09 | 6458.61 | 12524.79 | 5331.38 | 460.33 | 2301.65 | 7591.60 | 6616.33
688 | 0.10 | 6476.74 | 13097.11 | 5167.03 | 510.05 | 2550.23 | 7666.26 | 6644.83
709 | 0.12 | 6504.70 | 13647.70 | 4866.98 | 609.43 | 3047.13 | 7840.97 | 6693.25
716 | 0.08 | 6418.33 | 14277.17 | 5276.15 | 411.75 | 2058.75 | 7301.97 | 6571.37
711 | 0.06 | 6383.36 | 14769.22 | 5497.21 | 310.50 | 1552.52 | 7031.10 | 6506.60
724 | 0.12 | 6504.01 | 15126.76 | 4688.80 | 609.49 | 3047.45 | 7663.11 | 6692.88
715 | 0.14 | 6571.42 | 15825.75 | 4355.81 | 703.78 | 3518.89 | 7776.17 | 6755.30
713 | 0.13 | 6518.08 | 16634.44 | 4355.60 | 658.86 | 3294.28 | 7564.23 | 6715.57
710 | 0.13 | 6517.39 | 17340.02 | 4263.19 | 658.93 | 3294.63 | 7472.15 | 6715.22
703 | 0.12 | 6504.59 | 18045.44 | 4339.14 | 609.44 | 3047.18 | 7313.18 | 6693.19
725 | 0.12 | 6504.98 | 18673.34 | 4264.18 | 609.40 | 3047.00 | 7238.04 | 6693.40
714 | 0.06 | 6358.51 | 19300.86 | 5200.45 | 311.72 | 1558.59 | 6740.34 | 6487.81
702 | 0.10 | 6470.18 | 19630.66 | 4507.12 | 510.56 | 2552.82 | 7008.88 | 6640.85
694 | 0.05 | 6668.82 | 20189.51 | 5659.34 | 247.68 | 1238.39 | 6885.35 | 6716.14
721 | 0.05 | 6321.00 | 20502.88 | 5295.86 | 261.31 | 1306.53 | 6589.33 | 6436.46
692 | 0.16 | 7401.20 | 20772.58 | 4077.59 | 714.14 | 3570.71 | 7534.03 | 7160.47
722 | 0.05 | 6317.18 | 21512.22 | 5241.57 | 261.46 | 1307.32 | 6535.82 | 6433.43
689 | 0.11 | 6488.28 | 21818.42 | 4088.25 | 560.05 | 2800.27 | 6826.91 | 6668.18
687 | 0.11 | 6489.47 | 22499.56 | 4014.52 | 559.95 | 2799.75 | 6752.68 | 6668.86
Vehicle 19
Charging tour: 
732  -> 746  -> 752  -> 764  -> 754  -> 736  -> 733  -> 748  -> 743  -> 729  -> 751  -> 738  -> 731  -> 760  -> 756  -> 755  -> 739  -> 744  -> 758  -> 735  -> 765  -> 737  -> 741  -> 734  -> 745  -> 757  -> 742  -> 749  -> 730  -> 763  -> 767  -> 766  -> 750  -> 747  -> 762  -> 753  -> 761  -> 740  -> 759  -> 
Charging time: 
531.3170066044032  + 539.2609809511885  + 530.8692556834065  + 330.3429179966516  + 385.4322203511565  + 579.1045057607096  + 287.7056242298721  + 385.9328853453775  + 579.139226044181  + 531.141173930491  + 627.0393394831558  + 336.94367092347505  + 335.33589300826645  + 678.4111849572975  + 674.7983188972013  + 331.70421608473896  + 674.8195111787466  + 336.44021297462336  + 434.6440079836824  + 531.2086691183148  + 722.0313284661285  + 676.7308317583894  + 779.5988252093999  + 434.8891451398266  + 722.5293449255968  + 386.2297105076395  + 334.5703671674259  + 482.02390083832114  + 578.9848560369312  + 674.7957173224358  + 721.3332386650695  + 817.8160111832447  + 626.975030006951  + 385.5568939315813  + 674.7975345457131  + 674.8085875938482  + 434.67619675218475  + 790.6329120966147  + 530.9932225045006  + 
total node:39/39
-------------------
Traveling energy: 2338.4185498915817
Charging energy: 105457.82238079372
Total energy used: 107796.2409306853
-------------------
Total time for travel: 2338.4185498915817
Total time for charging: 21091.564476158743
Charging round duration: 23429.983026050326
-------------------
ID | p | E0 | time_arrive | E_remain | time_charge | energy_charge| E_after_charge | E_after_cycle
732 | 0.10 | 8180.93 | 153.82 | 8165.55 | 531.32 | 2656.59 | 10769.00 | 8455.37
746 | 0.11 | 8243.50 | 731.68 | 8163.01 | 539.26 | 2696.30 | 10800.00 | 8319.44
752 | 0.10 | 8187.83 | 1346.37 | 8053.20 | 530.87 | 2654.35 | 10654.45 | 8460.03
764 | 0.06 | 7894.83 | 1941.48 | 7778.34 | 330.34 | 1651.71 | 9410.23 | 8117.26
754 | 0.07 | 7894.17 | 2293.57 | 7733.62 | 385.43 | 1927.16 | 9633.80 | 8153.83
736 | 0.11 | 8256.43 | 2689.90 | 7960.54 | 579.10 | 2895.52 | 10792.36 | 8531.59
733 | 0.05 | 7554.02 | 3385.72 | 7384.73 | 287.71 | 1438.53 | 8808.88 | 7801.48
748 | 0.07 | 7883.93 | 3708.32 | 7624.35 | 385.93 | 1929.66 | 9527.00 | 8146.09
743 | 0.11 | 8255.93 | 4151.65 | 7799.25 | 579.14 | 2895.70 | 10631.24 | 8531.27
729 | 0.10 | 8183.64 | 4739.25 | 7709.71 | 531.14 | 2655.71 | 10312.31 | 8457.20
751 | 0.12 | 8318.46 | 5281.50 | 7684.68 | 627.04 | 3135.20 | 10744.63 | 8595.08
738 | 0.06 | 7740.17 | 6025.97 | 7378.61 | 336.94 | 1684.72 | 9043.11 | 7995.60
731 | 0.06 | 7777.28 | 6393.98 | 7393.64 | 335.34 | 1676.68 | 9050.20 | 8024.67
760 | 0.13 | 8329.27 | 6752.54 | 7451.44 | 678.41 | 3392.06 | 10755.30 | 8624.53
756 | 0.13 | 8373.86 | 7494.62 | 7399.56 | 674.80 | 3373.99 | 10685.83 | 8651.07
755 | 0.06 | 7862.43 | 8256.03 | 7367.07 | 331.70 | 1658.52 | 9005.69 | 8091.66
739 | 0.13 | 8373.60 | 8608.70 | 7254.47 | 674.82 | 3374.10 | 10540.84 | 8650.91
744 | 0.06 | 7751.75 | 9326.98 | 7192.13 | 336.44 | 1682.20 | 8854.15 | 8004.67
758 | 0.08 | 8000.42 | 9689.82 | 7225.23 | 434.64 | 2173.22 | 9363.68 | 8267.92
735 | 0.10 | 8182.60 | 10157.21 | 7166.88 | 531.21 | 2656.04 | 9769.80 | 8456.50
765 | 0.14 | 8428.08 | 10722.67 | 6926.90 | 722.03 | 3610.16 | 10435.97 | 8703.23
737 | 0.13 | 8349.95 | 11482.64 | 6857.21 | 676.73 | 3383.65 | 10152.89 | 8636.81
741 | 0.15 | 8363.28 | 12226.46 | 6529.31 | 779.60 | 3897.99 | 10310.36 | 8688.05
734 | 0.08 | 7995.91 | 13028.00 | 6953.67 | 434.89 | 2174.45 | 9093.32 | 8264.64
745 | 0.14 | 8422.27 | 13564.93 | 6523.18 | 722.53 | 3612.65 | 10034.67 | 8699.91
757 | 0.07 | 7877.87 | 14328.70 | 6874.86 | 386.23 | 1931.15 | 8778.97 | 8141.52
742 | 0.06 | 7795.07 | 14781.54 | 6908.18 | 334.57 | 1672.85 | 8560.96 | 8038.64
749 | 0.09 | 8115.78 | 15151.78 | 6752.12 | 482.02 | 2410.12 | 9118.86 | 8381.97
730 | 0.11 | 8258.13 | 15677.81 | 6533.58 | 578.98 | 2894.92 | 9364.81 | 8532.70
763 | 0.13 | 8373.90 | 16339.45 | 6249.77 | 674.80 | 3373.98 | 9536.02 | 8651.08
767 | 0.14 | 8436.23 | 17021.78 | 6053.18 | 721.33 | 3606.67 | 9558.86 | 8707.90
766 | 0.16 | 8503.95 | 17786.31 | 5658.14 | 817.82 | 4089.08 | 9616.37 | 8781.60
750 | 0.12 | 8319.31 | 18697.32 | 6075.63 | 626.98 | 3134.88 | 9135.27 | 8595.61
747 | 0.07 | 7891.62 | 19468.05 | 6528.85 | 385.56 | 1927.78 | 8429.65 | 8151.90
762 | 0.13 | 8373.87 | 19967.89 | 5778.05 | 674.80 | 3373.99 | 9064.31 | 8651.07
753 | 0.13 | 8373.74 | 20760.10 | 5674.92 | 674.81 | 3374.04 | 8961.24 | 8650.99
761 | 0.08 | 7999.83 | 21487.51 | 6280.83 | 434.68 | 2173.38 | 8419.43 | 8267.49
740 | 0.15 | 8246.56 | 21961.86 | 4952.28 | 790.63 | 3953.16 | 8786.85 | 8626.51
759 | 0.10 | 8185.92 | 22761.78 | 5909.74 | 530.99 | 2654.97 | 8511.61 | 8458.74
Network survivability: 100.0%
networkSurvivabilityOverThousand: 76.7%
Average dead duration: 107345.69558018245
Traveling energy: 43098.39813502422
total calculate time: 52.61229062080383
