total sensor 767
condition 16.84044553953751
gen: 1
2000
gen: 2
2000
gen: 3
2000
gen: 4
2000
gen: 5
2000
gen: 6
2000
gen: 7
2000
gen: 8
2000
gen: 9
2000
gen: 10
2000
gen: 11
2000
gen: 12
2000
gen: 13
2000
gen: 14
2000
gen: 15
2000
gen: 16
2000
gen: 17
2000
gen: 18
2000
gen: 19
2000
gen: 20
2000
gen: 21
2000
gen: 22
2000
gen: 23
2000
gen: 24
2000
gen: 25
2000
gen: 26
2000
gen: 27
2000
gen: 28
2000
gen: 29
2000
gen: 30
2000
gen: 31
2000
gen: 32
2000
gen: 33
2000
gen: 34
2000
gen: 35
2000
gen: 36
2000
gen: 37
2000
gen: 38
2000
gen: 39
2000
gen: 40
2000
gen: 41
2000
gen: 42
2000
gen: 43
2000
gen: 44
2000
gen: 45
2000
gen: 46
2000
gen: 47
2000
gen: 48
2000
gen: 49
2000
gen: 50
2000
Number of charging vehicles: 20
Survey time: 23821.455380092364
Network clustering infor: 
Cluster 0:
[1, 2, 3, 4, 5, 6, 7, 8, 9, 10, 11, 12, 13, 14, 15, 16, 17, 18, 19, 20, 21, 22, 23, 24, 25, 26, 27, 28, 29, 30, 31, 32, 33, 34, 35, 36, 37, 38, 39, 40, 41, 42]
Cluster 1:
[43, 44, 45, 46, 47, 48, 49, 50, 51, 52, 53, 54, 55, 56, 57, 58, 59, 60, 61, 62, 63, 64, 65, 66, 67, 68, 69, 70, 71, 72, 73, 74, 75, 76, 77, 78, 79, 80, 81, 82, 83]
Cluster 2:
[84, 85, 86, 87, 88, 89, 90, 91, 92, 93, 94, 95, 96, 97, 98, 99, 100, 101, 102, 103, 104, 105, 106, 107, 108, 109, 110, 111, 112, 113, 114, 115, 116, 117, 118, 119, 120, 121]
Cluster 3:
[122, 123, 124, 125, 126, 127, 128, 129, 130, 131, 132, 133, 134, 135, 136, 137, 138, 139, 140, 141, 142, 143, 144, 145, 146, 147, 148, 149, 150, 151, 152, 153, 154, 155, 156, 157]
Cluster 4:
[158, 159, 160, 161, 162, 163, 164, 165, 166, 167, 168, 169, 170, 171, 172, 173, 174, 175, 176, 177, 178, 179, 180, 181, 182, 183, 184, 185, 186, 187, 188, 189]
Cluster 5:
[190, 191, 192, 193, 194, 195, 196, 197, 198, 199, 200, 201, 202, 203, 204, 205, 206, 207, 208, 209, 210, 211, 212, 213, 214, 215, 216, 217, 218, 219, 220, 221, 222, 223, 224, 225, 226, 227, 228, 229, 230, 231, 232]
Cluster 6:
[233, 234, 235, 236, 237, 238, 239, 240, 241, 242, 243, 244, 245, 246, 247, 248, 249, 250, 251, 252, 253, 254, 255, 256, 257, 258, 259, 260, 261, 262, 263, 264, 265, 266, 267, 268, 269, 270, 271, 272, 273]
Cluster 7:
[274, 275, 276, 277, 278, 279, 280, 281, 282, 283, 284, 285, 286, 287, 288, 289, 290, 291, 292, 293, 294, 295, 296, 297, 298, 299, 300, 301, 302, 303, 304, 305, 306, 307, 308, 309, 310, 311, 312, 313]
Cluster 8:
[314, 315, 316, 317, 318, 319, 320, 321, 322, 323, 324, 325, 326, 327, 328, 329, 330, 331, 332, 333, 334, 335, 336, 337, 338, 339, 340, 341, 342, 343, 344, 345, 346, 347, 348, 349, 350, 351, 352]
Cluster 9:
[353, 354, 355, 356, 357, 358, 359, 360, 361, 362, 363, 364, 365, 366, 367, 368, 369, 370, 371, 372, 373, 374, 375, 376, 377, 378, 379, 380, 381, 382, 383, 384, 385, 386, 387, 388, 389, 390, 391, 392, 393]
Cluster 10:
[394, 395, 396, 397, 398, 399, 400, 401, 402, 403, 404, 405, 406, 407, 408, 409, 410, 411, 412, 413, 414, 415, 416, 417, 418, 419, 420, 421, 422, 423, 424, 425, 426, 427, 428, 429, 430, 431, 432]
Cluster 11:
[433, 434, 435, 436, 437, 438, 439, 440, 441, 442, 443, 444, 445, 446, 447, 448, 449, 450, 451, 452, 453, 454, 455, 456, 457, 458, 459, 460, 461, 462, 463, 464, 465, 466, 467, 468, 469, 470]
Cluster 12:
[471, 472, 473, 474, 475, 476, 477, 478, 479, 480, 481, 482, 483, 484, 485, 486, 487, 488, 489, 490, 491, 492, 493, 494, 495, 496, 497, 498, 499, 500, 501, 502, 503, 504, 505, 506, 507, 508, 509]
Cluster 13:
[510, 511, 512, 513, 514, 515, 516, 517, 518, 519, 520, 521, 522, 523, 524, 525, 526, 527, 528, 529, 530, 531, 532, 533, 534, 535, 536, 537, 538, 539, 540, 541]
Cluster 14:
[542, 543, 544, 545, 546, 547, 548, 549, 550, 551, 552, 553, 554, 555, 556, 557, 558, 559, 560, 561, 562, 563, 564, 565, 566, 567, 568, 569, 570, 571, 572, 573, 574, 575, 576, 577, 578, 579, 580, 581]
Cluster 15:
[582, 583, 584, 585, 586, 587, 588, 589, 590, 591, 592, 593, 594, 595, 596, 597, 598, 599, 600, 601, 602, 603, 604, 605, 606, 607, 608, 609, 610, 611, 612, 613, 614, 615, 616, 617, 618, 619, 620, 621]
Cluster 16:
[622, 623, 624, 625, 626, 627, 628, 629, 630, 631, 632, 633, 634, 635, 636, 637, 638, 639, 640, 641, 642, 643, 644, 645, 646, 647, 648]
Cluster 17:
[649, 650, 651, 652, 653, 654, 655, 656, 657, 658, 659, 660, 661, 662, 663, 664, 665, 666, 667, 668, 669, 670, 671, 672, 673, 674, 675, 676, 677, 678, 679, 680, 681, 682, 683, 684, 685, 686]
Cluster 18:
[687, 688, 689, 690, 691, 692, 693, 694, 695, 696, 697, 698, 699, 700, 701, 702, 703, 704, 705, 706, 707, 708, 709, 710, 711, 712, 713, 714, 715, 716, 717, 718, 719, 720, 721, 722, 723, 724, 725, 726, 727, 728]
Cluster 19:
[729, 730, 731, 732, 733, 734, 735, 736, 737, 738, 739, 740, 741, 742, 743, 744, 745, 746, 747, 748, 749, 750, 751, 752, 753, 754, 755, 756, 757, 758, 759, 760, 761, 762, 763, 764, 765, 766, 767]
Vehicle 0
Charging tour: 
15  -> 9  -> 26  -> 3  -> 24  -> 42  -> 21  -> 16  -> 40  -> 25  -> 2  -> 13  -> 1  -> 5  -> 18  -> 7  -> 14  -> 36  -> 32  -> 20  -> 34  -> 35  -> 11  -> 19  -> 41  -> 23  -> 17  -> 39  -> 22  -> 38  -> 27  -> 10  -> 31  -> 6  -> 4  -> 29  -> 8  -> 30  -> 12  -> 33  -> 28  -> 37  -> 
Charging time: 
489.8405045575838  + 441.3827385068077  + 393.41235186400667  + 635.09922615994  + 342.67594465149296  + 586.6123231623798  + 489.87202879202164  + 344.49019050080705  + 345.3954422276326  + 489.896046791736  + 635.101451567872  + 490.00667725616233  + 538.2169617724579  + 669.8904456582284  + 344.22330886397253  + 538.2272940954638  + 291.5198564421111  + 683.7226016725971  + 605.1082493177006  + 586.6171799546445  + 681.4268772170567  + 393.37199760832254  + 241.01844462388755  + 393.5973943724342  + 586.4495168600629  + 297.1144236661281  + 296.96194003745774  + 586.6158056221152  + 538.4804936548376  + 489.9943645815243  + 683.7217146127559  + 393.32537356903384  + 295.08173143308767  + 393.3496434611708  + 603.1977887171159  + 683.6745059464158  + 683.7221320938093  + 538.2585481598852  + 489.9983741645491  + 683.4952450191238  + 732.3005424490412  + 489.9267296074804  + 
total node:42/42
-------------------
Traveling energy: 2418.027943535431
Charging energy: 105581.97205646452
Total energy used: 107999.99999999996
-------------------
Total time for travel: 2418.027943535431
Total time for charging: 21116.394411292906
Charging round duration: 23534.422354828337
-------------------
ID | p | E0 | time_arrive | E_remain | time_charge | energy_charge| E_after_charge | E_after_cycle
15 | 0.10 | 5860.44 | 153.94 | 5845.05 | 489.84 | 2449.20 | 8245.26 | 5927.50
9 | 0.09 | 5853.45 | 657.54 | 5794.27 | 441.38 | 2206.91 | 7961.46 | 5916.43
26 | 0.08 | 5837.50 | 1115.29 | 5748.28 | 393.41 | 1967.06 | 7683.87 | 5898.85
3 | 0.13 | 5876.07 | 1542.41 | 5675.55 | 635.10 | 3175.50 | 8768.49 | 5954.77
24 | 0.07 | 5864.07 | 2229.26 | 5708.02 | 342.68 | 1713.38 | 7397.42 | 5909.95
42 | 0.12 | 5872.39 | 2608.30 | 5559.40 | 586.61 | 2933.06 | 8422.06 | 5946.88
21 | 0.10 | 5860.06 | 3239.98 | 5536.06 | 489.87 | 2449.36 | 7936.44 | 5927.28
16 | 0.07 | 5833.19 | 3793.75 | 5567.63 | 344.49 | 1722.45 | 7265.96 | 5888.14
40 | 0.07 | 5817.90 | 4161.30 | 5526.61 | 345.40 | 1726.98 | 7229.41 | 5877.38
25 | 0.10 | 5859.78 | 4544.38 | 5405.34 | 489.90 | 2449.48 | 7805.83 | 5927.11
2 | 0.13 | 5876.05 | 5144.25 | 5207.29 | 635.10 | 3175.51 | 8300.24 | 5954.76
13 | 0.10 | 5858.45 | 5868.98 | 5271.55 | 490.01 | 2450.03 | 7672.59 | 5926.34
1 | 0.11 | 5867.06 | 6467.81 | 5155.60 | 538.22 | 2691.08 | 7787.48 | 5937.78
5 | 0.14 | 5999.42 | 7026.30 | 5015.74 | 669.89 | 3349.45 | 8271.40 | 6013.87
18 | 0.07 | 5837.71 | 7739.81 | 5295.93 | 344.22 | 1721.12 | 6992.95 | 5891.33
7 | 0.11 | 5866.94 | 8141.15 | 4971.42 | 538.23 | 2691.14 | 7603.35 | 5937.72
14 | 0.06 | 5908.37 | 8703.21 | 5386.18 | 291.52 | 1457.60 | 6826.29 | 5936.69
36 | 0.14 | 5878.05 | 9084.48 | 4606.22 | 683.72 | 3418.61 | 7929.11 | 5961.66
32 | 0.13 | 6167.30 | 9787.73 | 4894.90 | 605.11 | 3025.54 | 7841.77 | 6096.05
20 | 0.12 | 5872.34 | 10459.74 | 4617.17 | 586.62 | 2933.09 | 7479.87 | 5946.85
34 | 0.14 | 5897.85 | 11126.32 | 4340.17 | 681.43 | 3407.13 | 7651.90 | 5969.98
35 | 0.08 | 5838.10 | 11857.36 | 4889.51 | 393.37 | 1966.86 | 6824.90 | 5899.24
11 | 0.05 | 5955.31 | 12349.35 | 5337.85 | 241.02 | 1205.09 | 6530.89 | 5969.33
19 | 0.08 | 5834.76 | 12665.06 | 4821.55 | 393.60 | 1967.99 | 6758.05 | 5897.03
41 | 0.12 | 5874.02 | 13130.38 | 4298.38 | 586.45 | 2932.25 | 7160.25 | 5947.69
23 | 0.06 | 5797.12 | 13769.43 | 4970.96 | 297.11 | 1485.57 | 6438.70 | 5853.41
17 | 0.06 | 5800.10 | 14111.64 | 4953.40 | 296.96 | 1484.81 | 6420.39 | 5855.62
39 | 0.12 | 5872.36 | 14453.84 | 4137.90 | 586.62 | 2933.08 | 7000.58 | 5946.86
22 | 0.11 | 5864.18 | 15141.53 | 4198.62 | 538.48 | 2692.40 | 6831.79 | 5936.23
38 | 0.10 | 5858.60 | 15730.03 | 4285.60 | 489.99 | 2449.97 | 6686.57 | 5926.43
27 | 0.14 | 5878.05 | 16254.58 | 3602.41 | 683.72 | 3418.61 | 6925.30 | 5961.66
10 | 0.08 | 5838.79 | 16998.89 | 4478.88 | 393.33 | 1966.63 | 6414.04 | 5899.70
31 | 0.06 | 5837.06 | 17451.40 | 4789.97 | 295.08 | 1475.41 | 6247.68 | 5883.18
6 | 0.08 | 5838.43 | 17757.39 | 4417.84 | 393.35 | 1966.75 | 6353.12 | 5899.46
4 | 0.14 | 6662.75 | 18213.43 | 4112.87 | 603.20 | 3015.99 | 7044.41 | 6343.73
29 | 0.14 | 5878.46 | 18889.31 | 3233.96 | 683.67 | 3418.37 | 6556.61 | 5961.83
8 | 0.14 | 5878.05 | 19660.48 | 3125.58 | 683.72 | 3418.61 | 6448.47 | 5961.66
30 | 0.11 | 5866.60 | 20460.85 | 3615.91 | 538.26 | 2691.29 | 6247.99 | 5937.54
12 | 0.10 | 5858.55 | 21028.60 | 3755.69 | 490.00 | 2449.99 | 6156.68 | 5926.40
33 | 0.14 | 5880.00 | 21533.71 | 2865.28 | 683.50 | 3417.48 | 6187.07 | 5962.47
28 | 0.15 | 5880.13 | 22224.88 | 2546.40 | 732.30 | 3661.50 | 6098.05 | 5968.41
37 | 0.10 | 5859.41 | 22979.52 | 3561.46 | 489.93 | 2449.63 | 5962.10 | 5926.90
Vehicle 1
Charging tour: 
60  -> 55  -> 63  -> 69  -> 71  -> 76  -> 70  -> 82  -> 83  -> 54  -> 74  -> 65  -> 62  -> 47  -> 45  -> 58  -> 46  -> 81  -> 49  -> 67  -> 79  -> 68  -> 56  -> 51  -> 77  -> 44  -> 72  -> 53  -> 75  -> 73  -> 52  -> 57  -> 61  -> 66  -> 64  -> 43  -> 59  -> 48  -> 78  -> 80  -> 50  -> 
Charging time: 
727.8402626708915  + 359.0154366780211  + 649.0262333214635  + 311.16503383659165  + 696.1472607264903  + 552.7180193294665  + 504.61949731708944  + 360.15335397633345  + 262.70197323570903  + 697.1711632980705  + 600.3013477170703  + 407.14496574623445  + 646.2856556374998  + 552.6961119081542  + 552.6569284949402  + 456.5688380577116  + 306.00823671307325  + 504.56664985109114  + 695.3840654623999  + 358.0018989369721  + 408.0050053565244  + 262.4573155963089  + 407.38412966874813  + 407.9505944420303  + 647.9706416922651  + 552.7551986457731  + 648.0348965908626  + 600.8820223320097  + 360.0552838201566  + 504.5142373821648  + 552.738577920455  + 359.6878661276169  + 648.9981894552761  + 683.2590301029416  + 552.7189189325368  + 552.7555004652314  + 360.22412896282225  + 649.0246120995986  + 504.49705180379675  + 600.1474780744484  + 649.0291693717407  + 
total node:41/41
-------------------
Traveling energy: 2433.686091207067
Charging energy: 105566.31390879289
Total energy used: 107999.99999999996
-------------------
Total time for travel: 2433.686091207067
Total time for charging: 21113.262781758578
Charging round duration: 23546.948872965644
-------------------
ID | p | E0 | time_arrive | E_remain | time_charge | energy_charge| E_after_charge | E_after_cycle
60 | 0.16 | 7269.33 | 82.88 | 7256.07 | 727.84 | 3639.20 | 10778.81 | 7097.10
55 | 0.07 | 6447.56 | 920.46 | 6383.13 | 359.02 | 1795.08 | 8153.07 | 6575.13
63 | 0.13 | 6623.56 | 1344.00 | 6448.84 | 649.03 | 3245.13 | 9609.60 | 6771.90
69 | 0.06 | 6376.33 | 2061.31 | 6252.65 | 311.17 | 1555.83 | 7789.81 | 6502.87
71 | 0.14 | 6650.24 | 2427.56 | 6310.38 | 696.15 | 3480.74 | 9693.66 | 6795.97
76 | 0.11 | 6581.12 | 3168.26 | 6232.61 | 552.72 | 2763.59 | 8935.40 | 6724.35
70 | 0.10 | 6553.09 | 3769.38 | 6176.16 | 504.62 | 2523.10 | 8648.79 | 6694.05
82 | 0.07 | 6427.19 | 4347.25 | 6122.88 | 360.15 | 1800.77 | 7898.44 | 6560.45
83 | 0.05 | 6293.86 | 4745.90 | 6056.57 | 262.70 | 1313.51 | 7356.94 | 6416.30
54 | 0.14 | 6640.47 | 5021.72 | 5937.43 | 697.17 | 3485.86 | 9325.69 | 6791.33
74 | 0.12 | 6610.32 | 5758.49 | 5919.30 | 600.30 | 3001.51 | 8848.77 | 6753.25
65 | 0.08 | 6497.58 | 6459.22 | 5980.84 | 407.14 | 2035.72 | 7983.99 | 6627.58
62 | 0.13 | 6651.65 | 6924.95 | 5751.40 | 646.29 | 3231.43 | 8898.82 | 6786.29
47 | 0.11 | 6581.38 | 7717.23 | 5732.48 | 552.70 | 2763.48 | 8435.17 | 6724.50
45 | 0.11 | 6581.84 | 8293.45 | 5669.56 | 552.66 | 2763.28 | 8372.06 | 6724.77
58 | 0.09 | 6518.49 | 8924.54 | 5715.28 | 456.57 | 2282.84 | 7957.03 | 6657.40
46 | 0.06 | 6483.78 | 9457.82 | 5916.32 | 306.01 | 1530.04 | 7428.00 | 6584.54
81 | 0.10 | 6553.78 | 9832.68 | 5570.51 | 504.57 | 2522.83 | 8042.89 | 6694.47
49 | 0.14 | 6657.54 | 10392.53 | 5202.59 | 695.38 | 3476.92 | 8582.15 | 6799.46
67 | 0.07 | 6465.81 | 11099.91 | 5688.82 | 358.00 | 1790.01 | 7453.77 | 6588.32
79 | 0.08 | 6483.88 | 11488.68 | 5564.79 | 408.01 | 2040.03 | 7572.17 | 6618.19
68 | 0.05 | 6299.73 | 11903.67 | 5704.54 | 262.46 | 1312.29 | 7003.71 | 6420.94
56 | 0.08 | 6493.76 | 12307.67 | 5509.15 | 407.38 | 2036.92 | 7513.48 | 6624.97
51 | 0.08 | 6484.74 | 12751.01 | 5464.66 | 407.95 | 2039.75 | 7471.78 | 6618.78
77 | 0.13 | 6634.35 | 13272.52 | 4908.92 | 647.97 | 3239.85 | 8064.54 | 6777.42
44 | 0.11 | 6580.67 | 13964.96 | 5044.53 | 552.76 | 2763.78 | 7747.50 | 6724.09
72 | 0.13 | 6633.69 | 14532.71 | 4744.44 | 648.03 | 3240.17 | 7900.37 | 6777.08
53 | 0.12 | 6603.93 | 15223.01 | 4777.17 | 600.88 | 3004.41 | 7709.47 | 6749.77
75 | 0.07 | 6428.94 | 15901.70 | 5315.82 | 360.06 | 1800.28 | 7090.89 | 6561.71
73 | 0.10 | 6554.46 | 16293.12 | 4925.15 | 504.51 | 2522.57 | 7397.27 | 6694.89
52 | 0.11 | 6580.87 | 16869.82 | 4725.19 | 552.74 | 2763.69 | 7428.08 | 6724.20
57 | 0.07 | 6435.51 | 17508.11 | 5209.94 | 359.69 | 1798.44 | 6983.20 | 6566.44
61 | 0.13 | 6623.85 | 17960.81 | 4288.94 | 649.00 | 3244.99 | 7449.56 | 6772.05
66 | 0.14 | 6775.68 | 18646.02 | 4165.24 | 683.26 | 3416.30 | 7485.88 | 6856.97
64 | 0.11 | 6581.10 | 19375.54 | 4449.80 | 552.72 | 2763.59 | 7152.59 | 6724.34
43 | 0.11 | 6580.67 | 19935.35 | 4387.78 | 552.76 | 2763.78 | 7090.75 | 6724.09
59 | 0.07 | 6425.93 | 20508.91 | 4990.30 | 360.22 | 1801.12 | 6766.21 | 6559.54
48 | 0.13 | 6623.58 | 20903.63 | 3906.11 | 649.02 | 3245.12 | 7066.86 | 6771.91
78 | 0.10 | 6554.68 | 21579.10 | 4396.77 | 504.50 | 2522.49 | 6868.81 | 6695.02
80 | 0.12 | 6612.01 | 22113.94 | 3958.34 | 600.15 | 3000.74 | 6887.06 | 6754.18
50 | 0.13 | 6623.53 | 22716.62 | 3670.37 | 649.03 | 3245.15 | 6831.14 | 6771.89
Vehicle 2
Charging tour: 
92  -> 85  -> 97  -> 90  -> 96  -> 106  -> 98  -> 118  -> 95  -> 99  -> 112  -> 101  -> 88  -> 93  -> 102  -> 91  -> 105  -> 114  -> 89  -> 84  -> 87  -> 108  -> 111  -> 116  -> 103  -> 113  -> 117  -> 104  -> 110  -> 119  -> 121  -> 86  -> 109  -> 107  -> 115  -> 94  -> 100  -> 120  -> 
Charging time: 
439.9505961843539  + 480.9535906407617  + 221.3715801891163  + 544.2283627379868  + 560.3836043951668  + 386.265719948755  + 323.01060349354555  + 228.5068358368536  + 577.0655277165284  + 377.60979951327255  + 240.2830898226793  + 250.65479085998794  + 496.6288714472623  + 358.0262035506233  + 350.7137439019856  + 833.212746168535  + 305.3918062908121  + 329.74466290887176  + 473.9804574793405  + 344.2028951113802  + 626.9727929459584  + 537.7999052303435  + 604.5788520385888  + 621.3646038732302  + 650.9288543064538  + 436.81789320010705  + 330.95793575785484  + 445.16038480762313  + 505.98139307715445  + 440.70005384340897  + 308.4254342473449  + 552.3642213805266  + 376.51139954453026  + 693.2222241123405  + 417.315153438417  + 397.079450299057  + 328.26794412669193  + 469.1741594255784  + 
total node:38/38
-------------------
Traveling energy: 2621.4769385929867
Charging energy: 84329.04071926515
Total energy used: 86950.51765785813
-------------------
Total time for travel: 2621.4769385929867
Total time for charging: 16865.808143853028
Charging round duration: 19487.285082446015
-------------------
ID | p | E0 | time_arrive | E_remain | time_charge | energy_charge| E_after_charge | E_after_cycle
92 | 0.11 | 8669.40 | 188.74 | 8648.64 | 439.95 | 2199.75 | 10800.00 | 8248.80
85 | 0.10 | 8508.02 | 646.90 | 8443.33 | 480.95 | 2404.77 | 10800.00 | 8530.64
97 | 0.06 | 9776.15 | 1162.02 | 9706.42 | 221.37 | 1106.86 | 10800.00 | 9453.72
90 | 0.12 | 8317.90 | 1447.76 | 8144.17 | 544.23 | 2721.14 | 10800.00 | 8180.46
96 | 0.14 | 8362.21 | 2040.56 | 8076.54 | 560.38 | 2801.92 | 10800.00 | 7829.13
106 | 0.12 | 9231.53 | 2637.57 | 8915.02 | 386.27 | 1931.33 | 10800.00 | 8304.29
98 | 0.08 | 9460.70 | 3123.87 | 9210.79 | 323.01 | 1615.05 | 10800.00 | 9170.03
118 | 0.12 | 10109.14 | 3535.45 | 9684.89 | 228.51 | 1142.53 | 10800.00 | 8393.10
95 | 0.13 | 8484.08 | 3802.99 | 7989.69 | 577.07 | 2885.33 | 10800.00 | 8272.62
99 | 0.09 | 9341.87 | 4399.30 | 8945.94 | 377.61 | 1888.05 | 10800.00 | 9085.99
112 | 0.06 | 9902.69 | 4828.09 | 9613.00 | 240.28 | 1201.42 | 10800.00 | 9674.82
101 | 0.06 | 9873.25 | 5191.49 | 9561.77 | 250.65 | 1253.27 | 10800.00 | 9697.24
88 | 0.09 | 8859.71 | 5535.05 | 8361.55 | 496.63 | 2483.14 | 10800.00 | 9198.92
93 | 0.07 | 9464.50 | 6136.76 | 9034.93 | 358.03 | 1790.13 | 10800.00 | 9587.13
102 | 0.08 | 9597.30 | 6535.13 | 9074.49 | 350.71 | 1753.57 | 10800.00 | 9445.15
91 | 0.15 | 7800.37 | 6943.03 | 6758.92 | 833.21 | 4166.06 | 10800.00 | 8393.22
105 | 0.07 | 9844.25 | 7854.71 | 9294.42 | 305.39 | 1526.96 | 10800.00 | 9703.71
114 | 0.10 | 10003.29 | 8190.36 | 9184.25 | 329.74 | 1648.72 | 10800.00 | 9269.86
89 | 0.08 | 9093.15 | 8589.31 | 8406.00 | 473.98 | 2369.90 | 10737.99 | 9557.34
84 | 0.06 | 9391.21 | 9087.36 | 8845.97 | 344.20 | 1721.01 | 10546.33 | 9682.94
87 | 0.10 | 8592.83 | 9552.36 | 7637.59 | 626.97 | 3134.86 | 10709.76 | 9345.55
108 | 0.12 | 9402.19 | 10222.15 | 8175.54 | 537.80 | 2689.00 | 10800.00 | 9232.62
111 | 0.14 | 9372.86 | 10793.64 | 7861.75 | 604.58 | 3022.89 | 10800.00 | 9060.75
116 | 0.15 | 9503.91 | 11450.20 | 7786.38 | 621.36 | 3106.82 | 10800.00 | 9037.52
103 | 0.12 | 9076.13 | 12105.52 | 7623.47 | 650.93 | 3254.64 | 10800.00 | 9472.20
113 | 0.10 | 9945.94 | 12863.46 | 8659.59 | 436.82 | 2184.09 | 10800.00 | 9747.88
117 | 0.06 | 9767.05 | 13361.26 | 8965.37 | 330.96 | 1654.79 | 10600.30 | 9992.55
104 | 0.08 | 9681.85 | 13721.42 | 8584.13 | 445.16 | 2225.80 | 10774.32 | 10001.93
110 | 0.10 | 9739.00 | 14183.11 | 8320.69 | 505.98 | 2529.91 | 10800.00 | 9886.76
119 | 0.11 | 10272.90 | 14799.29 | 8644.98 | 440.70 | 2203.50 | 10800.00 | 9856.04
121 | 0.07 | 10355.88 | 15377.43 | 9279.46 | 308.43 | 1542.13 | 10800.00 | 10230.51
86 | 0.09 | 8778.13 | 15725.98 | 7362.79 | 552.36 | 2761.82 | 10074.89 | 9396.02
109 | 0.07 | 10016.24 | 16353.33 | 8871.51 | 376.51 | 1882.56 | 10727.71 | 10231.29
107 | 0.12 | 9325.96 | 16802.20 | 7309.70 | 693.22 | 3466.11 | 10692.62 | 9933.50
115 | 0.08 | 10151.83 | 17562.77 | 8746.81 | 417.32 | 2086.58 | 10800.00 | 10332.69
94 | 0.07 | 9497.42 | 18006.65 | 8236.95 | 397.08 | 1985.40 | 10194.55 | 9815.31
100 | 0.06 | 9847.08 | 18420.91 | 8741.83 | 328.27 | 1641.34 | 10363.47 | 10059.13
120 | 0.10 | 10386.24 | 18851.97 | 8501.05 | 469.17 | 2345.87 | 10800.00 | 10349.97
Vehicle 3
Charging tour: 
134  -> 145  -> 141  -> 155  -> 153  -> 156  -> 151  -> 152  -> 137  -> 124  -> 133  -> 136  -> 132  -> 130  -> 150  -> 125  -> 123  -> 138  -> 143  -> 144  -> 139  -> 147  -> 126  -> 127  -> 131  -> 128  -> 157  -> 146  -> 149  -> 154  -> 122  -> 135  -> 148  -> 129  -> 140  -> 142  -> 
Charging time: 
320.672218932968  + 480.47493977180625  + 421.25120631535617  + 320.6719867454092  + 420.6750940850758  + 517.5184377865967  + 370.18879662719297  + 547.1082768021859  + 552.8967720352334  + 702.8207098762724  + 271.8243775902001  + 517.5055182376957  + 603.6269573994414  + 517.5491040693904  + 650.1501664955022  + 517.3232309014508  + 517.6272157655987  + 661.603400345294  + 740.346218619471  + 757.5357360291907  + 866.037307264507  + 565.6373697962256  + 372.96319830124264  + 469.2672105784082  + 565.6023945227913  + 270.4582768293178  + 709.5538253246245  + 955.9652022571667  + 661.5730514781247  + 724.4191218386707  + 469.2941858435866  + 717.8552466374317  + 900.8232651916275  + 565.551869930759  + 613.5879630779714  + 661.5730945963768  + 
total node:36/36
-------------------
Traveling energy: 2237.6873940184296
Charging energy: 102497.66473950082
Total energy used: 104735.35213351925
-------------------
Total time for travel: 2237.6873940184296
Total time for charging: 20499.532947900163
Charging round duration: 22737.220341918593
-------------------
ID | p | E0 | time_arrive | E_remain | time_charge | energy_charge| E_after_charge | E_after_cycle
134 | 0.06 | 8214.34 | 82.69 | 8209.38 | 320.67 | 1603.36 | 9793.50 | 8388.42
145 | 0.10 | 8489.04 | 433.72 | 8445.67 | 480.47 | 2402.37 | 10800.00 | 8509.27
141 | 0.08 | 8337.42 | 967.03 | 8260.06 | 421.25 | 2106.26 | 10332.61 | 8537.96
155 | 0.06 | 8214.35 | 1481.46 | 8125.46 | 320.67 | 1603.36 | 9709.58 | 8388.42
153 | 0.08 | 8348.84 | 1881.41 | 8198.33 | 420.68 | 2103.38 | 10268.05 | 8546.50
156 | 0.10 | 8483.15 | 2375.10 | 8245.64 | 517.52 | 2587.59 | 10781.48 | 8688.59
151 | 0.07 | 8301.52 | 2967.26 | 8093.81 | 370.19 | 1850.94 | 9918.84 | 8484.96
152 | 0.18 | 8766.45 | 3352.82 | 8162.94 | 547.11 | 2735.54 | 10800.00 | 7214.12
137 | 0.14 | 8662.09 | 3922.63 | 8112.92 | 552.90 | 2764.48 | 10800.00 | 8091.57
124 | 0.13 | 7963.06 | 4506.10 | 7377.26 | 702.82 | 3514.10 | 10800.00 | 8380.37
133 | 0.05 | 8075.41 | 5244.68 | 7813.17 | 271.82 | 1359.12 | 9158.70 | 8243.46
136 | 0.10 | 8483.36 | 5534.65 | 7929.89 | 517.51 | 2587.53 | 10465.67 | 8688.74
132 | 0.12 | 8585.51 | 6093.45 | 7854.30 | 603.63 | 3018.13 | 10800.00 | 8745.07
130 | 0.10 | 8482.65 | 6727.04 | 7809.94 | 517.55 | 2587.75 | 10345.93 | 8688.25
150 | 0.14 | 8662.09 | 7298.69 | 7640.27 | 650.15 | 3250.75 | 10800.00 | 8577.83
125 | 0.10 | 8486.35 | 7984.74 | 7687.87 | 517.32 | 2586.62 | 10222.76 | 8690.82
123 | 0.10 | 8481.37 | 8631.78 | 7618.19 | 517.63 | 2588.14 | 10154.56 | 8687.36
138 | 0.13 | 8626.38 | 9199.82 | 7430.40 | 661.60 | 3308.02 | 10652.41 | 8837.61
143 | 0.15 | 8694.43 | 9900.69 | 7209.32 | 740.35 | 3701.73 | 10800.00 | 8822.94
144 | 0.15 | 8693.03 | 10713.23 | 7086.04 | 757.54 | 3787.68 | 10760.09 | 8907.49
139 | 0.17 | 8569.28 | 11483.75 | 6617.04 | 866.04 | 4330.19 | 10800.00 | 8849.82
147 | 0.11 | 8537.63 | 12456.50 | 7167.42 | 565.64 | 2828.19 | 9933.38 | 8745.46
126 | 0.07 | 8239.77 | 13130.02 | 7320.67 | 372.96 | 1864.82 | 9159.37 | 8437.08
127 | 0.09 | 8419.87 | 13636.48 | 7192.58 | 469.27 | 2346.34 | 9496.68 | 8622.27
131 | 0.11 | 8538.16 | 14129.89 | 6983.87 | 565.60 | 2828.01 | 9749.67 | 8745.81
128 | 0.05 | 8116.20 | 14739.89 | 7379.20 | 270.46 | 1352.29 | 8717.97 | 8277.42
157 | 0.14 | 8662.15 | 15098.60 | 6548.34 | 709.55 | 3547.77 | 9996.77 | 8874.91
146 | 0.20 | 9184.82 | 15835.06 | 6017.81 | 955.97 | 4779.83 | 10606.44 | 9200.36
149 | 0.13 | 8626.77 | 16863.52 | 6434.52 | 661.57 | 3307.87 | 9656.38 | 8837.85
154 | 0.14 | 8484.40 | 17654.66 | 6012.75 | 724.42 | 3622.10 | 9533.42 | 8771.49
122 | 0.09 | 8419.38 | 18394.02 | 6763.92 | 469.29 | 2346.47 | 9068.15 | 8621.92
135 | 0.14 | 8561.98 | 18880.96 | 5918.64 | 717.86 | 3589.28 | 9407.42 | 8816.25
148 | 0.18 | 8772.35 | 19668.53 | 5232.01 | 900.82 | 4504.12 | 9573.98 | 8988.60
129 | 0.11 | 8538.92 | 20647.51 | 6267.70 | 565.55 | 2827.76 | 9033.25 | 8746.32
140 | 0.12 | 8585.93 | 21252.45 | 6035.63 | 613.59 | 3067.94 | 9029.94 | 8795.29
142 | 0.13 | 8626.77 | 21904.79 | 5779.15 | 661.57 | 3307.87 | 9001.01 | 8837.85
Vehicle 4
Charging tour: 
187  -> 163  -> 162  -> 161  -> 166  -> 164  -> 171  -> 172  -> 158  -> 179  -> 175  -> 173  -> 183  -> 188  -> 165  -> 170  -> 181  -> 185  -> 184  -> 174  -> 182  -> 177  -> 159  -> 167  -> 180  -> 168  -> 160  -> 176  -> 186  -> 178  -> 169  -> 189  -> 
Charging time: 
231.85994585636854  + 733.5154277905814  + 1015.3321462256422  + 1133.0012839394426  + 656.6064391694476  + 470.7453680858129  + 708.590702979066  + 542.6846649469167  + 663.5863937338551  + 478.28661543837137  + 460.64612699380257  + 540.6955195282762  + 248.44466080797315  + 705.97718326603  + 631.3061411081472  + 544.0589285505101  + 463.02864766512135  + 265.6432091467053  + 448.1893020809136  + 313.2478199486329  + 454.82308072082833  + 248.19187088595598  + 928.4294117588526  + 254.92970762245778  + 422.2222162077508  + 312.77288165637754  + 321.1011936210266  + 650.2804151212982  + 348.7094653788904  + 409.4292198080062  + 309.9383560430012  + 646.1924399363702  + 
total node:32/32
-------------------
Traveling energy: 2171.676977088472
Charging energy: 82812.33393011216
Total energy used: 84984.01090720063
-------------------
Total time for travel: 2171.676977088472
Total time for charging: 16562.466786022433
Charging round duration: 18734.143763110904
-------------------
ID | p | E0 | time_arrive | E_remain | time_charge | energy_charge| E_after_charge | E_after_cycle
187 | 0.10 | 9680.05 | 161.65 | 9663.89 | 231.86 | 1159.30 | 10800.00 | 8457.21
163 | 0.18 | 7337.92 | 408.13 | 7264.46 | 733.52 | 3667.58 | 10800.00 | 6717.63
162 | 0.23 | 6222.77 | 1156.09 | 5956.87 | 1015.33 | 5076.66 | 10800.00 | 5820.49
161 | 0.23 | 5918.58 | 2273.92 | 5395.58 | 1133.00 | 5665.01 | 10800.00 | 6104.66
166 | 0.15 | 8143.51 | 3520.33 | 7615.46 | 656.61 | 3283.03 | 10800.00 | 7853.32
164 | 0.10 | 8919.76 | 4264.16 | 8493.35 | 470.75 | 2353.73 | 10800.00 | 8891.35
171 | 0.17 | 8202.18 | 4851.00 | 7377.51 | 708.59 | 3542.95 | 10800.00 | 7695.48
172 | 0.13 | 8895.15 | 5677.15 | 8157.13 | 542.68 | 2713.42 | 10800.00 | 8511.79
158 | 0.11 | 8246.66 | 6287.27 | 7555.06 | 663.59 | 3317.93 | 10800.00 | 8944.23
179 | 0.11 | 9237.24 | 7055.14 | 8461.18 | 478.29 | 2391.43 | 10800.00 | 9008.32
175 | 0.11 | 9383.28 | 7598.51 | 8547.44 | 460.65 | 2303.23 | 10800.00 | 9066.15
173 | 0.12 | 9137.73 | 8136.07 | 8161.41 | 540.70 | 2703.48 | 10800.00 | 8982.64
183 | 0.06 | 10097.82 | 8752.28 | 9572.68 | 248.44 | 1242.22 | 10800.00 | 9910.76
188 | 0.23 | 9508.35 | 9025.46 | 7432.49 | 705.98 | 3529.89 | 10800.00 | 7559.30
165 | 0.11 | 8788.55 | 9778.52 | 7712.91 | 631.31 | 3156.53 | 10800.00 | 9324.72
170 | 0.10 | 9180.20 | 10460.94 | 8134.11 | 544.06 | 2720.29 | 10800.00 | 9518.35
181 | 0.09 | 9522.29 | 11064.02 | 8526.53 | 463.03 | 2315.14 | 10800.00 | 9693.50
185 | 0.06 | 10181.91 | 11569.78 | 9487.72 | 265.64 | 1328.22 | 10800.00 | 10080.84
184 | 0.11 | 9917.21 | 11898.65 | 8608.35 | 448.19 | 2240.95 | 10800.00 | 9537.79
174 | 0.06 | 9694.23 | 12366.23 | 8952.26 | 313.25 | 1566.24 | 10499.70 | 9831.19
182 | 0.10 | 9842.64 | 12712.69 | 8571.37 | 454.82 | 2274.12 | 10800.00 | 9734.61
177 | 0.05 | 10196.07 | 13172.97 | 9537.42 | 248.19 | 1240.96 | 10765.97 | 10245.96
159 | 0.14 | 7631.84 | 13459.14 | 5747.56 | 928.43 | 4642.15 | 10259.73 | 8938.99
167 | 0.05 | 9926.58 | 14436.42 | 9204.76 | 254.93 | 1274.65 | 10466.67 | 10010.16
180 | 0.08 | 9589.57 | 14734.81 | 8410.79 | 422.22 | 2111.11 | 10488.12 | 9794.97
168 | 0.06 | 9708.95 | 15214.09 | 8796.11 | 312.77 | 1563.86 | 10341.21 | 9843.53
160 | 0.06 | 9457.14 | 15611.27 | 8520.46 | 321.10 | 1605.51 | 10106.70 | 9633.35
176 | 0.12 | 9339.66 | 15982.54 | 7421.75 | 650.28 | 3251.40 | 10595.12 | 9732.48
186 | 0.07 | 10159.79 | 16760.41 | 8986.56 | 348.71 | 1743.55 | 10705.70 | 10235.83
178 | 0.08 | 9889.21 | 17119.78 | 8519.62 | 409.43 | 2047.15 | 10534.02 | 10030.64
169 | 0.06 | 9797.75 | 17646.86 | 8738.94 | 309.94 | 1549.69 | 10270.03 | 9918.15
189 | 0.13 | 9990.65 | 17981.56 | 7653.04 | 646.19 | 3230.96 | 10800.00 | 10124.82
Vehicle 5
Charging tour: 
214  -> 198  -> 204  -> 217  -> 205  -> 197  -> 207  -> 191  -> 232  -> 212  -> 215  -> 229  -> 196  -> 231  -> 225  -> 221  -> 208  -> 210  -> 224  -> 227  -> 218  -> 230  -> 220  -> 199  -> 223  -> 219  -> 211  -> 190  -> 194  -> 209  -> 222  -> 202  -> 206  -> 203  -> 213  -> 195  -> 200  -> 192  -> 228  -> 193  -> 201  -> 226  -> 
Charging time: 
732.1881925917027  + 318.4467710437671  + 420.7982278095987  + 370.3163920704474  + 672.9417111134188  + 660.0555245785547  + 367.1786009733758  + 622.5441341799076  + 572.2582639644677  + 757.0447959226367  + 421.2164403238536  + 315.941944696083  + 624.4125255341901  + 572.2214464167706  + 471.45709310870774  + 572.2114588402029  + 526.2443431792607  + 256.6231801235514  + 572.191046773273  + 470.6583677862661  + 313.7211924243569  + 269.24307866078743  + 521.9660660910513  + 763.3588596590437  + 735.0607076349394  + 316.2531074713712  + 521.8026593238064  + 370.5719255602532  + 421.11413208146604  + 471.1200509548678  + 370.7254908677653  + 723.3171211480775  + 367.061462000413  + 470.9058267836347  + 421.16325269875  + 419.90324789843305  + 721.7144369912338  + 672.9357840182903  + 758.6841210616019  + 268.7136280059593  + 592.7000771737553  + 318.20654111131824  + 
total node:42/43
-------------------
Traveling energy: 2464.0338467439633
Charging energy: 105535.96615325603
Total energy used: 107999.99999999999
-------------------
Total time for travel: 2464.0338467439633
Total time for charging: 21107.193230651206
Charging round duration: 23571.227077395168
-------------------
ID | p | E0 | time_arrive | E_remain | time_charge | energy_charge| E_after_charge | E_after_cycle
214 | 0.14 | 6695.38 | 99.67 | 6681.42 | 732.19 | 3660.94 | 10239.86 | 7021.32
198 | 0.06 | 6597.57 | 922.84 | 6542.20 | 318.45 | 1592.23 | 8115.33 | 6760.52
204 | 0.08 | 6657.11 | 1347.10 | 6549.35 | 420.80 | 2103.99 | 8619.67 | 6855.39
217 | 0.07 | 6619.04 | 1859.00 | 6488.91 | 370.32 | 1851.58 | 8314.57 | 6803.12
205 | 0.13 | 6764.50 | 2327.41 | 6461.94 | 672.94 | 3364.71 | 9739.16 | 7032.42
197 | 0.12 | 6366.06 | 3033.10 | 6002.09 | 660.06 | 3300.28 | 9223.16 | 6807.76
207 | 0.07 | 6675.60 | 3711.07 | 6415.83 | 367.18 | 1835.89 | 8226.02 | 6843.99
191 | 0.12 | 6749.65 | 4133.44 | 6253.63 | 622.54 | 3112.72 | 9291.65 | 7003.79
232 | 0.11 | 6730.86 | 4817.87 | 6200.89 | 572.26 | 2861.29 | 8999.24 | 6971.79
212 | 0.15 | 6938.08 | 5432.24 | 6123.25 | 757.04 | 3785.22 | 9794.91 | 7150.09
215 | 0.08 | 6650.50 | 6245.03 | 6150.90 | 421.22 | 2106.08 | 8223.29 | 6850.87
229 | 0.06 | 6649.88 | 6684.30 | 6248.82 | 315.94 | 1579.71 | 7809.58 | 6800.30
196 | 0.12 | 6729.45 | 7093.97 | 5878.17 | 624.41 | 3122.06 | 8925.31 | 6992.94
231 | 0.11 | 6731.29 | 7808.28 | 5872.38 | 572.22 | 2861.11 | 8670.54 | 6972.04
225 | 0.09 | 6684.52 | 8433.53 | 5925.50 | 471.46 | 2357.29 | 8240.36 | 6897.87
221 | 0.11 | 6731.41 | 8916.04 | 5750.64 | 572.21 | 2861.06 | 8548.76 | 6972.11
208 | 0.10 | 6653.99 | 9554.80 | 5698.51 | 526.24 | 2631.22 | 8277.11 | 6903.07
210 | 0.05 | 6822.51 | 10111.27 | 6316.94 | 256.62 | 1283.12 | 7587.23 | 6914.55
224 | 0.11 | 6731.65 | 10424.72 | 5584.93 | 572.19 | 2860.96 | 8382.94 | 6972.24
227 | 0.09 | 6695.86 | 11075.67 | 5699.05 | 470.66 | 2353.29 | 8009.99 | 6905.22
218 | 0.06 | 6696.95 | 11601.50 | 6000.86 | 313.72 | 1568.61 | 7550.65 | 6836.27
230 | 0.05 | 6502.72 | 11942.02 | 5905.62 | 269.24 | 1346.22 | 7238.38 | 6657.87
220 | 0.10 | 6708.53 | 12239.17 | 5484.62 | 521.97 | 2609.83 | 8042.25 | 6936.22
199 | 0.15 | 6880.70 | 12800.14 | 4960.67 | 763.36 | 3816.79 | 8662.97 | 7124.27
223 | 0.15 | 7145.59 | 13601.72 | 5105.33 | 735.06 | 3675.30 | 8670.37 | 7247.67
219 | 0.06 | 6643.34 | 14350.95 | 5782.28 | 316.25 | 1581.27 | 7344.57 | 6795.32
211 | 0.10 | 6710.63 | 14738.45 | 5236.79 | 521.80 | 2609.01 | 7793.62 | 6937.50
190 | 0.07 | 6614.47 | 15376.89 | 5538.09 | 370.57 | 1852.86 | 7365.01 | 6799.83
194 | 0.08 | 6652.12 | 15769.06 | 5390.59 | 421.11 | 2105.57 | 7462.48 | 6851.97
209 | 0.09 | 6689.30 | 16270.56 | 5224.95 | 471.12 | 2355.60 | 7538.15 | 6900.97
222 | 0.07 | 6611.73 | 16803.16 | 5435.51 | 370.73 | 1853.63 | 7263.19 | 6797.86
202 | 0.14 | 6777.49 | 17187.61 | 4371.23 | 723.32 | 3616.59 | 7886.55 | 7059.08
206 | 0.07 | 6677.73 | 17945.07 | 5421.58 | 367.06 | 1835.31 | 7231.19 | 6845.54
203 | 0.09 | 6692.34 | 18357.00 | 5040.21 | 470.91 | 2354.53 | 7352.36 | 6902.94
213 | 0.08 | 6651.34 | 18976.29 | 5133.24 | 421.16 | 2105.82 | 7205.36 | 6851.44
195 | 0.08 | 6671.30 | 19413.57 | 5118.22 | 419.90 | 2099.52 | 7184.14 | 6865.10
200 | 0.14 | 6792.54 | 19860.25 | 4012.11 | 721.71 | 3608.57 | 7519.64 | 7066.11
192 | 0.13 | 6764.56 | 20669.10 | 4077.58 | 672.94 | 3364.68 | 7354.77 | 7032.45
228 | 0.15 | 6923.09 | 21383.16 | 3715.62 | 758.68 | 3793.42 | 7395.24 | 7143.29
193 | 0.05 | 6515.54 | 22160.30 | 5407.52 | 268.71 | 1343.57 | 6737.65 | 6668.03
201 | 0.11 | 6498.72 | 22522.80 | 4021.21 | 592.70 | 2963.50 | 6919.51 | 6841.86
226 | 0.06 | 6602.55 | 23135.17 | 5214.44 | 318.21 | 1591.03 | 6786.38 | 6764.30
216 | 0.16 | 6811.90 | 3000.47
Vehicle 6
Charging tour: 
239  -> 247  -> 258  -> 235  -> 272  -> 237  -> 262  -> 265  -> 238  -> 249  -> 255  -> 264  -> 267  -> 259  -> 266  -> 248  -> 256  -> 242  -> 245  -> 243  -> 250  -> 236  -> 234  -> 244  -> 269  -> 252  -> 268  -> 233  -> 253  -> 261  -> 251  -> 241  -> 271  -> 260  -> 270  -> 273  -> 246  -> 263  -> 254  -> 240  -> 257  -> 
Charging time: 
300.8436588899163  + 407.39372129705595  + 385.06914030180747  + 442.319294892072  + 365.5662265594063  + 358.73832659455906  + 359.16153795748204  + 358.4033840517391  + 502.4344440280483  + 408.75306901751514  + 459.99182309001463  + 457.4232662887073  + 455.41342662277106  + 308.5500449771311  + 489.5856945871209  + 584.3314404727952  + 520.7002697860487  + 358.9513884207775  + 457.4322418327124  + 355.65832285672775  + 554.1546390858149  + 407.27298898943815  + 300.7728346022066  + 623.9485116389767  + 648.9594812057511  + 637.1726239649984  + 357.6922283336181  + 302.73965407289546  + 505.88778819027175  + 693.0226991807912  + 554.225351955006  + 358.3983602375462  + 553.8531169893952  + 650.3660481715714  + 794.2633138225644  + 457.44160240828626  + 615.6621979560339  + 554.2168605734545  + 668.4160075549898  + 505.7902447727716  + 650.5207836857224  + 
total node:41/41
-------------------
Traveling energy: 2625.7740012170034
Charging energy: 98657.49029958255
Total energy used: 101283.26430079955
-------------------
Total time for travel: 2625.7740012170034
Total time for charging: 19731.49805991651
Charging round duration: 22357.272061133513
-------------------
ID | p | E0 | time_arrive | E_remain | time_charge | energy_charge| E_after_charge | E_after_cycle
239 | 0.05 | 8292.31 | 47.03 | 8289.96 | 300.84 | 1504.22 | 9779.14 | 8605.46
247 | 0.07 | 8572.95 | 391.74 | 8545.52 | 407.39 | 2036.97 | 10553.98 | 8942.41
258 | 0.10 | 9003.01 | 898.53 | 8913.16 | 385.07 | 1925.35 | 10800.00 | 8546.21
235 | 0.08 | 8727.82 | 1300.33 | 8623.79 | 442.32 | 2211.60 | 10800.00 | 9033.70
272 | 0.13 | 9249.18 | 1765.30 | 9019.69 | 365.57 | 1827.83 | 10800.00 | 7980.22
237 | 0.06 | 8344.88 | 2269.29 | 8208.72 | 358.74 | 1793.69 | 9980.89 | 8709.28
262 | 0.06 | 8335.04 | 2783.24 | 8168.05 | 359.16 | 1795.81 | 9942.31 | 8701.56
265 | 0.06 | 8352.67 | 3225.44 | 8159.15 | 358.40 | 1792.02 | 9929.66 | 8715.40
238 | 0.10 | 8700.07 | 3620.00 | 8338.07 | 502.43 | 2512.17 | 10800.00 | 8830.10
249 | 0.07 | 8544.44 | 4148.52 | 8254.04 | 408.75 | 2043.77 | 10269.19 | 8920.70
255 | 0.10 | 9002.55 | 4565.11 | 8546.04 | 459.99 | 2299.96 | 10800.00 | 8920.36
264 | 0.08 | 8726.06 | 5041.88 | 8322.71 | 457.42 | 2287.12 | 10573.23 | 9107.46
267 | 0.14 | 9362.49 | 5541.43 | 8586.69 | 455.41 | 2277.07 | 10800.00 | 8304.55
259 | 0.05 | 8085.20 | 6044.50 | 7782.98 | 308.55 | 1542.75 | 9310.30 | 8436.88
266 | 0.11 | 9111.75 | 6416.62 | 8405.93 | 489.59 | 2447.93 | 10800.00 | 8939.32
248 | 0.12 | 8778.29 | 6915.22 | 7948.46 | 584.33 | 2921.66 | 10800.00 | 8841.37
256 | 0.10 | 9001.28 | 7527.15 | 8248.57 | 520.70 | 2603.50 | 10800.00 | 9222.64
242 | 0.06 | 8339.92 | 8098.01 | 7854.04 | 358.95 | 1794.76 | 9627.26 | 8705.39
245 | 0.08 | 8725.89 | 8585.08 | 8039.08 | 457.43 | 2287.16 | 10289.65 | 9107.33
243 | 0.06 | 8417.14 | 9105.64 | 7870.80 | 355.66 | 1778.29 | 9627.76 | 8766.15
250 | 0.10 | 9003.58 | 9527.81 | 8050.80 | 554.15 | 2770.77 | 10766.16 | 9392.21
236 | 0.07 | 8575.49 | 10147.67 | 7865.15 | 407.27 | 2036.36 | 9873.01 | 8944.35
234 | 0.05 | 8294.26 | 10624.04 | 7763.06 | 300.77 | 1503.86 | 9251.89 | 8607.05
244 | 0.11 | 8796.10 | 11025.07 | 7583.35 | 623.95 | 3119.74 | 10634.45 | 9295.49
269 | 0.14 | 9278.52 | 11660.48 | 7646.06 | 648.96 | 3244.80 | 10800.00 | 9188.32
252 | 0.12 | 9170.24 | 12330.37 | 7690.60 | 637.17 | 3185.86 | 10800.00 | 9497.53
268 | 0.06 | 8369.28 | 13007.06 | 7588.86 | 357.69 | 1788.46 | 9355.86 | 8728.45
233 | 0.05 | 8240.38 | 13494.97 | 7565.63 | 302.74 | 1513.70 | 9064.19 | 8563.00
253 | 0.09 | 8876.36 | 13897.94 | 7625.54 | 505.89 | 2529.44 | 10109.45 | 9261.86
261 | 0.13 | 9306.81 | 14475.64 | 7424.98 | 693.02 | 3465.11 | 10800.00 | 9675.14
251 | 0.10 | 9002.44 | 15261.25 | 7476.31 | 554.23 | 2771.13 | 10192.02 | 9391.42
241 | 0.06 | 8352.79 | 15893.01 | 7399.21 | 358.40 | 1791.99 | 9169.70 | 8715.50
271 | 0.10 | 9008.49 | 16346.79 | 7373.81 | 553.85 | 2769.27 | 10087.69 | 9395.61
260 | 0.12 | 9205.98 | 17014.77 | 7164.20 | 650.37 | 3251.83 | 10337.99 | 9599.23
270 | 0.15 | 9422.65 | 17735.96 | 6762.26 | 794.26 | 3971.32 | 10614.44 | 9820.75
273 | 0.08 | 8725.71 | 18573.34 | 7239.84 | 457.44 | 2287.21 | 9490.46 | 9107.20
246 | 0.11 | 8914.49 | 19097.04 | 6813.82 | 615.66 | 3078.31 | 9824.41 | 9372.44
263 | 0.10 | 9002.57 | 19792.77 | 7023.30 | 554.22 | 2771.08 | 9738.96 | 9391.51
254 | 0.12 | 8957.38 | 20368.00 | 6513.22 | 668.42 | 3342.08 | 9775.09 | 9440.88
240 | 0.09 | 8878.07 | 21057.17 | 6982.92 | 505.79 | 2528.95 | 9466.35 | 9263.09
257 | 0.12 | 9203.79 | 21570.38 | 6615.34 | 650.52 | 3252.60 | 9789.88 | 9597.81
Vehicle 7
Charging tour: 
294  -> 276  -> 288  -> 286  -> 278  -> 306  -> 292  -> 280  -> 299  -> 281  -> 304  -> 293  -> 282  -> 289  -> 312  -> 284  -> 305  -> 313  -> 300  -> 295  -> 297  -> 296  -> 307  -> 274  -> 308  -> 287  -> 290  -> 310  -> 298  -> 311  -> 277  -> 279  -> 309  -> 303  -> 283  -> 302  -> 285  -> 275  -> 301  -> 291  -> 
Charging time: 
398.3883783528424  + 304.74679348264806  + 455.3762088872358  + 304.81286601433806  + 455.48363722703226  + 463.7288948360512  + 454.82746404990337  + 455.3117198726387  + 455.5026551300237  + 356.727641978071  + 356.7115453207529  + 512.6534649720363  + 455.66236600251403  + 355.6290338659598  + 355.38742935270574  + 406.268101405683  + 564.665549665417  + 553.0034480994887  + 596.373483169731  + 356.4878941566754  + 625.0729983488485  + 694.7597068213412  + 455.5334145757808  + 352.10963421402  + 697.5668488355849  + 455.3530215144582  + 720.66823466395  + 773.5031758214219  + 697.5313992710104  + 455.7898868768347  + 563.9323766220897  + 405.480063047744  + 697.5356521886797  + 698.921873192059  + 404.48410976886214  + 749.2881529992837  + 356.75164883753285  + 405.7053767372237  + 649.549261440093  + 850.8541282794705  + 
total node:40/40
-------------------
Traveling energy: 2252.955000990691
Charging energy: 101640.6976994902
Total energy used: 103893.6527004809
-------------------
Total time for travel: 2252.955000990691
Total time for charging: 20328.139539898042
Charging round duration: 22581.094540888735
-------------------
ID | p | E0 | time_arrive | E_remain | time_charge | energy_charge| E_after_charge | E_after_cycle
294 | 0.11 | 8866.99 | 137.36 | 8851.88 | 398.39 | 1991.94 | 10800.00 | 8238.57
276 | 0.05 | 7954.30 | 571.88 | 7925.71 | 304.75 | 1523.73 | 9434.20 | 8286.96
288 | 0.09 | 8646.11 | 911.18 | 8564.10 | 455.38 | 2276.88 | 10800.00 | 8779.06
286 | 0.05 | 7952.58 | 1420.19 | 7881.57 | 304.81 | 1524.06 | 9390.39 | 8285.57
278 | 0.08 | 8515.07 | 1792.55 | 8371.67 | 455.48 | 2277.42 | 10612.65 | 8886.77
306 | 0.10 | 8765.63 | 2378.98 | 8527.73 | 463.73 | 2318.64 | 10800.00 | 8702.13
292 | 0.08 | 8527.36 | 2854.15 | 8299.02 | 454.83 | 2274.14 | 10536.78 | 8895.78
280 | 0.08 | 8518.29 | 3377.48 | 8248.09 | 455.31 | 2276.56 | 10488.22 | 8889.13
299 | 0.08 | 8514.72 | 3861.75 | 8205.78 | 455.50 | 2277.51 | 10446.85 | 8886.51
281 | 0.06 | 8154.28 | 4335.15 | 7894.17 | 356.73 | 1783.64 | 9656.41 | 8508.63
304 | 0.06 | 8154.65 | 4751.67 | 7869.55 | 356.71 | 1783.56 | 9631.70 | 8508.92
293 | 0.11 | 8867.50 | 5221.60 | 8293.12 | 512.65 | 2563.27 | 10800.00 | 8810.41
282 | 0.08 | 8511.73 | 5818.17 | 8046.28 | 455.66 | 2278.31 | 10288.14 | 8884.33
289 | 0.06 | 8179.47 | 6326.12 | 7799.90 | 355.63 | 1778.15 | 9556.71 | 8528.33
312 | 0.06 | 8185.03 | 6727.17 | 7781.40 | 355.39 | 1776.94 | 9537.01 | 8532.68
284 | 0.07 | 8353.27 | 7107.91 | 7855.71 | 406.27 | 2031.34 | 9858.62 | 8717.11
305 | 0.11 | 8867.67 | 7535.32 | 8038.79 | 564.67 | 2823.33 | 10800.00 | 9070.64
313 | 0.10 | 8766.84 | 8143.93 | 7952.45 | 553.00 | 2765.02 | 10662.17 | 9149.72
300 | 0.13 | 9035.48 | 8767.82 | 7895.66 | 596.37 | 2981.87 | 10800.00 | 8920.56
295 | 0.06 | 8159.76 | 9410.03 | 7595.16 | 356.49 | 1782.44 | 9356.21 | 8512.92
297 | 0.13 | 9035.49 | 9843.01 | 7755.89 | 625.07 | 3125.36 | 10800.00 | 9064.06
296 | 0.15 | 9006.24 | 10505.51 | 7430.42 | 694.76 | 3473.80 | 10800.00 | 8906.82
307 | 0.08 | 8514.14 | 11280.74 | 7611.68 | 455.53 | 2277.67 | 9852.91 | 8886.09
274 | 0.06 | 8261.22 | 11756.35 | 7555.84 | 352.11 | 1760.55 | 9295.27 | 8592.49
308 | 0.14 | 9110.01 | 12144.18 | 7409.83 | 697.57 | 3487.83 | 10800.00 | 9262.84
287 | 0.08 | 8517.51 | 12857.29 | 7488.93 | 455.35 | 2276.77 | 9729.27 | 8888.56
290 | 0.13 | 8745.39 | 13358.85 | 7008.74 | 720.67 | 3603.34 | 10518.39 | 9251.94
310 | 0.15 | 9160.63 | 14080.78 | 7048.51 | 773.50 | 3867.52 | 10800.00 | 9454.92
298 | 0.13 | 9035.47 | 14908.25 | 7097.40 | 697.53 | 3487.66 | 10494.37 | 9426.34
311 | 0.08 | 8509.35 | 15607.70 | 7260.73 | 455.79 | 2278.95 | 9503.22 | 8882.58
277 | 0.10 | 8596.94 | 16105.57 | 6986.39 | 563.93 | 2819.66 | 9749.66 | 9034.46
279 | 0.07 | 8369.50 | 16704.13 | 7200.21 | 405.48 | 2027.40 | 9199.23 | 8729.40
309 | 0.13 | 9035.41 | 17151.84 | 6805.68 | 697.54 | 3487.68 | 10202.67 | 9426.30
303 | 0.13 | 9017.49 | 17916.22 | 6688.38 | 698.92 | 3494.61 | 10092.13 | 9415.31
283 | 0.07 | 8390.11 | 18654.58 | 7084.29 | 404.48 | 2022.42 | 9078.40 | 8745.03
302 | 0.14 | 9058.37 | 19175.39 | 6373.82 | 749.29 | 3746.44 | 10015.36 | 9469.81
285 | 0.06 | 8153.73 | 20012.44 | 6952.98 | 356.75 | 1783.76 | 8715.34 | 8508.20
275 | 0.07 | 8364.85 | 20392.75 | 6937.36 | 405.71 | 2028.53 | 8937.49 | 8725.88
301 | 0.12 | 8956.54 | 20825.73 | 6457.45 | 649.55 | 3247.75 | 9627.25 | 9345.71
291 | 0.15 | 8546.87 | 21538.49 | 5316.10 | 850.85 | 4254.27 | 9442.74 | 9227.93
Vehicle 8
Charging tour: 
317  -> 329  -> 318  -> 314  -> 328  -> 316  -> 338  -> 327  -> 334  -> 333  -> 322  -> 320  -> 321  -> 340  -> 345  -> 330  -> 350  -> 343  -> 347  -> 315  -> 335  -> 325  -> 319  -> 323  -> 332  -> 336  -> 326  -> 344  -> 342  -> 339  -> 346  -> 351  -> 341  -> 331  -> 349  -> 324  -> 348  -> 352  -> 337  -> 
Charging time: 
361.3890379610324  + 284.39810703494635  + 504.42865175640384  + 603.6705828205343  + 518.8327193063827  + 511.02043699558  + 432.6192744336379  + 262.1330544153348  + 278.3304500680432  + 400.18335446979586  + 301.83318816407  + 421.5634184335173  + 585.5739970127129  + 311.8123792532802  + 322.15365177031896  + 621.413640193168  + 292.16936635976464  + 291.5162933863677  + 308.58519449806664  + 974.2318318915223  + 426.3963117972172  + 312.1485776364814  + 441.6490928228704  + 435.9471970388771  + 541.8330274976448  + 412.03129963609234  + 629.3865411961051  + 363.2504548433919  + 613.170844373745  + 431.9211282695335  + 860.5706796895053  + 518.9629753035819  + 568.6073302395422  + 421.81403629818465  + 497.0089356521162  + 372.45123619081807  + 632.7282548211575  + 782.588686648592  + 910.7200743455599  + 
total node:39/39
-------------------
Traveling energy: 2288.702351829935
Charging energy: 93805.2265726275
Total energy used: 96093.92892445745
-------------------
Total time for travel: 2288.702351829935
Total time for charging: 18761.0453145255
Charging round duration: 21049.747666355437
-------------------
ID | p | E0 | time_arrive | E_remain | time_charge | energy_charge| E_after_charge | E_after_cycle
317 | 0.08 | 9032.22 | 128.19 | 9021.97 | 361.39 | 1806.95 | 10800.00 | 8933.45
329 | 0.08 | 9444.56 | 547.43 | 9400.76 | 284.40 | 1421.99 | 10800.00 | 8960.83
318 | 0.11 | 8432.10 | 897.75 | 8333.34 | 504.43 | 2522.14 | 10800.00 | 8333.88
314 | 0.12 | 8024.35 | 1418.86 | 7854.09 | 603.67 | 3018.35 | 10800.00 | 8184.13
328 | 0.13 | 8536.86 | 2027.54 | 8273.28 | 518.83 | 2594.16 | 10800.00 | 8034.24
316 | 0.10 | 8554.59 | 2585.90 | 8296.00 | 511.02 | 2555.10 | 10800.00 | 8727.55
338 | 0.12 | 9065.67 | 3140.40 | 8688.82 | 432.62 | 2163.10 | 10800.00 | 8370.19
327 | 0.06 | 9723.40 | 3638.95 | 9505.06 | 262.13 | 1310.67 | 10800.00 | 9604.78
334 | 0.06 | 9661.68 | 3943.93 | 9425.05 | 278.33 | 1391.65 | 10800.00 | 9624.05
333 | 0.10 | 9272.31 | 4332.12 | 8839.10 | 400.18 | 2000.92 | 10800.00 | 8891.08
322 | 0.06 | 9597.02 | 4801.21 | 9308.94 | 301.83 | 1509.17 | 10800.00 | 9676.90
320 | 0.08 | 9136.70 | 5134.87 | 8725.91 | 421.56 | 2107.82 | 10800.00 | 9338.80
321 | 0.11 | 8552.52 | 5599.79 | 7936.54 | 585.57 | 2927.87 | 10800.00 | 8860.03
340 | 0.07 | 9700.68 | 6255.90 | 9262.76 | 311.81 | 1559.06 | 10800.00 | 9592.24
345 | 0.11 | 9951.54 | 6607.95 | 9224.67 | 322.15 | 1610.77 | 10800.00 | 8941.95
330 | 0.13 | 8676.83 | 6947.00 | 7773.72 | 621.41 | 3107.07 | 10800.00 | 8687.10
350 | 0.08 | 9971.03 | 7606.25 | 9362.53 | 292.17 | 1460.85 | 10800.00 | 9526.16
343 | 0.08 | 10003.92 | 7977.24 | 9365.74 | 291.52 | 1457.58 | 10800.00 | 9555.78
347 | 0.06 | 9772.82 | 8313.95 | 9273.99 | 308.59 | 1542.93 | 10798.40 | 9886.46
315 | 0.15 | 7373.76 | 8658.57 | 6074.98 | 974.23 | 4871.16 | 10800.00 | 8671.70
335 | 0.09 | 9577.70 | 9681.19 | 8706.39 | 426.40 | 2131.98 | 10800.00 | 9565.75
325 | 0.06 | 9661.26 | 10160.00 | 9051.66 | 312.15 | 1560.74 | 10593.67 | 9792.72
319 | 0.08 | 9104.51 | 10554.03 | 8260.19 | 441.65 | 2208.25 | 10433.10 | 9407.04
323 | 0.08 | 9223.59 | 11105.47 | 8335.15 | 435.95 | 2179.74 | 10480.01 | 9497.61
332 | 0.10 | 9276.38 | 11590.23 | 8117.35 | 541.83 | 2709.17 | 10772.34 | 9603.40
336 | 0.08 | 9747.29 | 12181.07 | 8772.81 | 412.03 | 2060.16 | 10800.00 | 9901.73
326 | 0.11 | 8784.54 | 12643.70 | 7393.73 | 629.39 | 3146.93 | 10471.43 | 9311.11
344 | 0.07 | 9685.81 | 13361.53 | 8750.50 | 363.25 | 1816.25 | 10541.32 | 9834.56
342 | 0.13 | 9608.51 | 13804.99 | 7813.86 | 613.17 | 3065.85 | 10800.00 | 9577.57
339 | 0.08 | 9309.57 | 14562.63 | 8144.56 | 431.92 | 2159.61 | 10269.61 | 9563.45
346 | 0.18 | 9367.12 | 15083.72 | 6652.05 | 860.57 | 4302.85 | 10800.00 | 9382.11
351 | 0.11 | 10020.46 | 15983.57 | 8262.27 | 518.96 | 2594.81 | 10800.00 | 9994.92
341 | 0.11 | 9723.53 | 16552.96 | 7902.71 | 568.61 | 2843.04 | 10683.20 | 9946.21
331 | 0.08 | 9532.63 | 17141.13 | 8161.34 | 421.81 | 2109.07 | 10236.67 | 9735.99
349 | 0.10 | 10112.99 | 17586.23 | 8354.37 | 497.01 | 2485.04 | 10789.71 | 10215.89
324 | 0.07 | 9446.53 | 18135.50 | 8177.05 | 372.45 | 1862.26 | 10013.23 | 9641.29
348 | 0.12 | 9532.52 | 18521.21 | 7309.98 | 632.73 | 3163.64 | 10397.69 | 9837.59
352 | 0.17 | 10281.77 | 19186.33 | 7020.10 | 782.59 | 3912.94 | 10800.00 | 10145.07
337 | 0.16 | 8830.37 | 20112.76 | 5612.33 | 910.72 | 4553.60 | 10020.21 | 9572.54
Vehicle 9
Charging tour: 
359  -> 375  -> 371  -> 387  -> 353  -> 386  -> 384  -> 372  -> 373  -> 365  -> 379  -> 355  -> 383  -> 356  -> 391  -> 360  -> 361  -> 354  -> 368  -> 369  -> 393  -> 362  -> 380  -> 367  -> 366  -> 382  -> 385  -> 377  -> 357  -> 381  -> 374  -> 358  -> 370  -> 388  -> 376  -> 378  -> 363  -> 389  -> 364  -> 392  -> 390  -> 
Charging time: 
461.8301841414918  + 462.0388641862563  + 316.0492098554504  + 649.111804007057  + 699.215512390485  + 557.672887267451  + 365.5574771837681  + 462.18549944486216  + 652.7276299885951  + 266.4929324657899  + 462.12308222218064  + 316.181528335544  + 462.15892185250846  + 700.3858746575708  + 509.9925987339613  + 652.8508513670873  + 557.6267247871846  + 509.9411250812839  + 557.670179989375  + 509.9881075940915  + 365.9381134669785  + 650.4205136459774  + 413.68045189135665  + 652.8509505465337  + 509.947739036599  + 557.6688979478786  + 652.8517629606661  + 700.2196793627976  + 462.1985306187637  + 462.1748427524103  + 414.16734023930104  + 700.3862263234457  + 605.2838560936993  + 737.297783872844  + 365.98499367983584  + 257.83662418299366  + 652.8476175700263  + 652.7163547463996  + 605.2827663646691  + 316.5943350163477  + 317.3223194427914  + 
total node:41/41
-------------------
Traveling energy: 2072.63652342846
Charging energy: 105927.36347657151
Total energy used: 107999.99999999997
-------------------
Total time for travel: 2072.63652342846
Total time for charging: 21185.472695314304
Charging round duration: 23258.109218742764
-------------------
ID | p | E0 | time_arrive | E_remain | time_charge | energy_charge| E_after_charge | E_after_cycle
359 | 0.09 | 6412.17 | 133.48 | 6400.15 | 461.83 | 2309.15 | 8667.74 | 6577.39
375 | 0.09 | 6409.27 | 613.88 | 6354.02 | 462.04 | 2310.19 | 8622.63 | 6575.53
371 | 0.06 | 6246.56 | 1093.93 | 6180.93 | 316.05 | 1580.25 | 7742.21 | 6397.52
387 | 0.13 | 6589.74 | 1420.92 | 6405.02 | 649.11 | 3245.56 | 9566.20 | 6738.51
353 | 0.14 | 6588.12 | 2170.20 | 6284.29 | 699.22 | 3496.08 | 9682.48 | 6749.19
386 | 0.11 | 6490.20 | 2948.68 | 6165.84 | 557.67 | 2788.36 | 8892.86 | 6658.20
384 | 0.07 | 6300.67 | 3509.80 | 6054.99 | 365.56 | 1827.79 | 7857.19 | 6460.96
372 | 0.09 | 6407.24 | 3944.84 | 6052.20 | 462.19 | 2310.93 | 8321.53 | 6574.23
373 | 0.13 | 6553.24 | 4446.80 | 5975.15 | 652.73 | 3263.64 | 9153.94 | 6720.09
365 | 0.05 | 6173.46 | 5145.02 | 5916.21 | 266.49 | 1332.46 | 7235.35 | 6314.86
379 | 0.09 | 6408.10 | 5426.54 | 5919.71 | 462.12 | 2310.62 | 8188.74 | 6574.79
355 | 0.06 | 6243.95 | 5947.65 | 5887.09 | 316.18 | 1580.91 | 7449.03 | 6395.57
383 | 0.09 | 6407.61 | 6301.88 | 5840.44 | 462.16 | 2310.79 | 8109.64 | 6574.47
356 | 0.14 | 6577.11 | 6807.89 | 5624.01 | 700.39 | 3501.93 | 9027.88 | 6744.04
391 | 0.10 | 6451.80 | 7652.07 | 5686.59 | 509.99 | 2549.96 | 8185.55 | 6619.61
360 | 0.13 | 6552.00 | 8260.21 | 5478.17 | 652.85 | 3264.25 | 8657.56 | 6719.47
361 | 0.11 | 6490.73 | 8976.48 | 5503.32 | 557.63 | 2788.13 | 8230.11 | 6658.51
354 | 0.10 | 6452.45 | 9599.37 | 5492.51 | 509.94 | 2549.71 | 7991.22 | 6620.01
368 | 0.11 | 6490.23 | 10135.00 | 5375.38 | 557.67 | 2788.35 | 8102.38 | 6658.22
369 | 0.10 | 6451.85 | 10703.50 | 5381.50 | 509.99 | 2549.94 | 7880.45 | 6619.65
393 | 0.07 | 6294.12 | 11244.15 | 5507.03 | 365.94 | 1829.69 | 7311.10 | 6456.31
362 | 0.13 | 6576.48 | 11636.48 | 5063.74 | 650.42 | 3252.10 | 8231.29 | 6731.80
380 | 0.08 | 6363.11 | 12327.83 | 5376.89 | 413.68 | 2068.40 | 7412.19 | 6525.80
367 | 0.13 | 6552.00 | 12752.97 | 4894.11 | 652.85 | 3264.25 | 8073.50 | 6719.47
366 | 0.10 | 6452.36 | 13433.35 | 5109.03 | 509.95 | 2549.74 | 7607.77 | 6619.96
382 | 0.11 | 6490.24 | 13970.36 | 4953.50 | 557.67 | 2788.34 | 7680.50 | 6658.23
385 | 0.13 | 6551.99 | 14572.64 | 4657.55 | 652.85 | 3264.26 | 7836.94 | 6719.46
377 | 0.14 | 6578.67 | 15304.58 | 4436.03 | 700.22 | 3501.10 | 7839.10 | 6744.77
357 | 0.09 | 6407.06 | 16012.27 | 4965.95 | 462.20 | 2310.99 | 7235.35 | 6574.12
381 | 0.09 | 6407.38 | 16495.27 | 4922.81 | 462.17 | 2310.87 | 7192.09 | 6574.33
374 | 0.08 | 6355.63 | 16971.35 | 4997.92 | 414.17 | 2070.84 | 7035.63 | 6520.75
358 | 0.14 | 6577.11 | 17419.13 | 4138.43 | 700.39 | 3501.93 | 7542.31 | 6744.04
370 | 0.12 | 6523.29 | 18284.99 | 4329.09 | 605.28 | 3026.42 | 7282.88 | 6691.14
388 | 0.15 | 6694.11 | 18979.94 | 3847.12 | 737.30 | 3686.49 | 7423.01 | 6807.38
376 | 0.07 | 6293.31 | 19789.24 | 4908.07 | 365.98 | 1829.92 | 6712.37 | 6455.74
378 | 0.05 | 6380.72 | 20204.04 | 5370.52 | 257.84 | 1289.18 | 6646.81 | 6478.83
363 | 0.13 | 6552.03 | 20507.01 | 3886.12 | 652.85 | 3264.24 | 7065.49 | 6719.48
389 | 0.13 | 6553.35 | 21203.91 | 3796.84 | 652.72 | 3263.58 | 6975.57 | 6720.14
364 | 0.12 | 6523.30 | 21881.96 | 3897.47 | 605.28 | 3026.41 | 6851.25 | 6691.14
392 | 0.06 | 6235.81 | 22578.61 | 4881.09 | 316.59 | 1582.97 | 6445.07 | 6389.49
390 | 0.06 | 6221.50 | 22902.34 | 4847.36 | 317.32 | 1586.61 | 6414.93 | 6378.83
Vehicle 10
Charging tour: 
397  -> 414  -> 396  -> 409  -> 418  -> 413  -> 407  -> 403  -> 408  -> 400  -> 422  -> 398  -> 431  -> 410  -> 406  -> 424  -> 425  -> 404  -> 420  -> 412  -> 402  -> 411  -> 399  -> 395  -> 394  -> 429  -> 428  -> 427  -> 405  -> 421  -> 401  -> 417  -> 426  -> 423  -> 416  -> 430  -> 432  -> 419  -> 415  -> 
Charging time: 
465.6468776667687  + 369.7524798471516  + 453.38201396639073  + 469.10732408071596  + 414.682943142511  + 479.8418419004627  + 469.07028679755854  + 486.4520344063178  + 317.4460575852889  + 419.788457157297  + 369.20260326419486  + 534.9220013068417  + 366.28201730838424  + 419.13608887683046  + 367.9618075153793  + 556.2071380588199  + 558.5380417586318  + 469.1722077857891  + 369.64743642617356  + 368.5012833768458  + 468.989813232365  + 518.109533903228  + 518.2029714746666  + 518.1472228433844  + 518.0791733567852  + 663.7605252602369  + 660.8208780576239  + 419.57732996983174  + 419.7463746942791  + 663.7603744425581  + 705.7598257292677  + 759.5847518557825  + 419.5922297608125  + 870.8503862939599  + 663.7622313118301  + 760.151501764868  + 806.6415463279053  + 663.7616075490987  + 566.9091402173286  + 
total node:39/39
-------------------
Traveling energy: 2490.243965683004
Charging energy: 101554.74180137084
Total energy used: 104044.98576705385
-------------------
Total time for travel: 2490.243965683004
Total time for charging: 20310.948360274167
Charging round duration: 22801.19232595717
-------------------
ID | p | E0 | time_arrive | E_remain | time_charge | energy_charge| E_after_charge | E_after_cycle
397 | 0.08 | 8514.33 | 66.39 | 8509.02 | 465.65 | 2328.23 | 10800.00 | 8936.85
414 | 0.06 | 8100.76 | 640.80 | 8062.31 | 369.75 | 1848.76 | 9888.88 | 8520.23
396 | 0.09 | 8672.99 | 1101.11 | 8573.89 | 453.38 | 2266.91 | 10800.00 | 8795.97
409 | 0.08 | 8513.40 | 1571.53 | 8387.68 | 469.11 | 2345.54 | 10695.69 | 8953.22
418 | 0.12 | 9026.82 | 2087.30 | 8776.35 | 414.68 | 2073.41 | 10800.00 | 8241.66
413 | 0.09 | 8671.84 | 2531.84 | 8443.98 | 479.84 | 2399.21 | 10800.00 | 8927.12
407 | 0.10 | 8806.83 | 3052.74 | 8501.56 | 469.07 | 2345.35 | 10800.00 | 8770.04
403 | 0.11 | 8817.45 | 3601.81 | 8421.25 | 486.45 | 2432.26 | 10800.00 | 8629.35
408 | 0.05 | 7862.95 | 4222.59 | 7651.82 | 317.45 | 1587.23 | 9223.18 | 8259.11
400 | 0.07 | 8324.40 | 4552.25 | 8005.74 | 419.79 | 2098.94 | 10075.30 | 8755.84
422 | 0.06 | 8112.82 | 4996.25 | 7813.05 | 369.20 | 1846.01 | 9636.91 | 8529.55
398 | 0.10 | 8717.01 | 5381.29 | 8178.88 | 534.92 | 2674.61 | 10800.00 | 9009.48
431 | 0.06 | 8177.51 | 5955.82 | 7820.16 | 366.28 | 1831.41 | 9629.59 | 8579.63
410 | 0.07 | 8337.36 | 6431.04 | 7887.18 | 419.14 | 2095.68 | 9953.52 | 8765.53
406 | 0.06 | 8140.18 | 6929.36 | 7724.42 | 367.96 | 1839.81 | 9542.15 | 8550.70
424 | 0.10 | 8807.03 | 7324.40 | 8074.59 | 556.21 | 2781.04 | 10800.00 | 9205.92
425 | 0.13 | 9117.86 | 7984.17 | 8079.92 | 558.54 | 2792.69 | 10800.00 | 8813.76
404 | 0.08 | 8512.22 | 8652.87 | 7819.99 | 469.17 | 2345.86 | 10128.32 | 8952.37
420 | 0.06 | 8103.06 | 9206.67 | 7550.66 | 369.65 | 1848.24 | 9376.72 | 8522.01
412 | 0.06 | 8128.26 | 9670.58 | 7548.03 | 368.50 | 1842.51 | 9368.42 | 8541.48
402 | 0.08 | 8515.54 | 10062.95 | 7710.50 | 468.99 | 2344.95 | 10017.93 | 8954.77
411 | 0.09 | 8671.74 | 10541.01 | 7723.05 | 518.11 | 2590.55 | 10266.97 | 9118.36
399 | 0.09 | 8670.18 | 11084.58 | 7672.56 | 518.20 | 2591.01 | 10216.94 | 9117.26
395 | 0.09 | 8671.11 | 11627.88 | 7624.60 | 518.15 | 2590.74 | 10168.70 | 9117.92
394 | 0.09 | 8672.25 | 12195.44 | 7574.66 | 518.08 | 2590.40 | 10118.43 | 9118.71
429 | 0.12 | 9025.17 | 12715.67 | 7499.29 | 663.76 | 3318.80 | 10738.44 | 9485.39
428 | 0.12 | 9065.31 | 13496.32 | 7445.76 | 660.82 | 3304.10 | 10670.56 | 9510.84
427 | 0.07 | 8328.59 | 14191.03 | 7335.22 | 419.58 | 2097.89 | 9403.73 | 8758.97
405 | 0.07 | 8325.23 | 14626.92 | 7301.35 | 419.75 | 2098.73 | 9370.70 | 8756.46
421 | 0.12 | 9025.17 | 15140.54 | 7208.30 | 663.76 | 3318.80 | 10447.45 | 9485.40
401 | 0.12 | 8488.08 | 15965.58 | 6572.21 | 705.76 | 3528.80 | 10016.32 | 9158.31
417 | 0.14 | 9201.05 | 16741.31 | 6857.26 | 759.58 | 3797.92 | 10548.84 | 9663.97
426 | 0.07 | 8328.29 | 17513.10 | 7102.38 | 419.59 | 2097.96 | 9170.97 | 8758.75
423 | 0.16 | 9171.95 | 17996.03 | 6292.59 | 870.85 | 4354.25 | 10507.50 | 9714.77
416 | 0.12 | 9025.14 | 18883.27 | 6759.15 | 663.76 | 3318.81 | 9998.31 | 9485.38
430 | 0.14 | 9194.19 | 19599.85 | 6450.21 | 760.15 | 3800.76 | 10144.54 | 9659.94
432 | 0.15 | 9283.16 | 20397.00 | 6223.61 | 806.64 | 4033.21 | 10135.83 | 9743.15
419 | 0.12 | 9025.15 | 21340.26 | 6464.32 | 663.76 | 3318.81 | 9703.48 | 9485.38
415 | 0.10 | 8805.86 | 22117.43 | 6594.12 | 566.91 | 2834.55 | 9371.97 | 9258.26
Vehicle 11
Charging tour: 
434  -> 444  -> 440  -> 455  -> 442  -> 460  -> 447  -> 446  -> 433  -> 456  -> 453  -> 441  -> 438  -> 457  -> 443  -> 454  -> 437  -> 450  -> 449  -> 464  -> 448  -> 439  -> 445  -> 469  -> 465  -> 466  -> 435  -> 451  -> 467  -> 462  -> 470  -> 458  -> 459  -> 468  -> 463  -> 461  -> 436  -> 452  -> 
Charging time: 
326.7490822526733  + 465.9302669225065  + 308.7506591724016  + 256.5300430234597  + 654.615332033581  + 207.46277927929603  + 397.7004009063959  + 591.3756196397399  + 611.6417611928621  + 271.3199636356596  + 415.2952709010831  + 833.0815048016531  + 453.36414277652455  + 338.4336734360812  + 423.69199215280514  + 343.5836564471603  + 275.3786041695001  + 577.7071320791459  + 250.08087608552967  + 241.79293283318316  + 523.5518090455736  + 540.6862643917722  + 591.8006571637258  + 280.4808109103675  + 573.7559255666071  + 400.1457349248571  + 474.87469510790686  + 802.5883941473585  + 340.43544872928715  + 328.95147483041836  + 582.1599603715653  + 551.4246681419622  + 488.4157409996406  + 260.4389224490798  + 746.7426245836004  + 913.8381309349442  + 404.442822493057  + 321.9552961672387  + 
total node:38/38
-------------------
Traveling energy: 2603.238108424625
Charging energy: 86855.87537350103
Total energy used: 89459.11348192565
-------------------
Total time for travel: 2603.238108424625
Total time for charging: 17371.175074700204
Charging round duration: 19974.41318312483
-------------------
ID | p | E0 | time_arrive | E_remain | time_charge | energy_charge| E_after_charge | E_after_cycle
434 | 0.07 | 9201.38 | 175.00 | 9189.13 | 326.75 | 1633.75 | 10800.00 | 9167.62
444 | 0.12 | 8588.83 | 521.45 | 8526.26 | 465.93 | 2329.65 | 10800.00 | 8059.91
440 | 0.07 | 9352.53 | 1066.74 | 9277.86 | 308.75 | 1543.75 | 10800.00 | 9228.78
455 | 0.09 | 9669.80 | 1437.35 | 9540.44 | 256.53 | 1282.65 | 10800.00 | 8808.52
442 | 0.15 | 7897.54 | 1816.16 | 7625.12 | 654.62 | 3273.08 | 10800.00 | 7597.40
460 | 0.08 | 9988.13 | 2610.54 | 9779.28 | 207.46 | 1037.31 | 10800.00 | 9119.72
447 | 0.10 | 9138.86 | 2875.91 | 8851.27 | 397.70 | 1988.50 | 10800.00 | 8745.22
446 | 0.14 | 8392.75 | 3334.56 | 7925.91 | 591.38 | 2956.88 | 10800.00 | 8014.63
433 | 0.11 | 8248.63 | 3995.95 | 7809.07 | 611.64 | 3058.21 | 10800.00 | 8686.48
456 | 0.06 | 9736.99 | 4621.91 | 9459.68 | 271.32 | 1356.60 | 10800.00 | 9664.31
453 | 0.11 | 9309.84 | 4914.87 | 8769.21 | 415.30 | 2076.48 | 10800.00 | 8765.96
441 | 0.16 | 7624.70 | 5355.08 | 6767.89 | 833.08 | 4165.41 | 10800.00 | 7978.67
438 | 0.08 | 9067.11 | 6220.82 | 8569.45 | 453.36 | 2266.82 | 10800.00 | 9428.22
457 | 0.09 | 9743.23 | 6721.57 | 9138.29 | 338.43 | 1692.17 | 10800.00 | 9291.47
443 | 0.08 | 9287.08 | 7145.50 | 8715.44 | 423.69 | 2118.46 | 10800.00 | 9499.82
454 | 0.08 | 9717.73 | 7601.99 | 9109.57 | 343.58 | 1717.92 | 10800.00 | 9529.93
437 | 0.05 | 9706.37 | 7991.77 | 9306.78 | 275.38 | 1376.89 | 10669.91 | 9892.19
450 | 0.12 | 8982.25 | 8345.51 | 7980.79 | 577.71 | 2888.54 | 10800.00 | 9012.21
449 | 0.05 | 10013.13 | 9020.64 | 9562.10 | 250.08 | 1250.40 | 10800.00 | 10072.46
464 | 0.05 | 10070.89 | 9355.24 | 9603.12 | 241.79 | 1208.96 | 10800.00 | 10088.78
448 | 0.10 | 9202.92 | 9683.23 | 8234.60 | 523.55 | 2617.76 | 10800.00 | 9438.53
439 | 0.09 | 8898.45 | 10321.26 | 7969.54 | 540.69 | 2703.43 | 10624.31 | 9457.95
445 | 0.10 | 8997.25 | 10970.74 | 7900.18 | 591.80 | 2959.00 | 10800.00 | 9574.11
469 | 0.08 | 10348.79 | 11609.49 | 9420.03 | 280.48 | 1402.40 | 10800.00 | 9845.48
465 | 0.14 | 9680.39 | 11920.34 | 8011.55 | 573.76 | 2868.78 | 10800.00 | 9214.17
466 | 0.10 | 10095.80 | 12565.14 | 8839.29 | 400.15 | 2000.73 | 10800.00 | 9714.38
435 | 0.08 | 9005.92 | 13051.30 | 7961.82 | 474.87 | 2374.37 | 10298.20 | 9474.58
451 | 0.14 | 8800.15 | 13576.65 | 6899.42 | 802.59 | 4012.94 | 10800.00 | 9478.09
467 | 0.07 | 10131.70 | 14429.29 | 9121.65 | 340.44 | 1702.18 | 10800.00 | 10166.38
462 | 0.06 | 9750.72 | 14803.09 | 8862.53 | 328.95 | 1644.76 | 10487.55 | 9966.19
470 | 0.14 | 10101.47 | 15219.77 | 7970.70 | 582.16 | 2910.80 | 10800.00 | 9677.27
458 | 0.10 | 9687.72 | 15897.02 | 8098.02 | 551.42 | 2757.12 | 10800.00 | 10062.70
459 | 0.09 | 9850.77 | 16547.17 | 8361.52 | 488.42 | 2442.08 | 10759.64 | 10148.91
468 | 0.05 | 10263.16 | 17082.61 | 9409.03 | 260.44 | 1302.19 | 10698.21 | 10374.29
463 | 0.14 | 9603.45 | 17375.86 | 7170.83 | 746.74 | 3733.71 | 10800.00 | 10002.16
461 | 0.16 | 9281.45 | 18152.67 | 6377.02 | 913.84 | 4569.19 | 10800.00 | 10039.21
436 | 0.07 | 9252.48 | 19080.56 | 7916.84 | 404.44 | 2022.21 | 9910.74 | 9607.19
452 | 0.06 | 9962.60 | 19537.18 | 8790.37 | 321.96 | 1609.78 | 10380.83 | 10143.09
Vehicle 12
Charging tour: 
480  -> 485  -> 500  -> 509  -> 481  -> 477  -> 484  -> 479  -> 478  -> 495  -> 505  -> 488  -> 491  -> 496  -> 472  -> 498  -> 473  -> 506  -> 489  -> 493  -> 508  -> 494  -> 483  -> 501  -> 471  -> 482  -> 503  -> 507  -> 487  -> 499  -> 490  -> 502  -> 474  -> 497  -> 486  -> 476  -> 504  -> 492  -> 475  -> 
Charging time: 
440.8070134011296  + 384.62371567495194  + 494.36804417119123  + 546.3478614353338  + 597.4059895957881  + 440.88361237289524  + 546.4424438796113  + 385.283910461311  + 387.5660648609002  + 639.4044103870881  + 777.4347610655  + 697.508642163129  + 385.5338972849636  + 441.81949979726267  + 547.7442043246959  + 597.4303145399713  + 697.5072466201085  + 746.789230554093  + 697.2217166612918  + 549.2189042065888  + 546.3840846227018  + 494.7240514913668  + 743.7435571868095  + 597.4233908410879  + 327.0033287009011  + 546.4129527432461  + 494.65443495294033  + 548.3824658827308  + 330.1985788605131  + 382.1552008611492  + 546.5142480167407  + 387.5359025606505  + 597.4552788296471  + 548.382480443017  + 441.90723406777033  + 612.8333442554532  + 494.0331330494758  + 857.897648650014  + 746.3300521232553  + 
total node:39/39
-------------------
Traveling energy: 1773.435742013629
Charging energy: 106226.5642579864
Total energy used: 108000.00000000003
-------------------
Total time for travel: 1773.435742013629
Total time for charging: 21245.312851597282
Charging round duration: 23018.74859361091
-------------------
ID | p | E0 | time_arrive | E_remain | time_charge | energy_charge| E_after_charge | E_after_cycle
480 | 0.07 | 6678.84 | 143.02 | 6668.82 | 440.81 | 2204.04 | 8842.00 | 7215.37
485 | 0.06 | 6560.94 | 615.56 | 6524.01 | 384.62 | 1923.12 | 8424.05 | 7054.78
500 | 0.08 | 6805.98 | 1029.48 | 6723.62 | 494.37 | 2471.84 | 9155.91 | 7372.11
509 | 0.09 | 6928.26 | 1594.07 | 6784.80 | 546.35 | 2731.74 | 9467.37 | 7516.07
481 | 0.10 | 7040.15 | 2186.35 | 6821.51 | 597.41 | 2987.03 | 9748.80 | 7645.03
477 | 0.07 | 6677.68 | 2821.16 | 6480.19 | 440.88 | 2204.42 | 8653.75 | 7214.59
484 | 0.09 | 6927.07 | 3285.30 | 6631.39 | 546.44 | 2732.21 | 9314.42 | 7515.35
479 | 0.06 | 6549.70 | 3855.22 | 6318.39 | 385.28 | 1926.42 | 8221.69 | 7046.83
478 | 0.06 | 6511.14 | 4277.81 | 6254.47 | 387.57 | 1937.83 | 8169.04 | 7019.68
495 | 0.11 | 7235.50 | 4737.92 | 6714.32 | 639.40 | 3197.02 | 9841.01 | 7812.16
505 | 0.14 | 7573.83 | 5395.29 | 6818.48 | 777.43 | 3887.17 | 10596.82 | 8126.00
488 | 0.12 | 7235.74 | 6208.72 | 6490.69 | 697.51 | 3487.54 | 9894.53 | 7864.71
491 | 0.06 | 6545.46 | 6948.22 | 6128.56 | 385.53 | 1927.67 | 8033.10 | 7043.84
496 | 0.07 | 6663.53 | 7369.72 | 6147.65 | 441.82 | 2209.10 | 8325.82 | 7205.13
472 | 0.09 | 6910.60 | 7903.20 | 6199.31 | 547.74 | 2738.72 | 8888.74 | 7505.39
498 | 0.10 | 7039.86 | 8473.74 | 6192.49 | 597.43 | 2987.15 | 9119.89 | 7644.86
473 | 0.12 | 7235.75 | 9099.74 | 6143.78 | 697.51 | 3487.54 | 9547.62 | 7864.71
506 | 0.13 | 7321.44 | 9835.61 | 6042.81 | 746.79 | 3733.95 | 9679.67 | 7958.60
489 | 0.12 | 7238.72 | 10592.41 | 5967.63 | 697.22 | 3486.11 | 9370.07 | 7866.25
493 | 0.09 | 6892.05 | 11385.50 | 5867.35 | 549.22 | 2746.09 | 8564.02 | 7494.21
508 | 0.09 | 6927.81 | 11960.71 | 5851.34 | 546.38 | 2731.92 | 8534.09 | 7515.79
494 | 0.08 | 6801.08 | 12587.75 | 5794.06 | 494.72 | 2473.62 | 8228.11 | 7368.99
483 | 0.13 | 7351.42 | 13107.89 | 5647.40 | 743.74 | 3718.72 | 9269.43 | 7973.35
501 | 0.10 | 7039.94 | 13872.57 | 5652.68 | 597.42 | 2987.12 | 8580.06 | 7644.91
471 | 0.05 | 6430.86 | 14500.25 | 5705.85 | 327.00 | 1635.02 | 7324.51 | 6874.80
482 | 0.09 | 6927.44 | 14833.39 | 5592.43 | 546.41 | 2732.06 | 8275.32 | 7515.57
503 | 0.08 | 6802.04 | 15430.36 | 5567.61 | 494.65 | 2473.27 | 8001.31 | 7369.60
507 | 0.09 | 6902.56 | 15935.45 | 5468.37 | 548.38 | 2741.91 | 8160.93 | 7500.54
487 | 0.05 | 6368.63 | 16492.80 | 5543.99 | 330.20 | 1650.99 | 7178.47 | 6828.55
499 | 0.06 | 6603.33 | 16860.07 | 5591.72 | 382.16 | 1910.78 | 7479.57 | 7084.81
490 | 0.09 | 6926.16 | 17255.71 | 5373.14 | 546.51 | 2732.57 | 8056.53 | 7514.80
502 | 0.06 | 6511.64 | 17852.65 | 5440.48 | 387.54 | 1937.68 | 7354.91 | 7020.03
474 | 0.10 | 7039.56 | 18354.94 | 5204.07 | 597.46 | 2987.28 | 8131.60 | 7644.70
497 | 0.09 | 6902.56 | 18990.05 | 5193.46 | 548.38 | 2741.91 | 7886.01 | 7500.54
486 | 0.07 | 6662.21 | 19571.27 | 5292.22 | 441.91 | 2209.54 | 7470.82 | 7204.24
476 | 0.12 | 8235.50 | 20100.25 | 5823.47 | 612.83 | 3064.17 | 8814.10 | 8441.09
504 | 0.08 | 6810.60 | 20728.57 | 5152.31 | 494.03 | 2470.17 | 7582.95 | 7375.05
492 | 0.17 | 8334.21 | 21234.78 | 4724.30 | 857.90 | 4289.49 | 8867.95 | 8574.05
475 | 0.13 | 7325.94 | 22187.48 | 4441.57 | 746.33 | 3731.65 | 8076.20 | 7960.81
Vehicle 13
Charging tour: 
514  -> 515  -> 519  -> 523  -> 510  -> 525  -> 513  -> 522  -> 512  -> 540  -> 511  -> 534  -> 539  -> 524  -> 537  -> 526  -> 516  -> 530  -> 520  -> 536  -> 518  -> 529  -> 532  -> 521  -> 527  -> 541  -> 538  -> 533  -> 531  -> 528  -> 535  -> 517  -> 
Charging time: 
519.1205050209707  + 475.97845153908685  + 562.7029341146233  + 487.3550392548181  + 520.0946751677155  + 412.12615400338024  + 721.3149512195844  + 529.4572285612838  + 607.1145419596528  + 168.9428243633003  + 519.0537215772509  + 205.9090497790152  + 280.77125812385435  + 418.04126032545895  + 204.8735361789264  + 678.2724790356712  + 514.7781936440879  + 428.2425703717809  + 386.52886916831653  + 238.2864362285674  + 590.9317934943671  + 382.46231079530395  + 367.240273344345  + 415.16530822225917  + 475.8220045201678  + 336.72860333704193  + 271.0437308690269  + 246.43954135231704  + 362.23082438229164  + 501.36218890628885  + 406.28970501032944  + 707.2777982748014  + 
total node:32/32
-------------------
Traveling energy: 1983.871707762043
Charging energy: 69709.79381072942
Total energy used: 71693.66551849146
-------------------
Total time for travel: 1983.871707762043
Total time for charging: 13941.958762145883
Charging round duration: 15925.830469907925
-------------------
ID | p | E0 | time_arrive | E_remain | time_charge | energy_charge| E_after_charge | E_after_cycle
514 | 0.12 | 8283.19 | 137.52 | 8266.69 | 519.12 | 2595.60 | 10800.00 | 8020.22
515 | 0.11 | 8549.74 | 702.48 | 8472.47 | 475.98 | 2379.89 | 10800.00 | 8309.27
519 | 0.14 | 8232.81 | 1196.74 | 8065.26 | 562.70 | 2813.51 | 10800.00 | 7711.32
523 | 0.13 | 8659.54 | 1792.03 | 8426.58 | 487.36 | 2436.78 | 10800.00 | 7999.53
510 | 0.10 | 8481.78 | 2302.48 | 8251.54 | 520.09 | 2600.47 | 10800.00 | 8700.11
525 | 0.11 | 9103.37 | 2896.94 | 8784.70 | 412.13 | 2060.63 | 10800.00 | 8543.64
513 | 0.14 | 7770.75 | 3402.46 | 7294.41 | 721.31 | 3606.57 | 10800.00 | 8042.32
522 | 0.12 | 8720.43 | 4201.52 | 8216.25 | 529.46 | 2647.29 | 10800.00 | 8509.14
512 | 0.11 | 8354.24 | 4754.83 | 7831.21 | 607.11 | 3035.57 | 10800.00 | 8769.45
540 | 0.06 | 10288.61 | 5386.40 | 9965.42 | 168.94 | 844.71 | 10800.00 | 9704.03
511 | 0.09 | 8753.73 | 5580.92 | 8251.45 | 519.05 | 2595.27 | 10800.00 | 9205.07
534 | 0.06 | 10154.87 | 6200.94 | 9782.81 | 205.91 | 1029.55 | 10800.00 | 9755.12
539 | 0.09 | 10004.35 | 6477.02 | 9421.41 | 280.77 | 1403.86 | 10800.00 | 9264.27
524 | 0.09 | 9357.98 | 6784.08 | 8747.42 | 418.04 | 2090.21 | 10800.00 | 9304.26
537 | 0.06 | 10221.77 | 7230.71 | 9787.92 | 204.87 | 1024.37 | 10800.00 | 9816.85
526 | 0.15 | 8625.99 | 7437.40 | 7510.38 | 678.27 | 3391.36 | 10800.00 | 8444.13
516 | 0.09 | 9006.78 | 8159.35 | 8272.44 | 514.78 | 2573.89 | 10800.00 | 9436.74
530 | 0.10 | 9575.10 | 8734.89 | 8701.61 | 428.24 | 2141.21 | 10800.00 | 9334.17
520 | 0.07 | 9538.82 | 9205.76 | 8894.41 | 386.53 | 1932.64 | 10800.00 | 9803.96
536 | 0.06 | 10200.55 | 9628.11 | 9622.87 | 238.29 | 1191.43 | 10800.00 | 9962.70
518 | 0.10 | 8903.68 | 9992.45 | 7904.43 | 590.93 | 2954.66 | 10800.00 | 9476.19
529 | 0.08 | 9776.26 | 10724.69 | 8918.29 | 382.46 | 1912.31 | 10800.00 | 9782.86
532 | 0.08 | 9884.34 | 11139.58 | 8993.18 | 367.24 | 1836.20 | 10800.00 | 9814.83
521 | 0.07 | 9562.54 | 11561.56 | 8753.24 | 415.17 | 2075.83 | 10800.00 | 9970.87
527 | 0.09 | 9546.94 | 12035.88 | 8463.71 | 475.82 | 2379.11 | 10800.00 | 9782.12
541 | 0.08 | 10150.74 | 12593.03 | 9143.30 | 336.73 | 1683.64 | 10800.00 | 9928.66
538 | 0.06 | 10239.76 | 12978.60 | 9461.04 | 271.04 | 1355.22 | 10800.00 | 10165.69
533 | 0.05 | 10245.39 | 13305.26 | 9580.12 | 246.44 | 1232.20 | 10800.00 | 10286.51
531 | 0.07 | 9965.55 | 13590.73 | 9014.20 | 362.23 | 1811.15 | 10800.00 | 10109.21
528 | 0.09 | 9601.02 | 14030.05 | 8338.31 | 501.36 | 2506.81 | 10800.00 | 9963.90
535 | 0.08 | 9972.12 | 14638.33 | 8801.05 | 406.29 | 2031.45 | 10800.00 | 10097.85
517 | 0.10 | 8842.28 | 15079.44 | 7334.34 | 707.28 | 3536.39 | 10800.00 | 9996.53
Vehicle 14
Charging tour: 
561  -> 548  -> 555  -> 560  -> 556  -> 564  -> 544  -> 554  -> 552  -> 550  -> 545  -> 551  -> 549  -> 543  -> 553  -> 557  -> 575  -> 569  -> 572  -> 577  -> 571  -> 542  -> 566  -> 562  -> 579  -> 547  -> 567  -> 558  -> 574  -> 581  -> 578  -> 570  -> 563  -> 568  -> 559  -> 546  -> 580  -> 576  -> 573  -> 565  -> 
Charging time: 
376.60669037545705  + 651.9792262633157  + 313.03430801709897  + 508.3933304153061  + 240.41855491776238  + 270.11933711135725  + 308.92223553571097  + 261.2158817579805  + 275.74935580040494  + 288.8284436602162  + 695.410203176345  + 600.2522603296667  + 366.3687274977037  + 261.54484691424915  + 459.4619301187743  + 341.28167365637876  + 518.3828671253876  + 374.8410390686571  + 315.60349693012586  + 366.10333206040025  + 346.8568108609766  + 755.5327326108234  + 749.8051426883743  + 259.2080003886512  + 525.3203563576692  + 379.28085257195704  + 645.1996497839293  + 552.9621203951352  + 542.5894320639643  + 513.3039028581296  + 355.9809228271596  + 679.2187326337082  + 421.0578916986965  + 766.6590816864003  + 260.1997820441971  + 380.1743346880908  + 727.2029748163951  + 782.1963240202441  + 637.3403380542867  + 476.1148129095147  + 
total node:40/40
-------------------
Traveling energy: 2220.8967840781975
Charging energy: 92753.60968345303
Total energy used: 94974.50646753123
-------------------
Total time for travel: 2220.8967840781975
Total time for charging: 18550.721936690607
Charging round duration: 20771.618720768805
-------------------
ID | p | E0 | time_arrive | E_remain | time_charge | energy_charge| E_after_charge | E_after_cycle
561 | 0.12 | 8975.29 | 109.46 | 8962.16 | 376.61 | 1883.03 | 10800.00 | 7999.75
548 | 0.15 | 7720.49 | 550.59 | 7637.90 | 651.98 | 3259.90 | 10800.00 | 7407.17
555 | 0.08 | 9366.84 | 1337.13 | 9259.87 | 313.03 | 1565.17 | 10800.00 | 9026.30
560 | 0.14 | 8571.00 | 1727.11 | 8329.21 | 508.39 | 2541.97 | 10800.00 | 7777.97
556 | 0.06 | 9750.86 | 2308.76 | 9612.33 | 240.42 | 1202.09 | 10800.00 | 9523.66
564 | 0.08 | 9677.54 | 2581.57 | 9471.01 | 270.12 | 1350.60 | 10800.00 | 9122.42
544 | 0.06 | 9451.57 | 2960.79 | 9273.92 | 308.92 | 1544.61 | 10800.00 | 9566.90
554 | 0.05 | 9669.45 | 3333.67 | 9502.77 | 261.22 | 1306.08 | 10795.79 | 9784.46
552 | 0.06 | 9656.12 | 3638.68 | 9437.80 | 275.75 | 1378.75 | 10800.00 | 9605.58
550 | 0.06 | 9611.46 | 3971.13 | 9373.19 | 288.83 | 1444.14 | 10800.00 | 9626.31
545 | 0.13 | 7972.23 | 4299.06 | 7413.35 | 695.41 | 3477.05 | 10800.00 | 8352.49
551 | 0.12 | 8472.98 | 5018.41 | 7870.77 | 600.25 | 3001.26 | 10800.00 | 8615.66
549 | 0.07 | 9389.47 | 5652.37 | 8993.80 | 366.37 | 1831.84 | 10800.00 | 9553.81
543 | 0.05 | 9657.29 | 6052.95 | 9354.64 | 261.54 | 1307.72 | 10649.29 | 9773.94
553 | 0.09 | 9118.97 | 6388.11 | 8544.04 | 459.46 | 2297.31 | 10800.00 | 9272.35
557 | 0.07 | 9599.20 | 6881.70 | 9117.48 | 341.28 | 1706.41 | 10800.00 | 9638.11
575 | 0.17 | 9531.15 | 7264.37 | 8296.21 | 518.38 | 2591.91 | 10800.00 | 8073.42
569 | 0.07 | 9433.71 | 7854.34 | 8883.90 | 374.84 | 1874.21 | 10731.87 | 9640.41
572 | 0.06 | 9603.75 | 8260.71 | 9108.11 | 315.60 | 1578.02 | 10667.19 | 9752.48
577 | 0.07 | 9597.98 | 8612.45 | 8995.11 | 366.10 | 1830.52 | 10800.00 | 9761.00
571 | 0.09 | 9906.98 | 9000.49 | 9096.93 | 346.86 | 1734.28 | 10800.00 | 9497.33
542 | 0.12 | 8023.42 | 9368.57 | 6899.19 | 755.53 | 3777.66 | 10586.19 | 8942.51
566 | 0.16 | 8796.14 | 10157.47 | 7170.94 | 749.81 | 3749.03 | 10800.00 | 8733.73
562 | 0.05 | 9744.36 | 10968.85 | 9195.91 | 259.21 | 1296.04 | 10478.99 | 9849.32
579 | 0.11 | 9468.18 | 11245.39 | 8231.18 | 525.32 | 2626.60 | 10800.00 | 9474.42
547 | 0.07 | 9323.28 | 11785.37 | 8498.30 | 379.28 | 1896.40 | 10368.16 | 9552.18
567 | 0.13 | 9248.36 | 12234.46 | 7657.88 | 645.20 | 3226.00 | 10800.00 | 9377.57
558 | 0.10 | 9135.58 | 12929.75 | 7842.61 | 552.96 | 2764.81 | 10552.12 | 9518.25
574 | 0.12 | 9782.25 | 13584.05 | 8152.16 | 542.59 | 2712.95 | 10800.00 | 9636.62
581 | 0.10 | 9701.56 | 14167.50 | 8284.81 | 513.30 | 2566.52 | 10800.00 | 9885.94
578 | 0.07 | 9933.51 | 14705.44 | 8904.13 | 355.98 | 1779.90 | 10659.12 | 10045.91
570 | 0.13 | 9456.26 | 15108.15 | 7492.20 | 679.22 | 3396.09 | 10800.00 | 9755.57
563 | 0.08 | 9597.98 | 15801.80 | 8333.83 | 421.06 | 2105.29 | 10405.44 | 9797.55
568 | 0.14 | 9224.81 | 16262.66 | 6948.03 | 766.66 | 3833.30 | 10674.00 | 9723.10
559 | 0.05 | 9707.21 | 17053.61 | 8854.53 | 260.20 | 1301.00 | 10142.52 | 9817.14
546 | 0.07 | 9301.37 | 17371.92 | 8085.33 | 380.17 | 1900.87 | 9959.59 | 9534.74
580 | 0.15 | 9941.03 | 17786.43 | 7273.07 | 727.20 | 3636.01 | 10800.00 | 10003.83
576 | 0.15 | 9687.39 | 18534.85 | 6907.17 | 782.20 | 3910.98 | 10700.82 | 10025.16
573 | 0.12 | 9511.33 | 19411.68 | 7181.93 | 637.34 | 3186.70 | 10292.15 | 9839.46
565 | 0.09 | 9549.10 | 20153.79 | 7735.26 | 476.11 | 2380.57 | 10072.98 | 9785.74
Vehicle 15
Charging tour: 
588  -> 586  -> 613  -> 591  -> 584  -> 596  -> 618  -> 621  -> 612  -> 610  -> 587  -> 599  -> 606  -> 594  -> 590  -> 609  -> 592  -> 582  -> 615  -> 603  -> 611  -> 607  -> 617  -> 619  -> 600  -> 585  -> 604  -> 602  -> 595  -> 583  -> 597  -> 616  -> 598  -> 614  -> 601  -> 589  -> 593  -> 608  -> 605  -> 
Charging time: 
384.6713058573444  + 486.234437879795  + 587.0768619701117  + 328.9462072827861  + 687.6610413465246  + 687.6618695167259  + 586.3964477668505  + 330.77369195003405  + 486.2541021554742  + 685.8687529424768  + 587.0821862695562  + 435.48947151974653  + 536.6756703937232  + 739.962100307256  + 636.6632844768739  + 587.0929769005559  + 781.3080511605388  + 687.5094067960007  + 434.8933192780064  + 685.529156081801  + 486.21393614201725  + 536.7144504483045  + 687.6614502915036  + 435.5561174011175  + 536.6609075829734  + 331.3119911213071  + 637.3960307688027  + 587.1057864088434  + 486.2345593129467  + 383.8708514945214  + 636.1635730996136  + 435.60430262064153  + 737.8699941001968  + 587.0774052701739  + 383.86145628879973  + 486.25642845292583  + 435.6514473898917  + 486.0870849905137  + 486.20059195301775  + 
total node:39/40
-------------------
Traveling energy: 2263.7564650485465
Charging energy: 105736.24353495149
Total energy used: 108000.00000000003
-------------------
Total time for travel: 2263.7564650485465
Total time for charging: 21147.248706990296
Charging round duration: 23411.005172038844
-------------------
ID | p | E0 | time_arrive | E_remain | time_charge | energy_charge| E_after_charge | E_after_cycle
588 | 0.07 | 5998.11 | 153.48 | 5987.36 | 384.67 | 1923.36 | 7883.79 | 6253.96
586 | 0.09 | 6101.02 | 558.68 | 6050.74 | 486.23 | 2431.17 | 8438.15 | 6388.26
613 | 0.11 | 6175.95 | 1098.84 | 6055.08 | 587.08 | 2935.38 | 8925.88 | 6490.97
591 | 0.06 | 6012.18 | 1752.92 | 5907.01 | 328.95 | 1644.73 | 7532.00 | 6227.63
584 | 0.13 | 6231.24 | 2152.14 | 5951.47 | 687.66 | 3438.31 | 9300.38 | 6572.76
596 | 0.13 | 6231.24 | 2927.80 | 5850.62 | 687.66 | 3438.31 | 9199.54 | 6572.76
618 | 0.11 | 6183.11 | 3649.40 | 5781.68 | 586.40 | 2931.98 | 8649.16 | 6494.74
621 | 0.06 | 5978.97 | 4260.51 | 5723.34 | 330.77 | 1653.87 | 7357.36 | 6203.55
612 | 0.09 | 6100.78 | 4727.60 | 5675.29 | 486.25 | 2431.27 | 8062.80 | 6388.12
610 | 0.13 | 6247.53 | 5256.21 | 5564.22 | 685.87 | 3429.34 | 8904.40 | 6580.08
587 | 0.11 | 6175.89 | 5975.25 | 5518.61 | 587.08 | 2935.41 | 8389.45 | 6490.94
599 | 0.08 | 6055.06 | 6632.88 | 5524.43 | 435.49 | 2177.45 | 7667.03 | 6326.79
606 | 0.10 | 6141.78 | 7111.65 | 5430.61 | 536.68 | 2683.38 | 8060.32 | 6443.01
594 | 0.15 | 6681.71 | 7710.40 | 5525.15 | 739.96 | 3699.81 | 9113.97 | 6808.30
590 | 0.12 | 6212.66 | 8547.07 | 5187.01 | 636.66 | 3183.32 | 8293.92 | 6537.40
609 | 0.11 | 6175.78 | 9216.70 | 5161.94 | 587.09 | 2935.46 | 8032.83 | 6490.88
592 | 0.15 | 6328.12 | 9836.10 | 4852.71 | 781.31 | 3906.54 | 8642.05 | 6661.44
582 | 0.13 | 6232.62 | 10659.07 | 4846.94 | 687.51 | 3437.55 | 8195.11 | 6573.38
615 | 0.08 | 6063.36 | 11379.78 | 5152.97 | 434.89 | 2174.47 | 7292.65 | 6332.11
603 | 0.13 | 6250.62 | 11852.40 | 4709.81 | 685.53 | 3427.65 | 8048.34 | 6581.48
611 | 0.09 | 6101.28 | 12664.68 | 4961.46 | 486.21 | 2431.07 | 7348.77 | 6388.42
607 | 0.10 | 6141.33 | 13184.62 | 4822.87 | 536.71 | 2683.57 | 7452.77 | 6442.76
617 | 0.13 | 6231.24 | 13855.86 | 4429.98 | 687.66 | 3438.31 | 7778.89 | 6572.76
619 | 0.08 | 6054.13 | 14552.07 | 4889.96 | 435.56 | 2177.78 | 7032.90 | 6326.19
600 | 0.10 | 6141.94 | 15045.94 | 4637.35 | 536.66 | 2683.30 | 7266.99 | 6443.10
585 | 0.06 | 5969.25 | 15610.88 | 5032.60 | 331.31 | 1656.56 | 6669.28 | 6196.53
604 | 0.12 | 6205.51 | 16054.46 | 4278.98 | 637.40 | 3186.98 | 7389.47 | 6533.92
602 | 0.11 | 6175.64 | 16739.26 | 4334.32 | 587.11 | 2935.53 | 7205.27 | 6490.81
595 | 0.09 | 6101.02 | 17360.53 | 4538.57 | 486.23 | 2431.17 | 6925.99 | 6388.26
583 | 0.07 | 6010.61 | 17863.85 | 4760.14 | 383.87 | 1919.35 | 6652.63 | 6262.47
597 | 0.12 | 6217.54 | 18305.34 | 4020.90 | 636.16 | 3180.82 | 7125.37 | 6539.78
616 | 0.08 | 6053.46 | 18982.66 | 4534.85 | 435.60 | 2178.02 | 6678.02 | 6325.77
598 | 0.14 | 6253.94 | 19436.95 | 3532.77 | 737.87 | 3689.35 | 7118.82 | 6608.29
614 | 0.11 | 6175.94 | 20223.48 | 3951.36 | 587.08 | 2935.39 | 6822.17 | 6490.97
601 | 0.07 | 6010.76 | 20849.69 | 4551.28 | 383.86 | 1919.31 | 6443.72 | 6262.57
589 | 0.09 | 6100.75 | 21242.55 | 4188.92 | 486.26 | 2431.28 | 6576.44 | 6388.10
593 | 0.08 | 6052.81 | 21789.09 | 4309.68 | 435.65 | 2178.26 | 6453.08 | 6325.35
608 | 0.09 | 6102.87 | 22281.65 | 4097.52 | 486.09 | 2430.44 | 6484.21 | 6389.38
605 | 0.09 | 6101.45 | 22797.15 | 4049.70 | 486.20 | 2431.00 | 6436.95 | 6388.52
620 | 0.24 | 6371.82 | 654.67
Vehicle 16
Charging tour: 
631  -> 623  -> 644  -> 622  -> 624  -> 626  -> 628  -> 625  -> 630  -> 627  -> 634  -> 637  -> 636  -> 639  -> 632  -> 643  -> 648  -> 629  -> 633  -> 638  -> 646  -> 645  -> 640  -> 635  -> 647  -> 641  -> 642  -> 
Charging time: 
516.8384202081228  + 429.55326094135944  + 138.52472149342697  + 553.9516621944139  + 498.07618987511955  + 678.4638013437078  + 282.5951351645849  + 572.5040389867024  + 616.5873687768528  + 625.9002242757883  + 359.99449366854384  + 434.75761162796715  + 316.9383456563691  + 349.3473344559744  + 558.0621819171321  + 469.5033588848309  + 428.2977107706902  + 637.4940518619953  + 433.31578443988815  + 407.0091978241487  + 405.795383276872  + 421.9367032773373  + 414.93419059928544  + 340.6244126860107  + 237.07380805629245  + 266.2217763597308  + 319.5098075384757  + 
total node:27/27
-------------------
Traveling energy: 1653.5588037107893
Charging energy: 58569.05488080812
Total energy used: 60222.61368451891
-------------------
Total time for travel: 1653.5588037107893
Total time for charging: 11713.810976161625
Charging round duration: 13367.369779872415
-------------------
ID | p | E0 | time_arrive | E_remain | time_charge | energy_charge| E_after_charge | E_after_cycle
631 | 0.14 | 8303.45 | 109.21 | 8288.17 | 516.84 | 2584.19 | 10800.00 | 7552.64
623 | 0.09 | 8751.88 | 677.58 | 8690.89 | 429.55 | 2147.77 | 10800.00 | 8755.71
644 | 0.05 | 10175.37 | 1221.29 | 10114.30 | 138.52 | 692.62 | 10800.00 | 9676.92
622 | 0.11 | 8252.79 | 1469.19 | 8091.18 | 553.95 | 2769.76 | 10800.00 | 8402.19
624 | 0.10 | 8563.74 | 2043.11 | 8359.43 | 498.08 | 2490.38 | 10800.00 | 8671.97
626 | 0.14 | 7866.97 | 2602.17 | 7502.67 | 678.46 | 3392.32 | 10800.00 | 7924.29
628 | 0.06 | 9605.23 | 3354.16 | 9403.98 | 282.60 | 1412.98 | 10800.00 | 9588.92
625 | 0.11 | 8415.40 | 3772.24 | 8000.46 | 572.50 | 2862.52 | 10800.00 | 8657.56
630 | 0.13 | 8375.44 | 4447.82 | 7797.22 | 616.59 | 3082.94 | 10800.00 | 8361.58
627 | 0.12 | 8363.37 | 5148.01 | 7745.61 | 625.90 | 3129.50 | 10800.00 | 8634.29
634 | 0.08 | 9491.58 | 5784.47 | 9028.83 | 359.99 | 1799.97 | 10800.00 | 9385.84
637 | 0.10 | 9291.25 | 6215.67 | 8669.69 | 434.76 | 2173.79 | 10800.00 | 9082.90
636 | 0.07 | 9706.70 | 6702.90 | 9237.49 | 316.94 | 1584.69 | 10800.00 | 9623.89
639 | 0.08 | 9650.46 | 7115.57 | 9081.21 | 349.35 | 1746.74 | 10800.00 | 9491.48
632 | 0.11 | 8893.31 | 7474.88 | 8071.08 | 558.06 | 2790.31 | 10800.00 | 9063.26
643 | 0.11 | 9393.12 | 8081.72 | 8504.13 | 469.50 | 2347.52 | 10800.00 | 9120.27
648 | 0.11 | 9652.73 | 8610.06 | 8705.62 | 428.30 | 2141.49 | 10800.00 | 9173.86
629 | 0.11 | 8678.66 | 9054.58 | 7682.65 | 637.49 | 3187.47 | 10800.00 | 9245.77
633 | 0.08 | 9451.22 | 9789.18 | 8668.09 | 433.32 | 2166.58 | 10800.00 | 9712.08
638 | 0.08 | 9619.39 | 10273.47 | 8797.51 | 407.01 | 2035.05 | 10800.00 | 9748.72
646 | 0.09 | 9770.69 | 10701.59 | 8807.54 | 405.80 | 2028.98 | 10800.00 | 9655.73
645 | 0.09 | 9729.65 | 11126.23 | 8728.29 | 421.94 | 2109.68 | 10800.00 | 9695.40
640 | 0.08 | 9685.81 | 11591.07 | 8758.52 | 414.93 | 2074.67 | 10800.00 | 9854.76
635 | 0.06 | 9839.31 | 12033.23 | 9117.32 | 340.62 | 1703.12 | 10800.00 | 10113.14
647 | 0.05 | 10247.21 | 12414.60 | 9626.48 | 237.07 | 1185.37 | 10800.00 | 10241.51
641 | 0.05 | 10115.38 | 12663.49 | 9482.20 | 266.22 | 1331.11 | 10800.00 | 10255.41
642 | 0.06 | 9999.04 | 12956.93 | 9221.62 | 319.51 | 1597.55 | 10800.00 | 10167.30
Vehicle 17
Charging tour: 
666  -> 672  -> 655  -> 679  -> 653  -> 685  -> 669  -> 670  -> 657  -> 664  -> 681  -> 678  -> 674  -> 651  -> 650  -> 686  -> 663  -> 680  -> 684  -> 659  -> 673  -> 665  -> 682  -> 662  -> 658  -> 652  -> 675  -> 661  -> 654  -> 668  -> 671  -> 677  -> 683  -> 656  -> 649  -> 676  -> 667  -> 660  -> 
Charging time: 
567.7552106692092  + 261.8667873355948  + 667.0435606130261  + 716.7165940326202  + 367.67443668862455  + 517.8592102061083  + 469.5531423750357  + 617.4297019253556  + 716.7099960584605  + 617.432468595256  + 766.4087437020604  + 518.2191648108059  + 897.3744882900661  + 667.0321724094636  + 418.79266000326885  + 617.3711411828343  + 418.47612708723057  + 617.4476781625066  + 263.3017305684366  + 367.4395442552823  + 667.034811741399  + 518.1465643277893  + 517.8679154713612  + 716.7152666048086  + 268.25729510674637  + 366.472217553124  + 617.3819136679203  + 257.9253896718875  + 816.2961854874269  + 417.3450997070228  + 617.4075632950778  + 417.20485582020217  + 365.2282294494683  + 816.2698823485549  + 418.83100453682886  + 716.7033588189568  + 774.0006310537026  + 857.6736032498237  + 
total node:38/38
-------------------
Traveling energy: 1906.668265583255
Charging energy: 106093.33173441673
Total energy used: 107999.99999999999
-------------------
Total time for travel: 1906.668265583255
Total time for charging: 21218.666346883347
Charging round duration: 23125.334612466602
-------------------
ID | p | E0 | time_arrive | E_remain | time_charge | energy_charge| E_after_charge | E_after_cycle
666 | 0.11 | 7222.32 | 41.81 | 7217.72 | 567.76 | 2838.78 | 9994.04 | 7440.73
672 | 0.05 | 7117.61 | 634.67 | 7085.88 | 261.87 | 1309.33 | 8382.12 | 7235.88
655 | 0.13 | 7264.97 | 928.35 | 7144.29 | 667.04 | 3335.22 | 10392.79 | 7503.40
679 | 0.14 | 7281.58 | 1605.55 | 7056.80 | 716.72 | 3583.58 | 10540.04 | 7530.16
653 | 0.07 | 7097.08 | 2404.31 | 6928.77 | 367.67 | 1838.37 | 8741.41 | 7267.95
685 | 0.10 | 7198.35 | 2857.39 | 6912.61 | 517.86 | 2589.30 | 9450.12 | 7405.50
669 | 0.09 | 7145.01 | 3423.29 | 6836.91 | 469.55 | 2347.77 | 9142.42 | 7348.84
670 | 0.12 | 7245.00 | 3951.47 | 6770.83 | 617.43 | 3087.15 | 9783.88 | 7473.58
657 | 0.14 | 7281.64 | 4601.93 | 6637.37 | 716.71 | 3583.55 | 10120.58 | 7530.19
664 | 0.12 | 7244.97 | 5386.50 | 6598.59 | 617.43 | 3087.16 | 9611.66 | 7473.56
681 | 0.15 | 7295.85 | 6060.01 | 6386.85 | 766.41 | 3832.04 | 10103.93 | 7554.67
678 | 0.10 | 7193.35 | 6917.96 | 6501.56 | 518.22 | 2591.10 | 9040.83 | 7402.30
674 | 0.18 | 7477.28 | 7469.80 | 6132.72 | 897.37 | 4486.87 | 10458.06 | 7676.29
651 | 0.13 | 7265.10 | 8411.91 | 6171.55 | 667.03 | 3335.16 | 9420.00 | 7503.47
650 | 0.08 | 7120.92 | 9123.56 | 6391.03 | 418.79 | 2093.96 | 8451.49 | 7309.16
686 | 0.12 | 7245.69 | 9546.44 | 6100.12 | 617.37 | 3086.86 | 9112.89 | 7473.97
663 | 0.08 | 7126.30 | 10202.84 | 6310.07 | 418.48 | 2092.38 | 8368.98 | 7312.97
680 | 0.12 | 7244.79 | 10657.78 | 5965.86 | 617.45 | 3087.24 | 8979.00 | 7473.46
684 | 0.05 | 7078.82 | 11317.41 | 6512.95 | 263.30 | 1316.51 | 7816.30 | 7204.26
659 | 0.07 | 7101.61 | 11669.26 | 6284.77 | 367.44 | 1837.20 | 8096.24 | 7271.31
673 | 0.13 | 7265.07 | 12054.10 | 5698.04 | 667.03 | 3335.17 | 8946.49 | 7503.45
665 | 0.10 | 7194.36 | 12753.64 | 5919.00 | 518.15 | 2590.73 | 8457.92 | 7402.95
682 | 0.10 | 7198.23 | 13331.71 | 5865.06 | 517.87 | 2589.34 | 8402.61 | 7405.43
662 | 0.14 | 7281.59 | 13894.89 | 5336.31 | 716.72 | 3583.58 | 8819.54 | 7530.16
658 | 0.05 | 6948.06 | 14747.96 | 6210.66 | 268.26 | 1341.29 | 7538.53 | 7098.27
652 | 0.07 | 7120.36 | 15165.07 | 6058.80 | 366.47 | 1832.36 | 7865.51 | 7285.22
675 | 0.12 | 7245.56 | 15566.53 | 5377.58 | 617.38 | 3086.91 | 8390.40 | 7473.90
661 | 0.05 | 7226.38 | 16194.88 | 6416.64 | 257.93 | 1289.63 | 7693.37 | 7324.93
654 | 0.16 | 7306.63 | 16459.47 | 4673.11 | 816.30 | 4081.48 | 8623.99 | 7576.68
668 | 0.08 | 7145.61 | 17283.68 | 5762.92 | 417.35 | 2086.73 | 7816.26 | 7326.62
671 | 0.12 | 7245.26 | 17722.94 | 5118.51 | 617.41 | 3087.04 | 8131.46 | 7473.73
677 | 0.08 | 7148.02 | 18387.85 | 5676.99 | 417.20 | 2086.02 | 7729.64 | 7328.32
683 | 0.07 | 7144.61 | 18828.48 | 5826.62 | 365.23 | 1826.14 | 7627.19 | 7303.25
656 | 0.16 | 7306.87 | 19265.77 | 4224.34 | 816.27 | 4081.35 | 8175.09 | 7576.78
649 | 0.08 | 7120.26 | 20113.47 | 5511.19 | 418.83 | 2094.16 | 7571.83 | 7308.70
676 | 0.14 | 7281.71 | 20572.23 | 4401.60 | 716.70 | 3583.52 | 7884.78 | 7530.22
667 | 0.18 | 8669.14 | 21323.06 | 4830.99 | 774.00 | 3870.00 | 8561.67 | 8251.28
660 | 0.17 | 7388.76 | 22143.06 | 3624.44 | 857.67 | 4288.37 | 7767.01 | 7627.48
Vehicle 18
Charging tour: 
698  -> 701  -> 693  -> 712  -> 700  -> 710  -> 728  -> 716  -> 708  -> 724  -> 706  -> 696  -> 719  -> 699  -> 689  -> 713  -> 709  -> 688  -> 687  -> 691  -> 705  -> 703  -> 692  -> 725  -> 718  -> 707  -> 711  -> 723  -> 702  -> 697  -> 694  -> 695  -> 717  -> 721  -> 715  -> 704  -> 720  -> 714  -> 727  -> 726  -> 722  -> 
Charging time: 
676.6389074242985  + 374.6352576798523  + 371.65502830232276  + 626.671648655292  + 374.4456699447199  + 475.4677460476409  + 576.549724510002  + 724.4013883779962  + 373.9562468121336  + 271.53040864813073  + 371.5906297982692  + 676.6407023301222  + 626.6771473768852  + 323.83793170033215  + 751.2135723258851  + 425.53002535210425  + 425.23237957049986  + 424.7949539283148  + 316.69486781684134  + 475.54286813674804  + 626.6767079479068  + 773.3744383401049  + 676.6367459780217  + 781.0414218900194  + 676.6727237451059  + 676.6372398078307  + 526.0318196076856  + 260.22342529252813  + 726.4846700896454  + 374.78812380709456  + 424.38795191635813  + 626.666800777952  + 676.6383022674032  + 323.25771282899603  + 626.7059340801208  + 423.67747741344203  + 626.6577737472164  + 322.3242736043048  + 576.6083422589481  + 271.65840507550445  + 526.346713128773  + 
total node:41/42
-------------------
Traveling energy: 2063.9794582832355
Charging energy: 105936.02054171677
Total energy used: 108000.00000000001
-------------------
Total time for travel: 2063.9794582832355
Total time for charging: 21187.204108343354
Charging round duration: 23251.18356662659
-------------------
ID | p | E0 | time_arrive | E_remain | time_charge | energy_charge| E_after_charge | E_after_cycle
698 | 0.13 | 6715.56 | 154.14 | 6695.52 | 676.64 | 3383.19 | 9990.75 | 7001.97
701 | 0.07 | 6531.08 | 868.89 | 6470.26 | 374.64 | 1873.18 | 8317.21 | 6736.76
693 | 0.07 | 6583.46 | 1276.24 | 6494.12 | 371.66 | 1858.28 | 8326.38 | 6774.23
712 | 0.12 | 6693.25 | 1711.23 | 6487.90 | 626.67 | 3133.36 | 9546.06 | 6968.03
700 | 0.07 | 6534.39 | 2379.72 | 6367.81 | 374.45 | 1872.23 | 8213.83 | 6739.12
710 | 0.09 | 6616.33 | 2864.21 | 6358.55 | 475.47 | 2377.34 | 8693.10 | 6849.74
728 | 0.11 | 6668.86 | 3354.87 | 6299.83 | 576.55 | 2882.75 | 9119.15 | 6931.25
716 | 0.14 | 6755.30 | 3968.26 | 6199.74 | 724.40 | 3622.01 | 9720.33 | 7042.30
708 | 0.07 | 6542.94 | 4731.90 | 6211.71 | 373.96 | 1869.78 | 8055.31 | 6745.22
724 | 0.05 | 6436.46 | 5165.96 | 6178.17 | 271.53 | 1357.65 | 7522.24 | 6603.04
706 | 0.07 | 6584.60 | 5464.86 | 6202.06 | 371.59 | 1857.95 | 8034.00 | 6775.05
696 | 0.13 | 6715.54 | 5882.88 | 5950.77 | 676.64 | 3383.20 | 9246.01 | 7001.96
719 | 0.12 | 6693.19 | 6598.14 | 5901.41 | 626.68 | 3133.39 | 8959.60 | 6968.00
699 | 0.06 | 6476.19 | 7284.97 | 6039.09 | 323.84 | 1619.19 | 7638.85 | 6666.09
689 | 0.15 | 6979.49 | 7661.52 | 5830.26 | 751.21 | 3756.07 | 9473.65 | 7162.34
713 | 0.08 | 6571.37 | 8482.51 | 5892.76 | 425.53 | 2127.65 | 7986.37 | 6793.30
709 | 0.08 | 6575.97 | 8928.01 | 5861.72 | 425.23 | 2126.16 | 7953.87 | 6796.41
688 | 0.08 | 6582.74 | 9417.64 | 5829.33 | 424.79 | 2123.97 | 7919.32 | 6801.00
687 | 0.06 | 6622.26 | 9858.68 | 6030.74 | 316.69 | 1583.47 | 7595.21 | 6776.44
691 | 0.09 | 6615.29 | 10280.09 | 5690.08 | 475.54 | 2377.71 | 8024.99 | 6849.07
705 | 0.12 | 6693.20 | 10767.41 | 5401.11 | 626.68 | 3133.38 | 8459.29 | 6968.00
703 | 0.15 | 6779.49 | 11412.81 | 5067.57 | 773.37 | 3866.87 | 8818.44 | 7073.15
692 | 0.13 | 6715.58 | 12191.64 | 5130.67 | 676.64 | 3383.18 | 8425.89 | 7001.98
725 | 0.16 | 7160.47 | 12894.56 | 5097.34 | 781.04 | 3905.21 | 8877.58 | 7254.25
718 | 0.13 | 6715.22 | 13708.89 | 4933.07 | 676.67 | 3383.36 | 8228.46 | 7001.80
707 | 0.13 | 6715.58 | 14470.04 | 4834.47 | 676.64 | 3383.19 | 8129.69 | 7001.97
711 | 0.10 | 6644.83 | 15199.69 | 5124.86 | 526.03 | 2630.16 | 7702.42 | 6892.84
723 | 0.05 | 6716.14 | 15780.57 | 5927.11 | 260.22 | 1301.12 | 7215.21 | 6826.18
702 | 0.14 | 6735.93 | 16132.61 | 4477.36 | 726.48 | 3632.42 | 8008.08 | 7033.35
697 | 0.07 | 6528.42 | 16889.63 | 5346.15 | 374.79 | 1873.94 | 7193.85 | 6734.86
694 | 0.08 | 6589.05 | 17297.44 | 5205.25 | 424.39 | 2121.94 | 7293.24 | 6805.27
695 | 0.12 | 6693.30 | 17770.89 | 4560.80 | 626.67 | 3133.33 | 7618.93 | 6968.06
717 | 0.13 | 6715.57 | 18485.60 | 4312.44 | 676.64 | 3383.19 | 7607.67 | 7001.97
721 | 0.06 | 6487.81 | 19170.40 | 5337.59 | 323.26 | 1616.29 | 6934.48 | 6674.81
715 | 0.12 | 6692.88 | 19534.29 | 4348.77 | 626.71 | 3133.53 | 7407.09 | 6967.84
704 | 0.08 | 6600.10 | 20195.58 | 4984.45 | 423.68 | 2118.39 | 7068.95 | 6812.77
720 | 0.12 | 6693.40 | 20655.62 | 4214.72 | 626.66 | 3133.29 | 7272.81 | 6968.11
714 | 0.06 | 6506.60 | 21292.62 | 5229.04 | 322.32 | 1611.62 | 6821.32 | 6688.93
727 | 0.11 | 6668.18 | 21663.84 | 4285.16 | 576.61 | 2883.04 | 7104.78 | 6930.87
726 | 0.05 | 6433.43 | 22285.18 | 5319.17 | 271.66 | 1358.29 | 6663.88 | 6600.65
722 | 0.10 | 6640.85 | 22571.15 | 4383.74 | 526.35 | 2631.73 | 6962.84 | 6890.44
690 | 0.16 | 6990.12 | 3178.69
Vehicle 19
Charging tour: 
752  -> 754  -> 764  -> 747  -> 737  -> 744  -> 736  -> 738  -> 765  -> 761  -> 739  -> 749  -> 748  -> 763  -> 746  -> 767  -> 762  -> 740  -> 735  -> 732  -> 759  -> 753  -> 734  -> 755  -> 757  -> 750  -> 745  -> 729  -> 742  -> 756  -> 760  -> 743  -> 741  -> 758  -> 751  -> 731  -> 733  -> 730  -> 766  -> 
Charging time: 
433.4912880433198  + 385.0410077317643  + 468.53439677985824  + 433.3191079061666  + 510.91589967785484  + 332.0685661337472  + 384.8247694364876  + 529.5264764693505  + 433.3417241497651  + 569.9216763658112  + 584.6000947743647  + 607.368705341381  + 529.5704550417521  + 638.1984870129065  + 335.67761371172554  + 529.4300418189347  + 384.55057485363733  + 336.05820039297043  + 287.01695595789226  + 331.0215622242272  + 719.99439883384  + 720.6552424080579  + 577.400235392312  + 334.25893795271134  + 577.3252594935211  + 674.068504702603  + 672.9703697348544  + 529.6410263507292  + 675.0282879694139  + 480.8511186847318  + 815.9444862204581  + 672.9581555059704  + 334.8407371081596  + 672.9566560233118  + 773.184288579551  + 529.3492061274535  + 384.45958580272855  + 592.1240258786237  + 778.700734687191  + 
total node:39/39
-------------------
Traveling energy: 2620.9424595981086
Charging energy: 102805.94430640069
Total energy used: 105426.8867659988
-------------------
Total time for travel: 2620.9424595981086
Total time for charging: 20561.188861280138
Charging round duration: 23182.131320878245
-------------------
ID | p | E0 | time_arrive | E_remain | time_charge | energy_charge| E_after_charge | E_after_cycle
752 | 0.08 | 8264.64 | 93.89 | 8257.13 | 433.49 | 2167.46 | 10389.91 | 8526.38
754 | 0.07 | 8141.52 | 604.45 | 8099.21 | 385.04 | 1925.21 | 9997.46 | 8399.22
764 | 0.13 | 8650.99 | 1021.17 | 8518.24 | 468.53 | 2342.67 | 10800.00 | 7896.87
747 | 0.08 | 8267.92 | 1533.26 | 8145.26 | 433.32 | 2166.60 | 10277.19 | 8528.80
737 | 0.11 | 8531.27 | 2087.71 | 8301.62 | 510.92 | 2554.58 | 10800.00 | 8465.49
744 | 0.06 | 8091.66 | 2692.60 | 7930.11 | 332.07 | 1660.34 | 9570.53 | 8322.72
736 | 0.07 | 8146.09 | 3175.96 | 7923.77 | 384.82 | 1924.12 | 9820.96 | 8402.71
738 | 0.10 | 8457.20 | 3626.58 | 8094.54 | 529.53 | 2647.63 | 10689.22 | 8722.69
765 | 0.08 | 8267.49 | 4253.64 | 7927.20 | 433.34 | 2166.71 | 10059.24 | 8528.48
761 | 0.12 | 8595.61 | 4806.93 | 8018.78 | 569.92 | 2849.61 | 10800.00 | 8586.65
739 | 0.12 | 8595.08 | 5399.42 | 7947.15 | 584.60 | 2923.00 | 10800.00 | 8659.51
749 | 0.14 | 8703.23 | 6107.44 | 7848.19 | 607.37 | 3036.84 | 10800.00 | 8405.07
748 | 0.10 | 8456.50 | 6749.06 | 7781.59 | 529.57 | 2647.85 | 10376.49 | 8722.20
763 | 0.13 | 8651.07 | 7377.67 | 7691.97 | 638.20 | 3190.99 | 10800.00 | 8745.27
746 | 0.06 | 8004.67 | 8131.55 | 7516.77 | 335.68 | 1678.39 | 9175.02 | 8253.77
767 | 0.10 | 8458.74 | 8527.74 | 7605.97 | 529.43 | 2647.15 | 10200.17 | 8723.75
762 | 0.07 | 8151.90 | 9119.50 | 7513.54 | 384.55 | 1922.75 | 9409.37 | 8407.15
740 | 0.06 | 7995.60 | 9510.36 | 7424.98 | 336.06 | 1680.29 | 9085.11 | 8246.60
735 | 0.05 | 7801.48 | 9991.36 | 7301.91 | 287.02 | 1435.08 | 8722.64 | 8045.49
732 | 0.06 | 8117.26 | 10421.15 | 7491.99 | 331.02 | 1655.11 | 9127.23 | 8343.08
759 | 0.14 | 8707.90 | 10783.85 | 7198.16 | 719.99 | 3599.97 | 10697.33 | 8972.86
753 | 0.14 | 8699.91 | 11540.93 | 7084.18 | 720.66 | 3603.28 | 10586.56 | 8968.18
734 | 0.11 | 8531.59 | 12294.64 | 7179.18 | 577.40 | 2887.00 | 10002.67 | 8798.23
755 | 0.06 | 8038.64 | 12937.58 | 7262.38 | 334.26 | 1671.29 | 8913.62 | 8280.65
757 | 0.11 | 8532.70 | 13288.99 | 7070.91 | 577.33 | 2886.63 | 9894.03 | 8798.97
750 | 0.13 | 8636.81 | 13953.70 | 6822.83 | 674.07 | 3370.34 | 10105.55 | 8910.37
745 | 0.13 | 8650.91 | 14655.73 | 6745.66 | 672.97 | 3364.85 | 10023.03 | 8918.97
729 | 0.10 | 8455.37 | 15342.38 | 6921.13 | 529.64 | 2648.21 | 9516.37 | 8721.43
742 | 0.13 | 8624.53 | 15896.43 | 6558.00 | 675.03 | 3375.14 | 9845.39 | 8902.89
756 | 0.09 | 8381.97 | 16582.37 | 6889.56 | 480.85 | 2404.26 | 9250.54 | 8642.30
760 | 0.16 | 8781.60 | 17087.27 | 6047.64 | 815.94 | 4079.72 | 9996.81 | 9049.89
743 | 0.13 | 8651.07 | 17977.52 | 6313.99 | 672.96 | 3364.79 | 9591.29 | 8919.07
741 | 0.06 | 8024.67 | 18737.35 | 6900.43 | 334.84 | 1674.20 | 8554.54 | 8269.59
758 | 0.13 | 8651.08 | 19101.31 | 6167.91 | 672.96 | 3364.78 | 9445.21 | 8919.08
751 | 0.15 | 8688.05 | 19836.62 | 5712.56 | 773.18 | 3865.92 | 9462.50 | 8980.76
731 | 0.10 | 8460.03 | 20621.72 | 6397.86 | 529.35 | 2646.75 | 8991.67 | 8724.63
733 | 0.07 | 8153.83 | 21195.06 | 6670.18 | 384.46 | 1922.30 | 8565.56 | 8408.63
730 | 0.11 | 8319.44 | 21611.33 | 5942.20 | 592.12 | 2960.62 | 8837.68 | 8659.70
766 | 0.15 | 8626.51 | 22267.69 | 5286.35 | 778.70 | 3893.50 | 9063.05 | 8946.79
Network survivability: 100.0%
networkSurvivabilityOverThousand: 76.7%
Average dead duration: 109068.30037042782
Traveling energy: 45167.24882883787
total calculate time: 51.65949201583862
