total sensor 767
condition 16.840445539537512
gen: 1
2000
gen: 2
2000
gen: 3
2000
gen: 4
2000
gen: 5
2000
gen: 6
2000
gen: 7
2000
gen: 8
2000
gen: 9
2000
gen: 10
2000
gen: 11
2000
gen: 12
2000
gen: 13
2000
gen: 14
2000
gen: 15
2000
gen: 16
2000
gen: 17
2000
gen: 18
2000
gen: 19
2000
gen: 20
2000
gen: 21
2000
gen: 22
2000
gen: 23
2000
gen: 24
2000
gen: 25
2000
gen: 26
2000
gen: 27
2000
gen: 28
2000
gen: 29
2000
gen: 30
2000
gen: 31
2000
gen: 32
2000
gen: 33
2000
gen: 34
2000
gen: 35
2000
gen: 36
2000
gen: 37
2000
gen: 38
2000
gen: 39
2000
gen: 40
2000
gen: 41
2000
gen: 42
2000
gen: 43
2000
gen: 44
2000
gen: 45
2000
gen: 46
2000
gen: 47
2000
gen: 48
2000
gen: 49
2000
gen: 50
2000
Number of charging vehicles: 20
Survey time: 23821.455380092364
Network clustering infor: 
Cluster 0:
[1, 2, 3, 4, 5, 6, 7, 8, 9, 10, 11, 12, 13, 14, 15, 16, 17, 18, 19, 20, 21, 22, 23, 24, 25, 26, 27, 28, 29, 30, 31, 32, 33, 34, 35, 36, 37, 38, 39, 40, 41, 42]
Cluster 1:
[43, 44, 45, 46, 47, 48, 49, 50, 51, 52, 53, 54, 55, 56, 57, 58, 59, 60, 61, 62, 63, 64, 65, 66, 67, 68, 69, 70, 71, 72, 73, 74, 75, 76, 77, 78, 79, 80, 81, 82, 83]
Cluster 2:
[84, 85, 86, 87, 88, 89, 90, 91, 92, 93, 94, 95, 96, 97, 98, 99, 100, 101, 102, 103, 104, 105, 106, 107, 108, 109, 110, 111, 112, 113, 114, 115, 116, 117, 118, 119, 120, 121]
Cluster 3:
[122, 123, 124, 125, 126, 127, 128, 129, 130, 131, 132, 133, 134, 135, 136, 137, 138, 139, 140, 141, 142, 143, 144, 145, 146, 147, 148, 149, 150, 151, 152, 153, 154, 155, 156, 157]
Cluster 4:
[158, 159, 160, 161, 162, 163, 164, 165, 166, 167, 168, 169, 170, 171, 172, 173, 174, 175, 176, 177, 178, 179, 180, 181, 182, 183, 184, 185, 186, 187, 188, 189]
Cluster 5:
[190, 191, 192, 193, 194, 195, 196, 197, 198, 199, 200, 201, 202, 203, 204, 205, 206, 207, 208, 209, 210, 211, 212, 213, 214, 215, 216, 217, 218, 219, 220, 221, 222, 223, 224, 225, 226, 227, 228, 229, 230, 231, 232]
Cluster 6:
[233, 234, 235, 236, 237, 238, 239, 240, 241, 242, 243, 244, 245, 246, 247, 248, 249, 250, 251, 252, 253, 254, 255, 256, 257, 258, 259, 260, 261, 262, 263, 264, 265, 266, 267, 268, 269, 270, 271, 272, 273]
Cluster 7:
[274, 275, 276, 277, 278, 279, 280, 281, 282, 283, 284, 285, 286, 287, 288, 289, 290, 291, 292, 293, 294, 295, 296, 297, 298, 299, 300, 301, 302, 303, 304, 305, 306, 307, 308, 309, 310, 311, 312, 313]
Cluster 8:
[314, 315, 316, 317, 318, 319, 320, 321, 322, 323, 324, 325, 326, 327, 328, 329, 330, 331, 332, 333, 334, 335, 336, 337, 338, 339, 340, 341, 342, 343, 344, 345, 346, 347, 348, 349, 350, 351, 352]
Cluster 9:
[353, 354, 355, 356, 357, 358, 359, 360, 361, 362, 363, 364, 365, 366, 367, 368, 369, 370, 371, 372, 373, 374, 375, 376, 377, 378, 379, 380, 381, 382, 383, 384, 385, 386, 387, 388, 389, 390, 391, 392, 393]
Cluster 10:
[394, 395, 396, 397, 398, 399, 400, 401, 402, 403, 404, 405, 406, 407, 408, 409, 410, 411, 412, 413, 414, 415, 416, 417, 418, 419, 420, 421, 422, 423, 424, 425, 426, 427, 428, 429, 430, 431, 432]
Cluster 11:
[433, 434, 435, 436, 437, 438, 439, 440, 441, 442, 443, 444, 445, 446, 447, 448, 449, 450, 451, 452, 453, 454, 455, 456, 457, 458, 459, 460, 461, 462, 463, 464, 465, 466, 467, 468, 469, 470]
Cluster 12:
[471, 472, 473, 474, 475, 476, 477, 478, 479, 480, 481, 482, 483, 484, 485, 486, 487, 488, 489, 490, 491, 492, 493, 494, 495, 496, 497, 498, 499, 500, 501, 502, 503, 504, 505, 506, 507, 508, 509]
Cluster 13:
[510, 511, 512, 513, 514, 515, 516, 517, 518, 519, 520, 521, 522, 523, 524, 525, 526, 527, 528, 529, 530, 531, 532, 533, 534, 535, 536, 537, 538, 539, 540, 541]
Cluster 14:
[542, 543, 544, 545, 546, 547, 548, 549, 550, 551, 552, 553, 554, 555, 556, 557, 558, 559, 560, 561, 562, 563, 564, 565, 566, 567, 568, 569, 570, 571, 572, 573, 574, 575, 576, 577, 578, 579, 580, 581]
Cluster 15:
[582, 583, 584, 585, 586, 587, 588, 589, 590, 591, 592, 593, 594, 595, 596, 597, 598, 599, 600, 601, 602, 603, 604, 605, 606, 607, 608, 609, 610, 611, 612, 613, 614, 615, 616, 617, 618, 619, 620, 621]
Cluster 16:
[622, 623, 624, 625, 626, 627, 628, 629, 630, 631, 632, 633, 634, 635, 636, 637, 638, 639, 640, 641, 642, 643, 644, 645, 646, 647, 648]
Cluster 17:
[649, 650, 651, 652, 653, 654, 655, 656, 657, 658, 659, 660, 661, 662, 663, 664, 665, 666, 667, 668, 669, 670, 671, 672, 673, 674, 675, 676, 677, 678, 679, 680, 681, 682, 683, 684, 685, 686]
Cluster 18:
[687, 688, 689, 690, 691, 692, 693, 694, 695, 696, 697, 698, 699, 700, 701, 702, 703, 704, 705, 706, 707, 708, 709, 710, 711, 712, 713, 714, 715, 716, 717, 718, 719, 720, 721, 722, 723, 724, 725, 726, 727, 728]
Cluster 19:
[729, 730, 731, 732, 733, 734, 735, 736, 737, 738, 739, 740, 741, 742, 743, 744, 745, 746, 747, 748, 749, 750, 751, 752, 753, 754, 755, 756, 757, 758, 759, 760, 761, 762, 763, 764, 765, 766, 767]
Vehicle 0
Charging tour: 
38  -> 9  -> 5  -> 20  -> 27  -> 37  -> 2  -> 30  -> 33  -> 16  -> 31  -> 11  -> 4  -> 34  -> 32  -> 25  -> 42  -> 1  -> 17  -> 3  -> 24  -> 29  -> 15  -> 22  -> 13  -> 12  -> 8  -> 26  -> 10  -> 6  -> 28  -> 35  -> 14  -> 40  -> 7  -> 18  -> 23  -> 39  -> 19  -> 36  -> 21  -> 
Charging time: 
556.1455417124598  + 357.53328944410674  + 355.5626814021915  + 605.7535277559191  + 307.5957037858552  + 704.9575902468547  + 456.6509708540641  + 506.53458168904706  + 306.15495909709665  + 556.1282707303657  + 704.9574126685808  + 655.3612947105692  + 655.3602532669695  + 407.07975246349173  + 407.06326785252037  + 605.6679195274016  + 506.4943614525248  + 506.4430679150518  + 303.3954748280587  + 407.1223372820294  + 407.2479308764919  + 556.2681129638448  + 356.6866796886782  + 407.0949343282498  + 556.1225605141935  + 506.54190225513366  + 356.879808959181  + 307.7120639123357  + 506.47611123124597  + 605.7510489281397  + 605.75282632521  + 662.4990864981536  + 698.8374644887507  + 704.8610191399408  + 506.4618234372575  + 704.9577899847253  + 251.44682705902366  + 506.5369656541238  + 640.1717947112011  + 704.937329390141  + 703.9748024518154  + 
total node:41/42
-------------------
Traveling energy: 2354.094292585037
Charging energy: 105645.90570741496
Total energy used: 108000.0
-------------------
Total time for travel: 2354.094292585037
Total time for charging: 21129.181141482994
Charging round duration: 23483.27543406803
-------------------
ID | p | E0 | time_arrive | E_remain | time_charge | energy_charge| E_after_charge | E_after_cycle
38 | 0.11 | 5937.54 | 75.22 | 5929.26 | 556.15 | 2780.73 | 8648.81 | 6097.90
9 | 0.07 | 5877.38 | 722.00 | 5826.84 | 357.53 | 1787.67 | 7589.48 | 5997.54
5 | 0.07 | 5909.95 | 1101.51 | 5832.84 | 355.56 | 1777.81 | 7585.77 | 6020.26
20 | 0.12 | 5946.85 | 1497.57 | 5767.15 | 605.75 | 3028.77 | 8723.22 | 6117.05
27 | 0.06 | 5855.62 | 2182.73 | 5724.66 | 307.60 | 1537.98 | 7244.18 | 5964.31
37 | 0.14 | 5961.66 | 2538.33 | 5606.29 | 704.96 | 3524.79 | 9032.39 | 6151.44
2 | 0.09 | 5916.43 | 3270.86 | 5622.06 | 456.65 | 2283.25 | 7864.21 | 6055.76
30 | 0.10 | 5926.43 | 3773.23 | 5549.10 | 506.53 | 2532.67 | 8031.12 | 6076.95
33 | 0.06 | 5883.18 | 4292.79 | 5625.61 | 306.15 | 1530.77 | 7138.01 | 5984.66
16 | 0.11 | 5937.72 | 4605.44 | 5431.12 | 556.13 | 2780.64 | 8150.59 | 6098.00
31 | 0.14 | 5961.66 | 5187.54 | 5235.40 | 704.96 | 3524.79 | 8661.50 | 6151.44
11 | 0.13 | 5954.76 | 5959.35 | 5180.05 | 655.36 | 3276.81 | 8371.66 | 6134.78
4 | 0.13 | 5954.77 | 6731.01 | 5079.74 | 655.36 | 3276.80 | 8271.35 | 6134.79
34 | 0.08 | 5899.46 | 7454.10 | 5303.13 | 407.08 | 2035.40 | 7305.97 | 6029.14
32 | 0.08 | 5899.70 | 7913.70 | 5266.61 | 407.06 | 2035.32 | 7269.36 | 6029.30
25 | 0.12 | 5947.69 | 8345.10 | 4946.28 | 605.67 | 3028.34 | 7901.94 | 6117.46
42 | 0.10 | 5926.90 | 9087.92 | 5018.10 | 506.49 | 2532.47 | 7499.93 | 6077.22
1 | 0.10 | 5927.50 | 9683.40 | 4959.16 | 506.44 | 2532.22 | 7440.73 | 6077.57
17 | 0.06 | 5936.69 | 10203.18 | 5324.50 | 303.40 | 1516.98 | 6823.27 | 6024.38
3 | 0.08 | 5898.85 | 10516.42 | 5057.53 | 407.12 | 2035.61 | 7060.57 | 6028.74
24 | 0.08 | 5897.03 | 10939.06 | 5021.90 | 407.25 | 2036.24 | 7025.56 | 6027.55
29 | 0.11 | 5936.23 | 11402.09 | 4682.00 | 556.27 | 2781.34 | 7402.15 | 6097.21
15 | 0.07 | 5891.33 | 11973.25 | 5053.20 | 356.69 | 1783.43 | 6811.66 | 6007.26
22 | 0.08 | 5899.24 | 12424.69 | 4905.27 | 407.09 | 2035.47 | 6908.17 | 6029.00
13 | 0.11 | 5937.78 | 12945.54 | 4513.77 | 556.12 | 2780.61 | 7233.21 | 6098.03
12 | 0.10 | 5926.34 | 13610.49 | 4565.29 | 506.54 | 2532.71 | 7047.35 | 6076.90
8 | 0.07 | 5888.14 | 14148.16 | 4897.77 | 356.88 | 1784.40 | 6657.19 | 6005.04
26 | 0.06 | 5853.41 | 14547.91 | 4980.53 | 307.71 | 1538.56 | 6500.63 | 5962.68
10 | 0.10 | 5927.11 | 14870.23 | 4440.09 | 506.48 | 2532.38 | 6921.82 | 6077.35
6 | 0.12 | 5946.88 | 15388.77 | 4100.23 | 605.75 | 3028.76 | 7056.29 | 6117.06
28 | 0.12 | 5946.86 | 16013.84 | 4025.20 | 605.75 | 3028.76 | 6981.27 | 6117.05
35 | 0.14 | 6343.73 | 16629.12 | 4015.65 | 662.50 | 3312.50 | 7235.40 | 6321.22
14 | 0.14 | 6013.87 | 17443.12 | 3571.83 | 698.84 | 3494.19 | 6968.18 | 6173.05
40 | 0.14 | 5962.47 | 18208.46 | 3413.29 | 704.86 | 3524.31 | 6838.91 | 6151.78
7 | 0.10 | 5927.28 | 18944.45 | 4032.83 | 506.46 | 2532.31 | 6514.50 | 6077.44
18 | 0.14 | 5961.66 | 19521.56 | 3228.64 | 704.96 | 3524.79 | 6654.73 | 6151.44
23 | 0.05 | 5969.33 | 20244.14 | 4957.13 | 251.45 | 1257.23 | 6201.79 | 6035.49
39 | 0.10 | 5926.40 | 20530.22 | 3873.38 | 506.54 | 2532.68 | 6355.41 | 6076.94
19 | 0.13 | 6096.05 | 21095.53 | 3353.64 | 640.17 | 3200.86 | 6471.27 | 6200.12
36 | 0.14 | 5961.83 | 21810.30 | 2908.39 | 704.94 | 3524.69 | 6334.38 | 6151.51
21 | 0.14 | 5969.98 | 22595.16 | 2806.66 | 703.97 | 3519.87 | 6227.98 | 6154.85
41 | 0.15 | 5968.41 | 2395.19
Vehicle 1
Charging tour: 
66  -> 53  -> 58  -> 62  -> 49  -> 46  -> 75  -> 63  -> 82  -> 48  -> 61  -> 57  -> 83  -> 45  -> 80  -> 77  -> 52  -> 60  -> 56  -> 67  -> 74  -> 50  -> 59  -> 43  -> 81  -> 69  -> 72  -> 64  -> 55  -> 51  -> 54  -> 79  -> 44  -> 71  -> 70  -> 78  -> 76  -> 68  -> 47  -> 65  -> 73  -> 
Charging time: 
406.5620541016551  + 597.6999982657328  + 454.7291752718739  + 357.3865148838825  + 502.48852933562824  + 310.3566566762882  + 645.7109019895433  + 406.5984667783681  + 597.6181022777295  + 550.2468091121319  + 692.5780615966738  + 550.2122774589909  + 645.7262797894273  + 645.7248224858779  + 645.7240177869105  + 550.2473175477029  + 693.4071730689462  + 502.45684468973195  + 550.2344269359862  + 645.1996320085187  + 358.5772190559559  + 358.90463139240995  + 306.50726498160515  + 758.3226861889917  + 502.4151068817529  + 645.2316721102708  + 502.42541413411516  + 261.9305549424088  + 644.3561306599642  + 262.120124388158  + 406.0220192987063  + 358.9543620687071  + 358.1032284417577  + 358.83569942012275  + 598.0085676562795  + 550.2679909922555  + 686.7684704688462  + 550.267820436956  + 692.9329909444605  + 406.1825123297646  + 550.25842789095  + 
total node:41/41
-------------------
Traveling energy: 2658.4952162698255
Charging energy: 105341.5047837302
Total energy used: 108000.00000000003
-------------------
Total time for travel: 2658.4952162698255
Total time for charging: 21068.30095674604
Charging round duration: 23726.796173015864
-------------------
ID | p | E0 | time_arrive | E_remain | time_charge | energy_charge| E_after_charge | E_after_cycle
66 | 0.08 | 6618.78 | 82.33 | 6612.19 | 406.56 | 2032.81 | 8612.48 | 6745.87
53 | 0.12 | 6753.25 | 559.31 | 6686.13 | 597.70 | 2988.50 | 9602.91 | 6883.18
58 | 0.09 | 6657.40 | 1261.35 | 6543.88 | 454.73 | 2273.65 | 8776.60 | 6787.11
62 | 0.07 | 6588.32 | 1785.15 | 6463.36 | 357.39 | 1786.93 | 8225.28 | 6707.75
49 | 0.10 | 6694.05 | 2180.38 | 6476.01 | 502.49 | 2512.44 | 8938.20 | 6824.34
46 | 0.06 | 6502.87 | 2734.45 | 6338.80 | 310.36 | 1551.78 | 7871.96 | 6625.37
75 | 0.13 | 6772.05 | 3067.87 | 6373.23 | 645.71 | 3228.55 | 9517.84 | 6903.81
63 | 0.08 | 6618.19 | 3747.62 | 6318.38 | 406.60 | 2032.99 | 8318.84 | 6745.46
82 | 0.12 | 6754.18 | 4174.49 | 6253.24 | 597.62 | 2988.09 | 9169.61 | 6883.69
48 | 0.11 | 6724.35 | 4796.42 | 6196.74 | 550.25 | 2751.23 | 8887.45 | 6855.22
61 | 0.14 | 6799.46 | 5369.78 | 6047.69 | 692.58 | 3462.89 | 9413.62 | 6927.34
57 | 0.11 | 6724.77 | 6088.09 | 6055.08 | 550.21 | 2751.06 | 8745.62 | 6855.47
83 | 0.13 | 6771.89 | 6663.59 | 5905.62 | 645.73 | 3228.63 | 9050.31 | 6903.73
45 | 0.13 | 6771.90 | 7360.76 | 5815.00 | 645.72 | 3228.62 | 8959.68 | 6903.74
80 | 0.13 | 6771.91 | 8021.73 | 5729.09 | 645.72 | 3228.62 | 8873.76 | 6903.74
77 | 0.11 | 6724.34 | 8699.24 | 5767.42 | 550.25 | 2751.24 | 8458.13 | 6855.22
52 | 0.14 | 6791.33 | 9302.33 | 5489.00 | 693.41 | 3467.04 | 8858.96 | 6923.36
60 | 0.10 | 6694.47 | 10067.18 | 5687.75 | 502.46 | 2512.28 | 8149.79 | 6824.61
56 | 0.11 | 6724.50 | 10648.68 | 5553.14 | 550.23 | 2751.17 | 8243.79 | 6855.31
67 | 0.13 | 6777.42 | 11221.06 | 5318.68 | 645.20 | 3226.00 | 8460.80 | 6906.62
74 | 0.07 | 6566.44 | 11969.92 | 5728.55 | 358.58 | 1792.89 | 7496.33 | 6691.83
50 | 0.07 | 6560.45 | 12343.34 | 5696.42 | 358.90 | 1794.52 | 7465.82 | 6687.47
59 | 0.06 | 6584.54 | 12818.45 | 5815.43 | 306.51 | 1532.54 | 7329.58 | 6687.79
43 | 0.16 | 7097.10 | 13232.20 | 4979.95 | 758.32 | 3791.61 | 8650.23 | 7077.28
81 | 0.10 | 6695.02 | 14057.95 | 5289.23 | 502.42 | 2512.08 | 7751.06 | 6824.95
69 | 0.13 | 6777.08 | 14605.64 | 4878.35 | 645.23 | 3226.16 | 8020.62 | 6906.45
72 | 0.10 | 6694.89 | 15337.68 | 5161.12 | 502.43 | 2512.13 | 7623.00 | 6824.87
64 | 0.05 | 6420.94 | 15927.35 | 5624.57 | 261.93 | 1309.65 | 6921.13 | 6539.52
55 | 0.13 | 6786.29 | 16328.61 | 4663.57 | 644.36 | 3221.78 | 7801.58 | 6911.28
51 | 0.05 | 6416.30 | 16986.40 | 5566.98 | 262.12 | 1310.60 | 6864.47 | 6535.83
54 | 0.08 | 6627.58 | 17320.16 | 5241.97 | 406.02 | 2030.11 | 7239.60 | 6751.98
79 | 0.07 | 6559.54 | 17737.39 | 5317.93 | 358.95 | 1794.77 | 7087.57 | 6686.81
44 | 0.07 | 6575.13 | 18186.26 | 5302.10 | 358.10 | 1790.52 | 7067.55 | 6698.15
71 | 0.07 | 6561.71 | 18661.59 | 5255.40 | 358.84 | 1794.18 | 7024.46 | 6688.39
70 | 0.12 | 6749.77 | 19098.24 | 4457.98 | 598.01 | 2990.04 | 7376.26 | 6881.23
78 | 0.11 | 6724.09 | 19737.13 | 4553.00 | 550.27 | 2751.34 | 7243.81 | 6855.07
76 | 0.14 | 6856.97 | 20326.62 | 4011.25 | 686.77 | 3433.84 | 7348.94 | 6955.81
68 | 0.11 | 6724.09 | 21064.97 | 4406.94 | 550.27 | 2751.34 | 7097.75 | 6855.07
47 | 0.14 | 6795.97 | 21666.62 | 3762.65 | 692.93 | 3464.66 | 7130.30 | 6925.63
65 | 0.08 | 6624.97 | 22467.85 | 4827.54 | 406.18 | 2030.91 | 6825.96 | 6750.16
73 | 0.11 | 6724.20 | 22999.92 | 4194.21 | 550.26 | 2751.29 | 6884.98 | 6855.14
Vehicle 2
Charging tour: 
110  -> 109  -> 97  -> 112  -> 115  -> 102  -> 86  -> 93  -> 95  -> 87  -> 104  -> 84  -> 92  -> 91  -> 107  -> 88  -> 90  -> 89  -> 100  -> 120  -> 105  -> 106  -> 103  -> 119  -> 111  -> 98  -> 85  -> 94  -> 101  -> 118  -> 99  -> 116  -> 113  -> 96  -> 117  -> 114  -> 108  -> 121  -> 
Charging time: 
165.0963319853732  + 222.09509461186343  + 254.37720099537825  + 204.8271152213516  + 307.04389850584306  + 277.49936549212623  + 295.8019728631882  + 391.4499932381033  + 257.01341809895774  + 612.5540607113297  + 373.45345967974225  + 615.0209889218861  + 648.1390900008249  + 629.1038911295487  + 555.1195937531681  + 806.4059794791366  + 455.58142292101167  + 713.0386783026715  + 350.81788868417897  + 265.7430146200571  + 565.2067896005318  + 660.9873594069342  + 330.2672021240322  + 364.7681213908312  + 358.25291146755677  + 451.44243289396724  + 624.7980780544134  + 330.5444415665562  + 574.9735649254737  + 334.2227952310397  + 952.541786735577  + 343.20156718513135  + 563.3789479867372  + 521.4671592371604  + 612.6566717401965  + 364.68855219632974  + 675.2300034326311  + 490.54027005929663  + 
total node:38/38
-------------------
Traveling energy: 2673.492090868332
Charging energy: 87596.7555722507
Total energy used: 90270.24766311902
-------------------
Total time for travel: 2673.492090868332
Total time for charging: 17519.35111445014
Charging round duration: 20192.84320531847
-------------------
ID | p | E0 | time_arrive | E_remain | time_charge | energy_charge| E_after_charge | E_after_cycle
110 | 0.06 | 9992.55 | 135.41 | 9984.42 | 165.10 | 825.48 | 10800.00 | 9388.74
109 | 0.10 | 9747.88 | 361.48 | 9711.73 | 222.10 | 1110.48 | 10800.00 | 8476.21
97 | 0.07 | 9587.13 | 588.75 | 9545.92 | 254.38 | 1271.89 | 10800.00 | 9191.52
112 | 0.10 | 9886.76 | 904.17 | 9796.35 | 204.83 | 1024.14 | 10800.00 | 8528.75
115 | 0.09 | 9396.02 | 1151.12 | 9292.41 | 307.04 | 1535.22 | 10800.00 | 8787.30
102 | 0.08 | 9557.34 | 1532.91 | 9434.70 | 277.50 | 1387.50 | 10800.00 | 9039.12
86 | 0.06 | 9453.72 | 1916.30 | 9338.74 | 295.80 | 1479.01 | 10800.00 | 9503.44
93 | 0.09 | 9085.99 | 2311.23 | 8877.98 | 391.45 | 1957.25 | 10800.00 | 8899.31
95 | 0.06 | 9697.24 | 2781.46 | 9530.35 | 257.01 | 1285.07 | 10800.00 | 9553.02
87 | 0.12 | 8180.46 | 3081.07 | 7810.74 | 612.55 | 3062.77 | 10800.00 | 8384.66
104 | 0.10 | 9345.55 | 3754.68 | 8970.08 | 373.45 | 1867.27 | 10800.00 | 8830.67
84 | 0.11 | 8248.80 | 4147.72 | 7792.55 | 615.02 | 3075.10 | 10800.00 | 8703.54
92 | 0.13 | 8272.62 | 4838.89 | 7643.56 | 648.14 | 3240.70 | 10800.00 | 8416.52
91 | 0.12 | 8393.10 | 5526.06 | 7729.97 | 629.10 | 3145.52 | 10800.00 | 8680.05
107 | 0.15 | 9037.52 | 6198.98 | 8107.67 | 555.12 | 2775.60 | 10800.00 | 8239.90
88 | 0.14 | 7829.13 | 6773.29 | 6880.87 | 806.41 | 4032.03 | 10800.00 | 8526.15
90 | 0.08 | 9170.03 | 7643.68 | 8558.54 | 455.58 | 2277.91 | 10800.00 | 9542.22
89 | 0.12 | 8304.29 | 8199.29 | 7320.37 | 713.04 | 3565.19 | 10800.00 | 9010.90
100 | 0.07 | 9703.71 | 9046.25 | 9070.47 | 350.82 | 1754.09 | 10800.00 | 9790.29
120 | 0.06 | 10059.13 | 9531.75 | 9487.23 | 265.74 | 1328.72 | 10800.00 | 9958.56
105 | 0.12 | 9232.62 | 9923.57 | 8041.79 | 565.21 | 2826.03 | 10800.00 | 9200.08
106 | 0.14 | 9060.75 | 10522.47 | 7587.60 | 660.99 | 3304.94 | 10800.00 | 9030.68
103 | 0.06 | 9682.94 | 11278.66 | 9006.22 | 330.27 | 1651.34 | 10637.74 | 9904.99
119 | 0.07 | 9815.31 | 11623.10 | 9001.69 | 364.77 | 1823.84 | 10800.00 | 9971.65
111 | 0.08 | 10001.93 | 12056.73 | 9037.40 | 358.25 | 1791.26 | 10800.00 | 9887.48
98 | 0.08 | 9445.15 | 12441.71 | 8449.81 | 451.44 | 2257.21 | 10670.91 | 9796.65
85 | 0.10 | 8530.64 | 12901.08 | 7240.53 | 624.80 | 3123.99 | 10302.04 | 9272.48
94 | 0.06 | 9674.82 | 13637.66 | 8856.56 | 330.54 | 1652.72 | 10489.45 | 9898.25
101 | 0.10 | 9269.86 | 14077.21 | 7862.14 | 574.97 | 2874.87 | 10679.51 | 9762.59
118 | 0.08 | 10332.69 | 14713.33 | 9155.62 | 334.22 | 1671.11 | 10800.00 | 10098.09
99 | 0.15 | 8393.22 | 15070.05 | 6132.71 | 952.54 | 4762.71 | 10752.54 | 9582.71
116 | 0.07 | 10231.29 | 16046.83 | 9108.02 | 343.20 | 1716.01 | 10800.00 | 10279.80
113 | 0.11 | 9856.04 | 16463.29 | 8045.08 | 563.38 | 2816.89 | 10800.00 | 10052.57
96 | 0.09 | 9198.92 | 17087.65 | 7661.03 | 521.47 | 2607.34 | 10221.44 | 9662.32
117 | 0.12 | 9933.50 | 17693.84 | 7810.24 | 612.66 | 3063.28 | 10800.00 | 10138.21
114 | 0.07 | 10230.51 | 18330.03 | 8947.41 | 364.69 | 1823.44 | 10745.32 | 10386.45
108 | 0.12 | 9472.20 | 18779.95 | 7218.60 | 675.23 | 3376.15 | 10513.73 | 9989.77
121 | 0.10 | 10349.97 | 19536.17 | 8396.35 | 490.54 | 2452.70 | 10800.00 | 10420.53
Vehicle 3
Charging tour: 
127  -> 122  -> 147  -> 125  -> 123  -> 126  -> 145  -> 133  -> 156  -> 155  -> 142  -> 137  -> 141  -> 140  -> 150  -> 138  -> 129  -> 128  -> 134  -> 148  -> 124  -> 136  -> 153  -> 152  -> 146  -> 144  -> 131  -> 143  -> 135  -> 151  -> 157  -> 139  -> 130  -> 149  -> 132  -> 154  -> 
Charging time: 
432.54149235063943  + 316.9366687169807  + 267.65564930971107  + 316.93648785961744  + 502.594443559376  + 414.76586597042217  + 462.51096832048535  + 495.9271498306366  + 502.38463793563943  + 515.9427723676788  + 576.5049734553705  + 509.8476862954945  + 582.1809684873299  + 619.8521508430483  + 604.266734019301  + 510.05097261220214  + 1072.9517654642693  + 365.55211619930844  + 608.0214518940764  + 698.9806306526049  + 415.18060901682367  + 723.1886587459062  + 703.6316772517924  + 462.52969539873357  + 557.3059975196079  + 367.6266666506098  + 687.3553176374204  + 557.3284967789257  + 509.99875366350506  + 707.2222102852255  + 651.7753541872867  + 651.793322226442  + 766.6487712401168  + 963.2221726560035  + 268.75825475067916  + 887.3227065191932  + 
total node:36/36
-------------------
Traveling energy: 2186.718490492397
Charging energy: 101286.47125336232
Total energy used: 103473.18974385472
-------------------
Total time for travel: 2186.718490492397
Total time for charging: 20257.294250672465
Charging round duration: 22444.01274116486
-------------------
ID | p | E0 | time_arrive | E_remain | time_charge | energy_charge| E_after_charge | E_after_cycle
127 | 0.10 | 8688.59 | 80.48 | 8680.55 | 432.54 | 2162.71 | 10800.00 | 8469.16
122 | 0.06 | 8388.42 | 530.94 | 8356.56 | 316.94 | 1584.68 | 9922.23 | 8543.81
147 | 0.05 | 8277.42 | 964.60 | 8229.19 | 267.66 | 1338.28 | 9554.08 | 8424.62
125 | 0.06 | 8388.42 | 1358.67 | 8306.90 | 316.94 | 1584.68 | 9872.57 | 8543.82
123 | 0.10 | 8509.27 | 1719.87 | 8337.29 | 502.59 | 2512.97 | 10800.00 | 8640.10
126 | 0.08 | 8546.50 | 2271.94 | 8364.74 | 414.77 | 2073.83 | 10405.39 | 8714.61
145 | 0.09 | 8622.27 | 2712.15 | 8378.18 | 462.51 | 2312.55 | 10649.11 | 8790.89
133 | 0.10 | 8688.74 | 3187.85 | 8369.96 | 495.93 | 2479.64 | 10800.00 | 8786.23
156 | 0.12 | 8795.29 | 3724.43 | 8348.36 | 502.38 | 2511.92 | 10800.00 | 8448.64
155 | 0.11 | 8746.32 | 4266.21 | 8277.04 | 515.94 | 2579.71 | 10800.00 | 8705.68
142 | 0.17 | 8849.82 | 4907.86 | 8015.48 | 576.50 | 2882.52 | 10800.00 | 7682.69
137 | 0.10 | 8690.82 | 5584.52 | 8132.37 | 509.85 | 2549.24 | 10630.62 | 8857.91
141 | 0.15 | 8907.49 | 6207.10 | 7976.42 | 582.18 | 2910.90 | 10800.00 | 8245.17
140 | 0.15 | 8822.94 | 6861.47 | 7793.72 | 619.85 | 3099.26 | 10800.00 | 8348.98
150 | 0.13 | 8837.85 | 7543.30 | 7857.22 | 604.27 | 3021.33 | 10800.00 | 8762.39
138 | 0.10 | 8687.36 | 8175.05 | 7869.85 | 510.05 | 2550.25 | 10369.10 | 8855.47
129 | 0.18 | 7214.12 | 8809.73 | 5628.37 | 1072.95 | 5364.76 | 10800.00 | 8291.02
128 | 0.07 | 8484.96 | 9898.05 | 7792.10 | 365.55 | 1827.76 | 9594.27 | 8645.22
134 | 0.12 | 8745.07 | 10299.80 | 7509.10 | 608.02 | 3040.11 | 10476.24 | 8926.61
148 | 0.14 | 8874.91 | 10973.31 | 7338.65 | 698.98 | 3494.90 | 10735.69 | 9034.81
124 | 0.08 | 8537.96 | 11726.01 | 7599.88 | 415.18 | 2075.90 | 9642.57 | 8708.15
136 | 0.14 | 8577.83 | 12161.86 | 6875.17 | 723.19 | 3615.94 | 10389.87 | 8858.77
153 | 0.14 | 8816.25 | 12912.60 | 7008.48 | 703.63 | 3518.16 | 10428.13 | 8999.40
152 | 0.09 | 8621.92 | 13633.89 | 7394.87 | 462.53 | 2312.65 | 9665.89 | 8790.64
146 | 0.11 | 8745.81 | 14124.28 | 7192.14 | 557.31 | 2786.53 | 9917.37 | 8911.98
144 | 0.07 | 8437.08 | 14792.62 | 7401.60 | 367.63 | 1838.13 | 9214.00 | 8607.71
131 | 0.13 | 8380.37 | 15261.36 | 6396.39 | 687.36 | 3436.78 | 9743.81 | 8720.36
143 | 0.11 | 8745.46 | 15958.62 | 6990.01 | 557.33 | 2786.64 | 9715.35 | 8911.74
135 | 0.10 | 8688.25 | 16564.21 | 7031.82 | 510.00 | 2549.99 | 9530.82 | 8856.09
151 | 0.14 | 8771.49 | 17112.77 | 6375.70 | 707.22 | 3536.11 | 9812.80 | 8972.60
157 | 0.13 | 8837.85 | 17840.96 | 6518.52 | 651.78 | 3258.88 | 9692.67 | 8999.94
139 | 0.13 | 8837.61 | 18598.99 | 6419.74 | 651.79 | 3258.97 | 9593.97 | 8999.78
130 | 0.14 | 8091.57 | 19302.83 | 5389.17 | 766.65 | 3833.24 | 9115.09 | 8589.81
149 | 0.20 | 9200.36 | 20075.76 | 5185.21 | 963.22 | 4816.11 | 9808.67 | 9252.18
132 | 0.05 | 8243.46 | 21107.23 | 7188.10 | 268.76 | 1343.79 | 8518.45 | 8396.18
154 | 0.18 | 8988.60 | 21461.51 | 5125.53 | 887.32 | 4436.61 | 9402.42 | 9137.35
Vehicle 4
Charging tour: 
160  -> 163  -> 158  -> 162  -> 177  -> 181  -> 184  -> 159  -> 161  -> 164  -> 182  -> 180  -> 165  -> 189  -> 185  -> 169  -> 175  -> 166  -> 170  -> 183  -> 187  -> 172  -> 179  -> 167  -> 171  -> 188  -> 168  -> 178  -> 174  -> 186  -> 176  -> 173  -> 
Charging time: 
1051.5890239991681  + 415.78895592715355  + 514.4875019110485  + 679.1018191648037  + 233.03404916160846  + 193.07471531467513  + 279.57599853277907  + 993.3892699284148  + 1226.8771488089258  + 867.9521297787475  + 323.31641161525084  + 604.543369550413  + 692.541646094738  + 380.5029471989889  + 452.04419869924766  + 619.8652769487804  + 275.62766658801286  + 609.0887745592921  + 299.83029667019366  + 301.8779342770208  + 357.4145476542293  + 584.235464044162  + 241.68439016053284  + 604.7558613160066  + 1378.8178604844256  + 299.60672791064167  + 600.8982689258248  + 508.7596584503761  + 459.82520598517266  + 338.6927672104199  + 571.1838176540138  + 520.3184030248173  + 
total node:32/32
-------------------
Traveling energy: 2135.576010364361
Charging energy: 87401.51053774943
Total energy used: 89537.08654811379
-------------------
Total time for travel: 2135.576010364361
Total time for charging: 17480.302107549887
Charging round duration: 19615.87811791425
-------------------
ID | p | E0 | time_arrive | E_remain | time_charge | energy_charge| E_after_charge | E_after_cycle
160 | 0.23 | 5820.49 | 159.01 | 5783.92 | 1051.59 | 5257.95 | 10800.00 | 5599.50
163 | 0.10 | 8891.35 | 1287.11 | 8762.63 | 415.79 | 2078.94 | 10800.00 | 8588.14
158 | 0.10 | 8457.21 | 1781.94 | 8279.01 | 514.49 | 2572.44 | 10800.00 | 8647.50
162 | 0.15 | 7853.32 | 2313.11 | 7506.36 | 679.10 | 3395.51 | 10800.00 | 7675.61
177 | 0.06 | 9831.19 | 3039.56 | 9648.81 | 233.03 | 1165.17 | 10800.00 | 9567.07
181 | 0.05 | 10010.16 | 3317.60 | 9844.28 | 193.07 | 965.37 | 10800.00 | 9784.46
184 | 0.06 | 9633.35 | 3574.33 | 9418.89 | 279.58 | 1397.88 | 10800.00 | 9601.95
159 | 0.18 | 6717.63 | 3920.94 | 6011.86 | 993.39 | 4966.95 | 10800.00 | 7396.72
161 | 0.23 | 6104.66 | 5029.83 | 4947.80 | 1226.88 | 6134.39 | 10800.00 | 6760.11
164 | 0.17 | 7695.48 | 6398.19 | 6607.79 | 867.95 | 4339.76 | 10800.00 | 7985.60
182 | 0.08 | 9794.97 | 7321.03 | 9209.28 | 323.32 | 1616.58 | 10800.00 | 9505.83
180 | 0.14 | 8938.99 | 7693.34 | 7861.92 | 604.54 | 3022.72 | 10800.00 | 8626.70
165 | 0.13 | 8511.79 | 8342.05 | 7427.32 | 692.54 | 3462.71 | 10800.00 | 8877.71
189 | 0.13 | 10124.82 | 9060.53 | 8946.95 | 380.50 | 1902.51 | 10800.00 | 8930.54
185 | 0.12 | 9732.48 | 9487.16 | 8594.02 | 452.04 | 2260.22 | 10800.00 | 9134.13
169 | 0.12 | 8982.64 | 10063.16 | 7775.06 | 619.87 | 3099.33 | 10800.00 | 9223.39
175 | 0.06 | 10080.84 | 10707.31 | 9438.40 | 275.63 | 1378.14 | 10800.00 | 10029.69
166 | 0.11 | 8944.23 | 11012.36 | 7732.87 | 609.09 | 3045.44 | 10711.32 | 9369.32
170 | 0.06 | 9910.76 | 11668.90 | 9210.62 | 299.83 | 1499.15 | 10691.78 | 9980.62
183 | 0.06 | 9843.53 | 12052.22 | 9120.40 | 301.88 | 1509.39 | 10611.68 | 9923.63
187 | 0.08 | 10030.64 | 12363.95 | 9041.52 | 357.41 | 1787.07 | 10800.00 | 9911.99
172 | 0.11 | 9324.72 | 12835.73 | 7912.79 | 584.24 | 2921.18 | 10769.70 | 9625.54
179 | 0.05 | 10245.96 | 13474.82 | 9572.21 | 241.68 | 1208.42 | 10768.55 | 10263.30
167 | 0.11 | 9008.32 | 13813.04 | 7488.88 | 604.76 | 3023.78 | 10446.14 | 9411.74
171 | 0.23 | 7559.30 | 14505.47 | 4223.04 | 1378.82 | 6894.09 | 10800.00 | 8974.45
188 | 0.06 | 9918.15 | 15934.64 | 8962.07 | 299.61 | 1498.03 | 10442.13 | 9986.90
168 | 0.11 | 9066.15 | 16263.99 | 7277.11 | 600.90 | 3004.49 | 10215.50 | 9450.28
178 | 0.10 | 9734.61 | 16903.67 | 8044.24 | 508.76 | 2543.80 | 10537.16 | 9896.26
174 | 0.09 | 9693.50 | 17477.73 | 8120.51 | 459.83 | 2299.13 | 10378.25 | 9848.70
186 | 0.07 | 10235.83 | 17949.93 | 8979.34 | 338.69 | 1693.46 | 10649.09 | 10261.79
176 | 0.11 | 9537.79 | 18363.28 | 7517.83 | 571.18 | 2855.92 | 10310.92 | 9773.35
173 | 0.10 | 9518.35 | 18958.33 | 7622.52 | 520.32 | 2601.59 | 10172.08 | 9737.80
Vehicle 5
Charging tour: 
224  -> 225  -> 222  -> 201  -> 213  -> 197  -> 226  -> 228  -> 210  -> 231  -> 221  -> 212  -> 219  -> 209  -> 218  -> 220  -> 204  -> 203  -> 232  -> 230  -> 190  -> 196  -> 211  -> 206  -> 208  -> 227  -> 198  -> 199  -> 223  -> 215  -> 200  -> 217  -> 192  -> 205  -> 191  -> 194  -> 207  -> 216  -> 229  -> 195  -> 193  -> 202  -> 
Charging time: 
400.01626904097924  + 399.22040406809754  + 350.3161068294504  + 302.2683998761139  + 721.3075964691769  + 586.972527882954  + 678.7614804466087  + 719.3867456821563  + 300.6780146797412  + 303.8772040327672  + 679.4381293932939  + 493.9090532132977  + 446.78856404144574  + 446.5133612919884  + 399.9853138350145  + 352.7731407747253  + 446.9891584869084  + 540.508615657455  + 1826.8420460354614  + 550.7930743335016  + 683.0920512580574  + 350.39517196175274  + 257.27918731240015  + 496.2807548975631  + 540.4926750024796  + 633.2955239471228  + 540.5279189822613  + 718.7031029812975  + 446.66092942455424  + 302.4902324018184  + 400.04978071324507  + 352.67082980111707  + 399.7860968809929  + 540.503378695142  + 304.0470963723711  + 633.2982206062123  + 247.72841259004434  + 493.81765438449276  + 256.8869748093493  + 603.8744315371661  + 352.500454292328  + 587.8836398169523  + 
total node:42/43
-------------------
Traveling energy: 2551.951376300734
Charging energy: 105448.04862369929
Total energy used: 108000.00000000001
-------------------
Total time for travel: 2551.951376300734
Total time for charging: 21089.609724739857
Charging round duration: 23641.561101040592
-------------------
ID | p | E0 | time_arrive | E_remain | time_charge | energy_charge| E_after_charge | E_after_cycle
224 | 0.08 | 6851.44 | 46.77 | 6847.70 | 400.02 | 2000.08 | 8815.78 | 6945.81
225 | 0.08 | 6865.10 | 462.90 | 6828.07 | 399.22 | 1996.10 | 8792.23 | 6955.49
222 | 0.07 | 6845.54 | 988.85 | 6776.32 | 350.32 | 1751.58 | 8503.38 | 6929.62
201 | 0.06 | 6800.30 | 1391.77 | 6716.80 | 302.27 | 1511.34 | 8210.00 | 6882.36
213 | 0.15 | 7124.27 | 1761.10 | 6860.11 | 721.31 | 3606.54 | 10358.45 | 7157.59
197 | 0.12 | 7003.79 | 2517.98 | 6701.63 | 586.97 | 2934.86 | 9566.06 | 7080.08
226 | 0.14 | 7066.11 | 3191.27 | 6619.33 | 678.76 | 3393.81 | 9918.12 | 7124.92
228 | 0.15 | 7143.29 | 3997.65 | 6543.65 | 719.39 | 3596.93 | 10032.67 | 7167.01
210 | 0.06 | 6836.27 | 4760.85 | 6550.62 | 300.68 | 1503.39 | 8035.97 | 6910.37
231 | 0.06 | 6764.30 | 5094.72 | 6458.62 | 303.88 | 1519.39 | 7959.77 | 6854.40
221 | 0.14 | 7059.08 | 5448.86 | 6296.24 | 679.44 | 3397.19 | 9598.30 | 7121.26
212 | 0.10 | 6936.22 | 6144.95 | 6321.72 | 493.91 | 2469.55 | 8741.88 | 7023.62
219 | 0.09 | 6900.97 | 6680.20 | 6299.75 | 446.79 | 2233.94 | 8493.48 | 6990.98
209 | 0.09 | 6905.22 | 7202.56 | 6256.99 | 446.51 | 2232.57 | 8449.37 | 6993.86
218 | 0.08 | 6851.97 | 7702.08 | 6235.81 | 399.99 | 1999.93 | 8203.74 | 6946.18
220 | 0.07 | 6797.86 | 8128.68 | 6228.85 | 352.77 | 1763.87 | 7968.02 | 6894.22
204 | 0.09 | 6897.87 | 8499.74 | 6132.90 | 446.99 | 2234.95 | 8327.61 | 6988.89
203 | 0.11 | 6972.04 | 8999.76 | 5982.07 | 540.51 | 2702.54 | 8625.15 | 7054.22
232 | 0.16 | 3000.47 | 9623.98 | 1460.63 | 1826.84 | 9134.21 | 10302.55 | 8323.24
230 | 0.11 | 6841.86 | 11542.49 | 5572.18 | 550.79 | 2753.97 | 8265.56 | 6975.46
190 | 0.14 | 7021.32 | 12101.54 | 5327.10 | 683.09 | 3415.46 | 8646.93 | 7101.77
196 | 0.07 | 6843.99 | 12796.11 | 5948.27 | 350.40 | 1751.98 | 7675.71 | 6928.47
211 | 0.05 | 6657.87 | 13188.81 | 5998.43 | 257.28 | 1286.40 | 7271.96 | 6753.19
206 | 0.10 | 6903.07 | 13483.05 | 5554.76 | 496.28 | 2481.40 | 7986.54 | 7002.33
208 | 0.11 | 6972.24 | 14006.18 | 5431.56 | 540.49 | 2702.46 | 8074.57 | 7054.35
227 | 0.13 | 7032.45 | 14575.52 | 5137.63 | 633.30 | 3166.48 | 8221.78 | 7102.14
198 | 0.11 | 6971.79 | 15271.81 | 5291.89 | 540.53 | 2702.64 | 7935.07 | 7054.07
199 | 0.15 | 7150.09 | 15854.46 | 4771.92 | 718.70 | 3593.52 | 8257.63 | 7170.39
223 | 0.09 | 6902.94 | 16722.12 | 5397.95 | 446.66 | 2233.30 | 7591.06 | 6992.32
215 | 0.06 | 6795.32 | 17225.71 | 5761.77 | 302.49 | 1512.45 | 7256.07 | 6878.48
200 | 0.08 | 6850.87 | 17567.70 | 5445.45 | 400.05 | 2000.25 | 7413.70 | 6945.40
217 | 0.07 | 6799.83 | 18051.33 | 5536.24 | 352.67 | 1763.35 | 7274.91 | 6895.68
192 | 0.08 | 6855.39 | 18504.52 | 5375.03 | 399.79 | 1998.93 | 7341.97 | 6948.60
205 | 0.11 | 6972.11 | 18974.99 | 4884.86 | 540.50 | 2702.52 | 7527.92 | 7054.26
191 | 0.06 | 6760.52 | 19556.47 | 5587.13 | 304.05 | 1520.24 | 7089.12 | 6851.47
194 | 0.13 | 7032.42 | 19975.57 | 4435.60 | 633.30 | 3166.49 | 7519.76 | 7102.12
207 | 0.05 | 6914.55 | 20625.07 | 5883.30 | 247.73 | 1238.64 | 7109.55 | 6962.12
216 | 0.10 | 6937.50 | 20879.33 | 4849.57 | 493.82 | 2469.09 | 7269.27 | 7024.44
229 | 0.05 | 6668.03 | 21506.97 | 5592.68 | 256.89 | 1284.43 | 6864.27 | 6761.39
195 | 0.12 | 6807.76 | 21856.85 | 4184.94 | 603.87 | 3019.37 | 7131.85 | 6968.56
193 | 0.07 | 6803.12 | 22528.72 | 5226.11 | 352.50 | 1762.50 | 6963.94 | 6898.12
202 | 0.12 | 6992.94 | 23028.69 | 4229.49 | 587.88 | 2939.42 | 7098.37 | 7073.78
214 | 0.15 | 7247.67 | 3674.45
Vehicle 6
Charging tour: 
250  -> 252  -> 248  -> 236  -> 255  -> 271  -> 244  -> 264  -> 238  -> 263  -> 234  -> 241  -> 247  -> 240  -> 243  -> 270  -> 272  -> 239  -> 269  -> 268  -> 259  -> 235  -> 261  -> 251  -> 245  -> 242  -> 254  -> 258  -> 260  -> 257  -> 273  -> 253  -> 256  -> 249  -> 237  -> 265  -> 233  -> 266  -> 262  -> 246  -> 267  -> 
Charging time: 
351.1922545802426  + 348.7582836134072  + 425.52387630037435  + 383.00135506800706  + 296.0039300825907  + 333.353041557829  + 386.249859103318  + 350.78511984956197  + 351.0354777569289  + 367.4815447153701  + 398.86444486913456  + 498.9292364069564  + 499.04992652448516  + 350.78882128537776  + 510.44015186057896  + 425.17476216308876  + 445.1549442089202  + 351.34679325471615  + 475.7468692152766  + 447.59692849781544  + 350.26432035507025  + 596.2223486367644  + 495.1378484107514  + 447.5904532018576  + 839.16745307268  + 399.8353005057373  + 398.7780346566072  + 587.4140043082477  + 297.5266935300852  + 737.9349852517272  + 612.0914229273513  + 542.5179823686493  + 602.9795722081491  + 552.4930086590555  + 830.061563504721  + 542.3220063710496  + 296.05891424097507  + 636.9815338527304  + 684.649478156976  + 301.9744896445817  + 778.2669767638774  + 
total node:41/41
-------------------
Traveling energy: 2460.713486700753
Charging energy: 97633.7300577081
Total energy used: 100094.44354440886
-------------------
Total time for travel: 2460.713486700753
Total time for charging: 19526.74601154162
Charging round duration: 21987.459498242373
-------------------
ID | p | E0 | time_arrive | E_remain | time_charge | energy_charge| E_after_charge | E_after_cycle
250 | 0.06 | 8705.39 | 197.00 | 8693.57 | 351.19 | 1755.96 | 10428.46 | 9032.07
252 | 0.06 | 8766.15 | 614.21 | 8729.29 | 348.76 | 1743.79 | 10452.16 | 9080.65
248 | 0.12 | 8841.37 | 982.74 | 8723.44 | 425.52 | 2127.62 | 10800.00 | 8110.42
236 | 0.08 | 9033.70 | 1475.78 | 8915.63 | 383.00 | 1915.01 | 10800.00 | 9042.99
255 | 0.05 | 8607.05 | 1882.60 | 8512.92 | 296.00 | 1480.02 | 9978.14 | 8896.00
271 | 0.12 | 9440.88 | 2230.37 | 9173.24 | 333.35 | 1666.77 | 10800.00 | 8249.07
244 | 0.08 | 9107.46 | 2597.60 | 8899.65 | 386.25 | 1931.25 | 10800.00 | 9132.99
264 | 0.06 | 8715.50 | 3019.58 | 8534.32 | 350.79 | 1753.93 | 10267.20 | 9040.13
238 | 0.06 | 8709.28 | 3508.43 | 8498.77 | 351.04 | 1755.18 | 10232.89 | 9035.17
263 | 0.10 | 9391.42 | 3920.76 | 8999.34 | 367.48 | 1837.41 | 10800.00 | 8846.68
234 | 0.07 | 8942.41 | 4296.03 | 8641.69 | 398.86 | 1994.32 | 10608.09 | 9269.23
241 | 0.10 | 8830.10 | 4748.52 | 8355.25 | 498.93 | 2494.65 | 10800.00 | 8942.60
247 | 0.11 | 8939.32 | 5269.79 | 8359.65 | 499.05 | 2495.25 | 10800.00 | 8814.21
240 | 0.06 | 8715.40 | 5812.71 | 8366.64 | 350.79 | 1753.94 | 10099.54 | 9040.06
243 | 0.10 | 8920.36 | 6215.21 | 8298.84 | 510.44 | 2552.20 | 10800.00 | 9090.42
270 | 0.10 | 9391.51 | 6748.69 | 8716.64 | 425.17 | 2125.87 | 10800.00 | 9135.24
272 | 0.09 | 9263.09 | 7208.88 | 8614.29 | 445.15 | 2225.77 | 10800.00 | 9344.93
239 | 0.06 | 8701.56 | 7714.43 | 8238.70 | 351.35 | 1756.73 | 9974.35 | 9029.01
269 | 0.11 | 9372.44 | 8171.32 | 8473.60 | 475.75 | 2378.73 | 10800.00 | 9130.82
268 | 0.08 | 9107.20 | 8713.33 | 8410.13 | 447.60 | 2237.98 | 10612.31 | 9439.47
259 | 0.06 | 8728.45 | 9168.56 | 8178.34 | 350.26 | 1751.32 | 9908.65 | 9050.49
235 | 0.10 | 8546.21 | 9559.23 | 7590.29 | 596.22 | 2981.11 | 10511.78 | 9145.18
261 | 0.09 | 9261.86 | 10225.84 | 8341.54 | 495.14 | 2475.69 | 10772.67 | 9593.62
251 | 0.08 | 9107.33 | 10771.29 | 8245.63 | 447.59 | 2237.95 | 10447.77 | 9439.57
245 | 0.14 | 8304.55 | 11306.49 | 6721.65 | 839.17 | 4195.84 | 10800.00 | 9165.39
242 | 0.07 | 8920.70 | 12177.36 | 8068.28 | 399.84 | 1999.18 | 10039.47 | 9252.37
254 | 0.07 | 8944.35 | 12615.41 | 8061.27 | 398.78 | 1993.89 | 10027.25 | 9270.74
258 | 0.12 | 9497.53 | 13034.26 | 7933.42 | 587.41 | 2937.07 | 10800.00 | 9576.03
260 | 0.05 | 8563.00 | 13719.18 | 7877.04 | 297.53 | 1487.63 | 9349.80 | 8859.56
257 | 0.14 | 9188.32 | 14104.87 | 7213.64 | 737.93 | 3689.67 | 10800.00 | 9542.99
273 | 0.12 | 9597.81 | 14873.51 | 7812.99 | 612.09 | 3060.46 | 10800.00 | 9799.70
253 | 0.10 | 9392.21 | 15546.10 | 7837.60 | 542.52 | 2712.59 | 10495.94 | 9722.66
256 | 0.11 | 9295.49 | 16184.53 | 7515.19 | 602.98 | 3014.90 | 10463.76 | 9690.02
249 | 0.10 | 9222.64 | 16836.85 | 7538.96 | 552.49 | 2762.47 | 10246.17 | 9602.96
237 | 0.13 | 7980.22 | 17415.78 | 5716.17 | 830.06 | 4150.31 | 9758.57 | 9033.74
265 | 0.10 | 9395.61 | 18341.94 | 7561.41 | 542.32 | 2711.61 | 10218.79 | 9725.07
233 | 0.05 | 8605.46 | 18916.82 | 7659.61 | 296.06 | 1480.29 | 9125.11 | 8894.68
266 | 0.12 | 9599.23 | 19359.45 | 7276.10 | 636.98 | 3184.91 | 10384.57 | 9925.56
262 | 0.13 | 9675.14 | 19999.31 | 7075.23 | 684.65 | 3423.25 | 10409.47 | 10001.59
246 | 0.05 | 8436.88 | 20707.49 | 7401.50 | 301.97 | 1509.87 | 8896.28 | 8755.68
267 | 0.15 | 9820.75 | 21081.67 | 6658.50 | 778.27 | 3891.33 | 10433.10 | 10138.87
Vehicle 7
Charging tour: 
284  -> 300  -> 310  -> 304  -> 311  -> 288  -> 278  -> 292  -> 308  -> 282  -> 289  -> 281  -> 297  -> 286  -> 279  -> 277  -> 296  -> 295  -> 299  -> 274  -> 303  -> 291  -> 306  -> 276  -> 280  -> 293  -> 305  -> 313  -> 298  -> 301  -> 312  -> 275  -> 302  -> 285  -> 309  -> 290  -> 294  -> 287  -> 307  -> 283  -> 
Charging time: 
350.6847787104787  + 334.7882888729545  + 350.71429730397114  + 389.81315963908185  + 398.95952077665726  + 349.70817089336106  + 433.1386068009534  + 473.55069661607484  + 398.0858804823918  + 447.7118593604187  + 399.361019731957  + 447.58010256247144  + 347.2741237677851  + 447.8220132007198  + 565.704642260473  + 300.1150330815053  + 447.7330783758536  + 645.5013469482066  + 447.6086093843072  + 664.0193120576961  + 447.9099285492751  + 543.5411243648558  + 582.854891906849  + 509.84071835196085  + 447.2456085569283  + 350.520093384136  + 398.798575851071  + 752.8361260924873  + 741.2892657204748  + 757.5029296797054  + 638.5705356545443  + 300.06455451808733  + 685.867778268984  + 620.9214415864524  + 735.2358822807519  + 603.1075994711887  + 713.2807501740728  + 349.886653821199  + 686.6707809078669  + 350.6966272392331  + 
total node:40/40
-------------------
Traveling energy: 2773.826604646748
Charging energy: 99282.5820360372
Total energy used: 102056.40864068395
-------------------
Total time for travel: 2773.826604646748
Total time for charging: 19856.51640720744
Charging round duration: 22630.343011854187
-------------------
ID | p | E0 | time_arrive | E_remain | time_charge | energy_charge| E_after_charge | E_after_cycle
284 | 0.06 | 8508.92 | 183.00 | 8497.94 | 350.68 | 1753.42 | 10230.32 | 8833.05
300 | 0.13 | 9251.94 | 633.53 | 9169.58 | 334.79 | 1673.94 | 10800.00 | 7829.09
310 | 0.06 | 8508.20 | 1054.90 | 8444.91 | 350.71 | 1753.57 | 10177.44 | 8832.49
304 | 0.10 | 9034.46 | 1445.44 | 8889.92 | 389.81 | 1949.07 | 10800.00 | 8601.38
311 | 0.07 | 8725.88 | 1884.18 | 8593.99 | 398.96 | 1994.80 | 10560.86 | 9053.17
288 | 0.06 | 8532.68 | 2316.05 | 8393.72 | 349.71 | 1748.54 | 10121.28 | 8851.93
278 | 0.08 | 8886.77 | 2722.69 | 8668.96 | 433.14 | 2165.69 | 10800.00 | 9146.75
292 | 0.13 | 8920.56 | 3282.67 | 8493.81 | 473.55 | 2367.75 | 10800.00 | 8191.52
308 | 0.07 | 8745.03 | 3884.51 | 8473.11 | 398.09 | 1990.43 | 10435.68 | 9067.96
282 | 0.08 | 8886.51 | 4366.91 | 8537.16 | 447.71 | 2238.56 | 10739.90 | 9219.36
289 | 0.07 | 8717.11 | 4863.73 | 8376.65 | 399.36 | 1996.81 | 10345.50 | 9046.41
281 | 0.08 | 8889.13 | 5285.60 | 8466.28 | 447.58 | 2237.90 | 10668.38 | 9221.31
297 | 0.06 | 8592.49 | 5784.71 | 8245.40 | 347.27 | 1736.37 | 9960.94 | 8899.57
286 | 0.08 | 8884.33 | 6201.71 | 8388.19 | 447.82 | 2239.11 | 10591.47 | 9217.72
279 | 0.10 | 8702.13 | 6740.78 | 8028.05 | 565.70 | 2828.52 | 10800.00 | 9148.50
277 | 0.05 | 8285.57 | 7371.95 | 7916.97 | 300.12 | 1500.58 | 9402.54 | 8595.07
296 | 0.08 | 8886.09 | 7721.83 | 8268.35 | 447.73 | 2238.67 | 10471.19 | 9219.04
295 | 0.15 | 8906.82 | 8250.03 | 7669.32 | 645.50 | 3227.51 | 10800.00 | 8561.11
299 | 0.08 | 8888.56 | 9014.01 | 8167.44 | 447.61 | 2238.04 | 10369.68 | 9220.89
274 | 0.11 | 8238.57 | 9561.91 | 7186.76 | 664.02 | 3320.10 | 10433.82 | 8938.31
303 | 0.08 | 8882.58 | 10231.18 | 8064.09 | 447.91 | 2239.55 | 10267.81 | 9216.42
291 | 0.10 | 9149.72 | 10690.26 | 8080.69 | 543.54 | 2717.71 | 10744.04 | 9485.28
306 | 0.13 | 9426.30 | 11267.74 | 7961.50 | 582.85 | 2914.27 | 10800.00 | 9243.79
276 | 0.09 | 8779.06 | 11919.18 | 7706.33 | 509.84 | 2549.20 | 10209.65 | 9184.33
280 | 0.08 | 8895.78 | 12536.65 | 7892.85 | 447.25 | 2236.23 | 10093.29 | 9226.29
293 | 0.06 | 8512.92 | 13024.70 | 7731.43 | 350.52 | 1752.60 | 9463.00 | 8836.23
305 | 0.07 | 8729.40 | 13417.68 | 7790.16 | 398.80 | 1993.99 | 9756.24 | 9055.89
313 | 0.15 | 9227.93 | 13861.20 | 7148.74 | 752.84 | 3764.18 | 10800.00 | 9418.89
298 | 0.14 | 9262.84 | 14753.62 | 7197.33 | 741.29 | 3706.45 | 10800.00 | 9634.28
301 | 0.15 | 9454.92 | 15525.42 | 7126.11 | 757.50 | 3787.51 | 10800.00 | 9669.22
312 | 0.12 | 9345.71 | 16329.00 | 7386.23 | 638.57 | 3192.85 | 10502.46 | 9679.99
275 | 0.05 | 8286.96 | 17011.60 | 7436.38 | 300.06 | 1500.32 | 8921.70 | 8596.21
302 | 0.13 | 9426.34 | 17349.38 | 7170.92 | 685.87 | 3429.34 | 10511.09 | 9758.89
285 | 0.11 | 8810.41 | 18102.60 | 6819.12 | 620.92 | 3104.61 | 9855.43 | 9294.66
309 | 0.14 | 9469.81 | 18736.55 | 6846.69 | 735.24 | 3676.18 | 10419.94 | 9810.99
290 | 0.11 | 9070.64 | 19568.50 | 6918.10 | 603.11 | 3015.54 | 9867.30 | 9465.82
294 | 0.13 | 9064.06 | 20186.05 | 6439.88 | 713.28 | 3566.40 | 9913.55 | 9533.68
287 | 0.06 | 8528.33 | 20987.73 | 7269.06 | 349.89 | 1749.43 | 8997.50 | 8848.47
307 | 0.13 | 9415.31 | 21414.42 | 6631.44 | 686.67 | 3433.35 | 9975.53 | 9751.88
283 | 0.06 | 8508.63 | 22156.36 | 7179.25 | 350.70 | 1753.48 | 8911.69 | 8832.83
Vehicle 8
Charging tour: 
325  -> 316  -> 318  -> 345  -> 339  -> 334  -> 314  -> 322  -> 338  -> 336  -> 343  -> 329  -> 326  -> 331  -> 319  -> 327  -> 317  -> 324  -> 320  -> 330  -> 351  -> 344  -> 342  -> 335  -> 340  -> 323  -> 328  -> 333  -> 315  -> 341  -> 337  -> 352  -> 332  -> 346  -> 348  -> 349  -> 350  -> 347  -> 321  -> 
Charging time: 
299.2429852334847  + 514.5355980303978  + 594.091700609286  + 200.5456938943355  + 212.6531923272368  + 289.6598366082967  + 418.9282563363303  + 273.0271427820574  + 309.4830910066044  + 342.3679023134865  + 316.61484183254197  + 551.0681810009655  + 510.0441646501411  + 343.3863317105641  + 543.8834469175686  + 337.89728915479503  + 706.2446073264223  + 314.0740829368138  + 695.8691682790648  + 401.9829983610335  + 461.32691311196095  + 659.4495580291356  + 531.3861788277578  + 310.3594714940459  + 561.8888450821798  + 569.720887553229  + 623.1280283321884  + 853.6052609443498  + 452.2292689497319  + 360.5455763429338  + 426.6704649807646  + 775.7575238971576  + 307.41655148514053  + 558.3674347074228  + 479.5930714183034  + 367.7730117711016  + 617.8874910842865  + 416.22382836162325  + 316.432308048317  + 
total node:39/39
-------------------
Traveling energy: 2298.971274843093
Charging energy: 89126.81092866529
Total energy used: 91425.78220350838
-------------------
Total time for travel: 2298.971274843093
Total time for charging: 17825.362185733058
Charging round duration: 20124.333460576152
-------------------
ID | p | E0 | time_arrive | E_remain | time_charge | energy_charge| E_after_charge | E_after_cycle
325 | 0.08 | 9338.80 | 138.42 | 9327.72 | 299.24 | 1496.21 | 10800.00 | 8929.30
316 | 0.11 | 8333.88 | 454.17 | 8283.92 | 514.54 | 2572.68 | 10800.00 | 8286.20
318 | 0.13 | 8034.24 | 980.51 | 7906.77 | 594.09 | 2970.46 | 10800.00 | 7907.91
345 | 0.11 | 9994.92 | 1596.24 | 9819.33 | 200.55 | 1002.73 | 10800.00 | 8377.29
339 | 0.08 | 9901.73 | 1849.82 | 9753.75 | 212.65 | 1063.27 | 10800.00 | 9059.28
334 | 0.09 | 9565.75 | 2088.68 | 9377.77 | 289.66 | 1448.30 | 10800.00 | 8870.12
314 | 0.08 | 8933.45 | 2432.21 | 8738.87 | 418.93 | 2094.64 | 10800.00 | 9122.37
322 | 0.06 | 9624.05 | 2880.04 | 9451.25 | 273.03 | 1365.14 | 10800.00 | 9559.90
338 | 0.10 | 9603.40 | 3198.64 | 9283.53 | 309.48 | 1547.42 | 10800.00 | 8768.67
336 | 0.08 | 9407.04 | 3643.60 | 9115.55 | 342.37 | 1711.84 | 10800.00 | 9213.16
343 | 0.08 | 9563.45 | 4015.00 | 9242.25 | 316.61 | 1583.07 | 10800.00 | 9240.81
329 | 0.13 | 8687.10 | 4390.82 | 8116.30 | 551.07 | 2755.34 | 10800.00 | 8345.66
326 | 0.11 | 8860.03 | 5037.69 | 8305.88 | 510.04 | 2550.22 | 10800.00 | 8789.89
331 | 0.08 | 9555.78 | 5565.56 | 9110.54 | 343.39 | 1716.93 | 10800.00 | 9367.00
319 | 0.10 | 8727.55 | 5925.76 | 8134.97 | 543.88 | 2719.42 | 10800.00 | 9064.82
327 | 0.07 | 9592.24 | 6543.88 | 9134.17 | 337.90 | 1689.49 | 10800.00 | 9614.22
317 | 0.12 | 8184.13 | 6921.69 | 7353.53 | 706.24 | 3531.22 | 10800.00 | 8856.78
324 | 0.06 | 9676.90 | 7665.83 | 9216.95 | 314.07 | 1570.37 | 10768.47 | 9817.98
320 | 0.12 | 8370.19 | 8050.25 | 7404.16 | 695.87 | 3479.35 | 10800.00 | 8990.96
330 | 0.08 | 9526.16 | 8798.91 | 8822.24 | 401.98 | 2009.91 | 10800.00 | 9630.36
351 | 0.17 | 10145.07 | 9254.57 | 8571.79 | 461.33 | 2306.63 | 10800.00 | 8402.06
344 | 0.18 | 9382.11 | 9781.43 | 7621.45 | 659.45 | 3297.25 | 10800.00 | 8391.50
342 | 0.13 | 9577.57 | 10503.25 | 8212.15 | 531.39 | 2656.93 | 10800.00 | 9137.71
335 | 0.06 | 9792.72 | 11073.59 | 9128.30 | 310.36 | 1551.80 | 10661.48 | 9915.23
340 | 0.11 | 9311.11 | 11443.19 | 8052.36 | 561.89 | 2809.44 | 10800.00 | 9500.20
323 | 0.10 | 8891.08 | 12131.28 | 7677.96 | 569.72 | 2848.60 | 10469.59 | 9357.54
328 | 0.11 | 8941.95 | 12730.48 | 7541.60 | 623.13 | 3115.64 | 10588.69 | 9437.23
333 | 0.15 | 8671.70 | 13411.25 | 6660.01 | 853.61 | 4268.03 | 10800.00 | 9366.51
315 | 0.08 | 8960.83 | 14325.56 | 7814.78 | 452.23 | 2261.15 | 10039.75 | 9316.26
341 | 0.07 | 9834.56 | 14799.57 | 8798.59 | 360.55 | 1802.73 | 10576.08 | 9969.78
337 | 0.08 | 9497.61 | 15232.55 | 8279.01 | 426.67 | 2133.35 | 10378.22 | 9725.25
352 | 0.16 | 9572.54 | 15795.03 | 7045.33 | 775.76 | 3878.79 | 10800.00 | 9639.89
332 | 0.06 | 9886.46 | 16714.31 | 8883.60 | 307.42 | 1537.08 | 10402.24 | 9994.26
346 | 0.11 | 9946.21 | 17060.24 | 8069.58 | 558.37 | 2791.84 | 10800.00 | 10117.69
348 | 0.10 | 10215.89 | 17658.98 | 8449.99 | 479.59 | 2397.97 | 10800.00 | 10231.71
349 | 0.07 | 9641.29 | 18190.83 | 8367.93 | 367.77 | 1838.87 | 10181.05 | 9812.65
350 | 0.12 | 9837.59 | 18571.87 | 7608.97 | 617.89 | 3089.44 | 10624.26 | 10068.45
347 | 0.08 | 9735.99 | 19229.86 | 8197.60 | 416.22 | 2081.12 | 10245.42 | 9911.39
321 | 0.06 | 9604.78 | 19693.85 | 8423.15 | 316.43 | 1582.16 | 9986.32 | 9757.65
Vehicle 9
Charging tour: 
387  -> 382  -> 362  -> 353  -> 356  -> 359  -> 357  -> 360  -> 376  -> 363  -> 378  -> 392  -> 358  -> 365  -> 361  -> 366  -> 364  -> 373  -> 355  -> 369  -> 386  -> 372  -> 367  -> 377  -> 381  -> 374  -> 380  -> 391  -> 388  -> 370  -> 375  -> 383  -> 379  -> 393  -> 390  -> 389  -> 368  -> 385  -> 354  -> 371  -> 384  -> 
Charging time: 
364.5156037084794  + 460.2089069385325  + 266.1769545928061  + 459.9949111569942  + 648.5496140334756  + 364.2209655625088  + 697.3325521089677  + 460.2155188104943  + 650.3879388196899  + 460.17678839018805  + 555.3899747004795  + 315.681258883841  + 555.3921836333839  + 460.1990283905169  + 650.3278102746026  + 697.8657958645381  + 315.3812803640596  + 364.48331867212977  + 315.2850259154412  + 555.3666206138787  + 740.7557337904888  + 507.84233176375665  + 507.84496787686805  + 507.81863487450295  + 460.22360352328906  + 649.1966087934964  + 697.7902557577902  + 602.8994420007685  + 259.44002108988315  + 507.8147520127176  + 412.11671819338187  + 412.4356249084698  + 650.388334822746  + 316.209105044068  + 650.3223109966673  + 650.3863141784736  + 650.3878904755697  + 602.9000092653049  + 460.1245147783553  + 555.3906845859761  + 697.8659556419335  + 
total node:41/41
-------------------
Traveling energy: 2413.470670952386
Charging energy: 105586.5293290476
Total energy used: 107999.99999999999
-------------------
Total time for travel: 2413.470670952386
Total time for charging: 21117.305865809518
Charging round duration: 23530.776536761903
-------------------
ID | p | E0 | time_arrive | E_remain | time_charge | energy_charge| E_after_charge | E_after_cycle
387 | 0.07 | 6455.74 | 173.24 | 6443.61 | 364.52 | 1822.58 | 8240.67 | 6610.81
382 | 0.09 | 6574.33 | 555.39 | 6524.34 | 460.21 | 2301.04 | 8783.97 | 6731.44
362 | 0.05 | 6314.86 | 1030.40 | 6263.34 | 266.18 | 1330.88 | 7580.91 | 6454.67
353 | 0.09 | 6577.39 | 1353.39 | 6455.58 | 459.99 | 2299.97 | 8714.16 | 6733.43
356 | 0.13 | 6738.51 | 1823.04 | 6501.52 | 648.55 | 3242.75 | 9659.95 | 6884.47
359 | 0.07 | 6460.96 | 2489.71 | 6286.68 | 364.22 | 1821.10 | 8082.29 | 6614.56
357 | 0.14 | 6749.19 | 2936.64 | 6338.07 | 697.33 | 3486.66 | 9727.10 | 6900.85
360 | 0.09 | 6574.23 | 3784.60 | 6233.62 | 460.22 | 2301.08 | 8493.28 | 6731.38
376 | 0.13 | 6719.47 | 4251.56 | 6166.76 | 650.39 | 3251.94 | 9334.15 | 6874.62
363 | 0.09 | 6574.79 | 4918.75 | 6132.10 | 460.18 | 2300.88 | 8391.57 | 6731.74
378 | 0.11 | 6658.23 | 5407.01 | 6063.45 | 555.39 | 2776.95 | 8779.31 | 6814.82
392 | 0.06 | 6389.49 | 6067.24 | 6025.46 | 315.68 | 1578.41 | 7584.92 | 6538.61
358 | 0.11 | 6658.20 | 6445.14 | 5949.23 | 555.39 | 2776.96 | 8665.10 | 6814.80
365 | 0.09 | 6574.47 | 7045.97 | 5940.33 | 460.20 | 2301.00 | 8199.91 | 6731.53
361 | 0.13 | 6720.09 | 7514.95 | 5743.14 | 650.33 | 3251.64 | 8910.24 | 6874.94
366 | 0.14 | 6744.04 | 8215.57 | 5593.86 | 697.87 | 3489.33 | 8985.49 | 6898.36
364 | 0.06 | 6395.57 | 8994.54 | 5855.90 | 315.38 | 1576.91 | 7413.88 | 6543.19
373 | 0.07 | 6456.31 | 9343.98 | 5802.23 | 364.48 | 1822.42 | 7599.13 | 6611.22
355 | 0.06 | 6397.52 | 9721.67 | 5814.22 | 315.29 | 1576.43 | 7371.73 | 6544.66
369 | 0.11 | 6658.51 | 10089.20 | 5548.69 | 555.37 | 2776.83 | 8264.44 | 6814.98
386 | 0.15 | 6807.38 | 10667.16 | 5207.31 | 740.76 | 3703.78 | 8799.97 | 6937.94
372 | 0.10 | 6619.65 | 11421.34 | 5477.52 | 507.84 | 2539.21 | 7965.94 | 6776.72
367 | 0.10 | 6619.61 | 12000.23 | 5419.59 | 507.84 | 2539.22 | 7908.03 | 6776.69
377 | 0.10 | 6619.96 | 12618.54 | 5358.10 | 507.82 | 2539.09 | 7846.42 | 6776.91
381 | 0.09 | 6574.12 | 13155.86 | 5390.09 | 460.22 | 2301.12 | 7649.79 | 6731.31
374 | 0.13 | 6731.80 | 13648.96 | 4957.43 | 649.20 | 3245.98 | 8119.02 | 6880.99
380 | 0.14 | 6744.77 | 14338.50 | 4737.38 | 697.79 | 3488.95 | 8128.64 | 6898.72
391 | 0.12 | 6691.14 | 15097.74 | 4879.41 | 602.90 | 3014.50 | 7821.56 | 6847.06
388 | 0.05 | 6478.83 | 15760.12 | 5690.83 | 259.44 | 1297.20 | 6975.06 | 6584.96
370 | 0.10 | 6620.01 | 16056.50 | 5014.36 | 507.81 | 2539.07 | 7502.65 | 6776.94
375 | 0.08 | 6525.80 | 16610.72 | 5196.94 | 412.12 | 2060.58 | 7224.55 | 6680.67
383 | 0.08 | 6520.75 | 17064.91 | 5155.56 | 412.44 | 2062.18 | 7184.74 | 6677.21
379 | 0.13 | 6719.46 | 17548.68 | 4438.13 | 650.39 | 3251.94 | 7605.52 | 6874.61
393 | 0.06 | 6378.83 | 18271.64 | 5282.53 | 316.21 | 1581.05 | 6844.60 | 6530.58
390 | 0.13 | 6720.14 | 18662.63 | 4294.00 | 650.32 | 3251.61 | 7461.07 | 6874.97
389 | 0.13 | 6719.48 | 19357.00 | 4203.07 | 650.39 | 3251.93 | 7370.45 | 6874.62
368 | 0.13 | 6719.47 | 20023.67 | 4116.39 | 650.39 | 3251.94 | 7283.78 | 6874.62
385 | 0.12 | 6691.14 | 20804.53 | 4194.59 | 602.90 | 3014.50 | 7136.74 | 6847.06
354 | 0.09 | 6575.53 | 21540.73 | 4636.87 | 460.12 | 2300.62 | 6896.08 | 6732.23
371 | 0.11 | 6658.22 | 22039.27 | 4233.90 | 555.39 | 2776.95 | 6949.76 | 6814.81
384 | 0.14 | 6744.04 | 22651.27 | 3572.86 | 697.87 | 3489.33 | 6964.49 | 6898.36
Vehicle 10
Charging tour: 
425  -> 417  -> 420  -> 426  -> 411  -> 423  -> 406  -> 413  -> 397  -> 422  -> 398  -> 414  -> 416  -> 403  -> 412  -> 431  -> 396  -> 427  -> 407  -> 415  -> 421  -> 402  -> 424  -> 432  -> 409  -> 394  -> 405  -> 395  -> 418  -> 419  -> 410  -> 400  -> 408  -> 429  -> 428  -> 399  -> 404  -> 401  -> 430  -> 
Charging time: 
236.941830195401  + 349.73257603856194  + 283.9933176971235  + 413.7346628757608  + 401.44512454043536  + 322.1794571453656  + 362.0334497503921  + 363.6505343481932  + 431.9298583349847  + 413.84275470168734  + 631.8820886352723  + 457.3193990467991  + 444.40217914480553  + 413.87225576496394  + 364.48145297635824  + 439.9231898964717  + 529.6935515647282  + 490.75342521914047  + 413.41450990693744  + 510.06742272393257  + 413.7242119872311  + 313.4029264813456  + 594.6523463236596  + 542.3927372286205  + 562.3401521306565  + 463.41680290769546  + 574.6012619599637  + 364.5574611354538  + 510.94599990818995  + 625.1505697296975  + 763.5686693342254  + 590.2890203984147  + 363.2584354834515  + 726.8552307089096  + 654.9266089953986  + 521.9119067077272  + 364.159308156869  + 659.904013948611  + 796.9990218456127  + 
total node:39/39
-------------------
Traveling energy: 2622.891035969925
Charging energy: 93411.74862939522
Total energy used: 96034.63966536515
-------------------
Total time for travel: 2622.891035969925
Total time for charging: 18682.349725879045
Charging round duration: 21305.24076184897
-------------------
ID | p | E0 | time_arrive | E_remain | time_charge | energy_charge| E_after_charge | E_after_cycle
425 | 0.14 | 9663.97 | 110.73 | 9648.46 | 236.94 | 1184.71 | 10800.00 | 7513.67
417 | 0.09 | 9117.92 | 390.02 | 9082.81 | 349.73 | 1748.66 | 10800.00 | 8722.65
420 | 0.12 | 9510.84 | 806.09 | 9414.11 | 283.99 | 1419.97 | 10800.00 | 8072.24
426 | 0.07 | 8758.75 | 1106.54 | 8681.29 | 413.73 | 2068.67 | 10721.01 | 9159.92
411 | 0.08 | 8952.37 | 1593.49 | 8824.89 | 401.45 | 2007.23 | 10800.00 | 9053.88
423 | 0.12 | 9485.40 | 2146.92 | 9227.76 | 322.18 | 1610.90 | 10800.00 | 8237.72
406 | 0.06 | 8579.63 | 2630.52 | 8421.80 | 362.03 | 1810.17 | 10210.25 | 8960.51
413 | 0.06 | 8541.48 | 3002.89 | 8361.31 | 363.65 | 1818.25 | 10157.74 | 8930.44
397 | 0.08 | 8953.22 | 3478.96 | 8674.91 | 431.93 | 2159.65 | 10800.00 | 9207.15
422 | 0.07 | 8756.46 | 3955.80 | 8479.56 | 413.84 | 2069.21 | 10519.80 | 9158.18
398 | 0.12 | 8241.66 | 4377.06 | 7716.42 | 631.88 | 3159.41 | 10800.00 | 8542.50
414 | 0.08 | 8954.77 | 5059.74 | 8549.99 | 457.32 | 2286.60 | 10800.00 | 9335.65
416 | 0.09 | 9117.26 | 5547.51 | 8617.99 | 444.40 | 2222.01 | 10800.00 | 9195.34
403 | 0.07 | 8755.84 | 6012.93 | 8334.93 | 413.87 | 2069.36 | 10375.33 | 9157.70
412 | 0.06 | 8522.01 | 6485.52 | 8132.88 | 364.48 | 1822.41 | 9933.41 | 8915.13
431 | 0.12 | 9485.38 | 6935.08 | 8653.17 | 439.92 | 2199.62 | 10800.00 | 8826.43
396 | 0.09 | 8795.97 | 7456.30 | 8124.91 | 529.69 | 2648.47 | 10725.70 | 9300.51
427 | 0.16 | 9714.77 | 8062.61 | 8424.75 | 490.75 | 2453.77 | 10800.00 | 8357.11
407 | 0.07 | 8765.53 | 8642.98 | 8160.53 | 413.41 | 2067.07 | 10198.66 | 9165.11
415 | 0.09 | 9118.36 | 9142.09 | 8295.57 | 510.07 | 2550.34 | 10800.00 | 9524.76
421 | 0.07 | 8758.97 | 9699.25 | 8080.03 | 413.72 | 2068.62 | 10119.69 | 9160.09
402 | 0.05 | 8259.11 | 10157.52 | 7751.23 | 313.40 | 1567.01 | 9302.57 | 8635.05
424 | 0.12 | 9158.31 | 10501.77 | 7898.10 | 594.65 | 2973.26 | 10800.00 | 9273.00
432 | 0.10 | 9258.26 | 11159.87 | 8142.28 | 542.39 | 2711.96 | 10800.00 | 9588.08
409 | 0.10 | 9205.92 | 11750.68 | 8030.85 | 562.34 | 2811.70 | 10786.31 | 9635.47
394 | 0.08 | 8936.85 | 12410.78 | 7943.98 | 463.42 | 2317.08 | 10223.99 | 9348.21
405 | 0.10 | 9009.48 | 12956.98 | 7713.78 | 574.60 | 2873.01 | 10529.32 | 9500.34
395 | 0.06 | 8520.23 | 13565.70 | 7706.29 | 364.56 | 1822.79 | 9507.20 | 8913.73
418 | 0.09 | 9118.71 | 13954.65 | 7862.80 | 510.95 | 2554.73 | 10371.54 | 9529.51
419 | 0.12 | 9485.39 | 14467.74 | 7749.27 | 625.15 | 3125.75 | 10800.00 | 9752.57
410 | 0.13 | 8813.76 | 15231.60 | 6833.65 | 763.57 | 3817.84 | 10552.23 | 9534.82
400 | 0.10 | 8770.04 | 16039.14 | 7166.12 | 590.29 | 2951.45 | 10058.54 | 9339.34
408 | 0.06 | 8550.70 | 16676.41 | 7550.11 | 363.26 | 1816.29 | 9344.61 | 8937.70
429 | 0.14 | 9659.94 | 17088.97 | 7267.48 | 726.86 | 3634.28 | 10800.00 | 9959.21
428 | 0.12 | 9485.38 | 17868.64 | 7341.14 | 654.93 | 3274.63 | 10537.18 | 9901.44
399 | 0.09 | 8927.12 | 18543.24 | 7258.23 | 521.91 | 2609.56 | 9820.82 | 9392.75
404 | 0.06 | 8529.55 | 19087.89 | 7384.27 | 364.16 | 1820.80 | 9183.22 | 8921.06
401 | 0.11 | 8629.35 | 19591.92 | 6474.24 | 659.90 | 3299.52 | 9701.17 | 9308.51
430 | 0.15 | 9743.15 | 20368.18 | 6687.93 | 797.00 | 3985.00 | 10553.37 | 10154.93
Vehicle 11
Charging tour: 
465  -> 437  -> 444  -> 459  -> 439  -> 452  -> 434  -> 461  -> 457  -> 433  -> 438  -> 446  -> 441  -> 464  -> 456  -> 449  -> 445  -> 440  -> 453  -> 454  -> 468  -> 455  -> 442  -> 450  -> 436  -> 469  -> 448  -> 463  -> 447  -> 435  -> 458  -> 462  -> 451  -> 460  -> 470  -> 443  -> 467  -> 466  -> 
Charging time: 
133.7987696706618  + 667.710381096767  + 617.5420016775502  + 297.2333946572183  + 460.83073082883703  + 169.59621618297305  + 629.5594618463406  + 177.41346508162377  + 431.0484106786377  + 389.79829787377855  + 415.2239449353154  + 398.94844136113335  + 554.245007718262  + 273.42513229915625  + 296.8290145347269  + 250.5272703863349  + 391.6482036159408  + 787.2932842936343  + 446.5226869662528  + 435.1089279252087  + 465.12775851160393  + 451.05456761708035  + 333.3997528496764  + 630.5675350329798  + 548.6866169948382  + 391.27884071447147  + 450.8011713997998  + 604.4960479919848  + 452.230006517565  + 407.3224663380183  + 521.8982785013862  + 323.300901640215  + 266.57476468273546  + 733.9109939023871  + 317.6622345244719  + 673.8729676406545  + 678.6284386464041  + 258.8192106232514  + 
total node:38/38
-------------------
Traveling energy: 2204.8131267513163
Charging energy: 83669.6779887994
Total energy used: 85874.49111555071
-------------------
Total time for travel: 2204.8131267513163
Total time for charging: 16733.935597759883
Charging round duration: 18938.7487245112
-------------------
ID | p | E0 | time_arrive | E_remain | time_charge | energy_charge| E_after_charge | E_after_cycle
465 | 0.09 | 10148.91 | 65.18 | 10143.05 | 133.80 | 668.99 | 10800.00 | 8673.98
437 | 0.15 | 7597.40 | 238.62 | 7561.60 | 667.71 | 3338.55 | 10800.00 | 7362.73
444 | 0.16 | 7978.67 | 1047.35 | 7811.10 | 617.54 | 3087.71 | 10800.00 | 7254.95
459 | 0.08 | 9474.58 | 1712.08 | 9337.61 | 297.23 | 1486.17 | 10800.00 | 9055.03
439 | 0.10 | 8745.22 | 2032.86 | 8541.93 | 460.83 | 2304.15 | 10800.00 | 8667.22
452 | 0.05 | 10088.78 | 2565.60 | 9960.50 | 169.60 | 847.98 | 10800.00 | 9745.69
434 | 0.12 | 8059.91 | 2768.01 | 7727.75 | 629.56 | 3147.80 | 10800.00 | 8349.13
461 | 0.07 | 10166.38 | 3443.24 | 9925.35 | 177.41 | 887.07 | 10800.00 | 9385.94
457 | 0.14 | 9214.17 | 3636.18 | 8705.10 | 431.05 | 2155.24 | 10800.00 | 8034.41
433 | 0.07 | 9167.62 | 4133.23 | 8878.29 | 389.80 | 1948.99 | 10800.00 | 9449.11
438 | 0.08 | 9119.72 | 4532.82 | 8757.10 | 415.22 | 2076.12 | 10800.00 | 9290.13
446 | 0.09 | 9291.47 | 5003.40 | 8841.16 | 398.95 | 1994.74 | 10800.00 | 9142.28
441 | 0.11 | 8686.48 | 5424.85 | 8089.74 | 554.25 | 2771.23 | 10800.00 | 8837.34
464 | 0.10 | 10062.70 | 6024.82 | 9460.22 | 273.43 | 1367.13 | 10800.00 | 9047.68
456 | 0.08 | 9845.48 | 6323.50 | 9339.60 | 296.83 | 1484.15 | 10800.00 | 9423.91
449 | 0.05 | 9892.19 | 6646.06 | 9559.89 | 250.53 | 1252.64 | 10800.00 | 9953.76
445 | 0.08 | 9428.22 | 6939.09 | 8873.09 | 391.65 | 1958.24 | 10800.00 | 9480.74
440 | 0.14 | 8014.63 | 7434.81 | 6973.75 | 787.29 | 3936.47 | 10800.00 | 8616.09
453 | 0.10 | 9438.53 | 8264.93 | 8612.04 | 446.52 | 2232.61 | 10800.00 | 9289.00
454 | 0.09 | 9457.95 | 8825.94 | 8663.62 | 435.11 | 2175.54 | 10800.00 | 9489.56
468 | 0.16 | 10039.21 | 9315.16 | 8548.78 | 465.13 | 2325.64 | 10800.00 | 8553.41
455 | 0.10 | 9574.11 | 9842.76 | 8589.83 | 451.05 | 2255.27 | 10800.00 | 9447.24
442 | 0.06 | 9664.31 | 10336.59 | 9044.11 | 333.40 | 1667.00 | 10691.11 | 9902.02
450 | 0.12 | 9012.21 | 10744.84 | 7722.83 | 630.57 | 3152.84 | 10800.00 | 9306.47
436 | 0.09 | 8808.52 | 11429.65 | 7779.85 | 548.69 | 2743.43 | 10473.90 | 9408.02
469 | 0.07 | 9607.19 | 11998.14 | 8767.32 | 391.28 | 1956.39 | 10696.33 | 9896.08
448 | 0.08 | 9529.93 | 12417.35 | 8536.54 | 450.80 | 2254.01 | 10754.48 | 9878.22
463 | 0.14 | 9677.27 | 12965.12 | 7862.15 | 604.50 | 3022.48 | 10800.00 | 9364.74
447 | 0.08 | 9499.82 | 13699.30 | 8403.88 | 452.23 | 2261.15 | 10628.85 | 9855.25
435 | 0.07 | 9228.78 | 14263.03 | 8230.37 | 407.32 | 2036.61 | 10238.47 | 9597.89
458 | 0.10 | 9714.38 | 14716.84 | 8242.70 | 521.90 | 2609.49 | 10800.00 | 9941.73
462 | 0.06 | 9966.19 | 15355.15 | 9044.88 | 323.30 | 1616.50 | 10641.99 | 10153.40
451 | 0.05 | 10072.46 | 15737.65 | 9285.58 | 266.57 | 1332.87 | 10605.13 | 10214.26
460 | 0.14 | 9478.09 | 16034.98 | 7233.19 | 733.91 | 3669.55 | 10800.00 | 9812.64
470 | 0.06 | 10143.09 | 16809.59 | 9134.52 | 317.66 | 1588.31 | 10703.77 | 10302.12
443 | 0.11 | 8765.96 | 17162.34 | 6878.10 | 673.87 | 3369.36 | 10173.34 | 9514.96
467 | 0.14 | 10002.16 | 17859.25 | 7501.87 | 678.63 | 3393.14 | 10800.00 | 10060.30
466 | 0.05 | 10374.29 | 18570.69 | 9445.75 | 258.82 | 1294.10 | 10726.91 | 10477.31
Vehicle 12
Charging tour: 
483  -> 477  -> 498  -> 507  -> 485  -> 473  -> 484  -> 505  -> 471  -> 495  -> 494  -> 478  -> 501  -> 506  -> 491  -> 504  -> 486  -> 479  -> 499  -> 475  -> 474  -> 509  -> 503  -> 496  -> 480  -> 492  -> 502  -> 482  -> 497  -> 476  -> 489  -> 472  -> 488  -> 487  -> 500  -> 481  -> 493  -> 490  -> 
Charging time: 
403.92212934619613  + 567.8704079168482  + 568.9913704628372  + 514.3764162699682  + 568.6235405721486  + 514.5815012523204  + 460.69364545152337  + 460.7501927340207  + 460.0396419455795  + 344.8779718955319  + 620.273555782622  + 403.7503420061239  + 567.9120526073262  + 656.8531937883965  + 567.8365521222054  + 568.9913788431517  + 620.2773666017871  + 405.3123104344145  + 347.2140234413843  + 620.26397762809  + 567.815534088736  + 774.3585160397548  + 620.2911061168295  + 567.8533002932338  + 667.693975205016  + 514.7992055108275  + 405.29175874364086  + 723.5265059527612  + 514.7566581099621  + 460.08921195516206  + 723.3845762373505  + 403.29585011024255  + 774.5734104536753  + 723.5258160482364  + 401.5859922565019  + 816.9720721553033  + 773.1401912377397  + 569.471979954045  + 
total node:38/39
-------------------
Traveling energy: 1684.4716375509531
Charging energy: 106229.18615785748
Total energy used: 107913.65779540844
-------------------
Total time for travel: 1684.4716375509531
Total time for charging: 21245.837231571495
Charging round duration: 22930.308869122448
-------------------
ID | p | E0 | time_arrive | E_remain | time_charge | energy_charge| E_after_charge | E_after_cycle
483 | 0.06 | 7043.84 | 133.18 | 7035.85 | 403.92 | 2019.61 | 9031.22 | 7634.16
477 | 0.09 | 7515.35 | 564.74 | 7464.52 | 567.87 | 2839.35 | 10252.76 | 8210.77
498 | 0.09 | 7500.54 | 1160.71 | 7396.08 | 568.99 | 2844.96 | 10189.82 | 8201.57
507 | 0.08 | 7375.05 | 1778.48 | 7232.77 | 514.38 | 2571.88 | 9763.50 | 8041.21
485 | 0.09 | 7505.39 | 2312.92 | 7297.23 | 568.62 | 2843.12 | 10089.17 | 8204.58
473 | 0.08 | 7372.11 | 2959.68 | 7135.33 | 514.58 | 2572.91 | 9667.07 | 8039.30
484 | 0.07 | 7205.13 | 3491.74 | 6960.70 | 460.69 | 2303.47 | 9231.92 | 7841.09
505 | 0.07 | 7204.24 | 3984.83 | 6925.30 | 460.75 | 2303.75 | 9196.80 | 7840.49
471 | 0.07 | 7215.37 | 4515.07 | 6899.31 | 460.04 | 2300.20 | 9167.31 | 7848.06
495 | 0.05 | 6874.80 | 5023.01 | 6623.65 | 344.88 | 1724.39 | 8330.80 | 7408.12
494 | 0.10 | 7644.91 | 5398.15 | 7105.10 | 620.27 | 3101.37 | 10144.44 | 8364.13
478 | 0.06 | 7046.83 | 6057.63 | 6683.38 | 403.75 | 2018.75 | 8677.90 | 7636.30
501 | 0.09 | 7514.80 | 6471.58 | 6932.35 | 567.91 | 2839.56 | 9720.80 | 8210.42
506 | 0.12 | 8441.09 | 7054.48 | 7594.56 | 656.85 | 3284.27 | 10800.00 | 8866.79
491 | 0.09 | 7515.79 | 7816.11 | 6812.34 | 567.84 | 2839.18 | 9600.42 | 8211.05
504 | 0.09 | 7500.54 | 8432.79 | 6741.59 | 568.99 | 2844.96 | 9535.34 | 8201.57
486 | 0.10 | 7644.86 | 9078.98 | 6736.97 | 620.28 | 3101.39 | 9776.33 | 8364.11
479 | 0.06 | 7019.68 | 9724.28 | 6436.22 | 405.31 | 2026.56 | 8438.46 | 7616.95
499 | 0.05 | 6828.55 | 10208.60 | 6318.12 | 347.21 | 1736.07 | 8036.83 | 7373.55
475 | 0.10 | 7645.03 | 10591.13 | 6585.92 | 620.26 | 3101.32 | 9625.21 | 8364.20
474 | 0.09 | 7516.07 | 11257.33 | 6502.91 | 567.82 | 2839.08 | 9290.89 | 8211.22
509 | 0.13 | 7960.81 | 11860.48 | 6418.94 | 774.36 | 3871.79 | 10190.07 | 8735.81
503 | 0.10 | 7644.70 | 12651.04 | 6379.59 | 620.29 | 3101.46 | 9419.02 | 8364.01
496 | 0.09 | 7515.57 | 13295.99 | 6318.93 | 567.85 | 2839.27 | 9107.09 | 8210.91
480 | 0.11 | 7812.16 | 13918.30 | 6281.14 | 667.69 | 3338.47 | 9546.17 | 8530.27
492 | 0.08 | 7368.99 | 14588.99 | 6201.87 | 514.80 | 2574.00 | 8734.68 | 8037.27
502 | 0.06 | 7020.03 | 15160.25 | 6110.42 | 405.29 | 2026.46 | 8112.56 | 7617.21
482 | 0.12 | 7864.71 | 15616.14 | 5990.77 | 723.53 | 3617.63 | 9521.58 | 8623.76
497 | 0.08 | 7369.60 | 16388.52 | 6058.52 | 514.76 | 2573.78 | 8591.12 | 8037.66
476 | 0.07 | 7214.59 | 16913.03 | 6030.68 | 460.09 | 2300.45 | 8298.92 | 7847.54
489 | 0.12 | 7866.25 | 17414.57 | 5776.50 | 723.38 | 3616.92 | 9306.62 | 8624.60
472 | 0.06 | 7054.78 | 18175.92 | 5964.22 | 403.30 | 2016.48 | 7956.50 | 7641.97
488 | 0.13 | 7958.60 | 18607.97 | 5539.56 | 774.57 | 3872.87 | 9311.73 | 8734.67
487 | 0.12 | 7864.71 | 19420.91 | 5534.21 | 723.53 | 3617.63 | 9065.01 | 8623.77
500 | 0.06 | 7084.81 | 20194.97 | 5873.12 | 401.59 | 2007.93 | 7856.95 | 7663.46
481 | 0.14 | 8126.00 | 20616.32 | 5239.71 | 816.97 | 4084.86 | 9210.19 | 8875.85
493 | 0.13 | 7973.35 | 21443.10 | 5185.75 | 773.14 | 3865.70 | 8950.94 | 8742.26
490 | 0.09 | 7494.21 | 22281.17 | 5488.91 | 569.47 | 2847.36 | 8285.01 | 8197.64
508 | 0.17 | 8574.05 | 4524.41
Vehicle 13
Charging tour: 
516  -> 522  -> 526  -> 512  -> 525  -> 517  -> 513  -> 510  -> 530  -> 529  -> 521  -> 511  -> 537  -> 514  -> 534  -> 524  -> 532  -> 528  -> 539  -> 518  -> 523  -> 527  -> 520  -> 533  -> 515  -> 541  -> 538  -> 535  -> 519  -> 531  -> 540  -> 536  -> 
Charging time: 
573.0314947458378  + 328.3543360115481  + 299.4524241024993  + 680.5338811668793  + 556.2393739995258  + 539.8496426533148  + 667.9025516419745  + 673.2112036605179  + 371.7746062160092  + 236.01343501223056  + 281.1333192683326  + 644.8414399331879  + 171.8240874230873  + 571.0776580214178  + 346.6691985701806  + 296.14558597705775  + 335.6715923782943  + 325.77090789397846  + 337.2544652410651  + 629.0062921657499  + 490.48870071317856  + 517.1922042966713  + 531.6664386318588  + 336.60337124902793  + 736.461543210705  + 429.2532942067644  + 331.07042540671284  + 401.7093186546837  + 394.6971925523995  + 445.7398803280373  + 389.22465698318837  + 317.48542095357345  + 
total node:32/32
-------------------
Traveling energy: 1858.9804697848929
Charging energy: 70936.74971634745
Total energy used: 72795.73018613234
-------------------
Total time for travel: 1858.9804697848929
Total time for charging: 14187.34994326949
Charging round duration: 16046.330413054382
-------------------
ID | p | E0 | time_arrive | E_remain | time_charge | energy_charge| E_after_charge | E_after_cycle
516 | 0.14 | 8042.32 | 194.69 | 8015.07 | 573.03 | 2865.16 | 10800.00 | 7572.48
522 | 0.09 | 9264.27 | 849.89 | 9187.78 | 328.35 | 1641.77 | 10800.00 | 8762.11
526 | 0.09 | 9436.74 | 1189.46 | 9329.69 | 299.45 | 1497.26 | 10800.00 | 8790.07
512 | 0.14 | 7711.32 | 1562.23 | 7492.61 | 680.53 | 3402.67 | 10800.00 | 7778.98
525 | 0.15 | 8444.13 | 2279.29 | 8102.24 | 556.24 | 2781.20 | 10800.00 | 7652.11
517 | 0.12 | 8509.14 | 2863.40 | 8165.53 | 539.85 | 2699.25 | 10800.00 | 8349.82
513 | 0.13 | 7999.53 | 3478.59 | 7547.31 | 667.90 | 3339.51 | 10800.00 | 8242.25
510 | 0.12 | 8020.22 | 4212.44 | 7514.73 | 673.21 | 3366.06 | 10800.00 | 8527.70
530 | 0.10 | 9476.19 | 4978.88 | 8978.30 | 371.77 | 1858.87 | 10800.00 | 8952.92
529 | 0.06 | 9962.70 | 5476.71 | 9634.09 | 236.01 | 1180.07 | 10800.00 | 9713.48
521 | 0.06 | 9755.12 | 5732.04 | 9411.20 | 281.13 | 1405.67 | 10800.00 | 9731.50
511 | 0.11 | 8309.27 | 6023.13 | 7646.73 | 644.84 | 3224.21 | 10800.00 | 8913.12
537 | 0.05 | 10286.51 | 6740.82 | 9949.47 | 171.82 | 859.12 | 10800.00 | 9954.56
514 | 0.10 | 8700.11 | 6983.93 | 8001.72 | 571.08 | 2855.39 | 10800.00 | 9173.36
534 | 0.09 | 9782.12 | 7602.97 | 9097.85 | 346.67 | 1733.35 | 10800.00 | 9371.54
524 | 0.06 | 9816.85 | 7996.78 | 9337.04 | 296.15 | 1480.73 | 10800.00 | 9868.29
532 | 0.08 | 9814.83 | 8329.17 | 9148.50 | 335.67 | 1678.36 | 10800.00 | 9587.47
528 | 0.07 | 9803.96 | 8714.41 | 9193.95 | 325.77 | 1628.85 | 10800.00 | 9765.31
539 | 0.09 | 9963.90 | 9109.06 | 9144.08 | 337.25 | 1686.27 | 10800.00 | 9506.24
518 | 0.11 | 8769.45 | 9502.68 | 7724.16 | 629.01 | 3145.03 | 10800.00 | 9294.13
523 | 0.09 | 9304.26 | 10139.55 | 8391.70 | 490.49 | 2452.44 | 10800.00 | 9612.77
527 | 0.10 | 9334.17 | 10684.09 | 8265.76 | 517.19 | 2585.96 | 10800.00 | 9537.98
520 | 0.09 | 9205.07 | 11283.87 | 8189.52 | 531.67 | 2658.33 | 10800.00 | 9719.47
533 | 0.07 | 9970.87 | 11861.76 | 9140.55 | 336.60 | 1683.02 | 10800.00 | 9986.38
515 | 0.11 | 8543.64 | 12226.67 | 7198.70 | 736.46 | 3682.31 | 10800.00 | 9605.58
541 | 0.10 | 9996.53 | 12998.68 | 8696.66 | 429.25 | 2146.27 | 10800.00 | 9760.65
538 | 0.07 | 10109.21 | 13448.32 | 9167.82 | 331.07 | 1655.35 | 10800.00 | 10097.06
535 | 0.08 | 9928.66 | 13813.42 | 8823.59 | 401.71 | 2008.55 | 10800.00 | 10031.49
519 | 0.06 | 9704.03 | 14230.62 | 8850.20 | 394.70 | 1973.49 | 10800.00 | 10248.23
531 | 0.08 | 9782.86 | 14698.70 | 8606.96 | 445.74 | 2228.70 | 10800.00 | 10105.84
540 | 0.08 | 10097.85 | 15160.48 | 8885.01 | 389.22 | 1946.12 | 10800.00 | 10138.26
536 | 0.06 | 10165.69 | 15567.82 | 9231.62 | 317.49 | 1587.43 | 10800.00 | 10323.83
Vehicle 14
Charging tour: 
574  -> 548  -> 550  -> 546  -> 562  -> 558  -> 543  -> 552  -> 545  -> 555  -> 561  -> 565  -> 542  -> 577  -> 568  -> 556  -> 576  -> 567  -> 554  -> 571  -> 551  -> 560  -> 570  -> 549  -> 559  -> 563  -> 579  -> 564  -> 578  -> 569  -> 544  -> 572  -> 553  -> 580  -> 573  -> 566  -> 575  -> 557  -> 581  -> 547  -> 
Charging time: 
205.99014584983848  + 254.51339930241667  + 251.07992496349934  + 271.0789097473938  + 290.03376527109134  + 623.4950992449237  + 771.1582205843697  + 585.3165063733704  + 729.7032600549076  + 253.20236194881463  + 279.42971649307884  + 244.56740945293822  + 708.2044265850799  + 344.8210876667562  + 467.8217532077775  + 440.96786504182825  + 256.31466359761885  + 364.33046666669213  + 368.731183387639  + 364.0042185654843  + 313.6749367834314  + 309.61678018433867  + 479.5600298350814  + 257.17073748313203  + 365.41881874254483  + 652.4173776426463  + 523.0805088230616  + 833.200351699636  + 571.2984402413807  + 528.7270572217559  + 446.03485945909586  + 350.6686719430196  + 700.9400421571593  + 593.9453514151477  + 663.8693604009887  + 584.2901159932434  + 724.6224589703158  + 365.50617782189937  + 462.84676612245136  + 441.33502426976156  + 
total node:40/40
-------------------
Traveling energy: 2216.0152982251584
Charging energy: 91214.94125607805
Total energy used: 93430.95655430321
-------------------
Total time for travel: 2216.0152982251584
Total time for charging: 18242.98825121561
Charging round duration: 20459.00354944077
-------------------
ID | p | E0 | time_arrive | E_remain | time_charge | energy_charge| E_after_charge | E_after_cycle
574 | 0.08 | 9797.55 | 137.76 | 9786.53 | 205.99 | 1029.95 | 10800.00 | 8921.78
548 | 0.06 | 9566.90 | 403.20 | 9542.70 | 254.51 | 1272.57 | 10800.00 | 9410.18
550 | 0.06 | 9605.58 | 765.22 | 9559.67 | 251.08 | 1255.40 | 10800.00 | 9431.69
546 | 0.06 | 9523.66 | 1046.56 | 9460.87 | 271.08 | 1355.39 | 10800.00 | 9449.77
562 | 0.09 | 9497.33 | 1348.85 | 9375.93 | 290.03 | 1450.17 | 10800.00 | 8803.57
558 | 0.17 | 8073.42 | 1675.89 | 7788.52 | 623.50 | 3117.48 | 10800.00 | 7141.25
543 | 0.15 | 7407.17 | 2315.23 | 7059.88 | 771.16 | 3855.79 | 10800.00 | 7689.74
552 | 0.13 | 8352.49 | 3099.87 | 7949.51 | 585.32 | 2926.58 | 10800.00 | 8182.28
545 | 0.14 | 7777.97 | 3745.18 | 7253.64 | 729.70 | 3648.52 | 10800.00 | 8091.48
555 | 0.05 | 9773.94 | 4545.89 | 9546.65 | 253.20 | 1266.01 | 10800.00 | 9848.88
561 | 0.07 | 9761.00 | 4836.93 | 9422.41 | 279.43 | 1397.15 | 10800.00 | 9490.64
565 | 0.05 | 9849.32 | 5198.62 | 9589.39 | 244.57 | 1222.84 | 10800.00 | 9881.09
542 | 0.12 | 7999.75 | 5464.92 | 7343.96 | 708.20 | 3541.02 | 10800.00 | 8682.20
577 | 0.07 | 9534.74 | 6210.06 | 9100.03 | 344.82 | 1724.11 | 10800.00 | 9591.34
568 | 0.13 | 9377.57 | 6583.52 | 8521.71 | 467.82 | 2339.11 | 10800.00 | 8619.89
556 | 0.09 | 9272.35 | 7083.36 | 8634.85 | 440.97 | 2204.84 | 10800.00 | 9333.26
576 | 0.05 | 9817.14 | 7548.91 | 9439.69 | 256.31 | 1281.57 | 10708.45 | 9907.64
567 | 0.07 | 9552.18 | 7833.28 | 9003.85 | 364.33 | 1821.65 | 10800.00 | 9706.33
554 | 0.07 | 9553.81 | 8304.74 | 8972.48 | 368.73 | 1843.66 | 10790.32 | 9729.96
571 | 0.10 | 9885.94 | 8695.56 | 9016.38 | 364.00 | 1820.02 | 10800.00 | 9323.81
551 | 0.06 | 9626.31 | 9092.11 | 9080.78 | 313.67 | 1568.37 | 10630.34 | 9765.40
560 | 0.06 | 9752.48 | 9437.81 | 9186.21 | 309.62 | 1548.08 | 10715.72 | 9871.28
570 | 0.12 | 9636.62 | 9807.29 | 8459.75 | 479.56 | 2397.80 | 10800.00 | 9175.85
549 | 0.05 | 9784.46 | 10344.20 | 9267.25 | 257.17 | 1285.85 | 10540.25 | 9879.24
559 | 0.07 | 9640.41 | 10628.98 | 8896.38 | 365.42 | 1827.09 | 10697.90 | 9800.00
563 | 0.12 | 8942.51 | 11052.54 | 7616.20 | 652.42 | 3262.09 | 10800.00 | 9346.02
579 | 0.15 | 10025.16 | 11747.32 | 8263.06 | 523.08 | 2615.40 | 10800.00 | 9067.34
564 | 0.16 | 8733.73 | 12290.13 | 6767.31 | 833.20 | 4166.00 | 10800.00 | 9088.30
578 | 0.15 | 10003.83 | 13164.16 | 8029.20 | 571.30 | 2856.49 | 10800.00 | 9287.10
569 | 0.10 | 9518.25 | 13754.27 | 8142.82 | 528.73 | 2643.64 | 10733.58 | 9779.73
544 | 0.08 | 9026.30 | 14344.32 | 7878.75 | 446.03 | 2230.17 | 10073.24 | 9350.75
572 | 0.07 | 10045.91 | 14921.33 | 9001.42 | 350.67 | 1753.34 | 10730.22 | 10131.76
553 | 0.12 | 8615.66 | 15315.65 | 6777.79 | 700.94 | 3504.70 | 10198.37 | 9261.79
580 | 0.12 | 9839.46 | 16149.27 | 7901.55 | 593.95 | 2969.73 | 10800.00 | 9950.61
573 | 0.13 | 9755.57 | 16835.49 | 7566.96 | 663.87 | 3319.35 | 10800.00 | 9978.13
566 | 0.11 | 9474.42 | 17552.47 | 7543.65 | 584.29 | 2921.45 | 10400.83 | 9775.51
575 | 0.14 | 9723.10 | 18166.68 | 7179.76 | 724.62 | 3623.11 | 10701.43 | 10011.21
557 | 0.07 | 9638.11 | 18937.63 | 8312.47 | 365.51 | 1827.53 | 10114.42 | 9798.14
581 | 0.09 | 9785.74 | 19317.39 | 8047.18 | 462.85 | 2314.23 | 10319.75 | 9956.04
547 | 0.08 | 9122.42 | 19829.38 | 7536.07 | 441.34 | 2206.68 | 9707.44 | 9423.38
Vehicle 15
Charging tour: 
590  -> 617  -> 610  -> 582  -> 604  -> 615  -> 592  -> 613  -> 616  -> 593  -> 596  -> 586  -> 591  -> 618  -> 597  -> 602  -> 594  -> 600  -> 612  -> 608  -> 599  -> 614  -> 598  -> 589  -> 584  -> 606  -> 601  -> 603  -> 619  -> 611  -> 620  -> 588  -> 585  -> 609  -> 587  -> 605  -> 583  -> 607  -> 595  -> 
Charging time: 
488.32321209333213  + 488.324554060433  + 488.31193789657226  + 387.9542863922457  + 685.5407679551085  + 587.3822451288038  + 587.384633209532  + 438.3434794529867  + 387.42120888284404  + 438.2726688336644  + 636.2297506645396  + 685.5405947196189  + 684.7777757555231  + 438.37254102334856  + 587.3900228643881  + 488.300039392836  + 537.9586885345938  + 437.9044819278767  + 635.9980606411303  + 636.568444170916  + 685.4763342988748  + 734.3050340253462  + 780.4777667011393  + 335.2345197036256  + 587.3819737501952  + 537.9507451230088  + 684.6324325209858  + 537.9795523022881  + 488.22682868422095  + 387.4274037468552  + 488.29233990032606  + 587.0415519574906  + 333.93833309878136  + 587.3964205370253  + 685.5409455450839  + 438.31377034338203  + 488.3118678391337  + 335.6144576967288  + 763.6424229320315  + 
total node:39/40
-------------------
Traveling energy: 1932.579528465919
Charging energy: 106067.42047153406
Total energy used: 107999.99999999999
-------------------
Total time for travel: 1932.579528465919
Total time for charging: 21213.484094306812
Charging round duration: 23146.06362277273
-------------------
ID | p | E0 | time_arrive | E_remain | time_charge | energy_charge| E_after_charge | E_after_cycle
590 | 0.09 | 6388.12 | 51.16 | 6383.51 | 488.32 | 2441.62 | 8781.18 | 6685.80
617 | 0.09 | 6388.10 | 580.44 | 6335.86 | 488.32 | 2441.62 | 8733.53 | 6685.79
610 | 0.09 | 6388.26 | 1121.83 | 6287.30 | 488.31 | 2441.56 | 8684.91 | 6685.89
582 | 0.07 | 6253.96 | 1632.81 | 6139.66 | 387.95 | 1939.77 | 8052.28 | 6526.23
604 | 0.13 | 6572.76 | 2026.70 | 6309.29 | 685.54 | 3427.70 | 9647.87 | 6903.67
615 | 0.11 | 6490.97 | 2739.01 | 6189.68 | 587.38 | 2936.91 | 9061.98 | 6807.52
592 | 0.11 | 6490.94 | 3342.21 | 6123.30 | 587.38 | 2936.92 | 8995.61 | 6807.51
613 | 0.08 | 6325.77 | 3976.82 | 6007.62 | 438.34 | 2191.72 | 8164.27 | 6611.77
616 | 0.07 | 6262.57 | 4486.85 | 5948.49 | 387.42 | 1937.11 | 7858.47 | 6532.17
593 | 0.08 | 6326.79 | 4966.70 | 5929.45 | 438.27 | 2191.36 | 8085.75 | 6612.43
596 | 0.12 | 6537.40 | 5411.39 | 5888.03 | 636.23 | 3181.15 | 8992.83 | 6859.97
586 | 0.13 | 6572.76 | 6138.01 | 5774.82 | 685.54 | 3427.70 | 9113.40 | 6903.67
591 | 0.13 | 6580.08 | 6838.95 | 5691.02 | 684.78 | 3423.89 | 9025.89 | 6907.18
618 | 0.08 | 6325.35 | 7581.89 | 5718.79 | 438.37 | 2191.86 | 7875.59 | 6611.49
597 | 0.11 | 6490.88 | 8041.38 | 5606.33 | 587.39 | 2936.95 | 8478.67 | 6807.47
602 | 0.09 | 6388.42 | 8729.45 | 5602.77 | 488.30 | 2441.50 | 8000.32 | 6685.99
594 | 0.10 | 6443.01 | 9318.61 | 5511.15 | 537.96 | 2689.79 | 8147.14 | 6750.66
600 | 0.08 | 6332.11 | 9889.99 | 5540.91 | 437.90 | 2189.52 | 7695.40 | 6615.91
612 | 0.12 | 6539.78 | 10376.71 | 5294.57 | 636.00 | 3179.99 | 8398.24 | 6861.19
608 | 0.12 | 6533.92 | 11019.39 | 5211.59 | 636.57 | 3182.84 | 8318.05 | 6858.19
599 | 0.13 | 6573.38 | 11709.17 | 5051.18 | 685.48 | 3427.38 | 8389.45 | 6903.97
614 | 0.14 | 6608.29 | 12430.69 | 4867.99 | 734.31 | 3671.53 | 8436.72 | 6944.81
598 | 0.15 | 6661.44 | 13207.08 | 4680.38 | 780.48 | 3902.39 | 8465.70 | 6990.61
589 | 0.06 | 6203.55 | 14039.94 | 5361.15 | 335.23 | 1676.17 | 7017.21 | 6450.43
584 | 0.11 | 6490.97 | 14448.10 | 4901.68 | 587.38 | 2936.91 | 7773.98 | 6807.52
606 | 0.10 | 6443.10 | 15040.41 | 4939.06 | 537.95 | 2689.75 | 7575.02 | 6750.71
601 | 0.13 | 6581.48 | 15651.71 | 4546.76 | 684.63 | 3423.16 | 7880.92 | 6907.85
603 | 0.10 | 6442.76 | 16496.10 | 4793.15 | 537.98 | 2689.90 | 7429.25 | 6750.51
619 | 0.09 | 6389.38 | 17107.52 | 4849.70 | 488.23 | 2441.13 | 7246.89 | 6686.58
611 | 0.07 | 6262.47 | 17644.89 | 5027.32 | 387.43 | 1937.14 | 6937.34 | 6532.10
620 | 0.09 | 6388.52 | 18054.93 | 4763.58 | 488.29 | 2441.46 | 7161.09 | 6686.05
588 | 0.11 | 6494.74 | 18610.20 | 4447.61 | 587.04 | 2935.21 | 7318.25 | 6809.58
585 | 0.06 | 6227.63 | 19224.53 | 5074.16 | 333.94 | 1669.69 | 6723.81 | 6468.03
609 | 0.11 | 6490.81 | 19566.74 | 4338.47 | 587.40 | 2936.98 | 7210.84 | 6807.43
587 | 0.13 | 6572.76 | 20188.63 | 3948.24 | 685.54 | 3427.70 | 7286.82 | 6903.67
605 | 0.08 | 6326.19 | 20897.17 | 4654.42 | 438.31 | 2191.57 | 6810.92 | 6612.05
583 | 0.09 | 6388.26 | 21350.73 | 4466.70 | 488.31 | 2441.56 | 6864.31 | 6685.89
607 | 0.06 | 6196.53 | 21924.48 | 4881.06 | 335.61 | 1678.07 | 6538.99 | 6445.31
595 | 0.15 | 6808.30 | 22287.59 | 3465.16 | 763.64 | 3818.21 | 7168.83 | 7053.30
[91m621 | 0.24 | 654.67 | -5062.48[00m
Vehicle 16
Charging tour: 
626  -> 629  -> 628  -> 622  -> 624  -> 625  -> 633  -> 627  -> 630  -> 635  -> 631  -> 632  -> 639  -> 637  -> 646  -> 638  -> 640  -> 623  -> 643  -> 641  -> 636  -> 644  -> 642  -> 645  -> 648  -> 634  -> 647  -> 
Charging time: 
437.84893864703025  + 454.86634767917275  + 261.36687029132884  + 716.1918723622251  + 251.60835700911574  + 553.5290888054977  + 419.9287453962338  + 703.1135739348409  + 623.8020291498663  + 352.33819622472816  + 583.4593458017482  + 389.44409075454126  + 468.08611020790624  + 505.2870758798738  + 190.8101683600255  + 511.78753599847863  + 360.8290212257861  + 580.8561800922306  + 401.37089335817507  + 377.2823707233658  + 591.2718917023338  + 373.3847492424539  + 444.67295313609475  + 285.2750353761849  + 278.6035574490958  + 419.6164364248964  + 243.62575700305854  + 
total node:27/27
-------------------
Traveling energy: 1808.0051522286274
Charging energy: 58901.28596118145
Total energy used: 60709.29111341008
-------------------
Total time for travel: 1808.0051522286274
Total time for charging: 11780.25719223629
Charging round duration: 13588.262344464916
-------------------
ID | p | E0 | time_arrive | E_remain | time_charge | energy_charge| E_after_charge | E_after_cycle
626 | 0.10 | 8671.97 | 174.33 | 8654.54 | 437.85 | 2189.24 | 10800.00 | 8479.07
629 | 0.11 | 8657.56 | 744.16 | 8575.70 | 454.87 | 2274.33 | 10800.00 | 8311.53
628 | 0.06 | 9588.92 | 1334.51 | 9508.85 | 261.37 | 1306.83 | 10800.00 | 9466.47
622 | 0.14 | 7552.64 | 1666.68 | 7319.31 | 716.19 | 3580.96 | 10800.00 | 7798.60
624 | 0.05 | 9676.92 | 2447.59 | 9554.54 | 251.61 | 1258.04 | 10800.00 | 9743.89
625 | 0.11 | 8402.19 | 2808.57 | 8093.24 | 553.53 | 2767.65 | 10800.00 | 8549.47
633 | 0.10 | 9082.90 | 3405.48 | 8742.35 | 419.93 | 2099.64 | 10800.00 | 8800.40
627 | 0.14 | 7924.29 | 3867.27 | 7382.87 | 703.11 | 3515.57 | 10800.00 | 8104.85
630 | 0.13 | 8361.58 | 4611.54 | 7762.08 | 623.80 | 3119.01 | 10800.00 | 8383.80
635 | 0.08 | 9491.48 | 5312.26 | 9066.50 | 352.34 | 1761.69 | 10800.00 | 9347.45
631 | 0.12 | 8634.29 | 5679.80 | 7952.72 | 583.46 | 2917.30 | 10800.00 | 8693.02
632 | 0.08 | 9385.84 | 6273.82 | 8883.94 | 389.44 | 1947.22 | 10800.00 | 9427.35
639 | 0.11 | 9245.77 | 6679.18 | 8511.06 | 468.09 | 2340.43 | 10800.00 | 8965.84
637 | 0.11 | 9120.27 | 7192.08 | 8329.15 | 505.29 | 2526.44 | 10800.00 | 9026.35
646 | 0.05 | 10241.51 | 7720.42 | 9855.49 | 190.81 | 954.05 | 10800.00 | 10004.49
638 | 0.11 | 9173.86 | 7968.18 | 8297.36 | 511.79 | 2558.94 | 10800.00 | 9112.44
640 | 0.08 | 9712.08 | 8592.03 | 9024.72 | 360.83 | 1804.15 | 10800.00 | 9610.51
623 | 0.09 | 8755.71 | 8974.61 | 7948.00 | 580.86 | 2904.28 | 10800.00 | 9516.06
643 | 0.09 | 9695.40 | 9623.72 | 8829.27 | 401.37 | 2006.85 | 10800.00 | 9558.33
641 | 0.08 | 9748.72 | 10061.89 | 8943.77 | 377.28 | 1886.41 | 10800.00 | 9729.42
636 | 0.11 | 9063.26 | 10496.21 | 7908.68 | 591.27 | 2956.36 | 10800.00 | 9399.26
644 | 0.08 | 9854.76 | 11147.71 | 8962.95 | 373.38 | 1866.92 | 10800.00 | 9815.97
642 | 0.09 | 9655.73 | 11545.31 | 8616.66 | 444.67 | 2223.36 | 10800.00 | 9735.17
645 | 0.06 | 10113.14 | 12040.05 | 9390.74 | 285.28 | 1426.38 | 10800.00 | 10110.23
648 | 0.06 | 10167.30 | 12393.34 | 9423.70 | 278.60 | 1393.02 | 10800.00 | 10131.03
634 | 0.07 | 9623.89 | 12751.37 | 8731.29 | 419.62 | 2098.08 | 10800.00 | 10054.47
647 | 0.05 | 10255.41 | 13227.21 | 9594.05 | 243.63 | 1218.13 | 10800.00 | 10282.47
Vehicle 17
Charging tour: 
683  -> 652  -> 663  -> 654  -> 651  -> 671  -> 669  -> 678  -> 668  -> 659  -> 666  -> 667  -> 680  -> 655  -> 672  -> 656  -> 665  -> 675  -> 664  -> 673  -> 682  -> 660  -> 686  -> 676  -> 658  -> 679  -> 670  -> 674  -> 653  -> 681  -> 662  -> 685  -> 657  -> 650  -> 661  -> 649  -> 677  -> 684  -> 
Charging time: 
418.83158918783437  + 687.995553273053  + 418.80521830690014  + 516.6959465790052  + 662.9408959535914  + 516.7013523296154  + 662.9363420110828  + 417.80710659788593  + 368.36224043980684  + 759.740593532235  + 614.3974695305787  + 265.5646467371772  + 417.710140246088  + 468.61190364348954  + 711.3991247370557  + 614.3875182385387  + 418.58739307682083  + 614.3610602548175  + 614.3550953941426  + 269.5300278590245  + 808.0251740338081  + 516.9193269048517  + 852.8198483592685  + 261.1896509053365  + 614.3890498574426  + 614.3752617828644  + 516.8742960585074  + 367.65898405455  + 368.53266109676014  + 366.7511997533402  + 662.9349681610262  + 834.7198512723434  + 711.3965555765905  + 264.404344949151  + 897.2444155696576  + 565.6746990025988  + 808.0362577997175  + 711.3933201336355  + 
total node:38/38
-------------------
Traveling energy: 1967.673491408496
Charging energy: 105915.30541600099
Total energy used: 107882.97890740949
-------------------
Total time for travel: 1967.673491408496
Total time for charging: 21183.0610832002
Charging round duration: 23150.734574608694
-------------------
ID | p | E0 | time_arrive | E_remain | time_charge | energy_charge| E_after_charge | E_after_cycle
683 | 0.08 | 7308.70 | 77.55 | 7302.50 | 418.83 | 2094.16 | 9363.15 | 7497.14
652 | 0.14 | 7530.16 | 527.25 | 7456.34 | 688.00 | 3439.98 | 10800.00 | 7635.13
663 | 0.08 | 7309.16 | 1285.05 | 7206.36 | 418.81 | 2094.03 | 9266.88 | 7497.47
654 | 0.10 | 7405.50 | 1779.56 | 7227.55 | 516.70 | 2583.48 | 9759.36 | 7606.84
651 | 0.13 | 7503.40 | 2326.87 | 7200.91 | 662.94 | 3314.70 | 10429.43 | 7721.32
671 | 0.10 | 7405.43 | 3008.44 | 7104.58 | 516.70 | 2583.51 | 9636.42 | 7606.79
669 | 0.13 | 7503.45 | 3577.03 | 7038.44 | 662.94 | 3314.68 | 10266.94 | 7721.35
678 | 0.08 | 7326.62 | 4250.66 | 6986.57 | 417.81 | 2089.04 | 9042.18 | 7509.94
668 | 0.07 | 7271.31 | 4679.46 | 6943.75 | 368.36 | 1841.81 | 8759.77 | 7445.62
659 | 0.15 | 7554.67 | 5108.70 | 6788.37 | 759.74 | 3798.70 | 10473.11 | 7780.16
666 | 0.12 | 7473.46 | 5879.49 | 6767.92 | 614.40 | 3071.99 | 9766.18 | 7686.87
667 | 0.05 | 7204.26 | 6536.07 | 6877.46 | 265.56 | 1327.82 | 8192.00 | 7341.01
680 | 0.08 | 7328.32 | 6933.55 | 6773.64 | 417.71 | 2088.55 | 8828.77 | 7511.16
655 | 0.09 | 7348.84 | 7384.06 | 6684.28 | 468.61 | 2343.06 | 8985.16 | 7547.97
672 | 0.14 | 7530.16 | 7887.11 | 6425.97 | 711.40 | 3557.00 | 9883.37 | 7752.16
656 | 0.12 | 7473.58 | 8642.74 | 6436.45 | 614.39 | 3071.94 | 9434.66 | 7686.94
665 | 0.08 | 7312.97 | 9284.32 | 6570.22 | 418.59 | 2092.94 | 8629.67 | 7500.19
675 | 0.12 | 7473.90 | 9708.10 | 6308.93 | 614.36 | 3071.81 | 9307.01 | 7687.13
664 | 0.12 | 7473.97 | 10361.60 | 6230.58 | 614.36 | 3071.78 | 9228.63 | 7687.17
673 | 0.05 | 7098.27 | 11132.80 | 6541.63 | 269.53 | 1347.65 | 7875.80 | 7254.85
682 | 0.16 | 7576.78 | 11495.67 | 5737.47 | 808.03 | 4040.13 | 9648.32 | 7805.47
660 | 0.10 | 7402.30 | 12371.87 | 6165.12 | 516.92 | 2584.60 | 8698.02 | 7604.76
686 | 0.17 | 7627.48 | 12942.98 | 5427.18 | 852.82 | 4264.10 | 9546.30 | 7841.94
676 | 0.05 | 7324.93 | 13814.21 | 6634.22 | 261.19 | 1305.95 | 7927.11 | 7439.81
658 | 0.12 | 7473.56 | 14089.86 | 5782.78 | 614.39 | 3071.95 | 8780.99 | 7686.93
679 | 0.12 | 7473.73 | 14738.10 | 5705.15 | 614.38 | 3071.88 | 8703.31 | 7687.03
670 | 0.10 | 7402.95 | 15393.72 | 5863.58 | 516.87 | 2584.37 | 8396.26 | 7605.17
674 | 0.07 | 7285.22 | 15920.74 | 6170.77 | 367.66 | 1838.29 | 7983.32 | 7456.01
653 | 0.07 | 7267.95 | 16330.72 | 6124.80 | 368.53 | 1842.66 | 7941.66 | 7443.11
681 | 0.07 | 7303.25 | 16727.46 | 6132.33 | 366.75 | 1833.76 | 7940.41 | 7469.50
662 | 0.13 | 7503.47 | 17108.51 | 5279.36 | 662.93 | 3314.67 | 8507.86 | 7721.35
685 | 0.18 | 8251.28 | 17865.52 | 5035.49 | 834.72 | 4173.60 | 9058.84 | 8137.02
657 | 0.14 | 7530.19 | 18723.82 | 4908.86 | 711.40 | 3556.98 | 8366.24 | 7752.17
650 | 0.05 | 7235.88 | 19446.23 | 6263.56 | 264.40 | 1322.02 | 7572.37 | 7366.82
661 | 0.18 | 7676.29 | 19795.50 | 4113.10 | 897.24 | 4486.22 | 8437.82 | 7874.65
649 | 0.11 | 7440.73 | 20801.41 | 5152.58 | 565.67 | 2828.37 | 7918.73 | 7648.74
677 | 0.16 | 7576.68 | 21476.12 | 4140.50 | 808.04 | 4040.18 | 8051.39 | 7805.43
684 | 0.14 | 7530.22 | 22322.33 | 4405.10 | 711.39 | 3556.97 | 7862.47 | 7752.19
Vehicle 18
Charging tour: 
722  -> 709  -> 695  -> 724  -> 699  -> 691  -> 690  -> 716  -> 698  -> 725  -> 703  -> 688  -> 704  -> 711  -> 693  -> 705  -> 719  -> 696  -> 687  -> 723  -> 727  -> 706  -> 710  -> 701  -> 720  -> 728  -> 707  -> 689  -> 694  -> 700  -> 714  -> 726  -> 708  -> 712  -> 692  -> 702  -> 718  -> 717  -> 715  -> 697  -> 713  -> 721  -> 
Charging time: 
390.38046030070353  + 617.2264833110817  + 345.0035991871202  + 298.20586157080817  + 572.5254189764431  + 345.3161348616885  + 572.5228525084726  + 345.53447444384517  + 617.2282008880595  + 527.6269715840639  + 391.3201296930575  + 345.43704607105144  + 391.05635152806735  + 617.2421012544146  + 527.5976745519769  + 294.354833359308  + 617.2271589489773  + 251.73734281706513  + 617.2274216667762  + 572.516376273223  + 482.47490918906266  + 436.8503663628166  + 733.2454792475716  + 696.2387282626019  + 298.8367473630151  + 1673.3771489499707  + 572.5252138800563  + 343.52632745296023  + 660.8991044535793  + 299.2277980187501  + 243.50847485070256  + 251.82859494785433  + 705.0181946264651  + 617.2266976998344  + 436.8076631192118  + 391.49936208867234  + 572.5205897637613  + 390.81051877165646  + 661.7405953033087  + 343.4848027376355  + 482.3068556405244  + 572.5388538477795  + 
total node:42/42
-------------------
Traveling energy: 2381.100398130033
Charging energy: 105618.89960186995
Total energy used: 107999.99999999999
-------------------
Total time for travel: 2381.100398130033
Total time for charging: 21123.779920373992
Charging round duration: 23504.880318504027
-------------------
ID | p | E0 | time_arrive | E_remain | time_charge | energy_charge| E_after_charge | E_after_cycle
722 | 0.08 | 6812.77 | 190.33 | 6797.54 | 390.38 | 1951.90 | 8718.22 | 6858.96
709 | 0.13 | 7001.98 | 589.29 | 6925.37 | 617.23 | 3086.13 | 9931.26 | 6991.32
695 | 0.07 | 6745.22 | 1281.64 | 6655.51 | 345.00 | 1725.02 | 8356.37 | 6802.74
724 | 0.06 | 6688.93 | 1701.73 | 6586.83 | 298.21 | 1491.03 | 8059.97 | 6750.68
699 | 0.12 | 6968.00 | 2008.05 | 6727.04 | 572.53 | 2862.63 | 9520.96 | 6972.05
691 | 0.07 | 6739.12 | 2596.77 | 6557.34 | 345.32 | 1726.58 | 8259.75 | 6798.20
690 | 0.12 | 6968.03 | 2983.91 | 6609.96 | 572.52 | 2862.61 | 9403.88 | 6972.07
716 | 0.07 | 6734.86 | 3606.29 | 6482.42 | 345.53 | 1727.67 | 8185.90 | 6795.03
698 | 0.13 | 7001.96 | 3972.22 | 6485.57 | 617.23 | 3086.14 | 9491.47 | 6991.31
725 | 0.11 | 6930.87 | 4624.15 | 6422.21 | 527.63 | 2638.13 | 9002.31 | 6948.64
703 | 0.08 | 6796.41 | 5186.75 | 6381.47 | 391.32 | 1956.60 | 8306.77 | 6847.29
688 | 0.07 | 6736.76 | 5658.24 | 6340.68 | 345.44 | 1727.19 | 8043.69 | 6796.44
704 | 0.08 | 6801.00 | 6139.87 | 6309.81 | 391.06 | 1955.28 | 8233.80 | 6850.56
711 | 0.13 | 7001.80 | 6664.73 | 6135.38 | 617.24 | 3086.21 | 9141.35 | 6991.22
693 | 0.11 | 6931.25 | 7437.77 | 6113.10 | 527.60 | 2637.99 | 8693.05 | 6948.88
705 | 0.06 | 6776.44 | 8002.16 | 6296.32 | 294.35 | 1471.77 | 7750.43 | 6818.93
719 | 0.13 | 7001.97 | 8401.40 | 5909.79 | 617.23 | 3086.14 | 8915.68 | 6991.31
696 | 0.05 | 6603.04 | 9050.72 | 6150.51 | 251.74 | 1258.69 | 7396.61 | 6670.66
687 | 0.13 | 7001.97 | 9323.32 | 5789.93 | 617.23 | 3086.14 | 8795.83 | 6991.31
723 | 0.12 | 6968.11 | 9975.82 | 5771.01 | 572.52 | 2862.58 | 8564.89 | 6972.12
727 | 0.10 | 6890.44 | 10583.83 | 5832.06 | 482.47 | 2412.37 | 8196.19 | 6920.67
706 | 0.09 | 6849.07 | 11096.43 | 5850.39 | 436.85 | 2184.25 | 7995.33 | 6889.39
710 | 0.16 | 7254.25 | 11549.19 | 5406.38 | 733.25 | 3666.23 | 8955.29 | 7109.04
701 | 0.15 | 7162.34 | 12297.14 | 5317.77 | 696.24 | 3481.19 | 8694.53 | 7070.31
720 | 0.06 | 6674.81 | 13005.50 | 5894.48 | 298.84 | 1494.18 | 7370.74 | 6739.71
728 | 0.16 | 3178.69 | 13332.56 | 1045.48 | 1673.38 | 8366.89 | 9144.62 | 7734.14
707 | 0.12 | 6968.00 | 15045.51 | 5162.54 | 572.53 | 2862.63 | 7956.47 | 6972.06
689 | 0.07 | 6774.23 | 15641.71 | 5679.31 | 343.53 | 1717.63 | 7372.89 | 6824.36
694 | 0.14 | 7042.30 | 16103.32 | 4787.84 | 660.90 | 3304.50 | 7999.81 | 7011.79
700 | 0.06 | 6666.09 | 16818.07 | 5657.00 | 299.23 | 1496.14 | 7135.19 | 6732.94
714 | 0.05 | 6826.18 | 17144.25 | 5968.97 | 243.51 | 1217.54 | 7174.33 | 6852.65
726 | 0.05 | 6600.65 | 17446.75 | 5728.31 | 251.83 | 1259.14 | 6974.87 | 6668.72
708 | 0.15 | 7073.15 | 17744.68 | 4411.45 | 705.02 | 3525.09 | 7830.78 | 7025.02
712 | 0.13 | 7001.97 | 18522.94 | 4593.99 | 617.23 | 3086.13 | 7599.89 | 6991.32
692 | 0.09 | 6849.74 | 19199.17 | 5121.81 | 436.81 | 2184.04 | 7266.54 | 6889.85
702 | 0.08 | 6793.30 | 19690.14 | 5218.09 | 391.50 | 1957.50 | 7144.26 | 6845.08
718 | 0.12 | 6968.06 | 20092.64 | 4556.94 | 572.52 | 2862.60 | 7350.84 | 6972.09
717 | 0.08 | 6805.27 | 20714.22 | 5148.14 | 390.81 | 1954.05 | 7070.92 | 6853.61
715 | 0.14 | 7033.35 | 21164.06 | 4070.38 | 661.74 | 3308.70 | 7286.44 | 7007.05
697 | 0.07 | 6775.05 | 21889.97 | 5242.75 | 343.48 | 1717.42 | 6936.13 | 6824.97
713 | 0.10 | 6892.84 | 22262.43 | 4666.60 | 482.31 | 2411.53 | 7029.90 | 6922.23
721 | 0.12 | 6967.84 | 22776.44 | 4234.67 | 572.54 | 2862.69 | 7028.66 | 6971.96
Vehicle 19
Charging tour: 
748  -> 743  -> 729  -> 753  -> 741  -> 761  -> 737  -> 754  -> 733  -> 764  -> 758  -> 751  -> 740  -> 757  -> 734  -> 766  -> 742  -> 756  -> 736  -> 738  -> 745  -> 763  -> 746  -> 730  -> 749  -> 760  -> 755  -> 759  -> 735  -> 752  -> 750  -> 744  -> 747  -> 767  -> 765  -> 762  -> 731  -> 732  -> 739  -> 
Charging time: 
329.22655606952037  + 332.7889968195765  + 429.53166534524433  + 440.72121446817386  + 463.47347117987255  + 332.15228398961807  + 429.42566626720645  + 474.57831786061087  + 563.4521256880897  + 514.2683380483942  + 476.74179231178886  + 532.616259555375  + 666.9776176811597  + 570.3791281727131  + 330.0318884588402  + 581.5130872597798  + 647.4300506141627  + 524.906698159023  + 524.8310939704228  + 639.7752832504066  + 381.17026877313475  + 732.7706709537567  + 333.0780318519028  + 381.53019231511337  + 714.2772381597116  + 667.2579965402114  + 667.2651743813155  + 809.3689522448565  + 381.37156160600506  + 331.70870836242733  + 714.6500561303243  + 524.7674260042751  + 284.50342221686896  + 767.5271757992085  + 381.1034354938228  + 667.2571153321294  + 753.6298812547062  + 429.40963358377263  + 634.3922652512008  + 
total node:39/39
-------------------
Traveling energy: 2558.297201989845
Charging energy: 101809.3037071236
Total energy used: 104367.60090911345
-------------------
Total time for travel: 2558.297201989845
Total time for charging: 20361.86074142472
Charging round duration: 22920.157943414564
-------------------
ID | p | E0 | time_arrive | E_remain | time_charge | energy_charge| E_after_charge | E_after_cycle
748 | 0.06 | 8343.08 | 188.77 | 8331.75 | 329.23 | 1646.13 | 9958.13 | 8559.92
743 | 0.06 | 8253.77 | 530.70 | 8221.92 | 332.79 | 1663.94 | 9865.90 | 8488.42
729 | 0.08 | 8526.38 | 968.49 | 8448.90 | 429.53 | 2147.66 | 10562.20 | 8768.32
753 | 0.11 | 8798.97 | 1400.83 | 8644.87 | 440.72 | 2203.61 | 10800.00 | 8382.21
741 | 0.10 | 8722.20 | 1932.25 | 8528.98 | 463.47 | 2317.37 | 10800.00 | 8657.43
761 | 0.06 | 8269.59 | 2428.79 | 8123.86 | 332.15 | 1660.76 | 9764.69 | 8501.06
737 | 0.08 | 8528.48 | 2775.70 | 8306.43 | 429.43 | 2147.13 | 10419.20 | 8769.90
754 | 0.13 | 8910.37 | 3242.80 | 8488.80 | 474.58 | 2372.89 | 10800.00 | 8186.47
733 | 0.11 | 8465.49 | 3825.18 | 8044.72 | 563.45 | 2817.26 | 10800.00 | 8662.39
764 | 0.10 | 8724.63 | 4445.48 | 8280.09 | 514.27 | 2571.34 | 10800.00 | 8913.83
758 | 0.09 | 8642.30 | 4972.55 | 8194.77 | 476.74 | 2383.71 | 10535.57 | 8882.07
751 | 0.11 | 8798.23 | 5479.32 | 8195.51 | 532.62 | 2663.08 | 10800.00 | 8840.95
740 | 0.14 | 8405.07 | 6047.00 | 7558.49 | 666.98 | 3334.89 | 10800.00 | 8404.95
757 | 0.13 | 8902.89 | 6774.10 | 8022.25 | 570.38 | 2851.90 | 10800.00 | 8657.99
734 | 0.06 | 8322.72 | 7379.16 | 7879.97 | 330.03 | 1650.16 | 9510.33 | 8543.59
766 | 0.11 | 8659.70 | 7749.48 | 7807.26 | 581.51 | 2907.57 | 10650.86 | 8946.91
742 | 0.13 | 8745.27 | 8448.14 | 7647.02 | 647.43 | 3237.15 | 10800.00 | 8885.64
756 | 0.10 | 8721.43 | 9168.45 | 7804.59 | 524.91 | 2624.53 | 10376.63 | 8963.82
736 | 0.10 | 8722.69 | 9770.22 | 7745.67 | 524.83 | 2624.16 | 10317.34 | 8964.70
738 | 0.12 | 8586.65 | 10317.80 | 7348.51 | 639.78 | 3198.88 | 10470.61 | 8926.95
745 | 0.07 | 8407.15 | 11101.33 | 7630.06 | 381.17 | 1905.85 | 9509.23 | 8645.50
763 | 0.15 | 8980.76 | 11564.64 | 7246.06 | 732.77 | 3663.85 | 10800.00 | 9071.39
746 | 0.06 | 8246.60 | 12373.25 | 7504.21 | 333.08 | 1665.39 | 9149.61 | 8482.71
730 | 0.07 | 8399.22 | 12751.12 | 7506.64 | 381.53 | 1907.65 | 9387.59 | 8639.37
749 | 0.14 | 8972.86 | 13137.91 | 7133.56 | 714.28 | 3571.39 | 10604.94 | 9209.25
760 | 0.13 | 8919.07 | 13942.67 | 7106.52 | 667.26 | 3336.29 | 10356.07 | 9158.57
755 | 0.13 | 8918.97 | 14690.78 | 7009.17 | 667.27 | 3336.33 | 10258.75 | 9158.51
759 | 0.16 | 9049.89 | 15377.06 | 6589.56 | 809.37 | 4046.84 | 10506.91 | 9285.30
735 | 0.07 | 8402.71 | 16320.84 | 7260.26 | 381.37 | 1906.86 | 9140.42 | 8642.07
752 | 0.06 | 8280.65 | 16790.48 | 7273.22 | 331.71 | 1658.54 | 8911.86 | 8509.90
750 | 0.14 | 8968.18 | 17219.35 | 6557.47 | 714.65 | 3573.25 | 10030.67 | 9206.43
744 | 0.10 | 8723.75 | 17992.85 | 6924.46 | 524.77 | 2623.84 | 9495.82 | 8965.44
747 | 0.05 | 8045.49 | 18609.22 | 7115.03 | 284.50 | 1422.52 | 8523.32 | 8276.93
767 | 0.15 | 8946.79 | 18983.41 | 6099.28 | 767.53 | 3837.64 | 9821.79 | 9211.21
765 | 0.07 | 8408.63 | 19783.77 | 7023.76 | 381.10 | 1905.52 | 8902.60 | 8646.64
762 | 0.13 | 8919.08 | 20176.54 | 6296.13 | 667.26 | 3336.29 | 9545.67 | 9158.57
731 | 0.13 | 7896.87 | 20870.54 | 5183.70 | 753.63 | 3768.15 | 8853.88 | 8568.23
732 | 0.08 | 8528.80 | 21667.73 | 6795.38 | 429.41 | 2147.05 | 8908.08 | 8770.13
739 | 0.12 | 8659.51 | 22211.98 | 5994.07 | 634.39 | 3171.96 | 9089.91 | 8972.89
Network survivability: 99.86962190352021%
networkSurvivabilityOverThousand: 76.6%
Average dead duration: 110535.70943549588
Traveling energy: 45742.136854528835
total calculate time: 52.869423389434814
