total sensor 766
condition 16.78648809876994
gen: 1
2000
gen: 2
2000
gen: 3
2000
gen: 4
2000
gen: 5
2000
gen: 6
2000
gen: 7
2000
gen: 8
2000
gen: 9
2000
gen: 10
2000
gen: 11
2000
gen: 12
2000
gen: 13
2000
gen: 14
2000
gen: 15
2000
gen: 16
2000
gen: 17
2000
gen: 18
2000
gen: 19
2000
gen: 20
2000
gen: 21
2000
gen: 22
2000
gen: 23
2000
gen: 24
2000
gen: 25
2000
gen: 26
2000
gen: 27
2000
gen: 28
2000
gen: 29
2000
gen: 30
2000
gen: 31
2000
gen: 32
2000
gen: 33
2000
gen: 34
2000
gen: 35
2000
gen: 36
2000
gen: 37
2000
gen: 38
2000
gen: 39
2000
gen: 40
2000
gen: 41
2000
gen: 42
2000
gen: 43
2000
gen: 44
2000
gen: 45
2000
gen: 46
2000
gen: 47
2000
gen: 48
2000
gen: 49
2000
gen: 50
2000
Number of charging vehicles: 20
Survey time: 23820.006762148878
Network clustering infor: 
Cluster 0:
[1, 2, 3, 4, 5, 6, 7, 8, 9, 10, 11, 12, 13, 14, 15, 16, 17, 18, 19, 20, 21, 22, 23, 24, 25, 26, 27, 28, 29, 30, 31, 32, 33, 34, 35, 36, 37, 38, 39, 40, 41, 42]
Cluster 1:
[43, 44, 45, 46, 47, 48, 49, 50, 51, 52, 53, 54, 55, 56, 57, 58, 59, 60, 61, 62, 63, 64, 65, 66, 67, 68, 69, 70, 71, 72, 73, 74, 75, 76, 77, 78, 79, 80, 81, 82, 83]
Cluster 2:
[84, 85, 86, 87, 88, 89, 90, 91, 92, 93, 94, 95, 96, 97, 98, 99, 100, 101, 102, 103, 104, 105, 106, 107, 108, 109, 110, 111, 112, 113, 114, 115, 116, 117, 118, 119, 120, 121]
Cluster 3:
[122, 123, 124, 125, 126, 127, 128, 129, 130, 131, 132, 133, 134, 135, 136, 137, 138, 139, 140, 141, 142, 143, 144, 145, 146, 147, 148, 149, 150, 151, 152, 153, 154, 155, 156, 157]
Cluster 4:
[158, 159, 160, 161, 162, 163, 164, 165, 166, 167, 168, 169, 170, 171, 172, 173, 174, 175, 176, 177, 178, 179, 180, 181, 182, 183, 184, 185, 186, 187, 188, 189]
Cluster 5:
[190, 191, 192, 193, 194, 195, 196, 197, 198, 199, 200, 201, 202, 203, 204, 205, 206, 207, 208, 209, 210, 211, 212, 213, 214, 215, 216, 217, 218, 219, 220, 221, 222, 223, 224, 225, 226, 227, 228, 229, 230, 231, 232]
Cluster 6:
[233, 234, 235, 236, 237, 238, 239, 240, 241, 242, 243, 244, 245, 246, 247, 248, 249, 250, 251, 252, 253, 254, 255, 256, 257, 258, 259, 260, 261, 262, 263, 264, 265, 266, 267, 268, 269, 270, 271, 272, 273]
Cluster 7:
[274, 275, 276, 277, 278, 279, 280, 281, 282, 283, 284, 285, 286, 287, 288, 289, 290, 291, 292, 293, 294, 295, 296, 297, 298, 299, 300, 301, 302, 303, 304, 305, 306, 307, 308, 309, 310, 311, 312, 313]
Cluster 8:
[314, 315, 316, 317, 318, 319, 320, 321, 322, 323, 324, 325, 326, 327, 328, 329, 330, 331, 332, 333, 334, 335, 336, 337, 338, 339, 340, 341, 342, 343, 344, 345, 346, 347, 348, 349, 350, 351, 352]
Cluster 9:
[353, 354, 355, 356, 357, 358, 359, 360, 361, 362, 363, 364, 365, 366, 367, 368, 369, 370, 371, 372, 373, 374, 375, 376, 377, 378, 379, 380, 381, 382, 383, 384, 385, 386, 387, 388, 389, 390, 391, 392, 393]
Cluster 10:
[394, 395, 396, 397, 398, 399, 400, 401, 402, 403, 404, 405, 406, 407, 408, 409, 410, 411, 412, 413, 414, 415, 416, 417, 418, 419, 420, 421, 422, 423, 424, 425, 426, 427, 428, 429, 430, 431, 432]
Cluster 11:
[433, 434, 435, 436, 437, 438, 439, 440, 441, 442, 443, 444, 445, 446, 447, 448, 449, 450, 451, 452, 453, 454, 455, 456, 457, 458, 459, 460, 461, 462, 463, 464, 465, 466, 467, 468, 469, 470]
Cluster 12:
[471, 472, 473, 474, 475, 476, 477, 478, 479, 480, 481, 482, 483, 484, 485, 486, 487, 488, 489, 490, 491, 492, 493, 494, 495, 496, 497, 498, 499, 500, 501, 502, 503, 504, 505, 506, 507, 508, 509]
Cluster 13:
[510, 511, 512, 513, 514, 515, 516, 517, 518, 519, 520, 521, 522, 523, 524, 525, 526, 527, 528, 529, 530, 531, 532, 533, 534, 535, 536, 537, 538, 539, 540, 541]
Cluster 14:
[542, 543, 544, 545, 546, 547, 548, 549, 550, 551, 552, 553, 554, 555, 556, 557, 558, 559, 560, 561, 562, 563, 564, 565, 566, 567, 568, 569, 570, 571, 572, 573, 574, 575, 576, 577, 578, 579, 580, 581]
Cluster 15:
[582, 583, 584, 585, 586, 587, 588, 589, 590, 591, 592, 593, 594, 595, 596, 597, 598, 599, 600, 601, 602, 603, 604, 605, 606, 607, 608, 609, 610, 611, 612, 613, 614, 615, 616, 617, 618, 619, 620]
Cluster 16:
[621, 622, 623, 624, 625, 626, 627, 628, 629, 630, 631, 632, 633, 634, 635, 636, 637, 638, 639, 640, 641, 642, 643, 644, 645, 646, 647]
Cluster 17:
[648, 649, 650, 651, 652, 653, 654, 655, 656, 657, 658, 659, 660, 661, 662, 663, 664, 665, 666, 667, 668, 669, 670, 671, 672, 673, 674, 675, 676, 677, 678, 679, 680, 681, 682, 683, 684, 685]
Cluster 18:
[686, 687, 688, 689, 690, 691, 692, 693, 694, 695, 696, 697, 698, 699, 700, 701, 702, 703, 704, 705, 706, 707, 708, 709, 710, 711, 712, 713, 714, 715, 716, 717, 718, 719, 720, 721, 722, 723, 724, 725, 726, 727]
Cluster 19:
[728, 729, 730, 731, 732, 733, 734, 735, 736, 737, 738, 739, 740, 741, 742, 743, 744, 745, 746, 747, 748, 749, 750, 751, 752, 753, 754, 755, 756, 757, 758, 759, 760, 761, 762, 763, 764, 765, 766]
Vehicle 0
Charging tour: 
8  -> 13  -> 4  -> 42  -> 35  -> 29  -> 41  -> 6  -> 20  -> 33  -> 14  -> 38  -> 23  -> 22  -> 3  -> 21  -> 12  -> 17  -> 28  -> 5  -> 9  -> 7  -> 1  -> 18  -> 31  -> 2  -> 37  -> 16  -> 19  -> 26  -> 24  -> 15  -> 27  -> 39  -> 11  -> 34  -> 30  -> 10  -> 25  -> 40  -> 32  -> 
Charging time: 
477.45291025795  + 614.8376300578872  + 569.1882070468924  + 1793.1695437605829  + 477.4146037881511  + 477.42212719570676  + 659.974236149999  + 660.3399655267697  + 385.0169292960849  + 658.0284128363681  + 384.99112010860495  + 477.4541651698683  + 338.0945577654124  + 523.453579769831  + 337.3642848582874  + 385.0930193749922  + 614.8380565603193  + 477.4317363333574  + 291.9619295583038  + 291.88201725130546  + 290.8893952103913  + 431.21155614293326  + 523.3938809285512  + 477.404727080219  + 569.187892632941  + 338.6423339334515  + 240.36631199243408  + 569.1498250511654  + 288.9718827551051  + 477.4567637369181  + 385.0003218611367  + 384.9811280709817  + 338.2196890099677  + 608.3583363662465  + 660.3398996321433  + 660.3041204825172  + 569.1870959156056  + 523.3854661402609  + 523.3826838452826  + 660.3324468166624  + 642.6040162248584  + 
total node:41/42
-------------------
Traveling energy: 2589.70300721082
Charging energy: 105290.89403248225
Total energy used: 107880.59703969306
-------------------
Total time for travel: 2589.70300721082
Total time for charging: 21058.17880649645
Charging round duration: 23647.88181370727
-------------------
ID | p | E0 | time_arrive | E_remain | time_charge | energy_charge| E_after_charge | E_after_cycle
8 | 0.10 | 6076.95 | 129.49 | 6064.00 | 477.45 | 2387.26 | 8403.52 | 6082.22
13 | 0.13 | 6134.79 | 670.07 | 6047.68 | 614.84 | 3074.19 | 9041.93 | 6112.37
4 | 0.12 | 6117.05 | 1360.80 | 5953.75 | 569.19 | 2845.94 | 8731.39 | 6104.59
42 | 0.15 | 2395.19 | 1947.11 | 2103.13 | 1793.17 | 8965.85 | 10800.00 | 7788.04
35 | 0.10 | 6077.44 | 3778.16 | 5699.63 | 477.41 | 2387.07 | 8038.96 | 6082.51
29 | 0.10 | 6077.35 | 4306.73 | 5646.67 | 477.42 | 2387.11 | 7986.04 | 6082.46
41 | 0.14 | 6154.85 | 4794.78 | 5483.58 | 659.97 | 3299.87 | 8691.06 | 6119.92
6 | 0.14 | 6151.44 | 5462.47 | 5386.70 | 660.34 | 3301.70 | 8595.95 | 6118.34
20 | 0.08 | 6028.74 | 6166.71 | 5535.40 | 385.02 | 1925.08 | 7429.69 | 6048.22
33 | 0.14 | 6173.05 | 6676.36 | 5238.36 | 658.03 | 3290.14 | 8436.38 | 6128.39
14 | 0.08 | 6029.14 | 7432.94 | 5434.51 | 384.99 | 1924.96 | 7328.67 | 6048.50
38 | 0.10 | 6076.94 | 7848.67 | 5292.07 | 477.45 | 2387.27 | 7631.60 | 6082.21
23 | 0.07 | 6007.26 | 8357.63 | 5422.22 | 338.09 | 1690.47 | 7089.03 | 6030.33
22 | 0.11 | 6097.21 | 8710.62 | 5139.04 | 523.45 | 2617.27 | 7698.73 | 6094.27
3 | 0.07 | 6020.26 | 9292.36 | 5369.80 | 337.36 | 1686.82 | 7033.00 | 6039.68
21 | 0.08 | 6027.55 | 9653.88 | 5255.24 | 385.09 | 1925.47 | 7149.90 | 6047.41
12 | 0.13 | 6134.78 | 10115.53 | 4819.76 | 614.84 | 3074.19 | 7814.02 | 6112.37
17 | 0.10 | 6077.22 | 10742.07 | 5003.02 | 477.43 | 2387.16 | 7342.43 | 6082.38
28 | 0.06 | 5962.68 | 11342.58 | 5282.12 | 291.96 | 1459.81 | 6724.42 | 5993.29
5 | 0.06 | 5964.31 | 11679.65 | 5263.53 | 291.88 | 1459.41 | 6705.43 | 5994.52
9 | 0.06 | 5984.66 | 12032.38 | 5262.72 | 290.89 | 1454.45 | 6699.72 | 6009.91
7 | 0.09 | 6055.76 | 12374.55 | 4942.05 | 431.21 | 2156.06 | 7059.30 | 6068.02
1 | 0.11 | 6097.90 | 12896.97 | 4679.24 | 523.39 | 2616.97 | 7238.63 | 6094.67
18 | 0.10 | 6077.57 | 13499.21 | 4727.65 | 477.40 | 2387.02 | 7066.93 | 6082.59
31 | 0.12 | 6117.05 | 14008.55 | 4436.02 | 569.19 | 2845.94 | 7213.66 | 6104.59
2 | 0.07 | 5997.54 | 14620.53 | 4974.10 | 338.64 | 1693.21 | 6643.61 | 6023.35
37 | 0.05 | 6035.49 | 15057.83 | 5282.60 | 240.37 | 1201.83 | 6472.42 | 6046.33
16 | 0.12 | 6117.46 | 15435.53 | 4265.20 | 569.15 | 2845.75 | 7042.65 | 6104.81
19 | 0.06 | 6024.38 | 16070.76 | 5060.13 | 288.97 | 1444.86 | 6487.65 | 6040.04
26 | 0.10 | 6076.90 | 16379.37 | 4438.97 | 477.46 | 2387.28 | 6778.50 | 6082.19
24 | 0.08 | 6029.00 | 16871.81 | 4679.26 | 385.00 | 1925.00 | 6573.46 | 6048.40
15 | 0.08 | 6029.30 | 17274.85 | 4647.31 | 384.98 | 1924.91 | 6541.42 | 6048.61
27 | 0.07 | 6005.04 | 17667.76 | 4768.29 | 338.22 | 1691.10 | 6435.72 | 6028.73
39 | 0.13 | 6200.12 | 18154.29 | 3840.07 | 608.36 | 3041.79 | 6802.77 | 6145.31
11 | 0.14 | 6151.44 | 18854.47 | 3511.82 | 660.34 | 3301.70 | 6721.07 | 6118.34
34 | 0.14 | 6151.78 | 19552.34 | 3414.45 | 660.30 | 3301.52 | 6623.53 | 6118.50
30 | 0.12 | 6117.06 | 20288.58 | 3682.43 | 569.19 | 2845.94 | 6460.06 | 6104.59
10 | 0.11 | 6098.00 | 20905.54 | 3798.39 | 523.39 | 2616.93 | 6357.75 | 6094.73
25 | 0.11 | 6098.03 | 21506.74 | 3732.29 | 523.38 | 2616.91 | 6291.63 | 6094.75
40 | 0.14 | 6151.51 | 22093.90 | 3058.37 | 660.33 | 3301.66 | 6267.58 | 6118.37
32 | 0.14 | 6321.22 | 22826.91 | 3125.45 | 642.60 | 3213.02 | 6248.51 | 6199.44
36 | 0.14 | 6151.44 | 2816.64
Vehicle 1
Charging tour: 
49  -> 45  -> 44  -> 56  -> 78  -> 76  -> 57  -> 47  -> 74  -> 50  -> 77  -> 58  -> 63  -> 46  -> 73  -> 51  -> 55  -> 53  -> 52  -> 68  -> 79  -> 65  -> 69  -> 61  -> 43  -> 82  -> 80  -> 70  -> 75  -> 72  -> 66  -> 60  -> 59  -> 62  -> 81  -> 64  -> 83  -> 54  -> 48  -> 67  -> 71  -> 
Charging time: 
644.6077867133928  + 453.9402645197171  + 596.8066964686105  + 644.6149192123568  + 549.3160863835199  + 358.2760263042702  + 644.6145069173174  + 501.6264515990212  + 358.36045948011605  + 405.99384762530326  + 596.9751076676208  + 549.304125637636  + 358.09197900104886  + 357.24188531779816  + 405.6021694342877  + 596.7619627938706  + 644.6156658717982  + 691.8352285559382  + 549.3038314665711  + 644.3619796550253  + 689.0034830165988  + 307.12140586285983  + 501.5878394356955  + 549.2966671902758  + 405.96913140412516  + 405.71130455627315  + 549.3159877118158  + 261.73713365172057  + 357.7540239130461  + 261.88514081177925  + 773.9180914933656  + 501.6070689924583  + 692.2334001025082  + 644.3455274399055  + 692.0058613095946  + 358.325078645186  + 549.3105537179831  + 549.2838506987599  + 310.01499644411786  + 501.58153282880903  + 643.9115797821881  + 
total node:41/41
-------------------
Traveling energy: 2709.146801828561
Charging energy: 105290.8531981714
Total energy used: 107999.99999999997
-------------------
Total time for travel: 2709.146801828561
Total time for charging: 21058.17063963428
Charging round duration: 23767.31744146284
-------------------
ID | p | E0 | time_arrive | E_remain | time_charge | energy_charge| E_after_charge | E_after_cycle
49 | 0.13 | 6903.81 | 184.00 | 6879.89 | 644.61 | 3223.04 | 10019.13 | 7030.25
45 | 0.09 | 6787.11 | 896.55 | 6706.42 | 453.94 | 2269.70 | 8935.27 | 6913.01
44 | 0.12 | 6883.18 | 1454.83 | 6708.60 | 596.81 | 2984.03 | 9621.01 | 7008.81
56 | 0.13 | 6903.74 | 2169.81 | 6621.66 | 644.61 | 3223.07 | 9760.94 | 7030.21
78 | 0.11 | 6855.07 | 2844.00 | 6542.23 | 549.32 | 2746.58 | 9228.38 | 6981.45
76 | 0.07 | 6688.39 | 3436.96 | 6447.80 | 358.28 | 1791.38 | 8214.10 | 6812.37
57 | 0.13 | 6903.74 | 3857.00 | 6402.33 | 644.61 | 3223.07 | 9541.61 | 7030.21
47 | 0.10 | 6824.34 | 4519.44 | 6372.40 | 501.63 | 2508.13 | 8830.37 | 6950.47
74 | 0.07 | 6686.81 | 5067.61 | 6332.08 | 358.36 | 1791.80 | 8098.80 | 6811.22
50 | 0.08 | 6745.46 | 5519.24 | 6303.93 | 405.99 | 2029.97 | 8301.41 | 6869.83
77 | 0.12 | 6881.23 | 5978.84 | 6163.77 | 596.98 | 2984.88 | 9077.01 | 7007.71
58 | 0.11 | 6855.22 | 6623.78 | 6126.60 | 549.30 | 2746.52 | 8812.70 | 6981.54
63 | 0.07 | 6691.83 | 7185.94 | 6188.81 | 358.09 | 1790.46 | 7954.21 | 6814.89
46 | 0.07 | 6707.75 | 7638.22 | 6173.08 | 357.24 | 1786.21 | 7934.28 | 6826.56
73 | 0.08 | 6751.98 | 8068.33 | 6106.51 | 405.60 | 2028.01 | 8102.07 | 6874.39
51 | 0.12 | 6883.69 | 8541.92 | 5858.66 | 596.76 | 2983.81 | 8770.86 | 7009.10
55 | 0.13 | 6903.73 | 9141.22 | 5715.37 | 644.62 | 3223.08 | 8854.65 | 7030.21
53 | 0.14 | 6927.34 | 9792.95 | 5556.33 | 691.84 | 3459.18 | 8918.65 | 7051.72
52 | 0.11 | 6855.22 | 10507.89 | 5699.35 | 549.30 | 2746.52 | 8385.45 | 6981.54
68 | 0.13 | 6906.45 | 11065.04 | 5467.99 | 644.36 | 3221.81 | 8606.04 | 7031.66
79 | 0.14 | 6955.81 | 11753.86 | 5310.27 | 689.00 | 3445.02 | 8658.83 | 7066.03
65 | 0.06 | 6687.79 | 12488.13 | 5938.50 | 307.12 | 1535.61 | 7455.68 | 6794.19
69 | 0.10 | 6824.87 | 12879.07 | 5536.96 | 501.59 | 2507.94 | 7994.74 | 6950.81
61 | 0.11 | 6855.31 | 13474.44 | 5373.12 | 549.30 | 2746.48 | 8059.18 | 6981.59
43 | 0.08 | 6745.87 | 14144.33 | 5614.33 | 405.97 | 2029.85 | 7611.70 | 6870.12
82 | 0.08 | 6750.16 | 14586.25 | 5583.26 | 405.71 | 2028.56 | 7579.36 | 6873.12
80 | 0.11 | 6855.07 | 15140.29 | 5189.64 | 549.32 | 2746.58 | 7875.79 | 6981.45
70 | 0.05 | 6539.52 | 15725.28 | 5753.26 | 261.74 | 1308.69 | 7048.86 | 6657.21
75 | 0.07 | 6698.15 | 16028.77 | 5576.14 | 357.75 | 1788.77 | 7339.86 | 6819.52
72 | 0.05 | 6535.83 | 16535.21 | 5709.07 | 261.89 | 1309.43 | 7005.40 | 6654.25
66 | 0.16 | 7077.28 | 16839.50 | 4382.96 | 773.92 | 3869.59 | 8128.72 | 7135.67
60 | 0.10 | 6824.61 | 17651.81 | 5059.43 | 501.61 | 2508.04 | 7517.30 | 6950.64
59 | 0.14 | 6923.36 | 18224.86 | 4371.88 | 692.23 | 3461.17 | 7736.13 | 7049.72
62 | 0.13 | 6906.62 | 19056.84 | 4429.24 | 644.35 | 3221.73 | 7567.20 | 7031.75
81 | 0.14 | 6925.63 | 19730.85 | 4163.31 | 692.01 | 3460.03 | 7526.46 | 7050.86
64 | 0.07 | 6687.47 | 20511.04 | 5251.70 | 358.33 | 1791.63 | 7018.24 | 6811.70
83 | 0.11 | 6855.14 | 20969.76 | 4548.46 | 549.31 | 2746.55 | 7234.59 | 6981.49
54 | 0.11 | 6855.47 | 21537.86 | 4486.30 | 549.28 | 2746.42 | 7172.30 | 6981.69
48 | 0.06 | 6625.37 | 22104.35 | 5299.10 | 310.01 | 1550.07 | 6830.58 | 6746.24
67 | 0.10 | 6824.95 | 22471.60 | 4577.79 | 501.58 | 2507.91 | 7035.54 | 6950.86
71 | 0.13 | 6911.28 | 23069.46 | 3912.25 | 643.91 | 3219.56 | 7048.10 | 7034.24
Vehicle 2
Charging tour: 
86  -> 90  -> 99  -> 104  -> 95  -> 96  -> 106  -> 102  -> 113  -> 108  -> 85  -> 116  -> 117  -> 103  -> 84  -> 88  -> 94  -> 93  -> 89  -> 97  -> 87  -> 115  -> 91  -> 98  -> 100  -> 110  -> 114  -> 92  -> 118  -> 109  -> 121  -> 112  -> 120  -> 111  -> 107  -> 101  -> 119  -> 105  -> 
Charging time: 
329.0102147310984  + 269.3884387124754  + 495.0102329501338  + 365.35111913675433  + 471.77029151626203  + 555.1284310221365  + 218.28784364716196  + 253.02220449580525  + 203.47540526474768  + 250.29337986477515  + 562.0710159130011  + 266.0420606085854  + 329.93619638272673  + 239.74633340766545  + 344.75054813209624  + 527.4598829014307  + 544.4558581772952  + 681.5991234087048  + 477.44702284429667  + 651.3609720456117  + 632.5219188659281  + 250.45884633030536  + 545.5660547039206  + 869.2055600507531  + 449.96987073132857  + 564.9602394679703  + 653.845105193123  + 338.82206661680937  + 482.2021021367842  + 440.52820049458177  + 384.3253011540144  + 526.5483494266934  + 560.3386373308391  + 327.00469977473824  + 378.6973014918212  + 718.4127230315825  + 342.2431061787192  + 836.3127923811423  + 
total node:38/38
-------------------
Traveling energy: 2219.2609876528622
Charging energy: 86687.84725261909
Total energy used: 88907.10824027195
-------------------
Total time for travel: 2219.2609876528622
Total time for charging: 17337.569450523817
Charging round duration: 19556.83043817668
-------------------
ID | p | E0 | time_arrive | E_remain | time_charge | energy_charge| E_after_charge | E_after_cycle
86 | 0.07 | 9191.52 | 193.39 | 9177.98 | 329.01 | 1645.05 | 10800.00 | 9169.17
90 | 0.06 | 9503.44 | 570.30 | 9469.22 | 269.39 | 1346.94 | 10800.00 | 9421.18
99 | 0.14 | 8526.15 | 942.17 | 8394.25 | 495.01 | 2475.05 | 10800.00 | 7666.40
104 | 0.12 | 9200.08 | 1524.93 | 9017.09 | 365.35 | 1826.76 | 10800.00 | 8168.43
95 | 0.11 | 8703.54 | 1913.62 | 8493.04 | 471.77 | 2358.85 | 10800.00 | 8442.19
96 | 0.13 | 8416.52 | 2461.54 | 8096.52 | 555.13 | 2775.64 | 10800.00 | 8095.57
106 | 0.06 | 9904.99 | 3055.45 | 9721.66 | 218.29 | 1091.44 | 10800.00 | 9567.22
102 | 0.07 | 9790.29 | 3395.60 | 9552.60 | 253.02 | 1265.11 | 10800.00 | 9388.00
113 | 0.08 | 10098.09 | 3739.83 | 9798.90 | 203.48 | 1017.38 | 10800.00 | 9209.86
108 | 0.08 | 9887.48 | 3986.57 | 9568.56 | 250.29 | 1251.47 | 10800.00 | 9233.35
85 | 0.10 | 8476.21 | 4303.60 | 8045.85 | 562.07 | 2810.36 | 10800.00 | 8904.57
116 | 0.11 | 10052.57 | 5031.99 | 9499.05 | 266.04 | 1330.21 | 10800.00 | 8762.58
117 | 0.09 | 9662.32 | 5359.01 | 9180.01 | 329.94 | 1649.68 | 10800.00 | 9168.20
103 | 0.06 | 9958.56 | 5715.16 | 9615.65 | 239.75 | 1198.73 | 10800.00 | 9728.09
84 | 0.06 | 9388.74 | 6027.20 | 9027.11 | 344.75 | 1723.75 | 10730.18 | 9683.30
88 | 0.09 | 8787.30 | 6412.57 | 8210.17 | 527.46 | 2637.30 | 10800.00 | 9280.80
94 | 0.10 | 8830.67 | 6985.01 | 8132.17 | 544.46 | 2722.28 | 10800.00 | 9170.95
93 | 0.12 | 8384.66 | 7590.53 | 7473.80 | 681.60 | 3408.00 | 10800.00 | 8934.25
89 | 0.08 | 9039.12 | 8320.63 | 8373.47 | 477.45 | 2387.24 | 10722.50 | 9520.75
97 | 0.12 | 8680.05 | 8822.39 | 7621.36 | 651.36 | 3256.80 | 10800.00 | 9078.45
87 | 0.10 | 8528.75 | 9538.35 | 7574.92 | 632.52 | 3162.61 | 10674.28 | 9309.36
115 | 0.07 | 10279.80 | 10208.04 | 9565.24 | 250.46 | 1252.29 | 10800.00 | 9864.69
91 | 0.09 | 8899.31 | 10475.14 | 7956.55 | 545.57 | 2727.83 | 10635.28 | 9483.34
98 | 0.15 | 8239.90 | 11036.96 | 6584.35 | 869.21 | 4346.03 | 10800.00 | 9012.92
100 | 0.08 | 9542.22 | 11950.95 | 8586.15 | 449.97 | 2249.85 | 10800.00 | 9886.47
110 | 0.10 | 9272.48 | 12407.90 | 8031.69 | 564.96 | 2824.80 | 10800.00 | 9715.29
114 | 0.15 | 9582.71 | 13025.72 | 7628.85 | 653.85 | 3269.23 | 10800.00 | 9278.93
92 | 0.06 | 9553.02 | 13744.93 | 8728.33 | 338.82 | 1694.11 | 10402.11 | 9817.93
118 | 0.12 | 10138.21 | 14094.60 | 8446.85 | 482.20 | 2411.01 | 10800.00 | 9690.82
109 | 0.08 | 9796.65 | 14586.67 | 8629.71 | 440.53 | 2202.64 | 10797.11 | 10093.69
121 | 0.10 | 10420.53 | 15037.19 | 8916.81 | 384.33 | 1921.63 | 10800.00 | 9960.15
112 | 0.10 | 9762.59 | 15426.74 | 8219.91 | 526.55 | 2632.74 | 10800.00 | 10013.33
120 | 0.12 | 9989.77 | 16035.22 | 8065.55 | 560.34 | 2801.69 | 10800.00 | 9933.07
111 | 0.06 | 9898.25 | 16626.81 | 8900.64 | 327.00 | 1635.02 | 10516.04 | 10104.07
107 | 0.07 | 9971.65 | 16975.28 | 8783.38 | 378.70 | 1893.49 | 10650.36 | 10197.74
101 | 0.12 | 9010.90 | 17372.82 | 6926.17 | 718.41 | 3592.06 | 10432.02 | 9744.57
119 | 0.07 | 10386.45 | 18195.82 | 9112.74 | 342.24 | 1711.22 | 10800.00 | 10430.26
105 | 0.14 | 9030.68 | 18550.87 | 6433.56 | 836.31 | 4181.56 | 10498.04 | 9877.44
Vehicle 3
Charging tour: 
128  -> 137  -> 139  -> 129  -> 126  -> 145  -> 127  -> 147  -> 142  -> 148  -> 130  -> 134  -> 125  -> 133  -> 136  -> 149  -> 135  -> 140  -> 143  -> 154  -> 131  -> 151  -> 156  -> 146  -> 141  -> 122  -> 157  -> 150  -> 144  -> 132  -> 152  -> 124  -> 123  -> 155  -> 138  -> 153  -> 
Charging time: 
412.4338248982346  + 412.18257882865663  + 360.8594278656684  + 445.2767876766569  + 485.47197300121053  + 456.2870852854336  + 409.12699723911453  + 362.43189584887267  + 409.43067894983847  + 551.554959291428  + 610.4323633420457  + 710.4646235627554  + 312.9792195613613  + 503.1352425379668  + 623.4518364127291  + 550.1057940254143  + 784.0699700997798  + 599.1160193692969  + 701.9662127611016  + 726.3745380687573  + 563.126927609302  + 695.3861282609342  + 265.4022606161428  + 550.0909444292267  + 690.5975648063583  + 526.230438410076  + 877.9469046585558  + 503.2385831127898  + 693.3147443843294  + 986.1693050180506  + 643.7540878560093  + 264.50612678940576  + 312.9793617860749  + 963.3900686466894  + 967.5659920323575  + 643.7650886991989  + 
total node:36/36
-------------------
Traveling energy: 2528.278506490112
Charging energy: 102873.08277870908
Total energy used: 105401.3612851992
-------------------
Total time for travel: 2528.278506490112
Total time for charging: 20574.616555741817
Charging round duration: 23102.895062231928
-------------------
ID | p | E0 | time_arrive | E_remain | time_charge | energy_charge| E_after_charge | E_after_cycle
128 | 0.09 | 8790.89 | 177.16 | 8774.95 | 412.43 | 2062.17 | 10800.00 | 8709.26
137 | 0.10 | 8855.47 | 751.60 | 8780.31 | 412.18 | 2060.91 | 10800.00 | 8534.38
139 | 0.07 | 8645.22 | 1302.77 | 8554.03 | 360.86 | 1804.30 | 10333.06 | 8782.12
129 | 0.10 | 8786.23 | 1680.88 | 8618.14 | 445.28 | 2226.38 | 10800.00 | 8630.62
126 | 0.10 | 8640.10 | 2189.13 | 8421.19 | 485.47 | 2427.36 | 10800.00 | 8685.46
145 | 0.09 | 8790.64 | 2746.48 | 8543.46 | 456.29 | 2281.44 | 10783.83 | 8928.27
127 | 0.08 | 8714.61 | 3230.24 | 8456.19 | 409.13 | 2045.63 | 10469.10 | 8854.64
147 | 0.07 | 8607.71 | 3749.45 | 8345.25 | 362.43 | 1812.16 | 10132.04 | 8752.47
142 | 0.08 | 8708.15 | 4233.00 | 8369.51 | 409.43 | 2047.15 | 10383.91 | 8849.70
148 | 0.13 | 8720.36 | 4664.85 | 8113.93 | 551.55 | 2757.77 | 10800.00 | 8381.53
130 | 0.12 | 8448.64 | 5229.60 | 7821.09 | 610.43 | 3052.16 | 10800.00 | 8642.40
134 | 0.15 | 8245.17 | 5939.51 | 7354.25 | 710.46 | 3552.32 | 10800.00 | 8224.50
125 | 0.06 | 8543.82 | 6692.65 | 8142.26 | 312.98 | 1564.90 | 9688.37 | 8679.51
133 | 0.10 | 8857.91 | 7076.19 | 8150.29 | 503.14 | 2515.68 | 10615.66 | 8991.59
136 | 0.13 | 8762.39 | 7681.58 | 7763.79 | 623.45 | 3117.26 | 10800.00 | 8783.05
149 | 0.11 | 8911.74 | 8414.13 | 7986.19 | 550.11 | 2750.53 | 10676.20 | 9042.07
135 | 0.15 | 8348.98 | 9011.46 | 6997.26 | 784.07 | 3920.35 | 10800.00 | 8696.33
140 | 0.12 | 8926.61 | 9873.37 | 7741.80 | 599.12 | 2995.58 | 10665.49 | 9063.79
143 | 0.14 | 8858.77 | 10502.35 | 7388.44 | 701.97 | 3509.83 | 10800.00 | 9033.80
154 | 0.14 | 8589.81 | 11246.05 | 7015.36 | 726.37 | 3631.87 | 10545.54 | 8886.88
131 | 0.11 | 8705.68 | 12033.21 | 7382.02 | 563.13 | 2815.63 | 10135.71 | 8901.11
151 | 0.14 | 8972.60 | 12638.18 | 7203.25 | 695.39 | 3476.93 | 10582.83 | 9114.73
156 | 0.05 | 8396.18 | 13354.31 | 7728.46 | 265.40 | 1327.01 | 9042.20 | 8532.19
146 | 0.11 | 8911.98 | 13646.04 | 7410.92 | 550.09 | 2750.45 | 10100.86 | 9042.24
141 | 0.14 | 9034.81 | 14240.68 | 7041.12 | 690.60 | 3452.99 | 10397.42 | 9153.00
122 | 0.10 | 8469.16 | 14969.14 | 6972.24 | 526.23 | 2631.15 | 9550.77 | 8718.31
157 | 0.18 | 9137.35 | 15511.67 | 6345.25 | 877.95 | 4389.73 | 10576.96 | 9239.49
150 | 0.10 | 8856.09 | 16493.12 | 7206.78 | 503.24 | 2516.19 | 9672.65 | 8990.29
144 | 0.14 | 8999.40 | 17030.33 | 6615.16 | 693.31 | 3466.57 | 9984.67 | 9131.18
132 | 0.17 | 7682.69 | 17843.40 | 4649.32 | 986.17 | 4930.85 | 9412.51 | 8564.14
152 | 0.13 | 8999.94 | 18955.61 | 6535.71 | 643.75 | 3218.77 | 9670.79 | 9122.11
124 | 0.05 | 8424.62 | 19628.52 | 7443.20 | 264.51 | 1322.53 | 8752.50 | 8556.15
123 | 0.06 | 8543.81 | 20009.75 | 7343.23 | 312.98 | 1564.90 | 8889.35 | 8679.51
155 | 0.20 | 9252.18 | 20361.52 | 5179.87 | 963.39 | 4816.95 | 9804.15 | 9305.13
138 | 0.18 | 8291.02 | 21351.71 | 4447.71 | 967.57 | 4837.83 | 9111.38 | 8841.25
153 | 0.13 | 8999.78 | 22393.86 | 6088.58 | 643.77 | 3218.83 | 9223.72 | 9122.01
Vehicle 4
Charging tour: 
165  -> 166  -> 159  -> 158  -> 162  -> 172  -> 177  -> 161  -> 171  -> 175  -> 187  -> 160  -> 181  -> 186  -> 169  -> 163  -> 173  -> 164  -> 180  -> 188  -> 176  -> 174  -> 183  -> 170  -> 178  -> 167  -> 184  -> 189  -> 179  -> 182  -> 168  -> 185  -> 
Charging time: 
712.4753947888645  + 895.1246098841193  + 490.59648250571996  + 1210.207017907812  + 294.9052961891616  + 442.04151494132543  + 234.11765160713205  + 797.1337089752607  + 538.8184735846339  + 436.2143726644182  + 206.7493115508387  + 584.3459052565308  + 459.5844185773025  + 347.8771077372959  + 701.094268475125  + 259.01831151848063  + 565.0585272887231  + 316.73008824461306  + 218.00562757514743  + 459.57468256593796  + 304.7130858819731  + 301.1017349492908  + 304.52154714870096  + 732.6033307186046  + 400.121327458526  + 1072.2036880040969  + 589.9910840785535  + 520.5188985875176  + 579.2487062498901  + 1197.3565362460345  + 426.5768121538252  + 512.1843896917128  + 
total node:32/32
-------------------
Traveling energy: 2114.9628923482205
Charging energy: 85554.06956503582
Total energy used: 87669.03245738405
-------------------
Total time for travel: 2114.9628923482205
Total time for charging: 17110.813913007165
Charging round duration: 19225.776805355385
-------------------
ID | p | E0 | time_arrive | E_remain | time_charge | energy_charge| E_after_charge | E_after_cycle
165 | 0.18 | 7396.72 | 171.39 | 7365.87 | 712.48 | 3562.38 | 10800.00 | 6671.49
166 | 0.23 | 6760.11 | 999.36 | 6530.26 | 895.12 | 4475.62 | 10800.00 | 5757.13
159 | 0.10 | 8588.14 | 1920.67 | 8396.08 | 490.60 | 2452.98 | 10800.00 | 8659.13
158 | 0.23 | 5599.50 | 2487.78 | 5027.31 | 1210.21 | 6051.04 | 10800.00 | 6171.94
162 | 0.06 | 9567.07 | 3731.68 | 9343.17 | 294.91 | 1474.53 | 10800.00 | 9612.39
172 | 0.12 | 9134.13 | 4094.10 | 8642.84 | 442.04 | 2210.21 | 10800.00 | 8485.94
177 | 0.06 | 9923.63 | 4669.58 | 9643.46 | 234.12 | 1170.59 | 10800.00 | 9665.02
161 | 0.15 | 7675.61 | 4944.74 | 6933.90 | 797.13 | 3985.67 | 10800.00 | 8088.28
171 | 0.13 | 8930.54 | 5804.54 | 8175.95 | 538.82 | 2694.09 | 10800.00 | 8528.04
175 | 0.11 | 9369.32 | 6385.51 | 8666.91 | 436.21 | 2181.07 | 10800.00 | 8930.19
187 | 0.07 | 10261.79 | 6872.40 | 9780.73 | 206.75 | 1033.75 | 10800.00 | 9628.14
160 | 0.10 | 8647.50 | 7107.92 | 7936.71 | 584.35 | 2921.73 | 10800.00 | 9187.23
181 | 0.11 | 9411.74 | 7810.03 | 8552.63 | 459.58 | 2297.92 | 10800.00 | 9089.46
186 | 0.09 | 9848.70 | 8408.61 | 9091.92 | 347.88 | 1739.39 | 10800.00 | 9444.28
169 | 0.14 | 8626.70 | 8814.41 | 7392.68 | 701.09 | 3505.47 | 10800.00 | 8797.37
163 | 0.05 | 9784.46 | 9564.36 | 9306.24 | 259.02 | 1295.09 | 10588.38 | 9888.55
173 | 0.12 | 9223.39 | 9840.62 | 8042.51 | 565.06 | 2825.29 | 10800.00 | 9190.28
164 | 0.06 | 9601.95 | 10482.73 | 8972.98 | 316.73 | 1583.65 | 10537.63 | 9756.40
180 | 0.05 | 10263.30 | 10848.64 | 9720.87 | 218.01 | 1090.03 | 10800.00 | 10162.33
188 | 0.11 | 9773.35 | 11097.01 | 8552.68 | 459.57 | 2297.87 | 10800.00 | 9451.02
176 | 0.06 | 9980.62 | 11573.67 | 9286.20 | 304.71 | 1523.57 | 10791.48 | 10074.99
174 | 0.06 | 10029.69 | 11952.19 | 9312.56 | 301.10 | 1505.51 | 10800.00 | 10106.00
183 | 0.06 | 9986.90 | 12349.37 | 9245.94 | 304.52 | 1522.61 | 10750.27 | 10080.30
170 | 0.13 | 8877.71 | 12657.59 | 7232.22 | 732.60 | 3663.02 | 10800.00 | 9444.12
178 | 0.08 | 9911.99 | 13507.37 | 8831.40 | 400.12 | 2000.61 | 10800.00 | 10007.00
167 | 0.17 | 7985.60 | 13907.89 | 5621.26 | 1072.20 | 5361.02 | 10800.00 | 9297.21
184 | 0.11 | 9450.28 | 15070.49 | 7792.52 | 589.99 | 2949.96 | 10677.58 | 9780.03
189 | 0.10 | 9737.80 | 15697.00 | 8168.10 | 520.52 | 2602.59 | 10718.64 | 9958.39
179 | 0.11 | 9625.54 | 16268.64 | 7835.99 | 579.25 | 2896.24 | 10668.51 | 9901.58
182 | 0.23 | 8974.45 | 16894.96 | 5088.61 | 1197.36 | 5986.78 | 10800.00 | 9482.63
168 | 0.08 | 9505.83 | 18128.00 | 8055.59 | 426.58 | 2132.88 | 10154.35 | 9733.12
185 | 0.10 | 9896.26 | 18578.32 | 8038.43 | 512.18 | 2560.92 | 10548.13 | 10075.18
Vehicle 5
Charging tour: 
196  -> 192  -> 210  -> 190  -> 205  -> 231  -> 202  -> 213  -> 232  -> 227  -> 204  -> 215  -> 222  -> 212  -> 208  -> 214  -> 198  -> 191  -> 195  -> 207  -> 224  -> 197  -> 201  -> 206  -> 216  -> 223  -> 229  -> 225  -> 211  -> 226  -> 219  -> 199  -> 209  -> 193  -> 218  -> 230  -> 203  -> 228  -> 221  -> 220  -> 200  -> 217  -> 
Charging time: 
695.8839400710486  + 357.74808465281194  + 698.1517490632046  + 407.90193971142617  + 359.58468347111085  + 600.783840023692  + 455.9244155841806  + 505.76186790520865  + 1445.72948681056  + 504.1694995687311  + 407.8798913312777  + 648.2503718450453  + 407.7379373404642  + 262.2102265916714  + 680.7943605554584  + 552.2355863682048  + 307.49513085853215  + 407.3342975959488  + 600.2493322213717  + 552.2454440844908  + 310.13883700909145  + 741.210933586006  + 504.2288492358997  + 456.06101652826453  + 552.2573804790752  + 552.2422056078973  + 609.8553348840124  + 648.2518743975758  + 357.8074302723446  + 254.34143422684684  + 308.9209624038544  + 310.00625403633654  + 558.4808724099712  + 308.74690068188346  + 455.83744706523044  + 359.3816326407121  + 455.7368458952961  + 261.8920674024599  + 359.50852234584  + 407.92580623311915  + 696.240992351219  + 740.8618895507005  + 
total node:42/43
-------------------
Traveling energy: 2659.9621255095794
Charging energy: 105340.03787449037
Total energy used: 107999.99999999996
-------------------
Total time for travel: 2659.9621255095794
Total time for charging: 21068.007574898074
Charging round duration: 23727.969700407655
-------------------
ID | p | E0 | time_arrive | E_remain | time_charge | energy_charge| E_after_charge | E_after_cycle
196 | 0.14 | 7124.92 | 59.85 | 7116.54 | 695.88 | 3479.42 | 10498.53 | 7269.54
192 | 0.07 | 6929.62 | 856.91 | 6869.63 | 357.75 | 1788.74 | 8633.33 | 7050.96
210 | 0.14 | 7101.77 | 1277.61 | 6922.91 | 698.15 | 3490.76 | 10315.92 | 7257.73
190 | 0.08 | 6945.81 | 2029.17 | 6783.47 | 407.90 | 2039.51 | 8790.35 | 7079.72
205 | 0.07 | 6894.22 | 2566.99 | 6714.54 | 359.58 | 1797.92 | 8487.29 | 7024.75
231 | 0.12 | 7073.78 | 3078.04 | 6704.42 | 600.78 | 3003.92 | 9636.24 | 7219.30
202 | 0.09 | 6990.98 | 3772.85 | 6651.43 | 455.92 | 2279.62 | 8890.02 | 7126.80
213 | 0.10 | 7002.33 | 4260.47 | 6576.28 | 505.76 | 2528.81 | 9054.51 | 7149.14
232 | 0.15 | 3674.45 | 4823.45 | 2950.94 | 1445.73 | 7228.65 | 9962.72 | 7330.10
227 | 0.10 | 7024.44 | 6349.38 | 6389.51 | 504.17 | 2520.85 | 8859.94 | 7163.29
204 | 0.08 | 6946.18 | 6972.29 | 6388.40 | 407.88 | 2039.40 | 8395.17 | 7079.98
215 | 0.13 | 7102.14 | 7429.50 | 6136.30 | 648.25 | 3241.25 | 9293.28 | 7246.79
222 | 0.08 | 6948.60 | 8139.40 | 6297.45 | 407.74 | 2038.69 | 8303.52 | 7081.69
212 | 0.05 | 6753.19 | 8594.09 | 6323.49 | 262.21 | 1311.05 | 7621.43 | 6873.24
208 | 0.16 | 8323.24 | 8927.15 | 6894.90 | 680.79 | 3403.97 | 10189.94 | 7916.01
214 | 0.11 | 7054.35 | 9688.97 | 5988.56 | 552.24 | 2761.18 | 8688.99 | 7195.32
198 | 0.06 | 6910.37 | 10272.74 | 6294.01 | 307.50 | 1537.48 | 7813.04 | 7018.65
191 | 0.08 | 6955.49 | 10696.57 | 6099.76 | 407.33 | 2036.67 | 8103.85 | 7086.56
195 | 0.12 | 7080.08 | 11216.76 | 5734.07 | 600.25 | 3001.25 | 8663.29 | 7222.93
207 | 0.11 | 7054.22 | 11848.80 | 5750.85 | 552.25 | 2761.23 | 8451.33 | 7195.25
224 | 0.06 | 6851.47 | 12476.86 | 6102.86 | 310.14 | 1550.69 | 7634.94 | 6972.96
197 | 0.15 | 7167.01 | 12805.25 | 5246.22 | 741.21 | 3706.05 | 8841.10 | 7300.06
201 | 0.10 | 7023.62 | 13589.38 | 5664.68 | 504.23 | 2521.14 | 8135.40 | 7162.76
206 | 0.09 | 6988.89 | 14119.86 | 5718.10 | 456.06 | 2280.31 | 7957.36 | 7125.39
216 | 0.11 | 7054.07 | 14659.16 | 5441.56 | 552.26 | 2761.29 | 8142.10 | 7195.16
223 | 0.11 | 7054.26 | 15286.70 | 5372.73 | 552.24 | 2761.21 | 8073.19 | 7195.27
229 | 0.12 | 6968.56 | 15888.32 | 5061.96 | 609.86 | 3049.28 | 8038.05 | 7159.43
225 | 0.13 | 7102.12 | 16530.92 | 4953.10 | 648.25 | 3241.26 | 8110.09 | 7246.78
211 | 0.07 | 6928.47 | 17196.23 | 5724.73 | 357.81 | 1789.04 | 7488.72 | 7050.11
226 | 0.05 | 6962.12 | 17587.19 | 6082.76 | 254.34 | 1271.71 | 7341.75 | 7042.83
219 | 0.06 | 6878.48 | 17918.90 | 5803.35 | 308.92 | 1544.60 | 7329.41 | 6993.88
199 | 0.06 | 6854.40 | 18250.06 | 5759.40 | 310.01 | 1550.03 | 7290.83 | 6975.23
209 | 0.11 | 6975.46 | 18579.73 | 4931.69 | 558.48 | 2792.40 | 7662.66 | 7147.67
193 | 0.06 | 6882.36 | 19154.61 | 5733.08 | 308.75 | 1543.73 | 7258.29 | 6996.89
218 | 0.09 | 6992.32 | 19540.67 | 5233.66 | 455.84 | 2279.19 | 7471.82 | 7127.70
230 | 0.07 | 6898.12 | 20029.46 | 5496.06 | 359.38 | 1796.91 | 7267.81 | 7027.63
203 | 0.09 | 6993.86 | 20445.86 | 5153.73 | 455.74 | 2278.68 | 7391.40 | 7128.74
228 | 0.05 | 6761.39 | 20907.53 | 5716.02 | 261.89 | 1309.46 | 7012.38 | 6879.85
221 | 0.07 | 6895.68 | 21206.17 | 5411.25 | 359.51 | 1797.54 | 7183.63 | 7025.83
220 | 0.08 | 6945.40 | 21649.25 | 5213.46 | 407.93 | 2039.63 | 7220.46 | 7079.43
200 | 0.14 | 7121.26 | 22123.02 | 4024.04 | 696.24 | 3481.20 | 7407.77 | 7267.67
217 | 0.15 | 7170.39 | 22940.85 | 3729.26 | 740.86 | 3704.31 | 7322.44 | 7301.69
194 | 0.15 | 7157.59 | 3584.59
Vehicle 6
Charging tour: 
256  -> 239  -> 245  -> 235  -> 244  -> 233  -> 242  -> 251  -> 253  -> 250  -> 257  -> 258  -> 238  -> 264  -> 255  -> 248  -> 272  -> 271  -> 234  -> 249  -> 268  -> 240  -> 246  -> 237  -> 254  -> 261  -> 263  -> 260  -> 269  -> 270  -> 252  -> 236  -> 247  -> 243  -> 266  -> 273  -> 259  -> 265  -> 267  -> 241  -> 262  -> 
Charging time: 
277.63046338891587  + 346.26336339158627  + 425.4695953637394  + 583.0111888105216  + 417.86520172822617  + 345.2881487489216  + 456.1447806067676  + 415.2596196463946  + 344.5852868370565  + 345.40502968711945  + 467.03013906632833  + 385.41871905480593  + 656.5398163958918  + 345.43238968052106  + 366.27491330475834  + 482.451714399874  + 296.82315052914845  + 372.84106577948967  + 343.44073287888193  + 454.1849898069889  + 405.44682946163965  + 344.97998594227454  + 344.98278913586614  + 292.1411263400716  + 557.5129746028457  + 293.34264785108036  + 497.8300397620753  + 556.5033490212375  + 292.18459878314013  + 511.0528079986602  + 440.51424380417984  + 459.82827708007795  + 571.7861102553397  + 392.5289967210337  + 541.2681292985777  + 653.2360120946412  + 392.4652462016002  + 590.0453189528923  + 747.9855066670025  + 345.16952424424807  + 762.5373812906874  + 
total node:41/41
-------------------
Traveling energy: 2527.124370898564
Charging energy: 90603.51102307554
Total energy used: 93130.63539397411
-------------------
Total time for travel: 2527.124370898564
Total time for charging: 18120.702204615107
Charging round duration: 20647.82657551367
-------------------
ID | p | E0 | time_arrive | E_remain | time_charge | energy_charge| E_after_charge | E_after_cycle
256 | 0.08 | 9439.57 | 68.88 | 9434.06 | 277.63 | 1388.15 | 10800.00 | 8922.12
239 | 0.08 | 9132.99 | 457.59 | 9096.38 | 346.26 | 1731.32 | 10800.00 | 8958.71
245 | 0.11 | 8814.21 | 861.44 | 8719.45 | 425.47 | 2127.35 | 10800.00 | 8321.36
235 | 0.12 | 8110.42 | 1295.93 | 7954.91 | 583.01 | 2915.06 | 10800.00 | 8167.07
244 | 0.10 | 8942.60 | 1901.39 | 8752.46 | 417.87 | 2089.33 | 10800.00 | 8649.92
233 | 0.06 | 9032.07 | 2373.22 | 8889.67 | 345.29 | 1726.44 | 10595.40 | 9329.31
242 | 0.10 | 8846.68 | 2817.88 | 8564.89 | 456.14 | 2280.72 | 10800.00 | 8745.40
251 | 0.11 | 9130.82 | 3285.79 | 8769.38 | 415.26 | 2076.30 | 10800.00 | 8586.91
253 | 0.06 | 9050.49 | 3763.98 | 8824.65 | 344.59 | 1722.93 | 10526.90 | 9344.22
250 | 0.06 | 9029.01 | 4152.42 | 8779.86 | 345.41 | 1727.03 | 10486.17 | 9326.83
257 | 0.14 | 9165.39 | 4536.82 | 8530.23 | 467.03 | 2335.15 | 10800.00 | 8165.74
258 | 0.07 | 9252.37 | 5035.55 | 8899.89 | 385.42 | 1927.09 | 10800.00 | 9512.07
238 | 0.12 | 8249.07 | 5441.55 | 7596.09 | 656.54 | 3282.70 | 10800.00 | 8673.37
264 | 0.10 | 9722.66 | 6152.75 | 9107.38 | 345.43 | 1727.16 | 10800.00 | 9067.82
255 | 0.09 | 9593.62 | 6578.14 | 9001.59 | 366.27 | 1831.37 | 10800.00 | 9281.20
248 | 0.10 | 9135.24 | 6992.54 | 8435.99 | 482.45 | 2412.26 | 10800.00 | 9165.50
272 | 0.05 | 8755.68 | 7505.28 | 8380.41 | 296.82 | 1484.12 | 9849.69 | 9048.79
271 | 0.13 | 10001.59 | 7825.62 | 8984.26 | 372.84 | 1864.21 | 10800.00 | 8769.20
234 | 0.06 | 9080.65 | 8256.88 | 8585.24 | 343.44 | 1717.20 | 10281.84 | 9368.65
249 | 0.09 | 9344.93 | 8610.89 | 8569.95 | 454.18 | 2270.92 | 10800.00 | 9472.06
268 | 0.10 | 9725.07 | 9117.60 | 8813.31 | 405.45 | 2027.23 | 10800.00 | 9370.30
240 | 0.06 | 9040.13 | 9618.43 | 8463.03 | 344.98 | 1724.90 | 10167.23 | 9335.83
246 | 0.06 | 9040.06 | 10033.74 | 8438.04 | 344.98 | 1724.91 | 10142.25 | 9335.77
237 | 0.05 | 8896.00 | 10466.02 | 8372.70 | 292.14 | 1460.71 | 9818.80 | 9165.71
254 | 0.10 | 9145.18 | 10769.94 | 8068.19 | 557.51 | 2787.56 | 10800.00 | 9550.74
261 | 0.05 | 8859.56 | 11498.07 | 8284.66 | 293.34 | 1466.71 | 9736.71 | 9135.28
263 | 0.12 | 9799.70 | 11909.23 | 8370.59 | 497.83 | 2489.15 | 10800.00 | 9430.45
260 | 0.12 | 9576.03 | 12431.35 | 8084.26 | 556.50 | 2782.52 | 10800.00 | 9500.14
269 | 0.05 | 8894.68 | 13057.09 | 8241.82 | 292.18 | 1460.92 | 9688.14 | 9164.60
270 | 0.12 | 9925.56 | 13495.84 | 8306.06 | 511.05 | 2555.26 | 10800.00 | 9622.43
252 | 0.08 | 9439.47 | 14051.04 | 8315.39 | 440.51 | 2202.57 | 10482.72 | 9736.44
236 | 0.08 | 9042.99 | 14540.46 | 7879.75 | 459.83 | 2299.14 | 10142.10 | 9436.53
247 | 0.10 | 9090.42 | 15043.07 | 7586.11 | 571.79 | 2858.93 | 10387.86 | 9567.35
243 | 0.07 | 9269.23 | 15688.85 | 8171.01 | 392.53 | 1962.64 | 10106.18 | 9564.48
266 | 0.10 | 9602.96 | 16139.63 | 7989.00 | 541.27 | 2706.34 | 10641.21 | 9927.30
273 | 0.15 | 10138.87 | 16713.75 | 7631.81 | 653.24 | 3266.18 | 10800.00 | 9832.05
259 | 0.07 | 9270.74 | 17386.58 | 8053.68 | 392.47 | 1962.33 | 9988.53 | 9565.67
265 | 0.11 | 9690.02 | 17810.81 | 7730.83 | 590.05 | 2950.23 | 10616.16 | 10020.05
267 | 0.13 | 9033.74 | 18476.48 | 6631.80 | 747.99 | 3739.93 | 10274.49 | 9677.07
241 | 0.06 | 9035.17 | 19362.88 | 7873.40 | 345.17 | 1725.85 | 9578.53 | 9331.82
262 | 0.14 | 9542.99 | 19778.79 | 6773.96 | 762.54 | 3812.69 | 10479.89 | 10020.88
Vehicle 7
Charging tour: 
274  -> 288  -> 276  -> 305  -> 286  -> 310  -> 303  -> 291  -> 278  -> 280  -> 285  -> 313  -> 290  -> 298  -> 302  -> 295  -> 300  -> 289  -> 307  -> 279  -> 275  -> 294  -> 311  -> 297  -> 282  -> 293  -> 299  -> 277  -> 292  -> 281  -> 308  -> 309  -> 301  -> 312  -> 283  -> 304  -> 306  -> 287  -> 284  -> 296  -> 
Charging time: 
345.6624650301805  + 350.2927670892644  + 345.68471651939274  + 295.98847911283616  + 343.0790115556142  + 321.67434489131887  + 317.77137019544585  + 558.337795525453  + 393.4676217770681  + 403.84752582529035  + 396.14773890160444  + 345.671396823724  + 409.79059656815184  + 415.0675037991355  + 421.1073984066122  + 407.0271237148053  + 393.3495793197222  + 296.0277873164298  + 487.80882552806895  + 344.92524113924657  + 844.9749383806388  + 441.71257905080563  + 345.0601261069577  + 498.6626174112921  + 392.82623196740053  + 626.2521036553902  + 345.5382891349368  + 591.6212097499887  + 441.49830962164833  + 807.5896449542965  + 631.271219027739  + 591.3525392554632  + 785.6957297848712  + 669.3600524351414  + 441.57175114977946  + 630.8385727688387  + 677.8833525794853  + 441.65008039534325  + 393.76186522431004  + 715.6575347988932  + 
total node:40/40
-------------------
Traveling energy: 2370.0465227913355
Charging energy: 94537.54018246295
Total energy used: 96907.58670525429
-------------------
Total time for travel: 2370.0465227913355
Total time for charging: 18907.50803649259
Charging round duration: 21277.554559283926
-------------------
ID | p | E0 | time_arrive | E_remain | time_charge | energy_charge| E_after_charge | E_after_cycle
274 | 0.06 | 8833.05 | 183.00 | 8822.07 | 345.66 | 1728.31 | 10529.65 | 9132.17
288 | 0.10 | 9148.50 | 649.38 | 9083.57 | 350.29 | 1751.46 | 10800.00 | 8517.97
276 | 0.06 | 8832.49 | 1105.94 | 8766.13 | 345.68 | 1728.42 | 10473.81 | 9131.71
305 | 0.05 | 8596.21 | 1482.05 | 8522.11 | 295.99 | 1479.94 | 9987.25 | 8885.15
286 | 0.06 | 8899.57 | 1864.28 | 8787.71 | 343.08 | 1715.40 | 10482.52 | 9185.76
310 | 0.13 | 9533.68 | 2309.46 | 9233.45 | 321.67 | 1608.37 | 10800.00 | 8045.45
303 | 0.15 | 9669.22 | 2736.07 | 9258.81 | 317.77 | 1588.86 | 10800.00 | 7685.08
291 | 0.15 | 8561.11 | 3127.00 | 8092.06 | 558.34 | 2791.69 | 10800.00 | 7779.80
278 | 0.07 | 9053.17 | 3722.37 | 8792.61 | 393.47 | 1967.34 | 10732.40 | 9353.11
280 | 0.08 | 9146.75 | 4171.00 | 8813.07 | 403.85 | 2019.24 | 10800.00 | 9260.39
285 | 0.08 | 9221.31 | 4629.50 | 8850.95 | 396.15 | 1980.74 | 10800.00 | 9296.45
313 | 0.06 | 8832.83 | 5049.10 | 8529.88 | 345.67 | 1728.36 | 10237.50 | 9131.98
290 | 0.08 | 9219.04 | 5440.13 | 8783.83 | 409.79 | 2048.95 | 10800.00 | 9362.39
298 | 0.08 | 9226.29 | 5855.26 | 8757.87 | 415.07 | 2075.34 | 10800.00 | 9396.03
302 | 0.14 | 9634.28 | 6291.89 | 8753.42 | 421.11 | 2105.54 | 10800.00 | 8405.02
295 | 0.10 | 9485.28 | 6797.08 | 8805.57 | 407.03 | 2035.14 | 10800.00 | 9138.41
300 | 0.07 | 9055.89 | 7226.95 | 8550.01 | 393.35 | 1966.75 | 10489.22 | 9355.24
289 | 0.05 | 8595.07 | 7645.99 | 8212.77 | 296.03 | 1480.14 | 9678.11 | 8884.21
307 | 0.11 | 9294.66 | 8000.37 | 8414.61 | 487.81 | 2439.04 | 10800.00 | 9113.50
279 | 0.06 | 8851.93 | 8555.86 | 8338.58 | 344.93 | 1724.63 | 10042.51 | 9147.36
275 | 0.13 | 7829.09 | 8954.78 | 6664.97 | 844.97 | 4224.87 | 10780.00 | 8957.37
294 | 0.08 | 9216.42 | 9855.57 | 8427.97 | 441.71 | 2208.56 | 10601.20 | 9519.38
311 | 0.06 | 8848.47 | 10337.25 | 8228.24 | 345.06 | 1725.30 | 9932.84 | 9144.57
297 | 0.09 | 9184.33 | 10760.59 | 8215.88 | 498.66 | 2493.31 | 10664.31 | 9533.84
282 | 0.07 | 9067.96 | 11309.88 | 8276.27 | 392.83 | 1964.13 | 10212.90 | 9364.69
293 | 0.11 | 8938.31 | 11761.49 | 7644.55 | 626.25 | 3131.26 | 10706.92 | 9449.37
299 | 0.06 | 8836.23 | 12413.49 | 8091.42 | 345.54 | 1727.69 | 9798.38 | 9134.72
277 | 0.10 | 8601.38 | 12824.53 | 7318.93 | 591.62 | 2958.11 | 10217.87 | 9177.49
292 | 0.08 | 9220.89 | 13555.46 | 8136.45 | 441.50 | 2207.49 | 10308.62 | 9522.78
281 | 0.13 | 8191.52 | 14025.73 | 6368.17 | 807.59 | 4037.95 | 10301.14 | 9132.87
308 | 0.14 | 9810.99 | 14849.75 | 7732.02 | 631.27 | 3156.36 | 10800.00 | 9632.54
309 | 0.11 | 9465.82 | 15577.74 | 7752.27 | 591.35 | 2956.76 | 10643.98 | 9802.38
301 | 0.15 | 9418.89 | 16196.75 | 6989.38 | 785.70 | 3928.48 | 10800.00 | 9774.37
312 | 0.13 | 9751.88 | 17012.78 | 7540.22 | 669.36 | 3346.80 | 10800.00 | 10002.08
283 | 0.08 | 9219.36 | 17752.59 | 7799.15 | 441.57 | 2207.86 | 9971.68 | 9521.61
304 | 0.12 | 9679.99 | 18213.52 | 7494.37 | 630.84 | 3154.19 | 10572.86 | 9975.78
306 | 0.13 | 9758.89 | 18854.96 | 7307.74 | 677.88 | 3389.42 | 10609.03 | 10051.70
287 | 0.08 | 9217.72 | 19550.46 | 7653.68 | 441.65 | 2208.25 | 9826.60 | 9520.37
284 | 0.07 | 9046.41 | 20005.23 | 7646.04 | 393.76 | 1968.81 | 9587.29 | 9347.82
296 | 0.13 | 9243.79 | 20449.44 | 6585.36 | 715.66 | 3578.29 | 10070.61 | 9725.47
Vehicle 8
Charging tour: 
343  -> 328  -> 314  -> 324  -> 349  -> 318  -> 333  -> 346  -> 320  -> 321  -> 317  -> 330  -> 329  -> 342  -> 339  -> 315  -> 340  -> 323  -> 326  -> 335  -> 331  -> 352  -> 316  -> 319  -> 336  -> 351  -> 337  -> 332  -> 334  -> 338  -> 347  -> 327  -> 345  -> 341  -> 344  -> 350  -> 348  -> 325  -> 322  -> 
Charging time: 
169.6723800033343  + 361.3406630003429  + 392.6601483492057  + 337.56627707519925  + 225.3494749337318  + 386.71911749884686  + 278.0259753007964  + 197.1862110757109  + 390.6775422817431  + 293.25084109101476  + 580.926049184185  + 506.584431639218  + 310.86487758904855  + 387.8431928370143  + 411.099649022999  + 653.9899317279674  + 434.7728302404198  + 433.4633646692636  + 590.0423509592111  + 821.5458430936173  + 305.07052420282236  + 306.95661211257163  + 820.6401994172961  + 506.5054268480004  + 648.423262739213  + 378.4763558200917  + 302.07843426639175  + 666.2638952574564  + 976.5790754179566  + 578.0043077030535  + 483.1651418191147  + 426.3444102444354  + 781.1158131391226  + 799.4374877697912  + 410.63928904294994  + 594.9624555583875  + 487.8909802885285  + 777.59589071808  + 569.2951728840901  + 
total node:39/39
-------------------
Traveling energy: 2399.713018370474
Charging energy: 94915.12943411109
Total energy used: 97314.84245248156
-------------------
Total time for travel: 2399.713018370474
Total time for charging: 18983.02588682222
Charging round duration: 21382.738905192695
-------------------
ID | p | E0 | time_arrive | E_remain | time_charge | energy_charge| E_after_charge | E_after_cycle
343 | 0.07 | 9969.78 | 89.53 | 9963.52 | 169.67 | 848.36 | 10800.00 | 9150.74
328 | 0.10 | 9064.82 | 353.88 | 9029.43 | 361.34 | 1806.70 | 10800.00 | 8489.52
314 | 0.08 | 8929.30 | 764.81 | 8868.11 | 392.66 | 1963.30 | 10800.00 | 8987.00
324 | 0.08 | 9240.81 | 1270.48 | 9139.17 | 337.57 | 1687.83 | 10800.00 | 9023.04
349 | 0.07 | 9812.65 | 1766.07 | 9689.03 | 225.35 | 1126.75 | 10800.00 | 9272.00
318 | 0.08 | 9059.28 | 2024.24 | 8897.34 | 386.72 | 1933.60 | 10800.00 | 9087.28
333 | 0.08 | 9630.36 | 2478.04 | 9432.11 | 278.03 | 1390.13 | 10800.00 | 9114.88
346 | 0.06 | 9994.26 | 2805.95 | 9825.90 | 197.19 | 985.93 | 10800.00 | 9550.99
320 | 0.08 | 9122.37 | 3056.35 | 8877.87 | 390.68 | 1953.39 | 10800.00 | 9170.16
321 | 0.06 | 9559.90 | 3475.93 | 9351.34 | 293.25 | 1466.25 | 10800.00 | 9596.95
317 | 0.11 | 8377.29 | 3800.14 | 7959.27 | 580.93 | 2904.63 | 10800.00 | 8661.72
330 | 0.12 | 8856.78 | 4407.58 | 8327.87 | 506.58 | 2532.92 | 10800.00 | 8531.30
329 | 0.07 | 9614.22 | 4954.09 | 9267.44 | 310.86 | 1554.32 | 10800.00 | 9501.15
342 | 0.08 | 9316.26 | 5305.60 | 8891.81 | 387.84 | 1939.22 | 10800.00 | 9349.87
339 | 0.10 | 9357.54 | 5719.32 | 8785.61 | 411.10 | 2055.50 | 10800.00 | 9031.04
315 | 0.11 | 8286.20 | 6220.07 | 7601.99 | 653.99 | 3269.95 | 10800.00 | 8935.95
340 | 0.11 | 9437.23 | 6938.82 | 8673.96 | 434.77 | 2173.86 | 10800.00 | 8990.89
323 | 0.08 | 9213.16 | 7395.71 | 8621.50 | 433.46 | 2167.32 | 10754.14 | 9474.88
326 | 0.11 | 8789.89 | 7956.35 | 7914.69 | 590.04 | 2950.21 | 10800.00 | 9119.90
335 | 0.18 | 8391.50 | 8618.60 | 6840.15 | 821.55 | 4107.73 | 10800.00 | 8211.62
331 | 0.06 | 9817.98 | 9474.71 | 9249.50 | 305.07 | 1525.35 | 10756.54 | 9914.13
352 | 0.06 | 9757.65 | 9787.45 | 9170.41 | 306.96 | 1534.78 | 10686.77 | 9863.23
316 | 0.13 | 7907.91 | 10126.15 | 6591.51 | 820.64 | 4103.20 | 10588.03 | 8914.51
319 | 0.09 | 8870.12 | 10982.56 | 7881.69 | 506.51 | 2532.53 | 10368.63 | 9258.85
336 | 0.13 | 9137.71 | 11504.11 | 7642.18 | 648.42 | 3242.12 | 10800.00 | 9283.23
351 | 0.08 | 9911.39 | 12168.66 | 8937.90 | 378.48 | 1892.38 | 10800.00 | 9898.17
337 | 0.06 | 9915.23 | 12575.42 | 9160.70 | 302.08 | 1510.39 | 10652.97 | 9996.42
332 | 0.12 | 8990.96 | 12934.96 | 7438.76 | 666.26 | 3331.32 | 10690.13 | 9463.88
334 | 0.17 | 8402.06 | 13640.78 | 6083.12 | 976.58 | 4882.90 | 10800.00 | 9235.55
338 | 0.11 | 9500.20 | 14658.88 | 7887.72 | 578.00 | 2890.02 | 10714.16 | 9770.02
347 | 0.11 | 10117.69 | 15276.04 | 8437.32 | 483.17 | 2415.83 | 10800.00 | 9913.31
327 | 0.08 | 9367.00 | 15779.94 | 8104.60 | 426.34 | 2131.72 | 10202.22 | 9593.12
345 | 0.16 | 9639.89 | 16378.09 | 7019.40 | 781.12 | 3905.58 | 10800.00 | 9734.27
341 | 0.15 | 9366.51 | 17267.03 | 6776.46 | 799.44 | 3997.19 | 10653.73 | 9790.70
344 | 0.08 | 9725.25 | 18107.76 | 8276.62 | 410.64 | 2053.20 | 10296.97 | 9872.84
350 | 0.12 | 10068.45 | 18553.22 | 7842.07 | 594.96 | 2974.81 | 10745.48 | 10184.86
348 | 0.10 | 10231.71 | 19196.34 | 8312.08 | 487.89 | 2439.45 | 10702.74 | 10289.17
325 | 0.13 | 8345.66 | 19738.60 | 5779.64 | 777.60 | 3887.98 | 9566.53 | 9137.03
322 | 0.10 | 8768.67 | 20623.58 | 6706.31 | 569.30 | 2846.48 | 9495.85 | 9233.14
Vehicle 9
Charging tour: 
384  -> 372  -> 370  -> 389  -> 369  -> 374  -> 379  -> 388  -> 385  -> 382  -> 353  -> 358  -> 354  -> 365  -> 357  -> 366  -> 378  -> 383  -> 360  -> 364  -> 362  -> 367  -> 392  -> 386  -> 387  -> 381  -> 355  -> 375  -> 371  -> 391  -> 363  -> 393  -> 368  -> 380  -> 356  -> 390  -> 359  -> 377  -> 361  -> 376  -> 373  -> 
Charging time: 
412.0734248431321  + 555.1470983394514  + 364.1632679150998  + 650.3913778585121  + 315.38550198299856  + 507.52876342288147  + 697.9747427234835  + 650.3905827740525  + 650.3916019862872  + 507.5121662676785  + 364.18587565751176  + 363.97945114328775  + 459.8480362619131  + 555.1616519903029  + 649.4603958164162  + 459.8417699143948  + 649.7889191980298  + 411.8605376194381  + 459.85223029385446  + 315.60629683183856  + 459.8276613268101  + 650.3610694898347  + 555.1607985884034  + 315.9942072125832  + 650.3582948947396  + 261.15396449170817  + 266.4256424401645  + 507.53034970706716  + 315.31460266694296  + 459.7944951974582  + 555.16039445149  + 698.0104721754141  + 698.0103967754304  + 602.7770840050767  + 459.7122360030735  + 602.7773885449789  + 697.7584477620666  + 459.8573584278214  + 650.3914022432052  + 507.51450303740364  + 743.6018883474038  + 
total node:41/41
-------------------
Traveling energy: 2409.8182468518203
Charging energy: 105590.1817531482
Total energy used: 108000.00000000001
-------------------
Total time for travel: 2409.8182468518203
Total time for charging: 21118.036350629638
Charging round duration: 23527.85459748146
-------------------
ID | p | E0 | time_arrive | E_remain | time_charge | energy_charge| E_after_charge | E_after_cycle
384 | 0.08 | 6677.21 | 174.73 | 6663.24 | 412.07 | 2060.37 | 8690.64 | 6831.98
372 | 0.11 | 6814.98 | 681.93 | 6739.97 | 555.15 | 2775.74 | 9454.64 | 6970.51
370 | 0.07 | 6611.22 | 1302.39 | 6520.06 | 364.16 | 1820.82 | 8315.38 | 6764.64
389 | 0.13 | 6874.62 | 1676.80 | 6656.63 | 650.39 | 3251.96 | 9824.04 | 7029.97
369 | 0.06 | 6543.19 | 2358.45 | 6401.68 | 315.39 | 1576.93 | 7959.69 | 6690.92
374 | 0.10 | 6776.72 | 2677.23 | 6508.99 | 507.53 | 2537.64 | 8995.88 | 6932.36
379 | 0.14 | 6898.72 | 3255.72 | 6442.91 | 697.97 | 3489.87 | 9835.07 | 7053.79
388 | 0.13 | 6874.62 | 3998.99 | 6354.76 | 650.39 | 3251.95 | 9522.16 | 7029.98
385 | 0.13 | 6874.61 | 4701.19 | 6263.46 | 650.39 | 3251.96 | 9430.87 | 7029.97
382 | 0.10 | 6776.94 | 5391.16 | 6237.82 | 507.51 | 2537.56 | 8724.63 | 6932.50
353 | 0.07 | 6610.81 | 5937.87 | 6195.16 | 364.19 | 1820.93 | 7990.60 | 6764.34
358 | 0.07 | 6614.56 | 6366.46 | 6168.91 | 363.98 | 1819.90 | 7963.33 | 6767.06
354 | 0.09 | 6731.44 | 6798.21 | 6119.60 | 459.85 | 2299.24 | 8377.46 | 6886.88
365 | 0.11 | 6814.80 | 7329.25 | 6008.58 | 555.16 | 2775.81 | 8723.32 | 6970.41
357 | 0.13 | 6884.47 | 7905.86 | 5856.71 | 649.46 | 3247.30 | 9019.58 | 7035.17
366 | 0.09 | 6731.53 | 8580.52 | 5959.29 | 459.84 | 2299.21 | 8217.11 | 6886.94
378 | 0.13 | 6880.99 | 9064.36 | 5702.62 | 649.79 | 3248.94 | 8867.10 | 7033.33
383 | 0.08 | 6680.67 | 9755.07 | 5900.26 | 411.86 | 2059.30 | 7926.61 | 6834.37
360 | 0.09 | 6731.38 | 10184.79 | 5814.75 | 459.85 | 2299.26 | 8072.62 | 6886.84
364 | 0.06 | 6538.61 | 10777.95 | 5891.93 | 315.61 | 1578.03 | 7451.03 | 6687.44
362 | 0.09 | 6731.74 | 11223.12 | 5721.66 | 459.83 | 2299.14 | 7979.41 | 6887.08
367 | 0.13 | 6874.94 | 11714.54 | 5352.05 | 650.36 | 3251.81 | 8519.31 | 7030.14
392 | 0.11 | 6814.81 | 12392.65 | 5451.62 | 555.16 | 2775.80 | 8166.36 | 6970.41
386 | 0.06 | 6530.58 | 13035.25 | 5748.47 | 315.99 | 1579.97 | 7309.48 | 6681.35
387 | 0.13 | 6874.97 | 13426.03 | 5129.58 | 650.36 | 3251.79 | 8296.83 | 7030.16
381 | 0.05 | 6584.96 | 14150.72 | 5877.43 | 261.15 | 1305.77 | 7170.14 | 6699.73
355 | 0.05 | 6454.67 | 14434.36 | 5732.95 | 266.43 | 1332.13 | 7051.76 | 6595.80
375 | 0.10 | 6776.69 | 14841.96 | 5292.50 | 507.53 | 2537.65 | 7779.40 | 6932.35
371 | 0.06 | 6544.66 | 15433.83 | 5618.63 | 315.31 | 1576.57 | 7176.28 | 6692.03
391 | 0.09 | 6732.23 | 15767.16 | 5313.18 | 459.79 | 2298.97 | 7570.77 | 6887.40
363 | 0.11 | 6814.82 | 16233.76 | 5029.10 | 555.16 | 2775.80 | 7743.84 | 6970.42
393 | 0.14 | 6898.36 | 16826.00 | 4542.72 | 698.01 | 3490.05 | 7935.05 | 7053.61
368 | 0.14 | 6898.36 | 17560.57 | 4439.88 | 698.01 | 3490.05 | 7832.21 | 7053.61
380 | 0.12 | 6847.06 | 18315.01 | 4649.26 | 602.78 | 3013.89 | 7590.82 | 7002.55
356 | 0.09 | 6733.43 | 18925.97 | 5030.09 | 459.71 | 2298.56 | 7287.28 | 6888.19
390 | 0.12 | 6847.06 | 19502.76 | 4506.73 | 602.78 | 3013.89 | 7448.28 | 7002.55
359 | 0.14 | 6900.85 | 20117.63 | 4084.39 | 697.76 | 3488.79 | 7475.49 | 7054.85
377 | 0.09 | 6731.31 | 20973.28 | 4843.71 | 459.86 | 2299.29 | 7101.61 | 6886.79
361 | 0.13 | 6874.62 | 21440.09 | 4087.41 | 650.39 | 3251.96 | 7254.81 | 7029.97
376 | 0.10 | 6776.91 | 22118.01 | 4565.10 | 507.51 | 2537.57 | 7051.93 | 6932.48
373 | 0.15 | 6937.94 | 22678.38 | 3536.19 | 743.60 | 3718.01 | 7142.65 | 7082.95
Vehicle 10
Charging tour: 
429  -> 411  -> 398  -> 397  -> 395  -> 409  -> 421  -> 428  -> 426  -> 412  -> 415  -> 405  -> 402  -> 414  -> 396  -> 424  -> 403  -> 416  -> 407  -> 399  -> 431  -> 417  -> 408  -> 404  -> 419  -> 420  -> 394  -> 425  -> 406  -> 422  -> 430  -> 418  -> 401  -> 413  -> 432  -> 427  -> 423  -> 400  -> 410  -> 
Charging time: 
289.2658935606763  + 519.6297094935891  + 370.84658005680313  + 352.90045648580974  + 456.6413100074117  + 464.2581491627548  + 350.8361483931836  + 269.0064060875702  + 349.89510338762426  + 390.74436200978477  + 301.7990277882624  + 378.20135819634316  + 412.02656194862476  + 398.30043322956664  + 714.4469200716394  + 448.2729294524796  + 398.38377290277657  + 510.31388393778417  + 398.4045088850531  + 748.9941092357803  + 526.8578748213471  + 461.24808694469664  + 350.78118225190093  + 732.1648905044904  + 446.0401194341319  + 523.7515937934314  + 971.1548185933344  + 558.0801806905826  + 510.13750266028063  + 492.24848532090095  + 350.54808719290793  + 540.9282217868812  + 350.17951611940885  + 492.49393171335345  + 681.8859766660786  + 704.9460650667119  + 641.3198212718129  + 349.0045056954033  + 504.36892264411085  + 
total node:39/39
-------------------
Traveling energy: 2256.081101348711
Charging energy: 93556.53703732642
Total energy used: 95812.61813867513
-------------------
Total time for travel: 2256.081101348711
Total time for charging: 18711.307407465283
Charging round duration: 20967.388508813994
-------------------
ID | p | E0 | time_arrive | E_remain | time_charge | energy_charge| E_after_charge | E_after_cycle
429 | 0.09 | 9392.75 | 144.94 | 9379.70 | 289.27 | 1446.33 | 10800.00 | 8695.28
411 | 0.16 | 8357.11 | 450.71 | 8284.99 | 519.63 | 2598.15 | 10800.00 | 7144.05
398 | 0.08 | 9053.88 | 980.54 | 8975.43 | 370.85 | 1854.23 | 10800.00 | 9002.51
397 | 0.07 | 9159.92 | 1424.60 | 9060.20 | 352.90 | 1764.50 | 10800.00 | 9257.02
395 | 0.09 | 8722.65 | 1830.62 | 8557.89 | 456.64 | 2283.21 | 10800.00 | 8862.05
409 | 0.12 | 8826.43 | 2433.38 | 8534.42 | 464.26 | 2321.29 | 10800.00 | 8289.32
421 | 0.06 | 8913.73 | 3069.34 | 8729.57 | 350.84 | 1754.18 | 10462.70 | 9238.71
428 | 0.12 | 9901.44 | 3451.57 | 9487.25 | 269.01 | 1345.03 | 10800.00 | 8388.07
426 | 0.06 | 8937.70 | 3734.85 | 8713.61 | 349.90 | 1749.48 | 10442.09 | 9257.98
412 | 0.07 | 9165.11 | 4163.93 | 8873.63 | 390.74 | 1953.72 | 10800.00 | 9451.43
415 | 0.05 | 8635.05 | 4641.48 | 8402.97 | 301.80 | 1509.00 | 9896.88 | 8953.04
405 | 0.08 | 9335.65 | 4954.99 | 8939.25 | 378.20 | 1891.01 | 10800.00 | 9321.05
402 | 0.08 | 9207.15 | 5429.07 | 8772.83 | 412.03 | 2060.13 | 10800.00 | 9361.69
414 | 0.07 | 9160.09 | 5890.62 | 8747.75 | 398.30 | 1991.50 | 10711.37 | 9484.19
396 | 0.12 | 8072.24 | 6322.81 | 7313.50 | 714.45 | 3572.23 | 10800.00 | 8786.07
424 | 0.13 | 9534.82 | 7060.81 | 8616.91 | 448.27 | 2241.36 | 10800.00 | 8679.58
403 | 0.07 | 9158.18 | 7561.90 | 8628.84 | 398.38 | 1991.92 | 10592.88 | 9482.69
416 | 0.12 | 9273.00 | 8027.73 | 8309.67 | 510.31 | 2551.57 | 10800.00 | 8966.16
407 | 0.07 | 9157.70 | 8580.55 | 8557.06 | 398.40 | 1992.02 | 10521.20 | 9482.32
399 | 0.12 | 8237.72 | 9106.74 | 7144.91 | 748.99 | 3744.97 | 10800.00 | 9124.29
431 | 0.11 | 9308.51 | 9862.21 | 8223.66 | 526.86 | 2634.29 | 10800.00 | 9322.60
417 | 0.10 | 9588.08 | 10481.96 | 8539.88 | 461.25 | 2306.24 | 10800.00 | 9512.32
408 | 0.06 | 8915.13 | 10973.75 | 8256.70 | 350.78 | 1753.91 | 9989.56 | 9239.83
404 | 0.12 | 8542.50 | 11357.12 | 7179.64 | 732.16 | 3660.82 | 10752.61 | 9344.92
419 | 0.08 | 9348.21 | 12138.37 | 8377.14 | 446.04 | 2230.20 | 10571.66 | 9672.81
420 | 0.10 | 9500.34 | 12667.19 | 8233.62 | 523.75 | 2618.76 | 10800.00 | 9737.09
394 | 0.14 | 7513.67 | 13228.08 | 5661.74 | 971.15 | 4855.77 | 10381.55 | 9034.64
425 | 0.10 | 9339.34 | 14208.79 | 7918.46 | 558.08 | 2790.40 | 10653.05 | 9747.74
406 | 0.09 | 9195.34 | 14796.45 | 7863.66 | 510.14 | 2550.69 | 10368.44 | 9602.23
422 | 0.09 | 9529.51 | 15377.65 | 8145.52 | 492.25 | 2461.24 | 10562.46 | 9846.95
430 | 0.06 | 8921.06 | 15915.07 | 7966.15 | 350.55 | 1752.74 | 9697.86 | 9244.60
418 | 0.10 | 9635.47 | 16282.09 | 8007.26 | 540.93 | 2704.64 | 10657.81 | 9958.11
401 | 0.06 | 8930.44 | 16859.88 | 7918.85 | 350.18 | 1750.90 | 9648.74 | 9252.14
413 | 0.09 | 9524.76 | 17234.82 | 7973.63 | 492.49 | 2462.47 | 10391.78 | 9843.43
432 | 0.15 | 10154.93 | 17747.18 | 7492.85 | 681.89 | 3409.43 | 10800.00 | 9991.36
427 | 0.14 | 9959.21 | 18466.06 | 7373.96 | 704.95 | 3524.73 | 10800.00 | 10149.14
423 | 0.12 | 9752.57 | 19271.86 | 7439.95 | 641.32 | 3206.60 | 10569.59 | 10100.77
400 | 0.06 | 8960.51 | 19933.61 | 7764.49 | 349.00 | 1745.02 | 9488.58 | 9276.33
410 | 0.09 | 9300.51 | 20378.28 | 7466.47 | 504.37 | 2521.84 | 9942.92 | 9678.55
Vehicle 11
Charging tour: 
435  -> 434  -> 448  -> 464  -> 437  -> 433  -> 442  -> 446  -> 459  -> 444  -> 462  -> 443  -> 450  -> 449  -> 457  -> 439  -> 438  -> 436  -> 466  -> 440  -> 460  -> 453  -> 441  -> 451  -> 468  -> 465  -> 467  -> 445  -> 454  -> 456  -> 469  -> 461  -> 470  -> 455  -> 463  -> 458  -> 452  -> 447  -> 
Charging time: 
737.948417543275  + 741.0456813820521  + 189.9402379157148  + 156.49251557398986  + 482.4529912751154  + 485.0372655321277  + 322.7719840121931  + 434.58744512045604  + 256.1935903419398  + 420.88559332964155  + 314.6828816674393  + 394.42312949666496  + 619.1825730788149  + 375.7576031133539  + 411.9134480272159  + 685.2595281666353  + 270.5937901810124  + 465.9726888464888  + 462.4282395478274  + 393.3510966773364  + 582.3038999947527  + 815.6058563964895  + 900.1082660556376  + 561.6668833427517  + 555.9104819031033  + 256.0972271889352  + 269.9707100767069  + 656.4949797550574  + 558.2844656649439  + 680.0742424232362  + 622.0022658324091  + 428.1367562449669  + 242.2010648282458  + 319.5860603642355  + 530.5158843693056  + 373.0740245558636  + 500.2148361741282  + 447.7330594686656  + 
total node:38/38
-------------------
Traveling energy: 2536.017716943514
Charging energy: 89604.50832734363
Total energy used: 92140.52604428715
-------------------
Total time for travel: 2536.017716943514
Total time for charging: 17920.901665468726
Charging round duration: 20456.91938241224
-------------------
ID | p | E0 | time_arrive | E_remain | time_charge | energy_charge| E_after_charge | E_after_cycle
435 | 0.16 | 7254.95 | 166.38 | 7228.33 | 737.95 | 3689.74 | 10800.00 | 7133.49
434 | 0.15 | 7362.73 | 1045.35 | 7205.93 | 741.05 | 3705.23 | 10800.00 | 7494.96
448 | 0.05 | 9953.76 | 1879.22 | 9859.80 | 189.94 | 949.70 | 10800.00 | 9712.46
464 | 0.06 | 10153.40 | 2107.96 | 10026.93 | 156.49 | 782.46 | 10800.00 | 9506.67
437 | 0.10 | 8667.22 | 2312.43 | 8435.98 | 482.45 | 2412.26 | 10800.00 | 8697.49
433 | 0.09 | 8673.98 | 2839.00 | 8418.47 | 485.04 | 2425.19 | 10800.00 | 8955.36
442 | 0.07 | 9449.11 | 3433.94 | 9208.73 | 322.77 | 1613.86 | 10800.00 | 9395.57
446 | 0.10 | 9047.68 | 3771.57 | 8670.52 | 434.59 | 2172.94 | 10800.00 | 8838.62
459 | 0.08 | 9878.22 | 4233.64 | 9539.53 | 256.19 | 1280.97 | 10800.00 | 9253.59
444 | 0.09 | 9142.28 | 4542.54 | 8733.45 | 420.89 | 2104.43 | 10800.00 | 9102.91
462 | 0.07 | 9597.89 | 4989.70 | 9248.61 | 314.68 | 1573.41 | 10800.00 | 9503.91
443 | 0.08 | 9290.13 | 5383.61 | 8859.44 | 394.42 | 1972.12 | 10800.00 | 9356.64
450 | 0.14 | 8616.09 | 5895.13 | 7790.77 | 619.18 | 3095.91 | 10800.00 | 8377.20
449 | 0.08 | 9480.74 | 6618.38 | 8951.27 | 375.76 | 1878.79 | 10800.00 | 9453.93
457 | 0.09 | 9408.02 | 7005.73 | 8777.50 | 411.91 | 2059.57 | 10800.00 | 9323.79
439 | 0.12 | 8349.13 | 7443.34 | 7455.93 | 685.26 | 3426.30 | 10800.00 | 8917.03
438 | 0.05 | 9745.69 | 8161.41 | 9337.62 | 270.59 | 1352.97 | 10677.06 | 9907.66
436 | 0.08 | 9055.03 | 8483.85 | 8376.32 | 465.97 | 2329.86 | 10668.91 | 9479.29
466 | 0.14 | 9812.64 | 9000.30 | 8552.60 | 462.43 | 2312.14 | 10800.00 | 8789.98
440 | 0.07 | 9385.94 | 9512.78 | 8720.05 | 393.35 | 1966.76 | 10659.27 | 9685.30
460 | 0.14 | 9364.74 | 9962.42 | 7970.00 | 582.30 | 2911.52 | 10800.00 | 8941.46
453 | 0.16 | 8553.41 | 10630.91 | 6852.47 | 815.61 | 4078.03 | 10800.00 | 8820.24
441 | 0.14 | 8034.41 | 11492.39 | 6425.47 | 900.11 | 4500.54 | 10800.00 | 9200.15
451 | 0.10 | 9289.00 | 12411.68 | 8047.83 | 561.67 | 2808.33 | 10800.00 | 9715.33
468 | 0.11 | 9514.96 | 13030.59 | 8081.60 | 555.91 | 2779.55 | 10800.00 | 9674.31
465 | 0.05 | 10214.26 | 13638.91 | 9532.32 | 256.10 | 1280.49 | 10800.00 | 10303.75
467 | 0.06 | 10302.12 | 13929.53 | 9466.34 | 269.97 | 1349.85 | 10800.00 | 10222.77
445 | 0.11 | 8837.34 | 14203.82 | 7274.92 | 656.49 | 3282.47 | 10485.18 | 9499.61
454 | 0.10 | 9447.24 | 14888.87 | 7958.35 | 558.28 | 2791.42 | 10693.94 | 9856.66
456 | 0.12 | 9306.47 | 15551.89 | 7440.25 | 680.07 | 3400.37 | 10759.01 | 9848.45
469 | 0.14 | 10060.30 | 16308.78 | 7777.07 | 622.00 | 3110.01 | 10800.00 | 9835.51
461 | 0.08 | 9855.25 | 17007.91 | 8494.62 | 428.14 | 2140.68 | 10601.05 | 10090.34
470 | 0.05 | 10477.31 | 17524.09 | 9601.10 | 242.20 | 1211.01 | 10800.00 | 10497.31
455 | 0.06 | 9902.02 | 17806.66 | 8833.62 | 319.59 | 1597.93 | 10412.37 | 10070.75
463 | 0.10 | 9941.73 | 18219.47 | 8119.78 | 530.52 | 2652.58 | 10719.31 | 10212.31
458 | 0.07 | 9896.08 | 18877.19 | 8574.68 | 373.07 | 1865.37 | 10413.93 | 10094.05
452 | 0.09 | 9489.56 | 19302.15 | 7752.37 | 500.21 | 2501.07 | 10208.42 | 9846.84
447 | 0.08 | 9423.91 | 19869.91 | 7834.32 | 447.73 | 2238.67 | 10037.16 | 9756.97
Vehicle 12
Charging tour: 
473  -> 485  -> 477  -> 500  -> 507  -> 488  -> 502  -> 505  -> 491  -> 499  -> 496  -> 480  -> 495  -> 497  -> 474  -> 475  -> 471  -> 476  -> 482  -> 490  -> 486  -> 494  -> 487  -> 472  -> 501  -> 484  -> 479  -> 483  -> 489  -> 503  -> 509  -> 506  -> 478  -> 504  -> 493  -> 508  -> 492  -> 481  -> 498  -> 
Charging time: 
518.0879311110788  + 517.4897843623527  + 421.4822301011714  + 421.13616078140484  + 480.4215167256039  + 371.90138206706933  + 370.6839737504725  + 369.64457870395194  + 517.4788744813115  + 469.9134890076781  + 469.93666229810344  + 318.65426829123527  + 598.7495828948656  + 371.8890199587942  + 469.7062317320696  + 517.8976853359617  + 371.0630500276893  + 469.8180525191105  + 370.95915696926346  + 564.4599799837857  + 518.0879354425501  + 517.4984772757706  + 564.4665987825116  + 517.5073562089208  + 656.9013493940555  + 638.9587847568786  + 421.10774539425904  + 517.5289676690345  + 320.14838499660596  + 702.6748228215491  + 1773.9648249791471  + 744.6904216643194  + 421.51456713308676  + 656.9645256846569  + 564.4733905318353  + 518.3361212772301  + 702.5835969209211  + 564.4647149487065  + 656.9648341953322  + 
total node:39/39
-------------------
Traveling energy: 2040.3828982646155
Charging energy: 104801.05515590172
Total energy used: 106841.43805416633
-------------------
Total time for travel: 2040.3828982646155
Total time for charging: 20960.211031180344
Charging round duration: 23000.59392944496
-------------------
ID | p | E0 | time_arrive | E_remain | time_charge | energy_charge| E_after_charge | E_after_cycle
473 | 0.09 | 8201.57 | 125.50 | 8190.27 | 518.09 | 2590.44 | 10734.08 | 8648.21
485 | 0.09 | 8211.05 | 713.81 | 8146.80 | 517.49 | 2587.45 | 10687.68 | 8654.69
477 | 0.07 | 7841.09 | 1281.61 | 7751.38 | 421.48 | 2107.41 | 9829.29 | 8281.10
500 | 0.07 | 7847.54 | 1736.48 | 7725.98 | 421.14 | 2105.68 | 9802.18 | 8285.82
507 | 0.13 | 8742.26 | 2168.58 | 8460.35 | 480.42 | 2402.11 | 10800.00 | 8047.77
488 | 0.06 | 7616.95 | 2706.29 | 7454.57 | 371.90 | 1859.51 | 9291.77 | 8047.26
502 | 0.06 | 7641.97 | 3141.55 | 7453.48 | 370.68 | 1853.42 | 9284.65 | 8066.19
505 | 0.06 | 7663.46 | 3548.51 | 7450.55 | 369.64 | 1848.22 | 9276.59 | 8082.48
491 | 0.09 | 8211.22 | 4017.31 | 7849.66 | 517.48 | 2587.39 | 10390.48 | 8654.81
499 | 0.08 | 8037.66 | 4619.67 | 7668.09 | 469.91 | 2349.57 | 9980.07 | 8481.63
496 | 0.08 | 8037.27 | 5098.73 | 7629.37 | 469.94 | 2349.68 | 9941.46 | 8481.35
480 | 0.05 | 7408.12 | 5615.82 | 7127.33 | 318.65 | 1593.27 | 8704.67 | 7810.39
495 | 0.11 | 8530.27 | 5983.20 | 7872.11 | 598.75 | 2993.75 | 10800.00 | 8903.81
497 | 0.06 | 7617.21 | 6635.83 | 7219.06 | 371.89 | 1859.45 | 9056.19 | 8047.45
474 | 0.08 | 8041.21 | 7053.19 | 7476.96 | 469.71 | 2348.53 | 9787.91 | 8484.14
475 | 0.09 | 8204.58 | 7542.96 | 7525.71 | 517.90 | 2589.49 | 10068.59 | 8650.27
471 | 0.06 | 7634.16 | 8117.31 | 7147.12 | 371.06 | 1855.32 | 8980.17 | 8060.28
476 | 0.08 | 8039.30 | 8514.99 | 7358.10 | 469.82 | 2349.09 | 9669.60 | 8482.79
482 | 0.06 | 7636.30 | 9034.65 | 7094.22 | 370.96 | 1854.80 | 8926.76 | 8061.89
490 | 0.10 | 8364.20 | 9473.22 | 7416.88 | 564.46 | 2822.30 | 10182.74 | 8804.50
486 | 0.09 | 8201.57 | 10053.30 | 7296.77 | 518.09 | 2590.44 | 9840.58 | 8648.21
494 | 0.09 | 8210.91 | 10587.35 | 7258.05 | 517.50 | 2587.49 | 9798.96 | 8654.60
487 | 0.10 | 8364.11 | 11197.16 | 7244.39 | 564.47 | 2822.33 | 10010.28 | 8804.44
472 | 0.09 | 8210.77 | 11793.30 | 7149.37 | 517.51 | 2587.54 | 9690.33 | 8654.50
501 | 0.12 | 8624.60 | 12341.09 | 7143.67 | 656.90 | 3284.51 | 10349.35 | 9050.70
484 | 0.12 | 8866.79 | 13012.35 | 7305.30 | 638.96 | 3194.79 | 10423.42 | 9203.18
479 | 0.07 | 7848.06 | 13671.28 | 6891.08 | 421.11 | 2105.54 | 8967.14 | 8286.20
483 | 0.09 | 8210.42 | 14111.65 | 6940.38 | 517.53 | 2587.64 | 9481.44 | 8654.27
489 | 0.05 | 7373.55 | 14675.93 | 6639.75 | 320.15 | 1600.74 | 8224.49 | 7783.29
503 | 0.13 | 8734.67 | 15038.18 | 6779.71 | 702.67 | 3513.37 | 10201.74 | 9151.45
509 | 0.17 | 4524.41 | 15757.00 | 1845.72 | 1773.96 | 8869.82 | 10413.97 | 9344.83
506 | 0.14 | 8875.85 | 17565.91 | 6416.62 | 744.69 | 3723.45 | 10035.82 | 9264.50
478 | 0.07 | 7840.49 | 18384.84 | 6553.55 | 421.51 | 2107.57 | 8631.62 | 8280.66
504 | 0.12 | 8623.77 | 18931.81 | 6351.95 | 656.96 | 3284.82 | 9557.94 | 9050.19
493 | 0.10 | 8364.01 | 19715.54 | 6392.45 | 564.47 | 2822.37 | 9158.37 | 8804.37
508 | 0.09 | 8197.64 | 20286.05 | 6371.90 | 518.34 | 2591.68 | 8916.93 | 8645.52
492 | 0.13 | 8735.81 | 20814.59 | 6029.91 | 702.58 | 3512.92 | 9451.49 | 9152.13
481 | 0.10 | 8364.13 | 21558.57 | 6208.28 | 564.46 | 2822.32 | 8974.15 | 8804.46
498 | 0.12 | 8623.76 | 22170.74 | 5963.28 | 656.96 | 3284.82 | 9169.26 | 9050.19
Vehicle 13
Charging tour: 
524  -> 517  -> 518  -> 514  -> 513  -> 512  -> 527  -> 516  -> 511  -> 521  -> 523  -> 515  -> 531  -> 522  -> 528  -> 510  -> 520  -> 537  -> 530  -> 540  -> 538  -> 533  -> 535  -> 529  -> 519  -> 532  -> 539  -> 534  -> 536  -> 541  -> 526  -> 525  -> 
Charging time: 
294.4498527522343  + 478.9423315102161  + 399.67665047706794  + 699.1155258862148  + 689.4321147402795  + 466.4921691223118  + 261.23898874449463  + 630.4074250720107  + 500.3248618443021  + 503.15485339046313  + 449.0367401093755  + 655.6545287544179  + 399.26312929646286  + 245.62416644496355  + 404.52321428953434  + 901.1359363186964  + 327.5055199187189  + 311.641706801653  + 423.07818230824864  + 303.00388832862944  + 242.00837853721808  + 321.15277348193615  + 443.29984966174044  + 573.150840597882  + 370.68960439454145  + 455.8716500422591  + 359.26231109484706  + 555.9470128742929  + 347.7536757998888  + 276.5120926116784  + 492.457952326929  + 378.7868822404852  + 
total node:32/32
-------------------
Traveling energy: 2027.6813402933137
Charging energy: 70802.97404886998
Total energy used: 72830.6553891633
-------------------
Total time for travel: 2027.6813402933137
Total time for charging: 14160.594809773995
Charging round duration: 16188.276150067308
-------------------
ID | p | E0 | time_arrive | E_remain | time_charge | energy_charge| E_after_charge | E_after_cycle
524 | 0.09 | 9371.54 | 192.06 | 9354.25 | 294.45 | 1472.25 | 10800.00 | 8699.99
517 | 0.12 | 8527.70 | 541.18 | 8462.76 | 478.94 | 2394.71 | 10800.00 | 8064.01
518 | 0.10 | 8952.92 | 1113.36 | 8841.58 | 399.68 | 1998.38 | 10800.00 | 8569.30
514 | 0.15 | 7652.11 | 1618.81 | 7409.29 | 699.12 | 3495.58 | 10800.00 | 7574.69
513 | 0.14 | 7778.98 | 2354.45 | 7449.36 | 689.43 | 3447.16 | 10800.00 | 7891.34
512 | 0.09 | 8790.07 | 3117.20 | 8509.52 | 466.49 | 2332.46 | 10800.00 | 8978.73
527 | 0.07 | 9765.31 | 3617.42 | 9512.09 | 261.24 | 1306.19 | 10800.00 | 9404.11
516 | 0.13 | 8242.25 | 3941.06 | 7729.92 | 630.41 | 3152.04 | 10800.00 | 8297.69
511 | 0.09 | 8762.11 | 4652.29 | 8343.40 | 500.32 | 2501.62 | 10800.00 | 9119.93
521 | 0.11 | 8913.12 | 5214.04 | 8339.57 | 503.15 | 2515.77 | 10800.00 | 8808.69
523 | 0.10 | 9173.36 | 5736.35 | 8599.72 | 449.04 | 2245.18 | 10800.00 | 9036.54
515 | 0.12 | 8349.82 | 6245.08 | 7600.41 | 655.65 | 3278.27 | 10800.00 | 8769.69
531 | 0.10 | 9537.98 | 6943.72 | 8843.61 | 399.26 | 1996.32 | 10800.00 | 9152.30
522 | 0.05 | 9954.56 | 7407.99 | 9584.16 | 245.62 | 1228.12 | 10800.00 | 9991.68
528 | 0.09 | 9506.24 | 7693.85 | 8813.79 | 404.52 | 2022.62 | 10800.00 | 9385.05
510 | 0.14 | 7572.48 | 8228.56 | 6420.48 | 901.14 | 4505.68 | 10800.00 | 8743.36
520 | 0.06 | 9731.50 | 9156.34 | 9182.12 | 327.51 | 1637.53 | 10800.00 | 9939.83
537 | 0.08 | 10031.49 | 9559.64 | 9266.72 | 311.64 | 1558.21 | 10800.00 | 9684.10
530 | 0.09 | 9612.77 | 9889.85 | 8722.69 | 423.08 | 2115.39 | 10800.00 | 9584.36
540 | 0.08 | 10138.26 | 10362.99 | 9309.22 | 303.00 | 1515.02 | 10800.00 | 9747.68
538 | 0.06 | 10248.23 | 10729.22 | 9604.48 | 242.01 | 1210.04 | 10800.00 | 10029.07
533 | 0.07 | 9986.38 | 10995.24 | 9216.72 | 321.15 | 1605.76 | 10800.00 | 9924.75
535 | 0.10 | 9760.65 | 11328.17 | 8627.83 | 443.30 | 2216.50 | 10800.00 | 9595.15
529 | 0.11 | 9294.13 | 11789.39 | 7997.29 | 573.15 | 2865.75 | 10800.00 | 9539.68
519 | 0.06 | 9713.48 | 12411.38 | 8968.79 | 370.69 | 1853.45 | 10800.00 | 10137.72
532 | 0.09 | 9719.47 | 12864.42 | 8561.67 | 455.87 | 2279.36 | 10800.00 | 9855.03
539 | 0.08 | 10105.84 | 13417.61 | 9032.43 | 359.26 | 1796.31 | 10800.00 | 9996.55
534 | 0.11 | 9605.58 | 13856.05 | 8081.42 | 555.95 | 2779.74 | 10800.00 | 9765.12
536 | 0.07 | 10097.06 | 14449.73 | 9085.57 | 347.75 | 1738.77 | 10800.00 | 10168.42
541 | 0.06 | 10323.83 | 14830.01 | 9434.03 | 276.51 | 1382.56 | 10800.00 | 10277.19
526 | 0.08 | 9587.47 | 15129.55 | 8377.11 | 492.46 | 2462.29 | 10800.00 | 10144.16
525 | 0.06 | 9868.29 | 15658.25 | 8928.79 | 378.79 | 1893.93 | 10800.00 | 10333.02
Vehicle 14
Charging tour: 
562  -> 542  -> 554  -> 563  -> 543  -> 545  -> 546  -> 561  -> 560  -> 567  -> 550  -> 549  -> 575  -> 551  -> 547  -> 553  -> 557  -> 581  -> 556  -> 577  -> 571  -> 555  -> 574  -> 570  -> 548  -> 565  -> 558  -> 580  -> 552  -> 569  -> 566  -> 568  -> 579  -> 576  -> 544  -> 573  -> 564  -> 578  -> 572  -> 559  -> 
Charging time: 
211.03515064882052  + 387.4644033975332  + 453.07708724558995  + 203.4195000852168  + 300.07233140916424  + 296.88026958568554  + 448.16679898538536  + 356.87618300768673  + 261.1189221606905  + 380.9787964629807  + 667.3705350125393  + 658.9252746552551  + 305.34291786899774  + 250.6573223762895  + 970.7953746725376  + 253.65780062925816  + 434.44240389522344  + 408.48324650057396  + 671.1498360446296  + 414.3573065015952  + 403.1119215227171  + 365.84885172902335  + 570.6936822154736  + 652.7207115403486  + 977.828078134192  + 253.7051888986229  + 252.97797307307965  + 416.48741141314406  + 369.7305287490599  + 822.6354004564839  + 358.0591317985932  + 829.2666148258993  + 358.1273712902453  + 613.5065818151063  + 318.89273043435594  + 346.33488480768744  + 655.56834442172  + 701.0105365422268  + 428.87058707843727  + 361.5146379748243  + 
total node:40/40
-------------------
Traveling energy: 2078.6168919854217
Charging energy: 91955.81314933448
Total energy used: 94034.43004131991
-------------------
Total time for travel: 2078.6168919854217
Total time for charging: 18391.162629866896
Charging round duration: 20469.779521852317
-------------------
ID | p | E0 | time_arrive | E_remain | time_charge | energy_charge| E_after_charge | E_after_cycle
562 | 0.06 | 9765.40 | 131.85 | 9757.49 | 211.04 | 1055.18 | 10800.00 | 9391.37
542 | 0.08 | 8921.78 | 351.36 | 8893.68 | 387.46 | 1937.32 | 10800.00 | 8953.51
554 | 0.12 | 8682.20 | 776.81 | 8588.98 | 453.08 | 2265.39 | 10800.00 | 8089.19
563 | 0.06 | 9871.28 | 1269.52 | 9795.11 | 203.42 | 1017.10 | 10800.00 | 9459.18
543 | 0.06 | 9410.18 | 1542.21 | 9317.64 | 300.07 | 1500.36 | 10800.00 | 9481.34
545 | 0.06 | 9449.77 | 1939.32 | 9333.41 | 296.88 | 1484.40 | 10800.00 | 9504.97
546 | 0.09 | 8803.57 | 2267.42 | 8599.50 | 448.17 | 2240.83 | 10800.00 | 8900.60
561 | 0.10 | 9323.81 | 2725.04 | 9051.31 | 356.88 | 1784.38 | 10800.00 | 8726.19
560 | 0.07 | 9729.96 | 3104.00 | 9512.68 | 261.12 | 1305.59 | 10800.00 | 9368.16
567 | 0.12 | 9346.02 | 3376.64 | 8940.82 | 380.98 | 1904.89 | 10800.00 | 8392.51
550 | 0.14 | 8091.48 | 3820.72 | 7556.58 | 667.37 | 3336.85 | 10800.00 | 8093.53
549 | 0.13 | 8182.28 | 4548.08 | 7591.03 | 658.93 | 3294.63 | 10800.00 | 8380.31
575 | 0.12 | 9950.61 | 5339.04 | 9309.93 | 305.34 | 1526.71 | 10800.00 | 8618.93
551 | 0.05 | 9848.88 | 5792.72 | 9559.25 | 250.66 | 1253.29 | 10800.00 | 9911.17
547 | 0.17 | 7141.25 | 6059.94 | 6111.06 | 970.80 | 4853.98 | 10800.00 | 7945.82
553 | 0.05 | 9881.09 | 7128.03 | 9524.69 | 253.66 | 1268.29 | 10780.29 | 9958.38
557 | 0.09 | 9333.26 | 7404.12 | 8666.89 | 434.44 | 2172.21 | 10800.00 | 9361.67
581 | 0.08 | 9423.38 | 7913.94 | 8790.26 | 408.48 | 2042.42 | 10800.00 | 9560.19
556 | 0.13 | 8619.89 | 8372.20 | 7531.50 | 671.15 | 3355.75 | 10800.00 | 8879.03
577 | 0.11 | 9775.51 | 9106.51 | 8773.79 | 414.36 | 2071.79 | 10800.00 | 9227.09
571 | 0.10 | 9779.73 | 9549.83 | 8824.75 | 403.11 | 2015.56 | 10800.00 | 9413.29
555 | 0.07 | 9591.34 | 9999.98 | 8891.34 | 365.85 | 1829.24 | 10694.98 | 9753.18
574 | 0.12 | 9261.79 | 10389.80 | 8015.01 | 570.69 | 2853.47 | 10800.00 | 9256.86
570 | 0.15 | 9287.10 | 11018.64 | 7634.30 | 652.72 | 3263.60 | 10800.00 | 8977.70
548 | 0.15 | 7689.74 | 11730.94 | 5930.10 | 977.83 | 4889.14 | 10672.57 | 9005.88
565 | 0.05 | 9879.24 | 12738.28 | 9242.33 | 253.71 | 1268.53 | 10498.17 | 9956.77
558 | 0.05 | 9907.64 | 13044.27 | 9255.43 | 252.98 | 1264.89 | 10507.67 | 9981.53
580 | 0.09 | 9956.04 | 13344.41 | 8755.05 | 416.49 | 2082.44 | 10800.00 | 9894.68
552 | 0.07 | 9490.64 | 13790.79 | 8525.29 | 369.73 | 1848.65 | 10348.06 | 9671.90
569 | 0.16 | 9088.30 | 14186.59 | 6818.44 | 822.64 | 4113.18 | 10800.00 | 9390.28
566 | 0.07 | 9800.00 | 15053.90 | 8746.23 | 358.06 | 1790.30 | 10511.46 | 9922.90
568 | 0.15 | 9067.34 | 15437.21 | 6751.76 | 829.27 | 4146.33 | 10773.70 | 9640.67
579 | 0.07 | 9798.14 | 16284.46 | 8658.22 | 358.13 | 1790.64 | 10423.79 | 9921.37
576 | 0.13 | 9978.13 | 16660.80 | 7812.22 | 613.51 | 3067.53 | 10800.00 | 9949.06
544 | 0.06 | 9431.69 | 17331.84 | 8391.78 | 318.89 | 1594.46 | 9967.11 | 9596.95
573 | 0.07 | 10131.76 | 17680.45 | 8894.13 | 346.33 | 1731.67 | 10601.56 | 10196.03
564 | 0.12 | 9175.85 | 18051.42 | 7009.68 | 655.57 | 3277.84 | 10208.85 | 9595.29
578 | 0.14 | 10011.21 | 18803.77 | 7378.68 | 701.01 | 3505.05 | 10785.59 | 10181.46
572 | 0.08 | 9350.75 | 19569.26 | 7785.21 | 428.87 | 2144.35 | 9895.26 | 9589.51
559 | 0.07 | 9706.33 | 20034.30 | 8303.93 | 361.51 | 1807.57 | 10086.20 | 9846.50
Vehicle 15
Charging tour: 
595  -> 613  -> 608  -> 596  -> 588  -> 582  -> 609  -> 584  -> 590  -> 583  -> 591  -> 602  -> 599  -> 604  -> 585  -> 615  -> 606  -> 593  -> 600  -> 601  -> 618  -> 586  -> 616  -> 592  -> 605  -> 619  -> 597  -> 617  -> 611  -> 607  -> 598  -> 594  -> 620  -> 614  -> 589  -> 612  -> 610  -> 603  -> 587  -> 
Charging time: 
439.0729352652345  + 586.1628861965481  + 682.8832825549069  + 586.3446268729526  + 586.3418181053249  + 488.4670173171917  + 537.5384371603304  + 488.46036025770036  + 388.85416045696223  + 488.4678096856115  + 439.01038284337125  + 683.2673630107098  + 438.7795554758294  + 778.6137958522609  + 389.2080752708213  + 586.3479608722419  + 586.3404321284855  + 683.2965463141883  + 634.6403155350723  + 634.9186605230007  + 488.46031888999255  + 683.2966249754752  + 683.2967056139422  + 634.7534671920733  + 337.52700497722896  + 337.7952928316312  + 488.45333422167005  + 439.03612885818114  + 388.8582776807337  + 537.5224343110018  + 537.5268472019642  + 682.9495418088284  + 771.6943050285387  + 336.60866093690294  + 439.05473594566877  + 488.4487875033949  + 488.41009573729264  + 731.4989022350908  + 586.3405735581572  + 
total node:39/39
-------------------
Traveling energy: 1957.2576939674286
Charging energy: 106042.74230603258
Total energy used: 108000.00000000001
-------------------
Total time for travel: 1957.2576939674286
Total time for charging: 21208.548461206516
Charging round duration: 23165.806155173945
-------------------
ID | p | E0 | time_arrive | E_remain | time_charge | energy_charge| E_after_charge | E_after_cycle
595 | 0.08 | 6611.49 | 150.37 | 6599.46 | 439.07 | 2195.36 | 8759.70 | 6901.26
613 | 0.11 | 6809.58 | 644.28 | 6738.71 | 586.16 | 2930.81 | 9605.05 | 7120.20
608 | 0.13 | 6907.85 | 1256.48 | 6744.51 | 682.88 | 3414.42 | 10070.15 | 7225.67
596 | 0.11 | 6807.47 | 1968.39 | 6590.95 | 586.34 | 2931.72 | 9458.17 | 7119.00
588 | 0.11 | 6807.51 | 2592.98 | 6522.28 | 586.34 | 2931.71 | 9389.49 | 7119.01
582 | 0.09 | 6685.80 | 3249.10 | 6393.38 | 488.47 | 2442.34 | 8791.75 | 6984.34
609 | 0.10 | 6750.51 | 3763.90 | 6374.12 | 537.54 | 2687.69 | 9008.06 | 7056.20
584 | 0.09 | 6685.89 | 4414.01 | 6288.63 | 488.46 | 2442.30 | 8686.97 | 6984.39
590 | 0.07 | 6532.17 | 4948.34 | 6185.79 | 388.85 | 1944.27 | 8102.84 | 6809.04
583 | 0.09 | 6685.79 | 5346.19 | 6204.63 | 488.47 | 2442.34 | 8603.01 | 6984.33
591 | 0.08 | 6612.43 | 5930.52 | 6137.99 | 439.01 | 2195.05 | 8297.92 | 6901.89
602 | 0.13 | 6903.97 | 6409.93 | 6070.68 | 683.27 | 3416.34 | 9398.19 | 7223.71
599 | 0.08 | 6615.91 | 7126.41 | 6045.80 | 438.78 | 2193.90 | 8204.60 | 6904.21
604 | 0.15 | 6990.61 | 7577.34 | 5854.01 | 778.61 | 3893.07 | 9630.29 | 7310.68
585 | 0.07 | 6526.23 | 8382.17 | 5939.48 | 389.21 | 1946.04 | 7858.27 | 6804.87
615 | 0.11 | 6807.43 | 8795.35 | 5839.95 | 586.35 | 2931.74 | 8707.19 | 7118.97
606 | 0.11 | 6807.52 | 9446.99 | 5768.35 | 586.34 | 2931.70 | 8635.56 | 7119.02
593 | 0.13 | 6903.67 | 10063.09 | 5595.47 | 683.30 | 3416.48 | 8923.13 | 7223.56
600 | 0.12 | 6861.19 | 10849.44 | 5559.26 | 634.64 | 3173.20 | 8656.31 | 7176.00
601 | 0.12 | 6858.19 | 11490.76 | 5479.30 | 634.92 | 3174.59 | 8577.70 | 7174.38
618 | 0.09 | 6685.89 | 12153.76 | 5592.05 | 488.46 | 2442.30 | 7990.39 | 6984.39
586 | 0.13 | 6903.67 | 12658.68 | 5258.05 | 683.30 | 3416.48 | 8585.70 | 7223.56
616 | 0.13 | 6903.67 | 13370.63 | 5165.49 | 683.30 | 3416.48 | 8493.15 | 7223.56
592 | 0.12 | 6859.97 | 14060.79 | 5172.68 | 634.75 | 3173.77 | 8270.27 | 7175.34
605 | 0.06 | 6450.43 | 14698.66 | 5568.51 | 337.53 | 1687.64 | 7235.90 | 6708.87
619 | 0.06 | 6445.31 | 15140.04 | 5536.91 | 337.80 | 1688.98 | 7205.62 | 6705.09
597 | 0.09 | 6685.99 | 15503.69 | 5290.66 | 488.45 | 2442.27 | 7688.96 | 6984.45
617 | 0.08 | 6612.05 | 16102.56 | 5323.84 | 439.04 | 2195.18 | 7483.90 | 6901.63
611 | 0.07 | 6532.10 | 16562.96 | 5372.69 | 388.86 | 1944.29 | 7289.76 | 6808.99
607 | 0.10 | 6750.71 | 16989.77 | 5051.74 | 537.52 | 2687.61 | 7685.60 | 7056.32
598 | 0.10 | 6750.66 | 17580.76 | 4992.58 | 537.53 | 2687.63 | 7626.46 | 7056.29
594 | 0.13 | 6907.18 | 18185.54 | 4543.06 | 682.95 | 3414.75 | 7869.03 | 7225.33
620 | 0.15 | 7053.30 | 18887.87 | 4220.12 | 771.69 | 3858.47 | 7962.83 | 7338.77
614 | 0.06 | 6468.03 | 19733.97 | 5283.99 | 336.61 | 1683.04 | 6946.84 | 6721.87
589 | 0.08 | 6611.77 | 20096.45 | 5004.05 | 439.05 | 2195.27 | 7164.20 | 6901.44
612 | 0.09 | 6686.05 | 20576.54 | 4834.16 | 488.45 | 2442.24 | 7232.45 | 6984.49
610 | 0.09 | 6686.58 | 21094.40 | 4788.08 | 488.41 | 2442.05 | 7186.18 | 6984.83
603 | 0.14 | 6944.81 | 21666.51 | 3911.50 | 731.50 | 3657.49 | 7466.59 | 7267.51
587 | 0.11 | 6807.52 | 22446.67 | 4338.39 | 586.34 | 2931.70 | 7205.59 | 7119.02
Vehicle 16
Charging tour: 
627  -> 631  -> 629  -> 624  -> 636  -> 621  -> 622  -> 643  -> 625  -> 638  -> 639  -> 646  -> 633  -> 634  -> 626  -> 628  -> 637  -> 632  -> 642  -> 644  -> 641  -> 630  -> 623  -> 647  -> 635  -> 640  -> 645  -> 
Charging time: 
410.9694001845231  + 447.27725234155866  + 527.155887184308  + 667.3220788917256  + 399.96983890558147  + 533.8876170260824  + 590.2549274844058  + 295.1917268496183  + 260.14016735927027  + 353.2529641781177  + 352.3709654762429  + 234.45740279470849  + 514.33714141422  + 514.540721620514  + 624.4268774307  + 784.018401420554  + 385.0204046888249  + 430.1532396051136  + 359.11972464166723  + 263.1739140533137  + 523.134393842043  + 474.98656677017436  + 411.321891961618  + 226.93221038057703  + 285.50143803719163  + 423.2829649538265  + 294.6792938838441  + 
total node:27/27
-------------------
Traveling energy: 1911.1505507190257
Charging energy: 57934.39706690163
Total energy used: 59845.54761762065
-------------------
Total time for travel: 1911.1505507190257
Total time for charging: 11586.879413380326
Charging round duration: 13498.02996409935
-------------------
ID | p | E0 | time_arrive | E_remain | time_charge | energy_charge| E_after_charge | E_after_cycle
627 | 0.10 | 8800.40 | 141.45 | 8786.25 | 410.97 | 2054.85 | 10800.00 | 8473.24
631 | 0.12 | 8693.02 | 631.08 | 8617.29 | 447.28 | 2236.39 | 10800.00 | 8071.00
629 | 0.13 | 8383.80 | 1161.95 | 8232.75 | 527.16 | 2635.78 | 10800.00 | 7922.98
624 | 0.14 | 7798.60 | 1727.03 | 7556.81 | 667.32 | 3336.61 | 10800.00 | 7800.41
636 | 0.11 | 9112.44 | 2438.99 | 8844.15 | 399.97 | 1999.85 | 10800.00 | 8492.09
621 | 0.10 | 8479.07 | 2951.22 | 8183.95 | 533.89 | 2669.44 | 10800.00 | 8766.51
622 | 0.11 | 8311.53 | 3617.09 | 7913.65 | 590.25 | 2951.27 | 10800.00 | 8642.61
643 | 0.09 | 9735.17 | 4272.87 | 9350.61 | 295.19 | 1475.96 | 10800.00 | 9067.33
625 | 0.05 | 9743.89 | 4631.62 | 9512.31 | 260.14 | 1300.70 | 10800.00 | 9853.59
638 | 0.09 | 9516.06 | 5005.92 | 9065.53 | 353.25 | 1766.26 | 10800.00 | 9138.52
639 | 0.09 | 9558.33 | 5427.43 | 9069.86 | 352.37 | 1761.85 | 10800.00 | 9176.38
646 | 0.07 | 10054.47 | 5862.03 | 9644.13 | 234.46 | 1172.29 | 10800.00 | 9559.35
633 | 0.11 | 8965.84 | 6190.43 | 8284.89 | 514.34 | 2571.69 | 10800.00 | 8917.32
634 | 0.11 | 9026.35 | 6749.58 | 8283.90 | 514.54 | 2572.70 | 10800.00 | 8978.85
626 | 0.11 | 8549.47 | 7299.26 | 7746.55 | 624.43 | 3122.13 | 10800.00 | 9051.40
628 | 0.14 | 8104.85 | 7965.57 | 6989.67 | 784.02 | 3920.09 | 10800.00 | 8690.14
637 | 0.08 | 9610.51 | 8810.16 | 8905.70 | 385.02 | 1925.10 | 10800.00 | 9630.01
632 | 0.08 | 9427.35 | 9296.24 | 8683.65 | 430.15 | 2150.77 | 10800.00 | 9672.51
642 | 0.08 | 9815.97 | 9785.50 | 9033.13 | 359.12 | 1795.60 | 10800.00 | 9705.97
644 | 0.06 | 10110.23 | 10171.85 | 9499.92 | 263.17 | 1315.87 | 10800.00 | 9996.90
641 | 0.11 | 9399.26 | 10521.73 | 8241.87 | 523.13 | 2615.67 | 10800.00 | 9394.73
630 | 0.08 | 9347.45 | 11054.82 | 8463.07 | 474.99 | 2374.93 | 10800.00 | 9816.78
623 | 0.06 | 9466.47 | 11639.92 | 8768.07 | 411.32 | 2056.61 | 10800.00 | 10093.87
647 | 0.05 | 10282.47 | 12115.67 | 9676.69 | 226.93 | 1134.66 | 10800.00 | 10226.13
635 | 0.05 | 10004.49 | 12354.42 | 9386.77 | 285.50 | 1427.51 | 10800.00 | 10241.00
640 | 0.08 | 9729.42 | 12649.61 | 8717.45 | 423.28 | 2116.41 | 10800.00 | 9940.23
645 | 0.06 | 10131.03 | 13112.42 | 9344.28 | 294.68 | 1473.40 | 10800.00 | 10175.23
Vehicle 17
Charging tour: 
661  -> 676  -> 671  -> 673  -> 654  -> 665  -> 649  -> 651  -> 672  -> 659  -> 678  -> 658  -> 683  -> 681  -> 674  -> 664  -> 682  -> 648  -> 685  -> 663  -> 684  -> 670  -> 656  -> 655  -> 677  -> 666  -> 652  -> 675  -> 653  -> 650  -> 668  -> 660  -> 662  -> 667  -> 657  -> 669  -> 679  -> 680  -> 
Charging time: 
466.5706354872036  + 368.0007988668523  + 262.9742584131147  + 610.840496907814  + 658.8027168903225  + 610.8324112144617  + 717.4912865155908  + 514.3998932967734  + 610.8483467974621  + 266.5134723052875  + 658.8019762323337  + 610.8531401292876  + 562.7397366581564  + 265.579607772882  + 514.5124127631856  + 417.37170714784435  + 894.4297690345876  + 417.54110105831944  + 706.6572520412967  + 610.8474748287608  + 802.0998165903397  + 848.2633307078999  + 367.8767234483982  + 416.8295040155585  + 366.7003396953262  + 610.8290149731932  + 658.8051719444376  + 367.363974080759  + 514.4033047776601  + 417.5228148249445  + 802.0948315165869  + 416.7620249469898  + 706.6602072570956  + 269.67877324572385  + 754.4109366295888  + 514.5408113357041  + 865.5899371492895  + 706.6588992649208  + 
total node:38/38
-------------------
Traveling energy: 2231.5054461702216
Charging energy: 105768.49455382978
Total energy used: 108000.0
-------------------
Total time for travel: 2231.5054461702216
Total time for charging: 21153.698910765954
Charging round duration: 23385.204356936174
-------------------
ID | p | E0 | time_arrive | E_remain | time_charge | energy_charge| E_after_charge | E_after_cycle
661 | 0.09 | 7547.97 | 157.48 | 7533.80 | 466.57 | 2332.85 | 9824.66 | 7737.02
676 | 0.07 | 7443.11 | 670.70 | 7396.16 | 368.00 | 1840.00 | 9210.40 | 7615.71
671 | 0.05 | 7439.81 | 1083.66 | 7385.63 | 262.97 | 1314.87 | 8687.35 | 7563.68
673 | 0.12 | 7687.03 | 1375.28 | 7521.99 | 610.84 | 3054.20 | 10502.90 | 7882.83
654 | 0.13 | 7721.35 | 1999.18 | 7461.45 | 658.80 | 3294.01 | 10669.82 | 7918.76
665 | 0.12 | 7687.13 | 2683.54 | 7365.10 | 610.83 | 3054.16 | 10345.97 | 7882.89
649 | 0.14 | 7635.13 | 3326.43 | 7169.43 | 717.49 | 3587.46 | 10656.44 | 7887.79
651 | 0.10 | 7606.84 | 4074.66 | 7199.37 | 514.40 | 2572.00 | 9719.93 | 7796.84
672 | 0.12 | 7686.93 | 4624.17 | 7132.03 | 610.85 | 3054.24 | 10112.97 | 7882.77
659 | 0.05 | 7341.01 | 5318.91 | 7075.07 | 266.51 | 1332.57 | 8394.31 | 7482.58
678 | 0.13 | 7721.35 | 5706.43 | 6979.52 | 658.80 | 3294.01 | 10187.89 | 7918.76
658 | 0.12 | 7686.87 | 6450.72 | 6912.78 | 610.85 | 3054.27 | 9893.75 | 7882.73
683 | 0.11 | 7648.74 | 7119.07 | 6865.65 | 562.74 | 2813.70 | 9617.44 | 7842.24
681 | 0.05 | 7366.82 | 7706.91 | 6981.48 | 265.58 | 1327.90 | 8296.10 | 7503.72
674 | 0.10 | 7605.17 | 8076.45 | 6797.53 | 514.51 | 2572.56 | 9318.64 | 7795.74
664 | 0.08 | 7500.19 | 8637.38 | 6809.20 | 417.37 | 2086.86 | 8862.66 | 7681.44
682 | 0.18 | 7874.65 | 9070.12 | 6242.03 | 894.43 | 4472.15 | 10553.18 | 8059.20
648 | 0.08 | 7497.14 | 10036.61 | 6694.21 | 417.54 | 2087.71 | 8748.52 | 7679.25
685 | 0.14 | 7752.19 | 10494.07 | 6283.02 | 706.66 | 3533.29 | 9717.37 | 7950.67
663 | 0.12 | 7686.94 | 11223.48 | 6340.12 | 610.85 | 3054.24 | 9321.06 | 7882.78
684 | 0.16 | 7805.43 | 11876.08 | 5905.25 | 802.10 | 4010.50 | 9787.42 | 8004.72
670 | 0.17 | 7841.94 | 12703.21 | 5682.39 | 848.26 | 4241.32 | 9779.50 | 8033.85
656 | 0.07 | 7445.62 | 13575.80 | 6495.31 | 367.88 | 1839.38 | 8308.95 | 7617.60
655 | 0.08 | 7509.94 | 13954.67 | 6393.57 | 416.83 | 2084.15 | 8444.37 | 7688.49
677 | 0.07 | 7469.50 | 14405.09 | 6461.15 | 366.70 | 1833.50 | 8268.98 | 7635.61
666 | 0.12 | 7687.17 | 14800.84 | 5911.07 | 610.83 | 3054.15 | 8891.92 | 7882.92
652 | 0.13 | 7721.32 | 15488.17 | 5707.86 | 658.81 | 3294.03 | 8916.24 | 7918.74
675 | 0.07 | 7456.01 | 16220.76 | 6320.56 | 367.36 | 1836.82 | 8131.66 | 7625.43
653 | 0.10 | 7606.79 | 16644.59 | 5942.33 | 514.40 | 2572.02 | 8462.90 | 7796.80
650 | 0.08 | 7497.47 | 17227.93 | 6119.24 | 417.52 | 2087.61 | 8173.45 | 7679.49
668 | 0.16 | 7805.47 | 17713.37 | 4971.34 | 802.09 | 4010.47 | 8853.48 | 8004.75
660 | 0.08 | 7511.16 | 18600.52 | 6023.12 | 416.76 | 2083.81 | 8073.59 | 7689.37
662 | 0.14 | 7752.16 | 19077.00 | 5081.38 | 706.66 | 3533.30 | 8515.74 | 7950.66
667 | 0.05 | 7254.85 | 19920.01 | 6258.85 | 269.68 | 1348.39 | 7593.76 | 7412.24
657 | 0.15 | 7780.16 | 20261.19 | 4740.98 | 754.41 | 3772.05 | 8399.87 | 7979.21
669 | 0.10 | 7604.76 | 21107.15 | 5494.04 | 514.54 | 2572.70 | 8015.29 | 7795.46
679 | 0.18 | 8137.02 | 21714.63 | 4228.39 | 865.59 | 4327.95 | 8400.53 | 8177.37
680 | 0.14 | 7752.17 | 22603.80 | 4587.64 | 706.66 | 3533.29 | 8022.00 | 7950.66
Vehicle 18
Charging tour: 
692  -> 698  -> 722  -> 701  -> 688  -> 719  -> 727  -> 697  -> 715  -> 695  -> 708  -> 725  -> 720  -> 707  -> 705  -> 687  -> 710  -> 713  -> 694  -> 723  -> 718  -> 690  -> 689  -> 704  -> 709  -> 724  -> 700  -> 721  -> 699  -> 706  -> 686  -> 703  -> 693  -> 696  -> 726  -> 712  -> 691  -> 702  -> 716  -> 717  -> 711  -> 714  -> 
Charging time: 
602.292280042607  + 408.65035231469244  + 602.2908783670018  + 307.90937527472863  + 360.0827312641779  + 650.687247790683  + 602.3021918518191  + 360.41632778430477  + 311.84187309918934  + 553.963057538577  + 787.5839425215751  + 358.90980306418214  + 457.11019780968155  + 457.1404575576755  + 602.2882682533104  + 650.6871212017691  + 311.52872995894677  + 358.9419543834319  + 650.6881353666962  + 408.468560675063  + 747.1910092699454  + 602.2938698471899  + 311.0226347161888  + 650.6876752665489  + 742.4043374804364  + 699.1671466337694  + 553.944053963359  + 408.9775540071425  + 650.6963427577873  + 505.63809124582406  + 408.1501529982201  + 262.29459196943293  + 360.4912422462827  + 408.84523757444583  + 505.52409513795715  + 602.2937428003345  + 360.32332122286476  + 650.6875201414884  + 255.3286000933993  + 262.3707548089552  + 723.9288211497634  + 698.6937325097886  + 
total node:42/42
-------------------
Traveling energy: 2126.3099301938128
Charging energy: 105873.69006980618
Total energy used: 108000.0
-------------------
Total time for travel: 2126.3099301938128
Total time for charging: 21174.738013961236
Charging round duration: 23301.04794415505
-------------------
ID | p | E0 | time_arrive | E_remain | time_charge | energy_charge| E_after_charge | E_after_cycle
692 | 0.12 | 6972.07 | 123.11 | 6957.30 | 602.29 | 3011.46 | 9896.49 | 7125.13
698 | 0.08 | 6850.56 | 792.27 | 6787.18 | 408.65 | 2043.25 | 8797.74 | 6988.21
722 | 0.12 | 6972.09 | 1237.92 | 6823.54 | 602.29 | 3011.45 | 9762.72 | 7125.14
701 | 0.06 | 6818.93 | 1866.10 | 6706.97 | 307.91 | 1539.55 | 8228.04 | 6929.28
688 | 0.07 | 6802.74 | 2211.49 | 6647.93 | 360.08 | 1800.41 | 8423.14 | 6935.75
719 | 0.13 | 6991.32 | 2576.87 | 6656.33 | 650.69 | 3253.44 | 9825.17 | 7148.15
727 | 0.12 | 6971.96 | 3280.06 | 6578.35 | 602.30 | 3011.51 | 9517.59 | 7125.07
697 | 0.07 | 6796.44 | 3934.18 | 6521.05 | 360.42 | 1802.08 | 8297.90 | 6931.12
715 | 0.06 | 6732.94 | 4369.10 | 6470.80 | 311.84 | 1559.21 | 8011.29 | 6862.95
695 | 0.11 | 6948.64 | 4715.93 | 6429.89 | 553.96 | 2769.82 | 9138.77 | 7098.26
708 | 0.16 | 7109.04 | 5289.36 | 6262.75 | 787.58 | 3937.92 | 10074.65 | 7235.76
725 | 0.07 | 6824.97 | 6097.76 | 6398.13 | 358.91 | 1794.55 | 8167.55 | 6952.12
720 | 0.09 | 6889.85 | 6548.45 | 6300.49 | 457.11 | 2285.55 | 8544.90 | 7031.60
707 | 0.09 | 6889.39 | 7131.45 | 6247.56 | 457.14 | 2285.70 | 8492.12 | 7031.29
705 | 0.12 | 6972.12 | 7617.12 | 6058.07 | 602.29 | 3011.44 | 8997.23 | 7125.16
687 | 0.13 | 6991.32 | 8254.94 | 5918.18 | 650.69 | 3253.44 | 9087.02 | 7148.15
710 | 0.06 | 6739.71 | 8943.48 | 6203.10 | 311.53 | 1557.64 | 7742.05 | 6868.15
713 | 0.07 | 6824.36 | 9291.23 | 6173.97 | 358.94 | 1794.71 | 7943.56 | 6951.67
694 | 0.13 | 6991.31 | 9654.03 | 5736.28 | 650.69 | 3253.44 | 8905.14 | 7148.15
723 | 0.08 | 6853.61 | 10355.40 | 6025.18 | 408.47 | 2042.34 | 8034.84 | 6990.35
718 | 0.15 | 7025.02 | 10810.23 | 5403.49 | 747.19 | 3735.96 | 9027.36 | 7187.97
690 | 0.12 | 6972.05 | 11603.46 | 5579.64 | 602.29 | 3011.47 | 8518.83 | 7125.12
689 | 0.06 | 6750.68 | 12213.88 | 6017.84 | 311.02 | 1555.11 | 7554.29 | 6876.59
704 | 0.13 | 6991.31 | 12552.50 | 5359.49 | 650.69 | 3253.44 | 8528.34 | 7148.15
709 | 0.15 | 7070.31 | 13221.65 | 5087.07 | 742.40 | 3712.02 | 8687.73 | 7209.34
724 | 0.14 | 7007.05 | 13993.08 | 5048.02 | 699.17 | 3495.84 | 8445.97 | 7168.08
700 | 0.11 | 6948.88 | 14855.56 | 5314.77 | 553.94 | 2769.72 | 8023.55 | 7098.40
721 | 0.08 | 6845.08 | 15478.33 | 5606.81 | 408.98 | 2044.89 | 7618.98 | 6984.37
699 | 0.13 | 6991.22 | 15974.40 | 4914.55 | 650.70 | 3253.48 | 8083.44 | 7148.10
706 | 0.10 | 6920.67 | 16672.69 | 5253.40 | 505.64 | 2528.19 | 7731.03 | 7066.86
686 | 0.08 | 6858.96 | 17226.98 | 5480.80 | 408.15 | 2040.75 | 7488.90 | 6994.11
703 | 0.05 | 6670.66 | 17660.99 | 5787.61 | 262.29 | 1311.47 | 7085.97 | 6791.13
693 | 0.07 | 6795.03 | 17933.46 | 5539.69 | 360.49 | 1802.46 | 7316.91 | 6930.08
696 | 0.08 | 6847.29 | 18351.00 | 5379.22 | 408.85 | 2044.23 | 7390.73 | 6985.92
726 | 0.10 | 6922.23 | 18809.95 | 5041.24 | 505.52 | 2527.62 | 7518.30 | 7067.85
712 | 0.12 | 6972.06 | 19336.02 | 4651.73 | 602.29 | 3011.47 | 7590.93 | 7125.12
691 | 0.07 | 6798.20 | 19967.49 | 5400.47 | 360.32 | 1801.62 | 7176.87 | 6932.41
702 | 0.13 | 6991.31 | 20346.25 | 4346.30 | 650.69 | 3253.44 | 7515.15 | 7148.15
716 | 0.05 | 6852.65 | 21066.90 | 5799.30 | 255.33 | 1276.64 | 7063.18 | 6938.29
717 | 0.05 | 6668.72 | 21381.21 | 5599.66 | 262.37 | 1311.85 | 6898.40 | 6789.57
711 | 0.16 | 7734.14 | 21680.12 | 4265.32 | 723.93 | 3619.64 | 7769.14 | 7542.58
714 | 0.14 | 7011.79 | 22531.51 | 3857.38 | 698.69 | 3493.47 | 7253.03 | 7170.46
Vehicle 19
Charging tour: 
734  -> 743  -> 728  -> 730  -> 746  -> 750  -> 751  -> 760  -> 753  -> 757  -> 735  -> 765  -> 759  -> 737  -> 747  -> 762  -> 749  -> 741  -> 748  -> 739  -> 742  -> 729  -> 738  -> 755  -> 764  -> 763  -> 731  -> 761  -> 740  -> 754  -> 752  -> 744  -> 732  -> 756  -> 736  -> 766  -> 745  -> 733  -> 758  -> 
Charging time: 
415.4311723574835  + 393.026557370807  + 327.11828158760284  + 425.79143411396194  + 413.2962779482117  + 330.09595870518166  + 378.12846959938486  + 281.9187857713676  + 433.54232434442434  + 329.0410318395974  + 656.192365006566  + 425.7034170396157  + 489.7282152960216  + 510.59200606535654  + 549.5343571218353  + 377.8104733564911  + 598.7290013843785  + 665.5662386774287  + 377.860299385304  + 580.6534098705897  + 327.7435969799234  + 329.8736297549936  + 472.8806156668147  + 691.6004840308641  + 708.0688944274475  + 662.4282355601167  + 612.431443108544  + 759.9726709394193  + 777.3491025165863  + 662.4331125051989  + 709.4590565873286  + 682.7760120005316  + 539.0568574407694  + 378.0103115464753  + 592.6228140346672  + 624.1256952216604  + 520.6313590960134  + 329.38321430005175  + 709.6761277795848  + 
total node:39/39
-------------------
Traveling energy: 2476.7833043706178
Charging energy: 100251.41655169298
Total energy used: 102728.1998560636
-------------------
Total time for travel: 2476.7833043706178
Total time for charging: 20050.283310338596
Charging round duration: 22527.066614709212
-------------------
ID | p | E0 | time_arrive | E_remain | time_charge | energy_charge| E_after_charge | E_after_cycle
734 | 0.08 | 8769.90 | 172.72 | 8756.08 | 415.43 | 2077.16 | 10800.00 | 8941.45
743 | 0.11 | 8946.91 | 625.54 | 8878.10 | 393.03 | 1965.13 | 10800.00 | 8291.84
728 | 0.06 | 8559.92 | 1030.58 | 8498.09 | 327.12 | 1635.59 | 10114.05 | 8766.31
730 | 0.08 | 8768.32 | 1453.01 | 8652.08 | 425.79 | 2128.96 | 10746.97 | 8991.68
746 | 0.10 | 8964.70 | 1898.49 | 8774.85 | 413.30 | 2066.48 | 10800.00 | 8649.18
750 | 0.06 | 8482.71 | 2426.54 | 8337.11 | 330.10 | 1650.48 | 9967.79 | 8703.99
751 | 0.07 | 8639.37 | 2801.42 | 8443.27 | 378.13 | 1890.64 | 10307.44 | 8862.61
760 | 0.05 | 8276.93 | 3300.83 | 8111.89 | 281.92 | 1409.59 | 9507.39 | 8495.53
753 | 0.13 | 9158.57 | 3614.76 | 8688.65 | 433.54 | 2167.71 | 10800.00 | 8229.68
757 | 0.06 | 8509.90 | 4071.96 | 8265.58 | 329.04 | 1645.21 | 9891.05 | 8725.91
735 | 0.13 | 8186.47 | 4477.90 | 7604.34 | 656.19 | 3280.96 | 10800.00 | 8370.83
765 | 0.08 | 8770.13 | 5169.84 | 8356.55 | 425.70 | 2128.52 | 10451.01 | 8993.05
759 | 0.10 | 8965.44 | 5651.05 | 8400.33 | 489.73 | 2448.64 | 10800.00 | 9032.08
737 | 0.10 | 8913.83 | 6157.30 | 8298.10 | 510.59 | 2552.96 | 10800.00 | 9084.79
747 | 0.12 | 8926.95 | 6738.97 | 8118.27 | 549.53 | 2747.67 | 10800.00 | 8816.22
762 | 0.07 | 8646.64 | 7401.95 | 8128.50 | 377.81 | 1889.05 | 9991.11 | 8868.29
749 | 0.15 | 9071.39 | 7834.85 | 7896.16 | 598.73 | 2993.65 | 10800.00 | 8492.04
741 | 0.13 | 8657.99 | 8456.16 | 7558.69 | 665.57 | 3327.83 | 10800.00 | 8889.22
748 | 0.07 | 8645.50 | 9181.99 | 8002.76 | 377.86 | 1889.30 | 9865.61 | 8867.40
739 | 0.11 | 8840.95 | 9594.65 | 7785.54 | 580.65 | 2903.27 | 10624.94 | 9124.02
742 | 0.06 | 8543.59 | 10198.55 | 7931.68 | 327.74 | 1638.72 | 9550.73 | 8753.11
729 | 0.06 | 8488.42 | 10563.65 | 7854.60 | 329.87 | 1649.37 | 9484.18 | 8708.59
738 | 0.09 | 8882.07 | 10957.12 | 7895.93 | 472.88 | 2364.40 | 10217.78 | 9102.68
755 | 0.16 | 9285.30 | 11454.05 | 7452.65 | 691.60 | 3458.00 | 10800.00 | 8932.10
764 | 0.13 | 8568.23 | 12213.17 | 6980.52 | 708.07 | 3540.34 | 10428.82 | 9011.98
763 | 0.13 | 9158.57 | 12947.98 | 7475.34 | 662.43 | 3312.14 | 10701.36 | 9374.12
731 | 0.11 | 8382.21 | 13693.07 | 6875.97 | 612.43 | 3062.16 | 9870.76 | 8824.17
761 | 0.15 | 9211.21 | 14350.15 | 7058.69 | 759.97 | 3799.86 | 10744.56 | 9438.07
740 | 0.14 | 8404.95 | 15172.07 | 6280.86 | 777.35 | 3886.75 | 10058.78 | 8956.90
754 | 0.13 | 9158.51 | 15992.41 | 7079.49 | 662.43 | 3312.17 | 10305.54 | 9374.07
752 | 0.14 | 9209.25 | 16679.23 | 6874.15 | 709.46 | 3547.30 | 10322.12 | 9421.74
744 | 0.13 | 8885.64 | 17475.27 | 6613.85 | 682.78 | 3413.88 | 9938.97 | 9202.91
732 | 0.10 | 8657.43 | 18257.09 | 6831.72 | 539.06 | 2695.28 | 9473.10 | 8970.71
756 | 0.07 | 8642.07 | 18965.00 | 7314.52 | 378.01 | 1890.05 | 9178.11 | 8864.72
736 | 0.11 | 8662.39 | 19400.40 | 6528.35 | 592.62 | 2963.11 | 9426.27 | 9005.30
766 | 0.12 | 8972.89 | 20005.05 | 6572.29 | 624.13 | 3120.63 | 9618.02 | 9235.12
745 | 0.10 | 8963.82 | 20711.19 | 6892.70 | 520.63 | 2603.16 | 9443.79 | 9184.97
733 | 0.06 | 8501.06 | 21255.32 | 7225.74 | 329.38 | 1646.92 | 8852.90 | 8718.78
758 | 0.14 | 9206.43 | 21621.88 | 6179.37 | 709.68 | 3548.38 | 9628.39 | 9420.01
Network survivability: 100.0%
networkSurvivabilityOverThousand: 76.6%
Average dead duration: 112014.88740856959
Traveling energy: 46169.803354209034
total calculate time: 47.66675782203674
