total sensor 766
condition 16.786488098769937
gen: 1
2000
gen: 2
2000
gen: 3
2000
gen: 4
2000
gen: 5
2000
gen: 6
2000
gen: 7
2000
gen: 8
2000
gen: 9
2000
gen: 10
2000
gen: 11
2000
gen: 12
2000
gen: 13
2000
gen: 14
2000
gen: 15
2000
gen: 16
2000
gen: 17
2000
gen: 18
2000
gen: 19
2000
gen: 20
2000
gen: 21
2000
gen: 22
2000
gen: 23
2000
gen: 24
2000
gen: 25
2000
gen: 26
2000
gen: 27
2000
gen: 28
2000
gen: 29
2000
gen: 30
2000
gen: 31
2000
gen: 32
2000
gen: 33
2000
gen: 34
2000
gen: 35
2000
gen: 36
2000
gen: 37
2000
gen: 38
2000
gen: 39
2000
gen: 40
2000
gen: 41
2000
gen: 42
2000
gen: 43
2000
gen: 44
2000
gen: 45
2000
gen: 46
2000
gen: 47
2000
gen: 48
2000
gen: 49
2000
gen: 50
2000
Number of charging vehicles: 20
Survey time: 23820.006762148878
Network clustering infor: 
Cluster 0:
[1, 2, 3, 4, 5, 6, 7, 8, 9, 10, 11, 12, 13, 14, 15, 16, 17, 18, 19, 20, 21, 22, 23, 24, 25, 26, 27, 28, 29, 30, 31, 32, 33, 34, 35, 36, 37, 38, 39, 40, 41, 42]
Cluster 1:
[43, 44, 45, 46, 47, 48, 49, 50, 51, 52, 53, 54, 55, 56, 57, 58, 59, 60, 61, 62, 63, 64, 65, 66, 67, 68, 69, 70, 71, 72, 73, 74, 75, 76, 77, 78, 79, 80, 81, 82, 83]
Cluster 2:
[84, 85, 86, 87, 88, 89, 90, 91, 92, 93, 94, 95, 96, 97, 98, 99, 100, 101, 102, 103, 104, 105, 106, 107, 108, 109, 110, 111, 112, 113, 114, 115, 116, 117, 118, 119, 120, 121]
Cluster 3:
[122, 123, 124, 125, 126, 127, 128, 129, 130, 131, 132, 133, 134, 135, 136, 137, 138, 139, 140, 141, 142, 143, 144, 145, 146, 147, 148, 149, 150, 151, 152, 153, 154, 155, 156, 157]
Cluster 4:
[158, 159, 160, 161, 162, 163, 164, 165, 166, 167, 168, 169, 170, 171, 172, 173, 174, 175, 176, 177, 178, 179, 180, 181, 182, 183, 184, 185, 186, 187, 188, 189]
Cluster 5:
[190, 191, 192, 193, 194, 195, 196, 197, 198, 199, 200, 201, 202, 203, 204, 205, 206, 207, 208, 209, 210, 211, 212, 213, 214, 215, 216, 217, 218, 219, 220, 221, 222, 223, 224, 225, 226, 227, 228, 229, 230, 231, 232]
Cluster 6:
[233, 234, 235, 236, 237, 238, 239, 240, 241, 242, 243, 244, 245, 246, 247, 248, 249, 250, 251, 252, 253, 254, 255, 256, 257, 258, 259, 260, 261, 262, 263, 264, 265, 266, 267, 268, 269, 270, 271, 272, 273]
Cluster 7:
[274, 275, 276, 277, 278, 279, 280, 281, 282, 283, 284, 285, 286, 287, 288, 289, 290, 291, 292, 293, 294, 295, 296, 297, 298, 299, 300, 301, 302, 303, 304, 305, 306, 307, 308, 309, 310, 311, 312, 313]
Cluster 8:
[314, 315, 316, 317, 318, 319, 320, 321, 322, 323, 324, 325, 326, 327, 328, 329, 330, 331, 332, 333, 334, 335, 336, 337, 338, 339, 340, 341, 342, 343, 344, 345, 346, 347, 348, 349, 350, 351, 352]
Cluster 9:
[353, 354, 355, 356, 357, 358, 359, 360, 361, 362, 363, 364, 365, 366, 367, 368, 369, 370, 371, 372, 373, 374, 375, 376, 377, 378, 379, 380, 381, 382, 383, 384, 385, 386, 387, 388, 389, 390, 391, 392, 393]
Cluster 10:
[394, 395, 396, 397, 398, 399, 400, 401, 402, 403, 404, 405, 406, 407, 408, 409, 410, 411, 412, 413, 414, 415, 416, 417, 418, 419, 420, 421, 422, 423, 424, 425, 426, 427, 428, 429, 430, 431, 432]
Cluster 11:
[433, 434, 435, 436, 437, 438, 439, 440, 441, 442, 443, 444, 445, 446, 447, 448, 449, 450, 451, 452, 453, 454, 455, 456, 457, 458, 459, 460, 461, 462, 463, 464, 465, 466, 467, 468, 469, 470]
Cluster 12:
[471, 472, 473, 474, 475, 476, 477, 478, 479, 480, 481, 482, 483, 484, 485, 486, 487, 488, 489, 490, 491, 492, 493, 494, 495, 496, 497, 498, 499, 500, 501, 502, 503, 504, 505, 506, 507, 508, 509]
Cluster 13:
[510, 511, 512, 513, 514, 515, 516, 517, 518, 519, 520, 521, 522, 523, 524, 525, 526, 527, 528, 529, 530, 531, 532, 533, 534, 535, 536, 537, 538, 539, 540, 541]
Cluster 14:
[542, 543, 544, 545, 546, 547, 548, 549, 550, 551, 552, 553, 554, 555, 556, 557, 558, 559, 560, 561, 562, 563, 564, 565, 566, 567, 568, 569, 570, 571, 572, 573, 574, 575, 576, 577, 578, 579, 580, 581]
Cluster 15:
[582, 583, 584, 585, 586, 587, 588, 589, 590, 591, 592, 593, 594, 595, 596, 597, 598, 599, 600, 601, 602, 603, 604, 605, 606, 607, 608, 609, 610, 611, 612, 613, 614, 615, 616, 617, 618, 619, 620]
Cluster 16:
[621, 622, 623, 624, 625, 626, 627, 628, 629, 630, 631, 632, 633, 634, 635, 636, 637, 638, 639, 640, 641, 642, 643, 644, 645, 646, 647]
Cluster 17:
[648, 649, 650, 651, 652, 653, 654, 655, 656, 657, 658, 659, 660, 661, 662, 663, 664, 665, 666, 667, 668, 669, 670, 671, 672, 673, 674, 675, 676, 677, 678, 679, 680, 681, 682, 683, 684, 685]
Cluster 18:
[686, 687, 688, 689, 690, 691, 692, 693, 694, 695, 696, 697, 698, 699, 700, 701, 702, 703, 704, 705, 706, 707, 708, 709, 710, 711, 712, 713, 714, 715, 716, 717, 718, 719, 720, 721, 722, 723, 724, 725, 726, 727]
Cluster 19:
[728, 729, 730, 731, 732, 733, 734, 735, 736, 737, 738, 739, 740, 741, 742, 743, 744, 745, 746, 747, 748, 749, 750, 751, 752, 753, 754, 755, 756, 757, 758, 759, 760, 761, 762, 763, 764, 765, 766]
Vehicle 0
Charging tour: 
32  -> 22  -> 20  -> 19  -> 7  -> 6  -> 30  -> 1  -> 21  -> 8  -> 2  -> 11  -> 38  -> 14  -> 37  -> 15  -> 24  -> 36  -> 4  -> 18  -> 5  -> 40  -> 42  -> 16  -> 25  -> 33  -> 31  -> 3  -> 27  -> 26  -> 10  -> 23  -> 9  -> 29  -> 28  -> 41  -> 35  -> 34  -> 13  -> 12  -> 39  -> 17  -> 
Charging time: 
381.6632550468103  + 427.9977552828732  + 288.8300691097346  + 288.88948621157346  + 660.127674271019  + 474.4241404998215  + 474.4450210065799  + 474.44269810729554  + 288.090474163672  + 660.2981691185403  + 613.7326620142071  + 381.6699767597095  + 520.8157357551067  + 520.8544426768215  + 567.2443771576103  + 334.4487686117755  + 474.4136497172363  + 660.2814730814717  + 555.7874168041761  + 474.42993364769654  + 474.41960462563736  + 660.2946672802734  + 1434.3079387534633  + 381.7385093536285  + 567.2448026176478  + 335.0561758245768  + 381.6761665984139  + 567.2449705193831  + 238.62951887943606  + 335.35552275185034  + 659.2152000756396  + 520.8205182695742  + 381.6873375026155  + 286.65363149657736  + 567.2244721327816  + 651.6601802991672  + 660.2981384287127  + 610.4427646336404  + 334.9674518672423  + 474.44345457970053  + 520.8141544078865  + 613.7328751891718  + 
total node:42/42
-------------------
Traveling energy: 2095.9238243462487
Charging energy: 105904.07617565377
Total energy used: 108000.00000000001
-------------------
Total time for travel: 2095.9238243462487
Total time for charging: 21180.815235130754
Charging round duration: 23276.739059477004
-------------------
ID | p | E0 | time_arrive | E_remain | time_charge | energy_charge| E_after_charge | E_after_cycle
32 | 0.08 | 6048.61 | 177.29 | 6034.42 | 381.66 | 1908.32 | 7912.21 | 6051.32
22 | 0.09 | 6068.02 | 589.54 | 6014.96 | 428.00 | 2139.99 | 8116.43 | 6064.20
20 | 0.06 | 5994.52 | 1053.55 | 5931.31 | 288.83 | 1444.15 | 7358.13 | 6009.47
19 | 0.06 | 5993.29 | 1387.48 | 5910.04 | 288.89 | 1444.45 | 7337.15 | 6008.54
7 | 0.14 | 6119.92 | 1680.35 | 5884.67 | 660.13 | 3300.64 | 9092.89 | 6085.76
6 | 0.10 | 6082.46 | 2351.11 | 5847.34 | 474.42 | 2372.12 | 8172.02 | 6072.58
30 | 0.10 | 6082.19 | 2859.35 | 5796.25 | 474.45 | 2372.23 | 8121.03 | 6072.41
1 | 0.10 | 6082.22 | 3361.86 | 5746.03 | 474.44 | 2372.21 | 8070.80 | 6072.43
21 | 0.06 | 6009.91 | 3849.33 | 5778.95 | 288.09 | 1440.45 | 7202.12 | 6021.16
8 | 0.14 | 6118.34 | 4216.23 | 5528.07 | 660.30 | 3301.49 | 8737.12 | 6085.03
2 | 0.13 | 6112.37 | 4888.47 | 5476.87 | 613.73 | 3068.66 | 8465.75 | 6084.43
11 | 0.08 | 6048.50 | 5569.94 | 5602.90 | 381.67 | 1908.35 | 7480.72 | 6051.25
38 | 0.11 | 6094.73 | 5961.93 | 5438.91 | 520.82 | 2604.08 | 7985.70 | 6078.61
14 | 0.11 | 6094.27 | 6525.34 | 5376.49 | 520.85 | 2604.27 | 7923.47 | 6078.35
37 | 0.12 | 6104.59 | 7130.81 | 5248.90 | 567.24 | 2836.22 | 8017.05 | 6082.41
15 | 0.07 | 6039.68 | 7734.42 | 5498.27 | 334.45 | 1672.24 | 7147.11 | 6044.53
24 | 0.10 | 6082.59 | 8099.87 | 5272.60 | 474.41 | 2372.07 | 7597.23 | 6072.66
36 | 0.14 | 6118.50 | 8635.26 | 4909.56 | 660.28 | 3301.41 | 8118.53 | 6085.10
4 | 0.15 | 7788.04 | 9303.21 | 6392.56 | 555.79 | 2778.94 | 9088.13 | 6993.98
18 | 0.10 | 6082.38 | 9881.34 | 5094.25 | 474.43 | 2372.15 | 7418.95 | 6072.53
5 | 0.10 | 6082.51 | 10415.56 | 5040.96 | 474.42 | 2372.10 | 7365.61 | 6072.61
40 | 0.14 | 6118.37 | 10910.80 | 4590.86 | 660.29 | 3301.47 | 7799.89 | 6085.05
42 | 0.14 | 2816.64 | 11627.24 | 1188.83 | 1434.31 | 7171.54 | 8159.56 | 6653.38
16 | 0.08 | 6047.41 | 13149.07 | 4995.49 | 381.74 | 1908.69 | 6873.64 | 6050.51
25 | 0.12 | 6104.59 | 13576.22 | 4475.44 | 567.24 | 2836.22 | 7243.60 | 6082.41
33 | 0.07 | 6028.73 | 14186.78 | 5035.66 | 335.06 | 1675.28 | 6687.49 | 6036.61
31 | 0.08 | 6048.40 | 14545.96 | 4884.72 | 381.68 | 1908.38 | 6762.57 | 6051.18
3 | 0.12 | 6104.59 | 14990.47 | 4305.73 | 567.24 | 2836.22 | 7073.89 | 6082.41
27 | 0.05 | 6046.33 | 15596.32 | 5266.51 | 238.63 | 1193.15 | 6447.73 | 6048.47
26 | 0.07 | 6023.35 | 15933.61 | 4908.00 | 335.36 | 1676.78 | 6561.30 | 6032.73
10 | 0.14 | 6128.39 | 16404.11 | 3831.82 | 659.22 | 3296.08 | 7035.60 | 6089.67
23 | 0.11 | 6094.67 | 17111.98 | 4212.35 | 520.82 | 2604.10 | 6759.17 | 6078.57
9 | 0.08 | 6048.22 | 17710.49 | 4631.39 | 381.69 | 1908.44 | 6509.29 | 6051.06
29 | 0.06 | 6040.04 | 18102.02 | 4953.91 | 286.65 | 1433.27 | 6369.98 | 6044.10
28 | 0.12 | 6104.81 | 18454.75 | 3890.24 | 567.22 | 2836.12 | 6658.29 | 6082.53
41 | 0.14 | 6199.44 | 19071.44 | 3529.44 | 651.66 | 3258.30 | 6696.51 | 6122.94
35 | 0.14 | 6118.34 | 19773.04 | 3350.11 | 660.30 | 3301.49 | 6559.16 | 6085.03
34 | 0.13 | 6145.31 | 20525.16 | 3477.04 | 610.44 | 3052.21 | 6449.90 | 6100.93
13 | 0.07 | 6030.33 | 21168.36 | 4548.55 | 334.97 | 1674.84 | 6199.94 | 6037.77
12 | 0.10 | 6082.21 | 21534.83 | 3928.72 | 474.44 | 2372.22 | 6253.50 | 6072.42
39 | 0.11 | 6094.75 | 22056.94 | 3668.48 | 520.81 | 2604.07 | 6215.26 | 6078.62
17 | 0.13 | 6112.37 | 22596.97 | 3174.76 | 613.73 | 3068.66 | 6163.64 | 6084.43
Vehicle 1
Charging tour: 
50  -> 65  -> 75  -> 73  -> 74  -> 51  -> 46  -> 66  -> 81  -> 56  -> 55  -> 48  -> 83  -> 60  -> 44  -> 53  -> 47  -> 80  -> 79  -> 54  -> 58  -> 69  -> 72  -> 45  -> 68  -> 78  -> 57  -> 82  -> 76  -> 49  -> 67  -> 61  -> 64  -> 43  -> 77  -> 59  -> 71  -> 62  -> 70  -> 52  -> 63  -> 
Charging time: 
503.78340977581786  + 503.7593269273661  + 695.3673025299349  + 785.1338491762318  + 503.77132106704283  + 359.85847103347953  + 647.4903409085033  + 551.6918942790915  + 311.4209294265572  + 359.04959517569944  + 359.6646218301957  + 359.79752855670574  + 647.1199196192274  + 695.1707006965942  + 455.8620219267002  + 599.6026601323117  + 551.7033723129696  + 551.6843184006651  + 551.7001022291976  + 551.6963028208642  + 599.4835763352959  + 551.7033139936499  + 263.1050478093407  + 599.5085775166435  + 407.56281154887034  + 359.8329359915997  + 407.4874821302921  + 503.75539308627594  + 647.348591808048  + 647.4901240886144  + 407.7406544101773  + 551.6961289445734  + 309.22289737306875  + 647.4865899794728  + 695.2549943532067  + 647.4907335647523  + 359.4203432206593  + 647.3572532583305  + 262.98822742321363  + 407.7576942521661  + 693.7626505818486  + 
total node:41/41
-------------------
Traveling energy: 2186.07994752373
Charging energy: 105813.92005247629
Total energy used: 108000.00000000001
-------------------
Total time for travel: 2186.07994752373
Total time for charging: 21162.784010495256
Charging round duration: 23348.863958018985
-------------------
ID | p | E0 | time_arrive | E_remain | time_charge | energy_charge| E_after_charge | E_after_cycle
50 | 0.10 | 6950.47 | 147.72 | 6935.70 | 503.78 | 2518.92 | 9404.24 | 7087.39
65 | 0.10 | 6950.81 | 693.50 | 6881.46 | 503.76 | 2518.80 | 9349.88 | 7087.60
75 | 0.14 | 7049.72 | 1253.37 | 6874.25 | 695.37 | 3476.84 | 10253.74 | 7191.76
73 | 0.16 | 7135.67 | 1983.34 | 6818.33 | 785.13 | 3925.67 | 10618.38 | 7250.14
74 | 0.10 | 6950.64 | 2806.87 | 6669.95 | 503.77 | 2518.86 | 9138.43 | 7087.50
51 | 0.07 | 6811.22 | 3331.66 | 6578.00 | 359.86 | 1799.29 | 8352.10 | 6943.11
46 | 0.13 | 7030.21 | 3720.28 | 6546.58 | 647.49 | 3237.45 | 9699.85 | 7171.06
66 | 0.11 | 6981.59 | 4437.73 | 6493.44 | 551.69 | 2758.46 | 9191.21 | 7119.85
81 | 0.06 | 6746.24 | 5030.00 | 6444.44 | 311.42 | 1557.10 | 7982.86 | 6874.14
56 | 0.07 | 6826.56 | 5367.48 | 6450.84 | 359.05 | 1795.25 | 8220.95 | 6954.41
55 | 0.07 | 6814.89 | 5820.72 | 6407.44 | 359.66 | 1798.32 | 8180.58 | 6945.81
48 | 0.07 | 6812.37 | 6207.74 | 6377.83 | 359.80 | 1798.99 | 8151.63 | 6943.96
83 | 0.13 | 7034.24 | 6589.17 | 6177.64 | 647.12 | 3235.60 | 9329.12 | 7173.23
60 | 0.14 | 7051.72 | 7357.94 | 6021.61 | 695.17 | 3475.85 | 9400.14 | 7192.77
44 | 0.09 | 6913.01 | 8113.74 | 6182.78 | 455.86 | 2279.31 | 8421.06 | 7048.52
53 | 0.12 | 7007.71 | 8603.96 | 5975.23 | 599.60 | 2998.01 | 8901.29 | 7147.32
47 | 0.11 | 6981.45 | 9244.44 | 5964.56 | 551.70 | 2758.52 | 8662.39 | 7119.76
80 | 0.11 | 6981.69 | 9880.28 | 5894.86 | 551.68 | 2758.42 | 8592.59 | 7119.91
79 | 0.11 | 6981.49 | 10450.76 | 5831.90 | 551.70 | 2758.50 | 8529.72 | 7119.79
54 | 0.11 | 6981.54 | 11076.36 | 5763.14 | 551.70 | 2758.48 | 8460.93 | 7119.82
58 | 0.12 | 7009.10 | 11709.03 | 5604.02 | 599.48 | 2997.42 | 8529.50 | 7148.12
69 | 0.11 | 6981.45 | 12340.08 | 5624.04 | 551.70 | 2758.52 | 8321.87 | 7119.76
72 | 0.05 | 6654.25 | 13050.25 | 6001.74 | 263.11 | 1315.53 | 7304.11 | 6778.78
45 | 0.12 | 7008.81 | 13342.32 | 5407.73 | 599.51 | 2997.54 | 8333.33 | 7147.95
68 | 0.08 | 6873.12 | 13982.11 | 5754.55 | 407.56 | 2037.81 | 7759.76 | 7005.33
78 | 0.07 | 6811.70 | 14420.81 | 5802.24 | 359.83 | 1799.16 | 7576.22 | 6943.46
57 | 0.08 | 6874.39 | 14819.48 | 5688.83 | 407.49 | 2037.44 | 7693.67 | 7006.23
82 | 0.10 | 6950.86 | 15266.08 | 5424.25 | 503.76 | 2518.78 | 7892.65 | 7087.64
76 | 0.13 | 7031.75 | 15809.80 | 4976.48 | 647.35 | 3236.74 | 8129.06 | 7171.89
49 | 0.13 | 7030.21 | 16520.97 | 4882.49 | 647.49 | 3237.45 | 8035.77 | 7171.06
67 | 0.08 | 6870.12 | 17221.30 | 5492.42 | 407.74 | 2038.70 | 7498.50 | 7003.22
61 | 0.11 | 6981.54 | 17742.22 | 5029.89 | 551.70 | 2758.48 | 7727.69 | 7119.82
64 | 0.06 | 6794.19 | 18317.36 | 5695.15 | 309.22 | 1546.11 | 7222.71 | 6911.11
43 | 0.13 | 7030.25 | 18647.53 | 4606.07 | 647.49 | 3237.43 | 7759.33 | 7171.08
77 | 0.14 | 7050.86 | 19329.88 | 4344.68 | 695.25 | 3476.27 | 7723.62 | 7192.34
59 | 0.13 | 7030.21 | 20049.33 | 4423.79 | 647.49 | 3237.45 | 7577.07 | 7171.06
71 | 0.07 | 6819.52 | 20727.30 | 5368.61 | 359.42 | 1797.10 | 7140.55 | 6949.22
62 | 0.13 | 7031.66 | 21107.34 | 4287.70 | 647.36 | 3236.79 | 7440.33 | 7171.84
70 | 0.05 | 6657.21 | 21776.11 | 5568.40 | 262.99 | 1314.94 | 6870.19 | 6781.15
52 | 0.08 | 6869.83 | 22046.08 | 5106.15 | 407.76 | 2038.79 | 7112.31 | 7003.02
63 | 0.14 | 7066.03 | 22507.29 | 3915.01 | 693.76 | 3468.81 | 7286.70 | 7200.04
Vehicle 2
Charging tour: 
115  -> 94  -> 97  -> 87  -> 91  -> 90  -> 88  -> 95  -> 89  -> 93  -> 105  -> 85  -> 103  -> 101  -> 92  -> 109  -> 104  -> 114  -> 98  -> 112  -> 110  -> 100  -> 119  -> 86  -> 106  -> 121  -> 99  -> 111  -> 107  -> 117  -> 84  -> 120  -> 102  -> 113  -> 96  -> 108  -> 116  -> 118  -> 
Charging time: 
163.9695418011014  + 394.3388030246087  + 227.8504422659437  + 569.9564234221839  + 312.50051500980976  + 277.1442995931793  + 542.0606497896912  + 492.33539578632076  + 660.5220243465284  + 393.86461032207274  + 261.87977129583936  + 341.3117620911639  + 498.1332044324093  + 541.7137367649681  + 438.1627459559677  + 375.9060907353044  + 467.0729863285108  + 344.3523051420531  + 332.07288399800217  + 454.09384143046594  + 614.6435767652379  + 545.2967946515149  + 489.37277584688195  + 978.6821497974017  + 499.4678343531413  + 569.6753062309238  + 519.711490457939  + 327.51909274649825  + 823.7342196440915  + 318.2439154845782  + 409.1414386295218  + 309.60384592546274  + 450.323008561431  + 424.7618424712764  + 526.0942268058579  + 433.6645587675409  + 646.249244273868  + 367.8744666085146  + 
total node:38/38
-------------------
Traveling energy: 2822.931976681489
Charging energy: 86716.50910778902
Total energy used: 89539.44108447051
-------------------
Total time for travel: 2822.931976681489
Total time for charging: 17343.301821557805
Charging round duration: 20166.233798239293
-------------------
ID | p | E0 | time_arrive | E_remain | time_charge | energy_charge| E_after_charge | E_after_cycle
115 | 0.10 | 10013.33 | 167.79 | 9996.55 | 163.97 | 819.85 | 10800.00 | 8451.18
94 | 0.10 | 8904.57 | 368.27 | 8867.74 | 394.34 | 1971.69 | 10800.00 | 8494.26
97 | 0.06 | 9728.09 | 894.58 | 9674.42 | 227.85 | 1139.25 | 10800.00 | 9438.15
87 | 0.12 | 8168.43 | 1248.50 | 8018.61 | 569.96 | 2849.78 | 10800.00 | 8159.81
91 | 0.07 | 9388.00 | 1837.58 | 9259.37 | 312.50 | 1562.50 | 10800.00 | 9283.11
90 | 0.06 | 9567.22 | 2271.95 | 9430.91 | 277.14 | 1385.72 | 10800.00 | 9523.75
88 | 0.11 | 8442.19 | 2662.44 | 8149.32 | 542.06 | 2710.30 | 10800.00 | 8532.29
95 | 0.11 | 8762.58 | 3364.57 | 8392.48 | 492.34 | 2461.68 | 10800.00 | 8604.06
89 | 0.13 | 8095.57 | 3940.83 | 7583.26 | 660.52 | 3302.61 | 10800.00 | 8301.58
93 | 0.08 | 9233.35 | 4639.53 | 8862.19 | 393.86 | 1969.32 | 10800.00 | 9297.07
105 | 0.07 | 9864.69 | 5082.31 | 9508.93 | 261.88 | 1309.40 | 10800.00 | 9506.69
85 | 0.06 | 9421.18 | 5443.15 | 9094.59 | 341.31 | 1706.56 | 10780.67 | 9698.54
103 | 0.12 | 9078.45 | 5911.16 | 8369.11 | 498.13 | 2490.67 | 10800.00 | 8710.71
101 | 0.12 | 8934.25 | 6481.81 | 8156.44 | 541.71 | 2708.57 | 10800.00 | 8784.42
92 | 0.08 | 9209.86 | 7070.31 | 8644.24 | 438.16 | 2190.81 | 10800.00 | 9495.08
109 | 0.10 | 9715.29 | 7572.25 | 8958.06 | 375.91 | 1879.53 | 10800.00 | 9212.81
104 | 0.10 | 9309.36 | 7980.20 | 8511.34 | 467.07 | 2335.36 | 10800.00 | 9262.73
114 | 0.10 | 9960.15 | 8474.77 | 9112.67 | 344.35 | 1721.76 | 10800.00 | 9299.91
98 | 0.06 | 9683.30 | 8851.45 | 9152.21 | 332.07 | 1660.36 | 10792.65 | 9914.46
112 | 0.12 | 9690.82 | 9223.28 | 8584.02 | 454.09 | 2270.47 | 10800.00 | 9102.88
110 | 0.15 | 9278.93 | 9733.03 | 7818.98 | 614.64 | 3073.22 | 10800.00 | 8779.15
100 | 0.10 | 9170.95 | 10429.01 | 8128.05 | 545.30 | 2726.48 | 10800.00 | 9515.43
119 | 0.12 | 9744.57 | 11105.89 | 8411.86 | 489.37 | 2446.86 | 10800.00 | 9333.03
86 | 0.14 | 7666.40 | 11631.89 | 6037.94 | 978.68 | 4893.41 | 10794.33 | 9225.01
106 | 0.09 | 9483.34 | 12619.18 | 8347.61 | 499.47 | 2497.34 | 10800.00 | 9836.88
121 | 0.14 | 9877.44 | 13186.18 | 8031.38 | 569.68 | 2848.38 | 10800.00 | 9391.02
99 | 0.09 | 9280.80 | 13783.32 | 8040.30 | 519.71 | 2598.56 | 10592.09 | 9735.56
111 | 0.06 | 9817.93 | 14329.01 | 8958.19 | 327.52 | 1637.60 | 10576.13 | 10026.33
107 | 0.15 | 9012.92 | 14720.23 | 6804.89 | 823.73 | 4118.67 | 10800.00 | 9558.59
117 | 0.06 | 10104.07 | 15605.36 | 9167.75 | 318.24 | 1591.22 | 10739.88 | 10266.09
84 | 0.07 | 9169.17 | 16059.49 | 8045.00 | 409.14 | 2045.71 | 10062.07 | 9547.47
120 | 0.07 | 10430.26 | 16523.01 | 9273.65 | 309.60 | 1548.02 | 10800.00 | 10310.88
102 | 0.08 | 9520.75 | 16907.92 | 8168.12 | 450.32 | 2251.62 | 10383.71 | 9866.77
113 | 0.08 | 10093.69 | 17435.29 | 8698.86 | 424.76 | 2123.81 | 10788.69 | 10311.90
96 | 0.09 | 9168.20 | 17943.52 | 7553.29 | 526.09 | 2630.47 | 10136.41 | 9654.88
108 | 0.08 | 9886.47 | 18543.95 | 8402.96 | 433.66 | 2168.32 | 10536.59 | 10149.20
116 | 0.12 | 9933.07 | 19056.36 | 7646.30 | 646.25 | 3231.25 | 10800.00 | 10305.91
118 | 0.07 | 10197.74 | 19717.93 | 8817.48 | 367.87 | 1839.37 | 10631.10 | 10369.71
Vehicle 3
Charging tour: 
128  -> 130  -> 126  -> 124  -> 144  -> 135  -> 134  -> 123  -> 127  -> 137  -> 125  -> 139  -> 154  -> 153  -> 131  -> 129  -> 132  -> 145  -> 150  -> 122  -> 141  -> 138  -> 146  -> 149  -> 143  -> 136  -> 148  -> 151  -> 147  -> 133  -> 140  -> 156  -> 142  -> 157  -> 155  -> 152  -> 
Charging time: 
397.89036380218164  + 405.8240083511246  + 452.7240974157657  + 362.18883839459477  + 266.2845355373427  + 414.59752071430256  + 314.11758897789747  + 525.4255308752132  + 450.49352135835323  + 455.3018609676771  + 526.4953329834607  + 486.1226519013845  + 314.11770375219805  + 265.53869177673124  + 673.6325233865591  + 363.4156421551514  + 630.9326297046804  + 550.9367912206994  + 604.7479692827073  + 469.56679176934995  + 688.1014527708834  + 771.5721388860621  + 676.3248453027891  + 505.4320607950744  + 697.9441828262792  + 672.5648186359729  + 868.0181102483832  + 901.9894355887911  + 521.1995989696119  + 828.739950068572  + 704.1962216130911  + 925.1136974919497  + 561.5452918089273  + 647.5736807702074  + 976.6613418155263  + 647.5666677683304  + 
total node:36/36
-------------------
Traveling energy: 2339.868259550746
Charging energy: 102624.49044843912
Total energy used: 104964.35870798986
-------------------
Total time for travel: 2339.868259550746
Total time for charging: 20524.898089687824
Charging round duration: 22864.76634923857
-------------------
ID | p | E0 | time_arrive | E_remain | time_charge | energy_charge| E_after_charge | E_after_cycle
128 | 0.08 | 8854.64 | 153.32 | 8842.38 | 397.89 | 1989.45 | 10800.00 | 8938.50
130 | 0.08 | 8849.70 | 579.42 | 8803.35 | 405.82 | 2029.12 | 10800.00 | 8973.22
126 | 0.10 | 8685.46 | 1038.08 | 8581.65 | 452.72 | 2263.62 | 10800.00 | 8567.08
124 | 0.07 | 8782.12 | 1536.98 | 8674.53 | 362.19 | 1810.94 | 10460.12 | 8925.66
144 | 0.05 | 8532.19 | 1925.64 | 8435.90 | 266.28 | 1331.42 | 9754.01 | 8672.61
135 | 0.10 | 8991.59 | 2231.16 | 8768.47 | 414.60 | 2072.99 | 10800.00 | 8682.57
134 | 0.06 | 8679.51 | 2716.31 | 8516.53 | 314.12 | 1570.59 | 10068.27 | 8820.90
123 | 0.10 | 8534.38 | 3089.62 | 8225.41 | 525.43 | 2627.13 | 10800.00 | 8779.50
127 | 0.09 | 8928.27 | 3779.97 | 8588.08 | 450.49 | 2252.47 | 10800.00 | 9036.94
137 | 0.11 | 9042.07 | 4259.05 | 8573.57 | 455.30 | 2276.51 | 10800.00 | 8698.38
125 | 0.10 | 8630.62 | 4732.75 | 8157.34 | 526.50 | 2632.48 | 10737.17 | 8881.09
139 | 0.12 | 9063.79 | 5300.54 | 8427.72 | 486.12 | 2430.61 | 10800.00 | 8636.00
154 | 0.06 | 8679.51 | 5880.84 | 8326.66 | 314.12 | 1570.59 | 9878.40 | 8820.90
153 | 0.05 | 8556.15 | 6311.69 | 8240.57 | 265.54 | 1327.69 | 9554.98 | 8692.84
131 | 0.13 | 8381.53 | 6631.71 | 7519.41 | 673.63 | 3368.16 | 10800.00 | 8653.09
129 | 0.07 | 8752.47 | 7406.46 | 8234.02 | 363.42 | 1817.08 | 10025.66 | 8902.15
132 | 0.12 | 8642.40 | 7858.54 | 7699.38 | 630.93 | 3154.66 | 10778.33 | 8938.67
145 | 0.11 | 9042.24 | 8511.97 | 8105.92 | 550.94 | 2754.68 | 10800.00 | 9176.72
150 | 0.14 | 9131.18 | 9073.22 | 7860.92 | 604.75 | 3023.74 | 10800.00 | 8820.12
122 | 0.09 | 8709.26 | 9691.83 | 7837.00 | 469.57 | 2347.83 | 10142.57 | 8913.30
141 | 0.14 | 8886.88 | 10221.82 | 7455.83 | 688.10 | 3440.51 | 10800.00 | 8992.59
138 | 0.15 | 8696.33 | 10923.03 | 7057.88 | 771.57 | 3857.86 | 10800.00 | 8981.19
146 | 0.14 | 9153.00 | 11713.84 | 7513.06 | 676.32 | 3381.62 | 10800.00 | 9199.82
149 | 0.10 | 8990.29 | 12477.23 | 7742.56 | 505.43 | 2527.16 | 10219.18 | 9135.45
143 | 0.14 | 9114.73 | 13021.22 | 7291.76 | 697.94 | 3489.72 | 10683.76 | 9269.65
136 | 0.13 | 8783.05 | 13848.73 | 6982.72 | 672.56 | 3362.82 | 10258.11 | 9049.28
148 | 0.18 | 9239.49 | 14574.07 | 6616.15 | 868.02 | 4340.09 | 10800.00 | 9291.98
151 | 0.17 | 8564.14 | 15492.54 | 5930.41 | 901.99 | 4509.95 | 10287.02 | 9024.69
147 | 0.10 | 8718.31 | 16430.99 | 7075.21 | 521.20 | 2606.00 | 9629.09 | 8942.31
133 | 0.15 | 8224.50 | 17001.54 | 5674.26 | 828.74 | 4143.70 | 9693.65 | 8795.19
140 | 0.14 | 9033.80 | 17943.67 | 6521.69 | 704.20 | 3520.98 | 9944.08 | 9219.98
156 | 0.18 | 8841.25 | 18677.02 | 5479.39 | 925.11 | 4625.57 | 9938.43 | 9179.22
142 | 0.11 | 8901.11 | 19643.92 | 6740.28 | 561.55 | 2807.73 | 9486.24 | 9088.64
157 | 0.13 | 9122.01 | 20313.06 | 6481.31 | 647.57 | 3237.87 | 9634.99 | 9263.28
155 | 0.20 | 9305.13 | 21010.19 | 5103.09 | 976.66 | 4883.31 | 9791.06 | 9424.43
152 | 0.13 | 9122.11 | 22046.34 | 6256.08 | 647.57 | 3237.83 | 9409.73 | 9263.34
Vehicle 4
Charging tour: 
175  -> 158  -> 161  -> 168  -> 167  -> 159  -> 188  -> 169  -> 160  -> 180  -> 162  -> 173  -> 166  -> 164  -> 181  -> 187  -> 176  -> 171  -> 185  -> 163  -> 165  -> 184  -> 170  -> 174  -> 178  -> 182  -> 177  -> 183  -> 189  -> 186  -> 179  -> 172  -> 
Charging time: 
212.58792978240322  + 871.0753584800441  + 1031.7142302665948  + 270.9126615438912  + 442.2275014126672  + 1211.3569801751423  + 290.24013414593605  + 427.7323012553264  + 545.8501536033544  + 217.26161396118627  + 315.2140851983107  + 249.98359510228886  + 649.1576047065809  + 314.08680208875126  + 492.2717949216025  + 688.6219503422648  + 222.4321703880056  + 451.2222298642308  + 377.13202844356283  + 715.4556944840505  + 909.8631021315971  + 485.5920614793313  + 612.2883501225457  + 660.623068716121  + 301.30622090134335  + 400.92089340866727  + 588.8641394897877  + 870.8479869637756  + 491.7211611851558  + 562.0687384249862  + 300.3816088266412  + 805.149335372103  + 
total node:32/32
-------------------
Traveling energy: 2345.7567967146542
Charging energy: 84930.81743594125
Total energy used: 87276.57423265591
-------------------
Total time for travel: 2345.7567967146542
Total time for charging: 16986.16348718825
Charging round duration: 19331.920283902902
-------------------
ID | p | E0 | time_arrive | E_remain | time_charge | energy_charge| E_after_charge | E_after_cycle
175 | 0.06 | 9756.40 | 109.69 | 9749.82 | 212.59 | 1062.94 | 10800.00 | 9390.14
158 | 0.18 | 6671.49 | 389.32 | 6601.42 | 871.08 | 4355.38 | 10800.00 | 6739.27
161 | 0.23 | 6171.94 | 1274.84 | 5878.72 | 1031.71 | 5158.57 | 10800.00 | 5851.91
168 | 0.07 | 9628.14 | 2339.14 | 9464.40 | 270.91 | 1354.56 | 10800.00 | 9315.30
167 | 0.11 | 8930.19 | 2660.74 | 8637.51 | 442.23 | 2211.14 | 10800.00 | 8521.13
159 | 0.23 | 5757.13 | 3196.96 | 5021.83 | 1211.36 | 6056.78 | 10800.00 | 6335.31
188 | 0.08 | 9733.12 | 4513.71 | 9372.02 | 290.24 | 1451.20 | 10800.00 | 9278.72
169 | 0.10 | 9187.23 | 4831.15 | 8704.11 | 427.73 | 2138.66 | 10800.00 | 8943.89
160 | 0.10 | 8659.13 | 5337.92 | 8125.33 | 545.85 | 2729.25 | 10800.00 | 9006.38
180 | 0.06 | 10080.30 | 5892.96 | 9726.73 | 217.26 | 1086.31 | 10800.00 | 9737.41
162 | 0.06 | 9612.39 | 6159.20 | 9242.84 | 315.21 | 1576.07 | 10800.00 | 9759.26
173 | 0.05 | 9888.55 | 6519.42 | 9562.58 | 249.98 | 1249.92 | 10800.00 | 9947.47
166 | 0.13 | 8528.04 | 6841.80 | 7638.60 | 649.16 | 3245.79 | 10800.00 | 8677.22
164 | 0.06 | 9665.02 | 7583.90 | 9209.99 | 314.09 | 1570.43 | 10761.58 | 9806.26
181 | 0.13 | 9444.12 | 8011.44 | 8402.64 | 492.27 | 2461.36 | 10800.00 | 8808.88
187 | 0.23 | 9482.63 | 8553.73 | 7515.27 | 688.62 | 3443.11 | 10800.00 | 7447.14
176 | 0.05 | 10162.33 | 9267.43 | 9698.96 | 222.43 | 1112.16 | 10800.00 | 10083.49
171 | 0.09 | 9444.28 | 9553.16 | 8584.50 | 451.22 | 2256.11 | 10800.00 | 9556.59
185 | 0.10 | 9958.39 | 10063.41 | 8952.05 | 377.13 | 1885.66 | 10800.00 | 9462.05
163 | 0.12 | 8485.94 | 10517.31 | 7223.86 | 715.46 | 3577.28 | 10715.28 | 9204.81
165 | 0.15 | 8088.28 | 11340.78 | 6387.16 | 909.86 | 4549.32 | 10800.00 | 9064.60
184 | 0.11 | 9780.03 | 12314.35 | 8425.45 | 485.59 | 2427.96 | 10800.00 | 9587.79
170 | 0.11 | 9089.46 | 12865.03 | 7674.30 | 612.29 | 3061.44 | 10668.39 | 9530.70
174 | 0.12 | 9190.28 | 13618.44 | 7556.07 | 660.62 | 3303.12 | 10779.91 | 9635.00
178 | 0.06 | 10074.99 | 14354.57 | 9213.71 | 301.31 | 1506.53 | 10702.16 | 10152.32
182 | 0.08 | 10007.00 | 14744.12 | 8827.47 | 400.92 | 2004.60 | 10800.00 | 10106.00
177 | 0.11 | 9451.02 | 15229.10 | 7775.82 | 588.86 | 2944.32 | 10655.37 | 9775.14
183 | 0.17 | 9297.21 | 15902.41 | 6593.80 | 870.85 | 4354.24 | 10800.00 | 9602.05
189 | 0.10 | 10075.18 | 16846.14 | 8390.57 | 491.72 | 2458.61 | 10800.00 | 10151.79
186 | 0.11 | 9901.58 | 17387.31 | 7988.98 | 562.07 | 2810.34 | 10737.49 | 10091.72
179 | 0.06 | 10106.00 | 18041.18 | 9023.53 | 300.38 | 1501.91 | 10507.41 | 10178.70
172 | 0.14 | 8797.37 | 18402.61 | 6221.01 | 805.15 | 4025.75 | 10134.03 | 9488.32
Vehicle 5
Charging tour: 
214  -> 219  -> 209  -> 197  -> 208  -> 232  -> 203  -> 225  -> 200  -> 220  -> 221  -> 212  -> 231  -> 205  -> 198  -> 196  -> 224  -> 228  -> 204  -> 199  -> 223  -> 206  -> 216  -> 192  -> 195  -> 226  -> 217  -> 210  -> 213  -> 201  -> 211  -> 202  -> 218  -> 193  -> 194  -> 229  -> 207  -> 215  -> 227  -> 191  -> 222  -> 190  -> 230  -> 
Charging time: 
530.332745590891  + 246.27423835753942  + 530.3259066540113  + 485.22403924443967  + 576.3205003495872  + 1451.602321177312  + 252.35063962513055  + 345.5295954099251  + 391.9708249028795  + 297.59715981718693  + 298.393038757683  + 484.30109731503086  + 712.6290325794499  + 530.3202584590351  + 709.8674898205923  + 438.07011516821046  + 438.0148651374015  + 345.6181323084953  + 701.1474509328608  + 484.2652609175901  + 297.46923995774017  + 296.5470660661717  + 581.4313456310553  + 669.149466300341  + 576.6100053694643  + 437.95093282156455  + 622.291942788699  + 298.490063453376  + 438.1568610609158  + 622.29117432984  + 712.7882881959121  + 391.8762571611906  + 344.42794505511955  + 391.9855089556829  + 345.6712546845014  + 392.0014025839013  + 391.60709827288844  + 530.3240511210207  + 252.10806584797947  + 344.3862963255442  + 533.8563680622606  + 668.0628482629662  + 668.2346147894922  + 
total node:43/43
-------------------
Traveling energy: 2710.6359518855825
Charging energy: 105289.3640481144
Total energy used: 107999.99999999997
-------------------
Total time for travel: 2710.6359518855825
Total time for charging: 21057.87280962288
Charging round duration: 23768.508761508463
-------------------
ID | p | E0 | time_arrive | E_remain | time_charge | energy_charge| E_after_charge | E_after_cycle
214 | 0.11 | 7195.16 | 86.53 | 7185.64 | 530.33 | 2651.66 | 9778.96 | 7226.62
219 | 0.05 | 7042.83 | 640.82 | 7010.79 | 246.27 | 1231.37 | 8229.84 | 7083.20
209 | 0.11 | 7195.25 | 940.05 | 7091.84 | 530.33 | 2651.63 | 9685.14 | 7226.68
197 | 0.10 | 7149.14 | 1493.61 | 6999.78 | 485.22 | 2426.12 | 9377.37 | 7193.26
208 | 0.12 | 7222.93 | 2033.54 | 6978.90 | 576.32 | 2881.60 | 9791.34 | 7246.13
232 | 0.15 | 3584.59 | 2645.43 | 3187.78 | 1451.60 | 7258.01 | 10228.05 | 7269.60
203 | 0.05 | 6873.24 | 4162.26 | 6665.13 | 252.35 | 1261.75 | 7914.26 | 6943.99
225 | 0.07 | 7027.63 | 4460.78 | 6715.37 | 345.53 | 1727.65 | 8418.83 | 7087.87
200 | 0.08 | 7079.98 | 4821.91 | 6694.23 | 391.97 | 1959.85 | 8622.73 | 7134.24
220 | 0.06 | 6993.88 | 5261.50 | 6678.19 | 297.60 | 1487.99 | 8148.32 | 7052.67
221 | 0.06 | 6975.23 | 5581.34 | 6640.35 | 298.39 | 1491.97 | 8114.41 | 7037.99
212 | 0.10 | 7162.76 | 5914.21 | 6571.34 | 484.30 | 2421.51 | 8944.42 | 7202.27
231 | 0.15 | 7301.69 | 6503.47 | 6326.17 | 712.63 | 3563.15 | 9782.42 | 7291.84
205 | 0.11 | 7195.32 | 7288.41 | 6393.60 | 530.32 | 2651.60 | 8986.87 | 7226.73
198 | 0.15 | 7330.10 | 7849.42 | 6152.69 | 709.87 | 3549.34 | 9595.54 | 7306.44
196 | 0.09 | 7126.80 | 8597.34 | 6353.04 | 438.07 | 2190.35 | 8503.97 | 7173.35
224 | 0.09 | 7127.70 | 9115.60 | 6307.30 | 438.01 | 2190.07 | 8457.95 | 7173.98
228 | 0.07 | 7025.83 | 9563.45 | 6356.39 | 345.62 | 1728.09 | 8060.28 | 7086.52
204 | 0.16 | 7916.01 | 9933.80 | 6326.61 | 701.15 | 3505.74 | 9720.16 | 7610.55
199 | 0.10 | 7163.29 | 10762.90 | 6087.00 | 484.27 | 2421.33 | 8459.90 | 7202.62
223 | 0.06 | 6996.89 | 11296.82 | 6319.08 | 297.47 | 1487.35 | 7788.58 | 7055.04
206 | 0.06 | 7018.65 | 11625.64 | 6321.11 | 296.55 | 1482.74 | 7786.05 | 7072.18
216 | 0.12 | 7159.43 | 11964.20 | 5723.73 | 581.43 | 2907.16 | 8561.12 | 7208.19
192 | 0.14 | 7257.73 | 12554.63 | 5500.08 | 669.15 | 3345.75 | 8752.15 | 7268.68
195 | 0.12 | 7219.30 | 13298.50 | 5623.48 | 576.61 | 2883.05 | 8437.34 | 7243.95
226 | 0.09 | 7128.74 | 14044.66 | 5864.72 | 437.95 | 2189.75 | 8015.06 | 7174.70
217 | 0.13 | 7246.78 | 14602.31 | 5348.48 | 622.29 | 3111.46 | 8379.04 | 7261.64
210 | 0.06 | 6972.96 | 15339.65 | 6052.58 | 298.49 | 1492.45 | 7527.12 | 7036.21
213 | 0.09 | 7125.39 | 15668.15 | 5715.26 | 438.16 | 2190.78 | 7866.61 | 7172.38
201 | 0.13 | 7246.79 | 16126.86 | 5150.30 | 622.29 | 3111.46 | 8180.86 | 7261.64
211 | 0.15 | 7300.06 | 16790.27 | 4781.52 | 712.79 | 3563.94 | 8238.55 | 7291.00
202 | 0.08 | 7081.69 | 17604.62 | 5673.32 | 391.88 | 1959.38 | 7601.35 | 7135.47
218 | 0.07 | 7050.11 | 18002.34 | 5789.94 | 344.43 | 1722.14 | 7487.97 | 7104.84
193 | 0.08 | 7079.72 | 18393.27 | 5608.26 | 391.99 | 1959.93 | 7536.82 | 7134.04
194 | 0.07 | 7024.75 | 18915.18 | 5700.68 | 345.67 | 1728.36 | 7404.84 | 7085.70
229 | 0.08 | 7079.43 | 19335.77 | 5532.57 | 392.00 | 1960.01 | 7461.22 | 7133.84
207 | 0.08 | 7086.56 | 19796.42 | 5502.84 | 391.61 | 1958.04 | 7429.55 | 7138.99
215 | 0.11 | 7195.27 | 20310.83 | 4961.08 | 530.32 | 2651.62 | 7554.37 | 7226.69
227 | 0.05 | 6879.85 | 20884.78 | 5835.61 | 252.11 | 1260.54 | 7083.55 | 6949.39
191 | 0.07 | 7050.96 | 21176.20 | 5568.62 | 344.39 | 1721.93 | 7266.45 | 7105.49
222 | 0.11 | 7147.67 | 21575.41 | 4774.37 | 533.86 | 2669.28 | 7384.93 | 7196.75
190 | 0.14 | 7269.54 | 22157.22 | 4167.52 | 668.06 | 3340.31 | 7414.31 | 7275.05
230 | 0.14 | 7267.67 | 22933.01 | 4057.05 | 668.23 | 3341.17 | 7304.67 | 7274.04
Vehicle 6
Charging tour: 
236  -> 247  -> 238  -> 256  -> 239  -> 240  -> 250  -> 258  -> 246  -> 264  -> 259  -> 268  -> 272  -> 241  -> 251  -> 261  -> 263  -> 237  -> 245  -> 248  -> 253  -> 234  -> 242  -> 252  -> 262  -> 265  -> 249  -> 267  -> 244  -> 269  -> 257  -> 270  -> 254  -> 266  -> 255  -> 243  -> 260  -> 233  -> 271  -> 235  -> 273  -> 
Charging time: 
542.7451353034295  + 322.12921354090406  + 311.0722448505375  + 282.2174554970424  + 456.51152132663566  + 504.1175478804483  + 494.40548314980117  + 283.1575374530538  + 435.65117674244453  + 349.9446860162396  + 400.829847656931  + 363.79336432050553  + 332.6326186093011  + 332.19128673353333  + 331.32473580451756  + 282.25152082813116  + 335.9176370114  + 596.2620961446688  + 640.3506186405127  + 516.8447549025029  + 487.37435262911106  + 461.9813281784878  + 332.81032785068794  + 473.0847586131451  + 526.2961789144799  + 499.5801439402258  + 285.86380086141  + 443.42640197859987  + 380.71757899370067  + 378.5843779788889  + 541.6797362485707  + 495.8857837569165  + 332.48951577268355  + 378.6313584683503  + 332.49163272308954  + 886.9771433800827  + 653.4780241814245  + 463.87582330199444  + 694.9912403360983  + 683.8773734519311  + 722.7734729227279  + 
total node:41/41
-------------------
Traveling energy: 2652.455391669143
Charging energy: 92856.10418447573
Total energy used: 95508.55957614486
-------------------
Total time for travel: 2652.455391669143
Total time for charging: 18571.220836895147
Charging round duration: 21223.67622856429
-------------------
ID | p | E0 | time_arrive | E_remain | time_charge | energy_charge| E_after_charge | E_after_cycle
236 | 0.12 | 8167.07 | 130.57 | 8151.40 | 542.75 | 2713.73 | 10800.00 | 8022.40
247 | 0.09 | 9281.20 | 698.34 | 9218.35 | 322.13 | 1610.65 | 10800.00 | 8748.04
238 | 0.06 | 9329.31 | 1100.06 | 9263.30 | 311.07 | 1555.36 | 10800.00 | 9455.47
256 | 0.05 | 9165.71 | 1439.37 | 9093.74 | 282.22 | 1411.09 | 10490.71 | 9385.79
239 | 0.10 | 8745.40 | 1823.09 | 8563.09 | 456.51 | 2282.56 | 10800.00 | 8645.96
240 | 0.11 | 8586.91 | 2291.36 | 8334.87 | 504.12 | 2520.59 | 10800.00 | 8487.30
250 | 0.13 | 8769.20 | 2899.64 | 8392.25 | 494.41 | 2472.03 | 10800.00 | 8144.63
258 | 0.05 | 9135.28 | 3565.67 | 8956.99 | 283.16 | 1415.79 | 10358.62 | 9360.06
246 | 0.10 | 9067.82 | 4025.08 | 8665.31 | 435.65 | 2178.26 | 10800.00 | 8864.07
264 | 0.08 | 9436.53 | 4478.18 | 9078.27 | 349.94 | 1749.72 | 10800.00 | 9280.65
259 | 0.12 | 9430.45 | 4887.47 | 8843.95 | 400.83 | 2004.15 | 10800.00 | 8576.19
268 | 0.15 | 9832.05 | 5309.63 | 9035.60 | 363.79 | 1818.97 | 10800.00 | 8078.01
272 | 0.06 | 9331.82 | 5764.14 | 8985.97 | 332.63 | 1663.16 | 10629.17 | 9565.78
241 | 0.06 | 9344.22 | 6209.49 | 8971.65 | 332.19 | 1660.96 | 10612.67 | 9575.97
251 | 0.06 | 9368.65 | 6558.96 | 8975.12 | 331.32 | 1656.62 | 10611.86 | 9596.08
261 | 0.05 | 9164.60 | 6976.05 | 8815.80 | 282.25 | 1411.26 | 10212.94 | 9384.86
263 | 0.08 | 9736.44 | 7364.43 | 9147.29 | 335.92 | 1679.59 | 10800.00 | 9510.43
237 | 0.10 | 8649.92 | 7716.09 | 7878.32 | 596.26 | 2981.31 | 10800.00 | 9249.23
245 | 0.12 | 8673.37 | 8319.01 | 7675.09 | 640.35 | 3201.75 | 10800.00 | 9016.72
248 | 0.10 | 9165.50 | 8980.38 | 8267.46 | 516.84 | 2584.22 | 10800.00 | 9367.72
253 | 0.10 | 9370.30 | 9584.38 | 8411.87 | 487.37 | 2436.87 | 10800.00 | 9425.18
234 | 0.08 | 8958.71 | 10174.00 | 8144.79 | 461.98 | 2309.91 | 10417.74 | 9363.01
242 | 0.06 | 9326.83 | 10661.27 | 8687.16 | 332.81 | 1664.05 | 10331.24 | 9561.69
252 | 0.09 | 9472.06 | 11054.47 | 8477.15 | 473.08 | 2365.42 | 10800.00 | 9693.68
262 | 0.12 | 9622.43 | 11589.60 | 8231.67 | 526.30 | 2631.48 | 10800.00 | 9395.51
265 | 0.10 | 9567.35 | 12152.92 | 8352.06 | 499.58 | 2497.90 | 10800.00 | 9683.25
249 | 0.05 | 9048.79 | 12674.83 | 8415.05 | 285.86 | 1429.32 | 9830.08 | 9287.11
267 | 0.10 | 9927.30 | 13000.88 | 8627.21 | 443.43 | 2217.13 | 10800.00 | 9762.43
244 | 0.07 | 9512.07 | 13465.04 | 8569.52 | 380.72 | 1903.59 | 10446.45 | 9748.26
269 | 0.07 | 9565.67 | 13883.97 | 8593.79 | 378.58 | 1892.92 | 10460.21 | 9791.19
257 | 0.10 | 9550.74 | 14321.62 | 8118.58 | 541.68 | 2708.40 | 10772.81 | 9877.14
270 | 0.11 | 10020.05 | 14953.92 | 8375.12 | 495.89 | 2479.43 | 10800.00 | 9879.28
254 | 0.06 | 9335.83 | 15525.33 | 8404.31 | 332.49 | 1662.45 | 10046.81 | 9569.08
266 | 0.07 | 9564.48 | 15943.13 | 8448.46 | 378.63 | 1893.16 | 10315.11 | 9790.23
255 | 0.06 | 9335.77 | 16345.78 | 8355.03 | 332.49 | 1662.46 | 9997.54 | 9569.03
243 | 0.14 | 8165.74 | 16732.23 | 5823.23 | 886.98 | 4434.89 | 10133.93 | 9265.82
260 | 0.12 | 9500.14 | 17659.40 | 7381.01 | 653.48 | 3267.39 | 10569.99 | 9909.13
233 | 0.08 | 8922.12 | 18360.81 | 7453.26 | 463.88 | 2319.38 | 9735.52 | 9335.90
271 | 0.13 | 9677.07 | 18930.56 | 7216.10 | 694.99 | 3474.96 | 10600.70 | 10055.42
235 | 0.11 | 8321.36 | 19670.27 | 6157.63 | 683.88 | 3419.39 | 9501.79 | 9120.55
273 | 0.14 | 10020.88 | 20394.41 | 7165.66 | 722.77 | 3613.87 | 10678.34 | 10299.94
Vehicle 7
Charging tour: 
280  -> 276  -> 285  -> 292  -> 279  -> 304  -> 274  -> 296  -> 275  -> 298  -> 286  -> 277  -> 288  -> 293  -> 305  -> 294  -> 309  -> 284  -> 301  -> 297  -> 302  -> 281  -> 311  -> 308  -> 306  -> 291  -> 299  -> 278  -> 283  -> 290  -> 282  -> 289  -> 300  -> 310  -> 313  -> 307  -> 295  -> 287  -> 303  -> 312  -> 
Charging time: 
644.8247495363026  + 332.9462599359962  + 332.93627947172524  + 380.43126925594004  + 621.1098169929825  + 321.11317553415785  + 332.9295866674259  + 332.4778686075422  + 547.7628481460081  + 357.8822235617177  + 376.37637311837887  + 285.1543737053234  + 667.240669915353  + 332.3766127474039  + 365.6681760614644  + 582.4703032882509  + 372.3666237962353  + 436.06149888974755  + 517.4920887738272  + 435.5400063470073  + 425.6975637493113  + 957.2505926334046  + 425.805319046801  + 425.7497116407646  + 606.7284953942437  + 285.1847023056813  + 585.6679605388339  + 330.9869981661961  + 437.759717545315  + 379.156140555498  + 379.2423488006455  + 554.5035021871448  + 332.83652205988494  + 608.8025634766527  + 677.3411933076194  + 655.8734374616329  + 425.84967983133185  + 431.4403310326398  + 721.292079475433  + 379.4571222836719  + 
total node:40/40
-------------------
Traveling energy: 2813.583375184307
Charging energy: 93008.9339292275
Total energy used: 95822.5173044118
-------------------
Total time for travel: 2813.583375184307
Total time for charging: 18601.7867858455
Charging round duration: 21415.370161029805
-------------------
ID | p | E0 | time_arrive | E_remain | time_charge | energy_charge| E_after_charge | E_after_cycle
280 | 0.15 | 7685.08 | 83.17 | 7672.60 | 644.82 | 3224.12 | 10800.00 | 7336.20
276 | 0.06 | 9131.71 | 814.42 | 9082.84 | 332.95 | 1664.73 | 10727.60 | 9367.24
285 | 0.06 | 9131.98 | 1193.56 | 9060.37 | 332.94 | 1664.68 | 10705.07 | 9367.46
292 | 0.11 | 9113.50 | 1580.07 | 8939.69 | 380.43 | 1902.16 | 10800.00 | 8395.45
279 | 0.13 | 8045.45 | 2078.86 | 7775.20 | 621.11 | 3105.55 | 10800.00 | 8054.40
304 | 0.14 | 9632.54 | 2808.23 | 9239.39 | 321.11 | 1605.57 | 10800.00 | 7903.31
274 | 0.06 | 9132.17 | 3231.88 | 8938.25 | 332.93 | 1664.65 | 10582.93 | 9367.61
296 | 0.06 | 9144.57 | 3646.72 | 8925.77 | 332.48 | 1662.39 | 10568.21 | 9377.76
275 | 0.10 | 8517.97 | 4020.04 | 8115.96 | 547.76 | 2738.81 | 10800.00 | 8874.78
298 | 0.07 | 9364.69 | 4700.67 | 9035.64 | 357.88 | 1789.41 | 10800.00 | 9486.70
286 | 0.08 | 9362.39 | 5177.06 | 8948.23 | 376.38 | 1881.88 | 10800.00 | 9338.67
277 | 0.05 | 8885.15 | 5650.09 | 8602.65 | 285.15 | 1425.77 | 10014.16 | 9119.92
288 | 0.14 | 8405.02 | 6055.78 | 7557.21 | 667.24 | 3336.20 | 10800.00 | 8406.42
293 | 0.06 | 9147.36 | 6807.49 | 8738.91 | 332.38 | 1661.88 | 10380.85 | 9380.04
305 | 0.11 | 9802.38 | 7186.33 | 9011.88 | 365.67 | 1828.34 | 10800.00 | 9010.52
294 | 0.13 | 8957.37 | 7646.12 | 7963.37 | 582.47 | 2912.35 | 10800.00 | 8773.12
309 | 0.12 | 9975.78 | 8274.42 | 8982.85 | 372.37 | 1861.83 | 10800.00 | 8979.21
284 | 0.08 | 9296.45 | 8658.02 | 8603.81 | 436.06 | 2180.31 | 10749.23 | 9571.16
301 | 0.10 | 9177.49 | 9131.97 | 8264.29 | 517.49 | 2587.46 | 10800.00 | 9382.95
297 | 0.09 | 9533.84 | 9692.73 | 8661.50 | 435.54 | 2177.70 | 10800.00 | 9567.74
302 | 0.08 | 9522.78 | 10272.25 | 8701.00 | 425.70 | 2128.49 | 10795.43 | 9745.67
281 | 0.15 | 7779.80 | 10816.43 | 6157.33 | 957.25 | 4786.25 | 10800.00 | 8993.05
311 | 0.08 | 9520.37 | 11800.24 | 8576.35 | 425.81 | 2129.03 | 10671.31 | 9743.80
308 | 0.08 | 9521.61 | 12271.99 | 8539.86 | 425.75 | 2128.75 | 10634.54 | 9744.76
306 | 0.15 | 9774.37 | 12779.99 | 7857.37 | 606.73 | 3033.64 | 10800.00 | 9235.01
291 | 0.05 | 8884.21 | 13455.68 | 8211.42 | 285.18 | 1425.92 | 9623.09 | 9119.13
299 | 0.11 | 9449.37 | 13757.14 | 7936.08 | 585.67 | 2928.34 | 10800.00 | 9757.51
278 | 0.06 | 9185.76 | 14394.38 | 8322.10 | 330.99 | 1654.93 | 9957.18 | 9411.50
283 | 0.08 | 9260.39 | 14831.46 | 8073.87 | 437.76 | 2188.80 | 10227.65 | 9543.59
290 | 0.07 | 9355.24 | 15311.55 | 8283.43 | 379.16 | 1895.78 | 10152.67 | 9583.62
282 | 0.07 | 9353.11 | 15705.00 | 8253.76 | 379.24 | 1896.21 | 10123.43 | 9581.92
289 | 0.10 | 9138.41 | 16112.00 | 7527.21 | 554.50 | 2772.52 | 10244.28 | 9528.93
300 | 0.06 | 9134.72 | 16691.73 | 8133.22 | 332.84 | 1664.18 | 9777.43 | 9369.70
310 | 0.13 | 10051.70 | 17050.54 | 7835.13 | 608.80 | 3044.01 | 10800.00 | 9999.11
313 | 0.13 | 9725.47 | 17687.97 | 7426.04 | 677.34 | 3386.71 | 10724.69 | 10015.58
307 | 0.13 | 10002.08 | 18432.16 | 7605.90 | 655.87 | 3279.37 | 10800.00 | 10184.84
295 | 0.08 | 9519.38 | 19128.17 | 7989.13 | 425.85 | 2129.25 | 10084.31 | 9743.03
287 | 0.08 | 9396.03 | 19620.74 | 7826.37 | 431.44 | 2157.20 | 9949.05 | 9647.63
303 | 0.13 | 9132.87 | 20063.10 | 6524.66 | 721.29 | 3606.46 | 10037.36 | 9642.73
312 | 0.07 | 9347.82 | 20877.23 | 7886.41 | 379.46 | 1897.29 | 9757.14 | 9577.70
Vehicle 8
Charging tour: 
339  -> 317  -> 324  -> 336  -> 333  -> 328  -> 332  -> 323  -> 316  -> 321  -> 322  -> 320  -> 326  -> 352  -> 345  -> 318  -> 330  -> 325  -> 351  -> 338  -> 344  -> 334  -> 341  -> 329  -> 340  -> 349  -> 343  -> 319  -> 314  -> 346  -> 347  -> 348  -> 331  -> 350  -> 327  -> 315  -> 342  -> 335  -> 337  -> 
Charging time: 
185.92003662787374  + 369.0326022580042  + 458.793501921759  + 425.5226727555783  + 608.0806201801283  + 413.6379675089847  + 413.8873023889345  + 286.80622297832576  + 431.4439898914589  + 305.5358121942149  + 407.65268521251187  + 425.8327810484089  + 342.56792783349414  + 442.21756295554337  + 350.62086152093406  + 381.49442224653797  + 535.0753018799682  + 660.3839101866571  + 573.0292119398085  + 560.5824531938869  + 404.0808722995187  + 305.28511772193707  + 538.0483574577669  + 622.0362036454015  + 303.29858068828673  + 429.0229092855658  + 497.645668098037  + 444.85631644042024  + 386.5495429917428  + 692.7389869448037  + 674.9629790478837  + 409.45987392034544  + 426.6580078010357  + 448.0019260837275  + 432.3621801985393  + 595.2238410466816  + 930.1428991870072  + 307.3940021177161  + 491.1895839701776  + 
total node:39/39
-------------------
Traveling energy: 2630.248918489736
Charging energy: 89585.37847834802
Total energy used: 92215.62739683776
-------------------
Total time for travel: 2630.248918489736
Total time for charging: 17917.075695669606
Charging round duration: 20547.32461415934
-------------------
ID | p | E0 | time_arrive | E_remain | time_charge | energy_charge| E_after_charge | E_after_cycle
339 | 0.08 | 9898.17 | 161.21 | 9885.27 | 185.92 | 929.60 | 10800.00 | 8922.17
317 | 0.08 | 9023.04 | 483.55 | 8984.36 | 369.03 | 1845.16 | 10800.00 | 8962.61
324 | 0.11 | 8661.72 | 956.51 | 8556.50 | 458.79 | 2293.97 | 10800.00 | 8335.48
336 | 0.13 | 8914.51 | 1436.95 | 8727.70 | 425.52 | 2127.61 | 10800.00 | 7945.52
333 | 0.18 | 8211.62 | 1903.19 | 7869.05 | 608.08 | 3040.40 | 10800.00 | 6964.43
328 | 0.10 | 9031.04 | 2578.67 | 8773.17 | 413.64 | 2068.19 | 10800.00 | 8717.23
332 | 0.11 | 9119.90 | 3125.55 | 8776.09 | 413.89 | 2069.44 | 10800.00 | 8569.14
323 | 0.06 | 9596.95 | 3562.89 | 9383.18 | 286.81 | 1434.03 | 10800.00 | 9601.78
316 | 0.08 | 8987.00 | 3871.26 | 8677.30 | 431.44 | 2157.22 | 10800.00 | 9238.62
321 | 0.06 | 9550.99 | 4338.92 | 9290.65 | 305.54 | 1527.68 | 10800.00 | 9649.47
322 | 0.08 | 9170.16 | 4697.66 | 8794.35 | 407.65 | 2038.26 | 10800.00 | 9302.82
320 | 0.08 | 9114.88 | 5124.78 | 8704.90 | 425.83 | 2129.16 | 10800.00 | 9338.45
326 | 0.07 | 9501.15 | 5571.52 | 9111.14 | 342.57 | 1712.84 | 10800.00 | 9546.59
352 | 0.10 | 9233.14 | 6000.08 | 8633.13 | 442.22 | 2211.09 | 10800.00 | 9062.23
345 | 0.08 | 9593.12 | 6477.19 | 9074.95 | 350.62 | 1753.10 | 10800.00 | 9440.62
318 | 0.07 | 9272.00 | 6850.93 | 8792.43 | 381.49 | 1907.47 | 10673.20 | 9512.07
330 | 0.11 | 8990.89 | 7340.12 | 8183.48 | 535.08 | 2675.38 | 10800.00 | 9046.07
325 | 0.12 | 8531.30 | 7949.77 | 7577.33 | 660.38 | 3301.92 | 10800.00 | 8974.82
351 | 0.13 | 9137.03 | 8674.51 | 8009.35 | 573.03 | 2865.15 | 10800.00 | 8905.58
338 | 0.13 | 9283.23 | 9332.81 | 8069.96 | 560.58 | 2802.91 | 10800.00 | 8989.54
344 | 0.11 | 9913.31 | 9902.43 | 8824.04 | 404.08 | 2020.40 | 10800.00 | 9313.52
334 | 0.06 | 9914.13 | 10370.65 | 9291.89 | 305.29 | 1526.43 | 10800.00 | 10011.36
341 | 0.12 | 9463.88 | 10746.28 | 8174.32 | 538.05 | 2690.24 | 10800.00 | 9295.72
329 | 0.11 | 8935.95 | 11335.57 | 7689.03 | 622.04 | 3110.18 | 10730.79 | 9425.93
340 | 0.06 | 9996.42 | 11963.88 | 9278.58 | 303.30 | 1516.49 | 10776.88 | 10083.71
349 | 0.12 | 10184.86 | 12320.80 | 8706.37 | 429.02 | 2145.11 | 10800.00 | 9471.58
343 | 0.11 | 9770.02 | 12759.15 | 8366.51 | 497.65 | 2488.23 | 10800.00 | 9638.05
319 | 0.08 | 9087.28 | 13307.40 | 8022.68 | 444.86 | 2224.28 | 10211.38 | 9405.96
314 | 0.07 | 9150.74 | 13844.62 | 8181.62 | 386.55 | 1932.75 | 10087.31 | 9416.09
346 | 0.16 | 9734.27 | 14294.55 | 7447.14 | 692.74 | 3463.69 | 10800.00 | 9386.77
347 | 0.15 | 9790.70 | 15095.12 | 7526.43 | 674.96 | 3374.81 | 10800.00 | 9592.51
348 | 0.08 | 9872.84 | 15811.37 | 8607.93 | 409.46 | 2047.30 | 10622.47 | 10014.54
331 | 0.08 | 9474.88 | 16330.62 | 8168.43 | 426.66 | 2133.29 | 10267.59 | 9702.57
350 | 0.10 | 10289.17 | 16843.75 | 8604.79 | 448.00 | 2240.01 | 10800.00 | 10147.17
327 | 0.08 | 9349.87 | 17360.20 | 7961.06 | 432.36 | 2161.81 | 10088.28 | 9606.09
315 | 0.10 | 8489.52 | 17905.90 | 6698.93 | 595.22 | 2976.12 | 9615.53 | 9083.64
342 | 0.17 | 9235.55 | 18515.34 | 6087.94 | 930.14 | 4650.71 | 10580.53 | 9836.86
335 | 0.06 | 9863.23 | 19501.44 | 8693.15 | 307.39 | 1536.97 | 10211.67 | 9971.00
337 | 0.09 | 9258.85 | 19876.07 | 7470.00 | 491.19 | 2455.95 | 9881.74 | 9570.99
Vehicle 9
Charging tour: 
386  -> 354  -> 380  -> 366  -> 363  -> 369  -> 359  -> 374  -> 379  -> 362  -> 376  -> 392  -> 388  -> 364  -> 378  -> 391  -> 373  -> 390  -> 360  -> 387  -> 356  -> 357  -> 371  -> 372  -> 377  -> 382  -> 385  -> 381  -> 361  -> 375  -> 358  -> 367  -> 370  -> 384  -> 355  -> 353  -> 383  -> 368  -> 393  -> 365  -> 389  -> 
Charging time: 
603.9817504958581  + 556.1944300462374  + 508.4152262194109  + 556.2028791986038  + 364.7297985459264  + 651.4496148255159  + 699.5267886284068  + 651.7454715704895  + 267.1785268768332  + 508.40408749391094  + 316.5085492690314  + 508.4055189854013  + 603.9819175333489  + 364.5833536595451  + 263.03365925532364  + 651.7611364611814  + 460.5812684963919  + 460.6004121314461  + 651.7607132853043  + 460.5068413474548  + 651.7611238688876  + 316.05628621867305  + 460.59710653825823  + 316.22045125417367  + 651.7440385720864  + 460.5598860645724  + 699.5440559023697  + 316.0035432101821  + 651.7612396087748  + 556.2023837678946  + 508.4142545322969  + 651.2794117521427  + 412.5631163528381  + 699.5440924157373  + 364.71376524804003  + 412.70725776519316  + 556.2021491511917  + 460.5903635816206  + 746.4071215821228  + 460.5944030189113  + 699.421978620054  + 
total node:41/41
-------------------
Traveling energy: 2187.8001332417925
Charging energy: 105812.19986675825
Total energy used: 108000.00000000004
-------------------
Total time for travel: 2187.8001332417925
Total time for charging: 21162.43997335165
Charging round duration: 23350.240106593443
-------------------
ID | p | E0 | time_arrive | E_remain | time_charge | energy_charge| E_after_charge | E_after_cycle
386 | 0.12 | 7002.55 | 136.47 | 6986.17 | 603.98 | 3019.91 | 9933.60 | 7164.06
354 | 0.11 | 6970.51 | 797.75 | 6882.76 | 556.19 | 2780.97 | 9602.55 | 7131.29
380 | 0.10 | 6932.35 | 1393.32 | 6793.01 | 508.42 | 2542.08 | 9284.25 | 7092.42
366 | 0.11 | 6970.41 | 1960.70 | 6754.73 | 556.20 | 2781.01 | 9474.56 | 7131.22
363 | 0.07 | 6764.34 | 2584.53 | 6583.42 | 364.73 | 1823.65 | 8381.54 | 6920.59
369 | 0.13 | 7033.33 | 2955.63 | 6649.10 | 651.45 | 3257.25 | 9821.66 | 7193.98
359 | 0.14 | 7053.79 | 3647.42 | 6543.15 | 699.53 | 3497.63 | 9942.85 | 7216.62
374 | 0.13 | 7030.14 | 4396.63 | 6458.58 | 651.75 | 3258.73 | 9632.58 | 7192.27
379 | 0.05 | 6595.80 | 5093.87 | 6341.10 | 267.18 | 1335.89 | 7663.64 | 6740.69
362 | 0.10 | 6932.50 | 5401.87 | 6392.31 | 508.40 | 2542.02 | 8883.49 | 7092.52
376 | 0.06 | 6681.35 | 6021.64 | 6320.06 | 316.51 | 1582.54 | 7883.61 | 6834.70
392 | 0.10 | 6932.48 | 6457.97 | 6286.68 | 508.41 | 2542.03 | 8777.87 | 7092.50
388 | 0.12 | 7002.55 | 7108.43 | 6149.54 | 603.98 | 3019.91 | 9096.97 | 7164.06
364 | 0.07 | 6767.06 | 7807.20 | 6220.55 | 364.58 | 1822.92 | 8017.95 | 6922.57
378 | 0.05 | 6699.73 | 8248.20 | 6287.32 | 263.03 | 1315.17 | 7589.34 | 6823.90
391 | 0.13 | 7029.97 | 8516.21 | 5922.87 | 651.76 | 3258.81 | 9096.94 | 7192.18
373 | 0.09 | 6887.08 | 9184.78 | 6060.45 | 460.58 | 2302.91 | 8321.90 | 7046.18
390 | 0.09 | 6886.79 | 9658.19 | 6017.55 | 460.60 | 2303.00 | 8279.10 | 7045.99
360 | 0.13 | 7029.98 | 10157.24 | 5709.54 | 651.76 | 3258.80 | 8883.61 | 7192.18
387 | 0.09 | 6888.19 | 10832.71 | 5913.25 | 460.51 | 2302.53 | 8174.33 | 7046.92
356 | 0.13 | 7029.97 | 11307.84 | 5559.95 | 651.76 | 3258.81 | 8734.03 | 7192.18
357 | 0.06 | 6690.92 | 11990.86 | 5971.46 | 316.06 | 1580.28 | 7532.78 | 6842.00
371 | 0.09 | 6886.84 | 12369.49 | 5773.59 | 460.60 | 2302.99 | 8035.12 | 7046.03
372 | 0.06 | 6687.44 | 12963.40 | 5909.64 | 316.22 | 1581.10 | 7471.77 | 6839.34
377 | 0.13 | 7030.16 | 13347.31 | 5295.01 | 651.74 | 3258.72 | 8469.00 | 7192.28
382 | 0.09 | 6887.40 | 14037.33 | 5624.04 | 460.56 | 2302.80 | 7885.39 | 7046.40
385 | 0.14 | 7053.61 | 14541.00 | 5017.87 | 699.54 | 3497.72 | 8417.66 | 7216.53
381 | 0.06 | 6692.03 | 15301.15 | 5773.96 | 316.00 | 1580.02 | 7335.02 | 6842.85
361 | 0.13 | 7029.97 | 15646.55 | 4995.92 | 651.76 | 3258.81 | 8170.00 | 7192.18
375 | 0.11 | 6970.41 | 16313.19 | 5175.96 | 556.20 | 2781.01 | 7895.79 | 7131.23
358 | 0.10 | 6932.36 | 16880.23 | 5244.34 | 508.41 | 2542.07 | 7735.57 | 7092.43
367 | 0.13 | 7035.17 | 17398.20 | 4773.41 | 651.28 | 3256.40 | 7945.14 | 7194.97
370 | 0.08 | 6834.37 | 18117.45 | 5384.97 | 412.56 | 2062.82 | 7414.78 | 6991.58
384 | 0.14 | 7053.61 | 18544.58 | 4457.37 | 699.54 | 3497.72 | 7857.16 | 7216.53
355 | 0.07 | 6764.64 | 19285.16 | 5414.68 | 364.71 | 1823.57 | 7212.72 | 6920.81
353 | 0.08 | 6831.98 | 19679.73 | 5257.60 | 412.71 | 2063.54 | 7288.12 | 6989.92
383 | 0.11 | 6970.42 | 20119.17 | 4757.31 | 556.20 | 2781.01 | 7477.14 | 7131.23
368 | 0.09 | 6886.94 | 20682.49 | 5025.52 | 460.59 | 2302.95 | 7287.02 | 7046.09
393 | 0.15 | 7082.95 | 21190.96 | 3904.31 | 746.41 | 3732.04 | 7524.38 | 7241.99
365 | 0.09 | 6886.88 | 22011.41 | 4905.85 | 460.59 | 2302.97 | 7167.37 | 7046.05
389 | 0.14 | 7054.85 | 22622.34 | 3887.72 | 699.42 | 3497.11 | 7286.91 | 7217.15
Vehicle 10
Charging tour: 
412  -> 395  -> 431  -> 426  -> 410  -> 400  -> 416  -> 396  -> 405  -> 397  -> 422  -> 415  -> 407  -> 424  -> 432  -> 419  -> 404  -> 411  -> 401  -> 406  -> 409  -> 417  -> 403  -> 423  -> 420  -> 408  -> 414  -> 402  -> 429  -> 427  -> 418  -> 421  -> 399  -> 413  -> 428  -> 425  -> 430  -> 394  -> 398  -> 
Charging time: 
269.3645406771205  + 770.1773393721203  + 323.4986586881981  + 332.45040968760605  + 295.2411848381846  + 341.73418527177296  + 341.6926912377564  + 417.2259649401621  + 359.57668450016496  + 370.4994593136068  + 325.620367295202  + 360.71864101332477  + 340.3775384697183  + 341.5166594822525  + 338.1647894329796  + 347.33226942151305  + 293.8650228628961  + 549.8159345744928  + 682.47328239847  + 429.34899293240557  + 672.0032270672186  + 533.9904742498616  + 389.7168838230039  + 389.96994110335424  + 684.9183733607763  + 704.8229769200693  + 586.559697624646  + 341.0229458997157  + 529.9587640148334  + 457.5469841564639  + 435.1968024866883  + 528.135789109142  + 761.7476322378225  + 692.0394219922572  + 710.2902289167182  + 528.4106631919741  + 608.0101876833469  + 544.6375737035619  + 534.3880191781786  + 
total node:39/39
-------------------
Traveling energy: 2336.146834618607
Charging energy: 92320.30601564792
Total energy used: 94656.45285026652
-------------------
Total time for travel: 2336.146834618607
Total time for charging: 18464.061203129582
Charging round duration: 20800.20803774819
-------------------
ID | p | E0 | time_arrive | E_remain | time_charge | energy_charge| E_after_charge | E_after_cycle
412 | 0.07 | 9482.32 | 146.98 | 9472.03 | 269.36 | 1346.82 | 10800.00 | 9161.74
395 | 0.16 | 7144.05 | 448.20 | 7072.34 | 770.18 | 3850.89 | 10800.00 | 7183.74
431 | 0.06 | 9276.33 | 1240.28 | 9201.92 | 323.50 | 1617.49 | 10800.00 | 9464.63
426 | 0.06 | 9252.14 | 1574.12 | 9157.69 | 332.45 | 1662.25 | 10800.00 | 9485.19
410 | 0.07 | 9482.69 | 1974.76 | 9344.46 | 295.24 | 1476.21 | 10800.00 | 9291.50
400 | 0.06 | 9238.71 | 2332.99 | 9098.73 | 341.73 | 1708.67 | 10786.90 | 9518.18
416 | 0.06 | 9239.83 | 2764.47 | 9073.96 | 341.69 | 1708.46 | 10761.93 | 9519.10
396 | 0.08 | 9002.51 | 3190.78 | 8747.25 | 417.23 | 2086.13 | 10800.00 | 9183.04
405 | 0.08 | 9321.05 | 3627.15 | 9030.88 | 359.58 | 1797.88 | 10800.00 | 9213.34
397 | 0.07 | 9257.02 | 4051.25 | 8973.44 | 370.50 | 1852.50 | 10800.00 | 9442.12
422 | 0.09 | 9602.23 | 4455.82 | 9201.20 | 325.62 | 1628.10 | 10800.00 | 9086.53
415 | 0.10 | 9512.32 | 4798.42 | 9032.48 | 360.72 | 1803.59 | 10800.00 | 8933.91
407 | 0.07 | 9484.19 | 5175.07 | 9121.94 | 340.38 | 1701.89 | 10800.00 | 9518.68
424 | 0.06 | 9244.60 | 5567.23 | 8910.56 | 341.52 | 1707.58 | 10597.65 | 9522.98
432 | 0.09 | 9678.55 | 5988.26 | 9139.61 | 338.16 | 1690.82 | 10800.00 | 9225.58
419 | 0.10 | 9737.09 | 6390.22 | 9098.07 | 347.33 | 1736.66 | 10800.00 | 9091.75
404 | 0.05 | 8953.04 | 6752.50 | 8615.42 | 293.87 | 1469.33 | 10070.05 | 9231.37
411 | 0.12 | 8966.16 | 7077.22 | 8116.90 | 549.82 | 2749.08 | 10800.00 | 8856.84
401 | 0.12 | 8388.07 | 7654.49 | 7469.53 | 682.47 | 3412.37 | 10800.00 | 8942.03
406 | 0.08 | 9361.69 | 8426.05 | 8687.60 | 429.35 | 2146.74 | 10800.00 | 9602.83
409 | 0.13 | 8679.58 | 8863.35 | 7527.34 | 672.00 | 3360.02 | 10800.00 | 8943.00
417 | 0.12 | 9344.92 | 9589.97 | 8194.13 | 533.99 | 2669.95 | 10800.00 | 9156.47
403 | 0.07 | 9451.43 | 10168.20 | 8739.65 | 389.72 | 1948.58 | 10660.96 | 9732.61
423 | 0.09 | 9846.95 | 10685.63 | 8885.25 | 389.97 | 1949.85 | 10800.00 | 9653.00
420 | 0.14 | 9034.64 | 11166.76 | 7471.30 | 684.92 | 3424.59 | 10800.00 | 9124.43
408 | 0.12 | 8786.07 | 11880.05 | 7360.46 | 704.82 | 3524.11 | 10800.00 | 9451.78
414 | 0.11 | 9322.60 | 12644.31 | 7931.72 | 586.56 | 2932.80 | 10800.00 | 9635.19
402 | 0.06 | 9257.98 | 13357.82 | 8456.51 | 341.02 | 1705.11 | 10141.16 | 9533.89
429 | 0.14 | 10149.14 | 13748.14 | 8224.40 | 529.96 | 2649.79 | 10800.00 | 9464.13
427 | 0.09 | 9843.43 | 14333.20 | 8553.44 | 457.55 | 2287.73 | 10800.00 | 9987.37
418 | 0.08 | 9672.81 | 14882.58 | 8482.21 | 435.20 | 2175.98 | 10623.38 | 9943.20
421 | 0.10 | 9747.74 | 15356.01 | 8212.13 | 528.14 | 2640.68 | 10800.00 | 10006.41
399 | 0.12 | 8289.32 | 15984.68 | 6371.15 | 761.75 | 3808.74 | 10088.48 | 9239.65
413 | 0.12 | 9124.29 | 16762.19 | 7112.82 | 692.04 | 3460.20 | 10489.98 | 9726.08
428 | 0.15 | 9991.36 | 17575.11 | 7355.09 | 710.29 | 3551.45 | 10800.00 | 9969.81
425 | 0.10 | 9958.11 | 18308.71 | 8127.24 | 528.41 | 2642.05 | 10716.45 | 10218.16
430 | 0.12 | 10100.77 | 18898.83 | 7832.91 | 608.01 | 3040.05 | 10800.00 | 10282.42
394 | 0.09 | 8695.28 | 19563.52 | 6934.56 | 544.64 | 2723.19 | 9608.73 | 9274.66
398 | 0.09 | 8862.05 | 20116.28 | 7051.59 | 534.39 | 2671.94 | 9675.43 | 9390.19
Vehicle 11
Charging tour: 
446  -> 438  -> 464  -> 445  -> 433  -> 439  -> 437  -> 434  -> 452  -> 443  -> 442  -> 447  -> 454  -> 461  -> 450  -> 458  -> 436  -> 448  -> 457  -> 440  -> 470  -> 444  -> 460  -> 459  -> 451  -> 435  -> 441  -> 456  -> 449  -> 469  -> 466  -> 465  -> 467  -> 453  -> 455  -> 468  -> 463  -> 462  -> 
Charging time: 
276.0712326310324  + 385.1493103491569  + 161.05834474913544  + 537.2715671826677  + 823.712519916198  + 325.2472617577294  + 495.1245739579566  + 799.4112277465526  + 293.02456333502437  + 334.5435118855277  + 444.74304910989434  + 408.6243487554951  + 617.5114084470517  + 335.09462603053845  + 388.0405062587862  + 178.84695489003096  + 336.8773537692919  + 591.6646300268623  + 432.3380172525965  + 592.8662002637143  + 375.48840712003613  + 456.3717962158266  + 512.4959012925143  + 256.2560497903012  + 752.7778262873445  + 274.7829068150368  + 461.45437270711113  + 495.51002526976936  + 269.3692003995238  + 456.87919472856913  + 318.0082372665508  + 214.99963404514915  + 436.59797373230447  + 835.7346131399321  + 812.2355907347643  + 370.1530477910637  + 720.98140823362  + 650.372865715978  + 
total node:38/38
-------------------
Traveling energy: 2356.0408468804153
Charging energy: 87138.4512980032
Total energy used: 89494.49214488361
-------------------
Total time for travel: 2356.0408468804153
Total time for charging: 17427.69025960064
Charging round duration: 19783.731106481056
-------------------
ID | p | E0 | time_arrive | E_remain | time_charge | energy_charge| E_after_charge | E_after_cycle
446 | 0.08 | 9453.93 | 152.51 | 9441.73 | 276.07 | 1380.36 | 10800.00 | 8928.69
438 | 0.09 | 8955.36 | 516.06 | 8908.92 | 385.15 | 1925.75 | 10800.00 | 8737.31
464 | 0.08 | 10090.34 | 1034.29 | 10007.59 | 161.06 | 805.29 | 10800.00 | 8990.03
445 | 0.14 | 8377.20 | 1345.30 | 8188.86 | 537.27 | 2686.36 | 10800.00 | 7728.76
433 | 0.16 | 7133.49 | 2001.63 | 6813.23 | 823.71 | 4118.56 | 10800.00 | 7440.85
439 | 0.07 | 9395.57 | 2843.41 | 9196.53 | 325.25 | 1626.24 | 10800.00 | 9354.41
437 | 0.10 | 8697.49 | 3235.98 | 8373.89 | 495.12 | 2475.62 | 10800.00 | 8791.11
434 | 0.15 | 7494.96 | 3814.02 | 6922.86 | 799.41 | 3997.06 | 10800.00 | 7919.01
452 | 0.07 | 9685.30 | 4713.00 | 9355.39 | 293.02 | 1465.12 | 10800.00 | 9483.02
443 | 0.07 | 9503.91 | 5045.80 | 9150.70 | 334.54 | 1672.72 | 10800.00 | 9509.22
442 | 0.09 | 9102.91 | 5406.62 | 8616.31 | 444.74 | 2223.72 | 10800.00 | 9182.82
447 | 0.09 | 9323.79 | 5890.36 | 8793.65 | 408.62 | 2043.12 | 10800.00 | 9223.11
454 | 0.16 | 8820.24 | 6306.23 | 7811.24 | 617.51 | 3087.56 | 10800.00 | 8096.60
461 | 0.10 | 9856.66 | 6986.21 | 9158.04 | 335.09 | 1675.47 | 10800.00 | 9150.13
450 | 0.08 | 9479.29 | 7355.63 | 8890.84 | 388.04 | 1940.20 | 10800.00 | 9513.89
458 | 0.05 | 10303.75 | 7780.85 | 9914.71 | 178.85 | 894.23 | 10800.00 | 10006.98
436 | 0.06 | 9506.67 | 8018.89 | 9025.53 | 336.88 | 1684.39 | 10689.71 | 9761.85
448 | 0.12 | 8917.03 | 8369.62 | 7912.68 | 591.66 | 2958.32 | 10800.00 | 9016.95
457 | 0.11 | 9674.31 | 8985.88 | 8685.87 | 432.34 | 2161.69 | 10800.00 | 9215.80
440 | 0.10 | 8838.62 | 9436.60 | 7894.96 | 592.87 | 2964.33 | 10800.00 | 9420.95
470 | 0.08 | 9756.97 | 10054.72 | 8952.60 | 375.49 | 1877.44 | 10800.00 | 9728.82
444 | 0.08 | 9356.64 | 10456.31 | 8520.14 | 456.37 | 2281.86 | 10765.49 | 9732.90
460 | 0.11 | 9499.61 | 10961.08 | 8293.90 | 512.50 | 2562.48 | 10800.00 | 9441.89
459 | 0.06 | 10222.77 | 11477.90 | 9534.10 | 256.26 | 1281.28 | 10800.00 | 10074.85
451 | 0.14 | 8789.98 | 11774.86 | 7141.50 | 752.78 | 3763.89 | 10800.00 | 9219.07
435 | 0.05 | 9712.46 | 12572.95 | 9083.81 | 274.78 | 1373.91 | 10443.99 | 9895.37
441 | 0.08 | 9253.59 | 12893.94 | 8222.07 | 461.45 | 2307.27 | 10492.43 | 9655.26
456 | 0.10 | 9715.33 | 13433.33 | 8372.00 | 495.51 | 2477.55 | 10800.00 | 9810.88
449 | 0.05 | 9907.66 | 14015.04 | 9206.90 | 269.37 | 1346.85 | 10540.28 | 10063.50
469 | 0.09 | 9846.84 | 14334.60 | 8556.72 | 456.88 | 2284.40 | 10800.00 | 9987.43
466 | 0.06 | 10070.75 | 14872.87 | 9178.38 | 318.01 | 1590.04 | 10749.34 | 10231.59
465 | 0.05 | 10497.31 | 15231.25 | 9735.75 | 215.00 | 1075.00 | 10800.00 | 10381.31
467 | 0.10 | 10212.31 | 15516.37 | 8660.67 | 436.60 | 2182.99 | 10800.00 | 10013.30
453 | 0.14 | 8941.46 | 15982.27 | 6703.94 | 835.73 | 4178.67 | 10765.61 | 9785.33
455 | 0.14 | 9200.15 | 16859.75 | 6839.78 | 812.24 | 4061.18 | 10787.25 | 9926.53
468 | 0.07 | 10094.05 | 17728.61 | 8853.05 | 370.15 | 1850.77 | 10677.90 | 10277.42
463 | 0.14 | 9835.51 | 18139.13 | 7296.03 | 720.98 | 3604.91 | 10800.00 | 10105.62
462 | 0.12 | 9848.45 | 18936.93 | 7576.01 | 650.37 | 3251.86 | 10749.83 | 10241.91
Vehicle 12
Charging tour: 
499  -> 474  -> 488  -> 484  -> 489  -> 478  -> 482  -> 479  -> 472  -> 481  -> 486  -> 493  -> 485  -> 480  -> 508  -> 491  -> 473  -> 490  -> 492  -> 498  -> 494  -> 502  -> 503  -> 483  -> 476  -> 500  -> 504  -> 509  -> 475  -> 505  -> 497  -> 487  -> 477  -> 495  -> 506  -> 471  -> 501  -> 496  -> 507  -> 
Charging time: 
331.89479114867254  + 436.47195858530864  + 486.18914645026314  + 385.2002247084599  + 384.5100700539155  + 383.53080672291634  + 330.7430868745788  + 494.347127024112  + 503.6662108348933  + 487.32484487754846  + 525.4600336875587  + 516.0144869981577  + 487.16454239469635  + 487.30872930732687  + 548.2076570139866  + 537.6629199704176  + 436.72037100402  + 580.5301563473566  + 537.2656505609004  + 537.2862177762429  + 537.2716400248245  + 627.3556241677279  + 436.74356882458824  + 638.2784519117374  + 385.20938590584296  + 689.4423347975362  + 685.0418418201946  + 685.0420315969347  + 834.5674551475005  + 586.8068994292954  + 436.4515494758815  + 384.58728446974783  + 384.30542480547876  + 685.0029758120273  + 537.8299669144785  + 537.6629170538897  + 939.8771308837772  + 673.6541618216132  + 733.8629145825649  + 
total node:39/39
-------------------
Traveling energy: 1801.9212052073458
Charging energy: 104182.4629589349
Total energy used: 105984.38416414225
-------------------
Total time for travel: 1801.9212052073458
Total time for charging: 20836.49259178698
Charging round duration: 22638.413796994326
-------------------
ID | p | E0 | time_arrive | E_remain | time_charge | energy_charge| E_after_charge | E_after_cycle
499 | 0.05 | 7783.29 | 128.82 | 7776.85 | 331.89 | 1659.47 | 9419.73 | 8251.76
474 | 0.07 | 8285.82 | 477.35 | 8252.40 | 436.47 | 2182.36 | 10404.21 | 8800.78
488 | 0.08 | 8482.79 | 935.46 | 8407.95 | 486.19 | 2430.95 | 10800.00 | 9008.13
484 | 0.06 | 8047.45 | 1491.45 | 7957.96 | 385.20 | 1926.00 | 9860.85 | 8544.25
489 | 0.06 | 8061.89 | 1917.63 | 7946.84 | 384.51 | 1922.55 | 9846.32 | 8555.24
478 | 0.06 | 8082.48 | 2320.08 | 7943.27 | 383.53 | 1917.65 | 9837.92 | 8570.93
482 | 0.05 | 7810.39 | 2756.57 | 7672.56 | 330.74 | 1653.72 | 9309.74 | 8273.11
479 | 0.09 | 8654.81 | 3133.97 | 8372.76 | 494.35 | 2471.74 | 10800.00 | 8982.75
472 | 0.09 | 8654.69 | 3641.06 | 8327.00 | 503.67 | 2518.33 | 10800.00 | 9029.23
481 | 0.08 | 8481.35 | 4225.40 | 8143.32 | 487.32 | 2436.62 | 10540.96 | 9012.37
486 | 0.09 | 8650.27 | 4780.84 | 8219.99 | 525.46 | 2627.30 | 10800.00 | 9133.77
493 | 0.10 | 8804.44 | 5329.09 | 8271.53 | 516.01 | 2580.07 | 10800.00 | 9002.51
485 | 0.08 | 8484.14 | 5864.49 | 8014.98 | 487.16 | 2435.82 | 10411.83 | 9014.36
480 | 0.08 | 8481.63 | 6393.39 | 7970.16 | 487.31 | 2436.54 | 10367.72 | 9012.57
508 | 0.10 | 8804.46 | 6906.74 | 8113.78 | 548.21 | 2741.04 | 10800.00 | 9163.49
491 | 0.09 | 8648.21 | 7475.19 | 7975.44 | 537.66 | 2688.31 | 10615.36 | 9192.72
473 | 0.07 | 8281.10 | 8039.41 | 7718.34 | 436.72 | 2183.60 | 9871.38 | 8797.30
490 | 0.10 | 8804.50 | 8491.01 | 7955.40 | 580.53 | 2902.65 | 10800.00 | 9325.15
492 | 0.09 | 8654.60 | 9083.92 | 7837.05 | 537.27 | 2686.33 | 10475.02 | 9197.13
498 | 0.09 | 8654.27 | 9693.50 | 7781.85 | 537.29 | 2686.43 | 10419.93 | 9196.90
494 | 0.09 | 8654.50 | 10262.61 | 7730.87 | 537.27 | 2686.36 | 10368.87 | 9197.06
502 | 0.14 | 9264.50 | 10810.37 | 7751.05 | 627.36 | 3136.78 | 10800.00 | 9066.48
503 | 0.07 | 8280.66 | 11511.97 | 7474.83 | 436.74 | 2183.72 | 9627.97 | 8796.98
483 | 0.11 | 8903.81 | 12013.46 | 7582.33 | 638.28 | 3191.39 | 10703.52 | 9475.01
476 | 0.06 | 8047.26 | 12724.28 | 7283.80 | 385.21 | 1926.05 | 9186.74 | 8544.11
500 | 0.13 | 9151.45 | 13146.40 | 7442.42 | 689.44 | 3447.21 | 10800.00 | 9502.06
504 | 0.12 | 9050.19 | 13874.21 | 7385.29 | 685.04 | 3425.21 | 10728.29 | 9617.00
509 | 0.12 | 9050.19 | 14584.91 | 7300.00 | 685.04 | 3425.21 | 10643.00 | 9617.00
475 | 0.13 | 8047.77 | 15303.60 | 6058.30 | 834.57 | 4172.84 | 10122.64 | 9124.01
505 | 0.10 | 8804.37 | 16207.90 | 7183.58 | 586.81 | 2934.03 | 10058.94 | 9356.41
497 | 0.07 | 8286.20 | 16865.34 | 7105.63 | 436.45 | 2182.26 | 9257.34 | 8801.06
487 | 0.06 | 8060.28 | 17312.38 | 7021.53 | 384.59 | 1922.94 | 8921.39 | 8554.01
477 | 0.06 | 8066.19 | 17728.01 | 7002.51 | 384.31 | 1921.53 | 8900.98 | 8558.51
495 | 0.12 | 9050.70 | 18150.28 | 6872.67 | 685.00 | 3425.01 | 10215.48 | 9617.32
506 | 0.09 | 8645.52 | 18931.16 | 6941.72 | 537.83 | 2689.15 | 9582.46 | 9190.87
471 | 0.09 | 8648.21 | 19514.89 | 6891.87 | 537.66 | 2688.31 | 9531.79 | 9192.72
501 | 0.17 | 9344.83 | 20109.67 | 5926.19 | 939.88 | 4699.39 | 10465.79 | 9994.81
496 | 0.12 | 9203.18 | 21069.98 | 6674.78 | 673.65 | 3368.27 | 9962.21 | 9713.05
507 | 0.13 | 9152.13 | 21819.62 | 6315.58 | 733.86 | 3669.31 | 9889.49 | 9724.84
Vehicle 13
Charging tour: 
525  -> 510  -> 522  -> 523  -> 524  -> 514  -> 519  -> 511  -> 520  -> 533  -> 513  -> 515  -> 529  -> 512  -> 518  -> 517  -> 538  -> 536  -> 521  -> 535  -> 540  -> 537  -> 528  -> 531  -> 526  -> 530  -> 527  -> 516  -> 541  -> 534  -> 532  -> 539  -> 
Charging time: 
428.7861335505917  + 440.0465161042848  + 359.4402385830085  + 179.05442184550964  + 320.79077542230726  + 662.3316411013639  + 472.3853796649036  + 644.6304874642133  + 443.79324448695854  + 361.4280478486212  + 819.6642568377108  + 478.4123149935505  + 318.08517911900356  + 595.1574064476439  + 480.13532055025803  + 729.712304417642  + 254.1633667334818  + 312.47631196025264  + 650.7623496931634  + 380.0833118617221  + 307.5047372815585  + 461.37973130791477  + 460.10047592257894  + 349.00357795681197  + 325.7036177972556  + 312.5446154397915  + 441.6392205879608  + 477.3236079615601  + 266.64558693130704  + 309.6463212345801  + 547.8663293527401  + 292.48274249594766  + 
total node:32/32
-------------------
Traveling energy: 1937.9249568257624
Charging energy: 69415.89786478099
Total energy used: 71353.82282160675
-------------------
Total time for travel: 1937.9249568257624
Total time for charging: 13883.179572956198
Charging round duration: 15821.10452978196
-------------------
ID | p | E0 | time_arrive | E_remain | time_charge | energy_charge| E_after_charge | E_after_cycle
525 | 0.14 | 8743.36 | 194.69 | 8716.10 | 428.79 | 2143.93 | 10800.00 | 7552.49
510 | 0.09 | 8699.99 | 673.49 | 8639.37 | 440.05 | 2200.23 | 10800.00 | 8756.42
522 | 0.10 | 9152.30 | 1135.55 | 9038.74 | 359.44 | 1797.20 | 10800.00 | 8567.50
523 | 0.05 | 9991.68 | 1559.99 | 9913.68 | 179.05 | 895.27 | 10800.00 | 9695.95
524 | 0.09 | 9385.05 | 1779.28 | 9224.92 | 320.79 | 1603.95 | 10800.00 | 8845.21
514 | 0.14 | 7891.34 | 2216.25 | 7581.07 | 662.33 | 3311.66 | 10800.00 | 7868.20
519 | 0.11 | 8808.69 | 2896.86 | 8490.04 | 472.39 | 2361.93 | 10800.00 | 8550.42
511 | 0.12 | 8064.01 | 3415.09 | 7654.20 | 644.63 | 3223.15 | 10800.00 | 8428.77
520 | 0.10 | 9036.54 | 4111.25 | 8625.41 | 443.79 | 2218.97 | 10800.00 | 8873.50
533 | 0.11 | 9539.68 | 4609.65 | 9032.62 | 361.43 | 1807.14 | 10800.00 | 8726.62
513 | 0.15 | 7574.69 | 5000.40 | 6824.63 | 819.66 | 4098.32 | 10800.00 | 8100.01
515 | 0.09 | 8978.73 | 5863.74 | 8451.00 | 478.41 | 2392.06 | 10800.00 | 9226.99
529 | 0.08 | 9747.68 | 6408.23 | 9235.02 | 318.09 | 1590.43 | 10800.00 | 9432.50
512 | 0.10 | 8569.30 | 6855.74 | 7883.73 | 595.16 | 2975.79 | 10800.00 | 9163.09
518 | 0.09 | 9119.93 | 7526.66 | 8442.54 | 480.14 | 2400.68 | 10800.00 | 9376.81
517 | 0.13 | 8297.69 | 8087.61 | 7246.30 | 729.71 | 3648.56 | 10800.00 | 8849.65
538 | 0.07 | 10168.42 | 8877.84 | 9546.97 | 254.16 | 1270.82 | 10800.00 | 9771.84
536 | 0.08 | 9996.55 | 9174.16 | 9262.62 | 312.48 | 1562.38 | 10800.00 | 9653.33
521 | 0.12 | 8769.69 | 9545.07 | 7624.28 | 650.76 | 3253.81 | 10800.00 | 9165.10
535 | 0.09 | 9855.03 | 10235.94 | 8933.79 | 380.08 | 1900.42 | 10800.00 | 9611.64
540 | 0.08 | 10144.16 | 10713.54 | 9287.08 | 307.50 | 1537.52 | 10800.00 | 9776.08
537 | 0.11 | 9765.12 | 11102.42 | 8543.85 | 461.38 | 2306.90 | 10800.00 | 9451.82
528 | 0.09 | 9584.36 | 11593.96 | 8540.91 | 460.10 | 2300.50 | 10800.00 | 9741.06
531 | 0.07 | 9924.75 | 12076.21 | 9079.41 | 349.00 | 1745.02 | 10800.00 | 10002.36
526 | 0.06 | 9939.83 | 12480.10 | 9191.02 | 325.70 | 1628.52 | 10800.00 | 10139.15
530 | 0.06 | 10029.07 | 12884.06 | 9256.03 | 312.54 | 1562.72 | 10800.00 | 10162.60
527 | 0.08 | 9684.10 | 13212.09 | 8627.14 | 441.64 | 2208.20 | 10800.00 | 9986.70
516 | 0.07 | 9404.11 | 13675.87 | 8446.79 | 477.32 | 2386.62 | 10800.00 | 10123.32
541 | 0.06 | 10333.02 | 14170.85 | 9482.77 | 266.65 | 1333.23 | 10800.00 | 10237.05
534 | 0.06 | 10137.72 | 14456.28 | 9270.35 | 309.65 | 1548.23 | 10800.00 | 10256.76
532 | 0.10 | 9595.15 | 14796.91 | 8115.45 | 547.87 | 2739.33 | 10800.00 | 9952.48
539 | 0.06 | 10277.19 | 15367.60 | 9355.14 | 292.48 | 1462.41 | 10800.00 | 10310.40
Vehicle 14
Charging tour: 
543  -> 545  -> 554  -> 556  -> 563  -> 575  -> 558  -> 549  -> 557  -> 550  -> 562  -> 576  -> 544  -> 548  -> 577  -> 580  -> 578  -> 567  -> 553  -> 547  -> 570  -> 555  -> 569  -> 546  -> 574  -> 551  -> 568  -> 561  -> 552  -> 565  -> 542  -> 579  -> 560  -> 573  -> 571  -> 564  -> 581  -> 559  -> 572  -> 566  -> 
Charging time: 
377.5438501470826  + 277.97310784267376  + 469.78143762898685  + 645.4585275546037  + 244.1184293534201  + 241.49910485019294  + 343.5158103674589  + 487.5259022472769  + 207.48522133055505  + 347.3163056943168  + 373.5781663069674  + 303.06438710075287  + 685.455025019104  + 497.1561757534982  + 215.38423918765216  + 358.0258710347186  + 428.86010030904345  + 250.0194321225192  + 714.7995476806401  + 316.7362909147633  + 359.92692778801376  + 253.12938117904332  + 366.58094699239086  + 317.52585406102037  + 330.9443019753658  + 717.4416921376826  + 251.34503169108385  + 595.6235478244049  + 867.9353441650318  + 799.4968388685508  + 320.5675616991721  + 555.9859107062839  + 734.6407842869662  + 740.9546041697877  + 852.89754326914  + 650.4516986227396  + 356.708459676846  + 419.8756804329785  + 353.9622133229425  + 835.7233042502952  + 
total node:40/40
-------------------
Traveling energy: 2551.230047005114
Charging energy: 92335.07279782985
Total energy used: 94886.30284483497
-------------------
Total time for travel: 2551.230047005114
Total time for charging: 18467.01455956597
Charging round duration: 21018.244606571083
-------------------
ID | p | E0 | time_arrive | E_remain | time_charge | energy_charge| E_after_charge | E_after_cycle
543 | 0.08 | 8953.51 | 137.76 | 8942.48 | 377.54 | 1887.72 | 10800.00 | 8935.62
545 | 0.06 | 9459.18 | 539.39 | 9426.81 | 277.97 | 1389.87 | 10800.00 | 9419.84
554 | 0.12 | 8618.93 | 928.82 | 8507.47 | 469.78 | 2348.91 | 10800.00 | 8109.43
556 | 0.17 | 7945.82 | 1549.34 | 7682.44 | 645.46 | 3227.29 | 10800.00 | 7123.72
563 | 0.07 | 9753.18 | 2238.39 | 9596.50 | 244.12 | 1220.59 | 10800.00 | 9306.38
575 | 0.13 | 9949.06 | 2501.23 | 9623.90 | 241.50 | 1207.50 | 10800.00 | 8059.95
558 | 0.09 | 9361.67 | 2759.25 | 9113.34 | 343.52 | 1717.58 | 10800.00 | 8935.45
549 | 0.10 | 8726.19 | 3150.68 | 8411.12 | 487.53 | 2437.63 | 10800.00 | 8781.82
557 | 0.05 | 9958.38 | 3708.55 | 9772.95 | 207.49 | 1037.43 | 10800.00 | 9804.80
550 | 0.07 | 9368.16 | 4006.10 | 9087.73 | 347.32 | 1736.58 | 10800.00 | 9437.34
562 | 0.10 | 9413.29 | 4438.27 | 8969.47 | 373.58 | 1867.89 | 10800.00 | 8899.18
576 | 0.06 | 9596.95 | 4901.54 | 9302.86 | 303.06 | 1515.32 | 10800.00 | 9683.08
544 | 0.12 | 8089.19 | 5285.05 | 7454.98 | 685.46 | 3427.28 | 10800.00 | 8658.06
548 | 0.09 | 8900.60 | 6018.21 | 8358.96 | 497.16 | 2485.78 | 10800.00 | 9242.58
577 | 0.07 | 10196.03 | 6541.06 | 9738.16 | 215.38 | 1076.92 | 10800.00 | 9605.55
580 | 0.08 | 9589.51 | 6887.43 | 9038.51 | 358.03 | 1790.13 | 10800.00 | 9474.04
578 | 0.12 | 9595.29 | 7401.05 | 8707.16 | 428.86 | 2144.30 | 10800.00 | 8881.19
567 | 0.05 | 9956.77 | 7887.26 | 9562.40 | 250.02 | 1250.10 | 10800.00 | 10015.86
553 | 0.13 | 8380.31 | 8164.49 | 7318.93 | 714.80 | 3574.00 | 10800.00 | 8857.71
547 | 0.06 | 9504.97 | 8902.82 | 8970.80 | 316.74 | 1583.68 | 10535.48 | 9659.45
570 | 0.07 | 9671.90 | 9233.36 | 9025.56 | 359.93 | 1799.63 | 10800.00 | 9804.13
555 | 0.05 | 9911.17 | 9631.13 | 9429.61 | 253.13 | 1265.65 | 10682.60 | 9985.81
569 | 0.09 | 9894.68 | 9939.91 | 9000.09 | 366.58 | 1832.90 | 10800.00 | 9583.78
546 | 0.06 | 9481.34 | 10370.74 | 8859.09 | 317.53 | 1587.63 | 10427.67 | 9639.77
574 | 0.07 | 9921.37 | 10756.11 | 9168.44 | 330.94 | 1654.72 | 10800.00 | 9908.69
551 | 0.12 | 8392.51 | 11113.22 | 7058.93 | 717.44 | 3587.21 | 10560.04 | 9121.32
568 | 0.05 | 9981.53 | 11910.56 | 9386.00 | 251.35 | 1256.73 | 10630.16 | 10047.25
561 | 0.11 | 9227.09 | 12179.04 | 7887.40 | 595.62 | 2978.12 | 10800.00 | 9585.01
552 | 0.14 | 8093.53 | 12818.08 | 6299.00 | 867.94 | 4339.68 | 10517.17 | 9098.41
565 | 0.15 | 8977.70 | 13701.75 | 6922.44 | 799.50 | 3997.48 | 10800.00 | 9402.19
542 | 0.06 | 9391.37 | 14524.55 | 8519.90 | 320.57 | 1602.84 | 10103.50 | 9565.01
579 | 0.14 | 10181.46 | 14882.50 | 8097.91 | 555.99 | 2779.93 | 10800.00 | 9626.59
560 | 0.13 | 8879.03 | 15483.88 | 6866.13 | 734.64 | 3673.20 | 10443.83 | 9455.64
573 | 0.15 | 9640.67 | 16228.69 | 7206.37 | 740.95 | 3704.77 | 10800.00 | 9772.45
571 | 0.16 | 9390.28 | 16989.37 | 6671.98 | 852.90 | 4264.49 | 10800.00 | 9843.56
564 | 0.12 | 9256.86 | 17889.88 | 7110.07 | 650.45 | 3252.26 | 10284.28 | 9650.72
581 | 0.07 | 9846.50 | 18636.01 | 8541.98 | 356.71 | 1783.54 | 10300.56 | 9962.65
559 | 0.08 | 9560.19 | 19107.49 | 8031.59 | 419.88 | 2099.38 | 10097.38 | 9753.97
572 | 0.07 | 9922.90 | 19600.05 | 8550.89 | 353.96 | 1769.81 | 10295.93 | 10025.31
566 | 0.15 | 9005.88 | 20009.95 | 6004.39 | 835.72 | 4178.62 | 10057.65 | 9611.50
Vehicle 15
Charging tour: 
584  -> 606  -> 605  -> 602  -> 592  -> 615  -> 614  -> 617  -> 595  -> 590  -> 586  -> 619  -> 589  -> 591  -> 596  -> 607  -> 613  -> 618  -> 599  -> 598  -> 583  -> 593  -> 601  -> 609  -> 603  -> 610  -> 585  -> 594  -> 611  -> 620  -> 604  -> 616  -> 597  -> 608  -> 587  -> 588  -> 600  -> 582  -> 612  -> 
Charging time: 
682.864431430686  + 339.4463428474182  + 634.7577178838482  + 489.08342016382375  + 439.9378837445435  + 338.78953013653467  + 775.7777091637172  + 489.07640480446565  + 778.7579391247914  + 390.1946248959267  + 586.4648571647574  + 731.1588850038186  + 489.0834453301537  + 489.0879771736732  + 390.4337497195012  + 339.637792261475  + 682.8964606522088  + 489.052863519564  + 683.0640483526778  + 586.4641024385172  + 586.367384995728  + 683.0499639258376  + 634.8425538811686  + 439.9543958324733  + 683.064086313703  + 390.1974086028469  + 586.466386650814  + 439.7897695351835  + 537.8865111939953  + 586.464179453483  + 683.0641252288789  + 439.96632836911414  + 586.4682021234178  + 489.0791709335695  + 489.0874951444005  + 537.8957317337815  + 634.6995738495425  + 439.9779985697427  + 537.8890538780117  + 
total node:39/39
-------------------
Traveling energy: 1838.7974698610633
Charging energy: 106161.202530139
Total energy used: 108000.00000000006
-------------------
Total time for travel: 1838.7974698610633
Total time for charging: 21232.2405060278
Charging round duration: 23071.037975888863
-------------------
ID | p | E0 | time_arrive | E_remain | time_charge | energy_charge| E_after_charge | E_after_cycle
584 | 0.13 | 7225.67 | 184.60 | 7201.67 | 682.86 | 3414.32 | 10527.22 | 7543.39
606 | 0.06 | 6708.87 | 869.97 | 6656.67 | 339.45 | 1697.23 | 8333.53 | 6976.90
605 | 0.12 | 7175.34 | 1212.53 | 7029.83 | 634.76 | 3173.79 | 10127.45 | 7490.73
602 | 0.09 | 6984.39 | 1866.91 | 6816.37 | 489.08 | 2445.42 | 9217.77 | 7286.01
592 | 0.08 | 6901.89 | 2372.75 | 6712.07 | 439.94 | 2199.69 | 8876.56 | 7195.97
615 | 0.06 | 6721.87 | 2856.23 | 6550.50 | 338.79 | 1693.95 | 8224.12 | 6986.62
614 | 0.15 | 7338.77 | 3269.42 | 6848.35 | 775.78 | 3878.89 | 10610.88 | 7644.65
617 | 0.09 | 6984.49 | 4078.42 | 6617.44 | 489.08 | 2445.38 | 9018.80 | 7286.08
595 | 0.15 | 7310.68 | 4601.23 | 6620.50 | 778.76 | 3893.79 | 10397.47 | 7631.47
590 | 0.07 | 6809.04 | 5426.05 | 6429.22 | 390.19 | 1950.97 | 8352.88 | 7092.61
586 | 0.11 | 7119.01 | 5846.14 | 6475.94 | 586.46 | 2932.32 | 9343.75 | 7431.14
619 | 0.14 | 7267.51 | 6496.57 | 6357.99 | 731.16 | 3655.79 | 9911.42 | 7588.50
589 | 0.09 | 6984.39 | 7279.19 | 6329.27 | 489.08 | 2445.42 | 8730.67 | 7286.01
591 | 0.09 | 6984.33 | 7821.35 | 6280.41 | 489.09 | 2445.44 | 8681.83 | 7285.97
596 | 0.07 | 6804.87 | 8375.07 | 6218.61 | 390.43 | 1952.17 | 8143.45 | 7089.64
607 | 0.06 | 6705.09 | 8836.75 | 6174.88 | 339.64 | 1698.19 | 7852.69 | 6974.07
613 | 0.13 | 7225.33 | 9187.28 | 6030.98 | 682.90 | 3414.48 | 9356.69 | 7543.21
618 | 0.09 | 6984.83 | 9885.43 | 6095.14 | 489.05 | 2445.26 | 8496.39 | 7286.29
599 | 0.13 | 7223.56 | 10375.70 | 5874.71 | 683.06 | 3415.32 | 9201.24 | 7542.28
598 | 0.11 | 7119.02 | 11088.52 | 5899.29 | 586.46 | 2932.32 | 8767.09 | 7431.14
583 | 0.11 | 7120.20 | 11761.20 | 5826.46 | 586.37 | 2931.84 | 8693.80 | 7431.83
593 | 0.13 | 7223.71 | 12382.58 | 5613.97 | 683.05 | 3415.25 | 8940.42 | 7542.35
601 | 0.12 | 7174.38 | 13118.84 | 5600.12 | 634.84 | 3174.21 | 8698.15 | 7490.19
609 | 0.08 | 6901.63 | 13790.72 | 5798.37 | 439.95 | 2199.77 | 7962.94 | 7195.80
603 | 0.13 | 7223.56 | 14239.23 | 5372.46 | 683.06 | 3415.32 | 8698.98 | 7542.28
610 | 0.07 | 6808.99 | 14935.31 | 5763.52 | 390.20 | 1950.99 | 7687.19 | 7092.58
585 | 0.11 | 7119.00 | 15337.26 | 5431.90 | 586.47 | 2932.33 | 8299.72 | 7431.13
594 | 0.08 | 6904.21 | 15946.47 | 5628.49 | 439.79 | 2198.95 | 7792.26 | 7197.56
611 | 0.10 | 7056.32 | 16422.81 | 5414.04 | 537.89 | 2689.43 | 8049.69 | 7363.76
620 | 0.11 | 7119.02 | 16987.26 | 5250.42 | 586.46 | 2932.32 | 8118.23 | 7431.14
604 | 0.13 | 7223.56 | 17627.76 | 4931.95 | 683.06 | 3415.32 | 8258.47 | 7542.28
616 | 0.08 | 6901.44 | 18333.71 | 5434.74 | 439.97 | 2199.83 | 7599.38 | 7195.67
597 | 0.11 | 7118.97 | 18792.56 | 5051.79 | 586.47 | 2932.34 | 7919.62 | 7431.11
608 | 0.09 | 6984.45 | 19494.43 | 5229.96 | 489.08 | 2445.40 | 7631.33 | 7286.05
587 | 0.09 | 6984.34 | 19996.49 | 5184.65 | 489.09 | 2445.44 | 7586.07 | 7285.97
588 | 0.10 | 7056.20 | 20511.91 | 5005.01 | 537.90 | 2689.48 | 7640.70 | 7363.68
600 | 0.12 | 7176.00 | 21222.23 | 4629.33 | 634.70 | 3173.50 | 7726.66 | 7491.09
582 | 0.08 | 6901.26 | 21904.40 | 5148.90 | 439.98 | 2199.89 | 7313.60 | 7195.55
612 | 0.10 | 7056.29 | 22376.45 | 4818.64 | 537.89 | 2689.45 | 7454.30 | 7363.73
Vehicle 16
Charging tour: 
634  -> 622  -> 624  -> 621  -> 623  -> 641  -> 626  -> 627  -> 647  -> 635  -> 625  -> 632  -> 636  -> 633  -> 630  -> 628  -> 645  -> 638  -> 639  -> 629  -> 643  -> 642  -> 631  -> 637  -> 640  -> 646  -> 644  -> 
Charging time: 
375.1298287110688  + 572.8183250584971  + 650.9458838189393  + 512.727240165468  + 654.2797413903922  + 357.3171722607087  + 487.8399938416278  + 535.4175713917523  + 184.44315901024274  + 470.55826517591197  + 597.6367389965304  + 341.0023971958672  + 626.8529436692351  + 550.4808626305819  + 484.7824813817645  + 509.09945845364973  + 204.33569636296548  + 380.45164944663645  + 380.79851001257083  + 294.3371946734414  + 272.1831535821174  + 379.0809612175589  + 540.1649720532783  + 433.8061632357912  + 314.50680672896885  + 383.78117980078946  + 249.78930792454335  + 
total node:27/27
-------------------
Traveling energy: 1874.3843745448019
Charging energy: 58722.838290954496
Total energy used: 60597.2226654993
-------------------
Total time for travel: 1874.3843745448019
Total time for charging: 11744.5676581909
Charging round duration: 13618.9520327357
-------------------
ID | p | E0 | time_arrive | E_remain | time_charge | energy_charge| E_after_charge | E_after_cycle
634 | 0.11 | 8978.85 | 120.34 | 8965.62 | 375.13 | 1875.65 | 10800.00 | 8234.30
622 | 0.12 | 8071.00 | 552.96 | 8004.65 | 572.82 | 2864.09 | 10800.00 | 8076.69
624 | 0.14 | 7800.41 | 1171.46 | 7636.40 | 650.95 | 3254.73 | 10800.00 | 7720.34
621 | 0.10 | 8473.24 | 1856.05 | 8287.64 | 512.73 | 2563.64 | 10800.00 | 8654.88
623 | 0.13 | 7922.98 | 2379.43 | 7613.66 | 654.28 | 3271.40 | 10800.00 | 8097.78
641 | 0.11 | 9394.73 | 3109.23 | 9052.72 | 357.32 | 1786.59 | 10800.00 | 8561.12
626 | 0.10 | 8766.51 | 3569.26 | 8409.58 | 487.84 | 2439.20 | 10800.00 | 8823.71
627 | 0.11 | 8642.61 | 4189.08 | 8181.81 | 535.42 | 2677.09 | 10800.00 | 8699.49
647 | 0.06 | 10175.23 | 4772.91 | 9888.85 | 184.44 | 922.22 | 10800.00 | 9668.24
635 | 0.11 | 9051.40 | 5022.13 | 8498.97 | 470.56 | 2352.79 | 10800.00 | 8784.00
625 | 0.11 | 8492.09 | 5586.63 | 7877.56 | 597.64 | 2988.18 | 10800.00 | 8860.07
632 | 0.07 | 9559.35 | 6292.79 | 9118.86 | 341.00 | 1705.01 | 10800.00 | 9596.97
636 | 0.14 | 8690.14 | 6690.33 | 7753.49 | 626.85 | 3134.26 | 10800.00 | 8489.60
633 | 0.11 | 8917.32 | 7356.14 | 8108.15 | 550.48 | 2752.40 | 10800.00 | 9049.53
630 | 0.09 | 9138.52 | 7986.74 | 8419.72 | 484.78 | 2423.91 | 10800.00 | 9418.64
628 | 0.09 | 9067.33 | 8522.26 | 8300.32 | 509.10 | 2545.50 | 10800.00 | 9469.02
645 | 0.05 | 10241.00 | 9049.15 | 9788.54 | 204.34 | 1021.68 | 10800.00 | 10071.67
638 | 0.08 | 9672.51 | 9304.16 | 8928.18 | 380.45 | 1902.26 | 10800.00 | 9669.17
639 | 0.08 | 9705.97 | 9743.72 | 8926.47 | 380.80 | 1903.99 | 10800.00 | 9704.36
629 | 0.05 | 9853.59 | 10211.13 | 9343.03 | 294.34 | 1471.69 | 10800.00 | 10134.27
643 | 0.06 | 10093.87 | 10640.98 | 9455.42 | 272.18 | 1360.92 | 10800.00 | 10025.59
642 | 0.08 | 9816.78 | 11023.28 | 8934.92 | 379.08 | 1895.40 | 10800.00 | 9806.59
631 | 0.09 | 9176.38 | 11428.80 | 8147.79 | 540.16 | 2700.82 | 10800.00 | 9733.41
637 | 0.08 | 9630.01 | 12054.25 | 8665.67 | 433.81 | 2169.03 | 10800.00 | 9893.44
640 | 0.06 | 9996.90 | 12509.41 | 9246.34 | 314.51 | 1572.53 | 10800.00 | 10140.23
646 | 0.08 | 9940.23 | 12855.43 | 8911.80 | 383.78 | 1918.91 | 10800.00 | 9953.54
644 | 0.05 | 10226.13 | 13251.74 | 9563.54 | 249.79 | 1248.95 | 10800.00 | 10284.08
Vehicle 17
Charging tour: 
658  -> 661  -> 648  -> 650  -> 655  -> 649  -> 672  -> 663  -> 680  -> 662  -> 666  -> 676  -> 656  -> 682  -> 667  -> 684  -> 677  -> 671  -> 669  -> 653  -> 660  -> 679  -> 675  -> 664  -> 654  -> 674  -> 665  -> 652  -> 659  -> 670  -> 673  -> 668  -> 651  -> 683  -> 678  -> 685  -> 681  -> 657  -> 
Charging time: 
596.3813495860556  + 267.60646414215626  + 467.16683283189246  + 265.48511708649136  + 515.0921038691622  + 369.13981961883746  + 368.17806291736696  + 418.26398334599327  + 699.0715233860954  + 515.1648477744737  + 707.1759865698135  + 515.0943097984596  + 611.3722474882932  + 754.9787059838717  + 611.3717345938035  + 864.4762783151526  + 418.3706744888944  + 417.88072221018143  + 849.8230077231036  + 611.3628738849981  + 563.3207786350594  + 417.83297664865694  + 368.6693567311163  + 896.982559645434  + 712.8140887519965  + 659.3112542440485  + 418.3835821051488  + 659.309880586783  + 611.3750669117921  + 369.0482328249534  + 611.3608760856121  + 802.743807148656  + 611.3676301041793  + 515.1832031174464  + 802.7414418745606  + 707.176861282461  + 270.90923936778603  + 268.36265926035884  + 
total node:38/38
-------------------
Traveling energy: 1995.3576778283636
Charging energy: 105551.75070470572
Total energy used: 107547.10838253408
-------------------
Total time for travel: 1995.3576778283636
Total time for charging: 21110.350140941144
Charging round duration: 23105.707818769508
-------------------
ID | p | E0 | time_arrive | E_remain | time_charge | energy_charge| E_after_charge | E_after_cycle
658 | 0.13 | 7918.76 | 178.01 | 7895.62 | 596.38 | 2981.91 | 10800.00 | 7804.07
661 | 0.05 | 7503.72 | 890.35 | 7459.21 | 267.61 | 1338.03 | 8783.86 | 7650.75
648 | 0.09 | 7737.02 | 1253.12 | 7624.24 | 467.17 | 2335.83 | 9918.03 | 7929.06
650 | 0.05 | 7563.68 | 1753.09 | 7476.03 | 265.49 | 1327.43 | 8790.18 | 7700.11
655 | 0.10 | 7796.84 | 2062.52 | 7590.59 | 515.09 | 2575.46 | 10114.54 | 7990.30
649 | 0.07 | 7615.71 | 2663.02 | 7429.30 | 369.14 | 1845.70 | 9249.16 | 7794.01
672 | 0.07 | 7635.61 | 3060.36 | 7421.38 | 368.18 | 1840.89 | 9236.50 | 7809.10
663 | 0.08 | 7681.44 | 3478.00 | 7403.20 | 418.26 | 2091.32 | 9461.06 | 7867.16
680 | 0.14 | 7950.66 | 3915.31 | 7402.51 | 699.07 | 3495.36 | 10800.00 | 8111.21
662 | 0.10 | 7795.74 | 4659.72 | 7329.76 | 515.16 | 2575.82 | 9854.07 | 7989.56
666 | 0.14 | 7950.67 | 5225.28 | 7219.13 | 707.18 | 3535.88 | 10656.01 | 8151.75
676 | 0.10 | 7796.80 | 5942.23 | 7202.58 | 515.09 | 2575.47 | 9726.54 | 7990.27
656 | 0.12 | 7882.77 | 6489.09 | 7104.08 | 611.37 | 3056.86 | 10087.58 | 8081.23
682 | 0.15 | 7979.21 | 7156.53 | 6905.73 | 754.98 | 3774.89 | 10567.38 | 8181.10
667 | 0.12 | 7882.78 | 7932.20 | 6930.91 | 611.37 | 3056.86 | 9914.41 | 8081.23
684 | 0.18 | 8177.37 | 8578.58 | 6633.22 | 864.48 | 4322.38 | 10800.00 | 8212.15
677 | 0.08 | 7679.49 | 9540.26 | 6916.26 | 418.37 | 2091.85 | 8974.65 | 7865.74
671 | 0.08 | 7688.49 | 9987.08 | 6889.52 | 417.88 | 2089.40 | 8945.50 | 7872.29
669 | 0.17 | 8033.85 | 10430.80 | 6260.62 | 849.82 | 4249.12 | 10365.26 | 8233.57
653 | 0.12 | 7882.89 | 11292.41 | 6527.80 | 611.36 | 3056.81 | 9511.25 | 8081.30
660 | 0.11 | 7842.24 | 11997.95 | 6522.47 | 563.32 | 2816.60 | 9277.11 | 8038.65
679 | 0.08 | 7689.37 | 12708.18 | 6672.71 | 417.83 | 2089.16 | 8728.45 | 7872.93
675 | 0.07 | 7625.43 | 13153.20 | 6704.71 | 368.67 | 1843.35 | 8522.25 | 7801.38
664 | 0.18 | 8059.20 | 13554.17 | 5619.45 | 896.98 | 4484.91 | 9942.90 | 8256.51
654 | 0.14 | 7887.79 | 14494.99 | 5858.49 | 712.81 | 3564.07 | 9322.76 | 8117.06
674 | 0.13 | 7918.74 | 15217.97 | 5940.41 | 659.31 | 3296.56 | 9151.25 | 8118.70
665 | 0.08 | 7679.25 | 15898.24 | 6407.39 | 418.38 | 2091.92 | 8465.84 | 7865.57
652 | 0.13 | 7918.76 | 16399.88 | 5786.77 | 659.31 | 3296.55 | 8997.61 | 8118.71
659 | 0.12 | 7882.73 | 17122.80 | 5828.00 | 611.38 | 3056.88 | 8811.51 | 8081.21
670 | 0.07 | 7617.60 | 17784.01 | 6372.72 | 369.05 | 1845.24 | 8192.13 | 7795.44
673 | 0.12 | 7882.92 | 18186.99 | 5700.48 | 611.36 | 3056.80 | 8683.92 | 8081.32
668 | 0.16 | 8004.72 | 18821.53 | 4993.28 | 802.74 | 4013.72 | 8878.56 | 8207.24
651 | 0.12 | 7882.83 | 19646.66 | 5525.23 | 611.37 | 3056.84 | 8508.71 | 8081.27
683 | 0.10 | 7795.46 | 20279.70 | 5767.49 | 515.18 | 2575.92 | 8291.89 | 7989.37
678 | 0.16 | 8004.75 | 20863.06 | 4666.66 | 802.74 | 4013.71 | 8551.93 | 8207.25
685 | 0.14 | 7950.66 | 21701.03 | 4912.52 | 707.18 | 3535.88 | 8349.40 | 8151.75
681 | 0.05 | 7412.24 | 22467.37 | 6288.87 | 270.91 | 1354.55 | 7629.87 | 7575.79
657 | 0.05 | 7482.58 | 22780.20 | 6343.57 | 268.36 | 1341.81 | 7671.96 | 7633.39
Vehicle 18
Charging tour: 
687  -> 693  -> 716  -> 721  -> 702  -> 701  -> 720  -> 707  -> 709  -> 697  -> 711  -> 700  -> 696  -> 695  -> 703  -> 727  -> 705  -> 690  -> 689  -> 712  -> 691  -> 719  -> 692  -> 714  -> 699  -> 713  -> 706  -> 710  -> 723  -> 717  -> 718  -> 694  -> 708  -> 724  -> 722  -> 725  -> 698  -> 688  -> 704  -> 686  -> 715  -> 
Charging time: 
423.7067299684513  + 373.7970659279905  + 423.34963464819737  + 623.3475118971409  + 323.3350379615055  + 673.117495617887  + 523.6655557399031  + 623.347584986284  + 673.1177953343436  + 372.66819565867803  + 722.8805238473395  + 623.3443623942931  + 818.4217740451357  + 573.5647868280553  + 372.6923501737419  + 722.640517161087  + 423.5770222771477  + 373.54761424103407  + 320.48277285931516  + 573.5532029062202  + 673.1175640951043  + 423.84568546591646  + 623.3523724948557  + 673.122483847757  + 473.7494830108988  + 423.9399729421653  + 772.3713162460256  + 770.08284549841  + 673.1177114208796  + 272.50179052294527  + 373.85304369064374  + 323.5801259583241  + 322.9383629095289  + 266.7219960761067  + 373.7275486102814  + 272.5642246950214  + 473.7289496815945  + 623.345863999368  + 673.118044220938  + 623.3466703804551  + 523.7389634768334  + 
total node:41/42
-------------------
Traveling energy: 2059.88723141096
Charging energy: 105940.11276858902
Total energy used: 107999.99999999999
-------------------
Total time for travel: 2059.88723141096
Total time for charging: 21188.022553717805
Charging round duration: 23247.909785128766
-------------------
ID | p | E0 | time_arrive | E_remain | time_charge | energy_charge| E_after_charge | E_after_cycle
687 | 0.08 | 6988.21 | 56.26 | 6983.71 | 423.71 | 2118.53 | 9068.35 | 7201.14
693 | 0.07 | 6931.12 | 616.16 | 6887.99 | 373.80 | 1868.99 | 8730.81 | 7132.71
716 | 0.08 | 6994.11 | 1027.39 | 6911.91 | 423.35 | 2116.75 | 8994.79 | 7205.25
721 | 0.12 | 7125.12 | 1479.62 | 6947.57 | 623.35 | 3116.74 | 9989.51 | 7383.46
702 | 0.06 | 6868.15 | 2130.49 | 6740.32 | 323.34 | 1616.68 | 8337.60 | 7055.63
701 | 0.13 | 7148.15 | 2491.68 | 6824.24 | 673.12 | 3365.59 | 10102.32 | 7417.14
720 | 0.10 | 7067.85 | 3201.68 | 6747.68 | 523.67 | 2618.33 | 9313.64 | 7304.18
707 | 0.12 | 7125.12 | 3742.82 | 6675.99 | 623.35 | 3116.74 | 9717.92 | 7383.46
709 | 0.13 | 7148.15 | 4389.44 | 6577.52 | 673.12 | 3365.59 | 9855.61 | 7417.14
697 | 0.07 | 6952.12 | 5086.18 | 6596.09 | 372.67 | 1863.34 | 8433.34 | 7148.06
711 | 0.14 | 7168.08 | 5523.02 | 6394.86 | 722.88 | 3614.40 | 9908.06 | 7447.68
700 | 0.12 | 7125.16 | 6255.40 | 6374.51 | 623.34 | 3116.72 | 9416.43 | 7383.48
696 | 0.16 | 7235.76 | 6912.96 | 6129.69 | 818.42 | 4092.11 | 10090.85 | 7516.67
695 | 0.11 | 7098.26 | 7750.85 | 6245.66 | 573.56 | 2867.82 | 9050.39 | 7345.88
703 | 0.07 | 6951.67 | 8357.11 | 6366.67 | 372.69 | 1863.46 | 8204.04 | 7147.73
727 | 0.14 | 7170.46 | 8847.89 | 5931.76 | 722.64 | 3613.20 | 9443.79 | 7448.86
705 | 0.08 | 6990.35 | 9639.79 | 6219.17 | 423.58 | 2117.89 | 8303.17 | 7202.64
690 | 0.07 | 6935.75 | 10096.25 | 6229.01 | 373.55 | 1867.74 | 8070.60 | 7136.09
689 | 0.06 | 6929.28 | 10507.28 | 6298.84 | 320.48 | 1602.41 | 7882.03 | 7102.49
712 | 0.11 | 7098.40 | 10864.56 | 5903.30 | 573.55 | 2867.77 | 8707.97 | 7345.96
691 | 0.13 | 7148.15 | 11511.16 | 5651.70 | 673.12 | 3365.59 | 8929.79 | 7417.14
719 | 0.08 | 6985.92 | 12207.52 | 6009.32 | 423.85 | 2119.23 | 8094.64 | 7199.55
692 | 0.12 | 7125.07 | 12667.43 | 5604.98 | 623.35 | 3116.76 | 8646.94 | 7383.43
714 | 0.13 | 7148.10 | 13324.99 | 5415.85 | 673.12 | 3365.61 | 8693.96 | 7417.11
699 | 0.09 | 7031.29 | 14015.72 | 5769.88 | 473.75 | 2368.75 | 8095.99 | 7256.24
713 | 0.08 | 6984.37 | 14561.21 | 5819.47 | 423.94 | 2119.70 | 7905.25 | 7198.47
706 | 0.15 | 7187.97 | 15060.39 | 4928.92 | 772.37 | 3861.86 | 8674.92 | 7476.83
710 | 0.15 | 7209.34 | 15860.51 | 4830.26 | 770.08 | 3850.41 | 8565.16 | 7486.75
723 | 0.13 | 7148.15 | 16650.10 | 4983.64 | 673.12 | 3365.59 | 8261.72 | 7417.14
717 | 0.05 | 6791.13 | 17355.31 | 5923.36 | 272.50 | 1362.51 | 7272.25 | 6962.64
718 | 0.07 | 6930.08 | 17638.00 | 5695.43 | 373.85 | 1869.27 | 7538.52 | 7131.95
694 | 0.06 | 6862.95 | 18064.09 | 5779.10 | 323.58 | 1617.90 | 7377.59 | 7051.65
708 | 0.06 | 6876.59 | 18452.37 | 5769.45 | 322.94 | 1614.69 | 7364.76 | 7062.08
724 | 0.05 | 6938.29 | 18849.84 | 5995.80 | 266.72 | 1333.61 | 7316.07 | 7080.90
722 | 0.07 | 6932.41 | 19168.30 | 5590.63 | 373.73 | 1868.64 | 7433.11 | 7133.65
725 | 0.05 | 6789.57 | 19549.50 | 5812.10 | 272.56 | 1362.82 | 7161.29 | 6961.40
698 | 0.09 | 7031.60 | 19939.50 | 5237.04 | 473.73 | 2368.64 | 7563.05 | 7256.44
688 | 0.12 | 7125.14 | 20457.24 | 4670.27 | 623.35 | 3116.73 | 7712.20 | 7383.47
704 | 0.13 | 7148.15 | 21174.85 | 4395.42 | 673.12 | 3365.59 | 7673.50 | 7417.14
686 | 0.12 | 7125.13 | 21912.04 | 4495.69 | 623.35 | 3116.73 | 7537.62 | 7383.47
715 | 0.10 | 7066.86 | 22570.48 | 4809.81 | 523.74 | 2618.69 | 7376.13 | 7303.55
726 | 0.16 | 7542.58 | 3731.38
Vehicle 19
Charging tour: 
736  -> 730  -> 734  -> 748  -> 752  -> 737  -> 729  -> 731  -> 749  -> 743  -> 733  -> 740  -> 746  -> 751  -> 732  -> 762  -> 728  -> 759  -> 765  -> 756  -> 764  -> 739  -> 744  -> 760  -> 738  -> 741  -> 745  -> 766  -> 757  -> 742  -> 754  -> 761  -> 750  -> 758  -> 763  -> 755  -> 753  -> 747  -> 735  -> 
Charging time: 
529.8104519698298  + 323.4159315504315  + 373.2187714092256  + 323.9038482605458  + 415.70765091079676  + 324.9135392272152  + 574.961043939589  + 420.41324693869706  + 325.5595883768286  + 372.9796625772462  + 325.73185202969756  + 464.9459491048152  + 373.01714170825016  + 586.142112773926  + 546.3265718197936  + 530.5146295211057  + 422.77482702922504  + 552.6290556681055  + 325.1792331551763  + 650.2758659476881  + 514.4571130068144  + 420.34906919977936  + 821.0659573350786  + 526.7448819163794  + 733.8408725076199  + 520.1305083431074  + 691.045532175305  + 702.2695864734177  + 655.3030721396499  + 643.1702627499341  + 589.0417610846877  + 373.12994993658054  + 467.1975434792377  + 702.1405247214526  + 613.9962783279937  + 750.9916625413214  + 655.3000632450918  + 569.6834806658877  + 278.1037913755418  + 
total node:39/39
-------------------
Traveling energy: 2466.165659210337
Charging energy: 99951.91442571537
Total energy used: 102418.0800849257
-------------------
Total time for travel: 2466.165659210337
Total time for charging: 19990.382885143074
Charging round duration: 22456.54854435341
-------------------
ID | p | E0 | time_arrive | E_remain | time_charge | energy_charge| E_after_charge | E_after_cycle
736 | 0.13 | 8229.68 | 75.81 | 8219.82 | 529.81 | 2649.05 | 10800.00 | 7782.13
730 | 0.06 | 8766.31 | 719.52 | 8723.14 | 323.42 | 1617.08 | 10320.82 | 8954.19
734 | 0.07 | 8862.61 | 1079.11 | 8787.07 | 373.22 | 1866.09 | 10627.04 | 9061.30
748 | 0.06 | 8753.11 | 1460.06 | 8665.50 | 323.90 | 1619.52 | 10265.59 | 8943.43
752 | 0.13 | 9011.98 | 1819.01 | 8775.50 | 415.71 | 2078.54 | 10800.00 | 7993.91
737 | 0.06 | 8725.91 | 2332.62 | 8585.95 | 324.91 | 1624.57 | 10191.02 | 8921.27
729 | 0.11 | 8291.84 | 2758.19 | 7988.44 | 574.96 | 2874.81 | 10800.00 | 8546.45
731 | 0.08 | 8991.68 | 3439.59 | 8716.51 | 420.41 | 2102.07 | 10784.94 | 9188.14
749 | 0.06 | 8708.59 | 3965.01 | 8470.69 | 325.56 | 1627.80 | 10078.95 | 8907.19
743 | 0.07 | 8868.29 | 4320.72 | 8565.84 | 372.98 | 1864.90 | 10404.63 | 9065.79
733 | 0.06 | 8703.99 | 4721.18 | 8420.71 | 325.73 | 1628.66 | 10029.83 | 8903.44
740 | 0.10 | 9032.08 | 5103.12 | 8521.76 | 464.95 | 2324.73 | 10800.00 | 8974.81
746 | 0.07 | 8867.40 | 5630.40 | 8473.27 | 373.02 | 1865.09 | 10312.25 | 9065.09
751 | 0.16 | 8932.10 | 6056.44 | 7963.07 | 586.14 | 2930.71 | 10800.00 | 8051.61
732 | 0.10 | 8649.18 | 6713.57 | 7977.82 | 546.33 | 2731.63 | 10654.82 | 8998.81
762 | 0.11 | 9005.30 | 7268.36 | 8205.78 | 530.51 | 2652.57 | 10800.00 | 9037.68
728 | 0.08 | 8941.45 | 7904.71 | 8309.07 | 422.77 | 2113.87 | 10389.13 | 9149.72
759 | 0.13 | 9202.91 | 8417.06 | 8108.70 | 552.63 | 2763.15 | 10800.00 | 8869.46
765 | 0.06 | 8718.78 | 9046.67 | 8175.98 | 325.18 | 1625.90 | 9782.36 | 8915.47
756 | 0.14 | 8956.90 | 9408.85 | 7639.66 | 650.28 | 3251.38 | 10800.00 | 8873.48
764 | 0.10 | 9184.97 | 10109.35 | 8174.04 | 514.46 | 2572.29 | 10694.88 | 9375.26
739 | 0.08 | 8993.05 | 10667.98 | 8139.61 | 420.35 | 2101.75 | 10207.73 | 9189.20
744 | 0.15 | 8492.04 | 11161.38 | 6817.83 | 821.07 | 4105.33 | 10800.00 | 9024.37
760 | 0.10 | 8970.71 | 12052.31 | 7765.48 | 526.74 | 2633.72 | 10346.53 | 9222.43
738 | 0.13 | 8370.83 | 12583.39 | 6734.99 | 733.84 | 3669.20 | 10308.80 | 8943.43
741 | 0.10 | 9084.79 | 13372.64 | 7747.52 | 520.13 | 2600.65 | 10296.16 | 9303.44
745 | 0.13 | 8889.22 | 13905.28 | 7081.54 | 691.05 | 3455.23 | 10446.93 | 9247.85
766 | 0.14 | 9420.01 | 14655.11 | 7368.29 | 702.27 | 3511.35 | 10781.32 | 9596.56
757 | 0.13 | 9374.07 | 15397.53 | 7372.39 | 655.30 | 3276.52 | 10563.72 | 9553.99
742 | 0.12 | 8816.22 | 16154.23 | 6877.71 | 643.17 | 3215.85 | 10016.38 | 9173.67
754 | 0.11 | 8824.17 | 16835.75 | 6972.24 | 589.04 | 2945.21 | 9852.65 | 9149.18
761 | 0.07 | 8864.72 | 17504.77 | 7639.39 | 373.13 | 1865.65 | 9478.92 | 9062.97
750 | 0.09 | 9102.68 | 18000.81 | 7482.60 | 467.20 | 2335.99 | 9776.54 | 9294.86
758 | 0.14 | 9421.74 | 18503.04 | 6831.32 | 702.14 | 3510.70 | 10243.72 | 9597.64
763 | 0.12 | 9235.12 | 19300.73 | 6919.03 | 614.00 | 3069.98 | 9915.34 | 9446.70
755 | 0.15 | 9438.07 | 19977.09 | 6441.51 | 750.99 | 3754.96 | 10083.82 | 9620.03
753 | 0.13 | 9374.12 | 20768.05 | 6674.27 | 655.30 | 3276.50 | 9865.58 | 9554.01
747 | 0.11 | 9124.02 | 21445.84 | 6764.98 | 569.68 | 2848.42 | 9550.73 | 9352.24
735 | 0.05 | 8495.53 | 22132.23 | 7388.91 | 278.10 | 1390.52 | 8765.53 | 8695.04
Network survivability: 100.0%
networkSurvivabilityOverThousand: 76.6%
Average dead duration: 113275.01851785622
Traveling energy: 46003.1408786802
total calculate time: 44.51728868484497
