total sensor 1000
condition 22.596708284805672
gen: 1
gen: 2
gen: 3
gen: 4
gen: 5
gen: 6
gen: 7
gen: 8
gen: 9
gen: 10
gen: 11
gen: 12
gen: 13
gen: 14
gen: 15
gen: 16
gen: 17
gen: 18
gen: 19
gen: 20
gen: 21
gen: 22
gen: 23
gen: 24
gen: 25
gen: 26
gen: 27
gen: 28
gen: 29
gen: 30
gen: 31
gen: 32
gen: 33
gen: 34
gen: 35
gen: 36
gen: 37
gen: 38
gen: 39
gen: 40
gen: 41
gen: 42
gen: 43
gen: 44
gen: 45
gen: 46
gen: 47
gen: 48
gen: 49
gen: 50
Number of charging vehicles: 20
Survey time: 24136.529470467845
Network clustering infor: 
Cluster 0:
[1, 2, 3, 4, 5, 6, 7, 8, 9, 10, 11, 12, 13, 14, 15, 16, 17, 18, 19, 20, 21, 22, 23, 24, 25, 26, 27, 28, 29, 30, 31, 32, 33, 34, 35, 36, 37, 38, 39, 40, 41, 42]
Cluster 1:
[43, 44, 45, 46, 47, 48, 49, 50, 51, 52, 53, 54, 55, 56, 57, 58, 59, 60, 61, 62, 63, 64, 65, 66, 67, 68, 69, 70, 71, 72, 73, 74, 75, 76, 77, 78, 79, 80, 81, 82, 83, 84, 85, 86, 87, 88, 89, 90, 91, 92, 93]
Cluster 2:
[94, 95, 96, 97, 98, 99, 100, 101, 102, 103, 104, 105, 106, 107, 108, 109, 110, 111, 112, 113, 114, 115, 116, 117, 118, 119, 120, 121, 122, 123, 124, 125, 126, 127, 128, 129, 130, 131, 132, 133, 134, 135, 136, 137, 138, 139, 140]
Cluster 3:
[141, 142, 143, 144, 145, 146, 147, 148, 149, 150, 151, 152, 153, 154, 155, 156, 157, 158, 159, 160, 161, 162, 163, 164, 165, 166, 167, 168, 169, 170, 171, 172, 173, 174, 175, 176, 177, 178, 179, 180, 181, 182, 183, 184, 185]
Cluster 4:
[186, 187, 188, 189, 190, 191, 192, 193, 194, 195, 196, 197, 198, 199, 200, 201, 202, 203, 204, 205, 206, 207, 208, 209, 210, 211, 212, 213, 214, 215, 216, 217, 218, 219, 220, 221, 222, 223, 224, 225, 226, 227, 228, 229, 230, 231, 232, 233, 234, 235, 236, 237, 238, 239, 240, 241, 242, 243, 244, 245]
Cluster 5:
[246, 247, 248, 249, 250, 251, 252, 253, 254, 255, 256, 257, 258, 259, 260, 261, 262, 263, 264, 265, 266, 267, 268, 269, 270, 271, 272, 273, 274, 275, 276, 277, 278, 279, 280, 281, 282, 283, 284, 285, 286, 287, 288, 289]
Cluster 6:
[290, 291, 292, 293, 294, 295, 296, 297, 298, 299, 300, 301, 302, 303, 304, 305, 306, 307, 308, 309, 310, 311, 312, 313, 314, 315, 316, 317, 318, 319, 320, 321, 322, 323, 324, 325, 326, 327, 328, 329, 330, 331, 332, 333, 334, 335, 336, 337, 338, 339, 340]
Cluster 7:
[341, 342, 343, 344, 345, 346, 347, 348, 349, 350, 351, 352, 353, 354, 355, 356, 357, 358, 359, 360, 361, 362, 363, 364, 365, 366, 367, 368, 369, 370, 371, 372, 373, 374, 375, 376, 377, 378, 379, 380, 381, 382, 383, 384, 385, 386, 387, 388, 389, 390, 391]
Cluster 8:
[392, 393, 394, 395, 396, 397, 398, 399, 400, 401, 402, 403, 404, 405, 406, 407, 408, 409, 410, 411, 412, 413, 414, 415, 416, 417, 418, 419, 420, 421, 422, 423, 424, 425, 426, 427, 428, 429, 430, 431, 432, 433, 434, 435, 436, 437]
Cluster 9:
[438, 439, 440, 441, 442, 443, 444, 445, 446, 447, 448, 449, 450, 451, 452, 453, 454, 455, 456, 457, 458, 459, 460, 461, 462, 463, 464, 465, 466, 467, 468, 469, 470, 471, 472, 473, 474, 475, 476, 477, 478, 479, 480, 481, 482, 483, 484, 485, 486, 487, 488, 489, 490]
Cluster 10:
[491, 492, 493, 494, 495, 496, 497, 498, 499, 500, 501, 502, 503, 504, 505, 506, 507, 508, 509, 510, 511, 512, 513, 514, 515, 516, 517, 518, 519, 520, 521, 522, 523, 524, 525, 526, 527, 528, 529, 530, 531, 532, 533, 534, 535, 536, 537, 538, 539, 540]
Cluster 11:
[541, 542, 543, 544, 545, 546, 547, 548, 549, 550, 551, 552, 553, 554, 555, 556, 557, 558, 559, 560, 561, 562, 563, 564, 565, 566, 567, 568, 569, 570, 571, 572, 573, 574, 575, 576, 577, 578, 579, 580, 581, 582, 583, 584, 585, 586, 587, 588, 589, 590, 591, 592, 593]
Cluster 12:
[594, 595, 596, 597, 598, 599, 600, 601, 602, 603, 604, 605, 606, 607, 608, 609, 610, 611, 612, 613, 614, 615, 616, 617, 618, 619, 620, 621, 622, 623, 624, 625, 626, 627, 628, 629, 630, 631, 632, 633, 634, 635, 636, 637, 638, 639, 640, 641, 642, 643, 644, 645, 646, 647, 648]
Cluster 13:
[649, 650, 651, 652, 653, 654, 655, 656, 657, 658, 659, 660, 661, 662, 663, 664, 665, 666, 667, 668, 669, 670, 671, 672, 673, 674, 675, 676, 677, 678, 679, 680, 681, 682, 683, 684, 685, 686, 687, 688, 689, 690, 691, 692, 693, 694, 695, 696, 697]
Cluster 14:
[698, 699, 700, 701, 702, 703, 704, 705, 706, 707, 708, 709, 710, 711, 712, 713, 714, 715, 716, 717, 718, 719, 720, 721, 722, 723, 724, 725, 726, 727, 728, 729, 730, 731, 732, 733, 734, 735, 736, 737, 738, 739, 740, 741, 742, 743, 744, 745, 746, 747, 748, 749, 750, 751, 752, 753, 754, 755, 756, 757]
Cluster 15:
[758, 759, 760, 761, 762, 763, 764, 765, 766, 767, 768, 769, 770, 771, 772, 773, 774, 775, 776, 777, 778, 779, 780, 781, 782, 783, 784, 785, 786, 787, 788, 789, 790, 791, 792, 793, 794, 795, 796, 797, 798, 799, 800, 801, 802, 803, 804, 805, 806]
Cluster 16:
[807, 808, 809, 810, 811, 812, 813, 814, 815, 816, 817, 818, 819, 820, 821, 822, 823, 824, 825, 826, 827, 828, 829, 830, 831, 832, 833, 834, 835, 836, 837, 838, 839, 840, 841, 842, 843]
Cluster 17:
[844, 845, 846, 847, 848, 849, 850, 851, 852, 853, 854, 855, 856, 857, 858, 859, 860, 861, 862, 863, 864, 865, 866, 867, 868, 869, 870, 871, 872, 873, 874, 875, 876, 877, 878, 879, 880, 881, 882, 883, 884, 885, 886, 887, 888, 889, 890, 891]
Cluster 18:
[892, 893, 894, 895, 896, 897, 898, 899, 900, 901, 902, 903, 904, 905, 906, 907, 908, 909, 910, 911, 912, 913, 914, 915, 916, 917, 918, 919, 920, 921, 922, 923, 924, 925, 926, 927, 928, 929, 930, 931, 932, 933, 934, 935, 936, 937, 938, 939, 940, 941, 942, 943, 944, 945, 946, 947, 948, 949, 950, 951, 952]
Cluster 19:
[953, 954, 955, 956, 957, 958, 959, 960, 961, 962, 963, 964, 965, 966, 967, 968, 969, 970, 971, 972, 973, 974, 975, 976, 977, 978, 979, 980, 981, 982, 983, 984, 985, 986, 987, 988, 989, 990, 991, 992, 993, 994, 995, 996, 997, 998, 999, 1000]
Vehicle 0
Charging tour: 
38  -> 20  -> 42  -> 8  -> 17  -> 40  -> 23  -> 39  -> 15  -> 3  -> 35  -> 18  -> 11  -> 10  -> 37  -> 2  -> 33  -> 12  -> 5  -> 
Charging time: 
1389.375365542088  + 418.66965268089234  + 4785.980608394794  + 382.40509065505245  + 447.4927892896052  + 356.0168921523163  + 367.7177630550067  + 1812.197731483727  + 590.7899293252528  + 841.9272863900263  + 2990.3674265855934  + 532.0828451195686  + 624.5146153154163  + 683.5396024591696  + 2296.7220406209967  + 876.1006986429251  + 419.35967368976765  + 967.0025237906848  + 572.3118117382252  + 
total node:19/42
-------------------
Traveling energy: 1227.1282653444746
Charging energy: 106772.87173465555
Total energy used: 108000.00000000003
-------------------
Total time for travel: 1227.1282653444746
Total time for charging: 21354.57434693111
Charging round duration: 22581.702612275585
-------------------
ID | p | E0 | time_arrive | E_remain | time_charge | energy_charge| E_after_charge | E_after_cycle
38 | 0.06 | 2311.25 | 188.51 | 2299.94 | 1389.38 | 6946.88 | 9163.45 | 7809.93
20 | 0.05 | 6391.66 | 1607.65 | 6311.28 | 418.67 | 2093.35 | 8383.69 | 7278.18
42 | 0.12 | 1341.92 | 2043.05 | 1096.75 | 4785.98 | 23929.90 | 24452.34 | 22375.44
8 | 0.06 | 8397.36 | 6856.54 | 7985.97 | 382.41 | 1912.03 | 9875.05 | 8861.19
17 | 0.12 | 14351.93 | 7276.33 | 13478.78 | 447.49 | 2237.46 | 15662.54 | 13693.02
40 | 0.05 | 7516.48 | 7780.08 | 7127.48 | 356.02 | 1780.08 | 8889.76 | 8089.74
23 | 0.08 | 11643.69 | 8207.56 | 10987.09 | 367.72 | 1838.59 | 12796.26 | 11551.36
39 | 0.09 | 2657.98 | 8633.66 | 1880.95 | 1812.20 | 9060.99 | 10778.84 | 9546.68
15 | 0.09 | 8153.14 | 10568.99 | 7201.93 | 590.79 | 2953.95 | 10102.71 | 8934.80
3 | 0.11 | 6992.51 | 11294.52 | 5750.12 | 841.93 | 4209.64 | 9867.14 | 8547.13
35 | 0.12 | 2147.69 | 12170.53 | 687.23 | 2990.37 | 14951.84 | 15280.22 | 14203.15
18 | 0.14 | 14081.99 | 15203.22 | 11953.54 | 532.08 | 2660.41 | 14539.46 | 13363.29
11 | 0.14 | 11997.77 | 15762.91 | 9790.97 | 624.51 | 3122.57 | 12826.11 | 11741.23
10 | 0.12 | 9395.78 | 16429.42 | 7424.25 | 683.54 | 3417.70 | 10759.92 | 9917.09
37 | 0.15 | 3495.41 | 17175.54 | 919.08 | 2296.72 | 11483.61 | 12058.18 | 11358.54
2 | 0.13 | 7941.54 | 19486.29 | 5408.32 | 876.10 | 4380.50 | 9674.93 | 9184.29
33 | 0.08 | 10209.83 | 20431.38 | 8575.32 | 419.36 | 2096.80 | 10638.57 | 10375.71
12 | 0.15 | 8301.93 | 20866.16 | 5172.00 | 967.00 | 4835.01 | 9861.96 | 9516.46
5 | 0.15 | 14027.29 | 21876.25 | 10745.85 | 572.31 | 2861.56 | 13521.57 | 13268.37
1 | 0.09 | 7893.80 | 5721.51
4 | 0.08 | 7346.28 | 5415.36
6 | 0.12 | 7600.09 | 4703.71
7 | 0.15 | 10634.92 | 7014.45
9 | 0.10 | 6673.07 | 4259.42
13 | 0.07 | 7076.12 | 5386.56
14 | 0.09 | 12249.55 | 10077.27
16 | 0.10 | 12792.98 | 10379.33
19 | 0.08 | 8267.71 | 6336.79
21 | 0.11 | 12934.23 | 10279.22
22 | 0.07 | 6749.41 | 5059.85
24 | 0.10 | 7231.86 | 4818.21
25 | 0.10 | 6623.51 | 4209.85
26 | 0.08 | 8573.87 | 6642.95
27 | 0.10 | 7790.27 | 5376.62
28 | 0.07 | 6902.31 | 5212.75
29 | 0.08 | 10655.63 | 8724.71
30 | 0.12 | 11511.57 | 8615.19
31 | 0.07 | 9808.86 | 8119.30
32 | 0.12 | 11414.73 | 8518.35
34 | 0.05 | 9143.16 | 7936.34
36 | 0.07 | 6363.39 | 4673.83
41 | 0.07 | 6136.73 | 4447.17
Vehicle 1
Charging tour: 
89  -> 87  -> 60  -> 88  -> 76  -> 50  -> 82  -> 59  -> 84  -> 63  -> 49  -> 93  -> 44  -> 91  -> 67  -> 79  -> 52  -> 85  -> 69  -> 65  -> 80  -> 74  -> 83  -> 72  -> 68  -> 53  -> 78  -> 51  -> 64  -> 71  -> 
Charging time: 
7388.881806409925  + 478.4651087929669  + 480.49660029426303  + 1980.50890669995  + 230.97272053763336  + 190.11878512938907  + 509.46154606043507  + 194.8640611576241  + 603.1744933142973  + 325.6014332848289  + 434.9908838599361  + 189.2833349684092  + 222.24813061223696  + 1424.0050449690705  + 326.7714872199226  + 553.404279558468  + 286.87060998421373  + 704.5274379009998  + 247.0794015890025  + 233.12980277531196  + 281.1618215440277  + 615.7192399289364  + 245.05770490334226  + 352.71595464792966  + 401.0024418287798  + 431.9905093012255  + 469.0457480161636  + 317.02070104129467  + 412.3206983198709  + 646.0676235549411  + 
total node:30/51
-------------------
Traveling energy: 2115.208408973024
Charging energy: 105884.791591027
Total energy used: 108000.00000000001
-------------------
Total time for travel: 2115.208408973024
Total time for charging: 21176.958318205398
Charging round duration: 23292.16672717842
-------------------
ID | p | E0 | time_arrive | E_remain | time_charge | energy_charge| E_after_charge | E_after_cycle
89 | 0.14 | 567.00 | 170.30 | 543.15 | 7388.88 | 36944.41 | 36453.12 | 34132.29
87 | 0.09 | 5628.90 | 7602.75 | 4944.65 | 478.47 | 2392.33 | 7293.92 | 5848.94
60 | 0.13 | 8096.26 | 8101.54 | 7043.06 | 480.50 | 2402.48 | 9383.08 | 7360.99
88 | 0.12 | 1813.16 | 8626.71 | 777.95 | 1980.51 | 9902.54 | 10442.84 | 8819.32
76 | 0.05 | 6477.99 | 10648.97 | 5945.55 | 230.97 | 1154.86 | 7088.86 | 6426.03
50 | 0.06 | 9444.03 | 11012.36 | 8783.29 | 190.12 | 950.59 | 9722.48 | 8946.43
82 | 0.11 | 6461.19 | 11216.08 | 5227.42 | 509.46 | 2547.31 | 7718.69 | 6353.48
59 | 0.06 | 9214.05 | 11886.30 | 8500.88 | 194.86 | 974.32 | 9463.50 | 8740.18
84 | 0.06 | 2976.73 | 12148.81 | 2247.80 | 603.17 | 3015.87 | 5227.48 | 4544.41
63 | 0.07 | 6433.44 | 12790.94 | 5538.07 | 325.60 | 1628.01 | 7143.28 | 6371.89
49 | 0.15 | 10319.11 | 13119.38 | 8351.20 | 434.99 | 2174.95 | 10460.91 | 8873.59
93 | 0.05 | 7904.76 | 13650.40 | 7222.24 | 189.28 | 946.42 | 8159.20 | 7644.35
44 | 0.07 | 9425.21 | 13986.49 | 8446.16 | 222.25 | 1111.24 | 9541.84 | 8846.90
91 | 0.09 | 1891.31 | 14315.44 | 602.92 | 1424.01 | 7120.03 | 7594.78 | 6839.05
67 | 0.10 | 9157.71 | 15795.50 | 7578.16 | 326.77 | 1633.86 | 9179.34 | 8377.92
79 | 0.12 | 6488.88 | 16139.40 | 4552.16 | 553.40 | 2767.02 | 7252.77 | 6359.52
52 | 0.08 | 8345.17 | 16775.72 | 7003.11 | 286.87 | 1434.35 | 8414.52 | 7848.60
85 | 0.11 | 4672.25 | 17193.28 | 2780.99 | 704.53 | 3522.64 | 6226.13 | 5539.87
69 | 0.07 | 8477.99 | 18022.31 | 7216.43 | 247.08 | 1235.40 | 8434.53 | 8023.83
65 | 0.08 | 10268.89 | 18305.81 | 8804.42 | 233.13 | 1165.65 | 9951.42 | 9503.61
80 | 0.08 | 8514.61 | 18576.00 | 7028.53 | 281.16 | 1405.81 | 8411.85 | 7989.50
74 | 0.13 | 6318.18 | 18928.53 | 3857.47 | 615.72 | 3078.60 | 6856.02 | 6259.03
83 | 0.06 | 7326.80 | 19548.69 | 6153.87 | 245.06 | 1225.29 | 7364.46 | 7103.89
72 | 0.07 | 5938.87 | 19800.14 | 4552.87 | 352.72 | 1763.58 | 6291.75 | 6012.90
68 | 0.13 | 9701.25 | 20229.56 | 7071.40 | 401.00 | 2005.01 | 9024.29 | 8568.51
53 | 0.14 | 9698.06 | 20718.47 | 6797.48 | 431.99 | 2159.95 | 8896.95 | 8478.90
78 | 0.10 | 6379.93 | 21250.61 | 4254.87 | 469.05 | 2345.23 | 6553.19 | 6311.51
51 | 0.10 | 9439.38 | 21821.83 | 7257.20 | 317.02 | 1585.10 | 8810.60 | 8610.83
64 | 0.14 | 10160.71 | 22189.22 | 7054.22 | 412.32 | 2061.60 | 9058.10 | 8843.20
71 | 0.14 | 6484.57 | 22605.35 | 3319.82 | 646.07 | 3230.34 | 6459.71 | 6335.80
43 | 0.14 | 8106.44 | 4727.32
45 | 0.14 | 10263.10 | 6883.99
46 | 0.06 | 7991.56 | 6543.36
47 | 0.08 | 7976.02 | 6045.10
48 | 0.13 | 8385.60 | 5247.86
54 | 0.14 | 8205.42 | 4826.30
55 | 0.08 | 8629.14 | 6698.22
56 | 0.12 | 9764.86 | 6868.48
57 | 0.12 | 7828.32 | 4931.93
58 | 0.08 | 8813.07 | 6882.15
61 | 0.11 | 9170.19 | 6515.17
62 | 0.11 | 9211.74 | 6556.72
66 | 0.07 | 8099.44 | 6409.88
70 | 0.05 | 5933.00 | 4726.18
73 | 0.05 | 9739.95 | 8533.12
75 | 0.08 | 6194.30 | 4263.37
77 | 0.11 | 7997.23 | 5342.21
81 | 0.10 | 6301.47 | 3887.81
86 | 0.09 | 5148.89 | 2976.61
90 | 0.08 | 4482.53 | 2551.61
92 | 0.09 | 5821.02 | 3648.74
Vehicle 2
Charging tour: 
97  -> 105  -> 135  -> 132  -> 138  -> 137  -> 101  -> 108  -> 95  -> 110  -> 139  -> 118  -> 115  -> 119  -> 96  -> 122  -> 112  -> 111  -> 134  -> 98  -> 103  -> 
Charging time: 
675.3464784753548  + 743.1203663927837  + 4741.412899835954  + 569.7216632732783  + 2168.2930413324507  + 1787.4633021411148  + 718.0123079325097  + 629.1419260108534  + 576.7488818831615  + 321.01277298943097  + 1588.4002424442126  + 675.4570714607723  + 577.728289322085  + 872.4092258975703  + 476.72025227936905  + 737.6728639022361  + 802.3793067965805  + 652.8381052279011  + 738.6144124865198  + 662.5036714801241  + 568.7999570095176  + 
total node:21/47
-------------------
Traveling energy: 1581.0148071310998
Charging energy: 106418.98519286892
Total energy used: 108000.00000000001
-------------------
Total time for travel: 1581.0148071310998
Total time for charging: 21283.797038573783
Charging round duration: 22864.811845704884
-------------------
ID | p | E0 | time_arrive | E_remain | time_charge | energy_charge| E_after_charge | E_after_cycle
97 | 0.12 | 8318.44 | 132.47 | 8302.55 | 675.35 | 3376.73 | 11598.24 | 8798.79
105 | 0.14 | 8819.75 | 818.93 | 8705.10 | 743.12 | 3715.60 | 12316.67 | 9156.24
135 | 0.12 | 1184.84 | 1597.60 | 993.13 | 4741.41 | 23707.06 | 24131.23 | 21995.52
132 | 0.10 | 8217.22 | 6386.31 | 7578.58 | 569.72 | 2848.61 | 10370.22 | 8652.17
138 | 0.12 | 2590.90 | 7004.69 | 1750.34 | 2168.29 | 10841.47 | 12331.61 | 10535.98
137 | 0.07 | 1833.36 | 9298.21 | 1182.49 | 1787.46 | 8937.32 | 9994.68 | 9081.12
101 | 0.13 | 8476.15 | 11148.55 | 7026.84 | 718.01 | 3590.06 | 10523.56 | 8928.47
108 | 0.13 | 9673.47 | 11871.03 | 8130.23 | 629.14 | 3145.71 | 11194.15 | 9681.43
95 | 0.08 | 6493.68 | 12592.54 | 5486.27 | 576.75 | 2883.74 | 8323.88 | 7446.50
110 | 0.06 | 8750.17 | 13285.13 | 7953.06 | 321.01 | 1605.06 | 9538.86 | 8907.04
139 | 0.09 | 2652.59 | 13707.70 | 1418.90 | 1588.40 | 7942.00 | 9217.94 | 8422.30
118 | 0.12 | 8317.08 | 15428.24 | 6465.69 | 675.46 | 3377.29 | 9761.92 | 8797.98
115 | 0.10 | 8103.33 | 16211.67 | 6482.17 | 577.73 | 2888.64 | 9313.04 | 8578.32
119 | 0.14 | 7512.69 | 16801.58 | 5160.46 | 872.41 | 4362.05 | 9400.37 | 8495.62
96 | 0.10 | 9820.28 | 17730.66 | 8047.21 | 476.72 | 2383.60 | 10383.14 | 9790.23
122 | 0.10 | 6346.34 | 18291.93 | 4517.15 | 737.67 | 3688.36 | 8131.75 | 7621.06
112 | 0.15 | 8751.83 | 19088.49 | 5888.56 | 802.38 | 4011.90 | 9780.10 | 9143.25
111 | 0.14 | 10039.45 | 19909.48 | 7252.12 | 652.84 | 3264.19 | 10424.92 | 9924.53
134 | 0.12 | 7605.90 | 20594.02 | 5134.62 | 738.61 | 3693.07 | 8739.06 | 8402.59
98 | 0.12 | 8479.70 | 21395.60 | 5912.23 | 662.50 | 3312.52 | 9145.24 | 8895.83
103 | 0.10 | 8230.53 | 22108.32 | 6019.70 | 568.80 | 2844.00 | 8806.82 | 8660.88
94 | 0.11 | 7113.09 | 4458.08
99 | 0.11 | 6992.11 | 4337.10
100 | 0.08 | 10311.53 | 8380.61
102 | 0.06 | 10133.64 | 8685.45
104 | 0.13 | 9083.14 | 5945.39
106 | 0.13 | 8496.28 | 5358.53
107 | 0.14 | 7966.00 | 4586.89
109 | 0.15 | 7870.44 | 4249.96
113 | 0.07 | 9199.83 | 7510.28
114 | 0.08 | 7587.79 | 5656.87
116 | 0.15 | 8697.43 | 5076.95
117 | 0.11 | 9805.52 | 7150.50
120 | 0.09 | 7173.83 | 5001.55
121 | 0.07 | 5296.25 | 3606.69
123 | 0.13 | 5136.26 | 1998.51
124 | 0.12 | 5362.60 | 2466.21
125 | 0.07 | 8734.60 | 7045.04
126 | 0.14 | 5601.39 | 2222.28
127 | 0.11 | 5555.97 | 2900.95
128 | 0.12 | 5245.90 | 2349.51
129 | 0.13 | 6039.63 | 2901.88
130 | 0.09 | 7983.66 | 5811.37
131 | 0.09 | 6217.43 | 4045.14
133 | 0.07 | 8466.23 | 6776.68
136 | 0.13 | 3862.85 | 725.10
140 | 0.06 | 3974.16 | 2525.97
Vehicle 3
Charging tour: 
181  -> 173  -> 172  -> 147  -> 166  -> 146  -> 185  -> 184  -> 142  -> 156  -> 153  -> 178  -> 165  -> 171  -> 170  -> 149  -> 155  -> 158  -> 175  -> 174  -> 180  -> 183  -> 
Charging time: 
5224.073540245775  + 1962.2987165921584  + 2120.4370929420365  + 428.76506138873265  + 668.0584844494177  + 454.0997209496155  + 1977.693982312095  + 1099.3524294050417  + 335.45757241652564  + 330.54943377713204  + 459.0469298380183  + 1817.83087216031  + 667.3566527259816  + 417.8454127614519  + 248.24474179780057  + 222.21143686907783  + 404.45655200670836  + 385.4419535710716  + 414.547881931722  + 879.963202591416  + 423.72677447469636  + 350.7377152723613  + 
total node:22/45
-------------------
Traveling energy: 1539.019197604238
Charging energy: 106460.98080239576
Total energy used: 108000.0
-------------------
Total time for travel: 1539.019197604238
Total time for charging: 21292.19616047915
Charging round duration: 22831.215358083387
-------------------
ID | p | E0 | time_arrive | E_remain | time_charge | energy_charge| E_after_charge | E_after_cycle
181 | 0.14 | 971.78 | 60.21 | 963.35 | 5224.07 | 26120.37 | 26352.35 | 23713.04
173 | 0.10 | 1847.93 | 5376.21 | 1310.31 | 1962.30 | 9811.49 | 10925.57 | 9245.77
172 | 0.09 | 1539.10 | 7365.65 | 876.19 | 2120.44 | 10602.19 | 11287.54 | 9969.00
147 | 0.09 | 7611.56 | 9508.66 | 6755.78 | 428.77 | 2143.83 | 8861.02 | 7583.10
166 | 0.14 | 7599.14 | 9977.32 | 6202.31 | 668.06 | 3340.29 | 9449.08 | 7560.31
146 | 0.10 | 7985.45 | 10655.19 | 6919.93 | 454.10 | 2270.50 | 9145.02 | 7842.30
185 | 0.12 | 2200.25 | 11139.93 | 863.46 | 1977.69 | 9888.47 | 10514.61 | 9192.34
184 | 0.09 | 2968.63 | 13143.99 | 1785.67 | 1099.35 | 5496.76 | 7183.49 | 6293.11
142 | 0.09 | 9728.72 | 14287.50 | 8442.84 | 335.46 | 1677.29 | 10089.94 | 9233.72
156 | 0.11 | 12067.21 | 14672.58 | 10453.23 | 330.55 | 1652.75 | 12069.61 | 11064.94
153 | 0.10 | 7899.39 | 15074.68 | 6391.92 | 459.05 | 2295.23 | 8641.25 | 7780.97
178 | 0.13 | 2593.23 | 15619.58 | 562.68 | 1817.83 | 9089.15 | 9415.52 | 8544.63
165 | 0.15 | 8150.49 | 17518.90 | 5522.66 | 667.36 | 3336.78 | 8759.34 | 7866.80
171 | 0.08 | 6942.65 | 18233.58 | 5483.96 | 417.85 | 2089.23 | 7539.76 | 7100.95
170 | 0.06 | 8764.39 | 18718.03 | 7641.31 | 248.24 | 1241.22 | 8867.64 | 8557.43
149 | 0.05 | 8159.33 | 19076.86 | 7205.48 | 222.21 | 1111.06 | 8305.43 | 8063.56
155 | 0.12 | 10758.71 | 19327.64 | 8439.39 | 404.46 | 2022.28 | 10413.14 | 9884.61
158 | 0.10 | 9407.88 | 19810.13 | 7426.87 | 385.44 | 1927.21 | 9315.53 | 8921.44
175 | 0.06 | 5248.40 | 20237.19 | 4034.17 | 414.55 | 2072.74 | 6082.04 | 5872.95
174 | 0.09 | 3708.76 | 20737.53 | 1842.38 | 879.96 | 4399.82 | 6163.00 | 5936.29
180 | 0.05 | 4278.93 | 21764.64 | 3190.69 | 423.73 | 2118.63 | 5288.14 | 5190.73
183 | 0.07 | 7237.13 | 22312.70 | 5675.24 | 350.74 | 1753.69 | 7404.38 | 7301.26
141 | 0.15 | 11523.91 | 7903.43
143 | 0.13 | 8623.44 | 5485.69
144 | 0.05 | 7751.61 | 6544.78
145 | 0.11 | 10306.99 | 7651.97
148 | 0.13 | 13841.60 | 10703.85
150 | 0.13 | 10906.27 | 7768.52
151 | 0.06 | 9933.50 | 8485.31
152 | 0.10 | 8361.14 | 5947.49
154 | 0.12 | 14047.66 | 11151.28
157 | 0.08 | 7302.86 | 5371.94
159 | 0.07 | 8196.44 | 6506.88
160 | 0.11 | 10450.54 | 7795.52
161 | 0.10 | 7256.11 | 4842.46
162 | 0.14 | 7673.68 | 4294.57
163 | 0.07 | 9242.38 | 7552.82
164 | 0.10 | 7481.90 | 5068.25
167 | 0.07 | 9141.99 | 7452.43
168 | 0.08 | 7460.44 | 5529.51
169 | 0.14 | 8272.21 | 4893.10
176 | 0.10 | 3149.03 | 735.37
177 | 0.09 | 5724.23 | 3551.95
179 | 0.07 | 5328.23 | 3638.68
182 | 0.12 | 4979.53 | 2083.15
Vehicle 4
Charging tour: 
225  -> 241  -> 214  -> 199  -> 235  -> 222  -> 230  -> 238  -> 217  -> 239  -> 219  -> 220  -> 227  -> 189  -> 190  -> 198  -> 210  -> 212  -> 228  -> 204  -> 218  -> 193  -> 188  -> 206  -> 216  -> 236  -> 187  -> 232  -> 229  -> 203  -> 209  -> 234  -> 233  -> 208  -> 202  -> 221  -> 194  -> 197  -> 
Charging time: 
216.5651427480582  + 3794.3819219127013  + 362.0715161320353  + 383.483892398212  + 2176.3316528327455  + 383.16562110309394  + 667.8971102109177  + 1733.607428069888  + 362.3846142465434  + 1405.9047646847337  + 351.928029517374  + 294.82041080432884  + 404.6433636264451  + 121.67785224326535  + 387.63503923147584  + 239.2905366835937  + 333.84262951602597  + 294.1382139597546  + 210.00370158455473  + 418.4494597471301  + 304.3041075321917  + 225.12489374781939  + 450.38992399628665  + 186.3943659912337  + 175.54419303962212  + 332.1680011883235  + 332.280101177656  + 534.727531305946  + 367.5809923249715  + 272.03527491389997  + 181.3418578254797  + 641.4300804566354  + 346.60474111216524  + 417.6198448234832  + 435.0023552769216  + 624.7021815706395  + 363.34361936704966  + 359.16649519307396  + 
total node:38/60
-------------------
Traveling energy: 2540.082689518612
Charging energy: 105459.91731048137
Total energy used: 107999.99999999999
-------------------
Total time for travel: 2540.082689518612
Total time for charging: 21091.983462096272
Charging round duration: 23632.066151614883
-------------------
ID | p | E0 | time_arrive | E_remain | time_charge | energy_charge| E_after_charge | E_after_cycle
225 | 0.05 | 5728.23 | 76.23 | 5724.42 | 216.57 | 1082.83 | 6796.41 | 5604.23
241 | 0.15 | 980.82 | 409.26 | 919.43 | 3794.38 | 18971.91 | 19322.18 | 16332.25
214 | 0.13 | 8908.16 | 4221.96 | 8359.30 | 362.07 | 1810.36 | 10122.59 | 7580.76
199 | 0.14 | 9057.74 | 4641.81 | 8407.88 | 383.48 | 1917.42 | 10271.62 | 7596.04
235 | 0.10 | 1140.02 | 5076.09 | 632.41 | 2176.33 | 10881.66 | 11296.44 | 9608.03
222 | 0.11 | 7122.70 | 7342.97 | 6314.98 | 383.17 | 1915.83 | 8188.66 | 6383.51
230 | 0.13 | 4829.17 | 7763.78 | 3819.88 | 667.90 | 3339.49 | 7072.54 | 5030.91
238 | 0.14 | 2003.62 | 8457.50 | 819.57 | 1733.61 | 8668.04 | 9244.90 | 7292.55
217 | 0.12 | 8215.81 | 10243.85 | 6986.55 | 362.38 | 1811.92 | 8754.98 | 7131.35
239 | 0.08 | 1411.80 | 10665.27 | 558.58 | 1405.90 | 7029.52 | 7475.63 | 6510.40
219 | 0.10 | 7049.93 | 12145.89 | 5835.34 | 351.93 | 1759.64 | 7559.79 | 6395.92
220 | 0.10 | 8415.53 | 12518.79 | 7163.65 | 294.82 | 1474.10 | 8608.27 | 7475.97
227 | 0.12 | 7357.79 | 12887.90 | 5811.25 | 404.64 | 2023.22 | 7785.91 | 6484.63
189 | 0.05 | 10195.24 | 13344.28 | 9528.02 | 121.68 | 608.39 | 10130.33 | 9596.80
190 | 0.14 | 8960.74 | 13536.59 | 7065.62 | 387.64 | 1938.18 | 8949.52 | 7519.80
198 | 0.07 | 7257.91 | 13979.47 | 6279.34 | 239.29 | 1196.45 | 7459.04 | 6764.80
210 | 0.11 | 8175.04 | 14232.94 | 6609.41 | 333.84 | 1669.21 | 8241.90 | 7189.23
212 | 0.09 | 7591.54 | 14631.15 | 6274.74 | 294.14 | 1470.69 | 7718.95 | 6889.94
228 | 0.07 | 8270.08 | 15021.37 | 7218.59 | 210.00 | 1050.02 | 8253.91 | 7630.54
204 | 0.14 | 8300.87 | 15313.42 | 6156.99 | 418.45 | 2092.25 | 8190.66 | 7014.01
218 | 0.10 | 8153.25 | 15758.27 | 6577.43 | 304.30 | 1521.52 | 8068.52 | 7261.12
193 | 0.08 | 8816.68 | 16142.31 | 7525.30 | 225.12 | 1125.62 | 8632.91 | 8011.39
188 | 0.14 | 7712.20 | 16412.89 | 5414.39 | 450.39 | 2251.95 | 7603.29 | 6585.03
206 | 0.06 | 7986.51 | 16982.78 | 6967.55 | 186.39 | 931.97 | 7888.34 | 7470.29
216 | 0.07 | 9893.51 | 17276.76 | 8684.14 | 175.54 | 877.72 | 9549.57 | 9081.67
236 | 0.08 | 5975.45 | 17497.08 | 4575.69 | 332.17 | 1660.84 | 6209.96 | 5705.37
187 | 0.09 | 6720.12 | 17922.20 | 5107.12 | 332.28 | 1661.40 | 6738.62 | 6209.23
232 | 0.13 | 6031.84 | 18391.53 | 3640.94 | 534.73 | 2673.64 | 6245.06 | 5567.73
229 | 0.10 | 6749.72 | 18967.70 | 4852.95 | 367.58 | 1837.90 | 6654.10 | 6173.97
203 | 0.07 | 6384.28 | 19381.64 | 5027.56 | 272.04 | 1360.18 | 6368.69 | 6054.89
209 | 0.07 | 9577.20 | 19717.63 | 8196.97 | 181.34 | 906.71 | 9090.99 | 8794.36
234 | 0.12 | 4641.63 | 19998.56 | 2241.80 | 641.43 | 3207.15 | 5371.98 | 4952.40
233 | 0.09 | 6442.39 | 20676.96 | 4581.46 | 346.60 | 1733.02 | 6283.29 | 6003.12
208 | 0.13 | 7723.27 | 21047.64 | 4987.07 | 417.62 | 2088.10 | 7020.88 | 6673.62
202 | 0.15 | 8555.36 | 21487.20 | 5332.28 | 435.00 | 2175.01 | 7442.04 | 7109.90
221 | 0.12 | 4765.92 | 21988.92 | 2127.25 | 624.70 | 3123.51 | 5175.80 | 4993.05
194 | 0.12 | 8194.12 | 22654.58 | 5475.57 | 363.34 | 1816.72 | 7248.69 | 7114.46
197 | 0.12 | 8289.42 | 23073.67 | 5520.58 | 359.17 | 1795.83 | 7273.31 | 7188.87
186 | 0.10 | 7967.16 | 5553.51
191 | 0.08 | 6493.76 | 4562.83
192 | 0.09 | 8569.50 | 6397.21
195 | 0.05 | 5483.26 | 4276.44
196 | 0.07 | 8463.56 | 6774.00
200 | 0.06 | 8645.29 | 7197.10
201 | 0.14 | 7703.05 | 4323.94
205 | 0.09 | 6950.20 | 4777.91
207 | 0.07 | 9152.64 | 7463.09
211 | 0.13 | 9309.11 | 6171.36
213 | 0.14 | 8546.00 | 5166.88
215 | 0.12 | 8124.95 | 5228.57
223 | 0.10 | 4738.60 | 2324.95
224 | 0.12 | 6042.41 | 3146.02
226 | 0.08 | 8058.44 | 6127.52
231 | 0.06 | 6783.49 | 5335.29
237 | 0.09 | 4633.53 | 2461.24
240 | 0.14 | 4016.02 | 636.90
242 | 0.08 | 6022.80 | 4091.87
243 | 0.10 | 4760.39 | 2346.73
244 | 0.06 | 7782.99 | 6334.80
245 | 0.10 | 5876.96 | 3463.31
Vehicle 5
Charging tour: 
258  -> 257  -> 283  -> 264  -> 276  -> 280  -> 289  -> 268  -> 287  -> 288  -> 249  -> 260  -> 266  -> 262  -> 281  -> 247  -> 274  -> 252  -> 261  -> 250  -> 269  -> 
Charging time: 
400.12665958273675  + 586.2567940142914  + 3133.6549956660074  + 534.2302875269044  + 982.548987101152  + 786.1945600008662  + 2418.0413883469614  + 552.2990541007007  + 3348.4622606169874  + 2285.5127925007673  + 479.1615469467421  + 497.78491940475425  + 640.8990375956405  + 354.612158036859  + 909.0871336221279  + 514.4234600849857  + 731.7245110269673  + 611.5658676108258  + 435.26230319413236  + 588.786567240394  + 549.9496671503399  + 
total node:21/44
-------------------
Traveling energy: 1297.0752431443195
Charging energy: 106702.92475685572
Total energy used: 108000.00000000004
-------------------
Total time for travel: 1297.0752431443195
Total time for charging: 21340.584951371144
Charging round duration: 22637.66019451546
-------------------
ID | p | E0 | time_arrive | E_remain | time_charge | energy_charge| E_after_charge | E_after_cycle
258 | 0.08 | 9499.10 | 70.92 | 9493.43 | 400.13 | 2000.63 | 11462.05 | 9568.82
257 | 0.15 | 12156.08 | 557.91 | 12072.39 | 586.26 | 2931.28 | 14915.74 | 11466.88
283 | 0.13 | 1970.98 | 1178.89 | 1817.72 | 3133.65 | 15668.27 | 17078.62 | 14501.51
264 | 0.12 | 10671.93 | 4335.30 | 10151.69 | 534.23 | 2671.15 | 12758.74 | 10446.70
276 | 0.14 | 6769.62 | 4924.77 | 6080.15 | 982.55 | 4912.74 | 10855.34 | 8303.25
280 | 0.11 | 6647.42 | 5992.65 | 5988.22 | 786.19 | 3930.97 | 9832.72 | 7923.37
289 | 0.09 | 1768.35 | 6837.28 | 1153.00 | 2418.04 | 12090.21 | 13025.58 | 11686.27
268 | 0.10 | 8602.33 | 9357.88 | 7666.54 | 552.30 | 2761.50 | 10372.80 | 8950.17
287 | 0.14 | 1986.43 | 10055.71 | 578.63 | 3348.46 | 16742.31 | 16852.16 | 15349.62
288 | 0.14 | 2910.28 | 13461.38 | 1025.69 | 2285.51 | 11427.56 | 12133.28 | 10958.73
249 | 0.15 | 14873.03 | 15817.11 | 12500.46 | 479.16 | 2395.81 | 14824.40 | 13648.36
260 | 0.07 | 6681.08 | 16342.58 | 5537.10 | 497.78 | 2488.92 | 7991.18 | 7480.44
266 | 0.15 | 11119.67 | 16893.77 | 8585.60 | 640.90 | 3204.50 | 11693.96 | 10703.68
262 | 0.08 | 10718.32 | 17568.24 | 9312.86 | 354.61 | 1773.06 | 11057.55 | 10560.45
281 | 0.13 | 6794.04 | 17960.63 | 4459.16 | 909.09 | 4545.44 | 8886.41 | 8201.73
247 | 0.09 | 8312.12 | 18920.75 | 6609.25 | 514.42 | 2572.12 | 9135.07 | 8711.95
274 | 0.10 | 6492.96 | 19443.02 | 4548.66 | 731.72 | 3658.62 | 8134.11 | 7737.93
252 | 0.13 | 10099.28 | 20212.61 | 7471.64 | 611.57 | 3057.83 | 10449.96 | 10019.36
261 | 0.08 | 8732.31 | 20884.62 | 7061.54 | 435.26 | 2176.31 | 9203.03 | 8977.70
250 | 0.12 | 9683.08 | 21408.54 | 7114.05 | 588.79 | 2943.93 | 9987.33 | 9730.63
269 | 0.08 | 6911.26 | 22027.16 | 5149.09 | 549.95 | 2749.75 | 7854.84 | 7730.09
246 | 0.15 | 10167.38 | 6546.90
248 | 0.14 | 10768.98 | 7389.86
251 | 0.10 | 7544.03 | 5130.37
253 | 0.12 | 10268.18 | 7371.79
254 | 0.10 | 7542.48 | 5128.83
255 | 0.10 | 7750.17 | 5336.52
256 | 0.06 | 8830.29 | 7382.10
259 | 0.08 | 7226.08 | 5295.16
263 | 0.11 | 8018.02 | 5363.00
265 | 0.15 | 9891.88 | 6271.41
267 | 0.10 | 10619.53 | 8205.88
270 | 0.14 | 6647.22 | 3268.10
271 | 0.14 | 6541.86 | 3162.75
272 | 0.08 | 6871.93 | 4941.00
273 | 0.05 | 9345.14 | 8138.31
275 | 0.15 | 7615.09 | 3994.61
277 | 0.07 | 6925.10 | 5235.55
278 | 0.09 | 7832.00 | 5659.71
279 | 0.08 | 6188.02 | 4257.10
282 | 0.10 | 5667.98 | 3254.33
284 | 0.07 | 7406.44 | 5716.88
285 | 0.06 | 7102.47 | 5654.27
286 | 0.07 | 5421.49 | 3731.93
Vehicle 6
Charging tour: 
337  -> 295  -> 308  -> 313  -> 338  -> 292  -> 334  -> 336  -> 326  -> 322  -> 335  -> 311  -> 290  -> 331  -> 294  -> 291  -> 332  -> 321  -> 307  -> 315  -> 318  -> 293  -> 316  -> 329  -> 327  -> 312  -> 324  -> 339  -> 296  -> 302  -> 297  -> 305  -> 301  -> 320  -> 
Charging time: 
2965.861316058979  + 166.29848380581365  + 301.1142010076802  + 241.38925198038697  + 1785.1073093244622  + 146.2679227756558  + 1102.0014179526008  + 1290.539570157322  + 0  + 450.6903539523509  + 158.54557991284804  + 190.26176149279593  + 239.26758748624803  + 780.0137404828586  + 226.4886649507985  + 220.8700331655219  + 175.2407866497227  + 351.1097572011665  + 204.1978521859956  + 166.38296652867783  + 251.14177582749946  + 290.3086661435653  + 145.8071257553323  + 384.331684023474  + 989.2593849067244  + 272.7108000132434  + 0  + 640.3122077482719  + 143.49513317431766  + 217.99110380759  + 177.11354580341106  + 191.20756270799384  + 114.06767823164847  + 242.51999520338978  + 
total node:34/51
-------------------
Traveling energy: 2427.058673334654
Charging energy: 76109.57610209174
Total energy used: 78536.6347754264
-------------------
Total time for travel: 2427.058673334654
Total time for charging: 15221.915220418348
Charging round duration: 17648.973893753002
-------------------
ID | p | E0 | time_arrive | E_remain | time_charge | energy_charge| E_after_charge | E_after_cycle
337 | 0.11 | 673.16 | 121.20 | 659.82 | 2965.86 | 14829.31 | 15162.89 | 12847.45
295 | 0.09 | 9822.65 | 3119.43 | 9541.90 | 166.30 | 831.49 | 10358.43 | 8481.85
308 | 0.13 | 7835.86 | 3416.63 | 7391.70 | 301.11 | 1505.57 | 8858.12 | 6203.68
313 | 0.11 | 8270.83 | 3774.11 | 7855.68 | 241.39 | 1206.95 | 9036.07 | 6822.76
338 | 0.11 | 1118.41 | 4094.28 | 668.04 | 1785.11 | 8925.54 | 9397.22 | 7388.93
292 | 0.08 | 9926.94 | 5937.42 | 9451.94 | 146.27 | 731.34 | 10171.58 | 8727.36
334 | 0.14 | 2305.79 | 6156.61 | 1443.87 | 1102.00 | 5510.01 | 6799.59 | 4436.69
336 | 0.09 | 1265.74 | 7298.69 | 608.86 | 1290.54 | 6452.70 | 6945.41 | 5546.15
[91m326 | 0.10 | 634.94 | 8678.82 | -232.94 | 0.00 | 0.00 | -232.94 | -1778.71[00m
322 | 0.09 | 3624.42 | 8738.24 | 2837.98 | 450.69 | 2253.45 | 5050.87 | 3705.59
335 | 0.05 | 5723.88 | 9220.85 | 5262.83 | 158.55 | 792.73 | 6047.63 | 5309.78
311 | 0.08 | 7631.55 | 9488.11 | 6872.50 | 190.26 | 951.31 | 7808.59 | 6651.94
290 | 0.15 | 11378.42 | 9728.48 | 9919.14 | 239.27 | 1196.34 | 11079.59 | 8954.27
331 | 0.13 | 3024.93 | 10064.12 | 1716.59 | 780.01 | 3900.07 | 5515.26 | 3787.25
294 | 0.14 | 11219.05 | 10956.91 | 9685.08 | 226.49 | 1132.44 | 10785.81 | 8972.38
291 | 0.12 | 9860.95 | 11226.20 | 8513.81 | 220.87 | 1104.35 | 9591.65 | 8068.92
332 | 0.07 | 7249.99 | 11468.10 | 6447.22 | 175.24 | 876.20 | 7311.16 | 6436.63
321 | 0.07 | 3618.51 | 11687.84 | 2800.36 | 351.11 | 1755.55 | 4531.33 | 3684.50
307 | 0.07 | 6221.87 | 12128.89 | 5372.85 | 204.20 | 1020.99 | 6379.55 | 5553.31
315 | 0.08 | 8726.81 | 12364.09 | 7737.68 | 166.38 | 831.91 | 8556.29 | 7627.80
318 | 0.13 | 9395.04 | 12660.49 | 7749.18 | 251.14 | 1255.71 | 8972.24 | 7513.00
293 | 0.14 | 8752.71 | 12992.97 | 6933.69 | 290.31 | 1451.54 | 8344.59 | 6825.14
316 | 0.06 | 7468.73 | 13334.65 | 6668.65 | 145.81 | 729.04 | 7388.94 | 6749.58
329 | 0.07 | 3305.72 | 13502.10 | 2360.57 | 384.33 | 1921.66 | 4255.33 | 3537.82
327 | 0.15 | 2752.04 | 13920.29 | 664.00 | 989.26 | 4946.30 | 5461.91 | 4077.86
312 | 0.13 | 8651.98 | 14945.69 | 6709.04 | 272.71 | 1363.55 | 8037.14 | 6877.78
[91m324 | 0.14 | 837.46 | 15304.93 | -1305.23 | 0.00 | 0.00 | -1305.23 | -2541.65[00m
339 | 0.11 | 3117.99 | 15340.18 | 1430.57 | 640.31 | 3201.56 | 4561.70 | 3664.54
296 | 0.08 | 10118.76 | 16053.97 | 8834.44 | 143.50 | 717.48 | 9540.44 | 8905.31
302 | 0.15 | 12488.98 | 16288.89 | 10045.64 | 217.99 | 1089.96 | 11102.90 | 9958.45
297 | 0.10 | 10247.61 | 16536.21 | 8593.99 | 177.11 | 885.57 | 9461.85 | 8719.53
305 | 0.11 | 10441.48 | 16835.83 | 8589.54 | 191.21 | 956.04 | 9524.54 | 8742.50
301 | 0.06 | 9546.91 | 17126.88 | 8519.30 | 114.07 | 570.34 | 9082.80 | 8669.06
320 | 0.08 | 5987.10 | 17263.71 | 4606.01 | 242.52 | 1212.60 | 5799.21 | 5268.78
298 | 0.11 | 10441.11 | 7786.09
299 | 0.13 | 9045.21 | 5907.46
300 | 0.10 | 7127.08 | 4713.43
303 | 0.14 | 11907.92 | 8528.81
304 | 0.11 | 8059.13 | 5404.11
306 | 0.10 | 11512.44 | 9098.78
309 | 0.11 | 7447.10 | 4792.08
310 | 0.11 | 8238.19 | 5583.17
314 | 0.11 | 9244.84 | 6589.83
317 | 0.11 | 9136.20 | 6481.18
319 | 0.08 | 8721.94 | 6791.02
323 | 0.08 | 5684.82 | 3753.90
325 | 0.09 | 4050.28 | 1877.99
328 | 0.07 | 6215.72 | 4526.17
330 | 0.11 | 4445.41 | 1790.39
333 | 0.05 | 3016.52 | 1809.69
340 | 0.06 | 6267.43 | 4819.24
Vehicle 7
Charging tour: 
385  -> 357  -> 391  -> 343  -> 344  -> 373  -> 349  -> 381  -> 352  -> 375  -> 372  -> 380  -> 369  -> 378  -> 351  -> 379  -> 366  -> 390  -> 359  -> 354  -> 363  -> 345  -> 
Charging time: 
385.4960250579349  + 419.33016165130454  + 7336.808369985505  + 645.3347838368267  + 318.26608598253017  + 832.6755284343511  + 437.79679592116923  + 670.8917380185414  + 620.6835661132203  + 998.8507541969378  + 1187.9462477065806  + 1164.097903531081  + 925.0827853642638  + 633.0197459006926  + 629.9446773557015  + 463.466082710392  + 550.9676519484832  + 1090.3219086962615  + 681.3972337859678  + 492.73297666518033  + 281.4567332434372  + 571.4681119826713  + 
total node:22/51
-------------------
Traveling energy: 1309.8206595548363
Charging energy: 106690.17934044517
Total energy used: 108000.00000000001
-------------------
Total time for travel: 1309.8206595548363
Total time for charging: 21338.035868089035
Charging round duration: 22647.85652764387
-------------------
ID | p | E0 | time_arrive | E_remain | time_charge | energy_charge| E_after_charge | E_after_cycle
385 | 0.06 | 6476.40 | 41.66 | 6473.90 | 385.50 | 1927.48 | 8378.25 | 6955.69
357 | 0.06 | 5953.84 | 573.48 | 5919.43 | 419.33 | 2096.65 | 7990.93 | 6602.30
391 | 0.14 | 794.00 | 1091.81 | 641.15 | 7336.81 | 36684.04 | 36298.04 | 34098.93
343 | 0.14 | 9027.04 | 8493.27 | 7837.98 | 645.33 | 3226.67 | 10974.31 | 8874.60
344 | 0.08 | 10459.28 | 9228.02 | 9721.04 | 318.27 | 1591.33 | 11286.91 | 10119.69
373 | 0.11 | 5496.92 | 9563.69 | 4444.91 | 832.68 | 4163.38 | 8516.69 | 7005.28
349 | 0.15 | 14256.76 | 10432.97 | 12691.82 | 437.80 | 2188.98 | 14815.13 | 12825.27
381 | 0.12 | 7442.71 | 10883.31 | 6136.71 | 670.89 | 3354.46 | 9410.66 | 7900.78
352 | 0.15 | 10055.95 | 11561.94 | 8321.66 | 620.68 | 3103.42 | 11331.98 | 9538.89
375 | 0.14 | 5832.16 | 12212.16 | 4122.46 | 998.85 | 4994.25 | 8976.88 | 7447.30
372 | 0.15 | 5254.08 | 13305.17 | 3258.31 | 1187.95 | 5939.73 | 9019.84 | 7573.33
380 | 0.15 | 5361.72 | 14596.11 | 3172.30 | 1164.10 | 5820.49 | 8818.18 | 7561.73
369 | 0.12 | 5397.63 | 15792.11 | 3502.58 | 925.08 | 4625.41 | 8016.98 | 7126.66
378 | 0.11 | 7230.66 | 16734.23 | 5389.89 | 633.02 | 3165.10 | 8485.36 | 7740.74
351 | 0.11 | 7265.95 | 17436.32 | 5347.96 | 629.94 | 3149.72 | 8428.39 | 7760.66
379 | 0.08 | 7182.48 | 18147.51 | 5730.68 | 463.47 | 2317.33 | 8010.93 | 7568.89
366 | 0.10 | 7552.25 | 18653.54 | 5686.89 | 550.97 | 2754.84 | 8386.63 | 7893.43
390 | 0.12 | 4579.61 | 19220.34 | 2273.17 | 1090.32 | 5451.61 | 7593.94 | 7134.84
359 | 0.12 | 7327.96 | 20341.46 | 4886.99 | 681.40 | 3406.99 | 8212.20 | 7838.56
354 | 0.08 | 6755.86 | 21092.98 | 5068.42 | 492.73 | 2463.66 | 7492.67 | 7288.60
363 | 0.05 | 7391.98 | 21654.76 | 6309.24 | 281.46 | 1407.28 | 7702.45 | 7592.43
345 | 0.11 | 8009.46 | 22027.01 | 5586.48 | 571.47 | 2857.34 | 8380.96 | 8211.78
341 | 0.06 | 8156.98 | 6708.79
342 | 0.06 | 8494.40 | 7046.20
346 | 0.14 | 9085.43 | 5706.31
347 | 0.08 | 6382.38 | 4451.46
348 | 0.09 | 7933.51 | 5761.22
350 | 0.10 | 8977.79 | 6564.14
353 | 0.08 | 7716.00 | 5785.08
355 | 0.10 | 8168.92 | 5755.27
356 | 0.14 | 7789.19 | 4410.07
358 | 0.13 | 7637.87 | 4500.13
360 | 0.08 | 8068.63 | 6137.71
361 | 0.07 | 6193.15 | 4503.59
362 | 0.10 | 9360.29 | 6946.64
364 | 0.09 | 6999.89 | 4827.60
365 | 0.15 | 8908.32 | 5287.84
367 | 0.13 | 8689.35 | 5551.60
368 | 0.06 | 5523.15 | 4074.96
370 | 0.12 | 6328.11 | 3431.72
371 | 0.06 | 8786.09 | 7337.90
374 | 0.07 | 5382.47 | 3692.92
376 | 0.10 | 6643.50 | 4229.85
377 | 0.10 | 5939.95 | 3526.29
382 | 0.10 | 8211.98 | 5798.33
383 | 0.14 | 5495.73 | 2116.61
384 | 0.09 | 4494.04 | 2321.76
386 | 0.06 | 4675.01 | 3226.82
387 | 0.06 | 2796.67 | 1348.48
388 | 0.07 | 6091.60 | 4402.04
389 | 0.07 | 5780.42 | 4090.86
Vehicle 8
Charging tour: 
412  -> 400  -> 397  -> 392  -> 422  -> 432  -> 437  -> 410  -> 395  -> 429  -> 420  -> 421  -> 428  -> 436  -> 431  -> 398  -> 435  -> 433  -> 419  -> 393  -> 402  -> 424  -> 430  -> 414  -> 418  -> 425  -> 401  -> 
Charging time: 
250.35224958756174  + 449.53140557344335  + 442.18530970636556  + 647.3836404624606  + 171.32479844503058  + 755.2582496354627  + 4431.6276908387035  + 360.80261643843187  + 569.6836555766357  + 2335.099358854026  + 319.416128704663  + 425.17106347182806  + 1889.2616977268958  + 779.0059703622977  + 1295.8998442464585  + 386.5584405994834  + 1393.6507949627896  + 1166.184509783645  + 377.70331355810606  + 349.7633499476005  + 269.4162251928833  + 376.1340605361866  + 600.5899317736363  + 405.1660933119872  + 267.0862017327107  + 223.89951380304691  + 298.82200652947756  + 
total node:27/46
-------------------
Traveling energy: 1815.109393190903
Charging energy: 106184.89060680906
Total energy used: 107999.99999999996
-------------------
Total time for travel: 1815.109393190903
Total time for charging: 21236.97812136181
Charging round duration: 23052.087514552713
-------------------
ID | p | E0 | time_arrive | E_remain | time_charge | energy_charge| E_after_charge | E_after_cycle
412 | 0.07 | 10107.58 | 187.38 | 10094.46 | 250.35 | 1251.76 | 11328.70 | 9669.78
400 | 0.07 | 5629.09 | 453.08 | 5597.38 | 449.53 | 2247.66 | 7813.57 | 6187.19
397 | 0.10 | 8175.16 | 976.29 | 8077.53 | 442.19 | 2210.93 | 10244.24 | 7972.43
392 | 0.12 | 6700.70 | 1481.21 | 6522.95 | 647.38 | 3236.92 | 9682.19 | 7041.23
422 | 0.05 | 10549.95 | 2180.22 | 10440.94 | 171.32 | 856.62 | 11289.00 | 10199.75
432 | 0.10 | 4786.36 | 2375.59 | 4548.80 | 755.26 | 3776.29 | 8249.56 | 6149.00
437 | 0.15 | 1223.57 | 3196.98 | 744.02 | 4431.63 | 22158.14 | 22237.42 | 19761.23
410 | 0.08 | 8015.32 | 7702.33 | 7399.13 | 360.80 | 1804.01 | 9174.28 | 7888.41
395 | 0.12 | 7614.62 | 8163.55 | 6634.99 | 569.68 | 2848.42 | 9415.05 | 7566.65
429 | 0.10 | 1548.09 | 8816.50 | 666.44 | 2335.10 | 11675.50 | 12108.42 | 10809.93
420 | 0.08 | 9053.86 | 11211.69 | 8156.92 | 319.42 | 1597.08 | 9728.45 | 8720.02
421 | 0.12 | 10202.77 | 11565.23 | 8814.94 | 425.17 | 2125.86 | 10889.78 | 9432.24
428 | 0.08 | 1530.73 | 12144.46 | 559.17 | 1889.26 | 9446.31 | 9854.34 | 9046.12
436 | 0.11 | 5104.49 | 14215.66 | 3540.77 | 779.01 | 3895.03 | 7350.11 | 6344.50
431 | 0.12 | 3347.42 | 15027.17 | 1544.16 | 1295.90 | 6479.50 | 7868.15 | 6930.54
398 | 0.15 | 14027.38 | 16345.39 | 11575.57 | 386.56 | 1932.79 | 13450.38 | 12339.70
435 | 0.14 | 3631.40 | 16740.19 | 1287.78 | 1393.65 | 6968.25 | 8060.92 | 7220.54
433 | 0.07 | 2169.86 | 18148.54 | 899.46 | 1166.18 | 5830.92 | 6648.75 | 6311.22
419 | 0.10 | 9570.83 | 19365.18 | 7634.32 | 377.70 | 1888.52 | 9485.06 | 9045.70
393 | 0.06 | 6201.23 | 19763.08 | 5015.44 | 349.76 | 1748.82 | 6743.27 | 6501.85
402 | 0.09 | 12075.90 | 20176.30 | 10260.03 | 269.42 | 1347.08 | 11582.86 | 11250.69
424 | 0.10 | 9610.76 | 20450.52 | 7565.71 | 376.13 | 1880.67 | 9408.77 | 9077.78
430 | 0.05 | 3009.49 | 20865.62 | 1966.21 | 600.59 | 3002.95 | 4939.13 | 4805.61
414 | 0.14 | 12490.95 | 21485.10 | 9483.04 | 405.17 | 2025.83 | 11452.14 | 11137.67
418 | 0.07 | 9474.30 | 21956.95 | 7937.31 | 267.09 | 1335.43 | 9254.05 | 9120.17
425 | 0.06 | 9687.21 | 22258.91 | 8351.67 | 223.90 | 1119.50 | 9457.74 | 9358.51
401 | 0.09 | 10887.56 | 22585.84 | 8854.83 | 298.82 | 1494.11 | 10322.05 | 10209.38
394 | 0.12 | 12115.30 | 9218.92
396 | 0.12 | 6705.30 | 3808.92
399 | 0.11 | 6756.30 | 4101.28
403 | 0.14 | 9655.35 | 6276.23
404 | 0.12 | 7209.58 | 4313.20
405 | 0.12 | 6774.97 | 3878.58
406 | 0.11 | 7856.13 | 5201.12
407 | 0.10 | 11592.97 | 9179.32
408 | 0.10 | 6329.08 | 3915.43
409 | 0.14 | 6976.32 | 3597.20
411 | 0.14 | 7252.78 | 3873.66
413 | 0.10 | 6700.41 | 4286.76
415 | 0.14 | 7020.10 | 3640.98
416 | 0.08 | 10742.66 | 8811.73
417 | 0.09 | 11061.87 | 8889.58
423 | 0.11 | 10018.16 | 7363.14
426 | 0.11 | 9942.32 | 7287.30
427 | 0.07 | 9244.25 | 7554.69
434 | 0.10 | 4250.91 | 1837.26
Vehicle 9
Charging tour: 
468  -> 479  -> 482  -> 464  -> 486  -> 447  -> 488  -> 470  -> 449  -> 451  -> 475  -> 457  -> 489  -> 439  -> 452  -> 474  -> 481  -> 459  -> 462  -> 473  -> 471  -> 442  -> 478  -> 460  -> 463  -> 453  -> 456  -> 454  -> 
Charging time: 
333.8479849961652  + 483.43018917057145  + 1174.167096479861  + 510.64609375616544  + 3517.015532122591  + 329.935474096102  + 1649.767438824286  + 344.3313822140576  + 401.33827892021753  + 424.9068047604039  + 302.4626015628427  + 468.7741190288318  + 1970.0070183611308  + 549.2629284067108  + 293.39505686368625  + 1108.2002890688277  + 1677.1186479048351  + 571.7588697797917  + 702.7536416353396  + 590.2941234150578  + 407.80471202691837  + 450.8110236707423  + 738.6218991048023  + 541.480075757357  + 354.0054599885126  + 501.91800246165036  + 310.1242751303241  + 465.5438128140524  + 
total node:28/53
-------------------
Traveling energy: 2131.3858383908364
Charging energy: 105868.61416160916
Total energy used: 108000.0
-------------------
Total time for travel: 2131.3858383908364
Total time for charging: 21173.722832321833
Charging round duration: 23305.10867071267
-------------------
ID | p | E0 | time_arrive | E_remain | time_charge | energy_charge| E_after_charge | E_after_cycle
468 | 0.08 | 8682.97 | 170.19 | 8669.36 | 333.85 | 1669.24 | 10311.89 | 8421.29
479 | 0.09 | 6745.84 | 527.54 | 6698.36 | 483.43 | 2417.15 | 9072.00 | 6990.70
482 | 0.10 | 3086.01 | 1186.82 | 2967.33 | 1174.17 | 5870.84 | 8720.75 | 6543.19
464 | 0.09 | 6386.31 | 2439.62 | 6166.74 | 510.65 | 2553.23 | 8674.01 | 6767.25
486 | 0.10 | 1030.27 | 3031.99 | 727.08 | 3517.02 | 17585.08 | 17960.45 | 16201.70
447 | 0.13 | 14277.15 | 6592.58 | 13420.12 | 329.94 | 1649.68 | 15026.90 | 12789.08
488 | 0.09 | 1976.73 | 7037.08 | 1343.39 | 1649.77 | 8248.84 | 9443.75 | 8053.28
470 | 0.07 | 7366.29 | 8768.53 | 6752.49 | 344.33 | 1721.66 | 8450.05 | 7398.39
449 | 0.09 | 8125.67 | 9183.82 | 7299.13 | 401.34 | 2006.69 | 9269.70 | 7960.07
451 | 0.10 | 8527.73 | 9634.74 | 7564.26 | 424.91 | 2124.53 | 9646.30 | 8238.61
475 | 0.07 | 8385.98 | 10208.56 | 7671.38 | 302.46 | 1512.31 | 9162.52 | 8208.73
457 | 0.10 | 7729.72 | 10559.25 | 6673.79 | 468.77 | 2343.87 | 8970.79 | 7659.94
489 | 0.15 | 2758.99 | 11067.20 | 1098.91 | 1970.01 | 9850.04 | 10653.45 | 8988.55
439 | 0.15 | 9895.51 | 13092.93 | 7931.57 | 549.26 | 2746.31 | 10595.50 | 9021.35
452 | 0.07 | 8645.15 | 13679.43 | 7687.59 | 293.40 | 1466.98 | 9134.03 | 8422.57
474 | 0.15 | 4904.56 | 14003.56 | 2804.03 | 1108.20 | 5541.00 | 8178.80 | 6825.08
481 | 0.11 | 2376.60 | 15186.75 | 706.06 | 1677.12 | 8385.59 | 8907.17 | 8107.18
459 | 0.14 | 8872.43 | 16925.63 | 6502.84 | 571.76 | 2858.79 | 9281.59 | 8352.11
462 | 0.11 | 5671.75 | 17515.79 | 3745.01 | 702.75 | 3513.77 | 7181.48 | 6530.50
473 | 0.12 | 7366.14 | 18252.80 | 5175.81 | 590.29 | 2951.47 | 8056.44 | 7421.23
471 | 0.07 | 6219.75 | 19010.58 | 4889.01 | 407.80 | 2039.02 | 6899.49 | 6569.22
442 | 0.11 | 8841.49 | 19484.38 | 6698.21 | 450.81 | 2254.06 | 8902.67 | 8440.53
478 | 0.11 | 5396.32 | 20009.50 | 3195.28 | 738.62 | 3693.11 | 6807.14 | 6434.41
460 | 0.13 | 8699.38 | 20772.69 | 5998.93 | 541.48 | 2707.40 | 8635.94 | 8269.03
463 | 0.08 | 8188.56 | 21326.93 | 6482.40 | 354.01 | 1770.03 | 8224.11 | 8027.66
453 | 0.12 | 8663.15 | 21724.87 | 6056.16 | 501.92 | 2509.59 | 8505.52 | 8276.36
456 | 0.06 | 7010.40 | 22308.75 | 5671.87 | 310.12 | 1550.62 | 7203.89 | 7112.83
454 | 0.11 | 8561.69 | 22676.80 | 6067.24 | 465.54 | 2327.72 | 8343.75 | 8234.39
438 | 0.13 | 9346.17 | 6208.42
440 | 0.15 | 8970.02 | 5349.54
441 | 0.12 | 11739.48 | 8843.10
443 | 0.13 | 9078.19 | 5940.44
444 | 0.14 | 8955.12 | 5576.01
445 | 0.07 | 7745.07 | 6055.51
446 | 0.14 | 8181.01 | 4801.90
448 | 0.06 | 6310.01 | 4861.81
450 | 0.10 | 7741.86 | 5328.20
455 | 0.12 | 8854.11 | 5957.72
458 | 0.15 | 8238.04 | 4617.56
461 | 0.08 | 9587.83 | 7656.90
465 | 0.06 | 7523.57 | 6075.38
466 | 0.14 | 4978.02 | 1598.91
467 | 0.05 | 7014.56 | 5807.73
469 | 0.06 | 5910.96 | 4462.77
472 | 0.08 | 5361.61 | 3430.68
476 | 0.12 | 6690.65 | 3794.27
477 | 0.15 | 6771.29 | 3150.81
480 | 0.08 | 4889.16 | 2958.24
483 | 0.09 | 6430.49 | 4258.20
484 | 0.09 | 2728.35 | 556.06
485 | 0.07 | 6582.20 | 4892.64
487 | 0.06 | 7261.19 | 5812.99
490 | 0.08 | 6365.67 | 4434.75
Vehicle 10
Charging tour: 
502  -> 537  -> 538  -> 525  -> 520  -> 491  -> 540  -> 533  -> 513  -> 510  -> 518  -> 532  -> 534  -> 498  -> 511  -> 496  -> 526  -> 523  -> 493  -> 509  -> 499  -> 539  -> 504  -> 512  -> 524  -> 530  -> 516  -> 536  -> 495  -> 
Charging time: 
239.70975372240034  + 2798.610216579609  + 4134.091292634968  + 620.4564592711243  + 337.0524673255515  + 385.07410712025165  + 521.762733546726  + 1195.112142107132  + 185.784293824728  + 338.02116181356325  + 541.0515331508194  + 1480.6211044504785  + 1017.7653599943153  + 393.48860722585397  + 436.4254734903773  + 346.70269296830446  + 291.27224974321194  + 339.5341424127286  + 449.5676001774965  + 423.9186072172814  + 446.6484520191309  + 798.1260417522209  + 369.31644425964436  + 504.27297845234904  + 617.3515649285299  + 265.0089509474804  + 576.8058470741746  + 936.0678496277086  + 249.66773423489417  + 
total node:29/50
-------------------
Traveling energy: 1803.5606896347358
Charging energy: 106196.43931036525
Total energy used: 107999.99999999999
-------------------
Total time for travel: 1803.5606896347358
Total time for charging: 21239.28786207305
Charging round duration: 23042.848551707786
-------------------
ID | p | E0 | time_arrive | E_remain | time_charge | energy_charge| E_after_charge | E_after_cycle
502 | 0.06 | 7711.26 | 155.23 | 7701.95 | 239.71 | 1198.55 | 8886.12 | 7461.62
537 | 0.09 | 990.74 | 408.46 | 953.98 | 2798.61 | 13993.05 | 14695.16 | 12811.50
538 | 0.13 | 968.78 | 3261.86 | 544.73 | 4134.09 | 20670.46 | 20677.76 | 18501.48
525 | 0.14 | 6951.47 | 7467.60 | 5906.01 | 620.46 | 3102.28 | 8921.43 | 6674.64
520 | 0.08 | 7312.27 | 8116.80 | 6662.93 | 337.05 | 1685.26 | 8321.23 | 7066.61
491 | 0.13 | 10400.61 | 8481.55 | 9298.01 | 385.07 | 1925.37 | 11173.32 | 9188.24
540 | 0.09 | 5314.10 | 8908.94 | 4512.29 | 521.76 | 2608.81 | 7074.15 | 5750.62
533 | 0.14 | 3608.94 | 9456.90 | 2284.97 | 1195.11 | 5975.56 | 8093.22 | 6205.38
513 | 0.05 | 8291.27 | 10690.72 | 7756.73 | 185.78 | 928.92 | 8676.36 | 8013.36
510 | 0.08 | 7291.32 | 10914.54 | 6418.16 | 338.02 | 1690.11 | 8081.22 | 7050.50
518 | 0.13 | 7402.27 | 11314.69 | 5931.36 | 541.05 | 2705.26 | 8566.28 | 6969.78
532 | 0.13 | 2704.95 | 11872.20 | 1161.56 | 1480.62 | 7403.11 | 8372.19 | 6970.31
534 | 0.13 | 3935.10 | 13404.07 | 2192.57 | 1017.77 | 5088.83 | 7149.09 | 5886.18
498 | 0.12 | 9395.27 | 14430.06 | 7663.66 | 393.49 | 1967.44 | 9583.88 | 8466.33
511 | 0.09 | 6353.20 | 14911.14 | 5011.20 | 436.43 | 2182.13 | 7154.04 | 6363.04
496 | 0.10 | 8885.93 | 15371.86 | 7348.74 | 346.70 | 1733.51 | 9047.58 | 8205.79
526 | 0.07 | 7403.87 | 15806.42 | 6297.42 | 291.27 | 1456.36 | 7733.39 | 7170.68
523 | 0.09 | 8166.18 | 16253.75 | 6703.34 | 339.53 | 1697.67 | 8370.46 | 7691.56
493 | 0.13 | 8908.58 | 16750.74 | 6730.98 | 449.57 | 2247.84 | 8920.38 | 8018.67
509 | 0.13 | 9447.59 | 17228.90 | 7207.83 | 423.92 | 2119.59 | 9272.31 | 8429.43
499 | 0.09 | 6207.78 | 17675.05 | 4617.03 | 446.65 | 2233.24 | 6810.07 | 6268.74
539 | 0.07 | 2702.01 | 18271.36 | 1423.01 | 798.13 | 3990.63 | 5357.77 | 5003.08
504 | 0.12 | 10010.20 | 19149.91 | 7712.21 | 369.32 | 1846.58 | 9514.47 | 8960.39
512 | 0.11 | 6720.27 | 19577.64 | 4566.73 | 504.27 | 2521.36 | 7032.63 | 6586.62
524 | 0.14 | 6986.43 | 20175.17 | 4161.91 | 617.35 | 3086.76 | 7162.24 | 6694.08
530 | 0.06 | 6975.10 | 20838.92 | 5724.77 | 265.01 | 1325.04 | 7033.91 | 6851.96
516 | 0.13 | 6943.42 | 21109.75 | 4199.16 | 576.81 | 2884.03 | 7008.20 | 6689.70
536 | 0.11 | 3620.31 | 21707.77 | 1232.45 | 936.07 | 4680.34 | 5809.82 | 5645.63
495 | 0.06 | 7403.70 | 22661.32 | 6044.02 | 249.67 | 1248.34 | 7277.38 | 7203.85
492 | 0.14 | 9751.69 | 6372.58
494 | 0.13 | 10223.99 | 7086.24
497 | 0.13 | 7254.82 | 4117.07
500 | 0.06 | 7999.05 | 6550.86
501 | 0.09 | 7064.92 | 4892.64
503 | 0.09 | 9330.73 | 7158.44
505 | 0.15 | 12484.88 | 8864.40
506 | 0.12 | 9635.42 | 6739.03
507 | 0.09 | 9538.34 | 7366.05
508 | 0.05 | 8195.56 | 6988.74
514 | 0.13 | 10576.22 | 7438.47
515 | 0.09 | 6647.32 | 4475.03
517 | 0.13 | 10296.53 | 7158.78
519 | 0.07 | 8140.33 | 6450.78
521 | 0.11 | 6676.53 | 4021.51
522 | 0.13 | 7025.73 | 3887.98
527 | 0.06 | 9203.99 | 7755.80
528 | 0.10 | 7321.27 | 4907.62
529 | 0.14 | 7705.49 | 4326.37
531 | 0.07 | 5396.76 | 3707.21
535 | 0.06 | 2362.99 | 914.79
Vehicle 11
Charging tour: 
592  -> 580  -> 548  -> 584  -> 543  -> 558  -> 581  -> 574  -> 559  -> 576  -> 591  -> 589  -> 567  -> 553  -> 563  -> 541  -> 585  -> 561  -> 545  -> 560  -> 587  -> 583  -> 573  -> 590  -> 582  -> 542  -> 550  -> 569  -> 
Charging time: 
6680.746049093535  + 185.89802554452547  + 223.41889630783027  + 2446.9333001328587  + 187.3809248018463  + 407.58938593047503  + 358.167162833846  + 335.4369774518347  + 250.0110752037996  + 538.9208136141027  + 963.2887879745633  + 1052.8783407831522  + 405.46241244772654  + 405.1528324240093  + 527.1337208444596  + 342.79910576007313  + 534.1422399306463  + 611.2300668749575  + 443.6594780711058  + 475.58508453233895  + 1129.6101364692563  + 370.66113672459113  + 546.919935874798  + 400.6002636664766  + 404.78173355875947  + 254.77825712021806  + 232.03148802418121  + 475.9594184285111  + 
total node:28/53
-------------------
Traveling energy: 2044.1147478776074
Charging energy: 105955.8852521224
Total energy used: 108000.00000000001
-------------------
Total time for travel: 2044.1147478776074
Total time for charging: 21191.17705042448
Charging round duration: 23235.29179830209
-------------------
ID | p | E0 | time_arrive | E_remain | time_charge | energy_charge| E_after_charge | E_after_cycle
592 | 0.15 | 626.90 | 84.33 | 614.25 | 6680.75 | 33403.73 | 33015.87 | 30410.15
580 | 0.06 | 9011.74 | 6861.88 | 8600.03 | 185.90 | 929.49 | 9518.36 | 8493.04
548 | 0.07 | 8748.03 | 7113.97 | 8250.05 | 223.42 | 1117.09 | 9351.51 | 8175.57
584 | 0.14 | 1597.49 | 7368.61 | 565.88 | 2446.93 | 12234.67 | 12457.98 | 10453.04
543 | 0.06 | 8940.42 | 9887.82 | 8347.15 | 187.38 | 936.90 | 9272.82 | 8429.14
558 | 0.13 | 8905.39 | 10136.80 | 7587.60 | 407.59 | 2037.95 | 9572.56 | 7805.58
581 | 0.10 | 7795.54 | 10616.78 | 6733.87 | 358.17 | 1790.84 | 8488.89 | 7172.73
574 | 0.09 | 7491.41 | 11014.86 | 6500.08 | 335.44 | 1677.18 | 8147.07 | 6996.31
559 | 0.07 | 7817.56 | 11393.87 | 7019.99 | 250.01 | 1250.06 | 8252.54 | 7378.05
576 | 0.14 | 7253.29 | 11660.77 | 5620.79 | 538.92 | 2694.60 | 8239.94 | 6568.78
591 | 0.11 | 3188.37 | 12221.07 | 1844.05 | 963.29 | 4816.44 | 6554.53 | 5349.79
589 | 0.13 | 3447.45 | 13221.91 | 1728.60 | 1052.88 | 5264.39 | 6856.11 | 5574.09
567 | 0.08 | 5508.99 | 14357.19 | 4360.41 | 405.46 | 2027.31 | 6355.29 | 5605.38
553 | 0.09 | 6202.34 | 14907.26 | 4860.69 | 405.15 | 2025.76 | 6849.99 | 6055.82
563 | 0.13 | 6885.81 | 15366.15 | 4888.21 | 527.13 | 2635.67 | 7455.35 | 6383.73
541 | 0.15 | 12217.54 | 15909.61 | 9831.10 | 342.80 | 1714.00 | 11493.68 | 10311.06
585 | 0.10 | 5227.27 | 16357.41 | 3591.53 | 534.14 | 2670.71 | 6208.83 | 5484.33
561 | 0.15 | 6852.02 | 16995.06 | 4302.76 | 611.23 | 3056.15 | 7267.23 | 6287.69
545 | 0.09 | 5664.02 | 17710.50 | 4070.08 | 443.66 | 2218.30 | 6248.45 | 5710.03
560 | 0.15 | 8806.34 | 18291.27 | 6062.65 | 475.59 | 2377.93 | 8369.23 | 7563.78
587 | 0.12 | 2966.09 | 18893.99 | 698.82 | 1129.61 | 5648.05 | 6211.31 | 5717.76
583 | 0.11 | 8286.06 | 20037.17 | 6081.97 | 370.66 | 1853.31 | 7894.50 | 7484.34
573 | 0.13 | 6636.69 | 20455.68 | 3977.46 | 546.92 | 2734.60 | 6640.96 | 6233.55
590 | 0.05 | 3484.91 | 21044.70 | 2432.67 | 400.60 | 2003.00 | 4415.64 | 4281.08
582 | 0.11 | 7587.59 | 21518.85 | 5220.52 | 404.78 | 2023.91 | 7199.90 | 6956.48
542 | 0.09 | 9863.08 | 22008.94 | 7882.27 | 254.78 | 1273.89 | 9133.23 | 8964.68
550 | 0.06 | 7219.99 | 22298.08 | 5882.10 | 232.03 | 1160.16 | 7028.34 | 6931.96
569 | 0.10 | 5866.27 | 22579.49 | 3608.32 | 475.96 | 2379.80 | 5940.53 | 5832.42
544 | 0.10 | 5845.68 | 3432.03
546 | 0.08 | 9169.10 | 7238.18
547 | 0.13 | 8719.01 | 5581.26
549 | 0.13 | 8691.77 | 5554.02
551 | 0.14 | 6734.33 | 3355.21
552 | 0.15 | 6849.60 | 3229.12
554 | 0.15 | 8965.58 | 5345.10
555 | 0.06 | 5021.30 | 3573.11
556 | 0.11 | 7306.93 | 4651.91
557 | 0.12 | 8940.75 | 6044.36
562 | 0.15 | 6796.82 | 3176.35
564 | 0.08 | 5474.15 | 3543.23
565 | 0.10 | 8639.51 | 6225.86
566 | 0.13 | 6297.59 | 3159.84
568 | 0.11 | 9595.56 | 6940.54
570 | 0.11 | 6812.96 | 4157.94
571 | 0.09 | 7387.53 | 5215.25
572 | 0.13 | 7291.16 | 4153.41
575 | 0.09 | 6223.11 | 4050.83
577 | 0.11 | 7553.71 | 4898.69
578 | 0.06 | 8023.36 | 6575.16
579 | 0.14 | 6473.32 | 3094.21
586 | 0.10 | 5499.41 | 3085.76
588 | 0.06 | 5453.70 | 4005.51
[91m593 | 0.14 | 1207.85 | -2171.26[00m
Vehicle 12
Charging tour: 
647  -> 645  -> 639  -> 617  -> 625  -> 644  -> 609  -> 636  -> 641  -> 631  -> 643  -> 612  -> 642  -> 634  -> 595  -> 613  -> 603  -> 623  -> 637  -> 605  -> 607  -> 632  -> 646  -> 596  -> 630  -> 622  -> 624  -> 616  -> 608  -> 628  -> 597  -> 604  -> 615  -> 
Charging time: 
721.5257160921393  + 4948.930396400415  + 2700.9961640602005  + 433.032126497118  + 331.96724013526284  + 1236.6512649162019  + 485.9865355581895  + 535.5114630370427  + 803.392277374368  + 356.5074861453008  + 1141.8467878725792  + 534.0542855438265  + 178.51244141117732  + 179.71858626251287  + 411.33424290917475  + 501.0458807706045  + 180.75975648953974  + 496.9952005037454  + 584.4639262628019  + 468.67963084271906  + 528.3850761737659  + 208.2173512518039  + 239.61446716919275  + 396.93998318418653  + 312.62363806020517  + 272.7637910211776  + 257.6945070044729  + 338.1360806386428  + 323.8139595225317  + 260.21553248098144  + 299.6029709828166  + 337.78124715848105  + 165.15174232941055  + 
total node:33/55
-------------------
Traveling energy: 2135.74121968704
Charging energy: 105864.25878031297
Total energy used: 108000.00000000001
-------------------
Total time for travel: 2135.74121968704
Total time for charging: 21172.851756062595
Charging round duration: 23308.592975749634
-------------------
ID | p | E0 | time_arrive | E_remain | time_charge | energy_charge| E_after_charge | E_after_cycle
647 | 0.12 | 4531.65 | 169.00 | 4511.37 | 721.53 | 3607.63 | 8032.42 | 5242.90
645 | 0.14 | 770.80 | 908.06 | 643.68 | 4948.93 | 24744.65 | 24695.48 | 22136.34
639 | 0.14 | 1412.31 | 5929.37 | 582.20 | 2701.00 | 13504.98 | 13709.04 | 11538.18
617 | 0.11 | 6921.49 | 8689.22 | 5965.68 | 433.03 | 2165.16 | 8083.21 | 6431.64
625 | 0.09 | 7387.11 | 9156.45 | 6563.03 | 331.97 | 1659.84 | 8192.99 | 6874.66
644 | 0.11 | 2423.67 | 9504.52 | 1378.17 | 1236.65 | 6183.26 | 7425.39 | 5951.90
609 | 0.12 | 6727.97 | 10787.13 | 5433.52 | 485.99 | 2429.93 | 7805.13 | 6261.52
636 | 0.13 | 6614.57 | 11327.17 | 5142.04 | 535.51 | 2677.56 | 7749.98 | 6154.38
641 | 0.10 | 3391.56 | 11955.50 | 2196.01 | 803.39 | 4016.96 | 6132.63 | 4994.87
631 | 0.10 | 7642.91 | 12772.59 | 6365.65 | 356.51 | 1782.54 | 8112.54 | 7011.79
643 | 0.14 | 3340.78 | 13263.25 | 1483.92 | 1141.85 | 5709.23 | 7033.30 | 5670.90
612 | 0.14 | 7142.82 | 14418.86 | 5124.18 | 534.05 | 2670.27 | 7719.69 | 6433.98
642 | 0.05 | 7631.83 | 15091.32 | 6877.27 | 178.51 | 892.56 | 7760.90 | 7317.57
634 | 0.06 | 9096.74 | 15304.18 | 8178.48 | 179.72 | 898.59 | 9066.29 | 8547.14
595 | 0.10 | 6624.19 | 15501.76 | 5074.01 | 411.33 | 2056.67 | 7089.55 | 6267.20
613 | 0.13 | 7069.57 | 15965.03 | 4994.12 | 501.05 | 2505.23 | 7434.21 | 6437.05
603 | 0.05 | 7536.95 | 16531.61 | 6710.37 | 180.76 | 903.80 | 7605.13 | 7233.92
623 | 0.12 | 6578.95 | 16829.16 | 4559.45 | 497.00 | 2484.98 | 6984.78 | 6167.54
637 | 0.15 | 6992.96 | 17338.48 | 4392.18 | 584.46 | 2922.32 | 7226.83 | 6294.80
605 | 0.11 | 6395.05 | 18043.40 | 4410.28 | 468.68 | 2343.40 | 6702.12 | 6083.43
607 | 0.15 | 7735.14 | 18604.31 | 4944.49 | 528.39 | 2641.93 | 7507.16 | 6756.58
632 | 0.05 | 6543.05 | 19181.52 | 5583.98 | 208.22 | 1041.09 | 6614.65 | 6377.31
646 | 0.06 | 6822.85 | 19461.77 | 5655.14 | 239.61 | 1198.07 | 6838.83 | 6572.73
596 | 0.11 | 7550.84 | 19834.03 | 5369.09 | 396.94 | 1984.70 | 7310.13 | 6880.52
630 | 0.07 | 6101.04 | 20292.46 | 4680.56 | 312.62 | 1563.12 | 6221.80 | 5974.60
622 | 0.09 | 8990.48 | 20638.36 | 7133.03 | 272.76 | 1363.82 | 8472.30 | 8182.02
624 | 0.07 | 7401.51 | 20920.81 | 5937.05 | 257.69 | 1288.47 | 7207.48 | 7000.42
616 | 0.11 | 8863.97 | 21290.62 | 6522.01 | 338.14 | 1690.68 | 8175.49 | 7899.64
608 | 0.12 | 10097.48 | 21663.25 | 7497.89 | 323.81 | 1619.07 | 9078.10 | 8820.17
628 | 0.07 | 7329.80 | 22036.90 | 5787.22 | 260.22 | 1301.08 | 7070.08 | 6941.32
597 | 0.14 | 12732.37 | 22308.67 | 9609.16 | 299.60 | 1498.01 | 11065.23 | 10851.27
604 | 0.09 | 7259.96 | 22671.16 | 5219.56 | 337.78 | 1688.91 | 6878.06 | 6776.58
615 | 0.05 | 8249.24 | 23028.71 | 7097.81 | 165.15 | 825.76 | 7915.31 | 7868.18
594 | 0.12 | 6560.75 | 3664.37
598 | 0.05 | 6152.08 | 4945.25
599 | 0.15 | 11225.06 | 7604.58
600 | 0.10 | 9498.06 | 7084.40
601 | 0.14 | 10078.15 | 6699.04
602 | 0.11 | 8947.35 | 6292.33
606 | 0.07 | 5804.21 | 4114.66
610 | 0.12 | 9677.17 | 6780.78
611 | 0.06 | 8595.13 | 7146.93
614 | 0.12 | 9907.59 | 7011.20
618 | 0.07 | 9736.34 | 8046.78
619 | 0.15 | 7444.38 | 3823.90
620 | 0.09 | 8652.17 | 6479.88
621 | 0.14 | 8030.27 | 4651.16
626 | 0.07 | 9441.11 | 7751.56
627 | 0.11 | 8554.92 | 5899.90
629 | 0.10 | 7538.32 | 5124.67
633 | 0.14 | 6860.97 | 3481.86
635 | 0.05 | 5784.37 | 4577.54
638 | 0.05 | 5298.35 | 4091.52
640 | 0.12 | 3755.71 | 859.32
648 | 0.12 | 4981.45 | 2085.07
Vehicle 13
Charging tour: 
694  -> 671  -> 685  -> 689  -> 681  -> 657  -> 693  -> 684  -> 670  -> 696  -> 697  -> 682  -> 663  -> 672  -> 655  -> 676  -> 669  -> 686  -> 654  -> 651  -> 667  -> 678  -> 
Charging time: 
2774.369726348091  + 984.5908465293098  + 1018.9261542623309  + 1026.3548626346133  + 339.14741461471624  + 712.8124537594347  + 2512.762090547422  + 674.7125531314231  + 756.2027322848437  + 1487.225199976663  + 1382.702882078505  + 601.8546000915408  + 473.53306638098417  + 397.89487009009497  + 1049.6059135998707  + 653.9796734219533  + 797.1622167368612  + 800.7515287306246  + 897.4360183211231  + 763.3468636805103  + 633.2785777061243  + 591.6676104446321  + 
total node:22/49
-------------------
Traveling energy: 1348.410723141646
Charging energy: 106651.58927685837
Total energy used: 108000.00000000001
-------------------
Total time for travel: 1348.410723141646
Total time for charging: 21330.317855371675
Charging round duration: 22678.72857851332
-------------------
ID | p | E0 | time_arrive | E_remain | time_charge | energy_charge| E_after_charge | E_after_cycle
694 | 0.13 | 2689.51 | 84.00 | 2678.59 | 2774.37 | 13871.85 | 16189.77 | 13423.61
671 | 0.13 | 7578.47 | 2915.65 | 7199.44 | 984.59 | 4922.95 | 11994.40 | 9363.68
685 | 0.13 | 7323.10 | 3928.20 | 6812.43 | 1018.93 | 5094.63 | 11774.60 | 9279.98
689 | 0.08 | 4473.90 | 4986.01 | 4075.02 | 1026.35 | 5131.77 | 9124.69 | 7674.76
681 | 0.05 | 8462.05 | 6124.97 | 8155.80 | 339.15 | 1695.74 | 9834.58 | 8950.96
657 | 0.10 | 8052.28 | 6530.00 | 7399.28 | 712.81 | 3564.06 | 10892.06 | 9202.69
693 | 0.15 | 3426.37 | 7301.25 | 2331.18 | 2512.76 | 12563.81 | 14518.08 | 12369.70
684 | 0.08 | 6805.58 | 9888.35 | 6014.52 | 674.71 | 3373.56 | 9334.10 | 8248.22
670 | 0.11 | 8349.27 | 10608.69 | 7182.32 | 756.20 | 3781.01 | 10880.15 | 9475.27
696 | 0.09 | 3473.44 | 11426.35 | 2445.07 | 1487.23 | 7436.13 | 9747.35 | 8737.28
697 | 0.09 | 3736.01 | 12923.00 | 2572.94 | 1382.70 | 6913.51 | 9362.01 | 8477.24
682 | 0.09 | 8583.12 | 14397.24 | 7287.37 | 601.85 | 3009.27 | 10242.47 | 9420.10
663 | 0.09 | 10909.04 | 15027.97 | 9556.52 | 473.53 | 2367.67 | 11881.57 | 11104.42
672 | 0.06 | 8655.20 | 15510.91 | 7724.55 | 397.89 | 1989.47 | 9690.15 | 9196.48
655 | 0.14 | 7655.90 | 15976.88 | 5419.13 | 1049.61 | 5248.03 | 10520.22 | 9524.81
676 | 0.11 | 9654.34 | 17080.06 | 7775.53 | 653.98 | 3269.90 | 10973.50 | 10269.22
669 | 0.10 | 7200.25 | 17869.10 | 5413.34 | 797.16 | 3985.81 | 9319.43 | 8772.41
686 | 0.10 | 7167.97 | 18691.78 | 5298.80 | 800.75 | 4003.76 | 9222.48 | 8758.08
654 | 0.13 | 8314.46 | 19591.64 | 5767.55 | 897.44 | 4487.18 | 10138.06 | 9663.89
651 | 0.13 | 9774.98 | 20538.45 | 7104.98 | 763.35 | 3816.73 | 10822.48 | 10453.96
667 | 0.09 | 8157.22 | 21324.87 | 6237.98 | 633.28 | 3166.39 | 9347.38 | 9151.32
678 | 0.10 | 9701.00 | 22004.60 | 7500.54 | 591.67 | 2958.34 | 10399.71 | 10245.68
649 | 0.14 | 7454.82 | 4075.71
650 | 0.10 | 9753.18 | 7339.52
652 | 0.08 | 6094.70 | 4163.78
653 | 0.08 | 7578.04 | 5647.12
656 | 0.13 | 9834.29 | 6696.54
658 | 0.05 | 9885.78 | 8678.95
659 | 0.07 | 8274.77 | 6585.22
660 | 0.13 | 7368.06 | 4230.31
661 | 0.07 | 10856.53 | 9166.97
662 | 0.11 | 10093.37 | 7438.35
664 | 0.12 | 7402.89 | 4506.50
665 | 0.13 | 7523.42 | 4385.67
666 | 0.15 | 8634.50 | 5014.02
668 | 0.11 | 10116.29 | 7461.27
673 | 0.13 | 10663.36 | 7525.62
674 | 0.13 | 7789.99 | 4652.24
675 | 0.10 | 10506.77 | 8093.12
677 | 0.13 | 7966.34 | 4828.59
679 | 0.08 | 8568.55 | 6637.63
680 | 0.08 | 9411.17 | 7480.24
683 | 0.10 | 7232.80 | 4819.15
687 | 0.13 | 7373.50 | 4235.75
688 | 0.09 | 6977.43 | 4805.14
690 | 0.06 | 3908.49 | 2460.30
691 | 0.08 | 3852.73 | 1921.80
692 | 0.12 | 4338.85 | 1442.46
695 | 0.09 | 3114.09 | 941.81
Vehicle 14
Charging tour: 
740  -> 734  -> 702  -> 733  -> 739  -> 746  -> 715  -> 748  -> 747  -> 711  -> 752  -> 755  -> 699  -> 754  -> 708  -> 738  -> 744  -> 736  -> 706  -> 753  -> 743  -> 737  -> 712  -> 731  -> 722  -> 735  -> 709  -> 749  -> 
Charging time: 
626.2204503712549  + 590.1380643783041  + 400.2530110021717  + 347.26254232257577  + 462.3265508541242  + 4448.640188673225  + 463.73743659275374  + 658.117134945628  + 2217.8348628726835  + 552.1907751691045  + 283.22968854793436  + 1157.7926279297865  + 556.8138407036957  + 1564.494213486889  + 517.1021293374185  + 198.33582907756193  + 571.5795369225472  + 373.54465564269685  + 549.2508678690238  + 1511.6349028002628  + 332.8428818595014  + 539.7775701231899  + 437.6710321653643  + 259.7174847086423  + 574.5003122730567  + 496.50114897121205  + 279.14054066099504  + 218.75767350653047  + 
total node:28/60
-------------------
Traveling energy: 2052.960231159351
Charging energy: 105947.03976884065
Total energy used: 108000.0
-------------------
Total time for travel: 2052.960231159351
Total time for charging: 21189.407953768132
Charging round duration: 23242.368184927484
-------------------
ID | p | E0 | time_arrive | E_remain | time_charge | energy_charge| E_after_charge | E_after_cycle
740 | 0.14 | 7364.43 | 190.43 | 7337.77 | 626.22 | 3131.10 | 10381.21 | 7116.42
734 | 0.15 | 8372.91 | 933.40 | 8232.90 | 590.14 | 2950.69 | 11095.07 | 7703.12
702 | 0.07 | 5761.06 | 1547.61 | 5652.72 | 400.25 | 2001.27 | 7625.97 | 6072.76
733 | 0.07 | 6640.16 | 2030.52 | 6498.03 | 347.26 | 1736.31 | 8210.03 | 6686.92
739 | 0.10 | 7125.08 | 2403.83 | 6884.70 | 462.33 | 2311.63 | 9150.10 | 7023.06
746 | 0.14 | 1036.67 | 2905.61 | 629.88 | 4448.64 | 22243.20 | 22250.27 | 19900.75
715 | 0.08 | 5682.72 | 7499.24 | 5082.78 | 463.74 | 2318.69 | 7364.37 | 6070.49
748 | 0.09 | 4504.82 | 7970.38 | 3787.49 | 658.12 | 3290.59 | 7018.85 | 5623.12
747 | 0.13 | 1930.87 | 8699.84 | 799.89 | 2217.83 | 11089.17 | 11600.75 | 9882.29
711 | 0.11 | 6562.09 | 10933.16 | 5359.44 | 552.19 | 2760.95 | 8059.65 | 6668.02
752 | 0.05 | 5815.27 | 11527.80 | 5238.88 | 283.23 | 1416.15 | 6640.87 | 6024.59
755 | 0.09 | 2560.65 | 11839.22 | 1495.12 | 1157.79 | 5788.96 | 7179.88 | 6177.33
699 | 0.12 | 7099.21 | 13033.41 | 5535.20 | 556.81 | 2784.07 | 8252.45 | 6986.89
754 | 0.13 | 2737.21 | 13658.21 | 961.64 | 1564.49 | 7822.47 | 8580.73 | 7421.93
708 | 0.12 | 7644.40 | 15247.45 | 5814.71 | 517.10 | 2585.51 | 8338.17 | 7333.53
738 | 0.05 | 8304.38 | 15814.80 | 7513.64 | 198.34 | 991.68 | 8495.41 | 8089.24
744 | 0.10 | 5763.18 | 16105.94 | 4152.58 | 571.58 | 2857.90 | 6953.32 | 6207.42
736 | 0.08 | 7054.82 | 16759.47 | 5714.06 | 373.54 | 1867.72 | 7551.90 | 6991.62
706 | 0.10 | 5997.47 | 17206.62 | 4276.80 | 549.25 | 2746.25 | 6968.13 | 6330.07
753 | 0.14 | 3050.84 | 17785.15 | 560.92 | 1511.63 | 7558.17 | 7907.47 | 7229.90
743 | 0.06 | 5938.14 | 19315.83 | 4779.19 | 332.84 | 1664.21 | 6423.44 | 6154.16
737 | 0.13 | 7933.54 | 19815.46 | 5357.53 | 539.78 | 2698.89 | 7986.25 | 7494.68
712 | 0.13 | 9784.40 | 20408.93 | 7131.24 | 437.67 | 2188.36 | 9262.70 | 8835.01
731 | 0.07 | 8878.42 | 20890.91 | 7416.05 | 259.72 | 1298.59 | 8696.46 | 8487.45
722 | 0.12 | 6880.65 | 21237.32 | 4332.17 | 574.50 | 2872.50 | 7135.73 | 6856.77
735 | 0.13 | 8625.05 | 21832.16 | 5786.87 | 496.50 | 2482.51 | 8204.83 | 7969.81
709 | 0.08 | 9440.73 | 22446.23 | 7645.03 | 279.14 | 1395.70 | 9018.41 | 8905.51
749 | 0.05 | 7529.14 | 22834.85 | 6387.40 | 218.76 | 1093.79 | 7470.25 | 7416.10
698 | 0.07 | 5639.13 | 3949.57
700 | 0.06 | 8145.19 | 6697.00
701 | 0.11 | 9277.65 | 6622.63
703 | 0.10 | 6260.31 | 3846.66
704 | 0.06 | 5483.71 | 4035.52
705 | 0.12 | 9980.74 | 7084.36
707 | 0.09 | 9719.33 | 7547.04
710 | 0.10 | 6074.71 | 3661.06
713 | 0.14 | 6614.26 | 3235.14
714 | 0.06 | 5505.08 | 4056.89
716 | 0.08 | 6120.29 | 4189.36
717 | 0.12 | 9943.18 | 7046.79
718 | 0.05 | 9127.32 | 7920.49
719 | 0.14 | 9702.98 | 6323.87
720 | 0.06 | 8993.98 | 7545.79
721 | 0.08 | 5639.88 | 3708.96
723 | 0.07 | 8374.67 | 6685.11
724 | 0.13 | 9825.61 | 6687.87
725 | 0.13 | 9431.30 | 6293.56
726 | 0.13 | 7369.21 | 4231.47
727 | 0.11 | 10339.35 | 7684.33
728 | 0.08 | 7238.98 | 5308.06
729 | 0.15 | 6781.86 | 3161.38
730 | 0.07 | 9810.53 | 8120.97
732 | 0.10 | 7101.15 | 4687.49
741 | 0.08 | 8487.74 | 6556.82
742 | 0.09 | 6140.19 | 3967.91
745 | 0.06 | 7400.60 | 5952.41
750 | 0.06 | 2346.91 | 898.72
751 | 0.11 | 3456.92 | 801.90
756 | 0.10 | 5954.54 | 3540.88
757 | 0.07 | 6479.46 | 4789.90
Vehicle 15
Charging tour: 
794  -> 758  -> 778  -> 798  -> 800  -> 791  -> 789  -> 777  -> 776  -> 783  -> 781  -> 802  -> 804  -> 775  -> 774  -> 771  -> 763  -> 797  -> 805  -> 787  -> 
Charging time: 
466.38274234606985  + 638.3209119111863  + 620.3602918018681  + 4923.034525002045  + 3918.9973581547742  + 362.6965724355829  + 1168.562217947407  + 685.7821204343737  + 395.74604024515804  + 641.1882865084498  + 672.4378609817925  + 1361.995960117633  + 504.40501346783196  + 379.77892612658087  + 715.5891902968069  + 543.9146057351259  + 355.1022161336644  + 513.0778997491282  + 1891.8654123062354  + 519.0871132129189  + 
total node:20/49
-------------------
Traveling energy: 1608.3736754268434
Charging energy: 106391.62632457317
Total energy used: 108000.00000000001
-------------------
Total time for travel: 1608.3736754268434
Total time for charging: 21278.325264914634
Charging round duration: 22886.698940341477
-------------------
ID | p | E0 | time_arrive | E_remain | time_charge | energy_charge| E_after_charge | E_after_cycle
794 | 0.06 | 6201.60 | 139.31 | 6193.25 | 466.38 | 2331.91 | 8497.18 | 7085.33
758 | 0.13 | 9817.47 | 651.73 | 9732.74 | 638.32 | 3191.60 | 12841.37 | 9871.32
778 | 0.12 | 9324.65 | 1318.68 | 9166.41 | 620.36 | 3101.80 | 12193.77 | 9530.07
798 | 0.14 | 1370.85 | 1983.81 | 1093.12 | 4923.03 | 24615.17 | 25019.07 | 22606.91
800 | 0.11 | 1353.05 | 7053.56 | 577.16 | 3919.00 | 19594.99 | 19741.05 | 18293.02
791 | 0.06 | 7974.49 | 11056.55 | 7311.10 | 362.70 | 1813.48 | 9102.82 | 8339.78
789 | 0.14 | 5775.26 | 11491.33 | 4166.47 | 1168.56 | 5842.81 | 9845.69 | 8238.96
777 | 0.14 | 9840.95 | 12731.84 | 8058.50 | 685.78 | 3428.91 | 11391.40 | 9890.75
776 | 0.05 | 6090.44 | 13482.27 | 5416.33 | 395.75 | 1978.73 | 7375.27 | 6862.34
783 | 0.14 | 10525.38 | 13927.17 | 8575.58 | 641.19 | 3205.94 | 11691.75 | 10352.21
781 | 0.14 | 10036.24 | 14584.34 | 7994.44 | 672.44 | 3362.19 | 11262.48 | 10019.32
802 | 0.08 | 2831.45 | 15292.85 | 1608.03 | 1362.00 | 6809.98 | 8309.05 | 7710.51
804 | 0.06 | 5734.12 | 16698.70 | 4732.20 | 504.41 | 2522.03 | 7223.96 | 6807.96
775 | 0.08 | 10154.40 | 17304.03 | 8770.08 | 379.78 | 1898.89 | 10638.59 | 10122.38
774 | 0.13 | 8757.39 | 17739.62 | 6451.24 | 715.59 | 3577.95 | 9936.16 | 9197.59
771 | 0.10 | 8862.67 | 18460.88 | 7016.58 | 543.91 | 2719.57 | 9681.76 | 9168.59
763 | 0.07 | 9502.54 | 19105.59 | 8165.15 | 355.10 | 1775.51 | 9915.81 | 9588.50
797 | 0.06 | 5637.20 | 19604.38 | 4460.93 | 513.08 | 2565.39 | 6995.54 | 6754.39
805 | 0.11 | 2802.84 | 20221.20 | 578.50 | 1891.87 | 9459.33 | 9829.73 | 9607.15
787 | 0.07 | 6500.59 | 22194.85 | 4946.95 | 519.09 | 2595.44 | 7506.05 | 7406.47
759 | 0.15 | 12969.25 | 9348.77
760 | 0.05 | 6862.68 | 5655.85
761 | 0.06 | 9280.15 | 7831.96
762 | 0.12 | 9260.72 | 6364.34
764 | 0.09 | 8631.46 | 6459.17
765 | 0.09 | 7230.29 | 5058.01
766 | 0.09 | 8617.13 | 6444.85
767 | 0.14 | 12013.60 | 8634.49
768 | 0.06 | 8346.19 | 6897.99
769 | 0.05 | 8305.68 | 7098.85
770 | 0.13 | 8339.32 | 5201.57
772 | 0.05 | 9014.16 | 7807.33
773 | 0.07 | 8430.23 | 6740.68
779 | 0.12 | 10361.20 | 7464.81
780 | 0.07 | 9717.74 | 8028.18
782 | 0.11 | 9202.56 | 6547.55
784 | 0.10 | 8812.35 | 6398.70
785 | 0.10 | 5764.50 | 3350.85
786 | 0.12 | 5829.83 | 2933.44
788 | 0.08 | 5904.00 | 3973.08
790 | 0.07 | 8420.64 | 6731.08
792 | 0.10 | 5765.33 | 3351.67
793 | 0.09 | 8070.96 | 5898.67
795 | 0.07 | 6685.22 | 4995.66
796 | 0.14 | 6487.87 | 3108.76
799 | 0.09 | 4444.56 | 2272.27
801 | 0.09 | 4597.22 | 2424.93
803 | 0.12 | 3484.48 | 588.10
806 | 0.08 | 3610.55 | 1679.63
Vehicle 16
Charging tour: 
841  -> 819  -> 808  -> 814  -> 810  -> 820  -> 825  -> 840  -> 829  -> 818  -> 809  -> 838  -> 812  -> 827  -> 837  -> 839  -> 834  -> 811  -> 
Charging time: 
4091.2127705264866  + 400.32615128546723  + 910.3156139760542  + 1267.2834915943945  + 840.3586900264154  + 677.470683343405  + 1077.0898957944003  + 4258.246066350597  + 1117.4653588841975  + 1265.1873056496004  + 1186.5519062037079  + 593.5813839691202  + 375.04218689441905  + 663.141965382867  + 492.57553225977176  + 917.8295772000902  + 605.0080353646896  + 629.1439612539225  + 
total node:18/37
-------------------
Traveling energy: 1160.8471202019578
Charging energy: 106839.15287979803
Total energy used: 107999.99999999999
-------------------
Total time for travel: 1160.8471202019578
Total time for charging: 21367.830575959604
Charging round duration: 22528.67769616156
-------------------
ID | p | E0 | time_arrive | E_remain | time_charge | energy_charge| E_after_charge | E_after_cycle
841 | 0.12 | 2020.55 | 160.76 | 2001.26 | 4091.21 | 20456.06 | 21966.38 | 19580.23
819 | 0.07 | 12045.48 | 4325.87 | 11742.67 | 400.33 | 2001.63 | 13716.28 | 12357.55
808 | 0.09 | 6810.68 | 4833.76 | 6375.64 | 910.32 | 4551.58 | 10845.29 | 9189.97
814 | 0.14 | 7610.17 | 5760.64 | 6803.68 | 1267.28 | 6336.42 | 12962.68 | 10567.47
810 | 0.09 | 7377.65 | 7045.64 | 6743.54 | 840.36 | 4201.79 | 10869.70 | 9407.15
820 | 0.13 | 13218.83 | 7892.24 | 12192.84 | 677.47 | 3387.35 | 15492.12 | 13468.43
825 | 0.12 | 7674.84 | 8647.70 | 6637.12 | 1077.09 | 5385.45 | 11893.32 | 10163.91
840 | 0.12 | 1941.29 | 9766.22 | 769.34 | 4258.25 | 21291.23 | 21549.58 | 20336.14
829 | 0.13 | 8014.00 | 14068.73 | 6185.07 | 1117.47 | 5587.33 | 11627.12 | 10463.58
818 | 0.14 | 7622.78 | 15258.78 | 5486.55 | 1265.19 | 6325.94 | 11635.36 | 10569.60
809 | 0.13 | 7547.39 | 16553.60 | 5395.42 | 1186.55 | 5932.76 | 11173.93 | 10342.40
838 | 0.10 | 11605.39 | 17779.28 | 9827.46 | 593.58 | 2967.91 | 12736.01 | 12159.65
812 | 0.06 | 11020.75 | 18428.05 | 9915.07 | 375.04 | 1875.21 | 11767.78 | 11447.77
827 | 0.07 | 7271.63 | 18922.18 | 5947.07 | 663.14 | 3315.71 | 9216.36 | 8897.78
837 | 0.08 | 11188.12 | 19658.25 | 9615.46 | 492.58 | 2462.88 | 12038.93 | 11720.08
839 | 0.07 | 5253.83 | 20179.59 | 3841.26 | 917.83 | 4589.15 | 8366.16 | 8153.42
834 | 0.10 | 11386.20 | 21111.52 | 9275.05 | 605.01 | 3025.04 | 12239.59 | 11997.59
811 | 0.07 | 7664.58 | 21743.89 | 6142.50 | 629.14 | 3145.72 | 9244.18 | 9120.74
807 | 0.11 | 7345.84 | 4690.83
813 | 0.09 | 12905.13 | 10732.84
815 | 0.11 | 7149.77 | 4494.75
816 | 0.10 | 12776.98 | 10363.33
817 | 0.05 | 7441.78 | 6234.95
821 | 0.15 | 9905.52 | 6285.04
822 | 0.11 | 13246.09 | 10591.07
823 | 0.06 | 5789.41 | 4341.22
824 | 0.06 | 5783.62 | 4335.43
826 | 0.10 | 6984.29 | 4570.64
828 | 0.13 | 7733.20 | 4595.45
830 | 0.06 | 10779.13 | 9330.94
831 | 0.13 | 12237.59 | 9099.84
832 | 0.11 | 12203.32 | 9548.30
833 | 0.05 | 8950.55 | 7743.72
835 | 0.07 | 10522.14 | 8832.58
836 | 0.09 | 11834.95 | 9662.67
842 | 0.13 | 4144.06 | 1006.31
843 | 0.08 | 2709.90 | 778.98
Vehicle 17
Charging tour: 
888  -> 889  -> 890  -> 861  -> 877  -> 883  -> 864  -> 885  -> 850  -> 860  -> 845  -> 880  -> 884  -> 886  -> 851  -> 853  -> 868  -> 869  -> 849  -> 875  -> 881  -> 866  -> 852  -> 872  -> 870  -> 854  -> 
Charging time: 
4279.253398977085  + 2025.8301914070469  + 2904.9549988027475  + 355.36482445449576  + 657.2869739525631  + 1699.4160262878368  + 385.2468008400313  + 1193.9875664734038  + 408.6338850065143  + 336.4525659143871  + 484.61260231905027  + 429.1019325291665  + 509.21424172308565  + 989.0660746185077  + 468.40864312713063  + 290.60161058410137  + 361.6109739589171  + 452.59351664133516  + 334.4084517037672  + 622.8608756231789  + 551.2262310023043  + 381.7616855494332  + 360.61505498666935  + 358.2893867352701  + 222.48992107507857  + 213.77884938019878  + 
total node:26/48
-------------------
Traveling energy: 1614.6635816334408
Charging energy: 106385.33641836655
Total energy used: 108000.0
-------------------
Total time for travel: 1614.6635816334408
Total time for charging: 21277.06728367331
Charging round duration: 22891.730865306752
-------------------
ID | p | E0 | time_arrive | E_remain | time_charge | energy_charge| E_after_charge | E_after_cycle
888 | 0.09 | 745.78 | 171.95 | 730.30 | 4279.25 | 21396.27 | 21741.44 | 19969.76
889 | 0.09 | 1575.34 | 4533.27 | 1167.35 | 2025.83 | 10129.15 | 11114.17 | 9532.21
890 | 0.12 | 1464.80 | 6599.76 | 672.83 | 2904.95 | 14524.77 | 14849.01 | 13093.19
861 | 0.10 | 9978.40 | 9550.49 | 9023.35 | 355.36 | 1776.82 | 10764.64 | 9341.57
877 | 0.13 | 7013.32 | 9985.09 | 5715.26 | 657.29 | 3286.43 | 8916.25 | 7162.01
883 | 0.12 | 2503.90 | 10694.84 | 1220.52 | 1699.42 | 8497.08 | 9513.67 | 8104.60
864 | 0.11 | 10124.86 | 12436.88 | 8756.80 | 385.25 | 1926.23 | 10640.66 | 9396.08
885 | 0.08 | 2375.89 | 12854.67 | 1347.51 | 1193.99 | 5969.94 | 7221.93 | 6414.90
850 | 0.09 | 7809.87 | 14107.40 | 6540.20 | 408.63 | 2043.17 | 8546.59 | 7680.75
860 | 0.08 | 8431.44 | 14584.55 | 7264.67 | 336.45 | 1682.26 | 8920.02 | 8182.78
845 | 0.12 | 8780.56 | 15018.17 | 6978.38 | 484.61 | 2423.06 | 9343.29 | 8307.23
880 | 0.09 | 7437.34 | 15543.34 | 6038.44 | 429.10 | 2145.51 | 8145.33 | 7410.56
884 | 0.07 | 4874.53 | 15992.80 | 3755.04 | 509.21 | 2546.07 | 6265.46 | 5731.05
886 | 0.08 | 2868.14 | 16552.19 | 1543.96 | 989.07 | 4945.33 | 6410.17 | 5882.55
851 | 0.14 | 10598.36 | 17586.89 | 8136.19 | 468.41 | 2342.04 | 10412.66 | 9561.29
853 | 0.05 | 6101.09 | 18073.20 | 5197.43 | 290.60 | 1453.01 | 6635.91 | 6347.27
868 | 0.09 | 8825.44 | 18402.99 | 7169.17 | 361.61 | 1808.05 | 8944.68 | 8461.21
869 | 0.11 | 8618.26 | 18884.11 | 6541.01 | 452.59 | 2262.97 | 8754.19 | 8226.21
849 | 0.09 | 9543.35 | 19457.98 | 7792.13 | 334.41 | 1672.04 | 9434.07 | 9043.10
875 | 0.13 | 7400.95 | 19800.76 | 4826.86 | 622.86 | 3114.30 | 7860.19 | 7377.51
881 | 0.11 | 7076.17 | 20455.46 | 4826.07 | 551.23 | 2756.13 | 7521.57 | 7177.28
866 | 0.08 | 7430.76 | 21044.79 | 5747.17 | 381.76 | 1908.81 | 7625.44 | 7408.64
852 | 0.11 | 10816.44 | 21453.39 | 8456.57 | 360.62 | 1803.08 | 10219.97 | 9964.50
872 | 0.07 | 6927.87 | 21865.37 | 5397.29 | 358.29 | 1791.45 | 7163.66 | 7029.76
870 | 0.06 | 9562.61 | 22255.70 | 8227.27 | 222.49 | 1112.45 | 9326.37 | 9226.87
854 | 0.06 | 9952.27 | 22524.79 | 8600.78 | 213.78 | 1068.89 | 9656.85 | 9572.97
844 | 0.10 | 7989.07 | 5575.42
846 | 0.10 | 8660.76 | 6247.11
847 | 0.09 | 9950.19 | 7777.90
848 | 0.05 | 10174.24 | 8967.42
855 | 0.11 | 8155.47 | 5500.45
856 | 0.07 | 7274.69 | 5585.13
857 | 0.06 | 6534.71 | 5086.52
858 | 0.12 | 10518.01 | 7621.63
859 | 0.11 | 10307.27 | 7652.25
862 | 0.14 | 12265.09 | 8885.97
863 | 0.14 | 10599.41 | 7220.30
865 | 0.12 | 8383.78 | 5487.40
867 | 0.11 | 10061.08 | 7406.06
871 | 0.07 | 6856.62 | 5167.07
873 | 0.13 | 7644.19 | 4506.44
874 | 0.06 | 8437.77 | 6989.58
876 | 0.06 | 6211.97 | 4763.78
878 | 0.06 | 6623.39 | 5175.20
879 | 0.11 | 6985.13 | 4330.12
882 | 0.10 | 7245.74 | 4832.09
887 | 0.05 | 6981.83 | 5775.00
891 | 0.06 | 7770.45 | 6322.26
Vehicle 18
Charging tour: 
922  -> 894  -> 941  -> 916  -> 906  -> 908  -> 896  -> 938  -> 948  -> 897  -> 950  -> 934  -> 911  -> 926  -> 936  -> 940  -> 902  -> 912  -> 898  -> 903  -> 931  -> 946  -> 893  -> 947  -> 942  -> 951  -> 932  -> 919  -> 917  -> 939  -> 925  -> 944  -> 
Charging time: 
600.6283880568578  + 618.5945825576687  + 2033.354545601789  + 392.7347331699959  + 224.35022675807394  + 506.04857563235254  + 395.53529224647986  + 323.0754979671364  + 2720.819092293346  + 456.8298261526642  + 1770.4877596192653  + 172.3869419132181  + 455.3188222742844  + 553.1104223301977  + 478.4399276704806  + 1325.3862509438572  + 463.72034664890623  + 250.65106992713774  + 293.4602331921171  + 576.6053195185641  + 465.80969137699026  + 1093.756233512004  + 616.8076068704715  + 332.9933707539364  + 1170.1327385079308  + 198.87806424296897  + 384.4999648643042  + 407.6464234021574  + 337.9044469381379  + 561.6097754179127  + 518.7713028735609  + 450.3059952322206  + 
total node:32/61
-------------------
Traveling energy: 2246.732657665049
Charging energy: 105753.26734233495
Total energy used: 108000.0
-------------------
Total time for travel: 2246.732657665049
Total time for charging: 21150.65346846699
Charging round duration: 23397.386126132038
-------------------
ID | p | E0 | time_arrive | E_remain | time_charge | energy_charge| E_after_charge | E_after_cycle
922 | 0.14 | 6324.08 | 171.79 | 6300.03 | 600.63 | 3003.14 | 9219.08 | 5948.11
894 | 0.14 | 6140.40 | 808.31 | 6027.24 | 618.59 | 3092.97 | 9033.61 | 5854.26
941 | 0.11 | 1467.76 | 1488.85 | 1303.99 | 2033.35 | 10166.77 | 11247.09 | 8979.51
916 | 0.11 | 7599.21 | 3594.03 | 7203.87 | 392.73 | 1963.67 | 9124.34 | 6907.87
906 | 0.07 | 8465.38 | 4109.07 | 8177.75 | 224.35 | 1121.75 | 9283.79 | 7897.58
908 | 0.12 | 6433.75 | 4371.73 | 5909.14 | 506.05 | 2530.24 | 8378.66 | 6067.61
896 | 0.08 | 5487.57 | 4973.92 | 5089.65 | 395.54 | 1977.68 | 7035.69 | 5534.32
938 | 0.09 | 7558.12 | 5394.64 | 7072.60 | 323.08 | 1615.38 | 8658.90 | 7001.21
948 | 0.14 | 1396.06 | 5763.79 | 589.13 | 2720.82 | 13604.10 | 13812.31 | 11621.04
897 | 0.15 | 8908.65 | 8555.69 | 7625.30 | 456.83 | 2284.15 | 9840.92 | 7572.32
950 | 0.12 | 1838.92 | 9120.80 | 744.43 | 1770.49 | 8852.44 | 9384.41 | 7794.98
934 | 0.06 | 9443.26 | 10981.96 | 8784.34 | 172.39 | 861.93 | 9635.93 | 8857.00
911 | 0.12 | 7150.57 | 11181.46 | 5808.80 | 455.32 | 2276.59 | 8030.75 | 6530.78
926 | 0.13 | 6376.86 | 11646.69 | 4862.79 | 553.11 | 2765.55 | 7556.43 | 6004.66
936 | 0.11 | 6237.93 | 12315.85 | 4883.18 | 478.44 | 2392.20 | 7222.76 | 5975.11
940 | 0.08 | 1637.66 | 12805.70 | 613.20 | 1325.39 | 6626.93 | 7134.10 | 6333.66
902 | 0.11 | 6435.93 | 14139.14 | 4880.63 | 463.72 | 2318.60 | 7148.22 | 6099.52
912 | 0.07 | 7577.11 | 14621.69 | 6553.59 | 250.65 | 1253.26 | 7789.30 | 7140.81
898 | 0.06 | 5547.24 | 14883.93 | 4654.21 | 293.46 | 1467.30 | 6103.90 | 5566.35
903 | 0.13 | 6117.02 | 15188.93 | 4142.46 | 576.61 | 2883.03 | 6950.52 | 5862.30
931 | 0.11 | 6407.07 | 15840.37 | 4664.63 | 465.81 | 2329.05 | 6942.44 | 6081.10
946 | 0.13 | 3224.76 | 16345.37 | 1099.87 | 1093.76 | 5468.78 | 6426.46 | 5555.80
893 | 0.14 | 6158.19 | 17500.00 | 3708.19 | 616.81 | 3084.04 | 6705.88 | 5863.12
947 | 0.08 | 6518.23 | 18258.13 | 5057.58 | 332.99 | 1664.97 | 6695.90 | 6252.27
942 | 0.13 | 3014.28 | 18599.39 | 596.36 | 1170.13 | 5850.66 | 6294.90 | 5727.19
951 | 0.05 | 6821.16 | 19919.75 | 5825.17 | 198.88 | 994.39 | 6809.62 | 6608.72
932 | 0.11 | 7761.96 | 20257.70 | 5533.61 | 384.50 | 1922.50 | 7413.82 | 7029.44
919 | 0.13 | 8652.36 | 20713.65 | 5959.59 | 407.65 | 2038.23 | 7944.83 | 7552.85
917 | 0.06 | 4817.62 | 21154.74 | 3548.33 | 337.90 | 1689.52 | 5217.58 | 5058.95
939 | 0.13 | 6280.35 | 21534.15 | 3480.91 | 561.61 | 2808.05 | 6215.95 | 5950.65
925 | 0.12 | 6275.96 | 22201.86 | 3611.74 | 518.77 | 2593.86 | 6143.34 | 5973.44
944 | 0.06 | 3615.09 | 22810.22 | 2246.47 | 450.31 | 2251.53 | 4470.98 | 4418.42
892 | 0.11 | 5647.58 | 2992.56
895 | 0.08 | 7449.37 | 5518.44
899 | 0.05 | 9253.70 | 8046.87
900 | 0.07 | 7373.10 | 5683.54
901 | 0.11 | 5883.93 | 3228.91
904 | 0.09 | 5900.30 | 3728.01
905 | 0.14 | 6811.86 | 3432.74
907 | 0.10 | 8079.34 | 5665.69
909 | 0.15 | 7529.07 | 3908.59
910 | 0.15 | 7276.21 | 3655.73
913 | 0.13 | 8550.11 | 5412.36
914 | 0.10 | 8863.33 | 6449.68
915 | 0.09 | 6988.34 | 4816.05
918 | 0.10 | 5761.15 | 3347.49
920 | 0.11 | 6897.03 | 4242.01
921 | 0.09 | 5631.77 | 3459.49
923 | 0.10 | 5612.84 | 3199.19
924 | 0.10 | 6193.09 | 3779.44
927 | 0.09 | 7457.23 | 5284.94
928 | 0.11 | 6590.00 | 3934.98
929 | 0.06 | 7245.18 | 5796.99
930 | 0.11 | 6277.81 | 3622.80
933 | 0.08 | 6460.17 | 4529.25
935 | 0.11 | 6374.48 | 3719.46
937 | 0.07 | 5918.48 | 4228.92
943 | 0.11 | 4012.46 | 1357.44
945 | 0.10 | 4557.30 | 2143.65
949 | 0.06 | 4099.49 | 2651.30
952 | 0.10 | 3306.46 | 892.81
Vehicle 19
Charging tour: 
989  -> 980  -> 994  -> 964  -> 959  -> 972  -> 981  -> 961  -> 999  -> 955  -> 969  -> 979  -> 973  -> 963  -> 970  -> 965  -> 954  -> 1000  -> 984  -> 978  -> 990  -> 982  -> 998  -> 991  -> 976  -> 987  -> 995  -> 957  -> 993  -> 996  -> 975  -> 962  -> 977  -> 968  -> 
Charging time: 
2947.1205848324366  + 363.33601679560815  + 1863.6647999232318  + 327.83932329845834  + 216.36641153172408  + 170.70076163914152  + 534.2955417560271  + 301.3338813085812  + 1876.3230743047038  + 368.73287052163704  + 223.38835089694658  + 520.0581283139813  + 407.34221675896725  + 165.19340056419932  + 380.7564998094258  + 338.90119427042777  + 342.4312859483207  + 214.78830456824775  + 379.292598807533  + 280.21024198787967  + 419.348583064033  + 360.93399972963067  + 155.67199960047225  + 471.1555780020287  + 182.98361881449375  + 439.68615673130273  + 0  + 257.27590655122987  + 1235.6894569822025  + 650.2258231648977  + 445.75888746302854  + 307.99768038552475  + 272.0463300298154  + 359.82331860408993  + 
total node:34/48
-------------------
Traveling energy: 2284.790533892209
Charging energy: 88903.36413480112
Total energy used: 91188.15466869333
-------------------
Total time for travel: 2284.790533892209
Total time for charging: 17780.672826960224
Charging round duration: 20065.463360852435
-------------------
ID | p | E0 | time_arrive | E_remain | time_charge | energy_charge| E_after_charge | E_after_cycle
989 | 0.14 | 1227.36 | 125.28 | 1209.82 | 2947.12 | 14735.60 | 15532.83 | 12583.85
980 | 0.11 | 7822.14 | 3087.83 | 7482.48 | 363.34 | 1816.68 | 9259.19 | 6983.80
994 | 0.09 | 1247.72 | 3482.26 | 934.31 | 1863.66 | 9318.32 | 10084.91 | 8393.75
964 | 0.13 | 10245.27 | 5374.66 | 9546.57 | 327.84 | 1639.20 | 11143.14 | 8746.72
959 | 0.07 | 8358.90 | 5733.91 | 7957.53 | 216.37 | 1081.83 | 9024.22 | 7751.18
972 | 0.05 | 7567.91 | 6000.68 | 7267.87 | 170.70 | 853.50 | 8112.84 | 7214.58
981 | 0.14 | 6769.98 | 6230.76 | 5897.68 | 534.30 | 2671.48 | 8494.35 | 6062.35
961 | 0.11 | 9431.61 | 6822.13 | 8681.18 | 301.33 | 1506.67 | 10154.70 | 8283.26
999 | 0.14 | 1927.80 | 7143.11 | 927.76 | 1876.32 | 9381.62 | 10046.69 | 7930.30
955 | 0.14 | 9809.74 | 9096.79 | 8536.19 | 368.73 | 1843.66 | 10328.23 | 8274.29
969 | 0.08 | 9252.75 | 9508.50 | 8492.07 | 223.39 | 1116.94 | 9591.14 | 8438.77
979 | 0.14 | 6955.32 | 9806.96 | 5582.35 | 520.06 | 2600.29 | 8109.83 | 6176.50
973 | 0.13 | 8245.65 | 10353.51 | 6899.70 | 407.34 | 2036.71 | 8883.45 | 7144.62
963 | 0.07 | 10948.30 | 10808.69 | 10191.69 | 165.19 | 825.97 | 11006.09 | 10084.71
970 | 0.12 | 8142.83 | 11011.58 | 6821.44 | 380.76 | 1903.78 | 8679.53 | 7150.22
965 | 0.10 | 7623.74 | 11447.44 | 6479.00 | 338.90 | 1694.51 | 8139.61 | 6904.59
954 | 0.10 | 7545.15 | 11850.89 | 6360.06 | 342.43 | 1712.16 | 8037.97 | 6843.65
1000 | 0.06 | 7217.42 | 12265.11 | 6481.51 | 214.79 | 1073.94 | 7542.56 | 6843.17
984 | 0.10 | 6811.88 | 12531.20 | 5558.76 | 379.29 | 1896.46 | 7417.29 | 6294.69
978 | 0.08 | 7376.45 | 12977.48 | 6338.25 | 280.21 | 1401.05 | 7716.88 | 6846.57
990 | 0.05 | 3080.60 | 13321.41 | 2414.53 | 419.35 | 2096.74 | 4490.31 | 3970.52
982 | 0.10 | 7158.36 | 13771.44 | 5781.21 | 360.93 | 1804.67 | 7549.79 | 6549.37
998 | 0.05 | 8298.52 | 14182.37 | 7589.40 | 155.67 | 778.36 | 8359.98 | 7870.05
991 | 0.09 | 4935.37 | 14457.79 | 3634.16 | 471.16 | 2355.78 | 5947.54 | 5118.86
976 | 0.07 | 9883.87 | 15086.24 | 8827.83 | 182.98 | 914.92 | 9729.94 | 9109.23
987 | 0.11 | 6463.85 | 15334.03 | 4777.10 | 439.69 | 2198.43 | 6927.17 | 6007.26
[91m995 | 0.11 | 845.26 | 15858.39 | -899.17 | 0.00 | 0.00 | -899.17 | -1809.76[00m
957 | 0.10 | 10042.51 | 16020.18 | 8440.49 | 257.28 | 1286.38 | 9701.14 | 8915.23
993 | 0.14 | 2927.25 | 16364.96 | 636.16 | 1235.69 | 6178.45 | 6641.61 | 5726.58
996 | 0.11 | 4370.89 | 17639.43 | 2430.55 | 650.23 | 3251.13 | 5610.15 | 4967.00
975 | 0.15 | 8694.26 | 18341.81 | 5942.98 | 445.76 | 2228.79 | 8104.91 | 7302.57
962 | 0.13 | 10905.29 | 18859.06 | 8453.61 | 308.00 | 1539.99 | 9953.56 | 9307.53
977 | 0.10 | 9497.26 | 19231.15 | 7574.14 | 272.05 | 1360.23 | 8907.17 | 8443.84
968 | 0.11 | 7898.50 | 19543.31 | 5748.73 | 359.82 | 1799.12 | 7508.27 | 7042.60
953 | 0.10 | 10197.28 | 7783.62
956 | 0.12 | 9745.50 | 6849.12
958 | 0.08 | 10739.31 | 8808.38
960 | 0.11 | 8684.27 | 6029.26
966 | 0.13 | 14554.40 | 11416.65
967 | 0.09 | 9004.43 | 6832.14
971 | 0.06 | 10976.98 | 9528.78
974 | 0.14 | 9999.88 | 6620.77
983 | 0.08 | 6961.80 | 5030.87
985 | 0.06 | 6022.91 | 4574.72
986 | 0.08 | 9247.37 | 7316.45
988 | 0.14 | 6514.71 | 3135.60
992 | 0.07 | 6303.71 | 4614.15
997 | 0.10 | 3743.52 | 1329.87
Network survivability: 99.6%
networkSurvivabilityOverThousand: 99.6%
Average dead duration: 92527.35984206482
Traveling energy: 36283.098356506875
total calculate time: 38.38679313659668
