total sensor 766
condition 16.78648809876994
gen: 1
2000
gen: 2
2000
gen: 3
2000
gen: 4
2000
gen: 5
2000
gen: 6
2000
gen: 7
2000
gen: 8
2000
gen: 9
2000
gen: 10
2000
gen: 11
2000
gen: 12
2000
gen: 13
2000
gen: 14
2000
gen: 15
2000
gen: 16
2000
gen: 17
2000
gen: 18
2000
gen: 19
2000
gen: 20
2000
gen: 21
2000
gen: 22
2000
gen: 23
2000
gen: 24
2000
gen: 25
2000
gen: 26
2000
gen: 27
2000
gen: 28
2000
gen: 29
2000
gen: 30
2000
gen: 31
2000
gen: 32
2000
gen: 33
2000
gen: 34
2000
gen: 35
2000
gen: 36
2000
gen: 37
2000
gen: 38
2000
gen: 39
2000
gen: 40
2000
gen: 41
2000
gen: 42
2000
gen: 43
2000
gen: 44
2000
gen: 45
2000
gen: 46
2000
gen: 47
2000
gen: 48
2000
gen: 49
2000
gen: 50
2000
Number of charging vehicles: 20
Survey time: 23820.006762148878
Network clustering infor: 
Cluster 0:
[1, 2, 3, 4, 5, 6, 7, 8, 9, 10, 11, 12, 13, 14, 15, 16, 17, 18, 19, 20, 21, 22, 23, 24, 25, 26, 27, 28, 29, 30, 31, 32, 33, 34, 35, 36, 37, 38, 39, 40, 41, 42]
Cluster 1:
[43, 44, 45, 46, 47, 48, 49, 50, 51, 52, 53, 54, 55, 56, 57, 58, 59, 60, 61, 62, 63, 64, 65, 66, 67, 68, 69, 70, 71, 72, 73, 74, 75, 76, 77, 78, 79, 80, 81, 82, 83]
Cluster 2:
[84, 85, 86, 87, 88, 89, 90, 91, 92, 93, 94, 95, 96, 97, 98, 99, 100, 101, 102, 103, 104, 105, 106, 107, 108, 109, 110, 111, 112, 113, 114, 115, 116, 117, 118, 119, 120, 121]
Cluster 3:
[122, 123, 124, 125, 126, 127, 128, 129, 130, 131, 132, 133, 134, 135, 136, 137, 138, 139, 140, 141, 142, 143, 144, 145, 146, 147, 148, 149, 150, 151, 152, 153, 154, 155, 156, 157]
Cluster 4:
[158, 159, 160, 161, 162, 163, 164, 165, 166, 167, 168, 169, 170, 171, 172, 173, 174, 175, 176, 177, 178, 179, 180, 181, 182, 183, 184, 185, 186, 187, 188, 189]
Cluster 5:
[190, 191, 192, 193, 194, 195, 196, 197, 198, 199, 200, 201, 202, 203, 204, 205, 206, 207, 208, 209, 210, 211, 212, 213, 214, 215, 216, 217, 218, 219, 220, 221, 222, 223, 224, 225, 226, 227, 228, 229, 230, 231, 232]
Cluster 6:
[233, 234, 235, 236, 237, 238, 239, 240, 241, 242, 243, 244, 245, 246, 247, 248, 249, 250, 251, 252, 253, 254, 255, 256, 257, 258, 259, 260, 261, 262, 263, 264, 265, 266, 267, 268, 269, 270, 271, 272, 273]
Cluster 7:
[274, 275, 276, 277, 278, 279, 280, 281, 282, 283, 284, 285, 286, 287, 288, 289, 290, 291, 292, 293, 294, 295, 296, 297, 298, 299, 300, 301, 302, 303, 304, 305, 306, 307, 308, 309, 310, 311, 312, 313]
Cluster 8:
[314, 315, 316, 317, 318, 319, 320, 321, 322, 323, 324, 325, 326, 327, 328, 329, 330, 331, 332, 333, 334, 335, 336, 337, 338, 339, 340, 341, 342, 343, 344, 345, 346, 347, 348, 349, 350, 351, 352]
Cluster 9:
[353, 354, 355, 356, 357, 358, 359, 360, 361, 362, 363, 364, 365, 366, 367, 368, 369, 370, 371, 372, 373, 374, 375, 376, 377, 378, 379, 380, 381, 382, 383, 384, 385, 386, 387, 388, 389, 390, 391, 392, 393]
Cluster 10:
[394, 395, 396, 397, 398, 399, 400, 401, 402, 403, 404, 405, 406, 407, 408, 409, 410, 411, 412, 413, 414, 415, 416, 417, 418, 419, 420, 421, 422, 423, 424, 425, 426, 427, 428, 429, 430, 431, 432]
Cluster 11:
[433, 434, 435, 436, 437, 438, 439, 440, 441, 442, 443, 444, 445, 446, 447, 448, 449, 450, 451, 452, 453, 454, 455, 456, 457, 458, 459, 460, 461, 462, 463, 464, 465, 466, 467, 468, 469, 470]
Cluster 12:
[471, 472, 473, 474, 475, 476, 477, 478, 479, 480, 481, 482, 483, 484, 485, 486, 487, 488, 489, 490, 491, 492, 493, 494, 495, 496, 497, 498, 499, 500, 501, 502, 503, 504, 505, 506, 507, 508, 509]
Cluster 13:
[510, 511, 512, 513, 514, 515, 516, 517, 518, 519, 520, 521, 522, 523, 524, 525, 526, 527, 528, 529, 530, 531, 532, 533, 534, 535, 536, 537, 538, 539, 540, 541]
Cluster 14:
[542, 543, 544, 545, 546, 547, 548, 549, 550, 551, 552, 553, 554, 555, 556, 557, 558, 559, 560, 561, 562, 563, 564, 565, 566, 567, 568, 569, 570, 571, 572, 573, 574, 575, 576, 577, 578, 579, 580, 581]
Cluster 15:
[582, 583, 584, 585, 586, 587, 588, 589, 590, 591, 592, 593, 594, 595, 596, 597, 598, 599, 600, 601, 602, 603, 604, 605, 606, 607, 608, 609, 610, 611, 612, 613, 614, 615, 616, 617, 618, 619, 620]
Cluster 16:
[621, 622, 623, 624, 625, 626, 627, 628, 629, 630, 631, 632, 633, 634, 635, 636, 637, 638, 639, 640, 641, 642, 643, 644, 645, 646, 647]
Cluster 17:
[648, 649, 650, 651, 652, 653, 654, 655, 656, 657, 658, 659, 660, 661, 662, 663, 664, 665, 666, 667, 668, 669, 670, 671, 672, 673, 674, 675, 676, 677, 678, 679, 680, 681, 682, 683, 684, 685]
Cluster 18:
[686, 687, 688, 689, 690, 691, 692, 693, 694, 695, 696, 697, 698, 699, 700, 701, 702, 703, 704, 705, 706, 707, 708, 709, 710, 711, 712, 713, 714, 715, 716, 717, 718, 719, 720, 721, 722, 723, 724, 725, 726, 727]
Cluster 19:
[728, 729, 730, 731, 732, 733, 734, 735, 736, 737, 738, 739, 740, 741, 742, 743, 744, 745, 746, 747, 748, 749, 750, 751, 752, 753, 754, 755, 756, 757, 758, 759, 760, 761, 762, 763, 764, 765, 766]
Vehicle 0
Charging tour: 
36  -> 40  -> 22  -> 39  -> 28  -> 5  -> 23  -> 29  -> 30  -> 3  -> 6  -> 10  -> 12  -> 8  -> 27  -> 1  -> 9  -> 41  -> 20  -> 31  -> 11  -> 38  -> 32  -> 15  -> 2  -> 42  -> 13  -> 33  -> 19  -> 25  -> 34  -> 24  -> 4  -> 35  -> 7  -> 16  -> 18  -> 14  -> 37  -> 17  -> 26  -> 21  -> 
Charging time: 
680.3302383420108  + 489.99283260707705  + 684.5671389699198  + 344.9637695784038  + 587.0259581260825  + 684.486957911378  + 626.0912301775899  + 245.96657327623703  + 345.2518468976228  + 297.0754621158836  + 489.98064528899397  + 684.5688196225187  + 393.3659509427216  + 489.9923552869549  + 393.3703156353738  + 393.3612110806296  + 296.498627820073  + 538.4430918191202  + 489.9843009125363  + 684.0476127711247  + 635.7332539677243  + 634.0147108660336  + 538.4468699436682  + 587.0256281661349  + 441.5913161623921  + 635.7333644301477  + 538.444030650184  + 393.37819239001885  + 638.1442551392845  + 587.0258647584358  + 295.3732726646972  + 393.4142697714255  + 297.12173177956885  + 587.0145587359491  + 489.9938209885424  + 344.5780428601071  + 684.5608063465553  + 538.4670085048551  + 684.5688048935478  + 489.97402510489843  + 345.0296712549347  + 489.977782973022  + 
total node:42/42
-------------------
Traveling energy: 2455.1188923280934
Charging energy: 105544.8811076719
Total energy used: 108000.0
-------------------
Total time for travel: 2455.1188923280934
Total time for charging: 21108.97622153438
Charging round duration: 23564.095113862473
-------------------
ID | p | E0 | time_arrive | E_remain | time_charge | energy_charge| E_after_charge | E_after_cycle
36 | 0.14 | 6122.94 | 178.37 | 6097.97 | 680.33 | 3401.65 | 9404.37 | 6189.79
40 | 0.10 | 6072.42 | 946.43 | 5977.78 | 489.99 | 2449.96 | 8378.75 | 6140.39
22 | 0.14 | 6085.05 | 1452.59 | 5881.68 | 684.57 | 3422.84 | 9208.68 | 6173.08
39 | 0.07 | 6037.77 | 2182.57 | 5884.99 | 344.96 | 1724.82 | 7585.66 | 6095.19
28 | 0.12 | 6082.41 | 2561.93 | 5774.98 | 587.03 | 2935.13 | 8639.67 | 6159.14
5 | 0.14 | 6085.76 | 3228.92 | 5633.71 | 684.49 | 3422.43 | 8960.32 | 6173.39
23 | 0.14 | 6653.38 | 4044.63 | 6087.13 | 626.09 | 3130.46 | 9129.93 | 6449.03
29 | 0.05 | 6048.47 | 4688.33 | 5814.06 | 245.97 | 1229.83 | 7031.59 | 6087.31
30 | 0.07 | 6032.73 | 5032.96 | 5680.42 | 345.25 | 1726.26 | 7382.51 | 6091.59
3 | 0.06 | 6009.47 | 5396.17 | 5685.70 | 297.08 | 1485.38 | 7153.25 | 6065.65
6 | 0.10 | 6072.58 | 5738.25 | 5498.75 | 489.98 | 2449.90 | 7899.66 | 6140.48
10 | 0.14 | 6085.03 | 6246.44 | 5210.53 | 684.57 | 3422.84 | 8537.53 | 6173.07
12 | 0.08 | 6051.25 | 7008.74 | 5490.55 | 393.37 | 1966.83 | 7425.91 | 6112.48
8 | 0.10 | 6072.43 | 7406.97 | 5331.73 | 489.99 | 2449.96 | 7732.70 | 6140.39
27 | 0.08 | 6051.18 | 7928.09 | 5416.93 | 393.37 | 1966.85 | 7352.32 | 6112.43
1 | 0.08 | 6051.32 | 8339.50 | 5384.16 | 393.36 | 1966.81 | 7319.50 | 6112.53
9 | 0.06 | 6021.16 | 8792.05 | 5493.64 | 296.50 | 1482.49 | 6958.34 | 6074.46
41 | 0.11 | 6078.62 | 9160.03 | 5071.01 | 538.44 | 2692.22 | 7704.00 | 6150.63
20 | 0.10 | 6072.53 | 9719.31 | 5100.60 | 489.98 | 2449.92 | 7501.52 | 6140.45
31 | 0.14 | 6089.67 | 10247.45 | 4655.02 | 684.05 | 3420.24 | 7979.49 | 6175.10
11 | 0.13 | 6084.43 | 11084.70 | 4643.42 | 635.73 | 3178.67 | 7739.44 | 6166.50
38 | 0.13 | 6100.93 | 11862.87 | 4558.75 | 634.01 | 3170.07 | 7646.41 | 6174.40
32 | 0.11 | 6078.57 | 12534.61 | 4699.77 | 538.45 | 2692.23 | 7332.77 | 6150.61
15 | 0.12 | 6082.41 | 13167.75 | 4502.28 | 587.03 | 2935.13 | 7366.97 | 6159.14
2 | 0.09 | 6064.20 | 13758.40 | 4825.95 | 441.59 | 2207.96 | 6994.16 | 6128.36
42 | 0.13 | 6084.43 | 14301.19 | 4225.28 | 635.73 | 3178.67 | 7321.30 | 6166.50
13 | 0.11 | 6078.61 | 14995.53 | 4429.10 | 538.44 | 2692.22 | 7062.09 | 6150.62
33 | 0.08 | 6051.06 | 15562.77 | 4806.04 | 393.38 | 1966.89 | 6741.46 | 6112.35
19 | 0.15 | 6993.98 | 16021.07 | 4590.82 | 638.14 | 3190.72 | 7685.82 | 6611.70
25 | 0.12 | 6082.41 | 16757.79 | 4071.48 | 587.03 | 2935.13 | 6936.16 | 6159.14
34 | 0.06 | 6044.10 | 17388.48 | 5000.79 | 295.37 | 1476.87 | 6459.94 | 6091.77
24 | 0.08 | 6050.51 | 17689.95 | 4635.31 | 393.41 | 1967.07 | 6570.91 | 6111.98
4 | 0.06 | 6008.54 | 18130.90 | 4920.68 | 297.12 | 1485.61 | 6388.46 | 6064.94
35 | 0.12 | 6082.53 | 18480.62 | 3864.86 | 587.01 | 2935.07 | 6729.49 | 6159.20
7 | 0.10 | 6072.41 | 19115.12 | 4160.90 | 489.99 | 2449.97 | 6561.87 | 6140.38
16 | 0.07 | 6044.53 | 19621.37 | 4671.03 | 344.58 | 1722.89 | 6369.80 | 6100.02
18 | 0.14 | 6085.10 | 20014.68 | 3283.05 | 684.56 | 3422.80 | 6610.01 | 6173.10
14 | 0.11 | 6078.35 | 20708.81 | 3800.38 | 538.47 | 2692.34 | 6433.48 | 6150.48
37 | 0.14 | 6085.03 | 21292.12 | 3104.13 | 684.57 | 3422.84 | 6431.14 | 6173.07
17 | 0.10 | 6072.66 | 22001.85 | 3872.47 | 489.97 | 2449.87 | 6273.34 | 6140.53
26 | 0.07 | 6036.61 | 22540.70 | 4458.77 | 345.03 | 1725.15 | 6159.76 | 6094.36
21 | 0.10 | 6072.61 | 22949.62 | 3777.65 | 489.98 | 2449.89 | 6178.54 | 6140.50
Vehicle 1
Charging tour: 
78  -> 75  -> 74  -> 58  -> 48  -> 51  -> 71  -> 53  -> 59  -> 46  -> 50  -> 64  -> 80  -> 63  -> 45  -> 77  -> 72  -> 57  -> 44  -> 47  -> 70  -> 66  -> 65  -> 73  -> 54  -> 81  -> 56  -> 79  -> 61  -> 69  -> 52  -> 60  -> 82  -> 49  -> 55  -> 68  -> 76  -> 83  -> 43  -> 67  -> 62  -> 
Charging time: 
646.1910013760008  + 309.45997240688376  + 550.7122476222463  + 598.465157610096  + 359.37267198462115  + 311.12400583077715  + 646.1159520874448  + 359.23288173147495  + 550.7165362406795  + 786.6376925413599  + 550.7097403267475  + 550.7165017117362  + 646.1205264867641  + 598.3984618209562  + 693.8950651894692  + 693.8393750088142  + 646.1906796724393  + 455.1402832505029  + 502.92303529868946  + 502.93052283894224  + 502.92057946004246  + 598.4124669499664  + 262.91760074317045  + 407.1861318007647  + 359.32873494349775  + 262.8256439302733  + 693.7975589256209  + 359.0565888073295  + 550.7146001201197  + 407.0116303562159  + 358.78873353460517  + 550.7052546366699  + 407.19787098157906  + 646.1907941179148  + 645.9951241011527  + 359.3542634144471  + 646.1888142259271  + 693.096845962217  + 502.9380690753028  + 407.06356845714726  + 550.7123505714759  + 
total node:41/41
-------------------
Traveling energy: 2343.5223192395506
Charging energy: 105656.4776807604
Total energy used: 107999.99999999996
-------------------
Total time for travel: 2343.5223192395506
Total time for charging: 21131.29553615208
Charging round duration: 23474.81785539163
-------------------
ID | p | E0 | time_arrive | E_remain | time_charge | energy_charge| E_after_charge | E_after_cycle
78 | 0.13 | 7171.06 | 181.30 | 7147.49 | 646.19 | 3230.96 | 10294.44 | 7305.41
75 | 0.06 | 6911.11 | 837.53 | 6860.86 | 309.46 | 1547.30 | 8389.59 | 7029.21
74 | 0.11 | 7119.82 | 1170.43 | 6991.07 | 550.71 | 2753.56 | 9684.05 | 7253.18
58 | 0.12 | 7147.32 | 1765.19 | 6935.50 | 598.47 | 2992.33 | 9856.01 | 7281.25
48 | 0.07 | 6943.11 | 2414.15 | 6774.12 | 359.37 | 1796.86 | 8545.82 | 7072.57
51 | 0.06 | 6874.14 | 2865.91 | 6702.19 | 311.12 | 1555.62 | 8239.14 | 7000.56
71 | 0.13 | 7171.89 | 3233.94 | 6751.48 | 646.12 | 3230.58 | 9898.07 | 7305.87
53 | 0.07 | 6945.81 | 3983.71 | 6666.95 | 359.23 | 1796.16 | 8437.97 | 7074.57
59 | 0.11 | 7119.76 | 4362.34 | 6639.90 | 550.72 | 2753.58 | 9332.91 | 7253.14
46 | 0.16 | 7250.14 | 4950.39 | 6458.07 | 786.64 | 3933.19 | 10265.40 | 7372.12
50 | 0.11 | 7119.85 | 5854.39 | 6475.87 | 550.71 | 2753.55 | 9168.84 | 7253.20
64 | 0.11 | 7119.76 | 6430.00 | 6412.46 | 550.72 | 2753.58 | 9105.47 | 7253.14
80 | 0.13 | 7171.84 | 6995.71 | 6262.40 | 646.12 | 3230.60 | 9409.01 | 7305.84
63 | 0.12 | 7148.12 | 7659.05 | 6229.03 | 598.40 | 2991.99 | 9149.22 | 7281.71
45 | 0.14 | 7191.76 | 8386.85 | 6017.60 | 693.90 | 3469.48 | 9389.93 | 7326.43
77 | 0.14 | 7192.34 | 9190.98 | 5905.60 | 693.84 | 3469.20 | 9277.66 | 7326.73
72 | 0.13 | 7171.06 | 9920.64 | 5881.38 | 646.19 | 3230.95 | 9028.33 | 7305.42
57 | 0.09 | 7048.52 | 10584.61 | 6095.91 | 455.14 | 2275.70 | 8330.65 | 7180.42
44 | 0.10 | 7087.60 | 11058.60 | 5981.74 | 502.92 | 2514.62 | 8446.07 | 7220.22
47 | 0.10 | 7087.50 | 11576.87 | 5929.81 | 502.93 | 2514.65 | 8394.17 | 7220.15
70 | 0.10 | 7087.64 | 12108.83 | 5876.75 | 502.92 | 2514.60 | 8341.07 | 7220.24
66 | 0.12 | 7147.95 | 12750.34 | 5617.91 | 598.41 | 2992.06 | 8538.16 | 7281.61
65 | 0.05 | 6778.78 | 13377.73 | 6109.89 | 262.92 | 1314.59 | 7411.33 | 6902.36
73 | 0.08 | 7003.22 | 13684.27 | 5908.48 | 407.19 | 2035.93 | 7911.84 | 7133.55
54 | 0.07 | 6943.96 | 14116.48 | 5955.80 | 359.33 | 1796.64 | 7727.29 | 7073.20
81 | 0.05 | 6781.15 | 14593.79 | 6051.46 | 262.83 | 1314.13 | 7352.45 | 6904.28
56 | 0.14 | 7192.77 | 14879.74 | 5109.61 | 693.80 | 3468.99 | 8481.46 | 7326.96
79 | 0.07 | 6949.22 | 15601.87 | 5857.09 | 359.06 | 1795.28 | 7627.24 | 7077.10
61 | 0.11 | 7119.79 | 15978.93 | 5362.10 | 550.71 | 2753.57 | 8055.10 | 7253.16
69 | 0.08 | 7006.23 | 16594.62 | 5678.66 | 407.01 | 2035.06 | 7681.15 | 7135.68
52 | 0.07 | 6954.41 | 17074.49 | 5759.19 | 358.79 | 1793.94 | 7528.02 | 7080.95
60 | 0.11 | 7119.91 | 17447.11 | 5200.73 | 550.71 | 2753.53 | 7893.68 | 7253.23
82 | 0.08 | 7003.02 | 18038.10 | 5559.97 | 407.20 | 2035.99 | 7563.39 | 7133.41
49 | 0.13 | 7171.06 | 18510.15 | 4764.74 | 646.19 | 3230.95 | 7911.69 | 7305.42
55 | 0.13 | 7173.23 | 19232.36 | 4673.03 | 646.00 | 3229.98 | 7819.02 | 7306.61
68 | 0.07 | 6943.46 | 19906.85 | 5549.98 | 359.35 | 1796.77 | 7321.60 | 7072.83
76 | 0.13 | 7171.08 | 20374.05 | 4522.46 | 646.19 | 3230.94 | 7669.40 | 7305.43
83 | 0.14 | 7200.04 | 21056.45 | 4252.14 | 693.10 | 3465.48 | 7620.59 | 7330.73
43 | 0.10 | 7087.39 | 21757.19 | 4911.67 | 502.94 | 2514.69 | 7376.07 | 7220.08
67 | 0.08 | 7005.33 | 22356.50 | 5216.81 | 407.06 | 2035.32 | 7219.56 | 7135.05
62 | 0.11 | 7119.82 | 22819.86 | 4609.63 | 550.71 | 2753.56 | 7302.61 | 7253.18
Vehicle 2
Charging tour: 
90  -> 119  -> 84  -> 87  -> 114  -> 86  -> 89  -> 97  -> 91  -> 100  -> 92  -> 106  -> 117  -> 96  -> 85  -> 113  -> 103  -> 107  -> 112  -> 121  -> 93  -> 109  -> 99  -> 120  -> 98  -> 104  -> 111  -> 115  -> 94  -> 116  -> 101  -> 88  -> 110  -> 105  -> 102  -> 118  -> 108  -> 95  -> 
Charging time: 
467.9892545140279  + 143.36338188082087  + 496.3303697223778  + 574.3078049189762  + 281.5514891343162  + 304.2040680206048  + 290.78362399527265  + 487.6179852980173  + 531.005524792907  + 401.15179604843985  + 638.7836668574232  + 433.38040024507745  + 195.8287916239712  + 581.4836531619757  + 612.0853987019485  + 201.40460213766778  + 544.5052426139317  + 572.3573869716527  + 540.824857930061  + 226.30850661580425  + 463.69892187192994  + 594.5284446817714  + 552.0137776169026  + 391.7649136104408  + 454.02912825117613  + 809.7063154377252  + 321.5928964017459  + 296.95945537780585  + 396.7900876772249  + 428.78084781599  + 579.4465852251016  + 406.34693564842206  + 498.16571644786785  + 566.3225170834171  + 326.11775979390075  + 502.32878739775884  + 493.0346596835395  + 333.37817326966416  + 
total node:38/38
-------------------
Traveling energy: 2504.186586626416
Charging energy: 84701.36864238828
Total energy used: 87205.55522901469
-------------------
Total time for travel: 2504.186586626416
Total time for charging: 16940.273728477656
Charging round duration: 19444.460315104072
-------------------
ID | p | E0 | time_arrive | E_remain | time_charge | energy_charge| E_after_charge | E_after_cycle
90 | 0.11 | 8532.29 | 188.74 | 8511.53 | 467.99 | 2339.95 | 10800.00 | 8252.04
119 | 0.08 | 10149.20 | 681.79 | 10094.65 | 143.36 | 716.82 | 10800.00 | 8960.41
84 | 0.10 | 8451.18 | 831.94 | 8367.98 | 496.33 | 2481.65 | 10800.00 | 8550.83
87 | 0.12 | 8159.81 | 1353.64 | 7997.38 | 574.31 | 2871.54 | 10800.00 | 8172.95
114 | 0.07 | 9547.47 | 1936.04 | 9411.95 | 281.55 | 1407.76 | 10800.00 | 9287.83
86 | 0.06 | 9438.15 | 2348.56 | 9297.23 | 304.20 | 1521.02 | 10800.00 | 9529.97
89 | 0.06 | 9523.75 | 2670.27 | 9363.53 | 290.78 | 1453.92 | 10800.00 | 9548.46
97 | 0.12 | 8784.42 | 3033.32 | 8420.42 | 487.62 | 2438.09 | 10800.00 | 8364.11
91 | 0.11 | 8604.06 | 3642.51 | 8203.38 | 531.01 | 2655.03 | 10800.00 | 8638.89
100 | 0.10 | 9262.73 | 4283.71 | 8834.36 | 401.15 | 2005.76 | 10800.00 | 8886.49
92 | 0.13 | 8301.58 | 4711.17 | 7689.12 | 638.78 | 3193.92 | 10800.00 | 8398.89
106 | 0.12 | 9333.03 | 5399.39 | 8685.10 | 433.38 | 2166.90 | 10800.00 | 8641.53
117 | 0.08 | 10311.90 | 5942.17 | 9836.52 | 195.83 | 979.14 | 10800.00 | 9385.44
96 | 0.12 | 8710.71 | 6236.29 | 7962.36 | 581.48 | 2907.42 | 10800.00 | 8759.73
85 | 0.10 | 8494.26 | 6934.78 | 7800.78 | 612.09 | 3060.43 | 10800.00 | 9172.69
113 | 0.06 | 10266.09 | 7683.85 | 9805.06 | 201.40 | 1007.02 | 10800.00 | 9843.91
103 | 0.12 | 9102.88 | 8000.58 | 8142.81 | 544.51 | 2722.53 | 10800.00 | 8967.01
107 | 0.14 | 9225.01 | 8619.08 | 8018.34 | 572.36 | 2861.79 | 10800.00 | 8752.00
112 | 0.15 | 9558.59 | 9210.63 | 8177.00 | 540.82 | 2704.12 | 10800.00 | 8689.72
121 | 0.07 | 10369.71 | 9791.54 | 9684.30 | 226.31 | 1131.54 | 10800.00 | 9833.85
93 | 0.08 | 9297.07 | 10086.70 | 8490.13 | 463.70 | 2318.49 | 10771.53 | 9709.96
109 | 0.14 | 9391.02 | 10574.48 | 7910.59 | 594.53 | 2972.64 | 10800.00 | 9028.86
99 | 0.10 | 9212.81 | 11176.82 | 8095.13 | 552.01 | 2760.07 | 10800.00 | 9590.88
120 | 0.12 | 10305.91 | 11814.37 | 8888.19 | 391.76 | 1958.82 | 10800.00 | 9406.34
98 | 0.08 | 9495.08 | 12231.64 | 8516.55 | 454.03 | 2270.15 | 10750.37 | 9859.62
104 | 0.15 | 8779.15 | 12708.17 | 6872.92 | 809.71 | 4048.53 | 10800.00 | 9254.68
111 | 0.06 | 10026.33 | 13583.25 | 9211.33 | 321.59 | 1607.96 | 10800.00 | 10205.09
115 | 0.07 | 10310.88 | 13927.04 | 9335.99 | 296.96 | 1484.80 | 10800.00 | 10128.28
94 | 0.07 | 9506.69 | 14290.25 | 8506.38 | 396.79 | 1983.95 | 10462.55 | 9823.24
116 | 0.08 | 9866.77 | 14704.59 | 8690.40 | 428.78 | 2143.90 | 10800.00 | 10105.07
101 | 0.10 | 9299.91 | 15202.14 | 7779.70 | 579.45 | 2897.23 | 10618.99 | 9815.14
88 | 0.07 | 9283.11 | 15813.71 | 8176.15 | 406.35 | 2031.73 | 10179.44 | 9647.44
110 | 0.09 | 9735.56 | 16247.92 | 8273.25 | 498.17 | 2490.83 | 10719.24 | 10082.59
105 | 0.10 | 9515.43 | 16791.06 | 7836.32 | 566.32 | 2831.61 | 10611.30 | 9965.04
102 | 0.06 | 9914.46 | 17422.44 | 8869.11 | 326.12 | 1630.59 | 10480.13 | 10115.85
118 | 0.09 | 9654.88 | 17794.71 | 8053.35 | 502.33 | 2511.64 | 10519.79 | 10022.72
108 | 0.09 | 9836.88 | 18319.17 | 8188.15 | 493.03 | 2465.17 | 10608.95 | 10158.25
95 | 0.06 | 9698.54 | 18911.33 | 8563.86 | 333.38 | 1666.89 | 10210.75 | 9936.23
Vehicle 3
Charging tour: 
125  -> 157  -> 129  -> 141  -> 122  -> 124  -> 136  -> 134  -> 156  -> 128  -> 123  -> 135  -> 127  -> 146  -> 154  -> 130  -> 139  -> 140  -> 132  -> 138  -> 151  -> 143  -> 137  -> 142  -> 148  -> 150  -> 133  -> 155  -> 144  -> 152  -> 153  -> 145  -> 147  -> 149  -> 131  -> 126  -> 
Charging time: 
361.879412572732  + 329.7739230375355  + 433.13707593705857  + 413.83993540677096  + 411.739585141104  + 507.01231469025475  + 522.4475832421551  + 313.8663695507235  + 453.03355803093535  + 313.8662771260381  + 411.38454829410904  + 265.40819570780116  + 531.4442476001636  + 494.24841790965286  + 502.09328628456643  + 459.5442239563105  + 507.0586998325518  + 646.5169681179062  + 519.5650384218515  + 615.6029674635942  + 730.0160903967933  + 716.4773098113275  + 362.83520608607  + 718.3723323663902  + 798.2012100736915  + 516.0083814866193  + 641.1725245247427  + 647.5674721701461  + 702.1903517352943  + 700.6548745565665  + 904.8427316579246  + 505.09902076271317  + 662.8813091961512  + 869.2067225209321  + 583.5265702057932  + 266.0274771228397  + 
total node:36/36
-------------------
Traveling energy: 2338.534308162672
Charging energy: 96692.71106498907
Total energy used: 99031.24537315175
-------------------
Total time for travel: 2338.534308162672
Total time for charging: 19338.542212997814
Charging round duration: 21677.076521160485
-------------------
ID | p | E0 | time_arrive | E_remain | time_charge | energy_charge| E_after_charge | E_after_cycle
125 | 0.07 | 8925.66 | 154.17 | 8914.87 | 361.88 | 1809.40 | 10698.94 | 9067.66
157 | 0.13 | 9263.34 | 533.37 | 9194.00 | 329.77 | 1648.87 | 10800.00 | 7815.61
129 | 0.10 | 8779.50 | 1018.76 | 8677.63 | 433.14 | 2165.69 | 10800.00 | 8563.19
141 | 0.09 | 8913.30 | 1613.90 | 8768.05 | 413.84 | 2069.20 | 10800.00 | 8838.70
122 | 0.08 | 8938.50 | 2053.19 | 8774.24 | 411.74 | 2058.70 | 10800.00 | 9091.59
124 | 0.10 | 8567.08 | 2514.40 | 8315.64 | 507.01 | 2535.06 | 10800.00 | 8720.14
136 | 0.13 | 8653.09 | 3057.03 | 8255.68 | 522.45 | 2612.24 | 10800.00 | 8168.73
134 | 0.06 | 8820.90 | 3642.31 | 8602.36 | 313.87 | 1569.33 | 10152.86 | 8961.03
156 | 0.20 | 9424.43 | 3994.96 | 8625.44 | 453.03 | 2265.17 | 10800.00 | 6925.60
128 | 0.06 | 8820.90 | 4488.80 | 8551.57 | 313.87 | 1569.33 | 10102.07 | 8961.03
123 | 0.08 | 8973.22 | 4895.84 | 8581.55 | 411.38 | 2056.92 | 10605.56 | 9124.54
135 | 0.05 | 8692.84 | 5342.03 | 8425.74 | 265.41 | 1327.04 | 9739.51 | 8828.89
127 | 0.10 | 8682.57 | 5667.61 | 8115.81 | 531.44 | 2657.22 | 10719.89 | 8957.80
146 | 0.14 | 9269.65 | 6226.38 | 8397.95 | 494.25 | 2471.24 | 10800.00 | 8406.09
154 | 0.11 | 9088.64 | 6762.47 | 8344.76 | 502.09 | 2510.47 | 10800.00 | 8978.90
130 | 0.09 | 9036.94 | 7296.56 | 8380.25 | 459.54 | 2297.72 | 10636.61 | 9190.86
139 | 0.11 | 9176.72 | 7783.97 | 8320.48 | 507.06 | 2535.29 | 10800.00 | 9091.81
140 | 0.14 | 8820.12 | 8301.34 | 7657.93 | 646.52 | 3232.58 | 10800.00 | 8717.90
132 | 0.10 | 8881.09 | 8963.19 | 7984.77 | 519.57 | 2597.83 | 10530.64 | 9096.92
138 | 0.12 | 8938.67 | 9523.40 | 7795.86 | 615.60 | 3078.01 | 10800.00 | 9158.28
151 | 0.15 | 8795.19 | 10238.48 | 7259.42 | 730.02 | 3650.08 | 10800.00 | 8872.27
143 | 0.15 | 8981.19 | 11040.69 | 7325.09 | 716.48 | 3582.39 | 10800.00 | 8990.57
137 | 0.07 | 8902.15 | 11818.29 | 8074.87 | 362.84 | 1814.18 | 9863.65 | 9048.92
142 | 0.14 | 8992.59 | 12255.31 | 7276.84 | 718.37 | 3591.86 | 10768.13 | 9249.65
148 | 0.18 | 9291.98 | 12996.14 | 6952.67 | 798.20 | 3991.01 | 10800.00 | 8995.38
150 | 0.10 | 8942.31 | 13810.64 | 7561.24 | 516.01 | 2580.04 | 10089.68 | 9140.35
133 | 0.12 | 8636.00 | 14428.31 | 6904.60 | 641.17 | 3205.86 | 10033.52 | 8983.46
155 | 0.13 | 9263.28 | 15184.12 | 7289.34 | 647.57 | 3237.84 | 10442.99 | 9404.51
144 | 0.14 | 9199.82 | 15881.11 | 6976.47 | 702.19 | 3510.95 | 10389.11 | 9375.97
152 | 0.14 | 9219.98 | 16618.96 | 6893.33 | 700.65 | 3503.27 | 10298.51 | 9388.46
153 | 0.18 | 9179.22 | 17348.77 | 6056.44 | 904.84 | 4524.21 | 10417.78 | 9415.83
145 | 0.10 | 9135.45 | 18314.04 | 7304.04 | 505.10 | 2525.50 | 9779.03 | 9278.94
147 | 0.13 | 9049.28 | 18975.03 | 6582.52 | 662.88 | 3314.41 | 9810.75 | 9267.08
149 | 0.17 | 9024.69 | 19641.66 | 5685.60 | 869.21 | 4346.03 | 9883.87 | 9321.32
131 | 0.11 | 8698.38 | 20617.57 | 6430.45 | 583.53 | 2917.63 | 9283.89 | 8995.81
126 | 0.05 | 8672.61 | 21230.51 | 7611.08 | 266.03 | 1330.14 | 8927.92 | 8811.75
Vehicle 4
Charging tour: 
170  -> 178  -> 159  -> 168  -> 160  -> 163  -> 173  -> 166  -> 182  -> 161  -> 169  -> 158  -> 171  -> 164  -> 189  -> 167  -> 179  -> 162  -> 180  -> 172  -> 174  -> 184  -> 187  -> 185  -> 188  -> 186  -> 175  -> 165  -> 177  -> 176  -> 181  -> 183  -> 
Charging time: 
438.7283251835623  + 376.6127477089168  + 879.4251618106632  + 233.95595653478395  + 1142.6649017824209  + 1101.3609811599517  + 924.9991054499465  + 479.9252358132338  + 205.06169423428886  + 380.9349169480326  + 240.59462313911794  + 323.9135296020609  + 292.0232279587058  + 436.5199179954222  + 509.432813088407  + 312.3614351839557  + 455.1270517067303  + 654.4032859040178  + 495.15028326454194  + 702.6319188040716  + 251.36728707466693  + 480.6566796111033  + 427.4104475191075  + 709.2261664086517  + 293.98464783260624  + 421.82630511724375  + 477.4073497762506  + 566.7916269886821  + 660.8699001538944  + 535.7526404960747  + 631.3635170648618  + 401.29183362213575  + 
total node:32/32
-------------------
Traveling energy: 1975.8832521746924
Charging energy: 82218.87757469054
Total energy used: 84194.76082686524
-------------------
Total time for travel: 1975.8832521746924
Total time for charging: 16443.77551493811
Charging round duration: 18419.6587671128
-------------------
ID | p | E0 | time_arrive | E_remain | time_charge | energy_charge| E_after_charge | E_after_cycle
170 | 0.13 | 8677.22 | 106.39 | 8663.39 | 438.73 | 2193.64 | 10800.00 | 7774.26
178 | 0.15 | 9064.60 | 607.78 | 8973.43 | 376.61 | 1883.06 | 10800.00 | 7374.66
159 | 0.18 | 6739.27 | 989.44 | 6561.17 | 879.43 | 4397.13 | 10800.00 | 6848.79
168 | 0.06 | 9759.26 | 1916.78 | 9644.26 | 233.96 | 1169.78 | 10800.00 | 9499.84
160 | 0.23 | 5851.91 | 2184.42 | 5349.49 | 1142.66 | 5713.32 | 10800.00 | 6086.63
163 | 0.23 | 6335.31 | 3429.58 | 5546.51 | 1101.36 | 5506.80 | 10800.00 | 6363.52
173 | 0.23 | 7447.14 | 4606.03 | 6387.75 | 925.00 | 4625.00 | 10800.00 | 6593.53
166 | 0.10 | 9006.38 | 5580.10 | 8448.37 | 479.93 | 2399.63 | 10800.00 | 9024.00
182 | 0.06 | 10152.32 | 6088.68 | 9787.00 | 205.06 | 1025.31 | 10800.00 | 9748.42
161 | 0.07 | 9315.30 | 6371.74 | 8869.28 | 380.93 | 1904.67 | 10747.29 | 9552.58
169 | 0.05 | 9947.47 | 6768.27 | 9609.06 | 240.59 | 1202.97 | 10800.00 | 9959.44
158 | 0.06 | 9390.14 | 7072.51 | 8965.79 | 323.91 | 1619.57 | 10565.92 | 9580.50
171 | 0.06 | 9806.26 | 7480.83 | 9357.41 | 292.02 | 1460.12 | 10800.00 | 9837.17
164 | 0.08 | 9278.72 | 7829.92 | 8652.32 | 436.52 | 2182.60 | 10800.00 | 9555.71
189 | 0.14 | 9488.32 | 8315.42 | 8324.16 | 509.43 | 2547.16 | 10800.00 | 8700.68
167 | 0.06 | 9737.41 | 8870.29 | 9205.20 | 312.36 | 1561.81 | 10748.26 | 9870.02
179 | 0.11 | 9587.79 | 9212.40 | 8574.43 | 455.13 | 2275.64 | 10800.00 | 9243.23
162 | 0.11 | 8521.13 | 9713.88 | 7452.60 | 654.40 | 3272.02 | 10652.63 | 9172.94
180 | 0.11 | 9530.70 | 10472.57 | 8378.72 | 495.15 | 2475.75 | 10800.00 | 9386.25
172 | 0.13 | 8808.88 | 11005.38 | 7378.18 | 702.63 | 3513.16 | 10800.00 | 9225.44
174 | 0.05 | 10083.49 | 11768.77 | 9495.05 | 251.37 | 1256.84 | 10739.32 | 10149.33
184 | 0.11 | 9775.14 | 12050.50 | 8449.59 | 480.66 | 2403.28 | 10800.00 | 9558.23
187 | 0.11 | 10091.72 | 12561.46 | 8709.96 | 427.41 | 2137.05 | 10800.00 | 9608.57
185 | 0.17 | 9602.05 | 13103.62 | 7374.44 | 709.23 | 3546.13 | 10800.00 | 9098.78
188 | 0.06 | 10178.70 | 13849.82 | 9347.72 | 293.98 | 1469.92 | 10800.00 | 10219.43
186 | 0.10 | 10151.79 | 14187.34 | 8733.05 | 421.83 | 2109.13 | 10800.00 | 9878.92
175 | 0.09 | 9556.59 | 14674.47 | 8235.89 | 477.41 | 2387.04 | 10579.96 | 9799.83
165 | 0.10 | 8943.89 | 15180.49 | 7425.84 | 566.79 | 2833.96 | 10203.12 | 9395.84
177 | 0.12 | 9204.81 | 15847.92 | 7303.06 | 660.87 | 3304.35 | 10528.11 | 9650.76
176 | 0.10 | 9462.05 | 16585.56 | 7803.50 | 535.75 | 2678.76 | 10428.69 | 9758.82
181 | 0.12 | 9635.00 | 17173.79 | 7574.14 | 631.36 | 3156.82 | 10655.19 | 9933.41
183 | 0.08 | 10106.00 | 17820.02 | 8680.40 | 401.29 | 2006.46 | 10654.76 | 10206.86
Vehicle 5
Charging tour: 
202  -> 225  -> 196  -> 229  -> 220  -> 206  -> 213  -> 212  -> 200  -> 221  -> 203  -> 214  -> 226  -> 209  -> 230  -> 211  -> 192  -> 222  -> 208  -> 204  -> 191  -> 197  -> 217  -> 227  -> 194  -> 195  -> 201  -> 199  -> 193  -> 190  -> 216  -> 219  -> 224  -> 228  -> 210  -> 223  -> 231  -> 232  -> 205  -> 198  -> 215  -> 207  -> 218  -> 
Charging time: 
724.762818471146  + 406.4172551964245  + 260.95524407216834  + 357.03384988579694  + 745.6057289829952  + 454.6611616418406  + 698.0362638174015  + 603.33745402925  + 308.9638398443325  + 406.3241252026532  + 551.6408847247067  + 600.3592986223623  + 406.1236901268779  + 503.1702855494312  + 553.9388328659901  + 307.4701675739688  + 551.6445786987401  + 357.0662307988343  + 761.9197564289481  + 744.0308642544021  + 255.8267814997127  + 357.921107423027  + 309.04209661036083  + 551.6433651705408  + 600.1787656775575  + 747.8009176383879  + 503.19479856006757  + 308.32096471477547  + 503.82504897592304  + 551.6490513289108  + 648.8046972259556  + 648.8042409625956  + 358.0308063144087  + 260.75245336163846  + 308.21747950910196  + 406.4054297607882  + 697.4248976636311  + 697.5217127246844  + 454.70062995981186  + 406.3945037262089  + 454.61548167493714  + 357.98967521253303  + 454.76258243343545  + 
total node:43/43
-------------------
Traveling energy: 2159.763312688795
Charging energy: 105736.44909458629
Total energy used: 107896.21240727509
-------------------
Total time for travel: 2159.763312688795
Total time for charging: 21147.28981891726
Charging round duration: 23307.053131606055
-------------------
ID | p | E0 | time_arrive | E_remain | time_charge | energy_charge| E_after_charge | E_after_cycle
202 | 0.15 | 7291.84 | 46.26 | 7284.90 | 724.76 | 3623.81 | 10800.00 | 7342.65
225 | 0.08 | 7133.84 | 826.76 | 7067.70 | 406.42 | 2032.09 | 9067.27 | 7260.32
196 | 0.05 | 6943.99 | 1260.38 | 6880.97 | 260.96 | 1304.78 | 8172.70 | 7057.77
229 | 0.07 | 7105.49 | 1574.17 | 6995.30 | 357.03 | 1785.17 | 8755.47 | 7223.26
220 | 0.15 | 7291.00 | 1960.00 | 6997.00 | 745.61 | 3728.03 | 10613.19 | 7446.03
206 | 0.09 | 7173.98 | 2726.75 | 6928.57 | 454.66 | 2273.31 | 9160.96 | 7303.48
213 | 0.14 | 7268.68 | 3276.78 | 6809.93 | 698.04 | 3490.18 | 10202.38 | 7424.06
212 | 0.12 | 7208.19 | 3983.81 | 6730.13 | 603.34 | 3016.69 | 9674.42 | 7366.48
200 | 0.06 | 7037.99 | 4607.45 | 6761.55 | 308.96 | 1544.82 | 8287.83 | 7153.61
221 | 0.08 | 7135.47 | 4955.72 | 6739.01 | 406.32 | 2031.62 | 8738.13 | 7261.49
203 | 0.11 | 7226.73 | 5396.04 | 6633.16 | 551.64 | 2758.20 | 9330.69 | 7364.73
214 | 0.12 | 7243.95 | 6041.13 | 6519.01 | 600.36 | 3001.80 | 9448.77 | 7387.34
226 | 0.08 | 7138.99 | 6650.39 | 6606.96 | 406.12 | 2030.62 | 8605.09 | 7264.01
209 | 0.10 | 7202.62 | 7093.22 | 6493.30 | 503.17 | 2515.85 | 8958.83 | 7336.47
230 | 0.11 | 7196.75 | 7636.55 | 6356.73 | 553.94 | 2769.69 | 9065.49 | 7346.24
211 | 0.06 | 7072.18 | 8232.79 | 6578.22 | 307.47 | 1537.35 | 8097.12 | 7180.33
192 | 0.11 | 7226.68 | 8574.89 | 6283.44 | 551.64 | 2758.22 | 8980.98 | 7364.70
222 | 0.07 | 7104.84 | 9152.33 | 6464.18 | 357.07 | 1785.33 | 8224.52 | 7222.78
208 | 0.16 | 7610.55 | 9618.77 | 6071.55 | 761.92 | 3809.60 | 9759.24 | 7608.95
204 | 0.15 | 7306.44 | 10431.79 | 5741.67 | 744.03 | 3720.15 | 9350.22 | 7453.59
191 | 0.05 | 7083.20 | 11262.41 | 6520.08 | 255.83 | 1279.13 | 7786.42 | 7171.33
197 | 0.07 | 7087.87 | 11627.55 | 6273.95 | 357.92 | 1789.61 | 8038.50 | 7210.08
217 | 0.06 | 7036.21 | 12016.47 | 6315.22 | 309.04 | 1545.21 | 7841.89 | 7152.22
227 | 0.11 | 7226.69 | 12366.49 | 5866.38 | 551.64 | 2758.22 | 8563.91 | 7364.71
194 | 0.12 | 7246.13 | 12935.77 | 5693.83 | 600.18 | 3000.89 | 8622.71 | 7388.62
195 | 0.15 | 7269.60 | 13571.52 | 5233.87 | 747.80 | 3739.00 | 8860.71 | 7435.60
201 | 0.10 | 7202.27 | 14358.32 | 5766.43 | 503.19 | 2515.97 | 8232.09 | 7336.24
199 | 0.06 | 7052.67 | 14875.15 | 6160.16 | 308.32 | 1541.60 | 7683.27 | 7165.07
193 | 0.10 | 7193.26 | 15233.14 | 5669.94 | 503.83 | 2519.13 | 8138.69 | 7330.38
190 | 0.11 | 7226.62 | 15748.41 | 5494.29 | 551.65 | 2758.25 | 8191.86 | 7364.66
216 | 0.13 | 7261.64 | 16315.93 | 5140.57 | 648.80 | 3244.02 | 8300.25 | 7409.06
219 | 0.13 | 7261.64 | 17036.09 | 5046.95 | 648.80 | 3244.02 | 8206.63 | 7409.06
224 | 0.07 | 7085.70 | 17714.95 | 5845.66 | 358.03 | 1790.15 | 7610.75 | 7208.46
228 | 0.05 | 6949.39 | 18110.54 | 6043.87 | 260.75 | 1303.76 | 7334.59 | 7062.16
210 | 0.06 | 7055.04 | 18460.67 | 5947.40 | 308.22 | 1541.09 | 7469.99 | 7166.92
223 | 0.08 | 7134.04 | 18840.50 | 5626.80 | 406.41 | 2032.03 | 7626.32 | 7260.47
231 | 0.14 | 7275.05 | 19261.37 | 4578.46 | 697.42 | 3487.12 | 7967.94 | 7427.37
232 | 0.14 | 7274.04 | 20066.52 | 4464.73 | 697.52 | 3487.61 | 7854.68 | 7426.85
205 | 0.09 | 7173.35 | 20820.71 | 5299.49 | 454.70 | 2273.50 | 7532.07 | 7303.06
198 | 0.08 | 7134.24 | 21355.80 | 5425.77 | 406.39 | 2031.97 | 7425.23 | 7260.61
215 | 0.09 | 7174.70 | 21815.20 | 5211.33 | 454.62 | 2273.08 | 7443.49 | 7303.97
207 | 0.07 | 7086.52 | 22301.65 | 5525.40 | 357.99 | 1789.95 | 7290.29 | 7209.07
218 | 0.09 | 7172.38 | 22686.33 | 5130.61 | 454.76 | 2273.81 | 7363.49 | 7302.39
Vehicle 6
Charging tour: 
249  -> 237  -> 235  -> 270  -> 241  -> 243  -> 238  -> 242  -> 246  -> 234  -> 263  -> 260  -> 267  -> 252  -> 272  -> 244  -> 240  -> 255  -> 261  -> 254  -> 257  -> 245  -> 236  -> 268  -> 265  -> 256  -> 262  -> 250  -> 251  -> 253  -> 266  -> 258  -> 233  -> 248  -> 273  -> 239  -> 259  -> 264  -> 271  -> 247  -> 269  -> 
Charging time: 
264.56505107057416  + 449.2161277330739  + 284.558528203115  + 320.8734233064291  + 433.4474301501069  + 514.0649590611209  + 539.0358928009418  + 367.1337469285638  + 296.3933791879595  + 497.2636134770542  + 288.2690543985332  + 318.40568245281133  + 317.00794038813996  + 413.92378900051045  + 487.59140129337067  + 774.858677101215  + 277.2751708300772  + 325.7141074552428  + 335.4015697774437  + 437.52778448604295  + 519.1234316401707  + 325.5746960730257  + 276.5150638270366  + 629.6999634376577  + 325.46238815338177  + 443.77800393517896  + 371.0927815009231  + 561.195285555234  + 690.7999900298338  + 550.7193865238032  + 371.1288665862221  + 535.8230716252219  + 776.4203211546932  + 276.5426390081753  + 588.8636665245909  + 828.499060073846  + 279.45322069816655  + 577.9460090796289  + 671.0621377730706  + 324.5467715731326  + 628.587107311547  + 
total node:41/41
-------------------
Traveling energy: 2727.380387434813
Charging energy: 92476.80595593437
Total energy used: 95204.18634336918
-------------------
Total time for travel: 2727.380387434813
Total time for charging: 18495.361191186872
Charging round duration: 21222.741578621684
-------------------
ID | p | E0 | time_arrive | E_remain | time_charge | energy_charge| E_after_charge | E_after_cycle
249 | 0.08 | 9510.43 | 151.09 | 9498.34 | 264.57 | 1322.83 | 10800.00 | 8927.65
237 | 0.10 | 8645.96 | 471.18 | 8598.84 | 449.22 | 2246.08 | 10800.00 | 8510.04
235 | 0.06 | 9455.47 | 1019.77 | 9394.28 | 284.56 | 1422.79 | 10800.00 | 9449.06
270 | 0.08 | 9335.90 | 1432.45 | 9221.30 | 320.87 | 1604.37 | 10800.00 | 9034.67
241 | 0.10 | 8864.07 | 1879.65 | 8676.11 | 433.45 | 2167.24 | 10800.00 | 8649.31
243 | 0.12 | 8576.19 | 2373.60 | 8291.36 | 514.06 | 2570.32 | 10800.00 | 8288.12
238 | 0.11 | 8487.30 | 2938.07 | 8164.11 | 539.04 | 2695.18 | 10800.00 | 8562.28
242 | 0.08 | 9280.65 | 3586.84 | 8993.70 | 367.13 | 1835.67 | 10800.00 | 9210.72
246 | 0.06 | 9575.97 | 4002.58 | 9335.82 | 296.39 | 1481.97 | 10800.00 | 9628.74
234 | 0.09 | 8748.04 | 4328.96 | 8358.44 | 497.26 | 2486.32 | 10800.00 | 9090.56
263 | 0.10 | 9877.14 | 4896.61 | 9387.48 | 288.27 | 1441.35 | 10800.00 | 8936.49
260 | 0.10 | 9762.43 | 5226.18 | 9239.81 | 318.41 | 1592.03 | 10800.00 | 8972.46
267 | 0.06 | 9569.03 | 5584.19 | 9233.98 | 317.01 | 1585.04 | 10800.00 | 9724.87
252 | 0.10 | 9367.72 | 5959.48 | 8771.77 | 413.92 | 2069.62 | 10800.00 | 9055.34
272 | 0.11 | 9120.55 | 6407.88 | 8415.68 | 487.59 | 2437.96 | 10800.00 | 8938.30
244 | 0.15 | 8078.01 | 6907.18 | 7041.94 | 774.86 | 3874.29 | 10800.00 | 8379.30
240 | 0.05 | 9360.06 | 7790.84 | 8970.52 | 277.28 | 1386.38 | 10343.03 | 9555.44
255 | 0.06 | 9561.69 | 8241.11 | 9067.22 | 325.71 | 1628.57 | 10676.25 | 9761.06
261 | 0.07 | 9748.26 | 8596.93 | 9146.47 | 335.40 | 1677.01 | 10800.00 | 9757.86
254 | 0.08 | 9363.01 | 8945.64 | 8647.36 | 437.53 | 2187.64 | 10800.00 | 9645.05
257 | 0.12 | 9395.51 | 9406.91 | 8266.68 | 519.12 | 2595.62 | 10800.00 | 9132.72
245 | 0.06 | 9565.78 | 10082.62 | 8960.82 | 325.57 | 1627.87 | 10569.16 | 9764.45
236 | 0.05 | 9385.79 | 10570.39 | 8857.27 | 276.52 | 1382.58 | 10226.02 | 9577.37
268 | 0.14 | 9265.82 | 10901.17 | 7739.66 | 629.70 | 3148.50 | 10800.00 | 9079.52
265 | 0.06 | 9569.08 | 11549.49 | 8876.11 | 325.46 | 1627.31 | 10483.90 | 9767.19
256 | 0.09 | 9693.68 | 11918.11 | 8621.05 | 443.78 | 2218.89 | 10800.00 | 9768.77
262 | 0.07 | 9791.19 | 12367.94 | 8925.43 | 371.09 | 1855.46 | 10754.92 | 9979.25
250 | 0.10 | 9249.23 | 12751.80 | 7974.05 | 561.20 | 2805.98 | 10723.91 | 9673.21
251 | 0.12 | 9016.72 | 13319.66 | 7418.36 | 690.80 | 3454.00 | 10789.47 | 9612.32
253 | 0.10 | 9425.18 | 14079.41 | 8017.23 | 550.72 | 2753.60 | 10715.76 | 9796.77
266 | 0.07 | 9790.23 | 14642.71 | 8765.25 | 371.13 | 1855.64 | 10594.91 | 9978.48
258 | 0.10 | 9683.25 | 15087.83 | 8174.47 | 535.82 | 2679.12 | 10800.00 | 9980.36
233 | 0.12 | 8022.40 | 15672.61 | 6141.68 | 776.42 | 3882.10 | 9930.61 | 9046.10
248 | 0.05 | 9384.86 | 16532.59 | 8558.23 | 276.54 | 1382.71 | 9927.11 | 9576.57
273 | 0.14 | 10299.94 | 16870.14 | 7938.12 | 588.86 | 2944.32 | 10800.00 | 9909.46
239 | 0.13 | 8144.63 | 17542.78 | 5864.06 | 828.50 | 4142.50 | 9898.85 | 9190.52
259 | 0.05 | 9287.11 | 18394.80 | 8367.37 | 279.45 | 1397.27 | 9750.67 | 9493.38
264 | 0.11 | 9879.28 | 18762.31 | 7815.42 | 577.95 | 2889.73 | 10641.58 | 10148.81
271 | 0.13 | 10055.42 | 19415.87 | 7531.36 | 671.06 | 3355.31 | 10799.43 | 10314.13
247 | 0.06 | 9596.08 | 20129.71 | 8388.29 | 324.55 | 1622.73 | 9991.56 | 9789.61
269 | 0.12 | 9909.13 | 20477.92 | 7451.78 | 628.59 | 3142.94 | 10519.29 | 10193.67
Vehicle 7
Charging tour: 
281  -> 279  -> 280  -> 274  -> 288  -> 286  -> 282  -> 297  -> 298  -> 295  -> 283  -> 313  -> 284  -> 276  -> 290  -> 277  -> 299  -> 301  -> 304  -> 285  -> 278  -> 310  -> 308  -> 309  -> 293  -> 294  -> 292  -> 311  -> 305  -> 307  -> 303  -> 306  -> 302  -> 289  -> 312  -> 300  -> 296  -> 287  -> 275  -> 291  -> 
Charging time: 
289.151961836826  + 607.9646788036409  + 303.61949196610703  + 761.4562845907345  + 419.5753954775662  + 576.8546515310466  + 464.6387415132456  + 279.9799918945794  + 458.4686151696018  + 523.6808724834724  + 343.74298753610765  + 330.7318272621155  + 398.545574701478  + 326.39964784876037  + 545.9086954017811  + 663.419073587663  + 279.4068047635102  + 324.8724874621511  + 372.2766286680506  + 279.3825014299634  + 822.490469486445  + 388.0120933883296  + 456.54496061635217  + 435.76006966695917  + 471.6638097003505  + 418.3105655858903  + 543.1018315126029  + 422.56151263467285  + 534.7815784413973  + 562.1092086249902  + 372.2107643202477  + 326.32167726476945  + 427.16816794324404  + 755.1094493918466  + 687.0114019741468  + 574.4790921259722  + 418.39089288394877  + 325.96195412726934  + 326.40744750418986  + 425.9375637376027  + 
total node:40/40
-------------------
Traveling energy: 2467.3944651252687
Charging energy: 91222.05712429815
Total energy used: 93689.45158942342
-------------------
Total time for travel: 2467.3944651252687
Total time for charging: 18244.41142485963
Charging round duration: 20711.8058899849
-------------------
ID | p | E0 | time_arrive | E_remain | time_charge | energy_charge| E_after_charge | E_after_cycle
281 | 0.06 | 9377.76 | 102.89 | 9371.59 | 289.15 | 1445.76 | 10800.00 | 9394.32
279 | 0.14 | 7903.31 | 414.40 | 7845.29 | 607.96 | 3039.82 | 10800.00 | 7608.33
280 | 0.06 | 9367.61 | 1124.90 | 9300.12 | 303.62 | 1518.10 | 10800.00 | 9456.51
274 | 0.15 | 7336.20 | 1528.41 | 7106.94 | 761.46 | 3807.28 | 10800.00 | 7570.48
288 | 0.11 | 9010.52 | 2384.02 | 8748.28 | 419.58 | 2097.88 | 10800.00 | 8488.20
286 | 0.14 | 8406.42 | 2928.11 | 7996.49 | 576.85 | 2884.27 | 10800.00 | 7955.89
282 | 0.10 | 8874.78 | 3515.10 | 8523.27 | 464.64 | 2323.19 | 10800.00 | 8815.97
297 | 0.08 | 9744.76 | 4028.30 | 9422.50 | 279.98 | 1399.90 | 10800.00 | 9239.06
298 | 0.15 | 9235.01 | 4390.53 | 8576.43 | 458.47 | 2292.34 | 10800.00 | 7954.35
295 | 0.15 | 8993.05 | 4886.02 | 8260.15 | 523.68 | 2618.40 | 10800.00 | 8038.45
283 | 0.07 | 9486.70 | 5447.87 | 9105.35 | 343.74 | 1718.71 | 10800.00 | 9538.01
313 | 0.07 | 9577.70 | 5831.60 | 9169.49 | 330.73 | 1653.66 | 10800.00 | 9563.96
284 | 0.08 | 9338.67 | 6243.98 | 8839.16 | 398.55 | 1992.73 | 10800.00 | 9425.80
276 | 0.06 | 9367.46 | 6687.89 | 8966.19 | 326.40 | 1632.00 | 10578.60 | 9570.26
290 | 0.12 | 8979.21 | 7027.07 | 8135.97 | 545.91 | 2729.54 | 10800.00 | 8850.36
277 | 0.11 | 8395.45 | 7632.49 | 7555.88 | 663.42 | 3317.10 | 10800.00 | 9092.35
299 | 0.05 | 9119.13 | 8354.25 | 8701.42 | 279.41 | 1397.03 | 10084.48 | 9325.17
301 | 0.06 | 9411.50 | 8679.60 | 8890.72 | 324.87 | 1624.36 | 10495.59 | 9606.66
304 | 0.07 | 9581.92 | 9068.73 | 8947.11 | 372.28 | 1861.38 | 10782.44 | 9775.91
285 | 0.05 | 9119.92 | 9481.62 | 8645.84 | 279.38 | 1396.91 | 10028.79 | 9325.84
278 | 0.13 | 8054.40 | 9778.86 | 6783.14 | 822.49 | 4112.45 | 10788.67 | 9070.25
310 | 0.08 | 9743.03 | 10650.58 | 8890.98 | 388.01 | 1940.06 | 10800.00 | 9777.49
308 | 0.13 | 10015.58 | 11068.88 | 8576.63 | 456.54 | 2282.72 | 10800.00 | 9201.70
309 | 0.13 | 10184.84 | 11592.27 | 8677.85 | 435.76 | 2178.80 | 10800.00 | 9267.04
293 | 0.09 | 9567.74 | 12040.15 | 8484.13 | 471.66 | 2358.32 | 10800.00 | 9782.26
294 | 0.08 | 9745.67 | 12655.79 | 8733.20 | 418.31 | 2091.55 | 10791.29 | 9931.62
292 | 0.10 | 9382.95 | 13213.41 | 8061.60 | 543.10 | 2715.51 | 10722.80 | 9716.45
311 | 0.08 | 9647.63 | 13862.79 | 8538.60 | 422.56 | 2112.81 | 10617.61 | 9854.83
305 | 0.10 | 9528.93 | 14351.35 | 8093.79 | 534.78 | 2673.91 | 10714.22 | 9820.83
307 | 0.13 | 9999.11 | 14896.82 | 8062.53 | 562.11 | 2810.55 | 10800.00 | 9713.06
303 | 0.07 | 9583.62 | 15475.46 | 8500.34 | 372.21 | 1861.05 | 10335.34 | 9777.27
306 | 0.06 | 9369.70 | 15890.13 | 8416.29 | 326.32 | 1631.61 | 10028.32 | 9572.11
302 | 0.08 | 9543.59 | 16297.46 | 8239.79 | 427.17 | 2135.84 | 10341.46 | 9773.83
289 | 0.13 | 8773.12 | 16833.99 | 6584.70 | 755.11 | 3775.55 | 10262.08 | 9452.06
312 | 0.13 | 9642.73 | 17606.59 | 7353.87 | 687.01 | 3435.06 | 10699.62 | 9981.18
300 | 0.11 | 9757.51 | 18365.13 | 7737.34 | 574.48 | 2872.40 | 10546.55 | 10009.70
296 | 0.08 | 9743.80 | 18959.44 | 8227.04 | 418.39 | 2091.95 | 10285.52 | 9930.15
287 | 0.06 | 9380.04 | 19406.61 | 8215.65 | 325.96 | 1629.81 | 9825.90 | 9580.65
275 | 0.06 | 9367.24 | 19778.41 | 8180.54 | 326.41 | 1632.04 | 9792.99 | 9570.08
291 | 0.08 | 9571.16 | 20147.58 | 7959.35 | 425.94 | 2129.69 | 10054.96 | 9795.25
Vehicle 8
Charging tour: 
352  -> 343  -> 327  -> 319  -> 314  -> 346  -> 320  -> 315  -> 324  -> 321  -> 331  -> 322  -> 326  -> 341  -> 317  -> 347  -> 316  -> 342  -> 325  -> 329  -> 334  -> 330  -> 344  -> 348  -> 318  -> 323  -> 333  -> 332  -> 336  -> 349  -> 335  -> 345  -> 340  -> 351  -> 350  -> 339  -> 337  -> 328  -> 338  -> 
Charging time: 
253.60736433577415  + 311.4109739381904  + 376.3348669878193  + 457.3321386607357  + 416.698067428062  + 266.64091994096276  + 525.3654902391891  + 434.50592543820386  + 374.09811811853467  + 299.5828637923756  + 497.0737516294291  + 407.00626914223784  + 338.7593945601244  + 386.80679113352426  + 767.3516907564373  + 287.6876802669603  + 653.7224532842545  + 368.263685074646  + 424.372047293189  + 364.54780277810295  + 525.2516159480194  + 594.1145290380848  + 592.8235830251913  + 412.5485307119066  + 1252.3236357300295  + 308.0203657724599  + 716.3699703628718  + 723.1238045636148  + 639.4840950695118  + 545.3453284520058  + 296.88608618357773  + 395.72225633912404  + 565.3730983491648  + 298.087549298353  + 852.5940912645268  + 627.6107563769033  + 578.0962371638356  + 419.7790436007978  + 294.7558277591292  + 
total node:39/39
-------------------
Traveling energy: 2823.5357505199217
Charging energy: 94247.3934990393
Total energy used: 97070.92924955922
-------------------
Total time for travel: 2823.5357505199217
Total time for charging: 18849.47869980786
Charging round duration: 21673.01445032778
-------------------
ID | p | E0 | time_arrive | E_remain | time_charge | energy_charge| E_after_charge | E_after_cycle
352 | 0.09 | 9570.99 | 180.06 | 9554.79 | 253.61 | 1268.04 | 10800.00 | 8695.23
343 | 0.16 | 9386.77 | 587.46 | 9292.77 | 311.41 | 1557.05 | 10800.00 | 7132.62
327 | 0.10 | 9062.23 | 1062.70 | 8955.96 | 376.33 | 1881.67 | 10800.00 | 8561.90
319 | 0.10 | 8717.23 | 1581.58 | 8559.07 | 457.33 | 2286.66 | 10800.00 | 8621.89
314 | 0.08 | 8922.17 | 2154.05 | 8749.85 | 416.70 | 2083.49 | 10800.00 | 9100.06
346 | 0.08 | 9702.57 | 2680.50 | 9488.13 | 266.64 | 1333.20 | 10800.00 | 9130.17
320 | 0.11 | 8569.14 | 3074.32 | 8230.96 | 525.37 | 2626.83 | 10800.00 | 8575.76
315 | 0.08 | 8962.61 | 3754.69 | 8662.23 | 434.51 | 2172.53 | 10800.00 | 9229.54
324 | 0.08 | 9302.82 | 4292.34 | 8959.44 | 374.10 | 1870.49 | 10800.00 | 9267.71
321 | 0.06 | 9601.78 | 4695.34 | 9320.06 | 299.58 | 1497.91 | 10800.00 | 9670.49
331 | 0.12 | 8974.82 | 5004.48 | 8374.28 | 497.07 | 2485.37 | 10800.00 | 8601.79
322 | 0.08 | 9238.62 | 5513.59 | 8797.53 | 407.01 | 2035.03 | 10800.00 | 9368.05
326 | 0.07 | 9546.59 | 5952.42 | 9129.92 | 338.76 | 1693.80 | 10800.00 | 9572.98
341 | 0.08 | 9405.96 | 6363.08 | 8896.91 | 386.81 | 1934.03 | 10800.00 | 9434.39
317 | 0.13 | 7945.52 | 6788.65 | 7063.00 | 767.35 | 3836.76 | 10800.00 | 8685.68
347 | 0.10 | 10147.17 | 7568.44 | 9390.33 | 287.69 | 1438.44 | 10800.00 | 9203.61
316 | 0.11 | 8335.48 | 7866.31 | 7470.19 | 653.72 | 3268.61 | 10666.89 | 8983.89
342 | 0.07 | 9416.09 | 8559.81 | 8816.90 | 368.26 | 1841.32 | 10632.44 | 9590.01
325 | 0.08 | 9338.45 | 8962.66 | 8621.43 | 424.37 | 2121.86 | 10709.35 | 9554.71
329 | 0.07 | 9512.07 | 9449.49 | 8850.61 | 364.55 | 1822.74 | 10647.83 | 9667.41
334 | 0.11 | 9313.52 | 9836.33 | 8231.52 | 525.25 | 2626.26 | 10800.00 | 9319.57
330 | 0.11 | 9046.07 | 10466.28 | 7894.78 | 594.11 | 2970.57 | 10800.00 | 9396.44
344 | 0.15 | 9592.51 | 11118.03 | 7924.81 | 592.82 | 2964.12 | 10800.00 | 8983.63
348 | 0.08 | 9606.09 | 11771.56 | 8664.36 | 412.55 | 2062.74 | 10694.10 | 9763.23
318 | 0.18 | 6964.43 | 12225.70 | 4763.80 | 1252.32 | 6261.62 | 10800.00 | 8938.44
323 | 0.06 | 9649.47 | 13533.04 | 8837.48 | 308.02 | 1540.10 | 10359.10 | 9760.37
333 | 0.13 | 8989.54 | 13874.04 | 7185.91 | 716.37 | 3581.85 | 10674.64 | 9474.79
332 | 0.13 | 8905.58 | 14675.68 | 6997.74 | 723.12 | 3615.62 | 10519.35 | 9424.60
336 | 0.12 | 9295.72 | 15489.42 | 7436.99 | 639.48 | 3197.42 | 10557.67 | 9634.74
349 | 0.10 | 9083.64 | 16172.38 | 7466.40 | 545.35 | 2726.73 | 10138.59 | 9428.37
335 | 0.06 | 10011.36 | 16787.70 | 9004.09 | 296.89 | 1484.43 | 10470.71 | 10066.59
345 | 0.08 | 10014.54 | 17132.33 | 8643.95 | 395.72 | 1978.61 | 10590.91 | 10087.55
340 | 0.11 | 9638.05 | 17571.43 | 7705.19 | 565.37 | 2826.87 | 10469.86 | 9844.71
351 | 0.06 | 9971.00 | 18204.15 | 8878.76 | 298.09 | 1490.44 | 10351.31 | 10032.24
350 | 0.17 | 9836.86 | 18558.19 | 6681.97 | 852.59 | 4262.97 | 10800.00 | 10050.43
339 | 0.12 | 9471.58 | 19443.17 | 7138.40 | 627.61 | 3138.05 | 10201.14 | 9751.23
337 | 0.11 | 9425.93 | 20118.31 | 7212.91 | 578.10 | 2890.48 | 10039.80 | 9696.21
328 | 0.08 | 9440.62 | 20758.86 | 7779.92 | 419.78 | 2098.90 | 9845.23 | 9633.92
338 | 0.06 | 10083.71 | 21245.33 | 8808.99 | 294.76 | 1473.78 | 10265.08 | 10128.29
Vehicle 9
Charging tour: 
365  -> 385  -> 364  -> 367  -> 356  -> 362  -> 382  -> 361  -> 369  -> 370  -> 355  -> 392  -> 390  -> 380  -> 358  -> 384  -> 381  -> 353  -> 383  -> 371  -> 387  -> 376  -> 360  -> 372  -> 359  -> 373  -> 379  -> 368  -> 388  -> 357  -> 375  -> 386  -> 389  -> 393  -> 363  -> 354  -> 374  -> 378  -> 366  -> 377  -> 391  -> 
Charging time: 
605.0471321557862  + 413.3152538291607  + 509.2925299435297  + 264.66974671272794  + 557.1802224811886  + 509.2916422635851  + 557.1799309177817  + 267.93701604038876  + 461.37653696791466  + 461.38901267456305  + 509.2985493545956  + 461.3850966939287  + 461.38246424993844  + 316.7241515193722  + 652.741118577927  + 652.6515714050083  + 652.9049083321141  + 605.0470391326049  + 509.2979468258336  + 652.9046318736993  + 365.3492461087446  + 316.88650155366076  + 652.8966257004308  + 461.32802518025665  + 700.7466855436796  + 652.9048475382479  + 700.7552089105142  + 652.9048541525138  + 413.4137796751509  + 365.36071260335433  + 461.3868585171712  + 700.755226933356  + 557.1797928445039  + 700.6949364039377  + 317.10194161184415  + 557.1752500369646  + 316.76363982272363  + 461.36260121644716  + 365.25595543683477  + 652.8958729487296  + 748.1704493416447  + 
total node:41/41
-------------------
Traveling energy: 1988.4724298382393
Charging energy: 106011.5275701618
Total energy used: 108000.00000000003
-------------------
Total time for travel: 1988.4724298382393
Total time for charging: 21202.30551403236
Charging round duration: 23190.7779438706
-------------------
ID | p | E0 | time_arrive | E_remain | time_charge | energy_charge| E_after_charge | E_after_cycle
365 | 0.12 | 7164.06 | 16.46 | 7162.08 | 605.05 | 3025.24 | 10114.71 | 7330.89
385 | 0.08 | 6991.58 | 801.43 | 6927.47 | 413.32 | 2066.58 | 8960.98 | 7152.56
364 | 0.10 | 7092.50 | 1253.34 | 6967.17 | 509.29 | 2546.46 | 9462.70 | 7256.97
367 | 0.05 | 6823.90 | 1789.49 | 6734.43 | 264.67 | 1323.35 | 8044.54 | 6956.25
356 | 0.11 | 7131.22 | 2133.85 | 6896.50 | 557.18 | 2785.90 | 9621.11 | 7296.92
362 | 0.10 | 7092.52 | 2734.09 | 6819.11 | 509.29 | 2546.46 | 9314.64 | 7256.97
382 | 0.11 | 7131.23 | 3269.08 | 6771.63 | 557.18 | 2785.90 | 9496.24 | 7296.92
361 | 0.05 | 6740.69 | 3892.70 | 6546.05 | 267.94 | 1339.69 | 7872.34 | 6889.37
369 | 0.09 | 7046.18 | 4175.66 | 6670.37 | 461.38 | 2306.88 | 8935.73 | 7209.27
370 | 0.09 | 7045.99 | 4649.86 | 6627.51 | 461.39 | 2306.95 | 8892.93 | 7209.14
355 | 0.10 | 7092.42 | 5249.14 | 6567.51 | 509.30 | 2546.49 | 9063.07 | 7256.91
392 | 0.09 | 7046.05 | 5888.35 | 6516.10 | 461.39 | 2306.93 | 8781.50 | 7209.18
390 | 0.09 | 7046.09 | 6375.98 | 6472.25 | 461.38 | 2306.91 | 8737.64 | 7209.20
380 | 0.06 | 6842.85 | 6857.95 | 6431.37 | 316.72 | 1583.62 | 7995.99 | 6997.27
358 | 0.13 | 7193.98 | 7214.21 | 6256.13 | 652.74 | 3263.71 | 9434.98 | 7361.09
384 | 0.13 | 7194.97 | 7914.47 | 6166.09 | 652.65 | 3263.26 | 9344.50 | 7361.63
381 | 0.13 | 7192.18 | 8587.31 | 6075.83 | 652.90 | 3264.52 | 9255.47 | 7360.10
353 | 0.12 | 7164.06 | 9275.79 | 6050.96 | 605.05 | 3025.24 | 9003.59 | 7330.89
383 | 0.10 | 7092.43 | 9905.58 | 6101.87 | 509.30 | 2546.49 | 8597.43 | 7256.92
371 | 0.13 | 7192.18 | 10455.77 | 5832.93 | 652.90 | 3264.52 | 9012.57 | 7360.10
387 | 0.07 | 6920.81 | 11119.03 | 6142.47 | 365.35 | 1826.75 | 7943.65 | 7080.15
376 | 0.06 | 6839.34 | 11585.37 | 6144.22 | 316.89 | 1584.43 | 7709.64 | 6994.58
360 | 0.13 | 7192.27 | 12001.58 | 5632.06 | 652.90 | 3264.48 | 8811.67 | 7360.15
372 | 0.09 | 7046.92 | 12665.83 | 5907.00 | 461.33 | 2306.64 | 8172.12 | 7209.76
359 | 0.14 | 7216.62 | 13187.36 | 5370.39 | 700.75 | 3503.73 | 8776.02 | 7385.55
373 | 0.13 | 7192.18 | 13933.70 | 5380.80 | 652.90 | 3264.52 | 8560.44 | 7360.10
379 | 0.14 | 7216.53 | 14637.33 | 5167.31 | 700.76 | 3503.78 | 8572.98 | 7385.51
368 | 0.13 | 7192.18 | 15380.36 | 5192.73 | 652.90 | 3264.52 | 8372.38 | 7360.10
388 | 0.08 | 6989.92 | 16074.08 | 5703.99 | 413.41 | 2067.07 | 7737.99 | 7151.38
357 | 0.07 | 6920.59 | 16491.26 | 5766.20 | 365.36 | 1826.80 | 7567.43 | 7079.99
375 | 0.09 | 7046.03 | 16898.98 | 5525.12 | 461.39 | 2306.93 | 7790.53 | 7209.16
386 | 0.14 | 7216.53 | 17367.21 | 4785.12 | 700.76 | 3503.78 | 8190.79 | 7385.51
389 | 0.11 | 7131.23 | 18105.05 | 5139.67 | 557.18 | 2785.90 | 7864.28 | 7296.93
393 | 0.14 | 7217.15 | 18783.95 | 4587.40 | 700.69 | 3503.47 | 7992.78 | 7385.83
363 | 0.06 | 6834.70 | 19494.90 | 5665.00 | 317.10 | 1585.51 | 7231.49 | 6991.01
354 | 0.11 | 7131.29 | 19859.50 | 4946.74 | 557.18 | 2785.88 | 7671.33 | 7296.96
374 | 0.06 | 6842.00 | 20448.85 | 5615.07 | 316.76 | 1583.82 | 7179.88 | 6996.61
378 | 0.09 | 7046.40 | 20805.19 | 5173.93 | 461.36 | 2306.81 | 7439.22 | 7209.41
366 | 0.07 | 6922.57 | 21306.61 | 5431.11 | 365.26 | 1826.28 | 7231.82 | 7081.45
377 | 0.13 | 7192.28 | 21673.97 | 4374.66 | 652.90 | 3264.48 | 7554.26 | 7360.15
391 | 0.15 | 7241.99 | 22336.74 | 3891.47 | 748.17 | 3740.85 | 7520.10 | 7409.84
Vehicle 10
Charging tour: 
410  -> 403  -> 401  -> 402  -> 426  -> 406  -> 396  -> 413  -> 416  -> 400  -> 422  -> 399  -> 398  -> 407  -> 424  -> 405  -> 415  -> 411  -> 394  -> 432  -> 408  -> 427  -> 420  -> 397  -> 409  -> 404  -> 414  -> 418  -> 395  -> 421  -> 429  -> 412  -> 425  -> 428  -> 431  -> 417  -> 423  -> 430  -> 419  -> 
Charging time: 
288.6116786138419  + 282.6243061871443  + 342.67324737076956  + 342.3983947345196  + 362.1911641579151  + 291.11534708571145  + 301.454763371294  + 291.7211496006682  + 263.0428346913134  + 302.51709663188916  + 386.530372271898  + 312.16364204049785  + 372.90239462321773  + 320.902884140348  + 264.4994790848059  + 500.6783091869206  + 493.7061446853309  + 568.8603721106682  + 407.12694223677175  + 433.6777147885244  + 476.34567112278745  + 442.25916508081343  + 451.5573966730731  + 337.06602648003116  + 562.2144793078643  + 527.7818131758656  + 692.1601082258204  + 701.6455608899364  + 1181.609346806539  + 335.3442714803715  + 418.67288910282264  + 715.0803559989474  + 486.36872573452723  + 679.0159423432518  + 517.0758003330513  + 496.8095847940709  + 480.1770895289857  + 567.3851849474207  + 676.5149691549417  + 
total node:39/39
-------------------
Traveling energy: 2330.26399243962
Charging energy: 89372.41309397585
Total energy used: 91702.67708641547
-------------------
Total time for travel: 2330.26399243962
Total time for charging: 17874.48261879517
Charging round duration: 20204.74661123479
-------------------
ID | p | E0 | time_arrive | E_remain | time_charge | energy_charge| E_after_charge | E_after_cycle
410 | 0.05 | 9231.37 | 157.82 | 9223.48 | 288.61 | 1443.06 | 10652.10 | 9483.43
403 | 0.07 | 9442.12 | 506.57 | 9406.66 | 282.62 | 1413.12 | 10800.00 | 9187.84
401 | 0.08 | 9183.04 | 862.40 | 9114.05 | 342.67 | 1713.37 | 10800.00 | 8990.81
402 | 0.08 | 9213.34 | 1224.22 | 9115.40 | 342.40 | 1711.99 | 10800.00 | 9019.73
426 | 0.12 | 9239.65 | 1726.22 | 9032.51 | 362.19 | 1810.96 | 10800.00 | 8192.21
406 | 0.07 | 9518.68 | 2198.28 | 9364.80 | 291.12 | 1455.58 | 10800.00 | 9306.86
396 | 0.06 | 9464.63 | 2563.55 | 9310.81 | 301.45 | 1507.27 | 10800.00 | 9542.70
413 | 0.08 | 9602.83 | 2976.25 | 9364.73 | 291.72 | 1458.61 | 10800.00 | 9155.84
416 | 0.07 | 9732.61 | 3277.31 | 9503.20 | 263.04 | 1315.21 | 10800.00 | 9380.42
400 | 0.06 | 9519.10 | 3558.84 | 9305.57 | 302.52 | 1512.59 | 10800.00 | 9602.48
422 | 0.14 | 9464.13 | 3876.22 | 8921.46 | 386.53 | 1932.65 | 10800.00 | 8061.98
399 | 0.06 | 9518.18 | 4337.83 | 9257.91 | 312.16 | 1560.82 | 10800.00 | 9649.80
398 | 0.07 | 9291.50 | 4712.98 | 8961.59 | 372.90 | 1864.51 | 10800.00 | 9488.61
407 | 0.06 | 9522.98 | 5137.31 | 9214.74 | 320.90 | 1604.51 | 10800.00 | 9698.29
424 | 0.08 | 9943.20 | 5556.69 | 9498.66 | 264.50 | 1322.50 | 10800.00 | 9360.09
405 | 0.10 | 8933.91 | 5872.37 | 8346.68 | 500.68 | 2503.39 | 10800.00 | 9055.30
415 | 0.12 | 9156.47 | 6381.33 | 8390.71 | 493.71 | 2468.53 | 10800.00 | 8766.60
411 | 0.12 | 8856.84 | 6940.68 | 8023.96 | 568.86 | 2844.30 | 10800.00 | 8842.74
394 | 0.07 | 9161.74 | 7552.05 | 8633.10 | 407.13 | 2035.63 | 10640.24 | 9529.98
432 | 0.09 | 9390.19 | 7995.00 | 8670.64 | 433.68 | 2168.39 | 10800.00 | 9414.78
408 | 0.09 | 9225.58 | 8493.72 | 8461.14 | 476.35 | 2381.73 | 10800.00 | 9463.51
427 | 0.12 | 9726.08 | 9035.90 | 8641.78 | 442.26 | 2211.30 | 10800.00 | 9078.98
420 | 0.11 | 9635.19 | 9484.64 | 8591.88 | 451.56 | 2257.79 | 10800.00 | 9272.78
397 | 0.06 | 9485.19 | 10093.15 | 8879.60 | 337.07 | 1685.33 | 10544.71 | 9741.32
409 | 0.10 | 9091.75 | 10466.05 | 8045.15 | 562.21 | 2811.07 | 10800.00 | 9520.83
404 | 0.09 | 9086.53 | 11043.52 | 8092.61 | 527.78 | 2638.91 | 10684.02 | 9581.64
414 | 0.13 | 8943.00 | 11644.73 | 7429.18 | 692.16 | 3460.80 | 10800.00 | 9307.20
418 | 0.14 | 9124.43 | 12388.80 | 7390.00 | 701.65 | 3508.23 | 10800.00 | 9297.86
395 | 0.16 | 7183.74 | 13142.05 | 5081.01 | 1181.61 | 5908.05 | 10800.00 | 9280.58
421 | 0.06 | 9533.89 | 14334.18 | 8673.84 | 335.34 | 1676.72 | 10330.44 | 9781.41
429 | 0.10 | 10218.16 | 14696.61 | 8748.50 | 418.67 | 2093.36 | 10800.00 | 9929.53
412 | 0.12 | 8942.03 | 15128.10 | 7126.66 | 715.08 | 3575.40 | 10616.25 | 9659.04
425 | 0.10 | 10006.41 | 15896.21 | 8416.79 | 486.37 | 2431.84 | 10800.00 | 10056.26
428 | 0.15 | 9969.81 | 16420.25 | 7506.77 | 679.02 | 3395.08 | 10800.00 | 9791.89
431 | 0.09 | 9274.66 | 17116.08 | 7734.22 | 517.08 | 2585.38 | 10273.06 | 9716.24
417 | 0.09 | 9653.00 | 17688.40 | 8061.05 | 496.81 | 2484.05 | 10500.38 | 9993.25
423 | 0.09 | 9987.37 | 18231.89 | 8346.50 | 480.18 | 2400.89 | 10704.17 | 10244.45
430 | 0.12 | 10282.42 | 18760.50 | 8031.16 | 567.39 | 2836.93 | 10800.00 | 10260.95
419 | 0.12 | 9451.78 | 19444.78 | 7118.41 | 676.51 | 3382.57 | 10419.80 | 9975.96
Vehicle 11
Charging tour: 
445  -> 447  -> 452  -> 437  -> 436  -> 456  -> 440  -> 462  -> 435  -> 461  -> 433  -> 442  -> 439  -> 467  -> 434  -> 465  -> 444  -> 463  -> 470  -> 441  -> 459  -> 457  -> 454  -> 450  -> 438  -> 443  -> 449  -> 446  -> 466  -> 455  -> 453  -> 464  -> 458  -> 451  -> 448  -> 469  -> 460  -> 468  -> 
Charging time: 
563.6749006872956  + 273.5839413599734  + 303.09450373706085  + 739.9651169897577  + 696.7082656610331  + 183.37322899684065  + 695.6206567963633  + 241.65926171815826  + 439.5339432964821  + 198.1533095420684  + 463.442652047621  + 341.9221357548619  + 532.5463995460004  + 368.5952912611123  + 547.8675361910553  + 314.509638842019  + 467.1866380714499  + 217.7501871706823  + 329.4575585615803  + 396.1772555779288  + 388.6844966720921  + 615.5089417955988  + 392.18288789265495  + 640.5580161971028  + 401.6243969704697  + 526.0227916831891  + 329.8809283676636  + 586.5580280028576  + 608.9784368171553  + 605.0644946373933  + 441.33486205723614  + 242.7423155460392  + 271.1915304949275  + 640.6159000481791  + 268.1667997936465  + 638.7883551495302  + 547.0538982724096  + 365.5546297948954  + 
total node:38/38
-------------------
Traveling energy: 2219.2557306238427
Charging energy: 84126.67066001194
Total energy used: 86345.92639063578
-------------------
Total time for travel: 2219.2557306238427
Total time for charging: 16825.334132002386
Charging round duration: 19044.589862626228
-------------------
ID | p | E0 | time_arrive | E_remain | time_charge | energy_charge| E_after_charge | E_after_cycle
445 | 0.16 | 8096.60 | 154.90 | 8071.81 | 563.67 | 2818.37 | 10800.00 | 7103.77
447 | 0.08 | 9513.89 | 749.08 | 9453.97 | 273.58 | 1367.92 | 10800.00 | 8976.21
452 | 0.10 | 9420.95 | 1061.09 | 9314.84 | 303.09 | 1515.47 | 10800.00 | 8554.42
437 | 0.16 | 7440.85 | 1389.28 | 7218.57 | 739.97 | 3699.83 | 10800.00 | 7329.48
436 | 0.14 | 7728.76 | 2248.29 | 7414.00 | 696.71 | 3483.54 | 10800.00 | 7877.50
456 | 0.06 | 10074.85 | 3011.88 | 9894.14 | 183.37 | 916.87 | 10800.00 | 9562.51
440 | 0.15 | 7919.01 | 3285.16 | 7426.24 | 695.62 | 3478.10 | 10800.00 | 7824.12
462 | 0.09 | 9987.43 | 4155.32 | 9613.45 | 241.66 | 1208.30 | 10800.00 | 9051.93
435 | 0.08 | 8990.03 | 4406.68 | 8637.49 | 439.53 | 2197.67 | 10800.00 | 9282.10
461 | 0.05 | 10063.50 | 4887.21 | 9819.14 | 198.15 | 990.77 | 10800.00 | 9863.27
433 | 0.08 | 8928.69 | 5110.30 | 8519.86 | 463.44 | 2317.21 | 10800.00 | 9340.30
442 | 0.07 | 9509.22 | 5641.42 | 9114.32 | 341.92 | 1709.61 | 10800.00 | 9551.43
439 | 0.10 | 8791.11 | 6005.87 | 8190.52 | 532.55 | 2662.73 | 10800.00 | 9071.84
467 | 0.14 | 9926.53 | 6556.42 | 9008.63 | 368.60 | 1842.98 | 10800.00 | 8434.70
434 | 0.09 | 8737.31 | 6970.42 | 8109.97 | 547.87 | 2739.34 | 10800.00 | 9332.85
465 | 0.10 | 10013.30 | 7543.94 | 9258.90 | 314.51 | 1572.55 | 10800.00 | 9203.84
444 | 0.09 | 9223.11 | 7966.61 | 8506.11 | 467.19 | 2335.93 | 10800.00 | 9415.24
463 | 0.06 | 10231.59 | 8454.58 | 9724.31 | 217.75 | 1088.75 | 10800.00 | 9891.14
470 | 0.12 | 10241.91 | 8747.18 | 9192.25 | 329.46 | 1647.29 | 10800.00 | 9030.80
441 | 0.07 | 9483.02 | 9152.96 | 8842.31 | 396.18 | 1980.89 | 10795.47 | 9796.51
459 | 0.08 | 9655.26 | 9594.81 | 8887.67 | 388.68 | 1943.42 | 10800.00 | 9693.08
457 | 0.14 | 9219.07 | 10074.59 | 7808.63 | 615.51 | 3077.54 | 10800.00 | 8961.81
454 | 0.08 | 9732.90 | 10780.51 | 8870.46 | 392.18 | 1960.91 | 10800.00 | 9788.21
450 | 0.12 | 9016.95 | 11190.64 | 7674.08 | 640.56 | 3202.79 | 10800.00 | 9361.34
438 | 0.07 | 9354.41 | 11850.90 | 8524.84 | 401.62 | 2008.12 | 10504.85 | 9695.13
443 | 0.09 | 9182.82 | 12317.14 | 8074.28 | 526.02 | 2630.11 | 10657.05 | 9669.14
449 | 0.06 | 9761.85 | 12888.25 | 8988.56 | 329.88 | 1649.40 | 10618.17 | 9982.06
446 | 0.10 | 9150.13 | 13281.71 | 7821.96 | 586.56 | 2932.79 | 10696.09 | 9700.92
466 | 0.14 | 9785.33 | 13892.63 | 7840.36 | 608.98 | 3044.89 | 10800.00 | 9495.42
455 | 0.11 | 9441.89 | 14551.44 | 7841.23 | 605.06 | 3025.32 | 10800.00 | 9847.01
453 | 0.08 | 9728.82 | 15179.42 | 8514.46 | 441.33 | 2206.67 | 10685.83 | 10029.89
464 | 0.05 | 10381.31 | 15657.73 | 9598.43 | 242.74 | 1213.71 | 10800.00 | 10404.02
458 | 0.05 | 9895.37 | 15911.71 | 9099.79 | 271.19 | 1355.96 | 10442.18 | 10060.33
451 | 0.11 | 9215.80 | 16214.95 | 7432.16 | 640.62 | 3203.08 | 10564.77 | 9798.68
448 | 0.05 | 10006.98 | 16907.97 | 9161.59 | 268.17 | 1340.83 | 10489.01 | 10156.82
469 | 0.14 | 10105.62 | 17215.19 | 7695.49 | 638.79 | 3193.94 | 10800.00 | 9964.76
460 | 0.10 | 9810.88 | 17889.42 | 8021.94 | 547.05 | 2735.27 | 10702.51 | 10164.15
468 | 0.07 | 10277.42 | 18512.28 | 8981.56 | 365.55 | 1827.77 | 10783.74 | 10437.79
Vehicle 12
Charging tour: 
506  -> 474  -> 478  -> 501  -> 502  -> 503  -> 488  -> 484  -> 480  -> 476  -> 477  -> 487  -> 473  -> 496  -> 492  -> 485  -> 472  -> 475  -> 490  -> 479  -> 493  -> 498  -> 486  -> 497  -> 489  -> 494  -> 508  -> 509  -> 482  -> 483  -> 471  -> 495  -> 499  -> 504  -> 507  -> 500  -> 505  -> 481  -> 491  -> 
Charging time: 
329.6487287138292  + 382.00960166609  + 389.238307347835  + 427.13549632522336  + 381.5736892336729  + 381.372957368511  + 358.4317157998395  + 415.55067531692924  + 422.4969942593661  + 380.82039571518476  + 328.7747091304336  + 432.8580115363162  + 450.9380632537074  + 422.2775454397003  + 537.4864457047514  + 473.63603905663206  + 432.6872925518818  + 381.5187169048936  + 476.59422234339434  + 521.4082844072701  + 432.8739474187975  + 484.4591693180437  + 517.8922215094896  + 513.0695531598263  + 532.3378000654611  + 545.7494663758711  + 537.3253435285808  + 578.6487099717048  + 604.2732989554121  + 482.78296971054124  + 329.62512653188975  + 382.01611066286347  + 773.5694933857042  + 657.7148101148418  + 784.5917704772386  + 581.4173495206464  + 532.7003364717909  + 536.0306431950953  + 532.3416511112885  + 
total node:39/39
-------------------
Traveling energy: 2283.7009907613087
Charging energy: 93329.38831780275
Total energy used: 95613.08930856406
-------------------
Total time for travel: 2283.7009907613087
Total time for charging: 18665.87766356055
Charging round duration: 20949.57865432186
-------------------
ID | p | E0 | time_arrive | E_remain | time_charge | energy_charge| E_after_charge | E_after_cycle
506 | 0.09 | 9192.72 | 125.50 | 9181.42 | 329.65 | 1648.24 | 10800.00 | 8697.16
474 | 0.06 | 8544.25 | 521.45 | 8512.96 | 382.01 | 1910.05 | 10400.09 | 9025.10
478 | 0.09 | 8982.75 | 1043.43 | 8888.84 | 389.24 | 1946.19 | 10800.00 | 8785.14
501 | 0.07 | 8801.06 | 1526.26 | 8694.22 | 427.14 | 2135.68 | 10800.00 | 9269.34
502 | 0.06 | 8554.01 | 1963.99 | 8436.17 | 381.57 | 1907.87 | 10321.15 | 9032.68
503 | 0.06 | 8558.51 | 2376.61 | 8415.92 | 381.37 | 1906.86 | 10299.90 | 9036.18
488 | 0.10 | 9325.15 | 2814.69 | 9043.68 | 358.43 | 1792.16 | 10800.00 | 8735.31
484 | 0.08 | 9012.57 | 3213.54 | 8755.49 | 415.55 | 2077.75 | 10800.00 | 9184.73
480 | 0.08 | 9012.37 | 3638.24 | 8721.31 | 422.50 | 2112.48 | 10800.00 | 9219.26
476 | 0.06 | 8570.93 | 4097.88 | 8325.06 | 380.82 | 1904.10 | 10206.31 | 9045.83
477 | 0.05 | 8273.11 | 4531.66 | 8046.52 | 328.77 | 1643.87 | 9673.96 | 8725.98
487 | 0.07 | 8797.30 | 4884.00 | 8455.42 | 432.86 | 2164.29 | 10589.41 | 9294.19
473 | 0.08 | 9008.13 | 5334.34 | 8581.38 | 450.94 | 2254.69 | 10800.00 | 9357.22
496 | 0.13 | 9502.06 | 5835.00 | 8743.51 | 422.28 | 2111.39 | 10800.00 | 8516.85
492 | 0.14 | 9066.48 | 6276.17 | 8187.82 | 537.49 | 2687.43 | 10800.00 | 8419.11
485 | 0.10 | 9163.49 | 6843.11 | 8479.18 | 473.64 | 2368.18 | 10800.00 | 9149.67
472 | 0.07 | 8800.78 | 7333.47 | 8287.43 | 432.69 | 2163.44 | 10420.58 | 9296.81
475 | 0.06 | 8555.24 | 7796.91 | 8087.43 | 381.52 | 1907.59 | 9972.13 | 9033.64
490 | 0.09 | 9196.90 | 8188.63 | 8459.92 | 476.59 | 2382.97 | 10800.00 | 9436.07
479 | 0.09 | 9029.23 | 8770.44 | 8239.89 | 521.41 | 2607.04 | 10800.00 | 9492.47
493 | 0.07 | 8796.98 | 9310.05 | 8145.28 | 432.87 | 2164.37 | 10279.35 | 9293.95
498 | 0.12 | 9617.00 | 9842.99 | 8435.84 | 484.46 | 2422.30 | 10800.00 | 9180.89
486 | 0.09 | 9192.72 | 10395.23 | 8257.15 | 517.89 | 2589.46 | 10800.00 | 9638.38
497 | 0.12 | 9617.00 | 11006.49 | 8296.22 | 513.07 | 2565.35 | 10800.00 | 9323.95
489 | 0.09 | 9197.13 | 11628.85 | 8150.53 | 532.34 | 2661.69 | 10764.31 | 9715.02
494 | 0.11 | 9475.01 | 12215.64 | 8131.29 | 545.75 | 2728.75 | 10800.00 | 9583.55
508 | 0.12 | 9713.05 | 12793.30 | 8177.85 | 537.33 | 2686.63 | 10800.00 | 9541.27
509 | 0.13 | 9724.84 | 13406.61 | 7981.98 | 578.65 | 2893.24 | 10800.00 | 9521.48
482 | 0.10 | 9002.51 | 14081.02 | 7594.41 | 604.27 | 3021.37 | 10555.35 | 9641.88
483 | 0.08 | 9014.36 | 14704.68 | 7837.99 | 482.78 | 2413.91 | 10213.28 | 9522.68
471 | 0.05 | 8251.76 | 15238.90 | 7489.82 | 329.63 | 1648.13 | 9121.46 | 8708.89
495 | 0.06 | 8544.11 | 15647.53 | 7605.25 | 382.02 | 1910.08 | 9492.41 | 9024.99
499 | 0.13 | 9124.01 | 16086.84 | 7032.72 | 773.57 | 3867.85 | 10800.00 | 9895.25
504 | 0.12 | 9617.32 | 16891.39 | 7590.35 | 657.71 | 3288.57 | 10800.00 | 10047.49
507 | 0.17 | 9994.81 | 17555.25 | 7010.42 | 784.59 | 3922.96 | 10800.00 | 9868.37
500 | 0.10 | 9356.41 | 18446.10 | 7511.80 | 581.42 | 2907.09 | 10360.74 | 9881.49
505 | 0.09 | 9190.87 | 19033.55 | 7477.85 | 532.70 | 2663.50 | 10093.41 | 9710.57
481 | 0.09 | 9133.77 | 19677.74 | 7362.77 | 536.03 | 2680.15 | 9994.68 | 9670.12
491 | 0.09 | 9197.06 | 20263.93 | 7373.31 | 532.34 | 2661.71 | 9987.10 | 9714.97
Vehicle 13
Charging tour: 
520  -> 515  -> 511  -> 531  -> 510  -> 512  -> 522  -> 517  -> 513  -> 518  -> 514  -> 525  -> 541  -> 519  -> 527  -> 523  -> 530  -> 529  -> 537  -> 536  -> 521  -> 533  -> 516  -> 540  -> 524  -> 534  -> 532  -> 539  -> 538  -> 526  -> 528  -> 535  -> 
Charging time: 
561.3315785297171  + 624.7877634041575  + 441.5813204628085  + 318.7055639546051  + 735.1533579426898  + 519.0214564608033  + 337.1774600680669  + 584.7418561832077  + 269.8751360699926  + 494.75092955527487  + 500.4713137762654  + 566.3915375534054  + 181.9118051812961  + 582.3425292624665  + 358.0682161375021  + 501.14920085366117  + 351.6643672692736  + 412.08585922215536  + 275.51953180472015  + 328.48074372102013  + 510.64011718027155  + 316.8128728916863  + 713.7938197468056  + 418.5741458426829  + 518.5885925719349  + 292.48952474444144  + 461.7486240714  + 279.1897612389769  + 286.7977658808976  + 414.9446482034399  + 703.0668443780664  + 319.53894994251743  + 
total node:32/32
-------------------
Traveling energy: 1936.3447009622512
Charging energy: 70906.98597053108
Total energy used: 72843.33067149333
-------------------
Total time for travel: 1936.3447009622512
Total time for charging: 14181.397194106217
Charging round duration: 16117.741895068468
-------------------
ID | p | E0 | time_arrive | E_remain | time_charge | energy_charge| E_after_charge | E_after_cycle
520 | 0.15 | 8100.01 | 149.78 | 8077.54 | 561.33 | 2806.66 | 10800.00 | 7333.67
515 | 0.14 | 7868.20 | 747.64 | 7763.53 | 624.79 | 3123.94 | 10800.00 | 7657.34
511 | 0.09 | 8756.42 | 1384.24 | 8631.84 | 441.58 | 2207.91 | 10800.00 | 8820.52
531 | 0.11 | 9451.82 | 1911.70 | 9241.53 | 318.71 | 1593.53 | 10800.00 | 8425.14
510 | 0.14 | 7552.49 | 2323.80 | 7227.15 | 735.15 | 3675.77 | 10800.00 | 7893.45
512 | 0.10 | 8567.50 | 3107.03 | 8256.79 | 519.02 | 2595.11 | 10800.00 | 8780.60
522 | 0.08 | 9432.50 | 3642.72 | 9141.09 | 337.18 | 1685.89 | 10800.00 | 9212.79
517 | 0.12 | 8428.77 | 4019.21 | 7946.46 | 584.74 | 2923.71 | 10800.00 | 8494.07
513 | 0.05 | 9695.95 | 4636.68 | 9464.12 | 269.88 | 1349.38 | 10800.00 | 9854.33
518 | 0.10 | 8873.50 | 4977.83 | 8375.72 | 494.75 | 2473.75 | 10800.00 | 8965.26
514 | 0.09 | 8845.21 | 5583.56 | 8342.69 | 500.47 | 2502.36 | 10800.00 | 9203.76
525 | 0.13 | 8849.65 | 6215.22 | 8041.67 | 566.39 | 2831.96 | 10800.00 | 8585.01
541 | 0.06 | 10310.40 | 6817.48 | 9901.36 | 181.91 | 909.56 | 10800.00 | 9790.76
519 | 0.11 | 8726.62 | 7038.85 | 7952.35 | 582.34 | 2911.71 | 10800.00 | 9018.13
527 | 0.08 | 9653.33 | 7687.83 | 9038.30 | 358.07 | 1790.34 | 10800.00 | 9538.07
523 | 0.10 | 9163.09 | 8187.20 | 8344.37 | 501.15 | 2505.75 | 10800.00 | 9286.83
530 | 0.08 | 9776.08 | 8828.40 | 9069.81 | 351.66 | 1758.32 | 10800.00 | 9628.80
529 | 0.09 | 9611.64 | 9277.59 | 8776.66 | 412.09 | 2060.43 | 10800.00 | 9528.27
537 | 0.07 | 10123.32 | 9737.63 | 9441.69 | 275.52 | 1377.60 | 10800.00 | 9833.52
536 | 0.08 | 9986.70 | 10035.29 | 9183.87 | 328.48 | 1642.40 | 10800.00 | 9723.50
521 | 0.09 | 9226.99 | 10380.40 | 8292.76 | 510.64 | 2553.20 | 10800.00 | 9636.39
533 | 0.07 | 10002.36 | 10917.89 | 9238.11 | 316.81 | 1584.06 | 10800.00 | 9919.03
516 | 0.11 | 8550.42 | 11280.62 | 7309.55 | 713.79 | 3568.97 | 10800.00 | 9499.19
540 | 0.10 | 9952.48 | 12034.90 | 8748.99 | 418.57 | 2092.87 | 10800.00 | 9663.35
524 | 0.09 | 9376.81 | 12478.68 | 8253.73 | 518.59 | 2592.94 | 10800.00 | 9825.95
534 | 0.06 | 10139.15 | 13067.44 | 9355.10 | 292.49 | 1462.45 | 10800.00 | 10172.40
532 | 0.09 | 9741.06 | 13425.00 | 8532.81 | 461.75 | 2308.74 | 10800.00 | 9906.01
539 | 0.06 | 10256.76 | 13932.54 | 9420.80 | 279.19 | 1395.95 | 10800.00 | 10223.50
538 | 0.06 | 10237.05 | 14230.51 | 9383.22 | 286.80 | 1433.99 | 10800.00 | 10241.84
526 | 0.07 | 9771.84 | 14535.96 | 8754.32 | 414.94 | 2074.72 | 10800.00 | 10179.16
528 | 0.12 | 9165.10 | 14967.21 | 7369.03 | 703.07 | 3515.33 | 10800.00 | 9822.03
535 | 0.06 | 10162.60 | 15685.30 | 9221.48 | 319.54 | 1597.69 | 10800.00 | 10331.09
Vehicle 14
Charging tour: 
571  -> 548  -> 544  -> 545  -> 563  -> 543  -> 556  -> 577  -> 554  -> 564  -> 565  -> 559  -> 581  -> 547  -> 572  -> 551  -> 555  -> 550  -> 542  -> 567  -> 557  -> 562  -> 560  -> 546  -> 561  -> 558  -> 552  -> 570  -> 576  -> 575  -> 580  -> 569  -> 574  -> 573  -> 566  -> 553  -> 578  -> 568  -> 549  -> 579  -> 
Charging time: 
291.7113501619124  + 387.1844097547365  + 572.7097871363183  + 817.1773034916441  + 188.9867609539042  + 311.59435359661865  + 284.96172371668456  + 317.5050958959323  + 530.2081501418305  + 326.2821662623211  + 291.6772786837509  + 209.25132318049498  + 408.1015985962931  + 715.4146323456755  + 315.8202637479448  + 373.23957758466605  + 449.5766682552293  + 256.7470086110172  + 450.75368037655215  + 553.6297017581767  + 419.32474295222977  + 340.6791687705599  + 668.9001111203556  + 378.6968237168406  + 312.7324213392517  + 677.888358670327  + 565.7492664688739  + 722.8220322613777  + 650.9187812558397  + 656.7080513445605  + 351.5397622316978  + 577.7955813805431  + 692.1922552607859  + 726.4966309191708  + 355.67704409320896  + 311.9694748223461  + 353.75090059884474  + 250.55136852266213  + 573.3101966188893  + 412.93595745584776  + 
total node:40/40
-------------------
Traveling energy: 2281.094415002144
Charging energy: 90265.85882027955
Total energy used: 92546.95323528169
-------------------
Total time for travel: 2281.094415002144
Total time for charging: 18053.17176405591
Charging round duration: 20334.266179058053
-------------------
ID | p | E0 | time_arrive | E_remain | time_charge | energy_charge| E_after_charge | E_after_cycle
571 | 0.15 | 9402.19 | 113.24 | 9385.20 | 291.71 | 1458.56 | 10800.00 | 7287.74
548 | 0.09 | 8935.45 | 405.82 | 8898.92 | 387.18 | 1935.92 | 10800.00 | 8727.57
544 | 0.12 | 8109.43 | 868.79 | 8005.18 | 572.71 | 2863.55 | 10800.00 | 8114.58
545 | 0.17 | 7123.72 | 1592.24 | 6853.03 | 817.18 | 4085.89 | 10800.00 | 7160.20
563 | 0.05 | 9985.81 | 2425.99 | 9864.52 | 188.99 | 944.93 | 10800.00 | 9739.75
543 | 0.06 | 9419.84 | 2651.96 | 9260.72 | 311.59 | 1557.97 | 10800.00 | 9548.61
556 | 0.07 | 9605.55 | 3005.89 | 9395.14 | 284.96 | 1424.81 | 10800.00 | 9362.96
577 | 0.12 | 9650.72 | 3334.50 | 9250.58 | 317.51 | 1587.53 | 10800.00 | 8379.84
554 | 0.12 | 8658.06 | 3712.29 | 8212.58 | 530.21 | 2651.04 | 10800.00 | 8450.70
564 | 0.09 | 9583.78 | 4286.99 | 9197.95 | 326.28 | 1631.41 | 10800.00 | 9071.39
565 | 0.06 | 9639.77 | 4677.52 | 9359.11 | 291.68 | 1458.39 | 10800.00 | 9668.95
559 | 0.05 | 10015.86 | 5033.15 | 9764.21 | 209.25 | 1046.26 | 10800.00 | 9871.12
581 | 0.15 | 9611.50 | 5271.92 | 8820.71 | 408.10 | 2040.51 | 10800.00 | 8079.00
547 | 0.13 | 8059.95 | 5723.25 | 7315.93 | 715.41 | 3577.07 | 10800.00 | 8540.43
572 | 0.06 | 9565.01 | 6456.24 | 9177.64 | 315.82 | 1579.10 | 10737.79 | 9714.91
551 | 0.07 | 9437.34 | 6820.14 | 8959.93 | 373.24 | 1866.20 | 10800.00 | 9636.14
555 | 0.09 | 9242.58 | 7222.26 | 8592.58 | 449.58 | 2247.88 | 10800.00 | 9346.66
550 | 0.05 | 9804.80 | 7733.49 | 9418.13 | 256.75 | 1283.74 | 10689.02 | 9897.54
542 | 0.08 | 8935.62 | 8038.60 | 8292.54 | 450.75 | 2253.77 | 10510.24 | 9283.79
567 | 0.12 | 9121.32 | 8525.28 | 8098.29 | 553.63 | 2768.15 | 10800.00 | 9031.07
557 | 0.08 | 9474.04 | 9213.92 | 8736.92 | 419.32 | 2096.62 | 10800.00 | 9665.06
562 | 0.07 | 9804.13 | 9766.83 | 9120.45 | 340.68 | 1703.40 | 10800.00 | 9840.13
560 | 0.13 | 8857.71 | 10117.31 | 7542.46 | 668.90 | 3344.50 | 10800.00 | 9105.61
546 | 0.07 | 9306.38 | 10816.48 | 8549.22 | 378.70 | 1893.48 | 10416.20 | 9532.46
561 | 0.06 | 9659.45 | 11244.40 | 8984.79 | 312.73 | 1563.66 | 10529.69 | 9793.91
558 | 0.12 | 8881.19 | 11577.36 | 7491.90 | 677.89 | 3389.44 | 10800.00 | 9412.23
552 | 0.10 | 8899.18 | 12356.59 | 7663.52 | 565.75 | 2828.75 | 10435.70 | 9345.93
570 | 0.14 | 9098.41 | 12938.02 | 7287.08 | 722.82 | 3614.11 | 10800.00 | 9377.72
576 | 0.16 | 9843.56 | 13712.56 | 7649.55 | 650.92 | 3254.59 | 10800.00 | 9286.96
575 | 0.15 | 9772.45 | 14383.20 | 7614.97 | 656.71 | 3283.54 | 10800.00 | 9482.99
580 | 0.07 | 10025.31 | 15065.16 | 8970.75 | 351.54 | 1757.70 | 10703.84 | 10115.61
569 | 0.11 | 9585.01 | 15459.74 | 7884.44 | 577.80 | 2888.98 | 10709.86 | 9853.79
574 | 0.13 | 9455.64 | 16100.70 | 7362.55 | 692.19 | 3460.96 | 10733.52 | 9820.00
573 | 0.14 | 9626.59 | 16838.29 | 7269.23 | 726.50 | 3632.48 | 10800.00 | 9924.27
566 | 0.07 | 9908.69 | 17611.11 | 8675.92 | 355.68 | 1778.39 | 10429.40 | 10019.68
553 | 0.06 | 9683.08 | 18006.49 | 8602.69 | 311.97 | 1559.85 | 10143.82 | 9813.72
578 | 0.07 | 9962.65 | 18431.67 | 8672.43 | 353.75 | 1768.75 | 10416.42 | 10064.00
568 | 0.05 | 10047.25 | 18813.48 | 9106.58 | 250.55 | 1252.76 | 10346.81 | 10109.01
549 | 0.10 | 8781.82 | 19132.25 | 6868.59 | 573.31 | 2866.55 | 9677.81 | 9266.37
579 | 0.08 | 9753.97 | 19733.04 | 8175.33 | 412.94 | 2064.68 | 10206.97 | 9913.05
Vehicle 15
Charging tour: 
617  -> 583  -> 582  -> 619  -> 601  -> 614  -> 610  -> 591  -> 598  -> 611  -> 597  -> 616  -> 603  -> 605  -> 604  -> 618  -> 590  -> 599  -> 607  -> 585  -> 602  -> 596  -> 592  -> 589  -> 595  -> 606  -> 584  -> 593  -> 613  -> 612  -> 620  -> 600  -> 594  -> 615  -> 586  -> 587  -> 609  -> 608  -> 588  -> 
Charging time: 
537.7382593560404  + 340.5294405129242  + 682.4058064905566  + 440.24265263215716  + 586.1421640723688  + 586.1444725466652  + 537.7327930040708  + 390.80279829797496  + 682.4219775363844  + 586.1422074387394  + 340.66735271048026  + 489.12613741259185  + 682.4994496224747  + 440.2272213198845  + 634.3868848627249  + 634.3105589668752  + 778.303314418807  + 489.10456005581364  + 390.80470795300107  + 489.1235986267399  + 586.087693210214  + 390.9667694727201  + 586.1425890507431  + 489.1192278415036  + 489.1264377228958  + 682.506574664355  + 634.3416027581322  + 730.5298926324197  + 440.23502290133547  + 682.5065942973138  + 537.7343004410113  + 682.5065555127685  + 489.1236143059331  + 489.1209512389557  + 440.2164250251717  + 340.0555663370487  + 440.1195522391555  + 586.1434502843733  + 776.9610914483907  + 
total node:39/39
-------------------
Traveling energy: 1837.9986538914231
Charging energy: 106162.00134610856
Total energy used: 107999.99999999999
-------------------
Total time for travel: 1837.9986538914231
Total time for charging: 21232.40026922171
Charging round duration: 23070.398923113135
-------------------
ID | p | E0 | time_arrive | E_remain | time_charge | energy_charge| E_after_charge | E_after_cycle
617 | 0.10 | 7363.68 | 24.90 | 7361.19 | 537.74 | 2688.69 | 9996.11 | 7670.37
583 | 0.06 | 6976.90 | 724.81 | 6933.41 | 340.53 | 1702.65 | 8615.63 | 7250.35
582 | 0.13 | 7543.39 | 1067.84 | 7404.57 | 682.41 | 3412.03 | 10727.89 | 7858.82
619 | 0.08 | 7195.55 | 1786.04 | 7052.66 | 440.24 | 2201.21 | 9218.66 | 7491.16
601 | 0.11 | 7431.14 | 2261.20 | 7182.41 | 586.14 | 2930.71 | 10048.65 | 7741.65
614 | 0.11 | 7431.11 | 2912.64 | 7110.72 | 586.14 | 2930.72 | 9976.97 | 7741.63
610 | 0.10 | 7363.76 | 3565.24 | 7007.23 | 537.73 | 2688.66 | 9642.12 | 7670.42
591 | 0.07 | 7092.61 | 4124.03 | 6803.93 | 390.80 | 1954.01 | 8730.59 | 7379.23
598 | 0.13 | 7543.21 | 4518.93 | 6955.75 | 682.42 | 3412.11 | 10279.14 | 7858.72
611 | 0.11 | 7431.14 | 5242.65 | 6854.45 | 586.14 | 2930.71 | 9720.69 | 7741.65
597 | 0.06 | 6974.07 | 5880.31 | 6621.26 | 340.67 | 1703.34 | 8304.15 | 7248.21
616 | 0.09 | 7285.97 | 6256.76 | 6722.86 | 489.13 | 2445.63 | 9124.47 | 7587.80
603 | 0.13 | 7542.35 | 6854.35 | 6651.29 | 682.50 | 3412.50 | 9975.06 | 7858.25
605 | 0.08 | 7195.80 | 7553.36 | 6591.53 | 440.23 | 2201.14 | 8757.45 | 7491.33
604 | 0.12 | 7490.19 | 8030.62 | 6526.52 | 634.39 | 3171.93 | 9622.32 | 7803.73
618 | 0.12 | 7491.09 | 8671.69 | 6450.49 | 634.31 | 3171.55 | 9545.93 | 7804.24
590 | 0.15 | 7631.47 | 9365.20 | 6226.69 | 778.30 | 3891.52 | 10001.46 | 7949.99
599 | 0.09 | 7286.29 | 10191.23 | 6369.08 | 489.10 | 2445.52 | 8770.59 | 7588.02
607 | 0.07 | 7092.58 | 10729.48 | 6341.51 | 390.80 | 1954.02 | 8268.18 | 7379.20
585 | 0.09 | 7286.01 | 11147.04 | 6282.78 | 489.12 | 2445.62 | 8684.37 | 7587.83
602 | 0.11 | 7431.83 | 11676.31 | 6147.44 | 586.09 | 2930.44 | 9013.41 | 7742.07
596 | 0.07 | 7089.64 | 12306.31 | 6228.20 | 390.97 | 1954.83 | 8155.66 | 7377.07
592 | 0.11 | 7431.14 | 12732.59 | 6030.55 | 586.14 | 2930.71 | 8896.79 | 7741.65
589 | 0.09 | 7286.08 | 13325.46 | 6086.78 | 489.12 | 2445.60 | 8488.36 | 7587.87
595 | 0.09 | 7285.97 | 13858.20 | 6038.73 | 489.13 | 2445.63 | 8440.34 | 7587.80
606 | 0.13 | 7542.28 | 14417.80 | 5667.96 | 682.51 | 3412.53 | 8991.77 | 7858.21
584 | 0.12 | 7490.73 | 15130.05 | 5675.12 | 634.34 | 3171.71 | 8770.71 | 7804.03
593 | 0.14 | 7588.50 | 15775.62 | 5379.91 | 730.53 | 3652.65 | 8930.29 | 7906.35
613 | 0.08 | 7195.67 | 16524.84 | 5873.68 | 440.24 | 2201.18 | 8039.64 | 7491.25
612 | 0.13 | 7542.28 | 16987.96 | 5333.84 | 682.51 | 3412.53 | 8657.65 | 7858.21
620 | 0.10 | 7363.73 | 17712.63 | 5592.47 | 537.73 | 2688.67 | 8227.37 | 7670.41
600 | 0.13 | 7542.28 | 18307.71 | 5162.27 | 682.51 | 3412.53 | 8486.08 | 7858.21
594 | 0.09 | 7286.01 | 19028.30 | 5573.46 | 489.12 | 2445.62 | 7975.06 | 7587.83
615 | 0.09 | 7286.05 | 19599.27 | 5522.12 | 489.12 | 2445.60 | 7923.70 | 7587.85
586 | 0.08 | 7195.97 | 20216.21 | 5578.68 | 440.22 | 2201.08 | 7744.54 | 7491.46
587 | 0.06 | 6986.62 | 20699.96 | 5744.62 | 340.06 | 1700.28 | 7424.50 | 7257.70
609 | 0.08 | 7197.56 | 21084.98 | 5510.76 | 440.12 | 2200.60 | 7676.15 | 7492.56
608 | 0.11 | 7431.13 | 21547.84 | 5060.86 | 586.14 | 2930.72 | 7927.11 | 7741.64
588 | 0.15 | 7644.65 | 22198.61 | 4314.86 | 776.96 | 3884.81 | 8083.12 | 7956.46
Vehicle 16
Charging tour: 
627  -> 628  -> 625  -> 622  -> 623  -> 636  -> 634  -> 630  -> 629  -> 624  -> 633  -> 632  -> 626  -> 642  -> 641  -> 631  -> 637  -> 621  -> 645  -> 640  -> 647  -> 635  -> 644  -> 639  -> 646  -> 638  -> 643  -> 
Charging time: 
406.88243719097096  + 445.59457498921216  + 588.5548121745985  + 605.6127653840224  + 708.1499398502361  + 331.59441212653405  + 440.38562757175447  + 506.38120523574884  + 286.85149774806916  + 541.7990962695301  + 639.0282984643674  + 334.5567720566783  + 611.0214752246652  + 322.7292101569005  + 252.2658018675992  + 581.8472508731065  + 236.7204771076142  + 730.0293756450052  + 253.7779853660545  + 238.1822043933282  + 211.05463216034482  + 479.8356362687683  + 368.5000910524938  + 413.61413519312083  + 369.9278606952481  + 434.6625424893026  + 456.4945859810327  + 
total node:27/27
-------------------
Traveling energy: 1806.0859734691844
Charging energy: 58980.273517681526
Total energy used: 60786.35949115071
-------------------
Total time for travel: 1806.0859734691844
Total time for charging: 11796.054703536305
Charging round duration: 13602.14067700549
-------------------
ID | p | E0 | time_arrive | E_remain | time_charge | energy_charge| E_after_charge | E_after_cycle
627 | 0.10 | 8823.71 | 174.33 | 8806.28 | 406.88 | 2034.41 | 10800.00 | 8476.12
628 | 0.11 | 8699.49 | 713.20 | 8621.04 | 445.59 | 2227.97 | 10800.00 | 8307.27
625 | 0.13 | 8097.78 | 1261.87 | 7933.74 | 588.55 | 2942.77 | 10800.00 | 7943.95
622 | 0.12 | 8076.69 | 1934.02 | 7844.61 | 605.61 | 3028.06 | 10800.00 | 8246.36
623 | 0.14 | 7720.34 | 2585.32 | 7358.39 | 708.15 | 3540.75 | 10800.00 | 7926.28
636 | 0.09 | 9469.02 | 3301.67 | 9171.87 | 331.59 | 1657.97 | 10800.00 | 8983.19
634 | 0.11 | 9049.53 | 3663.76 | 8646.51 | 440.39 | 2201.93 | 10800.00 | 8631.25
630 | 0.11 | 8784.00 | 4183.63 | 8323.80 | 506.38 | 2531.91 | 10800.00 | 8695.70
629 | 0.06 | 9668.24 | 4754.79 | 9382.95 | 286.85 | 1434.26 | 10800.00 | 9673.30
624 | 0.10 | 8654.88 | 5096.93 | 8145.18 | 541.80 | 2709.00 | 10800.00 | 8981.87
633 | 0.14 | 8489.60 | 5680.59 | 7694.32 | 639.03 | 3195.14 | 10800.00 | 8349.95
632 | 0.07 | 9596.97 | 6376.15 | 9150.64 | 334.56 | 1672.78 | 10800.00 | 9602.35
626 | 0.11 | 8561.12 | 6809.22 | 7812.10 | 611.02 | 3055.11 | 10800.00 | 8996.03
642 | 0.08 | 9806.59 | 7430.20 | 9212.17 | 322.73 | 1613.65 | 10800.00 | 9514.63
641 | 0.06 | 10025.59 | 7863.04 | 9553.81 | 252.27 | 1261.33 | 10800.00 | 9857.72
631 | 0.11 | 8860.07 | 8230.01 | 7954.77 | 581.85 | 2909.24 | 10800.00 | 9149.10
637 | 0.05 | 10071.67 | 8868.81 | 9628.23 | 236.72 | 1183.60 | 10800.00 | 10064.28
621 | 0.11 | 8234.30 | 9128.59 | 7230.16 | 730.03 | 3650.15 | 10800.00 | 9264.25
645 | 0.06 | 10140.23 | 9898.30 | 9546.34 | 253.78 | 1268.89 | 10800.00 | 9979.92
640 | 0.05 | 10134.27 | 10265.50 | 9621.00 | 238.18 | 1190.91 | 10800.00 | 10134.18
647 | 0.05 | 10284.08 | 10575.93 | 9755.28 | 211.05 | 1055.27 | 10800.00 | 10148.35
635 | 0.09 | 9418.64 | 10829.22 | 8444.01 | 479.84 | 2399.18 | 10800.00 | 9674.01
644 | 0.08 | 9893.44 | 11330.80 | 8986.98 | 368.50 | 1842.50 | 10800.00 | 9830.34
639 | 0.08 | 9704.36 | 11741.78 | 8765.02 | 413.61 | 2068.07 | 10800.00 | 9866.83
646 | 0.08 | 9953.54 | 12169.77 | 8979.95 | 369.93 | 1849.64 | 10800.00 | 9897.58
638 | 0.08 | 9669.17 | 12596.35 | 8661.46 | 434.66 | 2173.31 | 10800.00 | 9936.88
643 | 0.09 | 9733.41 | 13053.27 | 8558.61 | 456.49 | 2282.47 | 10800.00 | 9872.08
Vehicle 17
Charging tour: 
674  -> 648  -> 657  -> 653  -> 664  -> 656  -> 662  -> 668  -> 670  -> 654  -> 651  -> 655  -> 683  -> 659  -> 679  -> 681  -> 680  -> 676  -> 675  -> 671  -> 665  -> 660  -> 652  -> 672  -> 677  -> 650  -> 667  -> 678  -> 666  -> 673  -> 684  -> 658  -> 685  -> 663  -> 661  -> 649  -> 669  -> 682  -> 
Charging time: 
418.14371662960565  + 631.1289840001702  + 514.5679096772732  + 369.2347832211022  + 418.13455273101266  + 629.0885819381188  + 610.4766547182279  + 562.5684155710258  + 368.88614621963785  + 368.52152341413716  + 266.95549090306736  + 418.05879184861453  + 706.0621357097266  + 514.5218723868727  + 784.341975601081  + 514.579887732458  + 610.4742071876262  + 610.4786417734267  + 658.2971972526299  + 896.2755075807622  + 417.78642834882544  + 610.4769605577474  + 514.5204324950685  + 709.0797310360546  + 369.1669530681666  + 466.6449452712867  + 610.4713709843733  + 610.4701796536615  + 848.8413704135658  + 658.2979781114353  + 271.336234286357  + 706.0616627335726  + 269.2886356661602  + 901.1171823814495  + 753.7805998056499  + 268.67749548734764  + 417.75247491233966  + 801.4707173288928  + 
total node:38/38
-------------------
Traveling energy: 1863.1046421031424
Charging energy: 105380.19164319267
Total energy used: 107243.2962852958
-------------------
Total time for travel: 1863.1046421031424
Total time for charging: 21076.038328638533
Charging round duration: 22939.142970741676
-------------------
ID | p | E0 | time_arrive | E_remain | time_charge | energy_charge| E_after_charge | E_after_cycle
674 | 0.08 | 7865.57 | 77.55 | 7859.36 | 418.14 | 2090.72 | 9916.63 | 8050.68
648 | 0.13 | 7804.07 | 597.45 | 7726.40 | 631.13 | 3155.64 | 10800.00 | 7863.11
657 | 0.10 | 7989.56 | 1242.78 | 7865.28 | 514.57 | 2572.84 | 10386.66 | 8180.40
653 | 0.07 | 7794.01 | 1808.52 | 7667.41 | 369.23 | 1846.17 | 9487.74 | 7972.78
664 | 0.08 | 7865.74 | 2190.70 | 7690.48 | 418.13 | 2090.67 | 9747.70 | 8050.81
656 | 0.14 | 8111.21 | 2632.73 | 7742.63 | 629.09 | 3145.44 | 10800.00 | 7921.85
662 | 0.12 | 8081.23 | 3306.06 | 7684.51 | 610.48 | 3052.38 | 10663.63 | 8275.22
668 | 0.11 | 8038.65 | 3984.77 | 7600.32 | 562.57 | 2812.84 | 10351.28 | 8231.29
670 | 0.07 | 7801.38 | 4669.60 | 7474.50 | 368.89 | 1844.43 | 9293.11 | 7978.41
654 | 0.07 | 7809.10 | 5056.70 | 7455.13 | 368.52 | 1842.61 | 9271.94 | 7984.30
651 | 0.05 | 7700.11 | 5468.24 | 7426.69 | 266.96 | 1334.78 | 8748.12 | 7843.88
655 | 0.08 | 7867.16 | 5744.53 | 7407.60 | 418.06 | 2090.29 | 9464.45 | 8051.86
683 | 0.14 | 8151.75 | 6222.14 | 7280.65 | 706.06 | 3530.31 | 10712.11 | 8347.26
659 | 0.10 | 7990.27 | 6964.80 | 7293.79 | 514.52 | 2572.61 | 9814.95 | 8180.88
679 | 0.16 | 8207.24 | 7521.61 | 7003.78 | 784.34 | 3921.71 | 10800.00 | 8317.75
681 | 0.10 | 7989.37 | 8341.22 | 7155.25 | 514.58 | 2572.90 | 9676.69 | 8180.27
680 | 0.12 | 8081.27 | 8877.47 | 7015.97 | 610.47 | 3052.37 | 9995.08 | 8275.24
676 | 0.12 | 8081.21 | 9561.92 | 6933.78 | 610.48 | 3052.39 | 9912.91 | 8275.20
675 | 0.13 | 8118.71 | 10236.01 | 6788.03 | 658.30 | 3291.49 | 9993.93 | 8313.59
671 | 0.18 | 8256.51 | 10907.97 | 6293.08 | 896.28 | 4481.38 | 10613.12 | 8450.29
665 | 0.08 | 7872.29 | 11809.59 | 6927.52 | 417.79 | 2088.93 | 8983.03 | 8055.62
660 | 0.12 | 8081.23 | 12240.17 | 6612.41 | 610.48 | 3052.38 | 9591.54 | 8275.21
652 | 0.10 | 7990.30 | 12885.76 | 6701.72 | 514.52 | 2572.60 | 9222.87 | 8180.90
672 | 0.14 | 8117.06 | 13431.02 | 6236.71 | 709.08 | 3545.40 | 9682.84 | 8327.65
677 | 0.07 | 7795.44 | 14184.50 | 6802.53 | 369.17 | 1845.83 | 8622.52 | 7973.88
650 | 0.09 | 7929.06 | 14571.51 | 6617.62 | 466.64 | 2333.22 | 8908.85 | 8118.48
667 | 0.12 | 8081.30 | 15068.35 | 6273.10 | 610.47 | 3052.36 | 9252.20 | 8275.26
678 | 0.12 | 8081.32 | 15717.95 | 6195.17 | 610.47 | 3052.35 | 9174.26 | 8275.27
666 | 0.17 | 8233.57 | 16376.60 | 5449.54 | 848.84 | 4244.21 | 9549.45 | 8428.37
673 | 0.13 | 8118.70 | 17254.69 | 5875.59 | 658.30 | 3291.49 | 9081.50 | 8313.59
684 | 0.05 | 7575.79 | 17993.37 | 6676.12 | 271.34 | 1356.68 | 8019.23 | 7741.47
658 | 0.14 | 8151.75 | 18366.38 | 5580.46 | 706.06 | 3530.31 | 9011.92 | 8347.26
685 | 0.05 | 7633.39 | 19132.33 | 6676.77 | 269.29 | 1346.44 | 8009.75 | 7788.83
663 | 0.18 | 8212.15 | 19428.83 | 4714.96 | 901.12 | 4505.59 | 9058.34 | 8430.13
661 | 0.15 | 8181.10 | 20353.10 | 5128.14 | 753.78 | 3768.90 | 8783.97 | 8377.00
649 | 0.05 | 7650.75 | 21129.90 | 6594.26 | 268.68 | 1343.39 | 7924.21 | 7803.14
669 | 0.08 | 7872.93 | 21525.98 | 6150.85 | 417.75 | 2088.76 | 8206.20 | 8056.09
682 | 0.16 | 8207.25 | 22028.80 | 4682.65 | 801.47 | 4007.35 | 8561.76 | 8403.41
Vehicle 18
Charging tour: 
706  -> 695  -> 693  -> 700  -> 714  -> 689  -> 725  -> 704  -> 699  -> 713  -> 720  -> 692  -> 702  -> 715  -> 708  -> 710  -> 724  -> 727  -> 691  -> 721  -> 690  -> 709  -> 705  -> 703  -> 698  -> 711  -> 719  -> 697  -> 718  -> 688  -> 726  -> 701  -> 712  -> 722  -> 723  -> 717  -> 707  -> 687  -> 696  -> 716  -> 694  -> 686  -> 
Charging time: 
622.7180120360154  + 347.93210519034614  + 577.4386542455201  + 347.9481589738313  + 622.7180815430988  + 577.4386174886924  + 577.4381942857558  + 300.140839242276  + 532.0267805144024  + 711.8402923540392  + 348.6349014988862  + 486.42196602100097  + 394.6236174533726  + 255.14125551327302  + 577.4410618799072  + 440.67199853062135  + 622.7182385552624  + 1523.4727171445445  + 622.7179797290157  + 255.18682797213717  + 302.1344205392741  + 622.720333111963  + 532.0205924158997  + 348.5157141241383  + 756.2739007864084  + 394.85221596896287  + 250.87996609111008  + 577.437033580768  + 301.8583447764495  + 394.4802496552296  + 486.46349808585575  + 667.7633216138543  + 712.7845752196381  + 440.65972544325876  + 577.4377887513633  + 302.3048049085041  + 394.7928591298428  + 348.6809290721966  + 667.86918047349  + 348.7179838702235  + 622.7181211327592  + 394.70534584398507  + 
total node:42/42
-------------------
Traveling energy: 2046.293976164173
Charging energy: 105953.7060238359
Total energy used: 108000.00000000007
-------------------
Total time for travel: 2046.293976164173
Total time for charging: 21190.74120476718
Charging round duration: 23237.03518093135
-------------------
ID | p | E0 | time_arrive | E_remain | time_charge | energy_charge| E_after_charge | E_after_cycle
706 | 0.13 | 7417.14 | 107.44 | 7403.17 | 622.72 | 3113.59 | 10435.81 | 7434.13
695 | 0.07 | 7148.06 | 765.65 | 7094.46 | 347.93 | 1739.66 | 8809.77 | 7220.32
693 | 0.12 | 7383.46 | 1160.02 | 7244.26 | 577.44 | 2887.19 | 10062.16 | 7412.25
700 | 0.07 | 7147.73 | 1779.07 | 7023.19 | 347.95 | 1739.74 | 8738.58 | 7220.07
714 | 0.13 | 7417.14 | 2168.95 | 7135.18 | 622.72 | 3113.59 | 10167.81 | 7434.13
689 | 0.12 | 7383.46 | 2827.27 | 7044.19 | 577.44 | 2887.19 | 9862.09 | 7412.25
725 | 0.12 | 7383.47 | 3444.66 | 6970.11 | 577.44 | 2887.19 | 9788.01 | 7412.26
704 | 0.06 | 7102.49 | 4075.40 | 6857.97 | 300.14 | 1500.70 | 8340.66 | 7174.00
699 | 0.11 | 7345.88 | 4462.32 | 6855.02 | 532.03 | 2660.13 | 9456.63 | 7385.81
713 | 0.15 | 7486.75 | 5026.93 | 6732.71 | 711.84 | 3559.20 | 10185.13 | 7472.95
720 | 0.07 | 7133.65 | 5759.76 | 6730.47 | 348.63 | 1743.17 | 8449.24 | 7209.42
692 | 0.10 | 7304.18 | 6117.22 | 6692.46 | 486.42 | 2432.11 | 9075.92 | 7354.29
702 | 0.08 | 7202.64 | 6624.71 | 6672.66 | 394.62 | 1973.12 | 8614.21 | 7270.15
715 | 0.05 | 6962.64 | 7050.21 | 6610.13 | 255.14 | 1275.71 | 7873.08 | 7047.34
708 | 0.12 | 7383.43 | 7323.88 | 6504.56 | 577.44 | 2887.21 | 9322.48 | 7412.23
710 | 0.09 | 7256.24 | 7924.00 | 6543.08 | 440.67 | 2203.36 | 8706.78 | 7315.80
724 | 0.13 | 7417.14 | 8377.15 | 6328.11 | 622.72 | 3113.59 | 9360.75 | 7434.13
727 | 0.16 | 3731.38 | 9024.06 | 2287.53 | 1523.47 | 7617.36 | 9661.14 | 7537.55
691 | 0.13 | 7417.14 | 10580.86 | 6041.63 | 622.72 | 3113.59 | 9074.27 | 7434.13
721 | 0.05 | 6961.40 | 11248.36 | 6398.98 | 255.19 | 1275.93 | 7662.15 | 7046.33
690 | 0.06 | 7055.63 | 11512.20 | 6364.90 | 302.13 | 1510.67 | 7857.44 | 7137.10
709 | 0.13 | 7417.11 | 11855.57 | 5875.89 | 622.72 | 3113.60 | 8908.54 | 7434.11
705 | 0.11 | 7345.96 | 12634.09 | 5956.21 | 532.02 | 2660.10 | 8557.79 | 7385.87
703 | 0.07 | 7136.09 | 13239.35 | 6209.33 | 348.52 | 1742.58 | 7927.52 | 7211.27
698 | 0.16 | 7516.67 | 13640.22 | 5334.23 | 756.27 | 3781.37 | 8994.60 | 7486.84
711 | 0.08 | 7198.47 | 14453.48 | 6042.19 | 394.85 | 1974.26 | 7984.86 | 7267.13
719 | 0.05 | 7080.90 | 14867.00 | 6337.55 | 250.88 | 1254.40 | 7579.41 | 7144.30
697 | 0.12 | 7383.48 | 15201.48 | 5559.30 | 577.44 | 2887.19 | 8377.20 | 7412.27
718 | 0.06 | 7062.08 | 15789.26 | 6114.72 | 301.86 | 1509.29 | 7605.90 | 7142.17
688 | 0.08 | 7205.25 | 16133.14 | 5914.60 | 394.48 | 1972.40 | 7855.45 | 7272.05
726 | 0.10 | 7303.55 | 16576.26 | 5645.93 | 486.46 | 2432.32 | 8029.60 | 7353.87
701 | 0.14 | 7448.86 | 17145.80 | 5048.45 | 667.76 | 3338.82 | 8293.78 | 7452.88
712 | 0.15 | 7476.83 | 17924.25 | 4788.19 | 712.78 | 3563.92 | 8245.20 | 7467.75
722 | 0.09 | 7256.44 | 18765.78 | 5567.52 | 440.66 | 2203.30 | 7731.16 | 7315.94
723 | 0.12 | 7383.47 | 19250.46 | 5073.42 | 577.44 | 2887.19 | 7891.31 | 7412.26
717 | 0.06 | 7051.65 | 19856.35 | 5860.27 | 302.30 | 1511.52 | 7353.65 | 7133.97
707 | 0.08 | 7199.55 | 20168.16 | 5586.10 | 394.79 | 1973.96 | 7528.48 | 7267.91
687 | 0.07 | 7132.71 | 20643.13 | 5687.69 | 348.68 | 1743.40 | 7406.69 | 7208.71
696 | 0.14 | 7447.68 | 20998.52 | 4507.89 | 667.87 | 3339.35 | 7753.73 | 7452.23
716 | 0.07 | 7131.95 | 21696.93 | 5613.16 | 348.72 | 1743.59 | 7332.34 | 7208.14
694 | 0.13 | 7417.14 | 22065.15 | 4548.67 | 622.72 | 3113.59 | 7581.31 | 7434.13
686 | 0.08 | 7201.14 | 22786.07 | 5378.26 | 394.71 | 1973.53 | 7320.21 | 7269.07
Vehicle 19
Charging tour: 
730  -> 745  -> 746  -> 736  -> 766  -> 752  -> 734  -> 741  -> 744  -> 739  -> 728  -> 751  -> 742  -> 757  -> 743  -> 731  -> 760  -> 740  -> 733  -> 749  -> 729  -> 732  -> 747  -> 759  -> 763  -> 737  -> 764  -> 755  -> 756  -> 738  -> 735  -> 748  -> 754  -> 761  -> 758  -> 753  -> 750  -> 765  -> 762  -> 
Charging time: 
355.02838201724745  + 412.6375330296078  + 320.64870594767024  + 320.9469377540986  + 273.9812629771595  + 443.6536716321379  + 524.0480251232239  + 680.0074057496071  + 402.08568691851923  + 465.24813770141174  + 755.0868410523793  + 443.0070954007132  + 499.78966032361996  + 505.4034900074921  + 529.5557758807765  + 319.6464845603881  + 461.34108615584387  + 367.9160175518324  + 320.4401990441315  + 414.79655088863285  + 319.26217219861974  + 774.8302589580721  + 727.5283781430184  + 368.0019516535143  + 642.2796823276087  + 367.8874613328068  + 628.3709667008237  + 668.5779013398823  + 648.3079730016781  + 321.0819078903437  + 414.84404028556054  + 508.20546994371443  + 669.7692357867908  + 695.0021045114277  + 572.8400368090564  + 512.12864382921  + 791.9490292971076  + 560.4022394147624  + 605.2344357262647  + 
total node:39/39
-------------------
Traveling energy: 2604.311094258181
Charging energy: 98058.86419433376
Total energy used: 100663.17528859194
-------------------
Total time for travel: 2604.311094258181
Total time for charging: 19611.772838866753
Charging round duration: 22216.083933124934
-------------------
ID | p | E0 | time_arrive | E_remain | time_charge | energy_charge| E_after_charge | E_after_cycle
730 | 0.07 | 9061.30 | 165.64 | 9049.71 | 355.03 | 1775.14 | 10800.00 | 9169.05
745 | 0.13 | 8869.46 | 607.72 | 8790.46 | 412.64 | 2063.19 | 10800.00 | 7836.05
746 | 0.06 | 8915.47 | 1097.34 | 8849.63 | 320.65 | 1603.24 | 10433.64 | 9089.52
736 | 0.06 | 8907.19 | 1460.55 | 8819.56 | 320.95 | 1604.73 | 10405.03 | 9082.72
766 | 0.05 | 8695.04 | 1933.52 | 8598.37 | 273.98 | 1369.91 | 9954.58 | 8873.95
752 | 0.13 | 8943.43 | 2338.68 | 8639.41 | 443.65 | 2218.27 | 10800.00 | 8065.10
734 | 0.11 | 8546.45 | 2809.46 | 8237.41 | 524.05 | 2620.24 | 10800.00 | 8546.49
741 | 0.16 | 8051.61 | 3392.80 | 7508.76 | 680.01 | 3400.04 | 10800.00 | 7640.45
744 | 0.08 | 9149.72 | 4099.83 | 8821.74 | 402.09 | 2010.43 | 10800.00 | 9254.55
739 | 0.10 | 8974.81 | 4545.22 | 8520.28 | 465.25 | 2326.24 | 10800.00 | 8919.05
728 | 0.13 | 7782.13 | 5072.33 | 7122.73 | 755.09 | 3775.43 | 10800.00 | 8460.96
751 | 0.10 | 9222.43 | 5931.69 | 8629.27 | 443.01 | 2215.04 | 10800.00 | 9055.47
742 | 0.10 | 8998.81 | 6477.79 | 8351.03 | 499.79 | 2498.95 | 10800.00 | 9115.76
757 | 0.12 | 9173.67 | 7000.33 | 8333.63 | 505.40 | 2527.02 | 10800.00 | 8842.29
743 | 0.11 | 9037.68 | 7520.03 | 8210.47 | 529.56 | 2647.78 | 10800.00 | 9065.25
731 | 0.06 | 8943.43 | 8143.55 | 8454.81 | 319.65 | 1598.23 | 10033.87 | 9112.46
760 | 0.09 | 9294.86 | 8493.94 | 8530.41 | 461.34 | 2306.71 | 10795.59 | 9457.77
740 | 0.07 | 9065.09 | 9019.93 | 8433.69 | 367.92 | 1839.58 | 10247.52 | 9237.27
733 | 0.06 | 8921.27 | 9488.12 | 8351.99 | 320.44 | 1602.20 | 9934.96 | 9094.27
749 | 0.08 | 9189.20 | 9901.24 | 8397.10 | 414.80 | 2073.98 | 10437.90 | 9357.58
729 | 0.06 | 8954.19 | 10331.47 | 8334.30 | 319.26 | 1596.31 | 9911.46 | 9121.30
732 | 0.13 | 7993.91 | 10679.02 | 6605.64 | 774.83 | 3874.15 | 10379.06 | 8771.46
747 | 0.14 | 8873.48 | 11494.75 | 7264.21 | 727.53 | 3637.64 | 10800.00 | 9176.32
759 | 0.07 | 9062.97 | 12408.13 | 8194.40 | 368.00 | 1840.01 | 10008.65 | 9235.58
763 | 0.15 | 9620.03 | 12900.57 | 7684.94 | 642.28 | 3211.40 | 10800.00 | 9258.43
737 | 0.07 | 9065.79 | 13575.68 | 8115.49 | 367.89 | 1839.44 | 9929.18 | 9237.83
764 | 0.13 | 9554.01 | 13955.24 | 7739.83 | 628.37 | 3141.85 | 10800.00 | 9599.27
755 | 0.14 | 9596.56 | 14613.18 | 7550.71 | 668.58 | 3342.89 | 10800.00 | 9604.64
756 | 0.13 | 9553.99 | 15321.90 | 7562.14 | 648.31 | 3241.54 | 10719.40 | 9698.93
738 | 0.06 | 8903.44 | 16006.59 | 7943.05 | 321.08 | 1605.41 | 9529.19 | 9079.65
735 | 0.08 | 9188.14 | 16424.94 | 7874.15 | 414.84 | 2074.22 | 9915.18 | 9356.76
748 | 0.10 | 9375.26 | 16902.24 | 7685.04 | 508.21 | 2541.03 | 10175.24 | 9534.29
754 | 0.13 | 9247.85 | 17434.86 | 6981.32 | 669.77 | 3348.85 | 10243.09 | 9500.10
761 | 0.14 | 9597.64 | 18143.53 | 7057.55 | 695.00 | 3475.01 | 10435.26 | 9737.85
758 | 0.11 | 9149.18 | 18916.84 | 7068.32 | 572.84 | 2864.20 | 9869.51 | 9393.17
753 | 0.10 | 9303.44 | 19523.21 | 7351.12 | 512.13 | 2560.64 | 9860.55 | 9482.08
750 | 0.15 | 9024.37 | 20047.24 | 6017.28 | 791.95 | 3959.75 | 9858.23 | 9411.11
765 | 0.11 | 9352.24 | 20887.36 | 7054.63 | 560.40 | 2802.01 | 9794.99 | 9534.05
762 | 0.12 | 9446.70 | 21537.06 | 6862.26 | 605.23 | 3026.17 | 9815.80 | 9614.47
Network survivability: 100.0%
networkSurvivabilityOverThousand: 76.6%
Average dead duration: 114218.59832393267
Traveling energy: 44992.245873813736
total calculate time: 49.802348375320435
