total sensor 766
condition 16.786488098769937
gen: 1
2000
gen: 2
2000
gen: 3
2000
gen: 4
2000
gen: 5
2000
gen: 6
2000
gen: 7
2000
gen: 8
2000
gen: 9
2000
gen: 10
2000
gen: 11
2000
gen: 12
2000
gen: 13
2000
gen: 14
2000
gen: 15
2000
gen: 16
2000
gen: 17
2000
gen: 18
2000
gen: 19
2000
gen: 20
2000
gen: 21
2000
gen: 22
2000
gen: 23
2000
gen: 24
2000
gen: 25
2000
gen: 26
2000
gen: 27
2000
gen: 28
2000
gen: 29
2000
gen: 30
2000
gen: 31
2000
gen: 32
2000
gen: 33
2000
gen: 34
2000
gen: 35
2000
gen: 36
2000
gen: 37
2000
gen: 38
2000
gen: 39
2000
gen: 40
2000
gen: 41
2000
gen: 42
2000
gen: 43
2000
gen: 44
2000
gen: 45
2000
gen: 46
2000
gen: 47
2000
gen: 48
2000
gen: 49
2000
gen: 50
2000
Number of charging vehicles: 20
Survey time: 23820.006762148878
Network clustering infor: 
Cluster 0:
[1, 2, 3, 4, 5, 6, 7, 8, 9, 10, 11, 12, 13, 14, 15, 16, 17, 18, 19, 20, 21, 22, 23, 24, 25, 26, 27, 28, 29, 30, 31, 32, 33, 34, 35, 36, 37, 38, 39, 40, 41, 42]
Cluster 1:
[43, 44, 45, 46, 47, 48, 49, 50, 51, 52, 53, 54, 55, 56, 57, 58, 59, 60, 61, 62, 63, 64, 65, 66, 67, 68, 69, 70, 71, 72, 73, 74, 75, 76, 77, 78, 79, 80, 81, 82, 83]
Cluster 2:
[84, 85, 86, 87, 88, 89, 90, 91, 92, 93, 94, 95, 96, 97, 98, 99, 100, 101, 102, 103, 104, 105, 106, 107, 108, 109, 110, 111, 112, 113, 114, 115, 116, 117, 118, 119, 120, 121]
Cluster 3:
[122, 123, 124, 125, 126, 127, 128, 129, 130, 131, 132, 133, 134, 135, 136, 137, 138, 139, 140, 141, 142, 143, 144, 145, 146, 147, 148, 149, 150, 151, 152, 153, 154, 155, 156, 157]
Cluster 4:
[158, 159, 160, 161, 162, 163, 164, 165, 166, 167, 168, 169, 170, 171, 172, 173, 174, 175, 176, 177, 178, 179, 180, 181, 182, 183, 184, 185, 186, 187, 188, 189]
Cluster 5:
[190, 191, 192, 193, 194, 195, 196, 197, 198, 199, 200, 201, 202, 203, 204, 205, 206, 207, 208, 209, 210, 211, 212, 213, 214, 215, 216, 217, 218, 219, 220, 221, 222, 223, 224, 225, 226, 227, 228, 229, 230, 231, 232]
Cluster 6:
[233, 234, 235, 236, 237, 238, 239, 240, 241, 242, 243, 244, 245, 246, 247, 248, 249, 250, 251, 252, 253, 254, 255, 256, 257, 258, 259, 260, 261, 262, 263, 264, 265, 266, 267, 268, 269, 270, 271, 272, 273]
Cluster 7:
[274, 275, 276, 277, 278, 279, 280, 281, 282, 283, 284, 285, 286, 287, 288, 289, 290, 291, 292, 293, 294, 295, 296, 297, 298, 299, 300, 301, 302, 303, 304, 305, 306, 307, 308, 309, 310, 311, 312, 313]
Cluster 8:
[314, 315, 316, 317, 318, 319, 320, 321, 322, 323, 324, 325, 326, 327, 328, 329, 330, 331, 332, 333, 334, 335, 336, 337, 338, 339, 340, 341, 342, 343, 344, 345, 346, 347, 348, 349, 350, 351, 352]
Cluster 9:
[353, 354, 355, 356, 357, 358, 359, 360, 361, 362, 363, 364, 365, 366, 367, 368, 369, 370, 371, 372, 373, 374, 375, 376, 377, 378, 379, 380, 381, 382, 383, 384, 385, 386, 387, 388, 389, 390, 391, 392, 393]
Cluster 10:
[394, 395, 396, 397, 398, 399, 400, 401, 402, 403, 404, 405, 406, 407, 408, 409, 410, 411, 412, 413, 414, 415, 416, 417, 418, 419, 420, 421, 422, 423, 424, 425, 426, 427, 428, 429, 430, 431, 432]
Cluster 11:
[433, 434, 435, 436, 437, 438, 439, 440, 441, 442, 443, 444, 445, 446, 447, 448, 449, 450, 451, 452, 453, 454, 455, 456, 457, 458, 459, 460, 461, 462, 463, 464, 465, 466, 467, 468, 469, 470]
Cluster 12:
[471, 472, 473, 474, 475, 476, 477, 478, 479, 480, 481, 482, 483, 484, 485, 486, 487, 488, 489, 490, 491, 492, 493, 494, 495, 496, 497, 498, 499, 500, 501, 502, 503, 504, 505, 506, 507, 508, 509]
Cluster 13:
[510, 511, 512, 513, 514, 515, 516, 517, 518, 519, 520, 521, 522, 523, 524, 525, 526, 527, 528, 529, 530, 531, 532, 533, 534, 535, 536, 537, 538, 539, 540, 541]
Cluster 14:
[542, 543, 544, 545, 546, 547, 548, 549, 550, 551, 552, 553, 554, 555, 556, 557, 558, 559, 560, 561, 562, 563, 564, 565, 566, 567, 568, 569, 570, 571, 572, 573, 574, 575, 576, 577, 578, 579, 580, 581]
Cluster 15:
[582, 583, 584, 585, 586, 587, 588, 589, 590, 591, 592, 593, 594, 595, 596, 597, 598, 599, 600, 601, 602, 603, 604, 605, 606, 607, 608, 609, 610, 611, 612, 613, 614, 615, 616, 617, 618, 619, 620]
Cluster 16:
[621, 622, 623, 624, 625, 626, 627, 628, 629, 630, 631, 632, 633, 634, 635, 636, 637, 638, 639, 640, 641, 642, 643, 644, 645, 646, 647]
Cluster 17:
[648, 649, 650, 651, 652, 653, 654, 655, 656, 657, 658, 659, 660, 661, 662, 663, 664, 665, 666, 667, 668, 669, 670, 671, 672, 673, 674, 675, 676, 677, 678, 679, 680, 681, 682, 683, 684, 685]
Cluster 18:
[686, 687, 688, 689, 690, 691, 692, 693, 694, 695, 696, 697, 698, 699, 700, 701, 702, 703, 704, 705, 706, 707, 708, 709, 710, 711, 712, 713, 714, 715, 716, 717, 718, 719, 720, 721, 722, 723, 724, 725, 726, 727]
Cluster 19:
[728, 729, 730, 731, 732, 733, 734, 735, 736, 737, 738, 739, 740, 741, 742, 743, 744, 745, 746, 747, 748, 749, 750, 751, 752, 753, 754, 755, 756, 757, 758, 759, 760, 761, 762, 763, 764, 765, 766]
Vehicle 0
Charging tour: 
21  -> 22  -> 4  -> 9  -> 40  -> 28  -> 6  -> 36  -> 38  -> 16  -> 24  -> 29  -> 18  -> 27  -> 13  -> 10  -> 42  -> 30  -> 33  -> 3  -> 41  -> 14  -> 11  -> 32  -> 1  -> 15  -> 35  -> 20  -> 2  -> 8  -> 5  -> 19  -> 12  -> 17  -> 37  -> 26  -> 7  -> 39  -> 34  -> 31  -> 23  -> 25  -> 
Charging time: 
631.0850896416151  + 630.2776730700436  + 343.7909293646799  + 343.9939621362819  + 487.5034582487159  + 391.8005071637056  + 678.8713962880258  + 343.51870687125614  + 535.3859668183974  + 391.78920564944804  + 583.2360602597317  + 679.1435814674446  + 535.3728746310749  + 535.3733885820906  + 391.7923602339176  + 296.11289916436965  + 487.5056641178856  + 583.2361803765212  + 296.1472946856694  + 678.905696740449  + 343.8373966476314  + 487.5142177208048  + 487.5073442731441  + 391.8245149889987  + 677.0727645499179  + 391.79526507211636  + 487.5150780223087  + 678.6831854265348  + 487.51449788705577  + 245.88284803322273  + 583.2362277787953  + 487.5094900622266  + 678.9064155431712  + 295.68357357500923  + 678.9029882653442  + 631.0851413129533  + 649.8553548063103  + 678.9064092437274  + 583.2304402086276  + 294.84320686757064  + 535.3749429032928  + 439.6241662176917  + 
total node:42/42
-------------------
Traveling energy: 2694.25817541112
Charging energy: 105305.74182458891
Total energy used: 108000.00000000003
-------------------
Total time for travel: 2694.25817541112
Total time for charging: 21061.148364917783
Charging round duration: 23755.406540328902
-------------------
ID | p | E0 | time_arrive | E_remain | time_charge | energy_charge| E_after_charge | E_after_cycle
21 | 0.13 | 6166.50 | 179.95 | 6143.11 | 631.09 | 3155.43 | 9216.49 | 6225.32
22 | 0.13 | 6174.40 | 953.47 | 6050.45 | 630.28 | 3151.39 | 9119.90 | 6229.19
4 | 0.07 | 6095.19 | 1616.50 | 5982.03 | 343.79 | 1718.95 | 7676.92 | 6146.74
9 | 0.07 | 6091.59 | 2054.96 | 5947.74 | 343.99 | 1719.97 | 7643.63 | 6144.16
40 | 0.10 | 6140.53 | 2431.12 | 5897.42 | 487.50 | 2437.52 | 8286.18 | 6196.04
28 | 0.08 | 6112.35 | 2932.82 | 5877.73 | 391.80 | 1959.00 | 7805.38 | 6165.75
6 | 0.14 | 6173.39 | 3361.12 | 5702.84 | 678.87 | 3394.36 | 9002.15 | 6232.95
36 | 0.07 | 6100.02 | 4094.18 | 5813.42 | 343.52 | 1717.59 | 7506.97 | 6150.21
38 | 0.11 | 6150.48 | 4495.99 | 5655.92 | 535.39 | 2676.93 | 8273.96 | 6207.21
16 | 0.08 | 6112.53 | 5126.80 | 5702.38 | 391.79 | 1958.95 | 7629.99 | 6165.87
24 | 0.12 | 6159.14 | 5547.14 | 5493.48 | 583.24 | 2916.18 | 8339.68 | 6216.92
29 | 0.15 | 6611.70 | 6212.54 | 5679.82 | 679.14 | 3395.72 | 8973.66 | 6434.41
18 | 0.11 | 6150.63 | 6934.00 | 5387.89 | 535.37 | 2676.86 | 8005.86 | 6207.29
27 | 0.11 | 6150.62 | 7547.19 | 5320.43 | 535.37 | 2676.87 | 7938.41 | 6207.29
13 | 0.08 | 6112.48 | 8092.88 | 5465.05 | 391.79 | 1958.96 | 7392.67 | 6165.84
10 | 0.06 | 6065.65 | 8538.07 | 5553.36 | 296.11 | 1480.56 | 7016.16 | 6117.01
42 | 0.10 | 6140.50 | 8893.07 | 5251.19 | 487.51 | 2437.53 | 7639.97 | 6196.03
30 | 0.12 | 6159.14 | 9443.36 | 5025.94 | 583.24 | 2916.18 | 7872.13 | 6216.92
33 | 0.06 | 6064.94 | 10028.92 | 5463.21 | 296.15 | 1480.74 | 6926.18 | 6116.48
3 | 0.14 | 6173.08 | 10408.47 | 4715.89 | 678.91 | 3394.53 | 8015.38 | 6232.81
41 | 0.07 | 6094.36 | 11161.21 | 5313.08 | 343.84 | 1719.19 | 7008.20 | 6146.15
14 | 0.10 | 6140.39 | 11559.95 | 4984.40 | 487.51 | 2437.57 | 7373.22 | 6195.96
11 | 0.10 | 6140.48 | 12105.03 | 4929.97 | 487.51 | 2437.54 | 7318.76 | 6196.01
32 | 0.08 | 6111.98 | 12625.97 | 5101.90 | 391.82 | 1959.12 | 7029.68 | 6165.50
1 | 0.14 | 6189.79 | 13055.58 | 4362.01 | 677.07 | 3385.36 | 7652.58 | 6240.35
15 | 0.08 | 6112.43 | 13774.18 | 5010.50 | 391.80 | 1958.98 | 6938.13 | 6165.81
35 | 0.10 | 6140.38 | 14180.95 | 4722.29 | 487.52 | 2437.58 | 7111.11 | 6195.96
20 | 0.14 | 6175.10 | 14797.17 | 4103.50 | 678.68 | 3393.42 | 7401.90 | 6233.72
2 | 0.10 | 6140.39 | 15543.70 | 4586.02 | 487.51 | 2437.57 | 6974.84 | 6195.96
8 | 0.05 | 6087.31 | 16065.85 | 5284.01 | 245.88 | 1229.41 | 6501.13 | 6125.72
5 | 0.12 | 6159.14 | 16350.34 | 4197.10 | 583.24 | 2916.18 | 7043.29 | 6216.92
19 | 0.10 | 6140.45 | 16972.96 | 4443.16 | 487.51 | 2437.55 | 6831.95 | 6196.00
12 | 0.14 | 6173.07 | 17587.35 | 3710.84 | 678.91 | 3394.53 | 7010.33 | 6232.80
17 | 0.06 | 6074.46 | 18345.07 | 4973.75 | 295.68 | 1478.42 | 6434.43 | 6123.67
37 | 0.14 | 6173.10 | 18668.35 | 3559.54 | 678.90 | 3394.51 | 6859.00 | 6232.82
26 | 0.13 | 6166.50 | 19376.60 | 3647.54 | 631.09 | 3155.43 | 6720.93 | 6225.32
7 | 0.14 | 6449.03 | 20019.25 | 3646.34 | 649.86 | 3249.28 | 6804.64 | 6363.51
39 | 0.14 | 6173.07 | 20746.43 | 3268.57 | 678.91 | 3394.53 | 6568.06 | 6232.80
34 | 0.12 | 6159.20 | 21510.22 | 3577.97 | 583.23 | 2916.15 | 6424.14 | 6216.95
31 | 0.06 | 6091.77 | 22159.53 | 4762.20 | 294.84 | 1474.22 | 6218.72 | 6136.78
23 | 0.11 | 6150.61 | 22523.26 | 3673.05 | 535.37 | 2676.87 | 6291.03 | 6207.28
25 | 0.09 | 6128.36 | 23149.84 | 4044.87 | 439.62 | 2198.12 | 6203.43 | 6182.68
Vehicle 1
Charging tour: 
78  -> 60  -> 47  -> 77  -> 57  -> 81  -> 68  -> 51  -> 65  -> 83  -> 72  -> 82  -> 66  -> 45  -> 63  -> 56  -> 75  -> 46  -> 44  -> 73  -> 74  -> 53  -> 49  -> 59  -> 50  -> 62  -> 55  -> 58  -> 79  -> 43  -> 70  -> 54  -> 48  -> 71  -> 69  -> 76  -> 67  -> 61  -> 52  -> 80  -> 64  -> 
Charging time: 
361.02469769829554  + 457.21951624948235  + 361.03815490892515  + 649.022611476351  + 697.0561462392142  + 505.23135342755285  + 264.17046683378305  + 553.2211031226549  + 264.2436421771712  + 553.2185719941388  + 408.9656346222886  + 409.00198838586437  + 409.0877496487843  + 553.2185097389041  + 505.2202258504528  + 601.1464313188972  + 409.09596197442596  + 601.1846686791496  + 311.3703408476424  + 360.61086118194794  + 553.2142808998005  + 553.2169935252217  + 649.0881103140633  + 649.1286032003194  + 360.935942638363  + 505.2265523039142  + 649.0905894037035  + 697.0277200194105  + 649.1275925105318  + 649.1287774969784  + 360.80696979542006  + 553.2210822427163  + 312.64434778673086  + 553.2199323303324  + 697.0063713544013  + 649.1286652060744  + 361.0060342110725  + 505.22178839383673  + 791.69837073928  + 696.6480862556833  + 601.1544614113967  + 
total node:41/41
-------------------
Traveling energy: 1843.5504579241574
Charging energy: 106156.44954207586
Total energy used: 108000.00000000001
-------------------
Total time for travel: 1843.5504579241574
Total time for charging: 21231.289908415172
Charging round duration: 23074.84036633933
-------------------
ID | p | E0 | time_arrive | E_remain | time_charge | energy_charge| E_after_charge | E_after_cycle
78 | 0.07 | 7072.83 | 77.17 | 7067.43 | 361.02 | 1805.12 | 8847.28 | 7210.56
60 | 0.09 | 7180.42 | 478.16 | 7137.39 | 457.22 | 2286.10 | 9382.34 | 7322.72
47 | 0.07 | 7072.57 | 954.60 | 7005.75 | 361.04 | 1805.19 | 8785.67 | 7210.36
77 | 0.13 | 7306.61 | 1363.09 | 7129.41 | 649.02 | 3245.11 | 10290.15 | 7455.12
57 | 0.14 | 7326.43 | 2022.88 | 7043.23 | 697.06 | 3485.28 | 10430.92 | 7476.91
81 | 0.10 | 7220.08 | 2816.77 | 6938.40 | 505.23 | 2526.16 | 9414.04 | 7364.24
68 | 0.05 | 6904.28 | 3369.38 | 6735.81 | 264.17 | 1320.85 | 8043.45 | 7034.13
51 | 0.11 | 7253.14 | 3722.71 | 6843.65 | 553.22 | 2766.11 | 9548.90 | 7399.05
65 | 0.05 | 6902.36 | 4347.52 | 6684.99 | 264.24 | 1321.22 | 7992.99 | 7032.58
83 | 0.11 | 7253.18 | 4676.81 | 6738.73 | 553.22 | 2766.09 | 9443.97 | 7399.07
72 | 0.08 | 7135.68 | 5250.25 | 6715.66 | 408.97 | 2044.83 | 8727.77 | 7274.91
82 | 0.08 | 7135.05 | 5720.23 | 6677.43 | 409.00 | 2045.01 | 8689.72 | 7274.46
66 | 0.08 | 7133.55 | 6165.18 | 6640.34 | 409.09 | 2045.44 | 8653.05 | 7273.39
45 | 0.11 | 7253.18 | 6687.45 | 6517.56 | 553.22 | 2766.09 | 9222.80 | 7399.07
63 | 0.10 | 7220.24 | 7290.95 | 6491.14 | 505.22 | 2526.10 | 8966.72 | 7364.34
56 | 0.12 | 7281.71 | 7826.52 | 6342.53 | 601.15 | 3005.73 | 9276.12 | 7429.04
75 | 0.08 | 7133.41 | 8447.93 | 6457.57 | 409.10 | 2045.48 | 8470.33 | 7273.29
46 | 0.12 | 7281.25 | 8910.63 | 6211.97 | 601.18 | 3005.92 | 9145.75 | 7428.77
44 | 0.06 | 7029.21 | 9556.35 | 6455.83 | 311.37 | 1556.85 | 7994.00 | 7156.86
73 | 0.07 | 7080.95 | 9885.39 | 6388.97 | 360.61 | 1803.05 | 8166.79 | 7216.60
74 | 0.11 | 7253.23 | 10259.83 | 6124.65 | 553.21 | 2766.07 | 8829.87 | 7399.10
53 | 0.11 | 7253.20 | 10836.57 | 6061.17 | 553.22 | 2766.08 | 8766.41 | 7399.08
49 | 0.13 | 7305.87 | 11411.94 | 5822.32 | 649.09 | 3245.44 | 8983.38 | 7454.71
59 | 0.13 | 7305.42 | 12124.84 | 5729.19 | 649.13 | 3245.64 | 8890.44 | 7454.46
50 | 0.07 | 7074.57 | 12816.86 | 6177.39 | 360.94 | 1804.68 | 7956.81 | 7211.85
62 | 0.10 | 7220.15 | 13215.37 | 5898.61 | 505.23 | 2526.13 | 8374.22 | 7364.28
55 | 0.13 | 7305.84 | 13793.40 | 5512.70 | 649.09 | 3245.45 | 8673.77 | 7454.70
58 | 0.14 | 7326.73 | 14481.01 | 5299.39 | 697.03 | 3485.14 | 8686.95 | 7477.07
79 | 0.13 | 7305.43 | 15212.91 | 5327.75 | 649.13 | 3245.64 | 8489.00 | 7454.46
43 | 0.13 | 7305.41 | 15876.89 | 5241.42 | 649.13 | 3245.64 | 8402.68 | 7454.46
70 | 0.07 | 7077.10 | 16556.49 | 5918.15 | 360.81 | 1804.03 | 7696.93 | 7213.74
54 | 0.11 | 7253.14 | 16929.72 | 5390.88 | 553.22 | 2766.11 | 8096.13 | 7399.05
48 | 0.06 | 7000.56 | 17500.42 | 5950.54 | 312.64 | 1563.22 | 7495.00 | 7134.59
71 | 0.11 | 7253.16 | 17837.54 | 5291.03 | 553.22 | 2766.10 | 7996.27 | 7399.06
69 | 0.14 | 7326.96 | 18402.13 | 4750.66 | 697.01 | 3485.03 | 8138.11 | 7477.19
76 | 0.13 | 7305.42 | 19144.91 | 4816.58 | 649.13 | 3245.64 | 7977.83 | 7454.46
67 | 0.07 | 7073.20 | 19849.19 | 5683.76 | 361.01 | 1805.03 | 7463.52 | 7210.83
61 | 0.10 | 7220.22 | 20241.56 | 5196.06 | 505.22 | 2526.11 | 7671.65 | 7364.33
52 | 0.16 | 7372.12 | 20770.49 | 4048.84 | 791.70 | 3958.49 | 7880.66 | 7519.41
80 | 0.14 | 7330.73 | 21629.17 | 4302.64 | 696.65 | 3483.24 | 7688.35 | 7479.16
64 | 0.12 | 7281.61 | 22461.76 | 4586.20 | 601.15 | 3005.77 | 7519.84 | 7428.98
Vehicle 2
Charging tour: 
86  -> 94  -> 89  -> 97  -> 91  -> 95  -> 85  -> 115  -> 99  -> 87  -> 101  -> 117  -> 84  -> 88  -> 90  -> 118  -> 121  -> 119  -> 113  -> 104  -> 105  -> 100  -> 120  -> 102  -> 92  -> 103  -> 114  -> 98  -> 110  -> 109  -> 106  -> 112  -> 108  -> 93  -> 96  -> 111  -> 116  -> 107  -> 
Charging time: 
462.43929584444396  + 511.3469723118986  + 272.2306870097237  + 455.8576037393416  + 549.920227378013  + 508.68360355597486  + 427.6877202217422  + 287.31689367766324  + 244.51101937759552  + 650.7570840472674  + 574.3785883161928  + 292.4808116875005  + 662.6389797376665  + 403.10318598427676  + 336.08590227735556  + 234.46207442002154  + 274.51770483633805  + 315.7918679526053  + 286.3882863230403  + 372.31516981938563  + 642.9437336544172  + 629.4332966571915  + 332.7128951207204  + 786.751749942678  + 681.0319001241983  + 380.2839580910977  + 475.41392680598005  + 583.09050400917  + 297.5876382221779  + 780.9680191244908  + 557.6656744687501  + 381.1322267461928  + 433.972502409563  + 601.8696958357317  + 455.89822781174234  + 369.65354692542377  + 477.42265918634246  + 682.3281465399127  + 
total node:38/38
-------------------
Traveling energy: 2439.899479425949
Charging energy: 88365.36990096915
Total energy used: 90805.2693803951
-------------------
Total time for travel: 2439.899479425949
Total time for charging: 17673.07398019383
Charging round duration: 20112.973459619778
-------------------
ID | p | E0 | time_arrive | E_remain | time_charge | energy_charge| E_after_charge | E_after_cycle
86 | 0.10 | 8550.83 | 167.79 | 8534.05 | 462.44 | 2312.20 | 10800.00 | 8481.02
94 | 0.13 | 8398.89 | 685.79 | 8309.74 | 511.35 | 2556.73 | 10800.00 | 7859.03
89 | 0.06 | 9529.97 | 1246.42 | 9455.18 | 272.23 | 1361.15 | 10800.00 | 9461.92
97 | 0.12 | 8759.73 | 1535.98 | 8575.41 | 455.86 | 2279.29 | 10800.00 | 8180.62
91 | 0.12 | 8364.11 | 2064.35 | 8116.39 | 549.92 | 2749.60 | 10800.00 | 8255.31
95 | 0.12 | 8641.53 | 2699.23 | 8317.62 | 508.68 | 2543.42 | 10800.00 | 8326.55
85 | 0.08 | 8960.41 | 3307.94 | 8695.78 | 427.69 | 2138.44 | 10800.00 | 9193.25
115 | 0.07 | 9647.44 | 3770.17 | 9383.53 | 287.32 | 1436.58 | 10800.00 | 9416.62
99 | 0.06 | 9843.91 | 4196.65 | 9592.12 | 244.51 | 1222.56 | 10800.00 | 9637.27
87 | 0.12 | 8172.95 | 4572.06 | 7624.31 | 650.76 | 3253.79 | 10800.00 | 8568.34
101 | 0.14 | 8752.00 | 5310.57 | 8008.52 | 574.38 | 2871.89 | 10800.00 | 8289.09
117 | 0.10 | 9965.04 | 5981.98 | 9366.84 | 292.48 | 1462.40 | 10800.00 | 9045.44
84 | 0.11 | 8252.04 | 6294.04 | 7559.70 | 662.64 | 3313.19 | 10800.00 | 8945.03
88 | 0.07 | 9287.83 | 6987.36 | 8798.72 | 403.10 | 2015.52 | 10786.01 | 9635.95
90 | 0.06 | 9548.46 | 7506.59 | 9098.07 | 336.09 | 1680.43 | 10758.33 | 9799.69
118 | 0.06 | 10115.85 | 7901.51 | 9641.76 | 234.46 | 1172.31 | 10800.00 | 9858.96
121 | 0.06 | 9936.23 | 8205.78 | 9443.88 | 274.52 | 1372.59 | 10800.00 | 9879.62
119 | 0.09 | 10022.72 | 8591.74 | 9249.46 | 315.79 | 1578.96 | 10800.00 | 9457.88
113 | 0.08 | 10105.07 | 8926.24 | 9390.97 | 286.39 | 1431.94 | 10800.00 | 9631.41
104 | 0.08 | 9709.96 | 9271.94 | 8968.21 | 372.32 | 1861.58 | 10800.00 | 9665.94
105 | 0.14 | 9028.86 | 9668.33 | 7675.29 | 642.94 | 3214.72 | 10800.00 | 8908.78
100 | 0.12 | 8967.01 | 10322.03 | 7728.37 | 629.43 | 3147.17 | 10800.00 | 9255.77
120 | 0.09 | 10158.25 | 11020.79 | 9166.38 | 332.71 | 1663.56 | 10800.00 | 9678.01
102 | 0.15 | 8689.72 | 11369.75 | 6984.25 | 786.75 | 3933.76 | 10800.00 | 9050.47
92 | 0.11 | 8638.89 | 12247.90 | 7291.62 | 681.03 | 3405.16 | 10621.86 | 9423.84
103 | 0.07 | 9833.85 | 12980.70 | 8925.20 | 380.28 | 1901.42 | 10800.00 | 10067.87
114 | 0.10 | 9815.14 | 13446.72 | 8470.47 | 475.41 | 2377.07 | 10800.00 | 9810.21
98 | 0.10 | 9172.69 | 13963.52 | 7776.33 | 583.09 | 2915.45 | 10633.48 | 9706.14
110 | 0.06 | 10205.09 | 14586.21 | 9329.92 | 297.59 | 1487.94 | 10800.00 | 10263.83
109 | 0.15 | 9254.68 | 14949.17 | 7012.31 | 780.97 | 3904.84 | 10800.00 | 9586.52
106 | 0.10 | 9590.88 | 15783.00 | 8012.58 | 557.67 | 2788.33 | 10745.15 | 9997.21
112 | 0.07 | 9823.24 | 16409.53 | 8674.58 | 381.13 | 1905.66 | 10553.56 | 10061.50
108 | 0.08 | 9859.62 | 16796.34 | 8515.91 | 433.97 | 2169.86 | 10651.06 | 10123.88
93 | 0.10 | 8886.49 | 17262.20 | 7160.27 | 601.87 | 3009.35 | 10109.43 | 9513.83
96 | 0.08 | 9385.44 | 17897.89 | 7953.61 | 455.90 | 2279.49 | 10196.63 | 9759.33
111 | 0.07 | 10128.28 | 18367.84 | 8842.53 | 369.65 | 1848.27 | 10664.92 | 10309.15
116 | 0.09 | 10082.59 | 18777.62 | 8392.60 | 477.42 | 2387.11 | 10736.75 | 10325.90
107 | 0.12 | 9406.34 | 19343.59 | 7085.11 | 682.33 | 3411.64 | 10414.87 | 9959.58
Vehicle 3
Charging tour: 
144  -> 131  -> 143  -> 157  -> 133  -> 130  -> 141  -> 135  -> 126  -> 127  -> 134  -> 132  -> 142  -> 154  -> 137  -> 129  -> 155  -> 148  -> 125  -> 139  -> 147  -> 123  -> 138  -> 136  -> 150  -> 122  -> 151  -> 128  -> 156  -> 153  -> 146  -> 145  -> 152  -> 149  -> 124  -> 140  -> 
Charging time: 
351.71449552397036  + 304.42655337440885  + 396.65373052452685  + 257.98665751597457  + 257.4858273751104  + 884.6939965838956  + 404.63096181465926  + 585.4754833716488  + 400.07294895201085  + 511.79502680199994  + 474.6390937846563  + 398.6283313893665  + 579.184267298173  + 487.3981031365896  + 445.2208476499577  + 304.42662591812064  + 586.9688092593583  + 586.1297915845316  + 462.96007284810764  + 710.5114566748792  + 497.42378004127085  + 756.2576761563199  + 550.0870680399977  + 557.0044704059909  + 671.4876207880857  + 350.9878708890224  + 677.9895953289297  + 723.5656856423038  + 555.9574952054231  + 489.9940991857853  + 909.7921835677796  + 688.1640956338739  + 869.1667659807274  + 628.4869983611501  + 530.950064263124  + 499.79859880083  + 
total node:36/36
-------------------
Traveling energy: 2129.6192412147198
Charging energy: 96740.5857483628
Total energy used: 98870.20498957753
-------------------
Total time for travel: 2129.6192412147198
Total time for charging: 19348.117149672562
Charging round duration: 21477.736390887283
-------------------
ID | p | E0 | time_arrive | E_remain | time_charge | energy_charge| E_after_charge | E_after_cycle
144 | 0.07 | 9048.92 | 43.95 | 9045.85 | 351.71 | 1758.57 | 10779.80 | 9140.10
131 | 0.06 | 8961.03 | 427.37 | 8935.39 | 304.43 | 1522.13 | 10439.26 | 9053.96
143 | 0.15 | 8990.57 | 762.30 | 8876.23 | 396.65 | 1983.27 | 10800.00 | 7400.84
157 | 0.05 | 8811.75 | 1235.49 | 8749.97 | 257.99 | 1289.93 | 10027.01 | 8910.68
133 | 0.05 | 8828.89 | 1514.53 | 8753.16 | 257.49 | 1287.43 | 10027.71 | 8925.31
130 | 0.20 | 6925.60 | 1860.65 | 6553.47 | 884.69 | 4423.47 | 10800.00 | 6585.07
141 | 0.12 | 9158.28 | 2773.99 | 8825.40 | 404.63 | 2023.15 | 10800.00 | 8323.03
135 | 0.14 | 8406.09 | 3224.99 | 7954.59 | 585.48 | 2927.38 | 10800.00 | 7998.66
126 | 0.08 | 9091.59 | 3829.81 | 8785.21 | 400.07 | 2000.36 | 10753.57 | 9186.36
127 | 0.10 | 8720.14 | 4279.36 | 8292.20 | 511.80 | 2558.98 | 10800.00 | 8897.12
134 | 0.10 | 8957.80 | 4835.27 | 8474.27 | 474.64 | 2373.20 | 10800.00 | 8948.99
132 | 0.08 | 9124.54 | 5345.01 | 8696.94 | 398.63 | 1993.14 | 10658.19 | 9212.08
142 | 0.15 | 8872.27 | 5875.45 | 7990.96 | 579.18 | 2895.92 | 10800.00 | 8195.19
154 | 0.13 | 9267.08 | 6467.00 | 8426.37 | 487.40 | 2436.99 | 10800.00 | 8607.47
137 | 0.09 | 9190.86 | 7092.05 | 8552.58 | 445.22 | 2226.10 | 10738.61 | 9273.17
129 | 0.06 | 8961.03 | 7635.98 | 8502.87 | 304.43 | 1522.13 | 10006.74 | 9053.96
155 | 0.17 | 9321.32 | 7978.69 | 7964.94 | 586.97 | 2934.84 | 10800.00 | 8206.76
148 | 0.12 | 8983.46 | 8698.12 | 7939.69 | 586.13 | 2930.65 | 10800.00 | 9055.71
125 | 0.09 | 8838.70 | 9315.93 | 8000.26 | 462.96 | 2314.80 | 10273.40 | 9009.70
139 | 0.14 | 8717.90 | 9792.75 | 7346.91 | 710.51 | 3552.56 | 10800.00 | 8935.66
147 | 0.10 | 9140.35 | 10588.74 | 8081.47 | 497.42 | 2487.12 | 10518.85 | 9245.46
123 | 0.13 | 7815.61 | 11177.93 | 6362.48 | 756.26 | 3781.29 | 10045.45 | 8500.30
138 | 0.11 | 9091.81 | 11950.48 | 7777.26 | 550.09 | 2750.44 | 10467.18 | 9222.05
136 | 0.11 | 8978.90 | 12522.91 | 7601.38 | 557.00 | 2785.02 | 10325.13 | 9143.72
150 | 0.14 | 9375.97 | 13138.59 | 7536.57 | 671.49 | 3357.44 | 10800.00 | 9398.61
122 | 0.07 | 9067.66 | 13855.78 | 8097.75 | 350.99 | 1754.94 | 9828.12 | 9155.20
151 | 0.14 | 9388.46 | 14232.25 | 7395.94 | 677.99 | 3389.95 | 10690.97 | 9443.60
128 | 0.13 | 8168.73 | 14928.70 | 6228.00 | 723.57 | 3617.83 | 9751.76 | 8689.96
156 | 0.11 | 8995.81 | 15662.17 | 7272.97 | 555.96 | 2779.79 | 9991.60 | 9155.40
153 | 0.10 | 9278.94 | 16266.39 | 7652.30 | 489.99 | 2449.97 | 10053.27 | 9346.91
146 | 0.18 | 8995.38 | 16859.89 | 5960.60 | 909.79 | 4548.96 | 10345.80 | 9256.74
145 | 0.14 | 9249.65 | 17792.14 | 6758.75 | 688.16 | 3440.82 | 10103.23 | 9355.67
152 | 0.18 | 9415.83 | 18503.00 | 6085.29 | 869.17 | 4345.83 | 10274.67 | 9474.06
149 | 0.13 | 9404.51 | 19446.76 | 6876.43 | 628.49 | 3142.43 | 9937.17 | 9450.35
124 | 0.10 | 8563.19 | 20125.66 | 6550.62 | 530.95 | 2654.75 | 9152.28 | 8835.94
140 | 0.10 | 9096.92 | 20809.77 | 7015.94 | 499.80 | 2498.99 | 9464.95 | 9213.91
Vehicle 4
Charging tour: 
168  -> 162  -> 159  -> 175  -> 167  -> 169  -> 163  -> 188  -> 164  -> 166  -> 165  -> 161  -> 181  -> 158  -> 171  -> 173  -> 189  -> 178  -> 160  -> 177  -> 180  -> 179  -> 174  -> 184  -> 176  -> 185  -> 172  -> 187  -> 170  -> 183  -> 186  -> 182  -> 
Charging time: 
171.55720624394252  + 1005.7893836322996  + 749.1612550780628  + 381.26415700265943  + 289.7936430799768  + 282.79307622600834  + 1088.8784890725015  + 288.48707037964493  + 1115.8211519218958  + 285.65601624422925  + 491.1638916512953  + 313.7852218371347  + 606.6377507005719  + 830.7718345168206  + 396.22850791266035  + 301.0690445019802  + 278.3952233957398  + 233.009288284325  + 1205.269283973785  + 633.4570348823745  + 519.4287375039851  + 542.091217209484  + 591.2440053304394  + 456.26972884868115  + 582.2350197883547  + 528.7639994156672  + 799.4155683457319  + 509.0970224405522  + 303.02519695045476  + 502.9078474638333  + 617.7564948862583  + 291.6905651983356  + 
total node:32/32
-------------------
Traveling energy: 2264.089421540394
Charging energy: 85964.56966959844
Total energy used: 88228.65909113883
-------------------
Total time for travel: 2264.089421540394
Total time for charging: 17192.913933919688
Charging round duration: 19457.00335546008
-------------------
ID | p | E0 | time_arrive | E_remain | time_charge | energy_charge| E_after_charge | E_after_cycle
168 | 0.05 | 9959.44 | 173.02 | 9950.79 | 171.56 | 857.79 | 10800.00 | 9626.23
162 | 0.23 | 6086.63 | 366.28 | 6002.38 | 1005.79 | 5028.95 | 10800.00 | 5636.97
159 | 0.15 | 7374.66 | 1387.27 | 7166.57 | 749.16 | 3745.81 | 10800.00 | 7547.46
175 | 0.11 | 9172.94 | 2157.48 | 8935.62 | 381.26 | 1906.32 | 10800.00 | 8459.06
167 | 0.07 | 9552.58 | 2589.43 | 9371.32 | 289.79 | 1448.97 | 10800.00 | 9334.14
169 | 0.06 | 9580.50 | 2958.36 | 9403.00 | 282.79 | 1413.97 | 10800.00 | 9565.27
163 | 0.23 | 6363.52 | 3293.33 | 5606.05 | 1088.88 | 5444.39 | 10800.00 | 6329.31
188 | 0.12 | 9933.41 | 4510.24 | 9392.18 | 288.49 | 1442.44 | 10800.00 | 8517.45
164 | 0.23 | 6593.53 | 4852.18 | 5477.53 | 1115.82 | 5579.11 | 10800.00 | 6694.04
166 | 0.06 | 9748.42 | 5992.74 | 9388.86 | 285.66 | 1428.28 | 10800.00 | 9747.50
165 | 0.10 | 9024.00 | 6307.05 | 8393.30 | 491.16 | 2455.82 | 10800.00 | 9097.82
161 | 0.06 | 9499.84 | 6843.88 | 9089.21 | 313.79 | 1568.93 | 10639.31 | 9639.57
181 | 0.17 | 9098.78 | 7228.49 | 7869.94 | 606.64 | 3033.19 | 10800.00 | 8082.57
158 | 0.13 | 7774.26 | 7930.84 | 6743.25 | 830.77 | 4153.86 | 10789.11 | 8831.52
171 | 0.08 | 9555.71 | 8814.48 | 8850.56 | 396.23 | 1981.14 | 10800.00 | 9631.26
173 | 0.06 | 9870.02 | 9288.34 | 9312.72 | 301.07 | 1505.35 | 10800.00 | 9946.16
189 | 0.08 | 10206.86 | 9707.07 | 9430.30 | 278.40 | 1391.98 | 10800.00 | 9693.24
178 | 0.05 | 10149.33 | 10054.49 | 9646.60 | 233.01 | 1165.05 | 10800.00 | 10123.37
160 | 0.18 | 6848.79 | 10323.29 | 4990.60 | 1205.27 | 6026.35 | 10800.00 | 8587.54
177 | 0.13 | 9225.44 | 11618.28 | 7715.06 | 633.46 | 3167.29 | 10800.00 | 9296.12
180 | 0.11 | 9608.57 | 12259.83 | 8259.99 | 519.43 | 2597.14 | 10800.00 | 9585.52
179 | 0.11 | 9558.23 | 12809.56 | 8149.17 | 542.09 | 2710.46 | 10800.00 | 9648.48
174 | 0.11 | 9243.23 | 13365.45 | 7773.03 | 591.24 | 2956.22 | 10664.21 | 9579.25
184 | 0.09 | 9799.83 | 14030.63 | 8537.07 | 456.27 | 2281.35 | 10777.36 | 9937.38
176 | 0.11 | 9386.25 | 14625.90 | 7777.40 | 582.24 | 2911.18 | 10624.53 | 9677.22
185 | 0.10 | 9395.84 | 15325.90 | 7863.25 | 528.76 | 2643.82 | 10454.20 | 9657.66
172 | 0.14 | 8700.68 | 15893.69 | 6475.56 | 799.42 | 3997.08 | 10360.72 | 9362.96
187 | 0.10 | 9758.82 | 16722.70 | 8086.55 | 509.10 | 2545.49 | 10581.12 | 9922.30
170 | 0.06 | 9837.17 | 17298.49 | 8799.26 | 303.03 | 1515.13 | 10296.21 | 9923.10
183 | 0.10 | 9878.92 | 17673.96 | 8111.52 | 502.91 | 2514.54 | 10575.77 | 10011.45
186 | 0.12 | 9650.76 | 18252.35 | 7460.48 | 617.76 | 3088.78 | 10475.13 | 9881.14
182 | 0.06 | 10219.43 | 18987.39 | 9080.18 | 291.69 | 1458.45 | 10521.14 | 10248.68
Vehicle 5
Charging tour: 
210  -> 229  -> 200  -> 211  -> 205  -> 232  -> 204  -> 228  -> 206  -> 192  -> 220  -> 203  -> 216  -> 231  -> 194  -> 225  -> 214  -> 223  -> 208  -> 198  -> 199  -> 212  -> 227  -> 217  -> 226  -> 218  -> 191  -> 193  -> 209  -> 219  -> 201  -> 222  -> 230  -> 221  -> 195  -> 190  -> 202  -> 207  -> 197  -> 196  -> 215  -> 213  -> 224  -> 
Charging time: 
256.467411346064  + 405.3021538688137  + 549.4116022194167  + 357.1246893654627  + 307.3749468475191  + 453.35608948743806  + 550.7943941078323  + 453.3146547947467  + 549.4138344512787  + 260.5940368072239  + 645.4194331691962  + 501.38911102256884  + 501.40471458581374  + 357.1749579316416  + 741.0172173432981  + 405.30981116469746  + 597.4201106243959  + 260.4321752430803  + 773.4945931248175  + 308.5231238607914  + 405.2528236051377  + 308.58312278766243  + 693.4026612469607  + 308.0296454749992  + 693.353583877368  + 501.80542669366594  + 405.31809846536726  + 356.47317410100976  + 740.2657905566056  + 549.4165371768868  + 597.5233263675171  + 357.20510648075856  + 453.25769180215434  + 645.4191870478862  + 453.2882531541836  + 751.4502249025835  + 405.11226798760055  + 356.4969856458391  + 599.2158747990871  + 693.6631742992219  + 742.0563494076431  + 549.4131011315587  + 307.95011071683575  + 
total node:43/43
-------------------
Traveling energy: 2456.5421045268263
Charging energy: 105543.45789547313
Total energy used: 107999.99999999996
-------------------
Total time for travel: 2456.5421045268263
Total time for charging: 21108.691579094626
Charging round duration: 23565.233683621453
-------------------
ID | p | E0 | time_arrive | E_remain | time_charge | energy_charge| E_after_charge | E_after_cycle
210 | 0.05 | 7171.33 | 62.58 | 7168.20 | 256.47 | 1282.34 | 8437.72 | 7262.67
229 | 0.08 | 7260.61 | 443.81 | 7225.10 | 405.30 | 2026.51 | 9219.19 | 7381.52
200 | 0.11 | 7364.73 | 921.16 | 7263.40 | 549.41 | 2747.06 | 9950.02 | 7491.59
211 | 0.07 | 7210.08 | 1528.25 | 7103.10 | 357.12 | 1785.62 | 8863.73 | 7328.30
205 | 0.06 | 7180.33 | 1913.25 | 7065.54 | 307.37 | 1536.87 | 8583.97 | 7288.01
232 | 0.09 | 7302.39 | 2247.19 | 7100.14 | 453.36 | 2266.78 | 9326.12 | 7425.37
204 | 0.11 | 7346.24 | 2759.31 | 7042.72 | 550.79 | 2753.97 | 9736.10 | 7480.01
228 | 0.09 | 7303.06 | 3328.08 | 7003.53 | 453.31 | 2266.57 | 9229.30 | 7425.83
206 | 0.11 | 7364.70 | 3800.86 | 6946.60 | 549.41 | 2747.07 | 9633.24 | 7491.57
192 | 0.05 | 7057.77 | 4368.73 | 6839.33 | 260.59 | 1302.97 | 8129.27 | 7169.74
220 | 0.13 | 7409.06 | 4681.77 | 6800.43 | 645.42 | 3227.10 | 9943.62 | 7539.56
203 | 0.10 | 7336.47 | 5337.46 | 6802.72 | 501.39 | 2506.95 | 9259.53 | 7461.41
216 | 0.10 | 7336.24 | 5920.92 | 6744.15 | 501.40 | 2507.02 | 9201.03 | 7461.26
231 | 0.07 | 7209.07 | 6457.08 | 6757.07 | 357.17 | 1785.87 | 8517.94 | 7327.54
194 | 0.15 | 7446.03 | 6833.87 | 6420.95 | 741.02 | 3705.09 | 10014.89 | 7578.12
225 | 0.08 | 7260.47 | 7716.42 | 6643.16 | 405.31 | 2026.55 | 8637.28 | 7381.42
214 | 0.12 | 7388.62 | 8221.64 | 6402.02 | 597.42 | 2987.10 | 9317.43 | 7517.32
223 | 0.05 | 7062.16 | 8876.93 | 6618.31 | 260.43 | 1302.16 | 7907.45 | 7173.32
208 | 0.16 | 7608.95 | 9194.89 | 6137.77 | 773.49 | 3867.47 | 9881.48 | 7665.22
198 | 0.06 | 7153.61 | 10047.09 | 6550.79 | 308.52 | 1542.62 | 8074.89 | 7267.03
199 | 0.08 | 7261.49 | 10394.92 | 6429.90 | 405.25 | 2026.26 | 8423.74 | 7382.16
212 | 0.06 | 7152.22 | 10905.98 | 6497.86 | 308.58 | 1542.92 | 8022.26 | 7265.94
227 | 0.14 | 7426.85 | 11239.64 | 5853.30 | 693.40 | 3467.01 | 9223.23 | 7559.06
217 | 0.06 | 7165.07 | 11961.23 | 6447.40 | 308.03 | 1540.15 | 7969.07 | 7276.02
226 | 0.14 | 7427.37 | 12350.18 | 5698.35 | 693.35 | 3466.77 | 9068.05 | 7559.34
218 | 0.10 | 7330.38 | 13075.33 | 6022.85 | 501.81 | 2509.03 | 8481.69 | 7457.41
191 | 0.08 | 7260.32 | 13587.33 | 6173.34 | 405.32 | 2026.59 | 8167.50 | 7381.31
193 | 0.07 | 7223.26 | 14055.31 | 6239.39 | 356.47 | 1782.37 | 7996.80 | 7338.22
209 | 0.15 | 7453.59 | 14440.82 | 5287.47 | 740.27 | 3701.33 | 8877.76 | 7581.92
219 | 0.11 | 7364.66 | 15244.16 | 5687.81 | 549.42 | 2747.08 | 8374.45 | 7491.54
201 | 0.12 | 7387.34 | 15855.68 | 5484.66 | 597.52 | 2987.62 | 8400.58 | 7516.56
222 | 0.07 | 7208.46 | 16604.68 | 6046.13 | 357.21 | 1786.03 | 7807.15 | 7327.08
230 | 0.09 | 7303.97 | 16993.82 | 5774.53 | 453.26 | 2266.29 | 8000.03 | 7426.46
221 | 0.13 | 7409.06 | 17497.75 | 5134.36 | 645.42 | 3227.10 | 8277.55 | 7539.56
195 | 0.09 | 7303.48 | 18192.04 | 5666.20 | 453.29 | 2266.44 | 7891.84 | 7426.12
190 | 0.15 | 7342.65 | 18794.28 | 4523.51 | 751.45 | 3757.25 | 8168.04 | 7526.90
202 | 0.08 | 7264.01 | 19558.65 | 5699.32 | 405.11 | 2025.56 | 7692.47 | 7383.97
207 | 0.07 | 7222.78 | 20021.78 | 5821.25 | 356.50 | 1782.48 | 7578.78 | 7337.86
197 | 0.12 | 7366.48 | 20396.19 | 4918.93 | 599.22 | 2996.08 | 7843.11 | 7504.16
196 | 0.14 | 7424.06 | 21004.41 | 4483.44 | 693.66 | 3468.32 | 7854.64 | 7557.57
215 | 0.15 | 7435.60 | 21778.09 | 4168.89 | 742.06 | 3710.28 | 7767.86 | 7572.89
213 | 0.11 | 7364.71 | 22542.12 | 4885.08 | 549.41 | 2747.07 | 7571.71 | 7491.57
224 | 0.06 | 7166.92 | 23138.91 | 5778.59 | 307.95 | 1539.75 | 7299.86 | 7277.47
Vehicle 6
Charging tour: 
253  -> 236  -> 248  -> 254  -> 243  -> 272  -> 266  -> 247  -> 269  -> 235  -> 241  -> 245  -> 249  -> 258  -> 234  -> 237  -> 233  -> 260  -> 261  -> 252  -> 250  -> 264  -> 242  -> 238  -> 244  -> 271  -> 259  -> 268  -> 246  -> 255  -> 273  -> 239  -> 262  -> 257  -> 251  -> 240  -> 270  -> 265  -> 263  -> 267  -> 256  -> 
Charging time: 
346.39556727290676  + 369.59212683262683  + 532.9036111366959  + 230.46940155949824  + 423.16172921600327  + 235.87405213140025  + 274.0321502567221  + 454.2341030595682  + 276.43356563691896  + 323.2337584405098  + 291.4057008889745  + 275.9607736548654  + 274.63815208277896  + 311.90532374770066  + 587.8355554933613  + 573.409357701761  + 470.3208764336948  + 387.2207054082893  + 442.55203307276753  + 374.19630585118654  + 319.3293528658618  + 357.7326610821821  + 519.6290595936424  + 759.9181240143162  + 584.965274262184  + 410.98262100802  + 338.4772471346007  + 664.4614509934347  + 579.6112072564858  + 274.0093169522364  + 472.9151971582254  + 674.2869694943344  + 518.3754911607457  + 322.4207807602784  + 376.51724680564786  + 455.8668810739433  + 522.313664678178  + 696.2440560536122  + 368.1927615304397  + 729.9462486110535  + 809.294532025975  + 
total node:41/41
-------------------
Traveling energy: 2515.846188990964
Charging energy: 91056.32497196813
Total energy used: 93572.1711609591
-------------------
Total time for travel: 2515.846188990964
Total time for charging: 18211.264994393627
Charging round duration: 20727.11118338459
-------------------
ID | p | E0 | time_arrive | E_remain | time_charge | energy_charge| E_after_charge | E_after_cycle
253 | 0.12 | 9132.72 | 192.78 | 9109.59 | 346.40 | 1731.98 | 10800.00 | 8006.30
236 | 0.08 | 9034.67 | 663.23 | 8981.61 | 369.59 | 1847.96 | 10800.00 | 8977.03
248 | 0.15 | 8379.30 | 1092.58 | 8215.42 | 532.90 | 2664.52 | 10800.00 | 7470.82
254 | 0.06 | 9764.45 | 1716.20 | 9661.48 | 230.47 | 1152.35 | 10800.00 | 9487.60
243 | 0.10 | 8936.49 | 2099.80 | 8726.51 | 423.16 | 2115.81 | 10800.00 | 8670.30
272 | 0.06 | 9789.61 | 2580.48 | 9634.78 | 235.87 | 1179.37 | 10800.00 | 9539.78
266 | 0.05 | 9576.57 | 2902.12 | 9431.46 | 274.03 | 1370.16 | 10787.92 | 9755.73
247 | 0.11 | 8938.30 | 3268.24 | 8578.80 | 454.23 | 2271.17 | 10800.00 | 8589.27
269 | 0.05 | 9493.38 | 3786.04 | 9304.08 | 276.43 | 1382.17 | 10672.42 | 9684.55
235 | 0.06 | 9449.06 | 4097.24 | 9203.23 | 323.23 | 1616.17 | 10800.00 | 9636.03
241 | 0.06 | 9628.74 | 4471.37 | 9360.46 | 291.41 | 1457.03 | 10800.00 | 9656.57
245 | 0.06 | 9724.87 | 4801.96 | 9436.75 | 275.96 | 1379.80 | 10800.00 | 9675.47
249 | 0.05 | 9555.44 | 5170.25 | 9296.93 | 274.64 | 1373.19 | 10656.39 | 9737.63
258 | 0.09 | 9768.77 | 5558.05 | 9268.54 | 311.91 | 1559.53 | 10800.00 | 9184.49
234 | 0.10 | 8510.04 | 5904.33 | 7919.61 | 587.84 | 2939.18 | 10800.00 | 9067.22
237 | 0.10 | 8649.31 | 6590.15 | 7990.29 | 573.41 | 2867.05 | 10800.00 | 9134.36
233 | 0.08 | 8927.65 | 7219.86 | 8350.06 | 470.32 | 2351.60 | 10664.04 | 9373.66
260 | 0.10 | 9673.21 | 7705.91 | 8902.62 | 387.22 | 1936.10 | 10800.00 | 9227.31
261 | 0.12 | 9612.32 | 8099.80 | 8640.35 | 442.55 | 2212.76 | 10800.00 | 8966.68
252 | 0.08 | 9645.05 | 8576.23 | 8958.95 | 374.20 | 1870.98 | 10800.00 | 9610.43
250 | 0.06 | 9761.06 | 8975.72 | 9222.51 | 319.33 | 1596.65 | 10800.00 | 9928.50
264 | 0.10 | 9980.36 | 9332.54 | 9047.11 | 357.73 | 1788.66 | 10800.00 | 9387.03
242 | 0.09 | 9090.56 | 9735.17 | 8214.39 | 519.63 | 2598.15 | 10765.77 | 9544.90
238 | 0.12 | 8288.12 | 10274.31 | 7055.20 | 759.92 | 3799.59 | 10763.60 | 9229.31
244 | 0.10 | 8972.46 | 11047.21 | 7867.74 | 584.97 | 2924.83 | 10734.07 | 9515.28
271 | 0.13 | 10314.13 | 11658.61 | 8798.51 | 410.98 | 2054.91 | 10800.00 | 9272.45
259 | 0.07 | 9979.25 | 12113.47 | 9131.31 | 338.48 | 1692.39 | 10800.00 | 10004.24
268 | 0.13 | 9190.52 | 12511.13 | 7564.07 | 664.46 | 3322.31 | 10800.00 | 9416.23
246 | 0.10 | 9055.34 | 13199.85 | 7735.35 | 579.61 | 2898.06 | 10575.45 | 9571.40
255 | 0.05 | 9577.37 | 13816.88 | 8886.52 | 274.01 | 1370.05 | 10242.87 | 9756.41
273 | 0.12 | 10193.67 | 14179.10 | 8492.17 | 472.92 | 2364.58 | 10800.00 | 9699.84
239 | 0.11 | 8562.28 | 14684.35 | 6947.00 | 674.29 | 3371.43 | 10244.27 | 9313.51
262 | 0.10 | 9796.77 | 15368.11 | 8259.96 | 518.38 | 2591.88 | 10800.00 | 10006.65
257 | 0.06 | 9767.19 | 15981.87 | 8808.28 | 322.42 | 1612.10 | 10401.04 | 9950.10
251 | 0.07 | 9757.86 | 16335.22 | 8614.40 | 376.52 | 1882.59 | 10470.63 | 9973.05
240 | 0.08 | 9210.72 | 16747.09 | 7870.95 | 455.87 | 2279.33 | 10113.82 | 9584.45
270 | 0.11 | 10148.81 | 17299.28 | 8245.89 | 522.31 | 2611.57 | 10800.00 | 10140.17
265 | 0.12 | 9046.10 | 17854.18 | 6903.60 | 696.24 | 3481.22 | 10301.27 | 9668.92
263 | 0.07 | 9978.48 | 18592.99 | 8676.97 | 368.19 | 1840.96 | 10492.16 | 10152.04
267 | 0.14 | 9909.46 | 18978.56 | 7252.46 | 729.95 | 3649.73 | 10800.00 | 10224.39
256 | 0.14 | 9079.52 | 19761.53 | 6312.91 | 809.29 | 4046.47 | 10246.08 | 9791.19
Vehicle 7
Charging tour: 
276  -> 284  -> 279  -> 305  -> 281  -> 285  -> 287  -> 275  -> 289  -> 303  -> 312  -> 291  -> 274  -> 278  -> 282  -> 311  -> 293  -> 280  -> 307  -> 290  -> 277  -> 308  -> 294  -> 309  -> 301  -> 304  -> 310  -> 292  -> 288  -> 298  -> 313  -> 283  -> 297  -> 286  -> 299  -> 300  -> 302  -> 306  -> 296  -> 295  -> 
Charging time: 
274.1840770559286  + 262.951020068598  + 610.9938173158986  + 267.5717621475459  + 347.1159917071803  + 282.4109267777847  + 279.9236245141754  + 739.5154399291905  + 430.7939869385789  + 333.29865568179326  + 303.54321007403473  + 300.87376618908775  + 324.1189481865786  + 599.0583974358011  + 779.7582982512209  + 317.8153139323393  + 272.08261965538617  + 564.3889612034046  + 501.0449315375203  + 272.1022195179116  + 952.43186475708  + 441.34457754951234  + 643.4384140535034  + 420.1392400994845  + 386.87968098405196  + 363.32804088348274  + 385.1090026738954  + 363.37881818133275  + 688.0802562018965  + 466.89778750991405  + 414.4701646707254  + 946.9723766072619  + 711.9029214672072  + 430.715288790986  + 408.77892772465907  + 522.28893286717  + 516.7377857171149  + 415.37850315583256  + 716.9579918998944  + 415.22296371593166  + 
total node:40/40
-------------------
Traveling energy: 2377.8177013973896
Charging energy: 93369.99753815448
Total energy used: 95747.81523955187
-------------------
Total time for travel: 2377.8177013973896
Total time for charging: 18673.999507630895
Charging round duration: 21051.817209028286
-------------------
ID | p | E0 | time_arrive | E_remain | time_charge | energy_charge| E_after_charge | E_after_cycle
276 | 0.06 | 9456.51 | 183.00 | 9445.53 | 274.18 | 1370.92 | 10800.00 | 9398.23
284 | 0.07 | 9538.01 | 490.87 | 9503.65 | 262.95 | 1314.76 | 10800.00 | 9185.37
279 | 0.14 | 7955.89 | 895.17 | 7830.57 | 610.99 | 3054.97 | 10800.00 | 7676.06
305 | 0.06 | 9572.11 | 1565.24 | 9478.20 | 267.57 | 1337.86 | 10800.00 | 9480.77
281 | 0.08 | 9239.06 | 1835.90 | 9092.19 | 347.12 | 1735.58 | 10800.00 | 9069.04
285 | 0.07 | 9563.96 | 2232.12 | 9407.71 | 282.41 | 1412.05 | 10800.00 | 9308.62
287 | 0.06 | 9570.26 | 2551.40 | 9417.18 | 279.92 | 1399.62 | 10800.00 | 9540.68
275 | 0.14 | 7608.33 | 2874.10 | 7205.95 | 739.52 | 3697.58 | 10800.00 | 7971.11
289 | 0.11 | 9092.35 | 3626.65 | 8693.42 | 430.79 | 2153.97 | 10800.00 | 8626.12
303 | 0.13 | 9713.06 | 4124.80 | 9176.84 | 333.30 | 1666.49 | 10800.00 | 8282.95
312 | 0.06 | 9570.08 | 4493.00 | 9300.50 | 303.54 | 1517.72 | 10800.00 | 9658.59
291 | 0.06 | 9606.66 | 4882.94 | 9313.68 | 300.87 | 1504.37 | 10800.00 | 9681.83
274 | 0.06 | 9394.32 | 5214.32 | 9081.46 | 324.12 | 1620.59 | 10682.61 | 9585.72
278 | 0.11 | 8488.20 | 5614.46 | 7870.60 | 599.06 | 2995.29 | 10800.00 | 8863.29
282 | 0.15 | 7954.35 | 6241.18 | 7018.17 | 779.76 | 3898.79 | 10800.00 | 8280.14
311 | 0.06 | 9580.65 | 7076.36 | 9156.07 | 317.82 | 1589.08 | 10726.08 | 9740.53
293 | 0.05 | 9325.84 | 7431.14 | 8954.28 | 272.08 | 1360.41 | 10301.09 | 9495.25
280 | 0.10 | 8815.97 | 7814.79 | 8034.49 | 564.39 | 2821.94 | 10800.00 | 9255.92
307 | 0.13 | 9452.06 | 8401.17 | 8359.91 | 501.04 | 2505.22 | 10800.00 | 8860.69
290 | 0.05 | 9325.17 | 8947.71 | 8877.78 | 272.10 | 1360.51 | 10224.69 | 9494.68
277 | 0.15 | 7570.48 | 9265.16 | 6180.71 | 952.43 | 4762.16 | 10800.00 | 8759.64
308 | 0.13 | 9981.18 | 10234.85 | 8650.65 | 441.34 | 2206.72 | 10800.00 | 9091.30
294 | 0.13 | 9070.25 | 10798.40 | 7666.45 | 643.44 | 3217.19 | 10800.00 | 9190.84
309 | 0.11 | 10009.70 | 11492.58 | 8745.52 | 420.14 | 2100.70 | 10800.00 | 9490.20
301 | 0.08 | 9854.83 | 11978.52 | 8896.55 | 386.88 | 1934.40 | 10800.00 | 9883.63
304 | 0.07 | 9777.27 | 12445.66 | 8906.08 | 363.33 | 1816.64 | 10697.28 | 9926.51
310 | 0.08 | 9930.15 | 12811.09 | 8905.26 | 385.11 | 1925.55 | 10800.00 | 9950.10
292 | 0.07 | 9775.91 | 13209.24 | 8851.26 | 363.38 | 1816.89 | 10642.72 | 9925.40
288 | 0.12 | 8850.36 | 13599.88 | 7218.37 | 688.08 | 3440.40 | 10576.20 | 9432.36
298 | 0.09 | 9782.26 | 14345.63 | 8491.16 | 466.90 | 2334.49 | 10783.62 | 9972.95
313 | 0.08 | 9795.25 | 14866.71 | 8605.91 | 414.47 | 2072.35 | 10645.10 | 9962.00
283 | 0.15 | 8038.45 | 15298.49 | 5743.68 | 946.97 | 4734.86 | 10336.50 | 9200.32
297 | 0.13 | 9267.04 | 16282.87 | 7150.27 | 711.90 | 3559.51 | 10617.24 | 9729.96
286 | 0.08 | 9425.80 | 17095.26 | 8058.18 | 430.72 | 2153.58 | 10177.30 | 9673.78
299 | 0.08 | 9931.62 | 17567.05 | 8526.26 | 408.78 | 2043.89 | 10537.45 | 10069.91
300 | 0.10 | 9716.45 | 18115.14 | 7904.94 | 522.29 | 2611.44 | 10464.16 | 9945.90
302 | 0.10 | 9820.83 | 18677.72 | 7953.06 | 516.74 | 2583.69 | 10485.08 | 10022.52
306 | 0.08 | 9773.83 | 19250.73 | 8233.77 | 415.38 | 2076.89 | 10277.43 | 9945.12
296 | 0.13 | 9201.70 | 19750.30 | 6634.16 | 716.96 | 3584.79 | 10125.75 | 9689.89
295 | 0.08 | 9777.49 | 20497.55 | 8137.68 | 415.22 | 2076.11 | 10180.58 | 9948.00
Vehicle 8
Charging tour: 
324  -> 321  -> 316  -> 325  -> 322  -> 329  -> 323  -> 335  -> 315  -> 314  -> 342  -> 319  -> 327  -> 334  -> 331  -> 337  -> 341  -> 347  -> 332  -> 351  -> 349  -> 330  -> 320  -> 343  -> 350  -> 345  -> 326  -> 333  -> 352  -> 344  -> 328  -> 339  -> 317  -> 318  -> 346  -> 338  -> 348  -> 336  -> 340  -> 
Charging time: 
454.1119099050872  + 331.0106512795652  + 481.6894086356857  + 319.6275925733831  + 345.50213040613266  + 375.8154884359346  + 263.23244817779295  + 358.8829351417604  + 876.8602121073684  + 513.6210332105572  + 365.956090198484  + 431.36218405653875  + 378.6566212557466  + 451.37844221092166  + 346.9144006120253  + 332.93415627237914  + 492.35127378543797  + 257.27698840487886  + 393.94572439014377  + 385.5331490067661  + 449.89364744803356  + 597.7616025002087  + 643.6692367002661  + 511.9165131474972  + 494.0335473919462  + 347.20357632162023  + 366.93886337731976  + 363.3547696595088  + 297.2747954094857  + 299.0969297619574  + 751.073603588838  + 308.48067380198466  + 582.0233481194307  + 441.1524201479566  + 560.7026258159445  + 1010.5399899067451  + 804.994572375271  + 837.8811557118971  + 688.5202384186966  + 
total node:39/39
-------------------
Traveling energy: 2539.5525927417375
Charging energy: 92565.87474835599
Total energy used: 95105.42734109772
-------------------
Total time for travel: 2539.5525927417375
Total time for charging: 18513.174949671196
Charging round duration: 21052.727542412933
-------------------
ID | p | E0 | time_arrive | E_remain | time_charge | energy_charge| E_after_charge | E_after_cycle
324 | 0.12 | 8601.79 | 148.77 | 8583.93 | 454.11 | 2270.56 | 10800.00 | 8013.94
321 | 0.08 | 9229.54 | 726.34 | 9171.43 | 331.01 | 1655.05 | 10800.00 | 8978.99
316 | 0.10 | 8561.90 | 1221.81 | 8439.72 | 481.69 | 2408.45 | 10800.00 | 8588.35
325 | 0.08 | 9368.05 | 1757.68 | 9227.43 | 319.63 | 1598.14 | 10800.00 | 9060.58
322 | 0.08 | 9267.71 | 2094.82 | 9100.13 | 345.50 | 1727.51 | 10800.00 | 9089.62
329 | 0.10 | 9203.61 | 2451.08 | 8958.50 | 375.82 | 1879.08 | 10800.00 | 8700.69
323 | 0.06 | 9670.49 | 2847.72 | 9499.63 | 263.23 | 1316.16 | 10800.00 | 9557.46
335 | 0.11 | 9396.44 | 3194.36 | 9045.06 | 358.88 | 1794.41 | 10800.00 | 8570.66
315 | 0.16 | 7132.62 | 3603.89 | 6556.00 | 876.86 | 4384.30 | 10800.00 | 7705.72
314 | 0.09 | 8695.23 | 4634.54 | 8278.12 | 513.62 | 2568.11 | 10800.00 | 9119.53
342 | 0.12 | 9634.74 | 5171.70 | 9014.13 | 365.96 | 1829.78 | 10800.00 | 8606.12
319 | 0.08 | 9130.17 | 5655.91 | 8677.70 | 431.36 | 2156.81 | 10800.00 | 9381.38
327 | 0.08 | 9434.39 | 6217.27 | 8937.01 | 378.66 | 1893.28 | 10800.00 | 9422.07
334 | 0.11 | 9319.57 | 6607.40 | 8592.76 | 451.38 | 2256.89 | 10800.00 | 8956.26
331 | 0.07 | 9590.01 | 7147.10 | 9089.71 | 346.91 | 1734.57 | 10800.00 | 9657.18
337 | 0.08 | 9763.23 | 7515.79 | 9161.96 | 332.93 | 1664.67 | 10800.00 | 9522.30
341 | 0.13 | 9424.60 | 7864.22 | 8402.25 | 492.35 | 2461.76 | 10800.00 | 8789.75
347 | 0.06 | 10032.24 | 8386.50 | 9529.05 | 257.28 | 1286.38 | 10800.00 | 9889.43
332 | 0.08 | 9554.71 | 8661.51 | 8861.79 | 393.95 | 1969.73 | 10800.00 | 9618.84
351 | 0.08 | 9633.92 | 9134.28 | 8903.18 | 385.53 | 1927.67 | 10800.00 | 9655.98
349 | 0.12 | 9751.23 | 9555.94 | 8604.52 | 449.89 | 2249.47 | 10800.00 | 9142.30
330 | 0.11 | 8983.89 | 10063.17 | 7876.95 | 597.76 | 2988.81 | 10800.00 | 9352.50
320 | 0.11 | 8575.76 | 10714.50 | 7397.17 | 643.67 | 3218.35 | 10544.71 | 9173.91
343 | 0.10 | 9428.37 | 11367.56 | 8291.61 | 511.92 | 2559.58 | 10800.00 | 9605.95
350 | 0.11 | 9696.21 | 11927.55 | 8384.18 | 494.03 | 2470.17 | 10800.00 | 9546.17
345 | 0.08 | 10087.55 | 12447.40 | 9091.76 | 347.20 | 1736.02 | 10800.00 | 9917.97
326 | 0.07 | 9572.98 | 12846.59 | 8673.72 | 366.94 | 1834.69 | 10482.73 | 9740.28
333 | 0.07 | 9667.41 | 13289.65 | 8737.13 | 363.35 | 1816.77 | 10528.47 | 9816.78
352 | 0.06 | 10128.29 | 13711.05 | 9305.63 | 297.27 | 1486.37 | 10774.16 | 10185.46
344 | 0.06 | 10066.59 | 14026.75 | 9224.98 | 299.10 | 1495.48 | 10702.52 | 10132.87
328 | 0.13 | 8685.68 | 14359.35 | 6818.96 | 751.07 | 3755.37 | 10476.69 | 9344.45
339 | 0.06 | 9760.37 | 15148.68 | 8851.45 | 308.48 | 1542.40 | 10375.34 | 9873.57
317 | 0.10 | 8621.89 | 15579.41 | 7063.95 | 582.02 | 2910.12 | 9915.86 | 9150.01
318 | 0.08 | 9100.06 | 16276.57 | 7797.93 | 441.15 | 2205.76 | 9968.40 | 9400.22
346 | 0.11 | 9844.71 | 16766.40 | 8000.41 | 560.70 | 2803.51 | 10742.24 | 10028.02
338 | 0.18 | 8938.44 | 17386.02 | 5808.96 | 1010.54 | 5052.70 | 10679.76 | 9703.54
348 | 0.17 | 10050.43 | 18462.10 | 6911.88 | 804.99 | 4024.97 | 10800.00 | 10026.00
336 | 0.15 | 8983.63 | 19313.87 | 6086.55 | 837.88 | 4189.41 | 10150.27 | 9600.03
340 | 0.13 | 9474.79 | 20194.53 | 6849.50 | 688.52 | 3442.60 | 10202.59 | 9820.79
Vehicle 9
Charging tour: 
355  -> 354  -> 363  -> 386  -> 385  -> 361  -> 370  -> 388  -> 391  -> 383  -> 364  -> 376  -> 359  -> 362  -> 375  -> 378  -> 358  -> 373  -> 387  -> 353  -> 365  -> 379  -> 389  -> 369  -> 392  -> 380  -> 371  -> 374  -> 368  -> 372  -> 381  -> 366  -> 377  -> 390  -> 360  -> 384  -> 356  -> 393  -> 367  -> 382  -> 357  -> 
Charging time: 
507.9602072491533  + 412.30006218972625  + 507.9639681328841  + 698.7368694671915  + 555.6964278414051  + 460.189082608287  + 603.4055075041915  + 555.6937297730123  + 364.3849240957556  + 460.19585030485774  + 460.1946951195894  + 460.15727073846557  + 555.6965098452918  + 460.1972627242806  + 651.0906936931583  + 651.095069114485  + 507.959652626234  + 364.45189136337643  + 316.3707731840808  + 603.4055598800533  + 460.1929690755314  + 698.767086745804  + 316.1171964554028  + 651.0951014666679  + 651.0902930936012  + 651.095072634346  + 507.963591681087  + 316.20932287548624  + 650.9602173302259  + 651.0949543459535  + 412.3677252797523  + 316.08757827282545  + 698.7628140589609  + 460.17994473105193  + 267.5316337826812  + 698.7670957803333  + 264.95965880791306  + 746.2209620785895  + 651.0079104285825  + 364.46012090129443  + 555.6966830092354  + 
total node:41/41
-------------------
Traveling energy: 2261.1302985459306
Charging energy: 105738.86970145404
Total energy used: 107999.99999999997
-------------------
Total time for travel: 2261.1302985459306
Total time for charging: 21147.77394029081
Charging round duration: 23408.904238836738
-------------------
ID | p | E0 | time_arrive | E_remain | time_charge | energy_charge| E_after_charge | E_after_cycle
355 | 0.10 | 7256.97 | 158.03 | 7241.16 | 507.96 | 2539.80 | 9730.17 | 7414.77
354 | 0.08 | 7152.56 | 704.59 | 7096.19 | 412.30 | 2061.50 | 9124.71 | 7308.46
363 | 0.10 | 7256.91 | 1264.82 | 7130.43 | 507.96 | 2539.82 | 9619.45 | 7414.73
386 | 0.14 | 7385.83 | 1793.29 | 7134.77 | 698.74 | 3493.68 | 10530.63 | 7544.71
385 | 0.11 | 7296.93 | 2613.75 | 7009.41 | 555.70 | 2778.48 | 9726.77 | 7455.21
361 | 0.09 | 7209.27 | 3197.53 | 6921.49 | 460.19 | 2300.95 | 9181.02 | 7366.41
370 | 0.12 | 7330.89 | 3700.48 | 6886.83 | 603.41 | 3017.03 | 9831.45 | 7489.52
388 | 0.11 | 7296.96 | 4361.19 | 6817.23 | 555.69 | 2778.47 | 9534.57 | 7455.23
391 | 0.07 | 7081.45 | 4947.22 | 6735.15 | 364.38 | 1821.92 | 8531.57 | 7235.98
383 | 0.09 | 7209.16 | 5381.10 | 6724.86 | 460.20 | 2300.98 | 8984.42 | 7366.34
364 | 0.09 | 7209.18 | 5867.04 | 6681.14 | 460.19 | 2300.97 | 8940.70 | 7366.35
376 | 0.09 | 7209.76 | 6372.58 | 6636.23 | 460.16 | 2300.79 | 8895.60 | 7366.75
359 | 0.11 | 7296.92 | 6854.29 | 6542.95 | 555.70 | 2778.48 | 9260.31 | 7455.21
362 | 0.09 | 7209.14 | 7471.14 | 6536.73 | 460.20 | 2300.99 | 8796.30 | 7366.32
375 | 0.13 | 7360.15 | 7975.34 | 6323.36 | 651.09 | 3255.45 | 9494.17 | 7519.00
378 | 0.13 | 7360.10 | 8632.14 | 6237.92 | 651.10 | 3255.48 | 9408.76 | 7518.98
358 | 0.10 | 7256.97 | 9291.04 | 6327.87 | 507.96 | 2539.80 | 8816.87 | 7414.77
373 | 0.07 | 7080.15 | 9816.87 | 6392.97 | 364.45 | 1822.26 | 8189.72 | 7235.01
387 | 0.06 | 6991.01 | 10289.33 | 6373.65 | 316.37 | 1581.85 | 7936.52 | 7143.66
353 | 0.12 | 7330.89 | 10627.95 | 6055.54 | 603.41 | 3017.03 | 9000.16 | 7489.52
365 | 0.09 | 7209.20 | 11368.13 | 6186.07 | 460.19 | 2300.96 | 8445.62 | 7366.37
379 | 0.14 | 7385.51 | 11872.17 | 5723.40 | 698.77 | 3493.84 | 9119.41 | 7544.54
389 | 0.06 | 6996.61 | 12652.04 | 6237.49 | 316.12 | 1580.59 | 7799.11 | 7148.00
369 | 0.13 | 7360.10 | 12975.82 | 5673.24 | 651.10 | 3255.48 | 8844.08 | 7518.97
392 | 0.13 | 7360.15 | 13640.55 | 5586.88 | 651.09 | 3255.45 | 8757.69 | 7519.01
380 | 0.13 | 7360.10 | 14365.66 | 5492.56 | 651.10 | 3255.48 | 8663.40 | 7518.98
371 | 0.10 | 7256.92 | 15083.37 | 5748.58 | 507.96 | 2539.82 | 8237.60 | 7414.74
374 | 0.06 | 6994.58 | 15665.07 | 6054.67 | 316.21 | 1581.05 | 7616.75 | 7146.42
368 | 0.13 | 7361.63 | 16064.24 | 5273.27 | 650.96 | 3254.80 | 8443.45 | 7519.83
372 | 0.13 | 7360.10 | 16746.88 | 5183.01 | 651.09 | 3255.47 | 8353.84 | 7518.98
381 | 0.08 | 7151.38 | 17417.51 | 5757.98 | 412.37 | 2061.84 | 7786.83 | 7307.62
366 | 0.06 | 6997.27 | 17872.77 | 5924.90 | 316.09 | 1580.44 | 7486.38 | 7148.51
377 | 0.14 | 7385.55 | 18249.97 | 4830.56 | 698.76 | 3493.81 | 8226.55 | 7544.57
390 | 0.09 | 7209.41 | 19000.65 | 5499.35 | 460.18 | 2300.90 | 7758.83 | 7366.51
360 | 0.05 | 6889.37 | 19504.87 | 5914.13 | 267.53 | 1337.66 | 7238.41 | 7036.03
384 | 0.14 | 7385.51 | 19785.67 | 4615.51 | 698.77 | 3493.84 | 8011.52 | 7544.54
356 | 0.05 | 6956.25 | 20496.04 | 5931.45 | 264.96 | 1324.80 | 7243.00 | 7090.05
393 | 0.15 | 7409.84 | 20840.69 | 4283.73 | 746.22 | 3731.10 | 7902.91 | 7567.94
367 | 0.13 | 7361.09 | 21656.03 | 4545.80 | 651.01 | 3255.04 | 7716.21 | 7519.52
382 | 0.07 | 7079.99 | 22313.40 | 5518.05 | 364.46 | 1822.30 | 7314.84 | 7234.89
357 | 0.11 | 7296.92 | 22745.49 | 4794.92 | 555.70 | 2778.48 | 7512.27 | 7455.20
Vehicle 10
Charging tour: 
404  -> 396  -> 424  -> 406  -> 400  -> 427  -> 398  -> 402  -> 403  -> 411  -> 399  -> 423  -> 409  -> 395  -> 420  -> 414  -> 405  -> 410  -> 429  -> 417  -> 394  -> 419  -> 430  -> 412  -> 397  -> 407  -> 428  -> 426  -> 415  -> 401  -> 432  -> 421  -> 416  -> 408  -> 431  -> 425  -> 413  -> 422  -> 418  -> 
Charging time: 
566.3466820326037  + 379.74281646551896  + 201.17114180999198  + 285.9689003236892  + 275.89648398319923  + 272.32669794804343  + 595.6972933739396  + 332.7789780664825  + 285.0292701390712  + 496.6512971163698  + 366.09763334689876  + 265.2393763817194  + 461.38692482057064  + 407.1081229678846  + 469.04945968123536  + 392.8466885723493  + 318.6491903463475  + 599.7238603198412  + 313.2751652180124  + 317.1001769783866  + 283.43874981922187  + 415.42481315605954  + 288.51361931885987  + 394.87588108478195  + 476.81615668688056  + 332.5909605092989  + 424.77179316755775  + 388.47319497825157  + 649.5016046808313  + 469.72794393782056  + 494.8474823070869  + 706.036442320275  + 637.7304347822185  + 459.4774648639884  + 500.1156850923955  + 637.1218028393936  + 513.9096440618345  + 895.4729987553492  + 564.6506480477387  + 
total node:39/39
-------------------
Traveling energy: 2081.8773792594884
Charging energy: 85677.91740150999
Total energy used: 87759.79478076947
-------------------
Total time for travel: 2081.8773792594884
Total time for charging: 17135.583480301997
Charging round duration: 19217.460859561485
-------------------
ID | p | E0 | time_arrive | E_remain | time_charge | energy_charge| E_after_charge | E_after_cycle
404 | 0.14 | 8061.98 | 103.07 | 8047.56 | 566.35 | 2831.73 | 10800.00 | 7558.92
396 | 0.08 | 8990.81 | 739.25 | 8931.67 | 379.74 | 1898.71 | 10800.00 | 8983.92
424 | 0.10 | 9929.53 | 1152.66 | 9814.26 | 201.17 | 1005.86 | 10800.00 | 8553.38
406 | 0.07 | 9488.61 | 1406.26 | 9390.17 | 285.97 | 1429.84 | 10800.00 | 9251.06
400 | 0.06 | 9542.70 | 1760.47 | 9437.07 | 275.90 | 1379.48 | 10800.00 | 9492.98
427 | 0.15 | 9791.89 | 2084.48 | 9479.22 | 272.33 | 1361.63 | 10800.00 | 7580.52
398 | 0.12 | 8192.21 | 2493.42 | 7893.00 | 595.70 | 2978.49 | 10800.00 | 8312.29
402 | 0.07 | 9380.42 | 3157.49 | 9159.40 | 332.78 | 1663.89 | 10800.00 | 9376.92
403 | 0.06 | 9602.48 | 3508.76 | 9391.96 | 285.03 | 1425.15 | 10800.00 | 9598.43
411 | 0.12 | 8842.74 | 3886.69 | 8376.34 | 496.65 | 2483.26 | 10800.00 | 8467.60
399 | 0.07 | 9306.86 | 4453.12 | 8995.14 | 366.10 | 1830.49 | 10800.00 | 9469.94
423 | 0.06 | 9781.41 | 4861.61 | 9489.72 | 265.24 | 1326.20 | 10800.00 | 9678.41
409 | 0.10 | 9055.30 | 5161.00 | 8539.20 | 461.39 | 2306.93 | 10800.00 | 8980.24
395 | 0.07 | 9187.84 | 5641.23 | 8792.96 | 407.11 | 2035.54 | 10800.00 | 9555.98
420 | 0.13 | 9307.20 | 6088.20 | 8515.73 | 469.05 | 2345.25 | 10800.00 | 8555.84
414 | 0.09 | 9463.51 | 6582.03 | 8871.12 | 392.85 | 1964.23 | 10800.00 | 9283.94
405 | 0.06 | 9649.80 | 7065.43 | 9225.87 | 318.65 | 1593.25 | 10800.00 | 9813.84
410 | 0.12 | 8766.60 | 7443.80 | 7873.35 | 599.72 | 2998.62 | 10800.00 | 8906.82
429 | 0.09 | 9993.25 | 8127.02 | 9261.82 | 313.28 | 1566.38 | 10800.00 | 9415.83
417 | 0.06 | 9741.32 | 8463.30 | 9233.53 | 317.10 | 1585.50 | 10800.00 | 9897.62
394 | 0.05 | 9483.43 | 8815.61 | 9042.65 | 283.44 | 1417.19 | 10445.67 | 9709.62
419 | 0.09 | 9581.64 | 9126.37 | 8760.26 | 415.42 | 2077.12 | 10800.00 | 9514.96
430 | 0.09 | 10244.45 | 9567.26 | 9383.40 | 288.51 | 1442.57 | 10800.00 | 9543.22
412 | 0.07 | 9529.98 | 9880.49 | 8838.34 | 394.88 | 1974.38 | 10785.08 | 9836.96
397 | 0.08 | 9019.73 | 10297.92 | 8195.90 | 476.82 | 2384.08 | 10541.83 | 9498.21
407 | 0.06 | 9698.29 | 10776.59 | 9051.70 | 332.59 | 1662.95 | 10694.70 | 9932.05
428 | 0.09 | 9716.24 | 11131.92 | 8714.37 | 424.77 | 2123.86 | 10800.00 | 9696.30
426 | 0.10 | 10056.26 | 11597.76 | 8896.48 | 388.47 | 1942.37 | 10800.00 | 9616.62
415 | 0.12 | 9078.98 | 12071.22 | 7630.43 | 649.50 | 3247.51 | 10800.00 | 9468.09
401 | 0.08 | 9155.84 | 12771.19 | 8134.14 | 469.73 | 2348.64 | 10445.20 | 9598.88
432 | 0.12 | 9975.96 | 13256.78 | 8385.14 | 494.85 | 2474.24 | 10800.00 | 9591.79
421 | 0.14 | 9297.86 | 13779.99 | 7368.66 | 706.04 | 3530.18 | 10800.00 | 9493.24
416 | 0.11 | 9272.78 | 14572.96 | 7669.76 | 637.73 | 3188.65 | 10788.26 | 9841.23
408 | 0.08 | 9360.09 | 15253.03 | 8139.85 | 459.48 | 2297.39 | 10400.48 | 9751.88
431 | 0.12 | 10260.95 | 15845.92 | 8359.44 | 500.12 | 2500.58 | 10800.00 | 9903.12
425 | 0.12 | 9659.04 | 16401.58 | 7690.85 | 637.12 | 3185.61 | 10800.00 | 9986.24
413 | 0.09 | 9414.78 | 17063.06 | 7879.10 | 513.91 | 2569.55 | 10402.40 | 9840.53
422 | 0.16 | 9280.58 | 17591.71 | 6465.91 | 895.47 | 4477.36 | 10800.00 | 9946.75
418 | 0.10 | 9520.83 | 18504.94 | 7670.33 | 564.65 | 2823.25 | 10437.12 | 9962.08
Vehicle 11
Charging tour: 
434  -> 443  -> 439  -> 433  -> 441  -> 450  -> 462  -> 437  -> 440  -> 460  -> 445  -> 438  -> 448  -> 444  -> 466  -> 458  -> 461  -> 465  -> 454  -> 467  -> 457  -> 442  -> 456  -> 464  -> 455  -> 452  -> 469  -> 435  -> 453  -> 449  -> 436  -> 451  -> 447  -> 468  -> 459  -> 463  -> 446  -> 470  -> 
Charging time: 
372.72913803078626  + 305.23069370588354  + 643.2038240899103  + 820.8822770778097  + 350.77316781664854  + 220.71575438910924  + 268.20925804778796  + 704.9790051699612  + 437.70037282954945  + 326.39315334558904  + 461.7746455689551  + 321.3046173384295  + 452.82329778699074  + 348.76119750617227  + 365.2917212153015  + 368.50934278974887  + 497.50563394370965  + 235.29372824053272  + 631.1861701668263  + 225.32166029568342  + 362.51332799832403  + 267.88010817020756  + 551.1478829194467  + 191.42914387170038  + 389.1199546537862  + 369.86466652183583  + 377.06521208043154  + 617.73304849967  + 436.1335578379426  + 505.12906570917676  + 1153.554848025136  + 702.176848676047  + 509.5886026598282  + 655.699204008112  + 317.6306945059551  + 421.4879007733626  + 877.1009782896601  + 346.19451291488656  + 
total node:38/38
-------------------
Traveling energy: 2310.465946865773
Charging energy: 87050.19108735448
Total energy used: 89360.65703422026
-------------------
Total time for travel: 2310.465946865773
Total time for charging: 17410.038217470898
Charging round duration: 19720.50416433667
-------------------
ID | p | E0 | time_arrive | E_remain | time_charge | energy_charge| E_after_charge | E_after_cycle
434 | 0.08 | 8976.21 | 125.50 | 8966.17 | 372.73 | 1863.65 | 10800.00 | 8934.26
443 | 0.08 | 9340.30 | 525.42 | 9298.26 | 305.23 | 1526.15 | 10800.00 | 8960.85
439 | 0.15 | 7824.12 | 957.70 | 7680.46 | 643.20 | 3216.02 | 10800.00 | 7467.13
433 | 0.16 | 7103.77 | 1730.26 | 6826.93 | 820.88 | 4104.41 | 10800.00 | 7396.98
441 | 0.08 | 9282.10 | 2598.75 | 9074.20 | 350.77 | 1753.87 | 10800.00 | 9130.36
450 | 0.06 | 9891.14 | 3024.58 | 9709.66 | 220.72 | 1103.58 | 10800.00 | 9565.52
462 | 0.11 | 9847.01 | 3259.62 | 9488.46 | 268.21 | 1341.05 | 10800.00 | 8567.86
437 | 0.14 | 7877.50 | 3597.84 | 7373.80 | 704.98 | 3524.90 | 10800.00 | 8067.59
440 | 0.09 | 9051.93 | 4455.96 | 8650.89 | 437.70 | 2188.50 | 10800.00 | 9096.63
460 | 0.10 | 9700.92 | 5002.46 | 9200.67 | 326.39 | 1631.97 | 10800.00 | 8950.88
445 | 0.10 | 9071.84 | 5345.37 | 8537.30 | 461.77 | 2308.87 | 10800.00 | 8998.71
438 | 0.06 | 9562.51 | 5829.33 | 9212.76 | 321.30 | 1606.52 | 10800.00 | 9739.84
448 | 0.10 | 9203.84 | 6226.78 | 8581.17 | 452.82 | 2264.12 | 10800.00 | 9085.96
444 | 0.07 | 9551.43 | 6726.09 | 9080.61 | 348.76 | 1743.81 | 10800.00 | 9627.84
466 | 0.11 | 9798.68 | 7135.99 | 9013.72 | 365.29 | 1826.46 | 10800.00 | 9004.94
458 | 0.09 | 9669.14 | 7539.07 | 8990.62 | 368.51 | 1842.55 | 10800.00 | 9367.88
461 | 0.14 | 9495.42 | 7952.16 | 8382.12 | 497.51 | 2487.53 | 10800.00 | 8648.15
465 | 0.05 | 10060.33 | 8500.66 | 9635.30 | 235.29 | 1176.47 | 10800.00 | 10045.80
454 | 0.14 | 8961.81 | 8781.27 | 7732.44 | 631.19 | 3155.93 | 10800.00 | 8782.94
467 | 0.05 | 10156.82 | 9443.21 | 9684.66 | 225.32 | 1126.61 | 10800.00 | 10092.43
457 | 0.07 | 9695.13 | 9747.39 | 9012.81 | 362.51 | 1812.57 | 10800.00 | 9840.29
442 | 0.05 | 9863.27 | 10123.84 | 9357.08 | 267.88 | 1339.40 | 10683.08 | 10011.67
456 | 0.12 | 9361.34 | 10424.53 | 8110.40 | 551.15 | 2755.74 | 10800.00 | 9258.68
464 | 0.05 | 10404.02 | 11031.95 | 9852.43 | 191.43 | 957.15 | 10800.00 | 10170.17
455 | 0.08 | 9788.21 | 11283.56 | 8885.53 | 389.12 | 1945.60 | 10800.00 | 9828.21
452 | 0.07 | 9796.51 | 11713.43 | 8976.57 | 369.86 | 1849.32 | 10800.00 | 9978.43
469 | 0.10 | 10164.15 | 12117.72 | 8952.38 | 377.07 | 1885.33 | 10800.00 | 9667.48
435 | 0.10 | 8554.42 | 12567.73 | 7297.64 | 617.73 | 3088.67 | 10324.54 | 9261.08
453 | 0.08 | 9693.08 | 13212.94 | 8636.04 | 436.13 | 2180.67 | 10781.82 | 9968.15
449 | 0.09 | 9415.24 | 13675.36 | 8184.46 | 505.13 | 2525.65 | 10664.64 | 9797.09
436 | 0.16 | 7329.48 | 14206.38 | 5056.46 | 1153.55 | 5767.77 | 10639.66 | 9286.05
451 | 0.12 | 9030.80 | 15390.36 | 7183.95 | 702.18 | 3510.88 | 10610.58 | 9683.28
447 | 0.09 | 9332.85 | 16225.02 | 7872.59 | 509.59 | 2547.94 | 10374.67 | 9736.99
468 | 0.14 | 9964.76 | 16796.10 | 7613.30 | 655.70 | 3278.50 | 10800.00 | 9908.45
459 | 0.06 | 9982.06 | 17485.66 | 8932.92 | 317.63 | 1588.15 | 10502.01 | 10141.01
463 | 0.08 | 10029.89 | 17821.96 | 8604.13 | 421.49 | 2107.44 | 10677.85 | 10231.73
446 | 0.14 | 8434.70 | 18273.82 | 5876.37 | 877.10 | 4385.50 | 10139.08 | 9485.41
470 | 0.07 | 10437.79 | 19207.55 | 9093.26 | 346.19 | 1730.97 | 10800.00 | 10501.36
Vehicle 12
Charging tour: 
481  -> 484  -> 501  -> 482  -> 491  -> 477  -> 472  -> 486  -> 507  -> 471  -> 475  -> 502  -> 498  -> 476  -> 504  -> 479  -> 473  -> 493  -> 488  -> 500  -> 490  -> 485  -> 489  -> 487  -> 478  -> 495  -> 505  -> 499  -> 492  -> 509  -> 503  -> 474  -> 480  -> 496  -> 494  -> 506  -> 508  -> 497  -> 483  -> 
Charging time: 
316.94981615176454  + 481.7113534449794  + 317.5718646995167  + 324.5965671798453  + 329.7148958368769  + 463.3722710577247  + 367.7341866932139  + 399.26764282203516  + 286.2128145310579  + 498.696971614119  + 367.42553431677  + 367.73879250823626  + 403.2957913374653  + 367.2832731897498  + 305.4295306009087  + 427.0478075818588  + 538.9389258538832  + 376.0889089647239  + 367.3865829565238  + 396.58317737801116  + 430.0302102559441  + 762.2507107777406  + 465.5188213764043  + 416.48440341738143  + 481.7907349660244  + 435.40398140725256  + 623.1376696369168  + 498.74887103702196  + 660.7991566165214  + 479.1038522843876  + 575.0128838067282  + 417.718829648919  + 366.8912400493764  + 608.428626439142  + 711.8954301232152  + 544.8014229166967  + 514.8081158525507  + 695.6801054801505  + 472.9092216761794  + 
total node:39/39
-------------------
Traveling energy: 2190.4077547342295
Charging energy: 89322.30498243909
Total energy used: 91512.71273717332
-------------------
Total time for travel: 2190.4077547342295
Total time for charging: 17864.46099648782
Charging round duration: 20054.86875122205
-------------------
ID | p | E0 | time_arrive | E_remain | time_charge | energy_charge| E_after_charge | E_after_cycle
481 | 0.05 | 8725.98 | 95.15 | 8721.22 | 316.95 | 1584.75 | 10290.12 | 9119.73
484 | 0.13 | 8516.85 | 482.92 | 8454.07 | 481.71 | 2408.56 | 10800.00 | 7828.80
501 | 0.05 | 8708.89 | 1006.74 | 8658.55 | 317.57 | 1587.86 | 10230.53 | 9105.75
482 | 0.07 | 9294.19 | 1349.35 | 9199.74 | 324.60 | 1622.98 | 10800.00 | 9249.78
491 | 0.07 | 9293.95 | 1706.34 | 9174.51 | 329.71 | 1648.57 | 10800.00 | 9275.12
477 | 0.10 | 8735.31 | 2058.35 | 8529.48 | 463.37 | 2316.86 | 10800.00 | 8670.17
472 | 0.06 | 9025.10 | 2618.02 | 8868.02 | 367.73 | 1838.67 | 10684.62 | 9434.57
486 | 0.10 | 9149.67 | 3060.85 | 8843.59 | 399.27 | 1996.34 | 10800.00 | 8764.01
507 | 0.09 | 9710.57 | 3509.72 | 9394.70 | 286.21 | 1431.06 | 10800.00 | 8997.83
471 | 0.09 | 8697.16 | 3841.83 | 8351.40 | 498.70 | 2493.48 | 10800.00 | 9046.85
475 | 0.06 | 9032.68 | 4355.94 | 8771.32 | 367.43 | 1837.13 | 10586.41 | 9440.61
502 | 0.06 | 9024.99 | 4790.40 | 8737.56 | 367.74 | 1838.69 | 10554.19 | 9434.48
498 | 0.13 | 9521.48 | 5273.33 | 8835.95 | 403.30 | 2016.48 | 10800.00 | 8441.36
476 | 0.06 | 9036.18 | 5744.64 | 8691.50 | 367.28 | 1836.42 | 10505.88 | 9443.39
504 | 0.12 | 10047.49 | 6149.90 | 9309.50 | 305.43 | 1527.15 | 10800.00 | 8716.24
479 | 0.08 | 9219.26 | 6504.17 | 8698.92 | 427.05 | 2135.24 | 10800.00 | 9448.90
473 | 0.09 | 8785.14 | 7014.77 | 8153.81 | 538.94 | 2694.69 | 10800.00 | 9336.03
493 | 0.09 | 9638.38 | 7610.85 | 8953.40 | 376.09 | 1880.44 | 10800.00 | 9375.02
488 | 0.06 | 9033.64 | 8046.11 | 8550.87 | 367.39 | 1836.93 | 10365.76 | 9441.37
500 | 0.08 | 9522.68 | 8423.34 | 8848.81 | 396.58 | 1982.92 | 10800.00 | 9599.99
490 | 0.09 | 9492.47 | 8932.38 | 8688.55 | 430.03 | 2150.15 | 10800.00 | 9498.82
485 | 0.14 | 8419.11 | 9454.64 | 7095.46 | 762.25 | 3811.25 | 10800.00 | 8895.56
489 | 0.09 | 9436.07 | 10241.86 | 8514.30 | 465.52 | 2327.59 | 10800.00 | 9619.86
487 | 0.07 | 9296.81 | 10739.75 | 8545.03 | 416.48 | 2082.42 | 10598.30 | 9711.83
478 | 0.08 | 9184.73 | 11165.98 | 8291.45 | 481.79 | 2408.95 | 10661.86 | 9688.08
495 | 0.09 | 9715.02 | 11698.33 | 8662.17 | 435.40 | 2177.02 | 10800.00 | 9748.24
505 | 0.17 | 9868.37 | 12224.28 | 7790.25 | 623.14 | 3115.69 | 10800.00 | 8934.66
499 | 0.10 | 9641.88 | 12857.45 | 8356.13 | 498.75 | 2493.74 | 10800.00 | 9753.62
492 | 0.12 | 9180.89 | 13379.94 | 7575.30 | 660.80 | 3304.00 | 10800.00 | 9626.49
509 | 0.09 | 9714.97 | 14081.88 | 8447.60 | 479.10 | 2395.52 | 10800.00 | 9966.69
503 | 0.13 | 9895.25 | 14581.27 | 7999.69 | 575.01 | 2875.06 | 10800.00 | 9673.72
474 | 0.07 | 9269.34 | 15162.25 | 8207.98 | 417.72 | 2088.59 | 10267.33 | 9690.53
480 | 0.06 | 9045.83 | 15586.88 | 8110.62 | 366.89 | 1834.46 | 9923.06 | 9451.09
496 | 0.11 | 9583.55 | 15988.80 | 7824.78 | 608.43 | 3042.14 | 10800.00 | 10005.49
494 | 0.12 | 9323.95 | 16671.52 | 7323.36 | 711.90 | 3559.48 | 10797.41 | 10025.02
506 | 0.10 | 9881.49 | 17510.19 | 8130.47 | 544.80 | 2724.01 | 10800.00 | 10223.50
508 | 0.09 | 9670.12 | 18171.57 | 8034.68 | 514.81 | 2574.04 | 10562.39 | 10100.36
497 | 0.12 | 9541.27 | 18719.69 | 7294.91 | 695.68 | 3478.40 | 10689.83 | 10161.27
483 | 0.08 | 9357.22 | 19460.72 | 7800.36 | 472.91 | 2364.55 | 10127.08 | 9816.17
Vehicle 13
Charging tour: 
510  -> 526  -> 523  -> 514  -> 517  -> 521  -> 524  -> 516  -> 513  -> 532  -> 530  -> 520  -> 515  -> 525  -> 511  -> 528  -> 519  -> 539  -> 535  -> 540  -> 512  -> 531  -> 529  -> 533  -> 536  -> 518  -> 538  -> 541  -> 537  -> 527  -> 534  -> 522  -> 
Charging time: 
719.3404695964688  + 252.79874715765763  + 391.87784253308325  + 646.6701933166189  + 531.6235891426761  + 534.929464169476  + 314.42795925400173  + 385.9153215641993  + 583.4518127854113  + 378.6043904097102  + 336.9990706507996  + 432.0857679614937  + 542.173160319199  + 452.50608663382894  + 866.5049323957496  + 317.47126368284444  + 556.3155191967934  + 261.0453547926061  + 246.37611605553775  + 449.6231731486429  + 598.3431575376853  + 339.23111363694363  + 408.51873809478633  + 478.9578994193259  + 412.99406943992864  + 322.7173977018398  + 275.77689405375037  + 261.5766421585172  + 287.2694089294613  + 523.2009942157741  + 472.749062262179  + 392.4171344428098  + 
total node:32/32
-------------------
Traveling energy: 2067.3432274999304
Charging energy: 69872.463733299
Total energy used: 71939.80696079893
-------------------
Total time for travel: 2067.3432274999304
Total time for charging: 13974.4927466598
Charging round duration: 16041.83597415973
-------------------
ID | p | E0 | time_arrive | E_remain | time_charge | energy_charge| E_after_charge | E_after_cycle
510 | 0.15 | 7333.67 | 149.78 | 7311.20 | 719.34 | 3596.70 | 10800.00 | 7357.37
526 | 0.08 | 9628.80 | 907.18 | 9556.23 | 252.80 | 1263.99 | 10800.00 | 8987.20
523 | 0.11 | 9018.13 | 1221.93 | 8883.72 | 391.88 | 1959.39 | 10800.00 | 8357.32
514 | 0.14 | 7893.45 | 1687.64 | 7657.18 | 646.67 | 3233.35 | 10800.00 | 7792.00
517 | 0.12 | 8494.07 | 2403.31 | 8205.68 | 531.62 | 2658.12 | 10800.00 | 8293.79
521 | 0.13 | 8585.01 | 3000.88 | 8194.89 | 534.93 | 2674.65 | 10800.00 | 8163.05
524 | 0.08 | 9538.07 | 3563.21 | 9253.01 | 314.43 | 1572.14 | 10800.00 | 9204.61
516 | 0.08 | 9212.79 | 3893.68 | 8901.30 | 385.92 | 1929.58 | 10800.00 | 9236.77
513 | 0.11 | 8425.14 | 4347.49 | 7946.92 | 583.45 | 2917.26 | 10800.00 | 8722.20
532 | 0.11 | 9499.19 | 5005.10 | 8948.62 | 378.60 | 1893.02 | 10800.00 | 8772.01
530 | 0.09 | 9636.39 | 5456.20 | 9145.33 | 337.00 | 1685.00 | 10800.00 | 9177.59
520 | 0.09 | 9203.76 | 5836.70 | 8678.46 | 432.09 | 2160.43 | 10800.00 | 9220.39
515 | 0.10 | 8780.60 | 6372.53 | 8143.35 | 542.17 | 2710.87 | 10800.00 | 9109.47
525 | 0.10 | 9286.83 | 7041.14 | 8582.72 | 452.51 | 2262.53 | 10800.00 | 9167.36
511 | 0.14 | 7657.34 | 7632.52 | 6588.79 | 866.50 | 4332.52 | 10800.00 | 8655.06
528 | 0.07 | 9833.52 | 8552.19 | 9234.87 | 317.47 | 1587.36 | 10800.00 | 9753.48
519 | 0.10 | 8965.26 | 8912.04 | 8074.05 | 556.32 | 2781.58 | 10800.00 | 9364.83
539 | 0.07 | 10179.16 | 9515.95 | 9513.05 | 261.05 | 1305.23 | 10800.00 | 9816.99
535 | 0.06 | 10172.40 | 9824.88 | 9582.90 | 246.38 | 1231.88 | 10800.00 | 9975.08
540 | 0.12 | 9822.03 | 10134.94 | 8605.84 | 449.62 | 2248.12 | 10800.00 | 9211.75
512 | 0.09 | 8820.52 | 10648.76 | 7862.14 | 598.34 | 2991.72 | 10800.00 | 9668.44
531 | 0.07 | 9919.03 | 11306.25 | 9127.59 | 339.23 | 1696.16 | 10800.00 | 9947.78
529 | 0.08 | 9723.50 | 11667.67 | 8790.09 | 408.52 | 2042.59 | 10800.00 | 9860.49
533 | 0.10 | 9663.35 | 12102.41 | 8453.11 | 478.96 | 2394.79 | 10800.00 | 9676.14
536 | 0.09 | 9906.01 | 12597.87 | 8772.20 | 412.99 | 2064.97 | 10800.00 | 9827.18
518 | 0.05 | 9854.33 | 13035.57 | 9202.55 | 322.72 | 1613.59 | 10800.00 | 10276.91
538 | 0.06 | 10241.84 | 13402.93 | 9437.66 | 275.78 | 1378.88 | 10800.00 | 10191.52
541 | 0.06 | 10331.09 | 13721.31 | 9507.81 | 261.58 | 1307.88 | 10800.00 | 10209.77
537 | 0.06 | 10223.50 | 14043.57 | 9380.89 | 287.27 | 1436.35 | 10800.00 | 10230.65
527 | 0.09 | 9528.27 | 14413.19 | 8231.08 | 523.20 | 2616.00 | 10800.00 | 10000.47
534 | 0.09 | 9825.95 | 14968.34 | 8478.80 | 472.75 | 2363.75 | 10800.00 | 10045.90
522 | 0.06 | 9790.76 | 15488.40 | 8861.46 | 392.42 | 1962.09 | 10800.00 | 10323.65
Vehicle 14
Charging tour: 
544  -> 570  -> 545  -> 555  -> 574  -> 563  -> 557  -> 550  -> 581  -> 552  -> 554  -> 556  -> 548  -> 558  -> 547  -> 559  -> 543  -> 568  -> 542  -> 572  -> 551  -> 580  -> 549  -> 564  -> 565  -> 553  -> 566  -> 573  -> 571  -> 576  -> 569  -> 578  -> 575  -> 560  -> 567  -> 579  -> 577  -> 562  -> 546  -> 561  -> 
Charging time: 
551.2057702062463  + 335.74852505939026  + 791.7945239494634  + 515.6569993830816  + 267.2432902724885  + 234.03950857513075  + 278.85960889804204  + 564.2441798165563  + 245.5493283735413  + 282.02277074063346  + 707.7612507203279  + 286.4419433626509  + 371.695644000973  + 410.005944547263  + 312.40180271388033  + 251.15710845629366  + 512.6863224683094  + 456.3878179025696  + 980.8006719386473  + 270.702199998394  + 493.2544706796598  + 519.3300868624553  + 711.9476488209034  + 651.8965214380128  + 365.0864015112122  + 251.82922909764017  + 304.57727674945187  + 489.0568598886361  + 694.6933838929322  + 347.33362648019505  + 718.4119784233807  + 345.80398921640653  + 638.6029650931059  + 428.41744589732394  + 633.8570105903387  + 245.90303488869546  + 303.9625111319083  + 411.51724364229386  + 255.22594681131946  + 660.6092588997254  + 
total node:40/40
-------------------
Traveling energy: 2178.194841826785
Charging energy: 90488.61050699743
Total energy used: 92666.80534882421
-------------------
Total time for travel: 2178.194841826785
Total time for charging: 18097.722101399486
Charging round duration: 20275.91694322627
-------------------
ID | p | E0 | time_arrive | E_remain | time_charge | energy_charge| E_after_charge | E_after_cycle
544 | 0.12 | 8114.58 | 37.20 | 8110.12 | 551.21 | 2756.03 | 10800.00 | 8012.21
570 | 0.16 | 9286.96 | 699.86 | 9174.98 | 335.75 | 1678.74 | 10800.00 | 7154.50
545 | 0.17 | 7160.20 | 1085.69 | 6975.63 | 791.79 | 3958.97 | 10800.00 | 7069.77
555 | 0.13 | 8540.43 | 1935.97 | 8288.75 | 515.66 | 2578.28 | 10800.00 | 8022.11
574 | 0.13 | 9820.00 | 2472.86 | 9498.53 | 267.24 | 1336.22 | 10800.00 | 8059.61
563 | 0.07 | 9840.13 | 2770.57 | 9646.19 | 234.04 | 1170.20 | 10800.00 | 9342.92
557 | 0.07 | 9636.14 | 3013.06 | 9425.22 | 278.86 | 1394.30 | 10800.00 | 9363.03
550 | 0.12 | 8450.70 | 3368.42 | 8046.49 | 564.24 | 2821.22 | 10800.00 | 8413.52
581 | 0.08 | 9913.05 | 4014.41 | 9591.90 | 245.55 | 1227.75 | 10800.00 | 9235.20
552 | 0.06 | 9668.95 | 4369.06 | 9406.81 | 282.02 | 1410.11 | 10800.00 | 9649.86
554 | 0.15 | 8079.00 | 4744.30 | 7367.36 | 707.76 | 3538.81 | 10800.00 | 8044.81
556 | 0.06 | 9714.91 | 5498.91 | 9384.98 | 286.44 | 1432.21 | 10800.00 | 9717.92
548 | 0.07 | 9362.96 | 5822.54 | 8955.38 | 371.70 | 1858.48 | 10787.84 | 9554.04
558 | 0.09 | 9346.66 | 6219.93 | 8786.87 | 410.01 | 2050.03 | 10800.00 | 9252.89
547 | 0.06 | 9548.61 | 6647.36 | 9149.77 | 312.40 | 1562.01 | 10693.04 | 9681.42
559 | 0.05 | 9897.54 | 7017.91 | 9546.64 | 251.16 | 1255.79 | 10789.87 | 9962.32
543 | 0.09 | 8727.57 | 7291.50 | 8071.33 | 512.69 | 2563.43 | 10588.62 | 9147.20
568 | 0.10 | 9345.93 | 7822.30 | 8563.70 | 456.39 | 2281.94 | 10800.00 | 9245.87
542 | 0.15 | 7287.74 | 8297.50 | 6043.12 | 980.80 | 4904.00 | 10800.00 | 8618.74
572 | 0.07 | 10115.61 | 9288.13 | 9465.44 | 270.70 | 1353.51 | 10800.00 | 9801.72
551 | 0.09 | 9071.39 | 9593.55 | 8207.98 | 493.25 | 2466.27 | 10629.85 | 9393.87
580 | 0.10 | 9266.37 | 10110.87 | 8255.28 | 519.33 | 2596.65 | 10800.00 | 9481.02
549 | 0.12 | 8379.84 | 10651.36 | 7101.68 | 711.95 | 3559.74 | 10575.98 | 9081.18
564 | 0.13 | 9105.61 | 11387.25 | 7625.26 | 651.90 | 3259.48 | 10800.00 | 9268.49
565 | 0.07 | 9532.46 | 12069.42 | 8687.60 | 365.09 | 1825.43 | 10487.48 | 9690.49
553 | 0.05 | 9871.12 | 12444.81 | 9248.88 | 251.83 | 1259.15 | 10495.43 | 9939.27
566 | 0.06 | 9793.91 | 12738.82 | 9029.59 | 304.58 | 1522.89 | 10534.20 | 9887.60
573 | 0.11 | 9853.79 | 13138.88 | 8408.51 | 489.06 | 2445.28 | 10800.00 | 9678.87
571 | 0.15 | 9482.99 | 13681.66 | 7430.74 | 694.69 | 3473.47 | 10800.00 | 9383.45
576 | 0.07 | 10019.68 | 14394.34 | 9012.07 | 347.33 | 1736.67 | 10724.43 | 10088.95
569 | 0.14 | 9377.72 | 14779.99 | 7308.52 | 718.41 | 3592.06 | 10800.00 | 9634.98
578 | 0.07 | 10064.00 | 15539.28 | 8976.25 | 345.80 | 1729.02 | 10681.06 | 10125.62
575 | 0.14 | 9924.27 | 15913.42 | 7696.39 | 638.60 | 3193.01 | 10800.00 | 9782.48
560 | 0.08 | 9283.79 | 16591.83 | 7956.45 | 428.42 | 2142.09 | 10064.26 | 9520.28
567 | 0.12 | 9412.23 | 17077.37 | 7362.95 | 633.86 | 3169.29 | 10456.17 | 9723.11
579 | 0.05 | 10109.01 | 17809.61 | 9218.53 | 245.90 | 1229.52 | 10435.75 | 10147.53
577 | 0.06 | 9813.72 | 18148.97 | 8724.78 | 303.96 | 1519.81 | 10226.36 | 9904.33
562 | 0.08 | 9665.06 | 18601.50 | 8176.94 | 411.52 | 2057.59 | 10201.60 | 9817.04
546 | 0.05 | 9739.75 | 19160.50 | 8781.72 | 255.23 | 1276.13 | 10045.09 | 9824.88
561 | 0.12 | 9031.07 | 19442.23 | 6698.00 | 660.61 | 3303.05 | 9921.77 | 9475.71
Vehicle 15
Charging tour: 
593  -> 610  -> 597  -> 606  -> 615  -> 617  -> 590  -> 583  -> 603  -> 608  -> 599  -> 589  -> 592  -> 620  -> 586  -> 582  -> 598  -> 584  -> 591  -> 604  -> 595  -> 594  -> 618  -> 588  -> 607  -> 616  -> 587  -> 602  -> 611  -> 609  -> 601  -> 585  -> 613  -> 614  -> 612  -> 596  -> 600  -> 605  -> 619  -> 
Charging time: 
488.4335137484053  + 439.7591993099152  + 633.1831010457831  + 488.43370504823656  + 488.43021008622566  + 340.43267460581825  + 681.1935447466834  + 340.77793089156233  + 390.74461483029467  + 633.2002518168767  + 488.41976828316535  + 390.6305149345866  + 340.8783038874607  + 776.3371825790758  + 585.11058624709  + 536.8618910067391  + 776.9692367603507  + 681.1850591382747  + 585.1106114127624  + 585.1108328635083  + 439.75400346045916  + 681.2341902620971  + 439.68228134751325  + 536.8585647349759  + 681.237927792964  + 439.74681289831824  + 585.1119258580899  + 585.0789734503632  + 681.2379380915406  + 729.1737989705521  + 488.43189651535164  + 439.7642805690744  + 681.237917746893  + 488.43190650320577  + 536.8594820159348  + 633.2252652779739  + 390.631844151475  + 488.42911224547817  + 585.1113326391843  + 
total node:39/39
-------------------
Traveling energy: 1987.7890611286846
Charging energy: 106012.2109388713
Total energy used: 107999.99999999999
-------------------
Total time for travel: 1987.7890611286846
Total time for charging: 21202.44218777426
Charging round duration: 23190.231248902946
-------------------
ID | p | E0 | time_arrive | E_remain | time_charge | energy_charge| E_after_charge | E_after_cycle
593 | 0.09 | 7587.80 | 51.16 | 7583.20 | 488.43 | 2442.17 | 9981.41 | 7886.17
610 | 0.08 | 7491.25 | 654.27 | 7438.90 | 439.76 | 2198.80 | 9602.52 | 7784.44
597 | 0.12 | 7804.24 | 1135.19 | 7668.02 | 633.18 | 3165.92 | 10757.96 | 8111.76
606 | 0.09 | 7587.80 | 1875.32 | 7419.02 | 488.43 | 2442.17 | 9817.23 | 7886.17
615 | 0.09 | 7587.85 | 2395.72 | 7372.24 | 488.43 | 2442.15 | 9770.43 | 7886.20
617 | 0.06 | 7257.70 | 2998.29 | 7077.80 | 340.43 | 1702.16 | 8759.54 | 7530.66
590 | 0.13 | 7858.72 | 3419.66 | 7414.16 | 681.19 | 3405.97 | 10731.58 | 8168.09
583 | 0.06 | 7250.35 | 4195.53 | 6998.61 | 340.78 | 1703.89 | 8682.06 | 7525.04
603 | 0.07 | 7377.07 | 4570.34 | 7057.15 | 390.74 | 1953.72 | 8983.52 | 7663.39
608 | 0.12 | 7804.03 | 4996.58 | 7204.44 | 633.20 | 3166.00 | 10294.46 | 8111.63
599 | 0.09 | 7588.02 | 5721.38 | 7073.09 | 488.42 | 2442.10 | 9471.23 | 7886.31
589 | 0.07 | 7379.23 | 6220.96 | 6943.76 | 390.63 | 1953.15 | 8869.57 | 7664.98
592 | 0.06 | 7248.21 | 6626.08 | 6850.65 | 340.88 | 1704.39 | 8534.59 | 7523.40
620 | 0.15 | 7956.46 | 6994.46 | 6907.29 | 776.34 | 3881.69 | 10672.53 | 8265.14
586 | 0.11 | 7741.65 | 7808.03 | 6882.77 | 585.11 | 2925.55 | 9743.96 | 8047.00
582 | 0.10 | 7670.37 | 8484.72 | 6821.90 | 536.86 | 2684.31 | 9452.52 | 7972.68
598 | 0.15 | 7949.99 | 9134.81 | 6579.76 | 776.97 | 3884.85 | 10348.07 | 8261.83
584 | 0.13 | 7858.82 | 9961.66 | 6563.80 | 681.19 | 3405.93 | 9881.17 | 8168.14
591 | 0.11 | 7741.65 | 10695.38 | 6565.16 | 585.11 | 2925.55 | 9426.35 | 8047.00
604 | 0.11 | 7741.65 | 11296.31 | 6499.06 | 585.11 | 2925.55 | 9360.25 | 8047.00
595 | 0.08 | 7491.33 | 11930.14 | 6536.92 | 439.75 | 2198.77 | 8700.51 | 7784.50
594 | 0.13 | 7858.25 | 12386.41 | 6248.02 | 681.23 | 3406.17 | 9565.63 | 8167.82
618 | 0.08 | 7492.56 | 13100.84 | 6444.49 | 439.68 | 2198.41 | 8607.72 | 7785.37
588 | 0.10 | 7670.42 | 13577.08 | 6312.71 | 536.86 | 2684.29 | 8943.32 | 7972.71
607 | 0.13 | 7858.21 | 14163.72 | 6016.92 | 681.24 | 3406.19 | 9334.55 | 8167.80
616 | 0.08 | 7491.46 | 14874.93 | 6301.46 | 439.75 | 2198.73 | 8465.02 | 7784.59
587 | 0.11 | 7741.63 | 15349.96 | 6053.14 | 585.11 | 2925.56 | 8914.34 | 8046.99
602 | 0.11 | 7742.07 | 15958.26 | 5986.66 | 585.08 | 2925.39 | 8847.70 | 8047.27
611 | 0.13 | 7858.21 | 16577.28 | 5703.16 | 681.24 | 3406.19 | 9020.79 | 8167.80
609 | 0.14 | 7906.35 | 17264.30 | 5489.35 | 729.17 | 3645.87 | 9033.13 | 8217.42
601 | 0.09 | 7587.83 | 18003.09 | 5967.55 | 488.43 | 2442.16 | 8365.75 | 7886.19
585 | 0.08 | 7491.16 | 18510.54 | 6010.32 | 439.76 | 2198.82 | 8173.96 | 7784.38
613 | 0.13 | 7858.21 | 19006.00 | 5387.43 | 681.24 | 3406.19 | 8705.06 | 8167.80
614 | 0.09 | 7587.83 | 19725.32 | 5812.55 | 488.43 | 2442.16 | 8210.75 | 7886.19
612 | 0.10 | 7670.41 | 20233.10 | 5647.10 | 536.86 | 2684.30 | 8277.71 | 7972.70
596 | 0.12 | 7803.73 | 20826.09 | 5304.59 | 633.23 | 3166.13 | 8394.73 | 8111.45
600 | 0.07 | 7379.20 | 21513.80 | 5873.24 | 390.63 | 1953.16 | 7799.05 | 7664.96
605 | 0.09 | 7587.87 | 21927.03 | 5614.44 | 488.43 | 2442.15 | 8012.62 | 7886.22
619 | 0.11 | 7741.64 | 22447.30 | 5272.44 | 585.11 | 2925.56 | 8133.63 | 8047.00
Vehicle 16
Charging tour: 
628  -> 623  -> 625  -> 624  -> 630  -> 621  -> 622  -> 638  -> 647  -> 627  -> 636  -> 631  -> 643  -> 633  -> 642  -> 641  -> 634  -> 640  -> 639  -> 645  -> 635  -> 637  -> 626  -> 629  -> 646  -> 632  -> 644  -> 
Charging time: 
433.81363804357557  + 603.0709199344985  + 627.6927575638636  + 570.9126979714513  + 423.828402406994  + 536.7333976990793  + 593.6642707763028  + 413.0736977347118  + 277.8540490656278  + 559.0843477090544  + 466.1264097125828  + 683.6428746452451  + 310.51544741176593  + 535.1235014758288  + 376.17395438962603  + 216.79655947946173  + 402.59339766281465  + 226.66305490373495  + 280.94739072414916  + 342.37683795549856  + 314.2702162735117  + 255.12026248477702  + 568.2661538316551  + 366.5640109540216  + 367.08093534345636  + 416.87500514990074  + 396.2834880928098  + 
total node:27/27
-------------------
Traveling energy: 1670.1489268104135
Charging energy: 57825.73839698001
Total energy used: 59495.88732379042
-------------------
Total time for travel: 1670.1489268104135
Total time for charging: 11565.147679396001
Charging round duration: 13235.296606206415
-------------------
ID | p | E0 | time_arrive | E_remain | time_charge | energy_charge| E_after_charge | E_after_cycle
628 | 0.11 | 8695.70 | 154.99 | 8678.65 | 433.81 | 2169.07 | 10800.00 | 8244.57
623 | 0.13 | 7943.95 | 622.38 | 7863.04 | 603.07 | 3015.35 | 10800.00 | 7862.71
625 | 0.14 | 7926.28 | 1263.37 | 7749.41 | 627.69 | 3138.46 | 10800.00 | 7729.95
624 | 0.12 | 8246.36 | 1936.75 | 8013.95 | 570.91 | 2854.56 | 10800.00 | 8242.52
630 | 0.10 | 8981.87 | 2586.31 | 8723.24 | 423.83 | 2119.14 | 10800.00 | 8719.01
621 | 0.10 | 8476.12 | 3061.14 | 8170.01 | 536.73 | 2683.67 | 10800.00 | 8777.79
622 | 0.11 | 8307.27 | 3729.86 | 7896.98 | 593.66 | 2968.32 | 10800.00 | 8655.39
638 | 0.11 | 9264.25 | 4401.61 | 8780.07 | 413.07 | 2065.37 | 10800.00 | 8709.41
647 | 0.09 | 9872.08 | 4848.24 | 9435.74 | 277.85 | 1389.27 | 10800.00 | 9117.55
627 | 0.11 | 8631.25 | 5137.98 | 8066.08 | 559.08 | 2795.42 | 10800.00 | 8806.48
636 | 0.11 | 9149.10 | 5713.29 | 8520.64 | 466.13 | 2330.63 | 10800.00 | 8859.53
631 | 0.14 | 8349.95 | 6231.78 | 7477.50 | 683.64 | 3418.21 | 10800.00 | 8433.36
643 | 0.08 | 9830.34 | 6976.00 | 9272.26 | 310.52 | 1552.58 | 10800.00 | 9477.32
633 | 0.11 | 8996.03 | 7388.91 | 8183.25 | 535.12 | 2675.62 | 10800.00 | 9051.44
642 | 0.09 | 9674.01 | 8011.43 | 8952.99 | 376.17 | 1880.87 | 10800.00 | 9411.08
641 | 0.05 | 10148.35 | 8429.83 | 9726.86 | 216.80 | 1083.98 | 10800.00 | 10041.33
634 | 0.08 | 9514.63 | 8692.42 | 8819.24 | 402.59 | 2012.97 | 10800.00 | 9622.00
640 | 0.05 | 10134.18 | 9123.32 | 9678.02 | 226.66 | 1133.32 | 10800.00 | 10076.50
639 | 0.06 | 9979.92 | 9463.41 | 9412.12 | 280.95 | 1404.74 | 10800.00 | 9955.46
645 | 0.08 | 9897.58 | 9775.87 | 9115.51 | 342.38 | 1711.88 | 10800.00 | 9703.86
635 | 0.06 | 9857.72 | 10170.22 | 9247.51 | 314.27 | 1571.35 | 10800.00 | 9999.87
637 | 0.05 | 10064.28 | 10542.43 | 9537.15 | 255.12 | 1275.60 | 10800.00 | 10148.88
626 | 0.09 | 8983.19 | 10815.34 | 8009.81 | 568.27 | 2841.33 | 10800.00 | 9680.72
629 | 0.06 | 9673.30 | 11402.07 | 8989.17 | 366.56 | 1832.82 | 10800.00 | 10076.92
646 | 0.08 | 9936.88 | 11786.48 | 8993.96 | 367.08 | 1835.40 | 10800.00 | 9866.68
632 | 0.07 | 9602.35 | 12250.61 | 8744.81 | 416.88 | 2084.38 | 10800.00 | 10019.32
644 | 0.08 | 9866.83 | 12706.83 | 8850.29 | 396.28 | 1981.42 | 10800.00 | 9942.65
Vehicle 17
Charging tour: 
678  -> 664  -> 648  -> 684  -> 672  -> 649  -> 651  -> 674  -> 657  -> 658  -> 683  -> 655  -> 660  -> 680  -> 652  -> 671  -> 666  -> 669  -> 650  -> 665  -> 685  -> 675  -> 673  -> 653  -> 676  -> 682  -> 667  -> 670  -> 668  -> 662  -> 663  -> 656  -> 654  -> 677  -> 659  -> 661  -> 681  -> 679  -> 
Charging time: 
270.9517064156793  + 528.2495105424474  + 416.87171273840914  + 416.5917555582589  + 368.27625967481123  + 668.888610050673  + 368.32674294703025  + 605.8778629813082  + 367.79536869752053  + 267.4139771614696  + 268.81018669806696  + 560.6220075727174  + 674.617454187943  + 269.30396695571966  + 416.86515927337905  + 705.2622044414  + 655.9939244878053  + 608.3411139531067  + 512.8268266709172  + 608.3421320501859  + 798.7480597491773  + 608.3370075708294  + 465.0642699665609  + 741.3894652929409  + 846.156086559293  + 751.1863663921755  + 893.6064006426003  + 512.7954932741573  + 416.61606467503395  + 806.9734970217019  + 512.8347310555639  + 368.06715501914204  + 608.340928744666  + 655.9943763003084  + 416.8109725864737  + 512.7964436250368  + 895.7427117357624  + 703.6056796518809  + 
total node:38/38
-------------------
Traveling energy: 1942.4011644616635
Charging energy: 105376.4709646108
Total energy used: 107318.87212907246
-------------------
Total time for travel: 1942.4011644616635
Total time for charging: 21075.29419292216
Charging round duration: 23017.695357383822
-------------------
ID | p | E0 | time_arrive | E_remain | time_charge | energy_charge| E_after_charge | E_after_cycle
678 | 0.05 | 7741.47 | 15.59 | 7740.69 | 270.95 | 1354.76 | 9081.90 | 7905.23
664 | 0.12 | 8275.24 | 442.46 | 8222.14 | 528.25 | 2641.25 | 10800.00 | 8058.08
648 | 0.08 | 8050.68 | 1065.01 | 7965.48 | 416.87 | 2084.36 | 10016.49 | 8229.44
684 | 0.08 | 8056.09 | 1595.03 | 7928.49 | 416.59 | 2082.96 | 9978.12 | 8233.45
672 | 0.07 | 7973.88 | 2061.09 | 7829.60 | 368.28 | 1841.38 | 9645.20 | 8147.86
649 | 0.13 | 7863.11 | 2466.16 | 7542.51 | 668.89 | 3344.44 | 10800.00 | 8110.96
651 | 0.07 | 7972.78 | 3177.55 | 7750.36 | 368.33 | 1841.63 | 9566.21 | 8147.02
674 | 0.12 | 8275.26 | 3599.54 | 7843.32 | 605.88 | 3029.39 | 10800.00 | 8446.25
657 | 0.07 | 7984.30 | 4251.83 | 7686.67 | 367.80 | 1838.98 | 9499.91 | 8155.88
658 | 0.05 | 7843.88 | 4662.64 | 7610.75 | 267.41 | 1337.07 | 8934.45 | 7989.95
683 | 0.05 | 7803.14 | 5008.62 | 7552.71 | 268.81 | 1344.05 | 8883.32 | 7956.19
655 | 0.11 | 8231.29 | 5302.53 | 7648.01 | 560.62 | 2803.11 | 10389.45 | 8414.20
660 | 0.14 | 8347.26 | 5899.26 | 7521.36 | 674.62 | 3373.09 | 10800.00 | 8385.54
680 | 0.05 | 7788.83 | 6596.06 | 7459.03 | 269.30 | 1346.52 | 8792.09 | 7944.35
652 | 0.08 | 8050.81 | 6985.58 | 7491.96 | 416.87 | 2084.33 | 9542.94 | 8229.54
671 | 0.14 | 8327.65 | 7472.26 | 7281.54 | 705.26 | 3526.31 | 10709.11 | 8519.16
666 | 0.13 | 8313.59 | 8234.03 | 7243.17 | 655.99 | 3279.97 | 10437.86 | 8496.96
669 | 0.12 | 8275.21 | 8911.19 | 7205.87 | 608.34 | 3041.71 | 10174.58 | 8458.52
650 | 0.10 | 8180.40 | 9552.82 | 7225.12 | 512.83 | 2564.13 | 9737.97 | 8362.53
665 | 0.12 | 8275.20 | 10140.48 | 7058.34 | 608.34 | 3041.71 | 10027.05 | 8458.51
685 | 0.16 | 8403.41 | 10761.38 | 6681.59 | 798.75 | 3993.74 | 10547.53 | 8585.95
675 | 0.12 | 8275.27 | 11624.44 | 6880.34 | 608.34 | 3041.69 | 9849.02 | 8458.55
673 | 0.09 | 8118.48 | 12271.74 | 7014.02 | 465.06 | 2325.32 | 9297.49 | 8300.00
653 | 0.14 | 7921.85 | 12771.24 | 6133.88 | 741.39 | 3706.95 | 9737.03 | 8294.00
676 | 0.17 | 8428.37 | 13540.54 | 6126.48 | 846.16 | 4230.78 | 10213.41 | 8609.75
682 | 0.15 | 8377.00 | 14424.71 | 6213.30 | 751.19 | 3755.93 | 9856.55 | 8559.94
667 | 0.18 | 8450.29 | 15238.24 | 5707.40 | 893.61 | 4468.03 | 10014.59 | 8630.72
670 | 0.10 | 8180.90 | 16180.65 | 6562.83 | 512.80 | 2563.98 | 9075.53 | 8362.88
668 | 0.08 | 8055.62 | 16740.72 | 6716.37 | 416.62 | 2083.08 | 8766.12 | 8233.10
662 | 0.16 | 8317.75 | 17165.24 | 5571.31 | 806.97 | 4034.87 | 9477.06 | 8541.42
663 | 0.10 | 8180.27 | 18007.48 | 6379.52 | 512.83 | 2564.17 | 8892.41 | 8362.45
656 | 0.07 | 7978.41 | 18536.06 | 6680.88 | 368.07 | 1840.34 | 8495.45 | 8151.34
654 | 0.12 | 8275.22 | 18968.31 | 5999.02 | 608.34 | 3041.70 | 8967.72 | 8458.52
677 | 0.13 | 8313.59 | 19588.47 | 5767.09 | 655.99 | 3279.97 | 8961.78 | 8496.96
659 | 0.08 | 8051.86 | 20282.96 | 6429.22 | 416.81 | 2084.05 | 8479.93 | 8230.31
661 | 0.10 | 8180.88 | 20726.06 | 6108.28 | 512.80 | 2563.98 | 8620.98 | 8362.86
681 | 0.18 | 8430.13 | 21267.20 | 4602.04 | 895.74 | 4478.71 | 8919.52 | 8621.25
679 | 0.14 | 8347.26 | 22197.07 | 5239.67 | 703.61 | 3518.03 | 8659.19 | 8530.49
Vehicle 18
Charging tour: 
716  -> 696  -> 702  -> 704  -> 705  -> 727  -> 711  -> 723  -> 689  -> 722  -> 724  -> 688  -> 718  -> 726  -> 707  -> 706  -> 714  -> 712  -> 693  -> 691  -> 725  -> 720  -> 721  -> 709  -> 700  -> 687  -> 701  -> 713  -> 698  -> 708  -> 692  -> 703  -> 690  -> 715  -> 695  -> 699  -> 710  -> 694  -> 697  -> 719  -> 717  -> 686  -> 
Charging time: 
503.26614160876863  + 359.34474221232426  + 647.1829963620048  + 647.1828406434059  + 262.61578844941164  + 407.30978939476523  + 407.4187586122455  + 359.38021146087914  + 358.8148922601161  + 407.37472566912083  + 695.2734751457722  + 599.1627181380326  + 743.387281327223  + 647.1829257166853  + 647.1842565125041  + 311.13102651843957  + 310.91005094446905  + 259.0144530624085  + 309.53084549776344  + 599.1626950025341  + 359.4087622927621  + 599.1621733775138  + 311.26730515809083  + 359.2528703262905  + 599.1642335456744  + 358.80249176132935  + 455.2967099149279  + 599.1616980556207  + 407.24912848453687  + 551.1946674722253  + 599.1624286297374  + 785.6041792367362  + 647.1829018982097  + 407.1426772800085  + 742.8703106176343  + 262.57794417354876  + 790.9250724783158  + 551.1987348736907  + 503.23767830835214  + 455.28795162970454  + 695.2127094815941  + 647.1828600803944  + 
total node:42/42
-------------------
Traveling energy: 2153.119481921122
Charging energy: 105846.88051807886
Total energy used: 107999.99999999999
-------------------
Total time for travel: 2153.119481921122
Total time for charging: 21169.376103615774
Charging round duration: 23322.495585536897
-------------------
ID | p | E0 | time_arrive | E_remain | time_charge | energy_charge| E_after_charge | E_after_cycle
716 | 0.10 | 7353.87 | 153.69 | 7338.50 | 503.27 | 2516.33 | 9804.51 | 7488.20
696 | 0.07 | 7209.42 | 664.98 | 7162.87 | 359.34 | 1796.72 | 8934.44 | 7338.75
702 | 0.13 | 7434.13 | 1067.96 | 7295.29 | 647.18 | 3235.91 | 10447.07 | 7573.44
704 | 0.13 | 7434.13 | 1724.46 | 7209.95 | 647.18 | 3235.91 | 10361.73 | 7573.44
705 | 0.05 | 7046.33 | 2416.42 | 6925.51 | 262.62 | 1313.08 | 8225.46 | 7168.41
727 | 0.08 | 7269.07 | 2788.68 | 7045.98 | 407.31 | 2036.55 | 9049.94 | 7400.02
711 | 0.08 | 7267.13 | 3242.82 | 7007.70 | 407.42 | 2037.09 | 9012.20 | 7398.62
723 | 0.07 | 7208.71 | 3741.16 | 6946.83 | 359.38 | 1796.90 | 8718.57 | 7338.21
689 | 0.07 | 7220.07 | 4133.26 | 6930.74 | 358.81 | 1794.07 | 8699.70 | 7346.74
722 | 0.08 | 7267.91 | 4559.00 | 6903.19 | 407.37 | 2036.87 | 8907.48 | 7399.19
724 | 0.14 | 7452.23 | 5053.09 | 6744.80 | 695.27 | 3476.37 | 10123.82 | 7593.79
688 | 0.12 | 7412.25 | 5773.07 | 6719.48 | 599.16 | 2995.81 | 9643.40 | 7549.67
718 | 0.15 | 7467.75 | 6418.27 | 6505.01 | 743.39 | 3716.94 | 10110.44 | 7611.69
726 | 0.13 | 7434.13 | 7200.04 | 6498.12 | 647.18 | 3235.91 | 9649.90 | 7573.44
707 | 0.13 | 7434.11 | 7892.44 | 6408.10 | 647.18 | 3235.92 | 9559.88 | 7573.43
706 | 0.06 | 7137.10 | 8580.87 | 6622.25 | 311.13 | 1555.66 | 8159.23 | 7263.55
714 | 0.06 | 7142.17 | 8901.12 | 6608.10 | 310.91 | 1554.55 | 8144.00 | 7267.52
712 | 0.05 | 7144.30 | 9286.56 | 6679.97 | 259.01 | 1295.07 | 7962.10 | 7248.37
693 | 0.06 | 7174.00 | 9580.55 | 6599.16 | 309.53 | 1547.65 | 8128.24 | 7292.45
691 | 0.12 | 7412.25 | 9983.13 | 6214.28 | 599.16 | 2995.81 | 9138.19 | 7549.67
725 | 0.07 | 7208.14 | 10597.06 | 6466.34 | 359.41 | 1797.04 | 8238.23 | 7337.78
720 | 0.12 | 7412.26 | 11036.85 | 6087.84 | 599.16 | 2995.81 | 9011.75 | 7549.67
721 | 0.06 | 7133.97 | 11664.46 | 6434.11 | 311.27 | 1556.34 | 7971.77 | 7261.11
709 | 0.07 | 7211.27 | 11990.40 | 6371.94 | 359.25 | 1796.26 | 8143.06 | 7340.13
700 | 0.12 | 7412.23 | 12399.94 | 5924.24 | 599.16 | 2995.82 | 8848.16 | 7549.65
687 | 0.07 | 7220.32 | 13016.39 | 6309.17 | 358.80 | 1794.01 | 8078.07 | 7346.93
701 | 0.09 | 7315.80 | 13409.43 | 6108.95 | 455.30 | 2276.48 | 8344.46 | 7448.48
713 | 0.12 | 7412.27 | 13893.26 | 5745.07 | 599.16 | 2995.81 | 8668.98 | 7549.67
698 | 0.08 | 7270.15 | 14542.53 | 6106.75 | 407.25 | 2036.25 | 8110.42 | 7400.80
708 | 0.11 | 7385.87 | 15054.86 | 5729.83 | 551.19 | 2755.97 | 8425.17 | 7521.64
692 | 0.12 | 7412.26 | 15694.91 | 5528.87 | 599.16 | 2995.81 | 8452.78 | 7549.67
703 | 0.16 | 7537.55 | 16370.33 | 4918.29 | 785.60 | 3928.02 | 8720.62 | 7654.37
690 | 0.13 | 7434.13 | 17183.95 | 5200.22 | 647.18 | 3235.91 | 8352.00 | 7573.44
715 | 0.08 | 7272.05 | 17879.07 | 5841.73 | 407.14 | 2035.71 | 7844.87 | 7402.17
695 | 0.15 | 7472.95 | 18317.47 | 4725.33 | 742.87 | 3714.35 | 8328.25 | 7614.30
699 | 0.05 | 7047.34 | 19073.17 | 6093.69 | 262.58 | 1312.89 | 7393.45 | 7169.23
710 | 0.16 | 7486.84 | 19344.14 | 4391.78 | 790.93 | 3954.63 | 8219.85 | 7630.26
694 | 0.11 | 7385.81 | 20154.53 | 5168.81 | 551.20 | 2755.99 | 7864.18 | 7521.60
697 | 0.10 | 7354.29 | 20739.04 | 5280.38 | 503.24 | 2516.19 | 7746.25 | 7488.48
719 | 0.09 | 7315.94 | 21354.27 | 5394.06 | 455.29 | 2276.44 | 7629.52 | 7448.58
717 | 0.14 | 7452.88 | 21834.85 | 4396.00 | 695.21 | 3476.06 | 7774.73 | 7594.14
686 | 0.13 | 7434.13 | 22567.88 | 4500.31 | 647.18 | 3235.91 | 7652.09 | 7573.44
Vehicle 19
Charging tour: 
733  -> 735  -> 743  -> 758  -> 753  -> 728  -> 763  -> 730  -> 748  -> 744  -> 745  -> 742  -> 738  -> 740  -> 729  -> 756  -> 737  -> 760  -> 762  -> 732  -> 741  -> 731  -> 751  -> 734  -> 750  -> 736  -> 764  -> 739  -> 761  -> 749  -> 757  -> 766  -> 765  -> 746  -> 755  -> 752  -> 759  -> 747  -> 754  -> 
Charging time: 
566.2868926107388  + 678.8940313123844  + 315.5704214058628  + 324.16130272120876  + 349.4495585444789  + 365.8933355268734  + 331.8275986557281  + 316.3669412415108  + 315.26444129747694  + 349.7151748356897  + 363.19107909776477  + 468.8537007444596  + 628.4339470822753  + 469.9174188329624  + 786.5497629507994  + 426.96345064011064  + 537.3561143404337  + 494.40961137889985  + 491.55164488656294  + 270.0434514932281  + 644.1510542555997  + 316.6035642647758  + 363.2574272664068  + 616.8587990031524  + 690.1178279744325  + 414.30022968935526  + 705.3367416752304  + 529.2607540256265  + 646.792408824169  + 710.3165161955844  + 316.7105921797223  + 598.1861102158277  + 552.9629523589052  + 316.2013992415443  + 698.5980301484734  + 776.4878856437018  + 502.68095176566675  + 409.73886895815895  + 649.0614681993574  + 
total node:39/39
-------------------
Traveling energy: 2507.9283685949495
Charging energy: 96541.6173074257
Total energy used: 99049.54567602064
-------------------
Total time for travel: 2507.9283685949495
Total time for charging: 19308.32346148514
Charging round duration: 21816.251830080088
-------------------
ID | p | E0 | time_arrive | E_remain | time_charge | energy_charge| E_after_charge | E_after_cycle
733 | 0.13 | 8065.10 | 176.30 | 8042.18 | 566.29 | 2831.43 | 10800.00 | 7799.94
735 | 0.16 | 7640.45 | 789.35 | 7514.15 | 678.89 | 3394.47 | 10800.00 | 7223.72
743 | 0.06 | 9112.46 | 1507.74 | 9021.99 | 315.57 | 1577.85 | 10580.91 | 9261.11
758 | 0.08 | 9356.76 | 1895.46 | 9205.13 | 324.16 | 1620.81 | 10800.00 | 9071.97
753 | 0.07 | 9237.83 | 2294.49 | 9077.21 | 349.45 | 1747.25 | 10800.00 | 9317.67
728 | 0.07 | 9169.05 | 2665.17 | 8982.48 | 365.89 | 1829.47 | 10786.34 | 9331.11
763 | 0.10 | 9482.08 | 3080.38 | 9174.04 | 331.83 | 1659.14 | 10800.00 | 8759.22
730 | 0.06 | 9089.52 | 3447.93 | 8882.64 | 316.37 | 1581.83 | 10445.49 | 9242.15
748 | 0.06 | 9121.30 | 3795.11 | 8893.60 | 315.26 | 1576.32 | 10451.00 | 9268.42
744 | 0.09 | 9457.77 | 4165.22 | 9082.90 | 349.72 | 1748.58 | 10800.00 | 9062.54
745 | 0.07 | 9237.27 | 4579.58 | 8916.70 | 363.19 | 1815.96 | 10707.23 | 9385.82
742 | 0.11 | 9065.25 | 5072.25 | 8507.31 | 468.85 | 2344.27 | 10800.00 | 8789.32
738 | 0.13 | 8460.96 | 5549.51 | 7739.53 | 628.43 | 3142.17 | 10800.00 | 8506.53
740 | 0.10 | 9115.76 | 6183.53 | 8497.40 | 469.92 | 2349.59 | 10800.00 | 9083.34
729 | 0.13 | 7836.05 | 6665.72 | 6969.50 | 786.55 | 3932.75 | 10800.00 | 8672.19
756 | 0.13 | 9698.93 | 7524.90 | 8720.69 | 426.96 | 2134.82 | 10800.00 | 8737.14
737 | 0.10 | 8919.05 | 7971.94 | 8121.85 | 537.36 | 2686.78 | 10754.90 | 9223.83
760 | 0.13 | 9500.10 | 8522.08 | 8392.23 | 494.41 | 2472.05 | 10800.00 | 8875.54
762 | 0.11 | 9393.17 | 9062.39 | 8396.31 | 491.55 | 2457.76 | 10800.00 | 9230.73
732 | 0.05 | 8873.95 | 9599.05 | 8394.00 | 270.04 | 1350.22 | 9730.71 | 9033.17
741 | 0.12 | 8842.29 | 9881.20 | 7656.54 | 644.15 | 3220.76 | 10800.00 | 9204.64
731 | 0.06 | 9082.72 | 10668.72 | 8442.60 | 316.60 | 1583.02 | 10006.62 | 9236.54
751 | 0.07 | 9235.58 | 11171.81 | 8453.55 | 363.26 | 1816.29 | 10244.41 | 9384.47
734 | 0.11 | 8546.49 | 11723.32 | 7256.92 | 616.86 | 3084.29 | 10273.36 | 9010.58
750 | 0.14 | 9176.32 | 12359.22 | 7446.03 | 690.12 | 3450.59 | 10800.00 | 9292.11
736 | 0.08 | 9254.55 | 13075.18 | 8208.54 | 414.30 | 2071.50 | 10246.90 | 9420.45
764 | 0.15 | 9411.11 | 13546.62 | 7379.12 | 705.34 | 3526.68 | 10800.00 | 9364.79
739 | 0.10 | 9055.47 | 14321.82 | 7623.29 | 529.26 | 2646.30 | 10216.66 | 9319.77
761 | 0.14 | 9737.85 | 14866.16 | 7656.59 | 646.79 | 3233.96 | 10800.00 | 9637.01
749 | 0.13 | 8771.46 | 15543.93 | 6750.75 | 710.32 | 3551.58 | 10209.99 | 9226.45
757 | 0.06 | 9079.65 | 16291.57 | 8102.16 | 316.71 | 1583.55 | 9666.71 | 9234.01
766 | 0.12 | 9614.47 | 16725.71 | 7607.39 | 598.19 | 2990.93 | 10526.54 | 9747.00
765 | 0.11 | 9534.05 | 17413.19 | 7618.60 | 552.96 | 2764.81 | 10322.58 | 9678.66
746 | 0.06 | 9094.27 | 18031.70 | 8012.37 | 316.20 | 1581.01 | 9574.41 | 9246.08
755 | 0.14 | 9604.64 | 18445.06 | 7022.34 | 698.60 | 3492.99 | 10417.52 | 9762.83
752 | 0.15 | 9258.43 | 19203.49 | 6377.90 | 776.49 | 3882.44 | 10143.87 | 9567.87
759 | 0.10 | 9534.29 | 20002.85 | 7534.00 | 502.68 | 2513.40 | 9997.14 | 9665.69
747 | 0.08 | 9357.58 | 20549.71 | 7713.60 | 409.74 | 2048.69 | 9729.52 | 9500.67
754 | 0.13 | 9599.27 | 20995.46 | 6869.86 | 649.06 | 3245.31 | 10030.79 | 9747.98
Network survivability: 100.0%
networkSurvivabilityOverThousand: 76.6%
Average dead duration: 115056.18284515619
Traveling energy: 44611.981814822226
total calculate time: 49.98709058761597
