total sensor 766
condition 16.78648809876994
gen: 1
2000
gen: 2
2000
gen: 3
2000
gen: 4
2000
gen: 5
2000
gen: 6
2000
gen: 7
2000
gen: 8
2000
gen: 9
2000
gen: 10
2000
gen: 11
2000
gen: 12
2000
gen: 13
2000
gen: 14
2000
gen: 15
2000
gen: 16
2000
gen: 17
2000
gen: 18
2000
gen: 19
2000
gen: 20
2000
gen: 21
2000
gen: 22
2000
gen: 23
2000
gen: 24
2000
gen: 25
2000
gen: 26
2000
gen: 27
2000
gen: 28
2000
gen: 29
2000
gen: 30
2000
gen: 31
2000
gen: 32
2000
gen: 33
2000
gen: 34
2000
gen: 35
2000
gen: 36
2000
gen: 37
2000
gen: 38
2000
gen: 39
2000
gen: 40
2000
gen: 41
2000
gen: 42
2000
gen: 43
2000
gen: 44
2000
gen: 45
2000
gen: 46
2000
gen: 47
2000
gen: 48
2000
gen: 49
2000
gen: 50
2000
Number of charging vehicles: 20
Survey time: 23820.006762148878
Network clustering infor: 
Cluster 0:
[1, 2, 3, 4, 5, 6, 7, 8, 9, 10, 11, 12, 13, 14, 15, 16, 17, 18, 19, 20, 21, 22, 23, 24, 25, 26, 27, 28, 29, 30, 31, 32, 33, 34, 35, 36, 37, 38, 39, 40, 41, 42]
Cluster 1:
[43, 44, 45, 46, 47, 48, 49, 50, 51, 52, 53, 54, 55, 56, 57, 58, 59, 60, 61, 62, 63, 64, 65, 66, 67, 68, 69, 70, 71, 72, 73, 74, 75, 76, 77, 78, 79, 80, 81, 82, 83]
Cluster 2:
[84, 85, 86, 87, 88, 89, 90, 91, 92, 93, 94, 95, 96, 97, 98, 99, 100, 101, 102, 103, 104, 105, 106, 107, 108, 109, 110, 111, 112, 113, 114, 115, 116, 117, 118, 119, 120, 121]
Cluster 3:
[122, 123, 124, 125, 126, 127, 128, 129, 130, 131, 132, 133, 134, 135, 136, 137, 138, 139, 140, 141, 142, 143, 144, 145, 146, 147, 148, 149, 150, 151, 152, 153, 154, 155, 156, 157]
Cluster 4:
[158, 159, 160, 161, 162, 163, 164, 165, 166, 167, 168, 169, 170, 171, 172, 173, 174, 175, 176, 177, 178, 179, 180, 181, 182, 183, 184, 185, 186, 187, 188, 189]
Cluster 5:
[190, 191, 192, 193, 194, 195, 196, 197, 198, 199, 200, 201, 202, 203, 204, 205, 206, 207, 208, 209, 210, 211, 212, 213, 214, 215, 216, 217, 218, 219, 220, 221, 222, 223, 224, 225, 226, 227, 228, 229, 230, 231, 232]
Cluster 6:
[233, 234, 235, 236, 237, 238, 239, 240, 241, 242, 243, 244, 245, 246, 247, 248, 249, 250, 251, 252, 253, 254, 255, 256, 257, 258, 259, 260, 261, 262, 263, 264, 265, 266, 267, 268, 269, 270, 271, 272, 273]
Cluster 7:
[274, 275, 276, 277, 278, 279, 280, 281, 282, 283, 284, 285, 286, 287, 288, 289, 290, 291, 292, 293, 294, 295, 296, 297, 298, 299, 300, 301, 302, 303, 304, 305, 306, 307, 308, 309, 310, 311, 312, 313]
Cluster 8:
[314, 315, 316, 317, 318, 319, 320, 321, 322, 323, 324, 325, 326, 327, 328, 329, 330, 331, 332, 333, 334, 335, 336, 337, 338, 339, 340, 341, 342, 343, 344, 345, 346, 347, 348, 349, 350, 351, 352]
Cluster 9:
[353, 354, 355, 356, 357, 358, 359, 360, 361, 362, 363, 364, 365, 366, 367, 368, 369, 370, 371, 372, 373, 374, 375, 376, 377, 378, 379, 380, 381, 382, 383, 384, 385, 386, 387, 388, 389, 390, 391, 392, 393]
Cluster 10:
[394, 395, 396, 397, 398, 399, 400, 401, 402, 403, 404, 405, 406, 407, 408, 409, 410, 411, 412, 413, 414, 415, 416, 417, 418, 419, 420, 421, 422, 423, 424, 425, 426, 427, 428, 429, 430, 431, 432]
Cluster 11:
[433, 434, 435, 436, 437, 438, 439, 440, 441, 442, 443, 444, 445, 446, 447, 448, 449, 450, 451, 452, 453, 454, 455, 456, 457, 458, 459, 460, 461, 462, 463, 464, 465, 466, 467, 468, 469, 470]
Cluster 12:
[471, 472, 473, 474, 475, 476, 477, 478, 479, 480, 481, 482, 483, 484, 485, 486, 487, 488, 489, 490, 491, 492, 493, 494, 495, 496, 497, 498, 499, 500, 501, 502, 503, 504, 505, 506, 507, 508, 509]
Cluster 13:
[510, 511, 512, 513, 514, 515, 516, 517, 518, 519, 520, 521, 522, 523, 524, 525, 526, 527, 528, 529, 530, 531, 532, 533, 534, 535, 536, 537, 538, 539, 540, 541]
Cluster 14:
[542, 543, 544, 545, 546, 547, 548, 549, 550, 551, 552, 553, 554, 555, 556, 557, 558, 559, 560, 561, 562, 563, 564, 565, 566, 567, 568, 569, 570, 571, 572, 573, 574, 575, 576, 577, 578, 579, 580, 581]
Cluster 15:
[582, 583, 584, 585, 586, 587, 588, 589, 590, 591, 592, 593, 594, 595, 596, 597, 598, 599, 600, 601, 602, 603, 604, 605, 606, 607, 608, 609, 610, 611, 612, 613, 614, 615, 616, 617, 618, 619, 620]
Cluster 16:
[621, 622, 623, 624, 625, 626, 627, 628, 629, 630, 631, 632, 633, 634, 635, 636, 637, 638, 639, 640, 641, 642, 643, 644, 645, 646, 647]
Cluster 17:
[648, 649, 650, 651, 652, 653, 654, 655, 656, 657, 658, 659, 660, 661, 662, 663, 664, 665, 666, 667, 668, 669, 670, 671, 672, 673, 674, 675, 676, 677, 678, 679, 680, 681, 682, 683, 684, 685]
Cluster 18:
[686, 687, 688, 689, 690, 691, 692, 693, 694, 695, 696, 697, 698, 699, 700, 701, 702, 703, 704, 705, 706, 707, 708, 709, 710, 711, 712, 713, 714, 715, 716, 717, 718, 719, 720, 721, 722, 723, 724, 725, 726, 727]
Cluster 19:
[728, 729, 730, 731, 732, 733, 734, 735, 736, 737, 738, 739, 740, 741, 742, 743, 744, 745, 746, 747, 748, 749, 750, 751, 752, 753, 754, 755, 756, 757, 758, 759, 760, 761, 762, 763, 764, 765, 766]
Vehicle 0
Charging tour: 
36  -> 3  -> 31  -> 41  -> 26  -> 33  -> 4  -> 25  -> 38  -> 9  -> 1  -> 37  -> 35  -> 6  -> 5  -> 19  -> 34  -> 18  -> 39  -> 2  -> 24  -> 16  -> 8  -> 10  -> 20  -> 23  -> 15  -> 29  -> 27  -> 22  -> 12  -> 13  -> 21  -> 7  -> 11  -> 40  -> 17  -> 28  -> 42  -> 14  -> 32  -> 30  -> 
Charging time: 
630.7641610872398  + 343.98448707010925  + 583.0309403688923  + 535.2749888615008  + 391.909308538699  + 678.4692711066521  + 344.1290614471723  + 677.6484475570187  + 678.4692683002114  + 535.2811567835065  + 630.7641361074801  + 664.5336625887109  + 678.4677442198744  + 391.91284074453  + 487.4961786781473  + 296.3025139150002  + 295.95446772828865  + 583.0309156509408  + 583.0279223951624  + 630.3730208372698  + 391.92901664050106  + 296.2767197723262  + 343.7904619745246  + 391.9052255080216  + 678.4689508750711  + 487.4985010712814  + 391.9073511794058  + 487.50277616144484  + 487.50312285177705  + 487.502608733053  + 704.1543793190353  + 535.2738316211381  + 344.017585482835  + 678.4536683866153  + 583.0308530159259  + 295.3221400724219  + 487.4974969699479  + 678.3697626568589  + 439.6948493210313  + 535.2741191881933  + 487.499783435952  + 246.5463454577553  + 
total node:42/42
-------------------
Traveling energy: 2498.779781592366
Charging energy: 105501.2202184076
Total energy used: 107999.99999999997
-------------------
Total time for travel: 2498.779781592366
Total time for charging: 21100.24404368152
Charging round duration: 23599.023825273885
-------------------
ID | p | E0 | time_arrive | E_remain | time_charge | energy_charge| E_after_charge | E_after_cycle
36 | 0.13 | 6225.32 | 66.03 | 6216.74 | 630.76 | 3153.82 | 9288.56 | 6282.54
3 | 0.07 | 6146.74 | 712.44 | 6096.87 | 343.98 | 1719.92 | 7792.71 | 6199.26
31 | 0.12 | 6216.92 | 1090.82 | 6086.02 | 583.03 | 2915.15 | 8931.21 | 6273.67
41 | 0.11 | 6207.28 | 1703.66 | 6019.88 | 535.27 | 2676.37 | 8637.37 | 6263.46
26 | 0.08 | 6165.81 | 2329.95 | 5979.41 | 391.91 | 1959.55 | 7907.61 | 6219.76
33 | 0.14 | 6232.80 | 2776.88 | 5844.04 | 678.47 | 3392.35 | 9141.40 | 6290.35
4 | 0.07 | 6144.16 | 3502.73 | 5898.97 | 344.13 | 1720.65 | 7595.52 | 6197.40
25 | 0.14 | 6240.35 | 3880.43 | 5697.09 | 677.65 | 3388.24 | 8990.47 | 6293.80
38 | 0.14 | 6232.80 | 4608.02 | 5587.68 | 678.47 | 3392.35 | 8885.04 | 6290.35
9 | 0.11 | 6207.21 | 5331.33 | 5620.76 | 535.28 | 2676.41 | 8238.29 | 6263.41
1 | 0.13 | 6225.32 | 5961.83 | 5450.29 | 630.76 | 3153.82 | 8522.11 | 6282.54
37 | 0.14 | 6363.51 | 6719.82 | 5422.73 | 664.53 | 3322.67 | 8652.37 | 6351.38
35 | 0.14 | 6232.82 | 7424.43 | 5193.40 | 678.47 | 3392.34 | 8490.75 | 6290.36
6 | 0.08 | 6165.75 | 8161.15 | 5512.86 | 391.91 | 1959.56 | 7441.07 | 6219.72
5 | 0.10 | 6196.04 | 8567.26 | 5339.32 | 487.50 | 2437.48 | 7728.05 | 6251.52
19 | 0.06 | 6116.48 | 9088.85 | 5571.15 | 296.30 | 1481.51 | 7034.88 | 6168.79
34 | 0.06 | 6123.67 | 9459.86 | 5556.08 | 295.95 | 1479.77 | 7018.10 | 6174.25
18 | 0.12 | 6216.92 | 9828.70 | 5037.48 | 583.03 | 2915.15 | 7882.67 | 6273.67
39 | 0.12 | 6216.95 | 10465.37 | 4961.11 | 583.03 | 2915.14 | 7806.28 | 6273.69
2 | 0.13 | 6229.19 | 11211.99 | 4771.63 | 630.37 | 3151.87 | 7841.55 | 6284.45
24 | 0.08 | 6165.50 | 11945.49 | 5209.86 | 391.93 | 1959.65 | 7138.15 | 6219.54
16 | 0.06 | 6117.01 | 12389.06 | 5373.67 | 296.28 | 1481.38 | 6837.28 | 6169.20
8 | 0.07 | 6150.21 | 12724.63 | 5259.49 | 343.79 | 1718.95 | 6954.37 | 6201.76
10 | 0.08 | 6165.87 | 13105.86 | 5117.40 | 391.91 | 1959.53 | 7045.58 | 6219.80
20 | 0.14 | 6232.81 | 13564.46 | 4333.78 | 678.47 | 3392.34 | 7631.14 | 6290.35
23 | 0.10 | 6196.01 | 14313.47 | 4764.67 | 487.50 | 2437.49 | 7153.41 | 6251.51
15 | 0.08 | 6165.84 | 14863.05 | 4976.80 | 391.91 | 1959.54 | 6904.98 | 6219.78
29 | 0.10 | 6195.96 | 15285.70 | 4667.39 | 487.50 | 2437.51 | 7056.15 | 6251.47
27 | 0.10 | 6195.96 | 15834.82 | 4612.47 | 487.50 | 2437.52 | 7001.24 | 6251.47
22 | 0.10 | 6195.96 | 16350.38 | 4560.92 | 487.50 | 2437.51 | 6949.69 | 6251.47
12 | 0.15 | 6434.41 | 16886.05 | 3901.51 | 704.15 | 3520.77 | 7316.66 | 6382.19
13 | 0.11 | 6207.29 | 17632.52 | 4267.72 | 535.27 | 2676.37 | 6885.21 | 6263.46
21 | 0.07 | 6146.15 | 18305.39 | 4864.77 | 344.02 | 1720.09 | 6560.78 | 6198.84
7 | 0.14 | 6232.95 | 18692.50 | 3616.00 | 678.45 | 3392.27 | 6913.28 | 6290.42
11 | 0.12 | 6216.92 | 19388.81 | 3890.26 | 583.03 | 2915.15 | 6735.46 | 6273.67
40 | 0.06 | 6136.78 | 19997.82 | 4936.92 | 295.32 | 1476.61 | 6395.81 | 6184.20
17 | 0.10 | 6196.03 | 20312.33 | 4164.79 | 487.50 | 2437.49 | 6553.53 | 6251.51
28 | 0.14 | 6233.72 | 20897.38 | 3308.09 | 678.37 | 3391.85 | 6604.96 | 6290.77
42 | 0.09 | 6182.68 | 21714.79 | 4228.35 | 439.69 | 2198.47 | 6387.25 | 6237.35
14 | 0.11 | 6207.29 | 22199.42 | 3765.35 | 535.27 | 2676.37 | 6382.84 | 6263.46
32 | 0.10 | 6196.00 | 22795.73 | 3916.42 | 487.50 | 2437.50 | 6305.17 | 6251.50
30 | 0.05 | 6125.72 | 23286.44 | 4961.40 | 246.55 | 1232.73 | 6181.80 | 6167.45
Vehicle 1
Charging tour: 
80  -> 43  -> 46  -> 55  -> 71  -> 72  -> 73  -> 57  -> 56  -> 59  -> 51  -> 63  -> 69  -> 54  -> 49  -> 50  -> 64  -> 61  -> 45  -> 67  -> 48  -> 82  -> 81  -> 58  -> 78  -> 79  -> 76  -> 74  -> 52  -> 68  -> 44  -> 53  -> 77  -> 60  -> 75  -> 66  -> 47  -> 62  -> 70  -> 65  -> 83  -> 
Charging time: 
501.29218225939337  + 358.3877316423054  + 643.7430589184115  + 406.04763954699513  + 643.7997750751417  + 643.8004151344328  + 358.2297728939336  + 501.29119401969854  + 548.8320749409768  + 406.05334172080785  + 262.4697021683342  + 548.8295307218393  + 643.7797867192913  + 405.98808217439705  + 262.4120120744903  + 548.8336351929104  + 548.8311627377294  + 309.4943520626028  + 358.3974908475944  + 358.32335507989103  + 501.2982316008521  + 691.0331206562048  + 785.5248196350208  + 596.3104865737058  + 643.8003544816822  + 358.3741960941139  + 548.8329308134524  + 548.8336226310165  + 548.8321123956339  + 501.29519518817904  + 453.72628061030076  + 405.96283081408683  + 691.2158158923971  + 596.3323164647499  + 310.460566907398  + 643.8003209899146  + 691.2411762033734  + 358.0873988899511  + 691.2266936584141  + 643.7784474612661  + 596.3150712514715  + 
total node:41/41
-------------------
Traveling energy: 2674.4085742781567
Charging energy: 105325.59142572178
Total energy used: 107999.99999999994
-------------------
Total time for travel: 2674.4085742781567
Total time for charging: 21065.118285144355
Charging round duration: 23739.526859422513
-------------------
ID | p | E0 | time_arrive | E_remain | time_charge | energy_charge| E_after_charge | E_after_cycle
80 | 0.10 | 7364.33 | 106.13 | 7353.71 | 501.29 | 2506.46 | 9810.04 | 7488.79
43 | 0.07 | 7210.56 | 643.16 | 7165.54 | 358.39 | 1791.94 | 8932.39 | 7335.10
46 | 0.13 | 7455.12 | 1030.04 | 7321.22 | 643.74 | 3218.72 | 10456.25 | 7577.24
55 | 0.08 | 7273.39 | 1707.07 | 7136.83 | 406.05 | 2030.24 | 9134.58 | 7398.03
71 | 0.13 | 7454.46 | 2216.02 | 7166.38 | 643.80 | 3219.00 | 10301.69 | 7576.86
72 | 0.13 | 7454.46 | 2874.67 | 7080.75 | 643.80 | 3219.00 | 10216.06 | 7576.86
73 | 0.07 | 7213.74 | 3548.94 | 6965.31 | 358.23 | 1791.15 | 8731.38 | 7337.49
57 | 0.10 | 7364.34 | 3958.95 | 6968.45 | 501.29 | 2506.46 | 9424.77 | 7488.80
56 | 0.11 | 7399.07 | 4510.52 | 6902.91 | 548.83 | 2744.16 | 9586.70 | 7523.03
59 | 0.08 | 7273.29 | 5095.35 | 6865.66 | 406.05 | 2030.27 | 8863.44 | 7397.95
51 | 0.05 | 7032.58 | 5654.37 | 6749.86 | 262.47 | 1312.35 | 8049.09 | 7153.93
63 | 0.11 | 7399.10 | 6071.29 | 6731.26 | 548.83 | 2744.15 | 9415.04 | 7523.05
69 | 0.13 | 7454.70 | 6632.15 | 6592.52 | 643.78 | 3218.90 | 9727.72 | 7576.99
54 | 0.08 | 7274.46 | 7416.99 | 6681.10 | 405.99 | 2029.94 | 8678.56 | 7398.80
49 | 0.05 | 7034.13 | 7964.52 | 6635.90 | 262.41 | 1312.06 | 7934.84 | 7155.19
50 | 0.11 | 7399.05 | 8316.09 | 6484.28 | 548.83 | 2744.17 | 9168.08 | 7523.02
64 | 0.11 | 7399.08 | 8957.68 | 6413.74 | 548.83 | 2744.16 | 9097.52 | 7523.04
61 | 0.06 | 7156.86 | 9517.57 | 6585.80 | 309.49 | 1547.47 | 8114.71 | 7275.13
45 | 0.07 | 7210.36 | 9915.93 | 6516.25 | 358.40 | 1791.99 | 8283.15 | 7334.95
67 | 0.07 | 7211.85 | 10292.63 | 6491.37 | 358.32 | 1791.62 | 8257.90 | 7336.07
48 | 0.10 | 7364.24 | 10709.58 | 6293.28 | 501.30 | 2506.49 | 8749.64 | 7488.73
82 | 0.14 | 7479.16 | 11218.52 | 5908.57 | 691.03 | 3455.17 | 9266.99 | 7599.53
81 | 0.16 | 7519.41 | 11976.53 | 5603.17 | 785.52 | 3927.62 | 9405.11 | 7635.84
58 | 0.12 | 7429.04 | 12859.51 | 5885.90 | 596.31 | 2981.55 | 8795.89 | 7552.19
78 | 0.13 | 7454.46 | 13505.95 | 5698.68 | 643.80 | 3219.00 | 8833.99 | 7576.86
79 | 0.07 | 7210.83 | 14204.90 | 6216.49 | 358.37 | 1791.87 | 7983.27 | 7335.30
76 | 0.11 | 7399.06 | 14666.68 | 5785.72 | 548.83 | 2744.16 | 8469.52 | 7523.02
74 | 0.11 | 7399.05 | 15238.57 | 5722.81 | 548.83 | 2744.17 | 8406.60 | 7523.02
52 | 0.11 | 7399.07 | 15882.39 | 5652.01 | 548.83 | 2744.16 | 8335.80 | 7523.03
68 | 0.10 | 7364.28 | 16463.94 | 5717.89 | 501.30 | 2506.48 | 8174.23 | 7488.76
44 | 0.09 | 7322.72 | 16985.86 | 5793.99 | 453.73 | 2268.63 | 8021.79 | 7447.55
53 | 0.08 | 7274.91 | 17450.75 | 5878.85 | 405.96 | 2029.81 | 7876.19 | 7399.12
77 | 0.14 | 7477.19 | 17919.87 | 4968.41 | 691.22 | 3456.08 | 8327.72 | 7598.47
60 | 0.12 | 7428.77 | 18638.62 | 5192.13 | 596.33 | 2981.66 | 8102.24 | 7552.03
75 | 0.06 | 7134.59 | 19277.90 | 5977.91 | 310.46 | 1552.30 | 7511.59 | 7257.69
66 | 0.13 | 7454.46 | 19646.27 | 4900.44 | 643.80 | 3219.00 | 8035.75 | 7576.86
47 | 0.14 | 7476.91 | 20372.55 | 4624.76 | 691.24 | 3456.21 | 7984.19 | 7598.32
62 | 0.07 | 7216.60 | 21197.40 | 5732.79 | 358.09 | 1790.44 | 7498.16 | 7339.64
70 | 0.14 | 7477.07 | 21588.98 | 4454.61 | 691.23 | 3456.13 | 7813.97 | 7598.40
65 | 0.13 | 7454.71 | 22309.88 | 4554.43 | 643.78 | 3218.89 | 7689.63 | 7577.00
83 | 0.12 | 7428.98 | 23131.28 | 4653.23 | 596.32 | 2981.58 | 7563.25 | 7552.16
Vehicle 2
Charging tour: 
86  -> 88  -> 93  -> 90  -> 96  -> 108  -> 94  -> 107  -> 84  -> 85  -> 97  -> 98  -> 105  -> 91  -> 117  -> 87  -> 120  -> 100  -> 102  -> 111  -> 113  -> 103  -> 106  -> 92  -> 112  -> 99  -> 121  -> 118  -> 109  -> 101  -> 115  -> 104  -> 116  -> 110  -> 114  -> 89  -> 119  -> 95  -> 
Charging time: 
271.6360481670942  + 531.8316140142039  + 481.73952316130874  + 351.0828043751437  + 421.70450113165697  + 336.8751858475941  + 599.4678255466191  + 468.77947484639645  + 555.110400758805  + 727.2571865568149  + 313.25461015484143  + 273.691289060833  + 469.73943225711133  + 376.1305090948984  + 408.6781041896842  + 724.5494120051069  + 251.62924652970713  + 292.6777667793578  + 386.39648633650876  + 419.872935643436  + 563.4347579186519  + 405.04161056910857  + 433.6682026907355  + 333.8799152205369  + 255.9176304200794  + 326.3723066092157  + 487.3391969320258  + 429.2561603765257  + 346.0429257364326  + 510.31916157157457  + 359.80997043719407  + 827.5437951728834  + 399.35930429809287  + 540.1137017623523  + 513.0673210496503  + 772.8750002272121  + 363.8019745177497  + 592.8749698039884  + 
total node:38/38
-------------------
Traveling energy: 2664.5764084955763
Charging energy: 85614.11130885566
Total energy used: 88278.68771735123
-------------------
Total time for travel: 2664.5764084955763
Total time for charging: 17122.822261771133
Charging round duration: 19787.39867026671
-------------------
ID | p | E0 | time_arrive | E_remain | time_charge | energy_charge| E_after_charge | E_after_cycle
86 | 0.06 | 9461.92 | 63.34 | 9458.12 | 271.64 | 1358.18 | 10800.00 | 9390.90
88 | 0.12 | 8255.31 | 422.08 | 8204.66 | 531.83 | 2659.16 | 10800.00 | 8056.07
93 | 0.12 | 8568.34 | 993.55 | 8449.11 | 481.74 | 2408.70 | 10800.00 | 8118.63
90 | 0.08 | 9193.25 | 1507.22 | 9072.67 | 351.08 | 1755.41 | 10800.00 | 9043.06
96 | 0.11 | 8945.03 | 1883.36 | 8737.86 | 421.70 | 2108.52 | 10800.00 | 8433.36
108 | 0.11 | 9423.84 | 2465.13 | 9152.68 | 336.88 | 1684.38 | 10800.00 | 8488.02
94 | 0.14 | 8289.09 | 2875.04 | 7886.59 | 599.47 | 2997.34 | 10800.00 | 7951.63
107 | 0.15 | 9050.47 | 3493.70 | 8526.42 | 468.78 | 2343.90 | 10800.00 | 7821.37
84 | 0.10 | 8481.02 | 4010.63 | 8079.96 | 555.11 | 2775.55 | 10800.00 | 8874.57
85 | 0.13 | 7859.03 | 4621.30 | 7258.26 | 727.26 | 3636.29 | 10800.00 | 8398.71
97 | 0.07 | 9635.95 | 5432.74 | 9255.65 | 313.25 | 1566.27 | 10800.00 | 9534.82
98 | 0.06 | 9799.69 | 5862.12 | 9447.97 | 273.69 | 1368.46 | 10800.00 | 9738.95
105 | 0.12 | 9255.77 | 6234.19 | 8507.67 | 469.74 | 2348.70 | 10800.00 | 8746.07
91 | 0.07 | 9416.62 | 6727.82 | 8945.68 | 376.13 | 1880.65 | 10800.00 | 9629.88
117 | 0.10 | 9513.83 | 7163.56 | 8797.48 | 408.68 | 2043.39 | 10800.00 | 9175.22
87 | 0.12 | 8180.62 | 7636.84 | 7264.20 | 724.55 | 3622.75 | 10800.00 | 8944.97
120 | 0.09 | 10325.90 | 8459.99 | 9564.50 | 251.63 | 1258.15 | 10800.00 | 9440.25
100 | 0.06 | 9879.62 | 8757.43 | 9354.17 | 292.68 | 1463.39 | 10800.00 | 9913.81
102 | 0.08 | 9631.41 | 9156.00 | 8898.93 | 386.40 | 1931.98 | 10800.00 | 9657.79
111 | 0.10 | 9706.14 | 9635.15 | 8742.62 | 419.87 | 2099.36 | 10800.00 | 9423.50
113 | 0.15 | 9586.52 | 10127.85 | 8067.34 | 563.43 | 2817.17 | 10800.00 | 8830.69
103 | 0.08 | 9665.94 | 10734.31 | 8807.20 | 405.04 | 2025.21 | 10800.00 | 9785.55
106 | 0.09 | 9678.01 | 11192.51 | 8670.69 | 433.67 | 2168.34 | 10800.00 | 9702.56
92 | 0.06 | 9637.27 | 11677.36 | 8936.63 | 333.88 | 1669.40 | 10586.00 | 9877.47
112 | 0.06 | 10263.83 | 12134.35 | 9535.77 | 255.92 | 1279.59 | 10800.00 | 10114.22
99 | 0.06 | 9858.96 | 12439.46 | 9112.59 | 326.37 | 1631.86 | 10724.87 | 10061.62
121 | 0.12 | 9959.58 | 12814.92 | 8421.78 | 487.34 | 2436.70 | 10800.00 | 9537.87
118 | 0.08 | 9759.33 | 13390.87 | 8688.06 | 429.26 | 2146.28 | 10800.00 | 10000.01
109 | 0.07 | 10067.87 | 13912.29 | 9094.01 | 346.04 | 1730.21 | 10800.00 | 10130.68
101 | 0.09 | 9457.88 | 14268.13 | 8173.75 | 510.32 | 2551.60 | 10679.41 | 9865.67
115 | 0.07 | 10061.50 | 14790.95 | 9026.14 | 359.81 | 1799.05 | 10800.00 | 10193.15
104 | 0.14 | 8908.78 | 15218.86 | 6778.14 | 827.54 | 4137.72 | 10800.00 | 9711.70
116 | 0.08 | 10123.88 | 16109.15 | 8835.15 | 399.36 | 1996.80 | 10800.00 | 10215.08
110 | 0.10 | 9810.21 | 16567.70 | 8153.44 | 540.11 | 2700.57 | 10800.00 | 10128.78
114 | 0.10 | 9997.21 | 17112.41 | 8285.97 | 513.07 | 2565.34 | 10800.00 | 10180.55
89 | 0.12 | 8326.55 | 17732.40 | 6198.66 | 772.88 | 3864.38 | 9970.29 | 9332.52
119 | 0.07 | 10309.15 | 18609.86 | 9006.46 | 363.80 | 1819.01 | 10800.00 | 10460.76
95 | 0.10 | 9045.44 | 19001.02 | 7145.34 | 592.87 | 2964.37 | 10050.43 | 9627.82
Vehicle 3
Charging tour: 
147  -> 128  -> 125  -> 143  -> 133  -> 137  -> 130  -> 156  -> 149  -> 134  -> 138  -> 153  -> 132  -> 151  -> 144  -> 127  -> 131  -> 142  -> 140  -> 136  -> 141  -> 157  -> 124  -> 145  -> 146  -> 150  -> 148  -> 126  -> 135  -> 155  -> 152  -> 122  -> 123  -> 129  -> 154  -> 139  -> 
Charging time: 
335.820448668161  + 520.2075863334533  + 251.6790859324564  + 508.10547251515754  + 353.0871015226502  + 297.2354268651772  + 371.42061855163894  + 465.7589216911802  + 534.0982044519934  + 673.8728157574153  + 716.7588092513519  + 467.13258582598604  + 501.20324954757194  + 438.4682029048258  + 489.95319460558574  + 1210.244987624949  + 504.12554954117695  + 485.13115502783285  + 448.04364022431116  + 435.3137938279452  + 702.7316918131364  + 486.792681749767  + 909.0715055225512  + 539.5820955609015  + 668.1166877892879  + 538.8940696881664  + 664.9334641121479  + 251.26639225898222  + 677.4163723663019  + 616.9977164502884  + 872.1724668539025  + 343.5066585215374  + 297.235368669924  + 785.05215653789  + 852.1659532203283  + 594.3560605343561  + 
total node:36/36
-------------------
Traveling energy: 2221.6173974738285
Charging energy: 99039.76096160145
Total energy used: 101261.37835907529
-------------------
Total time for travel: 2221.6173974738285
Total time for charging: 19807.952192320292
Charging round duration: 22029.56958979412
-------------------
ID | p | E0 | time_arrive | E_remain | time_charge | energy_charge| E_after_charge | E_after_cycle
147 | 0.07 | 9155.20 | 154.17 | 9144.41 | 335.82 | 1679.10 | 10800.00 | 9166.90
128 | 0.12 | 8323.03 | 513.72 | 8261.39 | 520.21 | 2601.04 | 10800.00 | 8065.67
125 | 0.05 | 8910.68 | 1082.65 | 8856.55 | 251.68 | 1258.40 | 10102.36 | 8978.07
143 | 0.13 | 8500.30 | 1344.38 | 8325.53 | 508.11 | 2540.53 | 10800.00 | 7944.22
133 | 0.08 | 9212.08 | 1865.88 | 9062.81 | 353.09 | 1765.44 | 10800.00 | 9071.92
137 | 0.06 | 9053.96 | 2301.36 | 8915.88 | 297.24 | 1486.18 | 10384.22 | 9110.94
130 | 0.08 | 9186.36 | 2671.84 | 8972.61 | 371.42 | 1857.10 | 10800.00 | 9137.86
156 | 0.10 | 8835.94 | 3181.57 | 8517.78 | 465.76 | 2328.79 | 10800.00 | 8782.73
149 | 0.13 | 8689.96 | 3777.05 | 8198.94 | 534.10 | 2670.49 | 10800.00 | 8263.85
134 | 0.15 | 8195.19 | 4423.18 | 7531.72 | 673.87 | 3369.36 | 10800.00 | 7991.56
138 | 0.17 | 8206.76 | 5110.04 | 7338.05 | 716.76 | 3583.79 | 10800.00 | 7741.15
153 | 0.14 | 9355.67 | 5899.52 | 8529.74 | 467.13 | 2335.66 | 10800.00 | 8356.53
132 | 0.10 | 8948.99 | 6394.12 | 8309.58 | 501.20 | 2506.02 | 10765.47 | 9073.01
151 | 0.10 | 9346.91 | 6954.04 | 8651.51 | 438.47 | 2192.34 | 10800.00 | 9157.25
144 | 0.11 | 9222.05 | 7435.62 | 8404.13 | 489.95 | 2449.77 | 10800.00 | 9051.61
127 | 0.20 | 6585.07 | 7971.21 | 4990.82 | 1210.24 | 6051.22 | 10800.00 | 7872.29
131 | 0.10 | 8897.12 | 9211.92 | 7975.92 | 504.13 | 2520.63 | 10446.14 | 9035.74
142 | 0.10 | 9245.46 | 9756.80 | 8269.79 | 485.13 | 2425.66 | 10646.93 | 9289.12
140 | 0.09 | 9009.70 | 10339.35 | 8079.15 | 448.04 | 2240.22 | 10279.05 | 9106.11
136 | 0.09 | 9273.17 | 10791.39 | 8301.94 | 435.31 | 2176.57 | 10439.33 | 9305.93
141 | 0.14 | 8935.66 | 11244.35 | 7361.45 | 702.73 | 3513.66 | 10776.72 | 9114.51
157 | 0.10 | 9213.91 | 11962.42 | 8017.67 | 486.79 | 2433.96 | 10402.95 | 9265.87
124 | 0.15 | 7400.84 | 12513.04 | 5523.89 | 909.07 | 4545.36 | 9932.88 | 8373.20
145 | 0.11 | 9143.72 | 13492.61 | 7659.54 | 539.58 | 2697.91 | 10298.09 | 9221.43
146 | 0.14 | 9398.61 | 14090.87 | 7425.89 | 668.12 | 3340.58 | 10672.94 | 9404.39
150 | 0.11 | 9155.40 | 14802.84 | 7527.08 | 538.89 | 2694.47 | 10162.28 | 9229.67
148 | 0.14 | 9443.60 | 15368.42 | 7292.02 | 664.93 | 3324.67 | 10523.60 | 9433.47
126 | 0.05 | 8925.31 | 16088.45 | 8120.89 | 251.27 | 1256.33 | 9364.66 | 8990.65
135 | 0.13 | 8607.47 | 16496.89 | 6462.88 | 677.42 | 3387.08 | 9761.89 | 8897.95
155 | 0.13 | 9450.35 | 17197.24 | 7214.71 | 617.00 | 3084.99 | 10219.48 | 9438.73
152 | 0.18 | 9256.74 | 17844.48 | 6044.73 | 872.17 | 4360.86 | 10248.60 | 9330.00
122 | 0.07 | 9140.10 | 18768.46 | 7826.30 | 343.51 | 1717.53 | 9519.79 | 9190.23
123 | 0.06 | 9053.96 | 19143.66 | 7905.34 | 297.24 | 1486.18 | 9373.69 | 9110.94
129 | 0.14 | 7998.66 | 19538.75 | 5263.24 | 785.05 | 3925.26 | 9078.59 | 8589.12
154 | 0.18 | 9474.06 | 20357.24 | 5809.76 | 852.17 | 4260.83 | 9917.20 | 9447.29
139 | 0.12 | 9055.71 | 21258.63 | 6504.67 | 594.36 | 2971.78 | 9405.13 | 9169.09
Vehicle 4
Charging tour: 
160  -> 166  -> 168  -> 161  -> 178  -> 169  -> 170  -> 164  -> 185  -> 158  -> 167  -> 171  -> 181  -> 159  -> 184  -> 174  -> 162  -> 186  -> 176  -> 172  -> 182  -> 173  -> 163  -> 189  -> 179  -> 165  -> 187  -> 183  -> 180  -> 177  -> 175  -> 188  -> 
Charging time: 
675.8480663958421  + 903.4037038626494  + 384.858626503619  + 530.2110106085478  + 313.18273463428727  + 274.2761307753599  + 688.8534302000957  + 1150.231320048786  + 294.4307696890595  + 260.31634801113506  + 289.76071680733736  + 581.1798940060235  + 309.38137462598075  + 1450.5878177308564  + 558.519189405827  + 383.60014970336545  + 375.84701172642104  + 303.03420094895324  + 865.0843351191337  + 416.2887245217723  + 506.08956552028775  + 302.3313809458754  + 314.37042936076034  + 276.32492169162174  + 548.2001344401767  + 706.0889917418438  + 472.83705053332335  + 518.93805248219  + 575.5047766032109  + 700.8563473597146  + 247.53253833115008  + 608.6415744906196  + 
total node:32/32
-------------------
Traveling energy: 1942.9452903211106
Charging energy: 83933.05659412914
Total energy used: 85876.00188445025
-------------------
Total time for travel: 1942.9452903211106
Total time for charging: 16786.611318825828
Charging round duration: 18729.556609146937
-------------------
ID | p | E0 | time_arrive | E_remain | time_charge | energy_charge| E_after_charge | E_after_cycle
160 | 0.15 | 7547.46 | 168.84 | 7522.14 | 675.85 | 3379.24 | 10800.00 | 7353.70
166 | 0.23 | 6694.04 | 883.80 | 6490.76 | 903.40 | 4517.02 | 10800.00 | 5732.46
168 | 0.10 | 9097.82 | 1836.28 | 8914.19 | 384.86 | 1924.29 | 10800.00 | 8640.11
161 | 0.11 | 8459.06 | 2289.03 | 8207.27 | 530.21 | 2651.06 | 10800.00 | 8489.92
178 | 0.11 | 9585.52 | 2881.65 | 9268.54 | 313.18 | 1565.91 | 10800.00 | 8531.23
169 | 0.06 | 9639.57 | 3241.56 | 9445.08 | 274.28 | 1371.38 | 10800.00 | 9581.75
170 | 0.17 | 8082.57 | 3586.66 | 7472.84 | 688.85 | 3444.27 | 10800.00 | 7477.44
164 | 0.23 | 6329.31 | 4417.00 | 5313.40 | 1150.23 | 5751.16 | 10800.00 | 6601.86
185 | 0.10 | 9922.30 | 5650.12 | 9357.29 | 294.43 | 1472.15 | 10800.00 | 9012.45
158 | 0.05 | 9626.23 | 5992.42 | 9326.61 | 260.32 | 1301.58 | 10615.17 | 9736.81
167 | 0.06 | 9747.50 | 6315.36 | 9368.58 | 289.76 | 1448.80 | 10800.00 | 9767.11
171 | 0.13 | 8831.52 | 6629.76 | 7969.65 | 581.18 | 2905.90 | 10800.00 | 8640.82
181 | 0.09 | 9937.38 | 7293.79 | 9280.94 | 309.38 | 1546.91 | 10800.00 | 9340.48
159 | 0.23 | 5636.97 | 7635.99 | 3880.70 | 1450.59 | 7252.94 | 10800.00 | 7411.31
184 | 0.14 | 9362.96 | 9123.99 | 8085.60 | 558.52 | 2792.60 | 10800.00 | 8820.75
174 | 0.08 | 9693.24 | 9756.87 | 8912.69 | 383.60 | 1918.00 | 10800.00 | 9705.64
162 | 0.07 | 9334.14 | 10151.13 | 8623.57 | 375.85 | 1879.24 | 10476.49 | 9545.98
186 | 0.06 | 9923.10 | 10534.54 | 9291.02 | 303.03 | 1515.17 | 10788.01 | 10009.07
176 | 0.18 | 8587.54 | 10873.59 | 6630.29 | 865.08 | 4325.42 | 10800.00 | 8625.36
172 | 0.08 | 9631.26 | 11759.77 | 8690.47 | 416.29 | 2081.44 | 10738.62 | 9807.10
182 | 0.11 | 9677.22 | 12290.92 | 8325.22 | 506.09 | 2530.45 | 10800.00 | 9587.47
173 | 0.06 | 9946.16 | 12834.69 | 9176.08 | 302.33 | 1511.66 | 10669.60 | 10028.62
163 | 0.06 | 9565.27 | 13171.47 | 8774.98 | 314.37 | 1571.85 | 10327.97 | 9707.92
189 | 0.06 | 10248.68 | 13562.09 | 9434.95 | 276.32 | 1381.62 | 10800.00 | 10201.10
179 | 0.11 | 9648.48 | 13901.64 | 8119.30 | 548.20 | 2741.00 | 10800.00 | 9769.28
165 | 0.12 | 8517.45 | 14519.86 | 6775.06 | 706.09 | 3530.44 | 10220.78 | 9189.49
187 | 0.10 | 10011.45 | 15283.56 | 8483.10 | 472.84 | 2364.19 | 10800.00 | 9993.64
183 | 0.10 | 9657.66 | 15793.29 | 8078.33 | 518.94 | 2594.69 | 10621.13 | 9870.35
180 | 0.11 | 9579.25 | 16366.07 | 7778.98 | 575.50 | 2877.52 | 10593.20 | 9836.57
177 | 0.13 | 9296.12 | 16969.82 | 7090.05 | 700.86 | 3504.28 | 10503.22 | 9703.81
175 | 0.05 | 10123.37 | 17731.43 | 9236.80 | 247.53 | 1237.66 | 10462.09 | 10170.04
188 | 0.12 | 9881.14 | 18059.87 | 7713.96 | 608.64 | 3043.21 | 10684.13 | 10065.95
Vehicle 5
Charging tour: 
210  -> 229  -> 228  -> 205  -> 194  -> 232  -> 231  -> 221  -> 222  -> 191  -> 213  -> 212  -> 208  -> 211  -> 217  -> 220  -> 196  -> 226  -> 197  -> 223  -> 202  -> 201  -> 203  -> 216  -> 195  -> 206  -> 200  -> 219  -> 193  -> 209  -> 218  -> 207  -> 199  -> 190  -> 227  -> 225  -> 224  -> 204  -> 192  -> 230  -> 198  -> 215  -> 214  -> 
Charging time: 
405.3554072988593  + 681.779868113058  + 598.147884682245  + 405.3958277327474  + 307.9438288232923  + 308.38961455006535  + 549.2230991137554  + 357.35195883585493  + 453.3041542654179  + 405.39039697414296  + 308.451193154305  + 692.770644755457  + 780.7725436019997  + 308.8792737036413  + 356.8094130034313  + 597.1608399453596  + 550.0721099009932  + 405.2556803318153  + 453.3427949054757  + 644.9507075864026  + 501.3221025931  + 501.3120047569667  + 357.3296370192269  + 405.4017051507659  + 453.37089727120895  + 597.1004491052981  + 644.9508440033949  + 549.2252162721325  + 357.29241351739773  + 308.8329055203812  + 740.0164126646199  + 260.722913763315  + 260.85299545506484  + 257.5152974990886  + 356.8270839248303  + 745.4253337651053  + 453.3248863798309  + 740.387602771918  + 549.2221755338873  + 740.8990600974344  + 549.2235509592095  + 501.5812354504149  + 692.7449564202683  + 
total node:43/43
-------------------
Traveling energy: 2466.220126764524
Charging energy: 105478.14460586593
Total energy used: 107944.36473263046
-------------------
Total time for travel: 2466.220126764524
Total time for charging: 21095.628921173186
Charging round duration: 23561.84904793771
-------------------
ID | p | E0 | time_arrive | E_remain | time_charge | energy_charge| E_after_charge | E_after_cycle
210 | 0.08 | 7382.16 | 85.73 | 7375.30 | 405.36 | 2026.78 | 9369.65 | 7503.33
229 | 0.14 | 7557.57 | 507.30 | 7486.55 | 681.78 | 3408.90 | 10800.00 | 7631.67
228 | 0.12 | 7504.16 | 1198.08 | 7360.39 | 598.15 | 2990.74 | 10279.35 | 7636.49
205 | 0.08 | 7381.42 | 1858.50 | 7232.74 | 405.40 | 2026.98 | 9227.29 | 7502.80
194 | 0.06 | 7288.01 | 2366.42 | 7146.02 | 307.94 | 1539.72 | 8667.27 | 7398.53
232 | 0.06 | 7277.47 | 2705.72 | 7115.13 | 308.39 | 1541.95 | 8638.58 | 7390.22
231 | 0.11 | 7491.57 | 3061.48 | 7154.81 | 549.22 | 2746.12 | 9840.51 | 7617.49
221 | 0.07 | 7327.08 | 3639.19 | 7072.34 | 357.35 | 1786.76 | 8834.08 | 7446.44
222 | 0.09 | 7426.46 | 4028.48 | 7063.90 | 453.30 | 2266.52 | 9289.62 | 7549.18
191 | 0.08 | 7381.52 | 4534.79 | 7018.74 | 405.39 | 2026.95 | 9013.26 | 7502.87
213 | 0.06 | 7276.02 | 4987.80 | 6976.75 | 308.45 | 1542.26 | 8500.50 | 7389.08
212 | 0.14 | 7559.06 | 5324.44 | 6813.64 | 692.77 | 3463.85 | 10180.50 | 7688.11
208 | 0.16 | 7665.22 | 6049.39 | 6697.32 | 780.77 | 3903.86 | 10476.26 | 7757.88
211 | 0.06 | 7265.94 | 6855.03 | 6854.64 | 308.88 | 1544.40 | 8380.50 | 7381.13
217 | 0.07 | 7338.22 | 7204.35 | 6833.92 | 356.81 | 1784.05 | 8592.99 | 7454.87
220 | 0.12 | 7516.56 | 7696.58 | 6592.97 | 597.16 | 2985.80 | 9507.11 | 7643.96
196 | 0.11 | 7480.01 | 8376.58 | 6558.59 | 550.07 | 2750.36 | 9248.44 | 7610.17
226 | 0.08 | 7383.97 | 9001.18 | 6663.88 | 405.26 | 2026.28 | 8657.74 | 7504.65
197 | 0.09 | 7425.83 | 9491.74 | 6571.57 | 453.34 | 2266.71 | 8797.49 | 7548.74
223 | 0.13 | 7539.56 | 9976.85 | 6242.57 | 644.95 | 3224.75 | 9383.48 | 7667.71
202 | 0.10 | 7461.26 | 10634.99 | 6397.76 | 501.32 | 2506.61 | 8854.24 | 7585.87
201 | 0.10 | 7461.41 | 11218.39 | 6339.57 | 501.31 | 2506.56 | 8796.00 | 7585.97
203 | 0.07 | 7327.54 | 11836.33 | 6499.00 | 357.33 | 1786.65 | 8260.63 | 7446.79
216 | 0.08 | 7381.31 | 12277.24 | 6399.13 | 405.40 | 2027.01 | 8393.71 | 7502.72
195 | 0.09 | 7425.37 | 12748.72 | 6277.98 | 453.37 | 2266.85 | 8504.04 | 7548.42
206 | 0.12 | 7517.32 | 13224.04 | 5930.43 | 597.10 | 2985.50 | 8844.29 | 7644.42
200 | 0.13 | 7539.56 | 13891.68 | 5733.64 | 644.95 | 3224.75 | 8874.55 | 7667.71
219 | 0.11 | 7491.54 | 14552.51 | 5890.77 | 549.23 | 2746.13 | 8576.48 | 7617.47
193 | 0.07 | 7328.30 | 15187.11 | 6265.21 | 357.29 | 1786.46 | 8026.66 | 7447.36
209 | 0.06 | 7267.03 | 15598.47 | 6331.12 | 308.83 | 1544.16 | 7856.75 | 7381.99
218 | 0.15 | 7581.92 | 15940.77 | 5190.80 | 740.02 | 3700.08 | 8779.88 | 7709.00
207 | 0.05 | 7173.32 | 16740.81 | 6336.28 | 260.72 | 1303.61 | 7626.85 | 7285.93
199 | 0.05 | 7169.74 | 17088.84 | 6315.30 | 260.85 | 1304.26 | 7606.52 | 7283.00
190 | 0.05 | 7262.67 | 17412.84 | 6392.03 | 257.52 | 1287.58 | 7666.73 | 7359.24
227 | 0.07 | 7337.86 | 17703.50 | 6098.61 | 356.83 | 1784.14 | 7857.77 | 7454.59
225 | 0.15 | 7526.90 | 18105.65 | 4811.06 | 745.43 | 3727.13 | 8426.37 | 7681.03
224 | 0.09 | 7426.12 | 19000.03 | 5716.12 | 453.32 | 2266.62 | 7941.94 | 7548.95
204 | 0.15 | 7578.12 | 19474.49 | 4656.94 | 740.39 | 3701.94 | 8247.82 | 7707.05
192 | 0.11 | 7491.59 | 20284.76 | 5260.26 | 549.22 | 2746.11 | 7945.96 | 7617.50
230 | 0.15 | 7572.89 | 20896.16 | 4438.46 | 740.90 | 3704.50 | 8031.82 | 7704.38
198 | 0.11 | 7491.57 | 21703.43 | 5104.19 | 549.22 | 2746.12 | 7789.89 | 7617.48
215 | 0.10 | 7457.41 | 22275.88 | 5229.82 | 501.58 | 2507.91 | 7687.57 | 7583.31
214 | 0.14 | 7559.34 | 22809.26 | 4366.04 | 692.74 | 3463.72 | 7732.78 | 7688.26
Vehicle 6
Charging tour: 
262  -> 235  -> 236  -> 248  -> 237  -> 267  -> 247  -> 241  -> 261  -> 257  -> 240  -> 244  -> 258  -> 260  -> 234  -> 239  -> 269  -> 253  -> 250  -> 272  -> 252  -> 255  -> 249  -> 271  -> 238  -> 233  -> 263  -> 270  -> 259  -> 273  -> 264  -> 251  -> 243  -> 256  -> 268  -> 265  -> 242  -> 254  -> 246  -> 245  -> 266  -> 
Charging time: 
212.82094010755972  + 701.6462335745272  + 281.2680775415958  + 375.1084858729622  + 478.14170895913514  + 205.12905307894593  + 412.9865764547076  + 259.7950835323398  + 326.26005862941753  + 344.7511163113639  + 551.4519328252906  + 288.51524331662455  + 456.91512894974437  + 440.0135140939581  + 467.05137321785367  + 268.60699089100495  + 297.1628544359761  + 268.73935634984474  + 482.5473568532414  + 361.5047993464151  + 386.0449080151746  + 426.43891717578856  + 447.28888010980404  + 277.5161207396507  + 329.6248735592403  + 785.5186279751389  + 517.1646985780753  + 536.5715567724467  + 345.2392064957576  + 591.2747540929495  + 618.5139874849457  + 701.3852679845955  + 325.6384398483911  + 681.4267810576431  + 437.45143172849237  + 508.86908249904263  + 326.332493408202  + 558.314695859236  + 513.5637363987685  + 269.1063005111495  + 316.0320276914001  + 
total node:41/41
-------------------
Traveling energy: 2762.5384994711135
Charging energy: 86898.66336164203
Total energy used: 89661.20186111315
-------------------
Total time for travel: 2762.5384994711135
Total time for charging: 17379.732672328406
Charging round duration: 20142.27117179952
-------------------
ID | p | E0 | time_arrive | E_remain | time_charge | energy_charge| E_after_charge | E_after_cycle
262 | 0.05 | 9756.41 | 197.57 | 9746.54 | 212.82 | 1064.10 | 10800.00 | 9629.52
235 | 0.15 | 7470.82 | 492.04 | 7397.02 | 701.65 | 3508.23 | 10800.00 | 7406.05
236 | 0.06 | 9487.60 | 1284.40 | 9410.54 | 281.27 | 1406.34 | 10800.00 | 9464.74
248 | 0.10 | 9134.36 | 1723.87 | 8961.97 | 375.11 | 1875.54 | 10800.00 | 8627.90
237 | 0.10 | 8670.30 | 2131.90 | 8457.11 | 478.14 | 2390.71 | 10800.00 | 8679.00
267 | 0.07 | 9973.05 | 2633.35 | 9788.71 | 205.13 | 1025.65 | 10800.00 | 9331.29
247 | 0.10 | 9067.22 | 2908.50 | 8776.37 | 412.99 | 2064.93 | 10800.00 | 8750.15
241 | 0.05 | 9684.55 | 3410.61 | 9514.01 | 259.80 | 1298.98 | 10800.00 | 9792.52
261 | 0.10 | 9571.40 | 3700.69 | 9201.33 | 326.26 | 1631.30 | 10800.00 | 8820.69
257 | 0.10 | 9515.28 | 4045.64 | 9110.72 | 344.75 | 1723.76 | 10800.00 | 8857.04
240 | 0.11 | 8589.27 | 4417.01 | 8103.40 | 551.45 | 2757.26 | 10800.00 | 8726.33
244 | 0.06 | 9675.47 | 5012.34 | 9374.73 | 288.52 | 1442.58 | 10800.00 | 9688.85
258 | 0.13 | 9272.45 | 5366.33 | 8574.82 | 456.92 | 2284.58 | 10800.00 | 8460.42
260 | 0.13 | 9416.23 | 5839.17 | 8657.13 | 440.01 | 2200.07 | 10800.00 | 8519.69
234 | 0.08 | 8977.03 | 6400.55 | 8464.98 | 467.05 | 2335.26 | 10762.87 | 9406.68
239 | 0.05 | 9755.73 | 6890.31 | 9411.22 | 268.61 | 1343.03 | 10740.82 | 9907.77
269 | 0.11 | 10140.17 | 7211.83 | 9346.87 | 297.16 | 1485.81 | 10800.00 | 9005.79
253 | 0.06 | 9928.50 | 7601.25 | 9472.43 | 268.74 | 1343.70 | 10800.00 | 9843.00
250 | 0.10 | 9227.31 | 7917.95 | 8435.52 | 482.55 | 2412.74 | 10800.00 | 9258.05
272 | 0.14 | 10224.39 | 8437.88 | 9043.09 | 361.50 | 1807.52 | 10800.00 | 8697.11
252 | 0.08 | 9610.43 | 8872.18 | 8900.66 | 386.04 | 1930.22 | 10800.00 | 9635.06
255 | 0.09 | 9544.90 | 9319.10 | 8706.18 | 426.44 | 2132.19 | 10800.00 | 9533.30
249 | 0.08 | 9373.66 | 9778.78 | 8591.35 | 447.29 | 2236.44 | 10792.01 | 9704.50
271 | 0.07 | 10152.04 | 10288.52 | 9431.85 | 277.52 | 1387.58 | 10800.00 | 9872.22
238 | 0.06 | 9539.78 | 10607.95 | 8903.30 | 329.62 | 1648.12 | 10531.65 | 9758.70
233 | 0.12 | 8006.30 | 10998.63 | 6686.46 | 785.52 | 3927.59 | 10519.80 | 9075.49
263 | 0.12 | 9699.84 | 11863.37 | 8276.24 | 517.16 | 2585.82 | 10800.00 | 9427.26
270 | 0.12 | 9668.92 | 12394.89 | 8181.53 | 536.57 | 2682.86 | 10800.00 | 9493.37
259 | 0.07 | 10004.24 | 12946.64 | 9097.97 | 345.24 | 1726.20 | 10800.00 | 10063.03
273 | 0.14 | 9791.19 | 13319.92 | 7926.40 | 591.27 | 2956.37 | 10800.00 | 9412.77
264 | 0.11 | 9313.51 | 13982.25 | 7775.47 | 618.51 | 3092.57 | 10800.00 | 9785.88
251 | 0.12 | 8966.68 | 14661.85 | 7207.26 | 701.39 | 3506.93 | 10630.02 | 9615.21
243 | 0.06 | 9656.57 | 15365.20 | 8734.65 | 325.64 | 1628.19 | 10343.31 | 9855.56
256 | 0.12 | 9229.31 | 15706.17 | 7344.57 | 681.43 | 3407.13 | 10669.93 | 9778.04
268 | 0.08 | 9584.45 | 16446.94 | 8268.70 | 437.45 | 2187.26 | 10420.96 | 9866.11
265 | 0.10 | 10006.65 | 17001.07 | 8306.54 | 508.87 | 2544.35 | 10800.00 | 10168.99
242 | 0.06 | 9636.03 | 17627.71 | 8578.37 | 326.33 | 1631.66 | 10190.45 | 9838.49
254 | 0.10 | 9387.03 | 18000.40 | 7586.99 | 558.31 | 2791.57 | 10322.73 | 9796.60
246 | 0.09 | 9184.49 | 18599.54 | 7510.54 | 513.56 | 2567.82 | 10032.13 | 9608.51
245 | 0.05 | 9737.63 | 19226.27 | 8776.32 | 269.11 | 1345.53 | 10108.39 | 9892.16
266 | 0.06 | 9950.10 | 19651.46 | 8771.01 | 316.03 | 1580.16 | 10332.21 | 10101.06
Vehicle 7
Charging tour: 
313  -> 289  -> 309  -> 286  -> 283  -> 279  -> 278  -> 276  -> 275  -> 311  -> 301  -> 302  -> 281  -> 290  -> 284  -> 298  -> 287  -> 274  -> 306  -> 282  -> 310  -> 288  -> 277  -> 294  -> 299  -> 293  -> 285  -> 304  -> 312  -> 308  -> 292  -> 296  -> 307  -> 305  -> 291  -> 280  -> 297  -> 303  -> 295  -> 300  -> 
Charging time: 
175.43146870069742  + 218.4862476588001  + 186.32418610119646  + 256.21331281760536  + 547.5804200204509  + 326.9481675125822  + 385.9195840174542  + 715.963373986286  + 375.75396138400737  + 235.40262510176782  + 235.36006714374162  + 387.0847017387897  + 719.8295078182855  + 269.8700302390703  + 302.67035442008637  + 288.60087136768055  + 546.4864841442544  + 327.1871076575328  + 421.88713398902865  + 626.8590388766937  + 338.2227690319714  + 803.8435294789294  + 324.3386888126228  + 743.2493107164098  + 336.80957187089876  + 269.8863381750263  + 317.60321891464855  + 370.1648315982407  + 566.8959321881497  + 365.2994483395567  + 751.9119964162713  + 720.3715421750618  + 423.82338700151655  + 822.929501208786  + 553.6962638088595  + 322.3019962485606  + 594.030101716105  + 462.4980227089383  + 732.8383246872679  + 412.0536787449778  + 
total node:40/40
-------------------
Traveling energy: 2640.4386047126122
Charging energy: 88913.13549269405
Total energy used: 91553.57409740667
-------------------
Total time for travel: 2640.4386047126122
Total time for charging: 17782.62709853881
Charging round duration: 20423.065703251425
-------------------
ID | p | E0 | time_arrive | E_remain | time_charge | energy_charge| E_after_charge | E_after_cycle
313 | 0.08 | 9948.00 | 139.05 | 9936.88 | 175.43 | 877.16 | 10800.00 | 8919.56
289 | 0.06 | 9740.53 | 330.83 | 9720.68 | 218.49 | 1092.43 | 10800.00 | 9403.76
309 | 0.10 | 9945.90 | 588.86 | 9887.01 | 186.32 | 931.62 | 10800.00 | 8495.52
286 | 0.06 | 9585.72 | 856.83 | 9534.31 | 256.21 | 1281.07 | 10800.00 | 9437.58
283 | 0.13 | 8282.95 | 1151.29 | 8133.28 | 547.58 | 2737.90 | 10800.00 | 7924.25
279 | 0.07 | 9308.62 | 1721.02 | 9188.15 | 326.95 | 1634.74 | 10800.00 | 9275.96
278 | 0.08 | 9069.04 | 2097.07 | 8901.28 | 385.92 | 1929.60 | 10800.00 | 9093.04
276 | 0.14 | 7676.06 | 2540.32 | 7320.42 | 715.96 | 3579.82 | 10800.00 | 7921.08
275 | 0.07 | 9185.37 | 3397.63 | 8947.53 | 375.75 | 1878.77 | 10800.00 | 9396.74
311 | 0.08 | 9945.12 | 3791.23 | 9641.82 | 235.40 | 1177.01 | 10800.00 | 9216.53
301 | 0.07 | 9925.40 | 4081.79 | 9639.67 | 235.36 | 1176.80 | 10800.00 | 9434.80
302 | 0.12 | 9432.36 | 4344.42 | 8911.03 | 387.08 | 1935.42 | 10800.00 | 8509.38
281 | 0.14 | 7971.11 | 4781.98 | 7301.63 | 719.83 | 3599.15 | 10800.00 | 8235.45
290 | 0.05 | 9495.25 | 5596.11 | 9215.44 | 269.87 | 1349.35 | 10551.30 | 9653.60
284 | 0.06 | 9658.59 | 5896.40 | 9304.81 | 302.67 | 1513.35 | 10800.00 | 9742.74
298 | 0.08 | 9883.63 | 6294.35 | 9380.08 | 288.60 | 1443.00 | 10800.00 | 9421.04
287 | 0.11 | 8863.29 | 6687.32 | 8127.68 | 546.49 | 2732.43 | 10800.00 | 8975.52
274 | 0.06 | 9398.23 | 7239.69 | 8963.85 | 327.19 | 1635.94 | 10580.15 | 9604.97
306 | 0.13 | 9729.96 | 7573.44 | 8745.41 | 421.89 | 2109.44 | 10800.00 | 8742.79
282 | 0.11 | 8626.12 | 8104.17 | 7734.66 | 626.86 | 3134.30 | 10800.00 | 9140.21
310 | 0.10 | 10022.52 | 8798.14 | 9142.71 | 338.22 | 1691.11 | 10800.00 | 9331.64
288 | 0.15 | 8280.14 | 9191.87 | 6901.36 | 803.84 | 4019.22 | 10800.00 | 8726.36
277 | 0.06 | 9480.77 | 10076.37 | 8876.19 | 324.34 | 1621.69 | 10478.42 | 9673.26
294 | 0.15 | 8759.64 | 10429.31 | 7195.24 | 743.25 | 3716.25 | 10800.00 | 8902.88
299 | 0.07 | 9926.51 | 11242.62 | 9139.53 | 336.81 | 1684.05 | 10800.00 | 9943.16
293 | 0.05 | 9494.68 | 11605.12 | 8914.42 | 269.89 | 1349.43 | 10250.36 | 9653.11
285 | 0.06 | 9681.83 | 11920.95 | 8966.57 | 317.60 | 1588.02 | 10535.53 | 9840.64
304 | 0.08 | 9962.00 | 12290.08 | 8978.79 | 370.16 | 1850.82 | 10800.00 | 9907.22
312 | 0.13 | 9689.89 | 12697.51 | 8039.22 | 566.90 | 2834.48 | 10800.00 | 9427.77
308 | 0.08 | 10069.91 | 13339.84 | 9002.73 | 365.30 | 1826.50 | 10800.00 | 9990.81
292 | 0.13 | 8860.69 | 13751.36 | 7073.01 | 751.91 | 3759.56 | 10734.82 | 9523.65
296 | 0.13 | 9190.84 | 14608.05 | 7291.79 | 720.37 | 3601.86 | 10800.00 | 9696.09
307 | 0.08 | 9673.78 | 15439.20 | 8438.64 | 423.82 | 2119.12 | 10523.85 | 9887.29
305 | 0.15 | 9200.32 | 15943.49 | 6808.79 | 822.93 | 4114.65 | 10800.00 | 9741.96
291 | 0.10 | 9255.92 | 16861.12 | 7569.80 | 553.70 | 2768.48 | 10282.92 | 9642.40
280 | 0.06 | 9540.68 | 17475.74 | 8492.13 | 322.30 | 1611.51 | 10084.31 | 9722.99
297 | 0.11 | 9490.20 | 17815.12 | 7530.53 | 594.03 | 2970.15 | 10435.34 | 9840.15
303 | 0.09 | 9972.95 | 18458.59 | 8311.68 | 462.50 | 2312.49 | 10582.54 | 10141.64
295 | 0.13 | 9091.30 | 19036.78 | 6616.52 | 732.84 | 3664.19 | 10185.45 | 9658.90
300 | 0.08 | 9950.10 | 19857.39 | 8361.50 | 412.05 | 2060.27 | 10388.81 | 10104.76
Vehicle 8
Charging tour: 
318  -> 316  -> 321  -> 341  -> 330  -> 322  -> 323  -> 326  -> 317  -> 342  -> 339  -> 336  -> 346  -> 351  -> 324  -> 315  -> 334  -> 347  -> 350  -> 335  -> 345  -> 319  -> 327  -> 338  -> 340  -> 333  -> 328  -> 344  -> 329  -> 348  -> 352  -> 320  -> 337  -> 325  -> 343  -> 349  -> 331  -> 314  -> 332  -> 
Charging time: 
349.72159347342983  + 462.53773007063796  + 481.1782915729207  + 223.75357371659967  + 467.1294017104174  + 723.9841955076167  + 405.2911724798825  + 343.00206959917597  + 422.8615964308075  + 181.58784036076054  + 259.26613353093285  + 449.48435534930053  + 454.72745680718816  + 442.972308898502  + 616.9017825730325  + 448.3754324522021  + 540.48397506019  + 426.72088974033534  + 483.49091046463434  + 514.4254526386567  + 305.81317738181366  + 578.3963592320698  + 618.0804074853446  + 524.5023259679874  + 361.6645910346939  + 416.9391066748716  + 364.7765419259058  + 668.9991747927071  + 422.79266017717987  + 498.24292934637464  + 619.2017260637765  + 315.92799132697985  + 523.8886551427515  + 429.1433654315439  + 297.9874511521974  + 904.2267831550697  + 305.32288376437685  + 753.5535247143096  + 418.54935135829294  + 
total node:39/39
-------------------
Traveling energy: 2690.7591606840247
Charging energy: 90129.52584282734
Total energy used: 92820.28500351137
-------------------
Total time for travel: 2690.7591606840247
Total time for charging: 18025.905168565467
Charging round duration: 20716.664329249492
-------------------
ID | p | E0 | time_arrive | E_remain | time_charge | energy_charge| E_after_charge | E_after_cycle
318 | 0.08 | 9089.62 | 128.19 | 9079.37 | 349.72 | 1748.61 | 10800.00 | 8932.63
316 | 0.10 | 8588.35 | 547.84 | 8533.57 | 462.54 | 2312.69 | 10800.00 | 8519.04
321 | 0.11 | 8570.66 | 1123.80 | 8447.04 | 481.18 | 2405.89 | 10800.00 | 8356.35
341 | 0.07 | 9816.78 | 1712.67 | 9696.89 | 223.75 | 1118.77 | 10800.00 | 9268.15
330 | 0.13 | 8789.75 | 2035.95 | 8525.08 | 467.13 | 2335.65 | 10800.00 | 8028.80
322 | 0.16 | 7705.72 | 2561.27 | 7295.92 | 723.98 | 3619.92 | 10800.00 | 7514.44
323 | 0.09 | 9119.53 | 3439.04 | 8810.02 | 405.29 | 2026.46 | 10800.00 | 9002.19
326 | 0.08 | 9422.07 | 3870.54 | 9112.43 | 343.00 | 1715.01 | 10800.00 | 9231.48
317 | 0.08 | 9060.58 | 4263.29 | 8719.52 | 422.86 | 2114.31 | 10800.00 | 9269.29
342 | 0.06 | 10185.46 | 4708.44 | 9902.96 | 181.59 | 907.94 | 10800.00 | 9664.20
339 | 0.08 | 9917.97 | 4919.47 | 9524.41 | 259.27 | 1296.33 | 10800.00 | 9308.70
336 | 0.11 | 9173.91 | 5198.98 | 8602.02 | 449.48 | 2247.42 | 10800.00 | 8801.13
346 | 0.10 | 9150.01 | 5781.71 | 8571.84 | 454.73 | 2273.64 | 10800.00 | 9041.64
351 | 0.15 | 9600.03 | 6322.99 | 8651.58 | 442.97 | 2214.86 | 10800.00 | 8241.89
324 | 0.12 | 8606.12 | 6804.99 | 7789.52 | 616.90 | 3084.51 | 10800.00 | 8832.23
315 | 0.08 | 8978.99 | 7569.15 | 8373.46 | 448.38 | 2241.88 | 10579.46 | 9315.26
334 | 0.12 | 9142.30 | 8165.51 | 8162.44 | 540.48 | 2702.42 | 10800.00 | 8986.32
347 | 0.08 | 9400.22 | 8746.10 | 8700.53 | 426.72 | 2133.60 | 10800.00 | 9628.22
350 | 0.17 | 10026.00 | 9183.91 | 8464.74 | 483.49 | 2417.45 | 10800.00 | 8394.06
335 | 0.11 | 9352.50 | 9709.48 | 8284.46 | 514.43 | 2572.13 | 10800.00 | 9304.43
345 | 0.06 | 9873.57 | 10282.87 | 9256.60 | 305.81 | 1529.07 | 10767.32 | 9973.44
319 | 0.10 | 8700.69 | 10639.33 | 7636.76 | 578.40 | 2891.98 | 10470.90 | 9210.67
327 | 0.11 | 8956.26 | 11258.10 | 7717.87 | 618.08 | 3090.40 | 10740.29 | 9426.47
338 | 0.11 | 9546.17 | 11918.09 | 8235.18 | 524.50 | 2622.51 | 10800.00 | 9548.48
340 | 0.07 | 9740.28 | 12468.76 | 8867.46 | 361.66 | 1808.32 | 10650.47 | 9881.20
333 | 0.08 | 9655.98 | 12918.77 | 8622.48 | 416.94 | 2084.70 | 10673.82 | 9835.08
328 | 0.07 | 9657.18 | 13444.28 | 8716.08 | 364.78 | 1823.88 | 10514.43 | 9813.66
344 | 0.13 | 9344.45 | 13865.17 | 7541.97 | 669.00 | 3345.00 | 10800.00 | 9592.84
329 | 0.08 | 9522.30 | 14608.08 | 8353.65 | 422.79 | 2113.96 | 10433.79 | 9730.66
348 | 0.11 | 10028.02 | 15131.20 | 8363.59 | 498.24 | 2491.21 | 10800.00 | 9899.04
352 | 0.13 | 9820.79 | 15663.86 | 7784.49 | 619.20 | 3096.01 | 10800.00 | 9820.20
320 | 0.06 | 9557.46 | 16295.97 | 8579.70 | 315.93 | 1579.64 | 10140.38 | 9707.90
337 | 0.10 | 9605.95 | 16640.24 | 7941.92 | 523.89 | 2619.44 | 10508.98 | 9843.39
325 | 0.08 | 9381.38 | 17295.99 | 7997.70 | 429.14 | 2145.72 | 10109.09 | 9621.50
343 | 0.06 | 10132.87 | 17789.20 | 9065.52 | 297.99 | 1489.94 | 10537.58 | 10193.61
349 | 0.18 | 9703.54 | 18121.75 | 6441.63 | 904.23 | 4521.13 | 10800.00 | 9937.08
331 | 0.06 | 9889.43 | 19052.88 | 8746.25 | 305.32 | 1526.61 | 10254.55 | 9986.84
314 | 0.12 | 8013.94 | 19393.72 | 5686.70 | 753.55 | 3767.77 | 9364.04 | 8923.31
332 | 0.08 | 9618.84 | 20177.09 | 8004.67 | 418.55 | 2092.75 | 10063.93 | 9805.98
Vehicle 9
Charging tour: 
379  -> 384  -> 378  -> 363  -> 392  -> 360  -> 353  -> 362  -> 388  -> 367  -> 372  -> 377  -> 359  -> 391  -> 358  -> 369  -> 364  -> 385  -> 386  -> 355  -> 357  -> 370  -> 361  -> 366  -> 368  -> 373  -> 382  -> 381  -> 371  -> 356  -> 365  -> 375  -> 354  -> 374  -> 387  -> 389  -> 390  -> 383  -> 376  -> 393  -> 380  -> 
Charging time: 
508.8177779791498  + 316.66044033938505  + 652.2928827945749  + 460.9439100239995  + 365.0260419953728  + 556.6595507909292  + 508.81562124047355  + 460.9446809762338  + 700.088647038659  + 652.2904879030212  + 604.4847204446454  + 652.2902688086698  + 604.4846902228866  + 652.2452052570691  + 460.9401642792149  + 508.8152678030007  + 460.91893190827346  + 700.0864342187639  + 460.9340655767692  + 508.8180178725036  + 556.6611888801251  + 365.02005211127766  + 364.97130363041674  + 460.94562359822174  + 652.29288086954  + 460.94275808392086  + 652.2928181018675  + 652.2191104973898  + 316.87531933275494  + 700.0730250929091  + 556.6612386672258  + 316.68292327692143  + 412.97348937817713  + 700.0886423695983  + 268.1021103347261  + 266.0595725099503  + 747.7759600189761  + 413.02069485523276  + 652.2928985631585  + 556.6613438003732  + 316.75284135747  + 
total node:41/41
-------------------
Traveling energy: 2070.3819859808077
Charging energy: 105929.61801401914
Total energy used: 107999.99999999996
-------------------
Total time for travel: 2070.3819859808077
Total time for charging: 21185.92360280383
Charging round duration: 23256.305588784635
-------------------
ID | p | E0 | time_arrive | E_remain | time_charge | energy_charge| E_after_charge | E_after_cycle
379 | 0.10 | 7414.74 | 119.29 | 7402.81 | 508.82 | 2544.09 | 9896.01 | 7576.82
384 | 0.06 | 7148.51 | 646.53 | 7109.72 | 316.66 | 1583.30 | 8674.02 | 7302.61
378 | 0.13 | 7518.98 | 1020.31 | 7386.33 | 652.29 | 3261.46 | 10563.00 | 7683.84
363 | 0.09 | 7366.35 | 1699.63 | 7213.38 | 460.94 | 2304.72 | 9476.62 | 7527.27
392 | 0.07 | 7234.89 | 2178.21 | 7082.42 | 365.03 | 1825.13 | 8882.00 | 7392.62
360 | 0.11 | 7455.23 | 2637.78 | 7165.07 | 556.66 | 2783.30 | 9887.14 | 7618.33
353 | 0.10 | 7414.77 | 3267.21 | 7088.05 | 508.82 | 2544.08 | 9581.24 | 7576.84
362 | 0.09 | 7366.34 | 3796.85 | 7024.62 | 460.94 | 2304.72 | 9287.86 | 7527.26
388 | 0.14 | 7544.54 | 4264.65 | 6947.49 | 700.09 | 3500.44 | 10349.92 | 7710.19
367 | 0.13 | 7519.00 | 5004.66 | 6868.40 | 652.29 | 3261.45 | 10045.05 | 7683.85
372 | 0.12 | 7489.52 | 5785.35 | 6795.28 | 604.48 | 3022.42 | 9745.16 | 7653.54
377 | 0.13 | 7519.01 | 6486.68 | 6675.74 | 652.29 | 3261.45 | 9852.39 | 7683.86
359 | 0.12 | 7489.52 | 7164.30 | 6629.80 | 604.48 | 3022.42 | 9579.69 | 7653.54
391 | 0.13 | 7519.52 | 7804.24 | 6504.97 | 652.25 | 3261.23 | 9681.41 | 7684.15
358 | 0.09 | 7366.41 | 8479.16 | 6603.29 | 460.94 | 2304.70 | 8866.50 | 7527.31
369 | 0.10 | 7414.77 | 8965.90 | 6518.18 | 508.82 | 2544.08 | 9011.38 | 7576.85
364 | 0.09 | 7366.75 | 9495.54 | 6512.15 | 460.92 | 2304.59 | 8775.26 | 7527.54
385 | 0.14 | 7544.57 | 10016.66 | 6142.23 | 700.09 | 3500.43 | 9544.65 | 7710.20
386 | 0.09 | 7366.51 | 10768.67 | 6397.33 | 460.93 | 2304.67 | 8660.51 | 7527.38
355 | 0.10 | 7414.73 | 11330.42 | 6281.69 | 508.82 | 2544.09 | 8774.90 | 7576.82
357 | 0.11 | 7455.21 | 11940.52 | 6141.75 | 556.66 | 2783.31 | 8863.82 | 7618.31
370 | 0.07 | 7235.01 | 12501.30 | 6359.92 | 365.02 | 1825.10 | 8159.47 | 7392.71
361 | 0.07 | 7235.98 | 12901.96 | 6332.84 | 364.97 | 1824.86 | 8132.15 | 7393.43
366 | 0.09 | 7366.32 | 13342.76 | 6165.47 | 460.95 | 2304.73 | 8428.72 | 7527.25
368 | 0.13 | 7518.98 | 13844.10 | 5719.24 | 652.29 | 3261.46 | 8895.91 | 7683.84
373 | 0.09 | 7366.37 | 14503.31 | 6061.07 | 460.94 | 2304.71 | 8324.30 | 7527.28
382 | 0.13 | 7518.98 | 14975.38 | 5572.18 | 652.29 | 3261.46 | 8748.84 | 7683.84
381 | 0.13 | 7519.83 | 15659.36 | 5484.11 | 652.22 | 3261.10 | 8660.42 | 7684.32
371 | 0.06 | 7143.66 | 16401.66 | 6159.56 | 316.88 | 1584.38 | 7724.92 | 7298.84
356 | 0.14 | 7544.71 | 16728.78 | 5202.68 | 700.07 | 3500.37 | 8605.04 | 7710.28
365 | 0.11 | 7455.21 | 17526.54 | 5527.29 | 556.66 | 2783.31 | 8249.36 | 7618.31
375 | 0.06 | 7148.00 | 18094.75 | 6062.32 | 316.68 | 1583.41 | 7626.73 | 7302.21
354 | 0.08 | 7308.46 | 18491.14 | 5829.17 | 412.97 | 2064.87 | 7861.00 | 7467.72
374 | 0.14 | 7544.54 | 18942.66 | 4892.57 | 700.09 | 3500.44 | 8295.00 | 7710.19
387 | 0.05 | 7036.03 | 19667.81 | 6052.64 | 268.10 | 1340.51 | 7379.75 | 7185.54
389 | 0.05 | 7090.05 | 19958.40 | 6092.13 | 266.06 | 1330.30 | 7409.12 | 7229.34
390 | 0.15 | 7567.94 | 20304.15 | 4522.32 | 747.78 | 3738.88 | 8149.03 | 7733.82
383 | 0.08 | 7307.62 | 21124.47 | 5617.66 | 413.02 | 2065.10 | 7649.73 | 7467.13
376 | 0.13 | 7518.97 | 21608.82 | 4709.83 | 652.29 | 3261.46 | 7886.49 | 7683.84
393 | 0.11 | 7455.20 | 22275.10 | 5004.94 | 556.66 | 2783.31 | 7727.02 | 7618.31
380 | 0.06 | 7146.42 | 22893.98 | 5772.78 | 316.75 | 1583.76 | 7337.54 | 7300.99
Vehicle 10
Charging tour: 
396  -> 394  -> 414  -> 417  -> 402  -> 401  -> 410  -> 430  -> 415  -> 429  -> 422  -> 428  -> 403  -> 397  -> 395  -> 409  -> 412  -> 404  -> 418  -> 400  -> 413  -> 423  -> 426  -> 427  -> 408  -> 424  -> 425  -> 399  -> 398  -> 406  -> 416  -> 407  -> 431  -> 432  -> 405  -> 411  -> 421  -> 420  -> 419  -> 
Charging time: 
461.77573599484737  + 686.5081405302168  + 234.648657998895  + 219.04775292810777  + 266.884015678865  + 320.35764552822286  + 231.89480454141  + 248.82966644368923  + 320.1575378285551  + 253.6010600390615  + 369.3786636123571  + 293.77039839309276  + 595.8899792314999  + 391.7062610241774  + 465.21109210335504  + 427.1970153600431  + 410.2635727234709  + 376.3596491540654  + 393.5813552110923  + 718.4491665299481  + 296.61902708438373  + 403.3352372663883  + 426.3988994413838  + 387.1468834291598  + 757.1431958851167  + 539.755978199738  + 627.5167567023936  + 1044.167144807  + 333.52346954189943  + 587.6110492744926  + 497.65160059104375  + 386.5453675729818  + 712.8928054923091  + 517.1846327212667  + 327.13348246751303  + 710.9454062234441  + 548.7256217046839  + 489.79482093077854  + 318.7794391211572  + 
total node:39/39
-------------------
Traveling energy: 2564.069792083661
Charging energy: 87991.91494656054
Total energy used: 90555.98473864421
-------------------
Total time for travel: 2564.069792083661
Total time for charging: 17598.382989312107
Charging round duration: 20162.45278139577
-------------------
ID | p | E0 | time_arrive | E_remain | time_charge | energy_charge| E_after_charge | E_after_cycle
396 | 0.10 | 8553.38 | 160.84 | 8537.30 | 461.78 | 2308.88 | 10800.00 | 8480.26
394 | 0.14 | 7558.92 | 681.05 | 7463.57 | 686.51 | 3432.54 | 10800.00 | 7656.66
414 | 0.05 | 9709.62 | 1422.59 | 9638.49 | 234.65 | 1173.24 | 10800.00 | 9691.86
417 | 0.07 | 9836.96 | 1669.46 | 9720.09 | 219.05 | 1095.24 | 10800.00 | 9264.79
402 | 0.06 | 9598.43 | 1947.23 | 9481.59 | 266.88 | 1334.42 | 10800.00 | 9503.65
401 | 0.07 | 9376.92 | 2232.60 | 9220.64 | 320.36 | 1601.79 | 10800.00 | 9311.31
410 | 0.06 | 9813.84 | 2656.75 | 9654.44 | 231.89 | 1159.47 | 10800.00 | 9544.12
430 | 0.09 | 9840.53 | 2914.24 | 9578.25 | 248.83 | 1244.15 | 10800.00 | 8940.88
415 | 0.09 | 9514.96 | 3188.16 | 9228.03 | 320.16 | 1600.79 | 10800.00 | 8971.95
429 | 0.12 | 9986.24 | 3531.81 | 9562.43 | 253.60 | 1268.01 | 10800.00 | 8395.85
422 | 0.12 | 9468.09 | 3922.11 | 8997.43 | 369.38 | 1846.89 | 10800.00 | 8456.58
428 | 0.12 | 9903.12 | 4472.69 | 9366.40 | 293.77 | 1468.85 | 10800.00 | 8513.57
403 | 0.12 | 8467.60 | 4796.19 | 7892.06 | 595.89 | 2979.45 | 10800.00 | 8588.65
397 | 0.07 | 9251.06 | 5459.53 | 8868.89 | 391.71 | 1958.53 | 10800.00 | 9542.19
395 | 0.08 | 8983.92 | 5909.47 | 8511.16 | 465.21 | 2326.06 | 10800.00 | 9404.37
409 | 0.09 | 9283.94 | 6460.84 | 8702.46 | 427.20 | 2135.99 | 10800.00 | 9276.12
412 | 0.09 | 9415.83 | 7002.45 | 8785.61 | 410.26 | 2051.32 | 10800.00 | 9323.34
404 | 0.07 | 9469.94 | 7505.69 | 8944.55 | 376.36 | 1881.80 | 10800.00 | 9684.34
418 | 0.08 | 9498.21 | 7932.87 | 8863.58 | 393.58 | 1967.91 | 10800.00 | 9560.52
400 | 0.12 | 8312.29 | 8486.05 | 7293.97 | 718.45 | 3592.25 | 10800.00 | 9046.14
413 | 0.06 | 9897.62 | 9382.03 | 9334.70 | 296.62 | 1483.10 | 10800.00 | 9951.52
423 | 0.08 | 9598.88 | 9791.07 | 8815.59 | 403.34 | 2016.68 | 10800.00 | 9709.95
426 | 0.11 | 9841.23 | 10239.30 | 8714.91 | 426.40 | 2131.99 | 10800.00 | 9353.03
427 | 0.08 | 9751.88 | 10708.05 | 8895.24 | 387.15 | 1935.73 | 10800.00 | 9782.01
408 | 0.13 | 8555.84 | 11100.99 | 7112.71 | 757.14 | 3785.72 | 10800.00 | 9244.96
424 | 0.12 | 9591.79 | 11881.69 | 8165.99 | 539.76 | 2698.78 | 10800.00 | 9432.17
425 | 0.14 | 9493.24 | 12449.82 | 7750.27 | 627.52 | 3137.58 | 10800.00 | 9296.03
399 | 0.15 | 7580.52 | 13106.85 | 5614.49 | 1044.17 | 5220.84 | 10678.70 | 9228.36
398 | 0.06 | 9492.98 | 14199.13 | 8641.03 | 333.52 | 1667.62 | 10288.64 | 9731.40
406 | 0.10 | 8980.24 | 14597.27 | 7520.51 | 587.61 | 2938.06 | 10399.81 | 9536.29
416 | 0.09 | 9543.22 | 15225.58 | 8172.92 | 497.65 | 2488.26 | 10616.39 | 9887.68
407 | 0.07 | 9555.98 | 15782.30 | 8451.22 | 386.55 | 1932.73 | 10356.89 | 9821.31
431 | 0.16 | 9946.75 | 16232.19 | 7349.60 | 712.89 | 3564.46 | 10800.00 | 9700.01
432 | 0.10 | 9962.08 | 16962.83 | 8265.80 | 517.18 | 2585.92 | 10800.00 | 10166.00
405 | 0.06 | 9678.41 | 17490.17 | 8629.00 | 327.13 | 1635.67 | 10245.04 | 9884.88
411 | 0.12 | 8906.82 | 17853.60 | 6764.39 | 710.95 | 3554.73 | 10233.80 | 9603.15
421 | 0.10 | 9616.62 | 18577.64 | 7758.86 | 548.73 | 2743.63 | 10447.61 | 9978.25
420 | 0.09 | 9696.30 | 19167.43 | 7971.23 | 489.79 | 2448.97 | 10376.13 | 10001.48
419 | 0.06 | 9932.05 | 19679.97 | 8751.25 | 318.78 | 1593.90 | 10326.02 | 10096.74
Vehicle 11
Charging tour: 
435  -> 445  -> 444  -> 434  -> 436  -> 440  -> 441  -> 468  -> 460  -> 446  -> 459  -> 433  -> 449  -> 447  -> 442  -> 458  -> 469  -> 455  -> 450  -> 453  -> 452  -> 462  -> 451  -> 467  -> 439  -> 461  -> 448  -> 437  -> 464  -> 438  -> 443  -> 466  -> 456  -> 463  -> 470  -> 454  -> 457  -> 465  -> 
Charging time: 
687.978879016325  + 364.6557099752495  + 228.8004086880395  + 397.1397837355786  + 764.0788083742733  + 640.4410300852917  + 411.23572714682757  + 180.34186800682212  + 399.6409468738602  + 304.08611325494377  + 332.93367898373543  + 466.305627779273  + 612.1225547558465  + 514.872103434524  + 523.0705790016735  + 275.9189588236985  + 500.5798354233251  + 526.0554939506217  + 244.50099044300617  + 328.4827360788528  + 242.255515201145  + 389.90041601501446  + 720.1084157889169  + 271.7657883344764  + 685.5440240314758  + 371.4350231580605  + 512.9985591968157  + 467.8612200447396  + 571.5430850548028  + 334.93290247518445  + 593.3823006724796  + 631.9641319579148  + 262.5166675913094  + 860.0721083765083  + 308.207766595045  + 266.6727296988728  + 434.64072722285187  + 493.55199044507987  + 
total node:38/38
-------------------
Traveling energy: 2014.1818708924493
Charging energy: 85612.9760284623
Total energy used: 87627.15789935476
-------------------
Total time for travel: 2014.1818708924493
Total time for charging: 17122.59520569246
Charging round duration: 19136.777076584913
-------------------
ID | p | E0 | time_arrive | E_remain | time_charge | energy_charge| E_after_charge | E_after_cycle
435 | 0.15 | 7467.13 | 25.54 | 7463.30 | 687.98 | 3439.89 | 10800.00 | 7334.03
445 | 0.10 | 9085.96 | 727.73 | 9013.19 | 364.66 | 1823.28 | 10800.00 | 8527.24
444 | 0.06 | 9739.84 | 1168.53 | 9669.73 | 228.80 | 1144.00 | 10800.00 | 9454.64
434 | 0.08 | 8960.85 | 1434.74 | 8846.07 | 397.14 | 1985.70 | 10800.00 | 9040.95
436 | 0.16 | 7396.98 | 1844.52 | 7101.86 | 764.08 | 3820.39 | 10800.00 | 7406.17
440 | 0.14 | 8067.59 | 2715.26 | 7687.46 | 640.44 | 3202.21 | 10800.00 | 7935.00
441 | 0.09 | 9096.63 | 3508.85 | 8780.83 | 411.24 | 2056.18 | 10800.00 | 9009.01
468 | 0.08 | 10231.73 | 3987.63 | 9912.72 | 180.34 | 901.71 | 10800.00 | 9227.84
460 | 0.10 | 9261.08 | 4193.23 | 8841.76 | 399.64 | 1998.20 | 10800.00 | 8877.29
446 | 0.07 | 9627.84 | 4671.20 | 9300.86 | 304.09 | 1520.43 | 10800.00 | 9480.87
459 | 0.10 | 9667.48 | 4988.53 | 9168.62 | 332.93 | 1664.67 | 10800.00 | 8950.15
433 | 0.08 | 8934.26 | 5356.01 | 8505.78 | 466.31 | 2331.53 | 10800.00 | 9360.19
449 | 0.14 | 8648.15 | 5879.05 | 7825.08 | 612.12 | 3060.61 | 10800.00 | 8373.96
447 | 0.11 | 9004.94 | 6569.68 | 8282.28 | 514.87 | 2574.36 | 10800.00 | 8959.10
442 | 0.10 | 8950.88 | 7139.30 | 8236.95 | 523.07 | 2615.35 | 10800.00 | 9184.24
458 | 0.07 | 9978.43 | 7695.86 | 9439.72 | 275.92 | 1379.59 | 10800.00 | 9690.62
469 | 0.14 | 9485.41 | 7987.31 | 8367.18 | 500.58 | 2502.90 | 10800.00 | 8653.50
455 | 0.12 | 9258.68 | 8548.60 | 8232.85 | 526.06 | 2630.28 | 10800.00 | 9030.56
450 | 0.05 | 10045.80 | 9121.54 | 9589.72 | 244.50 | 1222.50 | 10800.00 | 10077.30
453 | 0.07 | 9840.29 | 9424.47 | 9180.58 | 328.48 | 1642.41 | 10800.00 | 9815.31
452 | 0.05 | 10092.43 | 9831.82 | 9600.84 | 242.26 | 1211.28 | 10800.00 | 10112.70
462 | 0.09 | 9797.09 | 10127.74 | 8885.59 | 389.90 | 1949.50 | 10800.00 | 9602.79
451 | 0.14 | 8782.94 | 10590.49 | 7300.27 | 720.11 | 3600.54 | 10800.00 | 9048.68
467 | 0.06 | 10141.01 | 11392.22 | 9457.48 | 271.77 | 1358.83 | 10800.00 | 10070.64
439 | 0.11 | 8567.86 | 11705.55 | 7280.25 | 685.54 | 3427.72 | 10632.56 | 9375.38
461 | 0.08 | 9968.15 | 12445.08 | 8972.54 | 371.44 | 1857.18 | 10800.00 | 9919.72
448 | 0.09 | 9367.88 | 12869.23 | 8209.65 | 513.00 | 2564.99 | 10728.47 | 9789.07
437 | 0.08 | 9130.36 | 13467.73 | 8052.94 | 467.86 | 2339.31 | 10354.82 | 9564.07
464 | 0.12 | 9683.28 | 13936.74 | 8010.87 | 571.54 | 2857.72 | 10800.00 | 9682.59
438 | 0.06 | 9565.52 | 14583.14 | 8690.53 | 334.93 | 1674.66 | 10345.10 | 9810.98
443 | 0.10 | 8998.71 | 14951.16 | 7503.60 | 593.38 | 2966.91 | 10411.17 | 9583.62
466 | 0.14 | 9908.45 | 15569.98 | 7728.65 | 631.96 | 3159.82 | 10800.00 | 9733.47
456 | 0.05 | 10170.17 | 16234.75 | 9358.43 | 262.52 | 1312.58 | 10657.89 | 10291.75
463 | 0.16 | 9286.05 | 16555.00 | 6637.25 | 860.07 | 4300.36 | 10800.00 | 9775.21
470 | 0.07 | 10501.36 | 17440.37 | 9280.54 | 308.21 | 1541.04 | 10800.00 | 10375.00
454 | 0.05 | 10011.67 | 17759.65 | 9123.69 | 266.67 | 1333.36 | 10443.72 | 10154.03
457 | 0.08 | 9828.21 | 18043.22 | 8384.76 | 434.64 | 2173.20 | 10523.19 | 10095.82
465 | 0.09 | 9736.99 | 18578.05 | 8064.96 | 493.55 | 2467.76 | 10488.30 | 10060.95
Vehicle 12
Charging tour: 
481  -> 505  -> 472  -> 473  -> 475  -> 488  -> 477  -> 482  -> 503  -> 491  -> 474  -> 485  -> 479  -> 501  -> 492  -> 495  -> 494  -> 480  -> 493  -> 487  -> 484  -> 486  -> 499  -> 497  -> 508  -> 489  -> 496  -> 476  -> 471  -> 483  -> 478  -> 500  -> 502  -> 504  -> 507  -> 509  -> 506  -> 490  -> 498  -> 
Charging time: 
276.7983204201591  + 170.52690652848858  + 628.4012264558845  + 305.12248670865057  + 333.6937984624688  + 328.4218042091399  + 306.8324996694456  + 311.1069984557421  + 312.1513121409466  + 331.4071171462407  + 371.3020965098467  + 536.4255480399044  + 460.1975045019145  + 380.9537376047795  + 564.6451939327934  + 332.9360546263767  + 318.9686082872617  + 489.9323204632506  + 382.9993013417598  + 449.89000677842245  + 353.0554262673542  + 424.14467166385464  + 478.4318721669397  + 744.1375061779579  + 399.7612278468747  + 353.1311292433111  + 429.90327214818814  + 640.9026437226657  + 304.65468862309615  + 836.0412833799782  + 634.0402636807028  + 439.65621774257784  + 401.3934069145642  + 513.9010169488998  + 439.46691589204613  + 452.86402431046037  + 469.02143059650643  + 463.06167721162245  + 569.7101583131005  + 
total node:39/39
-------------------
Traveling energy: 2075.4751433057413
Charging energy: 84699.95837567089
Total energy used: 86775.43351897663
-------------------
Total time for travel: 2075.4751433057413
Total time for charging: 16939.991675134177
Charging round duration: 19015.46681843992
-------------------
ID | p | E0 | time_arrive | E_remain | time_charge | energy_charge| E_after_charge | E_after_cycle
481 | 0.06 | 9440.61 | 133.18 | 9432.62 | 276.80 | 1383.99 | 10800.00 | 9395.40
505 | 0.12 | 10025.02 | 476.61 | 9967.83 | 170.53 | 852.63 | 10800.00 | 8019.26
472 | 0.13 | 7828.80 | 685.50 | 7739.69 | 628.40 | 3142.01 | 10800.00 | 7874.21
473 | 0.05 | 9105.75 | 1356.01 | 9037.95 | 305.12 | 1525.61 | 10548.30 | 9440.36
475 | 0.07 | 9275.12 | 1717.63 | 9154.89 | 333.69 | 1668.47 | 10800.00 | 9276.19
488 | 0.09 | 9375.02 | 2084.17 | 9187.45 | 328.42 | 1642.11 | 10800.00 | 8873.33
477 | 0.06 | 9434.57 | 2505.36 | 9284.25 | 306.83 | 1534.16 | 10800.00 | 9539.53
482 | 0.06 | 9434.48 | 2855.79 | 9263.13 | 311.11 | 1555.53 | 10800.00 | 9560.81
503 | 0.06 | 9451.09 | 3218.62 | 9257.97 | 312.15 | 1560.76 | 10800.00 | 9582.65
491 | 0.09 | 9498.82 | 3622.50 | 9172.79 | 331.41 | 1657.04 | 10800.00 | 9012.05
474 | 0.07 | 9249.78 | 4004.22 | 8969.48 | 371.30 | 1856.51 | 10800.00 | 9438.89
485 | 0.12 | 8716.24 | 4449.96 | 8182.24 | 536.43 | 2682.13 | 10800.00 | 8539.97
479 | 0.09 | 8997.83 | 5082.26 | 8540.43 | 460.20 | 2300.99 | 10800.00 | 9155.02
501 | 0.13 | 9673.72 | 5607.38 | 8944.76 | 380.95 | 1904.77 | 10800.00 | 8481.88
492 | 0.14 | 8895.56 | 5998.14 | 8055.82 | 564.65 | 2823.23 | 10800.00 | 8383.99
495 | 0.08 | 9688.08 | 6576.57 | 9161.95 | 332.94 | 1664.68 | 10800.00 | 9447.16
494 | 0.07 | 9711.83 | 6919.26 | 9227.48 | 318.97 | 1594.84 | 10800.00 | 9639.28
480 | 0.09 | 9046.85 | 7249.05 | 8394.43 | 489.93 | 2449.66 | 10800.00 | 9352.71
493 | 0.09 | 9619.86 | 7782.11 | 8919.47 | 383.00 | 1915.00 | 10800.00 | 9391.06
487 | 0.09 | 9336.03 | 8277.70 | 8591.04 | 449.89 | 2249.45 | 10800.00 | 9441.68
484 | 0.06 | 9443.39 | 8827.10 | 8913.77 | 353.06 | 1765.28 | 10657.86 | 9779.47
486 | 0.08 | 9448.90 | 9196.11 | 8713.21 | 424.14 | 2120.72 | 10800.00 | 9664.02
499 | 0.12 | 9626.49 | 9676.96 | 8465.25 | 478.43 | 2392.16 | 10800.00 | 9160.25
497 | 0.17 | 8934.66 | 10169.67 | 7205.82 | 744.14 | 3720.69 | 10800.00 | 8605.95
508 | 0.12 | 10161.27 | 10934.24 | 8849.17 | 399.76 | 1998.81 | 10800.00 | 9301.68
489 | 0.06 | 9441.37 | 11339.65 | 8760.99 | 353.13 | 1765.66 | 10505.46 | 9777.83
496 | 0.09 | 9748.24 | 11767.34 | 8689.17 | 429.90 | 2149.52 | 10800.00 | 9753.95
476 | 0.10 | 8670.17 | 12209.62 | 7449.21 | 640.90 | 3204.51 | 10589.63 | 9492.68
471 | 0.05 | 9119.73 | 12859.50 | 8476.75 | 304.65 | 1523.27 | 9984.79 | 9452.00
483 | 0.13 | 8441.36 | 13176.01 | 6728.48 | 836.04 | 4180.21 | 10800.00 | 9524.97
478 | 0.10 | 8764.01 | 14053.44 | 7358.67 | 634.04 | 3170.20 | 10465.46 | 9552.21
500 | 0.09 | 9966.69 | 14726.66 | 8641.29 | 439.66 | 2198.28 | 10800.00 | 10021.17
502 | 0.07 | 9690.53 | 15192.28 | 8627.07 | 401.39 | 2006.97 | 10605.94 | 10030.10
504 | 0.11 | 10005.49 | 15622.46 | 8287.02 | 513.90 | 2569.51 | 10800.00 | 9954.80
507 | 0.09 | 10100.36 | 16201.58 | 8642.22 | 439.47 | 2197.33 | 10800.00 | 10153.89
509 | 0.08 | 9816.17 | 16719.18 | 8478.63 | 452.86 | 2264.32 | 10706.72 | 10174.89
506 | 0.10 | 10223.50 | 17217.03 | 8501.79 | 469.02 | 2345.11 | 10800.00 | 10186.60
490 | 0.08 | 9599.99 | 17782.63 | 8177.38 | 463.06 | 2315.31 | 10455.65 | 10009.70
498 | 0.10 | 9753.62 | 18265.07 | 7927.11 | 569.71 | 2848.55 | 10718.69 | 10220.17
Vehicle 13
Charging tour: 
513  -> 522  -> 524  -> 518  -> 510  -> 516  -> 514  -> 537  -> 515  -> 530  -> 517  -> 525  -> 526  -> 529  -> 521  -> 531  -> 512  -> 538  -> 523  -> 540  -> 519  -> 528  -> 536  -> 541  -> 535  -> 534  -> 533  -> 511  -> 520  -> 539  -> 532  -> 527  -> 
Charging time: 
624.5380710100624  + 362.7064424919099  + 477.1409128225804  + 465.31900123285305  + 781.1541810197596  + 375.07835863383497  + 600.8278411273196  + 170.17861078244934  + 659.8178590220126  + 324.52984743342085  + 406.9335254361194  + 296.5140389202425  + 420.8828303957544  + 491.4989266923739  + 455.60653143238113  + 284.00901496915867  + 682.4257172184723  + 222.88860765205908  + 521.1693649030456  + 333.36262377542175  + 644.2302455571045  + 298.85334693923244  + 259.1267009020654  + 235.7000396800892  + 224.44251640294223  + 418.22293424828655  + 483.2775355119104  + 579.367442421369  + 580.3004045858042  + 423.77052555230244  + 429.7372812608475  + 414.4880936376133  + 
total node:32/32
-------------------
Traveling energy: 1759.2277610938884
Charging energy: 69740.49686835398
Total energy used: 71499.72462944787
-------------------
Total time for travel: 1759.2277610938884
Total time for charging: 13948.099373670797
Charging round duration: 15707.327134764686
-------------------
ID | p | E0 | time_arrive | E_remain | time_charge | energy_charge| E_after_charge | E_after_cycle
513 | 0.14 | 7792.00 | 194.69 | 7764.74 | 624.54 | 3122.69 | 10800.00 | 7579.89
522 | 0.10 | 9109.47 | 867.32 | 9022.74 | 362.71 | 1813.53 | 10800.00 | 8541.00
524 | 0.14 | 8655.06 | 1242.62 | 8481.10 | 477.14 | 2385.70 | 10800.00 | 7705.97
518 | 0.11 | 8722.20 | 1796.48 | 8524.59 | 465.32 | 2326.60 | 10800.00 | 8428.60
510 | 0.15 | 7357.37 | 2306.43 | 7011.40 | 781.15 | 3905.77 | 10800.00 | 7690.14
516 | 0.08 | 9204.61 | 3124.95 | 8954.61 | 375.08 | 1875.39 | 10800.00 | 9174.40
514 | 0.12 | 8293.79 | 3548.59 | 7867.96 | 600.83 | 3004.14 | 10800.00 | 8439.53
537 | 0.06 | 10209.77 | 4174.26 | 9959.32 | 170.18 | 850.89 | 10800.00 | 9631.47
515 | 0.13 | 8163.05 | 4433.60 | 7586.69 | 659.82 | 3299.09 | 10800.00 | 8365.54
530 | 0.09 | 9668.44 | 5132.00 | 9206.56 | 324.53 | 1622.65 | 10800.00 | 9147.29
517 | 0.08 | 9236.77 | 5486.00 | 8797.89 | 406.93 | 2034.67 | 10800.00 | 9365.83
525 | 0.07 | 9753.48 | 5932.72 | 9338.19 | 296.51 | 1482.57 | 10800.00 | 9568.65
526 | 0.10 | 9364.83 | 6271.60 | 8737.67 | 420.88 | 2104.41 | 10800.00 | 9087.25
529 | 0.12 | 9211.75 | 6752.18 | 8401.49 | 491.50 | 2457.49 | 10800.00 | 8810.84
521 | 0.09 | 9220.39 | 7304.65 | 8562.97 | 455.61 | 2278.03 | 10800.00 | 9354.62
531 | 0.07 | 9947.78 | 7827.83 | 9399.84 | 284.01 | 1420.05 | 10800.00 | 9700.43
512 | 0.11 | 8357.32 | 8130.73 | 7462.94 | 682.43 | 3412.13 | 10800.00 | 9149.25
538 | 0.06 | 10230.65 | 8862.00 | 9698.93 | 222.89 | 1114.44 | 10800.00 | 9915.89
523 | 0.10 | 9167.36 | 9210.94 | 8246.27 | 521.17 | 2605.85 | 10800.00 | 9391.21
540 | 0.09 | 10045.90 | 9807.87 | 9163.19 | 333.36 | 1666.81 | 10800.00 | 9568.91
519 | 0.11 | 8772.01 | 10202.66 | 7649.71 | 644.23 | 3221.15 | 10800.00 | 9372.96
528 | 0.06 | 9975.08 | 10856.85 | 9323.66 | 298.85 | 1494.27 | 10800.00 | 10040.14
536 | 0.06 | 10191.52 | 11193.47 | 9519.91 | 259.13 | 1295.63 | 10800.00 | 10057.96
541 | 0.06 | 10323.65 | 11466.78 | 9635.64 | 235.70 | 1178.50 | 10800.00 | 10072.95
535 | 0.05 | 10276.91 | 11758.09 | 9689.01 | 224.44 | 1122.21 | 10800.00 | 10208.13
534 | 0.09 | 9827.18 | 12007.24 | 8746.53 | 418.22 | 2091.11 | 10800.00 | 9774.49
533 | 0.10 | 9676.14 | 12441.96 | 8431.94 | 483.28 | 2416.39 | 10800.00 | 9710.52
511 | 0.08 | 8987.20 | 12971.07 | 7949.51 | 579.37 | 2896.84 | 10800.00 | 9978.43
520 | 0.09 | 9177.59 | 13631.81 | 7950.73 | 580.30 | 2901.50 | 10800.00 | 9935.29
539 | 0.09 | 10000.47 | 14235.42 | 8719.29 | 423.77 | 2118.85 | 10800.00 | 9975.53
532 | 0.08 | 9860.49 | 14685.02 | 8685.69 | 429.74 | 2148.69 | 10800.00 | 10103.58
527 | 0.07 | 9816.99 | 15148.79 | 8756.57 | 414.49 | 2072.44 | 10800.00 | 10222.03
Vehicle 14
Charging tour: 
544  -> 579  -> 557  -> 543  -> 556  -> 571  -> 548  -> 566  -> 554  -> 542  -> 550  -> 578  -> 560  -> 580  -> 549  -> 545  -> 551  -> 565  -> 575  -> 561  -> 581  -> 547  -> 569  -> 567  -> 558  -> 562  -> 546  -> 576  -> 577  -> 563  -> 568  -> 564  -> 552  -> 553  -> 572  -> 555  -> 559  -> 570  -> 574  -> 573  -> 
Charging time: 
778.9182363903285  + 217.94553861068306  + 183.24084702641582  + 807.1563881628639  + 256.5014130219163  + 183.23223799558318  + 333.5638410187844  + 272.4913220609559  + 304.66124374443046  + 671.9390065960669  + 397.9999076889042  + 245.88986671375125  + 624.0696546731501  + 250.4509322003775  + 652.8170310892027  + 766.284762094362  + 305.9918244176834  + 542.725269788192  + 408.48030870284026  + 338.2548153890692  + 516.2395870074522  + 368.71865336383746  + 475.5448805287224  + 247.56857123440392  + 484.21038238151294  + 471.49594221514604  + 793.7961036561479  + 555.1764486248816  + 242.48765860124266  + 519.0685950638328  + 298.634614990213  + 650.3076673683452  + 917.6042131677334  + 303.8489322127254  + 715.0842672173105  + 478.679389127786  + 532.2701570182401  + 786.6987338110703  + 704.3017044852838  + 340.2172051670037  + 
total node:40/40
-------------------
Traveling energy: 2317.657938551893
Charging energy: 94722.84077314225
Total energy used: 97040.49871169415
-------------------
Total time for travel: 2317.657938551893
Total time for charging: 18944.56815462845
Charging round duration: 21262.226093180343
-------------------
ID | p | E0 | time_arrive | E_remain | time_charge | energy_charge| E_after_charge | E_after_cycle
544 | 0.17 | 7069.77 | 187.92 | 7037.82 | 778.92 | 3894.59 | 10800.00 | 6914.96
579 | 0.08 | 9817.04 | 1116.71 | 9727.71 | 217.95 | 1089.73 | 10800.00 | 9001.17
557 | 0.05 | 9962.32 | 1387.27 | 9892.96 | 183.24 | 916.20 | 10800.00 | 9687.52
543 | 0.16 | 7154.50 | 1632.09 | 6893.36 | 807.16 | 4035.78 | 10800.00 | 7379.08
556 | 0.06 | 9681.42 | 2475.64 | 9532.88 | 256.50 | 1282.51 | 10800.00 | 9534.73
571 | 0.07 | 10088.95 | 2746.87 | 9896.67 | 183.23 | 916.16 | 10800.00 | 9337.71
548 | 0.07 | 9363.03 | 2964.34 | 9155.53 | 333.56 | 1667.82 | 10800.00 | 9363.45
566 | 0.07 | 9690.49 | 3341.04 | 9456.62 | 272.49 | 1362.46 | 10800.00 | 9385.55
554 | 0.07 | 9554.04 | 3657.38 | 9298.02 | 304.66 | 1523.31 | 10800.00 | 9409.94
542 | 0.12 | 8012.21 | 4093.92 | 7520.94 | 671.94 | 3359.70 | 10800.00 | 8513.50
550 | 0.08 | 9235.20 | 4916.95 | 8841.84 | 398.00 | 1990.00 | 10800.00 | 9319.60
578 | 0.06 | 9904.33 | 5317.18 | 9585.30 | 245.89 | 1229.45 | 10800.00 | 9704.58
560 | 0.15 | 8618.74 | 5636.54 | 7773.26 | 624.07 | 3120.35 | 10800.00 | 8166.09
580 | 0.05 | 9824.88 | 6334.19 | 9508.17 | 250.45 | 1252.25 | 10747.90 | 9886.13
549 | 0.12 | 8413.52 | 6660.55 | 7614.25 | 652.82 | 3264.09 | 10800.00 | 8819.20
545 | 0.13 | 8022.11 | 7337.82 | 7068.19 | 766.28 | 3831.42 | 10800.00 | 8756.93
551 | 0.06 | 9649.86 | 8154.22 | 9160.61 | 305.99 | 1529.96 | 10672.21 | 9750.62
565 | 0.13 | 9268.49 | 8550.47 | 8156.93 | 542.73 | 2713.63 | 10800.00 | 8885.51
575 | 0.08 | 9520.28 | 9125.02 | 8790.28 | 408.48 | 2042.40 | 10800.00 | 9657.08
561 | 0.07 | 9801.72 | 9561.63 | 9132.40 | 338.25 | 1691.27 | 10800.00 | 9825.59
581 | 0.12 | 9475.71 | 9958.03 | 8280.75 | 516.24 | 2581.20 | 10800.00 | 9198.51
547 | 0.07 | 9342.92 | 10485.83 | 8608.91 | 368.72 | 1843.59 | 10426.70 | 9519.12
569 | 0.11 | 9678.87 | 10948.06 | 8474.59 | 475.54 | 2377.72 | 10800.00 | 9436.40
567 | 0.05 | 9939.27 | 11490.28 | 9364.75 | 247.57 | 1237.84 | 10590.22 | 9986.11
558 | 0.09 | 9147.20 | 11768.17 | 8088.07 | 484.21 | 2421.05 | 10465.54 | 9424.45
562 | 0.09 | 9393.87 | 12284.72 | 8288.24 | 471.50 | 2357.48 | 10603.29 | 9607.54
546 | 0.13 | 8059.61 | 12756.86 | 6401.22 | 793.80 | 3968.98 | 10267.01 | 8931.99
576 | 0.12 | 9723.11 | 13603.12 | 8090.74 | 555.18 | 2775.88 | 10800.00 | 9640.60
577 | 0.05 | 10147.53 | 14256.68 | 9434.69 | 242.49 | 1212.44 | 10635.01 | 10168.96
563 | 0.10 | 9481.02 | 14567.39 | 8024.28 | 519.07 | 2595.34 | 10567.72 | 9694.36
568 | 0.06 | 9887.60 | 15115.93 | 8980.64 | 298.63 | 1493.17 | 10455.90 | 9951.57
564 | 0.12 | 9081.18 | 15462.01 | 7225.74 | 650.31 | 3251.54 | 10399.24 | 9474.32
552 | 0.15 | 8044.81 | 16123.84 | 5626.23 | 917.60 | 4588.02 | 10076.61 | 9059.83
553 | 0.06 | 9717.92 | 17088.30 | 8692.62 | 303.85 | 1519.24 | 10193.64 | 9807.96
572 | 0.14 | 9634.98 | 17427.70 | 7195.10 | 715.08 | 3575.42 | 10670.41 | 9875.60
555 | 0.09 | 9252.89 | 18186.48 | 7616.11 | 478.68 | 2393.40 | 9966.43 | 9502.49
559 | 0.10 | 9245.87 | 18721.15 | 7373.75 | 532.27 | 2661.35 | 9981.88 | 9525.22
570 | 0.15 | 9383.45 | 19293.41 | 6489.44 | 786.70 | 3933.49 | 10304.93 | 9743.94
574 | 0.14 | 9782.48 | 20115.40 | 6966.33 | 704.30 | 3521.51 | 10389.23 | 9969.19
573 | 0.07 | 10125.62 | 20848.04 | 8666.26 | 340.22 | 1701.09 | 10343.53 | 10159.30
Vehicle 15
Charging tour: 
619  -> 613  -> 593  -> 601  -> 589  -> 608  -> 605  -> 602  -> 604  -> 586  -> 607  -> 588  -> 592  -> 597  -> 596  -> 616  -> 618  -> 609  -> 587  -> 615  -> 600  -> 610  -> 591  -> 620  -> 612  -> 585  -> 594  -> 584  -> 590  -> 582  -> 583  -> 606  -> 603  -> 598  -> 595  -> 611  -> 617  -> 599  -> 614  -> 
Charging time: 
487.41038013426913  + 438.9215501725285  + 390.03898641725937  + 583.820639098758  + 340.5364585854643  + 583.8212918074686  + 535.6916820526952  + 438.91457638240774  + 438.86590086631094  + 487.4110949756927  + 438.90969690333907  + 679.7417586323494  + 487.4042958559001  + 535.6937577666829  + 583.8204918253324  + 535.692254471563  + 390.0399259490811  + 583.8016123821992  + 340.28201496538594  + 487.41219956525015  + 583.8205068536756  + 679.7659057296427  + 631.8206544694099  + 583.8209375524524  + 487.4121930618678  + 487.41337064665055  + 340.61037538680785  + 631.8108691529934  + 390.119620588956  + 487.4132460864843  + 438.9181021864967  + 679.7659001283308  + 679.7638673021396  + 775.4179175748955  + 775.1071738505736  + 727.6351406228456  + 631.8349247623022  + 679.7371425752444  + 679.7658946643546  + 
total node:39/39
-------------------
Traveling energy: 2199.078439969706
Charging energy: 105800.92156003027
Total energy used: 107999.99999999997
-------------------
Total time for travel: 2199.078439969706
Total time for charging: 21160.184312006055
Charging round duration: 23359.26275197576
-------------------
ID | p | E0 | time_arrive | E_remain | time_charge | energy_charge| E_after_charge | E_after_cycle
619 | 0.09 | 7886.22 | 127.65 | 7874.73 | 487.41 | 2437.05 | 10267.91 | 8179.47
613 | 0.08 | 7784.38 | 650.88 | 7732.31 | 438.92 | 2194.61 | 9891.80 | 8073.39
593 | 0.07 | 7664.98 | 1147.14 | 7584.68 | 390.04 | 1950.19 | 9507.57 | 7947.77
601 | 0.11 | 8047.00 | 1567.07 | 7874.63 | 583.82 | 2919.10 | 10729.51 | 8345.91
589 | 0.06 | 7525.04 | 2220.02 | 7391.83 | 340.54 | 1702.68 | 9074.08 | 7798.52
608 | 0.11 | 8046.99 | 2588.83 | 7762.22 | 583.82 | 2919.11 | 10617.11 | 8345.90
605 | 0.10 | 7972.71 | 3239.12 | 7648.80 | 535.69 | 2678.46 | 10273.69 | 8269.17
602 | 0.08 | 7784.50 | 3833.12 | 7477.85 | 438.91 | 2194.57 | 9637.31 | 8073.48
604 | 0.08 | 7785.37 | 4298.54 | 7441.48 | 438.87 | 2194.33 | 9600.70 | 8074.10
586 | 0.09 | 7886.20 | 4827.99 | 7451.68 | 487.41 | 2437.06 | 9844.87 | 8179.46
607 | 0.08 | 7784.59 | 5443.22 | 7349.13 | 438.91 | 2194.55 | 9508.57 | 8073.54
588 | 0.13 | 8168.09 | 5975.68 | 7391.25 | 679.74 | 3398.71 | 10701.59 | 8470.19
592 | 0.09 | 7886.31 | 6670.68 | 7285.95 | 487.40 | 2437.02 | 9679.11 | 8179.53
597 | 0.10 | 7972.68 | 7231.52 | 7249.53 | 535.69 | 2678.47 | 9874.43 | 8269.15
596 | 0.11 | 8047.00 | 7858.79 | 7182.54 | 583.82 | 2919.10 | 10037.42 | 8345.91
616 | 0.10 | 7972.70 | 8495.54 | 7123.15 | 535.69 | 2678.46 | 9748.04 | 8269.16
618 | 0.07 | 7664.96 | 9049.09 | 7031.52 | 390.04 | 1950.20 | 8954.42 | 7947.76
609 | 0.11 | 8047.27 | 9489.19 | 7003.45 | 583.80 | 2919.01 | 9858.24 | 8346.07
587 | 0.06 | 7530.66 | 10100.29 | 6924.64 | 340.28 | 1701.41 | 8605.64 | 7802.87
615 | 0.09 | 7886.19 | 10472.88 | 6943.63 | 487.41 | 2437.06 | 9336.82 | 8179.45
600 | 0.11 | 8047.00 | 10973.49 | 6839.92 | 583.82 | 2919.10 | 9694.80 | 8345.91
610 | 0.13 | 8167.80 | 11611.35 | 6658.32 | 679.77 | 3398.83 | 9968.78 | 8470.02
591 | 0.12 | 8111.63 | 12297.97 | 6635.88 | 631.82 | 3159.10 | 9719.16 | 8412.34
620 | 0.11 | 8047.00 | 12962.76 | 6621.10 | 583.82 | 2919.10 | 9475.98 | 8345.90
612 | 0.09 | 7886.19 | 13567.81 | 6665.08 | 487.41 | 2437.06 | 9058.28 | 8179.45
585 | 0.09 | 7886.17 | 14134.35 | 6614.08 | 487.41 | 2437.07 | 9007.28 | 8179.43
594 | 0.06 | 7523.40 | 14628.43 | 6645.70 | 340.61 | 1703.05 | 8328.31 | 7797.25
584 | 0.12 | 8111.76 | 15081.93 | 6301.93 | 631.81 | 3159.05 | 9385.16 | 8412.41
590 | 0.07 | 7663.39 | 15764.97 | 6559.85 | 390.12 | 1950.60 | 8483.14 | 7946.59
582 | 0.09 | 7886.17 | 16257.65 | 6422.98 | 487.41 | 2437.07 | 8816.18 | 8179.43
583 | 0.08 | 7784.44 | 16859.74 | 6435.66 | 438.92 | 2194.59 | 8595.14 | 8073.43
606 | 0.13 | 8167.80 | 17304.91 | 5918.16 | 679.77 | 3398.83 | 9228.62 | 8470.02
603 | 0.13 | 8167.82 | 18000.12 | 5827.80 | 679.76 | 3398.82 | 9138.25 | 8470.04
598 | 0.15 | 8261.83 | 18721.54 | 5453.60 | 775.42 | 3877.09 | 9214.38 | 8565.92
595 | 0.15 | 8265.14 | 19551.06 | 5332.49 | 775.11 | 3875.54 | 9091.76 | 8567.68
611 | 0.14 | 8217.42 | 20415.33 | 5359.27 | 727.64 | 3638.18 | 8895.58 | 8520.79
617 | 0.12 | 8111.45 | 21161.79 | 5572.04 | 631.83 | 3159.17 | 8655.39 | 8412.22
599 | 0.13 | 8168.14 | 21813.59 | 5332.37 | 679.74 | 3398.69 | 8642.69 | 8470.23
614 | 0.13 | 8167.80 | 22580.09 | 5232.38 | 679.77 | 3398.83 | 8542.84 | 8470.02
Vehicle 16
Charging tour: 
625  -> 624  -> 621  -> 627  -> 622  -> 623  -> 632  -> 640  -> 635  -> 643  -> 641  -> 638  -> 633  -> 631  -> 628  -> 630  -> 636  -> 626  -> 644  -> 639  -> 647  -> 637  -> 642  -> 646  -> 645  -> 629  -> 634  -> 
Charging time: 
427.5779735981914  + 540.0008324365282  + 551.3826734491386  + 482.32005723135535  + 670.6822352565003  + 724.9977152451535  + 601.6998432032278  + 297.72564650051936  + 373.3880330599525  + 326.2456899266723  + 231.94685736701098  + 208.06993678106517  + 373.9628665001907  + 553.1904765451355  + 597.6572919251289  + 592.2606842595669  + 242.52084277063577  + 599.181741134782  + 265.651531125305  + 294.2906529162038  + 344.5966205510991  + 416.3301610561472  + 246.17414681397494  + 323.8240439178618  + 386.0365286506261  + 571.4727040530106  + 651.7259837276853  + 
total node:27/27
-------------------
Traveling energy: 1905.1774742935613
Charging energy: 59474.56885001335
Total energy used: 61379.74632430691
-------------------
Total time for travel: 1905.1774742935613
Total time for charging: 11894.91377000267
Charging round duration: 13800.09124429623
-------------------
ID | p | E0 | time_arrive | E_remain | time_charge | energy_charge| E_after_charge | E_after_cycle
625 | 0.10 | 8719.01 | 141.45 | 8704.87 | 427.58 | 2137.89 | 10800.00 | 8474.90
624 | 0.12 | 8242.52 | 647.69 | 8164.80 | 540.00 | 2700.00 | 10800.00 | 8084.12
621 | 0.11 | 8244.57 | 1280.27 | 8103.74 | 551.38 | 2756.91 | 10800.00 | 8381.28
627 | 0.11 | 8655.39 | 1944.83 | 8441.45 | 482.32 | 2411.60 | 10800.00 | 8446.79
622 | 0.13 | 7862.71 | 2530.24 | 7533.78 | 670.68 | 3353.41 | 10800.00 | 8119.52
623 | 0.14 | 7729.95 | 3238.83 | 7276.51 | 725.00 | 3624.99 | 10800.00 | 8020.14
632 | 0.14 | 8433.36 | 3983.00 | 7875.74 | 601.70 | 3008.50 | 10800.00 | 8107.06
640 | 0.08 | 9703.86 | 4608.36 | 9335.19 | 297.73 | 1488.63 | 10800.00 | 9286.89
635 | 0.09 | 9411.08 | 4937.98 | 8966.66 | 373.39 | 1866.94 | 10800.00 | 9134.22
643 | 0.09 | 9680.72 | 5362.11 | 9198.13 | 326.25 | 1631.23 | 10800.00 | 9168.15
641 | 0.06 | 9999.87 | 5761.44 | 9654.18 | 231.95 | 1159.73 | 10800.00 | 9730.40
638 | 0.05 | 10076.50 | 6128.90 | 9770.05 | 208.07 | 1040.35 | 10800.00 | 9925.85
633 | 0.08 | 9477.32 | 6465.22 | 8960.10 | 373.96 | 1869.81 | 10800.00 | 9441.53
631 | 0.11 | 8859.53 | 6951.24 | 8094.90 | 553.19 | 2765.95 | 10800.00 | 9005.29
628 | 0.11 | 8709.41 | 7563.26 | 7877.46 | 597.66 | 2988.29 | 10800.00 | 9077.50
630 | 0.11 | 8806.48 | 8205.73 | 7903.85 | 592.26 | 2961.30 | 10800.00 | 9147.58
636 | 0.05 | 10041.33 | 8836.19 | 9599.52 | 242.52 | 1212.60 | 10800.00 | 10062.94
626 | 0.10 | 8777.79 | 9137.78 | 7864.01 | 599.18 | 2995.91 | 10800.00 | 9391.70
644 | 0.06 | 10076.92 | 9820.60 | 9487.68 | 265.65 | 1328.26 | 10800.00 | 9975.97
639 | 0.06 | 9955.46 | 10154.28 | 9346.20 | 294.29 | 1471.45 | 10800.00 | 9997.71
647 | 0.08 | 9942.65 | 10475.80 | 9104.58 | 344.60 | 1722.98 | 10800.00 | 9760.03
637 | 0.08 | 9622.00 | 10879.31 | 8751.66 | 416.33 | 2081.65 | 10800.00 | 9798.05
642 | 0.05 | 10148.88 | 11348.78 | 9581.44 | 246.17 | 1230.87 | 10800.00 | 10188.75
646 | 0.07 | 10019.32 | 11653.94 | 9203.55 | 323.82 | 1619.12 | 10800.00 | 9971.04
645 | 0.08 | 9866.68 | 12074.81 | 8900.70 | 386.04 | 1930.18 | 10800.00 | 9891.27
629 | 0.09 | 9117.55 | 12483.10 | 7994.07 | 571.47 | 2857.36 | 10800.00 | 9831.11
634 | 0.11 | 9051.44 | 13076.21 | 7613.06 | 651.73 | 3258.63 | 10800.00 | 9689.87
Vehicle 17
Charging tour: 
652  -> 679  -> 676  -> 671  -> 666  -> 653  -> 682  -> 670  -> 655  -> 649  -> 657  -> 675  -> 661  -> 650  -> 660  -> 673  -> 667  -> 665  -> 648  -> 681  -> 662  -> 685  -> 668  -> 656  -> 658  -> 674  -> 669  -> 678  -> 683  -> 654  -> 664  -> 663  -> 677  -> 651  -> 672  -> 659  -> 684  -> 680  -> 
Charging time: 
367.8187301122806  + 367.66149388023535  + 416.0117876877461  + 554.7123074483445  + 511.9663688629817  + 618.437623434218  + 416.15293355172713  + 464.2411103207011  + 583.1480892527155  + 637.5711676624126  + 267.91994008348985  + 511.9453596995516  + 269.4577417080384  + 416.1969027290211  + 697.8681544987847  + 699.706489648648  + 607.3884979940276  + 607.3878690585741  + 270.7914448783204  + 655.0268730340271  + 416.19215912740015  + 702.6409478239881  + 797.8313129351263  + 367.45697812587014  + 269.05679955668353  + 892.9041490526093  + 607.3853322962242  + 511.9716684650944  + 511.9459969431158  + 367.8566763582332  + 655.026605773948  + 703.5748820976406  + 801.9905825153052  + 415.9941780532925  + 845.3520277080113  + 559.7051134549181  + 893.8851707259183  + 607.3877546447535  + 
total node:38/38
-------------------
Traveling energy: 2010.6622194108131
Charging energy: 104347.84610601988
Total energy used: 106358.50832543068
-------------------
Total time for travel: 2010.6622194108131
Total time for charging: 20869.569221203976
Charging round duration: 22880.23144061479
-------------------
ID | p | E0 | time_arrive | E_remain | time_charge | energy_charge| E_after_charge | E_after_cycle
652 | 0.07 | 8147.86 | 145.57 | 8137.67 | 367.82 | 1839.09 | 9951.01 | 8319.55
679 | 0.07 | 8151.34 | 535.72 | 8113.84 | 367.66 | 1838.31 | 9926.41 | 8322.25
676 | 0.08 | 8233.10 | 930.47 | 8158.67 | 416.01 | 2080.06 | 10205.44 | 8407.56
671 | 0.14 | 8294.00 | 1356.44 | 8104.10 | 554.71 | 2773.56 | 10800.00 | 7732.76
666 | 0.10 | 8362.53 | 1956.50 | 8166.88 | 511.97 | 2559.83 | 10675.52 | 8540.36
653 | 0.13 | 8110.96 | 2482.67 | 7788.21 | 618.44 | 3092.19 | 10800.00 | 8106.54
682 | 0.08 | 8230.31 | 3154.67 | 7977.94 | 416.15 | 2080.76 | 10025.41 | 8405.48
670 | 0.09 | 8300.00 | 3605.67 | 7975.49 | 464.24 | 2321.21 | 10254.91 | 8477.41
655 | 0.12 | 8446.25 | 4100.10 | 7954.24 | 583.15 | 2915.74 | 10800.00 | 8503.59
649 | 0.12 | 8058.08 | 4720.28 | 7491.65 | 637.57 | 3187.86 | 10603.00 | 8387.54
657 | 0.05 | 7989.95 | 5386.50 | 7720.63 | 267.92 | 1339.60 | 9046.83 | 8138.55
675 | 0.10 | 8362.88 | 5698.36 | 7793.04 | 511.95 | 2559.73 | 10301.57 | 8540.60
661 | 0.05 | 7944.35 | 6263.10 | 7631.20 | 269.46 | 1347.29 | 8965.01 | 8100.64
650 | 0.08 | 8229.44 | 6553.67 | 7705.15 | 416.20 | 2080.98 | 9752.84 | 8404.83
660 | 0.14 | 8385.54 | 6979.87 | 7408.36 | 697.87 | 3489.34 | 10800.00 | 8540.08
673 | 0.15 | 8559.94 | 7690.08 | 7406.42 | 699.71 | 3498.53 | 10800.00 | 8485.47
667 | 0.12 | 8458.51 | 8400.83 | 7450.41 | 607.39 | 3036.94 | 10414.47 | 8637.05
665 | 0.12 | 8458.52 | 9053.25 | 7372.13 | 607.39 | 3036.94 | 10336.18 | 8637.06
648 | 0.05 | 7905.23 | 9786.06 | 7415.92 | 270.79 | 1353.96 | 8756.34 | 8068.18
681 | 0.13 | 8496.96 | 10137.23 | 7179.12 | 655.03 | 3275.13 | 10369.10 | 8675.49
662 | 0.08 | 8229.54 | 10872.05 | 7359.77 | 416.19 | 2080.96 | 9407.44 | 8404.90
685 | 0.14 | 8530.49 | 11352.31 | 6941.16 | 702.64 | 3513.20 | 10356.00 | 8708.89
668 | 0.16 | 8585.95 | 12068.25 | 6655.03 | 797.83 | 3989.16 | 10516.53 | 8763.90
656 | 0.07 | 8155.88 | 12938.14 | 7250.21 | 367.46 | 1837.28 | 9061.77 | 8325.76
658 | 0.05 | 7956.19 | 13422.05 | 7285.09 | 269.06 | 1345.28 | 8616.92 | 8110.48
674 | 0.18 | 8630.72 | 13775.98 | 6151.04 | 892.90 | 4464.52 | 10454.84 | 8807.64
669 | 0.12 | 8458.55 | 14692.59 | 6695.44 | 607.39 | 3036.93 | 9659.49 | 8637.08
678 | 0.10 | 8362.45 | 15326.80 | 6829.77 | 511.97 | 2559.86 | 9338.43 | 8540.30
683 | 0.10 | 8362.86 | 15905.99 | 6772.27 | 511.95 | 2559.73 | 9280.80 | 8540.59
654 | 0.07 | 8147.02 | 16497.95 | 6992.16 | 367.86 | 1839.28 | 8805.69 | 8318.90
664 | 0.13 | 8496.96 | 16894.99 | 6300.61 | 655.03 | 3275.13 | 9490.59 | 8675.49
663 | 0.14 | 8519.16 | 17606.53 | 6054.25 | 703.57 | 3517.87 | 9473.62 | 8702.24
677 | 0.16 | 8541.42 | 18353.78 | 5604.81 | 801.99 | 4009.95 | 9486.45 | 8740.17
651 | 0.08 | 8233.45 | 19215.23 | 6696.23 | 415.99 | 2079.97 | 8742.92 | 8407.82
672 | 0.17 | 8609.75 | 19704.94 | 5259.91 | 845.35 | 4226.76 | 9342.96 | 8787.11
659 | 0.11 | 8414.20 | 20634.35 | 6144.42 | 559.71 | 2798.53 | 8881.38 | 8592.52
684 | 0.18 | 8621.25 | 21236.19 | 4798.73 | 893.89 | 4469.43 | 9107.26 | 8803.07
680 | 0.12 | 8458.52 | 22165.07 | 5798.71 | 607.39 | 3036.94 | 8762.76 | 8637.06
Vehicle 18
Charging tour: 
725  -> 691  -> 724  -> 692  -> 712  -> 717  -> 694  -> 705  -> 687  -> 688  -> 710  -> 700  -> 686  -> 708  -> 697  -> 690  -> 701  -> 711  -> 706  -> 715  -> 726  -> 721  -> 719  -> 693  -> 695  -> 716  -> 696  -> 689  -> 713  -> 723  -> 699  -> 727  -> 714  -> 704  -> 698  -> 702  -> 703  -> 722  -> 709  -> 707  -> 720  -> 718  -> 
Charging time: 
455.1608527860143  + 407.2423616209201  + 503.0398659121686  + 407.3193864731804  + 455.1667766540894  + 734.2118545052308  + 358.92111448731964  + 598.7552411341385  + 359.3122128441237  + 646.61514132857  + 598.7561405439023  + 646.6158392576724  + 503.0582471354884  + 311.2748636653703  + 598.7552546588493  + 262.7502299678403  + 311.1701549785555  + 358.9119531031936  + 359.3594216413712  + 550.9041153193622  + 694.4566327774817  + 262.71994497112433  + 407.1241838594594  + 359.3383693194371  + 407.2882651886484  + 598.755085415994  + 694.4884155064238  + 646.6150550842433  + 598.7546583308924  + 550.9066176424469  + 646.6151022018562  + 646.6150658493699  + 407.19947129524843  + 309.93716839712573  + 742.3455624822984  + 311.0002705247803  + 259.85151910527634  + 789.9077210454057  + 359.2444484847845  + 598.7549361986527  + 742.0909064228326  + 646.6150890100574  + 
total node:42/42
-------------------
Traveling energy: 2194.330307641974
Charging energy: 105539.62758565601
Total energy used: 107733.95789329798
-------------------
Total time for travel: 2194.330307641974
Total time for charging: 21107.925517131203
Charging round duration: 23302.255824773176
-------------------
ID | p | E0 | time_arrive | E_remain | time_charge | energy_charge| E_after_charge | E_after_cycle
725 | 0.09 | 7448.58 | 48.94 | 7444.17 | 455.16 | 2275.80 | 9679.01 | 7580.58
691 | 0.08 | 7400.02 | 511.92 | 7359.07 | 407.24 | 2036.21 | 9362.70 | 7530.63
724 | 0.10 | 7488.48 | 1023.45 | 7386.13 | 503.04 | 2515.20 | 9851.03 | 7621.67
692 | 0.08 | 7398.62 | 1585.61 | 7271.77 | 407.32 | 2036.60 | 9275.78 | 7529.62
712 | 0.09 | 7448.48 | 2064.67 | 7262.66 | 455.17 | 2275.83 | 9497.53 | 7580.52
717 | 0.16 | 7654.37 | 2549.69 | 7246.41 | 734.21 | 3671.06 | 10800.00 | 7514.22
694 | 0.07 | 7346.74 | 3311.92 | 7114.91 | 358.92 | 1794.61 | 8884.39 | 7473.95
705 | 0.12 | 7549.67 | 3694.51 | 7106.33 | 598.76 | 2993.78 | 10028.25 | 7685.04
687 | 0.07 | 7338.75 | 4322.44 | 7036.18 | 359.31 | 1796.56 | 8807.58 | 7467.91
688 | 0.13 | 7573.44 | 4725.39 | 6959.14 | 646.62 | 3233.08 | 10108.16 | 7709.92
710 | 0.12 | 7549.65 | 5405.15 | 6901.04 | 598.76 | 2993.78 | 9822.97 | 7685.03
700 | 0.13 | 7573.43 | 6038.11 | 6788.48 | 646.62 | 3233.08 | 9937.50 | 7709.91
686 | 0.10 | 7488.20 | 6732.32 | 6814.97 | 503.06 | 2515.29 | 9279.95 | 7621.49
708 | 0.06 | 7261.11 | 7273.42 | 6824.70 | 311.27 | 1556.37 | 8362.40 | 7388.28
697 | 0.12 | 7549.67 | 7644.84 | 6632.28 | 598.76 | 2993.78 | 9554.21 | 7685.04
690 | 0.05 | 7168.41 | 8252.40 | 6755.79 | 262.75 | 1313.75 | 8056.40 | 7291.16
701 | 0.06 | 7263.55 | 8523.79 | 6752.13 | 311.17 | 1555.85 | 8289.31 | 7390.20
711 | 0.07 | 7346.93 | 8875.85 | 6725.62 | 358.91 | 1794.56 | 8495.06 | 7474.09
706 | 0.07 | 7337.78 | 9268.99 | 6688.95 | 359.36 | 1796.80 | 8460.60 | 7467.18
715 | 0.11 | 7521.64 | 9766.13 | 6447.36 | 550.90 | 2754.52 | 9141.29 | 7655.96
726 | 0.14 | 7594.14 | 10353.88 | 6144.60 | 694.46 | 3472.28 | 9519.66 | 7731.62
721 | 0.05 | 7169.23 | 11146.99 | 6611.88 | 262.72 | 1313.60 | 7912.35 | 7291.83
719 | 0.08 | 7402.17 | 11435.57 | 6487.32 | 407.12 | 2035.62 | 8490.37 | 7532.19
693 | 0.07 | 7338.21 | 11880.13 | 6506.60 | 359.34 | 1796.69 | 8278.14 | 7467.50
695 | 0.08 | 7399.19 | 12319.64 | 6413.61 | 407.29 | 2036.44 | 8417.47 | 7530.03
716 | 0.12 | 7549.67 | 12739.32 | 6020.95 | 598.76 | 2993.78 | 8942.87 | 7685.04
696 | 0.14 | 7593.79 | 13416.26 | 5715.52 | 694.49 | 3472.44 | 9090.73 | 7731.44
689 | 0.13 | 7573.44 | 14153.60 | 5733.47 | 646.62 | 3233.08 | 8882.49 | 7709.92
713 | 0.12 | 7549.67 | 14835.75 | 5769.38 | 598.75 | 2993.77 | 8691.31 | 7685.05
723 | 0.11 | 7521.60 | 15485.59 | 5818.19 | 550.91 | 2754.53 | 8512.12 | 7655.94
699 | 0.13 | 7573.44 | 16067.05 | 5484.73 | 646.62 | 3233.08 | 8633.74 | 7709.92
727 | 0.13 | 7573.44 | 16760.54 | 5394.57 | 646.62 | 3233.08 | 8543.59 | 7709.92
714 | 0.08 | 7400.80 | 17439.26 | 6005.66 | 407.20 | 2036.00 | 8009.08 | 7531.20
704 | 0.06 | 7292.45 | 17914.91 | 6217.55 | 309.94 | 1549.69 | 7748.64 | 7412.93
698 | 0.15 | 7611.69 | 18333.75 | 4861.63 | 742.35 | 3711.73 | 8462.00 | 7750.41
702 | 0.06 | 7267.52 | 19118.36 | 6120.42 | 311.00 | 1555.00 | 7656.76 | 7393.32
703 | 0.05 | 7248.37 | 19503.88 | 6273.18 | 259.85 | 1299.26 | 7559.44 | 7356.63
722 | 0.16 | 7630.26 | 19821.11 | 4458.88 | 789.91 | 3949.54 | 8282.04 | 7768.60
709 | 0.07 | 7340.13 | 20663.38 | 5893.69 | 359.24 | 1796.22 | 7664.77 | 7468.95
707 | 0.12 | 7549.67 | 21038.90 | 5025.00 | 598.75 | 2993.77 | 7946.93 | 7685.04
720 | 0.15 | 7614.30 | 21718.28 | 4356.56 | 742.09 | 3710.45 | 7955.70 | 7751.75
718 | 0.13 | 7573.44 | 22479.88 | 4651.06 | 646.62 | 3233.08 | 7800.07 | 7709.92
Vehicle 19
Charging tour: 
730  -> 731  -> 735  -> 728  -> 760  -> 750  -> 738  -> 751  -> 736  -> 763  -> 733  -> 745  -> 742  -> 765  -> 753  -> 741  -> 734  -> 747  -> 746  -> 732  -> 755  -> 737  -> 743  -> 757  -> 748  -> 740  -> 756  -> 759  -> 762  -> 739  -> 752  -> 729  -> 754  -> 758  -> 766  -> 761  -> 749  -> 744  -> 764  -> 
Charging time: 
309.3385886284462  + 360.06957474626364  + 309.97318491896795  + 651.0734133677907  + 274.07313628378625  + 321.42212030950105  + 328.3535054643922  + 439.41955161604704  + 309.0944732495438  + 380.24547402787744  + 358.18759205537333  + 525.9767908195532  + 583.2168037302216  + 364.4013509279886  + 386.9053509846309  + 493.9049947823785  + 545.105391287219  + 264.28705425553164  + 512.3509054394624  + 358.70414951284596  + 495.4453505512905  + 474.17463560644967  + 704.2180423977143  + 623.8598671801825  + 622.4726386802124  + 729.6872169728281  + 628.1074721310607  + 565.4723498639007  + 642.873886476769  + 597.5624158428469  + 719.3824081573414  + 1057.5603117746996  + 764.7844227373055  + 310.2465829298012  + 636.7586606629916  + 309.8414003563711  + 310.1614602378384  + 517.6483103756964  + 493.98417522408425  + 
total node:39/39
-------------------
Traveling energy: 2838.932402344537
Charging energy: 96401.72507283605
Total energy used: 99240.65747518059
-------------------
Total time for travel: 2838.932402344537
Total time for charging: 19280.34501456721
Charging round duration: 22119.277416911747
-------------------
ID | p | E0 | time_arrive | E_remain | time_charge | energy_charge| E_after_charge | E_after_cycle
730 | 0.06 | 9261.11 | 162.41 | 9251.37 | 309.34 | 1546.69 | 10779.50 | 9378.60
731 | 0.08 | 9071.97 | 543.89 | 9028.46 | 360.07 | 1800.35 | 10800.00 | 8966.72
735 | 0.06 | 9242.15 | 970.25 | 9183.94 | 309.97 | 1549.87 | 10715.20 | 9362.82
728 | 0.13 | 7799.94 | 1312.80 | 7629.27 | 651.07 | 3255.37 | 10800.00 | 7958.70
760 | 0.11 | 9678.66 | 1989.80 | 9459.78 | 274.07 | 1370.37 | 10800.00 | 8428.83
750 | 0.07 | 9384.47 | 2415.39 | 9215.39 | 321.42 | 1607.11 | 10800.00 | 9324.18
738 | 0.07 | 9385.82 | 2922.92 | 9181.22 | 328.35 | 1641.77 | 10800.00 | 9360.19
751 | 0.11 | 9010.58 | 3266.73 | 8651.24 | 439.42 | 2197.10 | 10800.00 | 8587.48
736 | 0.06 | 9268.42 | 3718.16 | 9045.33 | 309.09 | 1545.47 | 10572.26 | 9384.70
763 | 0.15 | 9567.87 | 4080.37 | 8955.81 | 380.25 | 1901.23 | 10800.00 | 7896.09
733 | 0.07 | 9331.11 | 4500.51 | 9016.08 | 358.19 | 1790.94 | 10781.94 | 9454.65
745 | 0.13 | 8875.54 | 4900.38 | 8238.49 | 525.98 | 2629.88 | 10800.00 | 8408.83
742 | 0.13 | 8672.19 | 5480.46 | 7959.73 | 583.22 | 2916.08 | 10800.00 | 8491.68
765 | 0.08 | 9500.67 | 6169.08 | 9007.15 | 364.40 | 1822.01 | 10800.00 | 9417.08
753 | 0.08 | 9420.45 | 6550.35 | 8896.43 | 386.91 | 1934.53 | 10800.00 | 9449.38
741 | 0.10 | 9083.34 | 7034.78 | 8379.87 | 493.90 | 2469.52 | 10800.00 | 9170.87
734 | 0.10 | 8759.22 | 7577.13 | 8001.51 | 545.11 | 2725.53 | 10672.52 | 9102.75
747 | 0.05 | 9033.17 | 8200.85 | 8623.12 | 264.29 | 1321.44 | 9931.34 | 9163.60
746 | 0.11 | 9230.73 | 8510.26 | 8294.60 | 512.35 | 2561.75 | 10800.00 | 9172.29
732 | 0.07 | 9317.67 | 9099.79 | 8680.69 | 358.70 | 1793.52 | 10449.10 | 9443.80
755 | 0.10 | 9319.77 | 9474.54 | 8372.32 | 495.45 | 2477.23 | 10800.00 | 9415.00
737 | 0.09 | 9062.54 | 10016.69 | 8161.04 | 474.17 | 2370.87 | 10489.24 | 9289.62
743 | 0.13 | 8737.14 | 10512.95 | 7370.46 | 704.22 | 3521.09 | 10800.00 | 9161.63
757 | 0.13 | 9226.45 | 11266.48 | 7761.80 | 623.86 | 3119.30 | 10800.00 | 9249.14
748 | 0.12 | 9204.64 | 12033.15 | 7760.66 | 622.47 | 3112.36 | 10798.33 | 9458.60
740 | 0.13 | 8506.53 | 12677.08 | 6858.51 | 729.69 | 3648.44 | 10412.09 | 9058.37
756 | 0.14 | 9637.01 | 13497.25 | 7747.40 | 628.11 | 3140.54 | 10800.00 | 9442.75
759 | 0.12 | 9747.00 | 14220.91 | 8040.49 | 565.47 | 2827.36 | 10800.00 | 9715.96
762 | 0.14 | 9762.83 | 14908.58 | 7675.63 | 642.87 | 3214.37 | 10800.00 | 9642.40
739 | 0.11 | 8789.32 | 15678.57 | 7064.68 | 597.56 | 2987.81 | 9986.76 | 9156.93
752 | 0.14 | 9292.11 | 16405.59 | 6995.32 | 719.38 | 3596.91 | 10491.52 | 9554.22
729 | 0.16 | 7223.72 | 17177.16 | 4475.37 | 1057.56 | 5287.80 | 9593.96 | 8700.32
754 | 0.15 | 9364.79 | 18264.93 | 6625.05 | 764.78 | 3823.92 | 10334.26 | 9615.71
758 | 0.06 | 9234.01 | 19105.56 | 8087.67 | 310.25 | 1551.23 | 9620.29 | 9356.04
766 | 0.13 | 9747.98 | 19448.45 | 7219.68 | 636.76 | 3183.79 | 10320.69 | 9835.17
761 | 0.06 | 9246.08 | 20157.53 | 8036.63 | 309.84 | 1549.21 | 9567.25 | 9366.09
749 | 0.06 | 9236.54 | 20565.99 | 8002.58 | 310.16 | 1550.81 | 9534.78 | 9358.15
744 | 0.10 | 9223.83 | 20936.66 | 7130.16 | 517.65 | 2588.24 | 9666.64 | 9430.07
764 | 0.10 | 9665.69 | 21471.47 | 7518.54 | 493.98 | 2469.92 | 9939.07 | 9753.61
Network survivability: 100.0%
networkSurvivabilityOverThousand: 76.6%
Average dead duration: 115642.63372706056
Traveling energy: 46511.45917936235
total calculate time: 49.057058572769165
