total sensor 766
condition 16.786488098769937
gen: 1
2000
gen: 2
2000
gen: 3
2000
gen: 4
2000
gen: 5
2000
gen: 6
2000
gen: 7
2000
gen: 8
2000
gen: 9
2000
gen: 10
2000
gen: 11
2000
gen: 12
2000
gen: 13
2000
gen: 14
2000
gen: 15
2000
gen: 16
2000
gen: 17
2000
gen: 18
2000
gen: 19
2000
gen: 20
2000
gen: 21
2000
gen: 22
2000
gen: 23
2000
gen: 24
2000
gen: 25
2000
gen: 26
2000
gen: 27
2000
gen: 28
2000
gen: 29
2000
gen: 30
2000
gen: 31
2000
gen: 32
2000
gen: 33
2000
gen: 34
2000
gen: 35
2000
gen: 36
2000
gen: 37
2000
gen: 38
2000
gen: 39
2000
gen: 40
2000
gen: 41
2000
gen: 42
2000
gen: 43
2000
gen: 44
2000
gen: 45
2000
gen: 46
2000
gen: 47
2000
gen: 48
2000
gen: 49
2000
gen: 50
2000
Number of charging vehicles: 20
Survey time: 23820.006762148878
Network clustering infor: 
Cluster 0:
[1, 2, 3, 4, 5, 6, 7, 8, 9, 10, 11, 12, 13, 14, 15, 16, 17, 18, 19, 20, 21, 22, 23, 24, 25, 26, 27, 28, 29, 30, 31, 32, 33, 34, 35, 36, 37, 38, 39, 40, 41, 42]
Cluster 1:
[43, 44, 45, 46, 47, 48, 49, 50, 51, 52, 53, 54, 55, 56, 57, 58, 59, 60, 61, 62, 63, 64, 65, 66, 67, 68, 69, 70, 71, 72, 73, 74, 75, 76, 77, 78, 79, 80, 81, 82, 83]
Cluster 2:
[84, 85, 86, 87, 88, 89, 90, 91, 92, 93, 94, 95, 96, 97, 98, 99, 100, 101, 102, 103, 104, 105, 106, 107, 108, 109, 110, 111, 112, 113, 114, 115, 116, 117, 118, 119, 120, 121]
Cluster 3:
[122, 123, 124, 125, 126, 127, 128, 129, 130, 131, 132, 133, 134, 135, 136, 137, 138, 139, 140, 141, 142, 143, 144, 145, 146, 147, 148, 149, 150, 151, 152, 153, 154, 155, 156, 157]
Cluster 4:
[158, 159, 160, 161, 162, 163, 164, 165, 166, 167, 168, 169, 170, 171, 172, 173, 174, 175, 176, 177, 178, 179, 180, 181, 182, 183, 184, 185, 186, 187, 188, 189]
Cluster 5:
[190, 191, 192, 193, 194, 195, 196, 197, 198, 199, 200, 201, 202, 203, 204, 205, 206, 207, 208, 209, 210, 211, 212, 213, 214, 215, 216, 217, 218, 219, 220, 221, 222, 223, 224, 225, 226, 227, 228, 229, 230, 231, 232]
Cluster 6:
[233, 234, 235, 236, 237, 238, 239, 240, 241, 242, 243, 244, 245, 246, 247, 248, 249, 250, 251, 252, 253, 254, 255, 256, 257, 258, 259, 260, 261, 262, 263, 264, 265, 266, 267, 268, 269, 270, 271, 272, 273]
Cluster 7:
[274, 275, 276, 277, 278, 279, 280, 281, 282, 283, 284, 285, 286, 287, 288, 289, 290, 291, 292, 293, 294, 295, 296, 297, 298, 299, 300, 301, 302, 303, 304, 305, 306, 307, 308, 309, 310, 311, 312, 313]
Cluster 8:
[314, 315, 316, 317, 318, 319, 320, 321, 322, 323, 324, 325, 326, 327, 328, 329, 330, 331, 332, 333, 334, 335, 336, 337, 338, 339, 340, 341, 342, 343, 344, 345, 346, 347, 348, 349, 350, 351, 352]
Cluster 9:
[353, 354, 355, 356, 357, 358, 359, 360, 361, 362, 363, 364, 365, 366, 367, 368, 369, 370, 371, 372, 373, 374, 375, 376, 377, 378, 379, 380, 381, 382, 383, 384, 385, 386, 387, 388, 389, 390, 391, 392, 393]
Cluster 10:
[394, 395, 396, 397, 398, 399, 400, 401, 402, 403, 404, 405, 406, 407, 408, 409, 410, 411, 412, 413, 414, 415, 416, 417, 418, 419, 420, 421, 422, 423, 424, 425, 426, 427, 428, 429, 430, 431, 432]
Cluster 11:
[433, 434, 435, 436, 437, 438, 439, 440, 441, 442, 443, 444, 445, 446, 447, 448, 449, 450, 451, 452, 453, 454, 455, 456, 457, 458, 459, 460, 461, 462, 463, 464, 465, 466, 467, 468, 469, 470]
Cluster 12:
[471, 472, 473, 474, 475, 476, 477, 478, 479, 480, 481, 482, 483, 484, 485, 486, 487, 488, 489, 490, 491, 492, 493, 494, 495, 496, 497, 498, 499, 500, 501, 502, 503, 504, 505, 506, 507, 508, 509]
Cluster 13:
[510, 511, 512, 513, 514, 515, 516, 517, 518, 519, 520, 521, 522, 523, 524, 525, 526, 527, 528, 529, 530, 531, 532, 533, 534, 535, 536, 537, 538, 539, 540, 541]
Cluster 14:
[542, 543, 544, 545, 546, 547, 548, 549, 550, 551, 552, 553, 554, 555, 556, 557, 558, 559, 560, 561, 562, 563, 564, 565, 566, 567, 568, 569, 570, 571, 572, 573, 574, 575, 576, 577, 578, 579, 580, 581]
Cluster 15:
[582, 583, 584, 585, 586, 587, 588, 589, 590, 591, 592, 593, 594, 595, 596, 597, 598, 599, 600, 601, 602, 603, 604, 605, 606, 607, 608, 609, 610, 611, 612, 613, 614, 615, 616, 617, 618, 619, 620]
Cluster 16:
[621, 622, 623, 624, 625, 626, 627, 628, 629, 630, 631, 632, 633, 634, 635, 636, 637, 638, 639, 640, 641, 642, 643, 644, 645, 646, 647]
Cluster 17:
[648, 649, 650, 651, 652, 653, 654, 655, 656, 657, 658, 659, 660, 661, 662, 663, 664, 665, 666, 667, 668, 669, 670, 671, 672, 673, 674, 675, 676, 677, 678, 679, 680, 681, 682, 683, 684, 685]
Cluster 18:
[686, 687, 688, 689, 690, 691, 692, 693, 694, 695, 696, 697, 698, 699, 700, 701, 702, 703, 704, 705, 706, 707, 708, 709, 710, 711, 712, 713, 714, 715, 716, 717, 718, 719, 720, 721, 722, 723, 724, 725, 726, 727]
Cluster 19:
[728, 729, 730, 731, 732, 733, 734, 735, 736, 737, 738, 739, 740, 741, 742, 743, 744, 745, 746, 747, 748, 749, 750, 751, 752, 753, 754, 755, 756, 757, 758, 759, 760, 761, 762, 763, 764, 765, 766]
Vehicle 0
Charging tour: 
41  -> 12  -> 3  -> 29  -> 5  -> 23  -> 25  -> 35  -> 36  -> 10  -> 34  -> 11  -> 26  -> 31  -> 27  -> 16  -> 15  -> 9  -> 30  -> 37  -> 18  -> 22  -> 42  -> 32  -> 40  -> 13  -> 21  -> 39  -> 6  -> 17  -> 2  -> 8  -> 33  -> 7  -> 14  -> 4  -> 24  -> 1  -> 28  -> 19  -> 20  -> 
Charging time: 
504.45459486700145  + 695.1302053575321  + 603.205513517141  + 504.4566723883266  + 405.62314596874364  + 355.95003892792437  + 701.8739947146462  + 603.2054659534307  + 305.96664188825326  + 553.8441381860692  + 701.8668554332629  + 652.5499910002894  + 504.4537970728535  + 741.1871220884384  + 405.6217759310852  + 306.73061029917625  + 504.4523522373535  + 701.8741429952482  + 504.456352546119  + 504.45317239087245  + 603.2055000582127  + 306.71054660418537  + 255.66444575932314  + 553.8398655847581  + 553.8400333187423  + 701.8734310407687  + 405.6369398915834  + 455.03849731626167  + 701.8741443062357  + 306.4597190601784  + 356.09352175548844  + 701.4899000081682  + 356.11798735336623  + 356.2003645038633  + 405.6256182800361  + 553.8405405861416  + 405.62028807251346  + 652.550003634571  + 504.45645670631353  + 603.2038702185422  + 652.3519837520898  + 
total node:41/42
-------------------
Traveling energy: 2234.7487921244465
Charging energy: 105765.25120787555
Total energy used: 108000.0
-------------------
Total time for travel: 2234.7487921244465
Total time for charging: 21153.05024157511
Charging round duration: 23387.799033699557
-------------------
ID | p | E0 | time_arrive | E_remain | time_charge | energy_charge| E_after_charge | E_after_cycle
41 | 0.10 | 6251.50 | 64.97 | 6245.00 | 504.45 | 2522.27 | 8716.83 | 6391.77
12 | 0.14 | 6351.38 | 584.24 | 6269.58 | 695.13 | 3475.65 | 9647.92 | 6492.23
3 | 0.12 | 6273.67 | 1330.76 | 6113.98 | 603.21 | 3016.03 | 9057.63 | 6431.30
29 | 0.10 | 6251.47 | 1987.75 | 6052.70 | 504.46 | 2522.28 | 8524.53 | 6391.75
5 | 0.08 | 6219.76 | 2507.18 | 6019.18 | 405.62 | 2028.12 | 8014.85 | 6342.27
23 | 0.07 | 6201.76 | 2935.15 | 5996.30 | 355.95 | 1779.75 | 7751.13 | 6314.11
25 | 0.14 | 6290.35 | 3320.62 | 5825.46 | 701.87 | 3509.37 | 9236.57 | 6464.92
35 | 0.12 | 6273.67 | 4085.34 | 5783.43 | 603.21 | 3016.03 | 8727.08 | 6431.30
36 | 0.06 | 6184.20 | 4714.53 | 5901.32 | 305.97 | 1529.83 | 7412.80 | 6284.83
10 | 0.11 | 6263.41 | 5079.20 | 5704.70 | 553.84 | 2769.22 | 8413.00 | 6412.43
34 | 0.14 | 6290.42 | 5732.40 | 5487.88 | 701.87 | 3509.33 | 8898.95 | 6464.95
11 | 0.13 | 6282.54 | 6438.94 | 5445.48 | 652.55 | 3262.75 | 8623.40 | 6448.69
26 | 0.10 | 6251.51 | 7097.82 | 5541.72 | 504.45 | 2522.27 | 8013.55 | 6391.77
31 | 0.15 | 6382.19 | 7688.67 | 5228.89 | 741.19 | 3705.94 | 8823.64 | 6515.12
27 | 0.08 | 6219.78 | 8474.92 | 5541.78 | 405.62 | 2028.11 | 7537.44 | 6342.28
16 | 0.06 | 6168.79 | 8954.16 | 5631.54 | 306.73 | 1533.65 | 7146.79 | 6273.25
15 | 0.10 | 6251.52 | 9294.98 | 5322.03 | 504.45 | 2522.26 | 7793.84 | 6391.78
9 | 0.14 | 6290.35 | 9824.60 | 4914.91 | 701.87 | 3509.37 | 8326.01 | 6464.92
30 | 0.10 | 6251.47 | 10561.03 | 5195.37 | 504.46 | 2522.28 | 7667.21 | 6391.76
37 | 0.10 | 6251.51 | 11085.19 | 5142.99 | 504.45 | 2522.27 | 7614.81 | 6391.78
18 | 0.12 | 6273.67 | 11652.43 | 4875.38 | 603.21 | 3016.03 | 7819.03 | 6431.30
22 | 0.06 | 6169.20 | 12300.87 | 5431.14 | 306.71 | 1533.55 | 6946.29 | 6273.55
42 | 0.05 | 6167.45 | 12723.66 | 5531.27 | 255.66 | 1278.32 | 6796.81 | 6254.77
32 | 0.11 | 6263.46 | 13002.45 | 4833.19 | 553.84 | 2769.20 | 7541.47 | 6412.46
40 | 0.11 | 6263.46 | 13634.10 | 4763.71 | 553.84 | 2769.20 | 7471.99 | 6412.46
13 | 0.14 | 6290.36 | 14220.97 | 4299.42 | 701.87 | 3509.37 | 7710.53 | 6464.92
21 | 0.08 | 6219.54 | 14970.31 | 5021.92 | 405.64 | 2028.18 | 7017.65 | 6342.13
39 | 0.09 | 6237.35 | 15401.58 | 4851.21 | 455.04 | 2275.19 | 7085.45 | 6368.75
6 | 0.14 | 6290.35 | 15884.19 | 4066.56 | 701.87 | 3509.37 | 7477.67 | 6464.92
17 | 0.06 | 6174.25 | 16664.88 | 5174.35 | 306.46 | 1532.30 | 6688.26 | 6277.34
2 | 0.07 | 6199.26 | 17022.74 | 5007.67 | 356.09 | 1780.47 | 6763.21 | 6312.33
8 | 0.14 | 6293.80 | 17487.09 | 3845.60 | 701.49 | 3507.45 | 7254.84 | 6466.44
33 | 0.07 | 6198.84 | 18225.65 | 4923.04 | 356.12 | 1780.59 | 6678.70 | 6312.03
7 | 0.07 | 6197.40 | 18604.82 | 4895.06 | 356.20 | 1781.00 | 6651.13 | 6311.00
14 | 0.08 | 6219.72 | 18980.58 | 4701.27 | 405.63 | 2028.13 | 6696.95 | 6342.24
4 | 0.11 | 6263.46 | 19463.89 | 4122.43 | 553.84 | 2769.20 | 6830.71 | 6412.46
24 | 0.08 | 6219.80 | 20123.80 | 4609.90 | 405.62 | 2028.10 | 6605.55 | 6342.30
1 | 0.13 | 6282.54 | 20640.68 | 3599.26 | 652.55 | 3262.75 | 6777.18 | 6448.69
28 | 0.10 | 6251.47 | 21321.74 | 4119.30 | 504.46 | 2522.28 | 6591.14 | 6391.75
19 | 0.12 | 6273.69 | 21931.13 | 3641.96 | 603.20 | 3016.02 | 6585.59 | 6431.31
20 | 0.13 | 6284.45 | 22697.93 | 3333.72 | 652.35 | 3261.76 | 6510.67 | 6449.61
38 | 0.14 | 6290.77 | 2955.97
Vehicle 1
Charging tour: 
68  -> 45  -> 64  -> 69  -> 73  -> 71  -> 74  -> 78  -> 58  -> 48  -> 83  -> 51  -> 67  -> 79  -> 77  -> 65  -> 47  -> 43  -> 50  -> 52  -> 63  -> 61  -> 59  -> 56  -> 57  -> 82  -> 55  -> 49  -> 53  -> 46  -> 62  -> 44  -> 76  -> 81  -> 54  -> 72  -> 80  -> 75  -> 60  -> 70  -> 66  -> 
Charging time: 
357.68021618228914  + 643.0538124529642  + 690.4879513311432  + 548.0435976515373  + 452.9431875963002  + 548.0430919805095  + 405.2513366521143  + 643.0857897837709  + 548.0440328611785  + 643.0858423520458  + 595.5592180637442  + 548.0430688385846  + 643.085808484856  + 690.5979871044651  + 309.8615892958709  + 785.3768573679378  + 643.0854849563345  + 500.4991502351832  + 500.4985101917292  + 405.3153759535372  + 500.503068104785  + 357.6973912139166  + 548.0425052191027  + 405.269204728351  + 261.9170596045787  + 643.0735755751135  + 643.0743234472941  + 357.57370463873156  + 261.963103522057  + 405.31134205861343  + 357.6427269273861  + 357.6901959923747  + 595.5693604481019  + 690.5903304736427  + 548.0414968472377  + 500.5011015755387  + 357.46865465220674  + 690.5845793363891  + 309.11868059159417  + 548.0440250996651  + 595.5565215818638  + 
total node:41/41
-------------------
Traveling energy: 2783.1319011742394
Charging energy: 105184.37430487318
Total energy used: 107967.50620604743
-------------------
Total time for travel: 2783.1319011742394
Total time for charging: 21036.874860974636
Charging round duration: 23820.006762148874
-------------------
ID | p | E0 | time_arrive | E_remain | time_charge | energy_charge| E_after_charge | E_after_cycle
68 | 0.07 | 7335.30 | 75.39 | 7330.02 | 357.68 | 1788.40 | 9093.39 | 7456.30
45 | 0.13 | 7577.24 | 454.69 | 7518.13 | 643.05 | 3215.27 | 10649.80 | 7695.90
64 | 0.14 | 7599.53 | 1192.26 | 7432.61 | 690.49 | 3452.44 | 10788.38 | 7717.17
69 | 0.11 | 7523.02 | 1911.65 | 7312.74 | 548.04 | 2740.22 | 9992.67 | 7643.04
73 | 0.09 | 7447.55 | 2520.21 | 7220.73 | 452.94 | 2264.72 | 9444.68 | 7568.47
71 | 0.11 | 7523.03 | 2988.09 | 7194.34 | 548.04 | 2740.22 | 9874.27 | 7643.04
74 | 0.08 | 7399.12 | 3556.35 | 7114.62 | 405.25 | 2026.26 | 9108.45 | 7519.78
78 | 0.13 | 7576.86 | 3985.16 | 7058.79 | 643.09 | 3215.43 | 10190.62 | 7695.69
58 | 0.11 | 7523.02 | 4653.02 | 7011.18 | 548.04 | 2740.22 | 9691.12 | 7643.04
48 | 0.13 | 7576.86 | 5275.71 | 6891.02 | 643.09 | 3215.43 | 10022.84 | 7695.69
83 | 0.12 | 7552.16 | 6088.34 | 6821.56 | 595.56 | 2977.80 | 9727.89 | 7671.55
51 | 0.11 | 7523.03 | 6866.54 | 6767.71 | 548.04 | 2740.22 | 9447.64 | 7643.04
67 | 0.13 | 7576.86 | 7481.30 | 6604.29 | 643.09 | 3215.43 | 9736.12 | 7695.69
79 | 0.14 | 7598.32 | 8203.83 | 6449.78 | 690.60 | 3452.99 | 9806.09 | 7716.51
77 | 0.06 | 7257.69 | 9032.59 | 6715.73 | 309.86 | 1549.31 | 8246.45 | 7377.80
65 | 0.16 | 7635.84 | 9454.63 | 6123.10 | 785.38 | 3926.88 | 9924.32 | 7751.52
47 | 0.13 | 7576.86 | 10342.96 | 6232.28 | 643.09 | 3215.43 | 9364.10 | 7695.69
43 | 0.10 | 7488.79 | 11065.35 | 6382.25 | 500.50 | 2502.50 | 8834.70 | 7609.28
50 | 0.10 | 7488.80 | 11610.01 | 6327.79 | 500.50 | 2502.49 | 8780.24 | 7609.29
52 | 0.08 | 7397.95 | 12154.44 | 6425.60 | 405.32 | 2026.58 | 8419.75 | 7518.93
63 | 0.10 | 7488.73 | 12609.31 | 6227.80 | 500.50 | 2502.52 | 8680.26 | 7609.24
61 | 0.07 | 7334.95 | 13156.36 | 6414.00 | 357.70 | 1788.49 | 8177.45 | 7456.03
59 | 0.11 | 7523.04 | 13612.70 | 6025.64 | 548.04 | 2740.21 | 8705.57 | 7643.05
56 | 0.08 | 7398.80 | 14309.06 | 6254.07 | 405.27 | 2026.35 | 8248.00 | 7519.54
57 | 0.05 | 7155.19 | 14855.88 | 6412.39 | 261.92 | 1309.59 | 7708.88 | 7273.77
82 | 0.13 | 7577.00 | 15127.24 | 5610.46 | 643.07 | 3215.37 | 8742.23 | 7695.77
55 | 0.13 | 7576.99 | 15800.05 | 5522.99 | 643.07 | 3215.37 | 8654.76 | 7695.76
49 | 0.07 | 7337.49 | 16463.75 | 6185.02 | 357.57 | 1787.87 | 7947.86 | 7457.95
53 | 0.05 | 7153.93 | 16970.01 | 6305.43 | 261.96 | 1309.82 | 7602.15 | 7272.74
46 | 0.08 | 7398.03 | 17275.60 | 6015.98 | 405.31 | 2026.56 | 8010.11 | 7518.98
62 | 0.07 | 7336.07 | 17690.93 | 6097.70 | 357.64 | 1788.21 | 7860.88 | 7456.88
44 | 0.07 | 7335.10 | 18063.42 | 6070.66 | 357.69 | 1788.45 | 7834.07 | 7456.15
76 | 0.12 | 7552.03 | 18495.38 | 5332.58 | 595.57 | 2977.85 | 8238.96 | 7671.48
81 | 0.14 | 7598.40 | 19117.89 | 4921.90 | 690.59 | 3452.95 | 8278.17 | 7716.55
54 | 0.11 | 7523.05 | 19855.70 | 5338.92 | 548.04 | 2740.21 | 8018.85 | 7643.06
72 | 0.10 | 7488.76 | 20481.58 | 5440.60 | 500.50 | 2502.51 | 7893.05 | 7609.26
80 | 0.07 | 7339.64 | 21048.08 | 5866.28 | 357.47 | 1787.34 | 7628.60 | 7459.58
75 | 0.14 | 7598.47 | 21417.54 | 4600.01 | 690.58 | 3452.92 | 7956.25 | 7716.59
60 | 0.06 | 7275.13 | 22125.28 | 5947.61 | 309.12 | 1545.59 | 7474.66 | 7391.52
70 | 0.11 | 7523.02 | 22464.82 | 5051.89 | 548.04 | 2740.22 | 7731.82 | 7643.04
66 | 0.12 | 7552.19 | 23044.43 | 4786.86 | 595.56 | 2977.78 | 7693.18 | 7671.57
Vehicle 2
Charging tour: 
121  -> 100  -> 85  -> 92  -> 90  -> 86  -> 102  -> 103  -> 95  -> 84  -> 87  -> 91  -> 101  -> 105  -> 107  -> 96  -> 109  -> 112  -> 94  -> 120  -> 117  -> 110  -> 111  -> 108  -> 116  -> 113  -> 119  -> 99  -> 118  -> 88  -> 89  -> 98  -> 97  -> 114  -> 104  -> 106  -> 115  -> 93  -> 
Charging time: 
243.16955206859495  + 285.76433333642325  + 581.7985115998715  + 421.52132570367843  + 640.5012837021674  + 613.8200481763862  + 286.12753762395334  + 356.38975848680906  + 265.4510405864921  + 339.3431737461734  + 436.6781917962482  + 780.4019593284959  + 255.17321088392504  + 312.62774244006005  + 271.13846132080636  + 601.247886373813  + 246.34044912057763  + 253.2978799481745  + 379.38902439099076  + 197.73118977182187  + 326.72070082526704  + 497.2763932228116  + 329.92835052423806  + 267.9393314883289  + 297.3202207357386  + 397.21770002089823  + 588.7187421148251  + 682.9254949891294  + 393.60306898856516  + 694.8402031450771  + 690.3653447650945  + 580.5986925144236  + 387.23093102885446  + 354.29041842922544  + 904.8762345267052  + 494.13893424053543  + 746.5386855098103  + 824.5620949102981  + 
total node:38/38
-------------------
Traveling energy: 2655.846841929675
Charging energy: 86135.02051192644
Total energy used: 88790.86735385611
-------------------
Total time for travel: 2655.846841929675
Total time for charging: 17227.00410238529
Charging round duration: 19882.850944314967
-------------------
ID | p | E0 | time_arrive | E_remain | time_charge | energy_charge| E_after_charge | E_after_cycle
121 | 0.10 | 9627.82 | 193.50 | 9608.47 | 243.17 | 1215.85 | 10800.00 | 8461.67
100 | 0.09 | 9440.25 | 481.65 | 9396.90 | 285.76 | 1428.82 | 10800.00 | 8725.27
85 | 0.12 | 8056.07 | 793.72 | 7960.82 | 581.80 | 2908.99 | 10800.00 | 8106.66
92 | 0.10 | 8874.57 | 1400.28 | 8734.55 | 421.52 | 2107.61 | 10800.00 | 8600.18
90 | 0.14 | 7951.63 | 1889.04 | 7687.16 | 640.50 | 3202.51 | 10800.00 | 7819.34
86 | 0.12 | 8118.63 | 2617.30 | 7804.56 | 613.82 | 3069.10 | 10800.00 | 8329.33
102 | 0.08 | 9657.79 | 3319.24 | 9392.25 | 286.13 | 1430.64 | 10800.00 | 9182.83
103 | 0.10 | 9423.50 | 3698.12 | 9053.69 | 356.39 | 1781.95 | 10800.00 | 8823.45
95 | 0.06 | 9738.95 | 4171.27 | 9488.67 | 265.45 | 1327.26 | 10800.00 | 9637.00
84 | 0.06 | 9390.90 | 4454.23 | 9123.64 | 339.34 | 1696.72 | 10800.00 | 9658.41
87 | 0.08 | 9043.06 | 4894.00 | 8651.54 | 436.68 | 2183.39 | 10800.00 | 9320.85
91 | 0.15 | 7821.37 | 5375.47 | 7015.05 | 780.40 | 3902.01 | 10800.00 | 8150.38
101 | 0.06 | 9913.81 | 6239.36 | 9539.44 | 255.17 | 1275.87 | 10800.00 | 9760.47
105 | 0.08 | 9785.55 | 6545.95 | 9261.87 | 312.63 | 1563.14 | 10800.00 | 9443.09
107 | 0.06 | 9877.47 | 6948.21 | 9460.58 | 271.14 | 1355.69 | 10800.00 | 9803.96
96 | 0.12 | 8746.07 | 7334.67 | 7865.91 | 601.25 | 3006.24 | 10800.00 | 8893.91
109 | 0.06 | 10061.62 | 7975.68 | 9583.08 | 246.34 | 1231.70 | 10800.00 | 9864.12
112 | 0.07 | 10130.68 | 8277.73 | 9551.24 | 253.30 | 1266.49 | 10800.00 | 9729.77
94 | 0.07 | 9534.82 | 8645.82 | 8929.61 | 379.39 | 1896.95 | 10800.00 | 9764.36
120 | 0.07 | 10460.76 | 9079.58 | 9825.19 | 197.73 | 988.66 | 10800.00 | 9782.01
117 | 0.10 | 10128.78 | 9297.12 | 9199.07 | 326.72 | 1633.60 | 10800.00 | 9380.38
110 | 0.12 | 9537.87 | 9704.83 | 8373.29 | 497.28 | 2486.38 | 10800.00 | 9165.85
111 | 0.08 | 10000.01 | 10290.72 | 9176.75 | 329.93 | 1649.64 | 10800.00 | 9744.05
108 | 0.06 | 10114.22 | 10630.60 | 9476.38 | 267.94 | 1339.70 | 10800.00 | 10024.71
116 | 0.08 | 10215.08 | 10973.70 | 9337.18 | 297.32 | 1486.60 | 10800.00 | 9796.08
113 | 0.09 | 9865.67 | 11289.02 | 8849.66 | 397.22 | 1986.09 | 10800.00 | 9707.96
119 | 0.12 | 9332.52 | 11712.25 | 7927.05 | 588.72 | 2943.59 | 10800.00 | 9417.72
99 | 0.12 | 8944.97 | 12313.68 | 7467.32 | 682.93 | 3414.63 | 10800.00 | 9501.19
118 | 0.10 | 10180.55 | 13092.02 | 8871.34 | 393.60 | 1968.02 | 10800.00 | 9766.56
88 | 0.11 | 8433.36 | 13503.82 | 6947.94 | 694.84 | 3474.20 | 10345.70 | 9287.36
89 | 0.11 | 8488.02 | 14358.73 | 6908.56 | 690.37 | 3451.83 | 10284.45 | 9319.65
98 | 0.10 | 9175.22 | 15159.29 | 7659.29 | 580.60 | 2902.99 | 10504.23 | 9696.22
97 | 0.07 | 9629.88 | 15799.50 | 8523.91 | 387.23 | 1936.15 | 10432.96 | 9898.63
114 | 0.07 | 10193.15 | 16282.92 | 9053.35 | 354.29 | 1771.45 | 10800.00 | 10297.20
104 | 0.15 | 8830.69 | 16661.45 | 6331.48 | 904.88 | 4524.38 | 10720.12 | 9782.07
106 | 0.09 | 9702.56 | 17580.29 | 8120.33 | 494.14 | 2470.69 | 10546.55 | 10029.45
115 | 0.14 | 9711.70 | 18141.96 | 7171.82 | 746.54 | 3732.69 | 10800.00 | 10109.59
93 | 0.13 | 8398.71 | 18945.69 | 5935.77 | 824.56 | 4122.81 | 9951.39 | 9424.92
Vehicle 3
Charging tour: 
124  -> 134  -> 154  -> 128  -> 157  -> 152  -> 155  -> 125  -> 140  -> 122  -> 130  -> 138  -> 139  -> 135  -> 149  -> 142  -> 126  -> 143  -> 132  -> 144  -> 123  -> 146  -> 148  -> 153  -> 141  -> 127  -> 129  -> 145  -> 136  -> 147  -> 137  -> 156  -> 151  -> 133  -> 150  -> 131  -> 
Charging time: 
252.2683751639921  + 362.0813716610654  + 298.3074567040965  + 358.6831677758606  + 375.6561811540831  + 385.1493979007376  + 530.0735586900608  + 670.7605328743489  + 415.37016965041266  + 345.90081680973583  + 644.4905979373927  + 468.5191535678863  + 427.2026881541602  + 465.26997558049715  + 251.91561993011143  + 552.0472593380757  + 399.45410943626405  + 478.71483770106016  + 940.1462200096425  + 800.9242041705063  + 673.93300634876  + 611.120749700072  + 623.7692803946757  + 345.02269322467356  + 438.08516455990645  + 298.3075052169521  + 515.7584176628056  + 540.3439052596416  + 550.48151202354  + 539.8618520289034  + 1150.8132909025203  + 863.0604140634834  + 623.8865182208691  + 758.888616353909  + 661.8038173140708  + 850.2288535793208  + 
total node:36/36
-------------------
Traveling energy: 2090.7026477555314
Charging energy: 97341.50645532047
Total energy used: 99432.209103076
-------------------
Total time for travel: 2090.7026477555314
Total time for charging: 19468.301291064094
Charging round duration: 21559.003938819624
-------------------
ID | p | E0 | time_arrive | E_remain | time_charge | energy_charge| E_after_charge | E_after_cycle
124 | 0.05 | 8978.07 | 180.54 | 8969.05 | 252.27 | 1261.34 | 10217.78 | 9048.42
134 | 0.10 | 9073.01 | 472.05 | 9025.80 | 362.08 | 1810.41 | 10800.00 | 8501.41
154 | 0.06 | 9110.94 | 904.68 | 9056.66 | 298.31 | 1491.54 | 10530.30 | 9173.28
128 | 0.08 | 9137.86 | 1282.27 | 9035.28 | 358.68 | 1793.42 | 10800.00 | 9025.68
157 | 0.12 | 9169.09 | 1685.76 | 8966.80 | 375.66 | 1878.28 | 10800.00 | 8188.97
152 | 0.18 | 9330.00 | 2146.78 | 8943.58 | 385.15 | 1925.75 | 10800.00 | 6968.15
155 | 0.14 | 8589.12 | 2609.15 | 8223.84 | 530.07 | 2650.37 | 10800.00 | 7904.69
125 | 0.13 | 7944.22 | 3160.20 | 7533.40 | 670.76 | 3353.80 | 10800.00 | 8201.42
140 | 0.09 | 9106.11 | 3839.78 | 8760.53 | 415.37 | 2076.85 | 10800.00 | 9039.16
122 | 0.07 | 9166.90 | 4278.18 | 8867.43 | 345.90 | 1729.50 | 10572.72 | 9229.00
130 | 0.13 | 8263.85 | 4634.75 | 7661.33 | 644.49 | 3222.45 | 10800.00 | 8389.70
138 | 0.10 | 9035.74 | 5314.86 | 8504.26 | 468.52 | 2342.60 | 10800.00 | 8996.34
139 | 0.10 | 9289.12 | 5824.13 | 8706.71 | 427.20 | 2136.01 | 10800.00 | 9043.13
135 | 0.10 | 9157.25 | 6370.73 | 8520.18 | 465.27 | 2326.35 | 10800.00 | 9101.60
149 | 0.05 | 8990.65 | 6837.48 | 8648.77 | 251.92 | 1259.58 | 9895.75 | 9059.22
142 | 0.14 | 9114.51 | 7124.73 | 8117.05 | 552.05 | 2760.24 | 10800.00 | 8539.95
126 | 0.08 | 9071.92 | 7688.93 | 8456.80 | 399.45 | 1997.27 | 10422.12 | 9163.59
143 | 0.10 | 9265.87 | 8115.74 | 8454.30 | 478.71 | 2393.57 | 10800.00 | 9277.44
132 | 0.17 | 7741.15 | 8718.00 | 6259.09 | 940.15 | 4700.73 | 10800.00 | 8392.48
144 | 0.15 | 8373.20 | 9717.87 | 6915.52 | 800.92 | 4004.62 | 10800.00 | 8804.82
123 | 0.12 | 8065.67 | 10549.90 | 6799.68 | 673.93 | 3369.67 | 10088.48 | 8576.94
146 | 0.14 | 9404.39 | 11246.00 | 7829.95 | 611.12 | 3055.60 | 10800.00 | 9125.20
148 | 0.14 | 9433.47 | 11892.78 | 7768.48 | 623.77 | 3118.85 | 10800.00 | 9217.52
153 | 0.07 | 9190.23 | 12619.51 | 8306.86 | 345.02 | 1725.11 | 10007.83 | 9247.94
141 | 0.09 | 9305.93 | 13101.00 | 8126.84 | 438.09 | 2190.43 | 10277.84 | 9352.56
127 | 0.06 | 9110.94 | 13637.81 | 8292.67 | 298.31 | 1491.54 | 9766.31 | 9173.27
129 | 0.10 | 8782.73 | 14003.46 | 7382.39 | 515.76 | 2578.79 | 9909.60 | 8979.52
145 | 0.11 | 9221.43 | 14673.88 | 7607.31 | 540.34 | 2701.72 | 10249.59 | 9302.95
136 | 0.11 | 9051.61 | 15236.55 | 7375.59 | 550.48 | 2752.41 | 10067.45 | 9183.82
147 | 0.11 | 9229.67 | 15797.41 | 7491.95 | 539.86 | 2699.31 | 10131.88 | 9308.78
137 | 0.20 | 7872.29 | 16376.24 | 4597.04 | 1150.81 | 5754.07 | 10120.95 | 8862.36
156 | 0.18 | 9447.29 | 17553.86 | 6287.60 | 863.06 | 4315.30 | 10447.55 | 9474.99
151 | 0.13 | 9438.73 | 18491.51 | 7034.84 | 623.89 | 3119.43 | 10073.17 | 9461.57
133 | 0.14 | 8356.53 | 19167.45 | 5673.09 | 758.89 | 3794.44 | 9361.29 | 8816.17
150 | 0.13 | 8897.95 | 20001.22 | 6297.79 | 661.80 | 3309.02 | 9520.78 | 9110.37
131 | 0.15 | 7991.56 | 20675.39 | 4890.25 | 850.23 | 4251.14 | 9013.86 | 8669.70
Vehicle 4
Charging tour: 
159  -> 164  -> 161  -> 180  -> 173  -> 174  -> 162  -> 167  -> 171  -> 170  -> 160  -> 175  -> 168  -> 182  -> 186  -> 179  -> 165  -> 181  -> 188  -> 169  -> 184  -> 163  -> 177  -> 166  -> 183  -> 185  -> 172  -> 187  -> 176  -> 158  -> 189  -> 178  -> 
Charging time: 
1068.7239492275153  + 732.531929201411  + 518.7192080867992  + 252.98478256907268  + 270.7276851802647  + 300.5339916126119  + 546.2258948194948  + 258.15637772549707  + 930.9438249586643  + 398.75208054611636  + 563.9738697270617  + 241.62301102815144  + 294.551556024587  + 376.0770308891189  + 371.0867283628504  + 255.00229879737293  + 1286.2282776271093  + 240.6470007917124  + 229.39685079567644  + 720.3211656196917  + 391.6039611001457  + 315.3959623469417  + 395.4912747146912  + 558.864657627864  + 648.2419443887846  + 467.53067695143295  + 799.4148163627123  + 624.505687336879  + 1036.6148543332747  + 1027.3889834577199  + 589.4517585363124  + 577.880925052072  + 
total node:32/32
-------------------
Traveling energy: 1793.324208379414
Charging energy: 86447.96507899804
Total energy used: 88241.28928737745
-------------------
Total time for travel: 1793.324208379414
Total time for charging: 17289.593015799608
Charging round duration: 19082.917224179022
-------------------
ID | p | E0 | time_arrive | E_remain | time_charge | energy_charge| E_after_charge | E_after_cycle
159 | 0.23 | 5732.46 | 131.60 | 5702.19 | 1068.72 | 5343.62 | 10800.00 | 5597.47
164 | 0.17 | 7477.44 | 1268.03 | 7261.87 | 732.53 | 3662.66 | 10800.00 | 7090.69
161 | 0.11 | 8489.92 | 2058.66 | 8263.46 | 518.72 | 2593.60 | 10800.00 | 8463.31
180 | 0.06 | 9707.92 | 2627.75 | 9550.26 | 252.98 | 1264.92 | 10800.00 | 9543.64
173 | 0.08 | 9705.64 | 2970.21 | 9468.02 | 270.73 | 1353.64 | 10800.00 | 9153.67
174 | 0.07 | 9545.98 | 3251.60 | 9318.37 | 300.53 | 1502.67 | 10800.00 | 9381.25
162 | 0.11 | 8531.23 | 3657.05 | 8128.96 | 546.23 | 2731.13 | 10800.00 | 8642.16
167 | 0.05 | 9736.81 | 4293.68 | 9522.13 | 258.16 | 1290.78 | 10800.00 | 9836.59
171 | 0.23 | 7411.31 | 4573.54 | 6359.40 | 930.94 | 4654.72 | 10800.00 | 6587.43
170 | 0.09 | 9340.48 | 5537.30 | 8842.13 | 398.75 | 1993.76 | 10800.00 | 9190.44
160 | 0.10 | 8640.11 | 6035.85 | 8036.53 | 563.97 | 2819.87 | 10800.00 | 9077.98
175 | 0.06 | 10009.07 | 6711.41 | 9606.38 | 241.62 | 1208.12 | 10800.00 | 9787.98
168 | 0.06 | 9767.11 | 7036.52 | 9344.92 | 294.55 | 1472.76 | 10800.00 | 9810.66
182 | 0.11 | 9769.28 | 7348.16 | 8960.98 | 376.08 | 1880.39 | 10800.00 | 9029.47
186 | 0.11 | 9836.57 | 7738.04 | 8985.39 | 371.09 | 1855.43 | 10800.00 | 9071.80
179 | 0.06 | 10028.62 | 8138.87 | 9540.29 | 255.00 | 1275.01 | 10800.00 | 9874.43
165 | 0.23 | 6601.86 | 8422.48 | 4664.69 | 1286.23 | 6431.14 | 10800.00 | 7554.40
181 | 0.06 | 10201.10 | 9831.67 | 9611.20 | 240.65 | 1203.24 | 10800.00 | 9975.14
188 | 0.05 | 10170.04 | 10111.03 | 9664.49 | 229.40 | 1146.98 | 10800.00 | 10126.02
169 | 0.13 | 8640.82 | 10375.27 | 7292.04 | 720.32 | 3601.61 | 10800.00 | 9145.83
184 | 0.10 | 9993.64 | 11124.98 | 8881.14 | 391.60 | 1958.02 | 10800.00 | 9569.66
163 | 0.06 | 9581.75 | 11549.80 | 8888.76 | 315.40 | 1576.98 | 10446.82 | 9729.53
177 | 0.08 | 9807.10 | 11911.46 | 8854.18 | 395.49 | 1977.46 | 10800.00 | 9878.96
166 | 0.10 | 9012.45 | 12329.58 | 7779.50 | 558.86 | 2794.32 | 10517.93 | 9424.78
183 | 0.12 | 9189.49 | 12940.93 | 7636.58 | 648.24 | 3241.21 | 10800.00 | 9572.30
185 | 0.10 | 9870.35 | 13612.54 | 8509.10 | 467.53 | 2337.65 | 10800.00 | 9826.01
172 | 0.14 | 8820.75 | 14119.09 | 6844.08 | 799.41 | 3997.07 | 10729.23 | 9483.02
187 | 0.13 | 9703.81 | 14962.68 | 7758.66 | 624.51 | 3122.53 | 10800.00 | 9729.73
176 | 0.18 | 8625.36 | 15676.91 | 5803.52 | 1036.61 | 5183.07 | 10800.00 | 9520.83
158 | 0.15 | 7353.70 | 16718.57 | 4845.92 | 1027.39 | 5136.94 | 9828.75 | 8917.65
189 | 0.12 | 10065.95 | 17853.97 | 7923.48 | 589.45 | 2947.26 | 10800.00 | 10154.81
178 | 0.11 | 9587.47 | 18460.79 | 7556.78 | 577.88 | 2889.40 | 10382.62 | 9856.67
Vehicle 5
Charging tour: 
223  -> 206  -> 196  -> 222  -> 200  -> 211  -> 191  -> 202  -> 204  -> 203  -> 229  -> 218  -> 195  -> 197  -> 220  -> 208  -> 227  -> 226  -> 209  -> 201  -> 199  -> 221  -> 225  -> 231  -> 198  -> 205  -> 213  -> 193  -> 190  -> 232  -> 194  -> 217  -> 224  -> 228  -> 212  -> 214  -> 219  -> 207  -> 192  -> 230  -> 215  -> 210  -> 
Charging time: 
266.5641093333314  + 567.1045343411403  + 566.5597377546545  + 269.3545459702541  + 318.58541841681716  + 517.1941342302911  + 719.7360397594919  + 749.1656609719942  + 368.40271291324126  + 318.92827882332904  + 763.8681692307343  + 368.7739700075883  + 318.536059939781  + 368.8196992145527  + 763.4104577802656  + 467.77038300174524  + 763.6031376933441  + 467.7577536977329  + 665.1848626103434  + 714.4522580216355  + 418.3380934347474  + 269.24634590168023  + 766.1904662067475  + 517.3754729835667  + 467.74313222356307  + 615.9245458708854  + 418.34642133235786  + 418.3420929511228  + 418.31232335976375  + 714.4381457508481  + 318.1784497033692  + 566.5610983062282  + 368.4163058375834  + 566.5591442304735  + 368.80255769110363  + 467.7901996018981  + 318.89116407160486  + 418.23885771123355  + 616.5269098754309  + 566.5600281253854  + 615.8876220935822  + 517.2009385678754  + 
total node:42/43
-------------------
Traveling energy: 2411.7494377433336
Charging energy: 105288.2111977166
Total energy used: 107699.96063545994
-------------------
Total time for travel: 2411.7494377433336
Total time for charging: 21057.642239543322
Charging round duration: 23469.391677286654
-------------------
ID | p | E0 | time_arrive | E_remain | time_charge | energy_charge| E_after_charge | E_after_cycle
223 | 0.05 | 7359.24 | 62.58 | 7356.11 | 266.56 | 1332.82 | 8675.61 | 7501.06
206 | 0.11 | 7610.17 | 375.84 | 7568.83 | 567.10 | 2835.52 | 10341.97 | 7825.49
196 | 0.11 | 7617.49 | 993.13 | 7508.24 | 566.56 | 2832.80 | 10278.72 | 7830.09
222 | 0.05 | 7283.00 | 1607.18 | 7202.64 | 269.35 | 1346.77 | 8535.95 | 7438.78
200 | 0.06 | 7389.08 | 1891.40 | 7275.59 | 318.59 | 1592.93 | 8849.40 | 7552.80
211 | 0.10 | 7585.97 | 2281.23 | 7357.85 | 517.19 | 2585.97 | 9892.10 | 7789.94
191 | 0.14 | 7631.67 | 2830.33 | 7235.42 | 719.74 | 3598.68 | 10733.34 | 7895.55
202 | 0.16 | 7757.88 | 3649.02 | 7174.04 | 749.17 | 3745.83 | 10800.00 | 7692.51
204 | 0.07 | 7454.87 | 4459.30 | 7142.72 | 368.40 | 1842.01 | 8958.94 | 7629.48
203 | 0.06 | 7381.13 | 4868.14 | 7089.04 | 318.93 | 1594.64 | 8664.55 | 7546.57
229 | 0.15 | 7704.38 | 5213.84 | 6922.30 | 763.87 | 3819.34 | 10627.06 | 7950.72
218 | 0.07 | 7447.36 | 6024.52 | 7025.65 | 368.77 | 1843.87 | 8843.70 | 7623.83
195 | 0.06 | 7390.22 | 6447.42 | 7003.38 | 318.54 | 1592.68 | 8576.94 | 7553.70
197 | 0.07 | 7446.44 | 6825.31 | 6968.67 | 368.82 | 1844.10 | 8786.95 | 7623.14
220 | 0.15 | 7709.00 | 7222.16 | 6625.67 | 763.41 | 3817.05 | 10328.22 | 7953.05
208 | 0.09 | 7548.74 | 8023.62 | 6826.62 | 467.77 | 2338.85 | 9123.37 | 7743.79
227 | 0.15 | 7707.05 | 8560.44 | 6422.99 | 763.60 | 3818.02 | 10126.46 | 7952.07
226 | 0.09 | 7548.95 | 9345.18 | 6707.88 | 467.76 | 2338.79 | 9004.57 | 7743.93
209 | 0.13 | 7667.71 | 9861.80 | 6385.68 | 665.18 | 3325.92 | 9625.13 | 7897.04
201 | 0.14 | 7688.11 | 10552.36 | 6210.78 | 714.45 | 3572.26 | 9683.02 | 7925.57
199 | 0.08 | 7502.87 | 11290.77 | 6599.61 | 418.34 | 2091.69 | 8657.83 | 7688.96
221 | 0.05 | 7285.93 | 11766.58 | 6697.60 | 269.25 | 1346.23 | 8030.37 | 7441.16
225 | 0.15 | 7681.03 | 12189.32 | 5852.63 | 766.19 | 3830.95 | 9568.65 | 7938.98
231 | 0.10 | 7583.31 | 13001.13 | 6283.20 | 517.38 | 2586.88 | 8818.34 | 7788.19
198 | 0.09 | 7549.18 | 13623.22 | 6323.09 | 467.74 | 2338.72 | 8619.71 | 7744.10
205 | 0.12 | 7643.96 | 14260.51 | 5932.70 | 615.92 | 3079.62 | 8938.41 | 7865.18
213 | 0.08 | 7502.72 | 14953.13 | 6306.47 | 418.35 | 2091.73 | 8364.73 | 7688.85
193 | 0.08 | 7502.80 | 15426.48 | 6268.68 | 418.34 | 2091.71 | 8326.92 | 7688.91
190 | 0.08 | 7503.33 | 15885.70 | 6232.48 | 418.31 | 2091.56 | 8290.57 | 7689.29
232 | 0.14 | 7688.26 | 16330.51 | 5401.99 | 714.44 | 3572.19 | 8874.16 | 7925.65
194 | 0.06 | 7398.53 | 17134.52 | 6370.46 | 318.18 | 1590.89 | 7942.26 | 7560.22
217 | 0.11 | 7617.47 | 17515.98 | 5690.71 | 566.56 | 2832.81 | 8461.20 | 7830.07
224 | 0.07 | 7454.59 | 18102.39 | 6187.43 | 368.42 | 1842.08 | 8003.72 | 7629.28
228 | 0.11 | 7617.50 | 18499.19 | 5582.59 | 566.56 | 2832.80 | 8353.06 | 7830.09
212 | 0.07 | 7446.79 | 19132.59 | 6107.51 | 368.80 | 1844.01 | 7925.70 | 7623.40
214 | 0.09 | 7548.42 | 19528.08 | 5790.90 | 467.79 | 2338.95 | 8087.75 | 7743.57
219 | 0.06 | 7381.99 | 20052.44 | 6178.85 | 318.89 | 1594.46 | 7754.17 | 7547.25
207 | 0.08 | 7504.65 | 20457.20 | 5868.07 | 418.24 | 2091.19 | 7925.81 | 7690.24
192 | 0.12 | 7636.49 | 20950.48 | 5122.44 | 616.53 | 3082.63 | 8131.09 | 7860.73
230 | 0.11 | 7617.48 | 21575.30 | 5244.20 | 566.56 | 2832.80 | 8014.68 | 7830.08
215 | 0.12 | 7644.42 | 22173.65 | 4983.58 | 615.89 | 3079.44 | 7989.11 | 7865.46
210 | 0.10 | 7585.87 | 22801.47 | 5305.73 | 517.20 | 2586.00 | 7840.01 | 7789.88
216 | 0.13 | 7667.71 | 4571.11
Vehicle 6
Charging tour: 
258  -> 236  -> 247  -> 251  -> 248  -> 245  -> 239  -> 242  -> 253  -> 269  -> 264  -> 238  -> 244  -> 235  -> 237  -> 270  -> 266  -> 243  -> 241  -> 261  -> 246  -> 262  -> 267  -> 234  -> 233  -> 252  -> 257  -> 265  -> 268  -> 273  -> 240  -> 260  -> 256  -> 249  -> 271  -> 263  -> 250  -> 255  -> 254  -> 272  -> 259  -> 
Charging time: 
358.12315880477183  + 455.0092219227758  + 301.98763924894024  + 345.96076203325816  + 200.20779567596074  + 541.9240098188733  + 478.00289956672526  + 466.98019209549835  + 301.0595192887143  + 246.73181748223345  + 355.6081606693952  + 368.3993277054012  + 290.3784622291816  + 328.8403446283321  + 560.1310802156149  + 344.08279274203386  + 386.5549414775678  + 595.2264379537318  + 572.076255698185  + 275.08586885608474  + 713.2882658896215  + 571.5395097444255  + 361.2810708895822  + 1039.318343179257  + 269.34438552127887  + 791.6255627230695  + 318.93456985608873  + 315.8003246485626  + 414.4903973682044  + 308.12504784099116  + 264.86102463645915  + 641.2626688440994  + 367.81180127010305  + 633.5975244938816  + 485.8798059074703  + 583.0894203560435  + 316.20326260704826  + 427.62132762057394  + 489.7132627288513  + 262.1931576573068  + 660.2951759436554  + 
total node:41/41
-------------------
Traveling energy: 2676.2024433842475
Charging energy: 90043.23298919928
Total energy used: 92719.43543258353
-------------------
Total time for travel: 2676.2024433842475
Total time for charging: 18008.646597839856
Charging round duration: 20684.849041224104
-------------------
ID | p | E0 | time_arrive | E_remain | time_charge | energy_charge| E_after_charge | E_after_cycle
258 | 0.12 | 9075.49 | 192.78 | 9052.36 | 358.12 | 1790.62 | 10800.00 | 8007.71
236 | 0.10 | 8627.90 | 574.42 | 8570.45 | 455.01 | 2275.05 | 10800.00 | 8520.94
247 | 0.08 | 9406.68 | 1155.76 | 9314.22 | 301.99 | 1509.94 | 10800.00 | 9011.02
251 | 0.10 | 9258.05 | 1532.57 | 9104.79 | 345.96 | 1729.80 | 10800.00 | 8605.85
248 | 0.05 | 9907.77 | 1975.88 | 9808.97 | 200.21 | 1001.04 | 10800.00 | 9717.80
245 | 0.13 | 8460.42 | 2304.55 | 8160.83 | 541.92 | 2709.62 | 10800.00 | 8073.44
239 | 0.10 | 8750.15 | 2923.63 | 8457.79 | 478.00 | 2390.01 | 10800.00 | 8758.16
242 | 0.10 | 8857.04 | 3452.42 | 8511.80 | 466.98 | 2334.90 | 10800.00 | 8809.94
253 | 0.08 | 9635.06 | 3953.38 | 9318.79 | 301.06 | 1505.30 | 10800.00 | 9234.75
269 | 0.06 | 9838.49 | 4289.09 | 9581.14 | 246.73 | 1233.66 | 10800.00 | 9642.95
264 | 0.12 | 9615.21 | 4588.12 | 9064.63 | 355.61 | 1778.04 | 10800.00 | 8534.85
238 | 0.07 | 9331.29 | 4964.31 | 8983.79 | 368.40 | 1842.00 | 10800.00 | 9505.89
244 | 0.06 | 9688.85 | 5388.67 | 9365.53 | 290.38 | 1451.89 | 10800.00 | 9711.54
235 | 0.06 | 9464.74 | 5754.49 | 9119.47 | 328.84 | 1644.20 | 10743.94 | 9679.74
237 | 0.10 | 8679.00 | 6236.45 | 8055.36 | 560.13 | 2800.66 | 10800.00 | 9097.66
270 | 0.10 | 9796.60 | 6826.05 | 9113.99 | 344.08 | 1720.41 | 10800.00 | 9135.01
266 | 0.12 | 9778.04 | 7203.58 | 8913.61 | 386.55 | 1932.77 | 10800.00 | 8852.42
243 | 0.11 | 8726.33 | 7608.98 | 7889.34 | 595.23 | 2976.13 | 10800.00 | 9082.26
241 | 0.10 | 8820.69 | 8238.68 | 7996.83 | 572.08 | 2860.38 | 10800.00 | 9299.08
261 | 0.07 | 10063.03 | 8845.78 | 9443.83 | 275.09 | 1375.43 | 10800.00 | 9771.06
246 | 0.13 | 8519.69 | 9180.05 | 7326.29 | 713.29 | 3566.44 | 10800.00 | 8989.53
262 | 0.14 | 9412.77 | 9931.77 | 8022.32 | 571.54 | 2857.70 | 10800.00 | 8935.66
267 | 0.08 | 9866.11 | 10545.14 | 9022.50 | 361.28 | 1806.41 | 10800.00 | 9766.91
234 | 0.15 | 7406.05 | 10978.30 | 5759.31 | 1039.32 | 5196.59 | 10800.00 | 9029.64
233 | 0.05 | 9629.52 | 12099.27 | 9024.56 | 269.34 | 1346.72 | 10357.81 | 9785.24
252 | 0.14 | 8697.11 | 12460.09 | 6952.70 | 791.63 | 3958.13 | 10800.00 | 9320.44
257 | 0.06 | 9758.70 | 13277.09 | 8962.08 | 318.93 | 1594.67 | 10537.62 | 9924.18
265 | 0.06 | 9855.56 | 13613.31 | 9038.76 | 315.80 | 1579.00 | 10598.81 | 10005.36
268 | 0.10 | 10168.99 | 13999.96 | 8769.00 | 414.49 | 2072.45 | 10800.00 | 9859.44
273 | 0.06 | 10101.06 | 14509.83 | 9230.47 | 308.13 | 1540.63 | 10752.60 | 10212.48
240 | 0.05 | 9792.52 | 14857.59 | 9049.64 | 264.86 | 1324.31 | 10360.70 | 9925.82
260 | 0.12 | 9493.37 | 15189.47 | 7670.64 | 641.26 | 3206.31 | 10800.00 | 9841.29
256 | 0.07 | 9872.22 | 15873.29 | 8761.09 | 367.81 | 1839.06 | 10574.40 | 10043.88
249 | 0.11 | 9005.79 | 16251.09 | 7218.17 | 633.60 | 3167.99 | 10316.46 | 9553.58
271 | 0.09 | 9608.51 | 16917.09 | 8085.98 | 485.88 | 2429.40 | 10471.64 | 9894.11
263 | 0.11 | 9785.88 | 17449.11 | 7866.48 | 583.09 | 2915.45 | 10717.79 | 10081.13
250 | 0.06 | 9843.00 | 18137.75 | 8754.73 | 316.20 | 1581.02 | 10316.78 | 9994.81
255 | 0.08 | 9704.50 | 18497.80 | 8224.68 | 427.62 | 2138.11 | 10328.57 | 9937.01
254 | 0.09 | 9533.30 | 18958.67 | 7827.02 | 489.71 | 2448.57 | 10231.51 | 9838.06
272 | 0.05 | 9892.16 | 19548.61 | 8914.73 | 262.19 | 1310.97 | 10212.59 | 10012.13
259 | 0.12 | 9427.26 | 19908.32 | 7038.27 | 660.30 | 3301.48 | 10260.51 | 9870.34
Vehicle 7
Charging tour: 
286  -> 274  -> 285  -> 277  -> 276  -> 293  -> 296  -> 292  -> 283  -> 312  -> 278  -> 279  -> 299  -> 300  -> 291  -> 280  -> 302  -> 282  -> 310  -> 303  -> 298  -> 281  -> 290  -> 313  -> 306  -> 275  -> 311  -> 284  -> 289  -> 295  -> 308  -> 305  -> 297  -> 294  -> 309  -> 304  -> 288  -> 307  -> 287  -> 301  -> 
Charging time: 
530.0155075404818  + 393.0975648903273  + 495.8306780901519  + 295.2934566969871  + 510.76115148827216  + 397.92072358710743  + 265.01217493314834  + 512.4735429582257  + 385.4189598878581  + 352.358151815916  + 719.854225321436  + 384.92133761522615  + 264.2016650289189  + 270.9220383222873  + 318.63105108011854  + 448.7594855261729  + 483.23293102335805  + 379.9738183994599  + 388.8164324476636  + 311.5886157045328  + 308.3394459153865  + 877.0966517806906  + 617.976489835274  + 328.746053111447  + 379.52195937137265  + 325.4486404066115  + 367.89994525971764  + 378.4408557472075  + 433.1357393940584  + 865.6231791294281  + 528.9902204447146  + 648.8580513178864  + 859.3959172583538  + 546.6066264474176  + 314.76333671986526  + 696.2621641889498  + 314.12510674599883  + 785.375789944222  + 264.18819405265253  + 411.8801708381253  + 
total node:40/40
-------------------
Traveling energy: 2833.0121204343786
Charging energy: 91808.79025133514
Total energy used: 94641.80237176952
-------------------
Total time for travel: 2833.0121204343786
Total time for charging: 18361.758050267028
Charging round duration: 21194.770170701406
-------------------
ID | p | E0 | time_arrive | E_remain | time_charge | energy_charge| E_after_charge | E_after_cycle
286 | 0.14 | 8235.45 | 80.91 | 8224.12 | 530.02 | 2650.08 | 10800.00 | 7550.73
274 | 0.08 | 8919.56 | 669.97 | 8865.96 | 393.10 | 1965.49 | 10800.00 | 8979.45
285 | 0.12 | 8509.38 | 1075.28 | 8380.35 | 495.83 | 2479.15 | 10800.00 | 8130.13
277 | 0.06 | 9437.58 | 1605.53 | 9341.25 | 295.29 | 1476.47 | 10800.00 | 9484.85
276 | 0.10 | 8495.52 | 1982.48 | 8297.27 | 510.76 | 2553.81 | 10800.00 | 8667.32
293 | 0.11 | 9140.21 | 2600.41 | 8854.17 | 397.92 | 1989.60 | 10800.00 | 8509.62
296 | 0.06 | 9673.26 | 3040.36 | 9490.84 | 265.01 | 1325.06 | 10800.00 | 9569.12
292 | 0.13 | 8742.79 | 3373.37 | 8304.25 | 512.47 | 2562.37 | 10800.00 | 8208.56
283 | 0.08 | 9216.53 | 3909.89 | 8903.74 | 385.42 | 1927.09 | 10800.00 | 9238.02
312 | 0.13 | 9658.90 | 4422.15 | 9084.02 | 352.36 | 1761.79 | 10800.00 | 8324.09
278 | 0.13 | 7924.25 | 4845.72 | 7294.31 | 719.85 | 3599.27 | 10800.00 | 8426.92
279 | 0.07 | 9275.96 | 5587.71 | 8884.82 | 384.92 | 1924.61 | 10782.48 | 9533.16
299 | 0.05 | 9653.11 | 6006.52 | 9352.78 | 264.20 | 1321.01 | 10660.58 | 9783.12
300 | 0.06 | 9840.64 | 6316.65 | 9461.65 | 270.92 | 1354.61 | 10800.00 | 9766.05
291 | 0.06 | 9604.97 | 6685.57 | 9203.83 | 318.63 | 1593.16 | 10777.87 | 9768.92
280 | 0.08 | 9093.04 | 7078.37 | 8526.77 | 448.76 | 2243.80 | 10734.67 | 9431.24
302 | 0.13 | 9427.77 | 7547.05 | 8446.66 | 483.23 | 2416.16 | 10800.00 | 8747.34
282 | 0.07 | 9396.74 | 8119.97 | 8828.34 | 379.97 | 1899.87 | 10701.61 | 9629.20
310 | 0.11 | 9840.15 | 8558.73 | 8898.69 | 388.82 | 1944.08 | 10800.00 | 9164.03
303 | 0.08 | 9990.81 | 9047.84 | 9266.98 | 311.59 | 1557.94 | 10800.00 | 9643.15
298 | 0.07 | 9943.16 | 9475.33 | 9279.89 | 308.34 | 1541.70 | 10800.00 | 9817.46
281 | 0.14 | 7921.08 | 9884.06 | 6537.31 | 877.10 | 4385.48 | 10800.00 | 8971.76
290 | 0.11 | 8975.52 | 10885.66 | 7778.09 | 617.98 | 3089.88 | 10800.00 | 9445.20
313 | 0.08 | 10104.76 | 11527.42 | 9182.57 | 328.75 | 1643.73 | 10800.00 | 9842.89
306 | 0.08 | 9887.29 | 11931.78 | 8932.75 | 379.52 | 1897.61 | 10800.00 | 9879.30
275 | 0.06 | 9403.76 | 12373.19 | 8661.37 | 325.45 | 1627.24 | 10269.08 | 9601.80
311 | 0.09 | 10141.64 | 12755.88 | 8993.61 | 367.90 | 1839.50 | 10800.00 | 9837.34
284 | 0.07 | 9434.80 | 13159.65 | 8513.62 | 378.44 | 1892.20 | 10379.34 | 9659.60
289 | 0.08 | 9421.04 | 13609.85 | 8332.25 | 433.14 | 2165.68 | 10463.28 | 9681.11
295 | 0.15 | 8726.36 | 14164.19 | 6601.73 | 865.62 | 4328.12 | 10800.00 | 9481.47
308 | 0.10 | 9642.40 | 15160.54 | 8126.34 | 528.99 | 2644.95 | 10718.40 | 9905.35
305 | 0.13 | 9696.09 | 15815.64 | 7640.06 | 648.86 | 3244.29 | 10800.00 | 9843.78
297 | 0.15 | 8902.88 | 16569.44 | 6417.47 | 859.40 | 4296.98 | 10585.54 | 9626.86
294 | 0.10 | 9331.64 | 17482.56 | 7583.38 | 546.61 | 2733.03 | 10261.75 | 9682.67
309 | 0.06 | 9722.99 | 18049.21 | 8640.04 | 314.76 | 1573.82 | 10194.97 | 9867.61
304 | 0.13 | 9523.65 | 18404.45 | 7131.07 | 696.26 | 3481.31 | 10521.86 | 9908.36
288 | 0.06 | 9742.74 | 19187.29 | 8591.51 | 314.13 | 1570.63 | 10143.28 | 9884.17
307 | 0.15 | 9741.96 | 19540.59 | 6810.87 | 785.38 | 3926.88 | 10619.95 | 10095.84
287 | 0.05 | 9653.60 | 20345.67 | 8636.32 | 264.19 | 1320.94 | 9944.05 | 9783.54
301 | 0.08 | 9907.22 | 20644.60 | 8255.65 | 411.88 | 2059.40 | 10282.10 | 10061.02
Vehicle 8
Charging tour: 
322  -> 352  -> 319  -> 317  -> 337  -> 339  -> 321  -> 328  -> 323  -> 349  -> 347  -> 326  -> 320  -> 316  -> 318  -> 342  -> 314  -> 332  -> 330  -> 334  -> 325  -> 341  -> 336  -> 338  -> 348  -> 345  -> 351  -> 333  -> 346  -> 331  -> 335  -> 327  -> 329  -> 324  -> 350  -> 340  -> 343  -> 315  -> 344  -> 
Charging time: 
313.37026717739747  + 209.67662163797863  + 704.4342272787901  + 333.94964669537325  + 301.4280153312024  + 234.92392016392301  + 361.80156705761584  + 478.3530295496449  + 273.530983950537  + 324.85819838278894  + 309.28843374683305  + 452.8689700493472  + 461.3332324242154  + 629.2689733751247  + 740.0104407830191  + 333.77641614039777  + 447.5340845871582  + 781.1574502930894  + 589.4021168944167  + 282.14209302026103  + 624.55371287094  + 526.3122538287213  + 528.0948097375757  + 350.87104321049713  + 267.81940955309835  + 308.84580349804054  + 672.0023284996964  + 590.7701893578894  + 479.2960593632121  + 415.20191490564883  + 542.5307436375776  + 909.4521969328118  + 429.151256343146  + 429.4539740543468  + 300.2193869086568  + 356.4367765491257  + 555.2841545342867  + 586.5770568208527  + 661.513534042555  + 
total node:39/39
-------------------
Traveling energy: 2195.226881374848
Charging energy: 90487.47646593896
Total energy used: 92682.70334731381
-------------------
Total time for travel: 2195.226881374848
Total time for charging: 18097.495293187792
Charging round duration: 20292.72217456264
-------------------
ID | p | E0 | time_arrive | E_remain | time_charge | energy_charge| E_after_charge | E_after_cycle
322 | 0.08 | 9269.29 | 138.42 | 9258.22 | 313.37 | 1566.85 | 10800.00 | 8930.54
352 | 0.08 | 9805.98 | 469.89 | 9768.39 | 209.68 | 1048.38 | 10800.00 | 8948.76
319 | 0.16 | 7514.44 | 774.38 | 7390.54 | 704.43 | 3522.17 | 10800.00 | 7225.41
317 | 0.07 | 9268.15 | 1636.02 | 9153.63 | 333.95 | 1669.75 | 10800.00 | 9270.50
337 | 0.11 | 9548.48 | 2022.43 | 9326.02 | 301.43 | 1507.14 | 10800.00 | 8435.42
339 | 0.08 | 9835.08 | 2386.31 | 9644.17 | 234.92 | 1174.62 | 10800.00 | 9104.10
321 | 0.08 | 9231.48 | 2644.34 | 9019.94 | 361.80 | 1809.01 | 10800.00 | 9134.89
328 | 0.12 | 8832.23 | 3054.91 | 8465.64 | 478.35 | 2391.77 | 10800.00 | 8365.59
323 | 0.06 | 9664.20 | 3590.73 | 9448.76 | 273.53 | 1367.65 | 10800.00 | 9602.66
349 | 0.18 | 9937.08 | 3904.95 | 9234.18 | 324.86 | 1624.29 | 10800.00 | 7273.76
347 | 0.08 | 9621.50 | 4289.96 | 9278.30 | 309.29 | 1546.44 | 10800.00 | 9262.34
326 | 0.10 | 9041.64 | 4607.01 | 8580.94 | 452.87 | 2264.34 | 10800.00 | 8923.99
320 | 0.09 | 9002.19 | 5192.62 | 8534.85 | 461.33 | 2306.67 | 10800.00 | 9165.06
316 | 0.11 | 8356.35 | 5758.84 | 7722.87 | 629.27 | 3146.34 | 10800.00 | 8882.49
318 | 0.13 | 8028.80 | 6405.00 | 7196.15 | 740.01 | 3700.05 | 10800.00 | 8632.25
342 | 0.08 | 9730.66 | 7160.50 | 9157.82 | 333.78 | 1668.88 | 10800.00 | 9493.94
314 | 0.08 | 8932.63 | 7552.13 | 8328.46 | 447.53 | 2237.67 | 10530.33 | 9264.70
332 | 0.17 | 8394.06 | 8041.46 | 7027.01 | 781.16 | 3905.79 | 10800.00 | 8250.44
330 | 0.12 | 8986.32 | 8855.00 | 7923.72 | 589.40 | 2947.01 | 10800.00 | 9074.93
334 | 0.06 | 9973.44 | 9453.64 | 9406.22 | 282.14 | 1410.71 | 10800.00 | 9954.95
325 | 0.11 | 8801.13 | 9771.39 | 7726.28 | 624.55 | 3122.77 | 10780.35 | 9303.70
341 | 0.13 | 9592.84 | 10430.63 | 8236.86 | 526.31 | 2631.56 | 10800.00 | 9127.80
336 | 0.11 | 9426.47 | 10989.54 | 8217.62 | 528.09 | 2640.47 | 10800.00 | 9446.74
338 | 0.07 | 9881.20 | 11585.61 | 9070.21 | 350.87 | 1754.36 | 10800.00 | 9968.15
348 | 0.06 | 10193.61 | 11943.91 | 9476.97 | 267.82 | 1339.10 | 10800.00 | 10103.50
345 | 0.06 | 9707.90 | 12255.68 | 8972.56 | 308.85 | 1544.23 | 10498.25 | 9822.92
351 | 0.12 | 8923.31 | 12574.08 | 7414.42 | 672.00 | 3360.01 | 10693.79 | 9424.92
333 | 0.11 | 9304.43 | 13272.60 | 7844.44 | 590.77 | 2953.85 | 10733.31 | 9638.08
346 | 0.10 | 9843.39 | 13919.41 | 8451.45 | 479.30 | 2396.48 | 10800.00 | 9857.87
331 | 0.08 | 9628.22 | 14422.50 | 8474.42 | 415.20 | 2076.01 | 10517.22 | 9798.63
335 | 0.10 | 9210.67 | 14860.99 | 7724.57 | 542.53 | 2712.65 | 10382.97 | 9541.32
327 | 0.15 | 8241.89 | 15433.90 | 5926.81 | 909.45 | 4547.26 | 10337.65 | 9216.15
329 | 0.08 | 9315.26 | 16451.85 | 7999.12 | 429.15 | 2145.76 | 10110.54 | 9555.42
324 | 0.08 | 9308.70 | 17017.93 | 7947.26 | 429.45 | 2147.27 | 10060.18 | 9550.37
350 | 0.06 | 9986.84 | 17495.35 | 8937.12 | 300.22 | 1501.10 | 10420.20 | 10058.74
340 | 0.07 | 9813.66 | 17820.09 | 8566.26 | 356.44 | 1782.18 | 10323.49 | 9928.45
343 | 0.11 | 9899.04 | 18264.97 | 7889.89 | 555.28 | 2776.42 | 10605.23 | 10055.26
315 | 0.10 | 8519.04 | 18837.15 | 6635.32 | 586.58 | 2932.89 | 9509.55 | 9069.92
344 | 0.13 | 9820.20 | 19461.54 | 7290.20 | 661.51 | 3307.57 | 10511.77 | 10031.16
Vehicle 9
Charging tour: 
359  -> 368  -> 376  -> 365  -> 378  -> 361  -> 355  -> 377  -> 375  -> 362  -> 357  -> 372  -> 382  -> 354  -> 387  -> 366  -> 367  -> 389  -> 363  -> 374  -> 391  -> 373  -> 379  -> 385  -> 386  -> 356  -> 380  -> 383  -> 393  -> 360  -> 370  -> 369  -> 371  -> 353  -> 384  -> 388  -> 358  -> 381  -> 364  -> 390  -> 392  -> 
Charging time: 
507.94818038765357  + 507.94795357157057  + 460.16535546273826  + 603.4296102254707  + 460.1634318399016  + 698.8291187954763  + 651.1377664937884  + 651.1377654290413  + 364.38424314607306  + 651.1364418608778  + 364.42423710029254  + 507.94971840256954  + 698.8209393639382  + 316.2139007435238  + 267.8047810314409  + 651.1113934629174  + 460.1616905998632  + 746.4573912423066  + 603.429627834028  + 364.419861014562  + 651.1377752154739  + 555.7016896140777  + 651.13773071191  + 412.2963140886431  + 698.8291163508947  + 460.1642051407677  + 651.0969570582137  + 555.7017200931977  + 316.28420810715835  + 460.164722681649  + 698.8279602237953  + 460.14743657742156  + 460.1575964359367  + 507.94956445395496  + 316.2310098454628  + 266.18214134293436  + 555.7006867907509  + 316.3773677941083  + 651.1363206775208  + 412.32940325244556  + 555.7017844545462  + 
total node:41/41
-------------------
Traveling energy: 2248.354405405493
Charging energy: 105751.64559459448
Total energy used: 107999.99999999997
-------------------
Total time for travel: 2248.354405405493
Total time for charging: 21150.329118918897
Charging round duration: 23398.68352432439
-------------------
ID | p | E0 | time_arrive | E_remain | time_charge | energy_charge| E_after_charge | E_after_cycle
359 | 0.10 | 7576.84 | 158.03 | 7561.04 | 507.95 | 2539.74 | 10049.99 | 7734.58
368 | 0.10 | 7576.85 | 678.21 | 7509.03 | 507.95 | 2539.74 | 9997.97 | 7734.59
376 | 0.09 | 7527.25 | 1222.54 | 7417.22 | 460.17 | 2300.83 | 9676.63 | 7684.28
365 | 0.12 | 7653.54 | 1738.15 | 7444.96 | 603.43 | 3017.15 | 10389.70 | 7812.29
378 | 0.09 | 7527.28 | 2361.98 | 7314.70 | 460.16 | 2300.82 | 9574.11 | 7684.30
361 | 0.14 | 7710.19 | 2853.36 | 7310.72 | 698.83 | 3494.15 | 10707.02 | 7869.53
355 | 0.13 | 7683.84 | 3559.54 | 7221.10 | 651.14 | 3255.69 | 10392.14 | 7842.93
377 | 0.13 | 7683.84 | 4252.23 | 7131.05 | 651.14 | 3255.69 | 10302.09 | 7842.93
375 | 0.07 | 7393.43 | 4939.12 | 7047.70 | 364.38 | 1821.92 | 8844.11 | 7547.96
362 | 0.13 | 7683.85 | 5337.19 | 6990.02 | 651.14 | 3255.68 | 10161.05 | 7842.94
357 | 0.07 | 7392.62 | 6021.67 | 6971.11 | 364.42 | 1822.12 | 8767.72 | 7547.34
372 | 0.10 | 7576.82 | 6510.49 | 6925.77 | 507.95 | 2539.75 | 9414.73 | 7734.57
382 | 0.14 | 7710.28 | 7038.94 | 6724.82 | 698.82 | 3494.10 | 10121.09 | 7869.58
354 | 0.06 | 7302.61 | 7842.53 | 6832.06 | 316.21 | 1581.07 | 8394.15 | 7454.48
387 | 0.05 | 7185.54 | 8216.06 | 6774.74 | 267.80 | 1339.02 | 8100.37 | 7333.56
366 | 0.13 | 7684.15 | 8510.99 | 6577.72 | 651.11 | 3255.56 | 9748.63 | 7843.11
367 | 0.09 | 7527.31 | 9184.77 | 6700.68 | 460.16 | 2300.81 | 8960.08 | 7684.32
389 | 0.15 | 7733.82 | 9714.26 | 6276.68 | 746.46 | 3732.29 | 9897.00 | 7893.10
363 | 0.12 | 7653.54 | 10550.39 | 6387.49 | 603.43 | 3017.15 | 9332.23 | 7812.29
374 | 0.07 | 7392.71 | 11283.67 | 6602.85 | 364.42 | 1822.10 | 8399.44 | 7547.41
391 | 0.13 | 7683.84 | 11689.72 | 6164.18 | 651.14 | 3255.69 | 9335.22 | 7842.93
373 | 0.11 | 7618.31 | 12385.46 | 6255.91 | 555.70 | 2778.51 | 8973.29 | 7776.62
379 | 0.13 | 7683.84 | 12948.48 | 6000.54 | 651.14 | 3255.69 | 9171.58 | 7842.93
385 | 0.08 | 7467.72 | 13647.89 | 6375.89 | 412.30 | 2061.48 | 8404.39 | 7623.61
386 | 0.14 | 7710.19 | 14098.73 | 5736.36 | 698.83 | 3494.15 | 9132.67 | 7869.53
356 | 0.09 | 7527.27 | 14817.46 | 6193.70 | 460.16 | 2300.82 | 8453.10 | 7684.29
380 | 0.13 | 7684.32 | 15329.07 | 5691.54 | 651.10 | 3255.48 | 8862.38 | 7843.20
383 | 0.11 | 7618.31 | 15992.19 | 5859.17 | 555.70 | 2778.51 | 8576.55 | 7776.62
393 | 0.06 | 7300.99 | 16628.24 | 6303.29 | 316.28 | 1581.42 | 7865.74 | 7453.21
360 | 0.09 | 7527.26 | 17077.83 | 5990.26 | 460.16 | 2300.82 | 8249.66 | 7684.28
370 | 0.14 | 7710.20 | 17549.15 | 5253.32 | 698.83 | 3494.14 | 8649.62 | 7869.54
369 | 0.09 | 7527.54 | 18308.18 | 5879.81 | 460.15 | 2300.74 | 8139.13 | 7684.48
371 | 0.09 | 7527.38 | 18786.90 | 5836.56 | 460.16 | 2300.79 | 8095.93 | 7684.36
353 | 0.10 | 7576.82 | 19283.25 | 5648.50 | 507.95 | 2539.75 | 8137.45 | 7734.57
384 | 0.06 | 7302.21 | 19794.60 | 6114.54 | 316.23 | 1581.16 | 7676.72 | 7454.17
388 | 0.05 | 7229.34 | 20179.93 | 6220.35 | 266.18 | 1330.91 | 7537.95 | 7369.25
358 | 0.11 | 7618.33 | 20545.60 | 5358.31 | 555.70 | 2778.50 | 8075.69 | 7776.63
381 | 0.06 | 7298.84 | 21148.81 | 6029.91 | 316.38 | 1581.89 | 7592.81 | 7451.52
364 | 0.13 | 7683.86 | 21539.96 | 4883.66 | 651.14 | 3255.68 | 8054.69 | 7842.94
390 | 0.08 | 7467.13 | 22254.46 | 5686.77 | 412.33 | 2061.65 | 7715.43 | 7623.17
392 | 0.11 | 7618.31 | 22735.26 | 5117.43 | 555.70 | 2778.51 | 7834.81 | 7776.62
Vehicle 10
Charging tour: 
417  -> 396  -> 430  -> 401  -> 412  -> 407  -> 395  -> 414  -> 406  -> 432  -> 404  -> 429  -> 418  -> 408  -> 399  -> 397  -> 400  -> 424  -> 422  -> 411  -> 413  -> 415  -> 409  -> 402  -> 398  -> 419  -> 420  -> 431  -> 410  -> 403  -> 423  -> 427  -> 405  -> 416  -> 421  -> 425  -> 428  -> 394  -> 426  -> 
Charging time: 
207.98700293265074  + 227.58894498671805  + 181.02480448789606  + 394.772679112307  + 273.07386362789566  + 278.201588065284  + 701.9860286108287  + 204.52541088167635  + 524.6590229494769  + 184.2808272017851  + 573.1689862388077  + 354.68706864418675  + 449.0298242935366  + 371.7723428260989  + 385.59305156756415  + 400.1940023704992  + 332.98432329722783  + 316.9720216951492  + 307.42407947548776  + 338.2258818800993  + 564.2561207381096  + 367.2565243385408  + 481.6546081552091  + 531.3297165503816  + 334.4023561605502  + 545.8367272290564  + 637.0772077293201  + 383.43472591669075  + 511.30397585291604  + 757.0508122056857  + 540.4899807869316  + 423.6558340654876  + 746.5822588096144  + 622.9438323323573  + 836.3396714641381  + 377.5174229223626  + 321.505415874484  + 624.5959254547137  + 851.1810403982437  + 
total node:39/39
-------------------
Traveling energy: 2419.2651594262416
Charging energy: 87332.82956064986
Total energy used: 89752.0947200761
-------------------
Total time for travel: 2419.2651594262416
Total time for charging: 17466.565912129972
Charging round duration: 19885.831071556215
-------------------
ID | p | E0 | time_arrive | E_remain | time_charge | energy_charge| E_after_charge | E_after_cycle
417 | 0.08 | 9782.01 | 66.39 | 9776.70 | 207.99 | 1039.94 | 10800.00 | 8916.35
396 | 0.05 | 9691.86 | 368.54 | 9673.43 | 227.59 | 1137.94 | 10800.00 | 9638.81
430 | 0.10 | 9978.25 | 652.71 | 9912.98 | 181.02 | 905.12 | 10800.00 | 8501.37
401 | 0.09 | 8940.88 | 880.11 | 8861.67 | 394.77 | 1973.86 | 10800.00 | 8770.94
412 | 0.08 | 9560.52 | 1300.48 | 9456.48 | 273.07 | 1365.37 | 10800.00 | 9020.28
407 | 0.07 | 9542.19 | 1624.57 | 9428.47 | 278.20 | 1391.01 | 10800.00 | 9265.79
395 | 0.14 | 7656.66 | 1916.49 | 7388.35 | 701.99 | 3509.93 | 10800.00 | 7831.79
414 | 0.06 | 9951.52 | 2697.90 | 9789.64 | 204.53 | 1022.63 | 10800.00 | 9544.95
406 | 0.12 | 8588.65 | 2908.21 | 8239.66 | 524.66 | 2623.30 | 10800.00 | 8353.54
432 | 0.06 | 10096.74 | 3451.51 | 9889.65 | 184.28 | 921.40 | 10800.00 | 9588.95
404 | 0.12 | 8456.58 | 3780.36 | 8002.94 | 573.17 | 2865.84 | 10800.00 | 8464.02
429 | 0.12 | 9603.15 | 4450.18 | 9069.13 | 354.69 | 1773.44 | 10800.00 | 8518.18
418 | 0.13 | 9244.96 | 4859.48 | 8613.22 | 449.03 | 2245.15 | 10800.00 | 8393.50
408 | 0.08 | 9404.37 | 5418.68 | 8970.88 | 371.77 | 1858.86 | 10800.00 | 9357.64
399 | 0.07 | 9311.31 | 5889.72 | 8899.03 | 385.59 | 1927.97 | 10800.00 | 9571.87
397 | 0.07 | 9264.79 | 6351.99 | 8820.16 | 400.19 | 2000.97 | 10793.11 | 9598.36
400 | 0.06 | 9544.12 | 6799.51 | 9136.15 | 332.98 | 1664.92 | 10781.09 | 9779.84
424 | 0.09 | 9887.68 | 7155.66 | 9243.67 | 316.97 | 1584.86 | 10800.00 | 9328.74
422 | 0.06 | 9731.40 | 7501.23 | 9281.33 | 307.42 | 1537.12 | 10800.00 | 9839.32
411 | 0.07 | 9684.34 | 7882.80 | 9132.55 | 338.23 | 1691.13 | 10800.00 | 9708.07
413 | 0.12 | 9046.14 | 8330.90 | 8046.43 | 564.26 | 2821.28 | 10800.00 | 9009.02
415 | 0.08 | 9709.95 | 8960.67 | 8993.10 | 367.26 | 1836.28 | 10800.00 | 9640.63
409 | 0.09 | 9276.12 | 9344.96 | 8435.08 | 481.65 | 2408.27 | 10800.00 | 9540.59
402 | 0.09 | 8971.95 | 9875.28 | 8083.17 | 531.33 | 2656.65 | 10692.00 | 9484.80
398 | 0.06 | 9503.65 | 10451.21 | 8876.57 | 334.40 | 1672.01 | 10528.52 | 9746.46
419 | 0.12 | 9432.17 | 10798.80 | 8136.32 | 545.84 | 2729.18 | 10800.00 | 9302.96
420 | 0.14 | 9296.03 | 11373.01 | 7703.80 | 637.08 | 3185.39 | 10800.00 | 9146.61
431 | 0.09 | 10001.48 | 12046.00 | 8917.34 | 383.43 | 1917.17 | 10800.00 | 9774.85
410 | 0.09 | 9323.34 | 12484.68 | 8199.72 | 511.30 | 2556.52 | 10710.23 | 9736.06
403 | 0.12 | 8395.85 | 13049.63 | 6829.89 | 757.05 | 3785.25 | 10524.30 | 9322.70
423 | 0.10 | 9536.29 | 13846.93 | 8151.60 | 540.49 | 2702.45 | 10800.00 | 9856.74
427 | 0.10 | 10166.00 | 14419.15 | 8724.09 | 423.66 | 2118.28 | 10800.00 | 9902.28
405 | 0.12 | 8513.57 | 14902.39 | 6725.29 | 746.58 | 3732.91 | 10368.61 | 9388.08
416 | 0.11 | 9353.03 | 15824.72 | 7612.31 | 622.94 | 3114.72 | 10658.50 | 9847.54
421 | 0.15 | 9228.36 | 16564.02 | 6743.75 | 836.34 | 4181.70 | 10800.00 | 9837.05
425 | 0.07 | 9821.31 | 17442.07 | 8600.36 | 377.52 | 1887.59 | 10461.53 | 10041.50
428 | 0.06 | 9884.88 | 17872.42 | 8812.53 | 321.51 | 1607.53 | 10400.77 | 10063.20
394 | 0.10 | 8480.26 | 18221.01 | 6658.16 | 624.60 | 3122.98 | 9718.68 | 9221.24
426 | 0.16 | 9700.01 | 18873.30 | 6680.28 | 851.18 | 4255.91 | 10800.00 | 10144.72
Vehicle 11
Charging tour: 
469  -> 451  -> 433  -> 438  -> 456  -> 439  -> 455  -> 437  -> 434  -> 444  -> 435  -> 458  -> 442  -> 461  -> 436  -> 452  -> 453  -> 463  -> 468  -> 449  -> 443  -> 445  -> 457  -> 447  -> 459  -> 454  -> 446  -> 465  -> 460  -> 462  -> 464  -> 470  -> 467  -> 440  -> 441  -> 466  -> 450  -> 448  -> 
Charging time: 
145.8146242197875  + 149.6401279849508  + 733.2790058138867  + 628.6598648638635  + 173.10167604222227  + 407.2549249891125  + 442.529300200896  + 812.7805682942713  + 551.6496124283728  + 372.9846720641719  + 336.7000494668394  + 271.9387364862434  + 353.7791620587031  + 389.7011981256486  + 469.4753827050516  + 305.9363722868238  + 218.28628793218465  + 413.47098909450193  + 217.18267667069654  + 697.0626401723663  + 573.075599634655  + 792.3849710026566  + 539.2374337763898  + 566.2424595274231  + 429.0573016259583  + 475.577023648139  + 651.4261758272788  + 242.22483264083505  + 443.7969061485842  + 324.47084739887663  + 651.4493759023748  + 438.47361133939074  + 316.9306363594656  + 459.9672914510939  + 597.6634223815657  + 796.9415542431527  + 705.0234611519285  + 383.2508917692578  + 
total node:38/38
-------------------
Traveling energy: 2281.8759708864245
Charging energy: 87392.1083386481
Total energy used: 89673.98430953453
-------------------
Total time for travel: 2281.8759708864245
Total time for charging: 17478.42166772962
Charging round duration: 19760.297638616044
-------------------
ID | p | E0 | time_arrive | E_remain | time_charge | energy_charge| E_after_charge | E_after_cycle
469 | 0.08 | 10095.82 | 165.31 | 10082.59 | 145.81 | 729.07 | 10800.00 | 8919.29
451 | 0.05 | 10077.30 | 360.41 | 10059.28 | 149.64 | 748.20 | 10800.00 | 9634.50
433 | 0.15 | 7334.03 | 602.87 | 7243.60 | 733.28 | 3666.40 | 10800.00 | 7427.42
438 | 0.14 | 7935.00 | 1359.18 | 7744.71 | 628.66 | 3143.30 | 10800.00 | 7743.50
456 | 0.06 | 10070.64 | 2096.02 | 9944.88 | 173.10 | 865.51 | 10800.00 | 9506.95
439 | 0.09 | 9009.01 | 2318.10 | 8800.38 | 407.25 | 2036.27 | 10800.00 | 8901.48
455 | 0.14 | 9048.68 | 2852.69 | 8649.31 | 442.53 | 2212.65 | 10800.00 | 7926.53
437 | 0.16 | 7406.17 | 3375.20 | 6866.14 | 812.78 | 4063.90 | 10800.00 | 7658.88
434 | 0.10 | 8527.24 | 4303.21 | 8096.92 | 551.65 | 2758.25 | 10800.00 | 8903.48
444 | 0.08 | 9360.19 | 4940.87 | 8964.92 | 372.98 | 1864.92 | 10800.00 | 9319.51
435 | 0.06 | 9454.64 | 5325.74 | 9135.10 | 336.70 | 1683.50 | 10798.39 | 9708.94
458 | 0.08 | 9919.72 | 5720.75 | 9462.06 | 271.94 | 1359.69 | 10800.00 | 9373.81
442 | 0.07 | 9480.87 | 6071.44 | 9055.87 | 353.78 | 1768.90 | 10800.00 | 9582.36
461 | 0.12 | 9682.59 | 6536.13 | 8898.26 | 389.70 | 1948.51 | 10800.00 | 8772.70
436 | 0.08 | 9040.95 | 6983.02 | 8482.31 | 469.48 | 2347.38 | 10792.13 | 9482.73
452 | 0.07 | 9815.31 | 7479.61 | 9291.73 | 305.94 | 1529.68 | 10800.00 | 9677.59
453 | 0.05 | 10112.70 | 7864.41 | 9719.48 | 218.29 | 1091.43 | 10800.00 | 10013.13
463 | 0.10 | 9583.62 | 8096.33 | 8773.99 | 413.47 | 2067.35 | 10800.00 | 9268.98
468 | 0.05 | 10154.03 | 8581.71 | 9724.95 | 217.18 | 1085.91 | 10800.00 | 10048.94
449 | 0.14 | 8653.50 | 8865.92 | 7412.28 | 697.06 | 3485.31 | 10800.00 | 8804.02
443 | 0.10 | 8950.15 | 9582.16 | 7991.93 | 573.08 | 2865.38 | 10800.00 | 9433.52
445 | 0.14 | 8373.96 | 10178.25 | 6949.01 | 792.38 | 3961.92 | 10800.00 | 9001.09
457 | 0.11 | 9375.38 | 11020.46 | 8163.13 | 539.24 | 2696.19 | 10800.00 | 9451.37
447 | 0.10 | 9184.24 | 11588.24 | 8025.41 | 566.24 | 2831.21 | 10800.00 | 9633.45
459 | 0.09 | 9789.07 | 12174.95 | 8693.33 | 429.06 | 2145.29 | 10800.00 | 9790.56
454 | 0.09 | 9602.79 | 12643.00 | 8464.92 | 475.58 | 2377.89 | 10800.00 | 9836.87
446 | 0.11 | 8959.10 | 13120.66 | 7515.83 | 651.43 | 3257.13 | 10701.30 | 9596.03
465 | 0.05 | 10291.75 | 13815.29 | 9600.99 | 242.22 | 1211.12 | 10800.00 | 10311.88
460 | 0.08 | 9564.07 | 14145.56 | 8432.42 | 443.80 | 2218.98 | 10615.90 | 9877.45
462 | 0.06 | 9810.98 | 14664.41 | 8931.12 | 324.47 | 1622.35 | 10534.00 | 10004.14
464 | 0.14 | 9733.47 | 14996.53 | 7633.96 | 651.45 | 3257.25 | 10800.00 | 9655.92
470 | 0.09 | 10060.95 | 15709.48 | 8647.09 | 438.47 | 2192.37 | 10800.00 | 10109.51
467 | 0.07 | 10375.00 | 16249.55 | 9237.53 | 316.93 | 1584.65 | 10800.00 | 10292.25
440 | 0.08 | 9227.84 | 16594.57 | 7900.27 | 459.97 | 2299.84 | 10163.31 | 9622.07
441 | 0.10 | 8877.29 | 17079.79 | 7169.31 | 597.66 | 2988.32 | 10097.86 | 9483.60
466 | 0.16 | 9775.21 | 17702.54 | 6942.80 | 796.94 | 3984.71 | 10800.00 | 9948.72
450 | 0.12 | 9030.56 | 18501.26 | 6810.41 | 705.02 | 3525.12 | 10250.92 | 9697.27
448 | 0.07 | 9690.62 | 19251.95 | 8342.99 | 383.25 | 1916.25 | 10232.41 | 9939.48
Vehicle 12
Charging tour: 
477  -> 471  -> 475  -> 509  -> 473  -> 490  -> 484  -> 499  -> 494  -> 506  -> 493  -> 474  -> 482  -> 507  -> 496  -> 498  -> 503  -> 487  -> 497  -> 483  -> 502  -> 476  -> 486  -> 500  -> 495  -> 481  -> 504  -> 479  -> 472  -> 485  -> 492  -> 505  -> 480  -> 489  -> 501  -> 478  -> 488  -> 491  -> 508  -> 
Charging time: 
257.47524941497306  + 290.5549572760848  + 321.33289418796943  + 144.6695319760106  + 639.5000638535284  + 317.06513112571594  + 545.8235296251082  + 289.9593059414757  + 580.4271136569479  + 195.8518547967206  + 446.47864779810493  + 290.3169162360851  + 594.4242159972721  + 248.33815262995495  + 284.3200176916792  + 404.03791325174836  + 258.0645975654387  + 341.203770309597  + 356.6738208603359  + 485.5365432299407  + 319.381221182821  + 555.963909082455  + 433.3296950977289  + 534.7460329384228  + 573.4719324686644  + 406.50710308106517  + 440.72634766959914  + 343.20740239492085  + 820.2344507012017  + 890.4853933737799  + 453.75665569317306  + 408.16033271589  + 547.4061710451573  + 525.3137448768338  + 573.8347971558522  + 343.9911248807896  + 527.4678349296947  + 336.29988047160293  + 438.086349899714  + 
total node:39/39
-------------------
Traveling energy: 2687.8544121977525
Charging energy: 83822.12303542029
Total energy used: 86509.97744761803
-------------------
Total time for travel: 2687.8544121977525
Total time for charging: 16764.424607084056
Charging round duration: 19452.27901928181
-------------------
ID | p | E0 | time_arrive | E_remain | time_charge | energy_charge| E_after_charge | E_after_cycle
477 | 0.06 | 9539.53 | 190.98 | 9528.07 | 257.48 | 1287.38 | 10800.00 | 9397.71
471 | 0.06 | 9395.40 | 512.33 | 9364.66 | 290.55 | 1452.77 | 10800.00 | 9418.97
475 | 0.07 | 9276.19 | 862.33 | 9215.83 | 321.33 | 1606.66 | 10800.00 | 9215.46
509 | 0.10 | 10220.17 | 1290.50 | 10091.12 | 144.67 | 723.35 | 10800.00 | 8561.52
473 | 0.13 | 7874.21 | 1450.55 | 7685.63 | 639.50 | 3197.50 | 10800.00 | 7975.11
490 | 0.09 | 9441.68 | 2205.25 | 9243.21 | 317.07 | 1585.33 | 10800.00 | 8883.21
484 | 0.13 | 8481.88 | 2615.72 | 8141.84 | 545.82 | 2729.12 | 10800.00 | 8114.40
499 | 0.05 | 9452.00 | 3210.27 | 9291.49 | 289.96 | 1449.80 | 10726.79 | 9710.80
494 | 0.17 | 8605.95 | 3584.76 | 7996.54 | 580.43 | 2902.14 | 10800.00 | 7458.68
506 | 0.08 | 10174.89 | 4230.97 | 9836.41 | 195.85 | 979.26 | 10800.00 | 9248.55
493 | 0.12 | 9160.25 | 4492.18 | 8621.18 | 446.48 | 2232.39 | 10800.00 | 8534.24
474 | 0.05 | 9440.36 | 4997.20 | 9190.50 | 290.32 | 1451.58 | 10627.57 | 9700.94
482 | 0.12 | 8539.97 | 5339.63 | 7899.21 | 594.42 | 2972.12 | 10800.00 | 8653.69
507 | 0.10 | 10186.60 | 6034.61 | 9583.14 | 248.34 | 1241.69 | 10800.00 | 9046.29
496 | 0.06 | 9777.83 | 6372.77 | 9395.46 | 284.32 | 1421.60 | 10800.00 | 9770.23
498 | 0.10 | 9492.68 | 6724.70 | 8820.21 | 404.04 | 2020.19 | 10800.00 | 9130.87
503 | 0.07 | 10030.10 | 7176.52 | 9527.74 | 258.06 | 1290.32 | 10800.00 | 9653.02
487 | 0.07 | 9639.28 | 7448.71 | 9117.87 | 341.20 | 1706.02 | 10800.00 | 9677.89
497 | 0.09 | 9753.95 | 7835.78 | 9048.73 | 356.67 | 1783.37 | 10800.00 | 9393.52
483 | 0.09 | 9155.02 | 8211.16 | 8416.02 | 485.54 | 2427.68 | 10800.00 | 9438.90
502 | 0.09 | 10021.17 | 8770.33 | 9231.84 | 319.38 | 1596.91 | 10800.00 | 9474.27
476 | 0.09 | 8873.33 | 9144.79 | 8050.30 | 555.96 | 2779.82 | 10780.08 | 9509.35
486 | 0.08 | 9447.16 | 9739.27 | 8668.02 | 433.33 | 2166.65 | 10800.00 | 9708.21
500 | 0.13 | 9524.97 | 10224.46 | 8195.79 | 534.75 | 2673.73 | 10800.00 | 9102.10
495 | 0.12 | 9301.68 | 10835.18 | 8001.46 | 573.47 | 2867.36 | 10800.00 | 9310.64
481 | 0.07 | 9438.89 | 11468.83 | 8636.07 | 406.51 | 2032.54 | 10640.15 | 9804.02
504 | 0.11 | 9954.80 | 11908.64 | 8644.85 | 440.73 | 2203.63 | 10800.00 | 9538.23
479 | 0.06 | 9582.65 | 12384.39 | 8839.58 | 343.21 | 1716.04 | 10535.03 | 9869.48
472 | 0.12 | 8019.26 | 12778.14 | 6485.88 | 820.23 | 4101.17 | 10488.62 | 9262.03
485 | 0.14 | 8383.99 | 13655.34 | 6472.24 | 890.49 | 4452.43 | 10800.00 | 9501.62
492 | 0.08 | 9664.02 | 14566.57 | 8498.69 | 453.76 | 2268.78 | 10731.18 | 10027.20
505 | 0.09 | 10153.89 | 15088.45 | 8795.93 | 408.16 | 2040.80 | 10800.00 | 10050.89
480 | 0.09 | 9012.05 | 15628.51 | 7605.49 | 547.41 | 2737.03 | 10293.25 | 9605.28
489 | 0.09 | 9391.06 | 16281.13 | 7925.76 | 525.31 | 2626.57 | 10505.05 | 9873.83
501 | 0.10 | 9552.21 | 16842.68 | 7867.94 | 573.83 | 2869.17 | 10679.73 | 10039.39
478 | 0.06 | 9560.81 | 17491.00 | 8511.35 | 343.99 | 1719.96 | 10210.67 | 9851.57
488 | 0.09 | 9352.71 | 17913.03 | 7740.54 | 527.47 | 2637.34 | 10330.40 | 9846.25
491 | 0.06 | 9779.47 | 18467.75 | 8671.41 | 336.30 | 1681.50 | 10332.73 | 10031.77
508 | 0.08 | 10009.70 | 18845.38 | 8502.07 | 438.09 | 2190.43 | 10657.46 | 10294.53
Vehicle 13
Charging tour: 
510  -> 528  -> 520  -> 524  -> 514  -> 535  -> 518  -> 512  -> 534  -> 521  -> 515  -> 516  -> 523  -> 517  -> 525  -> 530  -> 519  -> 513  -> 541  -> 522  -> 511  -> 529  -> 540  -> 536  -> 526  -> 531  -> 532  -> 539  -> 533  -> 527  -> 538  -> 537  -> 
Charging time: 
668.1822256706655  + 308.2163165387379  + 315.1125421289927  + 328.73158696181406  + 711.9237049455688  + 264.3312727856306  + 589.6152024680773  + 751.383721051118  + 168.17647333263074  + 320.8905916574277  + 417.95076022463775  + 627.5679017929309  + 567.1541807586125  + 322.41742910884403  + 328.34303960864776  + 467.082697977437  + 488.4981410974748  + 684.2810246451935  + 253.30534523051014  + 551.2576465178664  + 674.755542514329  + 455.99839557812135  + 331.2712004554351  + 467.75909045413954  + 619.0133387352574  + 314.1196599979067  + 314.7875906751839  + 423.22521839238874  + 322.3955409824407  + 358.26560051740415  + 454.43180274546285  + 422.5894057638337  + 
total node:32/32
-------------------
Traveling energy: 2032.3297029717014
Charging energy: 71465.17095657361
Total energy used: 73497.50065954532
-------------------
Total time for travel: 2032.3297029717014
Total time for charging: 14293.034191314722
Charging round duration: 16325.363894286424
-------------------
ID | p | E0 | time_arrive | E_remain | time_charge | energy_charge| E_after_charge | E_after_cycle
510 | 0.14 | 7579.89 | 194.69 | 7552.63 | 668.18 | 3340.91 | 10800.00 | 7586.00
528 | 0.10 | 9391.21 | 1014.70 | 9289.74 | 308.22 | 1541.08 | 10800.00 | 8550.29
520 | 0.08 | 9365.83 | 1452.35 | 9249.65 | 315.11 | 1575.56 | 10800.00 | 9035.80
524 | 0.09 | 9354.62 | 1874.38 | 9185.93 | 328.73 | 1643.66 | 10800.00 | 8854.48
514 | 0.15 | 7690.14 | 2286.44 | 7347.17 | 711.92 | 3559.62 | 10800.00 | 7676.75
535 | 0.09 | 9774.49 | 3026.19 | 9502.13 | 264.33 | 1321.66 | 10800.00 | 8952.35
518 | 0.13 | 8365.54 | 3361.30 | 7928.57 | 589.62 | 2948.08 | 10800.00 | 8217.02
512 | 0.14 | 7705.97 | 3983.50 | 7148.28 | 751.38 | 3756.92 | 10800.00 | 8128.08
534 | 0.05 | 10208.13 | 4811.99 | 9967.53 | 168.18 | 840.88 | 10800.00 | 9858.01
521 | 0.07 | 9568.65 | 5009.09 | 9218.01 | 320.89 | 1604.45 | 10800.00 | 9505.70
515 | 0.08 | 9174.40 | 5383.99 | 8743.68 | 417.95 | 2089.75 | 10800.00 | 9358.55
516 | 0.12 | 8439.53 | 5850.51 | 7737.47 | 627.57 | 3137.84 | 10800.00 | 8718.97
523 | 0.12 | 8810.84 | 6487.94 | 8032.29 | 567.15 | 2835.77 | 10800.00 | 8788.21
517 | 0.06 | 9631.47 | 7070.13 | 9207.26 | 322.42 | 1612.09 | 10800.00 | 9814.35
525 | 0.07 | 9700.43 | 7416.56 | 9181.27 | 328.34 | 1641.72 | 10800.00 | 9674.74
530 | 0.11 | 9372.96 | 7790.83 | 8515.97 | 467.08 | 2335.41 | 10800.00 | 9088.17
519 | 0.09 | 9147.29 | 8286.81 | 8401.47 | 488.50 | 2442.49 | 10800.00 | 9445.98
513 | 0.11 | 8428.60 | 8861.19 | 7453.87 | 684.28 | 3421.41 | 10800.00 | 9229.80
541 | 0.07 | 10222.03 | 9583.20 | 9551.20 | 253.31 | 1266.53 | 10800.00 | 9821.16
522 | 0.10 | 9087.25 | 9884.10 | 8098.84 | 551.26 | 2756.29 | 10800.00 | 9461.54
511 | 0.10 | 8541.00 | 10473.04 | 7493.70 | 674.76 | 3373.78 | 10800.00 | 9532.78
529 | 0.09 | 9568.91 | 11198.47 | 8561.05 | 456.00 | 2279.99 | 10800.00 | 9705.10
540 | 0.08 | 10103.58 | 11667.93 | 9170.15 | 331.27 | 1656.36 | 10800.00 | 9854.34
536 | 0.10 | 9710.52 | 12025.43 | 8507.98 | 467.76 | 2338.80 | 10800.00 | 9667.32
526 | 0.11 | 9149.25 | 12511.11 | 7773.02 | 619.01 | 3095.07 | 10800.00 | 9624.11
531 | 0.06 | 10040.14 | 13198.21 | 9248.25 | 314.12 | 1570.60 | 10800.00 | 10181.54
532 | 0.06 | 10057.96 | 13550.10 | 9244.95 | 314.79 | 1573.94 | 10800.00 | 10202.69
539 | 0.09 | 9975.53 | 13928.47 | 8721.96 | 423.23 | 2116.13 | 10800.00 | 9947.85
533 | 0.06 | 10072.95 | 14426.37 | 9207.37 | 322.40 | 1611.98 | 10800.00 | 10255.73
527 | 0.06 | 9915.89 | 14762.08 | 9030.17 | 358.27 | 1791.33 | 10800.00 | 10278.02
538 | 0.09 | 9935.29 | 15183.88 | 8568.74 | 454.43 | 2272.16 | 10800.00 | 10063.65
537 | 0.08 | 9978.43 | 15719.68 | 8720.86 | 422.59 | 2112.95 | 10800.00 | 10185.78
Vehicle 14
Charging tour: 
576  -> 548  -> 544  -> 577  -> 542  -> 554  -> 547  -> 563  -> 551  -> 562  -> 545  -> 557  -> 566  -> 552  -> 573  -> 555  -> 564  -> 575  -> 579  -> 578  -> 572  -> 567  -> 569  -> 553  -> 574  -> 581  -> 549  -> 570  -> 561  -> 565  -> 571  -> 550  -> 568  -> 543  -> 546  -> 559  -> 556  -> 580  -> 560  -> 558  -> 
Charging time: 
193.501770218206  + 296.78808632197763  + 232.49110623379752  + 283.7114013487142  + 852.9966909831779  + 614.5080546725192  + 338.6113214294524  + 307.0101482778307  + 561.1369917302553  + 437.90620171511193  + 869.900290779723  + 575.2823880951594  + 397.9564348879252  + 413.0936569356384  + 452.18451089232025  + 252.58456198105193  + 462.6897896079059  + 305.5171281495759  + 496.03464289839457  + 454.73332258889945  + 294.0803050338976  + 433.4811183799845  + 505.2417504498374  + 308.77173888396476  + 721.9702062115618  + 308.34069035415547  + 372.4789039051652  + 245.5593686688245  + 355.7972163033219  + 250.05580774709276  + 515.1621810816064  + 371.51322229292845  + 726.8724335908954  + 443.8683172699044  + 314.27233625354245  + 730.6745807316701  + 679.5400795703607  + 701.3444203267069  + 413.7208279118195  + 307.3138028700874  + 
total node:40/40
-------------------
Traveling energy: 2256.3537157643677
Charging energy: 88993.48903792481
Total energy used: 91249.84275368918
-------------------
Total time for travel: 2256.3537157643677
Total time for charging: 17798.697807584962
Charging round duration: 20055.051523349328
-------------------
ID | p | E0 | time_arrive | E_remain | time_charge | energy_charge| E_after_charge | E_after_cycle
576 | 0.14 | 9875.60 | 114.39 | 9859.58 | 193.50 | 967.51 | 10800.00 | 7508.30
548 | 0.07 | 9363.45 | 380.26 | 9336.83 | 296.79 | 1483.94 | 10800.00 | 9179.99
544 | 0.05 | 9687.52 | 767.12 | 9649.17 | 232.49 | 1162.46 | 10800.00 | 9658.98
577 | 0.09 | 9502.49 | 1061.26 | 9406.98 | 283.71 | 1418.56 | 10800.00 | 8777.25
542 | 0.17 | 6914.96 | 1381.98 | 6680.03 | 853.00 | 4264.98 | 10800.00 | 7130.54
554 | 0.15 | 8166.09 | 2309.70 | 7819.64 | 614.51 | 3072.54 | 10800.00 | 7665.63
547 | 0.07 | 9337.71 | 2958.00 | 9130.65 | 338.61 | 1693.06 | 10800.00 | 9363.36
563 | 0.07 | 9519.12 | 3323.93 | 9286.44 | 307.01 | 1535.05 | 10800.00 | 9386.77
551 | 0.12 | 8513.50 | 3765.42 | 8061.65 | 561.14 | 2805.68 | 10800.00 | 8460.79
562 | 0.12 | 9198.51 | 4462.45 | 8663.02 | 437.91 | 2189.53 | 10800.00 | 8529.64
545 | 0.16 | 7379.08 | 4933.72 | 6589.68 | 869.90 | 4349.50 | 10800.00 | 7917.38
557 | 0.13 | 8756.93 | 5835.06 | 7998.37 | 575.28 | 2876.41 | 10800.00 | 8536.74
566 | 0.09 | 9424.45 | 6426.87 | 8846.03 | 397.96 | 1989.78 | 10800.00 | 9270.43
552 | 0.08 | 9319.60 | 6900.20 | 8767.58 | 413.09 | 2065.47 | 10800.00 | 9479.46
573 | 0.12 | 9474.32 | 7341.46 | 8593.34 | 452.18 | 2260.92 | 10800.00 | 8876.84
555 | 0.05 | 9886.13 | 7809.31 | 9495.67 | 252.58 | 1262.92 | 10745.96 | 9958.05
564 | 0.11 | 9436.40 | 8172.27 | 8537.45 | 462.69 | 2313.45 | 10800.00 | 9129.64
575 | 0.06 | 9807.96 | 8688.78 | 9286.64 | 305.52 | 1527.59 | 10795.89 | 9906.35
579 | 0.15 | 9743.94 | 8998.08 | 8394.23 | 496.03 | 2480.17 | 10800.00 | 8651.12
578 | 0.10 | 9525.22 | 9534.11 | 8571.81 | 454.73 | 2273.67 | 10800.00 | 9416.88
572 | 0.06 | 9951.57 | 10072.16 | 9347.24 | 294.08 | 1470.40 | 10800.00 | 9992.77
567 | 0.09 | 9607.54 | 10399.30 | 8671.61 | 433.48 | 2167.41 | 10800.00 | 9631.15
569 | 0.12 | 9640.60 | 10884.79 | 8334.42 | 505.24 | 2526.21 | 10800.00 | 9308.40
553 | 0.06 | 9704.58 | 11415.98 | 9019.63 | 308.77 | 1543.86 | 10544.96 | 9819.24
574 | 0.15 | 9059.83 | 11742.55 | 7298.44 | 721.97 | 3609.85 | 10800.00 | 9096.68
581 | 0.07 | 10159.30 | 12563.20 | 9279.88 | 308.34 | 1541.70 | 10800.00 | 10033.61
549 | 0.07 | 9385.55 | 12943.39 | 8479.51 | 372.48 | 1862.39 | 10315.83 | 9580.54
570 | 0.05 | 10168.96 | 13373.97 | 9500.27 | 245.56 | 1227.80 | 10715.78 | 10205.76
561 | 0.07 | 9825.59 | 13652.44 | 8869.92 | 355.80 | 1778.99 | 10624.00 | 9937.18
565 | 0.05 | 9986.11 | 14035.84 | 9284.32 | 250.06 | 1250.28 | 10522.09 | 10045.39
571 | 0.10 | 9694.36 | 14303.95 | 8263.97 | 515.16 | 2575.81 | 10788.26 | 9888.17
550 | 0.07 | 9409.94 | 14843.75 | 8370.88 | 371.51 | 1857.57 | 10202.44 | 9600.11
568 | 0.13 | 8931.99 | 15243.40 | 6950.35 | 726.87 | 3634.36 | 10490.22 | 9469.75
543 | 0.08 | 9001.17 | 16073.64 | 7715.28 | 443.87 | 2219.34 | 9899.11 | 9314.91
546 | 0.06 | 9534.73 | 16628.12 | 8537.04 | 314.27 | 1571.36 | 10089.55 | 9676.89
559 | 0.13 | 8885.51 | 16970.39 | 6679.36 | 730.67 | 3653.37 | 10237.75 | 9442.29
556 | 0.12 | 8819.20 | 17765.34 | 6687.36 | 679.54 | 3397.70 | 10003.52 | 9358.50
580 | 0.14 | 9969.19 | 18454.06 | 7385.62 | 701.34 | 3506.72 | 10794.16 | 10141.11
560 | 0.08 | 9657.08 | 19195.21 | 8121.46 | 413.72 | 2068.60 | 10156.97 | 9820.08
558 | 0.06 | 9750.62 | 19668.38 | 8570.52 | 307.31 | 1536.57 | 10088.65 | 9857.99
Vehicle 15
Charging tour: 
588  -> 612  -> 590  -> 597  -> 607  -> 594  -> 596  -> 599  -> 602  -> 618  -> 593  -> 591  -> 608  -> 587  -> 601  -> 592  -> 620  -> 606  -> 605  -> 603  -> 598  -> 589  -> 609  -> 604  -> 613  -> 617  -> 586  -> 619  -> 600  -> 611  -> 615  -> 614  -> 610  -> 582  -> 583  -> 585  -> 595  -> 616  -> 584  -> 
Charging time: 
518.7860965868432  + 439.6886447441405  + 439.65243533361013  + 536.6014358171111  + 488.2392155604143  + 488.23315964584623  + 575.1303088092018  + 584.8222842141405  + 584.83391388936  + 617.6215777081534  + 636.9694903925085  + 488.2376969448188  + 341.4467257161176  + 584.8343970181885  + 488.2384340681145  + 439.68281483247387  + 681.0390983823726  + 488.23842972823445  + 584.834178978997  + 681.0391046242466  + 390.81094927021456  + 439.68619926241195  + 632.9567479403539  + 632.9625192801489  + 681.0391014645744  + 729.0570280671742  + 341.3914076259968  + 681.0228786826704  + 341.2008860754631  + 488.2391324383978  + 777.017161066299  + 681.0379547534699  + 390.8683589171314  + 488.2372199098888  + 439.6910362250105  + 584.8339952845713  + 536.6023999165205  + 776.8576811637636  + 390.8102723723769  + 
total node:39/39
-------------------
Traveling energy: 2002.918545603851
Charging energy: 105562.46186355666
Total energy used: 107565.38040916051
-------------------
Total time for travel: 2002.918545603851
Total time for charging: 21112.49237271133
Charging round duration: 23115.41091831518
-------------------
ID | p | E0 | time_arrive | E_remain | time_charge | energy_charge| E_after_charge | E_after_cycle
588 | 0.10 | 8269.17 | 112.20 | 8257.95 | 518.79 | 2593.93 | 10800.00 | 8481.10
612 | 0.08 | 8073.43 | 686.43 | 8018.52 | 439.69 | 2198.44 | 10181.78 | 8366.27
590 | 0.08 | 8074.10 | 1149.08 | 7982.17 | 439.65 | 2198.26 | 10145.26 | 8366.76
597 | 0.10 | 8269.16 | 1622.15 | 8106.95 | 536.60 | 2683.01 | 10736.29 | 8570.17
607 | 0.09 | 8179.43 | 2229.95 | 7978.74 | 488.24 | 2441.20 | 10375.99 | 8476.83
594 | 0.09 | 8179.53 | 2738.29 | 7933.09 | 488.23 | 2441.17 | 10330.31 | 8476.90
596 | 0.11 | 8345.91 | 3257.22 | 7987.61 | 575.13 | 2875.65 | 10800.00 | 8601.36
599 | 0.11 | 8346.07 | 3918.56 | 7915.03 | 584.82 | 2924.11 | 10774.81 | 8649.98
602 | 0.11 | 8345.91 | 4566.25 | 7843.62 | 584.83 | 2924.17 | 10703.46 | 8649.88
618 | 0.12 | 8412.22 | 5218.48 | 7786.01 | 617.62 | 3088.11 | 10800.00 | 8641.93
593 | 0.13 | 8470.19 | 5940.27 | 7697.96 | 636.97 | 3184.85 | 10800.00 | 8558.44
591 | 0.09 | 8179.46 | 6611.79 | 7584.40 | 488.24 | 2441.19 | 9981.64 | 8476.85
608 | 0.06 | 7797.25 | 7125.88 | 7369.70 | 341.45 | 1707.23 | 9056.45 | 8075.29
587 | 0.11 | 8345.90 | 7559.27 | 7514.38 | 584.83 | 2924.17 | 10374.22 | 8649.87
601 | 0.09 | 8179.45 | 8178.27 | 7443.40 | 488.24 | 2441.19 | 9840.65 | 8476.84
592 | 0.08 | 8073.54 | 8723.97 | 7375.62 | 439.68 | 2198.41 | 9538.86 | 8366.35
620 | 0.13 | 8470.02 | 9253.05 | 7267.13 | 681.04 | 3405.20 | 10583.79 | 8778.62
606 | 0.09 | 8179.45 | 10007.07 | 7278.81 | 488.24 | 2441.19 | 9676.06 | 8476.84
605 | 0.11 | 8345.90 | 10516.54 | 7189.08 | 584.83 | 2924.17 | 10048.92 | 8649.87
603 | 0.13 | 8470.02 | 11133.98 | 7022.61 | 681.04 | 3405.20 | 10339.27 | 8778.62
598 | 0.07 | 7947.76 | 11855.83 | 7117.85 | 390.81 | 1954.05 | 9044.55 | 8234.41
589 | 0.08 | 8073.48 | 12268.00 | 7092.04 | 439.69 | 2198.43 | 9255.29 | 8366.31
609 | 0.12 | 8412.41 | 12749.38 | 6882.49 | 632.96 | 3164.78 | 9971.32 | 8718.80
604 | 0.12 | 8412.34 | 13404.72 | 6803.77 | 632.96 | 3164.81 | 9892.63 | 8718.75
613 | 0.13 | 8470.02 | 14067.42 | 6641.26 | 681.04 | 3405.20 | 9957.92 | 8778.62
617 | 0.14 | 8520.79 | 14772.47 | 6452.65 | 729.06 | 3645.29 | 9995.86 | 8831.28
586 | 0.06 | 7798.52 | 15514.02 | 6867.68 | 341.39 | 1706.96 | 8554.15 | 8076.27
619 | 0.13 | 8470.23 | 15857.91 | 6408.70 | 681.02 | 3405.11 | 9725.28 | 8778.74
600 | 0.06 | 7802.87 | 16574.58 | 6808.40 | 341.20 | 1706.00 | 8493.93 | 8079.68
611 | 0.09 | 8179.43 | 17034.01 | 6646.37 | 488.24 | 2441.20 | 9043.63 | 8476.83
615 | 0.15 | 8565.92 | 17610.78 | 5924.30 | 777.02 | 3885.09 | 9692.84 | 8878.00
614 | 0.13 | 8470.04 | 18429.45 | 6074.21 | 681.04 | 3405.19 | 9390.87 | 8778.63
610 | 0.07 | 7946.59 | 19126.63 | 6607.73 | 390.87 | 1954.34 | 8534.71 | 8233.53
582 | 0.09 | 8179.47 | 19546.84 | 6420.25 | 488.24 | 2441.19 | 8817.50 | 8476.85
583 | 0.08 | 8073.39 | 20070.89 | 6467.72 | 439.69 | 2198.46 | 8631.00 | 8366.24
585 | 0.11 | 8345.91 | 20550.60 | 6085.34 | 584.83 | 2924.17 | 8945.18 | 8649.87
595 | 0.10 | 8269.15 | 21231.55 | 6145.99 | 536.60 | 2683.01 | 8775.34 | 8570.16
616 | 0.15 | 8567.68 | 21838.32 | 5291.93 | 776.86 | 3884.29 | 9059.69 | 8878.97
584 | 0.07 | 7947.77 | 22630.73 | 6363.62 | 390.81 | 1954.05 | 8290.32 | 8234.42
Vehicle 16
Charging tour: 
623  -> 636  -> 625  -> 624  -> 629  -> 622  -> 627  -> 634  -> 626  -> 621  -> 638  -> 647  -> 631  -> 639  -> 644  -> 633  -> 641  -> 646  -> 630  -> 632  -> 635  -> 640  -> 643  -> 645  -> 628  -> 637  -> 642  -> 
Charging time: 
498.11219227858214  + 354.39806267879067  + 581.1891465114367  + 522.5623322232025  + 384.65020777711453  + 629.2393403858708  + 658.864260605972  + 464.8231240193901  + 711.9134933434331  + 588.8555991934776  + 414.8134323499033  + 379.09314167534643  + 304.5491084598067  + 259.64821225169936  + 281.49466319514625  + 410.5988649934043  + 353.23093912435195  + 364.50288308872285  + 506.55196764363814  + 278.3506484943082  + 586.7974647110391  + 296.6556452073127  + 238.54201824549926  + 374.6176977321683  + 504.4717069121983  + 276.4584394444216  + 414.22276028997953  + 
total node:27/27
-------------------
Traveling energy: 1799.2055266660652
Charging energy: 58196.03676418108
Total energy used: 59995.24229084715
-------------------
Total time for travel: 1799.2055266660652
Total time for charging: 11639.207352836216
Charging round duration: 13438.41287950228
-------------------
ID | p | E0 | time_arrive | E_remain | time_charge | energy_charge| E_after_charge | E_after_cycle
623 | 0.11 | 8381.28 | 154.99 | 8364.23 | 498.11 | 2490.56 | 10800.00 | 8251.64
636 | 0.11 | 9147.58 | 732.59 | 9066.99 | 354.40 | 1771.99 | 10800.00 | 8299.37
625 | 0.13 | 8119.52 | 1153.15 | 7969.61 | 581.19 | 2905.95 | 10800.00 | 7928.86
624 | 0.11 | 8446.79 | 1837.42 | 8244.67 | 522.56 | 2612.81 | 10800.00 | 8439.40
629 | 0.09 | 9134.22 | 2476.17 | 8911.37 | 384.65 | 1923.25 | 10800.00 | 8913.67
622 | 0.12 | 8084.12 | 2956.75 | 7729.31 | 629.24 | 3146.20 | 10800.00 | 8371.92
627 | 0.14 | 8107.06 | 3636.69 | 7597.92 | 658.86 | 3294.32 | 10800.00 | 8066.58
634 | 0.11 | 9005.29 | 4347.92 | 8527.01 | 464.82 | 2324.12 | 10800.00 | 8709.20
626 | 0.14 | 8020.14 | 4857.39 | 7340.10 | 711.91 | 3559.57 | 10800.00 | 8244.90
621 | 0.10 | 8474.90 | 5602.95 | 7914.61 | 588.86 | 2944.28 | 10800.00 | 9037.18
638 | 0.10 | 9391.70 | 6242.81 | 8767.41 | 414.81 | 2074.07 | 10800.00 | 9083.76
647 | 0.11 | 9689.87 | 6760.34 | 8946.23 | 379.09 | 1895.47 | 10800.00 | 8965.14
631 | 0.06 | 9730.40 | 7247.92 | 9295.53 | 304.55 | 1522.75 | 10800.00 | 9823.95
639 | 0.06 | 9975.97 | 7643.95 | 9517.34 | 259.65 | 1298.24 | 10800.00 | 9845.02
644 | 0.07 | 9971.04 | 7983.02 | 9412.23 | 281.49 | 1407.47 | 10800.00 | 9711.12
633 | 0.08 | 9441.53 | 8271.01 | 8779.85 | 410.60 | 2052.99 | 10800.00 | 9588.93
641 | 0.08 | 9760.03 | 8724.09 | 9062.10 | 353.23 | 1766.15 | 10800.00 | 9620.59
646 | 0.09 | 9831.11 | 9120.22 | 9010.29 | 364.50 | 1822.51 | 10800.00 | 9509.82
630 | 0.09 | 9168.15 | 9503.57 | 8312.83 | 506.55 | 2532.76 | 10800.00 | 9557.11
632 | 0.05 | 9925.85 | 10073.68 | 9422.16 | 278.35 | 1391.75 | 10800.00 | 10126.60
635 | 0.11 | 9077.50 | 10426.73 | 7930.56 | 586.80 | 2933.99 | 10800.00 | 9391.29
640 | 0.06 | 9997.71 | 11053.21 | 9334.52 | 296.66 | 1483.28 | 10800.00 | 10051.79
643 | 0.05 | 10188.75 | 11390.61 | 9619.22 | 238.54 | 1192.71 | 10800.00 | 10190.46
645 | 0.08 | 9891.27 | 11679.82 | 8956.88 | 374.62 | 1873.09 | 10800.00 | 9858.75
628 | 0.08 | 9286.89 | 12111.09 | 8318.00 | 504.47 | 2522.36 | 10800.00 | 9903.64
637 | 0.05 | 10062.94 | 12628.09 | 9431.53 | 276.46 | 1382.29 | 10800.00 | 10254.23
642 | 0.08 | 9798.05 | 12950.33 | 8762.02 | 414.22 | 2071.11 | 10800.00 | 9963.56
Vehicle 17
Charging tour: 
666  -> 654  -> 679  -> 681  -> 671  -> 656  -> 677  -> 651  -> 658  -> 676  -> 663  -> 672  -> 657  -> 675  -> 653  -> 674  -> 655  -> 678  -> 683  -> 649  -> 652  -> 661  -> 660  -> 659  -> 668  -> 648  -> 665  -> 669  -> 673  -> 650  -> 680  -> 685  -> 662  -> 667  -> 664  -> 682  -> 670  -> 684  -> 
Charging time: 
270.56679946372884  + 415.53532367234794  + 456.10369562815663  + 415.4193217770855  + 367.0744997955413  + 525.932113160376  + 367.3773479753594  + 724.2814828983269  + 268.2273802980605  + 511.20153969151437  + 625.9459814997836  + 269.15590381412846  + 624.6358619999567  + 511.21895686234524  + 700.1448303064432  + 606.5889588500887  + 463.51070563215956  + 654.2284152023074  + 558.9234284779438  + 367.22950357501986  + 511.2153613888157  + 415.567442249606  + 269.48264578676685  + 511.20110732858507  + 415.5639773446367  + 367.3486114741764  + 606.5905491207632  + 701.8518428587771  + 892.2639410864614  + 415.4321917011482  + 799.2458330023494  + 606.5904773961626  + 715.725050947224  + 654.2285758715602  + 606.5909433921255  + 844.6623481430514  + 797.0815400767522  + 892.7268379088073  + 
total node:38/38
-------------------
Traveling energy: 1624.2971577932701
Charging energy: 103633.3566382922
Total energy used: 105257.65379608548
-------------------
Total time for travel: 1624.2971577932701
Total time for charging: 20726.67132765844
Charging round duration: 22350.96848545171
-------------------
ID | p | E0 | time_arrive | E_remain | time_charge | energy_charge| E_after_charge | E_after_cycle
666 | 0.05 | 8068.18 | 15.59 | 8067.40 | 270.57 | 1352.83 | 9406.71 | 8230.02
654 | 0.08 | 8405.48 | 404.50 | 8373.11 | 415.54 | 2077.68 | 10417.55 | 8577.55
679 | 0.14 | 8702.24 | 849.29 | 8583.34 | 456.10 | 2280.52 | 10800.00 | 7647.95
681 | 0.08 | 8407.82 | 1398.83 | 8295.92 | 415.42 | 2077.10 | 10339.78 | 8579.32
671 | 0.07 | 8325.76 | 1837.67 | 8197.13 | 367.07 | 1835.37 | 10006.80 | 8493.74
656 | 0.12 | 8503.59 | 2251.15 | 8233.45 | 525.93 | 2629.66 | 10800.00 | 8274.85
677 | 0.07 | 8318.90 | 2830.75 | 8120.75 | 367.38 | 1836.89 | 9931.92 | 8488.39
651 | 0.14 | 7732.76 | 3234.06 | 7279.99 | 724.28 | 3621.41 | 10800.00 | 8019.37
658 | 0.05 | 8138.55 | 3968.07 | 7940.15 | 268.23 | 1341.14 | 9267.87 | 8288.69
676 | 0.10 | 8540.59 | 4271.92 | 8113.40 | 511.20 | 2556.01 | 10618.29 | 8714.60
663 | 0.15 | 8485.47 | 4808.70 | 7764.16 | 625.95 | 3129.73 | 10800.00 | 8042.20
672 | 0.05 | 8110.48 | 5457.66 | 7837.59 | 269.16 | 1345.78 | 9169.91 | 8265.25
657 | 0.12 | 8387.54 | 5834.00 | 7687.46 | 624.64 | 3123.18 | 10735.68 | 8652.32
675 | 0.10 | 8540.30 | 6480.32 | 7892.27 | 511.22 | 2556.09 | 10397.24 | 8714.40
653 | 0.13 | 8106.54 | 7006.92 | 7195.64 | 700.14 | 3500.72 | 10605.35 | 8510.67
674 | 0.12 | 8637.08 | 7749.19 | 7707.18 | 606.59 | 3032.94 | 10667.33 | 8811.62
655 | 0.09 | 8477.41 | 8394.74 | 7721.88 | 463.51 | 2317.55 | 9997.72 | 8651.16
678 | 0.13 | 8675.49 | 8881.28 | 7520.93 | 654.23 | 3271.14 | 10707.02 | 8850.03
683 | 0.11 | 8592.52 | 9655.23 | 7530.45 | 558.92 | 2794.62 | 10263.58 | 8766.94
649 | 0.07 | 8322.25 | 10336.41 | 7598.70 | 367.23 | 1836.15 | 9409.14 | 8491.00
652 | 0.10 | 8540.36 | 10713.79 | 7468.98 | 511.22 | 2556.08 | 9973.94 | 8714.44
661 | 0.08 | 8404.83 | 11314.69 | 7499.65 | 415.57 | 2077.84 | 9544.24 | 8577.06
660 | 0.05 | 8100.64 | 11751.36 | 7513.07 | 269.48 | 1347.41 | 8847.01 | 8257.05
659 | 0.10 | 8540.60 | 12073.64 | 7333.24 | 511.20 | 2556.01 | 9838.12 | 8714.61
668 | 0.08 | 8404.90 | 12660.54 | 7392.05 | 415.56 | 2077.82 | 9436.63 | 8577.12
648 | 0.07 | 8319.55 | 13114.13 | 7401.56 | 367.35 | 1836.74 | 9212.59 | 8488.89
665 | 0.12 | 8637.06 | 13486.29 | 7018.70 | 606.59 | 3032.95 | 9978.87 | 8811.61
669 | 0.14 | 8708.89 | 14117.32 | 6732.47 | 701.85 | 3509.26 | 10143.47 | 8883.35
673 | 0.18 | 8807.64 | 14856.03 | 6133.55 | 892.26 | 4461.32 | 10434.26 | 8981.36
650 | 0.08 | 8407.56 | 15753.64 | 7147.27 | 415.43 | 2077.16 | 9191.20 | 8579.12
680 | 0.16 | 8740.17 | 16176.98 | 6151.85 | 799.25 | 3996.23 | 10020.20 | 8925.20
685 | 0.12 | 8637.06 | 17017.98 | 6594.90 | 606.59 | 3032.95 | 9555.06 | 8811.61
662 | 0.14 | 8540.08 | 17657.60 | 6068.02 | 715.73 | 3578.63 | 9546.44 | 8783.91
667 | 0.13 | 8675.49 | 18394.56 | 6284.20 | 654.23 | 3271.14 | 9470.29 | 8850.03
664 | 0.12 | 8637.05 | 19052.46 | 6350.76 | 606.59 | 3032.95 | 9310.92 | 8811.61
682 | 0.17 | 8787.11 | 19686.20 | 5440.46 | 844.66 | 4223.31 | 9520.17 | 8961.02
670 | 0.16 | 8763.90 | 20547.04 | 5476.38 | 797.08 | 3985.41 | 9334.25 | 8938.11
684 | 0.18 | 8803.07 | 21374.30 | 4955.70 | 892.73 | 4463.63 | 9258.64 | 8979.10
Vehicle 18
Charging tour: 
688  -> 711  -> 700  -> 714  -> 699  -> 706  -> 704  -> 702  -> 705  -> 691  -> 710  -> 725  -> 701  -> 724  -> 718  -> 690  -> 721  -> 720  -> 703  -> 707  -> 692  -> 694  -> 693  -> 727  -> 717  -> 687  -> 722  -> 686  -> 708  -> 709  -> 712  -> 719  -> 716  -> 689  -> 697  -> 713  -> 696  -> 715  -> 698  -> 726  -> 723  -> 695  -> 
Charging time: 
500.93094734932635  + 596.1605196288433  + 596.1606195256021  + 596.160267538659  + 310.05298361455596  + 691.3302007655274  + 357.90661327227787  + 309.97243841512744  + 548.5564627079577  + 812.9504831132953  + 405.62222552449293  + 596.160431552232  + 261.81931722194054  + 357.82162706276733  + 405.5592376828651  + 453.28570509331763  + 309.84170027925904  + 738.9151512235886  + 357.5756740039853  + 261.795083947951  + 357.5824543966974  + 357.8717211594192  + 596.1606115425508  + 643.7568808193639  + 643.7568678384798  + 405.58966513861225  + 259.4892008748409  + 453.28167954230327  + 405.50581657518273  + 357.89105411996803  + 691.3470673808195  + 309.0219479396266  + 643.7568882129783  + 405.64429773295234  + 643.7573013104823  + 643.756861804943  + 596.1611424243641  + 548.5580141771852  + 500.94289076441936  + 738.7875386585329  + 786.3311832036037  + 643.7569101423467  + 
total node:42/42
-------------------
Traveling energy: 2493.5715735837694
Charging energy: 105506.42842641624
Total energy used: 108000.00000000001
-------------------
Total time for travel: 2493.5715735837694
Total time for charging: 21101.28568528325
Charging round duration: 23594.857258867018
-------------------
ID | p | E0 | time_arrive | E_remain | time_charge | energy_charge| E_after_charge | E_after_cycle
688 | 0.10 | 7621.67 | 160.15 | 7605.66 | 500.93 | 2504.65 | 10060.22 | 7744.33
711 | 0.12 | 7685.04 | 701.62 | 7600.85 | 596.16 | 2980.80 | 10510.11 | 7807.44
700 | 0.12 | 7685.04 | 1354.99 | 7522.44 | 596.16 | 2980.80 | 10431.71 | 7807.44
714 | 0.12 | 7685.05 | 1969.61 | 7448.69 | 596.16 | 2980.80 | 10357.95 | 7807.45
699 | 0.06 | 7388.28 | 2637.38 | 7230.04 | 310.05 | 1550.26 | 8761.70 | 7509.35
706 | 0.14 | 7731.62 | 3001.29 | 7311.44 | 691.33 | 3456.65 | 10671.31 | 7853.47
704 | 0.07 | 7467.18 | 3794.85 | 7201.54 | 357.91 | 1789.53 | 8966.02 | 7589.31
702 | 0.06 | 7390.20 | 4167.87 | 7140.13 | 309.97 | 1549.86 | 8671.40 | 7510.87
705 | 0.11 | 7655.96 | 4614.94 | 7148.32 | 548.56 | 2742.78 | 9830.76 | 7778.54
691 | 0.16 | 7514.22 | 5326.98 | 6661.91 | 812.95 | 4064.75 | 10596.59 | 7767.78
710 | 0.08 | 7530.03 | 6223.45 | 7032.15 | 405.62 | 2028.11 | 9027.81 | 7652.54
725 | 0.12 | 7685.04 | 6656.60 | 6886.25 | 596.16 | 2980.80 | 9795.51 | 7807.44
701 | 0.05 | 7291.16 | 7329.95 | 6924.66 | 261.82 | 1309.10 | 8220.67 | 7409.25
724 | 0.07 | 7468.95 | 7652.68 | 6933.26 | 357.82 | 1789.11 | 8697.33 | 7590.66
718 | 0.08 | 7531.20 | 8043.39 | 6887.72 | 405.56 | 2027.80 | 8883.08 | 7653.39
690 | 0.09 | 7580.52 | 8487.34 | 6816.65 | 453.29 | 2266.43 | 9042.29 | 7703.14
721 | 0.06 | 7393.32 | 8970.32 | 6855.10 | 309.84 | 1549.21 | 8385.72 | 7513.33
720 | 0.15 | 7750.41 | 9322.43 | 6352.05 | 738.92 | 3694.58 | 9935.79 | 7871.99
703 | 0.07 | 7474.09 | 10099.12 | 6767.15 | 357.58 | 1787.88 | 8530.00 | 7594.57
707 | 0.05 | 7291.83 | 10484.07 | 6767.63 | 261.80 | 1308.98 | 8063.52 | 7409.81
692 | 0.07 | 7473.95 | 10766.00 | 6720.33 | 357.58 | 1787.91 | 8483.21 | 7594.46
694 | 0.07 | 7467.91 | 11169.13 | 6686.07 | 357.87 | 1789.36 | 8450.38 | 7589.87
693 | 0.12 | 7685.04 | 11556.18 | 6298.30 | 596.16 | 2980.80 | 9207.56 | 7807.44
727 | 0.13 | 7709.92 | 12187.95 | 6125.48 | 643.76 | 3218.78 | 9260.58 | 7832.10
717 | 0.13 | 7709.92 | 12901.79 | 6032.68 | 643.76 | 3218.78 | 9167.78 | 7832.10
687 | 0.08 | 7530.63 | 13596.89 | 6442.88 | 405.59 | 2027.95 | 8438.38 | 7652.98
722 | 0.05 | 7356.63 | 14053.44 | 6653.96 | 259.49 | 1297.45 | 7938.43 | 7463.08
686 | 0.09 | 7580.58 | 14371.71 | 6287.13 | 453.28 | 2266.41 | 8512.74 | 7703.19
708 | 0.08 | 7532.19 | 14966.41 | 6334.87 | 405.51 | 2027.53 | 8329.96 | 7654.12
709 | 0.07 | 7467.50 | 15409.36 | 6388.85 | 357.89 | 1789.46 | 8153.25 | 7589.56
712 | 0.14 | 7731.44 | 15773.96 | 5523.08 | 691.35 | 3456.74 | 8883.03 | 7853.37
719 | 0.06 | 7412.93 | 16591.83 | 6417.42 | 309.02 | 1545.11 | 7943.99 | 7528.84
716 | 0.13 | 7709.92 | 16983.90 | 5502.01 | 643.76 | 3218.78 | 8637.11 | 7832.10
689 | 0.08 | 7529.62 | 17680.52 | 6115.17 | 405.64 | 2028.22 | 8110.94 | 7652.24
697 | 0.13 | 7709.91 | 18173.26 | 5347.39 | 643.76 | 3218.79 | 8482.49 | 7832.10
713 | 0.13 | 7709.92 | 18825.07 | 5262.66 | 643.76 | 3218.78 | 8397.75 | 7832.10
696 | 0.12 | 7685.03 | 19495.01 | 5345.63 | 596.16 | 2980.81 | 8254.90 | 7807.44
715 | 0.11 | 7655.94 | 20093.05 | 5445.70 | 548.56 | 2742.79 | 8128.15 | 7778.53
698 | 0.10 | 7621.49 | 20675.06 | 5553.99 | 500.94 | 2504.71 | 8008.61 | 7744.21
726 | 0.15 | 7751.75 | 21195.88 | 4572.37 | 738.79 | 3693.94 | 8155.49 | 7872.69
723 | 0.16 | 7768.60 | 21949.38 | 4256.70 | 786.33 | 3931.66 | 8062.54 | 7889.05
695 | 0.13 | 7709.92 | 22763.97 | 4750.60 | 643.76 | 3218.78 | 7885.70 | 7832.10
Vehicle 19
Charging tour: 
763  -> 740  -> 764  -> 732  -> 730  -> 742  -> 733  -> 759  -> 734  -> 753  -> 728  -> 731  -> 739  -> 737  -> 738  -> 736  -> 761  -> 747  -> 762  -> 758  -> 749  -> 757  -> 745  -> 741  -> 735  -> 754  -> 750  -> 765  -> 752  -> 744  -> 766  -> 760  -> 743  -> 755  -> 756  -> 751  -> 746  -> 748  -> 729  -> 
Charging time: 
291.47293139310426  + 485.0428583818715  + 304.1990010197808  + 515.4156488853866  + 309.69020844533554  + 310.33656928957424  + 337.33301140221744  + 537.8327309996129  + 345.11584849635227  + 469.89483801855715  + 309.16890907323574  + 719.1818709238657  + 647.1621782271819  + 799.8069156513193  + 357.7958581703484  + 308.96816102781986  + 309.9145459956979  + 358.20710596919287  + 431.97646711457963  + 522.2756012105099  + 468.195742148332  + 568.898577657659  + 263.68566239515195  + 410.5410150357498  + 619.0274385973589  + 637.7150849841922  + 685.7301738810409  + 512.4693925179847  + 613.1078957943319  + 530.89700576771  + 495.46993374527847  + 745.0534041068806  + 526.9534667658867  + 596.8676306842086  + 701.6580456650865  + 679.2420256288353  + 579.559199583087  + 513.2896399817078  + 431.1607976004167  + 
total node:39/39
-------------------
Traveling energy: 2302.5760557731487
Charging energy: 96251.5669611822
Total energy used: 98554.14301695535
-------------------
Total time for travel: 2302.5760557731487
Total time for charging: 19250.31339223644
Charging round duration: 21552.889448009588
-------------------
ID | p | E0 | time_arrive | E_remain | time_charge | energy_charge| E_after_charge | E_after_cycle
763 | 0.06 | 9366.09 | 99.41 | 9360.12 | 291.47 | 1457.36 | 10800.00 | 9394.25
740 | 0.13 | 8491.68 | 414.12 | 8437.84 | 485.04 | 2425.21 | 10800.00 | 7820.29
764 | 0.06 | 9358.15 | 1014.84 | 9297.26 | 304.20 | 1521.00 | 10800.00 | 9449.94
732 | 0.11 | 8428.83 | 1356.44 | 8279.62 | 515.42 | 2577.08 | 10800.00 | 8385.70
730 | 0.06 | 9362.82 | 1878.50 | 9250.11 | 309.69 | 1548.45 | 10779.98 | 9482.07
742 | 0.08 | 9449.38 | 2202.94 | 9273.14 | 310.34 | 1551.68 | 10800.00 | 9095.46
733 | 0.07 | 9324.18 | 2674.69 | 9136.95 | 337.33 | 1686.67 | 10800.00 | 9343.44
759 | 0.16 | 8700.32 | 3146.43 | 8196.89 | 537.83 | 2689.16 | 10800.00 | 7578.28
734 | 0.07 | 9360.19 | 3737.28 | 9098.58 | 345.12 | 1725.58 | 10800.00 | 9418.37
753 | 0.13 | 9058.37 | 4205.81 | 8511.61 | 469.89 | 2349.47 | 10800.00 | 8311.24
728 | 0.06 | 9378.60 | 4762.30 | 9092.86 | 309.17 | 1545.84 | 10620.16 | 9495.25
731 | 0.13 | 7958.70 | 5085.52 | 7297.58 | 719.18 | 3595.91 | 10800.00 | 8458.01
739 | 0.13 | 8408.83 | 5850.04 | 7648.32 | 647.16 | 3235.81 | 10800.00 | 8548.04
737 | 0.15 | 7896.09 | 6501.03 | 6920.94 | 799.81 | 3999.03 | 10800.00 | 8322.13
738 | 0.07 | 9454.65 | 7340.73 | 8940.80 | 357.80 | 1788.98 | 10704.73 | 9576.23
736 | 0.06 | 9384.70 | 7734.71 | 8920.61 | 308.97 | 1544.84 | 10446.92 | 9500.34
761 | 0.06 | 9356.04 | 8053.44 | 8872.83 | 309.91 | 1549.57 | 10403.81 | 9476.41
747 | 0.07 | 9443.80 | 8390.84 | 8856.44 | 358.21 | 1791.04 | 10622.40 | 9567.43
762 | 0.13 | 9835.17 | 8760.71 | 8696.27 | 431.98 | 2159.88 | 10800.00 | 8898.45
758 | 0.14 | 9554.22 | 9231.97 | 8261.74 | 522.28 | 2611.38 | 10800.00 | 8830.79
749 | 0.09 | 9289.62 | 9819.32 | 8405.88 | 468.20 | 2340.98 | 10704.72 | 9486.79
757 | 0.11 | 9156.93 | 10353.15 | 8018.09 | 568.90 | 2844.49 | 10800.00 | 9381.22
745 | 0.05 | 9163.60 | 10945.90 | 8616.31 | 263.69 | 1318.43 | 9921.55 | 9291.03
741 | 0.08 | 9417.08 | 11352.00 | 8508.92 | 410.54 | 2052.71 | 10528.78 | 9564.18
735 | 0.11 | 8587.48 | 11786.40 | 7290.97 | 619.03 | 3095.14 | 10318.02 | 9062.41
754 | 0.14 | 9442.75 | 12443.18 | 7700.70 | 637.72 | 3188.58 | 10800.00 | 9296.52
750 | 0.13 | 9161.63 | 13105.28 | 7457.94 | 685.73 | 3428.65 | 10797.45 | 9493.68
765 | 0.10 | 9430.07 | 13811.08 | 8048.96 | 512.47 | 2562.35 | 10560.06 | 9610.41
752 | 0.12 | 9458.60 | 14406.42 | 7729.83 | 613.11 | 3065.54 | 10721.80 | 9665.74
744 | 0.10 | 9102.75 | 15090.61 | 7593.69 | 530.90 | 2654.49 | 10195.08 | 9375.23
766 | 0.10 | 9753.61 | 15654.50 | 8188.16 | 495.47 | 2477.35 | 10615.96 | 9848.96
760 | 0.15 | 9615.71 | 16194.82 | 7186.49 | 745.05 | 3725.27 | 10800.00 | 9767.98
743 | 0.10 | 9170.87 | 16980.94 | 7472.77 | 526.95 | 2634.77 | 10054.85 | 9423.63
755 | 0.12 | 9715.96 | 17519.00 | 7613.69 | 596.87 | 2984.34 | 10526.40 | 9841.90
756 | 0.14 | 9642.40 | 18238.06 | 7089.07 | 701.66 | 3508.29 | 10499.13 | 9815.89
751 | 0.13 | 9249.14 | 18967.40 | 6783.38 | 679.24 | 3396.21 | 10091.29 | 9548.75
746 | 0.11 | 9172.29 | 19755.75 | 6999.15 | 579.56 | 2897.80 | 9833.20 | 9449.88
748 | 0.10 | 9415.00 | 20426.00 | 7372.40 | 513.29 | 2566.45 | 9887.52 | 9599.45
729 | 0.08 | 8966.72 | 21027.84 | 7284.49 | 431.16 | 2155.80 | 9405.80 | 9216.92
Network survivability: 100.0%
networkSurvivabilityOverThousand: 76.6%
Average dead duration: 116245.59233977243
Traveling energy: 45822.5475003722
total calculate time: 41.26473069190979
