total sensor 766
condition 16.786488098769944
gen: 1
2000
gen: 2
2000
gen: 3
2000
gen: 4
2000
gen: 5
2000
gen: 6
2000
gen: 7
2000
gen: 8
2000
gen: 9
2000
gen: 10
2000
gen: 11
2000
gen: 12
2000
gen: 13
2000
gen: 14
2000
gen: 15
2000
gen: 16
2000
gen: 17
2000
gen: 18
2000
gen: 19
2000
gen: 20
2000
gen: 21
2000
gen: 22
2000
gen: 23
2000
gen: 24
2000
gen: 25
2000
gen: 26
2000
gen: 27
2000
gen: 28
2000
gen: 29
2000
gen: 30
2000
gen: 31
2000
gen: 32
2000
gen: 33
2000
gen: 34
2000
gen: 35
2000
gen: 36
2000
gen: 37
2000
gen: 38
2000
gen: 39
2000
gen: 40
2000
gen: 41
2000
gen: 42
2000
gen: 43
2000
gen: 44
2000
gen: 45
2000
gen: 46
2000
gen: 47
2000
gen: 48
2000
gen: 49
2000
gen: 50
2000
Number of charging vehicles: 20
Survey time: 23820.006762148878
Network clustering infor: 
Cluster 0:
[1, 2, 3, 4, 5, 6, 7, 8, 9, 10, 11, 12, 13, 14, 15, 16, 17, 18, 19, 20, 21, 22, 23, 24, 25, 26, 27, 28, 29, 30, 31, 32, 33, 34, 35, 36, 37, 38, 39, 40, 41, 42]
Cluster 1:
[43, 44, 45, 46, 47, 48, 49, 50, 51, 52, 53, 54, 55, 56, 57, 58, 59, 60, 61, 62, 63, 64, 65, 66, 67, 68, 69, 70, 71, 72, 73, 74, 75, 76, 77, 78, 79, 80, 81, 82, 83]
Cluster 2:
[84, 85, 86, 87, 88, 89, 90, 91, 92, 93, 94, 95, 96, 97, 98, 99, 100, 101, 102, 103, 104, 105, 106, 107, 108, 109, 110, 111, 112, 113, 114, 115, 116, 117, 118, 119, 120, 121]
Cluster 3:
[122, 123, 124, 125, 126, 127, 128, 129, 130, 131, 132, 133, 134, 135, 136, 137, 138, 139, 140, 141, 142, 143, 144, 145, 146, 147, 148, 149, 150, 151, 152, 153, 154, 155, 156, 157]
Cluster 4:
[158, 159, 160, 161, 162, 163, 164, 165, 166, 167, 168, 169, 170, 171, 172, 173, 174, 175, 176, 177, 178, 179, 180, 181, 182, 183, 184, 185, 186, 187, 188, 189]
Cluster 5:
[190, 191, 192, 193, 194, 195, 196, 197, 198, 199, 200, 201, 202, 203, 204, 205, 206, 207, 208, 209, 210, 211, 212, 213, 214, 215, 216, 217, 218, 219, 220, 221, 222, 223, 224, 225, 226, 227, 228, 229, 230, 231, 232]
Cluster 6:
[233, 234, 235, 236, 237, 238, 239, 240, 241, 242, 243, 244, 245, 246, 247, 248, 249, 250, 251, 252, 253, 254, 255, 256, 257, 258, 259, 260, 261, 262, 263, 264, 265, 266, 267, 268, 269, 270, 271, 272, 273]
Cluster 7:
[274, 275, 276, 277, 278, 279, 280, 281, 282, 283, 284, 285, 286, 287, 288, 289, 290, 291, 292, 293, 294, 295, 296, 297, 298, 299, 300, 301, 302, 303, 304, 305, 306, 307, 308, 309, 310, 311, 312, 313]
Cluster 8:
[314, 315, 316, 317, 318, 319, 320, 321, 322, 323, 324, 325, 326, 327, 328, 329, 330, 331, 332, 333, 334, 335, 336, 337, 338, 339, 340, 341, 342, 343, 344, 345, 346, 347, 348, 349, 350, 351, 352]
Cluster 9:
[353, 354, 355, 356, 357, 358, 359, 360, 361, 362, 363, 364, 365, 366, 367, 368, 369, 370, 371, 372, 373, 374, 375, 376, 377, 378, 379, 380, 381, 382, 383, 384, 385, 386, 387, 388, 389, 390, 391, 392, 393]
Cluster 10:
[394, 395, 396, 397, 398, 399, 400, 401, 402, 403, 404, 405, 406, 407, 408, 409, 410, 411, 412, 413, 414, 415, 416, 417, 418, 419, 420, 421, 422, 423, 424, 425, 426, 427, 428, 429, 430, 431, 432]
Cluster 11:
[433, 434, 435, 436, 437, 438, 439, 440, 441, 442, 443, 444, 445, 446, 447, 448, 449, 450, 451, 452, 453, 454, 455, 456, 457, 458, 459, 460, 461, 462, 463, 464, 465, 466, 467, 468, 469, 470]
Cluster 12:
[471, 472, 473, 474, 475, 476, 477, 478, 479, 480, 481, 482, 483, 484, 485, 486, 487, 488, 489, 490, 491, 492, 493, 494, 495, 496, 497, 498, 499, 500, 501, 502, 503, 504, 505, 506, 507, 508, 509]
Cluster 13:
[510, 511, 512, 513, 514, 515, 516, 517, 518, 519, 520, 521, 522, 523, 524, 525, 526, 527, 528, 529, 530, 531, 532, 533, 534, 535, 536, 537, 538, 539, 540, 541]
Cluster 14:
[542, 543, 544, 545, 546, 547, 548, 549, 550, 551, 552, 553, 554, 555, 556, 557, 558, 559, 560, 561, 562, 563, 564, 565, 566, 567, 568, 569, 570, 571, 572, 573, 574, 575, 576, 577, 578, 579, 580, 581]
Cluster 15:
[582, 583, 584, 585, 586, 587, 588, 589, 590, 591, 592, 593, 594, 595, 596, 597, 598, 599, 600, 601, 602, 603, 604, 605, 606, 607, 608, 609, 610, 611, 612, 613, 614, 615, 616, 617, 618, 619, 620]
Cluster 16:
[621, 622, 623, 624, 625, 626, 627, 628, 629, 630, 631, 632, 633, 634, 635, 636, 637, 638, 639, 640, 641, 642, 643, 644, 645, 646, 647]
Cluster 17:
[648, 649, 650, 651, 652, 653, 654, 655, 656, 657, 658, 659, 660, 661, 662, 663, 664, 665, 666, 667, 668, 669, 670, 671, 672, 673, 674, 675, 676, 677, 678, 679, 680, 681, 682, 683, 684, 685]
Cluster 18:
[686, 687, 688, 689, 690, 691, 692, 693, 694, 695, 696, 697, 698, 699, 700, 701, 702, 703, 704, 705, 706, 707, 708, 709, 710, 711, 712, 713, 714, 715, 716, 717, 718, 719, 720, 721, 722, 723, 724, 725, 726, 727]
Cluster 19:
[728, 729, 730, 731, 732, 733, 734, 735, 736, 737, 738, 739, 740, 741, 742, 743, 744, 745, 746, 747, 748, 749, 750, 751, 752, 753, 754, 755, 756, 757, 758, 759, 760, 761, 762, 763, 764, 765, 766]
Vehicle 0
Charging tour: 
38  -> 24  -> 23  -> 12  -> 19  -> 10  -> 6  -> 41  -> 5  -> 3  -> 1  -> 36  -> 7  -> 21  -> 40  -> 4  -> 27  -> 35  -> 42  -> 30  -> 14  -> 32  -> 8  -> 33  -> 13  -> 2  -> 29  -> 20  -> 15  -> 39  -> 31  -> 25  -> 17  -> 37  -> 34  -> 9  -> 18  -> 28  -> 16  -> 11  -> 22  -> 26  -> 
Charging time: 
606.0848330977667  + 515.7387270997024  + 240.3368088333143  + 606.0848276026638  + 470.37224792426315  + 515.7408951262585  + 333.309481861026  + 605.9986650026782  + 379.23381839548716  + 560.9759237639246  + 470.37129171271465  + 515.7390696153452  + 651.0684739912643  + 560.9759174238474  + 560.9751496547294  + 470.3724219238475  + 379.24234152580743  + 379.23534604759965  + 1423.93590762232  + 287.3671870573874  + 692.1984995131851  + 650.9150561292146  + 560.9759013581566  + 333.41958463322123  + 470.37085769481365  + 648.330035682732  + 651.0685336823424  + 470.37051785276503  + 379.2329718365425  + 470.37230458920163  + 333.40355014278293  + 515.7388122129785  + 470.37007166809326  + 379.2320524696348  + 333.4735623468062  + 287.02495922148404  + 651.0685331592233  + 424.8644609204623  + 287.5549267782043  + 651.0656251712829  + 287.54102846898655  + 651.0682490697684  + 
total node:42/42
-------------------
Traveling energy: 2335.9028505808337
Charging energy: 105664.09714941913
Total energy used: 107999.99999999997
-------------------
Total time for travel: 2335.9028505808337
Total time for charging: 21132.819429883828
Charging round duration: 23468.722280464663
-------------------
ID | p | E0 | time_arrive | E_remain | time_charge | energy_charge| E_after_charge | E_after_cycle
38 | 0.13 | 6448.69 | 66.03 | 6440.11 | 606.08 | 3030.42 | 9391.74 | 6382.52
24 | 0.11 | 6412.46 | 691.34 | 6336.41 | 515.74 | 2578.69 | 8858.38 | 6370.95
23 | 0.05 | 6254.77 | 1230.21 | 6193.26 | 240.34 | 1201.68 | 7382.93 | 6265.46
12 | 0.13 | 6448.69 | 1584.47 | 6242.71 | 606.08 | 3030.42 | 9194.35 | 6382.52
19 | 0.10 | 6391.76 | 2253.69 | 6166.39 | 470.37 | 2351.86 | 8471.21 | 6361.62
10 | 0.11 | 6412.43 | 2774.08 | 6107.29 | 515.74 | 2578.70 | 8629.26 | 6370.94
6 | 0.07 | 6314.11 | 3348.10 | 6079.74 | 333.31 | 1666.55 | 7722.96 | 6313.26
41 | 0.13 | 6449.61 | 3784.99 | 5957.56 | 606.00 | 3029.99 | 8908.78 | 6383.00
5 | 0.08 | 6342.27 | 4515.73 | 5981.01 | 379.23 | 1896.17 | 7846.84 | 6332.84
3 | 0.12 | 6431.30 | 4957.80 | 5836.37 | 560.98 | 2804.88 | 8573.93 | 6377.78
1 | 0.10 | 6391.77 | 5558.15 | 5835.95 | 470.37 | 2351.86 | 8140.77 | 6361.62
36 | 0.11 | 6412.46 | 6039.62 | 5748.10 | 515.74 | 2578.70 | 8270.06 | 6370.95
7 | 0.14 | 6464.92 | 6597.66 | 5541.25 | 651.07 | 3255.34 | 8705.44 | 6385.46
21 | 0.12 | 6431.30 | 7330.29 | 5551.67 | 560.98 | 2804.88 | 8289.23 | 6377.78
40 | 0.12 | 6431.31 | 7944.91 | 5477.92 | 560.98 | 2804.88 | 8215.48 | 6377.78
4 | 0.10 | 6391.75 | 8553.37 | 5536.42 | 470.37 | 2351.86 | 7841.24 | 6361.61
27 | 0.08 | 6342.13 | 9049.45 | 5618.17 | 379.24 | 1896.21 | 7484.04 | 6332.74
35 | 0.08 | 6342.24 | 9444.21 | 5586.71 | 379.24 | 1896.18 | 7452.55 | 6332.82
42 | 0.14 | 2955.97 | 9948.07 | 1563.24 | 1423.94 | 7119.68 | 8483.56 | 6740.84
30 | 0.06 | 6277.34 | 11463.46 | 5589.54 | 287.37 | 1436.84 | 7009.13 | 6284.98
14 | 0.15 | 6515.12 | 11786.06 | 4747.21 | 692.20 | 3460.99 | 8104.37 | 6403.11
32 | 0.14 | 6466.44 | 12569.33 | 4706.74 | 650.92 | 3254.58 | 7870.18 | 6386.22
8 | 0.12 | 6431.30 | 13230.20 | 4843.68 | 560.98 | 2804.88 | 7581.24 | 6377.78
33 | 0.07 | 6312.03 | 13825.98 | 5344.21 | 333.42 | 1667.10 | 6987.97 | 6311.72
13 | 0.10 | 6391.77 | 14204.20 | 4971.35 | 470.37 | 2351.85 | 7276.17 | 6361.63
2 | 0.14 | 6492.23 | 14795.48 | 4420.86 | 648.33 | 3241.65 | 7571.74 | 6399.08
29 | 0.14 | 6464.92 | 15582.75 | 4283.34 | 651.07 | 3255.34 | 7447.53 | 6385.46
20 | 0.10 | 6391.78 | 16302.61 | 4761.52 | 470.37 | 2351.85 | 7066.33 | 6361.63
15 | 0.08 | 6342.28 | 16793.76 | 4998.78 | 379.23 | 1896.16 | 6864.61 | 6332.85
39 | 0.10 | 6391.75 | 17203.72 | 4671.38 | 470.37 | 2351.86 | 6976.21 | 6361.62
31 | 0.07 | 6312.33 | 17705.61 | 5072.94 | 333.40 | 1667.02 | 6716.62 | 6311.95
25 | 0.11 | 6412.46 | 18096.13 | 4421.89 | 515.74 | 2578.69 | 6943.85 | 6370.95
17 | 0.10 | 6391.78 | 18649.02 | 4526.88 | 470.37 | 2351.85 | 6831.70 | 6361.63
37 | 0.08 | 6342.30 | 19160.87 | 4809.43 | 379.23 | 1896.16 | 6675.25 | 6332.86
34 | 0.07 | 6311.00 | 19555.58 | 4942.11 | 333.47 | 1667.37 | 6586.14 | 6310.97
9 | 0.06 | 6284.83 | 19917.64 | 5089.77 | 287.02 | 1435.12 | 6507.67 | 6290.75
18 | 0.14 | 6464.92 | 20223.47 | 3633.63 | 651.07 | 3255.34 | 6797.83 | 6385.46
28 | 0.09 | 6368.75 | 20912.95 | 4486.58 | 424.86 | 2124.32 | 6572.66 | 6349.27
16 | 0.06 | 6273.25 | 21361.28 | 4991.57 | 287.55 | 1437.77 | 6412.09 | 6281.82
11 | 0.14 | 6464.95 | 21652.81 | 3433.55 | 651.07 | 3255.33 | 6597.73 | 6385.48
22 | 0.06 | 6273.55 | 22348.67 | 4932.63 | 287.54 | 1437.71 | 6353.08 | 6282.05
26 | 0.14 | 6464.92 | 22724.22 | 3283.53 | 651.07 | 3255.34 | 6447.72 | 6385.46
Vehicle 1
Charging tour: 
47  -> 52  -> 43  -> 69  -> 44  -> 56  -> 77  -> 75  -> 68  -> 83  -> 50  -> 54  -> 80  -> 76  -> 55  -> 70  -> 72  -> 66  -> 48  -> 65  -> 82  -> 63  -> 51  -> 60  -> 49  -> 46  -> 79  -> 59  -> 67  -> 81  -> 78  -> 74  -> 64  -> 57  -> 73  -> 58  -> 62  -> 45  -> 61  -> 53  -> 71  -> 
Charging time: 
454.6799995491095  + 645.9029292512716  + 358.9598758156049  + 645.8963723288603  + 645.8846961459477  + 693.710926897654  + 550.2965935397185  + 598.099773342005  + 645.8959466070183  + 598.0920853585784  + 645.9028993283828  + 550.2975812996069  + 693.703691559702  + 693.7067951351212  + 645.9029099734063  + 358.8803424581799  + 406.81979142361894  + 406.78957490957725  + 550.2975958407824  + 550.2972271502362  + 550.2981821630992  + 502.4928437231398  + 550.2981870400126  + 502.4902661835837  + 406.7767605249291  + 550.297913577725  + 358.8018736297057  + 645.9027258145393  + 262.83403883974853  + 310.37632888141815  + 502.4915499612985  + 358.9673264473793  + 358.97269803828056  + 310.9538495850497  + 358.931885295156  + 789.2314454981735  + 406.8226838954056  + 693.6515366735134  + 502.48984510013617  + 598.0937000557004  + 262.8711690605041  + 
total node:41/41
-------------------
Traveling energy: 2379.677910485624
Charging energy: 105620.3220895144
Total energy used: 108000.00000000003
-------------------
Total time for travel: 2379.677910485624
Total time for charging: 21124.064417902882
Charging round duration: 23503.742328388507
-------------------
ID | p | E0 | time_arrive | E_remain | time_charge | energy_charge| E_after_charge | E_after_cycle
47 | 0.09 | 7568.47 | 116.25 | 7558.00 | 454.68 | 2273.40 | 9790.48 | 7698.07
52 | 0.13 | 7695.69 | 638.12 | 7612.73 | 645.90 | 3229.51 | 10758.28 | 7828.60
43 | 0.07 | 7456.30 | 1390.54 | 7358.96 | 358.96 | 1794.80 | 9128.64 | 7583.70
69 | 0.13 | 7695.76 | 1867.67 | 7452.97 | 645.90 | 3229.48 | 10598.48 | 7828.65
44 | 0.13 | 7695.90 | 2652.20 | 7351.12 | 645.88 | 3229.42 | 10496.58 | 7828.73
56 | 0.14 | 7716.51 | 3308.86 | 7253.27 | 693.71 | 3468.55 | 10624.70 | 7850.26
77 | 0.11 | 7643.06 | 4145.76 | 7187.02 | 550.30 | 2751.48 | 9877.97 | 7774.34
75 | 0.12 | 7671.48 | 4740.37 | 7102.63 | 598.10 | 2990.50 | 10021.36 | 7803.57
68 | 0.13 | 7695.77 | 5389.33 | 6995.16 | 645.90 | 3229.48 | 10140.67 | 7828.65
83 | 0.12 | 7671.57 | 6054.09 | 6945.08 | 598.09 | 2990.46 | 9863.77 | 7803.63
50 | 0.13 | 7695.69 | 6701.46 | 6824.50 | 645.90 | 3229.51 | 9970.04 | 7828.60
54 | 0.11 | 7643.04 | 7408.01 | 6828.16 | 550.30 | 2751.49 | 9519.12 | 7774.33
80 | 0.14 | 7716.59 | 7981.41 | 6599.19 | 693.70 | 3468.52 | 9970.59 | 7850.31
76 | 0.14 | 7716.55 | 8696.62 | 6499.03 | 693.71 | 3468.53 | 9870.44 | 7850.29
55 | 0.13 | 7695.69 | 9421.53 | 6470.89 | 645.90 | 3229.51 | 9616.44 | 7828.60
70 | 0.07 | 7457.95 | 10131.96 | 6748.72 | 358.88 | 1794.40 | 8518.00 | 7584.95
72 | 0.08 | 7518.98 | 10597.23 | 6671.21 | 406.82 | 2034.10 | 8672.76 | 7647.48
66 | 0.08 | 7519.54 | 11040.00 | 6636.34 | 406.79 | 2033.95 | 8637.75 | 7647.89
48 | 0.11 | 7643.04 | 11503.09 | 6377.70 | 550.30 | 2751.49 | 9068.66 | 7774.33
65 | 0.11 | 7643.05 | 12153.19 | 6306.20 | 550.30 | 2751.49 | 8997.15 | 7774.33
82 | 0.11 | 7643.04 | 12728.38 | 6242.91 | 550.30 | 2751.49 | 8933.87 | 7774.33
63 | 0.10 | 7609.24 | 13332.57 | 6275.99 | 502.49 | 2512.46 | 8738.20 | 7739.71
51 | 0.11 | 7643.04 | 13876.98 | 6116.57 | 550.30 | 2751.49 | 8807.53 | 7774.33
60 | 0.10 | 7609.28 | 14450.14 | 6164.27 | 502.49 | 2512.45 | 8626.47 | 7739.73
49 | 0.08 | 7519.78 | 14960.97 | 6322.90 | 406.78 | 2033.88 | 8324.24 | 7648.06
46 | 0.11 | 7643.04 | 15432.71 | 5945.44 | 550.30 | 2751.49 | 8636.40 | 7774.33
79 | 0.07 | 7459.58 | 15992.31 | 6340.12 | 358.80 | 1794.01 | 8109.02 | 7586.19
59 | 0.13 | 7695.69 | 16354.39 | 5569.62 | 645.90 | 3229.51 | 8715.17 | 7828.60
67 | 0.05 | 7273.77 | 17027.80 | 6422.38 | 262.83 | 1314.17 | 7723.41 | 7396.94
81 | 0.06 | 7391.52 | 17297.27 | 6353.69 | 310.38 | 1551.88 | 7886.95 | 7514.20
78 | 0.10 | 7609.26 | 17676.51 | 5841.61 | 502.49 | 2512.46 | 8303.82 | 7739.72
74 | 0.07 | 7456.15 | 18229.54 | 6180.08 | 358.97 | 1794.84 | 7949.79 | 7583.58
64 | 0.07 | 7456.03 | 18618.27 | 6152.76 | 358.97 | 1794.86 | 7922.49 | 7583.50
57 | 0.06 | 7377.80 | 19069.62 | 6233.62 | 310.95 | 1554.77 | 7769.73 | 7503.36
73 | 0.07 | 7456.88 | 19478.56 | 6093.38 | 358.93 | 1794.66 | 7862.92 | 7584.14
58 | 0.16 | 7751.52 | 19860.58 | 4573.83 | 789.23 | 3946.16 | 8393.71 | 7886.48
62 | 0.08 | 7518.93 | 20760.38 | 5858.10 | 406.82 | 2034.11 | 7859.67 | 7647.44
45 | 0.14 | 7717.17 | 21220.66 | 4746.28 | 693.65 | 3468.26 | 8117.42 | 7850.62
61 | 0.10 | 7609.29 | 21932.09 | 5416.08 | 502.49 | 2512.45 | 7878.28 | 7739.74
53 | 0.12 | 7671.55 | 22573.17 | 4962.77 | 598.09 | 2990.47 | 7881.47 | 7803.62
71 | 0.05 | 7272.74 | 23200.23 | 6112.73 | 262.87 | 1314.36 | 7413.95 | 7396.10
Vehicle 2
Charging tour: 
95  -> 85  -> 89  -> 114  -> 97  -> 110  -> 91  -> 88  -> 101  -> 84  -> 108  -> 98  -> 104  -> 92  -> 107  -> 117  -> 118  -> 86  -> 93  -> 105  -> 96  -> 90  -> 113  -> 100  -> 119  -> 109  -> 87  -> 111  -> 99  -> 116  -> 102  -> 121  -> 115  -> 112  -> 94  -> 120  -> 103  -> 106  -> 
Charging time: 
550.018593632476  + 435.86052387369637  + 535.1846682228767  + 344.82368011116694  + 313.7756045336026  + 350.548826861268  + 469.02539442558026  + 722.1708926154896  + 281.32978496428416  + 577.6127685687135  + 294.8594576082893  + 273.62417745301497  + 418.463562490929  + 318.2294352036965  + 244.91268655653144  + 209.44822960485  + 451.18184921488364  + 755.5520440431858  + 332.9386981366225  + 568.050487007438  + 329.45740602029866  + 466.9090986156922  + 560.4144846584089  + 325.9955789171208  + 379.3248191675101  + 452.15990729087406  + 623.1768555625755  + 604.9914173235059  + 723.1149972978552  + 379.0022481128788  + 384.2137601387081  + 712.1835139763449  + 552.7344838638547  + 548.7533090960802  + 459.9950142853822  + 673.546559479561  + 383.52060881827947  + 440.0168111785035  + 
total node:38/38
-------------------
Traveling energy: 2699.536915253447
Charging energy: 87235.61119466013
Total energy used: 89935.14810991357
-------------------
Total time for travel: 2699.536915253447
Total time for charging: 17447.122238932025
Charging round duration: 20146.659154185472
-------------------
ID | p | E0 | time_arrive | E_remain | time_charge | energy_charge| E_after_charge | E_after_cycle
95 | 0.15 | 8150.38 | 119.80 | 8132.41 | 550.02 | 2750.09 | 10800.00 | 7327.47
85 | 0.09 | 8725.27 | 726.02 | 8659.92 | 435.86 | 2179.30 | 10800.00 | 8760.77
89 | 0.12 | 8329.33 | 1175.29 | 8188.30 | 535.18 | 2675.92 | 10800.00 | 8146.86
114 | 0.11 | 9319.65 | 1871.21 | 9113.81 | 344.82 | 1724.12 | 10800.00 | 8423.56
97 | 0.08 | 9443.09 | 2335.77 | 9256.22 | 313.78 | 1568.88 | 10800.00 | 9106.36
110 | 0.12 | 9417.72 | 2736.62 | 9089.32 | 350.55 | 1752.74 | 10800.00 | 8312.06
91 | 0.10 | 8823.45 | 3216.75 | 8501.78 | 469.03 | 2345.13 | 10800.00 | 8786.58
88 | 0.14 | 7819.34 | 3779.19 | 7290.25 | 722.17 | 3610.85 | 10800.00 | 8095.39
101 | 0.07 | 9729.77 | 4524.68 | 9413.04 | 281.33 | 1406.65 | 10800.00 | 9469.02
84 | 0.10 | 8461.67 | 4919.69 | 7969.70 | 577.61 | 2888.06 | 10800.00 | 8967.73
108 | 0.08 | 9796.08 | 5584.87 | 9349.29 | 294.86 | 1474.30 | 10800.00 | 9364.78
98 | 0.06 | 9803.96 | 5927.73 | 9448.30 | 273.62 | 1368.12 | 10800.00 | 9742.88
104 | 0.10 | 9380.38 | 6308.55 | 8749.53 | 418.46 | 2092.32 | 10800.00 | 9090.70
92 | 0.06 | 9637.00 | 6817.60 | 9227.95 | 318.23 | 1591.15 | 10800.00 | 9798.95
107 | 0.06 | 10024.71 | 7243.01 | 9590.13 | 244.91 | 1224.56 | 10800.00 | 9820.07
117 | 0.07 | 10297.20 | 7568.34 | 9767.42 | 209.45 | 1047.24 | 10800.00 | 9677.05
118 | 0.15 | 9782.07 | 7802.03 | 8611.77 | 451.18 | 2255.91 | 10800.00 | 8464.98
86 | 0.12 | 8106.66 | 8281.29 | 7112.91 | 755.55 | 3777.76 | 10800.00 | 9026.02
93 | 0.06 | 9658.41 | 9123.95 | 9110.98 | 332.94 | 1664.69 | 10755.69 | 9893.91
105 | 0.12 | 9165.85 | 9482.82 | 8027.91 | 568.05 | 2840.25 | 10800.00 | 9147.70
96 | 0.06 | 9760.47 | 10168.03 | 9150.39 | 329.46 | 1647.29 | 10777.91 | 9978.56
90 | 0.08 | 9182.83 | 10603.38 | 8334.56 | 466.91 | 2334.55 | 10631.75 | 9611.77
113 | 0.11 | 9287.36 | 11161.66 | 8059.57 | 560.41 | 2802.07 | 10800.00 | 9469.23
100 | 0.06 | 9864.12 | 11776.99 | 9157.50 | 326.00 | 1629.98 | 10767.92 | 10064.90
119 | 0.09 | 10029.45 | 12132.60 | 8937.52 | 379.32 | 1896.62 | 10800.00 | 9782.27
109 | 0.09 | 9707.96 | 12534.06 | 8579.89 | 452.16 | 2260.80 | 10800.00 | 9824.96
87 | 0.10 | 8600.18 | 13064.51 | 7293.73 | 623.18 | 3115.88 | 10347.30 | 9334.06
111 | 0.12 | 9501.19 | 13779.59 | 7847.64 | 604.99 | 3024.96 | 10800.00 | 9667.75
99 | 0.12 | 8893.91 | 14483.22 | 7155.92 | 723.11 | 3615.57 | 10684.72 | 9651.08
116 | 0.07 | 9898.63 | 15230.22 | 8832.51 | 379.00 | 1895.01 | 10701.00 | 10126.24
102 | 0.07 | 9764.36 | 15633.56 | 8670.01 | 384.21 | 1921.07 | 10564.19 | 10018.03
121 | 0.13 | 9424.92 | 16101.96 | 7331.67 | 712.18 | 3560.92 | 10800.00 | 9889.24
115 | 0.10 | 9696.22 | 16840.45 | 8012.17 | 552.73 | 2763.67 | 10720.57 | 10077.89
112 | 0.10 | 9766.56 | 17425.23 | 8024.04 | 548.75 | 2743.77 | 10712.93 | 10128.33
94 | 0.08 | 9320.85 | 17980.96 | 7882.38 | 460.00 | 2299.98 | 10145.55 | 9715.23
120 | 0.14 | 10109.59 | 18450.17 | 7526.56 | 673.55 | 3367.73 | 10800.00 | 10142.52
103 | 0.07 | 9782.01 | 19136.53 | 8442.45 | 383.52 | 1917.60 | 10333.21 | 10032.21
106 | 0.08 | 9744.05 | 19534.10 | 8181.32 | 440.02 | 2200.08 | 10346.21 | 10038.53
Vehicle 3
Charging tour: 
126  -> 141  -> 138  -> 122  -> 148  -> 125  -> 142  -> 131  -> 123  -> 130  -> 137  -> 136  -> 140  -> 156  -> 143  -> 128  -> 133  -> 150  -> 127  -> 134  -> 129  -> 149  -> 124  -> 157  -> 154  -> 144  -> 139  -> 132  -> 151  -> 135  -> 153  -> 146  -> 155  -> 147  -> 145  -> 152  -> 
Charging time: 
539.3894877802417  + 435.9283806396947  + 353.6326105865766  + 249.06662306353124  + 414.03301332855705  + 399.51062565072516  + 530.8536108824765  + 341.87027687984784  + 530.1844621875589  + 441.8361489367988  + 608.9331956692308  + 248.76947315799177  + 711.1437208255898  + 527.3416586681757  + 556.4890515253155  + 798.290997300398  + 501.0168545400492  + 539.8678171102499  + 1164.3225100385396  + 498.4242456501622  + 714.4505374341917  + 532.9543129325165  + 294.8118066902938  + 779.8395143865819  + 619.2962021709063  + 684.5926195034306  + 485.8360152638114  + 698.4172220316086  + 532.6208874302002  + 495.22248794101563  + 856.2719621824392  + 433.7406505254815  + 715.7577064351287  + 294.8118465132952  + 341.17011036748875  + 1017.1825174939785  + 
total node:36/36
-------------------
Traveling energy: 2209.3594028115053
Charging energy: 99439.40581862035
Total energy used: 101648.76522143185
-------------------
Total time for travel: 2209.3594028115053
Total time for charging: 19887.88116372407
Charging round duration: 22097.240566535573
-------------------
ID | p | E0 | time_arrive | E_remain | time_charge | energy_charge| E_after_charge | E_after_cycle
126 | 0.12 | 8188.97 | 176.58 | 8167.78 | 539.39 | 2696.95 | 10800.00 | 8027.52
141 | 0.15 | 8804.82 | 793.81 | 8685.75 | 435.93 | 2179.64 | 10800.00 | 7411.46
138 | 0.08 | 9163.59 | 1293.25 | 9060.13 | 353.63 | 1768.16 | 10800.00 | 9026.15
122 | 0.05 | 9048.42 | 1668.46 | 8964.99 | 249.07 | 1245.33 | 10197.87 | 9102.75
148 | 0.10 | 8979.52 | 2082.86 | 8771.24 | 414.03 | 2070.17 | 10800.00 | 8667.69
125 | 0.08 | 9025.68 | 2635.20 | 8814.86 | 399.51 | 1997.55 | 10780.45 | 9117.63
142 | 0.12 | 8576.94 | 3062.51 | 8209.43 | 530.85 | 2654.27 | 10800.00 | 8372.80
131 | 0.07 | 9229.00 | 3617.10 | 8975.81 | 341.87 | 1709.35 | 10661.23 | 9270.95
123 | 0.10 | 8501.41 | 3974.76 | 8103.94 | 530.18 | 2650.92 | 10701.84 | 8770.33
130 | 0.09 | 9039.16 | 4539.76 | 8630.58 | 441.84 | 2209.18 | 10800.00 | 9104.54
137 | 0.14 | 8539.95 | 4995.45 | 7840.58 | 608.93 | 3044.67 | 10800.00 | 8249.81
136 | 0.05 | 9059.22 | 5639.73 | 8777.24 | 248.77 | 1243.85 | 10008.65 | 9112.07
140 | 0.17 | 8392.48 | 6042.99 | 7365.18 | 711.14 | 3555.72 | 10800.00 | 7898.80
156 | 0.13 | 9110.37 | 6757.88 | 8231.85 | 527.34 | 2636.71 | 10800.00 | 8650.48
143 | 0.14 | 9125.20 | 7355.23 | 8095.46 | 556.49 | 2782.45 | 10800.00 | 8572.84
128 | 0.14 | 7904.69 | 7979.24 | 6787.60 | 798.29 | 3991.45 | 10667.29 | 8561.34
133 | 0.10 | 8996.34 | 8846.04 | 8111.73 | 501.02 | 2505.08 | 10566.72 | 9119.42
150 | 0.11 | 9183.82 | 9391.46 | 8150.76 | 539.87 | 2699.34 | 10790.71 | 9262.96
127 | 0.18 | 6968.15 | 9991.79 | 5169.62 | 1164.32 | 5821.61 | 10781.66 | 8502.16
134 | 0.10 | 9043.13 | 11172.41 | 7925.89 | 498.42 | 2492.12 | 10368.17 | 9153.25
129 | 0.13 | 8201.42 | 11762.59 | 6672.29 | 714.45 | 3572.25 | 10151.66 | 8677.08
149 | 0.11 | 9302.95 | 12497.98 | 7928.17 | 532.95 | 2664.77 | 10534.32 | 9347.52
124 | 0.06 | 9173.28 | 13130.33 | 8385.46 | 294.81 | 1474.06 | 9841.83 | 9218.13
157 | 0.15 | 8669.70 | 13467.81 | 6649.53 | 779.84 | 3899.20 | 10431.75 | 8995.90
154 | 0.13 | 9461.57 | 14281.79 | 7604.93 | 619.30 | 3096.48 | 10620.91 | 9461.45
144 | 0.14 | 9217.52 | 14986.03 | 7119.47 | 684.59 | 3422.96 | 10446.59 | 9305.68
139 | 0.10 | 9277.44 | 15711.88 | 7706.26 | 485.84 | 2429.18 | 10086.85 | 9324.62
132 | 0.13 | 8389.70 | 16225.58 | 6280.37 | 698.42 | 3492.09 | 9681.67 | 8785.19
151 | 0.11 | 9308.78 | 16933.90 | 7446.05 | 532.62 | 2663.10 | 10050.56 | 9351.68
135 | 0.10 | 9101.60 | 17514.79 | 7350.12 | 495.22 | 2476.11 | 9776.71 | 9195.71
153 | 0.18 | 9474.99 | 18070.44 | 6222.31 | 856.27 | 4281.36 | 10349.54 | 9468.75
146 | 0.09 | 9352.56 | 18967.10 | 7645.52 | 433.74 | 2168.70 | 9775.19 | 9377.46
155 | 0.14 | 8816.17 | 19463.87 | 6091.23 | 715.76 | 3578.79 | 9569.81 | 9060.16
147 | 0.06 | 9173.27 | 20218.28 | 7960.18 | 294.81 | 1474.06 | 9416.55 | 9218.13
145 | 0.07 | 9247.94 | 20551.84 | 7809.31 | 341.17 | 1705.85 | 9491.28 | 9286.39
152 | 0.20 | 8862.36 | 20965.30 | 4669.30 | 1017.18 | 5085.91 | 9551.77 | 9184.27
Vehicle 4
Charging tour: 
159  -> 158  -> 174  -> 166  -> 162  -> 179  -> 165  -> 164  -> 180  -> 175  -> 189  -> 163  -> 168  -> 172  -> 167  -> 176  -> 187  -> 161  -> 188  -> 169  -> 184  -> 173  -> 178  -> 170  -> 182  -> 171  -> 183  -> 160  -> 177  -> 181  -> 186  -> 185  -> 
Charging time: 
774.9660280751015  + 1140.8896778802637  + 789.2640842267215  + 1034.9824369818962  + 403.31889688639575  + 273.7653105734684  + 245.3108693458173  + 561.6985748092948  + 284.5715163037201  + 243.41429867556826  + 342.9616138984033  + 378.02818912708034  + 507.39463034043087  + 537.31980885123  + 488.8711034479017  + 230.48930628110665  + 685.0506876429828  + 318.5105646106401  + 395.8369946019521  + 310.5595710720477  + 606.0146361967506  + 307.84063492489037  + 509.1269488839449  + 309.8415510924867  + 585.5003244179117  + 617.1879628122454  + 502.8332235628592  + 658.4748908048006  + 720.1239125491695  + 537.5461408623669  + 917.0397833397576  + 676.9073531656843  + 
total node:32/32
-------------------
Traveling energy: 2319.5294539520123
Charging energy: 84478.20763122445
Total energy used: 86797.73708517646
-------------------
Total time for travel: 2319.5294539520123
Total time for charging: 16895.64152624489
Charging round duration: 19215.1709801969
-------------------
ID | p | E0 | time_arrive | E_remain | time_charge | energy_charge| E_after_charge | E_after_cycle
159 | 0.17 | 7090.69 | 198.71 | 7056.91 | 774.97 | 3874.83 | 10800.00 | 6916.12
158 | 0.23 | 5597.47 | 1041.38 | 5357.96 | 1140.89 | 5704.45 | 10800.00 | 5823.32
174 | 0.23 | 7554.40 | 2257.35 | 7035.21 | 789.26 | 3946.32 | 10800.00 | 6022.12
166 | 0.23 | 6587.43 | 3149.11 | 5863.13 | 1034.98 | 5174.91 | 10800.00 | 6283.74
162 | 0.08 | 9153.67 | 4225.05 | 8815.67 | 403.32 | 2016.59 | 10800.00 | 9264.67
179 | 0.06 | 9729.53 | 4698.83 | 9447.60 | 273.77 | 1368.83 | 10800.00 | 9669.16
165 | 0.05 | 9836.59 | 5017.60 | 9585.71 | 245.31 | 1226.55 | 10800.00 | 9872.15
164 | 0.11 | 8642.16 | 5353.32 | 8053.29 | 561.70 | 2808.49 | 10800.00 | 8830.45
180 | 0.08 | 9878.96 | 5988.09 | 9399.91 | 284.57 | 1422.86 | 10800.00 | 9396.21
175 | 0.06 | 9975.14 | 6293.42 | 9597.53 | 243.41 | 1217.07 | 10800.00 | 9763.01
189 | 0.11 | 9856.67 | 6670.51 | 9122.92 | 342.96 | 1714.81 | 10800.00 | 8951.28
163 | 0.07 | 9381.25 | 7158.36 | 8880.16 | 378.03 | 1890.14 | 10743.84 | 9603.99
168 | 0.10 | 9077.98 | 7642.15 | 8313.77 | 507.39 | 2536.97 | 10800.00 | 9232.95
172 | 0.11 | 9071.80 | 8175.42 | 8172.51 | 537.32 | 2686.60 | 10800.00 | 9138.20
167 | 0.09 | 9190.44 | 8786.68 | 8399.64 | 488.87 | 2444.36 | 10800.00 | 9491.00
176 | 0.05 | 10126.02 | 9338.86 | 9659.08 | 230.49 | 1152.45 | 10800.00 | 10087.47
187 | 0.15 | 8917.65 | 9600.95 | 7477.50 | 685.05 | 3425.25 | 10800.00 | 8769.90
161 | 0.06 | 9543.64 | 10352.10 | 8922.52 | 318.51 | 1592.55 | 10495.96 | 9707.00
188 | 0.12 | 10154.81 | 10720.78 | 8868.32 | 395.84 | 1979.18 | 10800.00 | 9275.59
169 | 0.06 | 9787.98 | 11250.06 | 9112.98 | 310.56 | 1552.80 | 10647.14 | 9911.58
184 | 0.14 | 9483.02 | 11630.39 | 7854.77 | 606.01 | 3030.07 | 10800.00 | 9178.30
173 | 0.06 | 9874.43 | 12281.85 | 9137.52 | 307.84 | 1539.20 | 10658.25 | 9984.43
178 | 0.10 | 9569.66 | 12643.80 | 8305.28 | 509.13 | 2545.63 | 10800.00 | 9733.29
170 | 0.06 | 9810.66 | 13194.16 | 9019.01 | 309.84 | 1549.21 | 10549.63 | 9930.67
182 | 0.12 | 9572.30 | 13579.51 | 7942.76 | 585.50 | 2927.50 | 10800.00 | 9641.40
171 | 0.11 | 9029.47 | 14235.03 | 7463.61 | 617.19 | 3085.94 | 10481.66 | 9495.20
183 | 0.10 | 9826.01 | 14898.89 | 8336.12 | 502.83 | 2514.17 | 10800.00 | 9958.17
160 | 0.11 | 8463.31 | 15425.23 | 6766.54 | 658.47 | 3292.37 | 9986.48 | 9135.48
177 | 0.13 | 9145.83 | 16125.85 | 7049.47 | 720.12 | 3600.62 | 10556.47 | 9649.84
181 | 0.10 | 9424.78 | 16876.82 | 7737.09 | 537.55 | 2687.73 | 10371.07 | 9730.51
186 | 0.18 | 9520.83 | 17449.80 | 6379.87 | 917.04 | 4585.20 | 10800.00 | 9818.43
185 | 0.13 | 9729.73 | 18456.56 | 7330.38 | 676.91 | 3384.54 | 10626.92 | 10017.67
Vehicle 5
Charging tour: 
190  -> 216  -> 229  -> 230  -> 206  -> 202  -> 194  -> 193  -> 225  -> 224  -> 198  -> 220  -> 192  -> 209  -> 191  -> 221  -> 231  -> 223  -> 204  -> 199  -> 208  -> 210  -> 213  -> 214  -> 219  -> 227  -> 195  -> 201  -> 203  -> 222  -> 228  -> 215  -> 211  -> 226  -> 207  -> 197  -> 200  -> 205  -> 196  -> 218  -> 217  -> 212  -> 
Charging time: 
268.90784610786136  + 419.74429439088397  + 566.7383161903032  + 615.4793983815633  + 650.9286677412296  + 320.4407411418259  + 320.4788477922467  + 271.1595060927636  + 468.8753592049158  + 370.42958780723166  + 370.13423761036853  + 320.1644733360123  + 566.7381386992038  + 712.6130303436528  + 567.0708353887139  + 566.7389703441372  + 517.8759586263774  + 566.7377759029248  + 760.8759323400253  + 320.74338389735783  + 664.1031570289263  + 419.7384140146228  + 517.9880951660284  + 468.8436187971891  + 712.6057203340296  + 419.66833079961987  + 517.8715855683578  + 370.40848378830776  + 370.44224110193534  + 370.144284431136  + 615.8497634887945  + 615.5008127267447  + 271.07256758794944  + 320.71476173441573  + 468.8534794810079  + 839.0895153450745  + 761.0989771904619  + 468.86199626541816  + 715.3226346584795  + 419.720216604198  + 419.7412381160229  + 762.2244963511502  + 
total node:42/43
-------------------
Traveling energy: 2186.0955052112
Charging energy: 105263.69845959733
Total energy used: 107449.79396480853
-------------------
Total time for travel: 2186.0955052112
Total time for charging: 21052.739691919465
Charging round duration: 23238.835197130666
-------------------
ID | p | E0 | time_arrive | E_remain | time_charge | energy_charge| E_after_charge | E_after_cycle
190 | 0.05 | 7501.06 | 62.58 | 7497.93 | 268.91 | 1344.54 | 8829.03 | 7654.60
216 | 0.08 | 7688.85 | 371.14 | 7659.16 | 419.74 | 2098.72 | 9724.30 | 7881.97
229 | 0.11 | 7830.08 | 804.19 | 7741.62 | 566.74 | 2833.69 | 10512.97 | 8043.57
230 | 0.12 | 7865.46 | 1402.72 | 7697.13 | 615.48 | 3077.40 | 10700.67 | 8084.45
206 | 0.15 | 7952.07 | 2060.48 | 7643.00 | 650.93 | 3254.64 | 10800.00 | 7633.71
202 | 0.06 | 7553.70 | 2784.95 | 7386.60 | 320.44 | 1602.20 | 8969.58 | 7726.71
194 | 0.06 | 7552.80 | 3127.08 | 7365.18 | 320.48 | 1602.39 | 8948.34 | 7726.00
193 | 0.05 | 7438.78 | 3462.43 | 7265.65 | 271.16 | 1355.80 | 8607.89 | 7603.57
225 | 0.09 | 7743.57 | 3785.29 | 7402.90 | 468.88 | 2344.38 | 9705.07 | 7944.15
224 | 0.07 | 7623.40 | 4280.85 | 7323.74 | 370.43 | 1852.15 | 9149.96 | 7808.15
198 | 0.07 | 7629.48 | 4688.75 | 7301.27 | 370.13 | 1850.67 | 9126.03 | 7812.75
220 | 0.06 | 7560.22 | 5089.99 | 7254.82 | 320.16 | 1600.82 | 8836.43 | 7731.84
192 | 0.11 | 7830.09 | 5436.38 | 7232.08 | 566.74 | 2833.69 | 10003.43 | 8043.58
209 | 0.14 | 7925.57 | 6034.41 | 7080.75 | 712.61 | 3563.07 | 10544.05 | 8153.84
191 | 0.11 | 7825.49 | 6807.56 | 7076.66 | 567.07 | 2835.35 | 9849.64 | 8040.65
221 | 0.11 | 7830.07 | 7400.09 | 7016.07 | 566.74 | 2833.69 | 9787.42 | 8043.57
231 | 0.10 | 7789.88 | 8031.56 | 6986.72 | 517.88 | 2589.38 | 9524.31 | 7997.26
223 | 0.11 | 7830.09 | 8582.57 | 6886.01 | 566.74 | 2833.69 | 9657.36 | 8043.58
204 | 0.15 | 7953.05 | 9180.00 | 6576.05 | 760.88 | 3804.38 | 10266.30 | 8184.43
199 | 0.06 | 7546.57 | 9982.89 | 6947.60 | 320.74 | 1603.72 | 8532.07 | 7721.09
208 | 0.13 | 7897.04 | 10347.96 | 6551.80 | 664.10 | 3320.52 | 9785.98 | 8120.95
210 | 0.08 | 7688.96 | 11061.39 | 6804.05 | 419.74 | 2098.69 | 8869.16 | 7882.05
213 | 0.10 | 7788.19 | 11578.35 | 6630.35 | 517.99 | 2589.94 | 9168.50 | 7996.13
214 | 0.09 | 7744.10 | 12201.05 | 6646.00 | 468.84 | 2344.22 | 8948.03 | 7944.51
219 | 0.14 | 7925.65 | 12805.11 | 6132.94 | 712.61 | 3563.03 | 9596.20 | 8153.88
227 | 0.08 | 7690.24 | 13544.50 | 6606.68 | 419.67 | 2098.34 | 8671.45 | 7882.98
195 | 0.10 | 7789.94 | 14000.88 | 6389.85 | 517.87 | 2589.36 | 8927.43 | 7997.30
201 | 0.07 | 7623.83 | 14622.09 | 6600.29 | 370.41 | 1852.04 | 8426.40 | 7808.48
203 | 0.07 | 7623.14 | 15018.12 | 6571.87 | 370.44 | 1852.21 | 8398.15 | 7807.95
222 | 0.07 | 7629.28 | 15474.28 | 6546.08 | 370.14 | 1850.72 | 8370.89 | 7812.60
228 | 0.12 | 7860.73 | 15862.33 | 5957.25 | 615.85 | 3079.25 | 8962.60 | 8081.58
215 | 0.12 | 7865.18 | 16561.56 | 5877.80 | 615.50 | 3077.50 | 8881.44 | 8084.29
211 | 0.05 | 7441.16 | 17351.76 | 6573.57 | 271.07 | 1355.36 | 7915.38 | 7605.52
226 | 0.06 | 7547.25 | 17715.29 | 6484.33 | 320.71 | 1603.57 | 8068.66 | 7721.62
207 | 0.09 | 7743.93 | 18114.86 | 6113.60 | 468.85 | 2344.27 | 8415.67 | 7944.40
197 | 0.16 | 7692.51 | 18606.60 | 4715.45 | 839.09 | 4195.45 | 8776.65 | 8076.76
200 | 0.15 | 7950.72 | 19496.48 | 5026.25 | 761.10 | 3805.49 | 8717.58 | 8183.21
205 | 0.09 | 7743.79 | 20317.20 | 5915.25 | 468.86 | 2344.31 | 8217.36 | 7944.30
196 | 0.14 | 7895.55 | 20810.50 | 4982.08 | 715.32 | 3576.61 | 8458.55 | 8137.36
218 | 0.08 | 7689.29 | 21542.04 | 5965.93 | 419.72 | 2098.60 | 8030.95 | 7882.29
217 | 0.08 | 7688.91 | 22002.65 | 5928.70 | 419.74 | 2098.71 | 7993.82 | 7882.01
212 | 0.15 | 7938.98 | 22430.35 | 4574.43 | 762.22 | 3811.12 | 8271.22 | 8177.10
232 | 0.13 | 4571.11 | 1474.51
Vehicle 6
Charging tour: 
234  -> 250  -> 233  -> 272  -> 247  -> 273  -> 267  -> 249  -> 252  -> 246  -> 259  -> 270  -> 256  -> 237  -> 239  -> 263  -> 244  -> 242  -> 260  -> 235  -> 236  -> 255  -> 241  -> 269  -> 266  -> 243  -> 265  -> 248  -> 253  -> 264  -> 254  -> 271  -> 245  -> 238  -> 262  -> 240  -> 258  -> 257  -> 261  -> 251  -> 268  -> 
Charging time: 
469.09266744501645  + 367.4800381541132  + 600.4162767772787  + 178.5860520377092  + 393.77902275330723  + 257.95911699260245  + 239.82958074087716  + 479.4031596426283  + 261.96410724745357  + 276.65900738378076  + 231.70037507213092  + 252.37297322083444  + 520.558271284647  + 267.8185330691039  + 538.1134328449324  + 243.02948558994544  + 359.6018851972698  + 322.12362005844835  + 253.29179963690495  + 462.1200684853799  + 604.8461113976759  + 358.56056986176776  + 450.92404682861024  + 284.48731699154524  + 488.3844300469224  + 731.8537263197805  + 319.577350480386  + 569.8093850300584  + 710.8909018675679  + 527.8991852274605  + 787.8403429850827  + 468.35282457969396  + 321.5894515083613  + 838.1533337075277  + 305.81499123830355  + 590.8345249716516  + 781.8625773851751  + 265.9728189098509  + 527.9421503546392  + 559.756311591184  + 567.9658668570727  + 
total node:41/41
-------------------
Traveling energy: 2687.2833614961028
Charging energy: 90196.0884588734
Total energy used: 92883.3718203695
-------------------
Total time for travel: 2687.2833614961028
Total time for charging: 18039.21769177468
Charging round duration: 20726.501053270782
-------------------
ID | p | E0 | time_arrive | E_remain | time_charge | energy_charge| E_after_charge | E_after_cycle
234 | 0.10 | 8520.94 | 194.97 | 8501.45 | 469.09 | 2345.46 | 10800.00 | 8484.41
250 | 0.11 | 9082.26 | 720.36 | 9003.02 | 367.48 | 1837.40 | 10800.00 | 8299.46
233 | 0.12 | 8007.71 | 1147.83 | 7869.97 | 600.42 | 3002.08 | 10800.00 | 8151.39
272 | 0.05 | 10012.13 | 1922.55 | 9916.00 | 178.59 | 892.93 | 10800.00 | 9714.06
247 | 0.10 | 9097.66 | 2271.75 | 8870.48 | 393.78 | 1968.90 | 10800.00 | 8684.55
273 | 0.12 | 9870.34 | 2743.16 | 9541.16 | 257.96 | 1289.80 | 10800.00 | 8301.73
267 | 0.09 | 9894.11 | 3018.61 | 9622.44 | 239.83 | 1199.15 | 10800.00 | 8949.46
249 | 0.12 | 8852.42 | 3265.86 | 8460.51 | 479.40 | 2397.02 | 10800.00 | 8391.03
252 | 0.07 | 9771.06 | 3750.62 | 9508.52 | 261.96 | 1309.82 | 10800.00 | 9413.48
246 | 0.06 | 9679.74 | 4107.28 | 9433.30 | 276.66 | 1383.30 | 10800.00 | 9633.84
259 | 0.06 | 9924.18 | 4479.62 | 9655.40 | 231.70 | 1158.50 | 10800.00 | 9653.48
270 | 0.08 | 9937.01 | 4733.51 | 9558.32 | 252.37 | 1261.86 | 10800.00 | 9293.27
256 | 0.15 | 9029.64 | 5029.00 | 8275.29 | 520.56 | 2602.79 | 10800.00 | 8059.43
237 | 0.05 | 9717.80 | 5630.06 | 9436.30 | 267.82 | 1339.09 | 10762.00 | 9865.90
239 | 0.10 | 8758.16 | 5949.18 | 8163.24 | 538.11 | 2690.57 | 10800.00 | 9066.73
263 | 0.05 | 9925.82 | 6576.42 | 9597.00 | 243.03 | 1215.15 | 10800.00 | 9949.97
244 | 0.07 | 9505.89 | 6838.95 | 9027.16 | 359.60 | 1798.01 | 10800.00 | 9636.50
242 | 0.06 | 9642.95 | 7237.32 | 9208.71 | 322.12 | 1610.62 | 10800.00 | 9824.37
260 | 0.06 | 10005.36 | 7610.34 | 9548.74 | 253.29 | 1266.46 | 10800.00 | 9842.62
235 | 0.08 | 9011.02 | 7943.82 | 8375.51 | 462.12 | 2310.60 | 10649.14 | 9416.02
236 | 0.10 | 8605.85 | 8480.76 | 7757.78 | 604.85 | 3024.23 | 10721.52 | 9248.08
255 | 0.08 | 9766.91 | 9137.89 | 9035.88 | 358.56 | 1792.80 | 10800.00 | 9654.12
241 | 0.08 | 9234.75 | 9526.82 | 8472.61 | 450.92 | 2254.62 | 10691.16 | 9583.77
269 | 0.06 | 9994.81 | 10003.03 | 9394.63 | 284.49 | 1422.44 | 10800.00 | 9988.05
266 | 0.11 | 9553.58 | 10379.77 | 8411.80 | 488.38 | 2441.92 | 10800.00 | 9375.30
243 | 0.12 | 8534.85 | 10916.67 | 7224.85 | 731.85 | 3659.27 | 10796.29 | 9335.71
265 | 0.07 | 10043.88 | 11705.67 | 9224.48 | 319.58 | 1597.89 | 10800.00 | 9974.37
248 | 0.10 | 9135.01 | 12099.24 | 7925.09 | 569.81 | 2849.05 | 10717.16 | 9602.06
253 | 0.13 | 8989.53 | 12704.40 | 7337.96 | 710.89 | 3554.45 | 10800.00 | 9447.39
264 | 0.12 | 9841.29 | 13478.62 | 8223.85 | 527.90 | 2639.50 | 10800.00 | 9622.38
254 | 0.14 | 8935.66 | 14032.62 | 6971.10 | 787.84 | 3939.20 | 10800.00 | 9540.06
271 | 0.09 | 9838.06 | 14863.07 | 8500.39 | 468.35 | 2341.76 | 10800.00 | 10036.03
245 | 0.06 | 9711.54 | 15342.91 | 8790.97 | 321.59 | 1607.95 | 10379.62 | 9890.29
238 | 0.13 | 8073.44 | 15729.97 | 6028.54 | 838.15 | 4190.77 | 10110.35 | 9167.61
262 | 0.06 | 10212.48 | 16587.39 | 9217.24 | 305.81 | 1529.07 | 10727.96 | 10312.36
240 | 0.10 | 8809.94 | 16925.20 | 7117.42 | 590.83 | 2954.17 | 10012.51 | 9382.11
258 | 0.14 | 9320.44 | 17557.68 | 6862.36 | 781.86 | 3909.31 | 10662.22 | 9894.95
257 | 0.05 | 9785.24 | 18431.02 | 8863.69 | 265.97 | 1329.86 | 10180.26 | 9924.10
261 | 0.10 | 9859.44 | 18817.64 | 7977.68 | 527.94 | 2639.71 | 10564.60 | 10117.15
251 | 0.10 | 9299.08 | 19432.74 | 7355.80 | 559.76 | 2798.78 | 10098.61 | 9715.86
268 | 0.11 | 10081.13 | 20072.56 | 7873.15 | 567.97 | 2839.83 | 10650.50 | 10300.76
Vehicle 7
Charging tour: 
305  -> 283  -> 296  -> 299  -> 278  -> 274  -> 309  -> 279  -> 289  -> 307  -> 282  -> 275  -> 294  -> 290  -> 304  -> 281  -> 285  -> 308  -> 287  -> 286  -> 276  -> 301  -> 291  -> 293  -> 310  -> 297  -> 303  -> 284  -> 292  -> 277  -> 280  -> 288  -> 300  -> 298  -> 313  -> 311  -> 295  -> 312  -> 306  -> 302  -> 
Charging time: 
201.36897371355676  + 522.0593990288994  + 302.8127072832974  + 260.6998642779394  + 471.863815575465  + 736.7067488439575  + 266.1637730515236  + 544.6835670118629  + 342.87146817647425  + 316.73419709204643  + 394.2171614029983  + 454.06883766197905  + 279.33802444752956  + 580.5511085392817  + 317.05796267164334  + 719.5832346357796  + 367.23481700368507  + 287.97787992347963  + 312.5240715409929  + 263.05781803575485  + 759.6998119071908  + 372.19995568322804  + 374.1674332194758  + 412.20192457414845  + 312.4420460783305  + 385.8112302454917  + 649.0221323677775  + 794.0222922220769  + 617.8237514691622  + 325.59609806750706  + 322.72866698914316  + 316.1280541880173  + 470.8940880170728  + 416.7945558329676  + 409.2666588278854  + 668.2726868448615  + 803.1723394715003  + 263.04639454651203  + 801.9825612102924  + 425.3270881130343  + 
total node:40/40
-------------------
Traveling energy: 2433.939402614438
Charging energy: 89210.87599896913
Total energy used: 91644.81540158358
-------------------
Total time for travel: 2433.939402614438
Total time for charging: 17842.175199793826
Charging round duration: 20276.114602408263
-------------------
ID | p | E0 | time_arrive | E_remain | time_charge | energy_charge| E_after_charge | E_after_cycle
305 | 0.13 | 9843.78 | 188.08 | 9819.33 | 201.37 | 1006.84 | 10800.00 | 7754.03
283 | 0.13 | 8324.09 | 511.65 | 8257.57 | 522.06 | 2610.30 | 10800.00 | 7837.78
296 | 0.11 | 9445.20 | 1145.03 | 9319.25 | 302.81 | 1514.06 | 10800.00 | 8339.06
299 | 0.06 | 9601.80 | 1494.31 | 9512.14 | 260.70 | 1303.50 | 10800.00 | 9476.10
278 | 0.10 | 8667.32 | 1794.56 | 8487.87 | 471.86 | 2359.32 | 10800.00 | 8644.64
274 | 0.14 | 7550.73 | 2365.17 | 7219.61 | 736.71 | 3683.53 | 10800.00 | 7899.46
309 | 0.13 | 9908.36 | 3112.10 | 9503.78 | 266.16 | 1330.82 | 10800.00 | 8142.57
279 | 0.11 | 8509.62 | 3391.98 | 8136.50 | 544.68 | 2723.42 | 10800.00 | 8612.83
289 | 0.08 | 9431.24 | 3977.04 | 9113.07 | 342.87 | 1714.36 | 10800.00 | 9239.99
307 | 0.10 | 9682.67 | 4346.66 | 9248.00 | 316.73 | 1583.67 | 10800.00 | 8884.34
282 | 0.08 | 9238.02 | 4719.66 | 8860.45 | 394.22 | 1971.09 | 10800.00 | 9303.51
275 | 0.08 | 8979.45 | 5168.30 | 8565.98 | 454.07 | 2270.34 | 10800.00 | 9344.19
294 | 0.07 | 9817.46 | 5637.04 | 9422.86 | 279.34 | 1396.69 | 10800.00 | 9546.75
290 | 0.13 | 8747.34 | 5958.61 | 7972.72 | 580.55 | 2902.76 | 10800.00 | 8553.49
304 | 0.10 | 9905.35 | 6589.32 | 9246.42 | 317.06 | 1585.29 | 10800.00 | 9108.64
281 | 0.13 | 8208.56 | 7022.53 | 7295.63 | 719.58 | 3597.92 | 10800.00 | 8709.87
285 | 0.07 | 9533.16 | 7766.16 | 8989.53 | 367.23 | 1836.17 | 10800.00 | 9701.94
308 | 0.06 | 9867.61 | 8170.26 | 9377.39 | 287.98 | 1439.89 | 10800.00 | 9878.29
287 | 0.06 | 9766.05 | 8498.72 | 9256.13 | 312.52 | 1562.62 | 10800.00 | 9899.47
286 | 0.05 | 9783.12 | 8857.18 | 9340.26 | 263.06 | 1315.29 | 10642.39 | 9907.40
276 | 0.12 | 8130.13 | 9135.17 | 7033.91 | 759.70 | 3798.50 | 10741.25 | 9070.23
301 | 0.07 | 9659.60 | 9922.14 | 8965.05 | 372.20 | 1861.00 | 10800.00 | 9853.20
291 | 0.07 | 9629.20 | 10359.08 | 8904.07 | 374.17 | 1870.84 | 10748.71 | 9832.64
293 | 0.08 | 9643.15 | 10889.84 | 8771.97 | 412.20 | 2061.01 | 10800.00 | 9798.56
310 | 0.06 | 9884.17 | 11433.61 | 9198.15 | 312.44 | 1562.21 | 10741.62 | 10017.18
297 | 0.08 | 9842.89 | 11763.55 | 8901.81 | 385.81 | 1929.06 | 10800.00 | 9866.35
303 | 0.15 | 9481.47 | 12194.85 | 7652.24 | 649.02 | 3245.11 | 10800.00 | 9153.58
284 | 0.13 | 8426.92 | 12900.93 | 6749.80 | 794.02 | 3970.11 | 10616.69 | 9300.43
292 | 0.11 | 9164.03 | 13699.78 | 7657.05 | 617.82 | 3089.12 | 10678.21 | 9632.95
277 | 0.06 | 9484.85 | 14358.07 | 8623.36 | 325.60 | 1627.98 | 10231.81 | 9683.63
280 | 0.06 | 9569.12 | 14705.06 | 8686.82 | 322.73 | 1613.64 | 10281.10 | 9753.56
288 | 0.06 | 9768.92 | 15099.66 | 8862.94 | 316.13 | 1580.64 | 10424.61 | 9920.36
300 | 0.09 | 9837.34 | 15432.75 | 8448.39 | 470.89 | 2354.47 | 10760.48 | 10048.01
298 | 0.08 | 9879.30 | 16006.55 | 8598.78 | 416.79 | 2083.97 | 10649.41 | 10057.68
313 | 0.08 | 10061.02 | 16486.51 | 8742.10 | 409.27 | 2046.33 | 10755.69 | 10201.75
311 | 0.15 | 10095.84 | 16913.08 | 7558.88 | 668.27 | 3341.36 | 10800.00 | 9864.20
295 | 0.14 | 8971.76 | 17684.56 | 6495.92 | 803.17 | 4015.86 | 10399.34 | 9652.82
312 | 0.05 | 9783.54 | 18608.27 | 8853.13 | 263.05 | 1315.23 | 10155.21 | 9907.77
306 | 0.15 | 9626.86 | 18961.42 | 6782.65 | 801.98 | 4009.91 | 10672.26 | 10063.77
302 | 0.08 | 9681.11 | 19777.37 | 8098.92 | 425.33 | 2126.64 | 10191.53 | 9902.15
Vehicle 8
Charging tour: 
319  -> 325  -> 323  -> 315  -> 332  -> 334  -> 348  -> 346  -> 318  -> 350  -> 316  -> 328  -> 349  -> 333  -> 324  -> 320  -> 317  -> 331  -> 314  -> 326  -> 330  -> 345  -> 329  -> 321  -> 339  -> 341  -> 336  -> 351  -> 340  -> 322  -> 352  -> 343  -> 342  -> 344  -> 347  -> 337  -> 327  -> 335  -> 338  -> 
Charging time: 
347.9154302219855  + 397.0835345996965  + 774.9579395119399  + 407.96760053811937  + 412.76466396874173  + 370.0925916669435  + 189.96335642519028  + 310.9289454693211  + 573.2388092008696  + 256.07159347440285  + 904.3935235933241  + 604.734521640874  + 270.3603324404972  + 255.4168835212648  + 425.84505807832994  + 431.7863881648677  + 372.286521315485  + 835.3494167497262  + 441.6664843481783  + 484.1609226649598  + 425.73644415106014  + 669.2598990312872  + 415.45665771909484  + 707.240188284153  + 301.1568365285841  + 539.0451668875806  + 574.1073008519771  + 543.5991403081025  + 627.74862379505  + 308.064890590016  + 590.089215126111  + 402.5378829816028  + 500.14880014779993  + 516.7419191932297  + 413.0020511180881  + 346.2307622247725  + 610.5766760488366  + 702.1978279644563  + 292.7935824393197  + 
total node:39/39
-------------------
Traveling energy: 2435.6034744678236
Charging energy: 92763.5919149292
Total energy used: 95199.19538939702
-------------------
Total time for travel: 2435.6034744678236
Total time for charging: 18552.71838298584
Charging round duration: 20988.321857453666
-------------------
ID | p | E0 | time_arrive | E_remain | time_charge | energy_charge| E_after_charge | E_after_cycle
319 | 0.08 | 9104.10 | 198.03 | 9088.26 | 347.92 | 1739.58 | 10800.00 | 8938.08
325 | 0.10 | 8923.99 | 696.97 | 8854.29 | 397.08 | 1985.42 | 10800.00 | 8527.40
323 | 0.18 | 7273.76 | 1161.46 | 7064.70 | 774.96 | 3874.79 | 10800.00 | 6860.95
315 | 0.08 | 8948.76 | 1949.57 | 8792.80 | 407.97 | 2039.84 | 10800.00 | 9083.00
332 | 0.12 | 9074.93 | 2410.16 | 8785.71 | 412.76 | 2063.82 | 10800.00 | 8280.35
334 | 0.11 | 9303.70 | 2849.56 | 8990.25 | 370.09 | 1850.46 | 10800.00 | 8533.96
348 | 0.06 | 10058.74 | 3285.93 | 9861.58 | 189.96 | 949.82 | 10800.00 | 9579.35
346 | 0.08 | 9555.42 | 3564.88 | 9270.23 | 310.93 | 1554.64 | 10800.00 | 9204.46
318 | 0.11 | 8435.42 | 3986.92 | 7996.86 | 573.24 | 2866.19 | 10800.00 | 8681.42
350 | 0.11 | 10055.26 | 4613.16 | 9547.81 | 256.07 | 1280.36 | 10800.00 | 8715.42
316 | 0.16 | 7225.41 | 5016.71 | 6422.74 | 904.39 | 4521.97 | 10800.00 | 7936.18
328 | 0.13 | 8632.25 | 5979.29 | 7854.94 | 604.73 | 3023.67 | 10800.00 | 8559.32
349 | 0.07 | 9928.45 | 6590.32 | 9467.12 | 270.36 | 1351.80 | 10800.00 | 9612.85
333 | 0.06 | 9954.95 | 6945.10 | 9538.24 | 255.42 | 1277.08 | 10800.00 | 9802.83
324 | 0.08 | 9262.34 | 7315.62 | 8677.09 | 425.85 | 2129.23 | 10772.25 | 9485.96
320 | 0.08 | 9134.89 | 7871.46 | 8505.17 | 431.79 | 2158.93 | 10629.56 | 9388.22
317 | 0.07 | 9270.50 | 8336.07 | 8686.97 | 372.29 | 1861.43 | 10522.34 | 9464.53
331 | 0.17 | 8250.44 | 8736.36 | 6765.26 | 835.35 | 4176.75 | 10800.00 | 8377.79
314 | 0.08 | 8930.54 | 9607.86 | 8161.91 | 441.67 | 2208.33 | 10334.91 | 9233.27
326 | 0.09 | 9165.06 | 10091.21 | 8256.85 | 484.16 | 2420.80 | 10634.08 | 9442.06
330 | 0.08 | 9264.70 | 10629.24 | 8414.36 | 425.74 | 2128.68 | 10508.99 | 9487.78
345 | 0.15 | 9216.15 | 11080.42 | 7554.09 | 669.26 | 3346.30 | 10800.00 | 8989.45
329 | 0.08 | 9493.94 | 11810.38 | 8549.11 | 415.46 | 2077.28 | 10593.16 | 9665.62
321 | 0.12 | 8365.59 | 12325.33 | 6886.55 | 707.24 | 3536.20 | 10337.88 | 9043.39
339 | 0.06 | 9822.92 | 13067.97 | 9038.85 | 301.16 | 1505.78 | 10526.56 | 9899.51
341 | 0.11 | 9638.08 | 13400.09 | 8164.07 | 539.05 | 2695.23 | 10800.00 | 9713.10
336 | 0.11 | 9446.74 | 13989.55 | 7907.89 | 574.11 | 2870.54 | 10715.27 | 9697.07
351 | 0.10 | 9069.92 | 14602.36 | 7609.69 | 543.60 | 2718.00 | 10273.32 | 9405.92
340 | 0.12 | 9424.92 | 15193.97 | 7601.65 | 627.75 | 3138.74 | 10665.06 | 9705.26
322 | 0.06 | 9602.66 | 15844.51 | 8651.98 | 308.06 | 1540.32 | 10173.83 | 9713.78
352 | 0.13 | 10031.16 | 16191.53 | 7926.27 | 590.09 | 2950.45 | 10800.00 | 9885.01
343 | 0.08 | 9798.63 | 16797.74 | 8454.82 | 402.54 | 2012.69 | 10435.30 | 9905.72
342 | 0.10 | 9857.87 | 17224.07 | 8135.46 | 500.15 | 2500.74 | 10586.19 | 9976.61
344 | 0.10 | 9541.32 | 17770.42 | 7764.28 | 516.74 | 2583.71 | 10296.32 | 9743.03
347 | 0.08 | 9550.37 | 18311.12 | 8085.48 | 413.00 | 2065.01 | 10117.45 | 9709.78
337 | 0.07 | 9968.15 | 18776.10 | 8653.83 | 346.23 | 1731.15 | 10360.74 | 10031.91
327 | 0.11 | 8882.49 | 19162.58 | 6774.61 | 610.58 | 3052.88 | 9760.33 | 9315.17
335 | 0.13 | 9127.80 | 19845.29 | 6547.91 | 702.20 | 3510.99 | 9967.62 | 9542.19
338 | 0.06 | 10103.50 | 20581.00 | 8868.64 | 292.79 | 1463.97 | 10315.04 | 10138.27
Vehicle 9
Charging tour: 
390  -> 373  -> 369  -> 389  -> 362  -> 353  -> 387  -> 391  -> 365  -> 370  -> 393  -> 375  -> 379  -> 382  -> 372  -> 368  -> 358  -> 381  -> 378  -> 377  -> 384  -> 383  -> 360  -> 355  -> 376  -> 367  -> 357  -> 385  -> 380  -> 363  -> 356  -> 374  -> 359  -> 366  -> 386  -> 354  -> 361  -> 392  -> 388  -> 364  -> 371  -> 
Charging time: 
317.0143483977332  + 618.627924218312  + 461.11564845304133  + 556.8959262566626  + 652.5854568015609  + 509.021000524036  + 316.90180721347804  + 652.5853882283793  + 700.4049571856691  + 748.1971817702251  + 556.8966108610666  + 652.5861861128642  + 652.563112230258  + 461.11771499347833  + 365.1512175816219  + 652.5712822039643  + 700.4093492281538  + 316.94271987496654  + 461.11736226067217  + 700.4093479155267  + 461.1059332286841  + 700.4087271274713  + 652.5862057579088  + 461.1181462680565  + 413.1447536799792  + 268.42786419274046  + 461.1168352121317  + 461.11285800888504  + 556.8965707194632  + 365.1544539536024  + 604.7497394122222  + 556.8965517099028  + 652.5862063604068  + 316.88864779667733  + 509.0219037908428  + 509.02085249934026  + 365.12487437673894  + 413.1682657193323  + 267.1278541578962  + 509.02200426024535  + 604.7497498853115  + 
total node:41/41
-------------------
Traveling energy: 2017.4908624657141
Charging energy: 105812.71770214755
Total energy used: 107830.20856461326
-------------------
Total time for travel: 2017.4908624657141
Total time for charging: 21162.54354042951
Charging round duration: 23180.034402895224
-------------------
ID | p | E0 | time_arrive | E_remain | time_charge | energy_charge| E_after_charge | E_after_cycle
390 | 0.06 | 7451.52 | 38.45 | 7449.22 | 317.01 | 1585.07 | 9015.27 | 7607.39
373 | 0.13 | 7842.93 | 428.03 | 7787.28 | 618.63 | 3093.14 | 10800.00 | 7839.47
369 | 0.09 | 7684.32 | 1112.02 | 7584.24 | 461.12 | 2305.58 | 9848.31 | 7846.10
389 | 0.11 | 7776.63 | 1664.14 | 7593.57 | 556.90 | 2784.48 | 10316.79 | 7940.91
362 | 0.13 | 7842.94 | 2283.67 | 7546.06 | 652.59 | 3262.93 | 10724.15 | 8009.26
353 | 0.10 | 7734.58 | 2961.73 | 7438.41 | 509.02 | 2545.11 | 9932.61 | 7897.69
387 | 0.06 | 7454.17 | 3513.02 | 7243.39 | 316.90 | 1584.51 | 8808.88 | 7609.48
391 | 0.13 | 7842.94 | 3838.95 | 7343.87 | 652.59 | 3262.93 | 10521.96 | 8009.26
365 | 0.14 | 7869.58 | 4576.30 | 7228.90 | 700.40 | 3502.02 | 10632.87 | 8036.80
370 | 0.15 | 7893.10 | 5354.30 | 7089.96 | 748.20 | 3740.99 | 10718.72 | 8061.09
393 | 0.11 | 7776.62 | 6109.72 | 7104.55 | 556.90 | 2784.48 | 9827.77 | 7940.90
375 | 0.13 | 7842.93 | 6715.90 | 6969.86 | 652.59 | 3262.93 | 10147.95 | 8009.26
379 | 0.13 | 7843.20 | 7400.17 | 6881.18 | 652.56 | 3262.82 | 10059.16 | 8009.42
382 | 0.09 | 7684.28 | 8104.10 | 6954.91 | 461.12 | 2305.59 | 9219.00 | 7846.07
372 | 0.07 | 7547.41 | 8606.92 | 6944.93 | 365.15 | 1825.76 | 8745.12 | 7705.77
368 | 0.13 | 7843.11 | 8998.46 | 6673.31 | 652.57 | 3262.86 | 9851.33 | 8009.36
358 | 0.14 | 7869.53 | 9682.38 | 6514.00 | 700.41 | 3502.05 | 9917.99 | 8036.78
381 | 0.06 | 7453.21 | 10518.90 | 6822.07 | 316.94 | 1584.71 | 8387.77 | 7608.72
378 | 0.09 | 7684.29 | 10969.23 | 6697.06 | 461.12 | 2305.59 | 8961.14 | 7846.08
377 | 0.14 | 7869.53 | 11450.25 | 6266.49 | 700.41 | 3502.05 | 9670.48 | 8036.78
384 | 0.09 | 7684.48 | 12211.45 | 6585.45 | 461.11 | 2305.53 | 8849.48 | 7846.21
383 | 0.14 | 7869.54 | 12732.75 | 6086.95 | 700.41 | 3502.04 | 9490.94 | 8036.78
360 | 0.13 | 7842.93 | 13478.75 | 6090.69 | 652.59 | 3262.93 | 9268.78 | 8009.26
355 | 0.09 | 7684.28 | 14171.73 | 6408.82 | 461.12 | 2305.59 | 8672.91 | 7846.07
376 | 0.08 | 7623.61 | 14643.13 | 6452.16 | 413.14 | 2065.72 | 8484.83 | 7783.73
367 | 0.05 | 7333.56 | 15070.71 | 6580.03 | 268.43 | 1342.14 | 7908.75 | 7484.70
357 | 0.09 | 7684.30 | 15375.99 | 6300.46 | 461.12 | 2305.58 | 8564.54 | 7846.08
385 | 0.09 | 7684.36 | 15850.85 | 6257.79 | 461.11 | 2305.56 | 8521.85 | 7846.13
380 | 0.11 | 7776.62 | 16350.39 | 5978.08 | 556.90 | 2784.48 | 8701.30 | 7940.90
363 | 0.07 | 7547.34 | 16968.25 | 6359.57 | 365.15 | 1825.77 | 8159.78 | 7705.72
356 | 0.12 | 7812.29 | 17370.88 | 5727.78 | 604.75 | 3023.75 | 8678.96 | 7977.64
374 | 0.11 | 7776.62 | 17990.43 | 5797.67 | 556.90 | 2784.48 | 8520.90 | 7940.90
359 | 0.13 | 7842.93 | 18590.88 | 5426.11 | 652.59 | 3262.93 | 8604.21 | 8009.26
366 | 0.06 | 7454.48 | 19300.58 | 6296.44 | 316.89 | 1584.44 | 7861.87 | 7609.72
386 | 0.10 | 7734.57 | 19635.89 | 5770.98 | 509.02 | 2545.11 | 8265.19 | 7897.68
354 | 0.10 | 7734.59 | 20175.42 | 5717.04 | 509.02 | 2545.10 | 8211.25 | 7897.69
361 | 0.07 | 7547.96 | 20724.16 | 6097.26 | 365.12 | 1825.62 | 7897.33 | 7706.18
392 | 0.08 | 7623.17 | 21154.47 | 5930.81 | 413.17 | 2065.84 | 7963.60 | 7783.41
388 | 0.05 | 7369.25 | 21612.84 | 6288.61 | 267.13 | 1335.64 | 7610.89 | 7513.89
364 | 0.10 | 7734.57 | 22017.30 | 5532.84 | 509.02 | 2545.11 | 8027.05 | 7897.68
371 | 0.12 | 7812.29 | 22558.82 | 5105.23 | 604.75 | 3023.75 | 8056.41 | 7977.64
Vehicle 10
Charging tour: 
407  -> 414  -> 400  -> 398  -> 406  -> 399  -> 432  -> 405  -> 395  -> 429  -> 428  -> 396  -> 419  -> 394  -> 397  -> 404  -> 430  -> 409  -> 411  -> 418  -> 425  -> 417  -> 412  -> 403  -> 408  -> 420  -> 401  -> 431  -> 423  -> 422  -> 426  -> 410  -> 413  -> 421  -> 416  -> 415  -> 424  -> 427  -> 402  -> 
Charging time: 
295.9420314175528  + 382.600913528272  + 642.9055586386798  + 391.3151150774385  + 555.9301070683565  + 352.7044792158927  + 245.28914207502012  + 556.5064043999247  + 274.3354866783148  + 218.55731565142148  + 347.53062882422967  + 575.2784299931996  + 449.35107686831014  + 474.5021008222034  + 538.3166718741236  + 662.9172480481963  + 249.80111057541168  + 365.3256052998529  + 463.75769169216665  + 325.56647540612846  + 384.68264504007806  + 456.15071614548316  + 322.4938626124121  + 330.9143207104396  + 386.75543856134937  + 685.3246982531364  + 332.4398240218453  + 573.5165125649999  + 639.4342426160355  + 480.38077437082177  + 654.9443247543154  + 324.45521490440103  + 381.32940817749324  + 486.93133288712227  + 498.8871126997696  + 438.853571589465  + 536.5396912520071  + 590.7448837799183  + 759.7063455116318  + 
total node:39/39
-------------------
Traveling energy: 2596.6999935834488
Charging energy: 88164.5925680371
Total energy used: 90761.29256162055
-------------------
Total time for travel: 2596.6999935834488
Total time for charging: 17632.91851360742
Charging round duration: 20229.61850719087
-------------------
ID | p | E0 | time_arrive | E_remain | time_charge | energy_charge| E_after_charge | E_after_cycle
407 | 0.08 | 9357.64 | 170.88 | 9343.97 | 295.94 | 1479.71 | 10800.00 | 8931.74
414 | 0.12 | 9009.02 | 634.26 | 8932.91 | 382.60 | 1913.00 | 10800.00 | 8063.62
400 | 0.14 | 7831.79 | 1116.48 | 7675.48 | 642.91 | 3214.53 | 10800.00 | 7711.51
398 | 0.08 | 9020.28 | 1819.43 | 8874.73 | 391.32 | 1956.58 | 10800.00 | 9071.26
406 | 0.13 | 8393.50 | 2314.50 | 8092.62 | 555.93 | 2779.65 | 10800.00 | 8076.55
399 | 0.07 | 9265.79 | 2923.24 | 9061.17 | 352.70 | 1763.52 | 10800.00 | 9361.92
432 | 0.16 | 10144.72 | 3324.47 | 9612.80 | 245.29 | 1226.45 | 10800.00 | 7559.96
405 | 0.12 | 8518.18 | 3616.12 | 8084.25 | 556.51 | 2782.53 | 10800.00 | 8442.31
395 | 0.05 | 9638.81 | 4222.44 | 9427.68 | 274.34 | 1371.68 | 10785.64 | 9819.48
429 | 0.07 | 10041.50 | 4556.91 | 9722.51 | 218.56 | 1092.79 | 10800.00 | 9466.88
428 | 0.15 | 9837.05 | 4817.17 | 9114.48 | 347.53 | 1737.65 | 10800.00 | 8001.70
396 | 0.10 | 8501.37 | 5202.37 | 7981.14 | 575.28 | 2876.39 | 10800.00 | 8995.76
419 | 0.12 | 9302.96 | 5798.24 | 8607.17 | 449.35 | 2246.76 | 10800.00 | 8691.31
394 | 0.08 | 8916.35 | 6265.37 | 8415.12 | 474.50 | 2372.51 | 10749.67 | 9383.26
397 | 0.09 | 8770.94 | 6823.04 | 8156.87 | 538.32 | 2691.58 | 10800.00 | 9318.72
404 | 0.12 | 8464.02 | 7492.16 | 7564.96 | 662.92 | 3314.59 | 10800.00 | 8920.21
430 | 0.06 | 10063.20 | 8287.03 | 9565.98 | 249.80 | 1249.01 | 10800.00 | 9883.01
409 | 0.07 | 9598.36 | 8563.14 | 8998.94 | 365.33 | 1826.63 | 10800.00 | 9757.59
411 | 0.09 | 9328.74 | 8953.18 | 8522.95 | 463.76 | 2318.79 | 10800.00 | 9503.72
418 | 0.06 | 9746.46 | 9486.91 | 9177.24 | 325.57 | 1627.83 | 10785.54 | 9945.09
425 | 0.10 | 9902.28 | 9872.24 | 8915.06 | 384.68 | 1923.41 | 10800.00 | 9443.69
417 | 0.09 | 9484.80 | 10272.18 | 8560.30 | 456.15 | 2280.75 | 10800.00 | 9621.75
412 | 0.06 | 9839.32 | 10780.60 | 9192.48 | 322.49 | 1612.47 | 10785.60 | 10022.59
403 | 0.06 | 9588.95 | 11131.94 | 8921.03 | 330.91 | 1654.57 | 10555.75 | 9814.32
408 | 0.07 | 9571.87 | 11554.82 | 8763.03 | 386.76 | 1933.78 | 10669.74 | 9838.25
420 | 0.14 | 9146.61 | 11980.63 | 7469.32 | 685.32 | 3426.62 | 10800.00 | 9238.43
401 | 0.06 | 9544.95 | 12737.20 | 8780.71 | 332.44 | 1662.20 | 10422.97 | 9777.94
431 | 0.10 | 9221.24 | 13106.50 | 7910.59 | 573.52 | 2867.58 | 10720.82 | 9706.82
423 | 0.12 | 9322.70 | 13692.84 | 7679.56 | 639.43 | 3197.17 | 10800.00 | 9661.47
422 | 0.09 | 9736.06 | 14385.92 | 8441.33 | 480.38 | 2401.90 | 10800.00 | 9994.17
426 | 0.12 | 9388.08 | 14868.44 | 7603.87 | 654.94 | 3274.72 | 10800.00 | 9804.41
410 | 0.06 | 9779.84 | 15549.30 | 8846.88 | 324.46 | 1622.28 | 10449.69 | 9972.92
413 | 0.07 | 9708.07 | 15942.40 | 8592.10 | 381.33 | 1906.65 | 10472.06 | 9947.32
421 | 0.09 | 9774.85 | 16362.17 | 8302.25 | 486.93 | 2434.66 | 10693.09 | 10065.70
416 | 0.09 | 9540.59 | 16909.30 | 8018.76 | 498.89 | 2494.44 | 10468.29 | 9891.23
415 | 0.08 | 9640.63 | 17425.22 | 8246.62 | 438.85 | 2194.27 | 10405.78 | 9929.30
424 | 0.10 | 9856.74 | 17913.09 | 8065.43 | 536.54 | 2682.70 | 10694.48 | 10157.44
427 | 0.11 | 9847.54 | 18542.52 | 7807.87 | 590.74 | 2953.72 | 10696.61 | 10181.07
402 | 0.12 | 8353.54 | 19289.60 | 6038.79 | 759.71 | 3798.53 | 9746.16 | 9293.67
Vehicle 11
Charging tour: 
433  -> 457  -> 440  -> 435  -> 438  -> 437  -> 453  -> 467  -> 460  -> 448  -> 434  -> 461  -> 469  -> 462  -> 449  -> 451  -> 443  -> 445  -> 466  -> 470  -> 456  -> 439  -> 444  -> 441  -> 468  -> 465  -> 436  -> 459  -> 442  -> 446  -> 450  -> 455  -> 458  -> 447  -> 463  -> 464  -> 452  -> 454  -> 
Charging time: 
384.94621362486333  + 216.6894504200528  + 677.6746986492943  + 747.1709234419762  + 434.25528283181563  + 299.1558588333241  + 349.1985103351284  + 347.5933010673346  + 141.81571380202513  + 291.3968864103601  + 275.9216577337353  + 271.94798166070336  + 361.14149213618464  + 232.81951520396132  + 221.42651338285822  + 217.28258908437624  + 303.08300453379076  + 347.86838017827745  + 361.4693430622257  + 286.4713576190244  + 405.4711738990735  + 839.7518008540629  + 445.2805976078297  + 593.7284339404675  + 534.4998162319607  + 264.96962930128433  + 961.249264360123  + 535.3027242237268  + 456.39625749436993  + 727.265672301558  + 573.6053175669001  + 618.7898391402724  + 486.44145895817377  + 448.5406891768908  + 724.4276313856666  + 466.2025990990307  + 845.458477850104  + 826.9478622131668  + 
total node:38/38
-------------------
Traveling energy: 2532.787184761542
Charging energy: 87618.28959807988
Total energy used: 90151.07678284142
-------------------
Total time for travel: 2532.787184761542
Total time for charging: 17523.657919615976
Charging round duration: 20056.44510437752
-------------------
ID | p | E0 | time_arrive | E_remain | time_charge | energy_charge| E_after_charge | E_after_cycle
433 | 0.08 | 8919.29 | 165.31 | 8906.06 | 384.95 | 1924.73 | 10800.00 | 8938.42
457 | 0.09 | 9790.56 | 605.61 | 9736.05 | 216.69 | 1083.45 | 10800.00 | 8730.21
440 | 0.16 | 7658.88 | 867.64 | 7520.05 | 677.67 | 3388.37 | 10800.00 | 7236.05
435 | 0.15 | 7427.42 | 1674.67 | 7176.22 | 747.17 | 3735.85 | 10800.00 | 7590.28
438 | 0.09 | 8901.48 | 2596.39 | 8667.81 | 434.26 | 2171.28 | 10800.00 | 8928.96
437 | 0.06 | 9506.95 | 3079.62 | 9322.17 | 299.16 | 1495.78 | 10800.00 | 9573.53
453 | 0.10 | 9433.52 | 3445.95 | 9088.93 | 349.20 | 1745.99 | 10800.00 | 8797.51
467 | 0.10 | 9483.60 | 3868.10 | 9096.79 | 347.59 | 1737.97 | 10800.00 | 8839.57
460 | 0.05 | 10311.88 | 4277.27 | 10098.01 | 141.82 | 709.08 | 10800.00 | 9829.95
448 | 0.07 | 9677.59 | 4488.20 | 9363.41 | 291.40 | 1456.98 | 10800.00 | 9467.17
434 | 0.05 | 9634.50 | 4838.02 | 9392.60 | 275.92 | 1379.61 | 10758.41 | 9823.11
461 | 0.08 | 9877.45 | 5192.94 | 9462.02 | 271.95 | 1359.74 | 10800.00 | 9331.59
469 | 0.12 | 9697.27 | 5497.04 | 9037.63 | 361.14 | 1805.71 | 10800.00 | 8644.58
462 | 0.06 | 10004.14 | 5904.40 | 9649.87 | 232.82 | 1164.10 | 10800.00 | 9739.03
449 | 0.05 | 10013.13 | 6183.91 | 9703.94 | 221.43 | 1107.13 | 10800.00 | 9929.27
451 | 0.05 | 10048.94 | 6489.86 | 9724.45 | 217.28 | 1086.41 | 10800.00 | 9944.36
443 | 0.06 | 9708.94 | 6769.49 | 9302.77 | 303.08 | 1515.42 | 10800.00 | 9795.15
445 | 0.07 | 9582.36 | 7105.08 | 9085.01 | 347.87 | 1739.34 | 10800.00 | 9654.31
466 | 0.08 | 9622.07 | 7506.28 | 9021.57 | 361.47 | 1807.35 | 10800.00 | 9523.82
470 | 0.07 | 9939.48 | 7882.60 | 9387.70 | 286.47 | 1432.36 | 10800.00 | 9704.43
456 | 0.10 | 9633.45 | 8202.57 | 8813.19 | 405.47 | 2027.36 | 10800.00 | 9278.80
439 | 0.14 | 7926.53 | 8626.59 | 6718.81 | 839.75 | 4198.76 | 10800.00 | 8790.49
444 | 0.08 | 9373.81 | 9557.43 | 8609.22 | 445.28 | 2226.40 | 10800.00 | 9694.62
441 | 0.10 | 8903.48 | 10127.54 | 7890.73 | 593.73 | 2968.64 | 10800.00 | 9490.13
468 | 0.16 | 9948.72 | 10848.10 | 8213.02 | 534.50 | 2672.50 | 10800.00 | 8810.01
465 | 0.07 | 10292.25 | 11407.90 | 9493.70 | 264.97 | 1324.85 | 10800.00 | 9949.70
436 | 0.14 | 7743.50 | 11791.22 | 6092.73 | 961.25 | 4806.25 | 10764.40 | 9214.94
459 | 0.11 | 9596.03 | 12851.46 | 8182.37 | 535.30 | 2676.51 | 10800.00 | 9652.34
442 | 0.08 | 9319.51 | 13410.01 | 8246.71 | 456.40 | 2281.98 | 10492.18 | 9695.89
446 | 0.12 | 8772.70 | 13943.30 | 7099.50 | 727.27 | 3636.33 | 10648.56 | 9550.63
450 | 0.10 | 9268.98 | 14758.98 | 7793.08 | 573.61 | 2868.03 | 10603.75 | 9755.00
455 | 0.11 | 9451.37 | 15353.68 | 7762.46 | 618.79 | 3093.95 | 10788.34 | 9925.11
458 | 0.09 | 9836.87 | 16003.40 | 8396.57 | 486.44 | 2432.21 | 10784.99 | 10125.28
447 | 0.08 | 9482.73 | 16501.43 | 8162.61 | 448.54 | 2242.70 | 10369.43 | 9819.83
463 | 0.14 | 9655.92 | 16975.96 | 7279.28 | 724.43 | 3622.14 | 10800.00 | 9943.25
464 | 0.09 | 10109.51 | 17761.88 | 8510.95 | 466.20 | 2331.01 | 10800.00 | 10296.73
452 | 0.14 | 8804.02 | 18273.49 | 6245.73 | 845.46 | 4227.29 | 10354.66 | 9696.51
454 | 0.14 | 9001.09 | 19160.70 | 6318.59 | 826.95 | 4134.74 | 10337.56 | 9801.03
Vehicle 12
Charging tour: 
491  -> 476  -> 481  -> 482  -> 483  -> 475  -> 478  -> 479  -> 495  -> 486  -> 508  -> 504  -> 500  -> 494  -> 490  -> 473  -> 493  -> 471  -> 488  -> 484  -> 487  -> 507  -> 505  -> 474  -> 480  -> 503  -> 477  -> 498  -> 492  -> 499  -> 496  -> 502  -> 506  -> 472  -> 497  -> 485  -> 501  -> 509  -> 489  -> 
Charging time: 
272.8153945589718  + 400.07214690986757  + 490.1859498212687  + 238.20959105580903  + 486.3413860993928  + 643.8130369559826  + 251.3833354282803  + 812.8196010397462  + 410.2480197342998  + 437.5188558457197  + 219.17264506105218  + 289.4489758748578  + 434.657843360271  + 517.1550730711332  + 402.58581875968366  + 414.7768694148508  + 347.58429760198135  + 348.6283243940032  + 348.8918877516222  + 540.5494286074357  + 368.40835577093765  + 376.70948349961037  + 366.4969018753696  + 637.7972015571303  + 472.33472095947167  + 463.6013016026474  + 874.8231509324954  + 331.9633841307967  + 516.3591393016155  + 670.226665418548  + 389.87655772757597  + 440.21617582422766  + 332.5670144272686  + 347.8412034380712  + 629.7355604569578  + 335.3358611725823  + 435.65581032806585  + 402.64316873975343  + 523.1755870571026  + 
total node:39/39
-------------------
Traveling energy: 2316.229236587288
Charging energy: 86113.12862783228
Total energy used: 88429.35786441957
-------------------
Total time for travel: 2316.229236587288
Total time for charging: 17222.625725566457
Charging round duration: 19538.854962153746
-------------------
ID | p | E0 | time_arrive | E_remain | time_charge | energy_charge| E_after_charge | E_after_cycle
491 | 0.09 | 9474.27 | 153.30 | 9460.48 | 272.82 | 1364.08 | 10800.00 | 8694.55
476 | 0.09 | 8883.21 | 528.47 | 8835.65 | 400.07 | 2000.36 | 10800.00 | 8739.77
481 | 0.12 | 8534.24 | 1052.88 | 8407.89 | 490.19 | 2450.93 | 10800.00 | 8126.77
482 | 0.05 | 9700.94 | 1601.61 | 9620.86 | 238.21 | 1191.05 | 10800.00 | 9700.99
483 | 0.12 | 8653.69 | 1891.93 | 8426.65 | 486.34 | 2431.71 | 10800.00 | 8226.99
475 | 0.13 | 7975.11 | 2388.27 | 7664.63 | 643.81 | 3219.07 | 10800.00 | 8097.57
478 | 0.05 | 9710.80 | 3102.91 | 9555.65 | 251.38 | 1256.92 | 10800.00 | 9776.71
479 | 0.17 | 7458.68 | 3438.82 | 6874.08 | 812.82 | 4064.10 | 10800.00 | 7473.38
495 | 0.12 | 9310.64 | 4272.07 | 8797.99 | 410.25 | 2051.24 | 10800.00 | 8503.48
486 | 0.10 | 9130.87 | 4747.16 | 8656.16 | 437.52 | 2187.59 | 10800.00 | 8936.47
508 | 0.06 | 10031.77 | 5241.39 | 9717.29 | 219.17 | 1095.86 | 10800.00 | 9698.43
504 | 0.09 | 9873.83 | 5500.24 | 9378.81 | 289.45 | 1447.24 | 10800.00 | 9177.27
500 | 0.14 | 9501.62 | 5814.66 | 8687.56 | 434.66 | 2173.29 | 10800.00 | 8340.10
494 | 0.13 | 9102.10 | 6312.62 | 8281.45 | 517.16 | 2585.78 | 10800.00 | 8591.27
490 | 0.09 | 9438.90 | 6839.98 | 8823.30 | 402.59 | 2012.93 | 10800.00 | 9308.03
473 | 0.07 | 9215.46 | 7251.79 | 8707.83 | 414.78 | 2073.88 | 10752.68 | 9621.94
493 | 0.08 | 9708.21 | 7729.03 | 9089.89 | 347.58 | 1737.92 | 10800.00 | 9540.53
471 | 0.06 | 9397.71 | 8132.49 | 8909.76 | 348.63 | 1743.14 | 10631.98 | 9711.65
488 | 0.07 | 9677.89 | 8541.87 | 9079.96 | 348.89 | 1744.46 | 10800.00 | 9754.95
484 | 0.10 | 9046.29 | 8949.87 | 8151.31 | 540.55 | 2702.75 | 10800.00 | 9367.04
487 | 0.07 | 9653.02 | 9561.05 | 8983.75 | 368.41 | 1842.04 | 10800.00 | 9827.66
507 | 0.09 | 9846.25 | 9954.33 | 8950.36 | 376.71 | 1883.55 | 10800.00 | 9585.99
505 | 0.10 | 10039.39 | 10352.20 | 9004.17 | 366.50 | 1832.48 | 10800.00 | 9489.87
474 | 0.10 | 8561.52 | 10776.17 | 7483.90 | 637.80 | 3188.99 | 10609.11 | 9368.50
480 | 0.08 | 9248.55 | 11477.44 | 8330.35 | 472.33 | 2361.67 | 10654.24 | 9704.62
503 | 0.09 | 9605.28 | 12017.38 | 8523.72 | 463.60 | 2318.01 | 10800.00 | 9779.49
477 | 0.13 | 8114.40 | 12568.18 | 6480.54 | 874.82 | 4374.12 | 10740.93 | 9391.91
498 | 0.06 | 9869.48 | 13454.76 | 9062.20 | 331.96 | 1659.82 | 10702.10 | 10100.10
492 | 0.09 | 9509.35 | 13829.72 | 8264.68 | 516.36 | 2581.80 | 10800.00 | 9947.35
499 | 0.12 | 9262.03 | 14439.45 | 7529.29 | 670.23 | 3351.13 | 10800.00 | 9754.76
496 | 0.07 | 9804.02 | 15211.30 | 8739.23 | 389.88 | 1949.38 | 10661.32 | 10086.00
502 | 0.09 | 10050.89 | 15692.84 | 8638.54 | 440.22 | 2201.08 | 10800.00 | 10108.17
506 | 0.06 | 9851.57 | 16146.12 | 8882.80 | 332.57 | 1662.84 | 10525.68 | 10085.20
472 | 0.06 | 9418.97 | 16545.72 | 8426.23 | 347.84 | 1739.21 | 10144.57 | 9728.98
497 | 0.11 | 9538.23 | 16917.25 | 7677.33 | 629.74 | 3148.68 | 10756.74 | 10066.71
485 | 0.06 | 9770.23 | 17584.03 | 8715.18 | 335.34 | 1676.68 | 10371.74 | 10017.70
501 | 0.08 | 10027.20 | 17959.27 | 8590.46 | 435.66 | 2178.28 | 10733.89 | 10299.88
509 | 0.08 | 10294.53 | 18444.21 | 8819.00 | 402.64 | 2013.22 | 10800.00 | 10402.15
489 | 0.09 | 9393.52 | 18926.44 | 7690.14 | 523.18 | 2615.88 | 10258.93 | 9865.60
Vehicle 13
Charging tour: 
510  -> 522  -> 514  -> 521  -> 527  -> 516  -> 513  -> 515  -> 523  -> 517  -> 511  -> 529  -> 537  -> 535  -> 530  -> 525  -> 533  -> 536  -> 532  -> 539  -> 538  -> 518  -> 520  -> 526  -> 531  -> 512  -> 519  -> 540  -> 528  -> 534  -> 541  -> 524  -> 
Charging time: 
666.9249866475205  + 435.3510038447961  + 687.3473096940158  + 478.3205347705484  + 380.02498154786895  + 612.9339217886202  + 466.5586777069913  + 456.3212873685973  + 258.47831761463493  + 699.0803939748065  + 581.9998174686448  + 410.61617547385896  + 306.1971521830585  + 218.0318017026697  + 419.5632649923019  + 537.3856836344162  + 412.8946275011281  + 234.23822936749517  + 348.3520321617857  + 227.21947589223174  + 234.65407484721396  + 296.7546613077969  + 470.4524823584422  + 484.7179646106786  + 442.1514486954842  + 561.073372469806  + 447.8913661984153  + 398.082890650067  + 396.8787444797951  + 564.3200784936581  + 369.117417755158  + 447.5731505583073  + 
total node:32/32
-------------------
Traveling energy: 2077.3167398020546
Charging energy: 69757.53663880406
Total energy used: 71834.85337860612
-------------------
Total time for travel: 2077.3167398020546
Total time for charging: 13951.507327760812
Charging round duration: 16028.824067562866
-------------------
ID | p | E0 | time_arrive | E_remain | time_charge | energy_charge| E_after_charge | E_after_cycle
510 | 0.14 | 7586.00 | 194.69 | 7558.74 | 666.92 | 3334.62 | 10800.00 | 7585.83
522 | 0.12 | 8788.21 | 939.37 | 8675.49 | 435.35 | 2176.76 | 10800.00 | 8106.57
514 | 0.15 | 7676.75 | 1402.59 | 7466.37 | 687.35 | 3436.74 | 10800.00 | 7540.49
521 | 0.12 | 8718.97 | 2109.77 | 8465.80 | 478.32 | 2391.60 | 10800.00 | 8252.17
527 | 0.11 | 9229.80 | 2619.30 | 8941.68 | 380.02 | 1900.12 | 10800.00 | 8509.73
516 | 0.13 | 8217.02 | 3092.36 | 7815.01 | 612.93 | 3064.67 | 10800.00 | 8185.09
513 | 0.09 | 8854.48 | 3836.47 | 8509.20 | 466.56 | 2332.79 | 10800.00 | 9043.47
515 | 0.09 | 8952.35 | 4365.38 | 8559.46 | 456.32 | 2281.61 | 10800.00 | 9090.15
523 | 0.06 | 9814.35 | 4853.92 | 9523.12 | 258.48 | 1292.39 | 10800.00 | 9677.54
517 | 0.14 | 8128.08 | 5182.96 | 7402.47 | 699.08 | 3495.40 | 10800.00 | 8288.68
511 | 0.10 | 8550.29 | 6020.90 | 7948.20 | 582.00 | 2910.00 | 10800.00 | 9078.29
529 | 0.10 | 9461.54 | 6735.55 | 8787.98 | 410.62 | 2053.08 | 10800.00 | 9132.62
537 | 0.09 | 9947.85 | 7236.44 | 9296.57 | 306.20 | 1530.99 | 10800.00 | 9335.04
535 | 0.06 | 10181.54 | 7643.61 | 9722.92 | 218.03 | 1090.16 | 10800.00 | 9842.50
530 | 0.10 | 9532.78 | 7886.39 | 8744.14 | 419.56 | 2097.82 | 10800.00 | 9248.59
525 | 0.11 | 9088.17 | 8327.14 | 8172.18 | 537.39 | 2686.93 | 10800.00 | 9154.90
533 | 0.10 | 9667.32 | 8905.01 | 8776.82 | 412.89 | 2064.47 | 10800.00 | 9349.79
536 | 0.06 | 10202.69 | 9330.49 | 9642.86 | 234.24 | 1171.19 | 10800.00 | 9944.68
532 | 0.08 | 9854.34 | 9602.84 | 9086.11 | 348.35 | 1741.76 | 10800.00 | 9690.50
539 | 0.06 | 10278.02 | 10008.08 | 9677.54 | 227.22 | 1136.10 | 10800.00 | 9984.92
538 | 0.06 | 10255.73 | 10248.61 | 9640.81 | 234.65 | 1173.27 | 10800.00 | 9999.80
518 | 0.05 | 9858.01 | 10538.87 | 9331.06 | 296.75 | 1483.77 | 10800.00 | 10150.78
520 | 0.08 | 9358.55 | 10914.76 | 8485.37 | 470.45 | 2352.26 | 10800.00 | 9805.22
526 | 0.09 | 9445.98 | 11399.36 | 8420.03 | 484.72 | 2423.59 | 10800.00 | 9725.77
531 | 0.09 | 9705.10 | 11956.28 | 8629.04 | 442.15 | 2210.76 | 10800.00 | 9772.06
512 | 0.08 | 9035.80 | 12453.47 | 8039.52 | 561.07 | 2805.37 | 10800.00 | 9935.56
519 | 0.07 | 9505.70 | 13054.32 | 8591.90 | 447.89 | 2239.46 | 10800.00 | 10077.75
540 | 0.09 | 10063.65 | 13535.94 | 8845.41 | 398.08 | 1990.41 | 10800.00 | 9910.26
528 | 0.07 | 9821.16 | 13968.11 | 8843.39 | 396.88 | 1984.39 | 10800.00 | 10138.15
534 | 0.11 | 9624.11 | 14396.71 | 8040.47 | 564.32 | 2821.60 | 10800.00 | 9825.51
541 | 0.08 | 10185.78 | 15022.98 | 8983.94 | 369.12 | 1845.59 | 10800.00 | 10125.77
524 | 0.07 | 9674.74 | 15446.84 | 8593.46 | 447.57 | 2237.87 | 10800.00 | 10245.21
Vehicle 14
Charging tour: 
576  -> 548  -> 544  -> 542  -> 558  -> 555  -> 575  -> 571  -> 546  -> 556  -> 543  -> 551  -> 554  -> 570  -> 559  -> 552  -> 580  -> 547  -> 568  -> 569  -> 565  -> 561  -> 564  -> 553  -> 549  -> 560  -> 557  -> 573  -> 567  -> 563  -> 566  -> 579  -> 581  -> 562  -> 578  -> 550  -> 574  -> 572  -> 545  -> 577  -> 
Charging time: 
229.15350975778674  + 296.97793872734263  + 238.0431521770809  + 706.4038876990683  + 381.1774034970788  + 305.0217175312536  + 345.86911834941515  + 184.3506387703651  + 878.9485490356083  + 499.5929285209025  + 375.1827338233701  + 593.3625409113533  + 419.00879633662424  + 264.35695160335183  + 260.87946990573647  + 822.4733698508754  + 324.4211119844575  + 895.3356455285733  + 359.49691268012754  + 215.0045652804064  + 300.6494561343643  + 488.380093784338  + 568.5039561837187  + 749.2698097602395  + 366.91817028692844  + 830.5423006040414  + 247.04873934687086  + 358.76416035634946  + 343.26385893397895  + 459.78151249167604  + 811.3263667356441  + 595.5084904467209  + 299.4676537422708  + 295.4284485426612  + 630.902117894211  + 697.8429212817181  + 675.447802862234  + 497.589394974024  + 504.51181755811837  + 677.4127005495808  + 
total node:40/40
-------------------
Traveling energy: 2441.6358908531724
Charging energy: 94968.10357220231
Total energy used: 97409.73946305548
-------------------
Total time for travel: 2441.6358908531724
Total time for charging: 18993.62071444046
Charging round duration: 21435.256605293634
-------------------
ID | p | E0 | time_arrive | E_remain | time_charge | energy_charge| E_after_charge | E_after_cycle
576 | 0.06 | 9676.89 | 148.46 | 9667.98 | 229.15 | 1145.77 | 10800.00 | 9393.46
548 | 0.07 | 9363.36 | 392.34 | 9335.90 | 296.98 | 1484.89 | 10800.00 | 9180.85
544 | 0.05 | 9658.98 | 745.88 | 9621.69 | 238.04 | 1190.22 | 10800.00 | 9658.20
542 | 0.14 | 7508.30 | 1010.19 | 7366.88 | 706.40 | 3532.02 | 10800.00 | 7705.52
558 | 0.11 | 9129.64 | 1760.02 | 8936.04 | 381.18 | 1905.89 | 10800.00 | 8415.33
555 | 0.08 | 9479.46 | 2252.13 | 9299.29 | 305.02 | 1525.11 | 10800.00 | 9098.97
575 | 0.08 | 9314.91 | 2707.36 | 9098.32 | 345.87 | 1729.35 | 10800.00 | 9138.66
571 | 0.05 | 10045.39 | 3158.45 | 9887.46 | 184.35 | 921.75 | 10800.00 | 9776.14
546 | 0.17 | 7130.54 | 3387.45 | 6554.68 | 878.95 | 4394.74 | 10800.00 | 7475.89
556 | 0.12 | 8876.84 | 4290.42 | 8361.99 | 499.59 | 2497.96 | 10800.00 | 8516.40
543 | 0.07 | 9179.99 | 4823.72 | 8842.33 | 375.18 | 1875.91 | 10691.98 | 9388.51
551 | 0.12 | 8529.64 | 5210.42 | 7904.39 | 593.36 | 2966.81 | 10800.00 | 8638.05
554 | 0.09 | 9270.43 | 5864.08 | 8742.67 | 419.01 | 2095.04 | 10800.00 | 9221.68
570 | 0.07 | 9937.18 | 6292.24 | 9496.72 | 264.36 | 1321.78 | 10800.00 | 9591.56
559 | 0.06 | 9906.35 | 6584.91 | 9511.26 | 260.88 | 1304.40 | 10800.00 | 9781.55
552 | 0.16 | 7917.38 | 6863.43 | 6819.23 | 822.47 | 4112.37 | 10800.00 | 8218.54
580 | 0.08 | 9820.08 | 7702.94 | 9203.85 | 324.42 | 1622.11 | 10800.00 | 9536.59
547 | 0.15 | 7665.63 | 8053.39 | 6457.62 | 895.34 | 4476.68 | 10800.00 | 8569.31
568 | 0.07 | 9580.54 | 8983.06 | 8951.73 | 359.50 | 1797.48 | 10724.05 | 9710.62
569 | 0.05 | 10205.76 | 9400.66 | 9735.73 | 215.00 | 1075.02 | 10800.00 | 10089.78
565 | 0.06 | 9819.24 | 9709.12 | 9236.69 | 300.65 | 1503.25 | 10721.90 | 9893.29
561 | 0.10 | 9416.88 | 10099.46 | 8406.94 | 488.38 | 2441.90 | 10800.00 | 9476.78
564 | 0.12 | 9308.40 | 10689.19 | 8025.70 | 568.50 | 2842.52 | 10800.00 | 9292.52
553 | 0.13 | 8536.74 | 11327.03 | 7064.23 | 749.27 | 3746.35 | 10713.17 | 9186.49
549 | 0.07 | 9386.77 | 12121.54 | 8538.26 | 366.92 | 1834.59 | 10347.16 | 9553.96
560 | 0.15 | 8651.12 | 12528.31 | 6771.87 | 830.54 | 4152.71 | 10800.00 | 9230.83
557 | 0.05 | 9958.05 | 13420.13 | 9287.05 | 247.05 | 1235.24 | 10509.94 | 10002.30
573 | 0.07 | 9600.11 | 13715.87 | 8640.00 | 358.76 | 1793.82 | 10408.70 | 9726.53
567 | 0.07 | 10033.61 | 14172.54 | 9041.53 | 343.26 | 1716.32 | 10733.82 | 10082.53
563 | 0.09 | 9631.15 | 14586.05 | 8318.41 | 459.78 | 2298.91 | 10575.93 | 9786.26
566 | 0.15 | 9096.68 | 15084.46 | 6834.01 | 811.33 | 4056.63 | 10768.94 | 9580.31
579 | 0.14 | 10141.11 | 15966.31 | 7905.83 | 595.51 | 2977.54 | 10800.00 | 9783.85
581 | 0.06 | 9857.99 | 16585.12 | 8862.88 | 299.47 | 1497.34 | 10342.26 | 9926.13
562 | 0.06 | 9992.77 | 16981.63 | 8973.88 | 295.43 | 1477.14 | 10433.29 | 10040.72
578 | 0.12 | 9358.50 | 17353.71 | 7276.06 | 630.90 | 3154.51 | 10354.86 | 9654.61
550 | 0.12 | 8460.79 | 18057.46 | 6293.89 | 697.84 | 3489.21 | 9699.36 | 9091.60
574 | 0.13 | 9469.75 | 18859.57 | 7018.01 | 675.45 | 3377.24 | 10307.44 | 9750.39
572 | 0.10 | 9888.17 | 19559.74 | 7932.20 | 497.59 | 2487.95 | 10370.39 | 9994.12
545 | 0.09 | 8777.25 | 20066.78 | 6971.24 | 504.51 | 2522.56 | 9448.39 | 9156.01
577 | 0.13 | 9442.29 | 20588.64 | 6765.76 | 677.41 | 3387.06 | 10064.76 | 9732.75
Vehicle 15
Charging tour: 
620  -> 597  -> 615  -> 610  -> 602  -> 611  -> 583  -> 596  -> 600  -> 593  -> 614  -> 617  -> 618  -> 591  -> 608  -> 584  -> 605  -> 599  -> 585  -> 601  -> 616  -> 594  -> 607  -> 609  -> 592  -> 587  -> 595  -> 589  -> 604  -> 619  -> 613  -> 588  -> 582  -> 603  -> 586  -> 598  -> 606  -> 590  -> 612  -> 
Charging time: 
388.9154281845295  + 437.46593689739956  + 485.73369294493574  + 339.7407589435456  + 388.91591849958024  + 485.73498096066345  + 437.47001017275926  + 485.7345106355258  + 530.6094074505761  + 485.7340142106538  + 388.9574998282077  + 567.4401399707787  + 533.8281195926135  + 615.5321020671207  + 339.8838679688311  + 437.44471000426256  + 629.6764596300586  + 485.7345077127828  + 533.8274944286896  + 677.497154306793  + 437.47168104502344  + 339.92540406071777  + 725.2620653766031  + 677.4878411856201  + 694.9267792442254  + 485.7309584853935  + 581.7995856683101  + 581.7920326337771  + 629.6730040548213  + 772.8926992458858  + 677.4964943373138  + 585.0810543084976  + 539.4339109267734  + 437.468301558716  + 485.73503694003136  + 677.4971507242698  + 677.4971524932994  + 581.799284414984  + 772.9763684371502  + 
total node:39/39
-------------------
Traveling energy: 2384.4290281419408
Charging energy: 105189.11759775861
Total energy used: 107573.54662590055
-------------------
Total time for travel: 2384.4290281419408
Total time for charging: 21037.823519551723
Charging round duration: 23422.252547693664
-------------------
ID | p | E0 | time_arrive | E_remain | time_charge | energy_charge| E_after_charge | E_after_cycle
620 | 0.07 | 8234.42 | 93.87 | 8227.85 | 388.92 | 1944.58 | 10145.21 | 8511.60
597 | 0.08 | 8366.35 | 575.21 | 8320.33 | 437.47 | 2187.33 | 10472.67 | 8648.08
615 | 0.09 | 8476.85 | 1077.34 | 8379.89 | 485.73 | 2428.67 | 10764.84 | 8761.72
610 | 0.06 | 8079.68 | 1605.17 | 7983.37 | 339.74 | 1698.70 | 9661.69 | 8349.18
602 | 0.07 | 8234.41 | 1976.21 | 8096.08 | 388.92 | 1944.58 | 10013.43 | 8511.59
611 | 0.09 | 8476.83 | 2460.64 | 8255.37 | 485.73 | 2428.67 | 10640.33 | 8761.70
583 | 0.08 | 8366.27 | 3061.05 | 8121.39 | 437.47 | 2187.35 | 10273.74 | 8648.02
596 | 0.09 | 8476.84 | 3531.90 | 8158.97 | 485.73 | 2428.67 | 10543.92 | 8761.71
600 | 0.11 | 8649.87 | 4041.39 | 8205.32 | 530.61 | 2653.05 | 10800.00 | 8682.72
593 | 0.09 | 8476.85 | 4672.68 | 8056.31 | 485.73 | 2428.67 | 10441.26 | 8761.72
614 | 0.07 | 8233.53 | 5254.42 | 7865.72 | 388.96 | 1944.79 | 9783.28 | 8510.92
617 | 0.11 | 8649.87 | 5678.70 | 8025.22 | 567.44 | 2837.20 | 10800.00 | 8866.87
618 | 0.10 | 8570.16 | 6342.25 | 7935.93 | 533.83 | 2669.14 | 10551.69 | 8857.30
591 | 0.12 | 8641.93 | 7047.74 | 7796.20 | 615.53 | 3077.66 | 10800.00 | 8861.19
608 | 0.06 | 8076.27 | 7682.61 | 7615.32 | 339.88 | 1699.42 | 9294.34 | 8346.49
584 | 0.08 | 8366.76 | 8062.73 | 7721.74 | 437.44 | 2187.22 | 9873.97 | 8648.38
605 | 0.12 | 8718.75 | 8540.56 | 7693.88 | 629.68 | 3148.38 | 10766.70 | 9008.73
599 | 0.09 | 8476.84 | 9189.87 | 7649.75 | 485.73 | 2428.67 | 10034.71 | 8761.71
585 | 0.10 | 8570.17 | 9708.42 | 7599.33 | 533.83 | 2669.14 | 10215.08 | 8857.31
601 | 0.13 | 8778.62 | 10284.41 | 7441.65 | 677.50 | 3387.49 | 10741.06 | 9069.50
616 | 0.08 | 8366.24 | 10996.18 | 7486.55 | 437.47 | 2187.36 | 9638.91 | 8648.00
594 | 0.06 | 8075.29 | 11500.18 | 7385.28 | 339.93 | 1699.63 | 9064.51 | 8345.71
607 | 0.14 | 8831.28 | 11935.11 | 7160.36 | 725.26 | 3626.31 | 10685.13 | 9122.78
609 | 0.13 | 8778.74 | 12670.83 | 7131.53 | 677.49 | 3387.44 | 10430.90 | 9069.58
592 | 0.13 | 8558.44 | 13440.55 | 6811.17 | 694.93 | 3474.63 | 10195.46 | 8936.47
587 | 0.09 | 8476.90 | 14150.73 | 7203.33 | 485.73 | 2428.65 | 9588.27 | 8761.75
595 | 0.11 | 8649.87 | 14709.68 | 7031.81 | 581.80 | 2909.00 | 9876.81 | 8938.67
589 | 0.11 | 8649.98 | 15314.67 | 6965.37 | 581.79 | 2908.96 | 9810.33 | 8938.74
604 | 0.12 | 8718.80 | 15944.55 | 6805.45 | 629.67 | 3148.37 | 9878.25 | 9008.76
619 | 0.15 | 8878.97 | 16684.25 | 6376.33 | 772.89 | 3864.46 | 10124.86 | 9170.43
613 | 0.13 | 8778.63 | 17522.23 | 6500.74 | 677.50 | 3387.48 | 9800.15 | 9069.51
588 | 0.11 | 8601.36 | 18254.38 | 6593.38 | 585.08 | 2925.41 | 9454.42 | 8906.56
582 | 0.10 | 8481.10 | 18844.39 | 6596.66 | 539.43 | 2697.17 | 9239.89 | 8796.27
603 | 0.08 | 8366.31 | 19442.13 | 6810.94 | 437.47 | 2187.34 | 8963.28 | 8648.05
586 | 0.09 | 8476.83 | 19958.62 | 6680.55 | 485.74 | 2428.68 | 9065.51 | 8761.70
598 | 0.13 | 8778.62 | 20464.66 | 6118.21 | 677.50 | 3387.49 | 9417.62 | 9069.50
606 | 0.13 | 8778.62 | 21203.11 | 6022.22 | 677.50 | 3387.49 | 9321.63 | 9069.50
590 | 0.11 | 8649.88 | 21907.37 | 6240.06 | 581.80 | 2909.00 | 9085.06 | 8938.67
612 | 0.15 | 8878.00 | 22511.59 | 5501.27 | 772.98 | 3864.88 | 9250.20 | 9169.89
Vehicle 16
Charging tour: 
642  -> 632  -> 625  -> 629  -> 627  -> 624  -> 621  -> 628  -> 635  -> 623  -> 631  -> 622  -> 645  -> 643  -> 626  -> 630  -> 647  -> 637  -> 644  -> 646  -> 640  -> 636  -> 638  -> 639  -> 641  -> 634  -> 633  -> 
Charging time: 
153.38859689054146  + 384.2018524187092  + 400.13754010542357  + 563.8286480289764  + 617.3151081859537  + 541.0888427382631  + 594.2027037681027  + 516.1115985347739  + 285.6280952527478  + 720.0476126118989  + 465.53517181044145  + 651.1053545175968  + 294.56367522284233  + 196.02360826623564  + 681.2457908462895  + 527.7158117864947  + 313.6063472055685  + 389.3747626803409  + 348.25874456669743  + 211.72455677085009  + 240.37594439789282  + 420.1019083029619  + 468.11981080860284  + 467.4153517220138  + 561.9028436994378  + 348.34795952501145  + 357.954708670517  + 
total node:27/27
-------------------
Traveling energy: 2022.2787794426101
Charging energy: 58596.61474667592
Total energy used: 60618.89352611853
-------------------
Total time for travel: 2022.2787794426101
Total time for charging: 11719.322949335185
Charging round duration: 13741.601728777794
-------------------
ID | p | E0 | time_arrive | E_remain | time_charge | energy_charge| E_after_charge | E_after_cycle
642 | 0.06 | 10051.79 | 158.85 | 10042.26 | 153.39 | 766.94 | 10800.00 | 9389.53
632 | 0.11 | 8965.14 | 398.94 | 8921.25 | 384.20 | 1921.01 | 10800.00 | 8265.95
625 | 0.09 | 8913.67 | 870.54 | 8835.32 | 400.14 | 2000.69 | 10800.00 | 8770.56
629 | 0.14 | 8244.90 | 1322.21 | 8059.79 | 563.83 | 2819.14 | 10800.00 | 7729.24
627 | 0.14 | 8066.58 | 1905.20 | 7799.85 | 617.32 | 3086.58 | 10800.00 | 7818.35
624 | 0.11 | 8439.40 | 2593.83 | 8154.08 | 541.09 | 2705.44 | 10800.00 | 8524.64
621 | 0.11 | 8251.64 | 3248.11 | 7894.35 | 594.20 | 2971.01 | 10800.00 | 8602.45
628 | 0.11 | 8709.20 | 3936.25 | 8276.21 | 516.11 | 2580.56 | 10800.00 | 8669.56
635 | 0.07 | 9711.12 | 4560.89 | 9391.85 | 285.63 | 1428.14 | 10800.00 | 9471.86
623 | 0.13 | 7928.86 | 4888.42 | 7293.37 | 720.05 | 3600.24 | 10800.00 | 8432.50
631 | 0.10 | 9083.76 | 5648.84 | 8518.88 | 465.54 | 2327.68 | 10800.00 | 9029.44
622 | 0.11 | 8299.37 | 6211.58 | 7616.09 | 651.11 | 3255.53 | 10800.00 | 8934.69
645 | 0.08 | 9903.64 | 6911.22 | 9350.75 | 294.56 | 1472.82 | 10800.00 | 9470.86
643 | 0.05 | 10190.46 | 7215.48 | 9829.68 | 196.02 | 980.12 | 10800.00 | 9979.57
626 | 0.12 | 8371.92 | 7469.97 | 7475.52 | 681.25 | 3406.23 | 10800.00 | 8919.75
630 | 0.10 | 9037.18 | 8229.87 | 8214.19 | 527.72 | 2638.58 | 10800.00 | 9293.76
647 | 0.08 | 9963.56 | 8831.34 | 9257.06 | 313.61 | 1568.03 | 10800.00 | 9626.00
637 | 0.08 | 9620.59 | 9203.86 | 8884.28 | 389.37 | 1946.87 | 10800.00 | 9661.86
644 | 0.08 | 9858.75 | 9652.35 | 9086.57 | 348.26 | 1741.29 | 10800.00 | 9694.45
646 | 0.05 | 10254.23 | 10045.27 | 9751.96 | 211.72 | 1058.62 | 10800.00 | 10121.85
640 | 0.05 | 10126.60 | 10329.24 | 9610.14 | 240.38 | 1201.88 | 10800.00 | 10137.48
636 | 0.08 | 9588.93 | 10697.87 | 8733.10 | 420.10 | 2100.51 | 10800.00 | 9783.84
638 | 0.09 | 9509.82 | 11203.25 | 8501.53 | 468.12 | 2340.60 | 10800.00 | 9706.62
639 | 0.09 | 9557.11 | 11690.22 | 8504.99 | 467.42 | 2337.08 | 10800.00 | 9750.39
641 | 0.11 | 9391.29 | 12172.66 | 8052.30 | 561.90 | 2809.51 | 10800.00 | 9580.60
634 | 0.06 | 9845.02 | 12764.24 | 9079.16 | 348.35 | 1741.74 | 10800.00 | 10157.55
633 | 0.06 | 9823.95 | 13204.07 | 9031.70 | 357.95 | 1789.77 | 10800.00 | 10184.52
Vehicle 17
Charging tour: 
649  -> 652  -> 659  -> 661  -> 666  -> 672  -> 651  -> 669  -> 653  -> 662  -> 675  -> 650  -> 677  -> 664  -> 682  -> 673  -> 663  -> 671  -> 665  -> 676  -> 655  -> 674  -> 685  -> 684  -> 656  -> 679  -> 681  -> 657  -> 668  -> 683  -> 678  -> 667  -> 680  -> 670  -> 648  -> 660  -> 654  -> 658  -> 
Charging time: 
409.72298795785207  + 362.0453606466481  + 265.75253872444006  + 455.22494464853276  + 461.6430613099834  + 409.74382971403037  + 409.6385945756868  + 409.7463498589831  + 618.0587828739867  + 597.1254864104521  + 550.447546422734  + 804.1673373721189  + 409.64795903988653  + 457.01651806252505  + 598.2598067020901  + 362.2518702151536  + 598.2585618833724  + 504.09907938065766  + 645.3005766964183  + 778.1264372831563  + 766.9227175330827  + 598.2595593930396  + 861.8166297236521  + 786.3901586377934  + 265.00121402894996  + 598.2595144033271  + 645.3006734715846  + 504.0993721727582  + 504.1087319026682  + 833.4031879051197  + 787.5276871007179  + 362.16215666897284  + 700.1708071483482  + 266.01645719083496  + 266.8904077276759  + 609.2737326991511  + 362.2735103783214  + 819.3704203708188  + 
total node:38/38
-------------------
Traveling energy: 2310.487623980656
Charging energy: 103217.62284117762
Total energy used: 105528.11046515829
-------------------
Total time for travel: 2310.487623980656
Total time for charging: 20643.524568235523
Charging round duration: 22954.012192216178
-------------------
ID | p | E0 | time_arrive | E_remain | time_charge | energy_charge| E_after_charge | E_after_cycle
649 | 0.08 | 8577.55 | 133.92 | 8566.84 | 409.72 | 2048.61 | 10582.67 | 8720.57
652 | 0.07 | 8493.74 | 593.11 | 8452.22 | 362.05 | 1810.23 | 10237.10 | 8636.56
659 | 0.05 | 8265.25 | 1071.62 | 8211.67 | 265.75 | 1328.76 | 9527.15 | 8403.02
661 | 0.10 | 8714.40 | 1450.00 | 8569.40 | 455.22 | 2276.12 | 10800.00 | 8608.52
666 | 0.11 | 8766.94 | 2039.75 | 8542.57 | 461.64 | 2308.22 | 10800.00 | 8454.95
672 | 0.08 | 8577.12 | 2637.09 | 8366.15 | 409.74 | 2048.72 | 10382.09 | 8720.23
651 | 0.08 | 8579.32 | 3101.23 | 8331.22 | 409.64 | 2048.19 | 10346.64 | 8721.91
669 | 0.08 | 8577.06 | 3624.02 | 8287.14 | 409.75 | 2048.73 | 10303.09 | 8720.19
653 | 0.12 | 8274.85 | 4091.46 | 7783.87 | 618.06 | 3090.29 | 10800.00 | 8506.74
662 | 0.13 | 8510.67 | 4758.98 | 7892.00 | 597.13 | 2985.63 | 10800.00 | 8399.69
675 | 0.14 | 8883.35 | 5418.03 | 8124.82 | 550.45 | 2752.24 | 10800.00 | 8300.79
650 | 0.14 | 7647.95 | 5992.92 | 6808.95 | 804.17 | 4020.84 | 10717.20 | 8333.99
677 | 0.08 | 8579.12 | 6842.91 | 8031.69 | 409.65 | 2048.24 | 10047.16 | 8721.76
664 | 0.09 | 8651.16 | 7277.48 | 7996.19 | 457.02 | 2285.08 | 10240.14 | 8792.44
682 | 0.12 | 8811.61 | 7799.32 | 7875.69 | 598.26 | 2991.30 | 10795.20 | 8944.50
673 | 0.07 | 8488.89 | 8447.41 | 7897.57 | 362.25 | 1811.26 | 9683.48 | 8632.75
663 | 0.12 | 8811.62 | 8843.60 | 7750.39 | 598.26 | 2991.29 | 10669.89 | 8944.52
671 | 0.10 | 8714.61 | 9513.58 | 7763.25 | 504.10 | 2520.50 | 10233.33 | 8853.10
665 | 0.13 | 8850.03 | 10073.95 | 7540.42 | 645.30 | 3226.50 | 10683.04 | 8979.94
676 | 0.18 | 8981.36 | 10732.92 | 7049.43 | 778.13 | 3890.63 | 10800.00 | 8584.39
655 | 0.14 | 8019.37 | 11516.33 | 6407.08 | 766.92 | 3834.61 | 10134.33 | 8519.18
674 | 0.12 | 8811.61 | 12304.61 | 7335.06 | 598.26 | 2991.30 | 10254.56 | 8944.51
685 | 0.18 | 8979.10 | 12961.44 | 6646.04 | 861.82 | 4309.08 | 10800.00 | 9000.58
684 | 0.16 | 8938.11 | 13853.44 | 6721.56 | 786.39 | 3931.95 | 10527.69 | 9058.86
656 | 0.05 | 8288.69 | 14674.38 | 7554.97 | 265.00 | 1325.01 | 8866.73 | 8422.69
679 | 0.12 | 8811.61 | 14974.90 | 7014.62 | 598.26 | 2991.30 | 9934.13 | 8944.51
681 | 0.13 | 8850.03 | 15584.98 | 6823.99 | 645.30 | 3226.50 | 9966.60 | 8979.94
657 | 0.10 | 8714.60 | 16248.90 | 7089.71 | 504.10 | 2520.50 | 9559.80 | 8853.10
668 | 0.10 | 8714.44 | 16812.93 | 7033.15 | 504.11 | 2520.54 | 9503.28 | 8852.98
683 | 0.17 | 8961.02 | 17369.59 | 6008.19 | 833.40 | 4167.02 | 10033.53 | 9078.63
678 | 0.16 | 8925.20 | 18228.03 | 6008.71 | 787.53 | 3937.64 | 9820.35 | 9051.63
667 | 0.07 | 8491.00 | 19050.24 | 7157.48 | 362.16 | 1810.81 | 8942.94 | 8634.41
680 | 0.14 | 8783.91 | 19505.47 | 6053.14 | 700.17 | 3500.85 | 9455.97 | 8949.96
670 | 0.05 | 8257.05 | 20227.82 | 7245.66 | 266.02 | 1330.08 | 8562.45 | 8396.14
648 | 0.05 | 8230.02 | 20535.75 | 7203.23 | 266.89 | 1334.45 | 8524.34 | 8373.47
660 | 0.12 | 8652.32 | 20958.57 | 6137.29 | 609.27 | 3046.37 | 9110.55 | 8840.29
654 | 0.07 | 8488.39 | 21584.48 | 6977.47 | 362.27 | 1811.37 | 8763.48 | 8632.35
658 | 0.15 | 8042.20 | 22047.56 | 4735.06 | 819.37 | 4096.85 | 8709.01 | 8566.05
Vehicle 18
Charging tour: 
690  -> 712  -> 710  -> 695  -> 687  -> 724  -> 706  -> 686  -> 702  -> 719  -> 723  -> 701  -> 725  -> 709  -> 720  -> 714  -> 693  -> 694  -> 704  -> 700  -> 698  -> 703  -> 705  -> 691  -> 689  -> 707  -> 713  -> 692  -> 718  -> 726  -> 721  -> 722  -> 708  -> 696  -> 697  -> 717  -> 699  -> 711  -> 688  -> 727  -> 715  -> 716  -> 
Charging time: 
310.8232609123719  + 260.6253378989137  + 628.9243881887587  + 674.4233975068868  + 597.9114479072975  + 502.32825702233293  + 358.5631567587243  + 502.3203437491068  + 310.6585393321239  + 406.69241432684663  + 550.1230810703772  + 454.505409678311  + 741.1952574437536  + 645.6982525138615  + 645.6984943615022  + 406.59257719676583  + 310.7604788514111  + 550.1220983181519  + 358.55806624436866  + 406.631096058166  + 262.5185372059357  + 741.2612311690506  + 262.49891881876647  + 693.4748559451143  + 597.9112955685619  + 358.78022778945143  + 454.50262512282836  + 358.8063980261748  + 645.6982567663403  + 788.96831278756  + 645.6982415776105  + 597.9118242636362  + 597.9115034509505  + 406.67650447162725  + 597.9113946823937  + 310.01840448107356  + 358.74265050421525  + 406.6530325858969  + 597.9115082751249  + 645.6982693791383  + 358.7947285056459  + 693.4840653445356  + 
total node:42/42
-------------------
Traveling energy: 2256.8742555202493
Charging energy: 105024.94071030835
Total energy used: 107281.8149658286
-------------------
Total time for travel: 2256.8742555202493
Total time for charging: 21004.98814206167
Charging round duration: 23261.862397581917
-------------------
ID | p | E0 | time_arrive | E_remain | time_charge | energy_charge| E_after_charge | E_after_cycle
690 | 0.06 | 7509.35 | 121.27 | 7502.07 | 310.82 | 1554.12 | 9037.54 | 7634.26
712 | 0.05 | 7463.08 | 459.04 | 7440.12 | 260.63 | 1303.13 | 8730.22 | 7575.20
710 | 0.13 | 7832.10 | 730.48 | 7737.14 | 628.92 | 3144.62 | 10800.00 | 7880.12
695 | 0.16 | 7767.78 | 1449.90 | 7535.79 | 674.42 | 3372.12 | 10800.00 | 7328.69
687 | 0.12 | 7807.44 | 2200.58 | 7543.37 | 597.91 | 2989.56 | 10461.18 | 7938.60
724 | 0.10 | 7744.21 | 2833.59 | 7460.85 | 502.33 | 2511.64 | 9922.26 | 7873.85
706 | 0.07 | 7594.46 | 3378.41 | 7357.97 | 358.56 | 1792.82 | 9125.69 | 7719.88
686 | 0.10 | 7744.33 | 3774.19 | 7366.91 | 502.32 | 2511.60 | 9828.28 | 7873.93
702 | 0.06 | 7513.33 | 4297.86 | 7255.46 | 310.66 | 1553.29 | 8790.11 | 7637.42
719 | 0.08 | 7652.24 | 4688.82 | 7277.13 | 406.69 | 2033.46 | 9278.06 | 7780.10
723 | 0.11 | 7778.53 | 5148.54 | 7212.19 | 550.12 | 2750.62 | 9902.29 | 7908.94
701 | 0.09 | 7703.14 | 5723.10 | 7188.06 | 454.51 | 2272.53 | 9419.69 | 7831.87
725 | 0.15 | 7872.69 | 6192.43 | 6943.83 | 741.20 | 3705.98 | 10538.62 | 8005.67
709 | 0.13 | 7832.10 | 6953.13 | 6928.19 | 645.70 | 3228.49 | 10072.74 | 7963.99
720 | 0.13 | 7832.10 | 7645.55 | 6838.18 | 645.70 | 3228.49 | 9982.73 | 7963.99
714 | 0.08 | 7654.12 | 8292.46 | 6990.72 | 406.59 | 2032.96 | 8991.15 | 7781.48
693 | 0.06 | 7510.87 | 8741.50 | 6986.38 | 310.76 | 1553.80 | 8521.53 | 7635.47
694 | 0.11 | 7778.54 | 9189.35 | 6767.71 | 550.12 | 2750.61 | 9457.81 | 7908.95
704 | 0.07 | 7594.57 | 9846.03 | 6905.35 | 358.56 | 1792.79 | 8673.04 | 7719.96
700 | 0.08 | 7653.39 | 10220.90 | 6835.72 | 406.63 | 2033.16 | 8836.34 | 7780.95
698 | 0.05 | 7409.25 | 10656.42 | 6876.43 | 262.52 | 1312.59 | 8175.90 | 7530.85
703 | 0.15 | 7871.99 | 10965.05 | 6227.23 | 741.26 | 3706.31 | 9822.35 | 8005.29
705 | 0.05 | 7409.81 | 11724.01 | 6823.61 | 262.50 | 1312.49 | 8122.98 | 7531.30
691 | 0.14 | 7853.47 | 12085.17 | 6161.55 | 693.47 | 3467.37 | 9531.84 | 7986.05
689 | 0.12 | 7807.45 | 12897.14 | 6259.79 | 597.91 | 2989.56 | 9177.60 | 7938.60
707 | 0.07 | 7589.87 | 13527.45 | 6642.94 | 358.78 | 1793.90 | 8411.73 | 7716.37
713 | 0.09 | 7703.19 | 13996.28 | 6443.53 | 454.50 | 2272.51 | 8675.13 | 7831.90
692 | 0.07 | 7589.31 | 14574.31 | 6569.11 | 358.81 | 1794.03 | 8338.03 | 7715.94
718 | 0.13 | 7832.10 | 14952.62 | 5888.26 | 645.70 | 3228.49 | 9032.81 | 7963.99
726 | 0.16 | 7889.05 | 15611.94 | 5391.14 | 788.97 | 3944.84 | 9209.75 | 8022.69
721 | 0.13 | 7832.10 | 16427.19 | 5696.57 | 645.70 | 3228.49 | 8841.12 | 7963.99
722 | 0.12 | 7807.44 | 17099.07 | 5755.55 | 597.91 | 2989.56 | 8673.36 | 7938.60
708 | 0.12 | 7807.44 | 17710.66 | 5682.16 | 597.91 | 2989.56 | 8599.97 | 7938.60
696 | 0.08 | 7652.54 | 18353.50 | 6184.26 | 406.68 | 2033.38 | 8185.11 | 7780.32
697 | 0.12 | 7807.44 | 18787.71 | 5552.92 | 597.91 | 2989.56 | 8470.73 | 7938.60
717 | 0.06 | 7528.84 | 19411.51 | 6364.15 | 310.02 | 1550.09 | 7895.64 | 7649.74
699 | 0.07 | 7590.66 | 19759.01 | 6207.53 | 358.74 | 1793.71 | 7976.13 | 7716.97
711 | 0.08 | 7652.98 | 20169.05 | 6039.45 | 406.65 | 2033.27 | 8040.19 | 7780.64
688 | 0.12 | 7807.44 | 20694.14 | 5324.15 | 597.91 | 2989.56 | 8241.95 | 7938.60
727 | 0.13 | 7832.10 | 21330.67 | 5059.11 | 645.70 | 3228.49 | 8203.66 | 7963.99
715 | 0.07 | 7589.56 | 22005.28 | 6049.19 | 358.79 | 1793.97 | 7818.05 | 7716.13
716 | 0.14 | 7853.37 | 22370.79 | 4721.46 | 693.48 | 3467.42 | 8091.79 | 7985.99
Vehicle 19
Charging tour: 
730  -> 748  -> 765  -> 732  -> 747  -> 734  -> 738  -> 728  -> 736  -> 733  -> 746  -> 729  -> 743  -> 762  -> 756  -> 759  -> 744  -> 751  -> 742  -> 757  -> 752  -> 735  -> 766  -> 749  -> 760  -> 739  -> 740  -> 737  -> 764  -> 763  -> 745  -> 731  -> 754  -> 750  -> 761  -> 741  -> 753  -> 755  -> 758  -> 
Charging time: 
275.69256331407297  + 277.29864592492885  + 262.5828306054208  + 280.83668318921536  + 447.66175575598265  + 325.3793727749235  + 295.51301302451213  + 307.28974961482373  + 327.8271997049463  + 406.71040409853583  + 501.2013007955736  + 738.397246657792  + 303.8584256684584  + 372.3263134565291  + 390.038630499897  + 425.029917294907  + 304.625608967563  + 375.97190515888195  + 351.6920734104543  + 464.2300103552436  + 558.6714320023132  + 984.8906008381314  + 417.6026247798989  + 540.7134816954936  + 510.5527240251689  + 739.4931764610134  + 731.7050613400075  + 752.5520782612448  + 560.0481546759326  + 655.0217902901502  + 352.01549596555117  + 631.1204545815249  + 658.8214819465695  + 258.91976417609226  + 586.6259178597231  + 867.1936123473539  + 724.5468956972019  + 500.63012078074814  + 488.50463928431554  + 
total node:39/39
-------------------
Traveling energy: 2584.9987430806277
Charging energy: 94768.96578640548
Total energy used: 97353.9645294861
-------------------
Total time for travel: 2584.9987430806277
Total time for charging: 18953.793157281096
Charging round duration: 21538.791900361724
-------------------
ID | p | E0 | time_arrive | E_remain | time_charge | energy_charge| E_after_charge | E_after_cycle
730 | 0.06 | 9449.94 | 197.72 | 9438.08 | 275.69 | 1378.46 | 10800.00 | 9399.20
748 | 0.09 | 9486.79 | 537.01 | 9438.46 | 277.30 | 1386.49 | 10800.00 | 8729.49
765 | 0.10 | 9599.45 | 861.01 | 9513.34 | 262.58 | 1312.91 | 10800.00 | 8530.36
732 | 0.06 | 9482.07 | 1156.67 | 9412.67 | 280.84 | 1404.18 | 10800.00 | 9457.05
747 | 0.14 | 8830.79 | 1474.50 | 8624.36 | 447.66 | 2238.31 | 10800.00 | 7734.30
734 | 0.07 | 9343.44 | 2108.02 | 9195.88 | 325.38 | 1626.90 | 10800.00 | 9302.94
738 | 0.06 | 9495.25 | 2584.69 | 9340.17 | 295.51 | 1477.57 | 10800.00 | 9543.61
728 | 0.06 | 9394.25 | 2943.23 | 9217.66 | 307.29 | 1536.45 | 10735.67 | 9501.50
736 | 0.07 | 9418.37 | 3350.79 | 9183.81 | 327.83 | 1639.14 | 10800.00 | 9390.10
733 | 0.08 | 9095.46 | 3705.96 | 8798.98 | 406.71 | 2033.55 | 10800.00 | 9223.41
746 | 0.13 | 8898.45 | 4148.46 | 8359.15 | 501.20 | 2506.01 | 10800.00 | 8307.85
729 | 0.13 | 7820.29 | 4740.65 | 7204.01 | 738.40 | 3691.99 | 10800.00 | 8415.68
743 | 0.06 | 9500.34 | 5585.10 | 9165.23 | 303.86 | 1519.29 | 10666.29 | 9590.43
762 | 0.14 | 9815.89 | 5895.70 | 8990.49 | 372.33 | 1861.63 | 10800.00 | 8342.72
756 | 0.12 | 9665.74 | 6409.43 | 8896.61 | 390.04 | 1950.19 | 10800.00 | 8757.54
759 | 0.15 | 9767.98 | 6862.50 | 8738.60 | 425.03 | 2125.15 | 10800.00 | 8320.13
744 | 0.06 | 9476.41 | 7363.37 | 9034.61 | 304.63 | 1523.13 | 10539.46 | 9570.34
751 | 0.08 | 9564.18 | 7674.55 | 8950.22 | 375.97 | 1879.86 | 10800.00 | 9538.44
742 | 0.07 | 9576.23 | 8098.57 | 9009.33 | 351.69 | 1758.46 | 10743.17 | 9667.29
757 | 0.10 | 9375.23 | 8499.58 | 8525.27 | 464.23 | 2321.15 | 10800.00 | 9314.38
752 | 0.11 | 9062.41 | 9039.23 | 8068.10 | 558.67 | 2793.36 | 10800.00 | 9235.57
735 | 0.16 | 7578.28 | 9657.19 | 6033.13 | 984.89 | 4924.45 | 10800.00 | 8691.53
766 | 0.08 | 9216.92 | 10694.23 | 8361.38 | 417.60 | 2088.01 | 10415.99 | 9399.33
749 | 0.11 | 9381.22 | 11139.21 | 8155.91 | 540.71 | 2703.57 | 10800.00 | 9464.59
760 | 0.10 | 9423.63 | 11688.39 | 8254.80 | 510.55 | 2552.76 | 10756.50 | 9594.40
739 | 0.13 | 8458.01 | 12298.41 | 6859.22 | 739.49 | 3697.47 | 10460.55 | 9058.88
740 | 0.13 | 8548.04 | 13083.24 | 6847.21 | 731.71 | 3658.53 | 10410.62 | 9109.96
737 | 0.13 | 8311.24 | 13878.62 | 6507.02 | 752.55 | 3762.76 | 10171.95 | 8977.40
764 | 0.11 | 9449.88 | 14652.64 | 7838.09 | 560.05 | 2800.24 | 10576.73 | 9629.92
763 | 0.13 | 9548.75 | 15321.79 | 7556.92 | 655.02 | 3275.11 | 10746.88 | 9727.26
745 | 0.07 | 9567.43 | 16012.36 | 8446.57 | 352.02 | 1760.08 | 10182.00 | 9660.11
731 | 0.11 | 8385.70 | 16375.28 | 6584.42 | 631.12 | 3155.60 | 9670.60 | 8921.10
754 | 0.13 | 9493.68 | 17014.39 | 7281.81 | 658.82 | 3294.11 | 10490.27 | 9691.19
750 | 0.05 | 9291.03 | 17782.58 | 8401.90 | 258.92 | 1294.60 | 9683.55 | 9394.63
761 | 0.12 | 9841.90 | 18069.07 | 7673.61 | 586.63 | 2933.13 | 10536.35 | 9916.63
741 | 0.15 | 8322.13 | 18718.07 | 5514.42 | 867.19 | 4335.97 | 9720.30 | 9085.09
753 | 0.14 | 9296.52 | 19622.76 | 6549.34 | 724.55 | 3622.73 | 10070.63 | 9584.46
755 | 0.10 | 9610.41 | 20378.67 | 7572.55 | 500.63 | 2503.15 | 10025.63 | 9731.56
758 | 0.10 | 9848.96 | 20896.47 | 7759.31 | 488.50 | 2442.52 | 10152.99 | 9909.48
Network survivability: 100.0%
networkSurvivabilityOverThousand: 76.6%
Average dead duration: 116948.03620766623
Traveling energy: 47228.15661509229
total calculate time: 44.01422381401062
