total sensor 766
condition 16.786488098769937
gen: 1
2000
gen: 2
2000
gen: 3
2000
gen: 4
2000
gen: 5
2000
gen: 6
2000
gen: 7
2000
gen: 8
2000
gen: 9
2000
gen: 10
2000
gen: 11
2000
gen: 12
2000
gen: 13
2000
gen: 14
2000
gen: 15
2000
gen: 16
2000
gen: 17
2000
gen: 18
2000
gen: 19
2000
gen: 20
2000
gen: 21
2000
gen: 22
2000
gen: 23
2000
gen: 24
2000
gen: 25
2000
gen: 26
2000
gen: 27
2000
gen: 28
2000
gen: 29
2000
gen: 30
2000
gen: 31
2000
gen: 32
2000
gen: 33
2000
gen: 34
2000
gen: 35
2000
gen: 36
2000
gen: 37
2000
gen: 38
2000
gen: 39
2000
gen: 40
2000
gen: 41
2000
gen: 42
2000
gen: 43
2000
gen: 44
2000
gen: 45
2000
gen: 46
2000
gen: 47
2000
gen: 48
2000
gen: 49
2000
gen: 50
2000
Number of charging vehicles: 20
Survey time: 23820.006762148878
Network clustering infor: 
Cluster 0:
[1, 2, 3, 4, 5, 6, 7, 8, 9, 10, 11, 12, 13, 14, 15, 16, 17, 18, 19, 20, 21, 22, 23, 24, 25, 26, 27, 28, 29, 30, 31, 32, 33, 34, 35, 36, 37, 38, 39, 40, 41, 42]
Cluster 1:
[43, 44, 45, 46, 47, 48, 49, 50, 51, 52, 53, 54, 55, 56, 57, 58, 59, 60, 61, 62, 63, 64, 65, 66, 67, 68, 69, 70, 71, 72, 73, 74, 75, 76, 77, 78, 79, 80, 81, 82, 83]
Cluster 2:
[84, 85, 86, 87, 88, 89, 90, 91, 92, 93, 94, 95, 96, 97, 98, 99, 100, 101, 102, 103, 104, 105, 106, 107, 108, 109, 110, 111, 112, 113, 114, 115, 116, 117, 118, 119, 120, 121]
Cluster 3:
[122, 123, 124, 125, 126, 127, 128, 129, 130, 131, 132, 133, 134, 135, 136, 137, 138, 139, 140, 141, 142, 143, 144, 145, 146, 147, 148, 149, 150, 151, 152, 153, 154, 155, 156, 157]
Cluster 4:
[158, 159, 160, 161, 162, 163, 164, 165, 166, 167, 168, 169, 170, 171, 172, 173, 174, 175, 176, 177, 178, 179, 180, 181, 182, 183, 184, 185, 186, 187, 188, 189]
Cluster 5:
[190, 191, 192, 193, 194, 195, 196, 197, 198, 199, 200, 201, 202, 203, 204, 205, 206, 207, 208, 209, 210, 211, 212, 213, 214, 215, 216, 217, 218, 219, 220, 221, 222, 223, 224, 225, 226, 227, 228, 229, 230, 231, 232]
Cluster 6:
[233, 234, 235, 236, 237, 238, 239, 240, 241, 242, 243, 244, 245, 246, 247, 248, 249, 250, 251, 252, 253, 254, 255, 256, 257, 258, 259, 260, 261, 262, 263, 264, 265, 266, 267, 268, 269, 270, 271, 272, 273]
Cluster 7:
[274, 275, 276, 277, 278, 279, 280, 281, 282, 283, 284, 285, 286, 287, 288, 289, 290, 291, 292, 293, 294, 295, 296, 297, 298, 299, 300, 301, 302, 303, 304, 305, 306, 307, 308, 309, 310, 311, 312, 313]
Cluster 8:
[314, 315, 316, 317, 318, 319, 320, 321, 322, 323, 324, 325, 326, 327, 328, 329, 330, 331, 332, 333, 334, 335, 336, 337, 338, 339, 340, 341, 342, 343, 344, 345, 346, 347, 348, 349, 350, 351, 352]
Cluster 9:
[353, 354, 355, 356, 357, 358, 359, 360, 361, 362, 363, 364, 365, 366, 367, 368, 369, 370, 371, 372, 373, 374, 375, 376, 377, 378, 379, 380, 381, 382, 383, 384, 385, 386, 387, 388, 389, 390, 391, 392, 393]
Cluster 10:
[394, 395, 396, 397, 398, 399, 400, 401, 402, 403, 404, 405, 406, 407, 408, 409, 410, 411, 412, 413, 414, 415, 416, 417, 418, 419, 420, 421, 422, 423, 424, 425, 426, 427, 428, 429, 430, 431, 432]
Cluster 11:
[433, 434, 435, 436, 437, 438, 439, 440, 441, 442, 443, 444, 445, 446, 447, 448, 449, 450, 451, 452, 453, 454, 455, 456, 457, 458, 459, 460, 461, 462, 463, 464, 465, 466, 467, 468, 469, 470]
Cluster 12:
[471, 472, 473, 474, 475, 476, 477, 478, 479, 480, 481, 482, 483, 484, 485, 486, 487, 488, 489, 490, 491, 492, 493, 494, 495, 496, 497, 498, 499, 500, 501, 502, 503, 504, 505, 506, 507, 508, 509]
Cluster 13:
[510, 511, 512, 513, 514, 515, 516, 517, 518, 519, 520, 521, 522, 523, 524, 525, 526, 527, 528, 529, 530, 531, 532, 533, 534, 535, 536, 537, 538, 539, 540, 541]
Cluster 14:
[542, 543, 544, 545, 546, 547, 548, 549, 550, 551, 552, 553, 554, 555, 556, 557, 558, 559, 560, 561, 562, 563, 564, 565, 566, 567, 568, 569, 570, 571, 572, 573, 574, 575, 576, 577, 578, 579, 580, 581]
Cluster 15:
[582, 583, 584, 585, 586, 587, 588, 589, 590, 591, 592, 593, 594, 595, 596, 597, 598, 599, 600, 601, 602, 603, 604, 605, 606, 607, 608, 609, 610, 611, 612, 613, 614, 615, 616, 617, 618, 619, 620]
Cluster 16:
[621, 622, 623, 624, 625, 626, 627, 628, 629, 630, 631, 632, 633, 634, 635, 636, 637, 638, 639, 640, 641, 642, 643, 644, 645, 646, 647]
Cluster 17:
[648, 649, 650, 651, 652, 653, 654, 655, 656, 657, 658, 659, 660, 661, 662, 663, 664, 665, 666, 667, 668, 669, 670, 671, 672, 673, 674, 675, 676, 677, 678, 679, 680, 681, 682, 683, 684, 685]
Cluster 18:
[686, 687, 688, 689, 690, 691, 692, 693, 694, 695, 696, 697, 698, 699, 700, 701, 702, 703, 704, 705, 706, 707, 708, 709, 710, 711, 712, 713, 714, 715, 716, 717, 718, 719, 720, 721, 722, 723, 724, 725, 726, 727]
Cluster 19:
[728, 729, 730, 731, 732, 733, 734, 735, 736, 737, 738, 739, 740, 741, 742, 743, 744, 745, 746, 747, 748, 749, 750, 751, 752, 753, 754, 755, 756, 757, 758, 759, 760, 761, 762, 763, 764, 765, 766]
Vehicle 0
Charging tour: 
6  -> 30  -> 2  -> 28  -> 36  -> 25  -> 33  -> 17  -> 34  -> 35  -> 9  -> 39  -> 14  -> 11  -> 5  -> 37  -> 15  -> 3  -> 1  -> 29  -> 41  -> 24  -> 23  -> 22  -> 4  -> 20  -> 40  -> 31  -> 13  -> 32  -> 7  -> 38  -> 42  -> 10  -> 12  -> 27  -> 16  -> 18  -> 19  -> 26  -> 21  -> 8  -> 
Charging time: 
537.5455135822474  + 489.3938942708109  + 537.5441538031961  + 489.3927137291852  + 296.94402668543177  + 489.39293827201374  + 489.392418922444  + 393.3003617527382  + 393.29287038232314  + 345.3248093821021  + 393.2941561581853  + 297.3663017463759  + 585.7842069727571  + 489.39322503892714  + 489.3938568309937  + 682.5927634266569  + 585.7837511105893  + 248.4524215179577  + 634.1285555510852  + 393.29353977718387  + 297.35523812577645  + 345.28367673673745  + 585.7841974337844  + 682.5118559571343  + 634.1285524719126  + 297.216805618169  + 682.5912309776492  + 345.2714563729269  + 682.5927322465826  + 537.5442071861908  + 345.1997493798472  + 441.31106788198326  + 682.59261371835  + 585.7842107371657  + 537.5443686286833  + 682.5927637023279  + 489.3939717964603  + 393.2952684392313  + 646.605909703374  + 681.1404604597598  + 729.3334522157495  + 634.0802621137085  + 
total node:42/42
-------------------
Traveling energy: 1999.197345916439
Charging energy: 106000.80265408354
Total energy used: 107999.99999999999
-------------------
Total time for travel: 1999.197345916439
Total time for charging: 21200.16053081671
Charging round duration: 23199.35787673315
-------------------
ID | p | E0 | time_arrive | E_remain | time_charge | energy_charge| E_after_charge | E_after_cycle
6 | 0.11 | 6370.94 | 84.83 | 6361.61 | 537.55 | 2687.73 | 8990.20 | 6438.46
30 | 0.10 | 6361.62 | 643.30 | 6297.28 | 489.39 | 2446.97 | 8695.31 | 6426.58
2 | 0.11 | 6370.95 | 1180.36 | 6241.11 | 537.54 | 2687.72 | 8869.71 | 6438.47
28 | 0.10 | 6361.63 | 1796.15 | 6182.02 | 489.39 | 2446.96 | 8580.04 | 6426.59
36 | 0.06 | 6290.75 | 2304.72 | 6152.47 | 296.94 | 1484.72 | 7619.37 | 6346.27
25 | 0.10 | 6361.63 | 2633.94 | 6098.23 | 489.39 | 2446.96 | 8496.26 | 6426.59
33 | 0.10 | 6361.63 | 3143.21 | 6047.31 | 489.39 | 2446.96 | 8445.34 | 6426.60
17 | 0.08 | 6332.74 | 3646.16 | 6041.05 | 393.30 | 1966.50 | 7976.08 | 6393.64
34 | 0.08 | 6332.86 | 4086.96 | 6005.90 | 393.29 | 1966.46 | 7940.90 | 6393.72
35 | 0.07 | 6310.97 | 4495.74 | 5996.27 | 345.32 | 1726.62 | 7698.72 | 6370.19
9 | 0.08 | 6332.84 | 4849.19 | 5944.90 | 393.29 | 1966.47 | 7879.91 | 6393.71
39 | 0.06 | 6281.82 | 5293.79 | 5964.19 | 297.37 | 1486.83 | 7433.18 | 6339.45
14 | 0.12 | 6377.78 | 5593.49 | 5706.56 | 585.78 | 2928.92 | 8565.19 | 6448.30
11 | 0.10 | 6361.62 | 6300.19 | 5731.60 | 489.39 | 2446.97 | 8129.63 | 6426.59
5 | 0.10 | 6361.62 | 6856.97 | 5675.92 | 489.39 | 2446.97 | 8073.95 | 6426.58
37 | 0.14 | 6385.46 | 7380.91 | 5352.13 | 682.59 | 3412.96 | 8669.53 | 6463.62
15 | 0.12 | 6377.78 | 8148.39 | 5399.98 | 585.78 | 2928.92 | 8258.60 | 6448.30
3 | 0.05 | 6265.46 | 8871.51 | 5821.88 | 248.45 | 1242.26 | 7051.72 | 6316.72
1 | 0.13 | 6382.52 | 9134.75 | 5195.00 | 634.13 | 3170.64 | 8283.21 | 6456.56
29 | 0.08 | 6332.85 | 9828.11 | 5546.60 | 393.29 | 1966.47 | 7481.60 | 6393.72
41 | 0.06 | 6282.05 | 10274.79 | 5665.57 | 297.36 | 1486.78 | 7134.50 | 6339.63
24 | 0.07 | 6311.72 | 10578.42 | 5571.23 | 345.28 | 1726.42 | 7273.48 | 6370.74
23 | 0.12 | 6377.78 | 10958.51 | 5062.76 | 585.78 | 2928.92 | 7921.39 | 6448.30
22 | 0.14 | 6386.22 | 11554.25 | 4768.62 | 682.51 | 3412.56 | 8085.63 | 6463.98
4 | 0.13 | 6382.52 | 12244.77 | 4790.70 | 634.13 | 3170.64 | 7878.90 | 6456.56
20 | 0.06 | 6284.98 | 12946.84 | 5508.17 | 297.22 | 1486.08 | 6976.42 | 6341.86
40 | 0.14 | 6385.48 | 13315.30 | 4521.33 | 682.59 | 3412.96 | 7838.73 | 6463.63
31 | 0.07 | 6311.95 | 14111.79 | 5324.12 | 345.27 | 1726.36 | 7026.31 | 6370.90
13 | 0.14 | 6385.46 | 14502.48 | 4355.12 | 682.59 | 3412.96 | 7672.52 | 6463.62
32 | 0.11 | 6370.95 | 15200.15 | 4698.94 | 537.54 | 2687.72 | 7327.53 | 6438.47
7 | 0.07 | 6313.26 | 15753.42 | 5210.52 | 345.20 | 1726.00 | 6912.35 | 6371.86
38 | 0.09 | 6349.27 | 16132.88 | 4897.31 | 441.31 | 2206.56 | 7064.15 | 6412.02
42 | 0.14 | 6385.46 | 16646.74 | 4054.92 | 682.59 | 3412.96 | 7372.32 | 6463.63
10 | 0.12 | 6377.78 | 17340.72 | 4296.89 | 585.78 | 2928.92 | 7155.52 | 6448.30
12 | 0.11 | 6370.95 | 17956.32 | 4395.76 | 537.54 | 2687.72 | 7024.35 | 6438.47
27 | 0.14 | 6385.46 | 18610.52 | 3779.99 | 682.59 | 3412.96 | 7097.39 | 6463.62
16 | 0.10 | 6361.61 | 19339.64 | 4427.65 | 489.39 | 2446.97 | 6825.68 | 6426.58
18 | 0.08 | 6332.82 | 19839.96 | 4745.62 | 393.30 | 1966.48 | 6680.64 | 6393.70
19 | 0.14 | 6740.84 | 20357.88 | 3890.74 | 646.61 | 3233.03 | 7033.25 | 6639.07
26 | 0.14 | 6399.08 | 21032.29 | 3454.56 | 681.14 | 3405.70 | 6764.90 | 6469.98
21 | 0.15 | 6403.11 | 21748.60 | 3140.82 | 729.33 | 3646.67 | 6678.09 | 6476.78
8 | 0.13 | 6383.00 | 22527.76 | 3454.39 | 634.08 | 3170.40 | 6542.36 | 6456.80
Vehicle 1
Charging tour: 
60  -> 55  -> 65  -> 75  -> 66  -> 61  -> 52  -> 72  -> 80  -> 51  -> 47  -> 77  -> 69  -> 79  -> 44  -> 62  -> 71  -> 58  -> 54  -> 68  -> 49  -> 50  -> 78  -> 81  -> 83  -> 45  -> 67  -> 53  -> 57  -> 56  -> 73  -> 46  -> 76  -> 43  -> 82  -> 70  -> 74  -> 48  -> 63  -> 59  -> 64  -> 
Charging time: 
406.49949057547747  + 623.7062633969811  + 549.8467014347715  + 358.7072668133183  + 502.0948514290631  + 549.8463297616736  + 597.5800066407854  + 310.29867801910757  + 693.0035910105559  + 645.3097408392118  + 645.3033280815048  + 358.6768201689231  + 358.5798040610742  + 406.5232204297347  + 645.3137208137741  + 549.8460979741922  + 262.68149732395443  + 358.63836314222016  + 549.8463206199681  + 549.8465295155341  + 549.8456996367863  + 597.5846143699792  + 788.4037012168324  + 502.0945743518508  + 262.7113934551593  + 358.697701754506  + 406.49030557907963  + 645.3137037585076  + 645.3137098258935  + 693.033466990812  + 502.0956961655292  + 645.3099834954126  + 310.7469761316211  + 454.33115246353964  + 597.5809744063424  + 645.3136048601044  + 358.70325978772064  + 693.0357006211959  + 549.8466983687734  + 406.52114743957554  + 502.0965474679904  + 
total node:41/41
-------------------
Traveling energy: 2467.2762001099773
Charging energy: 105186.09617099518
Total energy used: 107653.37237110516
-------------------
Total time for travel: 2467.2762001099773
Total time for charging: 21037.219234199038
Charging round duration: 23504.495434309014
-------------------
ID | p | E0 | time_arrive | E_remain | time_charge | energy_charge| E_after_charge | E_after_cycle
60 | 0.08 | 7647.89 | 51.74 | 7643.75 | 406.50 | 2032.50 | 9643.73 | 7774.79
55 | 0.14 | 7850.31 | 582.27 | 7768.79 | 623.71 | 3118.53 | 10800.00 | 7634.04
65 | 0.11 | 7774.33 | 1273.89 | 7634.20 | 549.85 | 2749.23 | 10322.95 | 7903.36
75 | 0.07 | 7583.50 | 1844.54 | 7454.38 | 358.71 | 1793.54 | 9222.81 | 7709.63
66 | 0.10 | 7739.73 | 2209.24 | 7518.81 | 502.09 | 2510.47 | 9979.07 | 7868.21
61 | 0.11 | 7774.33 | 2734.93 | 7473.49 | 549.85 | 2749.23 | 10162.24 | 7903.36
52 | 0.12 | 7803.63 | 3365.75 | 7399.74 | 597.58 | 2987.90 | 10315.93 | 7933.13
72 | 0.06 | 7514.20 | 3973.66 | 7275.78 | 310.30 | 1551.49 | 8808.66 | 7636.50
80 | 0.14 | 7850.62 | 4329.23 | 7244.53 | 693.00 | 3465.02 | 10612.53 | 7980.84
51 | 0.13 | 7828.65 | 5072.64 | 7169.21 | 645.31 | 3226.55 | 10311.86 | 7958.60
47 | 0.13 | 7828.73 | 5853.19 | 7067.81 | 645.30 | 3226.52 | 10210.44 | 7958.64
77 | 0.07 | 7584.14 | 6539.29 | 7126.39 | 358.68 | 1793.38 | 8894.67 | 7710.12
69 | 0.07 | 7586.19 | 6992.16 | 7096.74 | 358.58 | 1792.90 | 8864.54 | 7711.69
79 | 0.08 | 7647.44 | 7381.51 | 7056.92 | 406.52 | 2032.62 | 9057.02 | 7774.46
44 | 0.13 | 7828.60 | 7809.34 | 6813.39 | 645.31 | 3226.57 | 9956.06 | 7958.57
62 | 0.11 | 7774.33 | 8473.20 | 6842.28 | 549.85 | 2749.23 | 9531.03 | 7903.36
71 | 0.05 | 7396.94 | 9035.76 | 6945.15 | 262.68 | 1313.41 | 8245.43 | 7519.35
58 | 0.07 | 7584.95 | 9340.18 | 6931.14 | 358.64 | 1793.19 | 8699.23 | 7710.75
54 | 0.11 | 7774.33 | 9713.17 | 6705.88 | 549.85 | 2749.23 | 9394.63 | 7903.36
68 | 0.11 | 7774.33 | 10280.97 | 6643.42 | 549.85 | 2749.23 | 9332.17 | 7903.36
49 | 0.11 | 7774.34 | 10849.61 | 6580.88 | 549.85 | 2749.23 | 9269.63 | 7903.37
50 | 0.12 | 7803.57 | 11443.77 | 6430.32 | 597.58 | 2987.92 | 9346.53 | 7933.10
78 | 0.16 | 7886.48 | 12111.63 | 5948.62 | 788.40 | 3942.02 | 9764.49 | 8017.29
81 | 0.10 | 7739.74 | 12967.45 | 6442.99 | 502.09 | 2510.47 | 8903.25 | 7868.21
83 | 0.05 | 7396.10 | 13579.17 | 6717.14 | 262.71 | 1313.56 | 8017.56 | 7518.66
45 | 0.07 | 7583.70 | 13876.94 | 6612.31 | 358.70 | 1793.49 | 8380.69 | 7709.79
67 | 0.08 | 7648.06 | 14274.14 | 6506.13 | 406.49 | 2032.45 | 8506.06 | 7774.91
53 | 0.13 | 7828.60 | 14704.18 | 5917.06 | 645.31 | 3226.57 | 9059.73 | 7958.57
57 | 0.13 | 7828.60 | 15364.74 | 5831.18 | 645.31 | 3226.57 | 8973.86 | 7958.57
56 | 0.14 | 7850.29 | 16041.26 | 5604.51 | 693.03 | 3465.17 | 8972.65 | 7980.65
73 | 0.10 | 7739.72 | 16773.18 | 6062.40 | 502.10 | 2510.48 | 8522.67 | 7868.20
46 | 0.13 | 7828.65 | 17348.07 | 5573.40 | 645.31 | 3226.55 | 8716.06 | 7958.59
76 | 0.06 | 7503.36 | 18021.41 | 6422.08 | 310.75 | 1553.73 | 7957.17 | 7627.90
43 | 0.09 | 7698.07 | 18406.55 | 6041.48 | 454.33 | 2271.66 | 8272.24 | 7825.92
82 | 0.12 | 7803.62 | 18965.22 | 5527.79 | 597.58 | 2987.90 | 8443.99 | 7933.12
70 | 0.13 | 7828.60 | 19734.91 | 5263.06 | 645.31 | 3226.57 | 8405.74 | 7958.57
74 | 0.07 | 7583.58 | 20488.08 | 6149.42 | 358.70 | 1793.52 | 7917.82 | 7709.70
48 | 0.14 | 7850.26 | 20872.67 | 4928.09 | 693.04 | 3465.18 | 8296.24 | 7980.64
63 | 0.11 | 7774.33 | 21712.84 | 5385.91 | 549.85 | 2749.23 | 8074.66 | 7903.36
59 | 0.08 | 7647.48 | 22379.51 | 5857.12 | 406.52 | 2032.61 | 7857.21 | 7774.49
64 | 0.10 | 7739.71 | 22854.68 | 5454.24 | 502.10 | 2510.48 | 7914.51 | 7868.19
Vehicle 2
Charging tour: 
96  -> 86  -> 121  -> 87  -> 89  -> 84  -> 91  -> 85  -> 103  -> 92  -> 90  -> 99  -> 94  -> 98  -> 111  -> 100  -> 115  -> 107  -> 110  -> 102  -> 93  -> 113  -> 112  -> 118  -> 117  -> 106  -> 108  -> 114  -> 101  -> 88  -> 109  -> 105  -> 119  -> 104  -> 120  -> 97  -> 116  -> 95  -> 
Charging time: 
352.227158391677  + 557.1567978780724  + 173.2666664601396  + 518.7013451452851  + 559.255030484046  + 797.1699223804089  + 655.6373675376519  + 491.782109057915  + 455.4289772529773  + 344.12727214647236  + 526.8735501381848  + 317.2966884409712  + 399.47630754158854  + 284.6264029026418  + 416.30261994741664  + 727.4776193951681  + 419.3049781071981  + 259.89437774649423  + 491.8040271136937  + 305.30606558275076  + 587.6355609967493  + 294.07411924110284  + 515.8609804570576  + 414.4758552671347  + 389.1591443856171  + 559.1635282652021  + 452.9546617768081  + 356.57067474401015  + 713.5146550449518  + 471.47967587421766  + 485.0067346491666  + 446.6881290775458  + 614.9347644183166  + 322.70181448560925  + 374.47187958168763  + 328.616743618265  + 525.2345981807548  + 330.5078710899998  + 
total node:38/38
-------------------
Traveling energy: 2273.860173555003
Charging energy: 86180.83337402478
Total energy used: 88454.69354757978
-------------------
Total time for travel: 2273.860173555003
Total time for charging: 17236.166674804954
Charging round duration: 19510.026848359958
-------------------
ID | p | E0 | time_arrive | E_remain | time_charge | energy_charge| E_after_charge | E_after_cycle
96 | 0.10 | 9090.70 | 166.14 | 9074.09 | 352.23 | 1761.14 | 10800.00 | 8469.84
86 | 0.12 | 8146.86 | 548.18 | 8081.07 | 557.16 | 2785.78 | 10800.00 | 8074.24
121 | 0.08 | 10038.53 | 1137.58 | 9947.53 | 173.27 | 866.33 | 10800.00 | 8999.27
87 | 0.11 | 8423.56 | 1454.66 | 8263.55 | 518.70 | 2593.51 | 10800.00 | 8396.87
89 | 0.12 | 8312.06 | 2010.20 | 8070.84 | 559.26 | 2796.28 | 10800.00 | 8249.93
84 | 0.15 | 7327.47 | 2624.97 | 6933.73 | 797.17 | 3985.85 | 10800.00 | 7740.32
91 | 0.14 | 8095.39 | 3441.33 | 7613.60 | 655.64 | 3278.19 | 10800.00 | 8038.77
85 | 0.09 | 8760.77 | 4171.32 | 8385.35 | 491.78 | 2458.91 | 10800.00 | 9075.88
103 | 0.12 | 9147.70 | 4751.64 | 8577.51 | 455.43 | 2277.14 | 10800.00 | 8566.45
92 | 0.07 | 9469.02 | 5222.39 | 9103.45 | 344.13 | 1720.64 | 10800.00 | 9522.26
90 | 0.10 | 8786.58 | 5682.57 | 8218.32 | 526.87 | 2634.37 | 10800.00 | 9038.94
99 | 0.07 | 9677.05 | 6304.54 | 9235.73 | 317.30 | 1586.48 | 10800.00 | 9596.13
94 | 0.08 | 9364.78 | 6627.51 | 8834.58 | 399.48 | 1997.38 | 10800.00 | 9456.56
98 | 0.06 | 9820.07 | 7102.15 | 9393.95 | 284.63 | 1423.13 | 10800.00 | 9814.01
111 | 0.12 | 9667.75 | 7494.21 | 8768.44 | 416.30 | 2081.51 | 10800.00 | 8890.86
100 | 0.15 | 8464.98 | 7954.98 | 7271.73 | 727.48 | 3637.39 | 10800.00 | 8529.37
115 | 0.13 | 9889.24 | 8701.95 | 8757.98 | 419.30 | 2096.52 | 10800.00 | 8889.16
107 | 0.06 | 10064.90 | 9146.27 | 9516.12 | 259.89 | 1299.47 | 10800.00 | 9935.17
110 | 0.10 | 9334.06 | 9439.03 | 8390.16 | 491.80 | 2459.02 | 10800.00 | 9411.08
102 | 0.06 | 9893.91 | 10035.31 | 9291.79 | 305.31 | 1526.53 | 10800.00 | 9991.24
93 | 0.10 | 8967.73 | 10471.44 | 7920.59 | 587.64 | 2938.18 | 10800.00 | 9523.91
113 | 0.07 | 10126.24 | 11086.09 | 9350.21 | 294.07 | 1470.37 | 10800.00 | 9929.21
112 | 0.12 | 9651.08 | 11404.04 | 8282.60 | 515.86 | 2579.30 | 10800.00 | 9371.99
118 | 0.08 | 9715.23 | 11930.62 | 8760.78 | 414.48 | 2072.38 | 10800.00 | 9882.01
117 | 0.10 | 10128.33 | 12352.07 | 8893.12 | 389.16 | 1945.80 | 10800.00 | 9692.12
106 | 0.11 | 9469.23 | 12759.43 | 8065.69 | 559.16 | 2795.82 | 10800.00 | 9644.84
108 | 0.09 | 9782.27 | 13403.11 | 8575.99 | 452.95 | 2264.77 | 10800.00 | 9903.25
114 | 0.07 | 10018.03 | 13941.80 | 9042.11 | 356.57 | 1782.85 | 10800.00 | 10133.49
101 | 0.12 | 9026.02 | 14342.27 | 7304.95 | 713.51 | 3567.57 | 10786.90 | 9735.19
88 | 0.08 | 9106.36 | 15093.40 | 7898.89 | 471.48 | 2357.40 | 10218.57 | 9558.16
109 | 0.09 | 9824.96 | 15626.03 | 8418.62 | 485.01 | 2425.03 | 10800.00 | 10106.19
105 | 0.08 | 9611.77 | 16129.74 | 8321.39 | 446.69 | 2233.44 | 10519.10 | 9939.61
119 | 0.14 | 10142.52 | 16650.74 | 7811.42 | 614.93 | 3074.67 | 10800.00 | 9882.39
104 | 0.06 | 9978.56 | 17297.27 | 8940.72 | 322.70 | 1613.51 | 10534.87 | 10162.87
120 | 0.07 | 10032.21 | 17653.79 | 8796.45 | 374.47 | 1872.36 | 10642.59 | 10237.17
97 | 0.06 | 9798.95 | 18122.41 | 8711.60 | 328.62 | 1643.08 | 10334.97 | 10012.83
116 | 0.10 | 10077.89 | 18515.37 | 8226.35 | 525.23 | 2626.17 | 10800.00 | 10322.06
95 | 0.06 | 9742.88 | 19120.47 | 8595.65 | 330.51 | 1652.54 | 10228.36 | 9966.22
Vehicle 3
Charging tour: 
136  -> 134  -> 143  -> 150  -> 155  -> 149  -> 122  -> 124  -> 127  -> 144  -> 133  -> 132  -> 123  -> 126  -> 131  -> 128  -> 137  -> 139  -> 135  -> 129  -> 148  -> 125  -> 145  -> 156  -> 141  -> 151  -> 142  -> 147  -> 140  -> 130  -> 153  -> 138  -> 152  -> 157  -> 154  -> 146  -> 
Charging time: 
461.4737701470882  + 623.1862744928153  + 328.27207896552306  + 335.5341889979749  + 295.1117450807526  + 480.8059181321623  + 642.6979800081915  + 401.85157607376334  + 397.81974608506516  + 295.1117117857503  + 248.78898444053468  + 677.539538534011  + 885.5675905415793  + 523.0882114485922  + 448.19041330108325  + 649.8133397077556  + 716.8205784537635  + 531.1577699737979  + 681.3675978874408  + 342.3354450097288  + 486.2357717799146  + 249.0437765653306  + 753.5401290875461  + 341.766284172134  + 495.33925263556023  + 493.0522119287891  + 679.279015589169  + 682.1160116734317  + 959.8902116250265  + 516.9661462654756  + 435.14645089798023  + 497.1769258633744  + 861.902335184567  + 987.3331648514343  + 700.6004294849502  + 622.9656175600257  + 
total node:36/36
-------------------
Traveling energy: 2265.1816877110173
Charging energy: 98644.44097116042
Total energy used: 100909.62265887143
-------------------
Total time for travel: 2265.1816877110173
Total time for charging: 19728.888194232084
Charging round duration: 21994.0698819431
-------------------
ID | p | E0 | time_arrive | E_remain | time_charge | energy_charge| E_after_charge | E_after_cycle
136 | 0.14 | 8572.84 | 111.44 | 8557.24 | 461.47 | 2307.37 | 10800.00 | 7545.41
134 | 0.17 | 7898.80 | 639.95 | 7790.01 | 623.19 | 3115.93 | 10800.00 | 6965.33
143 | 0.11 | 9347.52 | 1388.85 | 9194.75 | 328.27 | 1641.36 | 10800.00 | 8368.68
150 | 0.11 | 9351.68 | 1749.47 | 9159.24 | 335.53 | 1677.67 | 10800.00 | 8409.15
155 | 0.06 | 9218.13 | 2155.22 | 9088.82 | 295.11 | 1475.56 | 10546.67 | 9264.49
149 | 0.13 | 8785.19 | 2513.16 | 8458.48 | 480.81 | 2404.03 | 10800.00 | 8092.61
122 | 0.12 | 8027.52 | 3032.35 | 7663.63 | 642.70 | 3213.49 | 10800.00 | 8382.60
124 | 0.08 | 9026.15 | 3691.87 | 8730.80 | 401.85 | 2009.26 | 10707.91 | 9129.81
127 | 0.08 | 9117.63 | 4121.93 | 8787.87 | 397.82 | 1989.10 | 10745.15 | 9201.13
144 | 0.06 | 9218.13 | 4599.03 | 8942.19 | 295.11 | 1475.56 | 10400.04 | 9264.49
133 | 0.05 | 9112.07 | 5020.55 | 8861.04 | 248.79 | 1243.94 | 10092.55 | 9165.02
132 | 0.14 | 8249.81 | 5304.68 | 7507.16 | 677.54 | 3387.70 | 10800.00 | 8302.71
123 | 0.15 | 7411.46 | 6043.08 | 6505.00 | 885.57 | 4427.84 | 10800.00 | 8266.30
126 | 0.10 | 8667.69 | 7017.99 | 7965.89 | 523.09 | 2615.44 | 10529.02 | 8901.13
131 | 0.09 | 9104.54 | 7703.08 | 8411.27 | 448.19 | 2240.95 | 10611.88 | 9201.69
128 | 0.12 | 8372.80 | 8197.34 | 7389.12 | 649.81 | 3249.07 | 10560.21 | 8763.47
137 | 0.14 | 8561.34 | 8893.52 | 7316.25 | 716.82 | 3584.10 | 10800.00 | 8810.65
139 | 0.11 | 9262.96 | 9639.26 | 8202.64 | 531.16 | 2655.79 | 10800.00 | 9298.55
135 | 0.13 | 8650.48 | 10283.20 | 7313.66 | 681.37 | 3406.84 | 10631.92 | 8960.71
129 | 0.07 | 9270.95 | 11076.38 | 8495.61 | 342.34 | 1711.68 | 10183.32 | 9315.23
148 | 0.10 | 9324.62 | 11435.97 | 8181.03 | 486.24 | 2431.18 | 10563.58 | 9373.80
125 | 0.05 | 9102.75 | 11940.35 | 8505.73 | 249.04 | 1245.22 | 9738.50 | 9156.97
145 | 0.15 | 8995.90 | 12337.11 | 7145.33 | 753.54 | 3767.70 | 10800.00 | 9190.60
156 | 0.07 | 9286.39 | 13101.72 | 8369.27 | 341.77 | 1708.83 | 10054.18 | 9327.82
141 | 0.10 | 9153.25 | 13481.89 | 7805.06 | 495.34 | 2476.70 | 10232.23 | 9247.95
151 | 0.10 | 9195.71 | 14096.62 | 7786.05 | 493.05 | 2465.26 | 10202.00 | 9278.97
142 | 0.13 | 8677.08 | 14617.44 | 6776.81 | 679.28 | 3396.40 | 10084.90 | 8976.87
147 | 0.14 | 9305.68 | 15328.78 | 7159.65 | 682.12 | 3410.58 | 10474.73 | 9381.46
140 | 0.18 | 8502.16 | 16067.08 | 5610.08 | 959.89 | 4799.45 | 10236.75 | 9014.01
130 | 0.10 | 8770.33 | 17076.88 | 7062.65 | 516.97 | 2584.83 | 9595.78 | 8973.16
153 | 0.09 | 9377.46 | 17630.65 | 7790.70 | 435.15 | 2175.73 | 9927.27 | 9409.39
138 | 0.10 | 9119.42 | 18137.67 | 7305.65 | 497.18 | 2485.88 | 9741.82 | 9223.30
152 | 0.18 | 9468.75 | 18670.87 | 6107.99 | 861.90 | 4309.51 | 10262.36 | 9490.66
157 | 0.20 | 9184.27 | 19559.57 | 5272.35 | 987.33 | 4936.67 | 10011.55 | 9356.93
154 | 0.14 | 9060.16 | 20553.18 | 6182.71 | 700.60 | 3503.00 | 9587.63 | 9228.36
146 | 0.13 | 9461.45 | 21305.84 | 6691.69 | 622.97 | 3114.83 | 9725.53 | 9479.67
Vehicle 4
Charging tour: 
172  -> 159  -> 163  -> 160  -> 161  -> 178  -> 185  -> 175  -> 170  -> 164  -> 177  -> 171  -> 162  -> 179  -> 182  -> 176  -> 168  -> 165  -> 180  -> 183  -> 166  -> 167  -> 169  -> 187  -> 174  -> 184  -> 173  -> 158  -> 188  -> 181  -> 186  -> 189  -> 
Charging time: 
269.9301196582608  + 1067.7115979548319  + 248.16403591013565  + 1093.4400911210212  + 1096.2588040040396  + 455.62833943368287  + 446.6926738784775  + 284.68855227120997  + 432.7870762821041  + 248.6526999829893  + 256.714489497547  + 489.9126857449091  + 429.97031027140014  + 259.8208749839157  + 438.14128329072486  + 526.9239399001025  + 586.5694078409464  + 623.8041781743805  + 433.4269697385979  + 514.9368981067262  + 426.35922717432493  + 307.7556409813906  + 364.9932755153682  + 479.5855963067459  + 830.425812116167  + 460.85337976402093  + 248.21405538619388  + 1230.9053992696909  + 810.1803005631459  + 302.5597412864102  + 674.6236048126453  + 644.9913576350107  + 
total node:32/32
-------------------
Traveling energy: 1885.5076617901382
Charging energy: 84928.11209428559
Total energy used: 86813.61975607573
-------------------
Total time for travel: 1885.5076617901382
Total time for charging: 16985.622418857118
Charging round duration: 18871.130080647257
-------------------
ID | p | E0 | time_arrive | E_remain | time_charge | energy_charge| E_after_charge | E_after_cycle
172 | 0.09 | 9491.00 | 181.74 | 9474.64 | 269.93 | 1349.65 | 10800.00 | 8696.85
159 | 0.23 | 5823.32 | 505.67 | 5707.02 | 1067.71 | 5338.56 | 10800.00 | 5683.28
163 | 0.06 | 9669.16 | 1584.76 | 9574.07 | 248.16 | 1240.82 | 10800.00 | 9480.78
160 | 0.23 | 6022.12 | 1903.61 | 5584.29 | 1093.44 | 5467.20 | 10800.00 | 6010.72
161 | 0.23 | 6283.74 | 3099.54 | 5570.85 | 1096.26 | 5481.29 | 10800.00 | 6286.43
178 | 0.14 | 9178.30 | 4233.21 | 8585.65 | 455.63 | 2278.14 | 10800.00 | 8121.64
185 | 0.11 | 9135.48 | 4725.56 | 8615.67 | 446.69 | 2233.46 | 10800.00 | 8748.75
175 | 0.06 | 9707.00 | 5222.63 | 9393.64 | 284.69 | 1423.44 | 10800.00 | 9701.24
170 | 0.10 | 9232.95 | 5536.11 | 8679.34 | 432.79 | 2163.94 | 10800.00 | 9014.89
164 | 0.05 | 9872.15 | 6059.53 | 9569.17 | 248.65 | 1243.26 | 10800.00 | 9924.41
177 | 0.06 | 9911.58 | 6329.14 | 9531.83 | 256.71 | 1283.57 | 10800.00 | 9765.95
171 | 0.11 | 9138.20 | 6671.58 | 8404.33 | 489.91 | 2449.56 | 10800.00 | 8967.56
162 | 0.08 | 9264.67 | 7251.53 | 8684.55 | 429.97 | 2149.85 | 10800.00 | 9508.92
179 | 0.06 | 9984.43 | 7799.16 | 9516.48 | 259.82 | 1299.10 | 10800.00 | 9854.34
182 | 0.12 | 9641.40 | 8162.75 | 8661.87 | 438.14 | 2190.71 | 10800.00 | 8973.71
176 | 0.12 | 9275.59 | 8724.85 | 8228.61 | 526.92 | 2634.62 | 10800.00 | 9051.81
168 | 0.11 | 8951.28 | 9269.14 | 7931.68 | 586.57 | 2932.85 | 10800.00 | 9263.93
165 | 0.11 | 8830.45 | 9897.59 | 7741.72 | 623.80 | 3119.02 | 10792.12 | 9329.27
180 | 0.10 | 9733.29 | 10570.84 | 8676.21 | 433.43 | 2167.13 | 10800.00 | 9518.43
183 | 0.11 | 9495.20 | 11029.51 | 8281.96 | 514.94 | 2574.68 | 10800.00 | 9449.69
166 | 0.08 | 9396.21 | 11590.90 | 8468.94 | 426.36 | 2131.80 | 10566.63 | 9622.41
167 | 0.06 | 9763.01 | 12038.02 | 9040.73 | 307.76 | 1538.78 | 10561.04 | 9872.59
169 | 0.07 | 9603.99 | 12380.35 | 8737.37 | 364.99 | 1824.97 | 10536.78 | 9761.56
187 | 0.10 | 9730.51 | 12804.76 | 8450.03 | 479.59 | 2397.93 | 10800.00 | 9746.43
174 | 0.15 | 8769.90 | 13316.43 | 6772.43 | 830.43 | 4152.13 | 10800.00 | 9349.03
184 | 0.10 | 9958.17 | 14163.53 | 8541.82 | 460.85 | 2304.27 | 10800.00 | 9880.44
173 | 0.05 | 10087.47 | 14659.07 | 9354.51 | 248.21 | 1241.07 | 10583.17 | 10137.54
158 | 0.17 | 6916.12 | 14976.71 | 4370.08 | 1230.91 | 6154.53 | 10315.36 | 9021.25
188 | 0.18 | 9818.43 | 16241.66 | 6894.93 | 810.18 | 4050.90 | 10800.00 | 9581.73
181 | 0.06 | 9930.67 | 17116.68 | 8903.67 | 302.56 | 1512.80 | 10398.32 | 10014.27
186 | 0.13 | 9649.84 | 17443.88 | 7382.14 | 674.62 | 3373.12 | 10667.56 | 9926.36
189 | 0.13 | 10017.67 | 18144.44 | 7658.89 | 644.99 | 3224.96 | 10800.00 | 10146.03
Vehicle 5
Charging tour: 
195  -> 204  -> 220  -> 214  -> 230  -> 202  -> 219  -> 222  -> 217  -> 215  -> 210  -> 212  -> 221  -> 218  -> 192  -> 197  -> 203  -> 226  -> 224  -> 190  -> 199  -> 191  -> 211  -> 193  -> 225  -> 208  -> 231  -> 198  -> 213  -> 194  -> 209  -> 200  -> 201  -> 228  -> 196  -> 207  -> 206  -> 216  -> 205  -> 227  -> 229  -> 223  -> 
Charging time: 
319.5600502394397  + 562.9856269812568  + 582.0974388036367  + 591.972499952547  + 417.68451551292844  + 562.7805242254119  + 368.721284609095  + 270.5430696841991  + 368.91586660947513  + 417.63305449180467  + 658.7672977301899  + 514.6544537083803  + 610.8506448322375  + 368.9407171376335  + 562.7806337069043  + 270.6124909602405  + 706.5804963212889  + 754.3327255171956  + 466.2049663632016  + 268.808460521665  + 368.93140269284214  + 417.6866724989909  + 417.6825223662093  + 610.8380581729692  + 815.2271322198302  + 754.2206997782037  + 754.8966119609348  + 466.21975309216765  + 466.19830198721684  + 808.6323792653073  + 319.7924107125348  + 368.71388197214986  + 319.3477484056185  + 708.0109281165932  + 319.58931949782965  + 562.7803004422814  + 514.5820100919842  + 514.5791844246113  + 562.7810372067912  + 466.21072229007746  + 417.66967887589027  + 319.77044481637404  + 
total node:42/43
-------------------
Traveling energy: 2683.248422345645
Charging energy: 104598.94009398071
Total energy used: 107282.18851632635
-------------------
Total time for travel: 2683.248422345645
Total time for charging: 20919.788018796142
Charging round duration: 23603.036441141787
-------------------
ID | p | E0 | time_arrive | E_remain | time_charge | energy_charge| E_after_charge | E_after_cycle
195 | 0.06 | 7726.71 | 118.38 | 7719.60 | 319.56 | 1597.80 | 9298.23 | 7895.30
204 | 0.11 | 8040.65 | 454.34 | 7990.67 | 562.99 | 2814.93 | 10743.67 | 8235.37
220 | 0.12 | 8081.58 | 1018.43 | 7959.36 | 582.10 | 2910.49 | 10800.00 | 8133.66
214 | 0.14 | 8153.88 | 1649.05 | 7923.01 | 591.97 | 2959.86 | 10800.00 | 7778.94
230 | 0.08 | 7882.01 | 2255.49 | 7701.57 | 417.68 | 2088.42 | 9756.58 | 8064.84
202 | 0.11 | 8043.58 | 2784.34 | 7737.30 | 562.78 | 2813.90 | 10489.30 | 8237.28
219 | 0.07 | 7812.60 | 3412.01 | 7573.76 | 368.72 | 1843.61 | 9391.55 | 7988.80
222 | 0.05 | 7605.52 | 3889.05 | 7411.07 | 270.54 | 1352.72 | 8750.26 | 7767.24
217 | 0.07 | 7808.48 | 4221.93 | 7512.94 | 368.92 | 1844.58 | 9331.70 | 7985.65
215 | 0.08 | 7882.98 | 4730.77 | 7504.52 | 417.63 | 2088.17 | 9559.28 | 8065.55
210 | 0.13 | 8120.95 | 5262.00 | 7436.89 | 658.77 | 3293.84 | 10645.09 | 8318.19
212 | 0.10 | 7996.13 | 5976.37 | 7398.49 | 514.65 | 2573.27 | 9920.30 | 8187.40
221 | 0.12 | 8084.29 | 6557.69 | 7297.36 | 610.85 | 3054.25 | 10278.32 | 8280.14
218 | 0.07 | 7807.95 | 7320.01 | 7295.55 | 368.94 | 1844.70 | 9114.43 | 7985.25
192 | 0.11 | 8043.57 | 7750.58 | 7191.01 | 562.78 | 2813.90 | 9943.01 | 8237.28
197 | 0.05 | 7603.57 | 8331.83 | 7186.98 | 270.61 | 1353.06 | 8526.51 | 7765.64
203 | 0.14 | 8153.84 | 8645.50 | 6943.47 | 706.58 | 3532.90 | 10377.45 | 8351.94
226 | 0.15 | 8183.21 | 9385.10 | 6775.45 | 754.33 | 3771.66 | 10433.96 | 8381.88
224 | 0.09 | 7944.40 | 10169.93 | 7029.11 | 466.20 | 2331.02 | 9318.17 | 8131.63
190 | 0.05 | 7654.60 | 10768.99 | 7116.15 | 268.81 | 1344.04 | 8446.75 | 7807.64
199 | 0.07 | 7808.15 | 11160.81 | 7026.89 | 368.93 | 1844.66 | 8845.72 | 7985.40
191 | 0.08 | 7881.97 | 11613.31 | 6952.91 | 417.69 | 2088.43 | 9007.93 | 8064.81
211 | 0.08 | 7882.05 | 12118.04 | 6912.61 | 417.68 | 2088.41 | 8967.61 | 8064.86
193 | 0.12 | 8084.45 | 12584.68 | 6574.29 | 610.84 | 3054.19 | 9555.18 | 8280.24
225 | 0.16 | 8076.76 | 13252.73 | 5956.32 | 815.23 | 4076.14 | 9902.02 | 8341.69
208 | 0.15 | 8184.43 | 14119.06 | 6066.57 | 754.22 | 3771.10 | 9724.54 | 8382.53
231 | 0.15 | 8177.10 | 14976.11 | 5930.68 | 754.90 | 3774.48 | 9591.93 | 8378.58
198 | 0.09 | 7944.15 | 15850.71 | 6517.59 | 466.22 | 2331.10 | 8806.72 | 8131.45
213 | 0.09 | 7944.51 | 16347.05 | 6473.28 | 466.20 | 2330.99 | 8762.31 | 8131.71
194 | 0.15 | 7633.71 | 16826.10 | 5109.80 | 808.63 | 4043.16 | 9031.66 | 8103.87
209 | 0.06 | 7721.09 | 17652.98 | 6661.91 | 319.79 | 1598.96 | 8241.69 | 7890.85
200 | 0.07 | 7812.75 | 18013.21 | 6551.83 | 368.71 | 1843.57 | 8369.59 | 7988.92
201 | 0.06 | 7731.84 | 18413.03 | 6627.06 | 319.35 | 1596.74 | 8204.64 | 7899.38
228 | 0.14 | 8137.36 | 18782.35 | 5507.83 | 708.01 | 3540.05 | 8948.77 | 8342.62
196 | 0.06 | 7726.00 | 19532.88 | 6554.02 | 319.59 | 1597.95 | 8132.80 | 7894.74
207 | 0.11 | 8043.58 | 19878.39 | 5856.96 | 562.78 | 2813.90 | 8608.95 | 8237.28
206 | 0.10 | 7997.26 | 20474.31 | 5949.82 | 514.58 | 2572.91 | 8471.28 | 8188.16
216 | 0.10 | 7997.30 | 21070.97 | 5890.20 | 514.58 | 2572.90 | 8411.64 | 8188.19
205 | 0.11 | 8043.57 | 21603.59 | 5667.17 | 562.78 | 2813.91 | 8419.17 | 8237.27
227 | 0.09 | 7944.30 | 22208.70 | 5945.52 | 466.21 | 2331.05 | 8234.61 | 8131.56
229 | 0.08 | 7882.29 | 22708.44 | 6065.62 | 417.67 | 2088.35 | 8120.55 | 8065.04
223 | 0.06 | 7721.62 | 23165.41 | 6331.70 | 319.77 | 1598.85 | 7911.36 | 7891.27
[91m232 | 0.13 | 1474.51 | -1622.09[00m
Vehicle 6
Charging tour: 
245  -> 247  -> 242  -> 238  -> 254  -> 240  -> 237  -> 243  -> 272  -> 261  -> 239  -> 235  -> 258  -> 266  -> 270  -> 233  -> 259  -> 257  -> 249  -> 234  -> 252  -> 260  -> 267  -> 253  -> 264  -> 250  -> 269  -> 256  -> 265  -> 268  -> 246  -> 255  -> 263  -> 236  -> 251  -> 241  -> 271  -> 273  -> 248  -> 262  -> 244  -> 
Charging time: 
569.0095388176354  + 368.6288524056745  + 250.1549875189449  + 548.5700787086504  + 267.3623860263836  + 553.7871395144022  + 494.0439341192979  + 275.8776725864133  + 301.16611801039  + 390.9567069511494  + 462.88408297901276  + 671.0169475899543  + 445.96691662828846  + 506.23641536830957  + 247.0590971617022  + 614.9250453486243  + 280.3507189761529  + 476.71441496764487  + 360.75266299116043  + 691.4907472591742  + 443.1578126132584  + 458.6086452427532  + 232.18718844632292  + 546.4286181173208  + 372.3995518039981  + 318.63265676354433  + 551.7741648120375  + 313.41089862058215  + 316.5088311634603  + 556.0873574214858  + 264.4094875928474  + 435.5088627469538  + 709.0150004123216  + 268.54246604660074  + 318.04182046607474  + 387.96398693108335  + 499.2875107013743  + 510.27298509905  + 262.17527435307693  + 650.6422342606637  + 449.1227037144906  + 
total node:41/41
-------------------
Traveling energy: 2732.3933220881413
Charging energy: 88205.66260629133
Total energy used: 90938.05592837947
-------------------
Total time for travel: 2732.3933220881413
Total time for charging: 17641.132521258267
Charging round duration: 20373.525843346408
-------------------
ID | p | E0 | time_arrive | E_remain | time_charge | energy_charge| E_after_charge | E_after_cycle
245 | 0.15 | 8059.43 | 127.53 | 8040.30 | 569.01 | 2845.05 | 10800.00 | 7331.48
247 | 0.10 | 9066.73 | 730.10 | 8993.72 | 368.63 | 1843.14 | 10800.00 | 8527.87
242 | 0.06 | 9633.84 | 1160.02 | 9564.23 | 250.15 | 1250.77 | 10800.00 | 9455.41
238 | 0.12 | 8301.73 | 1489.63 | 8122.98 | 548.57 | 2742.85 | 10800.00 | 8186.18
254 | 0.08 | 9654.12 | 2119.23 | 9484.58 | 267.36 | 1336.81 | 10800.00 | 9085.33
240 | 0.12 | 8391.03 | 2445.93 | 8097.52 | 553.79 | 2768.94 | 10800.00 | 8301.57
237 | 0.10 | 8684.55 | 3053.67 | 8379.18 | 494.04 | 2470.22 | 10800.00 | 8772.77
243 | 0.06 | 9653.48 | 3605.24 | 9437.16 | 275.88 | 1379.39 | 10800.00 | 9603.67
272 | 0.10 | 9715.86 | 3915.70 | 9324.29 | 301.17 | 1505.83 | 10800.00 | 8839.69
261 | 0.13 | 9447.39 | 4241.13 | 8896.04 | 390.96 | 1954.78 | 10800.00 | 8305.57
239 | 0.09 | 8949.46 | 4691.33 | 8527.24 | 462.88 | 2314.42 | 10800.00 | 9120.08
235 | 0.12 | 8151.39 | 5216.26 | 7525.44 | 671.02 | 3355.08 | 10800.00 | 8648.07
258 | 0.12 | 9335.71 | 5933.61 | 8623.68 | 445.97 | 2229.83 | 10800.00 | 8707.15
266 | 0.13 | 9167.61 | 6407.52 | 8334.63 | 506.24 | 2531.18 | 10800.00 | 8602.19
270 | 0.05 | 9924.10 | 6940.94 | 9577.06 | 247.06 | 1235.30 | 10800.00 | 9968.40
233 | 0.10 | 8484.41 | 7229.25 | 7761.48 | 614.93 | 3074.63 | 10774.61 | 9177.03
259 | 0.07 | 9974.37 | 7949.94 | 9417.87 | 280.35 | 1401.75 | 10800.00 | 9708.72
257 | 0.11 | 9375.30 | 8240.27 | 8468.87 | 476.71 | 2383.57 | 10800.00 | 9138.67
249 | 0.07 | 9636.50 | 8785.84 | 9021.49 | 360.75 | 1803.76 | 10800.00 | 9772.86
234 | 0.11 | 8299.46 | 9191.89 | 7288.35 | 691.49 | 3457.45 | 10669.74 | 9136.71
252 | 0.08 | 9416.02 | 9954.45 | 8619.66 | 443.16 | 2215.79 | 10800.00 | 9726.21
260 | 0.10 | 9602.06 | 10492.42 | 8552.82 | 458.61 | 2293.04 | 10800.00 | 9513.10
267 | 0.06 | 10312.36 | 10989.33 | 9653.00 | 232.19 | 1160.94 | 10800.00 | 10044.09
253 | 0.10 | 9248.08 | 11255.82 | 8122.50 | 546.43 | 2732.14 | 10800.00 | 9598.22
264 | 0.09 | 10036.03 | 11827.88 | 8971.52 | 372.40 | 1862.00 | 10800.00 | 9754.22
250 | 0.06 | 9824.37 | 12279.86 | 9087.57 | 318.63 | 1593.16 | 10661.62 | 9988.33
269 | 0.14 | 9894.95 | 12689.81 | 8118.38 | 551.77 | 2758.87 | 10800.00 | 9319.02
256 | 0.06 | 9988.05 | 13326.85 | 9188.44 | 313.41 | 1567.05 | 10736.69 | 10125.90
265 | 0.06 | 9890.29 | 13723.29 | 9066.89 | 316.51 | 1582.54 | 10630.45 | 10043.63
268 | 0.10 | 9382.11 | 14079.40 | 7974.17 | 556.09 | 2780.44 | 10699.00 | 9780.55
246 | 0.05 | 9865.90 | 14737.57 | 9129.02 | 264.41 | 1322.05 | 10437.85 | 9996.94
255 | 0.08 | 9583.77 | 15135.77 | 8372.91 | 435.51 | 2177.54 | 10515.62 | 9855.72
263 | 0.14 | 9540.06 | 15613.40 | 7354.19 | 709.02 | 3545.08 | 10800.00 | 9750.34
236 | 0.05 | 9714.06 | 16459.99 | 8891.06 | 268.54 | 1342.71 | 10220.34 | 9865.77
251 | 0.06 | 9842.62 | 16858.75 | 8831.09 | 318.04 | 1590.21 | 10402.22 | 10003.63
241 | 0.07 | 9413.48 | 17196.42 | 8209.73 | 387.96 | 1939.82 | 10122.39 | 9685.90
271 | 0.10 | 10117.15 | 17636.63 | 8353.49 | 499.29 | 2496.44 | 10800.00 | 10231.59
273 | 0.11 | 10300.76 | 18145.40 | 8304.77 | 510.27 | 2551.36 | 10800.00 | 10231.92
248 | 0.05 | 9949.97 | 18755.55 | 9012.19 | 262.18 | 1310.88 | 10309.96 | 10069.85
262 | 0.12 | 9622.38 | 19084.73 | 7332.21 | 650.64 | 3253.21 | 10507.35 | 10017.19
244 | 0.08 | 9293.27 | 19773.31 | 7711.41 | 449.12 | 2245.61 | 9921.09 | 9633.28
Vehicle 7
Charging tour: 
286  -> 284  -> 277  -> 288  -> 298  -> 274  -> 279  -> 276  -> 313  -> 289  -> 283  -> 303  -> 295  -> 299  -> 278  -> 309  -> 280  -> 311  -> 293  -> 305  -> 306  -> 282  -> 290  -> 301  -> 302  -> 281  -> 297  -> 285  -> 287  -> 307  -> 300  -> 291  -> 310  -> 294  -> 308  -> 292  -> 296  -> 275  -> 312  -> 304  -> 
Charging time: 
256.38362839797855  + 311.5113393620985  + 277.95867477006163  + 369.1394973700446  + 178.50174608902785  + 675.0434042463456  + 672.8942937513862  + 579.9785150877498  + 249.07337757161895  + 547.9567782992772  + 493.8849616771318  + 293.7608956746473  + 276.0535471512021  + 290.66878554087447  + 573.178396678413  + 413.34544201718415  + 748.874728804452  + 257.5248229452283  + 257.5343816821808  + 288.24255959735905  + 325.0259322636268  + 441.8180707853969  + 368.1838023019304  + 592.4284674973277  + 491.85040322056295  + 651.7360978303287  + 406.7852953132432  + 436.89137497759646  + 775.577276058564  + 383.1575184243512  + 796.711546402279  + 309.951957129625  + 697.9082690149235  + 675.1309398487625  + 400.16609654313487  + 309.2888108989164  + 363.289554128253  + 846.3992724076463  + 760.5985793238766  + 313.9156465500111  + 
total node:40/40
-------------------
Traveling energy: 2572.8262379517664
Charging energy: 91791.6234381731
Total energy used: 94364.44967612487
-------------------
Total time for travel: 2572.8262379517664
Total time for charging: 18358.32468763462
Charging round duration: 20931.150925586386
-------------------
ID | p | E0 | time_arrive | E_remain | time_charge | energy_charge| E_after_charge | E_after_cycle
286 | 0.07 | 9546.75 | 153.11 | 9536.03 | 256.38 | 1281.92 | 10800.00 | 9161.26
284 | 0.08 | 9303.51 | 451.82 | 9267.36 | 311.51 | 1557.56 | 10800.00 | 8955.47
277 | 0.06 | 9476.10 | 820.27 | 9426.88 | 277.96 | 1389.79 | 10800.00 | 9436.69
288 | 0.10 | 9108.64 | 1174.21 | 8991.22 | 369.14 | 1845.70 | 10800.00 | 8572.33
298 | 0.06 | 10017.18 | 1649.62 | 9918.20 | 178.50 | 892.51 | 10800.00 | 9480.49
274 | 0.13 | 7754.03 | 1857.61 | 7512.54 | 675.04 | 3375.22 | 10800.00 | 8032.64
279 | 0.14 | 7899.46 | 2640.92 | 7529.73 | 672.89 | 3364.47 | 10800.00 | 7929.13
276 | 0.11 | 8339.06 | 3410.52 | 7963.91 | 579.98 | 2899.89 | 10800.00 | 8618.75
313 | 0.08 | 9902.15 | 4094.87 | 9574.56 | 249.07 | 1245.37 | 10800.00 | 9241.91
289 | 0.13 | 8709.87 | 4449.41 | 8131.45 | 547.96 | 2739.78 | 10800.00 | 8353.06
283 | 0.10 | 8884.34 | 5043.75 | 8379.96 | 493.88 | 2469.42 | 10800.00 | 8971.76
303 | 0.06 | 9683.63 | 5580.14 | 9348.82 | 293.76 | 1468.80 | 10800.00 | 9723.23
295 | 0.07 | 9853.20 | 5916.39 | 9439.06 | 276.05 | 1380.27 | 10800.00 | 9566.07
299 | 0.08 | 9866.35 | 6205.48 | 9369.91 | 290.67 | 1453.34 | 10800.00 | 9414.09
278 | 0.10 | 8644.64 | 6532.16 | 7991.43 | 573.18 | 2865.89 | 10800.00 | 9128.53
309 | 0.15 | 9864.20 | 7126.18 | 8795.27 | 413.35 | 2066.73 | 10800.00 | 8357.93
280 | 0.13 | 8142.57 | 7612.26 | 7152.98 | 748.87 | 3744.37 | 10800.00 | 8790.35
311 | 0.05 | 9907.77 | 8450.96 | 9485.22 | 257.52 | 1287.62 | 10759.97 | 10004.40
293 | 0.05 | 9907.40 | 8758.23 | 9469.49 | 257.53 | 1287.67 | 10744.29 | 10004.08
305 | 0.06 | 9920.36 | 9071.31 | 9376.08 | 288.24 | 1441.21 | 10800.00 | 9932.37
306 | 0.09 | 10048.01 | 9376.52 | 9204.12 | 325.03 | 1625.13 | 10800.00 | 9529.34
282 | 0.08 | 9239.99 | 9776.91 | 8457.84 | 441.82 | 2209.09 | 10631.58 | 9543.48
290 | 0.07 | 9701.94 | 10267.83 | 8983.19 | 368.18 | 1840.92 | 10798.33 | 9875.46
301 | 0.13 | 9300.43 | 10658.16 | 7914.87 | 592.43 | 2962.14 | 10800.00 | 9165.98
302 | 0.11 | 9632.95 | 11255.41 | 8394.85 | 491.85 | 2459.25 | 10800.00 | 9472.00
281 | 0.11 | 8612.83 | 11814.97 | 7313.19 | 651.74 | 3258.68 | 10500.18 | 9251.31
297 | 0.08 | 9798.56 | 12499.33 | 8798.62 | 406.79 | 2033.93 | 10800.00 | 9926.89
285 | 0.08 | 9344.19 | 13007.99 | 8303.55 | 436.89 | 2184.46 | 10453.06 | 9623.05
287 | 0.13 | 8553.49 | 13475.17 | 6801.72 | 775.58 | 3877.89 | 10578.78 | 9334.78
307 | 0.08 | 10057.68 | 14285.13 | 8914.87 | 383.16 | 1915.79 | 10800.00 | 10067.86
300 | 0.15 | 9153.58 | 14784.21 | 6935.95 | 796.71 | 3983.56 | 10800.00 | 9564.14
291 | 0.06 | 9878.29 | 15652.73 | 8939.13 | 309.95 | 1549.76 | 10470.29 | 9998.85
310 | 0.14 | 9652.82 | 16033.25 | 7408.17 | 697.91 | 3489.54 | 10800.00 | 9807.56
294 | 0.12 | 9070.23 | 16807.71 | 7053.31 | 675.13 | 3375.65 | 10347.94 | 9587.48
308 | 0.08 | 10201.75 | 17494.07 | 8802.23 | 400.17 | 2000.83 | 10771.04 | 10296.98
292 | 0.06 | 9899.47 | 17945.77 | 8822.73 | 309.29 | 1546.44 | 10350.61 | 10016.72
296 | 0.07 | 9832.64 | 18361.19 | 8547.36 | 363.29 | 1816.45 | 10338.38 | 9981.69
275 | 0.13 | 7837.78 | 18852.76 | 5386.92 | 846.40 | 4232.00 | 9508.89 | 8973.18
312 | 0.15 | 10063.77 | 19716.42 | 7106.31 | 760.60 | 3802.99 | 10795.21 | 10293.76
304 | 0.06 | 9753.56 | 20505.62 | 8523.23 | 313.92 | 1569.58 | 10073.97 | 9893.94
Vehicle 8
Charging tour: 
338  -> 328  -> 317  -> 314  -> 335  -> 319  -> 322  -> 324  -> 344  -> 336  -> 343  -> 330  -> 342  -> 332  -> 345  -> 326  -> 333  -> 327  -> 337  -> 350  -> 348  -> 321  -> 315  -> 323  -> 341  -> 349  -> 316  -> 329  -> 351  -> 334  -> 318  -> 352  -> 320  -> 340  -> 347  -> 339  -> 346  -> 331  -> 325  -> 
Charging time: 
184.18986734552183  + 274.3139412013534  + 361.7651990944819  + 398.3859605528298  + 425.69535106856404  + 512.2560410095099  + 494.6301290652944  + 701.8921204674318  + 299.42888828603196  + 304.9713667931136  + 279.94576000187755  + 345.90135761137407  + 363.64604917920974  + 416.67030815670154  + 287.299137224185  + 338.0598020409816  + 409.9903543963299  + 295.5537783024465  + 557.0089362727458  + 498.59673385580714  + 372.07774330303386  + 428.729222173576  + 578.4619045595865  + 622.5815100457302  + 520.4018721769571  + 328.53183045386896  + 1284.8648306577043  + 420.3376191306947  + 641.2113915303457  + 415.9267208148032  + 714.8652053836475  + 291.930160787601  + 308.9631489153469  + 559.5559981260841  + 506.28782038392427  + 558.6325997744428  + 494.4341855786351  + 1000.947012818486  + 749.1962360359757  + 
total node:39/39
-------------------
Traveling energy: 2540.150685927396
Charging energy: 92740.69047288116
Total energy used: 95280.84115880856
-------------------
Total time for travel: 2540.150685927396
Total time for charging: 18548.138094576232
Charging round duration: 21088.28878050363
-------------------
ID | p | E0 | time_arrive | E_remain | time_charge | energy_charge| E_after_charge | E_after_cycle
338 | 0.06 | 9899.51 | 156.78 | 9890.10 | 184.19 | 920.95 | 10800.00 | 9391.26
328 | 0.08 | 9485.96 | 444.86 | 9450.38 | 274.31 | 1371.57 | 10800.00 | 8951.93
317 | 0.08 | 9083.00 | 786.09 | 9020.12 | 361.77 | 1808.83 | 10800.00 | 8986.23
314 | 0.08 | 8938.08 | 1226.67 | 8839.94 | 398.39 | 1991.93 | 10800.00 | 9024.40
335 | 0.15 | 8989.45 | 1693.83 | 8735.38 | 425.70 | 2128.48 | 10800.00 | 7544.93
319 | 0.11 | 8533.96 | 2171.75 | 8295.07 | 512.26 | 2561.28 | 10800.00 | 8475.04
322 | 0.11 | 8681.42 | 2728.71 | 8381.26 | 494.63 | 2473.15 | 10800.00 | 8534.37
324 | 0.16 | 7936.18 | 3333.33 | 7402.84 | 701.89 | 3509.46 | 10800.00 | 7634.43
344 | 0.13 | 9885.01 | 4178.68 | 9341.78 | 299.43 | 1497.14 | 10800.00 | 8285.55
336 | 0.08 | 9665.62 | 4576.05 | 9299.54 | 304.97 | 1524.86 | 10800.00 | 9284.88
343 | 0.06 | 9713.78 | 4945.19 | 9417.07 | 279.95 | 1399.73 | 10800.00 | 9684.31
330 | 0.07 | 9464.53 | 5283.19 | 9094.71 | 345.90 | 1729.51 | 10800.00 | 9526.64
342 | 0.12 | 9705.26 | 5665.48 | 9025.41 | 363.65 | 1818.23 | 10800.00 | 8665.09
332 | 0.08 | 9233.27 | 6041.15 | 8749.98 | 416.67 | 2083.35 | 10800.00 | 9411.03
345 | 0.08 | 9905.72 | 6490.43 | 9386.49 | 287.30 | 1436.50 | 10800.00 | 9436.62
326 | 0.07 | 9612.85 | 6849.74 | 9133.37 | 338.06 | 1690.30 | 10800.00 | 9635.75
333 | 0.09 | 9442.06 | 7279.02 | 8786.95 | 409.99 | 2049.95 | 10800.00 | 9348.21
327 | 0.06 | 9802.83 | 7714.44 | 9339.96 | 295.55 | 1477.77 | 10800.00 | 9851.40
337 | 0.12 | 9043.39 | 8013.29 | 8081.80 | 557.01 | 2785.04 | 10800.00 | 8970.03
350 | 0.11 | 9315.17 | 8666.47 | 8361.86 | 498.60 | 2492.98 | 10800.00 | 9187.96
348 | 0.08 | 9709.78 | 9255.00 | 8969.38 | 372.08 | 1860.39 | 10800.00 | 9664.57
321 | 0.08 | 9204.46 | 9764.00 | 8423.34 | 428.73 | 2143.65 | 10532.69 | 9442.51
315 | 0.10 | 8527.40 | 10214.72 | 7505.93 | 578.46 | 2892.31 | 10340.40 | 9037.71
323 | 0.11 | 8715.42 | 10919.38 | 7514.28 | 622.58 | 3112.91 | 10558.71 | 9208.12
341 | 0.10 | 9405.92 | 11558.86 | 8250.03 | 520.40 | 2602.01 | 10800.00 | 9625.93
349 | 0.07 | 10031.91 | 12165.26 | 9180.34 | 328.53 | 1642.66 | 10800.00 | 10007.16
316 | 0.18 | 6860.95 | 12522.23 | 4606.95 | 1284.86 | 6424.32 | 10800.00 | 8997.68
329 | 0.08 | 9388.22 | 13886.21 | 8277.33 | 420.34 | 2101.69 | 10345.39 | 9584.31
351 | 0.13 | 9542.19 | 14345.30 | 7677.30 | 641.21 | 3206.06 | 10800.00 | 9651.65
334 | 0.08 | 9487.78 | 15004.61 | 8287.41 | 415.93 | 2079.63 | 10333.77 | 9661.82
318 | 0.12 | 8280.35 | 15473.07 | 6423.58 | 714.87 | 3574.33 | 9912.12 | 8996.28
352 | 0.06 | 10138.27 | 16255.80 | 9162.92 | 291.93 | 1459.65 | 10605.06 | 10168.72
320 | 0.06 | 9579.35 | 16555.41 | 8586.03 | 308.96 | 1544.82 | 10112.31 | 9694.97
340 | 0.11 | 9697.07 | 16928.17 | 7834.98 | 559.56 | 2797.78 | 10571.20 | 9874.65
347 | 0.10 | 9743.03 | 17528.10 | 7990.22 | 506.29 | 2531.44 | 10471.03 | 9892.47
339 | 0.11 | 9713.10 | 18044.57 | 7728.20 | 558.63 | 2793.16 | 10459.91 | 9886.07
346 | 0.10 | 9976.61 | 18659.23 | 8110.69 | 494.43 | 2472.17 | 10533.42 | 10066.78
331 | 0.17 | 8377.79 | 19167.89 | 5119.25 | 1000.95 | 5004.74 | 9953.82 | 9333.12
325 | 0.13 | 8559.32 | 20254.66 | 5926.22 | 749.20 | 3745.98 | 9574.80 | 9208.70
Vehicle 9
Charging tour: 
370  -> 367  -> 384  -> 359  -> 366  -> 360  -> 392  -> 380  -> 379  -> 355  -> 377  -> 381  -> 363  -> 356  -> 382  -> 378  -> 374  -> 389  -> 388  -> 386  -> 357  -> 390  -> 358  -> 373  -> 385  -> 364  -> 371  -> 387  -> 391  -> 372  -> 368  -> 376  -> 362  -> 393  -> 353  -> 383  -> 369  -> 365  -> 361  -> 375  -> 354  -> 
Charging time: 
316.30940582896807  + 364.3801064057151  + 555.6423321178596  + 316.27791152485054  + 460.11107122413347  + 635.2574250478837  + 507.89389175626604  + 460.10774887201705  + 460.11046942591315  + 460.1096576425197  + 412.26334443741825  + 555.6423440415177  + 555.6423692201488  + 555.6419398048087  + 364.3825043766723  + 267.95870377373984  + 698.7445340682137  + 364.3605866499312  + 507.8931366253822  + 316.267780628435  + 651.0634208890579  + 412.2800964943947  + 507.89323367521473  + 460.10301198341074  + 651.0638485157784  + 651.0638369644784  + 460.11082994396133  + 507.89382588546084  + 266.91775004002375  + 698.7448706262204  + 651.0553340059097  + 460.11136622893906  + 746.3970950314717  + 603.3641271918694  + 316.36453524124045  + 603.3641209198497  + 698.7448713378556  + 651.0506726952476  + 698.7424901917301  + 651.0638481720513  + 665.164949061431  + 
total node:41/41
-------------------
Traveling energy: 2183.193223561023
Charging energy: 105737.77699283996
Total energy used: 107920.970216401
-------------------
Total time for travel: 2183.193223561023
Total time for charging: 21147.555398567994
Charging round duration: 23330.748622129016
-------------------
ID | p | E0 | time_arrive | E_remain | time_charge | energy_charge| E_after_charge | E_after_cycle
370 | 0.06 | 7608.72 | 45.57 | 7605.99 | 316.31 | 1581.55 | 9168.55 | 7761.07
367 | 0.07 | 7705.77 | 462.86 | 7673.37 | 364.38 | 1821.90 | 9469.76 | 7860.27
384 | 0.11 | 7940.90 | 831.37 | 7849.45 | 555.64 | 2778.21 | 10566.54 | 8098.91
359 | 0.06 | 7609.48 | 1424.14 | 7524.03 | 316.28 | 1581.39 | 9086.44 | 7761.67
366 | 0.09 | 7846.07 | 1803.00 | 7683.80 | 460.11 | 2300.56 | 9942.95 | 8002.83
360 | 0.13 | 8009.26 | 2330.51 | 7706.30 | 635.26 | 3176.29 | 10800.00 | 8088.95
392 | 0.10 | 7897.68 | 3030.24 | 7594.65 | 507.89 | 2539.47 | 10083.33 | 8055.15
380 | 0.09 | 7846.13 | 3638.95 | 7518.62 | 460.11 | 2300.54 | 9777.75 | 8002.87
379 | 0.09 | 7846.08 | 4112.80 | 7475.93 | 460.11 | 2300.55 | 9735.07 | 8002.83
355 | 0.09 | 7846.10 | 4595.72 | 7432.48 | 460.11 | 2300.55 | 9691.62 | 8002.84
377 | 0.08 | 7783.73 | 5078.76 | 7377.43 | 412.26 | 2061.32 | 9405.76 | 7939.45
381 | 0.11 | 7940.90 | 5561.78 | 7329.11 | 555.64 | 2778.21 | 10046.20 | 8098.91
363 | 0.11 | 7940.90 | 6141.30 | 7265.36 | 555.64 | 2778.21 | 9982.45 | 8098.91
356 | 0.11 | 7940.91 | 6724.33 | 7201.23 | 555.64 | 2778.21 | 9918.32 | 8098.92
382 | 0.07 | 7705.72 | 7374.51 | 7189.50 | 364.38 | 1821.91 | 8985.91 | 7860.23
378 | 0.05 | 7484.70 | 7770.53 | 7096.18 | 267.96 | 1339.79 | 8422.57 | 7633.50
374 | 0.14 | 8036.78 | 8055.14 | 6909.06 | 698.74 | 3493.72 | 10304.96 | 8195.70
389 | 0.07 | 7706.18 | 8834.27 | 7087.78 | 364.36 | 1821.80 | 8884.08 | 7860.58
388 | 0.10 | 7897.69 | 9238.35 | 6973.86 | 507.89 | 2539.47 | 9462.53 | 8055.16
386 | 0.06 | 7609.72 | 9768.34 | 7023.62 | 316.27 | 1581.34 | 8585.98 | 7761.86
357 | 0.13 | 8009.26 | 10096.44 | 6696.72 | 651.06 | 3255.32 | 9867.40 | 8167.98
390 | 0.08 | 7783.41 | 10780.68 | 6920.96 | 412.28 | 2061.40 | 8949.38 | 7939.21
358 | 0.10 | 7897.69 | 11235.21 | 6774.17 | 507.89 | 2539.47 | 9262.84 | 8055.15
373 | 0.09 | 7846.21 | 11775.96 | 6786.37 | 460.10 | 2300.52 | 9045.48 | 8002.92
385 | 0.13 | 8009.26 | 12292.23 | 6411.27 | 651.06 | 3255.32 | 9581.95 | 8167.98
364 | 0.13 | 8009.26 | 12985.51 | 6321.14 | 651.06 | 3255.32 | 9491.82 | 8167.98
371 | 0.09 | 7846.08 | 13659.84 | 6616.69 | 460.11 | 2300.55 | 8875.83 | 8002.83
387 | 0.10 | 7897.68 | 14180.95 | 6479.58 | 507.89 | 2539.47 | 8968.26 | 8055.15
391 | 0.05 | 7513.89 | 14755.41 | 6776.12 | 266.92 | 1334.59 | 8097.37 | 7657.48
372 | 0.14 | 8036.78 | 15069.56 | 5927.04 | 698.74 | 3493.72 | 9322.94 | 8195.70
368 | 0.13 | 8009.36 | 15789.37 | 5956.74 | 651.06 | 3255.28 | 9127.38 | 8168.04
376 | 0.09 | 7846.07 | 16473.30 | 6363.47 | 460.11 | 2300.56 | 8622.62 | 8002.82
362 | 0.15 | 8061.09 | 17013.71 | 5509.03 | 746.40 | 3731.99 | 9129.06 | 8220.07
393 | 0.12 | 7977.64 | 17849.77 | 5835.66 | 603.36 | 3016.82 | 8780.08 | 8136.06
353 | 0.06 | 7607.39 | 18475.38 | 6498.87 | 316.36 | 1581.82 | 8061.71 | 7760.02
383 | 0.12 | 7977.64 | 18890.09 | 5710.83 | 603.36 | 3016.82 | 8655.24 | 8136.06
369 | 0.14 | 8036.78 | 19544.99 | 5300.48 | 698.74 | 3493.72 | 8696.38 | 8195.70
365 | 0.13 | 8009.42 | 20297.16 | 5370.79 | 651.05 | 3255.25 | 8541.41 | 8168.07
361 | 0.14 | 8036.80 | 21048.37 | 5090.03 | 698.74 | 3493.71 | 8485.92 | 8195.71
375 | 0.13 | 8009.26 | 21865.50 | 5166.74 | 651.06 | 3255.32 | 8337.42 | 8167.98
354 | 0.13 | 7839.47 | 22554.80 | 4907.34 | 665.16 | 3325.82 | 8146.69 | 8068.69
Vehicle 10
Charging tour: 
421  -> 431  -> 407  -> 398  -> 413  -> 414  -> 400  -> 395  -> 394  -> 432  -> 401  -> 405  -> 424  -> 403  -> 397  -> 410  -> 409  -> 402  -> 425  -> 415  -> 419  -> 416  -> 411  -> 428  -> 420  -> 408  -> 427  -> 406  -> 399  -> 429  -> 426  -> 423  -> 412  -> 422  -> 417  -> 418  -> 396  -> 404  -> 430  -> 
Charging time: 
226.38005407073678  + 138.3742254553107  + 299.4258628745162  + 586.2075629546421  + 192.8522525462032  + 315.2115290797649  + 742.6611245848176  + 637.3516978579689  + 443.4764422746959  + 416.28871854635594  + 602.5984545488075  + 479.92537440010426  + 352.809371972382  + 362.8077620196276  + 461.2264079365657  + 275.65787225455796  + 577.5051523104246  + 266.30119584846693  + 274.79752315039997  + 407.90475278553293  + 597.6108966891314  + 282.00332187744544  + 361.89109586604764  + 387.14805486711646  + 320.91901890298226  + 505.100658077921  + 376.35743707521425  + 722.0839976667736  + 391.0435019236479  + 404.5960345742252  + 368.03046942588907  + 437.49436334896194  + 495.2681971370665  + 624.3613989622478  + 319.729611935598  + 372.1105880916856  + 949.467734922275  + 980.393631406744  + 514.8817542585016  + 
total node:39/39
-------------------
Traveling energy: 2505.286861534426
Charging energy: 87351.27552240678
Total energy used: 89856.5623839412
-------------------
Total time for travel: 2505.286861534426
Total time for charging: 17470.255104481355
Charging round duration: 19975.541966015782
-------------------
ID | p | E0 | time_arrive | E_remain | time_charge | energy_charge| E_after_charge | E_after_cycle
421 | 0.10 | 9706.82 | 160.84 | 9690.74 | 226.38 | 1131.90 | 10800.00 | 8456.72
431 | 0.11 | 10181.07 | 524.71 | 10123.35 | 138.37 | 691.87 | 10800.00 | 8252.74
407 | 0.08 | 9383.26 | 705.43 | 9326.82 | 299.43 | 1497.13 | 10800.00 | 8974.79
398 | 0.13 | 8076.55 | 1010.66 | 7945.17 | 586.21 | 2931.04 | 10800.00 | 7910.99
413 | 0.06 | 9945.09 | 1629.66 | 9847.31 | 192.85 | 964.26 | 10800.00 | 9480.15
414 | 0.10 | 9443.69 | 1882.28 | 9255.46 | 315.21 | 1576.06 | 10800.00 | 8637.75
400 | 0.16 | 7559.96 | 2215.25 | 7205.52 | 742.66 | 3713.31 | 10800.00 | 7462.06
395 | 0.12 | 8063.62 | 3115.82 | 7689.72 | 637.35 | 3186.76 | 10800.00 | 8391.98
394 | 0.08 | 8931.74 | 3920.61 | 8618.10 | 443.48 | 2217.38 | 10800.00 | 9243.53
432 | 0.12 | 9293.67 | 4376.36 | 8768.51 | 416.29 | 2081.44 | 10800.00 | 8516.72
401 | 0.12 | 8442.31 | 4858.29 | 7859.32 | 602.60 | 3012.99 | 10800.00 | 8596.91
405 | 0.10 | 8995.76 | 5473.99 | 8448.37 | 479.93 | 2399.63 | 10800.00 | 9013.39
424 | 0.12 | 9804.41 | 6050.96 | 9078.29 | 352.81 | 1764.05 | 10800.00 | 8710.05
403 | 0.07 | 9466.88 | 6507.49 | 9011.36 | 362.81 | 1814.04 | 10800.00 | 9613.52
397 | 0.08 | 9071.26 | 6934.82 | 8516.47 | 461.23 | 2306.13 | 10785.71 | 9471.79
410 | 0.06 | 9883.01 | 7412.66 | 9438.25 | 275.66 | 1378.29 | 10800.00 | 9832.10
409 | 0.12 | 8920.21 | 7820.28 | 7981.77 | 577.51 | 2887.53 | 10800.00 | 8949.33
402 | 0.05 | 9819.48 | 8536.40 | 9392.66 | 266.30 | 1331.51 | 10710.85 | 9959.99
425 | 0.06 | 9972.92 | 8840.25 | 9442.50 | 274.80 | 1373.99 | 10800.00 | 9917.70
415 | 0.09 | 9621.75 | 9161.79 | 8797.19 | 407.90 | 2039.52 | 10800.00 | 9517.47
419 | 0.14 | 9238.43 | 9591.59 | 7895.61 | 597.61 | 2988.05 | 10800.00 | 8891.69
416 | 0.06 | 10022.59 | 10261.40 | 9406.90 | 282.00 | 1410.02 | 10800.00 | 10003.40
411 | 0.07 | 9757.59 | 10595.93 | 9015.88 | 361.89 | 1809.46 | 10800.00 | 9899.65
428 | 0.09 | 9891.23 | 11023.63 | 8899.10 | 387.15 | 1935.74 | 10800.00 | 9683.17
420 | 0.06 | 9777.94 | 11507.01 | 9087.52 | 320.92 | 1604.60 | 10672.86 | 9953.34
408 | 0.09 | 9318.72 | 11860.33 | 8251.29 | 505.10 | 2525.50 | 10731.34 | 9700.42
427 | 0.09 | 10065.70 | 12373.55 | 8952.08 | 376.36 | 1881.79 | 10800.00 | 9803.69
406 | 0.12 | 8691.31 | 12811.40 | 7153.94 | 722.08 | 3610.42 | 10677.71 | 9443.33
399 | 0.07 | 9361.92 | 13562.97 | 8412.51 | 391.04 | 1955.22 | 10340.35 | 9649.73
429 | 0.08 | 9929.30 | 13998.92 | 8809.39 | 404.60 | 2022.98 | 10800.00 | 10046.68
426 | 0.07 | 9947.32 | 14453.03 | 8935.61 | 368.03 | 1840.15 | 10750.00 | 10120.07
423 | 0.09 | 9994.17 | 14914.04 | 8651.90 | 437.49 | 2187.47 | 10800.00 | 10037.84
412 | 0.09 | 9503.72 | 15398.21 | 8117.89 | 495.27 | 2476.34 | 10549.65 | 9836.26
422 | 0.12 | 9661.47 | 15902.96 | 7753.12 | 624.36 | 3121.81 | 10800.00 | 9924.88
417 | 0.06 | 9814.32 | 16536.13 | 8822.15 | 319.73 | 1598.65 | 10401.61 | 9983.77
418 | 0.07 | 9838.25 | 16947.83 | 8651.90 | 372.11 | 1860.55 | 10486.41 | 10031.40
396 | 0.14 | 7711.51 | 17351.72 | 5282.27 | 949.47 | 4747.34 | 9896.69 | 9124.05
404 | 0.15 | 8001.70 | 18338.18 | 5250.98 | 980.39 | 4901.97 | 10005.89 | 9330.67
430 | 0.10 | 10157.44 | 19343.80 | 8223.06 | 514.88 | 2574.41 | 10745.98 | 10349.85
Vehicle 11
Charging tour: 
445  -> 447  -> 436  -> 457  -> 443  -> 433  -> 438  -> 442  -> 441  -> 456  -> 470  -> 448  -> 460  -> 450  -> 469  -> 435  -> 454  -> 458  -> 449  -> 462  -> 446  -> 437  -> 461  -> 465  -> 439  -> 455  -> 459  -> 463  -> 440  -> 466  -> 434  -> 451  -> 468  -> 444  -> 453  -> 467  -> 464  -> 452  -> 
Charging time: 
445.7426146927946  + 182.74546030605032  + 690.6902232947169  + 469.52967387145134  + 220.41831426005  + 419.8872768601558  + 284.5254816824658  + 317.04959758410695  + 233.0913259177271  + 348.5115778484957  + 331.03587412196595  + 221.29916629866122  + 348.27574619379084  + 309.8977643582294  + 394.0010608090993  + 942.4775187517349  + 622.5500007850976  + 285.6669373340033  + 304.3392461572679  + 470.02580353102127  + 327.09238516815606  + 540.3757734530157  + 391.5565727041704  + 333.4410737127071  + 609.3882890604607  + 416.09366312931513  + 680.6305674014616  + 479.53654851991513  + 606.4891487846812  + 430.18172010508306  + 552.6778900058919  + 450.3321235587319  + 391.9238157918048  + 459.60888350048214  + 577.7795016593719  + 680.203897602399  + 587.9064310595888  + 386.7068747416188  + 
total node:38/38
-------------------
Traveling energy: 2545.948841332269
Charging energy: 83718.42912308872
Total energy used: 86264.37796442099
-------------------
Total time for travel: 2545.948841332269
Total time for charging: 16743.685824617743
Charging round duration: 19289.634665950012
-------------------
ID | p | E0 | time_arrive | E_remain | time_charge | energy_charge| E_after_charge | E_after_cycle
445 | 0.12 | 8644.58 | 165.04 | 8624.78 | 445.74 | 2228.71 | 10800.00 | 8014.89
447 | 0.05 | 9929.27 | 677.13 | 9895.41 | 182.75 | 913.73 | 10800.00 | 9651.99
436 | 0.15 | 7590.28 | 934.15 | 7450.15 | 690.69 | 3453.45 | 10800.00 | 7470.73
457 | 0.16 | 8810.01 | 1765.86 | 8527.48 | 469.53 | 2347.65 | 10800.00 | 7346.46
443 | 0.05 | 9823.11 | 2283.62 | 9708.93 | 220.42 | 1102.09 | 10800.00 | 9734.20
433 | 0.08 | 8938.42 | 2553.32 | 8734.15 | 419.89 | 2099.44 | 10800.00 | 9132.26
438 | 0.06 | 9573.53 | 2984.70 | 9394.44 | 284.53 | 1422.63 | 10800.00 | 9566.95
442 | 0.07 | 9467.17 | 3288.94 | 9236.95 | 317.05 | 1585.25 | 10800.00 | 9385.02
441 | 0.05 | 9829.95 | 3675.12 | 9646.20 | 233.09 | 1165.46 | 10800.00 | 9804.41
456 | 0.10 | 9490.13 | 3978.33 | 9092.29 | 348.51 | 1742.56 | 10800.00 | 8850.68
470 | 0.14 | 9801.03 | 4356.14 | 9191.17 | 331.04 | 1655.18 | 10800.00 | 8121.40
448 | 0.05 | 9944.36 | 4795.75 | 9704.57 | 221.30 | 1106.50 | 10800.00 | 9859.85
460 | 0.11 | 9652.34 | 5049.19 | 9096.93 | 348.28 | 1741.38 | 10800.00 | 8773.52
450 | 0.07 | 9654.31 | 5458.60 | 9272.20 | 309.90 | 1549.49 | 10800.00 | 9536.39
469 | 0.14 | 9696.51 | 5795.38 | 8885.15 | 394.00 | 1970.01 | 10800.00 | 8331.71
435 | 0.16 | 7236.05 | 6235.25 | 6238.41 | 942.48 | 4712.39 | 10800.00 | 8137.24
454 | 0.14 | 8790.49 | 7257.72 | 7774.41 | 622.55 | 3112.75 | 10800.00 | 8568.44
458 | 0.07 | 9949.70 | 7971.98 | 9391.66 | 285.67 | 1428.33 | 10800.00 | 9710.63
449 | 0.06 | 9795.15 | 8309.83 | 9296.56 | 304.34 | 1521.70 | 10800.00 | 9887.65
462 | 0.12 | 9550.63 | 8702.94 | 8506.27 | 470.03 | 2350.13 | 10800.00 | 9042.35
446 | 0.06 | 9739.03 | 9247.82 | 9184.16 | 327.09 | 1635.46 | 10800.00 | 9945.29
437 | 0.09 | 8928.96 | 9656.31 | 8059.89 | 540.38 | 2701.88 | 10713.13 | 9487.04
461 | 0.08 | 9695.89 | 10279.34 | 8873.54 | 391.56 | 1957.78 | 10800.00 | 9748.07
465 | 0.09 | 10125.28 | 10694.15 | 9162.80 | 333.44 | 1667.21 | 10800.00 | 9648.68
439 | 0.10 | 8797.51 | 11085.14 | 7689.00 | 609.39 | 3046.94 | 10675.00 | 9462.46
455 | 0.08 | 9694.62 | 11772.47 | 8752.82 | 416.09 | 2080.47 | 10800.00 | 9869.48
459 | 0.14 | 9214.94 | 12305.76 | 7492.14 | 680.63 | 3403.15 | 10800.00 | 9283.29
463 | 0.10 | 9755.00 | 13047.34 | 8450.27 | 479.54 | 2397.68 | 10800.00 | 9770.69
440 | 0.10 | 8839.57 | 13584.93 | 7481.08 | 606.49 | 3032.45 | 10452.87 | 9490.01
466 | 0.08 | 9819.83 | 14204.04 | 8683.51 | 430.18 | 2150.91 | 10800.00 | 10065.14
434 | 0.09 | 8730.21 | 14681.61 | 7408.86 | 552.68 | 2763.39 | 10122.51 | 9349.80
451 | 0.08 | 9523.82 | 15265.25 | 8302.60 | 450.33 | 2251.66 | 10518.23 | 9869.88
468 | 0.09 | 10296.73 | 15789.70 | 8875.65 | 391.92 | 1959.62 | 10800.00 | 10112.55
444 | 0.08 | 9331.59 | 16314.70 | 8026.41 | 459.61 | 2298.04 | 10287.69 | 9724.03
453 | 0.10 | 9278.80 | 16879.63 | 7590.84 | 577.78 | 2888.90 | 10421.96 | 9785.70
467 | 0.14 | 9943.25 | 17493.18 | 7494.21 | 680.20 | 3401.02 | 10800.00 | 10009.47
464 | 0.11 | 9925.11 | 18181.61 | 7925.14 | 587.91 | 2939.53 | 10800.00 | 10244.45
452 | 0.07 | 9704.43 | 18777.83 | 8389.99 | 386.71 | 1933.53 | 10296.45 | 9970.57
Vehicle 12
Charging tour: 
499  -> 478  -> 484  -> 492  -> 504  -> 474  -> 481  -> 476  -> 509  -> 490  -> 471  -> 506  -> 495  -> 479  -> 480  -> 483  -> 488  -> 472  -> 473  -> 507  -> 503  -> 485  -> 486  -> 477  -> 482  -> 489  -> 493  -> 494  -> 487  -> 502  -> 500  -> 501  -> 497  -> 491  -> 498  -> 496  -> 505  -> 475  -> 508  -> 
Charging time: 
175.58352655382998  + 701.2591277897548  + 484.2818354084962  + 277.9986708300705  + 240.74309510518285  + 244.588656074374  + 253.3591326265593  + 629.1915519051485  + 254.25353584355165  + 369.330364966459  + 506.0555434597883  + 215.97632745033587  + 304.0954050803321  + 602.3788492307173  + 503.29795636940463  + 695.7425791421778  + 309.26112461290546  + 562.0691724103388  + 755.8003078054039  + 252.40533034832222  + 261.2872825246627  + 486.8476167240006  + 387.7446595652201  + 279.16697082497706  + 535.3229602780561  + 379.55488321481346  + 516.3232445034336  + 552.8020766246128  + 457.7248559638953  + 395.516906036517  + 565.7419885840009  + 357.2957905940431  + 699.302368847878  + 388.8076496243855  + 324.2743278182146  + 502.3580474344131  + 542.894214513221  + 796.2091158533515  + 387.5798629599022  + 
total node:39/39
-------------------
Traveling energy: 2264.974941841723
Charging energy: 85772.13457751377
Total energy used: 88037.1095193555
-------------------
Total time for travel: 2264.974941841723
Total time for charging: 17154.426915502754
Charging round duration: 19419.401857344477
-------------------
ID | p | E0 | time_arrive | E_remain | time_charge | energy_charge| E_after_charge | E_after_cycle
499 | 0.09 | 9947.35 | 105.13 | 9937.88 | 175.58 | 877.92 | 10800.00 | 8681.46
478 | 0.17 | 7473.38 | 355.64 | 7412.92 | 701.26 | 3506.30 | 10800.00 | 6930.27
484 | 0.13 | 8591.27 | 1151.71 | 8441.55 | 484.28 | 2421.41 | 10800.00 | 7916.08
492 | 0.09 | 9585.99 | 1677.41 | 9435.03 | 278.00 | 1389.99 | 10800.00 | 8832.19
504 | 0.06 | 9728.98 | 1970.82 | 9610.73 | 240.74 | 1203.72 | 10800.00 | 9503.49
474 | 0.05 | 9700.99 | 2234.09 | 9589.29 | 244.59 | 1222.94 | 10800.00 | 9732.93
481 | 0.06 | 9698.43 | 2500.45 | 9548.41 | 253.36 | 1266.80 | 10800.00 | 9536.03
476 | 0.13 | 8097.57 | 2782.56 | 7735.84 | 629.19 | 3145.96 | 10800.00 | 8146.93
509 | 0.09 | 9865.60 | 3488.69 | 9551.62 | 254.25 | 1271.27 | 10800.00 | 8993.06
490 | 0.10 | 9367.04 | 3767.60 | 8990.28 | 369.33 | 1846.65 | 10800.00 | 8831.69
471 | 0.09 | 8694.55 | 4214.25 | 8315.27 | 506.06 | 2530.28 | 10800.00 | 9081.03
506 | 0.06 | 10017.70 | 4743.78 | 9733.08 | 215.98 | 1079.88 | 10800.00 | 9668.39
495 | 0.08 | 9704.62 | 5009.60 | 9303.85 | 304.10 | 1520.48 | 10800.00 | 9319.49
479 | 0.12 | 8503.48 | 5359.05 | 7860.39 | 602.38 | 3011.89 | 10800.00 | 8656.97
480 | 0.10 | 8936.47 | 6026.27 | 8333.84 | 503.30 | 2516.49 | 10800.00 | 9070.96
483 | 0.14 | 8340.10 | 6581.52 | 7418.69 | 695.74 | 3478.71 | 10800.00 | 8484.02
488 | 0.06 | 9711.65 | 7323.30 | 9272.25 | 309.26 | 1546.31 | 10800.00 | 9828.75
472 | 0.09 | 8739.77 | 7772.53 | 8040.24 | 562.07 | 2810.35 | 10800.00 | 9406.31
473 | 0.12 | 8126.77 | 8458.94 | 7111.69 | 755.80 | 3779.00 | 10800.00 | 9047.37
507 | 0.08 | 10299.88 | 9271.44 | 9558.17 | 252.41 | 1262.03 | 10800.00 | 9656.31
503 | 0.06 | 10085.20 | 9599.38 | 9509.24 | 261.29 | 1306.44 | 10800.00 | 9962.44
485 | 0.09 | 9308.03 | 9982.81 | 8409.58 | 486.85 | 2434.24 | 10800.00 | 9598.47
486 | 0.07 | 9621.94 | 10478.87 | 8888.42 | 387.74 | 1938.72 | 10800.00 | 9893.26
477 | 0.05 | 9776.71 | 10888.96 | 9232.27 | 279.17 | 1395.83 | 10614.14 | 9981.55
482 | 0.09 | 9177.27 | 11234.57 | 8166.16 | 535.32 | 2676.61 | 10794.60 | 9710.09
489 | 0.07 | 9754.95 | 11802.26 | 8928.79 | 379.55 | 1897.77 | 10800.00 | 9985.33
493 | 0.10 | 9489.87 | 12198.53 | 8270.02 | 516.32 | 2581.62 | 10800.00 | 9689.48
494 | 0.10 | 9368.50 | 12772.32 | 8091.27 | 552.80 | 2764.01 | 10800.00 | 9750.51
487 | 0.08 | 9540.53 | 13371.79 | 8470.79 | 457.72 | 2288.62 | 10722.79 | 9923.55
502 | 0.09 | 10108.17 | 13890.70 | 8858.01 | 395.52 | 1977.58 | 10800.00 | 9941.96
500 | 0.12 | 9754.76 | 14296.51 | 8039.18 | 565.74 | 2828.71 | 10800.00 | 9725.07
501 | 0.07 | 10086.00 | 14963.88 | 9038.53 | 357.30 | 1786.48 | 10800.00 | 10205.08
497 | 0.13 | 9391.91 | 15365.52 | 7394.40 | 699.30 | 3496.51 | 10800.00 | 9791.83
491 | 0.07 | 9827.66 | 16070.79 | 8702.71 | 388.81 | 1944.04 | 10619.53 | 10104.30
498 | 0.06 | 10100.10 | 16466.52 | 9112.11 | 324.27 | 1621.37 | 10714.02 | 10292.27
496 | 0.09 | 9779.49 | 16882.52 | 8260.06 | 502.36 | 2511.79 | 10726.64 | 10147.48
505 | 0.11 | 10066.71 | 17467.82 | 8145.25 | 542.89 | 2714.47 | 10800.00 | 10160.98
475 | 0.12 | 8226.99 | 18056.60 | 6060.20 | 796.21 | 3981.05 | 9945.70 | 9349.64
508 | 0.08 | 10402.15 | 18863.01 | 8893.11 | 387.58 | 1937.90 | 10800.00 | 10434.45
Vehicle 13
Charging tour: 
512  -> 514  -> 522  -> 524  -> 513  -> 534  -> 515  -> 520  -> 526  -> 525  -> 516  -> 510  -> 531  -> 511  -> 540  -> 528  -> 532  -> 529  -> 530  -> 521  -> 539  -> 533  -> 541  -> 538  -> 517  -> 518  -> 535  -> 536  -> 523  -> 519  -> 537  -> 527  -> 
Charging time: 
676.6962904233268  + 487.95433900371  + 323.60980692264076  + 353.01228407260965  + 575.4515810832481  + 259.9980981241977  + 619.7903637745098  + 430.4858988724444  + 385.8086982005127  + 445.0457378142426  + 456.4867217698981  + 833.4314450434916  + 200.82686035056312  + 727.0862909054326  + 265.75282351871766  + 359.7099704308413  + 343.4296739622494  + 274.920526464492  + 275.40959267846654  + 536.818701948725  + 429.21785286451154  + 415.4133706342902  + 271.58500111424087  + 297.33929975156263  + 564.8595912688927  + 378.00740995400093  + 384.7431061796466  + 335.0707289862205  + 359.8698998933412  + 921.3797640989548  + 456.9241869171068  + 361.9359807646021  + 
total node:32/32
-------------------
Traveling energy: 2049.2192985086604
Charging energy: 70040.35948895846
Total energy used: 72089.57878746712
-------------------
Total time for travel: 2049.2192985086604
Total time for charging: 14008.071897791691
Charging round duration: 16057.291196300352
-------------------
ID | p | E0 | time_arrive | E_remain | time_charge | energy_charge| E_after_charge | E_after_cycle
512 | 0.15 | 7540.49 | 149.78 | 7518.02 | 676.70 | 3383.48 | 10800.00 | 7350.97
514 | 0.11 | 8509.73 | 871.11 | 8413.90 | 487.95 | 2439.77 | 10800.00 | 8329.30
522 | 0.09 | 9335.04 | 1377.34 | 9211.08 | 323.61 | 1618.05 | 10800.00 | 8809.29
524 | 0.10 | 9248.59 | 1783.54 | 9070.24 | 353.01 | 1765.06 | 10800.00 | 8631.66
513 | 0.12 | 8252.17 | 2169.78 | 7991.80 | 575.45 | 2877.26 | 10800.00 | 8271.03
534 | 0.09 | 9772.06 | 2762.77 | 9523.41 | 260.00 | 1299.99 | 10800.00 | 8928.25
515 | 0.13 | 8185.09 | 3103.58 | 7781.62 | 619.79 | 3098.95 | 10800.00 | 8187.44
520 | 0.10 | 9078.29 | 3876.71 | 8690.62 | 430.49 | 2152.43 | 10800.00 | 8848.72
526 | 0.10 | 9349.79 | 4402.53 | 8909.54 | 385.81 | 1929.04 | 10800.00 | 8896.83
525 | 0.11 | 9154.90 | 4828.83 | 8623.73 | 445.05 | 2225.23 | 10800.00 | 8759.93
516 | 0.09 | 9043.47 | 5386.91 | 8558.65 | 456.49 | 2282.43 | 10800.00 | 9182.11
510 | 0.14 | 7585.83 | 5973.59 | 6749.52 | 833.43 | 4167.16 | 10800.00 | 8418.18
531 | 0.05 | 10150.78 | 6897.48 | 9805.91 | 200.83 | 1004.13 | 10800.00 | 9963.92
511 | 0.12 | 8106.57 | 7122.89 | 7251.82 | 727.09 | 3635.43 | 10800.00 | 8883.60
540 | 0.08 | 10125.77 | 7915.89 | 9492.50 | 265.75 | 1328.76 | 10800.00 | 9548.93
528 | 0.08 | 9690.50 | 8253.35 | 9030.23 | 359.71 | 1798.55 | 10800.00 | 9583.44
532 | 0.08 | 9805.22 | 8686.14 | 9110.33 | 343.43 | 1717.15 | 10800.00 | 9616.76
529 | 0.06 | 9984.92 | 9050.41 | 9441.89 | 274.92 | 1374.60 | 10800.00 | 9930.32
530 | 0.06 | 9999.80 | 9338.65 | 9439.48 | 275.41 | 1377.05 | 10800.00 | 9947.64
521 | 0.10 | 9132.62 | 9630.27 | 8169.59 | 536.82 | 2684.09 | 10800.00 | 9434.71
539 | 0.11 | 9825.51 | 10221.70 | 8701.12 | 429.22 | 2146.09 | 10800.00 | 9351.40
533 | 0.09 | 9725.77 | 10727.18 | 8760.32 | 415.41 | 2077.07 | 10800.00 | 9659.03
541 | 0.07 | 10245.21 | 11201.75 | 9461.09 | 271.59 | 1357.93 | 10800.00 | 9935.73
538 | 0.07 | 10138.15 | 11486.16 | 9334.12 | 297.34 | 1486.70 | 10800.00 | 9957.44
517 | 0.09 | 9090.15 | 11817.92 | 8026.54 | 564.86 | 2824.30 | 10800.00 | 9770.65
518 | 0.06 | 9677.54 | 12415.00 | 8932.64 | 378.01 | 1890.04 | 10800.00 | 10138.38
535 | 0.08 | 9935.56 | 12856.24 | 8907.06 | 384.74 | 1923.72 | 10800.00 | 9953.68
536 | 0.07 | 10077.75 | 13280.76 | 9148.10 | 335.07 | 1675.35 | 10800.00 | 10085.71
523 | 0.06 | 9842.50 | 13670.92 | 9022.24 | 359.87 | 1799.35 | 10800.00 | 10212.65
519 | 0.14 | 8288.68 | 14047.07 | 6322.09 | 921.38 | 4606.90 | 10800.00 | 9560.78
537 | 0.09 | 9910.26 | 15041.77 | 8556.50 | 456.92 | 2284.62 | 10800.00 | 10051.08
527 | 0.06 | 9944.68 | 15544.12 | 9012.04 | 361.94 | 1809.68 | 10800.00 | 10325.16
Vehicle 14
Charging tour: 
570  -> 563  -> 545  -> 544  -> 548  -> 567  -> 569  -> 566  -> 578  -> 546  -> 564  -> 542  -> 549  -> 543  -> 550  -> 562  -> 571  -> 551  -> 554  -> 547  -> 560  -> 565  -> 577  -> 581  -> 556  -> 553  -> 559  -> 573  -> 558  -> 568  -> 555  -> 575  -> 574  -> 552  -> 579  -> 572  -> 561  -> 557  -> 576  -> 580  -> 
Charging time: 
146.58247270965876  + 275.0596233933512  + 652.1783651192396  + 242.93971886465735  + 362.23209694108715  + 384.35933476482046  + 251.665120779922  + 290.3972119431808  + 294.8729633169234  + 562.582268412505  + 407.47645215209576  + 320.5120980992017  + 255.39718149931315  + 382.59004263414283  + 881.543738044148  + 261.05348661349126  + 329.08782088263337  + 641.608746651527  + 463.7250467029442  + 441.18048165277725  + 345.7427897819042  + 575.6230593573358  + 591.557903213396  + 500.5996132842203  + 307.7955282261497  + 697.0821446809503  + 836.9919301475855  + 584.7946605674828  + 420.9355012403581  + 250.83539274113906  + 366.20757958377993  + 299.8507645149821  + 303.3122049870519  + 374.12794947652054  + 492.8935101681618  + 764.8981252372579  + 248.66048809506478  + 976.885597258325  + 623.6845233382106  + 493.23635139193834  + 
total node:40/40
-------------------
Traveling energy: 2193.7356743688442
Charging energy: 89513.79944234717
Total energy used: 91707.53511671601
-------------------
Total time for travel: 2193.7356743688442
Total time for charging: 17902.759888469434
Charging round duration: 20096.495562838278
-------------------
ID | p | E0 | time_arrive | E_remain | time_charge | energy_charge| E_after_charge | E_after_cycle
570 | 0.07 | 10082.53 | 73.97 | 10077.35 | 146.58 | 732.91 | 10800.00 | 9148.04
563 | 0.10 | 9476.78 | 245.76 | 9452.21 | 275.06 | 1375.30 | 10800.00 | 8470.08
545 | 0.14 | 7705.52 | 536.49 | 7630.41 | 652.18 | 3260.89 | 10800.00 | 7631.61
544 | 0.05 | 9658.20 | 1214.94 | 9597.45 | 242.94 | 1214.70 | 10800.00 | 9681.89
548 | 0.08 | 9138.66 | 1510.50 | 9017.82 | 362.23 | 1811.16 | 10800.00 | 9044.22
567 | 0.15 | 9230.83 | 1966.46 | 8935.86 | 384.36 | 1921.80 | 10800.00 | 7579.62
569 | 0.07 | 9726.53 | 2389.11 | 9559.29 | 251.67 | 1258.33 | 10800.00 | 9317.45
566 | 0.07 | 9553.96 | 2651.63 | 9368.34 | 290.40 | 1451.99 | 10800.00 | 9338.54
578 | 0.13 | 9750.39 | 2972.49 | 9363.97 | 294.87 | 1474.36 | 10800.00 | 8128.16
546 | 0.11 | 8415.33 | 3330.53 | 8048.97 | 562.58 | 2812.91 | 10800.00 | 8608.04
564 | 0.12 | 9292.52 | 4008.39 | 8811.51 | 407.48 | 2037.38 | 10800.00 | 8471.50
542 | 0.06 | 9393.46 | 4475.73 | 9124.91 | 320.51 | 1602.56 | 10708.24 | 9566.82
549 | 0.05 | 9776.14 | 4807.12 | 9535.78 | 255.40 | 1276.99 | 10800.00 | 9862.13
543 | 0.07 | 9180.85 | 5068.63 | 8826.05 | 382.59 | 1912.95 | 10712.22 | 9426.40
550 | 0.17 | 7475.89 | 5492.60 | 6542.14 | 881.54 | 4407.72 | 10800.00 | 7834.20
562 | 0.06 | 9893.29 | 6381.55 | 9510.40 | 261.05 | 1305.27 | 10800.00 | 9769.36
571 | 0.09 | 9786.26 | 6689.76 | 9184.18 | 329.09 | 1645.44 | 10800.00 | 9287.90
551 | 0.12 | 8516.40 | 7062.10 | 7668.95 | 641.61 | 3208.04 | 10800.00 | 8866.04
554 | 0.09 | 9221.68 | 7761.86 | 8523.11 | 463.73 | 2318.63 | 10800.00 | 9396.50
547 | 0.08 | 9098.97 | 8300.96 | 8434.89 | 441.18 | 2205.90 | 10605.50 | 9399.27
560 | 0.07 | 9710.62 | 8787.67 | 9095.49 | 345.74 | 1728.71 | 10800.00 | 9771.94
565 | 0.13 | 9186.49 | 9152.13 | 7996.72 | 575.62 | 2878.12 | 10800.00 | 8968.01
577 | 0.12 | 9091.60 | 9820.02 | 7913.20 | 591.56 | 2957.79 | 10800.00 | 9190.99
581 | 0.13 | 9732.75 | 10543.61 | 8362.08 | 500.60 | 2503.00 | 10800.00 | 9139.15
556 | 0.06 | 9781.55 | 11083.31 | 9116.55 | 307.80 | 1538.98 | 10637.06 | 9891.32
553 | 0.12 | 8638.05 | 11434.41 | 7265.92 | 697.08 | 3485.41 | 10667.68 | 9265.06
559 | 0.15 | 8569.31 | 12191.46 | 6740.59 | 836.99 | 4184.96 | 10800.00 | 9181.27
573 | 0.14 | 9783.85 | 13042.54 | 7957.90 | 584.79 | 2923.97 | 10800.00 | 9373.03
558 | 0.08 | 9536.59 | 13667.14 | 8443.22 | 420.94 | 2104.68 | 10514.22 | 9735.67
568 | 0.05 | 10002.30 | 14143.10 | 9295.14 | 250.84 | 1254.18 | 10536.78 | 10065.47
555 | 0.07 | 9591.56 | 14462.35 | 8579.20 | 366.21 | 1831.04 | 10384.60 | 9755.20
575 | 0.06 | 10040.72 | 14895.30 | 9147.00 | 299.85 | 1499.25 | 10628.26 | 10110.77
574 | 0.06 | 9926.13 | 15292.19 | 9008.60 | 303.31 | 1516.56 | 10506.96 | 10013.49
552 | 0.07 | 9388.51 | 15696.75 | 8289.73 | 374.13 | 1870.64 | 10134.18 | 9591.75
579 | 0.10 | 9994.12 | 16092.97 | 8384.82 | 492.89 | 2464.47 | 10800.00 | 10076.59
572 | 0.15 | 9580.31 | 16600.43 | 7090.24 | 764.90 | 3824.49 | 10800.00 | 9831.80
561 | 0.05 | 10089.78 | 17446.84 | 9217.44 | 248.66 | 1243.30 | 10448.31 | 10142.08
557 | 0.16 | 8218.54 | 17748.76 | 5378.74 | 976.89 | 4884.43 | 10106.87 | 9291.77
576 | 0.12 | 9654.61 | 18779.99 | 7401.01 | 623.68 | 3118.42 | 10444.60 | 9914.63
580 | 0.09 | 9156.01 | 19451.38 | 7405.38 | 493.24 | 2466.18 | 9827.17 | 9478.39
Vehicle 15
Charging tour: 
596  -> 592  -> 591  -> 583  -> 615  -> 603  -> 594  -> 588  -> 609  -> 597  -> 587  -> 607  -> 600  -> 619  -> 590  -> 613  -> 589  -> 610  -> 595  -> 598  -> 605  -> 614  -> 602  -> 611  -> 601  -> 582  -> 584  -> 606  -> 593  -> 585  -> 608  -> 616  -> 604  -> 586  -> 599  -> 620  -> 617  -> 612  -> 618  -> 
Charging time: 
339.6491892367159  + 388.6018704535894  + 434.2897004592237  + 437.0726525999401  + 437.07434061698183  + 339.6808996191223  + 457.5022206553883  + 437.07556030642706  + 471.9500439629699  + 437.0574992277386  + 485.33015759486284  + 485.3273832006836  + 523.0155909420556  + 532.498403544599  + 597.3825888588461  + 566.1254097690218  + 485.32983320243034  + 591.2660071747272  + 636.2091818542359  + 622.0206192941266  + 648.8056782697716  + 537.1368463543732  + 437.07675304811414  + 731.6157403070627  + 677.240873061437  + 388.5708100912267  + 485.329269224198  + 687.322446034361  + 586.1455651328218  + 339.53990402208  + 581.4377670320421  + 485.33019620489625  + 725.0767454855744  + 388.5711720997033  + 485.329831186556  + 772.8775447496131  + 677.2408709327036  + 677.2404809075535  + 677.2408719838601  + 
total node:39/39
-------------------
Traveling energy: 2366.392586087665
Charging energy: 103467.94259350814
Total energy used: 105834.3351795958
-------------------
Total time for travel: 2366.392586087665
Total time for charging: 20693.58851870163
Charging round duration: 23059.981104789294
-------------------
ID | p | E0 | time_arrive | E_remain | time_charge | energy_charge| E_after_charge | E_after_cycle
596 | 0.06 | 8346.49 | 187.02 | 8335.27 | 339.65 | 1698.25 | 10013.14 | 8615.54
592 | 0.07 | 8510.92 | 560.70 | 8471.67 | 388.60 | 1943.01 | 10387.48 | 8786.53
591 | 0.09 | 8761.72 | 1045.32 | 8667.64 | 434.29 | 2171.45 | 10800.00 | 8789.36
583 | 0.08 | 8648.08 | 1607.43 | 8519.49 | 437.07 | 2185.36 | 10669.88 | 8927.84
615 | 0.08 | 8648.05 | 2068.66 | 8482.55 | 437.07 | 2185.37 | 10632.96 | 8927.82
603 | 0.06 | 8345.71 | 2591.36 | 8190.23 | 339.68 | 1698.40 | 9868.26 | 8614.92
594 | 0.10 | 8857.30 | 2990.60 | 8558.24 | 457.50 | 2287.51 | 10800.00 | 8762.81
588 | 0.08 | 8648.02 | 3588.77 | 8360.92 | 437.08 | 2185.38 | 10511.33 | 8927.80
609 | 0.11 | 8938.74 | 4059.80 | 8492.16 | 471.95 | 2359.75 | 10800.00 | 8678.29
597 | 0.08 | 8648.38 | 4588.59 | 8281.29 | 437.06 | 2185.29 | 10431.62 | 8928.07
587 | 0.09 | 8761.70 | 5124.59 | 8300.49 | 485.33 | 2426.65 | 10683.46 | 9044.55
607 | 0.09 | 8761.75 | 5657.04 | 8252.62 | 485.33 | 2426.64 | 10635.58 | 9044.59
600 | 0.10 | 8857.31 | 6200.83 | 8237.22 | 523.02 | 2615.08 | 10800.00 | 9090.38
619 | 0.11 | 8938.67 | 6750.80 | 8196.08 | 532.50 | 2662.49 | 10800.00 | 8980.96
590 | 0.11 | 8682.72 | 7308.36 | 7878.80 | 597.38 | 2986.91 | 10800.00 | 9049.43
613 | 0.11 | 8906.56 | 7953.77 | 8031.65 | 566.13 | 2830.63 | 10800.00 | 9116.99
589 | 0.09 | 8761.71 | 8558.66 | 7991.43 | 485.33 | 2426.65 | 10374.40 | 9044.56
610 | 0.12 | 9008.76 | 9117.82 | 7914.62 | 591.27 | 2956.33 | 10800.00 | 9106.69
595 | 0.12 | 8861.19 | 9715.77 | 7695.30 | 636.21 | 3181.05 | 10800.00 | 9183.84
598 | 0.12 | 9008.73 | 10368.25 | 7764.54 | 622.02 | 3110.10 | 10800.00 | 9260.43
605 | 0.13 | 9069.58 | 10994.32 | 7640.32 | 648.81 | 3244.03 | 10800.00 | 9217.01
614 | 0.10 | 8796.27 | 11716.47 | 7624.62 | 537.14 | 2685.68 | 10256.59 | 9099.95
602 | 0.08 | 8648.00 | 12291.86 | 7664.65 | 437.08 | 2185.38 | 9815.07 | 8927.78
611 | 0.15 | 9170.43 | 12791.77 | 7251.66 | 731.62 | 3658.08 | 10800.00 | 9255.51
601 | 0.13 | 9069.50 | 13617.98 | 7299.17 | 677.24 | 3386.20 | 10597.33 | 9359.11
582 | 0.07 | 8511.60 | 14386.24 | 7504.56 | 388.57 | 1942.85 | 9420.22 | 8787.05
584 | 0.09 | 8761.72 | 14810.98 | 7428.73 | 485.33 | 2426.65 | 9811.70 | 9044.57
606 | 0.13 | 8936.47 | 15335.57 | 6942.85 | 687.32 | 3436.61 | 10290.11 | 9276.49
593 | 0.11 | 8866.87 | 16056.07 | 7100.71 | 586.15 | 2930.73 | 9966.96 | 9177.40
585 | 0.06 | 8349.18 | 16690.92 | 7347.72 | 339.54 | 1697.70 | 9025.05 | 8617.68
608 | 0.11 | 8938.67 | 17038.72 | 7064.41 | 581.44 | 2907.19 | 9907.64 | 9225.66
616 | 0.09 | 8761.70 | 17705.44 | 7168.21 | 485.33 | 2426.65 | 9551.19 | 9044.55
604 | 0.14 | 9122.78 | 18279.48 | 6563.66 | 725.08 | 3625.38 | 10087.53 | 9413.37
586 | 0.07 | 8511.59 | 19040.21 | 7178.78 | 388.57 | 1942.86 | 9094.43 | 8787.05
599 | 0.09 | 8761.71 | 19455.53 | 7010.71 | 485.33 | 2426.65 | 9393.68 | 9044.56
620 | 0.15 | 9169.89 | 19973.71 | 6173.83 | 772.88 | 3864.39 | 9922.29 | 9461.27
617 | 0.13 | 9069.50 | 20793.17 | 6366.39 | 677.24 | 3386.20 | 9664.56 | 9359.11
612 | 0.13 | 9069.51 | 21530.64 | 6270.53 | 677.24 | 3386.20 | 9568.69 | 9359.11
618 | 0.13 | 9069.50 | 22223.33 | 6180.47 | 677.24 | 3386.20 | 9478.63 | 9359.11
Vehicle 16
Charging tour: 
633  -> 629  -> 626  -> 627  -> 622  -> 625  -> 630  -> 636  -> 628  -> 623  -> 635  -> 638  -> 631  -> 624  -> 637  -> 632  -> 645  -> 644  -> 640  -> 621  -> 647  -> 641  -> 634  -> 646  -> 639  -> 643  -> 642  -> 
Charging time: 
272.24643005428726  + 275.7966784083039  + 484.52179998065395  + 482.0545403862538  + 563.6004952032997  + 689.0773764636659  + 575.6599792501804  + 387.80202876091175  + 534.746636438843  + 505.6163772786592  + 523.8979045388256  + 332.61716995317937  + 496.1243677133554  + 838.3825134758774  + 369.4873420947556  + 571.3129568449731  + 453.0853761863761  + 388.35147249126214  + 237.21690239645014  + 409.40965106792606  + 253.8449288828303  + 245.26935631409103  + 280.43081440056187  + 271.78204910913314  + 419.15996283862955  + 449.9814187468464  + 416.87250701190527  + 
total node:27/27
-------------------
Traveling energy: 1798.0389263565035
Charging energy: 58641.7451814602
Total energy used: 60439.784107816704
-------------------
Total time for travel: 1798.0389263565035
Total time for charging: 11728.34903629204
Charging round duration: 13526.387962648543
-------------------
ID | p | E0 | time_arrive | E_remain | time_charge | energy_charge| E_after_charge | E_after_cycle
633 | 0.08 | 9470.86 | 128.94 | 9460.55 | 272.25 | 1361.23 | 10800.00 | 8926.49
629 | 0.07 | 9471.86 | 450.48 | 9440.32 | 275.80 | 1378.98 | 10800.00 | 9183.44
626 | 0.11 | 8524.64 | 854.11 | 8430.69 | 484.52 | 2422.61 | 10800.00 | 8327.05
627 | 0.11 | 8602.45 | 1451.82 | 8442.75 | 482.05 | 2410.27 | 10800.00 | 8392.53
622 | 0.11 | 8265.95 | 2017.74 | 8043.99 | 563.60 | 2818.00 | 10800.00 | 8463.75
625 | 0.14 | 7818.35 | 2623.34 | 7451.08 | 689.08 | 3445.39 | 10800.00 | 7928.94
630 | 0.13 | 8432.50 | 3353.57 | 7996.54 | 575.66 | 2878.30 | 10800.00 | 8214.20
636 | 0.10 | 9293.76 | 3939.88 | 8899.77 | 387.80 | 1939.01 | 10800.00 | 8850.77
628 | 0.11 | 8669.56 | 4404.27 | 8185.09 | 534.75 | 2673.73 | 10800.00 | 8723.09
623 | 0.09 | 8770.56 | 5034.85 | 8317.42 | 505.62 | 2528.08 | 10800.00 | 9154.84
635 | 0.12 | 8919.75 | 5636.40 | 8243.38 | 523.90 | 2619.49 | 10800.00 | 8680.83
638 | 0.08 | 9661.86 | 6229.18 | 9163.52 | 332.62 | 1663.09 | 10800.00 | 9419.34
631 | 0.10 | 9029.44 | 6604.46 | 8368.99 | 496.12 | 2480.62 | 10800.00 | 9128.06
624 | 0.14 | 7729.24 | 7169.88 | 6725.46 | 838.38 | 4191.91 | 10800.00 | 8586.36
637 | 0.08 | 9626.00 | 8048.41 | 8982.12 | 369.49 | 1847.44 | 10800.00 | 9567.83
632 | 0.11 | 8934.69 | 8440.13 | 8006.28 | 571.31 | 2856.56 | 10800.00 | 9171.06
645 | 0.11 | 9580.60 | 9056.26 | 8584.41 | 453.09 | 2265.43 | 10800.00 | 9225.83
644 | 0.09 | 9750.39 | 9524.36 | 8893.19 | 388.35 | 1941.76 | 10800.00 | 9548.34
640 | 0.05 | 10121.85 | 9921.46 | 9625.78 | 237.22 | 1186.08 | 10800.00 | 10116.93
621 | 0.06 | 9389.53 | 10200.30 | 8777.52 | 409.41 | 2047.05 | 10800.00 | 10007.38
647 | 0.06 | 10184.52 | 10641.92 | 9546.01 | 253.84 | 1269.22 | 10800.00 | 10024.55
641 | 0.05 | 10137.48 | 11031.27 | 9585.92 | 245.27 | 1226.35 | 10800.00 | 10172.83
634 | 0.05 | 9979.57 | 11354.15 | 9411.87 | 280.43 | 1402.15 | 10800.00 | 10190.73
646 | 0.06 | 10157.55 | 11669.30 | 9457.40 | 271.78 | 1358.91 | 10800.00 | 10087.26
639 | 0.08 | 9694.45 | 11958.94 | 8737.73 | 419.16 | 2095.80 | 10800.00 | 9884.65
643 | 0.09 | 9706.62 | 12400.35 | 8590.59 | 449.98 | 2249.91 | 10800.00 | 9812.73
642 | 0.08 | 9783.84 | 12935.62 | 8748.99 | 416.87 | 2084.36 | 10800.00 | 9962.60
Vehicle 17
Charging tour: 
683  -> 663  -> 661  -> 652  -> 665  -> 682  -> 660  -> 672  -> 653  -> 673  -> 664  -> 676  -> 669  -> 657  -> 649  -> 679  -> 684  -> 666  -> 668  -> 681  -> 685  -> 659  -> 674  -> 658  -> 648  -> 654  -> 655  -> 662  -> 656  -> 678  -> 651  -> 670  -> 650  -> 677  -> 675  -> 667  -> 680  -> 671  -> 
Charging time: 
405.79799597472464  + 361.94431939408906  + 426.9717224170546  + 513.9797393298641  + 440.42713055214887  + 266.53707244564487  + 409.42916222244014  + 264.9793159726829  + 409.5009026578866  + 484.55954304212634  + 498.0646185276686  + 504.20065058413735  + 524.6763312205113  + 664.7977834819718  + 361.7846697931979  + 361.8749742564647  + 361.9610438532422  + 595.1535123978111  + 725.825147673347  + 265.8174554349647  + 770.691534450325  + 749.8390671090962  + 646.1942949492357  + 752.8385381772185  + 409.48530829632983  + 409.4221537368958  + 409.5027882372442  + 598.8498576939751  + 629.6670814185599  + 789.0162861488251  + 518.5187201433008  + 892.6778846964352  + 265.5998013659546  + 835.8366021348253  + 504.1941008677888  + 935.9577639692409  + 698.2323346847951  + 788.3871860550431  + 
total node:38/38
-------------------
Traveling energy: 2006.3117818857809
Charging energy: 102265.97197683531
Total energy used: 104272.2837587211
-------------------
Total time for travel: 2006.3117818857809
Total time for charging: 20453.194395367063
Charging round duration: 22459.506177252842
-------------------
ID | p | E0 | time_arrive | E_remain | time_charge | energy_charge| E_after_charge | E_after_cycle
683 | 0.12 | 8840.29 | 171.50 | 8819.71 | 405.80 | 2028.99 | 10800.00 | 8010.87
663 | 0.07 | 8632.75 | 607.68 | 8590.21 | 361.94 | 1809.72 | 10374.60 | 8775.07
661 | 0.09 | 8792.44 | 987.47 | 8703.57 | 426.97 | 2134.86 | 10800.00 | 8783.50
652 | 0.11 | 8454.95 | 1530.12 | 8286.64 | 513.98 | 2569.90 | 10800.00 | 8404.65
665 | 0.10 | 8853.10 | 2111.94 | 8641.91 | 440.43 | 2202.14 | 10800.00 | 8673.24
682 | 0.05 | 8373.47 | 2647.01 | 8241.12 | 266.54 | 1332.69 | 9560.48 | 8515.15
660 | 0.08 | 8721.76 | 3048.22 | 8477.90 | 409.43 | 2047.15 | 10492.30 | 8863.31
672 | 0.05 | 8422.69 | 3467.14 | 8249.34 | 264.98 | 1324.90 | 9560.98 | 8556.59
653 | 0.08 | 8720.23 | 3765.49 | 8418.99 | 409.50 | 2047.50 | 10433.74 | 8862.14
673 | 0.12 | 8944.51 | 4242.98 | 8435.35 | 484.56 | 2422.80 | 10800.00 | 8508.90
664 | 0.12 | 8944.52 | 4792.27 | 8369.44 | 498.06 | 2490.32 | 10800.00 | 8576.44
676 | 0.10 | 8852.98 | 5336.91 | 8319.29 | 504.20 | 2521.00 | 10789.87 | 8991.98
669 | 0.12 | 8944.51 | 5874.40 | 8239.58 | 524.68 | 2623.38 | 10800.00 | 8709.49
657 | 0.13 | 8399.69 | 6440.45 | 7562.43 | 664.80 | 3323.99 | 10800.00 | 8627.08
649 | 0.07 | 8636.56 | 7119.54 | 8138.19 | 361.78 | 1808.92 | 9921.79 | 8778.08
679 | 0.07 | 8634.41 | 7499.54 | 8109.44 | 361.87 | 1809.37 | 9893.48 | 8776.38
684 | 0.07 | 8632.35 | 7903.73 | 8079.09 | 361.96 | 1809.81 | 9863.56 | 8774.76
666 | 0.13 | 8979.94 | 8294.88 | 7901.60 | 595.15 | 2975.77 | 10800.00 | 8859.10
668 | 0.14 | 8519.18 | 8904.93 | 7272.49 | 725.83 | 3629.13 | 10800.00 | 8813.50
681 | 0.05 | 8396.14 | 9727.07 | 7909.78 | 265.82 | 1329.09 | 9225.58 | 8534.22
685 | 0.15 | 8566.05 | 10026.01 | 7062.15 | 770.69 | 3853.46 | 10800.00 | 8846.50
659 | 0.14 | 8333.99 | 10815.64 | 6819.80 | 749.84 | 3749.20 | 10464.02 | 8748.38
674 | 0.13 | 8979.94 | 11575.64 | 7475.10 | 646.19 | 3230.97 | 10622.07 | 9114.31
658 | 0.14 | 8300.79 | 12250.22 | 6585.75 | 752.84 | 3764.19 | 10244.55 | 8730.18
648 | 0.08 | 8720.57 | 13025.95 | 7678.49 | 409.49 | 2047.43 | 9693.16 | 8862.39
654 | 0.08 | 8721.91 | 13501.75 | 7641.77 | 409.42 | 2047.11 | 9656.13 | 8863.42
655 | 0.08 | 8720.19 | 14024.32 | 7598.25 | 409.50 | 2047.51 | 9613.00 | 8862.11
662 | 0.12 | 8944.50 | 14455.05 | 7209.90 | 598.85 | 2994.25 | 10132.29 | 9080.35
656 | 0.12 | 8506.74 | 15092.18 | 6695.68 | 629.67 | 3148.34 | 9768.46 | 8796.68
678 | 0.16 | 9051.63 | 15738.95 | 6533.40 | 789.02 | 3945.08 | 10352.24 | 9185.52
651 | 0.10 | 8608.52 | 16563.23 | 6952.20 | 518.52 | 2592.59 | 9492.94 | 8819.11
670 | 0.18 | 9000.58 | 17174.69 | 5909.14 | 892.68 | 4463.39 | 10211.85 | 9176.37
650 | 0.05 | 8403.02 | 18092.98 | 7498.37 | 265.60 | 1328.00 | 8813.09 | 8540.02
677 | 0.17 | 9078.63 | 18418.88 | 5947.42 | 835.84 | 4179.18 | 9984.52 | 9208.42
675 | 0.10 | 8853.10 | 19272.47 | 6925.85 | 504.19 | 2520.97 | 9396.40 | 8992.07
667 | 0.18 | 8584.39 | 19818.17 | 5017.12 | 935.96 | 4679.79 | 9528.43 | 8976.57
680 | 0.14 | 8949.96 | 20828.78 | 6033.93 | 698.23 | 3491.16 | 9427.34 | 9106.32
671 | 0.16 | 9058.86 | 21562.24 | 5608.90 | 788.39 | 3941.94 | 9424.69 | 9189.59
Vehicle 18
Charging tour: 
692  -> 701  -> 702  -> 721  -> 691  -> 694  -> 722  -> 693  -> 713  -> 706  -> 695  -> 688  -> 727  -> 690  -> 703  -> 720  -> 686  -> 710  -> 725  -> 705  -> 699  -> 697  -> 707  -> 719  -> 717  -> 704  -> 715  -> 712  -> 689  -> 698  -> 700  -> 711  -> 714  -> 696  -> 724  -> 716  -> 687  -> 726  -> 718  -> 723  -> 708  -> 709  -> 
Charging time: 
356.6639059315621  + 404.3889297895  + 309.09147010712735  + 308.5149649785368  + 499.5563012510322  + 309.01235328189654  + 356.79804719511327  + 499.55107143713894  + 356.8456696767345  + 261.154527056339  + 404.46064760083857  + 648.9060542224946  + 689.5578435067594  + 594.5777991274465  + 547.0729604369011  + 594.5777670056817  + 309.14018381621617  + 594.5777071894719  + 642.0723981990728  + 404.41660240809796  + 642.0723885047934  + 452.01043761826077  + 737.03032435885  + 404.4492202952505  + 594.5780262621169  + 356.6601005395149  + 784.4605744850031  + 452.00851739880335  + 858.7464778488738  + 736.9961856635576  + 642.0725275204628  + 356.8261203876949  + 642.0723909491479  + 547.0735817347676  + 594.5778355600304  + 642.0723822185589  + 259.6253811369324  + 356.8369526871473  + 594.5778326485936  + 404.4323604922167  + 261.1387268649262  + 689.5528142060535  + 
total node:42/42
-------------------
Traveling energy: 2495.9581820024146
Charging energy: 105504.04181799757
Total energy used: 107999.99999999999
-------------------
Total time for travel: 2495.9581820024146
Total time for charging: 21100.808363599514
Charging round duration: 23596.766545601928
-------------------
ID | p | E0 | time_arrive | E_remain | time_charge | energy_charge| E_after_charge | E_after_cycle
692 | 0.07 | 7719.88 | 186.20 | 7706.84 | 356.66 | 1783.32 | 9465.19 | 7835.79
701 | 0.08 | 7781.48 | 549.18 | 7737.54 | 404.39 | 2021.94 | 9727.14 | 7897.82
702 | 0.06 | 7635.47 | 996.01 | 7575.71 | 309.09 | 1545.46 | 9102.62 | 7751.72
721 | 0.06 | 7649.74 | 1405.40 | 7565.41 | 308.51 | 1542.57 | 9089.48 | 7763.11
691 | 0.10 | 7873.85 | 1796.50 | 7694.20 | 499.56 | 2497.78 | 10142.02 | 7989.63
694 | 0.06 | 7637.42 | 2323.25 | 7498.03 | 309.01 | 1545.06 | 9024.55 | 7753.28
722 | 0.07 | 7716.97 | 2707.34 | 7527.46 | 356.80 | 1783.99 | 9286.47 | 7833.56
693 | 0.10 | 7873.93 | 3118.10 | 7562.12 | 499.55 | 2497.76 | 10009.92 | 7989.68
713 | 0.07 | 7715.94 | 3632.92 | 7461.64 | 356.85 | 1784.23 | 9220.89 | 7832.77
706 | 0.05 | 7530.85 | 4011.48 | 7330.27 | 261.15 | 1305.77 | 8622.99 | 7645.62
695 | 0.08 | 7780.10 | 4338.86 | 7432.99 | 404.46 | 2022.30 | 9422.94 | 7896.80
688 | 0.13 | 7880.12 | 4752.50 | 7262.30 | 648.91 | 3244.53 | 10422.47 | 8028.05
727 | 0.14 | 7985.99 | 5492.27 | 7217.07 | 689.56 | 3447.79 | 10568.32 | 8098.98
690 | 0.12 | 7938.60 | 6260.01 | 7187.40 | 594.58 | 2972.89 | 10088.94 | 8053.09
703 | 0.11 | 7908.95 | 6943.44 | 7145.17 | 547.07 | 2735.36 | 9820.36 | 8024.11
720 | 0.12 | 7938.60 | 7549.47 | 7032.66 | 594.58 | 2972.89 | 9934.20 | 8053.09
686 | 0.06 | 7634.26 | 8172.50 | 7143.91 | 309.14 | 1545.70 | 8671.07 | 7750.76
710 | 0.12 | 7938.60 | 8553.25 | 6912.21 | 594.58 | 2972.89 | 9813.75 | 8053.09
725 | 0.13 | 7963.99 | 9175.43 | 6771.19 | 642.07 | 3210.36 | 9898.08 | 8077.75
705 | 0.08 | 7780.95 | 9868.18 | 6991.49 | 404.42 | 2022.08 | 8981.22 | 7897.43
699 | 0.13 | 7963.99 | 10311.99 | 6623.43 | 642.07 | 3210.36 | 9750.32 | 8077.75
697 | 0.09 | 7831.87 | 10988.05 | 6842.94 | 452.01 | 2260.05 | 9062.32 | 7948.12
707 | 0.15 | 8005.29 | 11453.00 | 6287.34 | 737.03 | 3685.15 | 9861.94 | 8117.44
719 | 0.08 | 7780.32 | 12247.81 | 6800.49 | 404.45 | 2022.25 | 8790.38 | 7896.96
717 | 0.12 | 7938.60 | 12688.32 | 6416.00 | 594.58 | 2972.89 | 9317.54 | 8053.09
704 | 0.07 | 7719.96 | 13300.19 | 6788.94 | 356.66 | 1783.30 | 8547.28 | 7835.86
715 | 0.16 | 8022.69 | 13677.67 | 5834.27 | 784.46 | 3922.30 | 9631.06 | 8133.80
712 | 0.09 | 7831.90 | 14573.24 | 6520.31 | 452.01 | 2260.04 | 8739.67 | 7948.14
689 | 0.16 | 7328.69 | 15174.71 | 4900.74 | 858.75 | 4293.73 | 9057.07 | 7811.22
698 | 0.15 | 8005.67 | 16059.53 | 5596.74 | 737.00 | 3684.98 | 9171.17 | 8117.64
700 | 0.13 | 7963.99 | 16826.62 | 5776.53 | 642.07 | 3210.36 | 8903.42 | 8077.75
711 | 0.07 | 7716.37 | 17519.42 | 6490.01 | 356.83 | 1784.13 | 8249.16 | 7833.10
714 | 0.13 | 7963.99 | 17886.83 | 5638.70 | 642.07 | 3210.36 | 8765.60 | 8077.75
696 | 0.11 | 7908.94 | 18559.46 | 5867.40 | 547.07 | 2735.37 | 8542.59 | 8024.11
724 | 0.12 | 7938.60 | 19155.40 | 5639.95 | 594.58 | 2972.89 | 8541.49 | 8053.09
716 | 0.13 | 7963.99 | 19793.69 | 5390.81 | 642.07 | 3210.36 | 8517.70 | 8077.75
687 | 0.05 | 7575.20 | 20518.27 | 6549.29 | 259.63 | 1298.13 | 7834.44 | 7682.33
726 | 0.07 | 7716.13 | 20864.21 | 6255.64 | 356.84 | 1784.18 | 8014.84 | 7832.92
718 | 0.12 | 7938.60 | 21259.38 | 5387.47 | 594.58 | 2972.89 | 8289.01 | 8053.09
723 | 0.08 | 7780.64 | 21960.77 | 6023.78 | 404.43 | 2022.16 | 8013.59 | 7897.20
708 | 0.05 | 7531.30 | 22476.57 | 6407.47 | 261.14 | 1305.69 | 7700.11 | 7646.00
709 | 0.14 | 7986.05 | 22836.37 | 4788.96 | 689.55 | 3447.76 | 8140.18 | 8099.01
Vehicle 19
Charging tour: 
748  -> 737  -> 729  -> 740  -> 742  -> 749  -> 741  -> 743  -> 731  -> 746  -> 728  -> 758  -> 735  -> 734  -> 760  -> 733  -> 736  -> 750  -> 764  -> 753  -> 761  -> 745  -> 732  -> 765  -> 739  -> 751  -> 755  -> 744  -> 756  -> 763  -> 752  -> 738  -> 762  -> 747  -> 757  -> 766  -> 730  -> 759  -> 754  -> 
Charging time: 
324.412875549562  + 329.57166200835377  + 438.8377080110018  + 262.2089486475116  + 463.4368200343208  + 514.3948109950738  + 590.6076120527559  + 623.3459470370208  + 303.48961586685095  + 295.50980467053944  + 305.357380076072  + 306.4632704463636  + 302.0697969274846  + 300.7369163985506  + 397.50354591447507  + 359.93676046451696  + 356.5955692883774  + 407.1376195313205  + 491.88761125988276  + 594.9843275836458  + 254.58843242040598  + 401.1999217855203  + 865.8749799625243  + 449.84222173671566  + 738.9288677726186  + 555.9542905414846  + 692.6933906793951  + 299.89705817075753  + 546.4094442504285  + 789.7873722064389  + 498.57504684746635  + 748.5188272414324  + 578.8490857968989  + 513.5636814908552  + 639.2946163269199  + 482.72223362303134  + 560.7650847687937  + 589.8238326811243  + 682.6138934908886  + 
total node:39/39
-------------------
Traveling energy: 2854.9423479774737
Charging energy: 94291.95442278692
Total energy used: 97146.89677076439
-------------------
Total time for travel: 2854.9423479774737
Total time for charging: 18858.390884557382
Charging round duration: 21713.333232534857
-------------------
ID | p | E0 | time_arrive | E_remain | time_charge | energy_charge| E_after_charge | E_after_cycle
748 | 0.11 | 9235.57 | 199.52 | 9213.62 | 324.41 | 1622.06 | 10800.00 | 8237.43
737 | 0.08 | 9223.41 | 561.32 | 9178.51 | 329.57 | 1647.86 | 10800.00 | 8965.67
729 | 0.09 | 8729.49 | 935.33 | 8645.31 | 438.84 | 2194.19 | 10800.00 | 8779.87
740 | 0.06 | 9590.43 | 1429.02 | 9504.69 | 262.21 | 1311.04 | 10800.00 | 9472.27
742 | 0.12 | 8757.54 | 1825.89 | 8538.43 | 463.44 | 2317.18 | 10800.00 | 8216.32
749 | 0.16 | 8691.53 | 2382.52 | 8310.33 | 514.39 | 2571.97 | 10800.00 | 7452.31
741 | 0.14 | 8342.72 | 2950.54 | 7929.65 | 590.61 | 2953.04 | 10800.00 | 7960.96
743 | 0.15 | 8320.13 | 3622.37 | 7776.77 | 623.35 | 3116.73 | 10800.00 | 7863.86
731 | 0.06 | 9457.05 | 4290.49 | 9199.62 | 303.49 | 1517.45 | 10698.86 | 9545.30
746 | 0.07 | 9667.29 | 4630.74 | 9343.14 | 295.51 | 1477.55 | 10800.00 | 9477.44
728 | 0.06 | 9399.20 | 4964.09 | 9101.36 | 305.36 | 1526.79 | 10609.82 | 9496.79
758 | 0.07 | 9660.11 | 5299.59 | 9289.14 | 306.46 | 1532.32 | 10800.00 | 9525.02
735 | 0.06 | 9501.50 | 5674.97 | 9161.00 | 302.07 | 1510.35 | 10653.23 | 9582.65
734 | 0.06 | 9543.61 | 6040.07 | 9181.21 | 300.74 | 1503.68 | 10666.85 | 9618.10
760 | 0.13 | 9691.19 | 6361.77 | 8864.16 | 397.50 | 1987.52 | 10800.00 | 8582.10
733 | 0.07 | 9302.94 | 6903.37 | 8819.70 | 359.94 | 1799.68 | 10594.19 | 9435.22
736 | 0.07 | 9390.10 | 7449.42 | 8868.64 | 356.60 | 1782.98 | 10626.66 | 9505.68
750 | 0.08 | 9399.33 | 7909.58 | 8766.57 | 407.14 | 2035.69 | 10769.68 | 9529.42
764 | 0.14 | 9584.46 | 8393.08 | 8409.43 | 491.89 | 2459.44 | 10800.00 | 8709.09
753 | 0.13 | 9058.88 | 8895.76 | 7902.43 | 594.98 | 2974.92 | 10800.00 | 8937.20
761 | 0.05 | 9394.63 | 9621.93 | 8913.53 | 254.59 | 1272.94 | 10173.74 | 9476.57
745 | 0.08 | 9538.44 | 10018.92 | 8736.93 | 401.20 | 2006.00 | 10710.83 | 9638.84
732 | 0.14 | 7734.30 | 10429.10 | 6274.23 | 865.87 | 4329.37 | 10482.38 | 8728.88
765 | 0.10 | 9731.56 | 11357.90 | 8595.77 | 449.84 | 2249.21 | 10800.00 | 9598.77
739 | 0.13 | 8415.68 | 11863.49 | 6873.42 | 738.93 | 3694.64 | 10472.00 | 9013.72
751 | 0.11 | 9464.59 | 12620.63 | 8076.32 | 555.95 | 2779.77 | 10794.94 | 9624.16
755 | 0.13 | 8977.40 | 13184.99 | 7263.35 | 692.69 | 3463.47 | 10636.77 | 9344.27
744 | 0.06 | 9570.34 | 13994.83 | 8730.65 | 299.90 | 1499.49 | 10212.14 | 9640.62
756 | 0.11 | 9629.92 | 14394.56 | 8046.52 | 546.41 | 2732.05 | 10718.46 | 9741.77
763 | 0.15 | 9085.09 | 14985.62 | 6837.25 | 789.79 | 3948.94 | 10667.72 | 9461.03
752 | 0.10 | 9594.40 | 15834.56 | 8010.94 | 498.58 | 2492.88 | 10453.96 | 9705.27
738 | 0.13 | 8307.85 | 16427.98 | 6172.22 | 748.52 | 3742.59 | 9817.50 | 8953.85
762 | 0.12 | 9916.63 | 17276.64 | 7843.43 | 578.85 | 2894.25 | 10668.22 | 9952.48
747 | 0.10 | 9314.38 | 17906.72 | 7523.71 | 513.56 | 2567.82 | 10040.17 | 9500.20
757 | 0.13 | 9727.26 | 18497.69 | 7322.56 | 639.29 | 3196.47 | 10435.93 | 9827.13
766 | 0.10 | 9909.48 | 19181.65 | 7991.32 | 482.72 | 2413.61 | 10356.66 | 9941.09
730 | 0.10 | 8530.36 | 19690.64 | 6561.29 | 560.77 | 2803.83 | 9309.04 | 8952.18
759 | 0.11 | 8921.10 | 20277.95 | 6690.53 | 589.82 | 2949.12 | 9574.77 | 9250.02
754 | 0.13 | 9109.96 | 20893.55 | 6393.80 | 682.61 | 3413.07 | 9718.13 | 9426.43
Network survivability: 99.86945169712794%
networkSurvivabilityOverThousand: 76.5%
Average dead duration: 117446.98511294577
Traveling energy: 46683.6444028523
total calculate time: 50.23673462867737
