total sensor 765
condition 16.756796073412904
gen: 1
2000
gen: 2
2000
gen: 3
2000
gen: 4
2000
gen: 5
2000
gen: 6
2000
gen: 7
2000
gen: 8
2000
gen: 9
2000
gen: 10
2000
gen: 11
2000
gen: 12
2000
gen: 13
2000
gen: 14
2000
gen: 15
2000
gen: 16
2000
gen: 17
2000
gen: 18
2000
gen: 19
2000
gen: 20
2000
gen: 21
2000
gen: 22
2000
gen: 23
2000
gen: 24
2000
gen: 25
2000
gen: 26
2000
gen: 27
2000
gen: 28
2000
gen: 29
2000
gen: 30
2000
gen: 31
2000
gen: 32
2000
gen: 33
2000
gen: 34
2000
gen: 35
2000
gen: 36
2000
gen: 37
2000
gen: 38
2000
gen: 39
2000
gen: 40
2000
gen: 41
2000
gen: 42
2000
gen: 43
2000
gen: 44
2000
gen: 45
2000
gen: 46
2000
gen: 47
2000
gen: 48
2000
gen: 49
2000
gen: 50
2000
Number of charging vehicles: 20
Survey time: 23818.557198323313
Network clustering infor: 
Cluster 0:
[1, 2, 3, 4, 5, 6, 7, 8, 9, 10, 11, 12, 13, 14, 15, 16, 17, 18, 19, 20, 21, 22, 23, 24, 25, 26, 27, 28, 29, 30, 31, 32, 33, 34, 35, 36, 37, 38, 39, 40, 41, 42]
Cluster 1:
[43, 44, 45, 46, 47, 48, 49, 50, 51, 52, 53, 54, 55, 56, 57, 58, 59, 60, 61, 62, 63, 64, 65, 66, 67, 68, 69, 70, 71, 72, 73, 74, 75, 76, 77, 78, 79, 80, 81, 82, 83]
Cluster 2:
[84, 85, 86, 87, 88, 89, 90, 91, 92, 93, 94, 95, 96, 97, 98, 99, 100, 101, 102, 103, 104, 105, 106, 107, 108, 109, 110, 111, 112, 113, 114, 115, 116, 117, 118, 119, 120, 121]
Cluster 3:
[122, 123, 124, 125, 126, 127, 128, 129, 130, 131, 132, 133, 134, 135, 136, 137, 138, 139, 140, 141, 142, 143, 144, 145, 146, 147, 148, 149, 150, 151, 152, 153, 154, 155, 156, 157]
Cluster 4:
[158, 159, 160, 161, 162, 163, 164, 165, 166, 167, 168, 169, 170, 171, 172, 173, 174, 175, 176, 177, 178, 179, 180, 181, 182, 183, 184, 185, 186, 187, 188, 189]
Cluster 5:
[190, 191, 192, 193, 194, 195, 196, 197, 198, 199, 200, 201, 202, 203, 204, 205, 206, 207, 208, 209, 210, 211, 212, 213, 214, 215, 216, 217, 218, 219, 220, 221, 222, 223, 224, 225, 226, 227, 228, 229, 230, 231]
Cluster 6:
[232, 233, 234, 235, 236, 237, 238, 239, 240, 241, 242, 243, 244, 245, 246, 247, 248, 249, 250, 251, 252, 253, 254, 255, 256, 257, 258, 259, 260, 261, 262, 263, 264, 265, 266, 267, 268, 269, 270, 271, 272]
Cluster 7:
[273, 274, 275, 276, 277, 278, 279, 280, 281, 282, 283, 284, 285, 286, 287, 288, 289, 290, 291, 292, 293, 294, 295, 296, 297, 298, 299, 300, 301, 302, 303, 304, 305, 306, 307, 308, 309, 310, 311, 312]
Cluster 8:
[313, 314, 315, 316, 317, 318, 319, 320, 321, 322, 323, 324, 325, 326, 327, 328, 329, 330, 331, 332, 333, 334, 335, 336, 337, 338, 339, 340, 341, 342, 343, 344, 345, 346, 347, 348, 349, 350, 351]
Cluster 9:
[352, 353, 354, 355, 356, 357, 358, 359, 360, 361, 362, 363, 364, 365, 366, 367, 368, 369, 370, 371, 372, 373, 374, 375, 376, 377, 378, 379, 380, 381, 382, 383, 384, 385, 386, 387, 388, 389, 390, 391, 392]
Cluster 10:
[393, 394, 395, 396, 397, 398, 399, 400, 401, 402, 403, 404, 405, 406, 407, 408, 409, 410, 411, 412, 413, 414, 415, 416, 417, 418, 419, 420, 421, 422, 423, 424, 425, 426, 427, 428, 429, 430, 431]
Cluster 11:
[432, 433, 434, 435, 436, 437, 438, 439, 440, 441, 442, 443, 444, 445, 446, 447, 448, 449, 450, 451, 452, 453, 454, 455, 456, 457, 458, 459, 460, 461, 462, 463, 464, 465, 466, 467, 468, 469]
Cluster 12:
[470, 471, 472, 473, 474, 475, 476, 477, 478, 479, 480, 481, 482, 483, 484, 485, 486, 487, 488, 489, 490, 491, 492, 493, 494, 495, 496, 497, 498, 499, 500, 501, 502, 503, 504, 505, 506, 507, 508]
Cluster 13:
[509, 510, 511, 512, 513, 514, 515, 516, 517, 518, 519, 520, 521, 522, 523, 524, 525, 526, 527, 528, 529, 530, 531, 532, 533, 534, 535, 536, 537, 538, 539, 540]
Cluster 14:
[541, 542, 543, 544, 545, 546, 547, 548, 549, 550, 551, 552, 553, 554, 555, 556, 557, 558, 559, 560, 561, 562, 563, 564, 565, 566, 567, 568, 569, 570, 571, 572, 573, 574, 575, 576, 577, 578, 579, 580]
Cluster 15:
[581, 582, 583, 584, 585, 586, 587, 588, 589, 590, 591, 592, 593, 594, 595, 596, 597, 598, 599, 600, 601, 602, 603, 604, 605, 606, 607, 608, 609, 610, 611, 612, 613, 614, 615, 616, 617, 618, 619]
Cluster 16:
[620, 621, 622, 623, 624, 625, 626, 627, 628, 629, 630, 631, 632, 633, 634, 635, 636, 637, 638, 639, 640, 641, 642, 643, 644, 645, 646]
Cluster 17:
[647, 648, 649, 650, 651, 652, 653, 654, 655, 656, 657, 658, 659, 660, 661, 662, 663, 664, 665, 666, 667, 668, 669, 670, 671, 672, 673, 674, 675, 676, 677, 678, 679, 680, 681, 682, 683, 684]
Cluster 18:
[685, 686, 687, 688, 689, 690, 691, 692, 693, 694, 695, 696, 697, 698, 699, 700, 701, 702, 703, 704, 705, 706, 707, 708, 709, 710, 711, 712, 713, 714, 715, 716, 717, 718, 719, 720, 721, 722, 723, 724, 725, 726]
Cluster 19:
[727, 728, 729, 730, 731, 732, 733, 734, 735, 736, 737, 738, 739, 740, 741, 742, 743, 744, 745, 746, 747, 748, 749, 750, 751, 752, 753, 754, 755, 756, 757, 758, 759, 760, 761, 762, 763, 764, 765]
Vehicle 0
Charging tour: 
12  -> 23  -> 27  -> 1  -> 14  -> 3  -> 41  -> 15  -> 9  -> 21  -> 20  -> 17  -> 5  -> 24  -> 37  -> 11  -> 7  -> 34  -> 25  -> 10  -> 40  -> 28  -> 29  -> 2  -> 26  -> 42  -> 36  -> 6  -> 32  -> 30  -> 13  -> 4  -> 19  -> 18  -> 39  -> 22  -> 8  -> 31  -> 38  -> 16  -> 35  -> 33  -> 
Charging time: 
296.9874642300687  + 583.948403252109  + 679.6572405557919  + 536.1037294623043  + 488.2676243402336  + 536.1029536665292  + 726.7260688881021  + 488.26800830097477  + 392.62199350237364  + 296.9791064972546  + 392.62244986445535  + 583.9481652850147  + 296.6682230140186  + 679.6208870305676  + 488.26807816914754  + 392.6228700831152  + 488.26713443537017  + 583.948410345094  + 631.8015804531573  + 344.81313661259315  + 678.9905374684307  + 344.77479381421784  + 679.6579279950182  + 488.2680310543469  + 296.87450204798944  + 631.7776434097033  + 679.6579423987208  + 488.26745006225156  + 440.4391950883468  + 536.1029841232554  + 583.9484083380183  + 488.26731359981187  + 631.8015819792988  + 248.38020488101455  + 661.6968441902403  + 344.783576816622  + 392.627100700065  + 344.7232484398459  + 392.6236283798062  + 679.6579422724902  + 536.1030762313799  + 679.6578737204803  + 
total node:42/42
-------------------
Traveling energy: 2213.3733250018745
Charging energy: 105786.62667499812
Total energy used: 107999.99999999999
-------------------
Total time for travel: 2213.3733250018745
Total time for charging: 21157.325334999623
Charging round duration: 23370.698660001497
-------------------
ID | p | E0 | time_arrive | E_remain | time_charge | energy_charge| E_after_charge | E_after_cycle
12 | 0.06 | 6339.45 | 188.03 | 6328.17 | 296.99 | 1484.94 | 7795.29 | 6395.27
23 | 0.12 | 6448.30 | 505.89 | 6387.59 | 583.95 | 2919.74 | 9237.26 | 6509.82
27 | 0.14 | 6463.63 | 1107.69 | 6308.55 | 679.66 | 3398.29 | 9611.69 | 6527.32
1 | 0.11 | 6438.46 | 1886.70 | 6230.93 | 536.10 | 2680.52 | 8852.48 | 6498.94
14 | 0.10 | 6426.59 | 2442.66 | 6182.32 | 488.27 | 2441.34 | 8574.83 | 6486.07
3 | 0.11 | 6438.47 | 2951.76 | 6113.78 | 536.10 | 2680.51 | 8735.32 | 6498.95
41 | 0.15 | 6476.78 | 3530.19 | 5947.25 | 726.73 | 3633.63 | 9471.87 | 6537.62
15 | 0.10 | 6426.58 | 4305.08 | 5996.08 | 488.27 | 2441.34 | 8388.59 | 6486.07
9 | 0.08 | 6393.72 | 4841.27 | 6006.42 | 392.62 | 1963.11 | 7938.12 | 6451.35
21 | 0.06 | 6339.63 | 5239.48 | 6025.26 | 296.98 | 1484.90 | 7492.34 | 6395.41
20 | 0.08 | 6393.72 | 5589.85 | 5946.53 | 392.62 | 1963.11 | 7878.23 | 6451.34
17 | 0.12 | 6448.30 | 6056.69 | 5721.50 | 583.95 | 2919.74 | 8571.17 | 6509.82
5 | 0.06 | 6346.27 | 6706.71 | 5943.87 | 296.67 | 1483.34 | 7409.41 | 6400.50
24 | 0.14 | 6463.98 | 7038.69 | 5478.56 | 679.62 | 3398.10 | 8781.52 | 6527.48
37 | 0.10 | 6426.58 | 7750.03 | 5651.58 | 488.27 | 2441.34 | 8044.09 | 6486.07
11 | 0.08 | 6393.71 | 8253.28 | 5733.45 | 392.62 | 1963.11 | 7665.15 | 6451.34
7 | 0.10 | 6426.60 | 8685.25 | 5558.07 | 488.27 | 2441.34 | 7950.58 | 6486.08
34 | 0.12 | 6448.30 | 9223.25 | 5341.51 | 583.95 | 2919.74 | 8191.18 | 6509.82
25 | 0.13 | 6456.56 | 9883.09 | 5171.76 | 631.80 | 3159.01 | 8248.63 | 6519.15
10 | 0.07 | 6370.19 | 10555.92 | 5631.28 | 344.81 | 1724.07 | 7331.21 | 6426.96
40 | 0.14 | 6469.98 | 11008.17 | 4928.83 | 678.99 | 3394.95 | 8228.73 | 6530.33
28 | 0.07 | 6370.90 | 11707.96 | 5551.35 | 344.77 | 1723.87 | 7251.09 | 6427.48
29 | 0.14 | 6463.62 | 12098.15 | 4769.88 | 679.66 | 3398.29 | 8073.02 | 6527.32
2 | 0.10 | 6426.58 | 12793.97 | 5147.19 | 488.27 | 2441.34 | 7539.70 | 6486.07
26 | 0.06 | 6341.86 | 13306.54 | 5543.47 | 296.87 | 1484.37 | 7010.03 | 6397.12
42 | 0.13 | 6456.80 | 13685.24 | 4677.72 | 631.78 | 3158.89 | 7754.48 | 6519.28
36 | 0.14 | 6463.62 | 14471.32 | 4437.64 | 679.66 | 3398.29 | 7740.78 | 6527.32
6 | 0.10 | 6426.59 | 15169.18 | 4909.67 | 488.27 | 2441.34 | 7302.18 | 6486.07
32 | 0.09 | 6412.02 | 15670.00 | 5001.72 | 440.44 | 2202.20 | 7164.28 | 6470.55
30 | 0.11 | 6438.47 | 16155.38 | 4661.38 | 536.10 | 2680.51 | 7282.93 | 6498.95
13 | 0.12 | 6448.30 | 16758.08 | 4437.33 | 583.95 | 2919.74 | 7287.00 | 6509.82
4 | 0.10 | 6426.59 | 17404.81 | 4686.11 | 488.27 | 2441.34 | 7078.62 | 6486.07
19 | 0.13 | 6456.56 | 17952.48 | 4122.74 | 631.80 | 3159.01 | 7199.61 | 6519.15
18 | 0.05 | 6316.72 | 18599.07 | 5386.76 | 248.38 | 1241.90 | 6616.25 | 6367.69
39 | 0.14 | 6639.07 | 18886.87 | 3994.91 | 661.70 | 3308.48 | 7210.76 | 6612.96
22 | 0.07 | 6370.74 | 19706.31 | 4991.30 | 344.78 | 1723.92 | 6691.08 | 6427.36
8 | 0.08 | 6393.64 | 20106.46 | 4785.12 | 392.63 | 1963.14 | 6716.85 | 6451.29
31 | 0.07 | 6371.86 | 20523.24 | 4935.23 | 344.72 | 1723.62 | 6634.71 | 6428.17
38 | 0.08 | 6393.70 | 20886.26 | 4722.80 | 392.62 | 1963.12 | 6654.50 | 6451.33
16 | 0.14 | 6463.62 | 21307.52 | 3480.57 | 679.66 | 3398.29 | 6783.71 | 6527.32
35 | 0.11 | 6438.47 | 22041.28 | 4013.93 | 536.10 | 2680.52 | 6635.48 | 6498.95
33 | 0.14 | 6463.63 | 22597.61 | 3299.96 | 679.66 | 3398.29 | 6603.10 | 6527.32
Vehicle 1
Charging tour: 
83  -> 63  -> 51  -> 59  -> 49  -> 57  -> 60  -> 52  -> 68  -> 58  -> 81  -> 67  -> 73  -> 53  -> 76  -> 62  -> 47  -> 72  -> 56  -> 69  -> 77  -> 46  -> 48  -> 82  -> 65  -> 50  -> 74  -> 44  -> 66  -> 71  -> 64  -> 43  -> 78  -> 55  -> 70  -> 54  -> 45  -> 61  -> 75  -> 79  -> 80  -> 
Charging time: 
501.44785092396324  + 549.1373447209584  + 617.388500003407  + 262.35554802777176  + 596.8112629145933  + 644.4791833782623  + 358.1806683822786  + 644.4768849233913  + 358.22517832341396  + 549.1375976650062  + 549.1379789146254  + 262.37970438104793  + 501.44728587579385  + 644.4731814573256  + 453.74043873231466  + 549.1378716931594  + 501.44672518422954  + 692.1338659504817  + 405.99460382200914  + 405.9708619187423  + 596.8118496308537  + 358.2323523118158  + 549.1377448497838  + 405.993108620237  + 787.3950306404741  + 309.9970277480385  + 644.477025059451  + 723.5596250031223  + 501.4465412746378  + 644.4791770327512  + 596.8140563731266  + 405.9774874216748  + 644.4791164148984  + 358.13673510294245  + 644.4791735288301  + 358.2095159673034  + 549.1379808615271  + 549.1377390448137  + 310.34648422416245  + 358.22934698724293  + 692.1350916624967  + 
total node:41/41
-------------------
Traveling energy: 2445.781412923964
Charging energy: 105180.57373476484
Total energy used: 107626.35514768881
-------------------
Total time for travel: 2445.781412923964
Total time for charging: 21036.114746952968
Charging round duration: 23481.89615987693
-------------------
ID | p | E0 | time_arrive | E_remain | time_charge | energy_charge| E_after_charge | E_after_cycle
83 | 0.10 | 7868.19 | 147.72 | 7853.42 | 501.45 | 2507.24 | 10310.51 | 7993.57
63 | 0.11 | 7903.37 | 698.79 | 7826.50 | 549.14 | 2745.69 | 10511.78 | 8029.01
51 | 0.14 | 7980.84 | 1295.36 | 7799.49 | 617.39 | 3086.94 | 10800.00 | 7733.19
59 | 0.05 | 7519.35 | 1963.14 | 7421.19 | 262.36 | 1311.78 | 8719.85 | 7640.20
49 | 0.12 | 7933.13 | 2241.22 | 7664.19 | 596.81 | 2984.06 | 10576.63 | 8058.96
57 | 0.13 | 7958.57 | 2840.57 | 7589.29 | 644.48 | 3222.40 | 10727.91 | 8084.55
60 | 0.07 | 7710.75 | 3515.52 | 7464.66 | 358.18 | 1790.90 | 9230.49 | 7834.35
52 | 0.13 | 7958.60 | 3923.04 | 7448.60 | 644.48 | 3222.38 | 10587.20 | 8084.57
68 | 0.07 | 7709.79 | 4681.24 | 7382.10 | 358.23 | 1791.13 | 9148.15 | 7833.61
58 | 0.11 | 7903.36 | 5164.46 | 7335.27 | 549.14 | 2745.69 | 10020.56 | 8029.01
81 | 0.11 | 7903.36 | 5738.49 | 7272.12 | 549.14 | 2745.69 | 9957.41 | 8029.01
67 | 0.05 | 7518.66 | 6446.10 | 7196.35 | 262.38 | 1311.90 | 8495.13 | 7639.63
73 | 0.10 | 7868.20 | 6789.09 | 7189.29 | 501.45 | 2507.24 | 9646.38 | 7993.58
53 | 0.13 | 7958.64 | 7357.79 | 7002.13 | 644.47 | 3222.37 | 10140.71 | 8084.60
76 | 0.09 | 7825.92 | 8065.96 | 7099.99 | 453.74 | 2268.70 | 9327.85 | 7950.95
62 | 0.11 | 7903.36 | 8580.22 | 6959.54 | 549.14 | 2745.69 | 9644.82 | 8029.01
47 | 0.10 | 7868.21 | 9201.54 | 6948.05 | 501.45 | 2507.23 | 9405.14 | 7993.58
72 | 0.14 | 7980.65 | 9757.14 | 6614.65 | 692.13 | 3460.67 | 9978.42 | 8106.72
56 | 0.08 | 7774.46 | 10482.99 | 6935.82 | 405.99 | 2029.97 | 8933.31 | 7898.95
69 | 0.08 | 7774.91 | 10972.03 | 6897.15 | 405.97 | 2029.85 | 8894.53 | 7899.28
77 | 0.12 | 7933.12 | 11478.43 | 6555.71 | 596.81 | 2984.06 | 9468.15 | 8058.96
46 | 0.07 | 7709.63 | 12164.69 | 6858.10 | 358.23 | 1791.16 | 8624.19 | 7833.50
48 | 0.11 | 7903.36 | 12542.76 | 6523.66 | 549.14 | 2745.69 | 9208.94 | 8029.01
82 | 0.08 | 7774.49 | 13113.84 | 6725.38 | 405.99 | 2029.97 | 8722.87 | 7898.97
65 | 0.16 | 8017.29 | 13543.44 | 5850.34 | 787.40 | 3936.98 | 9661.34 | 8143.30
50 | 0.06 | 7636.50 | 14438.08 | 6770.21 | 310.00 | 1549.99 | 8301.60 | 7757.37
74 | 0.13 | 7958.59 | 14763.70 | 6039.31 | 644.48 | 3222.39 | 9177.92 | 8084.57
44 | 0.14 | 7634.04 | 15425.92 | 5474.41 | 723.56 | 3617.80 | 8990.91 | 7917.24
66 | 0.10 | 7868.21 | 16177.03 | 6250.51 | 501.45 | 2507.23 | 8707.59 | 7993.59
71 | 0.13 | 7958.57 | 16699.39 | 5787.65 | 644.48 | 3222.40 | 8926.26 | 8084.55
64 | 0.12 | 7933.10 | 17369.28 | 5848.78 | 596.81 | 2984.07 | 8761.23 | 8058.94
43 | 0.08 | 7774.79 | 18066.04 | 6329.50 | 405.98 | 2029.89 | 8326.91 | 7899.19
78 | 0.13 | 7958.57 | 18605.20 | 5539.89 | 644.48 | 3222.40 | 8678.51 | 8084.55
55 | 0.07 | 7711.69 | 19252.96 | 6363.98 | 358.14 | 1790.68 | 8129.60 | 7835.08
70 | 0.13 | 7958.57 | 19662.40 | 5402.46 | 644.48 | 3222.40 | 8541.07 | 8084.55
54 | 0.07 | 7710.12 | 20349.77 | 6285.64 | 358.21 | 1791.05 | 8051.61 | 7833.87
45 | 0.11 | 7903.36 | 20727.38 | 5623.35 | 549.14 | 2745.69 | 8308.63 | 8029.01
61 | 0.11 | 7903.36 | 21360.94 | 5553.66 | 549.14 | 2745.69 | 8238.94 | 8029.01
75 | 0.06 | 7627.90 | 21931.34 | 6312.02 | 310.35 | 1551.73 | 7845.13 | 7750.52
79 | 0.07 | 7709.70 | 22354.11 | 6144.91 | 358.23 | 1791.15 | 7910.98 | 7833.55
80 | 0.14 | 7980.64 | 22738.23 | 4797.29 | 692.14 | 3460.68 | 8161.06 | 8106.72
Vehicle 2
Charging tour: 
95  -> 106  -> 114  -> 87  -> 85  -> 99  -> 97  -> 96  -> 98  -> 92  -> 110  -> 100  -> 84  -> 94  -> 88  -> 105  -> 89  -> 111  -> 118  -> 90  -> 86  -> 93  -> 102  -> 119  -> 117  -> 120  -> 101  -> 107  -> 103  -> 115  -> 116  -> 104  -> 108  -> 121  -> 91  -> 109  -> 112  -> 113  -> 
Charging time: 
245.6394051415205  + 302.94998055494153  + 156.10719215308345  + 514.4867297312223  + 600.357383322894  + 541.4015746737996  + 235.72188015678037  + 326.478730494196  + 480.8693108469656  + 559.4197553217316  + 269.09782942573196  + 525.9777536269198  + 589.5181855668833  + 486.24930785012776  + 690.5417902632211  + 285.335747751731  + 878.8934043938933  + 262.60622111149763  + 246.0749806667779  + 844.9056646673334  + 473.7360524865003  + 391.75251745852955  + 519.6002846678559  + 307.3109100787137  + 282.2079262986788  + 362.0399489113749  + 321.83225695067847  + 409.14587398250796  + 320.0262508837416  + 411.58298227676755  + 622.1574661570799  + 559.5494599536263  + 549.8379627711612  + 320.829564929118  + 528.4543005502728  + 607.786497096005  + 656.8864347449032  + 446.035315398035  + 
total node:38/38
-------------------
Traveling energy: 2747.478885235838
Charging energy: 85667.02416658403
Total energy used: 88414.50305181986
-------------------
Total time for travel: 2747.478885235838
Total time for charging: 17133.404833316807
Charging round duration: 19880.883718552643
-------------------
ID | p | E0 | time_arrive | E_remain | time_charge | energy_charge| E_after_charge | E_after_cycle
95 | 0.07 | 9596.13 | 101.86 | 9589.00 | 245.64 | 1228.20 | 10800.00 | 9157.03
106 | 0.12 | 9371.99 | 419.86 | 9321.60 | 302.95 | 1514.75 | 10800.00 | 8028.51
114 | 0.09 | 10106.19 | 807.54 | 10033.51 | 156.11 | 780.54 | 10800.00 | 8743.06
87 | 0.11 | 8396.87 | 1024.63 | 8284.16 | 514.49 | 2572.43 | 10800.00 | 8349.26
85 | 0.12 | 8074.24 | 1699.86 | 7870.26 | 600.36 | 3001.79 | 10800.00 | 8217.80
99 | 0.15 | 8529.37 | 2367.77 | 8174.20 | 541.40 | 2707.01 | 10800.00 | 7663.59
97 | 0.06 | 9814.01 | 2974.54 | 9635.53 | 235.72 | 1178.61 | 10800.00 | 9563.50
96 | 0.08 | 9456.56 | 3285.42 | 9193.72 | 326.48 | 1632.39 | 10800.00 | 9183.47
98 | 0.12 | 8890.86 | 3645.86 | 8453.36 | 480.87 | 2404.35 | 10800.00 | 8436.98
92 | 0.12 | 8566.45 | 4136.80 | 8070.03 | 559.42 | 2797.10 | 10800.00 | 8505.32
110 | 0.09 | 9903.25 | 4716.84 | 9478.73 | 269.10 | 1345.49 | 10800.00 | 9105.06
100 | 0.13 | 8889.16 | 5005.18 | 8238.49 | 525.98 | 2629.89 | 10800.00 | 8422.64
84 | 0.10 | 8469.84 | 5584.75 | 7911.36 | 589.52 | 2947.59 | 10800.00 | 9035.57
94 | 0.10 | 9038.94 | 6215.65 | 8417.38 | 486.25 | 2431.25 | 10800.00 | 9088.33
88 | 0.12 | 8249.93 | 6831.48 | 7430.16 | 690.54 | 3452.71 | 10800.00 | 8844.42
105 | 0.07 | 9929.21 | 7655.94 | 9393.29 | 285.34 | 1426.68 | 10800.00 | 9688.59
89 | 0.15 | 7740.32 | 8019.69 | 6537.37 | 878.89 | 4394.47 | 10800.00 | 8562.00
111 | 0.07 | 10133.49 | 8973.34 | 9505.35 | 262.61 | 1313.03 | 10800.00 | 9779.22
118 | 0.07 | 10237.17 | 9290.32 | 9586.85 | 246.07 | 1230.37 | 10800.00 | 9800.25
90 | 0.14 | 8038.77 | 9607.26 | 6693.76 | 844.91 | 4224.53 | 10800.00 | 8928.71
86 | 0.08 | 8999.27 | 10526.05 | 8157.18 | 473.74 | 2368.68 | 10487.97 | 9462.46
93 | 0.07 | 9522.26 | 11091.94 | 8745.82 | 391.75 | 1958.76 | 10677.16 | 9813.72
102 | 0.10 | 9411.08 | 11571.24 | 8253.96 | 519.60 | 2598.00 | 10800.00 | 9627.23
119 | 0.06 | 10012.83 | 12182.48 | 9281.88 | 307.31 | 1536.55 | 10800.00 | 10120.27
117 | 0.06 | 10162.87 | 12616.24 | 9405.89 | 282.21 | 1411.04 | 10800.00 | 10144.79
120 | 0.10 | 10322.06 | 12960.56 | 9026.00 | 362.04 | 1810.20 | 10800.00 | 9750.40
101 | 0.06 | 9935.17 | 13335.50 | 9135.04 | 321.83 | 1609.16 | 10724.89 | 10115.22
107 | 0.08 | 9882.01 | 13687.56 | 8787.00 | 409.15 | 2045.73 | 10800.00 | 10022.25
103 | 0.06 | 9991.24 | 14197.14 | 9139.41 | 320.03 | 1600.13 | 10720.34 | 10162.25
115 | 0.08 | 9939.61 | 14557.53 | 8775.01 | 411.58 | 2057.91 | 10800.00 | 10092.04
116 | 0.14 | 9882.39 | 15043.42 | 7776.31 | 622.16 | 3110.79 | 10800.00 | 9658.58
104 | 0.10 | 9523.91 | 15692.46 | 7954.66 | 559.55 | 2797.75 | 10696.45 | 9939.80
108 | 0.10 | 9692.12 | 16282.78 | 8063.84 | 549.84 | 2749.19 | 10758.05 | 10059.46
121 | 0.06 | 9966.22 | 16944.40 | 8949.56 | 320.83 | 1604.15 | 10534.45 | 10141.25
91 | 0.09 | 9075.88 | 17382.77 | 7511.43 | 528.45 | 2642.27 | 10106.14 | 9574.48
109 | 0.11 | 9644.84 | 17937.49 | 7671.72 | 607.79 | 3038.93 | 10643.80 | 10063.74
112 | 0.12 | 9735.19 | 18591.90 | 7504.16 | 656.89 | 3284.43 | 10709.77 | 10161.40
113 | 0.08 | 9558.16 | 19286.40 | 8015.25 | 446.04 | 2230.18 | 10209.74 | 9882.85
Vehicle 3
Charging tour: 
132  -> 127  -> 123  -> 151  -> 125  -> 152  -> 147  -> 128  -> 148  -> 130  -> 124  -> 134  -> 137  -> 141  -> 145  -> 153  -> 142  -> 138  -> 136  -> 155  -> 146  -> 156  -> 150  -> 154  -> 140  -> 144  -> 133  -> 157  -> 135  -> 129  -> 122  -> 149  -> 131  -> 126  -> 139  -> 143  -> 
Charging time: 
247.33727046492373  + 569.3070949252153  + 835.1266996089622  + 415.7999766654341  + 545.9306746723403  + 340.20008953320865  + 381.2837990468929  + 590.872774831937  + 494.49195373129925  + 394.18650056753654  + 595.9205487222514  + 711.5749364817964  + 585.9837450068592  + 340.6882893990436  + 340.2283227478925  + 491.54829181823095  + 472.3564792254888  + 679.028271982864  + 443.4324132260154  + 740.8481082448526  + 490.2384086467492  + 665.2427648178983  + 839.401603210283  + 773.5213508407636  + 657.7387702762057  + 739.9464846435541  + 764.4708256550446  + 621.731334665235  + 509.33986361847644  + 397.26576311823453  + 841.1977121303103  + 676.5665101808802  + 293.6177955420426  + 293.6178232266768  + 536.3279433975868  + 247.55466528814634  + 
total node:36/36
-------------------
Traveling energy: 2232.6067893018344
Charging energy: 97819.62930080567
Total energy used: 100052.2360901075
-------------------
Total time for travel: 2232.6067893018344
Total time for charging: 19563.925860161133
Charging round duration: 21796.532649462966
-------------------
ID | p | E0 | time_arrive | E_remain | time_charge | energy_charge| E_after_charge | E_after_cycle
132 | 0.05 | 9165.02 | 199.25 | 9155.05 | 247.34 | 1236.69 | 10379.37 | 9210.77
127 | 0.13 | 8092.61 | 501.08 | 8027.47 | 569.31 | 2846.54 | 10800.00 | 7842.74
123 | 0.17 | 6965.33 | 1170.55 | 6766.34 | 835.13 | 4175.63 | 10800.00 | 7091.81
151 | 0.10 | 8973.16 | 2105.84 | 8762.58 | 415.80 | 2079.00 | 10800.00 | 8670.31
125 | 0.11 | 8409.15 | 2534.09 | 8130.40 | 545.93 | 2729.65 | 10800.00 | 8518.76
152 | 0.09 | 9409.39 | 3108.62 | 9129.62 | 340.20 | 1701.00 | 10800.00 | 8966.72
147 | 0.10 | 9278.97 | 3472.62 | 8931.71 | 381.28 | 1906.42 | 10800.00 | 8803.53
128 | 0.12 | 8382.60 | 3883.86 | 7916.54 | 590.87 | 2954.36 | 10800.00 | 8478.74
148 | 0.13 | 8976.87 | 4500.35 | 8391.82 | 494.49 | 2472.46 | 10800.00 | 8352.92
130 | 0.08 | 9201.13 | 5017.58 | 8799.72 | 394.19 | 1970.93 | 10739.12 | 9266.57
124 | 0.11 | 8368.68 | 5449.82 | 7769.20 | 595.92 | 2979.60 | 10683.25 | 8728.24
134 | 0.15 | 8266.30 | 6116.23 | 7348.86 | 711.57 | 3557.87 | 10800.00 | 8251.39
137 | 0.12 | 8763.47 | 6858.91 | 7940.40 | 585.98 | 2929.92 | 10800.00 | 8835.16
141 | 0.07 | 9315.23 | 7468.63 | 8792.43 | 340.69 | 1703.44 | 10472.02 | 9351.37
145 | 0.07 | 9327.82 | 7919.79 | 8773.44 | 340.23 | 1701.14 | 10450.76 | 9361.67
153 | 0.10 | 9223.30 | 8328.96 | 8390.41 | 491.55 | 2457.74 | 10799.00 | 9299.19
142 | 0.10 | 9373.80 | 8883.49 | 8485.45 | 472.36 | 2361.78 | 10800.00 | 9353.73
138 | 0.14 | 8810.65 | 9362.31 | 7499.92 | 679.03 | 3395.14 | 10800.00 | 8871.19
136 | 0.09 | 9201.69 | 10057.37 | 8296.53 | 443.43 | 2217.16 | 10473.78 | 9275.19
155 | 0.20 | 9356.93 | 10565.01 | 7243.93 | 740.85 | 3704.24 | 10800.00 | 8297.46
146 | 0.10 | 9247.95 | 11340.14 | 8113.93 | 490.24 | 2451.19 | 10516.10 | 9317.29
156 | 0.14 | 9228.36 | 11867.43 | 7566.92 | 665.24 | 3326.21 | 10800.00 | 9219.98
150 | 0.18 | 9014.01 | 12555.13 | 6754.08 | 839.40 | 4197.01 | 10800.00 | 8923.68
154 | 0.18 | 9490.66 | 13439.08 | 7071.63 | 773.52 | 3867.61 | 10800.00 | 9070.93
140 | 0.13 | 8960.71 | 14309.90 | 7100.43 | 657.74 | 3288.69 | 10303.62 | 9153.00
144 | 0.15 | 9190.60 | 14980.01 | 6943.60 | 739.95 | 3699.73 | 10532.34 | 9317.55
133 | 0.14 | 8302.71 | 15851.62 | 6083.48 | 764.47 | 3822.35 | 9798.81 | 8790.47
157 | 0.13 | 9479.67 | 16716.05 | 7306.59 | 621.73 | 3108.66 | 10334.42 | 9491.92
135 | 0.10 | 8901.13 | 17388.20 | 7162.31 | 509.34 | 2546.70 | 9658.07 | 9065.97
129 | 0.08 | 9129.81 | 18047.27 | 7686.03 | 397.27 | 1986.33 | 9640.57 | 9210.65
122 | 0.14 | 7545.41 | 18498.25 | 4955.65 | 841.20 | 4205.99 | 9043.87 | 8416.80
149 | 0.14 | 9381.46 | 19375.11 | 6668.94 | 676.57 | 3382.83 | 9957.05 | 9429.69
131 | 0.06 | 9264.49 | 20128.64 | 8056.77 | 293.62 | 1468.09 | 9507.25 | 9303.47
126 | 0.06 | 9264.49 | 20439.58 | 8038.12 | 293.62 | 1468.09 | 9488.59 | 9303.47
139 | 0.11 | 9298.55 | 20805.78 | 7009.91 | 536.33 | 2681.64 | 9632.55 | 9360.14
143 | 0.05 | 9156.97 | 21368.44 | 8088.55 | 247.55 | 1237.77 | 9313.94 | 9203.81
Vehicle 4
Charging tour: 
158  -> 163  -> 161  -> 169  -> 159  -> 168  -> 160  -> 164  -> 162  -> 188  -> 180  -> 176  -> 178  -> 174  -> 165  -> 172  -> 177  -> 186  -> 187  -> 171  -> 181  -> 179  -> 175  -> 183  -> 173  -> 185  -> 184  -> 189  -> 170  -> 167  -> 166  -> 182  -> 
Charging time: 
431.6714659519666  + 570.4421923375374  + 1067.138855166696  + 429.32296315307764  + 1211.594222735171  + 259.807840240844  + 316.7743639224867  + 528.2050831204205  + 1205.6959137540239  + 356.6688014575946  + 311.2220386432322  + 413.79644215615167  + 367.7680052272243  + 502.64274910600625  + 309.57557601988907  + 603.843675495935  + 501.33497852533327  + 647.4218384746065  + 296.0662332542895  + 304.76591480548353  + 459.3072342815566  + 304.2025659907098  + 590.1841901484988  + 463.8610173330751  + 663.5724258970488  + 892.6846395304628  + 246.8767373340987  + 565.9090821864714  + 421.1156964786688  + 252.1784613496781  + 555.2419155292255  + 803.0960151433649  + 
total node:32/32
-------------------
Traveling energy: 2402.8498476169284
Charging energy: 84269.94567375413
Total energy used: 86672.79552137107
-------------------
Total time for travel: 2402.8498476169284
Total time for charging: 16853.989134750827
Charging round duration: 19256.838982367757
-------------------
ID | p | E0 | time_arrive | E_remain | time_charge | energy_charge| E_after_charge | E_after_cycle
158 | 0.09 | 8696.85 | 181.74 | 8680.49 | 431.67 | 2158.36 | 10800.00 | 8711.54
163 | 0.14 | 8121.64 | 671.33 | 8027.65 | 570.44 | 2852.21 | 10800.00 | 7639.25
161 | 0.23 | 6010.72 | 1308.57 | 5709.75 | 1067.14 | 5335.69 | 10800.00 | 5868.15
169 | 0.11 | 8967.56 | 2426.85 | 8700.61 | 429.32 | 2146.61 | 10800.00 | 8494.14
159 | 0.23 | 5683.28 | 2880.79 | 5020.70 | 1211.59 | 6057.97 | 10800.00 | 6262.98
168 | 0.06 | 9765.95 | 4156.70 | 9516.55 | 259.81 | 1299.04 | 10800.00 | 9635.88
160 | 0.06 | 9480.78 | 4482.45 | 9211.83 | 316.77 | 1583.87 | 10776.69 | 9635.53
164 | 0.11 | 8748.75 | 4833.36 | 8217.08 | 528.21 | 2641.03 | 10800.00 | 8769.73
162 | 0.23 | 6286.43 | 5380.88 | 5048.83 | 1205.70 | 6028.48 | 10800.00 | 6836.64
188 | 0.13 | 9926.36 | 6641.07 | 9063.02 | 356.67 | 1783.34 | 10800.00 | 8613.29
180 | 0.07 | 9761.56 | 7084.00 | 9265.68 | 311.22 | 1556.11 | 10800.00 | 9650.37
176 | 0.10 | 9518.43 | 7460.29 | 8772.40 | 413.80 | 2068.98 | 10800.00 | 9205.55
178 | 0.08 | 9622.41 | 7897.83 | 8990.58 | 367.77 | 1838.84 | 10800.00 | 9555.76
174 | 0.11 | 9263.93 | 8380.46 | 8342.08 | 502.64 | 2513.21 | 10800.00 | 9157.10
165 | 0.06 | 9701.24 | 8950.56 | 9164.20 | 309.58 | 1547.88 | 10693.51 | 9820.00
172 | 0.12 | 8973.71 | 9337.19 | 7853.24 | 603.84 | 3019.22 | 10800.00 | 9134.70
177 | 0.11 | 9449.69 | 10011.06 | 8348.47 | 501.33 | 2506.67 | 10800.00 | 9336.32
186 | 0.18 | 9581.73 | 10568.36 | 7679.43 | 647.42 | 3237.11 | 10800.00 | 8531.50
187 | 0.06 | 10014.27 | 11280.61 | 9337.43 | 296.07 | 1480.33 | 10800.00 | 10065.49
171 | 0.06 | 9854.34 | 11610.16 | 9157.73 | 304.77 | 1523.83 | 10663.27 | 9949.05
181 | 0.10 | 9746.43 | 11970.39 | 8549.39 | 459.31 | 2296.54 | 10800.00 | 9661.11
179 | 0.06 | 9872.59 | 12470.42 | 9124.36 | 304.20 | 1521.01 | 10627.12 | 9964.49
175 | 0.11 | 9329.27 | 12866.43 | 7913.96 | 590.18 | 2950.92 | 10799.97 | 9660.15
183 | 0.10 | 9880.44 | 13533.57 | 8527.08 | 463.86 | 2319.31 | 10800.00 | 9817.89
173 | 0.12 | 9051.81 | 14098.06 | 7360.04 | 663.57 | 3317.86 | 10598.28 | 9511.45
185 | 0.17 | 9021.25 | 14899.51 | 6488.33 | 892.68 | 4463.42 | 10800.00 | 9435.52
184 | 0.05 | 10137.54 | 15861.61 | 9344.46 | 246.88 | 1234.38 | 10566.50 | 10180.99
189 | 0.13 | 10146.03 | 16169.25 | 8044.02 | 565.91 | 2829.55 | 10800.00 | 9879.16
170 | 0.08 | 9508.92 | 16852.34 | 8160.73 | 421.12 | 2105.58 | 10232.62 | 9709.01
167 | 0.05 | 9924.41 | 17299.63 | 9059.43 | 252.18 | 1260.89 | 10307.71 | 9994.37
166 | 0.10 | 9014.89 | 17642.43 | 7250.65 | 555.24 | 2776.21 | 9971.33 | 9409.24
182 | 0.15 | 9349.03 | 18284.90 | 6606.29 | 803.10 | 4015.48 | 10501.31 | 9791.72
Vehicle 5
Charging tour: 
217  -> 210  -> 225  -> 228  -> 191  -> 227  -> 203  -> 197  -> 190  -> 205  -> 213  -> 218  -> 221  -> 223  -> 231  -> 216  -> 195  -> 214  -> 226  -> 211  -> 204  -> 208  -> 196  -> 229  -> 206  -> 207  -> 212  -> 219  -> 215  -> 200  -> 201  -> 209  -> 192  -> 199  -> 222  -> 224  -> 202  -> 193  -> 198  -> 220  -> 194  -> 230  -> 
Charging time: 
466.41357879299244  + 369.4006999537081  + 548.7121827826705  + 561.8300821386036  + 562.8671883443351  + 514.6457485507065  + 369.40766471957824  + 271.268810776611  + 320.2424407222639  + 271.3248405250535  + 610.7094685490289  + 466.39876467620104  + 369.2379951584861  + 692.4715368870491  + 320.40606071247487  + 734.1675567761612  + 562.7370258661281  + 807.5002092743307  + 514.6476206940587  + 418.01572880273  + 562.7370953682273  + 466.4033671950224  + 369.24353408002736  + 466.4073422483799  + 706.3783136568352  + 754.1306143675441  + 418.0127450912109  + 780.0011661432519  + 754.0716571373022  + 658.5840989537359  + 514.6956124464394  + 269.8649770335235  + 621.7154195905408  + 417.97717754672567  + 320.07723166609367  + 320.2652091385581  + 610.7171132016878  + 758.4099919939374  + 369.3890825910381  + 320.42313716498177  + 418.014178056096  + 418.0035111044634  + 
total node:42/42
-------------------
Traveling energy: 2507.018672336255
Charging energy: 105239.63890239398
Total energy used: 107746.65757473024
-------------------
Total time for travel: 2507.018672336255
Total time for charging: 21047.927780478796
Charging round duration: 23554.94645281505
-------------------
ID | p | E0 | time_arrive | E_remain | time_charge | energy_charge| E_after_charge | E_after_cycle
217 | 0.09 | 8131.45 | 165.96 | 8116.51 | 466.41 | 2332.07 | 10406.60 | 8319.85
210 | 0.07 | 7985.40 | 659.06 | 7939.27 | 369.40 | 1847.00 | 9760.41 | 8165.11
225 | 0.11 | 8237.28 | 1095.30 | 8116.80 | 548.71 | 2743.56 | 10800.00 | 8360.80
228 | 0.11 | 8237.27 | 1678.39 | 8052.65 | 561.83 | 2809.15 | 10800.00 | 8426.38
191 | 0.11 | 8235.37 | 2265.68 | 7986.15 | 562.87 | 2814.34 | 10738.57 | 8429.67
227 | 0.10 | 8188.19 | 2868.71 | 7901.32 | 514.65 | 2573.23 | 10423.09 | 8379.57
203 | 0.07 | 7985.25 | 3491.42 | 7740.85 | 369.41 | 1847.04 | 9562.03 | 8164.99
197 | 0.05 | 7767.24 | 3898.38 | 7572.32 | 271.27 | 1356.34 | 8915.10 | 7932.66
190 | 0.06 | 7895.30 | 4259.04 | 7639.76 | 320.24 | 1601.21 | 9221.76 | 8067.40
205 | 0.05 | 7765.64 | 4588.89 | 7536.19 | 271.32 | 1356.62 | 8879.25 | 7931.33
213 | 0.12 | 8280.24 | 4890.43 | 7693.39 | 610.71 | 3053.55 | 10673.65 | 8475.56
218 | 0.09 | 8131.71 | 5553.19 | 7631.92 | 466.40 | 2331.99 | 9921.94 | 8320.03
221 | 0.07 | 7988.92 | 6053.72 | 7565.16 | 369.24 | 1846.19 | 9385.51 | 8167.81
223 | 0.14 | 8342.62 | 6485.91 | 7434.59 | 692.47 | 3462.36 | 10800.00 | 8470.38
231 | 0.06 | 7891.27 | 7201.79 | 7459.17 | 320.41 | 1602.03 | 9041.97 | 8064.19
216 | 0.15 | 8378.58 | 7595.30 | 7239.29 | 734.17 | 3670.84 | 10800.00 | 8476.64
195 | 0.11 | 8237.28 | 8439.66 | 7308.92 | 562.74 | 2813.69 | 10060.70 | 8430.92
214 | 0.16 | 8341.69 | 9062.44 | 6891.70 | 807.50 | 4037.50 | 10800.00 | 8568.22
226 | 0.10 | 8188.16 | 9918.09 | 7196.36 | 514.65 | 2573.24 | 9718.13 | 8379.55
211 | 0.08 | 8064.81 | 10481.97 | 7226.25 | 418.02 | 2090.08 | 9282.89 | 8249.40
204 | 0.11 | 8237.28 | 10913.30 | 7036.81 | 562.74 | 2813.69 | 9788.60 | 8430.92
208 | 0.09 | 8131.63 | 11556.20 | 7091.57 | 466.40 | 2332.02 | 9381.61 | 8319.97
196 | 0.07 | 7988.80 | 12127.10 | 7139.91 | 369.24 | 1846.22 | 8960.28 | 8167.72
229 | 0.09 | 8131.56 | 12524.24 | 7004.38 | 466.41 | 2332.04 | 9294.44 | 8319.92
206 | 0.14 | 8351.94 | 13047.31 | 6525.31 | 706.38 | 3531.89 | 9958.31 | 8549.23
207 | 0.15 | 8381.88 | 13786.70 | 6313.87 | 754.13 | 3770.65 | 9971.40 | 8579.75
212 | 0.08 | 8064.86 | 14588.06 | 6897.82 | 418.01 | 2090.06 | 8954.44 | 8249.44
219 | 0.15 | 8103.87 | 15047.23 | 5846.79 | 780.00 | 3900.01 | 9629.79 | 8431.09
215 | 0.15 | 8382.53 | 15870.23 | 6002.00 | 754.07 | 3770.36 | 9659.24 | 8580.11
200 | 0.13 | 8318.19 | 16634.13 | 6155.75 | 658.58 | 3292.92 | 9363.05 | 8514.69
201 | 0.10 | 8187.40 | 17348.31 | 6452.57 | 514.70 | 2573.48 | 8974.58 | 8379.02
209 | 0.05 | 7807.64 | 17893.23 | 6912.98 | 269.86 | 1349.32 | 8248.81 | 7966.04
192 | 0.12 | 8133.66 | 18210.52 | 5948.40 | 621.72 | 3108.58 | 8982.37 | 8384.01
199 | 0.08 | 8065.55 | 18907.27 | 6552.97 | 417.98 | 2089.89 | 8609.42 | 8249.95
222 | 0.06 | 7899.38 | 19441.58 | 6732.88 | 320.08 | 1600.39 | 8314.07 | 8070.65
224 | 0.06 | 7894.74 | 19774.51 | 6708.27 | 320.27 | 1601.33 | 8290.38 | 8066.96
202 | 0.12 | 8280.14 | 20210.13 | 5854.92 | 610.72 | 3053.59 | 8835.22 | 8475.50
193 | 0.14 | 7778.94 | 20855.74 | 4859.14 | 758.41 | 3792.05 | 8545.01 | 8236.39
198 | 0.07 | 7985.65 | 21727.42 | 6464.74 | 369.39 | 1846.95 | 8285.82 | 8165.30
220 | 0.06 | 7890.85 | 22127.81 | 6563.18 | 320.42 | 1602.12 | 8146.07 | 8063.85
194 | 0.08 | 8064.84 | 22592.31 | 6257.45 | 418.01 | 2090.07 | 8314.08 | 8249.42
230 | 0.08 | 8065.04 | 23051.21 | 6220.94 | 418.00 | 2090.02 | 8277.52 | 8249.57
Vehicle 6
Charging tour: 
272  -> 248  -> 238  -> 255  -> 240  -> 233  -> 232  -> 246  -> 236  -> 258  -> 263  -> 264  -> 253  -> 241  -> 254  -> 237  -> 245  -> 243  -> 250  -> 262  -> 235  -> 266  -> 265  -> 247  -> 234  -> 256  -> 271  -> 267  -> 244  -> 249  -> 270  -> 242  -> 269  -> 259  -> 257  -> 261  -> 268  -> 239  -> 260  -> 252  -> 251  -> 
Charging time: 
239.5943569611433  + 227.788929468148  + 429.6449432352098  + 270.8983527579418  + 431.6910795332445  + 505.5330790582812  + 795.229302362824  + 203.00834511971746  + 408.5539775953785  + 425.4527129168122  + 268.1730603369225  + 359.9960447596859  + 372.75534633304284  + 667.1393262869894  + 231.89412448190254  + 678.3495726846483  + 651.0456815545518  + 641.4366833834687  + 333.6304484404101  + 255.95355446143168  + 758.5869297734649  + 287.5441943493514  + 262.2676021026759  + 560.9704365892084  + 328.37979372441225  + 440.06361400184176  + 476.47566603425014  + 373.993134109557  + 713.1992203283053  + 622.8957096635977  + 256.95237791835996  + 510.6807456053864  + 477.9601066143315  + 306.6358731762208  + 310.85936306076417  + 529.1056594624051  + 482.17749559328115  + 323.3104400932331  + 309.147656282205  + 425.6493755511712  + 623.0289111990363  + 
total node:41/41
-------------------
Traveling energy: 2660.039222662709
Charging energy: 88888.26613482407
Total energy used: 91548.30535748678
-------------------
Total time for travel: 2660.039222662709
Total time for charging: 17777.653226964812
Charging round duration: 20437.69244962752
-------------------
ID | p | E0 | time_arrive | E_remain | time_charge | energy_charge| E_after_charge | E_after_cycle
272 | 0.08 | 9633.28 | 151.09 | 9621.20 | 239.59 | 1197.97 | 10800.00 | 8925.77
248 | 0.07 | 9708.72 | 453.13 | 9677.00 | 227.79 | 1138.94 | 10800.00 | 9180.37
238 | 0.10 | 8772.77 | 780.31 | 8694.74 | 429.64 | 2148.22 | 10800.00 | 8539.14
255 | 0.10 | 9598.22 | 1256.26 | 9472.60 | 270.90 | 1354.49 | 10800.00 | 8570.86
240 | 0.10 | 8839.69 | 1549.72 | 8684.71 | 431.69 | 2158.46 | 10800.00 | 8616.29
233 | 0.10 | 8527.87 | 2049.84 | 8322.89 | 505.53 | 2527.67 | 10800.00 | 8673.68
232 | 0.15 | 7331.48 | 2588.94 | 6943.14 | 795.23 | 3976.15 | 10800.00 | 7734.84
246 | 0.05 | 9968.40 | 3465.82 | 9795.11 | 203.01 | 1015.04 | 10800.00 | 9792.51
236 | 0.08 | 9085.33 | 3692.65 | 8789.91 | 408.55 | 2042.77 | 10800.00 | 9222.61
258 | 0.14 | 9319.02 | 4190.87 | 8732.30 | 425.45 | 2127.26 | 10800.00 | 8111.69
263 | 0.08 | 9855.72 | 4689.12 | 9480.59 | 268.17 | 1340.87 | 10800.00 | 9291.10
264 | 0.14 | 9750.34 | 4999.42 | 9050.42 | 360.00 | 1799.98 | 10800.00 | 8215.72
253 | 0.10 | 9513.10 | 5396.03 | 8973.50 | 372.76 | 1863.78 | 10800.00 | 8995.02
241 | 0.13 | 8305.57 | 5804.14 | 7551.03 | 667.14 | 3335.70 | 10800.00 | 8544.85
254 | 0.06 | 10044.09 | 6494.13 | 9654.44 | 231.89 | 1159.47 | 10800.00 | 9774.45
237 | 0.12 | 8301.57 | 6765.93 | 7489.65 | 678.35 | 3391.75 | 10800.00 | 8835.09
245 | 0.13 | 8602.19 | 7482.92 | 7629.41 | 651.05 | 3255.23 | 10800.00 | 8761.00
243 | 0.12 | 8648.07 | 8152.36 | 7669.79 | 641.44 | 3207.18 | 10800.00 | 8997.03
250 | 0.07 | 9772.86 | 8823.70 | 9155.20 | 333.63 | 1668.15 | 10800.00 | 9773.71
262 | 0.05 | 9996.94 | 9278.27 | 9533.03 | 255.95 | 1279.77 | 10800.00 | 10085.78
235 | 0.12 | 8186.18 | 9603.46 | 7033.77 | 758.59 | 3792.93 | 10735.67 | 9120.89
266 | 0.06 | 10003.63 | 10401.57 | 9379.53 | 287.54 | 1437.72 | 10800.00 | 10012.23
265 | 0.05 | 9865.77 | 10819.33 | 9324.80 | 262.27 | 1311.34 | 10623.03 | 9986.18
247 | 0.10 | 9177.03 | 11257.85 | 8051.24 | 560.97 | 2804.85 | 10800.00 | 9600.03
234 | 0.06 | 9455.41 | 11977.02 | 8736.79 | 328.38 | 1641.90 | 10358.99 | 9668.20
256 | 0.09 | 9754.22 | 12388.19 | 8639.29 | 440.06 | 2200.32 | 10800.00 | 9810.87
271 | 0.12 | 10017.19 | 12853.28 | 8474.80 | 476.48 | 2382.38 | 10800.00 | 9541.34
267 | 0.07 | 9685.90 | 13344.94 | 8751.75 | 373.99 | 1869.97 | 10595.54 | 9888.57
244 | 0.12 | 8707.15 | 13736.59 | 7058.76 | 713.20 | 3566.00 | 10539.17 | 9414.92
249 | 0.11 | 9138.67 | 14498.30 | 7543.85 | 622.90 | 3114.48 | 10589.81 | 9633.11
270 | 0.05 | 10069.85 | 15209.26 | 9309.39 | 256.95 | 1284.76 | 10581.30 | 10163.68
242 | 0.09 | 9120.08 | 15526.34 | 7722.71 | 510.68 | 2553.40 | 10230.15 | 9529.81
269 | 0.11 | 10231.92 | 16083.16 | 8462.78 | 477.96 | 2389.80 | 10800.00 | 10001.68
259 | 0.06 | 10125.90 | 16666.67 | 9125.90 | 306.64 | 1533.18 | 10640.69 | 10229.97
257 | 0.06 | 9988.33 | 16982.66 | 8969.37 | 310.86 | 1554.30 | 10505.01 | 10113.51
261 | 0.10 | 9780.55 | 17343.68 | 8046.18 | 529.11 | 2645.53 | 10638.80 | 10044.22
268 | 0.10 | 10231.59 | 17942.61 | 8437.33 | 482.18 | 2410.89 | 10800.00 | 10260.62
239 | 0.06 | 9603.67 | 18478.39 | 8494.96 | 323.31 | 1616.55 | 10092.12 | 9791.11
260 | 0.06 | 10043.63 | 18826.05 | 8914.07 | 309.15 | 1545.74 | 10441.26 | 10160.26
252 | 0.08 | 9726.21 | 19178.83 | 8191.90 | 425.65 | 2128.25 | 10286.10 | 9948.97
251 | 0.11 | 9136.71 | 19675.54 | 6972.40 | 623.03 | 3115.14 | 10019.02 | 9631.82
Vehicle 7
Charging tour: 
290  -> 294  -> 284  -> 305  -> 288  -> 304  -> 274  -> 292  -> 300  -> 281  -> 287  -> 312  -> 278  -> 289  -> 279  -> 285  -> 275  -> 295  -> 273  -> 280  -> 311  -> 299  -> 286  -> 276  -> 303  -> 283  -> 277  -> 291  -> 309  -> 297  -> 308  -> 293  -> 307  -> 301  -> 310  -> 302  -> 306  -> 298  -> 296  -> 282  -> 
Charging time: 
162.4744441398217  + 261.8707133160625  + 226.26655856392566  + 231.87073040609206  + 543.5856129524392  + 184.98975299094622  + 409.609402463937  + 206.74459568698902  + 284.9473007240001  + 368.130934329749  + 415.3688718520792  + 233.44401122294767  + 686.4788957569266  + 552.015245441454  + 757.2935133088688  + 344.06259809854015  + 326.961545588834  + 291.6618454371814  + 392.92340746206526  + 627.2304023978678  + 375.7739780811454  + 327.0053644831829  + 436.99535854651185  + 599.8824826006023  + 591.9061593647872  + 573.1753150464705  + 325.45119056737786  + 257.01490022300743  + 348.5638943645982  + 569.9932346336126  + 308.02862134330195  + 485.67419808837616  + 343.450459152593  + 707.0224757235419  + 745.0104695061315  + 408.6184381558556  + 643.6382433100806  + 611.4410792985645  + 729.3398340381731  + 800.3190873072022  + 
total node:40/40
-------------------
Traveling energy: 2625.6016707380154
Charging energy: 88481.17582987921
Total energy used: 91106.77750061723
-------------------
Total time for travel: 2625.6016707380154
Total time for charging: 17696.235165975842
Charging round duration: 20321.836836713857
-------------------
ID | p | E0 | time_arrive | E_remain | time_charge | energy_charge| E_after_charge | E_after_cycle
290 | 0.05 | 10004.40 | 172.88 | 9995.75 | 162.47 | 812.37 | 10800.00 | 9625.84
294 | 0.08 | 9543.48 | 398.57 | 9511.60 | 261.87 | 1309.35 | 10800.00 | 8947.35
284 | 0.06 | 9723.23 | 683.17 | 9682.24 | 226.27 | 1131.33 | 10800.00 | 9425.45
305 | 0.14 | 9807.56 | 960.38 | 9673.11 | 231.87 | 1159.35 | 10800.00 | 7632.32
288 | 0.15 | 8357.93 | 1295.46 | 8163.61 | 543.59 | 2717.93 | 10800.00 | 7503.07
304 | 0.06 | 9998.85 | 1878.38 | 9886.15 | 184.99 | 924.95 | 10800.00 | 9494.69
274 | 0.08 | 8955.47 | 2134.30 | 8784.72 | 409.61 | 2048.05 | 10800.00 | 9098.03
292 | 0.06 | 9932.37 | 2561.52 | 9778.68 | 206.74 | 1033.72 | 10800.00 | 9536.98
300 | 0.08 | 9623.05 | 2812.32 | 9398.06 | 284.95 | 1424.74 | 10800.00 | 9142.30
281 | 0.08 | 9241.91 | 3163.99 | 8988.80 | 368.13 | 1840.65 | 10800.00 | 9177.09
287 | 0.10 | 9128.53 | 3638.40 | 8764.69 | 415.37 | 2076.84 | 10800.00 | 8823.52
312 | 0.06 | 9893.94 | 4119.27 | 9646.79 | 233.44 | 1167.22 | 10800.00 | 9632.05
278 | 0.13 | 8032.64 | 4429.20 | 7456.85 | 686.48 | 3432.39 | 10800.00 | 8368.63
289 | 0.13 | 8790.35 | 5220.47 | 8111.69 | 552.02 | 2760.08 | 10800.00 | 8454.01
279 | 0.14 | 7929.13 | 5782.71 | 7119.55 | 757.29 | 3786.47 | 10800.00 | 8381.00
285 | 0.07 | 9566.07 | 6604.27 | 9103.77 | 344.06 | 1720.31 | 10800.00 | 9619.08
275 | 0.06 | 9436.69 | 6981.24 | 9017.82 | 326.96 | 1634.81 | 10633.01 | 9642.39
295 | 0.07 | 9875.46 | 7333.55 | 9362.11 | 291.66 | 1458.31 | 10800.00 | 9666.47
273 | 0.07 | 9161.26 | 7636.67 | 8626.70 | 392.92 | 1964.62 | 10563.81 | 9458.58
280 | 0.11 | 8618.75 | 8053.74 | 7732.84 | 627.23 | 3136.15 | 10800.00 | 9134.87
311 | 0.15 | 10293.76 | 8775.12 | 8977.50 | 375.77 | 1878.87 | 10800.00 | 8599.85
299 | 0.08 | 9926.89 | 9196.93 | 9191.13 | 327.01 | 1635.03 | 10800.00 | 9656.43
286 | 0.08 | 9414.09 | 9640.37 | 8642.86 | 437.00 | 2184.98 | 10792.88 | 9693.58
276 | 0.10 | 8572.33 | 10168.61 | 7555.47 | 599.88 | 2999.41 | 10494.90 | 9189.89
303 | 0.15 | 9564.14 | 10899.21 | 7929.26 | 591.91 | 2959.53 | 10800.00 | 8950.88
283 | 0.10 | 8971.76 | 11546.62 | 7817.10 | 573.18 | 2865.88 | 10625.66 | 9455.78
277 | 0.06 | 9480.49 | 12161.72 | 8750.78 | 325.45 | 1627.26 | 10358.51 | 9678.63
291 | 0.05 | 10004.08 | 12528.25 | 9377.66 | 257.01 | 1285.07 | 10649.89 | 10098.22
309 | 0.07 | 9981.69 | 12858.70 | 9081.58 | 348.56 | 1742.82 | 10800.00 | 10057.21
297 | 0.11 | 9472.00 | 13266.05 | 8012.73 | 569.99 | 2849.97 | 10800.00 | 9701.92
308 | 0.06 | 10016.72 | 13887.62 | 9183.46 | 308.03 | 1540.14 | 10705.12 | 10127.75
293 | 0.09 | 9529.34 | 14294.62 | 8242.82 | 485.67 | 2428.37 | 10627.48 | 9814.04
307 | 0.08 | 10296.98 | 14834.48 | 9110.22 | 343.45 | 1717.25 | 10800.00 | 10108.75
301 | 0.13 | 9334.78 | 15215.19 | 7356.80 | 707.02 | 3535.11 | 10800.00 | 9773.48
310 | 0.13 | 8973.18 | 15969.71 | 6897.12 | 745.01 | 3725.05 | 10525.32 | 9601.82
302 | 0.08 | 10067.86 | 16728.30 | 8729.60 | 408.62 | 2043.09 | 10740.00 | 10205.47
306 | 0.12 | 9587.48 | 17189.66 | 7524.72 | 643.64 | 3218.19 | 10665.68 | 9947.45
298 | 0.11 | 9251.31 | 17892.81 | 7283.10 | 611.44 | 3057.21 | 10273.05 | 9688.48
296 | 0.13 | 9165.98 | 18571.61 | 6751.67 | 729.34 | 3646.70 | 10303.55 | 9716.26
282 | 0.13 | 8353.06 | 19342.97 | 5838.47 | 800.32 | 4001.60 | 9736.02 | 9258.24
Vehicle 8
Charging tour: 
321  -> 318  -> 320  -> 333  -> 314  -> 315  -> 336  -> 340  -> 323  -> 343  -> 342  -> 345  -> 313  -> 331  -> 335  -> 334  -> 349  -> 348  -> 339  -> 330  -> 317  -> 332  -> 341  -> 325  -> 329  -> 338  -> 346  -> 328  -> 319  -> 326  -> 344  -> 351  -> 324  -> 316  -> 337  -> 322  -> 347  -> 350  -> 327  -> 
Charging time: 
520.8428913708264  + 491.2220920183792  + 698.5471770739028  + 266.2367168265574  + 417.19494106501566  + 418.09623768242267  + 404.5567571941117  + 311.6107217702559  + 278.41811268210944  + 484.2124513731543  + 315.8422860508266  + 290.8203238015398  + 317.66656257150976  + 527.7897930151472  + 499.7912140156103  + 396.053710602171  + 311.7563162697958  + 373.86890944474425  + 699.7494221413265  + 302.82892020041083  + 974.8125656013424  + 573.7512123846041  + 542.6979062027938  + 688.5761473842277  + 478.69407172290613  + 347.8011335120903  + 498.1076230156514  + 361.2074701360756  + 640.8632661445473  + 422.6657419540847  + 293.37892166313765  + 701.922095735673  + 365.3444308504651  + 440.77347579144396  + 516.5370935163318  + 428.4080873449754  + 502.6193944522259  + 905.661525060718  + 421.5194568816586  + 
total node:39/39
-------------------
Traveling energy: 2559.8184832973307
Charging energy: 92162.23588262388
Total energy used: 94722.05436592121
-------------------
Total time for travel: 2559.8184832973307
Total time for charging: 18432.447176524776
Charging round duration: 20992.265659822107
-------------------
ID | p | E0 | time_arrive | E_remain | time_charge | energy_charge| E_after_charge | E_after_cycle
321 | 0.13 | 8285.55 | 169.67 | 8263.50 | 520.84 | 2604.21 | 10800.00 | 7793.35
318 | 0.11 | 8475.04 | 701.06 | 8397.92 | 491.22 | 2456.11 | 10800.00 | 8311.11
320 | 0.16 | 7634.43 | 1346.27 | 7419.03 | 698.55 | 3492.74 | 10800.00 | 7316.20
333 | 0.08 | 9664.57 | 2180.62 | 9490.12 | 266.24 | 1331.18 | 10800.00 | 9090.26
314 | 0.08 | 8951.93 | 2556.65 | 8747.40 | 417.19 | 2085.97 | 10800.00 | 9132.42
315 | 0.08 | 8986.23 | 3040.76 | 8742.97 | 418.10 | 2090.48 | 10800.00 | 9171.22
336 | 0.11 | 9208.12 | 3512.77 | 8821.72 | 404.56 | 2022.78 | 10800.00 | 8610.86
340 | 0.08 | 9584.31 | 3967.93 | 9266.88 | 311.61 | 1558.05 | 10800.00 | 9236.88
323 | 0.06 | 9684.31 | 4328.22 | 9424.61 | 278.42 | 1392.09 | 10800.00 | 9647.29
343 | 0.12 | 8996.28 | 4660.27 | 8437.04 | 484.21 | 2421.06 | 10800.00 | 8559.11
342 | 0.08 | 9661.82 | 5197.01 | 9246.06 | 315.84 | 1579.21 | 10800.00 | 9335.54
345 | 0.06 | 9694.97 | 5527.01 | 9363.35 | 290.82 | 1454.10 | 10800.00 | 9719.96
313 | 0.06 | 9391.26 | 5860.68 | 9039.62 | 317.67 | 1588.33 | 10608.89 | 9550.48
331 | 0.12 | 8970.03 | 6213.74 | 8224.39 | 527.79 | 2638.95 | 10800.00 | 8750.76
335 | 0.10 | 9037.71 | 6866.90 | 8351.02 | 499.79 | 2498.96 | 10800.00 | 9154.81
334 | 0.08 | 9442.51 | 7388.68 | 8851.42 | 396.05 | 1980.27 | 10800.00 | 9517.29
349 | 0.10 | 10066.78 | 7943.89 | 9272.39 | 311.76 | 1558.78 | 10800.00 | 9243.71
348 | 0.11 | 9886.07 | 8311.68 | 8971.78 | 373.87 | 1869.34 | 10800.00 | 9135.37
339 | 0.18 | 8997.68 | 8724.83 | 7427.21 | 699.75 | 3498.75 | 10800.00 | 8209.08
330 | 0.06 | 9851.40 | 9479.59 | 9282.62 | 302.83 | 1514.14 | 10778.60 | 9936.43
317 | 0.15 | 7544.93 | 9818.45 | 6072.16 | 974.81 | 4874.06 | 10800.00 | 8846.21
332 | 0.11 | 9187.96 | 10850.91 | 7994.36 | 573.75 | 2868.76 | 10800.00 | 9436.67
341 | 0.13 | 9651.65 | 11496.80 | 8157.06 | 542.70 | 2713.49 | 10800.00 | 9268.72
325 | 0.12 | 8665.09 | 12044.51 | 7219.75 | 688.58 | 3442.88 | 10580.00 | 9249.75
329 | 0.09 | 9348.21 | 12764.81 | 8199.38 | 478.69 | 2393.47 | 10549.77 | 9598.01
338 | 0.07 | 10007.16 | 13315.14 | 9075.11 | 347.80 | 1739.01 | 10789.76 | 10078.87
346 | 0.11 | 9874.65 | 13730.91 | 8364.25 | 498.11 | 2490.54 | 10800.00 | 9745.15
328 | 0.07 | 9635.75 | 14317.34 | 8633.53 | 361.21 | 1806.04 | 10414.28 | 9774.48
319 | 0.11 | 8534.37 | 14725.17 | 6914.60 | 640.86 | 3204.32 | 10048.42 | 9118.64
326 | 0.08 | 9411.03 | 15382.54 | 8180.42 | 422.67 | 2113.33 | 10259.94 | 9618.87
344 | 0.06 | 10168.72 | 15837.03 | 9218.50 | 293.38 | 1466.89 | 10667.79 | 10206.50
351 | 0.13 | 9208.70 | 16162.41 | 7107.59 | 701.92 | 3509.61 | 10525.95 | 9621.90
324 | 0.07 | 9526.64 | 16963.86 | 8339.17 | 365.34 | 1826.72 | 10140.31 | 9686.06
316 | 0.08 | 9024.40 | 17352.31 | 7636.22 | 440.77 | 2203.87 | 9804.82 | 9322.79
337 | 0.10 | 9625.93 | 17827.98 | 7843.13 | 516.54 | 2582.69 | 10374.16 | 9826.76
322 | 0.08 | 9284.88 | 18461.19 | 7807.99 | 428.41 | 2142.04 | 9915.75 | 9521.44
347 | 0.10 | 9892.47 | 18958.05 | 7996.67 | 502.62 | 2513.10 | 10459.50 | 10023.71
350 | 0.17 | 9333.12 | 19492.78 | 6019.35 | 905.66 | 4528.31 | 10393.70 | 9812.28
327 | 0.08 | 9436.62 | 20409.54 | 7803.85 | 421.52 | 2107.60 | 9877.73 | 9638.73
Vehicle 9
Charging tour: 
381  -> 356  -> 383  -> 370  -> 367  -> 365  -> 380  -> 354  -> 358  -> 376  -> 385  -> 386  -> 388  -> 360  -> 372  -> 371  -> 363  -> 368  -> 384  -> 374  -> 390  -> 377  -> 391  -> 353  -> 359  -> 375  -> 379  -> 361  -> 362  -> 378  -> 364  -> 366  -> 382  -> 373  -> 389  -> 352  -> 355  -> 387  -> 392  -> 369  -> 357  -> 
Charging time: 
541.415663384716  + 459.0928509326574  + 459.09305490220186  + 506.78937115487963  + 267.39169873710165  + 554.4561553069825  + 266.5541710985926  + 554.456404855182  + 506.78987236965094  + 649.726175925726  + 602.1001773265375  + 315.6385525639533  + 697.3381864430557  + 459.09243484221  + 649.7259275489452  + 315.56358488355005  + 554.456412439751  + 697.337999863541  + 744.9325159664335  + 506.7894355713426  + 697.3368691745804  + 649.7261692164335  + 649.7261757260803  + 363.5483696857197  + 459.09055380908256  + 459.0872786125659  + 506.7898286482445  + 459.0918735642715  + 411.3402876900867  + 459.0926841087709  + 554.45642845573  + 363.55016060226586  + 649.7212304080198  + 411.3523345087172  + 649.7185228994003  + 315.59583976908004  + 315.5714355774719  + 602.1001735102961  + 657.7211167158312  + 363.53379092973756  + 656.0737875262488  + 
total node:41/41
-------------------
Traveling energy: 2405.5596003984383
Charging energy: 104814.82778627824
Total energy used: 107220.38738667668
-------------------
Total time for travel: 2405.5596003984383
Total time for charging: 20962.965557255648
Charging round duration: 23368.525157654087
-------------------
ID | p | E0 | time_arrive | E_remain | time_charge | energy_charge| E_after_charge | E_after_cycle
381 | 0.14 | 8195.70 | 192.71 | 8168.72 | 541.42 | 2707.08 | 10800.00 | 7568.18
356 | 0.09 | 8002.83 | 777.36 | 7932.86 | 459.09 | 2295.46 | 10187.01 | 8154.62
383 | 0.09 | 8002.82 | 1246.53 | 7890.63 | 459.09 | 2295.47 | 10144.78 | 8154.62
370 | 0.10 | 8055.16 | 1742.00 | 7880.95 | 506.79 | 2533.95 | 10364.22 | 8207.25
367 | 0.05 | 7633.50 | 2289.61 | 7519.02 | 267.39 | 1336.96 | 8842.60 | 7779.53
365 | 0.11 | 8098.92 | 2662.97 | 7805.99 | 554.46 | 2772.28 | 10517.28 | 8251.16
380 | 0.05 | 7657.48 | 3316.92 | 7491.64 | 266.55 | 1332.77 | 8811.08 | 7799.32
354 | 0.11 | 8098.91 | 3629.25 | 7699.70 | 554.46 | 2772.28 | 10410.99 | 8251.15
358 | 0.10 | 8055.15 | 4284.99 | 7626.65 | 506.79 | 2533.95 | 10109.92 | 8207.24
376 | 0.13 | 8167.98 | 4929.39 | 7527.15 | 649.73 | 3248.63 | 10691.32 | 8320.19
385 | 0.12 | 8136.06 | 5748.52 | 7446.23 | 602.10 | 3010.50 | 10384.48 | 8288.33
386 | 0.06 | 7760.02 | 6372.86 | 7377.64 | 315.64 | 1578.19 | 8936.90 | 7909.10
388 | 0.14 | 8195.70 | 6831.74 | 7239.26 | 697.34 | 3486.69 | 10628.32 | 8347.79
360 | 0.09 | 8002.83 | 7560.29 | 7322.41 | 459.09 | 2295.46 | 9576.55 | 8154.63
372 | 0.13 | 8167.98 | 8028.17 | 7124.32 | 649.73 | 3248.63 | 10288.48 | 8320.20
371 | 0.06 | 7761.86 | 8689.73 | 7240.48 | 315.56 | 1577.82 | 8799.36 | 7910.56
363 | 0.11 | 8098.91 | 9028.22 | 7105.81 | 554.46 | 2772.28 | 9817.10 | 8251.15
368 | 0.14 | 8195.70 | 9647.01 | 6845.12 | 697.34 | 3486.69 | 10234.18 | 8347.79
384 | 0.15 | 8220.07 | 10428.61 | 6655.78 | 744.93 | 3724.66 | 10268.71 | 8371.95
374 | 0.10 | 8055.15 | 11226.40 | 6932.51 | 506.79 | 2533.95 | 9415.78 | 8207.25
390 | 0.14 | 8195.71 | 11863.23 | 6534.86 | 697.34 | 3486.68 | 9923.92 | 8347.80
377 | 0.13 | 8167.98 | 12688.41 | 6518.48 | 649.73 | 3248.63 | 9682.65 | 8320.19
391 | 0.13 | 8167.98 | 13354.42 | 6431.90 | 649.73 | 3248.63 | 9596.07 | 8320.19
353 | 0.07 | 7860.27 | 14014.39 | 6879.26 | 363.55 | 1817.74 | 8671.55 | 8010.71
359 | 0.09 | 8002.87 | 14384.35 | 6708.28 | 459.09 | 2295.45 | 8962.41 | 8154.65
375 | 0.09 | 8002.92 | 14862.01 | 6665.34 | 459.09 | 2295.44 | 8919.46 | 8154.69
379 | 0.10 | 8055.15 | 15338.74 | 6521.27 | 506.79 | 2533.95 | 9004.54 | 8207.24
361 | 0.09 | 8002.84 | 15901.45 | 6571.71 | 459.09 | 2295.46 | 8825.85 | 8154.63
362 | 0.08 | 7939.45 | 16383.48 | 6628.77 | 411.34 | 2056.70 | 8652.56 | 8090.66
378 | 0.09 | 8002.83 | 16823.29 | 6488.73 | 459.09 | 2295.46 | 8742.88 | 8154.62
364 | 0.11 | 8098.91 | 17353.57 | 6190.02 | 554.46 | 2772.28 | 8901.31 | 8251.15
366 | 0.07 | 7860.23 | 17975.65 | 6601.93 | 363.55 | 1817.75 | 8394.23 | 8010.68
382 | 0.13 | 8168.04 | 18345.57 | 5783.11 | 649.72 | 3248.61 | 8947.26 | 8320.23
373 | 0.08 | 7939.21 | 18999.28 | 6419.27 | 411.35 | 2056.76 | 8443.12 | 8090.49
389 | 0.13 | 8168.07 | 19461.81 | 5638.04 | 649.72 | 3248.59 | 8802.17 | 8320.25
352 | 0.06 | 7761.07 | 20194.48 | 6549.40 | 315.60 | 1577.98 | 8108.44 | 7909.93
355 | 0.06 | 7761.67 | 20580.92 | 6526.81 | 315.57 | 1577.86 | 8085.73 | 7910.41
387 | 0.12 | 8136.06 | 20924.45 | 5625.12 | 602.10 | 3010.50 | 8563.37 | 8288.33
392 | 0.13 | 8068.69 | 21562.12 | 5265.61 | 657.72 | 3288.61 | 8468.71 | 8260.88
369 | 0.07 | 7860.58 | 22233.61 | 6304.23 | 363.53 | 1817.67 | 8096.45 | 8010.95
357 | 0.13 | 8088.95 | 22599.24 | 5151.05 | 656.07 | 3280.37 | 8346.13 | 8272.91
Vehicle 10
Charging tour: 
401  -> 409  -> 412  -> 397  -> 428  -> 394  -> 399  -> 424  -> 400  -> 413  -> 395  -> 405  -> 429  -> 393  -> 411  -> 431  -> 398  -> 406  -> 427  -> 396  -> 417  -> 404  -> 425  -> 414  -> 420  -> 421  -> 430  -> 426  -> 403  -> 415  -> 408  -> 423  -> 402  -> 416  -> 410  -> 419  -> 418  -> 422  -> 407  -> 
Charging time: 
319.13485936116575  + 395.0219334561739  + 282.29591126738524  + 285.12007581846086  + 181.19060310538225  + 566.1294647815993  + 779.3611016244655  + 219.99294226992484  + 590.5443562589286  + 526.5057638351882  + 455.8410974810343  + 571.0957830614432  + 531.5200769368363  + 612.3051461751046  + 272.4021412320035  + 256.24585541891287  + 599.472602166762  + 368.3305518358821  + 279.70041304746155  + 850.9075022543685  + 302.31960779960104  + 574.4890003084968  + 412.3436860433972  + 309.7774390737415  + 588.7065399417702  + 375.62343762736594  + 725.3746428021474  + 533.4136154889882  + 722.7847722376765  + 366.1409005294055  + 315.9911668381087  + 358.1660647686111  + 729.5901279455373  + 481.27675843922134  + 259.9447586435926  + 475.3602022858058  + 480.4206977495402  + 412.3227567000188  + 437.3486773777296  + 
total node:39/39
-------------------
Traveling energy: 2940.467347250347
Charging energy: 89022.5651699462
Total energy used: 91963.03251719655
-------------------
Total time for travel: 2940.467347250347
Total time for charging: 17804.513033989242
Charging round duration: 20744.980381239588
-------------------
ID | p | E0 | time_arrive | E_remain | time_charge | energy_charge| E_after_charge | E_after_cycle
401 | 0.08 | 9243.53 | 170.88 | 9229.86 | 319.13 | 1595.67 | 10800.00 | 8933.72
409 | 0.12 | 8949.33 | 642.00 | 8872.29 | 395.02 | 1975.11 | 10800.00 | 8066.22
412 | 0.09 | 9517.47 | 1150.50 | 9413.93 | 282.30 | 1411.48 | 10800.00 | 8785.28
397 | 0.06 | 9480.15 | 1477.40 | 9391.51 | 285.12 | 1425.60 | 10800.00 | 9476.64
428 | 0.07 | 10031.40 | 1781.00 | 9906.73 | 181.19 | 905.95 | 10800.00 | 9270.05
394 | 0.11 | 8252.74 | 2010.11 | 8031.63 | 566.13 | 2830.65 | 10800.00 | 8463.34
399 | 0.16 | 7462.06 | 2713.58 | 7027.89 | 779.36 | 3896.81 | 10800.00 | 7547.90
424 | 0.09 | 10037.84 | 3533.36 | 9719.83 | 219.99 | 1099.96 | 10800.00 | 8994.13
400 | 0.12 | 8391.98 | 3948.64 | 7918.14 | 590.54 | 2952.72 | 10800.00 | 8486.47
413 | 0.14 | 8891.69 | 4646.46 | 8241.18 | 526.51 | 2632.53 | 10800.00 | 8189.62
395 | 0.08 | 8974.79 | 5219.08 | 8557.26 | 455.84 | 2279.21 | 10800.00 | 9348.51
405 | 0.12 | 8710.05 | 5808.33 | 8013.05 | 571.10 | 2855.48 | 10800.00 | 8707.30
429 | 0.14 | 9124.05 | 6480.27 | 8216.81 | 531.52 | 2657.60 | 10800.00 | 8447.05
393 | 0.10 | 8456.72 | 7070.22 | 7749.70 | 612.31 | 3061.53 | 10749.99 | 9136.39
411 | 0.06 | 9917.70 | 7722.81 | 9454.33 | 272.40 | 1362.01 | 10800.00 | 9850.60
431 | 0.10 | 10349.85 | 8054.52 | 9544.40 | 256.25 | 1281.23 | 10800.00 | 9249.22
398 | 0.10 | 8637.75 | 8342.49 | 7803.50 | 599.47 | 2997.36 | 10740.92 | 9253.26
406 | 0.07 | 9613.52 | 8991.29 | 8984.13 | 368.33 | 1841.65 | 10800.00 | 9787.87
427 | 0.06 | 9983.77 | 9424.77 | 9418.28 | 279.70 | 1398.50 | 10800.00 | 9953.15
396 | 0.13 | 7910.99 | 9808.68 | 6635.86 | 850.91 | 4254.54 | 10779.78 | 9069.12
417 | 0.06 | 9953.34 | 10779.96 | 9306.54 | 302.32 | 1511.60 | 10800.00 | 10035.82
404 | 0.10 | 9013.39 | 11159.33 | 7897.46 | 574.49 | 2872.45 | 10712.45 | 9503.98
425 | 0.09 | 9836.26 | 11787.47 | 8775.39 | 412.34 | 2061.72 | 10800.00 | 9754.31
414 | 0.06 | 10003.40 | 12228.41 | 9269.70 | 309.78 | 1548.89 | 10800.00 | 10123.18
420 | 0.12 | 9443.33 | 12635.15 | 7927.11 | 588.71 | 2943.53 | 10800.00 | 9528.64
421 | 0.07 | 9649.73 | 13253.34 | 8722.00 | 375.62 | 1878.12 | 10573.82 | 9860.55
430 | 0.15 | 9330.67 | 13658.26 | 7281.93 | 725.37 | 3626.87 | 10800.00 | 9384.76
426 | 0.12 | 9924.88 | 14399.47 | 8196.94 | 533.41 | 2667.07 | 10800.00 | 9733.72
403 | 0.12 | 8596.91 | 14977.68 | 6799.58 | 722.78 | 3613.92 | 10326.77 | 9352.60
415 | 0.07 | 9899.65 | 15744.02 | 8797.57 | 366.14 | 1830.70 | 10602.64 | 10063.05
408 | 0.06 | 9832.10 | 16136.46 | 8863.91 | 315.99 | 1579.96 | 10424.91 | 9982.94
423 | 0.07 | 10120.07 | 16494.85 | 8965.43 | 358.17 | 1790.83 | 10731.19 | 10243.60
402 | 0.12 | 8516.72 | 16922.80 | 6485.98 | 729.59 | 3647.95 | 10046.38 | 9306.44
416 | 0.09 | 9683.17 | 17748.03 | 8085.85 | 481.28 | 2406.38 | 10448.92 | 9945.88
410 | 0.05 | 9959.99 | 18304.55 | 9044.76 | 259.94 | 1299.72 | 10331.49 | 10068.78
419 | 0.09 | 9803.69 | 18591.79 | 8130.43 | 475.36 | 2376.80 | 10464.45 | 10036.82
418 | 0.09 | 9700.42 | 19075.26 | 7983.65 | 480.42 | 2402.10 | 10342.52 | 9958.86
422 | 0.08 | 10046.68 | 19636.38 | 8475.77 | 412.32 | 2061.61 | 10504.40 | 10202.81
407 | 0.08 | 9471.79 | 20144.58 | 7860.22 | 437.35 | 2186.74 | 10011.98 | 9753.05
Vehicle 11
Charging tour: 
443  -> 454  -> 458  -> 432  -> 446  -> 445  -> 434  -> 448  -> 440  -> 442  -> 468  -> 455  -> 451  -> 436  -> 438  -> 441  -> 465  -> 439  -> 456  -> 459  -> 467  -> 444  -> 463  -> 452  -> 460  -> 435  -> 461  -> 450  -> 449  -> 453  -> 437  -> 457  -> 433  -> 464  -> 462  -> 469  -> 447  -> 466  -> 
Charging time: 
191.71999882880363  + 220.65042886615814  + 332.7801889678253  + 599.4692668272863  + 560.57615346799  + 290.6253536095344  + 772.0605905786341  + 562.5768336738897  + 243.4660310733259  + 680.1729329357132  + 230.78370213103392  + 334.75989992559795  + 504.26172703823534  + 272.0301231229001  + 331.62565861683964  + 544.7807900886918  + 347.20436826073234  + 395.01192153234655  + 451.7706192062271  + 398.59214310885324  + 440.9866444464221  + 642.1946755485376  + 364.2723048770673  + 308.51346819753405  + 501.9811878985608  + 1111.0380209888372  + 363.47586566163983  + 321.37012807394956  + 381.7664335192453  + 502.4112027876907  + 463.93723726165337  + 429.2821645500952  + 274.34705383054666  + 437.2314770953306  + 509.7857952179142  + 371.8137416940043  + 1041.3349283165278  + 541.1970520970193  + 
total node:38/38
-------------------
Traveling energy: 2099.575209163483
Charging energy: 86359.29056961597
Total energy used: 88458.86577877945
-------------------
Total time for travel: 2099.575209163483
Total time for charging: 17271.858113923194
Charging round duration: 19371.433323086676
-------------------
ID | p | E0 | time_arrive | E_remain | time_charge | energy_charge| E_after_charge | E_after_cycle
443 | 0.05 | 9859.85 | 177.33 | 9850.99 | 191.72 | 958.60 | 10800.00 | 9627.52
454 | 0.08 | 9748.07 | 420.89 | 9714.40 | 220.65 | 1103.25 | 10800.00 | 8945.84
458 | 0.14 | 9283.29 | 718.61 | 9182.69 | 332.78 | 1663.90 | 10800.00 | 7612.60
432 | 0.12 | 8014.89 | 1169.19 | 7874.59 | 599.47 | 2997.35 | 10800.00 | 8154.01
446 | 0.14 | 8331.71 | 1829.37 | 8075.60 | 560.58 | 2802.88 | 10800.00 | 7799.99
445 | 0.07 | 9536.39 | 2416.82 | 9367.22 | 290.63 | 1453.13 | 10800.00 | 9322.22
434 | 0.15 | 7470.73 | 2768.13 | 7055.51 | 772.06 | 3860.30 | 10800.00 | 7758.24
448 | 0.14 | 8568.44 | 3589.71 | 8065.88 | 562.58 | 2812.88 | 10800.00 | 8046.72
440 | 0.05 | 9804.41 | 4191.34 | 9594.84 | 243.47 | 1217.33 | 10800.00 | 9830.81
442 | 0.14 | 8121.40 | 4478.89 | 7494.36 | 680.17 | 3400.86 | 10800.00 | 8187.67
468 | 0.11 | 10244.45 | 5208.89 | 9671.47 | 230.78 | 1153.92 | 10800.00 | 8778.32
455 | 0.09 | 9648.68 | 5470.60 | 9156.33 | 334.76 | 1673.80 | 10800.00 | 9178.81
451 | 0.12 | 9042.35 | 5859.60 | 8339.20 | 504.26 | 2521.31 | 10800.00 | 8705.44
436 | 0.05 | 9734.20 | 6442.23 | 9412.09 | 272.03 | 1360.15 | 10758.64 | 9903.42
438 | 0.06 | 9566.95 | 6753.06 | 9161.77 | 331.63 | 1658.13 | 10800.00 | 9795.97
441 | 0.10 | 8850.68 | 7201.10 | 8130.57 | 544.78 | 2723.90 | 10800.00 | 9192.73
465 | 0.08 | 9724.03 | 7903.50 | 9091.75 | 347.20 | 1736.02 | 10800.00 | 9554.57
439 | 0.07 | 9385.02 | 8281.35 | 8805.32 | 395.01 | 1975.06 | 10752.73 | 9692.78
456 | 0.10 | 9462.46 | 8761.31 | 8586.32 | 451.77 | 2258.85 | 10800.00 | 9339.45
459 | 0.10 | 9770.69 | 9237.89 | 8846.90 | 398.59 | 1992.96 | 10800.00 | 9381.79
467 | 0.14 | 10009.47 | 9661.91 | 8656.80 | 440.99 | 2204.93 | 10800.00 | 8879.81
444 | 0.11 | 8773.52 | 10125.93 | 7659.67 | 642.19 | 3210.97 | 10800.00 | 9364.45
463 | 0.08 | 9869.88 | 10776.24 | 9007.78 | 364.27 | 1821.36 | 10800.00 | 9785.76
452 | 0.06 | 9945.29 | 11155.84 | 9275.94 | 308.51 | 1542.57 | 10800.00 | 10058.75
460 | 0.10 | 9490.01 | 11497.21 | 8340.29 | 501.98 | 2509.91 | 10800.00 | 9618.06
435 | 0.16 | 7346.46 | 12024.29 | 5422.58 | 1111.04 | 5555.19 | 10800.00 | 9090.68
461 | 0.08 | 10065.14 | 13167.98 | 9011.70 | 363.48 | 1817.38 | 10800.00 | 9977.03
450 | 0.06 | 9887.65 | 13568.87 | 9073.52 | 321.37 | 1606.85 | 10661.09 | 10065.39
449 | 0.07 | 9710.63 | 13942.42 | 8734.67 | 381.77 | 1908.83 | 10616.77 | 9952.17
453 | 0.09 | 9487.04 | 14376.07 | 8193.19 | 502.41 | 2512.06 | 10660.03 | 9855.42
437 | 0.08 | 9132.26 | 14924.63 | 7938.29 | 463.94 | 2319.69 | 10220.86 | 9546.46
457 | 0.08 | 9869.48 | 15408.03 | 8636.84 | 429.28 | 2146.41 | 10748.91 | 10110.41
433 | 0.05 | 9651.99 | 15902.79 | 8856.85 | 274.35 | 1371.74 | 10214.87 | 9832.80
464 | 0.09 | 10112.55 | 16215.02 | 8653.19 | 437.23 | 2186.16 | 10800.00 | 10155.03
462 | 0.09 | 9349.80 | 16700.08 | 7846.79 | 509.79 | 2548.93 | 10349.84 | 9755.05
469 | 0.07 | 9970.57 | 17231.69 | 8764.35 | 371.81 | 1859.07 | 10597.39 | 10162.34
447 | 0.16 | 8137.24 | 17633.89 | 5315.81 | 1041.33 | 5206.67 | 10355.87 | 9532.94
466 | 0.10 | 9785.70 | 18737.69 | 7911.93 | 541.20 | 2705.99 | 10563.80 | 10109.83
Vehicle 12
Charging tour: 
474  -> 479  -> 476  -> 470  -> 478  -> 490  -> 482  -> 483  -> 472  -> 507  -> 486  -> 485  -> 473  -> 477  -> 493  -> 506  -> 503  -> 494  -> 500  -> 508  -> 505  -> 496  -> 484  -> 498  -> 471  -> 504  -> 489  -> 491  -> 492  -> 480  -> 487  -> 501  -> 481  -> 495  -> 475  -> 502  -> 497  -> 488  -> 499  -> 
Charging time: 
264.06830862223194  + 411.0299491371481  + 267.3144394881379  + 454.6779209383983  + 399.8423072399187  + 196.8372903316629  + 342.0603783294277  + 510.89495400881594  + 685.7355888831871  + 402.4481026082778  + 253.90890645569073  + 621.082150899639  + 504.55416378712334  + 710.485518231211  + 235.93899738550218  + 294.2984983850049  + 248.97960623493825  + 366.1422730106335  + 423.58824514777723  + 216.11980257891884  + 298.79229944051394  + 418.84607464409555  + 554.2730655810976  + 348.28019878212444  + 1183.4444824673549  + 249.45580761013068  + 433.48164400762494  + 480.2809714214948  + 373.35034627510123  + 542.261515275232  + 523.5092078735897  + 333.8751240992179  + 339.5459477977557  + 383.5632752247913  + 281.0784106602195  + 647.2189801400427  + 561.1433710002586  + 725.7051946901462  + 495.30397180294625  + 
total node:39/39
-------------------
Traveling energy: 2201.4122163308534
Charging energy: 84917.08645248692
Total energy used: 87118.49866881777
-------------------
Total time for travel: 2201.4122163308534
Total time for charging: 16983.417290497386
Charging round duration: 19184.82950682824
-------------------
ID | p | E0 | time_arrive | E_remain | time_charge | energy_charge| E_after_charge | E_after_cycle
474 | 0.06 | 9503.49 | 133.18 | 9495.50 | 264.07 | 1320.34 | 10800.00 | 9394.72
479 | 0.10 | 8831.69 | 457.39 | 8785.95 | 411.03 | 2055.15 | 10800.00 | 8504.99
476 | 0.06 | 9536.03 | 942.70 | 9479.47 | 267.31 | 1336.57 | 10800.00 | 9443.49
470 | 0.09 | 8681.46 | 1265.91 | 8567.53 | 454.68 | 2273.39 | 10800.00 | 8811.18
478 | 0.09 | 8993.06 | 1736.56 | 8836.77 | 399.84 | 1999.21 | 10800.00 | 8848.61
490 | 0.06 | 9962.44 | 2246.93 | 9827.62 | 196.84 | 984.19 | 10800.00 | 9517.51
482 | 0.08 | 9319.49 | 2530.40 | 9117.06 | 342.06 | 1710.30 | 10800.00 | 9124.31
483 | 0.12 | 8656.97 | 2917.82 | 8306.83 | 510.89 | 2554.47 | 10800.00 | 8353.22
472 | 0.13 | 7916.08 | 3504.70 | 7460.47 | 685.74 | 3428.68 | 10800.00 | 8248.34
507 | 0.12 | 9349.64 | 4279.86 | 8836.05 | 402.45 | 2012.24 | 10800.00 | 8503.65
486 | 0.06 | 9828.75 | 4717.72 | 9545.69 | 253.91 | 1269.54 | 10800.00 | 9669.18
485 | 0.14 | 8484.02 | 5017.68 | 7781.54 | 621.08 | 3105.41 | 10800.00 | 8254.83
473 | 0.09 | 8832.19 | 5661.63 | 8322.64 | 504.55 | 2522.77 | 10800.00 | 9211.29
477 | 0.13 | 8146.93 | 6207.63 | 7339.94 | 710.49 | 3552.43 | 10800.00 | 8602.94
493 | 0.05 | 9981.55 | 6988.94 | 9632.10 | 235.94 | 1179.69 | 10800.00 | 9970.32
506 | 0.11 | 10160.98 | 7273.61 | 9360.88 | 294.30 | 1471.49 | 10800.00 | 9012.43
503 | 0.07 | 10104.30 | 7596.70 | 9572.53 | 248.98 | 1244.90 | 10800.00 | 9681.90
494 | 0.09 | 9710.09 | 7864.94 | 9002.24 | 366.14 | 1830.71 | 10800.00 | 9397.13
500 | 0.12 | 9725.07 | 8268.16 | 8732.89 | 423.59 | 2117.94 | 10800.00 | 8984.78
508 | 0.08 | 10434.45 | 8721.95 | 9736.69 | 216.12 | 1080.60 | 10800.00 | 9609.56
505 | 0.09 | 10147.48 | 9050.53 | 9332.93 | 298.79 | 1493.96 | 10800.00 | 9497.77
496 | 0.10 | 9689.48 | 9418.31 | 8747.65 | 418.85 | 2094.23 | 10800.00 | 9401.86
484 | 0.10 | 9070.96 | 9868.94 | 8084.06 | 554.27 | 2771.37 | 10800.00 | 9460.47
498 | 0.08 | 9923.55 | 10463.64 | 9086.46 | 348.28 | 1741.40 | 10800.00 | 9759.47
471 | 0.17 | 6930.27 | 10860.64 | 5083.96 | 1183.44 | 5917.22 | 10800.00 | 8798.34
504 | 0.06 | 10292.27 | 12076.37 | 9567.69 | 249.46 | 1247.28 | 10800.00 | 10110.44
489 | 0.08 | 9656.31 | 12362.96 | 8667.27 | 433.48 | 2167.41 | 10800.00 | 9918.23
491 | 0.09 | 9598.47 | 12851.64 | 8441.82 | 480.28 | 2401.40 | 10800.00 | 9856.20
492 | 0.07 | 9893.26 | 13341.14 | 8959.38 | 373.35 | 1866.75 | 10800.00 | 10092.72
480 | 0.09 | 9081.03 | 13794.62 | 7839.51 | 542.26 | 2711.31 | 10502.02 | 9648.66
487 | 0.09 | 9406.31 | 14439.23 | 8106.78 | 523.51 | 2617.55 | 10677.21 | 9880.19
501 | 0.07 | 10205.08 | 15015.52 | 9154.00 | 333.88 | 1669.38 | 10800.00 | 10207.16
481 | 0.06 | 9668.39 | 15413.36 | 8743.58 | 339.55 | 1697.73 | 10420.94 | 9937.00
495 | 0.07 | 9985.33 | 15783.66 | 8880.47 | 383.56 | 1917.82 | 10771.44 | 10235.84
475 | 0.05 | 9732.93 | 16183.86 | 8923.74 | 281.08 | 1405.39 | 10315.08 | 9947.40
502 | 0.13 | 9791.83 | 16490.63 | 7648.04 | 647.22 | 3236.09 | 10800.00 | 9931.51
497 | 0.10 | 9750.51 | 17175.32 | 8032.98 | 561.14 | 2805.72 | 10782.58 | 10174.37
488 | 0.12 | 9047.37 | 17760.19 | 6916.14 | 725.71 | 3628.53 | 10457.59 | 9817.67
499 | 0.09 | 9941.96 | 18501.32 | 8276.84 | 495.30 | 2476.52 | 10708.78 | 10274.81
Vehicle 13
Charging tour: 
523  -> 509  -> 513  -> 510  -> 520  -> 522  -> 514  -> 521  -> 530  -> 511  -> 524  -> 533  -> 512  -> 516  -> 538  -> 517  -> 518  -> 515  -> 531  -> 539  -> 528  -> 529  -> 532  -> 540  -> 526  -> 537  -> 536  -> 534  -> 535  -> 527  -> 519  -> 525  -> 
Charging time: 
257.2594834587969  + 725.9366395871685  + 548.3351127978025  + 545.8312005383777  + 560.4591903974481  + 468.4720151729626  + 446.43332466451386  + 209.51906758740898  + 311.5082735804321  + 492.19208226561443  + 332.6460119891029  + 312.3278372226477  + 564.322957030962  + 534.121399578126  + 466.19648791240525  + 548.5309962513569  + 606.9458994320853  + 778.3822937136811  + 315.9656119287113  + 340.39543956367197  + 496.2674343614318  + 548.51879860384  + 338.38278124004484  + 243.72014059831469  + 326.8362000939975  + 273.8890886006272  + 330.7485012439739  + 297.3149002799701  + 396.6097330702095  + 345.34185050821793  + 598.3765803017754  + 490.66032189599184  + 
total node:32/32
-------------------
Traveling energy: 2008.944065700753
Charging energy: 70262.23827735835
Total energy used: 72271.1823430591
-------------------
Total time for travel: 2008.944065700753
Total time for charging: 14052.447655471671
Charging round duration: 16061.391721172424
-------------------
ID | p | E0 | time_arrive | E_remain | time_charge | energy_charge| E_after_charge | E_after_cycle
523 | 0.08 | 9548.93 | 183.10 | 9534.28 | 257.26 | 1286.30 | 10800.00 | 8929.74
509 | 0.15 | 7350.97 | 478.42 | 7279.21 | 725.94 | 3629.68 | 10800.00 | 7407.87
513 | 0.12 | 8271.03 | 1224.19 | 8124.12 | 548.34 | 2741.68 | 10800.00 | 8154.48
510 | 0.11 | 8329.30 | 1803.73 | 8130.89 | 545.83 | 2729.16 | 10800.00 | 8438.41
520 | 0.14 | 8418.18 | 2442.96 | 8076.17 | 560.46 | 2802.30 | 10800.00 | 7885.88
522 | 0.12 | 8883.60 | 3081.16 | 8513.86 | 468.47 | 2342.36 | 10800.00 | 8367.73
514 | 0.09 | 8928.25 | 3558.18 | 8608.01 | 446.43 | 2232.17 | 10800.00 | 9016.74
521 | 0.05 | 9963.92 | 4020.69 | 9762.88 | 209.52 | 1047.60 | 10800.00 | 9820.58
530 | 0.09 | 9659.03 | 4317.09 | 9270.49 | 311.51 | 1557.54 | 10800.00 | 9072.90
511 | 0.09 | 8809.29 | 4732.76 | 8383.34 | 492.19 | 2460.96 | 10800.00 | 9126.58
524 | 0.08 | 9583.44 | 5250.79 | 9163.38 | 332.65 | 1663.23 | 10800.00 | 9341.19
533 | 0.09 | 9770.65 | 5601.99 | 9266.47 | 312.33 | 1561.64 | 10800.00 | 9188.62
512 | 0.10 | 8631.66 | 5968.37 | 8034.82 | 564.32 | 2821.61 | 10800.00 | 9071.41
516 | 0.10 | 8848.72 | 6659.13 | 8182.81 | 534.12 | 2670.61 | 10800.00 | 9137.47
538 | 0.14 | 9560.78 | 7332.12 | 8534.29 | 466.20 | 2330.98 | 10800.00 | 8557.17
517 | 0.10 | 8896.83 | 7846.35 | 8112.20 | 548.53 | 2742.65 | 10800.00 | 9257.63
518 | 0.11 | 8759.93 | 8435.37 | 7832.03 | 606.95 | 3034.73 | 10800.00 | 9174.61
515 | 0.13 | 8187.44 | 9062.76 | 7009.28 | 778.38 | 3891.91 | 10800.00 | 8982.94
531 | 0.07 | 9935.73 | 9906.33 | 9242.29 | 315.97 | 1579.83 | 10800.00 | 9848.26
539 | 0.09 | 10051.08 | 10249.15 | 9128.66 | 340.40 | 1701.98 | 10800.00 | 9609.39
528 | 0.10 | 9434.71 | 10664.19 | 8368.29 | 496.27 | 2481.34 | 10800.00 | 9534.19
529 | 0.11 | 9351.40 | 11215.07 | 8117.74 | 548.52 | 2742.59 | 10800.00 | 9473.95
532 | 0.07 | 9957.44 | 11795.31 | 9131.77 | 338.38 | 1691.91 | 10800.00 | 9982.06
540 | 0.06 | 10325.16 | 12152.34 | 9596.02 | 243.72 | 1218.60 | 10800.00 | 10114.65
526 | 0.06 | 9930.32 | 12414.84 | 9185.43 | 326.84 | 1634.18 | 10800.00 | 10135.39
537 | 0.06 | 10212.65 | 12760.99 | 9446.99 | 273.89 | 1369.45 | 10800.00 | 10152.98
536 | 0.07 | 10085.71 | 13089.97 | 9169.41 | 330.75 | 1653.74 | 10800.00 | 10072.15
534 | 0.06 | 10138.38 | 13451.93 | 9331.26 | 297.31 | 1486.57 | 10800.00 | 10195.84
535 | 0.08 | 9953.68 | 13812.47 | 8848.68 | 396.61 | 1983.05 | 10800.00 | 10031.24
527 | 0.06 | 9947.64 | 14227.20 | 9094.01 | 345.34 | 1726.71 | 10800.00 | 10245.24
519 | 0.09 | 9182.11 | 14668.16 | 7861.97 | 598.38 | 2991.88 | 10800.00 | 10030.32
525 | 0.08 | 9616.76 | 15385.17 | 8385.95 | 490.66 | 2453.30 | 10800.00 | 10164.58
Vehicle 14
Charging tour: 
560  -> 541  -> 563  -> 558  -> 552  -> 559  -> 574  -> 546  -> 548  -> 553  -> 566  -> 569  -> 542  -> 545  -> 543  -> 576  -> 572  -> 556  -> 573  -> 565  -> 561  -> 547  -> 571  -> 549  -> 562  -> 578  -> 554  -> 544  -> 570  -> 567  -> 579  -> 575  -> 551  -> 550  -> 557  -> 577  -> 568  -> 564  -> 580  -> 555  -> 
Charging time: 
287.762240438908  + 343.47257869340916  + 353.60008680346834  + 432.14472770535315  + 272.8446630143933  + 326.550891792204  + 282.2137680963111  + 755.08812174403  + 349.5492519690772  + 231.11429700443526  + 422.35130998412023  + 295.0723488282956  + 581.2543917274737  + 439.33800191110475  + 834.5981753557979  + 423.40962276574277  + 232.9884527562941  + 305.0458421969398  + 260.8886199539863  + 289.4519271289049  + 336.42522718669437  + 373.14754898629434  + 351.3868455626261  + 794.3851403128734  + 670.4413751992852  + 699.233927105516  + 368.83480951542725  + 256.50124688176015  + 246.72635565856257  + 752.6342284644898  + 533.3599166141457  + 451.7241129884808  + 703.5590418564254  + 634.6994805282483  + 481.2879503532326  + 244.86265550296216  + 741.870375230416  + 706.5087327324777  + 471.6153129034609  + 1077.7893043969393  + 
total node:40/40
-------------------
Traveling energy: 2400.832685818611
Charging energy: 93078.66453925282
Total energy used: 95479.49722507142
-------------------
Total time for travel: 2400.832685818611
Total time for charging: 18615.732907850565
Charging round duration: 21016.565593669176
-------------------
ID | p | E0 | time_arrive | E_remain | time_charge | energy_charge| E_after_charge | E_after_cycle
560 | 0.08 | 9399.27 | 188.29 | 9384.21 | 287.76 | 1438.81 | 10800.00 | 8932.60
541 | 0.07 | 9148.04 | 590.83 | 9106.68 | 343.47 | 1717.36 | 10800.00 | 9198.10
563 | 0.12 | 9190.99 | 971.31 | 9074.43 | 353.60 | 1768.00 | 10800.00 | 8100.76
558 | 0.12 | 8866.04 | 1457.58 | 8691.13 | 432.14 | 2160.72 | 10800.00 | 8168.54
552 | 0.06 | 9566.82 | 1911.15 | 9452.15 | 272.84 | 1364.22 | 10800.00 | 9501.93
559 | 0.09 | 9396.50 | 2220.74 | 9196.64 | 326.55 | 1632.75 | 10800.00 | 8885.59
574 | 0.07 | 9591.75 | 2615.13 | 9408.69 | 282.21 | 1411.07 | 10800.00 | 9335.51
546 | 0.15 | 7579.62 | 2945.33 | 7137.82 | 755.09 | 3775.44 | 10800.00 | 7782.28
548 | 0.07 | 9338.54 | 3740.27 | 9076.72 | 349.55 | 1747.75 | 10800.00 | 9418.99
553 | 0.05 | 9862.13 | 4122.82 | 9655.98 | 231.11 | 1155.57 | 10800.00 | 9826.77
566 | 0.12 | 9265.06 | 4384.48 | 8738.93 | 422.35 | 2111.76 | 10800.00 | 8518.59
569 | 0.08 | 9735.67 | 4842.76 | 9348.24 | 295.07 | 1475.36 | 10800.00 | 9305.54
542 | 0.10 | 8470.08 | 5182.28 | 7951.85 | 581.25 | 2906.27 | 10800.00 | 8994.50
545 | 0.08 | 9044.22 | 5824.86 | 8578.23 | 439.34 | 2196.69 | 10739.77 | 9335.42
543 | 0.14 | 7631.61 | 6341.15 | 6743.85 | 834.60 | 4172.99 | 10800.00 | 8470.01
576 | 0.15 | 9831.80 | 7235.57 | 8746.46 | 423.41 | 2117.05 | 10800.00 | 8376.06
572 | 0.06 | 10110.77 | 7695.54 | 9649.04 | 232.99 | 1164.94 | 10800.00 | 9846.60
556 | 0.06 | 9769.36 | 7958.78 | 9291.83 | 305.05 | 1525.23 | 10798.76 | 9865.47
573 | 0.06 | 10013.49 | 8371.34 | 9511.21 | 260.89 | 1304.44 | 10800.00 | 9888.82
565 | 0.06 | 9891.32 | 8686.94 | 9370.11 | 289.45 | 1447.26 | 10800.00 | 9909.47
561 | 0.07 | 9771.94 | 9007.35 | 9141.42 | 336.43 | 1682.13 | 10800.00 | 9786.77
547 | 0.07 | 9317.45 | 9387.63 | 8660.32 | 373.15 | 1865.74 | 10499.94 | 9515.89
571 | 0.07 | 9755.20 | 9821.94 | 9067.66 | 351.39 | 1756.93 | 10800.00 | 9844.83
549 | 0.13 | 8128.16 | 10207.88 | 6801.13 | 794.39 | 3971.93 | 10669.79 | 9003.67
562 | 0.13 | 8968.01 | 11023.51 | 7534.95 | 670.44 | 3352.21 | 10800.00 | 9223.80
578 | 0.16 | 9291.77 | 11725.39 | 7415.71 | 699.23 | 3496.17 | 10800.00 | 8976.97
554 | 0.07 | 9426.40 | 12446.30 | 8555.16 | 368.83 | 1844.17 | 10373.52 | 9603.28
544 | 0.05 | 9681.89 | 12871.69 | 9038.31 | 256.50 | 1282.51 | 10307.99 | 9773.47
570 | 0.05 | 10065.47 | 13223.31 | 9404.31 | 246.73 | 1233.63 | 10625.60 | 10108.18
567 | 0.15 | 9181.27 | 13543.61 | 7149.72 | 752.63 | 3763.17 | 10800.00 | 9371.65
579 | 0.12 | 9914.63 | 14311.93 | 8197.20 | 533.36 | 2666.80 | 10800.00 | 9723.21
575 | 0.10 | 10076.59 | 14900.34 | 8586.55 | 451.72 | 2258.62 | 10800.00 | 9953.35
551 | 0.12 | 8471.50 | 15392.92 | 6624.35 | 703.56 | 3517.80 | 10057.72 | 9131.07
550 | 0.11 | 8608.04 | 16211.76 | 6824.75 | 634.70 | 3173.50 | 9928.43 | 9161.50
557 | 0.09 | 9287.90 | 16910.15 | 7765.98 | 481.29 | 2406.44 | 10129.11 | 9550.66
577 | 0.05 | 10142.08 | 17438.60 | 9270.15 | 244.86 | 1224.31 | 10482.23 | 10175.47
568 | 0.14 | 9373.03 | 17707.76 | 6893.94 | 741.87 | 3709.35 | 10499.43 | 9747.78
564 | 0.13 | 9139.15 | 18518.38 | 6731.76 | 706.51 | 3532.54 | 10172.45 | 9575.28
580 | 0.09 | 9478.39 | 19242.23 | 7746.59 | 471.62 | 2358.08 | 10062.22 | 9692.79
555 | 0.17 | 7834.20 | 19750.85 | 4476.56 | 1077.79 | 5388.95 | 9682.28 | 9174.00
Vehicle 15
Charging tour: 
610  -> 599  -> 583  -> 603  -> 590  -> 614  -> 595  -> 587  -> 589  -> 597  -> 612  -> 601  -> 582  -> 618  -> 596  -> 586  -> 585  -> 619  -> 584  -> 581  -> 609  -> 615  -> 605  -> 598  -> 592  -> 617  -> 611  -> 602  -> 613  -> 591  -> 608  -> 616  -> 604  -> 594  -> 606  -> 600  -> 607  -> 593  -> 588  -> 
Charging time: 
337.23385903206594  + 345.00238296337653  + 428.6556264205712  + 405.99615875209633  + 412.57257407512185  + 385.8559964513853  + 421.00964212552407  + 484.23193653865826  + 524.0795551834514  + 441.67452623155003  + 450.7441337980716  + 475.37279514150845  + 385.87878359084107  + 470.46225392755787  + 503.1138795192946  + 337.34192444093316  + 434.02511661745893  + 521.8704889867585  + 434.02390321629827  + 337.31762395091647  + 553.7929017367032  + 481.97591148063367  + 588.8030371293705  + 631.7770208999893  + 481.97420868641075  + 637.5704687005903  + 577.5181399837242  + 532.268987233172  + 710.3055250192322  + 481.9761385260658  + 678.7816701922461  + 767.9128086772413  + 784.9848693969898  + 593.2531058741796  + 385.8557277236488  + 627.6538675236022  + 481.975520586336  + 532.829182311231  + 434.02599336603646  + 
total node:39/39
-------------------
Traveling energy: 2455.6929023110083
Charging energy: 97508.49123005423
Total energy used: 99964.18413236525
-------------------
Total time for travel: 2455.6929023110083
Total time for charging: 19501.69824601085
Charging round duration: 21957.391148321858
-------------------
ID | p | E0 | time_arrive | E_remain | time_charge | energy_charge| E_after_charge | E_after_cycle
610 | 0.06 | 8617.68 | 169.23 | 8607.52 | 337.23 | 1686.17 | 10273.46 | 8874.73
599 | 0.12 | 9183.84 | 562.07 | 9116.39 | 345.00 | 1725.01 | 10800.00 | 8050.62
583 | 0.09 | 8789.36 | 1045.15 | 8695.30 | 428.66 | 2143.28 | 10800.00 | 8788.97
603 | 0.08 | 8927.78 | 1566.04 | 8802.50 | 406.00 | 2029.98 | 10800.00 | 9052.28
590 | 0.08 | 8928.07 | 1974.05 | 8770.14 | 412.57 | 2062.86 | 10800.00 | 9085.45
614 | 0.07 | 8787.05 | 2403.93 | 8618.77 | 385.86 | 1929.28 | 10521.04 | 9049.03
595 | 0.11 | 9049.43 | 2801.53 | 8741.26 | 421.01 | 2105.05 | 10800.00 | 8534.44
587 | 0.10 | 8762.81 | 3355.46 | 8427.26 | 484.23 | 2421.16 | 10800.00 | 8802.11
589 | 0.11 | 8678.29 | 4009.46 | 8237.25 | 524.08 | 2620.40 | 10800.00 | 8678.65
597 | 0.09 | 9044.56 | 4590.90 | 8631.38 | 441.67 | 2208.37 | 10800.00 | 9109.26
612 | 0.09 | 9044.55 | 5085.64 | 8586.85 | 450.74 | 2253.72 | 10800.00 | 9154.60
601 | 0.13 | 9217.01 | 5631.32 | 8484.93 | 475.37 | 2376.86 | 10800.00 | 8497.46
582 | 0.07 | 8786.53 | 6138.46 | 8356.84 | 385.88 | 1929.39 | 10259.22 | 9048.62
618 | 0.13 | 9359.11 | 6540.48 | 8508.85 | 470.46 | 2352.31 | 10800.00 | 8615.01
596 | 0.11 | 9116.99 | 7065.59 | 8339.77 | 503.11 | 2515.57 | 10800.00 | 9012.52
586 | 0.06 | 8614.92 | 7600.74 | 8158.87 | 337.34 | 1686.71 | 9825.34 | 8872.51
585 | 0.08 | 8927.82 | 8023.71 | 8285.92 | 434.03 | 2170.13 | 10421.33 | 9192.46
619 | 0.13 | 9359.11 | 8466.28 | 8258.49 | 521.87 | 2609.35 | 10800.00 | 8872.05
584 | 0.08 | 8927.84 | 9018.13 | 8206.39 | 434.02 | 2170.12 | 10341.79 | 9192.48
581 | 0.06 | 8615.54 | 9461.27 | 8047.86 | 337.32 | 1686.59 | 9714.21 | 8873.01
609 | 0.11 | 9177.40 | 9867.72 | 8091.95 | 553.79 | 2768.96 | 10800.00 | 9326.32
615 | 0.09 | 9044.56 | 10476.35 | 8101.69 | 481.98 | 2409.88 | 10468.19 | 9310.77
605 | 0.13 | 9359.11 | 10973.68 | 7932.53 | 588.80 | 2944.02 | 10800.00 | 9206.71
598 | 0.12 | 9106.69 | 11581.34 | 7716.93 | 631.78 | 3158.89 | 10800.00 | 9407.35
592 | 0.09 | 9044.59 | 12317.39 | 7936.03 | 481.97 | 2409.87 | 10302.52 | 9310.79
617 | 0.13 | 9359.11 | 12800.58 | 7695.03 | 637.57 | 3187.85 | 10800.00 | 9450.55
611 | 0.11 | 9225.66 | 13510.25 | 7739.53 | 577.52 | 2887.59 | 10563.59 | 9493.21
602 | 0.10 | 9099.95 | 14154.23 | 7684.53 | 532.27 | 2661.34 | 10292.65 | 9379.44
613 | 0.14 | 9413.37 | 14753.23 | 7347.92 | 710.31 | 3551.53 | 10800.00 | 9630.30
591 | 0.09 | 9044.55 | 15592.11 | 7641.26 | 481.98 | 2409.88 | 10007.77 | 9310.76
608 | 0.13 | 9276.49 | 16116.44 | 7181.35 | 678.78 | 3393.91 | 10487.01 | 9573.98
616 | 0.15 | 9461.27 | 16841.48 | 6935.05 | 767.91 | 3839.56 | 10659.43 | 9728.05
604 | 0.15 | 9255.51 | 17663.49 | 6605.98 | 784.98 | 3924.92 | 10413.16 | 9607.65
594 | 0.11 | 8980.96 | 18489.06 | 6947.17 | 593.25 | 2966.27 | 9848.17 | 9327.19
606 | 0.07 | 8787.05 | 19121.45 | 7448.55 | 385.86 | 1929.28 | 9350.82 | 9049.03
600 | 0.12 | 9260.43 | 19601.46 | 6908.26 | 627.65 | 3138.27 | 9971.21 | 9540.47
607 | 0.09 | 9044.57 | 20293.69 | 7218.13 | 481.98 | 2409.88 | 9584.63 | 9310.77
593 | 0.10 | 9090.38 | 20804.72 | 7009.91 | 532.83 | 2664.15 | 9620.77 | 9372.67
588 | 0.08 | 8927.80 | 21357.82 | 7219.17 | 434.03 | 2170.13 | 9354.58 | 9192.45
Vehicle 16
Charging tour: 
623  -> 631  -> 622  -> 627  -> 632  -> 633  -> 626  -> 628  -> 645  -> 620  -> 621  -> 624  -> 635  -> 646  -> 644  -> 625  -> 639  -> 636  -> 629  -> 630  -> 638  -> 642  -> 637  -> 641  -> 634  -> 640  -> 643  -> 
Charging time: 
495.81261136742387  + 291.61209242805984  + 529.49219200491  + 432.1657750658518  + 385.4365382065953  + 531.0045711027867  + 616.1357850703305  + 512.210445267243  + 282.2573354496487  + 457.99846629889817  + 402.5228240505267  + 607.251282650989  + 476.5779679268942  + 283.23072148696673  + 305.32322875435125  + 812.0260407132164  + 264.17414427709156  + 520.8591358532074  + 507.46239128951737  + 680.3718975516642  + 246.50695731830712  + 234.20824262930714  + 461.1900428589468  + 245.67060275968223  + 446.40675865416597  + 310.11342707134173  + 302.2948152262391  + 
total node:27/27
-------------------
Traveling energy: 1762.929152717686
Charging energy: 58201.58146667082
Total energy used: 59964.5106193885
-------------------
Total time for travel: 1762.929152717686
Total time for charging: 11640.316293334163
Charging round duration: 13403.24544605185
-------------------
ID | p | E0 | time_arrive | E_remain | time_charge | energy_charge| E_after_charge | E_after_cycle
623 | 0.11 | 8392.53 | 154.99 | 8375.48 | 495.81 | 2479.06 | 10800.00 | 8251.55
631 | 0.08 | 9419.34 | 675.94 | 9365.27 | 291.61 | 1458.06 | 10800.00 | 8971.92
622 | 0.11 | 8327.05 | 1056.96 | 8210.78 | 529.49 | 2647.46 | 10800.00 | 8354.47
627 | 0.10 | 8850.77 | 1683.80 | 8682.39 | 432.17 | 2160.83 | 10800.00 | 8629.74
632 | 0.10 | 9128.06 | 2166.97 | 8911.36 | 385.44 | 1927.18 | 10800.00 | 8673.38
633 | 0.14 | 8586.36 | 2621.70 | 8219.32 | 531.00 | 2655.02 | 10800.00 | 7906.78
626 | 0.13 | 8214.20 | 3190.62 | 7799.42 | 616.14 | 3080.68 | 10800.00 | 8198.47
628 | 0.11 | 8723.09 | 3889.09 | 8295.29 | 512.21 | 2561.05 | 10800.00 | 8664.10
645 | 0.09 | 9812.73 | 4429.03 | 9414.12 | 282.26 | 1411.29 | 10800.00 | 9080.35
620 | 0.08 | 8926.49 | 4748.08 | 8546.65 | 458.00 | 2289.99 | 10800.00 | 9311.00
621 | 0.07 | 9183.44 | 5255.38 | 8815.56 | 402.52 | 2012.61 | 10800.00 | 9528.75
624 | 0.11 | 8463.75 | 5756.42 | 7830.54 | 607.25 | 3036.26 | 10800.00 | 8879.96
635 | 0.11 | 9171.06 | 6377.50 | 8469.53 | 476.58 | 2382.89 | 10800.00 | 8933.91
646 | 0.08 | 9962.60 | 6951.18 | 9406.50 | 283.23 | 1416.15 | 10800.00 | 9473.27
644 | 0.08 | 9884.65 | 7335.47 | 9297.81 | 305.32 | 1526.62 | 10800.00 | 9505.78
625 | 0.14 | 7928.94 | 7681.32 | 6853.55 | 812.03 | 4060.13 | 10800.00 | 8654.47
639 | 0.06 | 10007.38 | 8540.04 | 9494.98 | 264.17 | 1320.87 | 10800.00 | 9899.14
636 | 0.11 | 9225.83 | 8843.89 | 8253.00 | 520.86 | 2604.30 | 10800.00 | 9210.08
629 | 0.09 | 9154.84 | 9405.36 | 8308.36 | 507.46 | 2537.31 | 10800.00 | 9548.48
630 | 0.12 | 8680.83 | 10008.74 | 7479.79 | 680.37 | 3401.86 | 10800.00 | 9224.47
638 | 0.05 | 10116.93 | 10742.86 | 9579.79 | 246.51 | 1232.53 | 10800.00 | 10158.54
642 | 0.05 | 10190.73 | 11001.19 | 9640.67 | 234.21 | 1171.04 | 10800.00 | 10170.84
637 | 0.09 | 9548.34 | 11253.18 | 8535.56 | 461.19 | 2305.95 | 10800.00 | 9710.62
641 | 0.05 | 10172.83 | 11777.93 | 9583.93 | 245.67 | 1228.35 | 10800.00 | 10210.25
634 | 0.08 | 9567.83 | 12051.91 | 8603.68 | 446.41 | 2232.03 | 10800.00 | 9894.38
640 | 0.06 | 10024.55 | 12608.43 | 9268.04 | 310.11 | 1550.57 | 10800.00 | 10146.00
643 | 0.06 | 10087.26 | 13010.02 | 9306.66 | 302.29 | 1511.47 | 10800.00 | 10169.63
Vehicle 17
Charging tour: 
657  -> 672  -> 653  -> 681  -> 658  -> 677  -> 663  -> 679  -> 652  -> 655  -> 647  -> 670  -> 673  -> 671  -> 662  -> 661  -> 666  -> 683  -> 648  -> 659  -> 675  -> 684  -> 651  -> 660  -> 654  -> 667  -> 665  -> 682  -> 656  -> 680  -> 678  -> 676  -> 674  -> 664  -> 649  -> 668  -> 650  -> 669  -> 
Charging time: 
459.8879440470828  + 404.748565718809  + 406.8865030512983  + 401.4287088830474  + 410.8608049866189  + 455.0020617614119  + 359.6184576912249  + 263.9310019432716  + 264.7016309142402  + 406.9401872991037  + 675.2745546518893  + 579.6787460858969  + 406.94159816076433  + 406.9285187331814  + 359.5519622716897  + 359.48217851327803  + 264.1101328131767  + 579.3625335236012  + 359.6055379603472  + 621.1088397170945  + 614.9526968312496  + 673.2797953136956  + 519.7541019218977  + 679.2952177198875  + 263.41975912638424  + 764.3612854685589  + 716.0749461221277  + 903.9428605562243  + 635.7504645709345  + 832.2294026218138  + 884.2611213293858  + 785.2276047002456  + 595.7411402706256  + 661.5042972587795  + 461.9064733278588  + 721.4051981173345  + 590.0001692864814  + 642.9819963028247  + 
total node:38/38
-------------------
Traveling energy: 2099.1726099774824
Charging energy: 101960.69499786668
Total energy used: 104059.86760784416
-------------------
Total time for travel: 2099.1726099774824
Total time for charging: 20392.138999573337
Charging round duration: 22491.31160955082
-------------------
ID | p | E0 | time_arrive | E_remain | time_charge | energy_charge| E_after_charge | E_after_cycle
657 | 0.12 | 8576.44 | 172.44 | 8555.75 | 459.89 | 2299.44 | 10800.00 | 8017.65
672 | 0.08 | 8863.42 | 684.80 | 8808.64 | 404.75 | 2023.74 | 10800.00 | 8981.68
653 | 0.08 | 8863.31 | 1142.19 | 8771.93 | 406.89 | 2034.43 | 10773.81 | 8992.25
681 | 0.10 | 8992.07 | 1590.68 | 8833.00 | 401.43 | 2007.14 | 10800.00 | 8617.36
658 | 0.10 | 8991.98 | 2052.03 | 8786.78 | 410.86 | 2054.30 | 10800.00 | 8664.43
677 | 0.10 | 8819.11 | 2486.24 | 8570.49 | 455.00 | 2275.01 | 10800.00 | 8712.27
663 | 0.07 | 8774.76 | 2969.30 | 8566.91 | 359.62 | 1798.09 | 10339.83 | 8905.55
679 | 0.05 | 8540.02 | 3452.43 | 8367.39 | 263.93 | 1319.66 | 9673.85 | 8668.74
652 | 0.05 | 8515.15 | 3765.09 | 8326.90 | 264.70 | 1323.51 | 9637.17 | 8647.73
655 | 0.08 | 8862.14 | 4189.97 | 8526.94 | 406.94 | 2034.70 | 10529.09 | 8991.35
647 | 0.12 | 8010.87 | 4605.71 | 7458.19 | 675.27 | 3376.37 | 10753.53 | 8529.02
670 | 0.14 | 8730.18 | 5338.69 | 7982.76 | 579.68 | 2898.39 | 10800.00 | 8293.97
673 | 0.08 | 8862.11 | 5958.29 | 8385.44 | 406.94 | 2034.71 | 10387.60 | 8991.33
671 | 0.08 | 8862.39 | 6421.93 | 8348.64 | 406.93 | 2034.64 | 10350.73 | 8991.55
662 | 0.07 | 8776.38 | 6868.15 | 8295.61 | 359.55 | 1797.76 | 10068.20 | 8906.84
661 | 0.07 | 8778.08 | 7245.92 | 8270.87 | 359.48 | 1797.41 | 10043.12 | 8908.20
666 | 0.05 | 8534.22 | 7728.15 | 8147.82 | 264.11 | 1320.55 | 9455.16 | 8663.85
683 | 0.14 | 9106.32 | 8014.45 | 7984.30 | 579.36 | 2896.81 | 10800.00 | 8668.54
648 | 0.07 | 8775.07 | 8666.48 | 8168.42 | 359.61 | 1798.03 | 9941.28 | 8905.80
659 | 0.12 | 8709.49 | 9030.89 | 7625.78 | 621.11 | 3105.54 | 10656.79 | 8956.81
675 | 0.12 | 8796.68 | 9660.37 | 7637.43 | 614.95 | 3074.76 | 10638.40 | 9013.21
684 | 0.16 | 9189.59 | 10301.67 | 7541.33 | 673.28 | 3366.40 | 10800.00 | 8745.02
651 | 0.10 | 8673.24 | 10994.71 | 7573.76 | 519.75 | 2598.77 | 10120.56 | 8890.15
660 | 0.13 | 8627.08 | 11582.86 | 7121.31 | 679.30 | 3396.48 | 10429.48 | 8927.14
654 | 0.05 | 8556.59 | 12311.34 | 7941.02 | 263.42 | 1317.10 | 9244.95 | 8682.76
667 | 0.15 | 8846.50 | 12630.75 | 6951.89 | 764.36 | 3821.81 | 10659.04 | 9095.53
665 | 0.14 | 8813.50 | 13460.01 | 6929.10 | 716.07 | 3580.37 | 10409.23 | 9059.28
682 | 0.18 | 8976.57 | 14181.37 | 6423.93 | 903.94 | 4519.71 | 10780.93 | 9208.95
656 | 0.12 | 8508.90 | 15127.18 | 6693.64 | 635.75 | 3178.75 | 9796.10 | 8829.43
680 | 0.17 | 9208.42 | 15781.13 | 6525.62 | 832.23 | 4161.15 | 10545.29 | 9320.41
678 | 0.18 | 9176.37 | 16659.36 | 6177.69 | 884.26 | 4421.31 | 10439.83 | 9310.34
676 | 0.16 | 9185.52 | 17614.24 | 6367.24 | 785.23 | 3926.14 | 10167.74 | 9300.68
674 | 0.12 | 9080.35 | 18451.26 | 6866.20 | 595.74 | 2978.71 | 9773.42 | 9200.83
664 | 0.13 | 8859.10 | 19110.61 | 6374.72 | 661.50 | 3307.52 | 9596.25 | 9070.21
649 | 0.09 | 8783.50 | 19795.14 | 7001.94 | 461.91 | 2309.53 | 9269.90 | 8949.36
668 | 0.14 | 8748.38 | 20317.79 | 5903.89 | 721.41 | 3607.03 | 9409.92 | 9020.81
650 | 0.11 | 8404.65 | 21105.86 | 6083.01 | 590.00 | 2950.00 | 8968.11 | 8734.61
669 | 0.13 | 9114.31 | 21752.37 | 6286.50 | 642.98 | 3214.91 | 9417.82 | 9232.80
Vehicle 18
Charging tour: 
712  -> 710  -> 701  -> 700  -> 720  -> 690  -> 708  -> 711  -> 718  -> 713  -> 704  -> 703  -> 721  -> 705  -> 716  -> 696  -> 698  -> 692  -> 686  -> 719  -> 691  -> 722  -> 688  -> 699  -> 689  -> 702  -> 694  -> 687  -> 697  -> 685  -> 709  -> 707  -> 693  -> 706  -> 715  -> 717  -> 695  -> 726  -> 714  -> 725  -> 723  -> 724  -> 
Charging time: 
454.610344110085  + 358.6526807612835  + 310.7915971639716  + 595.1708766991258  + 612.2834145528711  + 310.69062474265377  + 406.71706258192904  + 665.9244206574394  + 550.3747230409879  + 775.2124629467778  + 406.69314468641414  + 646.1233182763995  + 261.30015265007364  + 646.1233125354764  + 358.7791326285213  + 650.1234006485666  + 598.24810265993  + 502.496428185334  + 406.67285115341724  + 598.2481252637373  + 358.7577546900203  + 358.78738101390843  + 310.29736943204085  + 550.3743200393118  + 502.49996799104383  + 598.2480456189936  + 262.5547558917087  + 310.75312316535803  + 694.0014948821718  + 358.655579919198  + 598.2482435806706  + 741.8814035139973  + 358.794018473399  + 454.611697979272  + 646.1233948601162  + 646.1233139830159  + 406.7254413768423  + 693.9986585665673  + 741.8631140341118  + 262.5418220675716  + 598.2481234573995  + 406.70470000207104  + 
total node:42/42
-------------------
Traveling energy: 2080.387864076999
Charging energy: 104880.14950241892
Total energy used: 106960.53736649592
-------------------
Total time for travel: 2080.387864076999
Total time for charging: 20976.029900483783
Charging round duration: 23056.41776456078
-------------------
ID | p | E0 | time_arrive | E_remain | time_charge | energy_charge| E_after_charge | E_after_cycle
712 | 0.09 | 7948.14 | 48.94 | 7943.74 | 454.61 | 2273.05 | 10175.88 | 8077.53
710 | 0.07 | 7835.86 | 595.33 | 7794.18 | 358.65 | 1793.26 | 9562.34 | 7961.82
701 | 0.06 | 7750.76 | 973.44 | 7692.36 | 310.79 | 1553.96 | 9227.67 | 7875.61
700 | 0.12 | 8053.09 | 1312.69 | 7895.57 | 595.17 | 2975.85 | 10800.00 | 8170.72
720 | 0.13 | 8077.75 | 1996.71 | 7818.18 | 612.28 | 3061.42 | 10800.00 | 8042.76
690 | 0.06 | 7753.28 | 2648.16 | 7594.39 | 310.69 | 1553.45 | 9129.21 | 7877.62
708 | 0.08 | 7896.96 | 3030.07 | 7654.56 | 406.72 | 2033.59 | 9655.61 | 8025.06
711 | 0.16 | 8133.80 | 3480.44 | 7576.93 | 665.92 | 3329.62 | 10800.00 | 7652.45
718 | 0.11 | 8024.11 | 4165.83 | 7565.87 | 550.37 | 2751.87 | 10257.20 | 8155.94
713 | 0.16 | 7811.22 | 4770.32 | 7047.97 | 775.21 | 3876.06 | 10800.00 | 7876.32
704 | 0.08 | 7897.43 | 5603.94 | 7449.11 | 406.69 | 2033.47 | 9450.04 | 8025.41
703 | 0.13 | 8077.75 | 6061.32 | 7289.78 | 646.12 | 3230.62 | 10436.40 | 8211.96
721 | 0.05 | 7682.33 | 6793.08 | 7342.68 | 261.30 | 1306.50 | 8636.11 | 7797.90
705 | 0.13 | 8077.75 | 7124.34 | 7151.59 | 646.12 | 3230.62 | 10298.21 | 8211.96
716 | 0.07 | 7833.10 | 7788.90 | 7287.87 | 358.78 | 1793.90 | 9056.65 | 7959.69
696 | 0.13 | 8028.05 | 8199.33 | 6962.14 | 650.12 | 3250.62 | 10128.24 | 8182.26
698 | 0.12 | 8053.09 | 8867.31 | 6989.01 | 598.25 | 2991.24 | 9908.46 | 8186.10
692 | 0.10 | 7989.68 | 9506.10 | 7039.07 | 502.50 | 2512.48 | 9501.31 | 8120.31
686 | 0.08 | 7897.82 | 10052.07 | 7093.66 | 406.67 | 2033.36 | 9094.49 | 8025.70
719 | 0.12 | 8053.09 | 10506.45 | 6792.31 | 598.25 | 2991.24 | 9711.76 | 8186.10
691 | 0.07 | 7833.56 | 11174.21 | 7051.37 | 358.76 | 1793.79 | 8820.04 | 7960.05
722 | 0.07 | 7832.92 | 11618.78 | 7019.60 | 358.79 | 1793.94 | 8788.42 | 7959.55
688 | 0.06 | 7763.11 | 12098.41 | 7037.21 | 310.30 | 1551.49 | 8570.07 | 7885.48
699 | 0.11 | 8024.11 | 12445.50 | 6655.11 | 550.37 | 2751.87 | 9346.44 | 8155.94
689 | 0.10 | 7989.63 | 13115.22 | 6678.11 | 502.50 | 2512.50 | 9140.36 | 8120.27
702 | 0.12 | 8053.09 | 13653.21 | 6414.70 | 598.25 | 2991.24 | 9334.15 | 8186.10
694 | 0.05 | 7645.62 | 14277.53 | 6931.74 | 262.55 | 1312.77 | 8231.39 | 7767.47
687 | 0.06 | 7751.72 | 14548.73 | 6878.80 | 310.75 | 1553.77 | 8413.92 | 7876.38
697 | 0.14 | 8098.98 | 14885.71 | 6014.98 | 694.00 | 3470.01 | 9387.83 | 8234.39
685 | 0.07 | 7835.79 | 15617.71 | 6742.55 | 358.66 | 1793.28 | 8510.73 | 7961.77
709 | 0.12 | 8053.09 | 16007.61 | 6132.17 | 598.25 | 2991.24 | 9051.62 | 8186.10
707 | 0.15 | 8117.44 | 16627.58 | 5623.31 | 741.88 | 3709.41 | 9221.43 | 8254.07
693 | 0.07 | 7832.77 | 17394.22 | 6615.18 | 358.79 | 1793.97 | 8384.03 | 7959.44
706 | 0.09 | 7948.12 | 17764.87 | 6349.28 | 454.61 | 2273.06 | 8581.43 | 8077.51
715 | 0.13 | 8077.75 | 18237.08 | 5706.93 | 646.12 | 3230.62 | 8853.55 | 8211.96
717 | 0.13 | 8077.75 | 18928.42 | 5617.06 | 646.12 | 3230.62 | 8763.68 | 8211.96
695 | 0.08 | 7896.80 | 19627.41 | 6326.61 | 406.73 | 2033.63 | 8327.70 | 8024.94
726 | 0.14 | 8099.01 | 20070.05 | 5289.20 | 694.00 | 3469.99 | 8662.04 | 8234.41
714 | 0.15 | 8117.64 | 20865.90 | 4987.76 | 741.86 | 3709.32 | 8585.80 | 8254.18
725 | 0.05 | 7646.00 | 21620.59 | 6564.97 | 262.54 | 1312.71 | 7864.55 | 7767.78
723 | 0.12 | 8053.09 | 21888.39 | 5426.48 | 598.25 | 2991.24 | 8345.93 | 8186.10
724 | 0.08 | 7897.20 | 22593.45 | 6089.73 | 406.70 | 2033.52 | 8090.72 | 8025.24
Vehicle 19
Charging tour: 
738  -> 749  -> 733  -> 728  -> 737  -> 757  -> 765  -> 735  -> 727  -> 729  -> 734  -> 740  -> 760  -> 730  -> 732  -> 746  -> 755  -> 754  -> 731  -> 747  -> 756  -> 742  -> 752  -> 745  -> 751  -> 741  -> 739  -> 758  -> 748  -> 762  -> 753  -> 750  -> 763  -> 736  -> 743  -> 764  -> 759  -> 744  -> 761  -> 
Charging time: 
260.9973362958059  + 439.4993671381673  + 610.5487403237413  + 398.1510339180219  + 288.02564443593786  + 272.44823251487884  + 355.084569428806  + 291.8149869357283  + 601.6266933656291  + 486.8759426659984  + 748.508952569559  + 297.97249981002426  + 383.06827012653525  + 302.55969978459814  + 908.8469267060608  + 583.3820596407692  + 400.77304652987834  + 297.2762201123094  + 697.6185500893067  + 252.01876047604162  + 591.0042092370311  + 354.3725066457944  + 494.87189488336895  + 767.8370797000763  + 688.8955582104923  + 723.5417363059022  + 299.07471524313684  + 693.501951968957  + 396.44162370751087  + 480.4850993955771  + 664.5263500925008  + 497.62052485966177  + 533.5622172190649  + 352.7939850074577  + 351.7457629565421  + 568.0203796484341  + 575.9226591839633  + 400.99370787367457  + 631.8741028261215  + 
total node:39/39
-------------------
Traveling energy: 2654.159639327623
Charging energy: 94720.91798916533
Total energy used: 97375.07762849296
-------------------
Total time for travel: 2654.159639327623
Total time for charging: 18944.183597833067
Charging round duration: 21598.34323716069
-------------------
ID | p | E0 | time_arrive | E_remain | time_charge | energy_charge| E_after_charge | E_after_cycle
738 | 0.07 | 9525.02 | 167.71 | 9513.28 | 261.00 | 1304.99 | 10800.00 | 9162.71
749 | 0.14 | 8728.88 | 463.16 | 8664.03 | 439.50 | 2197.50 | 10800.00 | 7591.77
733 | 0.14 | 7960.96 | 915.90 | 7832.73 | 610.55 | 3052.74 | 10800.00 | 7679.10
728 | 0.08 | 8965.67 | 1557.18 | 8841.10 | 398.15 | 1990.76 | 10800.00 | 9050.94
737 | 0.06 | 9496.79 | 1993.96 | 9377.15 | 288.03 | 1440.13 | 10800.00 | 9507.81
757 | 0.10 | 9705.27 | 2402.69 | 9465.00 | 272.45 | 1362.24 | 10800.00 | 8685.66
765 | 0.13 | 9426.43 | 2736.08 | 9070.74 | 355.08 | 1775.42 | 10800.00 | 8105.44
735 | 0.06 | 9545.30 | 3114.39 | 9358.43 | 291.81 | 1459.07 | 10800.00 | 9575.26
727 | 0.11 | 8237.43 | 3448.97 | 7858.05 | 601.63 | 3008.13 | 10800.00 | 8625.52
729 | 0.09 | 8779.87 | 4115.95 | 8409.44 | 486.88 | 2434.38 | 10800.00 | 9070.58
734 | 0.15 | 7863.86 | 4627.50 | 7169.73 | 748.51 | 3742.54 | 10800.00 | 8033.62
740 | 0.06 | 9618.10 | 5431.12 | 9292.23 | 297.97 | 1489.86 | 10764.21 | 9678.85
760 | 0.10 | 9500.20 | 5772.32 | 8922.97 | 383.07 | 1915.34 | 10800.00 | 9033.68
730 | 0.06 | 9472.27 | 6219.64 | 9099.09 | 302.56 | 1512.80 | 10593.74 | 9555.96
732 | 0.16 | 7452.31 | 6569.53 | 6401.18 | 908.85 | 4544.23 | 10800.00 | 8185.57
746 | 0.13 | 8937.20 | 7525.13 | 7958.93 | 583.38 | 2916.91 | 10800.00 | 8757.69
755 | 0.11 | 9741.77 | 8195.89 | 8840.22 | 400.77 | 2003.87 | 10800.00 | 9125.59
754 | 0.06 | 9640.62 | 8696.50 | 9118.83 | 297.28 | 1486.38 | 10587.38 | 9697.89
731 | 0.12 | 8216.32 | 9131.23 | 7120.57 | 697.62 | 3488.09 | 10524.95 | 8846.18
747 | 0.05 | 9476.57 | 9840.96 | 8984.52 | 252.02 | 1260.09 | 10232.01 | 9545.74
756 | 0.15 | 9461.03 | 10182.66 | 7933.63 | 591.00 | 2955.02 | 10800.00 | 8843.27
742 | 0.07 | 9435.22 | 10898.10 | 8672.35 | 354.37 | 1771.86 | 10419.41 | 9539.78
752 | 0.11 | 9624.16 | 11309.87 | 8380.08 | 494.87 | 2474.36 | 10800.00 | 9478.48
745 | 0.14 | 8709.09 | 11902.67 | 7042.72 | 767.84 | 3839.19 | 10774.41 | 9213.68
751 | 0.13 | 9013.72 | 12757.09 | 7355.30 | 688.90 | 3444.48 | 10710.22 | 9361.78
741 | 0.13 | 8582.10 | 13518.63 | 6824.68 | 723.54 | 3617.71 | 10348.33 | 9103.40
739 | 0.06 | 9582.65 | 14299.85 | 8724.66 | 299.07 | 1495.37 | 10202.09 | 9648.91
758 | 0.13 | 8953.85 | 14671.24 | 7046.59 | 693.50 | 3467.51 | 10423.94 | 9324.95
748 | 0.08 | 9638.84 | 15400.76 | 8406.78 | 396.44 | 1982.21 | 10357.27 | 9715.56
762 | 0.10 | 9941.09 | 15841.38 | 8356.95 | 480.49 | 2402.43 | 10711.33 | 9961.66
753 | 0.13 | 9344.27 | 16400.02 | 7212.26 | 664.53 | 3322.63 | 10448.51 | 9570.49
750 | 0.10 | 9598.77 | 17126.40 | 7886.13 | 497.62 | 2488.10 | 10324.47 | 9705.02
763 | 0.10 | 8952.18 | 17667.32 | 7185.45 | 533.56 | 2667.81 | 9799.91 | 9238.14
736 | 0.07 | 9477.44 | 18219.40 | 8202.08 | 352.79 | 1763.97 | 9941.35 | 9574.11
743 | 0.07 | 9505.68 | 18621.25 | 8202.19 | 351.75 | 1758.73 | 9936.30 | 9597.11
764 | 0.11 | 9250.02 | 19007.81 | 7159.16 | 568.02 | 2840.10 | 9936.78 | 9470.08
759 | 0.12 | 9952.48 | 19665.12 | 7592.66 | 575.92 | 2879.61 | 10403.16 | 9973.86
744 | 0.08 | 9529.42 | 20261.23 | 7908.52 | 400.99 | 2004.97 | 9881.41 | 9628.90
761 | 0.13 | 9827.13 | 20769.31 | 7127.12 | 631.87 | 3159.37 | 10204.35 | 9890.09
Network survivability: 100.0%
networkSurvivabilityOverThousand: 76.5%
Average dead duration: 118051.45650208472
Traveling energy: 47503.701602188026
total calculate time: 44.60152006149292
