total sensor 765
condition 16.756796073412904
gen: 1
2000
gen: 2
2000
gen: 3
2000
gen: 4
2000
gen: 5
2000
gen: 6
2000
gen: 7
2000
gen: 8
2000
gen: 9
2000
gen: 10
2000
gen: 11
2000
gen: 12
2000
gen: 13
2000
gen: 14
2000
gen: 15
2000
gen: 16
2000
gen: 17
2000
gen: 18
2000
gen: 19
2000
gen: 20
2000
gen: 21
2000
gen: 22
2000
gen: 23
2000
gen: 24
2000
gen: 25
2000
gen: 26
2000
gen: 27
2000
gen: 28
2000
gen: 29
2000
gen: 30
2000
gen: 31
2000
gen: 32
2000
gen: 33
2000
gen: 34
2000
gen: 35
2000
gen: 36
2000
gen: 37
2000
gen: 38
2000
gen: 39
2000
gen: 40
2000
gen: 41
2000
gen: 42
2000
gen: 43
2000
gen: 44
2000
gen: 45
2000
gen: 46
2000
gen: 47
2000
gen: 48
2000
gen: 49
2000
gen: 50
2000
Number of charging vehicles: 20
Survey time: 23818.557198323313
Network clustering infor: 
Cluster 0:
[1, 2, 3, 4, 5, 6, 7, 8, 9, 10, 11, 12, 13, 14, 15, 16, 17, 18, 19, 20, 21, 22, 23, 24, 25, 26, 27, 28, 29, 30, 31, 32, 33, 34, 35, 36, 37, 38, 39, 40, 41, 42]
Cluster 1:
[43, 44, 45, 46, 47, 48, 49, 50, 51, 52, 53, 54, 55, 56, 57, 58, 59, 60, 61, 62, 63, 64, 65, 66, 67, 68, 69, 70, 71, 72, 73, 74, 75, 76, 77, 78, 79, 80, 81, 82, 83]
Cluster 2:
[84, 85, 86, 87, 88, 89, 90, 91, 92, 93, 94, 95, 96, 97, 98, 99, 100, 101, 102, 103, 104, 105, 106, 107, 108, 109, 110, 111, 112, 113, 114, 115, 116, 117, 118, 119, 120, 121]
Cluster 3:
[122, 123, 124, 125, 126, 127, 128, 129, 130, 131, 132, 133, 134, 135, 136, 137, 138, 139, 140, 141, 142, 143, 144, 145, 146, 147, 148, 149, 150, 151, 152, 153, 154, 155, 156, 157]
Cluster 4:
[158, 159, 160, 161, 162, 163, 164, 165, 166, 167, 168, 169, 170, 171, 172, 173, 174, 175, 176, 177, 178, 179, 180, 181, 182, 183, 184, 185, 186, 187, 188, 189]
Cluster 5:
[190, 191, 192, 193, 194, 195, 196, 197, 198, 199, 200, 201, 202, 203, 204, 205, 206, 207, 208, 209, 210, 211, 212, 213, 214, 215, 216, 217, 218, 219, 220, 221, 222, 223, 224, 225, 226, 227, 228, 229, 230, 231]
Cluster 6:
[232, 233, 234, 235, 236, 237, 238, 239, 240, 241, 242, 243, 244, 245, 246, 247, 248, 249, 250, 251, 252, 253, 254, 255, 256, 257, 258, 259, 260, 261, 262, 263, 264, 265, 266, 267, 268, 269, 270, 271, 272]
Cluster 7:
[273, 274, 275, 276, 277, 278, 279, 280, 281, 282, 283, 284, 285, 286, 287, 288, 289, 290, 291, 292, 293, 294, 295, 296, 297, 298, 299, 300, 301, 302, 303, 304, 305, 306, 307, 308, 309, 310, 311, 312]
Cluster 8:
[313, 314, 315, 316, 317, 318, 319, 320, 321, 322, 323, 324, 325, 326, 327, 328, 329, 330, 331, 332, 333, 334, 335, 336, 337, 338, 339, 340, 341, 342, 343, 344, 345, 346, 347, 348, 349, 350, 351]
Cluster 9:
[352, 353, 354, 355, 356, 357, 358, 359, 360, 361, 362, 363, 364, 365, 366, 367, 368, 369, 370, 371, 372, 373, 374, 375, 376, 377, 378, 379, 380, 381, 382, 383, 384, 385, 386, 387, 388, 389, 390, 391, 392]
Cluster 10:
[393, 394, 395, 396, 397, 398, 399, 400, 401, 402, 403, 404, 405, 406, 407, 408, 409, 410, 411, 412, 413, 414, 415, 416, 417, 418, 419, 420, 421, 422, 423, 424, 425, 426, 427, 428, 429, 430, 431]
Cluster 11:
[432, 433, 434, 435, 436, 437, 438, 439, 440, 441, 442, 443, 444, 445, 446, 447, 448, 449, 450, 451, 452, 453, 454, 455, 456, 457, 458, 459, 460, 461, 462, 463, 464, 465, 466, 467, 468, 469]
Cluster 12:
[470, 471, 472, 473, 474, 475, 476, 477, 478, 479, 480, 481, 482, 483, 484, 485, 486, 487, 488, 489, 490, 491, 492, 493, 494, 495, 496, 497, 498, 499, 500, 501, 502, 503, 504, 505, 506, 507, 508]
Cluster 13:
[509, 510, 511, 512, 513, 514, 515, 516, 517, 518, 519, 520, 521, 522, 523, 524, 525, 526, 527, 528, 529, 530, 531, 532, 533, 534, 535, 536, 537, 538, 539, 540]
Cluster 14:
[541, 542, 543, 544, 545, 546, 547, 548, 549, 550, 551, 552, 553, 554, 555, 556, 557, 558, 559, 560, 561, 562, 563, 564, 565, 566, 567, 568, 569, 570, 571, 572, 573, 574, 575, 576, 577, 578, 579, 580]
Cluster 15:
[581, 582, 583, 584, 585, 586, 587, 588, 589, 590, 591, 592, 593, 594, 595, 596, 597, 598, 599, 600, 601, 602, 603, 604, 605, 606, 607, 608, 609, 610, 611, 612, 613, 614, 615, 616, 617, 618, 619]
Cluster 16:
[620, 621, 622, 623, 624, 625, 626, 627, 628, 629, 630, 631, 632, 633, 634, 635, 636, 637, 638, 639, 640, 641, 642, 643, 644, 645, 646]
Cluster 17:
[647, 648, 649, 650, 651, 652, 653, 654, 655, 656, 657, 658, 659, 660, 661, 662, 663, 664, 665, 666, 667, 668, 669, 670, 671, 672, 673, 674, 675, 676, 677, 678, 679, 680, 681, 682, 683, 684]
Cluster 18:
[685, 686, 687, 688, 689, 690, 691, 692, 693, 694, 695, 696, 697, 698, 699, 700, 701, 702, 703, 704, 705, 706, 707, 708, 709, 710, 711, 712, 713, 714, 715, 716, 717, 718, 719, 720, 721, 722, 723, 724, 725, 726]
Cluster 19:
[727, 728, 729, 730, 731, 732, 733, 734, 735, 736, 737, 738, 739, 740, 741, 742, 743, 744, 745, 746, 747, 748, 749, 750, 751, 752, 753, 754, 755, 756, 757, 758, 759, 760, 761, 762, 763, 764, 765]
Vehicle 0
Charging tour: 
2  -> 25  -> 39  -> 22  -> 14  -> 15  -> 3  -> 20  -> 1  -> 12  -> 21  -> 7  -> 32  -> 37  -> 23  -> 19  -> 10  -> 8  -> 11  -> 40  -> 17  -> 30  -> 27  -> 41  -> 34  -> 9  -> 36  -> 26  -> 35  -> 18  -> 28  -> 38  -> 42  -> 29  -> 4  -> 24  -> 5  -> 6  -> 33  -> 31  -> 13  -> 16  -> 
Charging time: 
581.8106010363598  + 296.0299780685079  + 391.3900355341616  + 343.7371574473313  + 676.9417808445819  + 486.61731151094136  + 676.9587868130908  + 343.7647936440658  + 296.1154912159984  + 581.8104725216328  + 676.6464328225806  + 724.1696803610158  + 486.6168433231564  + 391.3924127103185  + 676.9591083644557  + 629.3918830989206  + 296.1091655730561  + 486.6172687268836  + 391.3892287065989  + 676.9591150427666  + 486.6167336107196  + 534.2182383856875  + 676.9591151018111  + 534.21829145914  + 247.83181390893165  + 391.388916273956  + 343.743488291155  + 629.3798206611433  + 668.1919521693192  + 581.8106048669422  + 486.61692688670837  + 343.699999002069  + 676.9590829774477  + 439.00603438431045  + 534.218667855532  + 486.6172826600043  + 486.6170336067551  + 534.218220836269  + 629.3918838679367  + 581.8106037830166  + 295.8737316819596  + 391.3895163944021  + 
total node:42/42
-------------------
Traveling energy: 2538.97246984178
Charging energy: 105461.0275301582
Total energy used: 107999.99999999999
-------------------
Total time for travel: 2538.97246984178
Total time for charging: 21092.20550603164
Charging round duration: 23631.177975873423
-------------------
ID | p | E0 | time_arrive | E_remain | time_charge | energy_charge| E_after_charge | E_after_cycle
2 | 0.12 | 6509.82 | 169.34 | 6489.49 | 581.81 | 2909.05 | 9328.73 | 6560.64
25 | 0.06 | 6397.12 | 805.32 | 6348.80 | 296.03 | 1480.15 | 7811.19 | 6448.16
39 | 0.08 | 6451.33 | 1136.56 | 6360.41 | 391.39 | 1956.95 | 8286.04 | 6502.80
22 | 0.07 | 6427.48 | 1610.15 | 6314.77 | 343.74 | 1718.69 | 8009.39 | 6478.86
14 | 0.14 | 6527.48 | 2062.14 | 6238.78 | 676.94 | 3384.71 | 9528.72 | 6577.59
15 | 0.10 | 6486.07 | 2770.80 | 6208.99 | 486.62 | 2433.09 | 8593.41 | 6537.30
3 | 0.14 | 6527.32 | 3297.34 | 6065.69 | 676.96 | 3384.79 | 9355.71 | 6577.52
20 | 0.07 | 6426.96 | 4016.02 | 6145.84 | 343.76 | 1718.82 | 7840.60 | 6478.49
1 | 0.06 | 6395.27 | 4403.37 | 6131.07 | 296.12 | 1480.58 | 7593.88 | 6446.74
12 | 0.12 | 6509.82 | 4752.08 | 5939.57 | 581.81 | 2909.05 | 8778.80 | 6560.64
21 | 0.14 | 6530.33 | 5478.87 | 5763.29 | 676.65 | 3383.23 | 9051.79 | 6578.97
7 | 0.15 | 6537.62 | 6190.69 | 5609.02 | 724.17 | 3620.85 | 9121.24 | 6585.69
32 | 0.10 | 6486.07 | 6952.73 | 5790.80 | 486.62 | 2433.08 | 8175.22 | 6537.30
37 | 0.08 | 6451.29 | 7457.54 | 5854.69 | 391.39 | 1956.96 | 7780.34 | 6502.77
23 | 0.14 | 6527.32 | 7887.62 | 5423.05 | 676.96 | 3384.80 | 8713.07 | 6577.51
19 | 0.13 | 6519.15 | 8641.18 | 5395.80 | 629.39 | 3146.96 | 8460.94 | 6569.70
10 | 0.06 | 6395.41 | 9316.56 | 5836.42 | 296.11 | 1480.55 | 7299.20 | 6446.84
8 | 0.10 | 6486.07 | 9661.66 | 5519.90 | 486.62 | 2433.09 | 7904.33 | 6537.30
11 | 0.08 | 6451.34 | 10153.14 | 5639.09 | 391.39 | 1956.95 | 7564.73 | 6502.81
40 | 0.14 | 6527.32 | 10580.80 | 5046.00 | 676.96 | 3384.80 | 8336.03 | 6577.51
17 | 0.10 | 6486.08 | 11282.93 | 5357.78 | 486.62 | 2433.08 | 7742.21 | 6537.30
30 | 0.11 | 6498.95 | 11806.69 | 5200.21 | 534.22 | 2671.09 | 7812.54 | 6550.00
27 | 0.14 | 6527.32 | 12413.41 | 4789.44 | 676.96 | 3384.80 | 8079.46 | 6577.51
41 | 0.11 | 6498.95 | 13207.03 | 5046.17 | 534.22 | 2671.09 | 7658.50 | 6550.00
34 | 0.05 | 6367.69 | 13750.49 | 5680.17 | 247.83 | 1239.16 | 6906.93 | 6415.92
9 | 0.08 | 6451.35 | 14112.45 | 5322.35 | 391.39 | 1956.94 | 7247.99 | 6502.81
36 | 0.07 | 6427.36 | 14511.76 | 5411.54 | 343.74 | 1718.72 | 7106.19 | 6478.78
26 | 0.13 | 6519.28 | 15003.82 | 4568.78 | 629.38 | 3146.90 | 7633.86 | 6569.77
35 | 0.14 | 6612.96 | 15644.37 | 4422.75 | 668.19 | 3340.96 | 7670.16 | 6619.32
18 | 0.12 | 6509.82 | 16390.03 | 4543.01 | 581.81 | 2909.05 | 7382.25 | 6560.64
28 | 0.10 | 6486.07 | 17041.41 | 4781.93 | 486.62 | 2433.08 | 7166.36 | 6537.30
38 | 0.07 | 6428.17 | 17574.42 | 5197.96 | 343.70 | 1718.50 | 6892.40 | 6479.37
42 | 0.14 | 6527.32 | 17966.85 | 4011.96 | 676.96 | 3384.80 | 7301.98 | 6577.51
29 | 0.09 | 6470.55 | 18716.36 | 4786.08 | 439.01 | 2195.03 | 6941.60 | 6521.91
4 | 0.11 | 6498.94 | 19236.54 | 4382.92 | 534.22 | 2671.09 | 6995.25 | 6549.99
24 | 0.10 | 6486.07 | 19791.69 | 4506.90 | 486.62 | 2433.09 | 6891.32 | 6537.30
5 | 0.10 | 6486.07 | 20311.87 | 4454.88 | 486.62 | 2433.09 | 6839.31 | 6537.30
6 | 0.11 | 6498.95 | 20819.33 | 4208.82 | 534.22 | 2671.09 | 6821.15 | 6550.00
33 | 0.13 | 6519.15 | 21372.77 | 3740.69 | 629.39 | 3146.96 | 6805.83 | 6569.70
31 | 0.12 | 6509.82 | 22124.08 | 3854.93 | 581.81 | 2909.05 | 6694.16 | 6560.64
13 | 0.06 | 6400.50 | 22749.56 | 5035.53 | 295.87 | 1479.37 | 6497.14 | 6450.76
16 | 0.08 | 6451.34 | 23079.27 | 4605.00 | 391.39 | 1956.95 | 6530.63 | 6502.80
Vehicle 1
Charging tour: 
50  -> 52  -> 46  -> 69  -> 51  -> 57  -> 79  -> 59  -> 70  -> 81  -> 71  -> 64  -> 63  -> 67  -> 54  -> 77  -> 55  -> 62  -> 73  -> 61  -> 45  -> 78  -> 49  -> 53  -> 75  -> 68  -> 60  -> 66  -> 80  -> 76  -> 58  -> 82  -> 43  -> 74  -> 65  -> 44  -> 47  -> 48  -> 56  -> 72  -> 83  -> 
Charging time: 
562.6313686058425  + 549.0658806447467  + 262.2763680274742  + 600.8102504093787  + 358.12089069529657  + 453.6460021114182  + 549.0661267702354  + 501.3630369089722  + 708.6768741784498  + 310.2518389996325  + 501.3629135888248  + 358.12630934136916  + 596.7551906157058  + 784.4491407940661  + 262.29598813490287  + 644.4381180112114  + 501.3634128789468  + 405.8785255729239  + 596.7565456589591  + 405.8957882314162  + 725.5433582994765  + 358.1090602155802  + 358.0872688602808  + 549.0661255197493  + 644.4380845542884  + 309.97781412989417  + 692.1121171207528  + 405.89470111250415  + 549.0659714524288  + 358.05407814111373  + 549.0660566518901  + 358.1240393786086  + 501.36379176955137  + 405.8833430811148  + 549.0659751809368  + 549.0657181796976  + 596.7548303427371  + 644.438123780936  + 644.4346078642128  + 644.4381200637824  + 692.1128005055687  + 
total node:41/41
-------------------
Traveling energy: 2366.289982901845
Charging energy: 104991.63278192439
Total energy used: 107357.92276482623
-------------------
Total time for travel: 2366.289982901845
Total time for charging: 20998.326556384876
Charging round duration: 23364.616539286722
-------------------
ID | p | E0 | time_arrive | E_remain | time_charge | energy_charge| E_after_charge | E_after_cycle
50 | 0.13 | 8084.57 | 189.10 | 8059.99 | 562.63 | 2813.16 | 10800.00 | 7801.31
52 | 0.11 | 8029.01 | 773.88 | 7943.88 | 549.07 | 2745.33 | 10628.82 | 8154.30
46 | 0.05 | 7640.20 | 1335.65 | 7573.42 | 262.28 | 1311.38 | 8871.68 | 7760.65
69 | 0.13 | 8084.57 | 1619.33 | 7874.05 | 600.81 | 3004.05 | 10800.00 | 7992.21
51 | 0.07 | 7833.61 | 2338.31 | 7669.93 | 358.12 | 1790.60 | 9435.47 | 7956.92
57 | 0.09 | 7950.95 | 2741.88 | 7704.19 | 453.65 | 2268.23 | 9931.59 | 8075.51
79 | 0.11 | 8029.01 | 3204.33 | 7676.53 | 549.07 | 2745.33 | 10361.46 | 8154.30
59 | 0.10 | 7993.58 | 3776.26 | 7615.96 | 501.36 | 2506.82 | 10072.64 | 8118.54
70 | 0.14 | 7917.24 | 4347.20 | 7308.63 | 708.68 | 3543.38 | 10752.80 | 8126.02
81 | 0.06 | 7750.52 | 5091.22 | 7445.04 | 310.25 | 1551.26 | 8977.69 | 7872.66
71 | 0.10 | 7993.59 | 5458.71 | 7447.71 | 501.36 | 2506.81 | 9904.39 | 8118.54
64 | 0.07 | 7833.50 | 6009.52 | 7412.83 | 358.13 | 1790.63 | 9178.39 | 7956.83
63 | 0.12 | 8058.96 | 6457.09 | 7284.11 | 596.76 | 2983.78 | 10196.27 | 8184.51
67 | 0.16 | 8143.30 | 7125.21 | 7003.27 | 784.45 | 3922.25 | 10800.00 | 8254.58
54 | 0.05 | 7639.63 | 7952.07 | 7242.02 | 262.30 | 1311.48 | 8540.39 | 7760.18
77 | 0.13 | 8084.55 | 8308.01 | 7004.51 | 644.44 | 3222.19 | 10142.92 | 8210.33
55 | 0.10 | 7993.58 | 8975.68 | 7096.01 | 501.36 | 2506.82 | 9552.69 | 8118.54
62 | 0.08 | 7899.28 | 9489.79 | 7140.10 | 405.88 | 2029.39 | 9137.02 | 8023.19
73 | 0.12 | 8058.94 | 9935.00 | 6866.74 | 596.76 | 2983.78 | 9778.91 | 8184.49
61 | 0.08 | 7898.95 | 10585.36 | 7052.12 | 405.90 | 2029.48 | 9049.13 | 8022.94
45 | 0.14 | 7733.19 | 11044.71 | 6186.93 | 725.54 | 3627.72 | 9713.07 | 8026.31
78 | 0.07 | 7833.87 | 11827.49 | 7005.95 | 358.11 | 1790.55 | 8771.43 | 7957.12
49 | 0.07 | 7834.35 | 12282.46 | 6974.58 | 358.09 | 1790.44 | 8739.95 | 7957.49
53 | 0.11 | 8029.01 | 12652.96 | 6637.18 | 549.07 | 2745.33 | 9322.11 | 8154.30
75 | 0.13 | 8084.55 | 13218.80 | 6366.11 | 644.44 | 3222.19 | 9504.52 | 8210.33
68 | 0.06 | 7757.37 | 13884.18 | 6924.32 | 309.98 | 1549.89 | 8455.61 | 7878.14
60 | 0.14 | 8106.72 | 14224.89 | 6115.24 | 692.11 | 3460.56 | 9478.90 | 8232.69
66 | 0.08 | 7898.97 | 15000.92 | 6698.90 | 405.89 | 2029.47 | 8695.90 | 8022.96
80 | 0.11 | 8029.01 | 15520.00 | 6321.81 | 549.07 | 2745.33 | 9006.74 | 8154.30
76 | 0.07 | 7835.08 | 16080.21 | 6709.46 | 358.05 | 1790.27 | 8474.67 | 7958.05
58 | 0.11 | 8029.01 | 16447.55 | 6219.78 | 549.07 | 2745.33 | 8904.71 | 8154.30
82 | 0.07 | 7833.55 | 17097.02 | 6636.75 | 358.12 | 1790.62 | 8402.31 | 7956.87
43 | 0.10 | 7993.57 | 17528.39 | 6240.73 | 501.36 | 2506.82 | 8697.41 | 8118.53
74 | 0.08 | 7899.19 | 18126.13 | 6449.10 | 405.88 | 2029.42 | 8446.05 | 8023.12
65 | 0.11 | 8029.01 | 18588.31 | 5984.30 | 549.07 | 2745.33 | 8669.23 | 8154.30
44 | 0.11 | 8029.01 | 19228.57 | 5913.87 | 549.07 | 2745.33 | 8598.80 | 8154.30
47 | 0.12 | 8058.96 | 19805.46 | 5682.31 | 596.75 | 2983.77 | 8594.47 | 8184.51
48 | 0.13 | 8084.55 | 20404.75 | 5431.93 | 644.44 | 3222.19 | 8570.35 | 8210.33
56 | 0.13 | 8084.60 | 21176.65 | 5331.63 | 644.43 | 3222.17 | 8470.03 | 8210.36
72 | 0.13 | 8084.55 | 21897.10 | 5237.93 | 644.44 | 3222.19 | 8376.34 | 8210.33
83 | 0.14 | 8106.72 | 22620.98 | 4939.78 | 692.11 | 3460.56 | 8303.45 | 8232.68
Vehicle 2
Charging tour: 
98  -> 109  -> 92  -> 95  -> 101  -> 114  -> 88  -> 100  -> 85  -> 89  -> 86  -> 115  -> 118  -> 87  -> 99  -> 110  -> 102  -> 91  -> 117  -> 116  -> 103  -> 93  -> 96  -> 90  -> 84  -> 104  -> 106  -> 94  -> 111  -> 105  -> 97  -> 119  -> 112  -> 107  -> 120  -> 121  -> 108  -> 113  -> 
Charging time: 
402.32214603195155  + 225.27396927414028  + 504.6926253056531  + 524.8973031145152  + 235.2419505454096  + 300.0240837732849  + 592.9720202637899  + 562.216378464522  + 663.2250266463511  + 788.7735834829233  + 518.2212439215431  + 298.8316002770488  + 366.62500950568665  + 656.3547758458329  + 335.11380490273905  + 237.27332771614388  + 322.0766075570843  + 463.95574439064984  + 246.2550213277642  + 348.15052464682515  + 675.2052292753228  + 734.8813735776622  + 589.4373731836876  + 334.13929855572945  + 407.13352308020865  + 450.27627384630676  + 515.7003451994276  + 526.4447057626642  + 397.19911273657453  + 379.88983521953  + 586.0153264851565  + 517.3270771212219  + 314.4520659219266  + 315.75646625632555  + 565.2944206537362  + 431.12272991935373  + 314.99330496835745  + 422.1862846787143  + 
total node:38/38
-------------------
Traveling energy: 2626.801452904465
Charging energy: 85349.75746717883
Total energy used: 87976.55892008329
-------------------
Total time for travel: 2626.801452904465
Total time for charging: 17069.951493435765
Charging round duration: 19696.75294634023
-------------------
ID | p | E0 | time_arrive | E_remain | time_charge | energy_charge| E_after_charge | E_after_cycle
98 | 0.12 | 8844.42 | 64.57 | 8836.67 | 402.32 | 2011.61 | 10800.00 | 7997.80
109 | 0.10 | 9750.40 | 542.46 | 9696.16 | 225.27 | 1126.37 | 10800.00 | 8494.92
92 | 0.12 | 8436.98 | 832.34 | 8337.10 | 504.69 | 2523.46 | 10800.00 | 8102.22
95 | 0.13 | 8422.64 | 1376.06 | 8243.75 | 524.90 | 2624.49 | 10800.00 | 7950.71
101 | 0.07 | 9779.22 | 1985.14 | 9640.26 | 235.24 | 1176.21 | 10800.00 | 9288.13
114 | 0.14 | 9658.58 | 2262.14 | 9341.88 | 300.02 | 1500.12 | 10800.00 | 7824.10
88 | 0.12 | 8217.80 | 2595.86 | 7906.30 | 592.97 | 2964.86 | 10800.00 | 8324.43
100 | 0.15 | 8562.00 | 3258.35 | 8073.25 | 562.22 | 2811.08 | 10800.00 | 7800.30
85 | 0.12 | 8028.51 | 3875.41 | 7563.46 | 663.23 | 3316.13 | 10800.00 | 8486.41
89 | 0.15 | 7663.59 | 4594.29 | 6974.45 | 788.77 | 3943.87 | 10800.00 | 8034.68
86 | 0.09 | 8743.06 | 5416.94 | 8255.53 | 518.22 | 2591.11 | 10800.00 | 9190.49
115 | 0.10 | 9939.80 | 6040.73 | 9335.73 | 298.83 | 1494.16 | 10800.00 | 9052.10
118 | 0.09 | 9574.48 | 6384.54 | 8999.87 | 366.63 | 1833.13 | 10800.00 | 9263.93
87 | 0.11 | 8349.26 | 6898.52 | 7590.43 | 656.35 | 3281.77 | 10800.00 | 9010.99
99 | 0.07 | 9688.59 | 7724.31 | 9147.89 | 335.11 | 1675.57 | 10800.00 | 9696.86
110 | 0.06 | 10115.22 | 8122.46 | 9627.87 | 237.27 | 1186.37 | 10800.00 | 9872.47
102 | 0.07 | 9800.25 | 8401.24 | 9212.16 | 322.08 | 1610.38 | 10800.00 | 9743.33
91 | 0.08 | 9183.47 | 8783.94 | 8480.75 | 463.96 | 2319.78 | 10763.41 | 9597.76
117 | 0.06 | 10141.25 | 9295.90 | 9583.50 | 246.26 | 1231.28 | 10800.00 | 9943.42
116 | 0.10 | 10059.46 | 9653.94 | 9094.06 | 348.15 | 1740.75 | 10800.00 | 9418.35
103 | 0.14 | 8928.71 | 10072.88 | 7518.50 | 675.21 | 3376.03 | 10800.00 | 8970.13
93 | 0.12 | 8505.32 | 10762.84 | 7213.78 | 734.88 | 3674.41 | 10800.00 | 9321.50
96 | 0.10 | 9035.57 | 11578.71 | 7877.70 | 589.44 | 2947.19 | 10765.94 | 9600.90
90 | 0.06 | 9563.50 | 12185.03 | 8832.40 | 334.14 | 1670.70 | 10483.05 | 9805.09
84 | 0.07 | 9157.03 | 12599.59 | 8275.05 | 407.13 | 2035.67 | 10282.22 | 9525.39
104 | 0.08 | 9462.46 | 13077.70 | 8416.25 | 450.28 | 2251.38 | 10631.61 | 9808.36
106 | 0.10 | 9627.23 | 13541.60 | 8273.07 | 515.70 | 2578.50 | 10800.00 | 9823.87
94 | 0.09 | 9105.06 | 14119.65 | 7834.30 | 526.44 | 2632.22 | 10419.14 | 9593.62
111 | 0.08 | 10022.25 | 14705.89 | 8845.78 | 397.20 | 1986.00 | 10800.00 | 10102.76
105 | 0.07 | 9813.72 | 15186.45 | 8750.67 | 379.89 | 1899.45 | 10623.52 | 10045.87
97 | 0.10 | 9088.33 | 15682.39 | 7520.10 | 586.02 | 2930.08 | 10391.57 | 9636.56
119 | 0.11 | 10063.74 | 16304.23 | 8270.27 | 517.33 | 2586.64 | 10800.00 | 10030.33
112 | 0.06 | 10162.25 | 16946.98 | 9145.44 | 314.45 | 1572.26 | 10698.83 | 10305.40
107 | 0.06 | 10120.27 | 17278.94 | 9083.54 | 315.76 | 1578.78 | 10643.37 | 10269.94
120 | 0.12 | 10161.40 | 17666.96 | 8041.36 | 565.29 | 2826.47 | 10800.00 | 10129.64
121 | 0.08 | 9882.85 | 18269.86 | 8421.26 | 431.12 | 2155.61 | 10542.39 | 10132.98
108 | 0.06 | 10144.79 | 18752.40 | 9019.65 | 314.99 | 1574.97 | 10575.72 | 10290.65
113 | 0.08 | 10092.04 | 19173.29 | 8558.18 | 422.19 | 2110.93 | 10635.34 | 10297.49
Vehicle 3
Charging tour: 
123  -> 155  -> 128  -> 129  -> 154  -> 134  -> 130  -> 151  -> 136  -> 126  -> 157  -> 132  -> 124  -> 137  -> 125  -> 140  -> 146  -> 149  -> 133  -> 150  -> 153  -> 122  -> 138  -> 139  -> 156  -> 152  -> 143  -> 142  -> 144  -> 147  -> 135  -> 127  -> 131  -> 141  -> 148  -> 145  -> 
Charging time: 
611.1106382904389  + 291.54338066821475  + 432.46139275311714  + 517.1851687579655  + 291.5433576321129  + 468.13872964373826  + 587.124304006461  + 384.3617778435061  + 338.01941834150284  + 572.7491283962075  + 245.58340521201174  + 549.5729985458685  + 988.5000706964606  + 455.86457152589617  + 521.3894553974696  + 438.6484634261767  + 577.3429347030927  + 523.7731707298982  + 821.7903672891929  + 498.63455812258997  + 617.9392784782009  + 245.39779447395293  + 483.2946650390862  + 713.4161402382816  + 531.2597730078581  + 751.9308257095155  + 686.4279689562379  + 485.1850142312244  + 911.8544142033421  + 727.7571978540578  + 338.39150156710815  + 453.7383666482964  + 390.2721349371971  + 1089.6363245347368  + 719.9675034642702  + 897.0519234493347  + 
total node:36/36
-------------------
Traveling energy: 2294.2389929257924
Charging energy: 100794.29059387313
Total energy used: 103088.52958679892
-------------------
Total time for travel: 2294.2389929257924
Total time for charging: 20158.858118774624
Charging round duration: 22453.097111700416
-------------------
ID | p | E0 | time_arrive | E_remain | time_charge | energy_charge| E_after_charge | E_after_cycle
123 | 0.13 | 7842.74 | 144.97 | 7823.89 | 611.11 | 3055.55 | 10800.00 | 7801.88
155 | 0.06 | 9303.47 | 818.91 | 9254.33 | 291.54 | 1457.72 | 10694.56 | 9332.07
128 | 0.10 | 8803.53 | 1225.95 | 8680.94 | 432.46 | 2162.31 | 10800.00 | 8583.99
129 | 0.12 | 8478.74 | 1688.38 | 8276.14 | 517.19 | 2585.93 | 10800.00 | 8206.44
154 | 0.06 | 9303.47 | 2312.06 | 9164.74 | 291.54 | 1457.72 | 10604.97 | 9332.07
134 | 0.12 | 8835.16 | 2663.98 | 8515.48 | 468.14 | 2340.69 | 10800.00 | 8317.63
130 | 0.13 | 8352.92 | 3170.86 | 7940.70 | 587.12 | 2935.62 | 10800.00 | 8192.13
151 | 0.08 | 9210.65 | 3771.39 | 8908.94 | 384.36 | 1921.81 | 10800.00 | 9226.98
136 | 0.07 | 9361.67 | 4276.87 | 9062.29 | 338.02 | 1690.10 | 10728.72 | 9384.46
126 | 0.11 | 8518.76 | 4722.77 | 7999.26 | 572.75 | 2863.75 | 10800.00 | 8762.47
157 | 0.05 | 9203.81 | 5324.93 | 8937.57 | 245.58 | 1227.92 | 10153.20 | 9240.80
132 | 0.11 | 8728.24 | 5596.87 | 8112.59 | 549.57 | 2747.86 | 10800.00 | 8856.07
124 | 0.17 | 7091.81 | 6272.15 | 6025.54 | 988.50 | 4942.50 | 10800.00 | 7985.16
137 | 0.10 | 9299.19 | 7329.27 | 8566.26 | 455.86 | 2279.32 | 10800.00 | 9196.66
125 | 0.10 | 8670.31 | 7829.25 | 7887.38 | 521.39 | 2606.95 | 10442.19 | 8895.40
140 | 0.09 | 9275.19 | 8385.46 | 8520.50 | 438.65 | 2193.24 | 10674.26 | 9324.76
146 | 0.13 | 9153.00 | 8958.90 | 7988.34 | 577.34 | 2886.71 | 10800.00 | 8943.30
149 | 0.13 | 9491.92 | 9559.17 | 8249.22 | 523.77 | 2618.87 | 10800.00 | 9014.37
133 | 0.15 | 8251.39 | 10122.21 | 6733.06 | 821.79 | 4108.95 | 10718.74 | 8787.56
150 | 0.10 | 9065.97 | 11033.35 | 7962.64 | 498.63 | 2493.17 | 10405.95 | 9177.29
153 | 0.14 | 9429.69 | 11663.40 | 7796.82 | 617.94 | 3089.70 | 10800.00 | 9184.79
122 | 0.05 | 9210.77 | 12336.44 | 8593.95 | 245.40 | 1226.99 | 9808.67 | 9246.83
138 | 0.10 | 9353.73 | 12620.65 | 8091.66 | 483.29 | 2416.47 | 10459.81 | 9388.35
139 | 0.14 | 8871.19 | 13110.42 | 7035.73 | 713.42 | 3567.08 | 10502.93 | 9103.67
156 | 0.11 | 9360.14 | 13852.75 | 7836.34 | 531.26 | 2656.30 | 10434.20 | 9396.40
152 | 0.14 | 8416.80 | 14428.57 | 6396.80 | 751.93 | 3759.65 | 10051.18 | 8841.85
143 | 0.14 | 9219.98 | 15202.65 | 7091.61 | 686.43 | 3432.14 | 10427.65 | 9317.52
142 | 0.10 | 9317.29 | 15926.13 | 7724.67 | 485.19 | 2425.93 | 10102.08 | 9361.35
144 | 0.18 | 8923.68 | 16427.61 | 5966.71 | 911.85 | 4559.27 | 10361.84 | 9195.61
147 | 0.15 | 9317.55 | 17402.33 | 6707.20 | 727.76 | 3638.79 | 10236.82 | 9383.55
135 | 0.07 | 9351.37 | 18251.55 | 8073.76 | 338.39 | 1691.96 | 9742.03 | 9376.03
127 | 0.09 | 8966.72 | 18616.09 | 7291.28 | 453.74 | 2268.69 | 9519.13 | 9091.75
131 | 0.08 | 9266.57 | 19097.30 | 7738.79 | 390.27 | 1951.36 | 9658.93 | 9312.45
141 | 0.20 | 8297.46 | 19526.75 | 4392.11 | 1089.64 | 5448.18 | 9622.37 | 8981.93
148 | 0.14 | 8790.47 | 20669.76 | 5896.70 | 719.97 | 3599.84 | 9395.74 | 9055.71
145 | 0.18 | 9070.93 | 21416.33 | 5215.99 | 897.05 | 4485.26 | 9539.78 | 9268.85
Vehicle 4
Charging tour: 
166  -> 160  -> 182  -> 170  -> 175  -> 188  -> 186  -> 159  -> 163  -> 162  -> 184  -> 168  -> 167  -> 161  -> 179  -> 187  -> 169  -> 158  -> 164  -> 171  -> 177  -> 176  -> 180  -> 165  -> 173  -> 172  -> 178  -> 183  -> 174  -> 181  -> 185  -> 189  -> 
Charging time: 
838.5593720705857  + 1086.9746653419002  + 318.0663742071829  + 295.39475646126516  + 580.0739637049442  + 357.29193368817835  + 287.96879102156834  + 778.1195041949622  + 299.8181051734107  + 1223.4495124119678  + 194.70468809073188  + 334.74760899189056  + 651.182399298367  + 652.7094639455441  + 278.09200716626447  + 252.15114551739285  + 521.1193869466379  + 520.707996569132  + 313.84989030906104  + 586.7987289648307  + 303.9596447011466  + 295.800132510235  + 512.9467885181625  + 632.1976958139943  + 662.1152308752121  + 307.95419706937884  + 521.6981229896211  + 823.4358623174395  + 593.8316732963387  + 513.3676034509222  + 656.5176522820482  + 772.1090057297981  + 
total node:32/32
-------------------
Traveling energy: 2227.833428589715
Charging energy: 84838.56951815059
Total energy used: 87066.4029467403
-------------------
Total time for travel: 2227.833428589715
Total time for charging: 16967.713903630116
Charging round duration: 19195.54733221983
-------------------
ID | p | E0 | time_arrive | E_remain | time_charge | energy_charge| E_after_charge | E_after_cycle
166 | 0.23 | 6836.64 | 159.01 | 6800.07 | 838.56 | 4192.80 | 10800.00 | 5551.17
160 | 0.23 | 5868.15 | 1100.06 | 5615.13 | 1086.97 | 5434.87 | 10800.00 | 5824.75
182 | 0.12 | 9511.45 | 2196.76 | 9247.84 | 318.07 | 1590.33 | 10800.00 | 8243.55
170 | 0.08 | 9555.76 | 2613.82 | 9346.66 | 295.39 | 1476.97 | 10800.00 | 9127.25
175 | 0.18 | 8531.50 | 2930.31 | 8004.04 | 580.07 | 2900.37 | 10800.00 | 7144.53
188 | 0.10 | 9409.24 | 3599.73 | 9049.27 | 357.29 | 1786.46 | 10800.00 | 8813.85
186 | 0.08 | 9709.01 | 4072.75 | 9383.19 | 287.97 | 1439.84 | 10800.00 | 9243.37
159 | 0.14 | 7639.25 | 4435.08 | 7018.34 | 778.12 | 3890.60 | 10800.00 | 8195.25
163 | 0.06 | 9635.88 | 5282.97 | 9318.90 | 299.82 | 1499.09 | 10800.00 | 9705.85
162 | 0.23 | 6262.98 | 5647.10 | 4964.15 | 1223.45 | 6117.25 | 10800.00 | 6901.96
184 | 0.05 | 10180.99 | 6895.62 | 9836.21 | 194.70 | 973.52 | 10800.00 | 9963.59
168 | 0.07 | 9650.37 | 7152.46 | 9149.69 | 334.75 | 1673.74 | 10800.00 | 9656.81
167 | 0.13 | 8613.29 | 7573.47 | 7628.74 | 651.18 | 3255.91 | 10800.00 | 8772.79
161 | 0.11 | 8494.14 | 8244.64 | 7587.23 | 652.71 | 3263.55 | 10778.98 | 9137.64
179 | 0.06 | 9964.49 | 8971.03 | 9426.23 | 278.09 | 1390.46 | 10800.00 | 9925.83
187 | 0.05 | 9994.37 | 9284.10 | 9530.17 | 252.15 | 1260.76 | 10778.32 | 10064.20
169 | 0.10 | 9205.55 | 9590.38 | 8246.52 | 521.12 | 2605.60 | 10800.00 | 9429.29
158 | 0.09 | 8711.54 | 10176.80 | 7795.62 | 520.71 | 2603.54 | 10352.30 | 9171.41
164 | 0.06 | 9635.53 | 10751.69 | 8990.43 | 313.85 | 1569.25 | 10540.85 | 9775.67
171 | 0.11 | 9157.10 | 11150.42 | 7930.55 | 586.80 | 2933.99 | 10800.00 | 9471.05
177 | 0.06 | 9949.05 | 11774.90 | 9242.56 | 303.96 | 1519.80 | 10744.12 | 10039.74
176 | 0.06 | 10065.49 | 12112.33 | 9338.75 | 295.80 | 1479.00 | 10800.00 | 10115.37
180 | 0.11 | 9660.15 | 12440.56 | 8291.69 | 512.95 | 2564.73 | 10800.00 | 9604.84
165 | 0.11 | 8769.73 | 13015.91 | 7337.98 | 632.20 | 3160.99 | 10429.43 | 9310.68
173 | 0.12 | 9134.70 | 13690.94 | 7491.78 | 662.12 | 3310.58 | 10722.91 | 9587.05
172 | 0.06 | 9820.00 | 14430.11 | 8954.20 | 307.95 | 1539.77 | 10475.49 | 9930.66
178 | 0.10 | 9661.11 | 14779.51 | 8183.16 | 521.70 | 2608.49 | 10739.48 | 9887.75
183 | 0.17 | 9435.52 | 15368.90 | 6822.80 | 823.44 | 4117.18 | 10800.00 | 9503.54
174 | 0.11 | 9336.32 | 16276.78 | 7545.88 | 593.83 | 2969.16 | 10449.71 | 9685.44
181 | 0.10 | 9817.89 | 16917.28 | 8126.16 | 513.37 | 2566.84 | 10641.66 | 10002.87
185 | 0.13 | 9879.16 | 17510.76 | 7602.76 | 656.52 | 3282.59 | 10800.00 | 10065.33
189 | 0.15 | 9791.72 | 18254.60 | 7053.53 | 772.11 | 3860.55 | 10798.26 | 10079.48
Vehicle 5
Charging tour: 
209  -> 220  -> 194  -> 211  -> 202  -> 206  -> 224  -> 196  -> 198  -> 228  -> 221  -> 195  -> 191  -> 190  -> 212  -> 200  -> 226  -> 193  -> 213  -> 223  -> 208  -> 210  -> 225  -> 218  -> 197  -> 216  -> 231  -> 229  -> 201  -> 199  -> 192  -> 214  -> 217  -> 230  -> 205  -> 203  -> 222  -> 204  -> 227  -> 219  -> 207  -> 215  -> 
Charging time: 
418.49974054202875  + 504.89829740947425  + 508.3868868200557  + 466.8186335379507  + 369.8450343337926  + 541.4821104280625  + 320.8264303615765  + 369.97281456062564  + 320.955643164154  + 369.9588232738198  + 270.8663162169178  + 514.9984785840572  + 369.96757057827836  + 466.82575797128794  + 369.84920678087985  + 610.9985324154935  + 611.0032488811204  + 563.3509928798239  + 466.8214068815281  + 418.47178538899783  + 514.9997339227608  + 563.047710923963  + 320.9734457732178  + 754.4425232723445  + 272.0063021156916  + 418.49757704123954  + 418.49088131923276  + 321.0968965423917  + 466.8154223781574  + 272.05170272399124  + 567.7699541727782  + 706.689354543129  + 767.7766335447785  + 418.49861609204396  + 763.6515341335147  + 713.2683115604759  + 617.670512140657  + 321.0835508347141  + 733.5310120210029  + 658.8731834448625  + 805.8548808022302  + 754.4742277123461  + 
total node:42/42
-------------------
Traveling energy: 2535.9730506415644
Charging energy: 105031.80839012723
Total energy used: 107567.7814407688
-------------------
Total time for travel: 2535.9730506415644
Total time for charging: 21006.361678025445
Charging round duration: 23542.33472866701
-------------------
ID | p | E0 | time_arrive | E_remain | time_charge | energy_charge| E_after_charge | E_after_cycle
209 | 0.08 | 8249.40 | 101.56 | 8241.27 | 418.50 | 2092.50 | 10300.29 | 8436.41
220 | 0.10 | 8379.02 | 530.25 | 8326.00 | 504.90 | 2524.49 | 10800.00 | 8521.66
194 | 0.11 | 8429.67 | 1051.64 | 8313.99 | 508.39 | 2541.93 | 10800.00 | 8351.56
211 | 0.09 | 8319.97 | 1647.39 | 8171.71 | 466.82 | 2334.09 | 10463.79 | 8510.40
202 | 0.07 | 8167.81 | 2159.08 | 8016.68 | 369.85 | 1849.23 | 9840.01 | 8349.74
206 | 0.11 | 8430.92 | 2534.27 | 8152.15 | 541.48 | 2707.41 | 10800.00 | 8518.29
224 | 0.06 | 8070.65 | 3101.98 | 7884.53 | 320.83 | 1604.13 | 9469.42 | 8245.67
196 | 0.07 | 8164.99 | 3450.89 | 7923.43 | 369.97 | 1849.86 | 9747.40 | 8347.56
198 | 0.06 | 8067.40 | 3880.22 | 7834.59 | 320.96 | 1604.78 | 9420.11 | 8243.07
228 | 0.07 | 8165.30 | 4255.29 | 7867.43 | 369.96 | 1849.79 | 9691.33 | 8347.80
221 | 0.05 | 7966.04 | 4734.57 | 7729.31 | 270.87 | 1354.33 | 9070.10 | 8129.45
195 | 0.10 | 8379.57 | 5011.97 | 7878.37 | 515.00 | 2574.99 | 10401.86 | 8572.70
191 | 0.07 | 8165.11 | 5643.60 | 7770.06 | 369.97 | 1849.84 | 9594.00 | 8347.65
190 | 0.09 | 8319.85 | 6040.26 | 7776.22 | 466.83 | 2334.13 | 10068.34 | 8510.30
212 | 0.07 | 8167.72 | 6581.50 | 7707.02 | 369.85 | 1849.25 | 9530.37 | 8349.67
200 | 0.12 | 8475.56 | 7006.54 | 7634.78 | 611.00 | 3054.99 | 10616.45 | 8672.33
226 | 0.12 | 8475.50 | 7738.73 | 7546.85 | 611.00 | 3055.02 | 10528.55 | 8672.29
193 | 0.11 | 8426.38 | 8411.84 | 7501.08 | 563.35 | 2816.75 | 10255.87 | 8623.10
213 | 0.09 | 8319.92 | 9017.53 | 7508.35 | 466.82 | 2334.11 | 9800.44 | 8510.36
223 | 0.08 | 8249.95 | 9569.65 | 7484.38 | 418.47 | 2092.36 | 9543.26 | 8436.83
208 | 0.10 | 8379.55 | 10106.00 | 7368.95 | 515.00 | 2575.00 | 9892.45 | 8572.69
210 | 0.11 | 8430.92 | 10657.21 | 7258.63 | 563.05 | 2815.24 | 10011.93 | 8626.12
225 | 0.06 | 8066.96 | 11247.95 | 7392.08 | 320.97 | 1604.87 | 8977.69 | 8242.71
218 | 0.15 | 8580.11 | 11583.09 | 6842.64 | 754.44 | 3772.21 | 10501.69 | 8779.54
197 | 0.05 | 7932.66 | 12397.55 | 7312.78 | 272.01 | 1360.03 | 8659.21 | 8101.76
216 | 0.08 | 8249.44 | 12727.03 | 7231.28 | 418.50 | 2092.49 | 9290.29 | 8436.45
231 | 0.08 | 8249.57 | 13251.35 | 7189.47 | 418.49 | 2092.45 | 9248.44 | 8436.54
229 | 0.06 | 8063.85 | 13775.65 | 7237.32 | 321.10 | 1605.48 | 8823.53 | 8240.23
201 | 0.09 | 8320.03 | 14126.02 | 7048.69 | 466.82 | 2334.08 | 9340.75 | 8510.44
199 | 0.05 | 7931.33 | 14674.23 | 7197.62 | 272.05 | 1360.26 | 8544.28 | 8100.66
192 | 0.11 | 8360.80 | 14965.35 | 6714.61 | 567.77 | 2838.85 | 9491.01 | 8579.61
214 | 0.14 | 8549.23 | 15582.89 | 6367.63 | 706.69 | 3533.45 | 9802.14 | 8748.08
217 | 0.15 | 8431.09 | 16322.27 | 5982.75 | 767.78 | 3838.88 | 9706.47 | 8697.19
230 | 0.08 | 8249.42 | 17231.58 | 6870.90 | 418.50 | 2092.49 | 8929.91 | 8436.43
205 | 0.15 | 8476.64 | 17658.04 | 5827.93 | 763.65 | 3818.26 | 9531.64 | 8722.11
203 | 0.14 | 8470.38 | 18475.28 | 5883.84 | 713.27 | 3566.34 | 9350.32 | 8702.12
222 | 0.12 | 8384.01 | 19197.55 | 6080.31 | 617.67 | 3088.35 | 9094.54 | 8614.14
204 | 0.06 | 8064.19 | 19835.52 | 6874.06 | 321.08 | 1605.42 | 8460.21 | 8240.49
227 | 0.14 | 8236.39 | 20215.90 | 5406.17 | 733.53 | 3667.66 | 8971.13 | 8569.45
219 | 0.13 | 8514.69 | 21036.56 | 5779.94 | 658.87 | 3294.37 | 8988.65 | 8712.65
207 | 0.16 | 8568.22 | 21752.87 | 5087.76 | 805.85 | 4029.27 | 8988.10 | 8786.53
215 | 0.15 | 8579.75 | 22609.52 | 5188.32 | 754.47 | 3772.37 | 8847.52 | 8779.33
Vehicle 6
Charging tour: 
242  -> 263  -> 243  -> 239  -> 245  -> 236  -> 241  -> 249  -> 233  -> 269  -> 258  -> 247  -> 246  -> 234  -> 252  -> 251  -> 255  -> 235  -> 244  -> 232  -> 248  -> 250  -> 262  -> 271  -> 257  -> 256  -> 253  -> 266  -> 259  -> 254  -> 260  -> 272  -> 265  -> 238  -> 261  -> 264  -> 270  -> 267  -> 240  -> 268  -> 237  -> 
Charging time: 
309.59139363975277  + 268.6311545315174  + 555.8234527080924  + 218.13825702618047  + 508.02046964721404  + 490.88509759559327  + 632.8603364159965  + 455.19023381103455  + 385.9512979966219  + 258.54827085215754  + 374.7383074423385  + 529.0785043720003  + 276.9607166947839  + 584.2093188521413  + 508.32972147340206  + 217.589829169017  + 400.45678945040055  + 604.0618457701444  + 546.0849800676452  + 464.03431978683943  + 679.1316124869512  + 356.54350319124745  + 237.89926704173683  + 354.77149128988214  + 413.8158804707846  + 321.3006738441072  + 310.260220919478  + 295.3709287551598  + 366.49709332852063  + 259.2247744128055  + 630.685111357909  + 571.0312493718682  + 302.3607505232285  + 1004.0275415026478  + 591.1969766770352  + 554.7817758356052  + 305.74005135416195  + 515.4536550621627  + 449.09877902013284  + 504.58240345280984  + 596.9010334353069  + 
total node:41/41
-------------------
Traveling energy: 2470.3488812407822
Charging energy: 91049.29535318208
Total energy used: 93519.64423442287
-------------------
Total time for travel: 2470.3488812407822
Total time for charging: 18209.859070636416
Charging round duration: 20680.207951877197
-------------------
ID | p | E0 | time_arrive | E_remain | time_charge | energy_charge| E_after_charge | E_after_cycle
242 | 0.08 | 9291.10 | 178.61 | 9276.81 | 309.59 | 1547.96 | 10800.00 | 8933.57
263 | 0.09 | 9529.81 | 542.12 | 9481.02 | 268.63 | 1343.16 | 10800.00 | 8729.30
243 | 0.14 | 8215.72 | 835.87 | 8098.70 | 555.82 | 2779.12 | 10800.00 | 7660.24
239 | 0.05 | 9792.51 | 1445.96 | 9720.22 | 218.14 | 1090.69 | 10800.00 | 9692.28
245 | 0.13 | 8544.85 | 1683.95 | 8325.94 | 508.02 | 2540.10 | 10800.00 | 7988.54
236 | 0.10 | 8616.29 | 2216.23 | 8394.66 | 490.89 | 2454.43 | 10800.00 | 8688.86
241 | 0.14 | 8111.69 | 2767.06 | 7724.30 | 632.86 | 3164.30 | 10800.00 | 7941.39
249 | 0.12 | 8997.03 | 3486.31 | 8578.67 | 455.19 | 2275.95 | 10800.00 | 8414.75
233 | 0.07 | 9180.37 | 4044.36 | 8897.26 | 385.95 | 1929.76 | 10800.00 | 9442.82
269 | 0.06 | 9791.11 | 4472.23 | 9522.77 | 258.55 | 1292.74 | 10800.00 | 9654.73
258 | 0.12 | 9541.34 | 4750.55 | 8971.28 | 374.74 | 1873.69 | 10800.00 | 8556.81
247 | 0.12 | 8835.09 | 5141.58 | 8218.10 | 529.08 | 2645.39 | 10800.00 | 8622.25
246 | 0.06 | 9774.45 | 5710.56 | 9431.81 | 276.96 | 1384.80 | 10800.00 | 9730.14
234 | 0.10 | 8539.14 | 6017.66 | 7937.37 | 584.21 | 2921.05 | 10800.00 | 9078.33
252 | 0.12 | 9120.89 | 6679.50 | 8319.35 | 508.33 | 2541.65 | 10800.00 | 8804.31
251 | 0.05 | 10085.78 | 7257.06 | 9722.93 | 217.59 | 1087.95 | 10800.00 | 9982.80
255 | 0.10 | 9600.03 | 7622.65 | 8837.76 | 400.46 | 2002.28 | 10800.00 | 9220.45
235 | 0.10 | 8570.86 | 8077.81 | 7763.08 | 604.06 | 3020.31 | 10722.98 | 9209.31
244 | 0.10 | 8995.02 | 8708.39 | 8124.18 | 546.08 | 2730.42 | 10800.00 | 9343.59
232 | 0.08 | 8925.77 | 9266.42 | 8184.46 | 464.03 | 2320.17 | 10467.51 | 9340.46
248 | 0.13 | 8761.00 | 9756.73 | 7492.63 | 679.13 | 3395.66 | 10800.00 | 9060.25
250 | 0.07 | 9773.71 | 10449.62 | 9042.24 | 356.54 | 1782.72 | 10800.00 | 9889.13
262 | 0.05 | 10163.68 | 10825.67 | 9622.40 | 237.90 | 1189.50 | 10800.00 | 10162.25
271 | 0.08 | 9948.97 | 11180.57 | 9054.52 | 354.77 | 1773.86 | 10800.00 | 9817.34
257 | 0.09 | 9810.87 | 11585.65 | 8768.16 | 413.82 | 2069.08 | 10800.00 | 9736.28
256 | 0.06 | 9668.20 | 12082.25 | 8943.26 | 321.30 | 1606.50 | 10530.49 | 9845.59
253 | 0.06 | 10012.23 | 12516.27 | 9261.26 | 310.26 | 1551.30 | 10793.94 | 10134.42
266 | 0.06 | 10113.51 | 12877.42 | 9340.87 | 295.37 | 1476.85 | 10800.00 | 10161.25
259 | 0.07 | 9888.57 | 13238.91 | 8961.84 | 366.50 | 1832.49 | 10768.67 | 10053.75
254 | 0.05 | 9986.18 | 13717.88 | 9300.28 | 259.22 | 1296.12 | 10583.45 | 10091.37
260 | 0.12 | 9414.92 | 14105.51 | 7722.26 | 630.69 | 3153.43 | 10800.00 | 9710.12
272 | 0.11 | 9631.82 | 14765.09 | 8007.66 | 571.03 | 2855.16 | 10800.00 | 9866.93
265 | 0.06 | 10229.97 | 15393.88 | 9306.34 | 302.36 | 1511.80 | 10800.00 | 10312.66
238 | 0.15 | 7734.84 | 15764.99 | 5370.09 | 1004.03 | 5020.14 | 10239.63 | 9182.20
261 | 0.11 | 9633.11 | 16800.07 | 7785.10 | 591.20 | 2955.98 | 10676.05 | 9969.05
264 | 0.11 | 10001.68 | 17405.14 | 8087.12 | 554.78 | 2773.91 | 10800.00 | 10155.55
270 | 0.06 | 10160.26 | 17987.18 | 9081.03 | 305.74 | 1528.70 | 10591.38 | 10259.84
267 | 0.10 | 10044.22 | 18332.52 | 8210.97 | 515.45 | 2577.27 | 10736.69 | 10239.63
240 | 0.08 | 9222.61 | 18896.16 | 7710.92 | 449.10 | 2245.49 | 9920.49 | 9562.62
268 | 0.10 | 10260.62 | 19461.93 | 8314.43 | 504.58 | 2522.91 | 10786.88 | 10401.68
237 | 0.10 | 8673.68 | 19985.67 | 6675.12 | 596.90 | 2984.51 | 9599.93 | 9276.33
Vehicle 7
Charging tour: 
287  -> 292  -> 307  -> 293  -> 279  -> 273  -> 299  -> 280  -> 311  -> 278  -> 274  -> 303  -> 286  -> 277  -> 285  -> 302  -> 281  -> 291  -> 290  -> 284  -> 275  -> 295  -> 300  -> 296  -> 276  -> 294  -> 304  -> 312  -> 308  -> 282  -> 310  -> 297  -> 298  -> 309  -> 283  -> 301  -> 288  -> 305  -> 289  -> 306  -> 
Charging time: 
500.0670570557745  + 355.7630191202087  + 276.5922953376473  + 498.132883190204  + 379.2033488747428  + 261.9064889758367  + 260.25151758087435  + 292.3284331380866  + 312.1287906327425  + 308.9690952270021  + 441.76005257253104  + 190.44473360754634  + 606.5474996148969  + 845.4098258403765  + 665.7794460241148  + 381.00225087084874  + 449.7680354030251  + 380.3872305281846  + 346.31772319851103  + 320.1743098305986  + 327.1922058490119  + 376.29183977994836  + 239.8940599867645  + 533.0695139428468  + 942.8129640625527  + 419.76393940659784  + 422.3168247404443  + 650.7669587796773  + 336.61660601905265  + 448.06307401072394  + 543.7888641457092  + 836.9990338002021  + 543.5711496448419  + 572.5660856932152  + 582.5215290728664  + 357.74573836609017  + 374.0401551994329  + 406.7676918165704  + 319.8310303632538  + 683.6727071544155  + 
total node:40/40
-------------------
Traveling energy: 1799.5641404494374
Charging energy: 89956.13004228985
Total energy used: 91755.69418273929
-------------------
Total time for travel: 1799.5641404494374
Total time for charging: 17991.22600845797
Charging round duration: 19790.790148907407
-------------------
ID | p | E0 | time_arrive | E_remain | time_charge | energy_charge| E_after_charge | E_after_cycle
287 | 0.14 | 8381.00 | 80.91 | 8369.67 | 500.07 | 2500.34 | 10800.00 | 7546.74
292 | 0.11 | 9134.87 | 677.69 | 9060.32 | 355.76 | 1778.82 | 10800.00 | 8293.64
307 | 0.13 | 9601.82 | 1144.78 | 9453.00 | 276.59 | 1382.96 | 10800.00 | 7888.37
293 | 0.15 | 8599.85 | 1438.64 | 8384.06 | 498.13 | 2490.66 | 10800.00 | 7517.73
279 | 0.08 | 9098.03 | 2046.36 | 8934.32 | 379.20 | 1896.02 | 10800.00 | 9088.56
273 | 0.05 | 9625.84 | 2445.54 | 9503.56 | 261.91 | 1309.53 | 10800.00 | 9744.44
299 | 0.06 | 9678.63 | 2737.87 | 9514.36 | 260.25 | 1301.26 | 10800.00 | 9550.77
280 | 0.06 | 9536.98 | 3018.08 | 9355.90 | 292.33 | 1461.64 | 10800.00 | 9569.51
311 | 0.13 | 9716.26 | 3356.38 | 9279.93 | 312.13 | 1560.64 | 10800.00 | 8180.49
278 | 0.06 | 9494.69 | 3683.27 | 9273.69 | 308.97 | 1544.85 | 10800.00 | 9610.42
274 | 0.08 | 8947.35 | 4010.13 | 8626.54 | 441.76 | 2208.80 | 10800.00 | 9250.67
303 | 0.06 | 10127.75 | 4475.74 | 9859.20 | 190.44 | 952.22 | 10800.00 | 9650.86
286 | 0.13 | 8454.01 | 4676.13 | 7846.11 | 606.55 | 3032.74 | 10800.00 | 8390.34
277 | 0.15 | 7503.07 | 5355.40 | 6699.76 | 845.41 | 4227.05 | 10800.00 | 8157.34
285 | 0.13 | 8368.63 | 6238.25 | 7557.65 | 665.78 | 3328.90 | 10800.00 | 8601.11
302 | 0.11 | 9701.92 | 6954.77 | 8936.90 | 381.00 | 1905.01 | 10800.00 | 8986.89
281 | 0.08 | 9142.30 | 7341.01 | 8555.02 | 449.77 | 2248.84 | 10767.87 | 9485.65
291 | 0.07 | 9458.58 | 7805.46 | 8912.20 | 380.39 | 1901.94 | 10787.51 | 9693.22
290 | 0.07 | 9666.47 | 8197.31 | 9092.65 | 346.32 | 1731.59 | 10800.00 | 9730.76
284 | 0.06 | 9632.05 | 8590.71 | 9116.61 | 320.17 | 1600.87 | 10698.27 | 9803.81
275 | 0.06 | 9425.45 | 8932.27 | 8889.52 | 327.19 | 1635.96 | 10505.85 | 9632.30
295 | 0.08 | 9693.58 | 9311.75 | 8948.64 | 376.29 | 1881.46 | 10800.00 | 9669.56
300 | 0.05 | 10098.22 | 9713.95 | 9612.52 | 239.89 | 1199.47 | 10800.00 | 10106.76
296 | 0.10 | 9189.89 | 10019.31 | 8187.96 | 533.07 | 2665.35 | 10800.00 | 9473.38
276 | 0.14 | 7632.32 | 10562.51 | 6153.57 | 942.81 | 4714.06 | 10735.64 | 9011.78
294 | 0.08 | 9656.43 | 11520.87 | 8734.76 | 419.76 | 2098.82 | 10800.00 | 9849.77
304 | 0.09 | 9814.04 | 12084.61 | 8726.42 | 422.32 | 2111.58 | 10800.00 | 9781.95
312 | 0.13 | 9258.24 | 12519.04 | 7630.76 | 650.77 | 3253.83 | 10800.00 | 9415.66
308 | 0.08 | 10205.47 | 13270.30 | 9143.85 | 336.62 | 1683.08 | 10800.00 | 9983.07
282 | 0.08 | 9177.09 | 13612.26 | 8088.10 | 448.06 | 2240.32 | 10292.57 | 9511.92
310 | 0.11 | 9688.48 | 14069.12 | 8140.87 | 543.79 | 2718.94 | 10800.00 | 9787.38
297 | 0.15 | 8950.88 | 14735.53 | 6740.55 | 837.00 | 4185.00 | 10800.00 | 9563.10
298 | 0.10 | 9455.78 | 15628.03 | 7892.98 | 543.57 | 2717.86 | 10556.48 | 9791.78
309 | 0.12 | 9947.45 | 16179.76 | 8005.88 | 572.57 | 2862.83 | 10800.00 | 9952.05
283 | 0.10 | 8823.52 | 16800.62 | 7143.46 | 582.52 | 2912.61 | 9997.81 | 9354.27
301 | 0.07 | 10057.21 | 17400.75 | 8839.16 | 357.75 | 1788.73 | 10602.84 | 10178.64
288 | 0.07 | 9619.08 | 17823.24 | 8371.46 | 374.04 | 1870.20 | 10215.48 | 9821.99
305 | 0.08 | 10108.75 | 18227.55 | 8650.55 | 406.77 | 2033.84 | 10651.84 | 10237.10
289 | 0.06 | 9642.39 | 18637.38 | 8524.14 | 319.83 | 1599.16 | 10104.11 | 9812.43
306 | 0.13 | 9773.48 | 18994.66 | 7304.17 | 683.67 | 3418.36 | 10633.66 | 10095.43
Vehicle 8
Charging tour: 
321  -> 330  -> 329  -> 316  -> 322  -> 327  -> 351  -> 313  -> 315  -> 318  -> 314  -> 319  -> 342  -> 333  -> 341  -> 348  -> 326  -> 346  -> 324  -> 345  -> 323  -> 334  -> 328  -> 331  -> 343  -> 320  -> 325  -> 347  -> 339  -> 340  -> 335  -> 338  -> 337  -> 317  -> 344  -> 332  -> 336  -> 349  -> 350  -> 
Charging time: 
234.95759977316888  + 348.7907460156564  + 333.470600721424  + 365.9282549368394  + 496.91121687176144  + 379.7641128172565  + 279.14386363237446  + 696.0415026017425  + 844.9578684906054  + 407.89763892624626  + 625.8443985645127  + 579.4300629530164  + 345.3777621660746  + 614.2084785268987  + 511.9994119340235  + 390.82261512246106  + 630.0218924613071  + 426.2204837397009  + 306.60343788336354  + 358.9558490707618  + 425.63807199752557  + 526.361825809697  + 417.5097363971802  + 989.0085752185138  + 279.4088365950327  + 430.1845989128228  + 312.0443209364227  + 489.9586926175908  + 548.7341478499176  + 355.7085459556374  + 696.6482714224674  + 344.96594727766814  + 465.74841957629195  + 435.1049837657259  + 671.0773508587912  + 299.92382121160153  + 644.3791004495836  + 495.52038490493595  + 860.536400706025  + 
total node:39/39
-------------------
Traveling energy: 2507.8149722607513
Charging energy: 94329.04914836312
Total energy used: 96836.86412062387
-------------------
Total time for travel: 2507.8149722607513
Total time for charging: 18865.809829672624
Charging round duration: 21373.624801933376
-------------------
ID | p | E0 | time_arrive | E_remain | time_charge | energy_charge| E_after_charge | E_after_cycle
321 | 0.06 | 9647.29 | 132.93 | 9639.31 | 234.96 | 1174.79 | 10800.00 | 9392.96
330 | 0.11 | 9135.37 | 372.33 | 9094.41 | 348.79 | 1743.95 | 10800.00 | 8259.28
329 | 0.10 | 9243.71 | 777.15 | 9165.99 | 333.47 | 1667.35 | 10800.00 | 8529.21
316 | 0.08 | 9090.26 | 1132.89 | 8999.63 | 365.93 | 1829.64 | 10800.00 | 9014.42
322 | 0.12 | 8559.11 | 1533.65 | 8375.07 | 496.91 | 2484.56 | 10800.00 | 8185.44
327 | 0.10 | 9154.81 | 2156.58 | 8939.16 | 379.76 | 1898.82 | 10800.00 | 8671.78
351 | 0.08 | 9638.73 | 2651.48 | 9426.61 | 279.14 | 1395.72 | 10800.00 | 9128.97
313 | 0.13 | 7793.35 | 2946.74 | 7410.28 | 696.04 | 3480.21 | 10800.00 | 8177.15
315 | 0.16 | 7316.20 | 3786.24 | 6710.40 | 844.96 | 4224.79 | 10800.00 | 7730.02
318 | 0.08 | 9171.22 | 4726.01 | 8793.14 | 407.90 | 2039.49 | 10800.00 | 9305.23
314 | 0.11 | 8311.11 | 5195.35 | 7739.62 | 625.84 | 3129.22 | 10800.00 | 8820.29
319 | 0.11 | 8610.86 | 5857.07 | 7966.59 | 579.43 | 2897.15 | 10800.00 | 8887.97
342 | 0.08 | 9618.87 | 6476.60 | 9100.74 | 345.38 | 1726.89 | 10800.00 | 9440.27
333 | 0.15 | 8846.21 | 6834.12 | 7821.09 | 614.21 | 3071.04 | 10800.00 | 8344.47
341 | 0.11 | 9118.64 | 7475.63 | 8296.32 | 512.00 | 2560.00 | 10800.00 | 9058.60
348 | 0.08 | 9521.44 | 8053.55 | 8877.15 | 390.82 | 1954.11 | 10800.00 | 9570.07
326 | 0.12 | 8750.76 | 8543.86 | 7725.49 | 630.02 | 3150.11 | 10800.00 | 9042.64
346 | 0.08 | 9322.79 | 9216.58 | 8585.46 | 426.22 | 2131.10 | 10682.47 | 9548.40
324 | 0.06 | 9719.96 | 9726.90 | 9136.34 | 306.60 | 1533.02 | 10650.96 | 9823.86
345 | 0.07 | 9686.06 | 10105.18 | 8978.70 | 358.96 | 1794.78 | 10748.35 | 9813.54
323 | 0.08 | 9335.54 | 10522.91 | 8493.71 | 425.64 | 2128.19 | 10587.85 | 9558.25
334 | 0.11 | 9436.67 | 11005.28 | 8226.09 | 526.36 | 2631.81 | 10800.00 | 9448.44
328 | 0.08 | 9517.29 | 11582.78 | 8590.67 | 417.51 | 2087.55 | 10644.82 | 9699.36
331 | 0.18 | 8209.08 | 12089.47 | 6032.98 | 989.01 | 4945.04 | 10800.00 | 8866.79
343 | 0.06 | 10206.50 | 13113.04 | 9419.72 | 279.41 | 1397.04 | 10800.00 | 10174.43
320 | 0.08 | 9236.88 | 13459.55 | 8160.11 | 430.18 | 2150.92 | 10276.62 | 9482.32
325 | 0.06 | 9550.48 | 13917.91 | 8715.40 | 312.04 | 1560.22 | 10256.90 | 9681.59
347 | 0.10 | 9826.76 | 14275.53 | 8399.20 | 489.96 | 2449.79 | 10800.00 | 9894.69
339 | 0.11 | 9745.15 | 14804.19 | 8116.69 | 548.73 | 2743.67 | 10800.00 | 9868.78
340 | 0.07 | 9774.48 | 15441.25 | 8693.60 | 355.71 | 1778.54 | 10447.24 | 9885.73
335 | 0.13 | 9268.72 | 15853.07 | 7207.82 | 696.65 | 3483.24 | 10600.50 | 9655.55
338 | 0.07 | 10078.87 | 16585.80 | 8917.87 | 344.97 | 1724.83 | 10618.55 | 10136.40
337 | 0.09 | 9598.01 | 17002.40 | 8067.79 | 465.75 | 2328.74 | 10354.62 | 9783.08
317 | 0.08 | 9132.42 | 17594.43 | 7724.87 | 435.10 | 2175.52 | 9865.59 | 9402.46
344 | 0.13 | 9621.90 | 18061.70 | 7273.88 | 671.08 | 3355.39 | 10542.03 | 9880.87
332 | 0.06 | 9936.43 | 18820.45 | 8807.20 | 299.92 | 1499.62 | 10288.83 | 10006.94
336 | 0.12 | 9249.75 | 19153.66 | 6951.31 | 644.38 | 3221.90 | 10095.88 | 9613.42
349 | 0.10 | 10023.71 | 19815.49 | 8042.16 | 495.52 | 2477.60 | 10470.21 | 10119.46
350 | 0.17 | 9812.28 | 20343.12 | 6353.95 | 860.54 | 4302.68 | 10510.34 | 10065.80
Vehicle 9
Charging tour: 
365  -> 353  -> 354  -> 379  -> 355  -> 383  -> 362  -> 361  -> 385  -> 375  -> 364  -> 356  -> 376  -> 388  -> 378  -> 369  -> 381  -> 384  -> 358  -> 392  -> 367  -> 391  -> 359  -> 389  -> 382  -> 372  -> 363  -> 360  -> 374  -> 390  -> 370  -> 377  -> 380  -> 368  -> 386  -> 357  -> 387  -> 366  -> 352  -> 371  -> 373  -> 
Charging time: 
459.0615596145333  + 459.06185081386263  + 459.0619935610433  + 459.06116680569875  + 506.79809529072094  + 363.4637840144366  + 591.7963452063893  + 613.2271182897882  + 411.28949912188176  + 363.46243343864904  + 660.0292722589209  + 267.3309632841053  + 459.0602431759713  + 315.4893394453415  + 506.7984030623885  + 697.5716132196013  + 459.06173406283983  + 649.8908429310933  + 266.6523903812373  + 653.6085912744607  + 315.48320384239673  + 363.4514389568488  + 554.5114153861446  + 602.2082197255866  + 554.5114306232709  + 697.5709751802086  + 315.5417879126821  + 506.79843247527344  + 649.8937676461098  + 654.5598577902081  + 745.241291309433  + 459.05795101591394  + 411.280741272926  + 554.5114202829394  + 649.8892416608136  + 554.5112542712803  + 315.50841128609767  + 649.8936208725806  + 769.4299132014221  + 506.79813862593807  + 649.8937637962649  + 
total node:41/41
-------------------
Traveling energy: 2065.2775550640395
Charging energy: 105511.6175819365
Total energy used: 107576.89513700054
-------------------
Total time for travel: 2065.2775550640395
Total time for charging: 21102.3235163873
Charging round duration: 23167.60107145134
-------------------
ID | p | E0 | time_arrive | E_remain | time_charge | energy_charge| E_after_charge | E_after_cycle
365 | 0.09 | 8154.63 | 153.14 | 8140.84 | 459.06 | 2295.31 | 10394.83 | 8306.26
353 | 0.09 | 8154.62 | 643.66 | 8096.69 | 459.06 | 2295.31 | 10350.68 | 8306.26
354 | 0.09 | 8154.62 | 1112.80 | 8054.47 | 459.06 | 2295.31 | 10308.46 | 8306.26
379 | 0.09 | 8154.63 | 1584.69 | 8012.01 | 459.06 | 2295.31 | 10266.00 | 8306.27
355 | 0.10 | 8207.25 | 2069.56 | 8000.29 | 506.80 | 2533.99 | 10483.60 | 8359.38
383 | 0.07 | 8010.68 | 2615.56 | 7827.59 | 363.46 | 1817.32 | 9619.47 | 8160.70
362 | 0.12 | 8288.33 | 3135.80 | 7912.03 | 591.80 | 2958.98 | 10800.00 | 8389.08
361 | 0.13 | 8320.19 | 3897.00 | 7813.58 | 613.23 | 3066.14 | 10800.00 | 8289.92
385 | 0.08 | 8090.49 | 4551.03 | 7726.41 | 411.29 | 2056.45 | 9749.95 | 8241.45
375 | 0.07 | 8010.71 | 4992.18 | 7661.26 | 363.46 | 1817.31 | 9453.13 | 8160.72
364 | 0.14 | 8347.79 | 5396.67 | 7592.26 | 660.03 | 3300.15 | 10800.00 | 8313.34
356 | 0.05 | 7779.53 | 6069.98 | 7476.03 | 267.33 | 1336.65 | 8799.32 | 7925.25
376 | 0.09 | 8154.65 | 6381.34 | 7580.33 | 459.06 | 2295.30 | 9834.31 | 8306.28
388 | 0.06 | 7910.41 | 6879.98 | 7497.61 | 315.49 | 1577.45 | 9056.13 | 8058.74
378 | 0.10 | 8207.24 | 7198.86 | 7487.35 | 506.80 | 2533.99 | 9970.67 | 8359.38
369 | 0.14 | 8347.79 | 7776.62 | 7259.07 | 697.57 | 3487.86 | 10649.26 | 8501.05
381 | 0.09 | 8154.62 | 8502.44 | 7389.40 | 459.06 | 2295.31 | 9643.40 | 8306.26
384 | 0.13 | 8320.23 | 8973.96 | 7153.62 | 649.89 | 3249.45 | 10318.59 | 8473.27
358 | 0.05 | 7799.32 | 9666.69 | 7315.99 | 266.65 | 1333.26 | 8635.92 | 7941.66
392 | 0.13 | 8272.91 | 10007.68 | 6971.91 | 653.61 | 3268.04 | 10154.98 | 8444.54
367 | 0.06 | 7910.56 | 10681.82 | 7269.65 | 315.48 | 1577.42 | 8828.14 | 8058.87
391 | 0.07 | 8010.95 | 11019.74 | 7239.57 | 363.45 | 1817.26 | 9031.39 | 8160.91
359 | 0.11 | 8251.15 | 11422.54 | 6994.67 | 554.51 | 2772.56 | 9706.23 | 8403.67
389 | 0.12 | 8288.33 | 11991.86 | 6849.31 | 602.21 | 3011.04 | 9788.08 | 8441.14
382 | 0.11 | 8251.15 | 12624.24 | 6862.49 | 554.51 | 2772.56 | 9574.05 | 8403.67
372 | 0.14 | 8347.80 | 13258.02 | 6491.68 | 697.57 | 3487.85 | 9881.87 | 8501.06
363 | 0.06 | 7909.10 | 13965.84 | 7071.14 | 315.54 | 1577.71 | 8629.92 | 8057.69
360 | 0.10 | 8207.24 | 14292.78 | 6777.96 | 506.80 | 2533.99 | 9261.27 | 8359.38
374 | 0.13 | 8320.19 | 14897.72 | 6383.49 | 649.89 | 3249.47 | 9548.47 | 8473.25
390 | 0.13 | 8260.88 | 15585.86 | 6234.72 | 654.56 | 3272.80 | 9422.43 | 8437.27
370 | 0.15 | 8371.95 | 16248.53 | 5934.67 | 745.24 | 3726.21 | 9549.09 | 8525.38
377 | 0.09 | 8154.69 | 17023.14 | 6622.61 | 459.06 | 2295.29 | 8876.58 | 8306.31
380 | 0.08 | 8090.66 | 17547.36 | 6686.87 | 411.28 | 2056.40 | 8710.37 | 8241.58
368 | 0.11 | 8251.15 | 18029.40 | 6267.92 | 554.51 | 2772.56 | 8979.48 | 8403.67
386 | 0.13 | 8320.25 | 18595.93 | 5902.78 | 649.89 | 3249.45 | 9067.74 | 8473.29
357 | 0.11 | 8251.16 | 19290.80 | 6129.17 | 554.51 | 2772.56 | 8840.73 | 8403.67
387 | 0.06 | 7909.93 | 19885.83 | 6716.78 | 315.51 | 1577.54 | 8275.39 | 8058.36
366 | 0.13 | 8320.20 | 20300.67 | 5681.11 | 649.89 | 3249.47 | 8846.09 | 8473.25
352 | 0.14 | 7568.18 | 21000.86 | 4628.06 | 769.43 | 3847.15 | 8367.49 | 8080.73
371 | 0.10 | 8207.25 | 21824.01 | 6024.84 | 506.80 | 2533.99 | 8508.16 | 8359.38
373 | 0.13 | 8320.19 | 22361.39 | 5413.21 | 649.89 | 3249.47 | 8578.20 | 8473.25
Vehicle 10
Charging tour: 
399  -> 394  -> 431  -> 412  -> 419  -> 396  -> 405  -> 403  -> 404  -> 425  -> 398  -> 401  -> 397  -> 409  -> 393  -> 407  -> 417  -> 408  -> 410  -> 430  -> 413  -> 418  -> 402  -> 411  -> 426  -> 429  -> 416  -> 420  -> 414  -> 415  -> 421  -> 422  -> 423  -> 406  -> 400  -> 427  -> 428  -> 395  -> 424  -> 
Charging time: 
677.2552396458917  + 584.3246138735819  + 240.58700628624086  + 410.2352678214414  + 370.51738602315083  + 303.92772796732436  + 578.8079560120261  + 358.50497174190394  + 536.9376627247759  + 428.09818326636633  + 602.6325515326414  + 625.8213346767538  + 396.8742952842508  + 465.4152984277848  + 470.6467261380834  + 293.09886006325655  + 474.2981548717949  + 504.26624147177785  + 343.3734959432165  + 285.6083133875269  + 282.1984650917576  + 344.5925058043605  + 859.7521116060888  + 316.8310335810057  + 403.2467349773449  + 409.1880297784001  + 299.97132426628974  + 556.7088008784795  + 553.0083601611826  + 484.9344620873903  + 674.3509398321513  + 365.59943096180393  + 315.88569450651386  + 575.2578185263066  + 525.9209499847818  + 260.9937782676352  + 471.28488623867753  + 538.423535569484  + 359.1555481135258  + 
total node:39/39
-------------------
Traveling energy: 2431.5299155264834
Charging energy: 87742.67848696485
Total energy used: 90174.20840249133
-------------------
Total time for travel: 2431.5299155264834
Total time for charging: 17548.53569739297
Charging round duration: 19980.065612919454
-------------------
ID | p | E0 | time_arrive | E_remain | time_charge | energy_charge| E_after_charge | E_after_cycle
399 | 0.16 | 7547.90 | 161.35 | 7522.08 | 677.26 | 3386.28 | 10800.00 | 7123.21
394 | 0.12 | 8066.22 | 981.00 | 7948.50 | 584.32 | 2921.62 | 10800.00 | 8129.61
431 | 0.08 | 9753.05 | 1709.22 | 9616.31 | 240.59 | 1202.94 | 10800.00 | 9050.50
412 | 0.13 | 9069.12 | 2053.56 | 8802.15 | 410.24 | 2051.18 | 10800.00 | 8023.88
419 | 0.15 | 9384.76 | 2545.14 | 9002.99 | 370.52 | 1852.59 | 10800.00 | 7664.56
396 | 0.06 | 9476.64 | 2967.34 | 9298.60 | 303.93 | 1519.64 | 10800.00 | 9567.16
405 | 0.14 | 8447.05 | 3286.14 | 7986.99 | 578.81 | 2894.04 | 10800.00 | 8006.49
403 | 0.08 | 9348.51 | 3904.42 | 9036.16 | 358.50 | 1792.52 | 10800.00 | 9235.55
404 | 0.12 | 8707.30 | 4396.33 | 8179.74 | 536.94 | 2684.69 | 10800.00 | 8533.77
425 | 0.12 | 9306.44 | 4963.00 | 8710.88 | 428.10 | 2140.49 | 10800.00 | 8588.70
398 | 0.11 | 8463.34 | 5547.43 | 7853.13 | 602.63 | 3013.16 | 10800.00 | 8856.47
401 | 0.12 | 8486.47 | 6170.69 | 7745.99 | 625.82 | 3129.11 | 10800.00 | 8757.35
397 | 0.07 | 9270.05 | 6864.89 | 8789.51 | 396.87 | 1984.37 | 10746.10 | 9587.13
409 | 0.10 | 9253.26 | 7337.91 | 8519.47 | 465.42 | 2327.08 | 10800.00 | 9198.48
393 | 0.08 | 8933.72 | 7831.01 | 8307.24 | 470.65 | 2353.23 | 10622.82 | 9381.47
407 | 0.06 | 9850.60 | 8308.47 | 9352.09 | 293.10 | 1465.49 | 10800.00 | 9886.98
417 | 0.12 | 9528.64 | 8693.42 | 8485.43 | 474.30 | 2371.49 | 10800.00 | 9041.90
408 | 0.10 | 9249.22 | 9201.26 | 8329.10 | 504.27 | 2521.33 | 10800.00 | 9388.70
410 | 0.07 | 9787.87 | 9724.36 | 9107.17 | 343.37 | 1716.87 | 10800.00 | 9837.44
430 | 0.08 | 10202.81 | 10100.03 | 9394.81 | 285.61 | 1428.04 | 10800.00 | 9725.37
413 | 0.06 | 10035.82 | 10498.06 | 9405.94 | 282.20 | 1410.99 | 10800.00 | 10017.70
418 | 0.07 | 9860.55 | 10848.45 | 9101.16 | 344.59 | 1722.96 | 10800.00 | 9916.21
402 | 0.14 | 8189.62 | 11200.09 | 6621.60 | 859.75 | 4298.76 | 10800.00 | 9153.78
411 | 0.06 | 9953.15 | 12112.82 | 9226.39 | 316.83 | 1584.16 | 10791.53 | 10108.20
426 | 0.09 | 9945.88 | 12509.16 | 8820.06 | 403.25 | 2016.23 | 10800.00 | 9818.45
429 | 0.09 | 9958.86 | 12977.45 | 8790.89 | 409.19 | 2045.94 | 10800.00 | 9861.13
416 | 0.06 | 10123.18 | 13417.27 | 9318.14 | 299.97 | 1499.86 | 10800.00 | 10193.92
420 | 0.12 | 9733.72 | 13753.82 | 8083.26 | 556.71 | 2783.54 | 10800.00 | 9659.04
414 | 0.10 | 9503.98 | 14363.56 | 8067.62 | 553.01 | 2765.04 | 10777.37 | 9887.17
415 | 0.09 | 9754.31 | 14970.21 | 8406.99 | 484.93 | 2424.67 | 10788.02 | 10035.31
421 | 0.12 | 9352.60 | 15498.73 | 7492.76 | 674.35 | 3371.75 | 10783.59 | 9866.13
422 | 0.07 | 10063.05 | 16216.63 | 8927.89 | 365.60 | 1828.00 | 10730.29 | 10223.75
423 | 0.06 | 9982.94 | 16608.54 | 8986.43 | 315.89 | 1579.43 | 10546.90 | 10133.26
406 | 0.10 | 9136.39 | 16951.51 | 7441.24 | 575.26 | 2876.29 | 10260.00 | 9630.82
400 | 0.09 | 8994.13 | 17586.42 | 7411.35 | 525.92 | 2629.60 | 9993.63 | 9480.07
427 | 0.05 | 10068.78 | 18170.53 | 9160.26 | 260.99 | 1304.97 | 10452.18 | 10182.83
428 | 0.09 | 10036.82 | 18458.82 | 8375.53 | 471.28 | 2356.42 | 10689.54 | 10249.58
395 | 0.09 | 8785.28 | 18947.27 | 7080.03 | 538.42 | 2692.12 | 9723.69 | 9333.73
424 | 0.07 | 10243.60 | 19507.60 | 8878.07 | 359.16 | 1795.78 | 10648.71 | 10372.08
Vehicle 11
Charging tour: 
448  -> 451  -> 434  -> 444  -> 459  -> 464  -> 467  -> 440  -> 441  -> 438  -> 457  -> 433  -> 437  -> 446  -> 436  -> 447  -> 466  -> 450  -> 449  -> 443  -> 462  -> 469  -> 435  -> 461  -> 442  -> 455  -> 432  -> 453  -> 468  -> 456  -> 445  -> 465  -> 452  -> 463  -> 439  -> 454  -> 458  -> 460  -> 
Charging time: 
256.3405520358144  + 300.5004220735133  + 681.8824677815325  + 471.8811038421839  + 176.59117630440744  + 220.71592287598557  + 168.5778754796951  + 225.70312716922314  + 630.5801583864456  + 747.9237889614963  + 511.6257241288727  + 463.89058174683106  + 382.9098576663267  + 279.8791790131316  + 808.5091587410298  + 481.4373953259709  + 360.7665927307848  + 470.7455909251632  + 352.6153282840946  + 502.42329896506857  + 416.0342592892603  + 353.21245054171135  + 778.0657443321014  + 405.85798235081427  + 662.5025464340442  + 305.75202465695406  + 274.57551156670917  + 596.7379973146234  + 727.3012715700104  + 543.6740662536386  + 266.92610493201124  + 419.79654854471727  + 833.5485502599462  + 418.1707017616449  + 919.8466794355338  + 432.21716300452215  + 423.9308803243563  + 371.86625368473455  + 
total node:38/38
-------------------
Traveling energy: 2372.4397815315465
Charging energy: 88227.58019347451
Total energy used: 90600.01997500606
-------------------
Total time for travel: 2372.4397815315465
Total time for charging: 17645.516038694903
Charging round duration: 20017.95582022645
-------------------
ID | p | E0 | time_arrive | E_remain | time_charge | energy_charge| E_after_charge | E_after_cycle
448 | 0.08 | 9554.57 | 197.09 | 9538.80 | 256.34 | 1281.70 | 10800.00 | 8930.79
451 | 0.10 | 9381.79 | 542.44 | 9327.55 | 300.50 | 1502.50 | 10800.00 | 8502.44
434 | 0.14 | 7612.60 | 903.89 | 7486.05 | 681.88 | 3409.41 | 10800.00 | 7687.41
444 | 0.12 | 8705.44 | 1735.14 | 8497.22 | 471.88 | 2359.41 | 10800.00 | 8206.62
459 | 0.06 | 10065.39 | 2295.79 | 9927.64 | 176.59 | 882.96 | 10800.00 | 9519.23
464 | 0.05 | 9832.80 | 2506.90 | 9707.46 | 220.72 | 1103.58 | 10800.00 | 9745.45
467 | 0.07 | 10162.34 | 2763.25 | 9968.91 | 168.58 | 842.89 | 10800.00 | 9337.93
440 | 0.05 | 9830.81 | 2960.86 | 9682.77 | 225.70 | 1128.52 | 10800.00 | 9768.40
441 | 0.14 | 8187.67 | 3230.65 | 7735.38 | 630.58 | 3152.90 | 10800.00 | 8005.97
438 | 0.15 | 7758.24 | 3904.50 | 7172.57 | 747.92 | 3739.62 | 10800.00 | 7925.08
457 | 0.16 | 9090.68 | 4793.45 | 8323.73 | 511.63 | 2558.13 | 10800.00 | 7837.84
433 | 0.08 | 8945.84 | 5352.25 | 8517.66 | 463.89 | 2319.45 | 10800.00 | 9359.81
437 | 0.07 | 9322.22 | 5856.68 | 8912.25 | 382.91 | 1914.55 | 10800.00 | 9569.47
446 | 0.06 | 9795.97 | 6309.52 | 9417.40 | 279.88 | 1399.40 | 10800.00 | 9766.25
436 | 0.14 | 7799.99 | 6638.21 | 6870.65 | 808.51 | 4042.55 | 10800.00 | 8507.94
447 | 0.10 | 9192.73 | 7517.75 | 8440.96 | 481.44 | 2407.19 | 10800.00 | 9218.06
466 | 0.09 | 9755.05 | 8071.31 | 9028.64 | 360.77 | 1803.83 | 10800.00 | 9415.22
450 | 0.10 | 9339.45 | 8461.06 | 8493.35 | 470.75 | 2353.73 | 10800.00 | 9311.32
449 | 0.07 | 9692.78 | 9016.76 | 9061.61 | 352.62 | 1763.08 | 10800.00 | 9788.56
443 | 0.09 | 9178.81 | 9396.78 | 8333.10 | 502.42 | 2512.12 | 10800.00 | 9547.26
462 | 0.08 | 9546.46 | 9916.83 | 8753.11 | 416.03 | 2080.17 | 10800.00 | 9721.14
469 | 0.10 | 10109.83 | 10405.71 | 9069.26 | 353.21 | 1766.06 | 10800.00 | 9494.04
435 | 0.12 | 8154.01 | 10832.09 | 6854.16 | 778.07 | 3890.33 | 10651.12 | 9186.11
461 | 0.09 | 9855.42 | 11646.49 | 8807.24 | 405.86 | 2029.29 | 10800.00 | 9741.04
442 | 0.11 | 8778.32 | 12142.56 | 7442.64 | 662.50 | 3312.51 | 10682.28 | 9470.79
455 | 0.06 | 10058.75 | 12819.38 | 9289.58 | 305.75 | 1528.76 | 10800.00 | 10158.39
432 | 0.05 | 9627.52 | 13170.57 | 8969.00 | 274.58 | 1372.88 | 10328.14 | 9809.47
453 | 0.11 | 9364.45 | 13477.29 | 7881.95 | 596.74 | 2983.69 | 10800.00 | 9728.10
468 | 0.16 | 9532.94 | 14081.74 | 7279.86 | 727.30 | 3636.51 | 10800.00 | 9358.48
456 | 0.10 | 9618.06 | 14820.67 | 8136.00 | 543.67 | 2718.37 | 10800.00 | 9954.58
445 | 0.05 | 9903.42 | 15414.73 | 9132.69 | 266.93 | 1334.63 | 10453.97 | 10047.13
465 | 0.09 | 10155.03 | 15735.93 | 8738.80 | 419.80 | 2098.98 | 10800.00 | 10110.35
452 | 0.14 | 8879.81 | 16217.22 | 6609.40 | 833.55 | 4167.74 | 10660.44 | 9712.95
463 | 0.08 | 10110.41 | 17097.63 | 8742.60 | 418.17 | 2090.85 | 10800.00 | 10295.78
439 | 0.14 | 8046.72 | 17606.89 | 5581.76 | 919.85 | 4599.23 | 10052.21 | 9311.36
454 | 0.08 | 9785.76 | 18591.06 | 8298.47 | 432.22 | 2161.09 | 10424.98 | 10041.36
458 | 0.08 | 9977.03 | 19040.17 | 8453.82 | 423.93 | 2119.65 | 10539.56 | 10191.20
460 | 0.07 | 9952.17 | 19479.33 | 8588.61 | 371.87 | 1859.33 | 10421.92 | 10144.20
Vehicle 12
Charging tour: 
484  -> 496  -> 470  -> 477  -> 481  -> 494  -> 473  -> 471  -> 478  -> 488  -> 483  -> 482  -> 472  -> 498  -> 480  -> 500  -> 475  -> 474  -> 495  -> 499  -> 503  -> 491  -> 487  -> 476  -> 489  -> 492  -> 486  -> 490  -> 502  -> 507  -> 479  -> 504  -> 501  -> 505  -> 485  -> 508  -> 506  -> 497  -> 493  -> 
Charging time: 
168.5740725699045  + 184.27623529519778  + 290.7837993908085  + 522.0146715442279  + 563.3149969942156  + 483.8844017532476  + 451.4722248509743  + 530.0327891258942  + 619.1904939333558  + 477.7389550246232  + 579.7356886879954  + 423.25476223466694  + 346.12452838963196  + 233.10766527147928  + 309.857918632333  + 317.7431615631969  + 347.533977784009  + 544.8190052300434  + 244.58060944267373  + 397.9646466857572  + 247.04692529901632  + 481.32568928555827  + 471.2369416391184  + 483.347331115349  + 423.87054112010276  + 511.8482527240292  + 398.57219634917465  + 498.5620211991302  + 332.8628850214383  + 537.8467738238483  + 777.9386480602503  + 277.0958337803422  + 338.5142477108756  + 598.8935085685831  + 672.8532168639784  + 420.68065625885544  + 486.01519081062196  + 503.3874136125672  + 451.8905741530335  + 
total node:39/39
-------------------
Traveling energy: 2343.465816945771
Charging energy: 84748.96725900052
Total energy used: 87092.43307594629
-------------------
Total time for travel: 2343.465816945771
Total time for charging: 16949.793451800106
Charging round duration: 19293.25926874588
-------------------
ID | p | E0 | time_arrive | E_remain | time_charge | energy_charge| E_after_charge | E_after_cycle
484 | 0.05 | 9970.32 | 95.15 | 9965.56 | 168.57 | 842.87 | 10800.00 | 9622.26
496 | 0.08 | 9918.23 | 310.88 | 9893.36 | 184.28 | 921.38 | 10800.00 | 8934.13
470 | 0.06 | 9394.72 | 519.89 | 9363.53 | 290.78 | 1453.92 | 10800.00 | 9419.53
477 | 0.12 | 8353.22 | 838.75 | 8252.57 | 522.01 | 2610.07 | 10800.00 | 8105.07
481 | 0.14 | 8254.83 | 1375.28 | 8062.29 | 563.31 | 2816.57 | 10800.00 | 7736.81
494 | 0.17 | 8798.34 | 1973.54 | 8462.84 | 483.88 | 2419.42 | 10800.00 | 7168.61
473 | 0.09 | 8811.18 | 2532.35 | 8583.27 | 451.47 | 2257.36 | 10800.00 | 8924.87
471 | 0.10 | 8504.99 | 3021.47 | 8202.84 | 530.03 | 2650.16 | 10800.00 | 8773.29
478 | 0.13 | 8248.34 | 3567.70 | 7784.54 | 619.19 | 3095.95 | 10800.00 | 8247.88
488 | 0.12 | 8984.78 | 4301.25 | 8468.63 | 477.74 | 2388.69 | 10800.00 | 8515.25
483 | 0.13 | 8602.94 | 4817.35 | 7976.69 | 579.74 | 2898.68 | 10800.00 | 8405.21
482 | 0.09 | 9211.29 | 5438.53 | 8721.82 | 423.25 | 2116.27 | 10800.00 | 9183.89
472 | 0.06 | 9443.49 | 5889.04 | 9090.14 | 346.12 | 1730.62 | 10800.00 | 9745.00
498 | 0.07 | 10092.72 | 6313.37 | 9650.78 | 233.11 | 1165.54 | 10800.00 | 9590.95
480 | 0.06 | 9669.18 | 6664.71 | 9269.30 | 309.86 | 1549.29 | 10800.00 | 9789.36
500 | 0.09 | 9880.19 | 7114.53 | 9239.88 | 317.74 | 1588.72 | 10800.00 | 9325.23
475 | 0.06 | 9517.51 | 7582.68 | 9062.55 | 347.53 | 1737.67 | 10779.37 | 9826.07
474 | 0.09 | 8848.61 | 8040.74 | 8124.94 | 544.82 | 2724.10 | 10800.00 | 9429.03
495 | 0.06 | 10110.44 | 8644.40 | 9591.77 | 244.58 | 1222.90 | 10800.00 | 9904.23
499 | 0.09 | 9648.66 | 8918.57 | 8845.99 | 397.96 | 1989.82 | 10800.00 | 9494.82
503 | 0.07 | 10235.84 | 9339.79 | 9582.06 | 247.05 | 1235.23 | 10800.00 | 9803.78
491 | 0.10 | 9401.86 | 9603.55 | 8441.50 | 481.33 | 2406.63 | 10800.00 | 9426.63
487 | 0.09 | 9397.13 | 10121.12 | 8486.23 | 471.24 | 2356.18 | 10800.00 | 9609.64
476 | 0.08 | 9124.31 | 10645.71 | 8272.66 | 483.35 | 2416.74 | 10650.72 | 9635.56
489 | 0.08 | 9609.56 | 11187.55 | 8714.56 | 423.87 | 2119.35 | 10800.00 | 9823.43
492 | 0.10 | 9460.47 | 11685.22 | 8291.94 | 511.85 | 2559.24 | 10800.00 | 9637.85
486 | 0.07 | 9681.90 | 12244.85 | 8824.76 | 398.57 | 1992.86 | 10789.72 | 10007.46
490 | 0.09 | 9497.77 | 12730.09 | 8352.06 | 498.56 | 2492.81 | 10800.00 | 9846.91
502 | 0.06 | 9937.00 | 13335.80 | 9136.85 | 332.86 | 1664.31 | 10781.20 | 10172.20
507 | 0.12 | 9817.67 | 13686.33 | 8175.31 | 537.85 | 2689.23 | 10800.00 | 9648.67
479 | 0.12 | 8503.65 | 14239.73 | 6794.88 | 777.94 | 3889.69 | 10591.22 | 9535.12
504 | 0.05 | 9947.40 | 15069.78 | 9193.91 | 277.10 | 1385.48 | 10565.53 | 10141.95
501 | 0.07 | 10207.16 | 15371.91 | 9131.12 | 338.51 | 1692.57 | 10800.00 | 10232.43
505 | 0.13 | 9931.51 | 15754.77 | 7883.39 | 598.89 | 2994.47 | 10800.00 | 9829.56
485 | 0.11 | 9012.43 | 16376.93 | 7210.97 | 672.85 | 3364.27 | 10501.22 | 9756.65
508 | 0.09 | 10274.81 | 17115.00 | 8734.46 | 420.68 | 2103.40 | 10800.00 | 10234.54
506 | 0.10 | 10174.37 | 17558.47 | 8418.53 | 486.02 | 2430.08 | 10800.00 | 10222.59
497 | 0.09 | 9856.20 | 18146.10 | 8223.05 | 503.39 | 2516.94 | 10694.69 | 10229.47
493 | 0.08 | 9759.47 | 18705.60 | 8263.02 | 451.89 | 2259.45 | 10486.32 | 10113.44
Vehicle 13
Charging tour: 
517  -> 509  -> 510  -> 529  -> 515  -> 511  -> 513  -> 520  -> 521  -> 525  -> 514  -> 535  -> 518  -> 522  -> 532  -> 526  -> 512  -> 539  -> 533  -> 519  -> 523  -> 538  -> 524  -> 537  -> 540  -> 531  -> 534  -> 516  -> 536  -> 530  -> 528  -> 527  -> 
Charging time: 
355.2711960373145  + 389.78416010047954  + 730.9971144337984  + 294.74152469884586  + 402.46019212576755  + 605.1275352454065  + 692.8489545463682  + 401.462454208926  + 443.6560555355654  + 443.02280574311357  + 631.6105702708239  + 233.8477156786756  + 457.2794155980856  + 479.1856319693178  + 229.1144240695772  + 579.1150624564281  + 671.6583635266664  + 323.56785109747005  + 250.257015601812  + 456.4207422780446  + 759.9944237728126  + 247.82256899155692  + 548.0073515153595  + 351.5608257789217  + 330.43654092167395  + 346.9696805459136  + 290.6508813804991  + 333.0361359309645  + 290.7216536747903  + 590.1964326571193  + 513.7410280610405  + 410.84549852256447  + 
total node:32/32
-------------------
Traveling energy: 1798.8495069315093
Charging energy: 70427.0590348785
Total energy used: 72225.90854181001
-------------------
Total time for travel: 1798.8495069315093
Total time for charging: 14085.4118069757
Charging round duration: 15884.26131390721
-------------------
ID | p | E0 | time_arrive | E_remain | time_charge | energy_charge| E_after_charge | E_after_cycle
517 | 0.09 | 9072.90 | 192.06 | 9055.62 | 355.27 | 1776.36 | 10800.00 | 8705.59
509 | 0.08 | 8929.74 | 593.52 | 8882.26 | 389.78 | 1948.92 | 10800.00 | 8973.18
510 | 0.15 | 7407.87 | 1021.37 | 7254.66 | 731.00 | 3654.99 | 10800.00 | 7490.07
529 | 0.10 | 9534.19 | 1784.23 | 9355.77 | 294.74 | 1473.71 | 10800.00 | 8626.04
515 | 0.09 | 9016.74 | 2142.49 | 8823.92 | 402.46 | 2012.30 | 10800.00 | 8885.38
511 | 0.12 | 8154.48 | 2562.49 | 7846.98 | 605.13 | 3025.64 | 10800.00 | 8321.89
513 | 0.14 | 7885.88 | 3236.61 | 7432.75 | 692.85 | 3464.24 | 10800.00 | 8015.53
520 | 0.09 | 9188.62 | 3997.77 | 8828.82 | 401.46 | 2007.31 | 10800.00 | 9052.26
521 | 0.10 | 9071.41 | 4453.29 | 8626.09 | 443.66 | 2218.28 | 10800.00 | 8907.84
525 | 0.11 | 9174.61 | 4918.13 | 8633.62 | 443.02 | 2215.11 | 10800.00 | 8769.69
514 | 0.12 | 8367.73 | 5416.57 | 7717.74 | 631.61 | 3158.05 | 10800.00 | 8667.56
535 | 0.07 | 10072.15 | 6071.72 | 9647.13 | 233.85 | 1169.24 | 10800.00 | 9574.09
518 | 0.09 | 9126.58 | 6353.53 | 8554.76 | 457.28 | 2286.40 | 10800.00 | 9269.30
522 | 0.10 | 9137.47 | 6854.79 | 8451.99 | 479.19 | 2395.93 | 10800.00 | 9151.54
532 | 0.06 | 10114.65 | 7441.26 | 9668.17 | 229.11 | 1145.57 | 10800.00 | 9831.11
526 | 0.13 | 8982.94 | 7717.13 | 7979.71 | 579.12 | 2895.58 | 10800.00 | 8782.10
512 | 0.11 | 8438.41 | 8389.27 | 7515.59 | 671.66 | 3358.29 | 10800.00 | 9176.66
539 | 0.09 | 10030.32 | 9100.40 | 9211.28 | 323.57 | 1617.84 | 10800.00 | 9504.49
533 | 0.06 | 10135.39 | 9527.61 | 9563.73 | 250.26 | 1251.29 | 10800.00 | 9957.56
519 | 0.08 | 9341.19 | 9834.75 | 8554.41 | 456.42 | 2282.10 | 10800.00 | 9717.81
523 | 0.14 | 8557.17 | 10362.42 | 7106.43 | 759.99 | 3799.97 | 10800.00 | 9022.54
538 | 0.06 | 10245.24 | 11158.04 | 9575.76 | 247.82 | 1239.11 | 10800.00 | 10055.24
524 | 0.10 | 9257.63 | 11428.68 | 8114.76 | 548.01 | 2740.04 | 10800.00 | 9615.81
537 | 0.08 | 10031.24 | 12011.51 | 9070.32 | 351.56 | 1757.80 | 10800.00 | 9883.56
540 | 0.08 | 10164.58 | 12379.12 | 9174.25 | 330.44 | 1652.18 | 10800.00 | 9911.28
531 | 0.07 | 9982.06 | 12751.71 | 9089.44 | 346.97 | 1734.85 | 10800.00 | 10049.61
534 | 0.06 | 10152.98 | 13146.58 | 9364.18 | 290.65 | 1453.25 | 10800.00 | 10177.12
516 | 0.05 | 9820.58 | 13519.45 | 9144.61 | 333.04 | 1665.18 | 10793.14 | 10294.84
536 | 0.06 | 10195.84 | 13866.77 | 9363.84 | 290.72 | 1453.61 | 10800.00 | 10220.34
530 | 0.11 | 9473.95 | 14181.94 | 7913.94 | 590.20 | 2950.98 | 10800.00 | 9804.89
528 | 0.09 | 9609.39 | 14798.41 | 8277.53 | 513.74 | 2568.71 | 10800.00 | 10034.42
527 | 0.07 | 9848.26 | 15339.00 | 8774.53 | 410.85 | 2054.23 | 10800.00 | 10235.19
Vehicle 14
Charging tour: 
555  -> 566  -> 552  -> 549  -> 543  -> 553  -> 559  -> 551  -> 569  -> 542  -> 567  -> 545  -> 547  -> 564  -> 579  -> 554  -> 575  -> 541  -> 548  -> 576  -> 544  -> 546  -> 573  -> 560  -> 562  -> 556  -> 572  -> 577  -> 557  -> 574  -> 568  -> 570  -> 578  -> 558  -> 563  -> 550  -> 571  -> 561  -> 580  -> 565  -> 
Charging time: 
482.71778995199924  + 398.1076412871682  + 321.0518241515237  + 300.2714628729825  + 598.7054700183345  + 419.7876453105954  + 220.34135492212658  + 547.8980230799557  + 178.58881642245618  + 381.2240654355208  + 307.89553356437443  + 316.3152117025002  + 371.86052678554614  + 520.4532025105407  + 339.4275718038467  + 406.11068202555606  + 386.0301540483967  + 448.63442628344455  + 873.3491792985884  + 217.39080335195504  + 735.8973892813887  + 507.38417383504407  + 605.4798772867279  + 303.3062034481817  + 368.4927960000344  + 874.7652612347187  + 438.3739951556367  + 605.740353944775  + 305.24285895801626  + 601.4599461873462  + 256.2722631383381  + 773.729398190377  + 680.0995422186456  + 304.6589050391239  + 356.18049057737255  + 254.88233977402308  + 618.2329808526852  + 358.2938488673759  + 928.2626881121519  + 706.0149720059846  + 
total node:40/40
-------------------
Traveling energy: 2334.6406313983985
Charging energy: 93094.65834467679
Total energy used: 95429.2989760752
-------------------
Total time for travel: 2334.6406313983985
Total time for charging: 18618.931668935358
Charging round duration: 20953.572300333755
-------------------
ID | p | E0 | time_arrive | E_remain | time_charge | energy_charge| E_after_charge | E_after_cycle
555 | 0.14 | 8470.01 | 114.39 | 8453.99 | 482.72 | 2413.59 | 10800.00 | 7549.00
566 | 0.16 | 8976.97 | 648.83 | 8873.16 | 398.11 | 1990.54 | 10800.00 | 7156.54
552 | 0.08 | 9305.54 | 1063.97 | 9220.43 | 321.05 | 1605.26 | 10800.00 | 9005.32
549 | 0.07 | 9418.99 | 1418.95 | 9319.66 | 300.27 | 1501.36 | 10800.00 | 9253.05
543 | 0.12 | 8100.76 | 1853.71 | 7878.32 | 598.71 | 2993.53 | 10800.00 | 8236.06
553 | 0.10 | 8994.50 | 2514.57 | 8743.04 | 419.79 | 2098.94 | 10800.00 | 8711.58
559 | 0.06 | 9888.82 | 2955.11 | 9711.51 | 220.34 | 1101.71 | 10800.00 | 9561.41
551 | 0.12 | 8518.59 | 3269.46 | 8126.26 | 547.90 | 2739.49 | 10800.00 | 8399.86
569 | 0.05 | 10108.18 | 3843.86 | 9915.99 | 178.59 | 892.94 | 10800.00 | 9810.19
542 | 0.07 | 9198.10 | 4133.78 | 8908.74 | 381.22 | 1906.12 | 10788.17 | 9436.92
567 | 0.07 | 9603.28 | 4588.59 | 9282.08 | 307.90 | 1539.48 | 10800.00 | 9475.46
545 | 0.06 | 9501.93 | 4911.22 | 9207.25 | 316.32 | 1581.58 | 10769.85 | 9654.39
547 | 0.07 | 9335.51 | 5268.39 | 8966.73 | 371.86 | 1859.30 | 10800.00 | 9527.52
564 | 0.13 | 9003.67 | 5679.05 | 8265.39 | 520.45 | 2602.27 | 10800.00 | 8509.52
579 | 0.09 | 9692.79 | 6215.36 | 9133.41 | 339.43 | 1697.14 | 10800.00 | 9246.26
554 | 0.08 | 9335.42 | 6668.60 | 8801.94 | 406.11 | 2030.55 | 10800.00 | 9460.49
575 | 0.09 | 9550.66 | 7178.59 | 8904.59 | 386.03 | 1930.15 | 10800.00 | 9337.15
541 | 0.08 | 8932.60 | 7613.76 | 8323.50 | 448.63 | 2243.17 | 10530.78 | 9270.29
548 | 0.15 | 7782.28 | 8120.15 | 6564.26 | 873.35 | 4366.75 | 10800.00 | 8576.24
576 | 0.05 | 10175.47 | 9031.10 | 9723.92 | 217.39 | 1086.95 | 10800.00 | 10071.50
544 | 0.12 | 8168.54 | 9329.99 | 7048.94 | 735.90 | 3679.49 | 10640.12 | 8989.80
546 | 0.09 | 8885.59 | 10124.04 | 7974.42 | 507.38 | 2536.92 | 10465.68 | 9278.84
573 | 0.12 | 9131.07 | 10715.11 | 7845.26 | 605.48 | 3027.40 | 10800.00 | 9300.24
560 | 0.06 | 9909.47 | 11382.26 | 9226.53 | 303.31 | 1516.53 | 10724.87 | 9996.89
562 | 0.07 | 9515.89 | 11722.76 | 8695.30 | 368.49 | 1842.46 | 10511.97 | 9691.06
556 | 0.15 | 8376.06 | 12124.49 | 6557.39 | 874.77 | 4373.83 | 10800.00 | 9177.11
572 | 0.10 | 9953.35 | 13013.83 | 8651.97 | 438.37 | 2191.87 | 10800.00 | 9763.36
577 | 0.14 | 9747.78 | 13511.98 | 7856.10 | 605.74 | 3028.70 | 10800.00 | 9441.88
557 | 0.06 | 9846.60 | 14196.38 | 8994.82 | 305.24 | 1526.21 | 10502.72 | 9943.70
574 | 0.11 | 9161.50 | 14597.11 | 7555.82 | 601.46 | 3007.30 | 10496.95 | 9548.76
568 | 0.05 | 9773.47 | 15215.90 | 9012.68 | 256.27 | 1281.36 | 10281.23 | 9863.91
570 | 0.15 | 9371.65 | 15494.94 | 7047.41 | 773.73 | 3868.65 | 10800.00 | 9667.52
578 | 0.13 | 9575.28 | 16324.88 | 7453.04 | 680.10 | 3400.50 | 10765.13 | 9879.36
558 | 0.06 | 9865.47 | 17022.63 | 8844.11 | 304.66 | 1523.29 | 10349.13 | 9959.65
563 | 0.07 | 9844.83 | 17398.59 | 8626.93 | 356.18 | 1780.90 | 10382.90 | 9958.44
550 | 0.05 | 9826.77 | 17782.37 | 8937.65 | 254.88 | 1274.41 | 10199.32 | 9910.25
571 | 0.12 | 9723.21 | 18074.32 | 7554.29 | 618.23 | 3091.16 | 10571.27 | 9956.15
561 | 0.07 | 9786.77 | 18729.49 | 8475.70 | 358.29 | 1791.47 | 10242.09 | 9910.94
580 | 0.17 | 9174.00 | 19131.37 | 5921.66 | 928.26 | 4641.31 | 10405.17 | 9766.15
565 | 0.13 | 9223.80 | 20118.11 | 6608.45 | 706.01 | 3530.07 | 10046.74 | 9657.46
Vehicle 15
Charging tour: 
582  -> 615  -> 596  -> 592  -> 610  -> 587  -> 589  -> 594  -> 591  -> 597  -> 619  -> 588  -> 581  -> 595  -> 593  -> 600  -> 608  -> 598  -> 602  -> 618  -> 583  -> 609  -> 590  -> 601  -> 605  -> 614  -> 616  -> 585  -> 612  -> 617  -> 613  -> 584  -> 586  -> 607  -> 603  -> 604  -> 611  -> 606  -> 599  -> 
Charging time: 
568.2225403445232  + 367.4870667684132  + 328.70668024429983  + 517.6437542039984  + 346.04167658236827  + 525.9362963866192  + 509.13862531540536  + 552.5741818972381  + 417.94204022285163  + 408.29450264700836  + 414.9947282289156  + 529.8422671676127  + 328.62444395650124  + 524.2043628854865  + 376.0273866687389  + 328.6881900297454  + 462.042873073831  + 634.6969603493958  + 469.8518829338021  + 497.4166663821159  + 497.7467035967616  + 566.6791497875103  + 480.2455273413783  + 573.3055186941871  + 469.8507000741479  + 573.2525540220774  + 606.3559140017232  + 428.00391191488615  + 692.6489988589138  + 469.8516113964263  + 755.4992380988025  + 429.57208191949917  + 376.01055868906633  + 563.2274023602497  + 686.3455727060235  + 620.0375975882027  + 660.0164540437876  + 668.636909496345  + 423.0204504467007  + 
total node:39/39
-------------------
Traveling energy: 2569.9601057139853
Charging energy: 98243.41990662781
Total energy used: 100813.38001234179
-------------------
Total time for travel: 2569.9601057139853
Total time for charging: 19648.68398132556
Charging round duration: 22218.644087039545
-------------------
ID | p | E0 | time_arrive | E_remain | time_charge | energy_charge| E_after_charge | E_after_cycle
582 | 0.12 | 8050.62 | 196.23 | 8027.07 | 568.22 | 2841.11 | 10800.00 | 8033.51
615 | 0.07 | 9049.03 | 867.78 | 8988.29 | 367.49 | 1837.44 | 10800.00 | 9219.17
596 | 0.06 | 8872.51 | 1249.76 | 8797.53 | 328.71 | 1643.53 | 10421.34 | 9086.93
592 | 0.13 | 8497.46 | 1679.87 | 8279.07 | 517.64 | 2588.22 | 10800.00 | 7989.26
610 | 0.09 | 9310.76 | 2331.44 | 9100.94 | 346.04 | 1730.21 | 10800.00 | 8897.30
587 | 0.11 | 8534.44 | 2784.24 | 8228.17 | 525.94 | 2629.68 | 10800.00 | 8544.08
589 | 0.11 | 8678.65 | 3348.51 | 8310.31 | 509.14 | 2545.69 | 10800.00 | 8604.30
594 | 0.13 | 8615.01 | 3892.66 | 8108.96 | 552.57 | 2762.87 | 10800.00 | 8281.47
591 | 0.09 | 9154.60 | 4518.89 | 8747.90 | 417.94 | 2089.71 | 10800.00 | 9100.64
597 | 0.08 | 9192.46 | 5015.85 | 8791.19 | 408.29 | 2041.47 | 10800.00 | 9328.45
619 | 0.08 | 9192.45 | 5427.74 | 8758.23 | 414.99 | 2074.97 | 10800.00 | 9361.93
588 | 0.10 | 8802.11 | 5983.41 | 8203.77 | 529.84 | 2649.21 | 10800.00 | 9069.47
581 | 0.06 | 8874.73 | 6657.78 | 8475.27 | 328.62 | 1643.12 | 10098.67 | 9088.74
595 | 0.11 | 9012.52 | 7053.41 | 8236.64 | 524.20 | 2621.02 | 10800.00 | 9013.50
593 | 0.07 | 9048.62 | 7619.92 | 8515.23 | 376.03 | 1880.14 | 10369.04 | 9261.46
600 | 0.06 | 8873.01 | 8029.99 | 8391.21 | 328.69 | 1643.44 | 10014.93 | 9087.34
608 | 0.10 | 9379.44 | 8434.50 | 8535.99 | 462.04 | 2310.21 | 10800.00 | 9307.80
598 | 0.13 | 8872.05 | 8946.32 | 7709.03 | 634.70 | 3173.48 | 10800.00 | 8949.12
602 | 0.09 | 9310.77 | 9597.48 | 8446.99 | 469.85 | 2349.26 | 10753.97 | 9516.36
618 | 0.10 | 9372.67 | 10100.15 | 8362.66 | 497.42 | 2487.08 | 10800.00 | 9477.90
583 | 0.09 | 8788.97 | 10698.43 | 7826.11 | 497.75 | 2488.73 | 10270.05 | 9134.04
609 | 0.14 | 9630.30 | 11316.84 | 8045.94 | 566.68 | 2833.40 | 10800.00 | 9129.09
590 | 0.09 | 9109.26 | 11934.98 | 8035.11 | 480.25 | 2401.23 | 10393.12 | 9366.82
601 | 0.11 | 9326.32 | 12431.70 | 7958.84 | 573.31 | 2866.53 | 10762.30 | 9572.81
605 | 0.09 | 9310.79 | 13027.71 | 8138.30 | 469.85 | 2349.25 | 10445.26 | 9516.37
614 | 0.11 | 9327.19 | 13532.99 | 7838.56 | 573.25 | 2866.26 | 10641.76 | 9573.41
616 | 0.12 | 9540.47 | 14162.43 | 7840.98 | 606.36 | 3031.78 | 10800.00 | 9714.03
585 | 0.08 | 9085.45 | 14809.17 | 7900.71 | 428.00 | 2140.02 | 10006.49 | 9319.98
612 | 0.15 | 9728.05 | 15249.34 | 7440.65 | 692.65 | 3463.24 | 10800.00 | 9618.51
617 | 0.09 | 9310.77 | 15975.72 | 7872.96 | 469.85 | 2349.26 | 10179.93 | 9516.36
613 | 0.15 | 9607.65 | 16478.79 | 7135.83 | 755.50 | 3777.50 | 10800.00 | 9812.36
584 | 0.08 | 9052.28 | 17297.12 | 7668.51 | 429.57 | 2147.86 | 9782.00 | 9294.65
586 | 0.07 | 9049.03 | 17743.25 | 7807.00 | 376.01 | 1880.05 | 9660.73 | 9261.78
607 | 0.11 | 9493.21 | 18148.04 | 7496.92 | 563.23 | 2816.14 | 10251.10 | 9689.30
603 | 0.13 | 9206.71 | 18745.77 | 6769.76 | 686.35 | 3431.73 | 10112.26 | 9542.03
604 | 0.12 | 9407.35 | 19450.97 | 7073.23 | 620.04 | 3100.19 | 10099.01 | 9649.31
611 | 0.13 | 9573.98 | 20176.26 | 6951.07 | 660.02 | 3300.08 | 10165.35 | 9777.65
606 | 0.13 | 9450.55 | 20851.68 | 6739.83 | 668.64 | 3343.18 | 9996.09 | 9697.32
599 | 0.08 | 9192.48 | 21609.72 | 7463.70 | 423.02 | 2115.10 | 9544.96 | 9402.10
Vehicle 16
Charging tour: 
638  -> 626  -> 622  -> 620  -> 624  -> 623  -> 627  -> 633  -> 621  -> 625  -> 629  -> 637  -> 639  -> 641  -> 632  -> 635  -> 642  -> 646  -> 630  -> 634  -> 640  -> 631  -> 628  -> 645  -> 643  -> 644  -> 636  -> 
Charging time: 
257.8159266453907  + 545.8573586027865  + 524.5334601590029  + 559.9262176973328  + 481.0114455279787  + 500.77586733654465  + 513.5592386234542  + 335.32607484017365  + 443.3694019862169  + 736.0973479562099  + 394.40163785024924  + 461.38577828248117  + 484.5542111002264  + 199.00959084116735  + 547.1439178497915  + 670.325414892144  + 379.988014196033  + 237.21831024649907  + 390.49540242906033  + 422.87279010372845  + 233.5923063413914  + 630.5367400085488  + 556.0345019462466  + 276.5697278890197  + 243.21144728364817  + 388.2071214587093  + 340.60399261854826  + 
total node:27/27
-------------------
Traveling energy: 1773.7476836556634
Charging energy: 58772.11622356291
Total energy used: 60545.863907218576
-------------------
Total time for travel: 1773.7476836556634
Total time for charging: 11754.423244712581
Charging round duration: 13528.170928368245
-------------------
ID | p | E0 | time_arrive | E_remain | time_charge | energy_charge| E_after_charge | E_after_cycle
638 | 0.09 | 9548.48 | 159.55 | 9534.12 | 257.82 | 1289.08 | 10800.00 | 8693.89
626 | 0.13 | 8198.47 | 436.86 | 8141.67 | 545.86 | 2729.29 | 10800.00 | 7831.34
622 | 0.11 | 8354.47 | 1085.79 | 8235.03 | 524.53 | 2622.67 | 10800.00 | 8357.09
620 | 0.11 | 8251.55 | 1723.51 | 8061.96 | 559.93 | 2799.63 | 10800.00 | 8431.14
624 | 0.10 | 8673.38 | 2303.41 | 8443.04 | 481.01 | 2405.06 | 10800.00 | 8696.59
623 | 0.10 | 8629.74 | 2835.43 | 8346.20 | 500.78 | 2503.88 | 10800.00 | 8751.76
627 | 0.11 | 8664.10 | 3412.79 | 8288.70 | 513.56 | 2567.80 | 10800.00 | 8611.86
633 | 0.08 | 9473.27 | 4038.40 | 9150.20 | 335.33 | 1676.63 | 10800.00 | 9244.41
621 | 0.08 | 8971.92 | 4416.21 | 8618.62 | 443.37 | 2216.85 | 10800.00 | 9283.28
625 | 0.14 | 7906.78 | 4887.24 | 7222.57 | 736.10 | 3680.49 | 10800.00 | 8252.67
629 | 0.08 | 9311.00 | 5643.22 | 8859.54 | 394.40 | 1972.01 | 10800.00 | 9377.53
637 | 0.11 | 9210.08 | 6056.89 | 8543.82 | 461.39 | 2306.93 | 10800.00 | 8896.97
639 | 0.12 | 9224.47 | 6575.76 | 8435.38 | 484.55 | 2422.77 | 10800.00 | 8789.01
641 | 0.05 | 10170.84 | 7118.79 | 9814.90 | 199.01 | 995.05 | 10800.00 | 9974.96
632 | 0.11 | 8933.91 | 7358.55 | 8124.47 | 547.14 | 2735.72 | 10800.00 | 9049.59
635 | 0.14 | 8654.47 | 7944.65 | 7542.22 | 670.33 | 3351.63 | 10800.00 | 8671.50
642 | 0.09 | 9710.62 | 8626.27 | 8934.26 | 379.99 | 1899.94 | 10800.00 | 9466.89
646 | 0.06 | 10169.63 | 9024.73 | 9628.14 | 237.22 | 1186.09 | 10800.00 | 9926.60
630 | 0.07 | 9528.75 | 9341.37 | 8874.86 | 390.50 | 1952.48 | 10800.00 | 9813.93
634 | 0.08 | 9505.78 | 9828.91 | 8719.47 | 422.87 | 2114.36 | 10800.00 | 9714.66
640 | 0.05 | 10158.54 | 10296.45 | 9643.72 | 233.59 | 1167.96 | 10800.00 | 10135.57
631 | 0.11 | 8879.96 | 10575.33 | 7716.68 | 630.54 | 3152.68 | 10800.00 | 9412.60
628 | 0.09 | 9080.35 | 11227.51 | 8069.87 | 556.03 | 2780.17 | 10800.00 | 9716.85
645 | 0.06 | 10146.00 | 11870.89 | 9433.75 | 276.57 | 1382.85 | 10800.00 | 10099.73
643 | 0.05 | 10210.25 | 12282.97 | 9596.10 | 243.21 | 1216.06 | 10800.00 | 10235.38
644 | 0.08 | 9894.38 | 12554.49 | 8890.02 | 388.21 | 1941.04 | 10800.00 | 9929.93
636 | 0.06 | 9899.14 | 13028.71 | 9117.42 | 340.60 | 1703.02 | 10800.00 | 10173.05
Vehicle 17
Charging tour: 
658  -> 653  -> 662  -> 681  -> 663  -> 659  -> 648  -> 655  -> 654  -> 676  -> 651  -> 647  -> 660  -> 649  -> 684  -> 650  -> 682  -> 683  -> 657  -> 656  -> 664  -> 661  -> 670  -> 665  -> 652  -> 678  -> 667  -> 680  -> 679  -> 668  -> 672  -> 674  -> 671  -> 677  -> 675  -> 673  -> 669  -> 666  -> 
Charging time: 
519.0142387081469  + 357.225028083611  + 357.1189575956714  + 403.9928661174642  + 262.2792316543055  + 404.3623242097021  + 404.79681618253886  + 262.767925314375  + 262.13108284188405  + 446.950010679065  + 524.5229465706805  + 680.2032451064159  + 404.3524553680312  + 404.3207508955527  + 499.73140967845984  + 527.3885136790414  + 588.6767551155642  + 572.3396565150647  + 639.4207517290542  + 404.3612596864118  + 733.5292640579373  + 357.17327731211645  + 661.8132030165754  + 357.21497387529337  + 521.6429994498437  + 742.2105767466414  + 605.070886763175  + 651.3741909543057  + 592.7325773628988  + 831.5028107152979  + 749.4938365807477  + 888.3152939684037  + 261.70787650116773  + 878.6414610379223  + 617.6653454925532  + 702.3263043715874  + 511.2055119747458  + 608.8814817302343  + 
total node:38/38
-------------------
Traveling energy: 2107.539634677119
Charging energy: 100992.29048821246
Total energy used: 103099.83012288957
-------------------
Total time for travel: 2107.539634677119
Total time for charging: 20198.45809764249
Charging round duration: 22305.99773231961
-------------------
ID | p | E0 | time_arrive | E_remain | time_charge | energy_charge| E_after_charge | E_after_cycle
658 | 0.14 | 8293.97 | 117.02 | 8277.59 | 519.01 | 2595.07 | 10800.00 | 7554.45
653 | 0.07 | 8905.55 | 710.34 | 8855.83 | 357.23 | 1786.13 | 10616.95 | 9024.38
662 | 0.07 | 8908.20 | 1095.77 | 8831.49 | 357.12 | 1785.59 | 10592.09 | 9026.49
681 | 0.09 | 8949.36 | 1477.40 | 8816.40 | 403.99 | 2019.96 | 10800.00 | 8825.66
663 | 0.05 | 8663.85 | 1981.79 | 8564.76 | 262.28 | 1311.40 | 9863.04 | 8784.31
659 | 0.08 | 8991.33 | 2265.17 | 8810.12 | 404.36 | 2021.81 | 10799.58 | 9107.66
648 | 0.08 | 8981.68 | 2782.68 | 8759.06 | 404.80 | 2023.98 | 10750.67 | 9100.18
655 | 0.05 | 8647.73 | 3361.23 | 8479.67 | 262.77 | 1313.84 | 9780.37 | 8770.65
654 | 0.05 | 8668.74 | 3672.73 | 8485.11 | 262.13 | 1310.66 | 9782.66 | 8788.47
676 | 0.17 | 9320.41 | 3995.16 | 8641.23 | 446.95 | 2234.75 | 10800.00 | 7506.00
651 | 0.10 | 8664.43 | 4494.67 | 8214.97 | 524.52 | 2622.61 | 10785.13 | 8905.19
647 | 0.12 | 8017.65 | 5065.77 | 7409.76 | 680.20 | 3401.02 | 10729.15 | 8560.44
660 | 0.08 | 8991.55 | 5785.00 | 8528.75 | 404.35 | 2021.76 | 10518.16 | 9107.83
649 | 0.08 | 8992.25 | 6205.96 | 8495.78 | 404.32 | 2021.60 | 10485.04 | 9108.37
684 | 0.13 | 9232.80 | 6665.35 | 8366.31 | 499.73 | 2498.66 | 10800.00 | 8635.05
650 | 0.10 | 8617.36 | 7183.71 | 7898.98 | 527.39 | 2636.94 | 10483.19 | 8872.44
682 | 0.14 | 9020.81 | 7727.01 | 7939.03 | 588.68 | 2943.38 | 10800.00 | 8629.60
683 | 0.11 | 8734.61 | 8382.35 | 7812.55 | 572.34 | 2861.70 | 10611.29 | 8976.27
657 | 0.12 | 8529.02 | 9085.59 | 7438.75 | 639.42 | 3197.10 | 10559.12 | 8867.90
656 | 0.08 | 8991.35 | 9733.81 | 8212.65 | 404.36 | 2021.81 | 10202.11 | 9107.68
664 | 0.14 | 8668.54 | 10239.20 | 7235.05 | 733.53 | 3667.65 | 10800.00 | 9001.58
661 | 0.07 | 8906.84 | 11065.79 | 8132.24 | 357.17 | 1785.87 | 9893.10 | 9025.41
670 | 0.13 | 8927.14 | 11437.66 | 7440.25 | 661.81 | 3309.07 | 10663.28 | 9139.80
665 | 0.07 | 8905.80 | 12136.27 | 8056.26 | 357.21 | 1786.07 | 9817.33 | 9024.58
652 | 0.10 | 8712.27 | 12524.23 | 7459.85 | 521.64 | 2608.21 | 10015.90 | 8938.63
678 | 0.16 | 9300.68 | 13081.14 | 7207.70 | 742.21 | 3711.05 | 10800.00 | 9200.77
667 | 0.12 | 9013.21 | 13840.46 | 7352.36 | 605.07 | 3025.35 | 10305.10 | 9180.34
680 | 0.13 | 9070.21 | 14471.10 | 7188.97 | 651.37 | 3256.87 | 10361.16 | 9230.67
679 | 0.12 | 9200.83 | 15186.08 | 7378.50 | 592.73 | 2963.66 | 10271.04 | 9306.27
668 | 0.16 | 8745.02 | 15791.37 | 6218.40 | 831.50 | 4157.51 | 10242.88 | 9091.57
672 | 0.15 | 9095.53 | 16646.40 | 6598.57 | 749.49 | 3747.47 | 10233.61 | 9270.21
674 | 0.18 | 9208.95 | 17458.23 | 6066.47 | 888.32 | 4441.58 | 10348.15 | 9363.18
671 | 0.05 | 8682.76 | 18352.91 | 7765.12 | 261.71 | 1308.54 | 9060.57 | 8800.37
677 | 0.18 | 9310.34 | 18678.58 | 5948.19 | 878.64 | 4393.21 | 10183.25 | 9416.21
675 | 0.12 | 8829.43 | 19592.22 | 6478.36 | 617.67 | 3088.33 | 9492.57 | 9059.53
673 | 0.14 | 9059.28 | 20254.12 | 6223.70 | 702.33 | 3511.63 | 9637.01 | 9236.32
669 | 0.10 | 8890.15 | 21009.92 | 6789.16 | 511.21 | 2556.03 | 9294.07 | 9064.32
666 | 0.12 | 8956.81 | 21556.24 | 6370.06 | 608.88 | 3044.41 | 9341.40 | 9142.99
Vehicle 18
Charging tour: 
726  -> 686  -> 709  -> 718  -> 703  -> 689  -> 699  -> 715  -> 719  -> 697  -> 710  -> 696  -> 706  -> 725  -> 701  -> 714  -> 702  -> 704  -> 688  -> 691  -> 713  -> 708  -> 721  -> 690  -> 716  -> 717  -> 695  -> 707  -> 694  -> 693  -> 712  -> 723  -> 724  -> 711  -> 720  -> 700  -> 722  -> 705  -> 692  -> 685  -> 698  -> 687  -> 
Charging time: 
404.1856454119882  + 356.479596005732  + 499.31951308880014  + 451.76661354636343  + 404.16251792203116  + 628.6270614891848  + 356.5749665896161  + 594.3650038505702  + 639.2317122925106  + 259.98082817327014  + 594.3648822362121  + 641.8681599141097  + 356.58118630308536  + 594.3649300549099  + 594.3649172783403  + 356.48178296927654  + 499.31714058654796  + 594.3649311646026  + 595.484135669899  + 404.1946220721919  + 689.359636311531  + 546.8491296151623  + 404.20070585342864  + 308.81979761405404  + 736.838481186426  + 356.5861911824864  + 404.17725461475686  + 308.51198184829747  + 823.6562099017589  + 546.8493884585404  + 308.86868424962705  + 736.828779875496  + 260.9890719831085  + 260.9995547226631  + 641.8681573966145  + 644.1980496151018  + 689.3580525302283  + 356.5588457906513  + 847.7516007685749  + 451.7656683015218  + 641.8681565478265  + 308.8987743040435  + 
total node:42/42
-------------------
Traveling energy: 2343.6839789432174
Charging energy: 105509.4115964557
Total energy used: 107853.09557539891
-------------------
Total time for travel: 2343.6839789432174
Total time for charging: 21101.88231929114
Charging round duration: 23445.566298234357
-------------------
ID | p | E0 | time_arrive | E_remain | time_charge | energy_charge| E_after_charge | E_after_cycle
726 | 0.08 | 8025.24 | 56.26 | 8020.74 | 404.19 | 2020.93 | 10009.34 | 8140.69
686 | 0.07 | 7961.82 | 545.01 | 7923.67 | 356.48 | 1782.40 | 9681.12 | 8076.92
709 | 0.10 | 8120.27 | 927.21 | 8027.55 | 499.32 | 2496.60 | 10474.22 | 8235.01
718 | 0.09 | 8077.51 | 1456.66 | 7946.41 | 451.77 | 2258.83 | 10164.58 | 8192.67
703 | 0.08 | 8025.70 | 1927.03 | 7871.54 | 404.16 | 2020.81 | 9860.02 | 8141.03
689 | 0.13 | 8042.76 | 2339.77 | 7738.59 | 628.63 | 3143.14 | 10800.00 | 8089.48
699 | 0.07 | 7959.69 | 3013.96 | 7748.72 | 356.57 | 1782.87 | 9506.63 | 8075.27
715 | 0.12 | 8186.10 | 3410.00 | 7776.90 | 594.37 | 2971.83 | 10677.40 | 8299.70
719 | 0.13 | 8211.96 | 4038.57 | 7686.94 | 639.23 | 3196.16 | 10800.00 | 8311.70
697 | 0.05 | 7797.90 | 4767.94 | 7559.51 | 259.98 | 1299.90 | 8846.41 | 7906.88
710 | 0.12 | 8186.10 | 5111.51 | 7572.72 | 594.36 | 2971.82 | 10473.22 | 8299.70
696 | 0.13 | 8211.96 | 5733.47 | 7466.60 | 641.87 | 3209.34 | 10592.50 | 8324.88
706 | 0.07 | 7959.55 | 6404.26 | 7511.26 | 356.58 | 1782.91 | 9269.20 | 8075.16
725 | 0.12 | 8186.10 | 6799.17 | 7370.20 | 594.36 | 2971.82 | 10270.70 | 8299.70
701 | 0.12 | 8186.10 | 7433.48 | 7294.08 | 594.36 | 2971.82 | 10194.59 | 8299.70
714 | 0.07 | 7961.77 | 8091.18 | 7395.39 | 356.48 | 1782.41 | 9152.85 | 8076.88
702 | 0.10 | 8120.31 | 8484.88 | 7271.82 | 499.32 | 2496.59 | 9718.48 | 8235.04
704 | 0.12 | 8186.10 | 9001.66 | 7105.90 | 594.36 | 2971.82 | 10006.40 | 8299.70
688 | 0.12 | 8170.72 | 9681.81 | 7008.90 | 595.48 | 2977.42 | 9914.86 | 8289.91
691 | 0.08 | 8025.06 | 10304.82 | 7200.68 | 404.19 | 2020.97 | 9189.32 | 8140.55
713 | 0.14 | 8234.39 | 10795.74 | 6722.98 | 689.36 | 3446.80 | 10073.27 | 8346.59
708 | 0.11 | 8155.94 | 11648.41 | 6874.62 | 546.85 | 2734.25 | 9548.71 | 8270.15
721 | 0.08 | 8024.94 | 12264.09 | 7043.82 | 404.20 | 2021.00 | 9032.48 | 8140.46
690 | 0.06 | 7877.62 | 12748.58 | 7112.71 | 308.82 | 1544.10 | 8638.28 | 7992.61
716 | 0.15 | 8254.07 | 13099.67 | 6289.12 | 736.84 | 3684.19 | 9862.78 | 8365.48
717 | 0.07 | 7959.44 | 13861.28 | 6989.15 | 356.59 | 1782.93 | 8747.12 | 8075.07
695 | 0.08 | 8025.41 | 14250.88 | 6885.34 | 404.18 | 2020.89 | 8873.89 | 8140.81
707 | 0.06 | 7885.48 | 14723.52 | 7002.07 | 308.51 | 1542.56 | 8526.12 | 7998.93
694 | 0.16 | 7876.32 | 15158.85 | 5450.90 | 823.66 | 4118.28 | 9437.40 | 8183.63
693 | 0.11 | 8155.94 | 16036.62 | 6391.91 | 546.85 | 2734.25 | 9066.01 | 8270.15
712 | 0.06 | 7876.38 | 16625.88 | 6878.82 | 308.87 | 1544.34 | 8404.64 | 7991.61
723 | 0.15 | 8254.18 | 16946.87 | 5712.15 | 736.83 | 3684.14 | 9285.77 | 8365.54
724 | 0.05 | 7767.78 | 17696.52 | 6882.95 | 260.99 | 1304.95 | 8174.85 | 7881.80
711 | 0.05 | 7767.47 | 17986.68 | 6868.13 | 261.00 | 1305.00 | 8160.08 | 7881.54
720 | 0.13 | 8211.96 | 18263.79 | 5837.66 | 641.87 | 3209.34 | 8963.56 | 8324.88
700 | 0.13 | 8182.26 | 18952.53 | 5718.43 | 644.20 | 3220.99 | 8855.67 | 8306.83
722 | 0.14 | 8234.41 | 19634.55 | 5485.57 | 689.36 | 3446.79 | 8835.85 | 8346.60
705 | 0.07 | 7960.05 | 20363.14 | 6534.63 | 356.56 | 1782.79 | 8292.47 | 8075.55
692 | 0.16 | 7652.45 | 20772.06 | 4328.92 | 847.75 | 4238.76 | 8432.04 | 8080.24
685 | 0.09 | 8077.53 | 21730.92 | 6121.74 | 451.77 | 2258.83 | 8339.91 | 8192.68
698 | 0.13 | 8211.96 | 22311.12 | 5311.51 | 641.87 | 3209.34 | 8437.41 | 8324.88
687 | 0.06 | 7875.61 | 23015.40 | 6494.69 | 308.90 | 1544.49 | 8020.65 | 7990.99
Vehicle 19
Charging tour: 
741  -> 746  -> 744  -> 758  -> 731  -> 738  -> 730  -> 753  -> 735  -> 760  -> 759  -> 736  -> 737  -> 742  -> 727  -> 732  -> 728  -> 740  -> 739  -> 762  -> 752  -> 757  -> 755  -> 750  -> 729  -> 747  -> 749  -> 754  -> 765  -> 764  -> 745  -> 743  -> 748  -> 763  -> 734  -> 756  -> 761  -> 751  -> 733  -> 
Charging time: 
544.9881653880195  + 249.86864905562416  + 237.49221845008637  + 253.64366779696826  + 283.35395321232846  + 252.6258514890633  + 394.61582653155057  + 267.97896861535963  + 517.7278704245865  + 302.70596472988586  + 402.9845119243461  + 436.1251471551363  + 726.2061615272926  + 575.0287168687621  + 364.4393312913062  + 549.2226850527566  + 877.5297117143793  + 299.52163022428164  + 528.0636986944725  + 482.7412299221048  + 611.5976815361049  + 534.1716065930145  + 392.8015204855683  + 661.6672725922672  + 869.6982871664546  + 809.151386081354  + 553.6115810631871  + 665.0407390414764  + 600.3861534994937  + 396.33671965028014  + 647.1075073700147  + 575.0198304573368  + 350.0343547305767  + 573.9434053342696  + 298.91788809013457  + 478.87191150369887  + 347.9435098870735  + 662.4237660776946  + 765.099594097402  + 
total node:39/39
-------------------
Traveling energy: 2640.8986981837998
Charging energy: 96703.44337662857
Total energy used: 99344.34207481236
-------------------
Total time for travel: 2640.8986981837998
Total time for charging: 19340.688675325713
Charging round duration: 21981.587373509512
-------------------
ID | p | E0 | time_arrive | E_remain | time_charge | energy_charge| E_after_charge | E_after_cycle
741 | 0.16 | 8185.57 | 145.71 | 8162.26 | 544.99 | 2724.94 | 10800.00 | 7099.54
746 | 0.05 | 9545.74 | 790.23 | 9506.22 | 249.87 | 1249.34 | 10743.07 | 9604.15
744 | 0.06 | 9697.89 | 1185.05 | 9626.79 | 237.49 | 1187.46 | 10800.00 | 9456.24
758 | 0.10 | 9705.02 | 1478.75 | 9557.15 | 253.64 | 1268.22 | 10800.00 | 8591.38
731 | 0.06 | 9507.81 | 1792.90 | 9400.23 | 283.35 | 1416.77 | 10800.00 | 9495.46
738 | 0.06 | 9678.85 | 2113.61 | 9552.03 | 252.63 | 1263.13 | 10800.00 | 9512.86
730 | 0.08 | 9050.94 | 2405.64 | 8858.49 | 394.62 | 1973.08 | 10800.00 | 9118.54
753 | 0.06 | 9648.91 | 2878.76 | 9476.18 | 267.98 | 1339.89 | 10800.00 | 9559.69
735 | 0.11 | 8625.52 | 3247.39 | 8268.31 | 517.73 | 2588.64 | 10800.00 | 8594.12
760 | 0.07 | 9574.11 | 3806.41 | 9307.66 | 302.71 | 1513.53 | 10800.00 | 9420.34
759 | 0.10 | 9238.14 | 4127.63 | 8825.38 | 402.98 | 2014.92 | 10800.00 | 8871.21
736 | 0.09 | 9070.58 | 4577.32 | 8658.63 | 436.13 | 2180.63 | 10800.00 | 9107.54
737 | 0.15 | 8033.62 | 5038.12 | 7277.90 | 726.21 | 3631.03 | 10800.00 | 8091.86
742 | 0.13 | 8757.69 | 5831.42 | 7999.61 | 575.03 | 2875.14 | 10800.00 | 8536.43
727 | 0.07 | 9162.71 | 6421.50 | 8713.21 | 364.44 | 1822.20 | 10509.89 | 9317.61
732 | 0.10 | 8685.66 | 6876.66 | 7997.99 | 549.22 | 2746.11 | 10689.18 | 9049.92
728 | 0.14 | 7591.77 | 7546.92 | 6535.21 | 877.53 | 4387.65 | 10800.00 | 8644.82
740 | 0.06 | 9555.96 | 8439.96 | 9049.56 | 299.52 | 1497.61 | 10529.20 | 9624.45
739 | 0.10 | 9033.68 | 8803.73 | 8153.31 | 528.06 | 2640.32 | 10740.82 | 9292.15
762 | 0.11 | 9470.08 | 9369.89 | 8439.40 | 482.74 | 2413.71 | 10800.00 | 9263.75
752 | 0.13 | 9103.40 | 9860.63 | 7821.52 | 611.60 | 3057.99 | 10800.00 | 9064.98
757 | 0.13 | 9570.49 | 10553.08 | 8198.58 | 534.17 | 2670.86 | 10800.00 | 9144.93
755 | 0.08 | 9715.56 | 11202.66 | 8819.35 | 392.80 | 1964.01 | 10751.93 | 9774.09
750 | 0.14 | 9213.68 | 11638.46 | 7584.30 | 661.67 | 3308.34 | 10800.00 | 9187.42
729 | 0.14 | 7679.10 | 12337.22 | 5951.89 | 869.70 | 4348.49 | 10178.63 | 8693.00
747 | 0.15 | 8843.27 | 13266.76 | 6853.25 | 809.15 | 4045.76 | 10777.64 | 9316.24
749 | 0.11 | 9478.48 | 14143.50 | 7922.69 | 553.61 | 2768.06 | 10629.86 | 9626.50
754 | 0.13 | 9324.95 | 14800.31 | 7400.91 | 665.04 | 3325.20 | 10639.65 | 9553.74
765 | 0.13 | 9890.09 | 15492.09 | 7876.12 | 600.39 | 3001.93 | 10800.00 | 9795.61
764 | 0.08 | 9628.90 | 16199.56 | 8332.94 | 396.34 | 1981.68 | 10282.92 | 9705.10
745 | 0.12 | 8846.18 | 16637.01 | 6849.74 | 647.11 | 3235.54 | 10007.63 | 9223.50
743 | 0.11 | 9125.59 | 17322.46 | 7220.12 | 575.02 | 2875.10 | 10031.97 | 9380.65
748 | 0.07 | 9539.78 | 17977.46 | 8281.36 | 350.03 | 1750.17 | 10007.03 | 9622.66
763 | 0.12 | 9973.86 | 18389.97 | 7767.07 | 573.94 | 2869.72 | 10567.91 | 9985.35
734 | 0.06 | 9575.26 | 19050.34 | 8432.24 | 298.92 | 1494.59 | 9908.89 | 9640.73
756 | 0.10 | 9961.66 | 19372.76 | 8024.39 | 478.87 | 2394.36 | 10370.86 | 9974.17
761 | 0.07 | 9597.11 | 19900.57 | 8204.07 | 347.94 | 1739.72 | 9919.43 | 9669.53
751 | 0.13 | 9361.78 | 20362.80 | 6714.62 | 662.42 | 3312.12 | 9940.62 | 9577.49
733 | 0.13 | 8105.44 | 21079.32 | 5365.13 | 765.10 | 3825.50 | 9091.16 | 8834.52
Network survivability: 100.0%
networkSurvivabilityOverThousand: 76.5%
Average dead duration: 118703.40304914222
Traveling energy: 46149.87068032767
total calculate time: 45.58585715293884
