total sensor 765
condition 16.756796073412904
gen: 1
2000
gen: 2
2000
gen: 3
2000
gen: 4
2000
gen: 5
2000
gen: 6
2000
gen: 7
2000
gen: 8
2000
gen: 9
2000
gen: 10
2000
gen: 11
2000
gen: 12
2000
gen: 13
2000
gen: 14
2000
gen: 15
2000
gen: 16
2000
gen: 17
2000
gen: 18
2000
gen: 19
2000
gen: 20
2000
gen: 21
2000
gen: 22
2000
gen: 23
2000
gen: 24
2000
gen: 25
2000
gen: 26
2000
gen: 27
2000
gen: 28
2000
gen: 29
2000
gen: 30
2000
gen: 31
2000
gen: 32
2000
gen: 33
2000
gen: 34
2000
gen: 35
2000
gen: 36
2000
gen: 37
2000
gen: 38
2000
gen: 39
2000
gen: 40
2000
gen: 41
2000
gen: 42
2000
gen: 43
2000
gen: 44
2000
gen: 45
2000
gen: 46
2000
gen: 47
2000
gen: 48
2000
gen: 49
2000
gen: 50
2000
Number of charging vehicles: 20
Survey time: 23818.557198323313
Network clustering infor: 
Cluster 0:
[1, 2, 3, 4, 5, 6, 7, 8, 9, 10, 11, 12, 13, 14, 15, 16, 17, 18, 19, 20, 21, 22, 23, 24, 25, 26, 27, 28, 29, 30, 31, 32, 33, 34, 35, 36, 37, 38, 39, 40, 41, 42]
Cluster 1:
[43, 44, 45, 46, 47, 48, 49, 50, 51, 52, 53, 54, 55, 56, 57, 58, 59, 60, 61, 62, 63, 64, 65, 66, 67, 68, 69, 70, 71, 72, 73, 74, 75, 76, 77, 78, 79, 80, 81, 82, 83]
Cluster 2:
[84, 85, 86, 87, 88, 89, 90, 91, 92, 93, 94, 95, 96, 97, 98, 99, 100, 101, 102, 103, 104, 105, 106, 107, 108, 109, 110, 111, 112, 113, 114, 115, 116, 117, 118, 119, 120, 121]
Cluster 3:
[122, 123, 124, 125, 126, 127, 128, 129, 130, 131, 132, 133, 134, 135, 136, 137, 138, 139, 140, 141, 142, 143, 144, 145, 146, 147, 148, 149, 150, 151, 152, 153, 154, 155, 156, 157]
Cluster 4:
[158, 159, 160, 161, 162, 163, 164, 165, 166, 167, 168, 169, 170, 171, 172, 173, 174, 175, 176, 177, 178, 179, 180, 181, 182, 183, 184, 185, 186, 187, 188, 189]
Cluster 5:
[190, 191, 192, 193, 194, 195, 196, 197, 198, 199, 200, 201, 202, 203, 204, 205, 206, 207, 208, 209, 210, 211, 212, 213, 214, 215, 216, 217, 218, 219, 220, 221, 222, 223, 224, 225, 226, 227, 228, 229, 230, 231]
Cluster 6:
[232, 233, 234, 235, 236, 237, 238, 239, 240, 241, 242, 243, 244, 245, 246, 247, 248, 249, 250, 251, 252, 253, 254, 255, 256, 257, 258, 259, 260, 261, 262, 263, 264, 265, 266, 267, 268, 269, 270, 271, 272]
Cluster 7:
[273, 274, 275, 276, 277, 278, 279, 280, 281, 282, 283, 284, 285, 286, 287, 288, 289, 290, 291, 292, 293, 294, 295, 296, 297, 298, 299, 300, 301, 302, 303, 304, 305, 306, 307, 308, 309, 310, 311, 312]
Cluster 8:
[313, 314, 315, 316, 317, 318, 319, 320, 321, 322, 323, 324, 325, 326, 327, 328, 329, 330, 331, 332, 333, 334, 335, 336, 337, 338, 339, 340, 341, 342, 343, 344, 345, 346, 347, 348, 349, 350, 351]
Cluster 9:
[352, 353, 354, 355, 356, 357, 358, 359, 360, 361, 362, 363, 364, 365, 366, 367, 368, 369, 370, 371, 372, 373, 374, 375, 376, 377, 378, 379, 380, 381, 382, 383, 384, 385, 386, 387, 388, 389, 390, 391, 392]
Cluster 10:
[393, 394, 395, 396, 397, 398, 399, 400, 401, 402, 403, 404, 405, 406, 407, 408, 409, 410, 411, 412, 413, 414, 415, 416, 417, 418, 419, 420, 421, 422, 423, 424, 425, 426, 427, 428, 429, 430, 431]
Cluster 11:
[432, 433, 434, 435, 436, 437, 438, 439, 440, 441, 442, 443, 444, 445, 446, 447, 448, 449, 450, 451, 452, 453, 454, 455, 456, 457, 458, 459, 460, 461, 462, 463, 464, 465, 466, 467, 468, 469]
Cluster 12:
[470, 471, 472, 473, 474, 475, 476, 477, 478, 479, 480, 481, 482, 483, 484, 485, 486, 487, 488, 489, 490, 491, 492, 493, 494, 495, 496, 497, 498, 499, 500, 501, 502, 503, 504, 505, 506, 507, 508]
Cluster 13:
[509, 510, 511, 512, 513, 514, 515, 516, 517, 518, 519, 520, 521, 522, 523, 524, 525, 526, 527, 528, 529, 530, 531, 532, 533, 534, 535, 536, 537, 538, 539, 540]
Cluster 14:
[541, 542, 543, 544, 545, 546, 547, 548, 549, 550, 551, 552, 553, 554, 555, 556, 557, 558, 559, 560, 561, 562, 563, 564, 565, 566, 567, 568, 569, 570, 571, 572, 573, 574, 575, 576, 577, 578, 579, 580]
Cluster 15:
[581, 582, 583, 584, 585, 586, 587, 588, 589, 590, 591, 592, 593, 594, 595, 596, 597, 598, 599, 600, 601, 602, 603, 604, 605, 606, 607, 608, 609, 610, 611, 612, 613, 614, 615, 616, 617, 618, 619]
Cluster 16:
[620, 621, 622, 623, 624, 625, 626, 627, 628, 629, 630, 631, 632, 633, 634, 635, 636, 637, 638, 639, 640, 641, 642, 643, 644, 645, 646]
Cluster 17:
[647, 648, 649, 650, 651, 652, 653, 654, 655, 656, 657, 658, 659, 660, 661, 662, 663, 664, 665, 666, 667, 668, 669, 670, 671, 672, 673, 674, 675, 676, 677, 678, 679, 680, 681, 682, 683, 684]
Cluster 18:
[685, 686, 687, 688, 689, 690, 691, 692, 693, 694, 695, 696, 697, 698, 699, 700, 701, 702, 703, 704, 705, 706, 707, 708, 709, 710, 711, 712, 713, 714, 715, 716, 717, 718, 719, 720, 721, 722, 723, 724, 725, 726]
Cluster 19:
[727, 728, 729, 730, 731, 732, 733, 734, 735, 736, 737, 738, 739, 740, 741, 742, 743, 744, 745, 746, 747, 748, 749, 750, 751, 752, 753, 754, 755, 756, 757, 758, 759, 760, 761, 762, 763, 764, 765]
Vehicle 0
Charging tour: 
1  -> 5  -> 14  -> 15  -> 12  -> 30  -> 2  -> 4  -> 18  -> 8  -> 41  -> 13  -> 6  -> 22  -> 33  -> 26  -> 34  -> 10  -> 36  -> 3  -> 9  -> 42  -> 17  -> 40  -> 38  -> 31  -> 32  -> 29  -> 27  -> 23  -> 16  -> 19  -> 20  -> 25  -> 24  -> 21  -> 7  -> 39  -> 11  -> 28  -> 37  -> 35  -> 
Charging time: 
582.9065472195138  + 678.3048964579374  + 392.0628400435686  + 678.3131918780583  + 725.861915587346  + 582.9065493258623  + 296.5374605442815  + 344.3206768726973  + 487.48990870643496  + 344.340795726122  + 296.41807842256543  + 487.48964449226133  + 487.4899352791776  + 535.1993179617087  + 678.3131797247157  + 392.06041935812914  + 439.77630173002444  + 582.9064765522185  + 487.48991736015483  + 392.0611942582988  + 296.60276927358876  + 392.060834841403  + 296.59793890315603  + 582.9065487298368  + 535.199307686892  + 487.4896963928175  + 344.2936226705296  + 674.0290023363945  + 344.3252858411024  + 678.3131951033845  + 630.6112506347738  + 392.0606356657207  + 678.3131950751184  + 248.35613122423916  + 535.1993490350982  + 487.489576350846  + 678.3130379439397  + 630.6112510302708  + 678.1633963534364  + 630.6050468813702  + 487.48976267563495  + 535.1995694070663  + 
total node:42/42
-------------------
Traveling energy: 2317.6017422115156
Charging energy: 105682.39825778846
Total energy used: 107999.99999999997
-------------------
Total time for travel: 2317.6017422115156
Total time for charging: 21136.479651557693
Charging round duration: 23454.081393769207
-------------------
ID | p | E0 | time_arrive | E_remain | time_charge | energy_charge| E_after_charge | E_after_cycle
1 | 0.12 | 6560.64 | 169.34 | 6540.32 | 582.91 | 2914.53 | 9384.90 | 6616.95
5 | 0.14 | 6577.59 | 762.20 | 6470.89 | 678.30 | 3391.52 | 9767.45 | 6634.52
14 | 0.08 | 6502.77 | 1478.29 | 6384.51 | 392.06 | 1960.31 | 8313.45 | 6557.60
15 | 0.14 | 6577.51 | 1909.04 | 6310.25 | 678.31 | 3391.57 | 9606.85 | 6634.48
12 | 0.15 | 6585.69 | 2617.87 | 6193.01 | 725.86 | 3629.31 | 9713.44 | 6642.22
30 | 0.12 | 6560.64 | 3360.85 | 6157.34 | 582.91 | 2914.53 | 9001.92 | 6616.95
2 | 0.06 | 6448.16 | 3965.26 | 6210.24 | 296.54 | 1482.69 | 7675.14 | 6501.73
4 | 0.07 | 6478.86 | 4313.21 | 6176.94 | 344.32 | 1721.60 | 7874.44 | 6533.17
18 | 0.10 | 6537.30 | 4721.55 | 6065.14 | 487.49 | 2437.45 | 8453.84 | 6592.89
8 | 0.07 | 6478.49 | 5241.81 | 6111.56 | 344.34 | 1721.70 | 7809.16 | 6532.89
41 | 0.06 | 6450.76 | 5614.74 | 6113.87 | 296.42 | 1482.09 | 7578.18 | 6503.73
13 | 0.10 | 6537.30 | 5930.34 | 5944.27 | 487.49 | 2437.45 | 8332.97 | 6592.90
6 | 0.10 | 6537.30 | 6450.73 | 5892.23 | 487.49 | 2437.45 | 8280.93 | 6592.89
22 | 0.11 | 6550.00 | 6969.23 | 5783.38 | 535.20 | 2676.00 | 8400.51 | 6605.95
33 | 0.14 | 6577.51 | 7537.45 | 5522.27 | 678.31 | 3391.57 | 8818.87 | 6634.48
26 | 0.08 | 6502.81 | 8301.68 | 5838.67 | 392.06 | 1960.30 | 7767.61 | 6557.63
34 | 0.09 | 6521.91 | 8724.33 | 5736.72 | 439.78 | 2198.88 | 7896.02 | 6577.12
10 | 0.12 | 6560.64 | 9216.33 | 5454.68 | 582.91 | 2914.53 | 8299.27 | 6616.95
36 | 0.10 | 6537.30 | 9904.18 | 5546.88 | 487.49 | 2437.45 | 7935.58 | 6592.89
3 | 0.08 | 6502.80 | 10450.91 | 5666.72 | 392.06 | 1960.31 | 7595.66 | 6557.62
9 | 0.06 | 6446.74 | 10882.74 | 5793.77 | 296.60 | 1483.01 | 7258.99 | 6500.64
42 | 0.08 | 6502.80 | 11230.66 | 5604.35 | 392.06 | 1960.30 | 7533.29 | 6557.62
17 | 0.06 | 6446.84 | 11640.73 | 5748.40 | 296.60 | 1482.99 | 7213.59 | 6500.72
40 | 0.12 | 6560.64 | 11982.56 | 5122.73 | 582.91 | 2914.53 | 7967.32 | 6616.95
38 | 0.11 | 6550.00 | 12705.89 | 5152.35 | 535.20 | 2676.00 | 7769.47 | 6605.95
31 | 0.10 | 6537.30 | 13369.45 | 5200.36 | 487.49 | 2437.45 | 7589.06 | 6592.89
32 | 0.07 | 6479.37 | 13903.34 | 5506.14 | 344.29 | 1721.47 | 7203.51 | 6533.54
29 | 0.14 | 6619.32 | 14360.82 | 4608.81 | 674.03 | 3370.15 | 7884.59 | 6654.87
27 | 0.07 | 6478.78 | 15192.58 | 5415.30 | 344.33 | 1721.63 | 7112.82 | 6533.11
23 | 0.14 | 6577.51 | 15582.28 | 4395.99 | 678.31 | 3391.57 | 7692.60 | 6634.48
16 | 0.13 | 6569.70 | 16272.54 | 4454.27 | 630.61 | 3153.06 | 7525.35 | 6626.35
19 | 0.08 | 6502.81 | 16970.88 | 5145.13 | 392.06 | 1960.30 | 7074.07 | 6557.62
20 | 0.14 | 6577.51 | 17399.21 | 4141.62 | 678.31 | 3391.57 | 7438.23 | 6634.48
25 | 0.05 | 6415.92 | 18140.82 | 5508.88 | 248.36 | 1241.78 | 6738.24 | 6466.78
24 | 0.11 | 6550.00 | 18398.42 | 4526.17 | 535.20 | 2676.00 | 7143.30 | 6605.95
21 | 0.10 | 6537.30 | 19012.47 | 4636.06 | 487.49 | 2437.45 | 7024.76 | 6592.90
7 | 0.14 | 6577.52 | 19530.18 | 3843.29 | 678.31 | 3391.57 | 7139.89 | 6634.48
39 | 0.13 | 6569.70 | 20328.70 | 3926.97 | 630.61 | 3153.06 | 6998.05 | 6626.35
11 | 0.14 | 6578.97 | 20970.89 | 3643.04 | 678.16 | 3390.82 | 6938.92 | 6635.19
28 | 0.13 | 6569.77 | 21668.58 | 3752.85 | 630.61 | 3153.03 | 6823.90 | 6626.38
37 | 0.10 | 6537.30 | 22326.71 | 4304.63 | 487.49 | 2437.45 | 6693.33 | 6592.89
35 | 0.11 | 6549.99 | 22834.05 | 4038.25 | 535.20 | 2676.00 | 6655.37 | 6605.95
Vehicle 1
Charging tour: 
60  -> 53  -> 46  -> 43  -> 78  -> 68  -> 52  -> 81  -> 83  -> 76  -> 66  -> 79  -> 64  -> 57  -> 74  -> 63  -> 49  -> 58  -> 45  -> 69  -> 44  -> 70  -> 54  -> 75  -> 48  -> 67  -> 72  -> 51  -> 77  -> 61  -> 71  -> 47  -> 50  -> 65  -> 55  -> 56  -> 73  -> 62  -> 80  -> 82  -> 59  -> 
Charging time: 
405.0002557012643  + 500.3044269817002  + 605.9640023841987  + 662.1311610948211  + 547.9216638662829  + 309.3426453828655  + 309.5580292625406  + 633.6470026041479  + 656.7745796124123  + 405.0037726124125  + 547.9219272574169  + 595.5264957514139  + 357.3177987365904  + 261.7042304029772  + 357.3291498227159  + 708.4755449289858  + 547.921928065996  + 643.1247765836189  + 261.6882665387065  + 690.7150860006919  + 547.9217689182411  + 405.01206407928413  + 357.3308699372845  + 500.3050192303825  + 452.67326425839616  + 643.1247568099776  + 357.27612940487444  + 699.7816045092534  + 547.9218300465141  + 595.5275572211472  + 547.9218276356148  + 357.32676381880174  + 500.304510149411  + 357.3012845171789  + 595.5267186955496  + 787.2953610116099  + 547.921882726628  + 405.0128576710956  + 643.1247799936292  + 643.1247777967251  + 500.3047637052041  + 
total node:41/41
-------------------
Traveling energy: 2438.7257889050265
Charging energy: 104997.0656786428
Total energy used: 107435.79146754782
-------------------
Total time for travel: 2438.7257889050265
Total time for charging: 20999.41313572856
Charging round duration: 23438.138924633586
-------------------
ID | p | E0 | time_arrive | E_remain | time_charge | energy_charge| E_after_charge | E_after_cycle
60 | 0.08 | 8023.19 | 112.23 | 8014.21 | 405.00 | 2025.00 | 10006.81 | 8142.71
53 | 0.10 | 8118.54 | 556.35 | 8062.91 | 500.30 | 2501.52 | 10514.40 | 8238.21
46 | 0.13 | 7992.21 | 1101.93 | 7848.96 | 605.96 | 3029.82 | 10800.00 | 7925.61
43 | 0.13 | 7801.31 | 1737.63 | 7575.42 | 662.13 | 3310.66 | 10800.00 | 8015.56
78 | 0.11 | 8154.30 | 2441.52 | 7885.73 | 547.92 | 2739.61 | 10565.07 | 8273.87
68 | 0.06 | 7878.14 | 3017.10 | 7697.12 | 309.34 | 1546.71 | 9225.27 | 7995.74
52 | 0.06 | 7872.66 | 3369.49 | 7670.49 | 309.56 | 1547.79 | 9199.71 | 7991.34
81 | 0.13 | 8210.36 | 3817.06 | 7714.14 | 633.65 | 3168.24 | 10800.00 | 8282.18
83 | 0.14 | 8232.68 | 4461.48 | 7608.08 | 656.77 | 3283.87 | 10800.00 | 8181.96
76 | 0.08 | 8023.12 | 5130.01 | 7612.72 | 405.00 | 2025.02 | 9605.34 | 8142.66
66 | 0.11 | 8154.30 | 5683.34 | 7529.13 | 547.92 | 2739.61 | 10208.47 | 8273.86
79 | 0.12 | 8184.51 | 6262.82 | 7432.97 | 595.53 | 2977.63 | 10339.14 | 8303.92
64 | 0.07 | 7957.12 | 6949.65 | 7470.64 | 357.32 | 1786.59 | 9232.22 | 8076.41
57 | 0.05 | 7760.18 | 7359.21 | 7392.22 | 261.70 | 1308.52 | 8687.65 | 7877.77
74 | 0.07 | 7956.87 | 7659.41 | 7420.71 | 357.33 | 1786.65 | 9182.34 | 8076.21
63 | 0.14 | 8026.31 | 8088.80 | 6893.87 | 708.48 | 3542.38 | 10337.06 | 8234.08
49 | 0.11 | 8154.30 | 8836.50 | 7182.28 | 547.92 | 2739.61 | 9861.62 | 8273.86
58 | 0.13 | 8210.33 | 9409.19 | 6987.13 | 643.12 | 3215.62 | 10119.15 | 8329.54
45 | 0.05 | 7760.65 | 10116.84 | 7254.81 | 261.69 | 1308.44 | 8550.17 | 7878.17
69 | 0.14 | 8232.69 | 10411.82 | 6775.03 | 690.72 | 3453.58 | 10131.91 | 8351.66
44 | 0.11 | 8154.30 | 11144.05 | 6928.45 | 547.92 | 2739.61 | 9607.79 | 8273.87
70 | 0.08 | 8022.96 | 11812.56 | 7077.95 | 405.01 | 2025.06 | 9070.61 | 8142.53
54 | 0.07 | 7956.83 | 12244.06 | 7099.74 | 357.33 | 1786.65 | 8861.39 | 8076.18
75 | 0.10 | 8118.53 | 12647.94 | 6853.74 | 500.31 | 2501.53 | 9305.24 | 8238.20
48 | 0.09 | 8075.51 | 13182.14 | 6889.12 | 452.67 | 2263.37 | 9111.75 | 8195.21
67 | 0.13 | 8210.33 | 13702.77 | 6428.97 | 643.12 | 3215.62 | 9560.99 | 8329.54
72 | 0.07 | 7958.05 | 14349.17 | 6953.61 | 357.28 | 1786.38 | 8714.98 | 8077.13
51 | 0.14 | 8126.02 | 14718.44 | 6065.44 | 699.78 | 3498.91 | 9466.38 | 8290.33
77 | 0.11 | 8154.30 | 15493.17 | 6450.05 | 547.92 | 2739.61 | 9129.39 | 8273.87
61 | 0.12 | 8184.49 | 16089.06 | 6253.81 | 595.53 | 2977.64 | 9159.98 | 8303.91
71 | 0.11 | 8154.30 | 16728.64 | 6314.15 | 547.92 | 2739.61 | 8993.49 | 8273.87
47 | 0.07 | 7956.92 | 17397.88 | 6739.07 | 357.33 | 1786.63 | 8500.69 | 8076.25
50 | 0.10 | 8118.54 | 17786.57 | 6339.89 | 500.30 | 2501.52 | 8791.38 | 8238.21
65 | 0.07 | 7957.49 | 18373.46 | 6671.35 | 357.30 | 1786.51 | 8432.84 | 8076.69
55 | 0.12 | 8184.51 | 18907.38 | 5915.62 | 595.53 | 2977.63 | 8821.79 | 8303.91
56 | 0.16 | 8254.58 | 19574.27 | 5122.69 | 787.30 | 3936.48 | 8933.20 | 8380.08
73 | 0.11 | 8154.30 | 20457.36 | 5903.99 | 547.92 | 2739.61 | 8583.33 | 8273.87
62 | 0.08 | 8022.94 | 21042.51 | 6339.54 | 405.01 | 2025.06 | 8332.21 | 8142.52
80 | 0.13 | 8210.33 | 21468.83 | 5419.38 | 643.12 | 3215.62 | 8551.40 | 8329.54
82 | 0.13 | 8210.33 | 22163.39 | 5329.09 | 643.12 | 3215.62 | 8461.11 | 8329.54
59 | 0.10 | 8118.54 | 22816.63 | 5836.88 | 500.30 | 2501.52 | 8288.37 | 8238.21
Vehicle 2
Charging tour: 
87  -> 93  -> 89  -> 86  -> 85  -> 91  -> 84  -> 110  -> 113  -> 96  -> 95  -> 97  -> 102  -> 108  -> 90  -> 92  -> 101  -> 109  -> 88  -> 107  -> 100  -> 106  -> 111  -> 116  -> 103  -> 94  -> 118  -> 119  -> 117  -> 99  -> 98  -> 120  -> 105  -> 112  -> 114  -> 115  -> 104  -> 121  -> 
Charging time: 
588.0749412393992  + 592.4426789389872  + 651.7072973017141  + 604.8160075540076  + 527.2358808067727  + 721.56929185153  + 675.2830181781724  + 298.9804751139435  + 227.87066281864034  + 415.4823429389851  + 480.38650210386174  + 516.6804586012804  + 261.480004913696  + 365.8351560282683  + 704.2723638943992  + 688.9654240808072  + 398.7363545411497  + 363.4825622023793  + 398.3774210303619  + 323.4630968597745  + 372.5253375069144  + 480.09173261802727  + 467.0428705606953  + 253.01876169466743  + 546.2335467357626  + 517.6408010256035  + 485.4543159099168  + 374.24863919047453  + 291.06108563481484  + 321.2552760532612  + 381.5854079052943  + 300.7122968725934  + 680.4877921957242  + 418.57636073770266  + 548.5333664287973  + 573.3883921921608  + 825.0001049376011  + 410.6609780577597  + 
total node:38/38
-------------------
Traveling energy: 2447.243081882167
Charging energy: 90263.29503627952
Total energy used: 92710.5381181617
-------------------
Total time for travel: 2447.243081882167
Total time for charging: 18052.659007255905
Charging round duration: 20499.90208913807
-------------------
ID | p | E0 | time_arrive | E_remain | time_charge | energy_charge| E_after_charge | E_after_cycle
87 | 0.13 | 7950.71 | 112.59 | 7936.08 | 588.07 | 2940.37 | 10800.00 | 7794.67
93 | 0.15 | 8034.68 | 720.16 | 7926.65 | 592.44 | 2962.21 | 10800.00 | 7424.11
89 | 0.14 | 7824.10 | 1367.16 | 7632.70 | 651.71 | 3258.54 | 10800.00 | 7748.04
86 | 0.12 | 8102.22 | 2114.32 | 7848.50 | 604.82 | 3024.08 | 10800.00 | 8268.07
85 | 0.10 | 8494.92 | 2783.74 | 8216.54 | 527.24 | 2636.18 | 10800.00 | 8749.24
91 | 0.15 | 7800.30 | 3332.75 | 7300.39 | 721.57 | 3607.85 | 10800.00 | 7835.36
84 | 0.12 | 7997.80 | 4109.84 | 7504.62 | 675.28 | 3376.42 | 10800.00 | 8515.99
110 | 0.10 | 9823.87 | 4888.79 | 9335.00 | 298.98 | 1494.90 | 10800.00 | 8936.92
113 | 0.07 | 10045.87 | 5275.31 | 9676.60 | 227.87 | 1139.35 | 10800.00 | 9517.92
96 | 0.09 | 9263.93 | 5599.48 | 8759.98 | 415.48 | 2077.41 | 10800.00 | 9197.68
95 | 0.10 | 9052.10 | 6059.94 | 8446.11 | 480.39 | 2401.93 | 10800.00 | 9072.18
97 | 0.11 | 9010.99 | 6705.11 | 8273.43 | 516.68 | 2583.40 | 10800.00 | 8974.36
102 | 0.06 | 9943.42 | 7252.12 | 9508.29 | 261.48 | 1307.40 | 10800.00 | 9821.70
108 | 0.07 | 9525.39 | 7556.60 | 8996.43 | 365.84 | 1829.18 | 10800.00 | 9687.27
90 | 0.12 | 8324.43 | 8010.68 | 7363.15 | 704.27 | 3521.36 | 10800.00 | 8987.57
92 | 0.12 | 8486.41 | 8738.00 | 7437.85 | 688.97 | 3444.83 | 10800.00 | 9073.01
101 | 0.08 | 9597.76 | 9494.31 | 8838.22 | 398.74 | 1993.68 | 10800.00 | 9685.96
109 | 0.08 | 9808.36 | 9958.68 | 9011.67 | 363.48 | 1817.41 | 10800.00 | 9720.29
88 | 0.07 | 9288.13 | 10362.50 | 8562.75 | 398.38 | 1991.89 | 10526.75 | 9612.72
107 | 0.06 | 9805.09 | 10795.52 | 9157.35 | 323.46 | 1617.32 | 10755.26 | 9993.29
100 | 0.07 | 9743.33 | 11141.18 | 8963.45 | 372.53 | 1862.63 | 10800.00 | 9938.66
106 | 0.10 | 9600.90 | 11533.52 | 8447.55 | 480.09 | 2400.46 | 10800.00 | 9619.51
111 | 0.09 | 9593.62 | 12075.54 | 8506.82 | 467.04 | 2335.21 | 10800.00 | 9785.16
116 | 0.06 | 10305.40 | 12588.57 | 9550.09 | 253.02 | 1265.09 | 10800.00 | 10141.38
103 | 0.10 | 9418.35 | 12948.98 | 8123.46 | 546.23 | 2731.17 | 10800.00 | 9767.67
94 | 0.09 | 9190.49 | 13576.49 | 7968.61 | 517.64 | 2588.20 | 10510.23 | 9635.03
118 | 0.12 | 10129.64 | 14155.50 | 8430.98 | 485.45 | 2427.27 | 10800.00 | 9698.69
119 | 0.08 | 10132.98 | 14678.57 | 8958.70 | 374.25 | 1871.24 | 10800.00 | 10098.74
117 | 0.06 | 10269.94 | 15129.74 | 9362.16 | 291.06 | 1455.31 | 10800.00 | 10296.13
99 | 0.06 | 9872.47 | 15479.64 | 8943.69 | 321.26 | 1606.28 | 10530.69 | 10049.63
98 | 0.07 | 9696.86 | 15863.93 | 8586.39 | 381.59 | 1907.93 | 10467.60 | 9937.49
120 | 0.06 | 10290.65 | 16269.42 | 9314.48 | 300.71 | 1503.56 | 10800.00 | 10365.09
105 | 0.12 | 9321.50 | 16687.29 | 7319.02 | 680.49 | 3402.44 | 10639.81 | 9865.71
112 | 0.08 | 10102.76 | 17446.51 | 8707.04 | 418.58 | 2092.88 | 10766.44 | 10290.16
114 | 0.10 | 9636.56 | 17908.37 | 7845.72 | 548.53 | 2742.67 | 10533.53 | 9997.37
115 | 0.11 | 10030.33 | 18492.72 | 7996.13 | 573.39 | 2866.94 | 10800.00 | 10277.23
104 | 0.14 | 8970.13 | 19155.10 | 6288.42 | 825.00 | 4125.00 | 10297.92 | 9760.54
121 | 0.08 | 10297.49 | 19987.96 | 8698.45 | 410.66 | 2053.30 | 10718.91 | 10445.31
Vehicle 3
Charging tour: 
124  -> 132  -> 123  -> 154  -> 130  -> 143  -> 125  -> 129  -> 151  -> 145  -> 134  -> 122  -> 149  -> 127  -> 131  -> 133  -> 141  -> 139  -> 153  -> 136  -> 152  -> 138  -> 135  -> 126  -> 142  -> 128  -> 144  -> 148  -> 147  -> 155  -> 137  -> 146  -> 156  -> 157  -> 140  -> 150  -> 
Charging time: 
456.28858127276914  + 247.63364825028117  + 294.254099997724  + 324.90988353946136  + 313.0053423973139  + 247.4720714626701  + 594.6343007717695  + 371.4318835466764  + 405.97470779267417  + 470.87690266613214  + 752.7093071077535  + 762.5941258955035  + 426.45175549334635  + 660.2844897215915  + 574.5338761503169  + 568.4615114459918  + 498.6948253721366  + 621.6667913846363  + 453.0483484229937  + 514.4981700478043  + 341.68687374299003  + 665.2653622389213  + 497.6445705429709  + 294.2540804505129  + 697.6026159795415  + 726.2665026911927  + 487.4838080099652  + 687.6652119495099  + 724.6594736395623  + 1019.0830828941631  + 441.72724647957386  + 535.7725007824339  + 707.5465666479935  + 888.7837343392495  + 781.2183948084405  + 895.8625546510104  + 
total node:36/36
-------------------
Traveling energy: 2467.8915489177325
Charging energy: 99759.73601293792
Total energy used: 102227.62756185565
-------------------
Total time for travel: 2467.8915489177325
Total time for charging: 19951.947202587584
Charging round duration: 22419.83875150532
-------------------
ID | p | E0 | time_arrive | E_remain | time_charge | energy_charge| E_after_charge | E_after_cycle
124 | 0.10 | 8583.99 | 198.00 | 8564.19 | 456.29 | 2281.44 | 10800.00 | 8483.57
132 | 0.05 | 9240.80 | 673.87 | 9207.11 | 247.63 | 1238.17 | 10432.89 | 9288.04
123 | 0.06 | 9332.07 | 1020.09 | 9270.87 | 294.25 | 1471.27 | 10724.48 | 9374.23
154 | 0.08 | 9312.45 | 1387.59 | 9201.44 | 324.91 | 1624.55 | 10800.00 | 9031.52
130 | 0.07 | 9384.46 | 1822.58 | 9256.88 | 313.01 | 1565.03 | 10800.00 | 9282.19
143 | 0.05 | 9246.83 | 2290.91 | 9132.29 | 247.47 | 1237.36 | 10357.28 | 9293.27
125 | 0.12 | 8206.44 | 2568.80 | 7898.18 | 594.63 | 2973.17 | 10800.00 | 8321.39
129 | 0.08 | 9226.98 | 3180.26 | 8972.56 | 371.43 | 1857.16 | 10800.00 | 9178.65
151 | 0.15 | 9383.55 | 3683.50 | 8831.02 | 405.97 | 2029.87 | 10800.00 | 7840.64
145 | 0.14 | 9103.67 | 4229.53 | 8511.54 | 470.88 | 2354.38 | 10800.00 | 8123.46
134 | 0.17 | 7985.16 | 4827.90 | 7164.41 | 752.71 | 3763.55 | 10800.00 | 7699.55
122 | 0.13 | 7801.88 | 5680.77 | 7063.38 | 762.59 | 3812.97 | 10777.21 | 8518.44
149 | 0.10 | 9361.35 | 6509.68 | 8710.39 | 426.45 | 2132.26 | 10800.00 | 9111.76
127 | 0.12 | 8317.63 | 6991.32 | 7478.67 | 660.28 | 3301.42 | 10700.86 | 8760.82
131 | 0.11 | 8762.47 | 7673.87 | 7918.34 | 574.53 | 2872.67 | 10727.81 | 9015.09
133 | 0.11 | 8856.07 | 8280.75 | 7945.18 | 568.46 | 2842.31 | 10724.96 | 9078.33
141 | 0.10 | 9177.29 | 9003.87 | 8276.90 | 498.69 | 2493.47 | 10720.51 | 9288.91
139 | 0.13 | 9014.37 | 9552.98 | 7772.48 | 621.67 | 3108.33 | 10800.00 | 9026.29
153 | 0.09 | 9091.75 | 10289.62 | 8165.68 | 453.05 | 2265.24 | 10390.15 | 9213.32
136 | 0.10 | 8895.40 | 10779.47 | 7817.45 | 514.50 | 2572.49 | 10338.49 | 9086.03
152 | 0.07 | 9376.03 | 11309.76 | 8584.35 | 341.69 | 1708.43 | 10268.86 | 9417.17
138 | 0.13 | 8943.30 | 11763.26 | 7414.07 | 665.27 | 3326.33 | 10653.92 | 9173.21
135 | 0.10 | 9196.66 | 12500.23 | 7946.63 | 497.64 | 2488.22 | 10385.09 | 9303.02
126 | 0.06 | 9332.07 | 13042.13 | 8549.54 | 294.25 | 1471.27 | 10003.16 | 9374.23
142 | 0.14 | 9184.79 | 13413.35 | 7306.92 | 697.60 | 3488.01 | 10697.27 | 9338.20
128 | 0.13 | 8192.13 | 14143.02 | 6353.53 | 726.27 | 3631.33 | 9890.45 | 8727.05
144 | 0.10 | 9388.35 | 14884.99 | 7899.85 | 487.48 | 2437.42 | 10288.52 | 9443.91
148 | 0.14 | 9317.52 | 15423.34 | 7158.25 | 687.67 | 3438.33 | 10500.30 | 9421.25
147 | 0.14 | 8841.85 | 16133.16 | 6583.21 | 724.66 | 3623.30 | 10105.06 | 9130.55
155 | 0.20 | 8981.93 | 16884.72 | 5604.99 | 1019.08 | 5095.42 | 10496.59 | 9313.63
137 | 0.09 | 9324.76 | 17968.01 | 7707.64 | 441.73 | 2208.64 | 9876.52 | 9389.72
146 | 0.11 | 9396.40 | 18433.88 | 7368.67 | 535.77 | 2678.86 | 9988.60 | 9455.22
156 | 0.14 | 9055.71 | 18979.97 | 6398.51 | 707.55 | 3537.73 | 9837.19 | 9258.84
157 | 0.18 | 9268.85 | 19714.11 | 5720.31 | 888.78 | 4443.92 | 10004.24 | 9425.43
140 | 0.15 | 8787.56 | 20638.23 | 5691.82 | 781.22 | 3906.09 | 9480.73 | 9120.86
150 | 0.18 | 9195.61 | 21428.80 | 5338.42 | 895.86 | 4479.31 | 9656.48 | 9387.58
Vehicle 4
Charging tour: 
158  -> 168  -> 170  -> 159  -> 171  -> 162  -> 172  -> 160  -> 167  -> 166  -> 177  -> 161  -> 163  -> 175  -> 173  -> 164  -> 189  -> 169  -> 179  -> 176  -> 165  -> 183  -> 178  -> 181  -> 180  -> 186  -> 182  -> 174  -> 188  -> 185  -> 187  -> 184  -> 
Charging time: 
1108.050209651599  + 182.07859975722053  + 456.69172216059985  + 1140.623990527476  + 412.28906039211194  + 896.3198297988046  + 232.8378975733019  + 645.6082578712621  + 1090.4597096258617  + 304.344831426336  + 435.46562443764304  + 436.881088114806  + 565.5198246192731  + 489.12504692024004  + 244.70022552128853  + 431.3927435693607  + 465.57229926333696  + 361.3082475869439  + 274.480722146752  + 305.9271814934393  + 851.4892987343178  + 301.1524776355185  + 297.8805401795733  + 588.8771389848374  + 559.5430277803833  + 556.329963226947  + 622.9505417337231  + 528.6085010373872  + 591.0362866566877  + 873.7458030049598  + 498.29751781735234  + 504.09905405703046  + 
total node:32/32
-------------------
Traveling energy: 2026.9293943373389
Charging energy: 86268.43631653186
Total energy used: 88295.3657108692
-------------------
Total time for travel: 2026.9293943373389
Total time for charging: 17253.687263306372
Charging round duration: 19280.61665764371
-------------------
ID | p | E0 | time_arrive | E_remain | time_charge | energy_charge| E_after_charge | E_after_cycle
158 | 0.23 | 5551.17 | 159.01 | 5514.60 | 1108.05 | 5540.25 | 10800.00 | 5613.16
168 | 0.05 | 9963.59 | 1297.55 | 9898.71 | 182.08 | 910.39 | 10800.00 | 9683.05
170 | 0.13 | 8772.79 | 1514.47 | 8575.91 | 456.69 | 2283.46 | 10800.00 | 7959.84
159 | 0.23 | 5824.75 | 2024.03 | 5359.22 | 1140.62 | 5703.12 | 10800.00 | 6049.60
171 | 0.11 | 9137.64 | 3215.79 | 8783.91 | 412.29 | 2061.45 | 10800.00 | 8579.05
162 | 0.18 | 7144.53 | 3693.28 | 6479.74 | 896.32 | 4481.60 | 10800.00 | 7338.79
172 | 0.06 | 9925.83 | 4600.88 | 9649.78 | 232.84 | 1164.19 | 10800.00 | 9660.91
160 | 0.12 | 8243.55 | 4951.01 | 7649.43 | 645.61 | 3228.04 | 10800.00 | 8613.37
167 | 0.23 | 6901.96 | 5667.18 | 5598.51 | 1090.46 | 5452.30 | 10800.00 | 6875.99
166 | 0.06 | 9705.85 | 6821.96 | 9296.54 | 304.34 | 1521.72 | 10800.00 | 9798.46
177 | 0.11 | 9471.05 | 7277.09 | 8670.57 | 435.47 | 2177.33 | 10800.00 | 9028.34
161 | 0.08 | 9127.25 | 7827.41 | 8501.06 | 436.88 | 2184.41 | 10650.51 | 9406.17
163 | 0.10 | 8813.85 | 8343.72 | 7979.47 | 565.52 | 2827.60 | 10750.52 | 9259.59
175 | 0.09 | 9171.41 | 9009.04 | 8360.59 | 489.13 | 2445.63 | 10762.20 | 9473.36
173 | 0.05 | 10064.20 | 9509.34 | 9588.73 | 244.70 | 1223.50 | 10800.00 | 10096.77
164 | 0.08 | 9243.37 | 9780.22 | 8460.96 | 431.39 | 2156.96 | 10583.41 | 9494.85
189 | 0.15 | 10079.48 | 10250.07 | 8541.97 | 465.57 | 2327.86 | 10800.00 | 8834.56
169 | 0.07 | 9656.81 | 10749.18 | 8904.36 | 361.31 | 1806.54 | 10685.61 | 9796.05
179 | 0.06 | 10115.37 | 11188.49 | 9444.07 | 274.48 | 1372.40 | 10800.00 | 10058.66
176 | 0.06 | 9775.67 | 11480.77 | 9086.82 | 305.93 | 1529.64 | 10598.10 | 9876.19
165 | 0.14 | 8195.25 | 11790.60 | 6544.57 | 851.49 | 4257.45 | 10682.80 | 9118.10
183 | 0.06 | 9930.66 | 12657.67 | 9171.20 | 301.15 | 1505.76 | 10658.89 | 10007.31
178 | 0.06 | 10039.74 | 12993.27 | 9260.14 | 297.88 | 1489.40 | 10731.67 | 10100.03
181 | 0.11 | 9310.68 | 13357.89 | 7841.31 | 588.88 | 2944.39 | 10720.92 | 9635.02
180 | 0.11 | 9604.84 | 14009.18 | 8063.83 | 559.54 | 2797.72 | 10800.00 | 9782.52
186 | 0.11 | 9685.44 | 14599.02 | 8079.55 | 556.33 | 2781.65 | 10800.00 | 9847.05
182 | 0.12 | 9587.05 | 15225.38 | 7760.00 | 622.95 | 3114.75 | 10800.00 | 9843.57
174 | 0.10 | 9429.29 | 15905.94 | 7838.70 | 528.61 | 2643.04 | 10428.88 | 9690.48
188 | 0.13 | 10065.33 | 16489.85 | 7921.65 | 591.04 | 2955.18 | 10800.00 | 9924.10
185 | 0.17 | 9503.54 | 17198.44 | 6579.81 | 873.75 | 4368.73 | 10800.00 | 9823.12
187 | 0.10 | 10002.87 | 18110.10 | 8191.86 | 498.30 | 2491.49 | 10633.52 | 10112.50
184 | 0.10 | 9887.75 | 18639.28 | 8023.82 | 504.10 | 2520.50 | 10493.91 | 10026.39
Vehicle 5
Charging tour: 
202  -> 215  -> 219  -> 199  -> 216  -> 223  -> 207  -> 190  -> 203  -> 211  -> 191  -> 210  -> 197  -> 198  -> 195  -> 194  -> 192  -> 213  -> 204  -> 225  -> 205  -> 193  -> 228  -> 196  -> 209  -> 229  -> 231  -> 217  -> 208  -> 227  -> 201  -> 226  -> 221  -> 200  -> 220  -> 212  -> 222  -> 224  -> 218  -> 214  -> 230  -> 206  -> 
Charging time: 
369.70948401846687  + 418.0777876837817  + 272.12979768969365  + 369.70287092669577  + 418.0729059709622  + 418.07854522575184  + 507.08194333351116  + 418.0793650272158  + 466.2555979068725  + 540.8347189095907  + 517.3714390212306  + 514.2916784000781  + 369.7134484663984  + 320.9142232264251  + 569.3336019314642  + 369.6168295203567  + 580.6997507899071  + 675.7829212909876  + 369.61998501377815  + 705.2216936940122  + 610.0593083429131  + 466.2505930092442  + 720.2805016449074  + 320.8129135933968  + 418.05898299863884  + 657.8392813392747  + 753.2798626601352  + 321.0249299787202  + 466.2525412890388  + 321.0144722715495  + 514.2908295802027  + 614.1804934148668  + 705.5729692524516  + 271.16630589453973  + 565.2646661442784  + 320.9281784403866  + 760.3941249176679  + 758.2218021342097  + 466.2483371427661  + 272.0929567430874  + 802.8406580301204  + 610.0622517796818  + 
total node:42/42
-------------------
Traveling energy: 2675.0145579422006
Charging energy: 104533.62774324627
Total energy used: 107208.64230118846
-------------------
Total time for travel: 2675.0145579422006
Total time for charging: 20906.725548649254
Charging round duration: 23581.740106591453
-------------------
ID | p | E0 | time_arrive | E_remain | time_charge | energy_charge| E_after_charge | E_after_cycle
202 | 0.07 | 8347.65 | 185.13 | 8334.69 | 369.71 | 1848.55 | 10157.36 | 8528.90
215 | 0.08 | 8436.45 | 576.44 | 8390.33 | 418.08 | 2090.39 | 10447.27 | 8621.35
219 | 0.05 | 8100.66 | 1056.14 | 8047.86 | 272.13 | 1360.65 | 9394.90 | 8270.38
199 | 0.07 | 8347.80 | 1374.43 | 8251.59 | 369.70 | 1848.51 | 10074.22 | 8529.01
216 | 0.08 | 8436.54 | 1835.24 | 8289.73 | 418.07 | 2090.36 | 10346.64 | 8621.42
223 | 0.08 | 8436.43 | 2294.20 | 8252.89 | 418.08 | 2090.39 | 10309.84 | 8621.34
207 | 0.11 | 8623.10 | 2752.06 | 8320.37 | 507.08 | 2535.41 | 10800.00 | 8538.46
190 | 0.08 | 8436.41 | 3276.57 | 8174.29 | 418.08 | 2090.40 | 10231.24 | 8621.33
203 | 0.09 | 8510.30 | 3760.72 | 8171.84 | 466.26 | 2331.28 | 10461.15 | 8697.91
211 | 0.11 | 8626.12 | 4280.00 | 8155.32 | 540.83 | 2704.17 | 10800.00 | 8710.25
191 | 0.10 | 8521.66 | 4844.07 | 8037.25 | 517.37 | 2586.86 | 10572.37 | 8726.66
210 | 0.10 | 8572.69 | 5420.80 | 8030.61 | 514.29 | 2571.46 | 10550.64 | 8762.29
197 | 0.07 | 8347.56 | 5961.91 | 7930.22 | 369.71 | 1848.57 | 9752.91 | 8528.83
198 | 0.06 | 8243.07 | 6390.97 | 7859.61 | 320.91 | 1604.57 | 9444.93 | 8418.53
195 | 0.11 | 8518.29 | 6759.26 | 7774.77 | 569.33 | 2846.67 | 10558.81 | 8744.92
194 | 0.07 | 8349.74 | 7333.94 | 7836.36 | 369.62 | 1848.08 | 9658.57 | 8530.52
192 | 0.11 | 8351.56 | 7758.38 | 7498.14 | 580.70 | 2903.50 | 10337.76 | 8635.02
213 | 0.15 | 8779.54 | 8380.55 | 7522.45 | 675.78 | 3378.91 | 10800.00 | 8585.67
204 | 0.07 | 8349.67 | 9115.30 | 7711.60 | 369.62 | 1848.10 | 9533.82 | 8530.47
225 | 0.14 | 8702.12 | 9496.40 | 7372.62 | 705.22 | 3526.11 | 10800.00 | 8893.63
205 | 0.12 | 8672.33 | 10248.16 | 7442.55 | 610.06 | 3050.30 | 10419.64 | 8864.40
193 | 0.09 | 8510.40 | 10907.56 | 7528.71 | 466.25 | 2331.25 | 9818.01 | 8697.98
228 | 0.14 | 8569.45 | 11508.99 | 6958.19 | 720.28 | 3601.40 | 10458.76 | 8836.26
196 | 0.06 | 8245.67 | 12318.84 | 7506.54 | 320.81 | 1604.06 | 9091.36 | 8420.62
209 | 0.08 | 8436.83 | 12755.99 | 7416.35 | 418.06 | 2090.29 | 9473.20 | 8621.64
229 | 0.13 | 8712.65 | 13287.65 | 6985.25 | 657.84 | 3289.20 | 10188.93 | 8905.43
231 | 0.15 | 8779.33 | 13979.63 | 6682.39 | 753.28 | 3766.40 | 10335.80 | 8972.95
217 | 0.06 | 8240.23 | 14759.69 | 7354.64 | 321.02 | 1605.12 | 8940.51 | 8416.24
208 | 0.09 | 8510.36 | 15156.30 | 7146.29 | 466.25 | 2331.26 | 9435.59 | 8697.95
227 | 0.06 | 8240.49 | 15655.04 | 7301.19 | 321.01 | 1605.07 | 8887.00 | 8416.45
201 | 0.10 | 8572.70 | 16025.33 | 6970.17 | 514.29 | 2571.45 | 9490.20 | 8762.30
226 | 0.12 | 8614.14 | 16580.50 | 6624.48 | 614.18 | 3070.90 | 9621.68 | 8826.81
221 | 0.14 | 8748.08 | 17254.91 | 6332.39 | 705.57 | 3527.86 | 9761.48 | 8941.35
200 | 0.05 | 8129.45 | 18065.34 | 7226.18 | 271.17 | 1355.83 | 8568.45 | 8294.35
220 | 0.11 | 8579.61 | 18393.34 | 6556.34 | 565.26 | 2826.32 | 9320.49 | 8785.89
212 | 0.06 | 8242.71 | 18984.52 | 7103.64 | 320.93 | 1604.64 | 8689.02 | 8418.24
222 | 0.15 | 8697.19 | 19362.00 | 5792.89 | 760.39 | 3801.97 | 9480.80 | 8926.38
224 | 0.15 | 8722.11 | 20263.42 | 5682.60 | 758.22 | 3791.11 | 9359.97 | 8940.44
218 | 0.09 | 8510.44 | 21169.95 | 6605.14 | 466.25 | 2331.24 | 8894.42 | 8698.01
214 | 0.05 | 8101.76 | 21642.14 | 7019.65 | 272.09 | 1360.46 | 8366.51 | 8271.30
230 | 0.16 | 8786.53 | 21971.76 | 5271.05 | 802.84 | 4014.20 | 9156.79 | 8989.76
206 | 0.12 | 8672.29 | 22946.69 | 5918.69 | 610.06 | 3050.31 | 8895.79 | 8864.37
Vehicle 6
Charging tour: 
246  -> 243  -> 233  -> 270  -> 240  -> 245  -> 257  -> 254  -> 249  -> 238  -> 237  -> 236  -> 242  -> 235  -> 239  -> 262  -> 241  -> 247  -> 232  -> 251  -> 252  -> 234  -> 266  -> 256  -> 250  -> 264  -> 248  -> 272  -> 263  -> 259  -> 261  -> 244  -> 255  -> 265  -> 253  -> 268  -> 267  -> 269  -> 271  -> 260  -> 258  -> 
Charging time: 
411.81069073865365  + 459.84191120137143  + 440.4208582020054  + 276.2843235559676  + 302.35634254488  + 398.4636853348542  + 227.93349222694394  + 161.533664692892  + 394.91372116625246  + 699.8515299432535  + 525.458002699529  + 715.7287099198593  + 606.3451534747228  + 267.17207114611546  + 659.2628947980074  + 411.1703630196894  + 321.85320327299814  + 250.67289487131677  + 463.77971964832585  + 443.57668498166447  + 619.33319853176  + 946.5261012676586  + 427.91949926312964  + 435.1055872992682  + 550.2533735034872  + 256.3773304278768  + 561.6872149146687  + 558.3038357460886  + 517.5530552804197  + 305.8093890502078  + 256.60584749023343  + 319.35896723284236  + 422.02958230246065  + 846.0412782851251  + 366.59513998390196  + 302.87074163961097  + 549.2786177366224  + 505.6013363012511  + 484.2738421731263  + 360.59251386026614  + 306.6190691664378  + 
total node:41/41
-------------------
Traveling energy: 2780.94691088888
Charging energy: 91685.8271944787
Total energy used: 94466.77410536757
-------------------
Total time for travel: 2780.94691088888
Total time for charging: 18337.16543889574
Charging round duration: 21118.11234978462
-------------------
ID | p | E0 | time_arrive | E_remain | time_charge | energy_charge| E_after_charge | E_after_cycle
246 | 0.12 | 8804.31 | 116.24 | 8790.36 | 411.81 | 2059.05 | 10800.00 | 8005.14
243 | 0.12 | 8622.25 | 552.34 | 8555.97 | 459.84 | 2299.21 | 10800.00 | 8063.23
233 | 0.09 | 8729.30 | 1019.60 | 8637.53 | 440.42 | 2202.10 | 10800.00 | 8787.73
270 | 0.08 | 9562.62 | 1524.25 | 9440.68 | 276.28 | 1381.42 | 10800.00 | 9038.56
240 | 0.07 | 9442.82 | 1906.28 | 9309.38 | 302.36 | 1511.78 | 10800.00 | 9287.31
245 | 0.10 | 9078.33 | 2308.03 | 8847.53 | 398.46 | 1992.32 | 10800.00 | 8688.79
257 | 0.06 | 9845.59 | 2859.62 | 9674.01 | 227.93 | 1139.67 | 10800.00 | 9556.14
254 | 0.05 | 10162.25 | 3236.84 | 10000.41 | 161.53 | 807.67 | 10800.00 | 9778.99
249 | 0.10 | 9209.31 | 3443.91 | 8864.92 | 394.91 | 1974.57 | 10800.00 | 8802.03
238 | 0.14 | 7941.39 | 3876.20 | 7398.72 | 699.85 | 3499.26 | 10800.00 | 8106.05
237 | 0.10 | 8688.86 | 4636.00 | 8225.26 | 525.46 | 2627.29 | 10800.00 | 8934.29
236 | 0.13 | 7988.54 | 5185.71 | 7314.40 | 715.73 | 3578.64 | 10800.00 | 8470.77
242 | 0.12 | 8556.81 | 5964.77 | 7841.04 | 606.35 | 3031.73 | 10800.00 | 8730.31
235 | 0.05 | 9692.28 | 6647.73 | 9359.89 | 267.17 | 1335.86 | 10682.39 | 9837.21
239 | 0.12 | 8414.75 | 6932.97 | 7582.80 | 659.26 | 3296.31 | 10800.00 | 8852.84
262 | 0.12 | 9710.12 | 7638.56 | 8793.49 | 411.17 | 2055.85 | 10800.00 | 8907.74
241 | 0.06 | 9654.73 | 8065.10 | 9170.83 | 321.85 | 1609.27 | 10760.78 | 9834.89
247 | 0.05 | 9982.80 | 8472.71 | 9559.17 | 250.67 | 1253.36 | 10800.00 | 10045.24
232 | 0.08 | 8933.57 | 8857.18 | 8225.00 | 463.78 | 2318.90 | 10506.79 | 9346.99
251 | 0.08 | 9340.46 | 9348.62 | 8592.57 | 443.58 | 2217.88 | 10774.96 | 9652.86
252 | 0.13 | 9060.25 | 9818.47 | 7783.85 | 619.33 | 3096.67 | 10800.00 | 9060.50
234 | 0.14 | 7660.24 | 10465.11 | 6195.12 | 946.53 | 4732.63 | 10795.24 | 9058.27
266 | 0.11 | 9969.05 | 11468.87 | 8707.47 | 427.92 | 2139.60 | 10800.00 | 9488.61
256 | 0.09 | 9736.28 | 11918.33 | 8663.63 | 435.11 | 2175.53 | 10800.00 | 9768.14
250 | 0.10 | 9343.59 | 12398.34 | 8103.76 | 550.25 | 2751.27 | 10800.00 | 9713.00
264 | 0.06 | 10312.66 | 12986.09 | 9533.50 | 256.38 | 1281.89 | 10800.00 | 10165.43
248 | 0.10 | 9220.45 | 13263.21 | 7894.13 | 561.69 | 2808.44 | 10646.40 | 9647.03
272 | 0.10 | 9276.33 | 13922.88 | 7884.04 | 558.30 | 2791.52 | 10619.73 | 9685.99
263 | 0.11 | 9866.93 | 14525.15 | 8269.17 | 517.55 | 2587.77 | 10800.00 | 9834.66
259 | 0.06 | 10161.25 | 15103.37 | 9255.05 | 305.81 | 1529.05 | 10765.75 | 10261.19
261 | 0.05 | 10091.37 | 15587.56 | 9312.00 | 256.61 | 1283.03 | 10582.20 | 10183.48
244 | 0.06 | 9730.14 | 16000.25 | 8770.12 | 319.36 | 1596.79 | 10347.76 | 9897.82
255 | 0.08 | 9817.34 | 16425.63 | 8503.29 | 422.03 | 2110.15 | 10579.68 | 10022.01
265 | 0.15 | 9182.20 | 16907.41 | 6646.08 | 846.04 | 4230.21 | 10749.38 | 9839.62
253 | 0.07 | 9889.13 | 17806.60 | 8642.67 | 366.60 | 1832.98 | 10449.98 | 10054.81
268 | 0.06 | 10259.84 | 18229.16 | 9166.10 | 302.87 | 1514.35 | 10662.28 | 10345.09
267 | 0.11 | 10155.55 | 18559.29 | 8114.03 | 549.28 | 2746.39 | 10800.00 | 10281.90
269 | 0.10 | 10239.63 | 19170.79 | 8322.55 | 505.60 | 2528.01 | 10800.00 | 10385.78
271 | 0.10 | 10401.68 | 19746.21 | 8427.06 | 484.27 | 2421.37 | 10800.00 | 10441.19
260 | 0.07 | 10053.75 | 20282.73 | 8633.96 | 360.59 | 1802.96 | 10411.68 | 10189.42
258 | 0.06 | 10134.42 | 20662.95 | 8894.64 | 306.62 | 1533.10 | 10409.34 | 10238.40
Vehicle 7
Charging tour: 
300  -> 273  -> 276  -> 290  -> 278  -> 282  -> 298  -> 286  -> 280  -> 285  -> 287  -> 291  -> 279  -> 289  -> 274  -> 293  -> 277  -> 311  -> 296  -> 305  -> 294  -> 309  -> 283  -> 297  -> 288  -> 292  -> 306  -> 302  -> 295  -> 307  -> 308  -> 304  -> 312  -> 284  -> 303  -> 299  -> 275  -> 281  -> 310  -> 301  -> 
Charging time: 
289.0244148588734  + 685.6826490598953  + 715.7279837223073  + 253.54815808946606  + 236.73712174461238  + 272.56749662227213  + 241.49026661515808  + 647.9827297186264  + 297.90277704998056  + 612.7033641235561  + 588.5756416335042  + 298.56282365615414  + 319.031164078682  + 371.6501476411184  + 666.3500148110603  + 316.3309173782202  + 447.0080078402305  + 303.0783917822526  + 451.819890884065  + 397.59656266660977  + 389.47554041687613  + 343.55902286424276  + 439.1747602024002  + 687.8795762996564  + 621.5892728648599  + 310.79705407212896  + 489.85531308863256  + 427.1126141605742  + 251.233913549556  + 542.8881410987672  + 335.4990375981277  + 721.9609713447641  + 569.2413103018594  + 315.7226568857588  + 570.7509983996475  + 467.23713279475646  + 836.9060569970864  + 807.0199320278592  + 396.856303887161  + 406.95494643752596  + 
total node:40/40
-------------------
Traveling energy: 2439.943046889347
Charging energy: 91725.42539634444
Total energy used: 94165.36844323378
-------------------
Total time for travel: 2439.943046889347
Total time for charging: 18345.085079268887
Charging round duration: 20785.028126158235
-------------------
ID | p | E0 | time_arrive | E_remain | time_charge | energy_charge| E_after_charge | E_after_cycle
300 | 0.13 | 9415.66 | 178.55 | 9392.45 | 289.02 | 1445.12 | 10800.00 | 7764.37
273 | 0.14 | 7546.74 | 565.41 | 7467.58 | 685.68 | 3428.41 | 10800.00 | 7640.55
276 | 0.15 | 7517.73 | 1260.08 | 7328.72 | 715.73 | 3578.64 | 10800.00 | 7523.59
290 | 0.07 | 9693.22 | 2045.88 | 9550.01 | 253.55 | 1267.74 | 10800.00 | 9293.66
278 | 0.05 | 9744.44 | 2325.86 | 9628.15 | 236.74 | 1183.69 | 10800.00 | 9737.20
282 | 0.06 | 9610.42 | 2615.07 | 9453.52 | 272.57 | 1362.84 | 10800.00 | 9544.14
298 | 0.08 | 9849.77 | 2973.72 | 9611.87 | 241.49 | 1207.45 | 10800.00 | 9151.73
286 | 0.15 | 8157.34 | 3333.70 | 7657.28 | 647.98 | 3239.91 | 10800.00 | 7824.47
280 | 0.06 | 9569.51 | 4019.18 | 9328.36 | 297.90 | 1489.51 | 10800.00 | 9629.91
285 | 0.13 | 8390.34 | 4416.93 | 7816.13 | 612.70 | 3063.52 | 10800.00 | 8357.44
287 | 0.13 | 8601.11 | 5134.42 | 7933.64 | 588.58 | 2942.88 | 10800.00 | 8447.58
291 | 0.07 | 9730.76 | 5752.43 | 9328.09 | 298.56 | 1492.81 | 10800.00 | 9556.27
279 | 0.06 | 9550.77 | 6074.93 | 9186.28 | 319.03 | 1595.16 | 10762.29 | 9716.82
289 | 0.08 | 9485.65 | 6427.14 | 8971.48 | 371.65 | 1858.25 | 10800.00 | 9438.42
274 | 0.11 | 8293.64 | 6837.19 | 7541.55 | 666.35 | 3331.75 | 10800.00 | 9005.35
293 | 0.06 | 9632.30 | 7579.56 | 9177.53 | 316.33 | 1581.65 | 10740.20 | 9784.84
277 | 0.08 | 9088.56 | 7989.99 | 8449.36 | 447.01 | 2235.04 | 10648.64 | 9418.12
311 | 0.06 | 9812.43 | 8493.94 | 9302.79 | 303.08 | 1515.39 | 10800.00 | 9898.71
296 | 0.10 | 9473.38 | 8873.00 | 8586.08 | 451.82 | 2259.10 | 10800.00 | 9350.63
305 | 0.10 | 9791.78 | 9400.07 | 8851.78 | 397.60 | 1987.98 | 10800.00 | 9397.91
294 | 0.08 | 9669.56 | 9822.23 | 8883.78 | 389.48 | 1947.38 | 10800.00 | 9711.45
309 | 0.07 | 9821.99 | 10224.74 | 9106.25 | 343.56 | 1717.80 | 10800.00 | 9872.48
283 | 0.08 | 9250.67 | 10609.77 | 8401.88 | 439.17 | 2195.87 | 10562.62 | 9541.06
297 | 0.14 | 9011.78 | 11106.28 | 7456.91 | 687.88 | 3439.40 | 10800.00 | 9116.58
288 | 0.11 | 8986.89 | 11878.93 | 7680.21 | 621.59 | 3107.95 | 10719.78 | 9474.80
292 | 0.06 | 9803.81 | 12526.28 | 9052.23 | 310.80 | 1553.99 | 10587.57 | 9928.68
306 | 0.12 | 9952.05 | 12854.55 | 8409.51 | 489.86 | 2449.28 | 10800.00 | 9543.10
302 | 0.08 | 9511.92 | 13402.46 | 8439.72 | 427.11 | 2135.56 | 10541.11 | 9741.99
295 | 0.05 | 10106.76 | 13884.30 | 9412.55 | 251.23 | 1256.17 | 10656.16 | 10172.01
307 | 0.10 | 9354.27 | 14191.64 | 7935.11 | 542.89 | 2714.44 | 10595.26 | 9686.86
308 | 0.07 | 10178.64 | 14752.13 | 9145.99 | 335.50 | 1677.50 | 10800.00 | 10188.84
304 | 0.15 | 9563.10 | 15097.38 | 7298.49 | 721.96 | 3609.80 | 10800.00 | 9600.12
312 | 0.13 | 10095.43 | 15904.86 | 8027.79 | 569.24 | 2846.21 | 10800.00 | 9845.22
284 | 0.06 | 9650.86 | 16509.54 | 8660.29 | 315.72 | 1578.61 | 10219.96 | 9800.36
303 | 0.11 | 9787.38 | 16845.53 | 7934.37 | 570.75 | 2853.75 | 10725.34 | 10021.09
299 | 0.09 | 9781.95 | 17528.15 | 8204.42 | 467.24 | 2336.19 | 10498.55 | 9974.47
275 | 0.13 | 7888.37 | 18111.07 | 5533.93 | 836.91 | 4184.53 | 9609.66 | 8976.48
281 | 0.13 | 8180.49 | 19019.19 | 5708.00 | 807.02 | 4035.10 | 9638.19 | 9119.18
310 | 0.08 | 10237.10 | 19839.87 | 8649.91 | 396.86 | 1984.28 | 10602.45 | 10315.90
301 | 0.08 | 9983.07 | 20299.90 | 8359.08 | 406.95 | 2034.77 | 10361.30 | 10112.36
Vehicle 8
Charging tour: 
314  -> 330  -> 313  -> 321  -> 316  -> 323  -> 322  -> 317  -> 319  -> 346  -> 325  -> 318  -> 345  -> 331  -> 338  -> 327  -> 324  -> 320  -> 337  -> 326  -> 341  -> 332  -> 350  -> 348  -> 329  -> 335  -> 343  -> 344  -> 339  -> 351  -> 334  -> 315  -> 349  -> 328  -> 336  -> 340  -> 347  -> 342  -> 333  -> 
Charging time: 
522.4673997697618  + 266.1324910497026  + 297.64016715322686  + 682.5460401648377  + 399.96332512363534  + 465.5448342796209  + 356.2579781925329  + 625.1335607374103  + 409.54913986257395  + 362.40400743083296  + 361.98745999709655  + 551.0392444137289  + 324.46867904395907  + 280.1196192929376  + 383.95742414247576  + 526.4502663135194  + 574.3774726054086  + 772.4241292828325  + 243.10484891145245  + 811.5256282028299  + 431.8584287784573  + 356.672502367941  + 375.52915068632797  + 299.8108721002755  + 663.1835899233328  + 412.42430067592585  + 599.8531664200191  + 337.7020690355564  + 309.88604793313806  + 680.422346882083  + 582.1432395561255  + 586.2577850409976  + 624.1668944189142  + 417.996200896795  + 1015.0876413931159  + 505.35308694445195  + 657.8777428474909  + 354.0679709452231  + 418.5129195559865  + 
total node:39/39
-------------------
Traveling energy: 2730.2566980088154
Charging energy: 94229.49836186266
Total energy used: 96959.75505987147
-------------------
Total time for travel: 2730.2566980088154
Total time for charging: 18845.899672372532
Charging round duration: 21576.156370381348
-------------------
ID | p | E0 | time_arrive | E_remain | time_charge | energy_charge| E_after_charge | E_after_cycle
314 | 0.11 | 8259.28 | 128.61 | 8245.13 | 522.47 | 2612.34 | 10800.00 | 8251.58
330 | 0.08 | 9548.40 | 722.21 | 9490.63 | 266.13 | 1330.66 | 10800.00 | 8973.58
313 | 0.06 | 9392.96 | 1055.03 | 9329.66 | 297.64 | 1488.20 | 10800.00 | 9452.05
321 | 0.16 | 7730.02 | 1459.65 | 7496.48 | 682.55 | 3412.73 | 10800.00 | 7331.78
316 | 0.08 | 9014.42 | 2278.01 | 8832.18 | 399.96 | 1999.82 | 10800.00 | 9108.75
323 | 0.11 | 8820.29 | 2698.22 | 8523.49 | 465.54 | 2327.72 | 10800.00 | 8527.97
322 | 0.08 | 9305.23 | 3225.21 | 9047.21 | 356.26 | 1781.29 | 10800.00 | 9181.03
317 | 0.12 | 8185.44 | 3634.10 | 7749.35 | 625.13 | 3125.67 | 10800.00 | 8452.88
319 | 0.08 | 9128.97 | 4299.34 | 8785.02 | 409.55 | 2047.75 | 10800.00 | 9271.23
346 | 0.08 | 9402.46 | 4818.64 | 9016.97 | 362.40 | 1812.02 | 10800.00 | 9309.00
325 | 0.08 | 9440.27 | 5265.65 | 9019.02 | 361.99 | 1809.94 | 10800.00 | 9344.73
318 | 0.10 | 8671.78 | 5718.71 | 8099.91 | 551.04 | 2755.20 | 10800.00 | 9045.12
345 | 0.09 | 9783.08 | 6402.48 | 9206.86 | 324.47 | 1622.34 | 10800.00 | 9261.76
331 | 0.06 | 9823.86 | 6794.19 | 9416.21 | 280.12 | 1400.60 | 10800.00 | 9795.35
338 | 0.08 | 9482.32 | 7142.34 | 8910.93 | 383.96 | 1919.79 | 10800.00 | 9496.62
327 | 0.11 | 9058.60 | 7572.18 | 8225.66 | 526.45 | 2632.25 | 10800.00 | 9070.81
324 | 0.11 | 8887.97 | 8151.63 | 7991.29 | 574.38 | 2871.89 | 10800.00 | 9139.82
320 | 0.13 | 8177.15 | 8760.43 | 7038.29 | 772.42 | 3862.12 | 10800.00 | 8942.86
337 | 0.06 | 10174.43 | 9589.52 | 9599.06 | 243.10 | 1215.52 | 10800.00 | 9960.84
326 | 0.15 | 8344.47 | 9869.10 | 6864.10 | 811.53 | 4057.63 | 10800.00 | 8829.31
341 | 0.11 | 9868.78 | 10732.44 | 8688.21 | 431.86 | 2159.29 | 10800.00 | 9408.03
332 | 0.07 | 9813.54 | 11186.58 | 9030.48 | 356.67 | 1783.36 | 10788.87 | 9929.60
350 | 0.10 | 10119.46 | 11595.51 | 8959.91 | 375.53 | 1877.65 | 10800.00 | 9615.25
348 | 0.06 | 10006.94 | 12021.69 | 9285.63 | 299.81 | 1499.05 | 10766.70 | 10076.88
329 | 0.12 | 9042.64 | 12324.80 | 7563.66 | 663.18 | 3315.92 | 10800.00 | 9500.33
335 | 0.08 | 9699.36 | 13135.23 | 8648.54 | 412.42 | 2062.12 | 10677.67 | 9855.99
343 | 0.13 | 9655.55 | 13667.97 | 7878.72 | 599.85 | 2999.27 | 10800.00 | 9558.40
344 | 0.07 | 10136.40 | 14303.91 | 9135.13 | 337.70 | 1688.51 | 10800.00 | 10157.61
339 | 0.06 | 9681.59 | 14688.72 | 8800.26 | 309.89 | 1549.43 | 10331.10 | 9801.90
351 | 0.17 | 10065.80 | 15013.20 | 7513.56 | 680.42 | 3402.11 | 10800.00 | 9418.76
334 | 0.11 | 9448.44 | 15791.16 | 7711.41 | 582.14 | 2910.72 | 10558.09 | 9739.11
315 | 0.10 | 8529.21 | 16484.96 | 6880.71 | 586.26 | 2931.29 | 9753.37 | 9078.64
349 | 0.12 | 9613.42 | 17108.85 | 7560.35 | 624.17 | 3120.83 | 10606.29 | 9876.02
328 | 0.08 | 9570.07 | 17809.63 | 8145.29 | 418.00 | 2089.98 | 10201.84 | 9754.56
336 | 0.18 | 8866.79 | 18269.23 | 5578.32 | 1015.09 | 5075.44 | 10471.05 | 9654.88
340 | 0.10 | 9894.69 | 19359.80 | 7958.71 | 505.35 | 2526.77 | 10434.94 | 10039.60
347 | 0.13 | 9880.87 | 19972.54 | 7284.44 | 657.88 | 3289.39 | 10488.31 | 10073.85
342 | 0.07 | 9885.73 | 20636.72 | 8441.16 | 354.07 | 1770.34 | 10186.71 | 9988.77
333 | 0.08 | 9558.25 | 21029.45 | 7875.89 | 418.51 | 2092.56 | 9934.98 | 9745.33
Vehicle 9
Charging tour: 
388  -> 355  -> 357  -> 352  -> 353  -> 365  -> 363  -> 360  -> 361  -> 366  -> 369  -> 387  -> 385  -> 358  -> 368  -> 392  -> 377  -> 382  -> 391  -> 371  -> 378  -> 381  -> 370  -> 367  -> 354  -> 384  -> 380  -> 375  -> 359  -> 362  -> 364  -> 386  -> 376  -> 389  -> 356  -> 374  -> 390  -> 372  -> 373  -> 383  -> 379  -> 
Charging time: 
315.39610311851686  + 458.9742607101708  + 363.3477273739998  + 458.974537748929  + 458.97474312470234  + 315.38112107309877  + 267.24439051566117  + 411.18569251186193  + 363.34670271323506  + 506.73141259509146  + 596.974919977067  + 554.4666789476853  + 554.466787166826  + 605.9244217732631  + 458.9746607830796  + 649.8978677606541  + 697.6006024586335  + 745.2971934337015  + 506.73123315395503  + 652.1077367220132  + 315.4223203898233  + 652.6693656877468  + 266.6923682567174  + 697.6009672327057  + 458.97484380073627  + 411.1792819214202  + 649.8978700645667  + 602.1874797952615  + 664.2704979117701  + 713.3526073776399  + 458.9736092947394  + 649.8951615009012  + 554.466793907446  + 649.8977822289619  + 506.7312037475544  + 554.4667839747203  + 733.8869534858312  + 315.3763010200376  + 363.3383612201086  + 458.97199267763926  + 506.73143255406137  + 
total node:41/41
-------------------
Traveling energy: 2100.4801424163343
Charging energy: 105634.91385856265
Total energy used: 107735.39400097898
-------------------
Total time for travel: 2100.4801424163343
Total time for charging: 21126.98277171253
Charging round duration: 23227.462914128864
-------------------
ID | p | E0 | time_arrive | E_remain | time_charge | energy_charge| E_after_charge | E_after_cycle
388 | 0.06 | 8058.36 | 45.57 | 8055.63 | 315.40 | 1576.98 | 9613.68 | 8206.23
355 | 0.09 | 8306.27 | 490.53 | 8262.12 | 458.97 | 2294.87 | 10515.68 | 8457.47
357 | 0.07 | 8160.70 | 978.35 | 8092.21 | 363.35 | 1816.74 | 9883.52 | 8310.14
352 | 0.09 | 8306.26 | 1370.70 | 8182.90 | 458.97 | 2294.87 | 10436.47 | 8457.47
353 | 0.09 | 8306.26 | 1861.12 | 8138.76 | 458.97 | 2294.87 | 10392.32 | 8457.46
365 | 0.06 | 8058.74 | 2382.68 | 7915.78 | 315.38 | 1576.91 | 9473.77 | 8206.54
363 | 0.05 | 7925.25 | 2771.95 | 7786.66 | 267.24 | 1336.22 | 9109.52 | 8070.55
360 | 0.08 | 8241.45 | 3067.08 | 7996.09 | 411.19 | 2055.93 | 10019.12 | 8391.90
361 | 0.07 | 8160.72 | 3508.12 | 7915.15 | 363.35 | 1816.73 | 9706.45 | 8310.16
366 | 0.10 | 8359.38 | 3902.12 | 7969.17 | 506.73 | 2533.66 | 10452.15 | 8511.18
369 | 0.13 | 8473.27 | 4465.70 | 7892.73 | 596.97 | 2984.87 | 10800.00 | 8361.73
387 | 0.11 | 8403.67 | 5154.38 | 7836.69 | 554.47 | 2772.33 | 10548.03 | 8555.96
385 | 0.11 | 8403.67 | 5749.21 | 7771.26 | 554.47 | 2772.33 | 10482.60 | 8555.96
358 | 0.12 | 8389.08 | 6413.34 | 7619.48 | 605.92 | 3029.62 | 10576.39 | 8560.48
368 | 0.09 | 8306.26 | 7181.65 | 7659.91 | 458.97 | 2294.87 | 9913.48 | 8457.46
392 | 0.13 | 8473.25 | 7663.90 | 7476.94 | 649.90 | 3249.49 | 10641.95 | 8626.33
377 | 0.14 | 8501.06 | 8441.64 | 7319.23 | 697.60 | 3488.00 | 10709.57 | 8654.46
382 | 0.15 | 8525.38 | 9216.84 | 7142.85 | 745.30 | 3726.49 | 10757.54 | 8679.08
391 | 0.10 | 8359.38 | 10014.99 | 7357.88 | 506.73 | 2533.66 | 9840.86 | 8511.18
371 | 0.13 | 8444.54 | 10569.62 | 7070.49 | 652.11 | 3260.54 | 10246.25 | 8608.66
378 | 0.06 | 8057.69 | 11296.51 | 7379.90 | 315.42 | 1577.11 | 8938.09 | 8205.69
381 | 0.13 | 8437.27 | 11684.50 | 6918.28 | 652.67 | 3263.35 | 10096.78 | 8604.20
370 | 0.05 | 7941.66 | 12411.25 | 7321.10 | 266.69 | 1333.46 | 8641.22 | 8084.19
367 | 0.14 | 8501.05 | 12685.40 | 6725.10 | 697.60 | 3488.00 | 10115.44 | 8654.46
354 | 0.09 | 8306.26 | 13390.48 | 7101.11 | 458.97 | 2294.87 | 9354.68 | 8457.46
384 | 0.08 | 8241.58 | 13859.73 | 7132.80 | 411.18 | 2055.90 | 9155.81 | 8391.99
380 | 0.13 | 8473.25 | 14321.55 | 6611.45 | 649.90 | 3249.49 | 9776.45 | 8626.33
375 | 0.12 | 8441.14 | 14988.91 | 6642.47 | 602.19 | 3010.94 | 9581.15 | 8593.85
359 | 0.13 | 8289.92 | 15648.80 | 6255.57 | 664.27 | 3321.35 | 9490.57 | 8514.86
362 | 0.14 | 8313.34 | 16320.42 | 6028.48 | 713.35 | 3566.76 | 9495.38 | 8545.51
364 | 0.09 | 8306.28 | 17075.60 | 6769.48 | 458.97 | 2294.87 | 9023.04 | 8457.48
386 | 0.13 | 8473.29 | 17562.11 | 6190.21 | 649.90 | 3249.48 | 9355.20 | 8626.35
376 | 0.11 | 8403.67 | 18233.45 | 6397.99 | 554.47 | 2772.33 | 9109.33 | 8555.96
389 | 0.13 | 8473.25 | 18825.04 | 6026.00 | 649.90 | 3249.49 | 9191.00 | 8626.33
356 | 0.10 | 8359.38 | 19488.45 | 6410.54 | 506.73 | 2533.66 | 8893.52 | 8511.18
374 | 0.11 | 8403.67 | 20011.61 | 6202.39 | 554.47 | 2772.33 | 8913.73 | 8555.96
390 | 0.14 | 8080.73 | 20610.10 | 5195.32 | 733.89 | 3669.43 | 8762.01 | 8415.57
372 | 0.06 | 8058.87 | 21404.59 | 6774.59 | 315.38 | 1576.88 | 8332.55 | 8206.63
373 | 0.07 | 8160.91 | 21742.40 | 6638.94 | 363.34 | 1816.69 | 8430.20 | 8310.30
383 | 0.09 | 8306.31 | 22128.19 | 6314.77 | 458.97 | 2294.86 | 8568.32 | 8457.50
379 | 0.10 | 8359.38 | 22671.78 | 6092.20 | 506.73 | 2533.66 | 8575.18 | 8511.18
Vehicle 10
Charging tour: 
406  -> 396  -> 393  -> 397  -> 394  -> 399  -> 410  -> 404  -> 401  -> 405  -> 422  -> 421  -> 408  -> 418  -> 403  -> 407  -> 400  -> 428  -> 429  -> 430  -> 414  -> 411  -> 415  -> 417  -> 413  -> 402  -> 419  -> 412  -> 398  -> 431  -> 395  -> 416  -> 409  -> 420  -> 423  -> 427  -> 425  -> 426  -> 424  -> 
Charging time: 
329.8592248565943  + 585.1610848498899  + 801.0660276878663  + 710.7980970940274  + 618.7988452329698  + 678.9006042376502  + 375.96341841097455  + 536.5719212824134  + 600.4123995295695  + 334.91486678143866  + 278.21049355020875  + 329.42078920273843  + 274.87513697895537  + 332.6294591151615  + 581.3011944013836  + 433.0538992193596  + 450.0796577052497  + 225.52061570324  + 299.72562592244486  + 492.0610212499566  + 336.38909008168304  + 357.3605010633508  + 678.2755470484597  + 428.8974909378982  + 311.20407050136714  + 725.9650337357047  + 293.65998282029994  + 427.41142371485086  + 325.85937473167587  + 303.84316686704074  + 459.2821372982023  + 308.417999135736  + 689.5784780939049  + 645.5198293961143  + 631.9700780855615  + 493.27971859802665  + 307.65527568208495  + 539.5089635672634  + 355.7541057046501  + 
total node:39/39
-------------------
Traveling energy: 2705.5185772427985
Charging energy: 89445.78325037983
Total energy used: 92151.30182762262
-------------------
Total time for travel: 2705.5185772427985
Total time for charging: 17889.156650075965
Charging round duration: 20594.675227318763
-------------------
ID | p | E0 | time_arrive | E_remain | time_charge | energy_charge| E_after_charge | E_after_cycle
406 | 0.10 | 9198.48 | 147.87 | 9183.69 | 329.86 | 1649.30 | 10800.00 | 8465.92
396 | 0.13 | 8023.88 | 566.27 | 7950.27 | 585.16 | 2925.81 | 10800.00 | 7853.27
393 | 0.16 | 7123.21 | 1252.30 | 6922.84 | 801.07 | 4005.33 | 10800.00 | 7317.57
397 | 0.15 | 7664.56 | 2079.57 | 7352.63 | 710.80 | 3553.99 | 10800.00 | 7645.77
394 | 0.12 | 8129.61 | 2911.25 | 7780.26 | 618.80 | 3093.99 | 10800.00 | 8365.38
399 | 0.14 | 8006.49 | 3613.94 | 7500.54 | 678.90 | 3394.50 | 10800.00 | 8066.40
410 | 0.10 | 9388.70 | 4309.17 | 8957.78 | 375.96 | 1879.82 | 10800.00 | 8886.66
404 | 0.12 | 8757.35 | 4798.55 | 8181.53 | 536.57 | 2682.86 | 10800.00 | 8581.99
401 | 0.12 | 8533.77 | 5531.48 | 7869.99 | 600.41 | 3002.06 | 10800.00 | 8677.60
405 | 0.07 | 9587.13 | 6260.82 | 9148.87 | 334.91 | 1674.57 | 10800.00 | 9594.40
422 | 0.09 | 10035.31 | 6681.43 | 9433.99 | 278.21 | 1391.05 | 10800.00 | 9282.70
421 | 0.10 | 9887.17 | 7013.28 | 9185.84 | 329.42 | 1647.10 | 10800.00 | 9152.41
408 | 0.06 | 9886.98 | 7414.39 | 9442.12 | 274.88 | 1374.38 | 10800.00 | 9832.24
418 | 0.09 | 9861.13 | 7714.87 | 9166.79 | 332.63 | 1663.15 | 10800.00 | 9380.60
403 | 0.11 | 8856.47 | 8172.99 | 7957.44 | 581.30 | 2906.51 | 10800.00 | 9142.93
407 | 0.08 | 9381.47 | 8901.13 | 8669.37 | 433.05 | 2165.27 | 10800.00 | 9641.25
400 | 0.08 | 9235.55 | 9438.81 | 8480.44 | 450.08 | 2250.40 | 10694.84 | 9580.46
428 | 0.05 | 10182.83 | 9983.06 | 9683.67 | 225.52 | 1127.60 | 10800.00 | 10119.50
429 | 0.09 | 10249.58 | 10235.88 | 9328.35 | 299.73 | 1498.63 | 10800.00 | 9604.53
430 | 0.09 | 9333.73 | 10552.76 | 8383.98 | 492.06 | 2460.31 | 10800.00 | 9650.36
414 | 0.07 | 9916.21 | 11065.89 | 9141.60 | 336.39 | 1681.95 | 10800.00 | 9930.86
411 | 0.07 | 9837.44 | 11417.57 | 9038.21 | 357.36 | 1786.80 | 10800.00 | 9956.95
415 | 0.14 | 9153.78 | 11787.14 | 7503.58 | 678.28 | 3391.38 | 10800.00 | 9210.56
417 | 0.09 | 9818.45 | 12492.59 | 8694.11 | 428.90 | 2144.49 | 10800.00 | 9819.26
413 | 0.06 | 10017.70 | 13017.73 | 9236.64 | 311.20 | 1556.02 | 10773.99 | 10144.61
402 | 0.12 | 8588.70 | 13334.71 | 6988.54 | 725.97 | 3629.83 | 10531.25 | 9360.30
419 | 0.06 | 10193.92 | 14076.69 | 9349.32 | 293.66 | 1468.30 | 10800.00 | 10233.11
412 | 0.08 | 9725.37 | 14481.59 | 8566.84 | 427.41 | 2137.06 | 10669.70 | 9956.94
398 | 0.06 | 9567.16 | 14935.34 | 8671.04 | 325.86 | 1629.30 | 10280.79 | 9767.35
431 | 0.07 | 10372.08 | 15286.10 | 9302.05 | 303.84 | 1519.22 | 10800.00 | 10224.00
395 | 0.08 | 9050.50 | 15640.76 | 7799.24 | 459.28 | 2296.41 | 10058.91 | 9441.43
416 | 0.06 | 10108.20 | 16101.90 | 9142.08 | 308.42 | 1542.09 | 10665.67 | 10221.17
409 | 0.12 | 9041.90 | 16491.08 | 7062.97 | 689.58 | 3447.89 | 10428.11 | 9631.57
420 | 0.12 | 9659.04 | 17254.04 | 7588.55 | 645.52 | 3227.60 | 10738.69 | 10028.41
423 | 0.12 | 9866.13 | 17944.36 | 7712.81 | 631.97 | 3159.85 | 10796.82 | 10167.75
427 | 0.09 | 9480.07 | 18659.83 | 7800.68 | 493.28 | 2466.40 | 10222.69 | 9802.79
425 | 0.06 | 10133.26 | 19203.69 | 8981.03 | 307.66 | 1538.28 | 10500.85 | 10242.42
426 | 0.10 | 9630.82 | 19538.44 | 7676.98 | 539.51 | 2697.54 | 10320.57 | 9946.51
424 | 0.07 | 10223.75 | 20091.94 | 8817.31 | 355.75 | 1778.77 | 10571.18 | 10335.22
Vehicle 11
Charging tour: 
433  -> 440  -> 432  -> 449  -> 441  -> 435  -> 458  -> 442  -> 437  -> 439  -> 457  -> 459  -> 443  -> 446  -> 444  -> 445  -> 455  -> 467  -> 436  -> 450  -> 434  -> 438  -> 453  -> 456  -> 464  -> 448  -> 447  -> 465  -> 466  -> 462  -> 469  -> 460  -> 454  -> 451  -> 452  -> 468  -> 463  -> 461  -> 
Charging time: 
471.10095742184984  + 592.7692054083177  + 401.7529305001118  + 341.6592199560278  + 662.7278251663307  + 607.5613901992562  + 237.93392516420928  + 744.7169740243587  + 261.79462815020935  + 259.9051102038628  + 195.45302990219216  + 345.5326816805397  + 390.0352667422162  + 655.6975963970389  + 350.02511658435515  + 300.2661724217793  + 359.4172054767525  + 288.65014820888183  + 335.96321014271217  + 332.70573143666354  + 912.4518061050973  + 399.5671218680011  + 488.2486412249272  + 527.843145698433  + 566.97221134644  + 509.51202317482756  + 578.2326086033528  + 326.7867311241811  + 715.7187305774677  + 265.25915193224614  + 350.1488766606719  + 815.3928109973834  + 696.2923965417472  + 502.4653079325873  + 438.6466868686649  + 418.4146166413688  + 474.4809385664318  + 535.4505778079142  + 
total node:38/38
-------------------
Traveling energy: 2312.2041098337013
Charging energy: 88287.76354429706
Total energy used: 90599.96765413077
-------------------
Total time for travel: 2312.2041098337013
Total time for charging: 17657.552708859414
Charging round duration: 19969.756818693117
-------------------
ID | p | E0 | time_arrive | E_remain | time_charge | energy_charge| E_after_charge | E_after_cycle
433 | 0.10 | 8502.44 | 108.33 | 8491.61 | 471.10 | 2355.50 | 10800.00 | 8476.09
440 | 0.14 | 8005.97 | 620.23 | 7919.14 | 592.77 | 2963.85 | 10800.00 | 7635.22
432 | 0.08 | 8930.79 | 1342.68 | 8823.38 | 401.75 | 2008.76 | 10800.00 | 9034.07
449 | 0.10 | 9311.32 | 1854.55 | 9125.87 | 341.66 | 1708.30 | 10800.00 | 8637.77
441 | 0.15 | 7925.08 | 2262.07 | 7585.77 | 662.73 | 3313.64 | 10800.00 | 7665.94
435 | 0.12 | 8206.62 | 3095.96 | 7835.10 | 607.56 | 3037.81 | 10800.00 | 8386.20
458 | 0.05 | 9809.47 | 3744.94 | 9622.23 | 237.93 | 1189.67 | 10800.00 | 9808.22
442 | 0.16 | 7837.84 | 4014.20 | 7195.57 | 744.72 | 3723.58 | 10800.00 | 7750.46
437 | 0.05 | 9745.45 | 4826.72 | 9504.12 | 261.79 | 1308.97 | 10800.00 | 9863.50
439 | 0.05 | 9768.40 | 5098.61 | 9513.47 | 259.91 | 1299.53 | 10800.00 | 9877.00
457 | 0.06 | 10158.39 | 5398.88 | 9834.46 | 195.45 | 977.27 | 10800.00 | 9706.55
459 | 0.11 | 9728.10 | 5615.97 | 9110.35 | 345.53 | 1727.66 | 10800.00 | 8835.72
443 | 0.08 | 9359.81 | 5984.75 | 8881.03 | 390.04 | 1950.18 | 10800.00 | 9404.50
446 | 0.14 | 8507.94 | 6390.23 | 7613.31 | 655.70 | 3278.49 | 10800.00 | 8451.83
444 | 0.07 | 9569.47 | 7072.81 | 9074.38 | 350.03 | 1750.13 | 10800.00 | 9652.30
445 | 0.06 | 9766.25 | 7492.75 | 9316.69 | 300.27 | 1501.33 | 10800.00 | 9838.47
455 | 0.09 | 9741.04 | 7841.99 | 9035.26 | 359.42 | 1797.09 | 10800.00 | 9394.46
467 | 0.08 | 10041.36 | 8268.96 | 9379.84 | 288.65 | 1443.25 | 10800.00 | 9579.12
436 | 0.06 | 9519.23 | 8584.73 | 9004.15 | 335.96 | 1679.82 | 10663.80 | 9769.93
450 | 0.07 | 9788.56 | 8982.81 | 9159.76 | 332.71 | 1663.53 | 10800.00 | 9784.79
434 | 0.14 | 7687.41 | 9442.33 | 6365.48 | 912.45 | 4562.26 | 10800.00 | 8915.07
438 | 0.07 | 9337.93 | 10431.48 | 8607.72 | 399.57 | 1997.84 | 10577.59 | 9668.47
453 | 0.10 | 9494.04 | 10864.54 | 8407.58 | 488.25 | 2441.24 | 10800.00 | 9553.42
456 | 0.11 | 9470.79 | 11381.34 | 8218.85 | 527.84 | 2639.22 | 10800.00 | 9489.97
464 | 0.14 | 9712.95 | 11917.41 | 8044.52 | 566.97 | 2834.86 | 10800.00 | 9213.22
448 | 0.09 | 9415.22 | 12509.93 | 8289.32 | 509.51 | 2547.56 | 10791.03 | 9819.11
447 | 0.10 | 9218.06 | 13091.57 | 7908.91 | 578.23 | 2891.16 | 10742.25 | 9727.37
465 | 0.08 | 10295.78 | 13794.63 | 9192.21 | 326.79 | 1633.93 | 10800.00 | 10024.23
466 | 0.14 | 9311.36 | 14212.51 | 7321.61 | 715.72 | 3578.59 | 10800.00 | 9555.35
462 | 0.05 | 10047.13 | 14973.54 | 9298.45 | 265.26 | 1326.30 | 10611.48 | 10182.49
469 | 0.07 | 10144.20 | 15291.92 | 9073.77 | 350.15 | 1750.74 | 10800.00 | 10227.65
460 | 0.16 | 9358.48 | 15656.12 | 6853.50 | 815.39 | 4076.96 | 10800.00 | 9624.47
454 | 0.12 | 9186.11 | 16492.09 | 7207.06 | 696.29 | 3481.46 | 10604.97 | 9809.35
451 | 0.09 | 9547.26 | 17214.08 | 7997.99 | 502.47 | 2512.33 | 10465.10 | 9915.91
452 | 0.08 | 9721.14 | 17734.17 | 8302.41 | 438.65 | 2193.23 | 10460.55 | 10008.89
468 | 0.08 | 10191.20 | 18191.32 | 8735.90 | 418.41 | 2092.07 | 10794.50 | 10377.79
463 | 0.09 | 10110.35 | 18697.22 | 8427.60 | 474.48 | 2372.40 | 10757.30 | 10339.08
461 | 0.10 | 9954.58 | 19270.42 | 8027.54 | 535.45 | 2677.25 | 10651.24 | 10249.98
Vehicle 12
Charging tour: 
471  -> 473  -> 474  -> 483  -> 479  -> 475  -> 476  -> 487  -> 481  -> 472  -> 485  -> 505  -> 496  -> 470  -> 492  -> 489  -> 478  -> 488  -> 480  -> 501  -> 486  -> 499  -> 482  -> 502  -> 506  -> 494  -> 500  -> 507  -> 497  -> 491  -> 503  -> 484  -> 495  -> 504  -> 490  -> 508  -> 498  -> 477  -> 493  -> 
Charging time: 
381.4303610343906  + 565.7853732860918  + 662.8704892845705  + 271.76897050218884  + 523.8938392290501  + 850.8010542013064  + 450.40487522507226  + 356.2738628469299  + 413.4691665026676  + 340.53073872672337  + 400.31409534567797  + 225.0121796459948  + 249.69639220154644  + 284.33584259772954  + 369.13472218202367  + 399.8700360917915  + 731.7946911378016  + 285.5184606882408  + 728.9383275150366  + 230.48225316775935  + 318.1991422667654  + 489.51015211911954  + 336.9055687583496  + 274.64407385265395  + 354.338705985208  + 392.998140459572  + 563.2657839009289  + 354.93739364652123  + 439.83444726953894  + 564.2450326168631  + 586.3190367999958  + 335.3787495456931  + 554.9636943799121  + 577.1077138457778  + 390.6997450604284  + 418.65167079209766  + 322.7564081214831  + 623.7002467900903  + 454.3091157801248  + 
total node:39/39
-------------------
Traveling energy: 2198.2579747317677
Charging energy: 85375.45276701859
Total energy used: 87573.71074175036
-------------------
Total time for travel: 2198.2579747317677
Total time for charging: 17075.09055340372
Charging round duration: 19273.348528135488
-------------------
ID | p | E0 | time_arrive | E_remain | time_charge | energy_charge| E_after_charge | E_after_cycle
471 | 0.08 | 8934.13 | 134.56 | 8923.36 | 381.43 | 1907.15 | 10800.00 | 8935.79
473 | 0.12 | 8105.07 | 550.81 | 8038.97 | 565.79 | 2828.93 | 10800.00 | 8075.77
474 | 0.14 | 7736.81 | 1131.11 | 7578.45 | 662.87 | 3314.35 | 10800.00 | 7716.56
483 | 0.07 | 9590.95 | 1868.23 | 9460.18 | 271.77 | 1358.84 | 10800.00 | 9282.50
479 | 0.12 | 8515.25 | 2265.44 | 8243.40 | 523.89 | 2619.47 | 10800.00 | 8276.49
475 | 0.17 | 7168.61 | 2811.62 | 6690.63 | 850.80 | 4254.01 | 10800.00 | 7373.46
476 | 0.09 | 8924.87 | 3737.35 | 8588.51 | 450.40 | 2252.02 | 10800.00 | 9033.23
487 | 0.09 | 9429.03 | 4203.72 | 9050.70 | 356.27 | 1781.37 | 10800.00 | 9066.73
481 | 0.09 | 9183.89 | 4600.27 | 8769.87 | 413.47 | 2067.35 | 10800.00 | 9107.57
472 | 0.06 | 9419.53 | 5029.15 | 9117.78 | 340.53 | 1702.65 | 10800.00 | 9693.07
485 | 0.09 | 9325.23 | 5453.08 | 8834.46 | 400.31 | 2001.57 | 10800.00 | 9183.14
505 | 0.09 | 10234.54 | 5992.79 | 9695.19 | 225.01 | 1125.06 | 10800.00 | 9215.93
496 | 0.07 | 10007.46 | 6263.77 | 9569.00 | 249.70 | 1248.48 | 10800.00 | 9588.64
470 | 0.05 | 9622.26 | 6561.37 | 9294.19 | 284.34 | 1421.68 | 10701.65 | 9853.01
492 | 0.09 | 9609.64 | 6912.15 | 8987.55 | 369.13 | 1845.67 | 10800.00 | 9311.65
489 | 0.09 | 9494.82 | 7313.11 | 8836.64 | 399.87 | 1999.35 | 10800.00 | 9350.50
478 | 0.13 | 8247.88 | 7782.49 | 7236.16 | 731.79 | 3658.97 | 10800.00 | 8810.44
488 | 0.06 | 9904.23 | 8578.11 | 9389.54 | 285.52 | 1427.59 | 10800.00 | 9902.70
480 | 0.13 | 8405.21 | 8885.68 | 7250.07 | 728.94 | 3644.69 | 10800.00 | 8953.49
501 | 0.05 | 10141.95 | 9656.73 | 9659.11 | 230.48 | 1152.41 | 10800.00 | 10103.43
486 | 0.06 | 9826.07 | 9966.21 | 9228.10 | 318.20 | 1591.00 | 10800.00 | 9987.95
499 | 0.12 | 9648.67 | 10312.36 | 8411.19 | 489.51 | 2447.55 | 10800.00 | 9238.00
482 | 0.06 | 9745.00 | 10851.03 | 9093.93 | 336.91 | 1684.53 | 10758.25 | 10000.41
502 | 0.07 | 10232.43 | 11234.66 | 9446.00 | 274.64 | 1373.22 | 10800.00 | 9938.35
506 | 0.10 | 10222.59 | 11588.53 | 9063.74 | 354.34 | 1771.69 | 10800.00 | 9612.43
494 | 0.08 | 9823.43 | 11962.25 | 8866.45 | 393.00 | 1964.99 | 10800.00 | 9882.94
500 | 0.12 | 9535.12 | 12365.45 | 8051.26 | 563.27 | 2816.33 | 10800.00 | 9493.22
507 | 0.09 | 10229.47 | 13024.58 | 9057.26 | 354.94 | 1774.69 | 10800.00 | 9860.49
497 | 0.09 | 9846.91 | 13405.51 | 8640.41 | 439.83 | 2199.17 | 10800.00 | 9902.41
491 | 0.10 | 9426.63 | 13914.33 | 8035.20 | 564.25 | 2821.23 | 10800.00 | 9866.00
503 | 0.13 | 9829.56 | 14499.51 | 7944.63 | 586.32 | 2931.60 | 10800.00 | 9664.75
484 | 0.06 | 9789.36 | 15140.07 | 8880.96 | 335.38 | 1676.89 | 10537.73 | 10037.14
495 | 0.10 | 9637.85 | 15571.73 | 8080.68 | 554.96 | 2774.82 | 10800.00 | 10030.81
504 | 0.11 | 9756.65 | 16170.09 | 7977.94 | 577.11 | 2885.54 | 10800.00 | 10022.15
490 | 0.07 | 9803.78 | 16764.59 | 8630.26 | 390.70 | 1953.50 | 10556.41 | 10089.98
508 | 0.08 | 10113.44 | 17165.04 | 8740.23 | 418.65 | 2093.26 | 10800.00 | 10301.21
498 | 0.06 | 10172.20 | 17616.54 | 9115.21 | 322.76 | 1613.78 | 10709.63 | 10356.87
477 | 0.10 | 8773.29 | 18029.11 | 6970.38 | 623.70 | 3118.50 | 10026.51 | 9509.94
493 | 0.08 | 9635.56 | 18697.80 | 8139.74 | 454.31 | 2271.55 | 10374.94 | 10001.63
Vehicle 13
Charging tour: 
515  -> 514  -> 517  -> 516  -> 529  -> 520  -> 513  -> 518  -> 522  -> 512  -> 511  -> 521  -> 509  -> 510  -> 524  -> 537  -> 523  -> 525  -> 535  -> 539  -> 532  -> 530  -> 526  -> 531  -> 533  -> 534  -> 536  -> 528  -> 538  -> 519  -> 540  -> 527  -> 
Charging time: 
578.5453623179058  + 528.5209460046839  + 414.80816916838285  + 390.28420431608305  + 432.7785082453243  + 288.61010706134397  + 447.23278196833996  + 496.94542634500243  + 423.4918039147847  + 542.0864794042789  + 849.3649483714262  + 427.37623141836633  + 551.9283197896402  + 492.2422808562168  + 626.4670135562363  + 222.54411480762943  + 304.5554905155705  + 540.6725188564154  + 246.35129255356026  + 343.41967777947053  + 359.2524502046923  + 284.5579815688818  + 472.7415440914008  + 485.3840604208232  + 383.49972246352394  + 335.400285626715  + 236.15773831871803  + 439.7829886254156  + 517.7502121907637  + 793.8175931680296  + 332.0527633290721  + 361.05446030001315  + 
total node:32/32
-------------------
Traveling energy: 2067.4928449186773
Charging energy: 70748.38738779354
Total energy used: 72815.88023271222
-------------------
Total time for travel: 2067.4928449186773
Total time for charging: 14149.67747755871
Charging round duration: 16217.170322477386
-------------------
ID | p | E0 | time_arrive | E_remain | time_charge | energy_charge| E_after_charge | E_after_cycle
515 | 0.14 | 8015.53 | 194.69 | 7988.27 | 578.55 | 2892.73 | 10800.00 | 7573.66
514 | 0.12 | 8321.89 | 842.24 | 8220.82 | 528.52 | 2642.60 | 10800.00 | 8106.26
517 | 0.10 | 8907.84 | 1403.99 | 8767.44 | 414.81 | 2074.04 | 10800.00 | 8600.02
516 | 0.09 | 9052.26 | 1872.85 | 8883.70 | 390.28 | 1951.42 | 10800.00 | 8860.01
529 | 0.14 | 9022.54 | 2327.46 | 8696.70 | 432.78 | 2163.89 | 10800.00 | 7851.84
520 | 0.07 | 9574.09 | 2813.41 | 9377.15 | 288.61 | 1443.05 | 10800.00 | 9349.84
513 | 0.09 | 8885.38 | 3125.43 | 8604.09 | 447.23 | 2236.16 | 10800.00 | 8977.87
518 | 0.11 | 8769.69 | 3634.08 | 8369.94 | 496.95 | 2484.73 | 10800.00 | 8634.37
522 | 0.10 | 9151.54 | 4266.52 | 8724.89 | 423.49 | 2117.46 | 10800.00 | 8887.15
512 | 0.10 | 8626.04 | 4822.66 | 8143.78 | 542.09 | 2710.43 | 10800.00 | 8954.62
511 | 0.15 | 7490.07 | 5396.61 | 6680.58 | 849.36 | 4246.82 | 10800.00 | 8164.11
521 | 0.09 | 9269.30 | 6308.00 | 8701.58 | 427.38 | 2136.88 | 10800.00 | 9262.51
509 | 0.09 | 8705.59 | 6839.53 | 8090.03 | 551.93 | 2759.64 | 10800.00 | 9321.56
510 | 0.08 | 8973.18 | 7437.65 | 8378.17 | 492.24 | 2461.21 | 10800.00 | 9528.91
524 | 0.13 | 8782.10 | 7946.11 | 7749.11 | 626.47 | 3132.34 | 10800.00 | 8818.02
537 | 0.06 | 10220.34 | 8661.73 | 9700.63 | 222.54 | 1112.72 | 10800.00 | 9903.94
523 | 0.06 | 9831.11 | 8926.88 | 9295.50 | 304.56 | 1522.78 | 10800.00 | 9924.77
525 | 0.11 | 9176.66 | 9277.73 | 8156.11 | 540.67 | 2703.36 | 10800.00 | 9259.98
535 | 0.06 | 10177.12 | 9901.59 | 9583.02 | 246.35 | 1231.76 | 10800.00 | 9979.76
539 | 0.09 | 10034.42 | 10229.05 | 9113.81 | 343.42 | 1717.10 | 10800.00 | 9607.85
532 | 0.08 | 9883.56 | 10638.54 | 9032.48 | 359.25 | 1796.26 | 10800.00 | 9774.34
530 | 0.06 | 10055.24 | 11015.91 | 9394.28 | 284.56 | 1422.79 | 10800.00 | 10048.91
526 | 0.09 | 9504.49 | 11396.09 | 8478.84 | 472.74 | 2363.71 | 10800.00 | 9724.52
531 | 0.10 | 9615.81 | 11941.95 | 8421.62 | 485.38 | 2426.92 | 10800.00 | 9660.88
533 | 0.08 | 9911.28 | 12476.23 | 8913.18 | 383.50 | 1917.50 | 10800.00 | 9923.29
534 | 0.07 | 10049.61 | 12901.89 | 9146.48 | 335.40 | 1677.00 | 10800.00 | 10059.31
536 | 0.05 | 10294.84 | 13276.32 | 9631.02 | 236.16 | 1180.79 | 10800.00 | 10284.70
528 | 0.08 | 9717.81 | 13519.27 | 8636.27 | 439.78 | 2198.91 | 10800.00 | 10011.24
538 | 0.11 | 9804.89 | 13969.93 | 8268.20 | 517.75 | 2588.75 | 10800.00 | 9773.60
519 | 0.12 | 8667.56 | 14511.54 | 6926.17 | 793.82 | 3969.09 | 10800.00 | 9778.42
540 | 0.07 | 10235.19 | 15317.29 | 9162.98 | 332.05 | 1660.26 | 10800.00 | 10228.16
527 | 0.06 | 9957.56 | 15686.13 | 9016.39 | 361.05 | 1805.27 | 10800.00 | 10333.72
Vehicle 14
Charging tour: 
542  -> 548  -> 556  -> 541  -> 568  -> 547  -> 562  -> 549  -> 558  -> 570  -> 543  -> 567  -> 554  -> 552  -> 560  -> 546  -> 576  -> 571  -> 564  -> 566  -> 578  -> 544  -> 550  -> 555  -> 545  -> 579  -> 574  -> 557  -> 551  -> 559  -> 553  -> 575  -> 572  -> 561  -> 580  -> 565  -> 577  -> 573  -> 569  -> 563  -> 
Charging time: 
757.6751969185107  + 514.9251829065619  + 298.09549947785337  + 725.5088056442164  + 357.3145327183783  + 288.1798653565284  + 372.2338535843907  + 238.8642949942611  + 377.78986554964786  + 359.38591266468507  + 445.35506889594274  + 323.61150790060674  + 626.188845714653  + 310.7804226754233  + 216.51808551923713  + 571.2680206054665  + 252.93019803772202  + 254.1186285828533  + 263.73390095058664  + 601.8175889764625  + 311.9465784648209  + 379.252707286432  + 371.8630522678711  + 487.9685107568816  + 730.4273441858841  + 637.5346404520673  + 302.0107903581347  + 483.21876206670987  + 370.3508696642987  + 876.8183943973571  + 368.32707486102044  + 352.3889259829851  + 717.0320695544247  + 669.1856160281498  + 674.8320338407339  + 362.11147391727354  + 604.2343540793537  + 659.6747244602863  + 302.4953362647592  + 646.8480888811793  + 
total node:40/40
-------------------
Traveling energy: 2325.009326057262
Charging energy: 92324.08312722304
Total energy used: 94649.0924532803
-------------------
Total time for travel: 2325.009326057262
Total time for charging: 18464.816625444608
Charging round duration: 20789.82595150187
-------------------
ID | p | E0 | time_arrive | E_remain | time_charge | energy_charge| E_after_charge | E_after_cycle
542 | 0.16 | 7156.54 | 148.05 | 7132.85 | 757.68 | 3788.38 | 10800.00 | 7133.95
548 | 0.12 | 8399.86 | 939.09 | 8287.17 | 514.93 | 2574.63 | 10800.00 | 8116.26
556 | 0.08 | 9460.49 | 1589.02 | 9333.37 | 298.10 | 1490.48 | 10800.00 | 9045.48
541 | 0.14 | 7549.00 | 1964.07 | 7274.03 | 725.51 | 3627.54 | 10800.00 | 7841.94
568 | 0.14 | 9441.88 | 2703.08 | 9063.45 | 357.31 | 1786.57 | 10800.00 | 7893.86
547 | 0.06 | 9561.41 | 3083.70 | 9376.39 | 288.18 | 1440.90 | 10800.00 | 9573.20
562 | 0.09 | 9278.84 | 3405.61 | 8972.33 | 372.23 | 1861.17 | 10800.00 | 8996.34
549 | 0.05 | 9810.19 | 3851.46 | 9617.62 | 238.86 | 1194.32 | 10800.00 | 9813.59
558 | 0.08 | 9270.29 | 4112.67 | 8941.27 | 377.79 | 1888.95 | 10800.00 | 9253.75
570 | 0.11 | 9548.76 | 4601.39 | 9042.60 | 359.39 | 1796.93 | 10800.00 | 8725.64
543 | 0.08 | 9005.32 | 5020.69 | 8603.66 | 445.36 | 2226.78 | 10794.81 | 9326.61
567 | 0.10 | 9763.36 | 5490.61 | 9214.30 | 323.61 | 1618.06 | 10800.00 | 8999.57
554 | 0.13 | 8509.52 | 5838.94 | 7750.46 | 626.19 | 3130.94 | 10800.00 | 8544.05
552 | 0.06 | 9654.39 | 6494.07 | 9264.74 | 310.78 | 1553.90 | 10800.00 | 9779.18
560 | 0.05 | 10071.50 | 6865.22 | 9728.24 | 216.52 | 1082.59 | 10800.00 | 9963.16
546 | 0.10 | 8711.58 | 7107.93 | 8000.79 | 571.27 | 2856.34 | 10800.00 | 9186.06
576 | 0.05 | 9910.25 | 7725.13 | 9524.00 | 252.93 | 1264.65 | 10776.00 | 9983.98
571 | 0.05 | 9863.91 | 8030.72 | 9462.37 | 254.12 | 1270.59 | 10720.26 | 9943.57
564 | 0.06 | 9996.89 | 8328.89 | 9497.15 | 263.73 | 1318.67 | 10800.00 | 9886.44
566 | 0.15 | 9177.11 | 8639.47 | 7881.18 | 601.82 | 3009.09 | 10800.00 | 8613.41
578 | 0.07 | 9910.94 | 9269.03 | 9262.10 | 311.95 | 1559.73 | 10800.00 | 9803.37
544 | 0.07 | 9253.05 | 9619.09 | 8579.71 | 379.25 | 1896.26 | 10449.43 | 9482.01
550 | 0.07 | 9436.92 | 10097.64 | 8730.09 | 371.86 | 1859.32 | 10563.37 | 9628.94
555 | 0.09 | 9246.26 | 10548.20 | 8296.92 | 487.97 | 2439.84 | 10692.85 | 9542.43
545 | 0.12 | 8236.06 | 11150.87 | 6897.96 | 730.43 | 3652.14 | 10462.44 | 9029.97
579 | 0.17 | 9766.15 | 12032.04 | 7720.71 | 637.53 | 3187.67 | 10800.00 | 8904.67
574 | 0.06 | 9959.65 | 12676.98 | 9199.03 | 302.01 | 1510.05 | 10690.97 | 10040.59
557 | 0.09 | 9337.15 | 13026.14 | 8164.79 | 483.22 | 2416.09 | 10537.40 | 9609.57
551 | 0.07 | 9475.46 | 13523.61 | 8528.80 | 370.35 | 1851.75 | 10354.63 | 9659.91
559 | 0.15 | 8576.24 | 13911.94 | 6489.45 | 876.82 | 4384.09 | 10742.02 | 9387.55
553 | 0.07 | 9527.52 | 14836.75 | 8488.95 | 368.33 | 1841.64 | 10304.80 | 9701.85
575 | 0.07 | 9958.44 | 15271.93 | 8889.40 | 352.39 | 1761.94 | 10626.68 | 10053.08
572 | 0.15 | 9667.52 | 15634.15 | 7322.39 | 717.03 | 3585.16 | 10800.00 | 9679.89
561 | 0.12 | 8989.80 | 16409.33 | 7020.68 | 669.19 | 3345.93 | 10286.31 | 9477.50
580 | 0.13 | 9657.46 | 17120.59 | 7431.79 | 674.83 | 3374.16 | 10718.22 | 9935.21
565 | 0.07 | 9691.06 | 17842.16 | 8442.11 | 362.11 | 1810.56 | 10227.32 | 9834.32
577 | 0.12 | 9956.15 | 18275.34 | 7763.10 | 604.23 | 3021.17 | 10711.77 | 10119.09
573 | 0.13 | 9879.36 | 18943.85 | 7416.66 | 659.67 | 3298.37 | 10629.28 | 10081.32
569 | 0.06 | 9943.70 | 19627.05 | 8766.08 | 302.50 | 1512.48 | 10260.40 | 10027.06
563 | 0.12 | 9300.24 | 19949.78 | 6906.27 | 646.85 | 3234.24 | 10062.89 | 9676.26
Vehicle 15
Charging tour: 
586  -> 582  -> 581  -> 601  -> 588  -> 602  -> 593  -> 596  -> 595  -> 584  -> 607  -> 616  -> 610  -> 591  -> 598  -> 594  -> 589  -> 585  -> 599  -> 605  -> 613  -> 608  -> 597  -> 587  -> 612  -> 603  -> 590  -> 583  -> 592  -> 619  -> 614  -> 604  -> 609  -> 606  -> 618  -> 617  -> 600  -> 611  -> 615  -> 
Charging time: 
464.88374194123736  + 330.40828184991943  + 594.4609094253696  + 373.268923070354  + 579.3501489758914  + 428.6552749722963  + 323.80946361117566  + 323.8594369131087  + 370.73246039472775  + 698.2297994954173  + 351.3385990531057  + 373.7903244691932  + 372.61743943587607  + 397.6450175222047  + 563.7991268272514  + 533.931776722902  + 485.0789988577936  + 496.1651209605054  + 429.9976449683612  + 439.2359246657251  + 370.7196184568869  + 421.03393753197355  + 526.9812147203396  + 627.0746414724557  + 422.1811642812901  + 471.29465130207535  + 420.6518010522174  + 323.8739306257938  + 540.8293347370287  + 417.35674526681146  + 556.8552795886535  + 563.6315691979479  + 755.2349066815767  + 563.5964288772597  + 657.5575172931121  + 652.155168100796  + 517.5233311900822  + 749.82499799767  + 668.2590858636945  + 
total node:39/39
-------------------
Traveling energy: 2429.4215742191755
Charging energy: 95789.46869185042
Total energy used: 98218.89026606959
-------------------
Total time for travel: 2429.4215742191755
Total time for charging: 19157.893738370083
Charging round duration: 21587.315312589257
-------------------
ID | p | E0 | time_arrive | E_remain | time_charge | energy_charge| E_after_charge | E_after_cycle
586 | 0.11 | 8544.08 | 157.82 | 8526.72 | 464.88 | 2324.42 | 10800.00 | 8248.46
582 | 0.07 | 9219.17 | 686.90 | 9171.09 | 330.41 | 1652.04 | 10800.00 | 9203.91
581 | 0.12 | 8033.51 | 1120.64 | 7899.03 | 594.46 | 2972.30 | 10800.00 | 8147.58
601 | 0.09 | 9134.04 | 1853.18 | 8967.25 | 373.27 | 1866.34 | 10800.00 | 8856.71
588 | 0.13 | 8281.47 | 2330.03 | 7978.56 | 579.35 | 2896.75 | 10800.00 | 8081.81
602 | 0.14 | 9129.09 | 2945.42 | 8716.74 | 428.66 | 2143.28 | 10800.00 | 7937.77
593 | 0.06 | 9088.74 | 3415.12 | 8883.84 | 323.81 | 1619.05 | 10483.45 | 9278.68
596 | 0.06 | 9087.34 | 3775.32 | 8860.82 | 323.86 | 1619.30 | 10460.69 | 9277.52
595 | 0.07 | 9261.46 | 4133.22 | 8972.14 | 370.73 | 1853.66 | 10799.85 | 9447.83
584 | 0.13 | 7989.26 | 4535.71 | 7399.62 | 698.23 | 3491.15 | 10800.00 | 8384.00
607 | 0.12 | 9714.03 | 5238.00 | 9085.47 | 351.34 | 1756.69 | 10800.00 | 8612.49
616 | 0.12 | 9649.31 | 5611.71 | 8975.90 | 373.79 | 1868.95 | 10800.00 | 8660.03
610 | 0.09 | 9516.36 | 6065.70 | 8970.45 | 372.62 | 1863.09 | 10800.00 | 9235.78
591 | 0.08 | 9361.93 | 6479.35 | 8843.59 | 397.65 | 1988.23 | 10800.00 | 9444.67
598 | 0.13 | 8949.12 | 6883.25 | 8054.30 | 563.80 | 2819.00 | 10800.00 | 8671.70
594 | 0.11 | 9013.50 | 7494.76 | 8189.07 | 533.93 | 2669.66 | 10800.00 | 9063.11
589 | 0.09 | 9100.64 | 8054.91 | 8375.70 | 485.08 | 2425.39 | 10757.44 | 9382.37
585 | 0.09 | 8897.30 | 8580.95 | 8125.02 | 496.17 | 2480.83 | 10561.19 | 9234.46
599 | 0.09 | 9516.36 | 9196.06 | 8688.71 | 430.00 | 2149.99 | 10800.00 | 9522.68
605 | 0.09 | 9516.37 | 9700.26 | 8643.35 | 439.24 | 2196.18 | 10800.00 | 9568.88
613 | 0.07 | 9261.78 | 10188.64 | 8548.58 | 370.72 | 1853.60 | 10376.23 | 9448.08
608 | 0.08 | 9319.98 | 10576.66 | 8473.85 | 421.03 | 2105.17 | 10545.33 | 9519.67
597 | 0.10 | 9307.80 | 11034.25 | 8204.37 | 526.98 | 2634.91 | 10786.58 | 9560.85
587 | 0.11 | 8604.30 | 11649.20 | 7322.89 | 627.07 | 3135.37 | 10389.28 | 9119.63
612 | 0.08 | 9294.65 | 12331.12 | 8308.17 | 422.18 | 2110.91 | 10385.30 | 9500.08
603 | 0.09 | 9366.82 | 12786.17 | 8216.06 | 471.29 | 2356.47 | 10530.12 | 9579.62
590 | 0.08 | 9328.45 | 13291.63 | 8265.12 | 420.65 | 2103.26 | 10334.72 | 9526.22
583 | 0.06 | 9086.93 | 13797.91 | 8259.06 | 323.87 | 1619.37 | 9859.00 | 9277.19
592 | 0.10 | 9069.47 | 14181.34 | 7651.33 | 540.83 | 2704.15 | 10301.40 | 9391.76
619 | 0.08 | 9402.10 | 14883.36 | 8211.43 | 417.36 | 2086.78 | 10264.82 | 9583.39
614 | 0.11 | 9689.30 | 15335.99 | 8002.34 | 556.86 | 2784.28 | 10725.36 | 9853.54
604 | 0.11 | 9572.81 | 15943.40 | 7819.04 | 563.63 | 2818.16 | 10575.20 | 9770.93
609 | 0.15 | 9618.51 | 16542.69 | 7137.11 | 755.23 | 3776.17 | 10800.00 | 9821.91
606 | 0.11 | 9573.41 | 17320.35 | 7668.17 | 563.60 | 2817.98 | 10424.16 | 9771.35
618 | 0.13 | 9697.32 | 17918.17 | 7367.96 | 657.56 | 3287.79 | 10570.26 | 9888.69
617 | 0.13 | 9777.65 | 18591.12 | 7360.80 | 652.16 | 3260.78 | 10536.80 | 9942.01
600 | 0.10 | 9477.90 | 19310.53 | 7546.85 | 517.52 | 2587.62 | 10082.71 | 9683.66
611 | 0.15 | 9812.36 | 19890.13 | 6828.84 | 749.82 | 3749.12 | 10465.49 | 9988.70
615 | 0.13 | 9542.03 | 20734.55 | 6846.53 | 668.26 | 3341.30 | 10100.96 | 9786.91
Vehicle 16
Charging tour: 
621  -> 622  -> 624  -> 625  -> 641  -> 638  -> 629  -> 632  -> 631  -> 626  -> 642  -> 620  -> 627  -> 636  -> 646  -> 644  -> 634  -> 623  -> 635  -> 630  -> 640  -> 645  -> 639  -> 643  -> 637  -> 628  -> 633  -> 
Charging time: 
613.507175220665  + 518.9997135301115  + 460.17919772296017  + 459.3506942614584  + 341.222817790128  + 242.5527906840611  + 619.3559596290618  + 509.71872386035585  + 491.2391093360152  + 561.9180532032551  + 324.6647984273873  + 540.2083589537975  + 424.0156716303037  + 402.06972171350003  + 218.91760553413323  + 193.9362825436701  + 541.053525837828  + 681.4845134140081  + 711.1455681363896  + 455.26951062891726  + 242.16617960914542  + 355.28039666665694  + 404.92472846166254  + 285.6737332658616  + 325.30122785998714  + 513.0417257025795  + 299.2889653711487  + 
total node:27/27
-------------------
Traveling energy: 1813.4067057681573
Charging energy: 58682.43374497524
Total energy used: 60495.8404507434
-------------------
Total time for travel: 1813.4067057681573
Total time for charging: 11736.486748995048
Charging round duration: 13549.893454763205
-------------------
ID | p | E0 | time_arrive | E_remain | time_charge | energy_charge| E_after_charge | E_after_cycle
621 | 0.13 | 7831.34 | 147.08 | 7812.22 | 613.51 | 3067.54 | 10800.00 | 7802.46
622 | 0.11 | 8357.09 | 863.67 | 8262.09 | 519.00 | 2595.00 | 10800.00 | 8332.05
624 | 0.10 | 8696.59 | 1514.65 | 8545.12 | 460.18 | 2300.90 | 10800.00 | 8615.63
625 | 0.10 | 8751.76 | 2025.83 | 8549.18 | 459.35 | 2296.75 | 10800.00 | 8666.66
641 | 0.11 | 9412.60 | 2556.22 | 9131.42 | 341.22 | 1706.11 | 10800.00 | 8498.68
638 | 0.07 | 9813.93 | 2995.96 | 9604.21 | 242.55 | 1212.76 | 10800.00 | 9359.40
629 | 0.14 | 8252.67 | 3305.28 | 7789.93 | 619.36 | 3096.78 | 10800.00 | 8014.85
632 | 0.12 | 8789.01 | 3970.32 | 8312.57 | 509.72 | 2548.59 | 10800.00 | 8479.38
631 | 0.11 | 8896.97 | 4537.53 | 8397.84 | 491.24 | 2456.20 | 10800.00 | 8733.12
626 | 0.11 | 8611.86 | 5087.60 | 8052.22 | 561.92 | 2809.59 | 10800.00 | 8801.41
642 | 0.09 | 9716.85 | 5677.25 | 9205.90 | 324.66 | 1623.32 | 10800.00 | 9196.50
620 | 0.09 | 8693.89 | 6070.18 | 8147.58 | 540.21 | 2701.04 | 10800.00 | 9251.26
627 | 0.08 | 9244.41 | 6632.14 | 8713.84 | 424.02 | 2120.08 | 10800.00 | 9459.01
636 | 0.09 | 9466.89 | 7122.84 | 8825.84 | 402.07 | 2010.35 | 10800.00 | 9333.57
646 | 0.06 | 10173.05 | 7574.98 | 9718.55 | 218.92 | 1094.59 | 10800.00 | 9838.52
644 | 0.05 | 10235.38 | 7907.32 | 9840.02 | 193.94 | 969.68 | 10800.00 | 10014.13
634 | 0.11 | 9049.59 | 8139.43 | 8154.25 | 541.05 | 2705.27 | 10800.00 | 9134.81
623 | 0.11 | 8431.14 | 8759.97 | 7467.54 | 681.48 | 3407.42 | 10800.00 | 9218.52
635 | 0.14 | 8671.50 | 9483.33 | 7343.83 | 711.15 | 3555.73 | 10800.00 | 8892.63
630 | 0.08 | 9377.53 | 10218.14 | 8560.07 | 455.27 | 2276.35 | 10800.00 | 9748.39
640 | 0.05 | 10135.57 | 10685.94 | 9601.28 | 242.17 | 1210.83 | 10800.00 | 10155.48
645 | 0.08 | 9929.93 | 10973.89 | 9052.02 | 355.28 | 1776.40 | 10800.00 | 9800.85
639 | 0.08 | 9714.66 | 11336.10 | 8807.77 | 404.92 | 2024.62 | 10800.00 | 9833.80
643 | 0.06 | 10099.73 | 11849.37 | 9388.77 | 285.67 | 1428.37 | 10800.00 | 10098.99
637 | 0.06 | 9926.60 | 12226.53 | 9193.01 | 325.30 | 1626.51 | 10800.00 | 10124.00
628 | 0.08 | 9283.28 | 12593.09 | 8275.83 | 513.04 | 2565.21 | 10800.00 | 9943.01
633 | 0.05 | 9974.96 | 13128.85 | 9318.52 | 299.29 | 1496.44 | 10800.00 | 10280.48
Vehicle 17
Charging tour: 
656  -> 648  -> 650  -> 658  -> 668  -> 654  -> 653  -> 660  -> 663  -> 649  -> 647  -> 683  -> 655  -> 674  -> 652  -> 651  -> 665  -> 681  -> 657  -> 682  -> 670  -> 666  -> 667  -> 669  -> 659  -> 673  -> 684  -> 679  -> 680  -> 677  -> 661  -> 678  -> 662  -> 676  -> 671  -> 664  -> 672  -> 675  -> 
Charging time: 
686.3722668769606  + 351.6186748774744  + 425.43334170651326  + 501.63874487860375  + 351.57848620266356  + 258.42206858649126  + 397.6515808965356  + 398.1440929488506  + 564.7514343872285  + 351.5362967480827  + 816.4415682231581  + 476.4338026895808  + 257.89792178815424  + 505.5940657443127  + 398.1754213297198  + 258.0199317967124  + 598.7927208604536  + 575.8246334055331  + 509.0352378619674  + 613.053021049923  + 351.6108673895694  + 398.17461917962993  + 705.0181111820191  + 644.7597017946924  + 398.16798477781674  + 592.534434485537  + 594.9553131109107  + 257.5491253989015  + 850.2933195331892  + 733.4875277898719  + 682.4482333834526  + 871.4452138000491  + 510.91421349981283  + 797.7602344183866  + 507.13113842099335  + 555.505150331428  + 788.291909541081  + 584.5165833965357  + 
total node:38/38
-------------------
Traveling energy: 2434.7359079766757
Charging energy: 100604.89497146397
Total energy used: 103039.63087944065
-------------------
Total time for travel: 2434.7359079766757
Total time for charging: 20120.978994292796
Charging round duration: 22555.714902269472
-------------------
ID | p | E0 | time_arrive | E_remain | time_charge | energy_charge| E_after_charge | E_after_cycle
656 | 0.17 | 7506.00 | 124.60 | 7484.82 | 686.37 | 3431.86 | 10800.00 | 6888.71
648 | 0.07 | 9024.38 | 874.31 | 8963.18 | 351.62 | 1758.09 | 10696.66 | 9115.17
650 | 0.09 | 8825.66 | 1272.59 | 8711.12 | 425.43 | 2127.17 | 10800.00 | 8809.15
658 | 0.12 | 8560.44 | 1736.99 | 8352.00 | 501.64 | 2508.19 | 10800.00 | 8210.41
668 | 0.07 | 9025.41 | 2275.21 | 8866.14 | 351.58 | 1757.89 | 10599.43 | 9116.00
654 | 0.05 | 8770.65 | 2775.64 | 8631.86 | 258.42 | 1292.11 | 9911.05 | 8871.83
653 | 0.08 | 9100.18 | 3207.81 | 8843.55 | 397.65 | 1988.26 | 10800.00 | 9182.95
660 | 0.08 | 9108.37 | 3658.10 | 8815.73 | 398.14 | 1990.72 | 10774.59 | 9193.61
663 | 0.14 | 8629.60 | 4102.07 | 8055.31 | 564.75 | 2823.76 | 10800.00 | 8118.76
649 | 0.07 | 9026.49 | 4745.26 | 8694.32 | 351.54 | 1757.68 | 10427.40 | 9116.87
647 | 0.14 | 7554.45 | 5159.66 | 6832.09 | 816.44 | 4082.21 | 10800.00 | 8302.06
683 | 0.10 | 9064.32 | 5988.48 | 8465.47 | 476.43 | 2382.17 | 10800.00 | 9064.64
655 | 0.05 | 8788.47 | 6514.09 | 8462.77 | 257.90 | 1289.49 | 9739.36 | 8887.03
674 | 0.13 | 9230.67 | 6868.57 | 8337.76 | 505.59 | 2527.97 | 10800.00 | 8662.23
652 | 0.08 | 9107.66 | 7457.42 | 8511.06 | 398.18 | 1990.88 | 10470.09 | 9193.05
651 | 0.05 | 8784.31 | 7876.70 | 8390.48 | 258.02 | 1290.10 | 9667.68 | 8883.49
665 | 0.12 | 8867.90 | 8250.05 | 7877.89 | 598.79 | 2993.96 | 10800.00 | 9003.63
681 | 0.12 | 9059.53 | 8912.95 | 7989.98 | 575.82 | 2879.12 | 10800.00 | 9080.43
657 | 0.10 | 8905.19 | 9558.14 | 7949.38 | 509.04 | 2545.18 | 10443.65 | 9068.51
682 | 0.14 | 9236.32 | 10112.52 | 7820.56 | 613.05 | 3065.27 | 10800.00 | 8966.98
670 | 0.07 | 9024.58 | 10746.24 | 8272.34 | 351.61 | 1758.05 | 10005.78 | 9115.33
666 | 0.08 | 9107.68 | 11135.87 | 8216.81 | 398.17 | 1990.87 | 10175.83 | 9193.06
667 | 0.14 | 9001.58 | 11635.07 | 7372.67 | 705.02 | 3525.09 | 10799.06 | 9192.08
669 | 0.13 | 9139.80 | 12447.72 | 7521.59 | 644.76 | 3223.80 | 10661.57 | 9267.18
659 | 0.08 | 9107.83 | 13146.04 | 8056.14 | 398.17 | 1990.84 | 10015.13 | 9193.18
673 | 0.12 | 9180.34 | 13549.39 | 7554.41 | 592.53 | 2962.67 | 10445.98 | 9284.79
684 | 0.12 | 9142.99 | 14150.29 | 7444.95 | 594.96 | 2974.78 | 10348.33 | 9259.54
679 | 0.05 | 8800.37 | 14759.71 | 8062.39 | 257.55 | 1287.75 | 9337.26 | 8897.19
680 | 0.18 | 9416.21 | 15081.22 | 6701.59 | 850.29 | 4251.47 | 10800.00 | 9380.33
677 | 0.15 | 9270.21 | 15954.67 | 6877.01 | 733.49 | 3667.44 | 10434.43 | 9364.87
661 | 0.13 | 8635.05 | 16697.05 | 6464.43 | 682.45 | 3412.24 | 9787.96 | 8950.88
678 | 0.18 | 9363.18 | 17432.97 | 6225.25 | 871.45 | 4357.23 | 10425.62 | 9433.07
662 | 0.10 | 8872.44 | 18345.92 | 7037.85 | 510.91 | 2554.57 | 9541.33 | 9045.16
676 | 0.16 | 9091.57 | 18861.43 | 6073.74 | 797.76 | 3988.80 | 9934.90 | 9269.40
671 | 0.10 | 8938.63 | 19727.37 | 6965.89 | 507.13 | 2535.66 | 9450.83 | 9092.43
664 | 0.11 | 8976.27 | 20369.03 | 6735.67 | 555.51 | 2777.53 | 9452.09 | 9133.75
672 | 0.16 | 9200.77 | 21033.56 | 5835.40 | 788.29 | 3941.46 | 9650.73 | 9331.26
675 | 0.12 | 9306.27 | 21873.65 | 6681.43 | 584.52 | 2922.58 | 9533.87 | 9370.62
Vehicle 18
Charging tour: 
694  -> 699  -> 711  -> 686  -> 706  -> 703  -> 685  -> 702  -> 698  -> 688  -> 692  -> 697  -> 700  -> 721  -> 725  -> 710  -> 701  -> 723  -> 712  -> 704  -> 691  -> 705  -> 720  -> 690  -> 722  -> 695  -> 716  -> 689  -> 714  -> 687  -> 715  -> 718  -> 708  -> 696  -> 717  -> 709  -> 693  -> 713  -> 724  -> 719  -> 707  -> 726  -> 
Charging time: 
260.94077810631313  + 522.0238554704766  + 405.50788126938863  + 357.6261090396344  + 548.8534151692954  + 574.0959754349514  + 405.51409047593916  + 596.617318452941  + 596.6173177531358  + 453.3085706999971  + 596.6173642908669  + 357.70407125125274  + 357.6277875995659  + 692.1425196833907  + 644.3801389349535  + 357.7079114840004  + 501.08486178628016  + 817.0955192453797  + 309.5254604171129  + 405.52073305127334  + 357.6992988003643  + 692.1434318087357  + 645.7803961714079  + 663.1316857143709  + 357.68692873761694  + 596.6172875972417  + 739.9023858052481  + 405.4969757138483  + 548.853585482293  + 501.0864877025858  + 309.8090966893352  + 261.77982837715786  + 309.77024136313577  + 644.3801409657476  + 261.7712072226702  + 739.9077075810103  + 645.4021630544959  + 806.7726077290109  + 453.3078970670094  + 644.3801394470062  + 405.5252348450647  + 309.8330096439516  + 
total node:42/42
-------------------
Traveling energy: 2203.1561678572716
Charging energy: 105307.74708567727
Total energy used: 107510.90325353455
-------------------
Total time for travel: 2203.1561678572716
Total time for charging: 21061.549417135455
Charging round duration: 23264.705584992727
-------------------
ID | p | E0 | time_arrive | E_remain | time_charge | energy_charge| E_after_charge | E_after_cycle
694 | 0.05 | 7906.88 | 105.82 | 7901.59 | 260.94 | 1304.70 | 9193.24 | 8020.65
699 | 0.12 | 8299.70 | 393.14 | 8252.52 | 522.02 | 2610.12 | 10800.00 | 8051.59
711 | 0.08 | 8140.81 | 935.35 | 8065.98 | 405.51 | 2027.54 | 10061.08 | 8262.87
686 | 0.07 | 8076.92 | 1357.16 | 7981.92 | 357.63 | 1788.13 | 9745.02 | 8197.75
706 | 0.11 | 8270.15 | 1821.35 | 8069.80 | 548.85 | 2744.27 | 10753.69 | 8394.37
703 | 0.12 | 8289.91 | 2429.16 | 7998.41 | 574.10 | 2870.48 | 10800.00 | 8302.16
685 | 0.08 | 8140.69 | 3040.25 | 7897.47 | 405.51 | 2027.57 | 9892.60 | 8262.77
702 | 0.12 | 8299.70 | 3564.20 | 7872.00 | 596.62 | 2983.09 | 10783.49 | 8424.56
698 | 0.12 | 8299.70 | 4194.89 | 7796.31 | 596.62 | 2983.09 | 10707.81 | 8424.56
688 | 0.09 | 8192.67 | 4803.28 | 7760.38 | 453.31 | 2266.54 | 9986.12 | 8315.55
692 | 0.12 | 8299.70 | 5279.27 | 7666.19 | 596.62 | 2983.09 | 10577.68 | 8424.56
697 | 0.07 | 8075.16 | 5927.71 | 7660.22 | 357.70 | 1788.52 | 9423.70 | 8196.38
700 | 0.07 | 8076.88 | 6318.13 | 7634.61 | 357.63 | 1788.14 | 9397.72 | 8197.72
721 | 0.14 | 8346.60 | 6793.85 | 7395.46 | 692.14 | 3460.71 | 10759.27 | 8472.71
725 | 0.13 | 8324.88 | 7590.90 | 7338.07 | 644.38 | 3221.90 | 10476.20 | 8450.37
710 | 0.07 | 8075.07 | 8257.75 | 7497.03 | 357.71 | 1788.54 | 9260.53 | 8196.31
701 | 0.10 | 8235.04 | 8630.73 | 7371.97 | 501.08 | 2505.42 | 9827.28 | 8358.61
723 | 0.16 | 8080.24 | 9146.17 | 6616.85 | 817.10 | 4085.48 | 10571.59 | 8354.75
712 | 0.06 | 7998.93 | 10052.68 | 7395.77 | 309.53 | 1547.63 | 8924.82 | 8117.44
704 | 0.08 | 8140.55 | 10415.18 | 7307.34 | 405.52 | 2027.60 | 9302.50 | 8262.67
691 | 0.07 | 8075.27 | 10873.40 | 7314.13 | 357.70 | 1788.50 | 9077.59 | 8196.47
705 | 0.14 | 8346.59 | 11271.25 | 6768.61 | 692.14 | 3460.72 | 10132.43 | 8472.71
720 | 0.13 | 8306.83 | 12054.26 | 6739.78 | 645.78 | 3228.90 | 9884.73 | 8439.32
690 | 0.13 | 8089.48 | 12776.65 | 6428.51 | 663.13 | 3315.66 | 9657.97 | 8308.73
722 | 0.07 | 8075.55 | 13514.90 | 7129.50 | 357.69 | 1788.43 | 8892.90 | 8196.68
695 | 0.12 | 8299.70 | 13955.55 | 6625.03 | 596.62 | 2983.09 | 9536.53 | 8424.56
716 | 0.15 | 8365.54 | 14571.69 | 6179.78 | 739.90 | 3699.51 | 9768.31 | 8492.27
689 | 0.08 | 8141.03 | 15342.85 | 6913.60 | 405.50 | 2027.48 | 8908.65 | 8263.03
714 | 0.11 | 8270.15 | 15784.17 | 6533.89 | 548.85 | 2744.27 | 9217.78 | 8394.37
687 | 0.10 | 8235.01 | 16366.48 | 6598.37 | 501.09 | 2505.43 | 9053.69 | 8358.59
715 | 0.06 | 7991.61 | 16885.65 | 6978.47 | 309.81 | 1549.05 | 8508.92 | 8111.54
718 | 0.05 | 7881.54 | 17204.10 | 7021.33 | 261.78 | 1308.90 | 8317.14 | 7999.51
708 | 0.06 | 7992.61 | 17481.91 | 6943.69 | 309.77 | 1548.85 | 8473.96 | 8112.35
696 | 0.13 | 8324.88 | 17824.56 | 6007.69 | 644.38 | 3221.90 | 9145.82 | 8450.37
717 | 0.05 | 7881.80 | 18488.90 | 6957.35 | 261.77 | 1308.86 | 8253.12 | 7999.72
709 | 0.15 | 8365.48 | 18768.38 | 5550.22 | 739.91 | 3699.54 | 9138.77 | 8492.23
693 | 0.13 | 8311.70 | 19521.12 | 5773.96 | 645.40 | 3227.01 | 8917.06 | 8442.30
713 | 0.16 | 8183.63 | 20197.09 | 4952.09 | 806.77 | 4033.86 | 8856.87 | 8406.52
724 | 0.09 | 8192.68 | 21153.33 | 6288.88 | 453.31 | 2266.54 | 8514.63 | 8315.55
719 | 0.13 | 8324.88 | 21712.51 | 5502.26 | 644.38 | 3221.90 | 8640.39 | 8450.37
707 | 0.08 | 8140.46 | 22409.76 | 6347.68 | 405.53 | 2027.63 | 8342.87 | 8262.60
726 | 0.06 | 7990.99 | 22833.60 | 6620.97 | 309.83 | 1549.17 | 8151.55 | 8111.04
Vehicle 19
Charging tour: 
740  -> 728  -> 732  -> 737  -> 747  -> 730  -> 735  -> 764  -> 731  -> 742  -> 727  -> 741  -> 760  -> 745  -> 744  -> 733  -> 759  -> 757  -> 734  -> 738  -> 753  -> 743  -> 736  -> 756  -> 758  -> 754  -> 765  -> 750  -> 755  -> 729  -> 763  -> 746  -> 749  -> 748  -> 762  -> 752  -> 739  -> 761  -> 751  -> 
Charging time: 
469.505984947065  + 249.43395833628364  + 274.44784116583014  + 422.9466738533739  + 406.6957536661602  + 498.0010039549359  + 515.8015731151535  + 344.70450009274  + 303.394358640484  + 446.8279172205591  + 926.9221691940983  + 360.71643412965636  + 322.4960103213439  + 444.45656831176535  + 299.32813859269675  + 421.24737584346394  + 349.28133840415455  + 532.2929807422568  + 301.3559346177579  + 474.47547897347766  + 464.10674160506017  + 747.5629380885315  + 356.782761672737  + 395.787599043257  + 563.0307431348043  + 598.5005928425685  + 706.533077780349  + 731.6557766359044  + 606.1533286292115  + 304.65279349677064  + 347.5882429105381  + 570.1357584030758  + 392.994199831566  + 682.5512634320501  + 481.38853904815244  + 773.0774345807392  + 890.0511812734117  + 298.8226099459306  + 773.2693287124781  + 
total node:39/39
-------------------
Traveling energy: 2675.2889471272338
Charging energy: 95244.88452595196
Total energy used: 97920.1734730792
-------------------
Total time for travel: 2675.2889471272338
Total time for charging: 19048.976905190393
Charging round duration: 21724.26585231763
-------------------
ID | p | E0 | time_arrive | E_remain | time_charge | energy_charge| E_after_charge | E_after_cycle
740 | 0.13 | 8536.43 | 176.30 | 8513.51 | 469.51 | 2347.53 | 10800.00 | 7787.54
728 | 0.05 | 9604.15 | 776.99 | 9565.30 | 249.43 | 1247.17 | 10800.00 | 9660.39
732 | 0.06 | 9512.86 | 1143.89 | 9444.23 | 274.45 | 1372.24 | 10800.00 | 9455.99
737 | 0.10 | 8871.21 | 1436.44 | 8727.56 | 422.95 | 2114.73 | 10800.00 | 8604.08
747 | 0.13 | 9064.98 | 1889.12 | 8819.39 | 406.70 | 2033.48 | 10800.00 | 8002.04
730 | 0.10 | 8591.38 | 2315.88 | 8359.80 | 498.00 | 2490.01 | 10800.00 | 8699.53
735 | 0.11 | 8594.12 | 2876.29 | 8277.73 | 515.80 | 2579.01 | 10800.00 | 8553.09
764 | 0.13 | 9577.49 | 3509.24 | 9121.29 | 344.70 | 1723.52 | 10800.00 | 8204.60
731 | 0.06 | 9495.46 | 3969.63 | 9257.28 | 303.39 | 1516.97 | 10756.05 | 9583.32
742 | 0.10 | 9049.92 | 4393.72 | 8610.54 | 446.83 | 2234.14 | 10800.00 | 8902.20
727 | 0.16 | 7099.54 | 4911.54 | 6313.70 | 926.92 | 4634.61 | 10800.00 | 7923.18
741 | 0.07 | 9317.61 | 5870.50 | 8906.67 | 360.72 | 1803.58 | 10685.01 | 9453.89
760 | 0.12 | 9985.35 | 6326.11 | 9226.22 | 322.50 | 1612.48 | 10800.00 | 8739.61
745 | 0.10 | 9292.15 | 6699.83 | 8622.16 | 444.46 | 2222.28 | 10800.00 | 9132.57
744 | 0.06 | 9624.45 | 7208.54 | 9191.94 | 299.33 | 1496.64 | 10670.62 | 9691.98
733 | 0.08 | 9118.54 | 7533.80 | 8515.83 | 421.25 | 2106.24 | 10588.37 | 9319.29
759 | 0.07 | 9622.66 | 8116.46 | 9054.50 | 349.28 | 1746.41 | 10776.46 | 9701.76
757 | 0.12 | 9223.50 | 8509.04 | 8202.41 | 532.29 | 2661.46 | 10800.00 | 9026.73
734 | 0.06 | 9559.69 | 9086.31 | 9014.51 | 301.36 | 1506.78 | 10503.21 | 9637.36
738 | 0.09 | 9107.54 | 9423.34 | 8259.44 | 474.48 | 2372.38 | 10589.11 | 9336.25
753 | 0.11 | 9626.50 | 9963.44 | 8530.52 | 464.11 | 2320.53 | 10800.00 | 9326.99
743 | 0.14 | 8644.82 | 10557.01 | 7166.84 | 747.56 | 3737.81 | 10800.00 | 9048.04
736 | 0.07 | 9420.34 | 11355.98 | 8625.42 | 356.78 | 1783.91 | 10384.36 | 9536.95
756 | 0.08 | 9705.10 | 11789.83 | 8761.92 | 395.79 | 1978.94 | 10709.19 | 9778.56
758 | 0.11 | 9380.65 | 12188.43 | 8039.92 | 563.03 | 2815.15 | 10793.14 | 9575.76
754 | 0.13 | 9553.74 | 12834.11 | 7885.30 | 598.50 | 2992.50 | 10800.00 | 9449.83
765 | 0.13 | 8834.52 | 13473.30 | 7083.00 | 706.53 | 3532.67 | 10523.81 | 9270.78
750 | 0.14 | 9187.42 | 14218.73 | 7196.80 | 731.66 | 3658.28 | 10752.65 | 9511.10
755 | 0.13 | 9795.61 | 14981.36 | 7848.03 | 606.15 | 3030.77 | 10800.00 | 9729.96
729 | 0.06 | 9456.24 | 15624.84 | 8518.75 | 304.65 | 1523.26 | 10023.73 | 9550.39
763 | 0.07 | 9669.53 | 15935.80 | 8554.02 | 347.59 | 1737.94 | 10267.63 | 9740.17
746 | 0.11 | 9263.75 | 16318.19 | 7468.75 | 570.14 | 2850.68 | 10256.71 | 9494.39
749 | 0.08 | 9774.09 | 16915.77 | 8420.83 | 392.99 | 1964.97 | 10354.36 | 9833.57
748 | 0.13 | 9144.93 | 17424.17 | 6879.79 | 682.55 | 3412.76 | 10203.81 | 9461.27
762 | 0.10 | 9974.17 | 18184.88 | 8155.68 | 481.39 | 2406.94 | 10514.48 | 9999.25
752 | 0.15 | 9316.24 | 18689.13 | 6512.87 | 773.08 | 3865.39 | 10262.29 | 9608.84
739 | 0.15 | 8091.86 | 19484.66 | 5169.17 | 890.05 | 4450.26 | 9485.91 | 8969.34
761 | 0.06 | 9640.73 | 20419.49 | 8415.57 | 298.82 | 1494.11 | 9891.75 | 9705.73
751 | 0.14 | 8693.00 | 20755.49 | 5787.23 | 773.27 | 3866.35 | 9545.32 | 9224.75
Network survivability: 100.0%
networkSurvivabilityOverThousand: 76.5%
Average dead duration: 119398.59801858605
Traveling energy: 47589.52504813208
total calculate time: 47.00483155250549
