total sensor 765
condition 16.756796073412904
gen: 1
2000
gen: 2
2000
gen: 3
2000
gen: 4
2000
gen: 5
2000
gen: 6
2000
gen: 7
2000
gen: 8
2000
gen: 9
2000
gen: 10
2000
gen: 11
2000
gen: 12
2000
gen: 13
2000
gen: 14
2000
gen: 15
2000
gen: 16
2000
gen: 17
2000
gen: 18
2000
gen: 19
2000
gen: 20
2000
gen: 21
2000
gen: 22
2000
gen: 23
2000
gen: 24
2000
gen: 25
2000
gen: 26
2000
gen: 27
2000
gen: 28
2000
gen: 29
2000
gen: 30
2000
gen: 31
2000
gen: 32
2000
gen: 33
2000
gen: 34
2000
gen: 35
2000
gen: 36
2000
gen: 37
2000
gen: 38
2000
gen: 39
2000
gen: 40
2000
gen: 41
2000
gen: 42
2000
gen: 43
2000
gen: 44
2000
gen: 45
2000
gen: 46
2000
gen: 47
2000
gen: 48
2000
gen: 49
2000
gen: 50
2000
Number of charging vehicles: 20
Survey time: 23818.557198323313
Network clustering infor: 
Cluster 0:
[1, 2, 3, 4, 5, 6, 7, 8, 9, 10, 11, 12, 13, 14, 15, 16, 17, 18, 19, 20, 21, 22, 23, 24, 25, 26, 27, 28, 29, 30, 31, 32, 33, 34, 35, 36, 37, 38, 39, 40, 41, 42]
Cluster 1:
[43, 44, 45, 46, 47, 48, 49, 50, 51, 52, 53, 54, 55, 56, 57, 58, 59, 60, 61, 62, 63, 64, 65, 66, 67, 68, 69, 70, 71, 72, 73, 74, 75, 76, 77, 78, 79, 80, 81, 82, 83]
Cluster 2:
[84, 85, 86, 87, 88, 89, 90, 91, 92, 93, 94, 95, 96, 97, 98, 99, 100, 101, 102, 103, 104, 105, 106, 107, 108, 109, 110, 111, 112, 113, 114, 115, 116, 117, 118, 119, 120, 121]
Cluster 3:
[122, 123, 124, 125, 126, 127, 128, 129, 130, 131, 132, 133, 134, 135, 136, 137, 138, 139, 140, 141, 142, 143, 144, 145, 146, 147, 148, 149, 150, 151, 152, 153, 154, 155, 156, 157]
Cluster 4:
[158, 159, 160, 161, 162, 163, 164, 165, 166, 167, 168, 169, 170, 171, 172, 173, 174, 175, 176, 177, 178, 179, 180, 181, 182, 183, 184, 185, 186, 187, 188, 189]
Cluster 5:
[190, 191, 192, 193, 194, 195, 196, 197, 198, 199, 200, 201, 202, 203, 204, 205, 206, 207, 208, 209, 210, 211, 212, 213, 214, 215, 216, 217, 218, 219, 220, 221, 222, 223, 224, 225, 226, 227, 228, 229, 230, 231]
Cluster 6:
[232, 233, 234, 235, 236, 237, 238, 239, 240, 241, 242, 243, 244, 245, 246, 247, 248, 249, 250, 251, 252, 253, 254, 255, 256, 257, 258, 259, 260, 261, 262, 263, 264, 265, 266, 267, 268, 269, 270, 271, 272]
Cluster 7:
[273, 274, 275, 276, 277, 278, 279, 280, 281, 282, 283, 284, 285, 286, 287, 288, 289, 290, 291, 292, 293, 294, 295, 296, 297, 298, 299, 300, 301, 302, 303, 304, 305, 306, 307, 308, 309, 310, 311, 312]
Cluster 8:
[313, 314, 315, 316, 317, 318, 319, 320, 321, 322, 323, 324, 325, 326, 327, 328, 329, 330, 331, 332, 333, 334, 335, 336, 337, 338, 339, 340, 341, 342, 343, 344, 345, 346, 347, 348, 349, 350, 351]
Cluster 9:
[352, 353, 354, 355, 356, 357, 358, 359, 360, 361, 362, 363, 364, 365, 366, 367, 368, 369, 370, 371, 372, 373, 374, 375, 376, 377, 378, 379, 380, 381, 382, 383, 384, 385, 386, 387, 388, 389, 390, 391, 392]
Cluster 10:
[393, 394, 395, 396, 397, 398, 399, 400, 401, 402, 403, 404, 405, 406, 407, 408, 409, 410, 411, 412, 413, 414, 415, 416, 417, 418, 419, 420, 421, 422, 423, 424, 425, 426, 427, 428, 429, 430, 431]
Cluster 11:
[432, 433, 434, 435, 436, 437, 438, 439, 440, 441, 442, 443, 444, 445, 446, 447, 448, 449, 450, 451, 452, 453, 454, 455, 456, 457, 458, 459, 460, 461, 462, 463, 464, 465, 466, 467, 468, 469]
Cluster 12:
[470, 471, 472, 473, 474, 475, 476, 477, 478, 479, 480, 481, 482, 483, 484, 485, 486, 487, 488, 489, 490, 491, 492, 493, 494, 495, 496, 497, 498, 499, 500, 501, 502, 503, 504, 505, 506, 507, 508]
Cluster 13:
[509, 510, 511, 512, 513, 514, 515, 516, 517, 518, 519, 520, 521, 522, 523, 524, 525, 526, 527, 528, 529, 530, 531, 532, 533, 534, 535, 536, 537, 538, 539, 540]
Cluster 14:
[541, 542, 543, 544, 545, 546, 547, 548, 549, 550, 551, 552, 553, 554, 555, 556, 557, 558, 559, 560, 561, 562, 563, 564, 565, 566, 567, 568, 569, 570, 571, 572, 573, 574, 575, 576, 577, 578, 579, 580]
Cluster 15:
[581, 582, 583, 584, 585, 586, 587, 588, 589, 590, 591, 592, 593, 594, 595, 596, 597, 598, 599, 600, 601, 602, 603, 604, 605, 606, 607, 608, 609, 610, 611, 612, 613, 614, 615, 616, 617, 618, 619]
Cluster 16:
[620, 621, 622, 623, 624, 625, 626, 627, 628, 629, 630, 631, 632, 633, 634, 635, 636, 637, 638, 639, 640, 641, 642, 643, 644, 645, 646]
Cluster 17:
[647, 648, 649, 650, 651, 652, 653, 654, 655, 656, 657, 658, 659, 660, 661, 662, 663, 664, 665, 666, 667, 668, 669, 670, 671, 672, 673, 674, 675, 676, 677, 678, 679, 680, 681, 682, 683, 684]
Cluster 18:
[685, 686, 687, 688, 689, 690, 691, 692, 693, 694, 695, 696, 697, 698, 699, 700, 701, 702, 703, 704, 705, 706, 707, 708, 709, 710, 711, 712, 713, 714, 715, 716, 717, 718, 719, 720, 721, 722, 723, 724, 725, 726]
Cluster 19:
[727, 728, 729, 730, 731, 732, 733, 734, 735, 736, 737, 738, 739, 740, 741, 742, 743, 744, 745, 746, 747, 748, 749, 750, 751, 752, 753, 754, 755, 756, 757, 758, 759, 760, 761, 762, 763, 764, 765]
Vehicle 0
Charging tour: 
34  -> 37  -> 31  -> 26  -> 41  -> 39  -> 5  -> 22  -> 1  -> 21  -> 12  -> 17  -> 25  -> 16  -> 27  -> 10  -> 7  -> 23  -> 30  -> 14  -> 15  -> 9  -> 2  -> 32  -> 29  -> 3  -> 8  -> 18  -> 24  -> 4  -> 35  -> 20  -> 36  -> 19  -> 6  -> 40  -> 28  -> 33  -> 11  -> 13  -> 42  -> 38  -> 
Charging time: 
248.33668554590648  + 677.7657768394403  + 630.1267888496101  + 487.1722041498524  + 487.1722453415946  + 677.6939502127952  + 725.3321961358072  + 391.8341592260218  + 582.4816058471564  + 296.45164739577996  + 487.17217189602087  + 439.50662244802777  + 534.8301356695442  + 391.8338715848246  + 344.1184214267238  + 344.1527536821538  + 296.40179882532556  + 296.44796089336313  + 677.7658522481845  + 534.8301416909605  + 677.765844869145  + 487.172336093025  + 677.7618702900388  + 391.83402133573367  + 344.14146634244906  + 391.8355474314118  + 344.13811203527945  + 582.4815669360347  + 582.4816066787766  + 677.7658507005987  + 534.8301599010957  + 391.834408051815  + 487.17212954922496  + 487.1723414709126  + 582.4816070069628  + 630.1235925124764  + 675.6896027536383  + 677.7658522346217  + 296.31064698614085  + 487.1723526067578  + 534.8302890470079  + 630.1267890533776  + 
total node:42/42
-------------------
Traveling energy: 2378.425081021941
Charging energy: 105621.57491897808
Total energy used: 108000.00000000001
-------------------
Total time for travel: 2378.425081021941
Total time for charging: 21124.314983795615
Charging round duration: 23502.740064817557
-------------------
ID | p | E0 | time_arrive | E_remain | time_charge | energy_charge| E_after_charge | E_after_cycle
34 | 0.05 | 6466.78 | 66.04 | 6463.47 | 248.34 | 1241.68 | 7692.74 | 6517.53
37 | 0.14 | 6634.48 | 432.50 | 6573.93 | 677.77 | 3388.83 | 9867.87 | 6688.71
31 | 0.13 | 6626.35 | 1114.94 | 6481.40 | 630.13 | 3150.63 | 9550.12 | 6680.57
26 | 0.10 | 6592.89 | 1751.40 | 6417.76 | 487.17 | 2435.86 | 8804.90 | 6646.90
41 | 0.10 | 6592.89 | 2347.30 | 6358.16 | 487.17 | 2435.86 | 8745.31 | 6646.90
39 | 0.14 | 6635.19 | 2849.28 | 6236.29 | 677.69 | 3388.47 | 9529.88 | 6689.06
5 | 0.15 | 6642.22 | 3562.14 | 6107.89 | 725.33 | 3626.66 | 9625.76 | 6696.09
22 | 0.08 | 6557.62 | 4365.81 | 6208.36 | 391.83 | 1959.17 | 8136.18 | 6611.31
1 | 0.12 | 6616.95 | 4791.39 | 6041.98 | 582.48 | 2912.41 | 8884.49 | 6671.13
21 | 0.06 | 6500.64 | 5394.74 | 6176.95 | 296.45 | 1482.26 | 7641.43 | 6553.78
12 | 0.10 | 6592.90 | 5755.98 | 6017.30 | 487.17 | 2435.86 | 8404.44 | 6646.90
17 | 0.09 | 6577.12 | 6284.96 | 6011.47 | 439.51 | 2197.53 | 8169.45 | 6630.98
25 | 0.11 | 6605.95 | 6844.43 | 5853.06 | 534.83 | 2674.15 | 8468.38 | 6660.06
16 | 0.08 | 6557.63 | 7509.73 | 5956.85 | 391.83 | 1959.17 | 7884.67 | 6611.31
27 | 0.07 | 6533.54 | 7939.01 | 5977.81 | 344.12 | 1720.59 | 7674.32 | 6586.84
10 | 0.07 | 6532.89 | 8305.10 | 5951.53 | 344.15 | 1720.76 | 7648.21 | 6586.36
7 | 0.06 | 6501.73 | 8692.99 | 5980.15 | 296.40 | 1482.01 | 7444.38 | 6554.63
23 | 0.06 | 6500.72 | 9050.25 | 5957.70 | 296.45 | 1482.24 | 7422.16 | 6553.85
30 | 0.14 | 6634.48 | 9394.69 | 5319.22 | 677.77 | 3388.83 | 8613.17 | 6688.71
14 | 0.11 | 6605.95 | 10144.96 | 5490.01 | 534.83 | 2674.15 | 8105.33 | 6660.06
15 | 0.14 | 6634.48 | 10712.81 | 5134.69 | 677.77 | 3388.83 | 8428.63 | 6688.71
9 | 0.10 | 6592.89 | 11431.09 | 5449.78 | 487.17 | 2435.86 | 7836.93 | 6646.90
2 | 0.14 | 6634.52 | 11976.23 | 4957.85 | 677.76 | 3388.81 | 8251.77 | 6688.73
32 | 0.08 | 6557.62 | 12716.68 | 5540.29 | 391.83 | 1959.17 | 7468.11 | 6611.31
29 | 0.07 | 6533.11 | 13167.89 | 5611.35 | 344.14 | 1720.71 | 7307.97 | 6586.51
3 | 0.08 | 6557.60 | 13567.40 | 5472.21 | 391.84 | 1959.18 | 7400.04 | 6611.29
8 | 0.07 | 6533.17 | 14029.70 | 5551.09 | 344.14 | 1720.69 | 7247.69 | 6586.56
18 | 0.12 | 6616.95 | 14507.25 | 4876.08 | 582.48 | 2912.41 | 7718.59 | 6671.13
24 | 0.12 | 6616.95 | 15143.38 | 4799.74 | 582.48 | 2912.41 | 7642.25 | 6671.13
4 | 0.14 | 6634.48 | 15807.42 | 4421.44 | 677.77 | 3388.83 | 7715.38 | 6688.71
35 | 0.11 | 6605.95 | 16527.48 | 4787.93 | 534.83 | 2674.15 | 7403.25 | 6660.06
20 | 0.08 | 6557.62 | 17140.00 | 5186.42 | 391.83 | 1959.17 | 7114.24 | 6611.30
36 | 0.10 | 6592.90 | 17546.03 | 4838.29 | 487.17 | 2435.86 | 7225.44 | 6646.90
19 | 0.10 | 6592.89 | 18098.47 | 4783.05 | 487.17 | 2435.86 | 7170.19 | 6646.90
6 | 0.12 | 6616.95 | 18607.24 | 4384.08 | 582.48 | 2912.41 | 7226.59 | 6671.13
40 | 0.13 | 6626.38 | 19256.63 | 4123.02 | 630.12 | 3150.62 | 7191.72 | 6680.58
28 | 0.14 | 6654.87 | 19897.92 | 3869.16 | 675.69 | 3378.45 | 7153.01 | 6698.72
33 | 0.14 | 6634.48 | 20676.27 | 3739.80 | 677.77 | 3388.83 | 7033.75 | 6688.71
11 | 0.06 | 6503.73 | 21372.85 | 5221.36 | 296.31 | 1481.55 | 6685.14 | 6556.17
13 | 0.10 | 6592.89 | 21688.80 | 4424.01 | 487.17 | 2435.86 | 6811.16 | 6646.90
42 | 0.11 | 6605.95 | 22248.59 | 4158.61 | 534.83 | 2674.15 | 6773.93 | 6660.06
38 | 0.13 | 6626.35 | 22806.58 | 3661.49 | 630.13 | 3150.63 | 6730.21 | 6680.57
Vehicle 1
Charging tour: 
79  -> 65  -> 61  -> 53  -> 73  -> 63  -> 46  -> 55  -> 44  -> 68  -> 72  -> 62  -> 49  -> 47  -> 45  -> 51  -> 64  -> 57  -> 69  -> 71  -> 48  -> 50  -> 74  -> 70  -> 80  -> 56  -> 78  -> 60  -> 75  -> 52  -> 66  -> 82  -> 67  -> 77  -> 43  -> 59  -> 81  -> 58  -> 76  -> 54  -> 83  -> 
Charging time: 
520.5648933687139  + 356.5019406369368  + 261.04472557967523  + 546.832499968121  + 546.8324349019838  + 546.832396551808  + 657.3972511075837  + 356.4919772632106  + 499.2719589975642  + 638.8472146804231  + 594.386436800509  + 683.0199992170159  + 308.81735740293504  + 546.8323279390302  + 674.6530632087517  + 703.7864445649245  + 404.1108138912955  + 356.5006295211044  + 356.46021273299755  + 546.8324364766182  + 308.64724266028054  + 645.6078454960428  + 356.4988108361991  + 694.5862039328991  + 404.1113971599906  + 261.05776751315955  + 785.3109804988084  + 641.936871797599  + 499.27201558639985  + 404.10471980338724  + 499.2723619741164  + 641.9368725236794  + 451.7024894026243  + 594.3859120206284  + 404.1021348878849  + 546.8325004962294  + 641.9368738385925  + 699.3309562551817  + 356.47938893998577  + 594.3857724938277  + 499.2721881103232  + 
total node:41/41
-------------------
Traveling energy: 2588.517594476897
Charging energy: 105183.9416051952
Total energy used: 107772.4591996721
-------------------
Total time for travel: 2588.517594476897
Total time for charging: 21036.78832103904
Charging round duration: 23625.305915515935
-------------------
ID | p | E0 | time_arrive | E_remain | time_charge | energy_charge| E_after_charge | E_after_cycle
79 | 0.11 | 8273.87 | 176.62 | 8254.44 | 520.56 | 2602.82 | 10800.00 | 8256.65
65 | 0.07 | 8076.18 | 773.36 | 8022.05 | 356.50 | 1782.51 | 9779.60 | 8191.39
61 | 0.05 | 7878.17 | 1222.35 | 7817.05 | 261.04 | 1305.22 | 9109.22 | 7992.46
53 | 0.11 | 8273.86 | 1519.07 | 8106.77 | 546.83 | 2734.16 | 10780.78 | 8387.99
73 | 0.11 | 8273.87 | 2073.17 | 8045.82 | 546.83 | 2734.16 | 10719.83 | 8387.99
63 | 0.11 | 8273.87 | 2639.34 | 7983.54 | 546.83 | 2734.16 | 10657.55 | 8387.99
46 | 0.13 | 8015.56 | 3208.32 | 7598.48 | 657.40 | 3286.99 | 10800.00 | 8206.13
55 | 0.07 | 8076.41 | 3969.37 | 7798.55 | 356.49 | 1782.46 | 9556.06 | 8191.57
44 | 0.10 | 8238.21 | 4389.59 | 7799.25 | 499.27 | 2496.36 | 10245.68 | 8352.71
68 | 0.13 | 8329.54 | 4928.67 | 7688.81 | 638.85 | 3194.24 | 10800.00 | 8427.37
72 | 0.12 | 8303.91 | 5601.12 | 7631.77 | 594.39 | 2971.93 | 10532.38 | 8417.61
62 | 0.14 | 8351.66 | 6222.44 | 7480.52 | 683.02 | 3415.10 | 10800.00 | 8432.17
49 | 0.06 | 7991.34 | 6960.54 | 7573.71 | 308.82 | 1544.09 | 9099.27 | 8106.31
47 | 0.11 | 8273.87 | 7286.56 | 7472.35 | 546.83 | 2734.16 | 10146.36 | 8387.99
45 | 0.13 | 7925.61 | 7845.42 | 6905.71 | 674.65 | 3373.27 | 10191.27 | 8202.47
51 | 0.14 | 8181.96 | 8661.02 | 6969.41 | 703.79 | 3518.93 | 10389.82 | 8366.29
64 | 0.08 | 8142.53 | 9395.88 | 7390.86 | 404.11 | 2020.55 | 9379.09 | 8257.60
57 | 0.07 | 8076.21 | 9805.17 | 7389.85 | 356.50 | 1782.50 | 9147.40 | 8191.42
69 | 0.07 | 8077.13 | 10270.70 | 7358.18 | 356.46 | 1782.30 | 9115.53 | 8192.13
71 | 0.11 | 8273.87 | 10709.91 | 7095.78 | 546.83 | 2734.16 | 9769.79 | 8387.99
48 | 0.06 | 7995.74 | 11348.04 | 7314.86 | 308.65 | 1543.24 | 8839.58 | 8109.87
50 | 0.13 | 8282.18 | 11792.71 | 6749.13 | 645.61 | 3228.04 | 9893.24 | 8413.81
74 | 0.07 | 8076.25 | 12459.95 | 7204.06 | 356.50 | 1782.49 | 8961.60 | 8191.45
70 | 0.14 | 8290.33 | 12917.37 | 6481.90 | 694.59 | 3472.93 | 9857.59 | 8428.67
80 | 0.08 | 8142.52 | 13639.88 | 7051.33 | 404.11 | 2020.56 | 9039.56 | 8257.59
56 | 0.05 | 7877.77 | 14196.96 | 7167.92 | 261.06 | 1305.29 | 8460.16 | 7992.13
78 | 0.16 | 8380.08 | 14500.43 | 6060.02 | 785.31 | 3926.55 | 9860.92 | 8495.67
60 | 0.13 | 8329.54 | 15340.06 | 6335.33 | 641.94 | 3209.68 | 9461.57 | 8442.81
75 | 0.10 | 8238.21 | 16013.64 | 6636.85 | 499.27 | 2496.36 | 9083.28 | 8352.71
52 | 0.08 | 8142.66 | 16567.45 | 6817.26 | 404.10 | 2020.52 | 8805.46 | 8257.70
66 | 0.10 | 8238.20 | 17067.93 | 6531.41 | 499.27 | 2496.36 | 8977.85 | 8352.71
82 | 0.13 | 8329.54 | 17585.55 | 6043.42 | 641.94 | 3209.68 | 9169.65 | 8442.81
67 | 0.09 | 8195.21 | 18248.26 | 6552.87 | 451.70 | 2258.51 | 8770.73 | 8310.05
77 | 0.12 | 8303.91 | 18804.30 | 6047.40 | 594.39 | 2971.93 | 8948.00 | 8417.62
43 | 0.08 | 8142.71 | 19499.12 | 6582.78 | 404.10 | 2020.51 | 8570.96 | 8257.73
59 | 0.11 | 8273.86 | 19920.42 | 6082.62 | 546.83 | 2734.16 | 8756.63 | 8387.99
81 | 0.13 | 8329.54 | 20541.91 | 5659.09 | 641.94 | 3209.68 | 8785.33 | 8442.81
58 | 0.14 | 8234.08 | 21219.31 | 5263.38 | 699.33 | 3496.65 | 8662.13 | 8396.14
76 | 0.07 | 8076.69 | 21961.99 | 6539.36 | 356.48 | 1782.40 | 8296.80 | 8191.79
54 | 0.12 | 8303.92 | 22351.32 | 5621.76 | 594.39 | 2971.93 | 8522.36 | 8417.62
83 | 0.10 | 8238.21 | 23004.83 | 5937.72 | 499.27 | 2496.36 | 8384.16 | 8352.71
Vehicle 2
Charging tour: 
85  -> 86  -> 90  -> 84  -> 120  -> 108  -> 89  -> 103  -> 95  -> 98  -> 99  -> 106  -> 117  -> 93  -> 87  -> 91  -> 97  -> 100  -> 107  -> 118  -> 88  -> 94  -> 112  -> 109  -> 102  -> 116  -> 92  -> 96  -> 121  -> 104  -> 101  -> 105  -> 115  -> 110  -> 111  -> 113  -> 114  -> 119  -> 
Charging time: 
699.8163056354407  + 653.2037869704701  + 508.2535397079881  + 675.6563081650205  + 297.0082548514776  + 277.07812965962444  + 722.0534005120971  + 216.3537204908725  + 479.91676647300227  + 503.6551263137169  + 499.09831571288674  + 325.34692138367103  + 215.14874127312834  + 456.4127383109968  + 706.9843084542069  + 552.6724383439758  + 354.4721960880365  + 379.74812576620843  + 252.98891409821638  + 372.72962135784576  + 610.0802748643315  + 584.0557327987922  + 248.2968169106836  + 462.90805583871855  + 388.69532786068834  + 520.2990625386851  + 392.5664737237725  + 326.07827389114294  + 311.02572988118044  + 375.94782740076454  + 439.30712677693737  + 554.8871502520566  + 288.60110063061336  + 640.4171589621018  + 422.8439880426716  + 318.6826509440109  + 375.99216479488024  + 529.0335850602382  + 
total node:38/38
-------------------
Traveling energy: 2544.9616356560814
Charging energy: 84691.58080370576
Total energy used: 87236.54243936185
-------------------
Total time for travel: 2544.9616356560814
Total time for charging: 16938.316160741153
Charging round duration: 19483.277796397233
-------------------
ID | p | E0 | time_arrive | E_remain | time_charge | energy_charge| E_after_charge | E_after_cycle
85 | 0.15 | 7424.11 | 121.44 | 7405.89 | 699.82 | 3499.08 | 10800.00 | 7350.40
86 | 0.14 | 7748.04 | 875.81 | 7625.43 | 653.20 | 3266.02 | 10800.00 | 7679.46
90 | 0.12 | 8515.99 | 1635.54 | 8319.72 | 508.25 | 2541.27 | 10800.00 | 8199.03
84 | 0.13 | 7794.67 | 2193.24 | 7509.55 | 675.66 | 3378.28 | 10800.00 | 8076.54
120 | 0.14 | 9760.54 | 2885.69 | 9356.54 | 297.01 | 1485.04 | 10800.00 | 7910.98
108 | 0.10 | 9767.67 | 3253.48 | 9442.32 | 277.08 | 1385.39 | 10800.00 | 8771.20
89 | 0.15 | 7835.36 | 3582.16 | 7298.04 | 722.05 | 3610.27 | 10800.00 | 7872.85
103 | 0.06 | 9993.29 | 4367.91 | 9731.21 | 216.35 | 1081.77 | 10800.00 | 9645.94
95 | 0.11 | 8974.36 | 4737.71 | 8453.21 | 479.92 | 2399.58 | 10800.00 | 8753.90
98 | 0.12 | 8987.57 | 5378.37 | 8342.16 | 503.66 | 2518.28 | 10800.00 | 8647.62
99 | 0.12 | 9073.01 | 5905.08 | 8364.40 | 499.10 | 2495.49 | 10800.00 | 8710.27
106 | 0.09 | 9785.16 | 6473.50 | 9202.55 | 325.35 | 1626.73 | 10800.00 | 9268.23
117 | 0.08 | 10290.16 | 6858.65 | 9741.47 | 215.15 | 1075.74 | 10800.00 | 9460.42
93 | 0.09 | 9197.68 | 7096.25 | 8559.01 | 456.41 | 2282.06 | 10800.00 | 9336.07
87 | 0.12 | 8268.07 | 7651.28 | 7349.92 | 706.98 | 3534.92 | 10800.00 | 8944.76
91 | 0.10 | 8936.92 | 8450.16 | 8091.91 | 552.67 | 2763.36 | 10800.00 | 9318.43
97 | 0.07 | 9687.27 | 9068.85 | 9052.45 | 354.47 | 1772.36 | 10800.00 | 9792.33
100 | 0.08 | 9685.96 | 9429.00 | 8931.64 | 379.75 | 1898.74 | 10800.00 | 9679.22
107 | 0.06 | 10141.38 | 9852.45 | 9550.23 | 252.99 | 1264.94 | 10800.00 | 9977.21
118 | 0.10 | 9997.37 | 10237.42 | 8973.62 | 372.73 | 1863.65 | 10800.00 | 9479.16
88 | 0.10 | 8749.24 | 10673.83 | 7681.86 | 610.08 | 3050.40 | 10671.25 | 9417.79
94 | 0.10 | 9072.18 | 11340.50 | 7938.13 | 584.06 | 2920.28 | 10800.00 | 9610.60
112 | 0.06 | 10296.13 | 12045.35 | 9573.41 | 248.30 | 1241.48 | 10800.00 | 10108.51
109 | 0.09 | 9635.03 | 12310.08 | 8527.12 | 462.91 | 2314.54 | 10800.00 | 9805.90
102 | 0.07 | 9612.72 | 12878.07 | 8711.25 | 388.70 | 1943.48 | 10627.52 | 9888.89
116 | 0.12 | 9865.71 | 13373.09 | 8260.94 | 520.30 | 2601.50 | 10800.00 | 9608.98
92 | 0.07 | 9517.92 | 13908.71 | 8544.31 | 392.57 | 1962.83 | 10479.67 | 9813.46
96 | 0.06 | 9821.70 | 14322.75 | 8962.34 | 326.08 | 1630.39 | 10573.16 | 10022.98
121 | 0.08 | 10445.31 | 14694.47 | 9269.75 | 311.03 | 1555.13 | 10800.00 | 10094.96
104 | 0.07 | 9938.66 | 15080.81 | 8883.00 | 375.95 | 1879.74 | 10736.43 | 10151.10
101 | 0.08 | 9720.29 | 15470.81 | 8482.62 | 439.31 | 2196.54 | 10644.01 | 10011.34
105 | 0.10 | 9619.51 | 15920.11 | 8027.49 | 554.89 | 2774.44 | 10746.44 | 10012.09
115 | 0.06 | 10365.09 | 16513.06 | 9374.31 | 288.60 | 1443.01 | 10800.00 | 10378.99
110 | 0.12 | 9698.69 | 16866.03 | 7674.76 | 640.42 | 3202.09 | 10800.00 | 10042.55
111 | 0.08 | 10098.74 | 17544.06 | 8695.22 | 422.84 | 2114.22 | 10775.61 | 10307.48
113 | 0.06 | 10049.63 | 17996.11 | 8969.87 | 318.68 | 1593.41 | 10544.16 | 10213.93
114 | 0.07 | 9937.49 | 18377.83 | 8651.04 | 375.99 | 1879.96 | 10504.68 | 10150.15
119 | 0.11 | 10277.23 | 18765.50 | 8213.03 | 529.03 | 2645.17 | 10800.00 | 10302.36
Vehicle 3
Charging tour: 
133  -> 144  -> 127  -> 123  -> 145  -> 130  -> 134  -> 126  -> 153  -> 129  -> 148  -> 138  -> 140  -> 125  -> 128  -> 142  -> 135  -> 136  -> 155  -> 122  -> 132  -> 143  -> 154  -> 149  -> 147  -> 124  -> 146  -> 157  -> 139  -> 152  -> 131  -> 141  -> 151  -> 137  -> 156  -> 150  -> 
Charging time: 
472.3634207615584  + 318.8307248556064  + 247.75373602311453  + 247.89312408452713  + 294.7368013520983  + 672.6669381954001  + 400.5087062820073  + 347.26908977193233  + 356.8803990539776  + 394.73891415584586  + 367.19527893343735  + 409.44784992759173  + 424.4518348557737  + 407.89465229644406  + 664.0553257118939  + 342.291752970001  + 602.2240166830098  + 547.710292459087  + 609.3938306344303  + 542.7999974732259  + 995.5555453374668  + 628.9273066938888  + 656.9731437943959  + 643.8903951413204  + 685.9535642678723  + 294.7368177703888  + 690.3721652690981  + 856.3083584175758  + 663.2123633669958  + 441.3755540738342  + 793.6073530315383  + 506.808922966062  + 988.8477771716828  + 557.9627244894106  + 757.3103904155322  + 706.072933456268  + 
total node:36/36
-------------------
Traveling energy: 2299.204233061716
Charging energy: 97695.11001072149
Total energy used: 99994.3142437832
-------------------
Total time for travel: 2299.204233061716
Total time for charging: 19539.0220021443
Charging round duration: 21838.226235206013
-------------------
ID | p | E0 | time_arrive | E_remain | time_charge | energy_charge| E_after_charge | E_after_cycle
133 | 0.13 | 8518.44 | 144.97 | 8499.59 | 472.36 | 2361.82 | 10800.00 | 7783.84
144 | 0.10 | 9303.02 | 652.95 | 9237.73 | 318.83 | 1594.15 | 10800.00 | 8515.32
127 | 0.05 | 9293.27 | 1059.34 | 9240.30 | 247.75 | 1238.77 | 10466.68 | 9341.11
123 | 0.05 | 9288.04 | 1328.15 | 9221.63 | 247.89 | 1239.47 | 10448.71 | 9336.58
145 | 0.06 | 9374.23 | 1683.07 | 9273.24 | 294.74 | 1473.68 | 10729.24 | 9418.80
130 | 0.15 | 7840.64 | 2020.48 | 7537.57 | 672.67 | 3363.33 | 10800.00 | 7631.19
134 | 0.10 | 9111.76 | 2742.50 | 8837.51 | 400.51 | 2002.54 | 10800.00 | 8732.45
126 | 0.07 | 9282.19 | 3181.41 | 9059.49 | 347.27 | 1736.35 | 10771.53 | 9351.24
153 | 0.11 | 9455.22 | 3639.71 | 9054.85 | 356.88 | 1784.40 | 10800.00 | 8619.58
129 | 0.08 | 9178.65 | 4009.57 | 8857.88 | 394.74 | 1973.69 | 10800.00 | 9246.86
148 | 0.10 | 9443.91 | 4431.66 | 9000.74 | 367.20 | 1835.98 | 10800.00 | 8898.03
138 | 0.10 | 9288.91 | 4952.02 | 8793.71 | 409.45 | 2047.24 | 10800.00 | 8954.29
140 | 0.09 | 9213.32 | 5526.39 | 8715.94 | 424.45 | 2122.26 | 10800.00 | 9191.91
125 | 0.08 | 9031.52 | 5978.32 | 8553.25 | 407.89 | 2039.47 | 10560.09 | 9165.50
128 | 0.12 | 8321.39 | 6431.02 | 7549.66 | 664.06 | 3320.28 | 10790.25 | 8783.43
142 | 0.07 | 9417.17 | 7131.27 | 8917.98 | 342.29 | 1711.46 | 10605.48 | 9461.33
135 | 0.12 | 8760.82 | 7497.30 | 7861.15 | 602.22 | 3011.12 | 10800.00 | 8913.72
136 | 0.11 | 9015.09 | 8121.79 | 8121.70 | 547.71 | 2738.55 | 10800.00 | 9133.60
155 | 0.18 | 9425.43 | 8681.68 | 7862.72 | 609.39 | 3046.97 | 10800.00 | 8185.05
122 | 0.10 | 8483.57 | 9351.51 | 7548.42 | 542.80 | 2714.00 | 10208.14 | 8815.72
132 | 0.17 | 7699.55 | 10047.54 | 5991.47 | 995.56 | 4977.78 | 10800.00 | 8628.17
143 | 0.13 | 9173.21 | 11046.84 | 7737.12 | 628.93 | 3144.64 | 10800.00 | 9221.44
154 | 0.14 | 9258.84 | 11798.07 | 7607.11 | 656.97 | 3284.87 | 10800.00 | 9209.11
149 | 0.14 | 9421.25 | 12503.96 | 7670.69 | 643.89 | 3219.45 | 10800.00 | 9306.10
147 | 0.13 | 8727.05 | 13202.97 | 7010.66 | 685.95 | 3429.77 | 10351.25 | 9060.40
124 | 0.06 | 9374.23 | 13977.64 | 8535.57 | 294.74 | 1473.68 | 9991.57 | 9418.80
146 | 0.14 | 9338.20 | 14336.70 | 7331.07 | 690.37 | 3451.86 | 10686.28 | 9455.47
157 | 0.18 | 9387.58 | 15083.26 | 6672.59 | 856.31 | 4281.54 | 10800.00 | 9381.78
139 | 0.13 | 9026.29 | 15969.81 | 6950.22 | 663.21 | 3316.06 | 10180.06 | 9245.94
152 | 0.09 | 9389.72 | 16745.22 | 7882.65 | 441.38 | 2206.88 | 10049.81 | 9452.93
131 | 0.14 | 8123.46 | 17202.63 | 5715.09 | 793.61 | 3968.04 | 9572.02 | 8756.90
141 | 0.10 | 9086.03 | 18023.57 | 7283.68 | 506.81 | 2534.04 | 9767.04 | 9238.22
151 | 0.20 | 9313.63 | 18560.47 | 5601.54 | 988.85 | 4944.24 | 10348.01 | 9494.16
137 | 0.11 | 9078.33 | 19615.70 | 6920.61 | 557.96 | 2789.81 | 9649.04 | 9248.11
156 | 0.15 | 9120.86 | 20244.16 | 6084.24 | 757.31 | 3786.55 | 9757.20 | 9334.63
150 | 0.14 | 9130.55 | 21020.71 | 6187.65 | 706.07 | 3530.36 | 9619.17 | 9326.32
Vehicle 4
Charging tour: 
158  -> 161  -> 166  -> 172  -> 159  -> 181  -> 168  -> 167  -> 162  -> 163  -> 187  -> 174  -> 173  -> 169  -> 184  -> 160  -> 189  -> 176  -> 164  -> 171  -> 179  -> 165  -> 185  -> 180  -> 177  -> 188  -> 186  -> 183  -> 170  -> 178  -> 175  -> 182  -> 
Charging time: 
1095.0558925355335  + 1061.301128987347  + 942.8484461726466  + 177.21127498423058  + 259.1630715318858  + 327.75246689892447  + 461.53722526714756  + 263.75708004517304  + 575.0526629653496  + 942.6636439811363  + 448.28485471289633  + 636.5022593352338  + 397.8314993989883  + 423.2107624663003  + 418.9731879511712  + 819.6992130451455  + 370.50214423999597  + 281.57319629076386  + 311.70852397177555  + 476.81933481710945  + 300.91883530709885  + 699.2359513134887  + 496.0602091015488  + 298.15637028306816  + 304.9138693159842  + 435.18718757275377  + 579.3182797641839  + 545.2936037282326  + 542.0304575318405  + 770.6181695891138  + 358.64319389914624  + 564.361649205796  + 
total node:32/32
-------------------
Traveling energy: 2102.9690300244242
Charging energy: 82930.92823105503
Total energy used: 85033.89726107946
-------------------
Total time for travel: 2102.9690300244242
Total time for charging: 16586.185646211008
Charging round duration: 18689.154676235434
-------------------
ID | p | E0 | time_arrive | E_remain | time_charge | energy_charge| E_after_charge | E_after_cycle
158 | 0.23 | 5613.16 | 159.01 | 5576.58 | 1095.06 | 5475.28 | 10800.00 | 5610.17
161 | 0.23 | 6049.60 | 1356.56 | 5737.59 | 1061.30 | 5306.51 | 10800.00 | 5877.84
166 | 0.23 | 6875.99 | 2492.94 | 6302.61 | 942.85 | 4714.24 | 10800.00 | 6111.96
172 | 0.05 | 10096.77 | 3479.40 | 9922.80 | 177.21 | 886.06 | 10800.00 | 9791.90
159 | 0.05 | 9683.05 | 3708.77 | 9497.62 | 259.16 | 1295.82 | 10780.47 | 9787.94
181 | 0.11 | 9635.02 | 3979.38 | 9197.29 | 327.75 | 1638.76 | 10800.00 | 8653.74
168 | 0.11 | 9028.34 | 4411.42 | 8543.08 | 461.54 | 2307.69 | 10800.00 | 8715.98
167 | 0.06 | 9798.46 | 5023.74 | 9497.04 | 263.76 | 1318.79 | 10800.00 | 9688.14
162 | 0.11 | 8579.05 | 5373.23 | 7987.99 | 575.05 | 2875.26 | 10800.00 | 8834.27
163 | 0.18 | 7338.79 | 6013.48 | 6256.36 | 942.66 | 4713.32 | 10800.00 | 7764.77
187 | 0.17 | 9823.12 | 6990.19 | 8634.78 | 448.28 | 2241.42 | 10800.00 | 8015.39
174 | 0.15 | 8834.56 | 7477.33 | 7712.96 | 636.50 | 3182.51 | 10800.00 | 8444.29
173 | 0.08 | 9494.85 | 8152.29 | 8842.67 | 397.83 | 1989.16 | 10800.00 | 9578.53
169 | 0.08 | 9406.17 | 8604.63 | 8717.80 | 423.21 | 2116.05 | 10800.00 | 9616.74
184 | 0.12 | 9843.57 | 9068.01 | 8755.41 | 418.97 | 2094.87 | 10800.00 | 9080.21
160 | 0.13 | 7959.84 | 9567.95 | 6716.01 | 819.70 | 4098.50 | 10707.94 | 8961.92
189 | 0.10 | 10026.39 | 10418.49 | 8984.54 | 370.50 | 1852.51 | 10800.00 | 9497.04
176 | 0.06 | 10058.66 | 10827.27 | 9409.03 | 281.57 | 1407.87 | 10800.00 | 10037.42
164 | 0.06 | 9660.91 | 11182.65 | 8989.95 | 311.71 | 1558.54 | 10529.79 | 9790.34
171 | 0.09 | 9473.36 | 11537.09 | 8435.02 | 476.82 | 2384.10 | 10776.21 | 9713.79
179 | 0.06 | 10007.31 | 12085.96 | 9282.15 | 300.92 | 1504.59 | 10768.69 | 10082.79
165 | 0.12 | 8613.37 | 12437.05 | 7120.92 | 699.24 | 3496.18 | 10533.19 | 9251.32
185 | 0.10 | 9690.48 | 13211.76 | 8369.30 | 496.06 | 2480.30 | 10800.00 | 9788.93
180 | 0.06 | 10100.03 | 13761.94 | 9274.31 | 298.16 | 1490.78 | 10747.21 | 10161.70
177 | 0.06 | 9876.19 | 14109.07 | 9029.65 | 304.91 | 1524.57 | 10535.92 | 9971.65
188 | 0.10 | 10112.50 | 14449.19 | 8667.58 | 435.19 | 2175.94 | 10800.00 | 9906.58
186 | 0.13 | 9924.10 | 14964.48 | 7978.72 | 579.32 | 2896.59 | 10800.00 | 9724.28
183 | 0.11 | 9847.05 | 15577.58 | 8133.51 | 545.29 | 2726.47 | 10800.00 | 9953.47
170 | 0.10 | 9259.59 | 16156.43 | 7643.95 | 542.03 | 2710.15 | 10299.90 | 9587.89
178 | 0.14 | 9118.10 | 16740.34 | 6774.45 | 770.62 | 3853.09 | 10519.65 | 9636.59
175 | 0.07 | 9796.05 | 17575.12 | 8565.79 | 358.64 | 1793.22 | 10333.90 | 9921.96
182 | 0.11 | 9782.52 | 18038.68 | 7798.26 | 564.36 | 2821.81 | 10557.99 | 9984.28
Vehicle 5
Charging tour: 
210  -> 223  -> 216  -> 203  -> 190  -> 198  -> 197  -> 218  -> 201  -> 220  -> 219  -> 206  -> 192  -> 224  -> 196  -> 205  -> 202  -> 214  -> 228  -> 195  -> 212  -> 231  -> 200  -> 211  -> 199  -> 221  -> 191  -> 194  -> 215  -> 217  -> 229  -> 226  -> 204  -> 213  -> 209  -> 208  -> 230  -> 193  -> 225  -> 227  -> 222  -> 207  -> 
Charging time: 
400.23360522049614  + 270.9442823896844  + 408.2736216649506  + 320.3372656742845  + 368.8905539845928  + 465.0715660009686  + 417.0692709818814  + 465.06940007409173  + 492.59014117749496  + 504.3160632651705  + 320.4161645795236  + 560.3438751427037  + 271.72940538769166  + 549.2218156901753  + 579.0354803315654  + 368.82009754300026  + 368.893568223202  + 417.0543039188498  + 465.06642097481705  + 417.0686689966809  + 688.7302713473463  + 608.4508608263284  + 515.0438189131278  + 465.0680195083788  + 567.6155621242948  + 611.0398655069749  + 417.0681127277602  + 417.0645280196375  + 656.1160134809365  + 320.424393811301  + 271.699424176286  + 755.2802775661202  + 565.3653894582649  + 320.25750935926135  + 707.5241756850032  + 368.8224973503837  + 799.9523345298976  + 368.885525860923  + 320.3482501709101  + 754.092835244336  + 703.7483584380115  + 785.252891074293  + 
total node:42/42
-------------------
Traveling energy: 2761.4867035412126
Charging energy: 102091.48243200798
Total energy used: 104852.9691355492
-------------------
Total time for travel: 2761.4867035412126
Total time for charging: 20418.296486401596
Charging round duration: 23179.78318994281
-------------------
ID | p | E0 | time_arrive | E_remain | time_charge | energy_charge| E_after_charge | E_after_cycle
210 | 0.12 | 8864.40 | 146.17 | 8846.86 | 400.23 | 2001.17 | 10800.00 | 8007.34
223 | 0.05 | 8294.35 | 631.11 | 8262.79 | 270.94 | 1354.72 | 9603.97 | 8458.14
216 | 0.15 | 8972.95 | 1020.51 | 8819.87 | 408.27 | 2041.37 | 10800.00 | 7441.53
203 | 0.06 | 8418.53 | 1495.84 | 8328.78 | 320.34 | 1601.69 | 9911.24 | 8591.10
190 | 0.07 | 8528.90 | 1883.69 | 8397.04 | 368.89 | 1844.45 | 10215.67 | 8706.05
198 | 0.09 | 8697.91 | 2279.27 | 8492.78 | 465.07 | 2325.36 | 10776.28 | 8879.60
197 | 0.08 | 8621.33 | 2810.42 | 8396.49 | 417.07 | 2085.35 | 10448.47 | 8801.19
218 | 0.09 | 8697.95 | 3253.43 | 8405.14 | 465.07 | 2325.35 | 10688.63 | 8879.63
201 | 0.10 | 8762.29 | 3759.84 | 8386.31 | 492.59 | 2462.95 | 10800.00 | 8843.39
220 | 0.10 | 8762.30 | 4334.51 | 8328.85 | 504.32 | 2521.58 | 10800.00 | 8902.03
219 | 0.06 | 8416.45 | 4888.10 | 8123.17 | 320.42 | 1602.08 | 9706.02 | 8589.42
206 | 0.11 | 8635.02 | 5228.18 | 8059.92 | 560.34 | 2801.72 | 10800.00 | 8816.70
192 | 0.05 | 8270.38 | 5814.52 | 7979.66 | 271.73 | 1358.65 | 9324.72 | 8438.10
224 | 0.11 | 8785.89 | 6105.32 | 8114.31 | 549.22 | 2746.11 | 10800.00 | 8911.96
196 | 0.11 | 8538.46 | 6688.92 | 7802.68 | 579.04 | 2895.18 | 10634.17 | 8813.60
205 | 0.07 | 8530.52 | 7348.03 | 8016.16 | 368.82 | 1844.10 | 9834.45 | 8707.33
202 | 0.07 | 8528.83 | 7746.03 | 7986.60 | 368.89 | 1844.47 | 9805.25 | 8705.99
214 | 0.08 | 8621.64 | 8258.13 | 7960.98 | 417.05 | 2085.27 | 10012.89 | 8801.42
228 | 0.09 | 8698.01 | 8836.04 | 7902.76 | 465.07 | 2325.33 | 10186.24 | 8879.67
195 | 0.08 | 8621.34 | 9450.50 | 7865.30 | 417.07 | 2085.34 | 9917.28 | 8801.20
212 | 0.14 | 8836.26 | 9882.03 | 7452.77 | 688.73 | 3443.65 | 10800.00 | 8945.31
231 | 0.12 | 8864.37 | 10605.65 | 7591.69 | 608.45 | 3042.25 | 10560.93 | 9048.40
200 | 0.10 | 8726.66 | 11280.77 | 7598.58 | 515.04 | 2575.22 | 10122.30 | 8920.02
211 | 0.09 | 8697.98 | 11899.21 | 7627.05 | 465.07 | 2325.34 | 9910.53 | 8879.65
199 | 0.11 | 8710.25 | 12444.45 | 7341.36 | 567.62 | 2838.08 | 10117.00 | 8928.29
221 | 0.12 | 8826.81 | 13020.35 | 7264.37 | 611.04 | 3055.20 | 10246.25 | 9023.79
191 | 0.08 | 8621.35 | 13713.87 | 7524.24 | 417.07 | 2085.34 | 9576.22 | 8801.21
194 | 0.08 | 8621.42 | 14236.76 | 7482.48 | 417.06 | 2085.32 | 9534.44 | 8801.26
215 | 0.13 | 8905.43 | 14715.47 | 6992.42 | 656.12 | 3280.58 | 10187.71 | 9089.60
217 | 0.06 | 8416.24 | 15415.91 | 7491.28 | 320.42 | 1602.12 | 9074.18 | 8589.25
229 | 0.05 | 8271.30 | 15769.94 | 7482.80 | 271.70 | 1358.50 | 8827.71 | 8438.87
226 | 0.15 | 8926.38 | 16060.09 | 6517.37 | 755.28 | 3776.40 | 10180.48 | 9130.00
204 | 0.11 | 8744.92 | 16846.86 | 6891.76 | 565.37 | 2826.83 | 9656.40 | 8951.70
213 | 0.06 | 8420.62 | 17438.45 | 7374.32 | 320.26 | 1601.29 | 8956.39 | 8592.80
209 | 0.14 | 8893.63 | 17808.68 | 6400.41 | 707.52 | 3537.62 | 9838.98 | 9096.65
208 | 0.07 | 8530.47 | 18527.69 | 7233.53 | 368.82 | 1844.11 | 9051.83 | 8707.28
230 | 0.16 | 8989.76 | 19005.90 | 5948.82 | 799.95 | 3999.76 | 9820.59 | 9178.55
193 | 0.07 | 8529.01 | 19830.64 | 7140.87 | 368.89 | 1844.43 | 8959.47 | 8706.14
225 | 0.06 | 8418.24 | 20232.04 | 7204.32 | 320.35 | 1601.74 | 8786.84 | 8590.87
227 | 0.15 | 8940.44 | 20647.17 | 5843.36 | 754.09 | 3770.46 | 9500.71 | 9138.12
222 | 0.14 | 8941.35 | 21522.85 | 5928.15 | 703.75 | 3518.74 | 9348.36 | 9125.49
207 | 0.15 | 8585.67 | 22245.80 | 5248.80 | 785.25 | 3926.26 | 9057.27 | 8939.15
Vehicle 6
Charging tour: 
260  -> 257  -> 233  -> 232  -> 234  -> 235  -> 239  -> 252  -> 265  -> 241  -> 247  -> 248  -> 236  -> 272  -> 246  -> 259  -> 255  -> 238  -> 240  -> 242  -> 243  -> 250  -> 256  -> 262  -> 244  -> 263  -> 254  -> 237  -> 269  -> 268  -> 261  -> 270  -> 271  -> 249  -> 267  -> 258  -> 266  -> 245  -> 264  -> 251  -> 253  -> 
Charging time: 
200.5412532242439  + 133.28152348659066  + 575.2196303399752  + 601.8665469122897  + 442.91161093033355  + 395.60839485666366  + 233.91859265442855  + 437.07657238904096  + 305.78626380289523  + 664.4157551852587  + 499.07486246613456  + 256.5978894972126  + 382.6538079711129  + 183.90416675317763  + 546.7969989292949  + 363.10654846907335  + 339.1539039232316  + 328.6556266176594  + 568.8834305475757  + 553.9613016308015  + 720.2677060186095  + 448.01313715450493  + 431.49613933906795  + 234.13488239041496  + 699.4005584086515  + 317.31020383102987  + 545.5810818793487  + 602.438651498615  + 362.32457215656814  + 421.69512318735065  + 286.0236409666989  + 378.7946423792509  + 342.5672981947378  + 260.54451873866014  + 288.3363576890426  + 542.5983496783823  + 364.41522561409334  + 266.0543737274303  + 417.83771147041176  + 433.8168981335491  + 809.0121196973638  + 
total node:41/41
-------------------
Traveling energy: 2661.8111041628954
Charging energy: 85930.38936370387
Total energy used: 88592.20046786677
-------------------
Total time for travel: 2661.8111041628954
Total time for charging: 17186.077872740774
Charging round duration: 19847.88897690367
-------------------
ID | p | E0 | time_arrive | E_remain | time_charge | energy_charge| E_after_charge | E_after_cycle
260 | 0.11 | 9834.66 | 139.12 | 9819.35 | 200.54 | 1002.71 | 10800.00 | 8217.32
257 | 0.06 | 10165.43 | 397.42 | 10141.59 | 133.28 | 666.41 | 10800.00 | 9402.73
233 | 0.12 | 8063.23 | 585.89 | 7992.93 | 575.22 | 2876.10 | 10800.00 | 8081.11
232 | 0.12 | 8005.14 | 1185.40 | 7862.89 | 601.87 | 3009.33 | 10800.00 | 8156.24
234 | 0.09 | 8787.73 | 1804.75 | 8625.30 | 442.91 | 2214.56 | 10800.00 | 8858.62
235 | 0.08 | 9038.56 | 2311.90 | 8853.61 | 395.61 | 1978.04 | 10800.00 | 9111.12
239 | 0.05 | 9778.99 | 2737.76 | 9642.10 | 233.92 | 1169.59 | 10800.00 | 9757.66
252 | 0.13 | 9060.50 | 2992.81 | 8671.44 | 437.08 | 2185.38 | 10800.00 | 8149.47
265 | 0.15 | 9839.62 | 3484.55 | 9316.94 | 305.79 | 1528.93 | 10800.00 | 7795.77
241 | 0.14 | 8106.05 | 3822.22 | 7570.94 | 664.42 | 3322.08 | 10800.00 | 8093.53
247 | 0.12 | 8907.74 | 4526.89 | 8364.51 | 499.07 | 2495.37 | 10800.00 | 8544.89
248 | 0.06 | 9834.89 | 5041.32 | 9532.41 | 256.60 | 1282.99 | 10800.00 | 9688.76
236 | 0.07 | 9287.31 | 5339.84 | 8913.52 | 382.65 | 1913.27 | 10800.00 | 9533.28
272 | 0.06 | 10238.40 | 5781.50 | 9891.51 | 183.90 | 919.52 | 10800.00 | 9728.81
246 | 0.12 | 8852.84 | 6010.08 | 8131.63 | 546.80 | 2733.98 | 10800.00 | 8728.60
259 | 0.10 | 9685.99 | 6652.17 | 9020.78 | 363.11 | 1815.53 | 10800.00 | 9119.67
255 | 0.09 | 9768.14 | 7037.61 | 9134.75 | 339.15 | 1695.77 | 10800.00 | 9320.24
238 | 0.06 | 9556.14 | 7459.55 | 9108.57 | 328.66 | 1643.28 | 10732.13 | 9770.30
240 | 0.10 | 8802.03 | 7895.56 | 8012.47 | 568.88 | 2844.42 | 10800.00 | 9264.59
242 | 0.10 | 8934.29 | 8487.00 | 8085.59 | 553.96 | 2769.81 | 10800.00 | 9322.24
243 | 0.13 | 8470.77 | 9065.22 | 7292.30 | 720.27 | 3601.34 | 10800.00 | 8975.70
250 | 0.08 | 9346.99 | 9808.54 | 8562.30 | 448.01 | 2240.07 | 10766.53 | 9681.57
256 | 0.10 | 9713.00 | 10273.34 | 8685.67 | 431.50 | 2157.48 | 10800.00 | 9488.63
262 | 0.05 | 10183.48 | 10848.87 | 9641.03 | 234.13 | 1170.67 | 10800.00 | 10163.22
244 | 0.12 | 8730.31 | 11194.85 | 7386.93 | 699.40 | 3497.00 | 10800.00 | 9369.08
263 | 0.06 | 9897.82 | 11938.96 | 9181.48 | 317.31 | 1586.55 | 10748.99 | 10055.26
254 | 0.11 | 9488.61 | 12331.79 | 8132.11 | 545.58 | 2727.91 | 10800.00 | 9596.47
237 | 0.10 | 8688.79 | 12967.99 | 7391.99 | 602.44 | 3012.19 | 10343.94 | 9319.13
269 | 0.10 | 10385.78 | 13611.74 | 9024.61 | 362.32 | 1811.62 | 10800.00 | 9815.55
268 | 0.11 | 10281.90 | 14036.28 | 8737.91 | 421.70 | 2108.48 | 10800.00 | 9770.34
261 | 0.06 | 10261.19 | 14569.07 | 9387.04 | 286.02 | 1430.12 | 10800.00 | 10262.19
270 | 0.10 | 10441.19 | 14972.86 | 8943.91 | 378.79 | 1893.97 | 10800.00 | 9953.31
271 | 0.07 | 10189.42 | 15403.90 | 9111.14 | 342.57 | 1712.84 | 10800.00 | 10234.95
249 | 0.05 | 10045.24 | 15831.14 | 9253.68 | 260.54 | 1302.72 | 10543.38 | 10157.04
267 | 0.06 | 10345.09 | 16157.78 | 9375.62 | 288.34 | 1441.68 | 10800.00 | 10357.65
258 | 0.10 | 9647.03 | 16536.95 | 7993.34 | 542.60 | 2712.99 | 10652.07 | 9978.17
266 | 0.07 | 10054.81 | 17125.16 | 8856.05 | 364.42 | 1822.08 | 10652.62 | 10209.59
245 | 0.05 | 9837.21 | 17521.11 | 8961.15 | 266.05 | 1330.27 | 10278.12 | 9976.55
264 | 0.08 | 10022.01 | 17916.93 | 8588.65 | 417.84 | 2089.19 | 10644.41 | 10205.71
251 | 0.08 | 9652.86 | 18418.18 | 8179.40 | 433.82 | 2169.08 | 10313.78 | 9916.46
253 | 0.14 | 9058.27 | 18882.59 | 6414.71 | 809.01 | 4045.06 | 10346.51 | 9768.73
Vehicle 7
Charging tour: 
289  -> 306  -> 273  -> 285  -> 305  -> 276  -> 282  -> 304  -> 296  -> 311  -> 281  -> 274  -> 275  -> 283  -> 284  -> 279  -> 277  -> 286  -> 288  -> 309  -> 299  -> 298  -> 308  -> 292  -> 310  -> 278  -> 302  -> 301  -> 287  -> 293  -> 312  -> 291  -> 300  -> 290  -> 294  -> 297  -> 280  -> 307  -> 303  -> 295  -> 
Charging time: 
284.00190196591166  + 209.43363275004052  + 646.9936770439757  + 238.05536529851685  + 245.20112097006614  + 335.7687655223861  + 569.206280456343  + 346.755060601883  + 452.9334973112527  + 167.30441097175216  + 290.95456387186135  + 789.7253333169966  + 850.1674702939308  + 659.2540901802583  + 355.78406907133643  + 444.64565200659354  + 261.19400156870745  + 417.31316950937236  + 311.9067929395655  + 626.7731433926957  + 506.9772809453391  + 305.9440741236785  + 370.60491556551426  + 520.2278182907246  + 665.4976379973289  + 319.7728654185117  + 493.6894286602275  + 250.02921932408438  + 621.3260798807639  + 419.01851920773197  + 384.4574020361913  + 543.9847015876887  + 417.704828783119  + 308.3188898201984  + 360.66089735181515  + 590.5410489489013  + 975.1328638266209  + 558.3480170164763  + 349.46274087846615  + 426.501866728177  + 
total node:40/40
-------------------
Traveling energy: 2648.738652831472
Charging energy: 89457.86547717502
Total energy used: 92106.60413000648
-------------------
Total time for travel: 2648.738652831472
Total time for charging: 17891.573095435004
Charging round duration: 20540.311748266475
-------------------
ID | p | E0 | time_arrive | E_remain | time_charge | energy_charge| E_after_charge | E_after_cycle
289 | 0.08 | 9418.12 | 192.56 | 9402.71 | 284.00 | 1420.01 | 10800.00 | 8932.64
306 | 0.06 | 9800.36 | 582.66 | 9765.40 | 209.43 | 1047.17 | 10800.00 | 9418.41
273 | 0.13 | 7764.37 | 886.39 | 7649.14 | 646.99 | 3234.97 | 10800.00 | 7902.93
285 | 0.06 | 9716.82 | 1546.83 | 9624.01 | 238.06 | 1190.28 | 10800.00 | 9477.98
305 | 0.13 | 9845.22 | 1841.16 | 9605.87 | 245.20 | 1226.01 | 10800.00 | 7974.81
276 | 0.07 | 9293.66 | 2128.59 | 9144.66 | 335.77 | 1678.84 | 10800.00 | 9305.21
282 | 0.13 | 8357.44 | 2534.42 | 8027.97 | 569.21 | 2846.03 | 10800.00 | 8107.06
304 | 0.15 | 9600.12 | 3212.53 | 9118.24 | 346.76 | 1733.78 | 10800.00 | 7761.11
296 | 0.14 | 9116.58 | 3698.86 | 8598.74 | 452.93 | 2264.67 | 10800.00 | 8046.65
311 | 0.08 | 10315.90 | 4237.98 | 9976.86 | 167.30 | 836.52 | 10800.00 | 9246.94
281 | 0.06 | 9629.91 | 4453.79 | 9362.68 | 290.95 | 1454.77 | 10800.00 | 9655.57
274 | 0.14 | 7640.55 | 4847.28 | 6961.93 | 789.73 | 3948.63 | 10800.00 | 8254.58
275 | 0.15 | 7523.59 | 5646.00 | 6676.69 | 850.17 | 4250.84 | 10800.00 | 8201.64
283 | 0.13 | 8447.58 | 6601.11 | 7589.43 | 659.25 | 3296.27 | 10800.00 | 8647.43
284 | 0.07 | 9556.27 | 7289.80 | 9045.98 | 355.78 | 1778.92 | 10800.00 | 9667.89
279 | 0.08 | 9151.73 | 7767.19 | 8530.36 | 444.65 | 2223.23 | 10718.01 | 9469.48
277 | 0.05 | 9737.20 | 8347.82 | 9319.81 | 261.19 | 1305.97 | 10612.72 | 9852.24
286 | 0.08 | 9438.42 | 8644.99 | 8746.82 | 417.31 | 2086.57 | 10800.00 | 9619.50
288 | 0.06 | 9784.84 | 9102.28 | 9238.70 | 311.91 | 1559.53 | 10779.52 | 9915.26
309 | 0.13 | 8976.48 | 9452.84 | 7747.61 | 626.77 | 3133.87 | 10800.00 | 9013.94
299 | 0.12 | 9543.10 | 10142.93 | 8325.95 | 506.98 | 2534.89 | 10800.00 | 9219.76
298 | 0.06 | 9928.68 | 10667.38 | 9288.64 | 305.94 | 1529.72 | 10800.00 | 10029.29
308 | 0.09 | 9974.47 | 11045.98 | 8980.33 | 370.60 | 1853.02 | 10800.00 | 9683.82
292 | 0.10 | 9397.91 | 11470.27 | 8250.88 | 520.23 | 2601.14 | 10800.00 | 9617.19
310 | 0.13 | 9119.18 | 12001.19 | 7559.03 | 665.50 | 3327.49 | 10800.00 | 9350.26
278 | 0.06 | 9544.14 | 12681.45 | 8783.26 | 319.77 | 1598.86 | 10362.94 | 9713.90
302 | 0.10 | 9686.86 | 13059.36 | 8380.92 | 493.69 | 2468.45 | 10800.00 | 9773.45
301 | 0.05 | 10172.01 | 13609.16 | 9491.55 | 250.03 | 1250.15 | 10729.19 | 10231.22
287 | 0.11 | 9005.35 | 13908.88 | 7475.37 | 621.33 | 3106.63 | 10513.66 | 9491.94
293 | 0.08 | 9711.45 | 14553.99 | 8547.13 | 419.02 | 2095.09 | 10608.70 | 9901.06
312 | 0.08 | 10112.36 | 15048.62 | 8908.47 | 384.46 | 1922.29 | 10800.00 | 10129.16
291 | 0.10 | 9350.63 | 15448.85 | 7805.74 | 543.98 | 2719.92 | 10471.27 | 9688.69
300 | 0.08 | 9741.99 | 16004.27 | 8461.65 | 417.70 | 2088.52 | 10516.76 | 9925.03
290 | 0.06 | 9898.71 | 16489.21 | 8909.35 | 308.32 | 1541.59 | 10432.45 | 10011.19
294 | 0.07 | 9872.48 | 16830.44 | 8694.35 | 360.66 | 1803.30 | 10472.41 | 10008.49
297 | 0.11 | 9474.80 | 17212.94 | 7581.37 | 590.54 | 2952.71 | 10469.12 | 9807.46
280 | 0.15 | 7824.47 | 17825.84 | 5150.59 | 975.13 | 4875.66 | 9879.99 | 9127.35
307 | 0.11 | 10021.09 | 18887.39 | 7943.48 | 558.35 | 2791.74 | 10673.80 | 10192.79
303 | 0.07 | 10188.84 | 19570.32 | 8818.91 | 349.46 | 1747.31 | 10541.76 | 10268.85
295 | 0.08 | 9541.06 | 20004.10 | 7940.73 | 426.50 | 2132.51 | 10039.12 | 9768.08
Vehicle 8
Charging tour: 
321  -> 323  -> 317  -> 328  -> 322  -> 344  -> 325  -> 347  -> 316  -> 313  -> 337  -> 319  -> 336  -> 315  -> 346  -> 330  -> 334  -> 342  -> 351  -> 314  -> 326  -> 324  -> 332  -> 329  -> 338  -> 339  -> 341  -> 349  -> 318  -> 335  -> 331  -> 327  -> 333  -> 340  -> 320  -> 345  -> 343  -> 350  -> 348  -> 
Charging time: 
313.3475706196635  + 304.03380381290157  + 357.4258023996097  + 381.15951216061603  + 330.5224823233151  + 395.21641358542104  + 360.34941253038687  + 349.4845658299128  + 830.1206072170967  + 619.3988907057565  + 390.4544040420064  + 418.3453448170776  + 218.7624106219921  + 319.977080119977  + 320.09710741463874  + 569.1635121430601  + 284.8481164959576  + 565.4342251831575  + 353.34404464276406  + 449.38399878821735  + 308.76282373444485  + 557.2873925434981  + 731.8208023705942  + 593.6105356455085  + 387.6075549718339  + 589.84383921181  + 308.5562776807317  + 510.2189118014089  + 650.1901106929571  + 524.2434349639636  + 303.6327381585007  + 424.63369129692643  + 589.3691940829568  + 347.3760269356904  + 715.5994346604868  + 612.4809640851307  + 569.3334820124528  + 353.2478959863579  + 502.0846772721779  + 
total node:39/39
-------------------
Traveling energy: 2719.587842219307
Charging energy: 88553.84546780479
Total energy used: 91273.43331002409
-------------------
Total time for travel: 2719.587842219307
Total time for charging: 17710.769093560957
Charging round duration: 20430.356935780263
-------------------
ID | p | E0 | time_arrive | E_remain | time_charge | energy_charge| E_after_charge | E_after_cycle
321 | 0.08 | 9271.23 | 161.21 | 9258.33 | 313.35 | 1566.74 | 10800.00 | 8932.48
323 | 0.08 | 9344.73 | 507.16 | 9304.15 | 304.03 | 1520.17 | 10800.00 | 8959.41
317 | 0.08 | 9108.75 | 841.10 | 9041.47 | 357.43 | 1787.13 | 10800.00 | 8990.40
328 | 0.11 | 9070.81 | 1224.34 | 8936.13 | 381.16 | 1905.80 | 10800.00 | 8356.56
322 | 0.08 | 9309.00 | 1689.62 | 9173.83 | 330.52 | 1652.61 | 10800.00 | 9056.13
344 | 0.10 | 9078.64 | 2152.00 | 8863.44 | 395.22 | 1976.08 | 10800.00 | 8672.87
325 | 0.09 | 9261.76 | 2567.46 | 9030.68 | 360.35 | 1801.75 | 10800.00 | 8919.83
347 | 0.18 | 9654.88 | 2996.66 | 9115.48 | 349.48 | 1747.42 | 10800.00 | 7114.97
316 | 0.16 | 7331.78 | 3434.79 | 6782.22 | 830.12 | 4150.60 | 10800.00 | 7671.42
313 | 0.11 | 8251.58 | 4367.62 | 7771.14 | 619.40 | 3096.99 | 10800.00 | 8728.53
337 | 0.12 | 9500.33 | 5047.90 | 8894.58 | 390.45 | 1952.27 | 10800.00 | 8594.38
319 | 0.08 | 9181.03 | 5491.15 | 8741.74 | 418.35 | 2091.73 | 10800.00 | 9367.28
336 | 0.06 | 10076.88 | 5959.39 | 9719.31 | 218.76 | 1093.81 | 10800.00 | 9741.58
315 | 0.06 | 9452.05 | 6233.84 | 9078.02 | 319.98 | 1599.89 | 10658.70 | 9622.82
346 | 0.08 | 9754.56 | 6617.99 | 9225.12 | 320.10 | 1600.49 | 10800.00 | 9449.56
330 | 0.13 | 8942.86 | 7036.03 | 8028.17 | 569.16 | 2845.82 | 10800.00 | 8692.26
334 | 0.07 | 9929.60 | 7627.20 | 9395.70 | 284.85 | 1424.24 | 10800.00 | 9686.54
342 | 0.17 | 9418.76 | 7940.05 | 8068.95 | 565.43 | 2827.17 | 10800.00 | 8196.78
351 | 0.08 | 9745.33 | 8547.28 | 9061.55 | 353.34 | 1766.72 | 10800.00 | 9606.57
314 | 0.08 | 8973.58 | 8970.71 | 8255.93 | 449.38 | 2246.92 | 10466.90 | 9315.02
326 | 0.06 | 9795.35 | 9504.19 | 9225.09 | 308.76 | 1543.81 | 10750.38 | 9910.05
324 | 0.10 | 9045.12 | 9880.43 | 8057.08 | 557.29 | 2786.44 | 10787.78 | 9449.70
332 | 0.15 | 8829.31 | 10524.27 | 7250.67 | 731.82 | 3659.10 | 10800.00 | 8915.63
329 | 0.11 | 9139.82 | 11296.14 | 7897.24 | 593.61 | 2968.05 | 10800.00 | 9487.83
338 | 0.08 | 9855.99 | 12037.80 | 8892.97 | 387.61 | 1938.04 | 10800.00 | 9888.55
339 | 0.13 | 9558.40 | 12545.73 | 7927.46 | 589.84 | 2949.22 | 10800.00 | 9411.21
341 | 0.06 | 9801.90 | 13146.88 | 9013.09 | 308.56 | 1542.78 | 10537.36 | 9915.57
349 | 0.13 | 10073.85 | 13527.83 | 8315.23 | 510.22 | 2551.09 | 10800.00 | 9528.53
318 | 0.11 | 8527.97 | 14133.85 | 6973.25 | 650.19 | 3250.95 | 10152.68 | 9158.88
335 | 0.10 | 9615.25 | 14827.46 | 8132.50 | 524.24 | 2621.22 | 10701.30 | 9854.61
331 | 0.06 | 9960.84 | 15375.50 | 9038.31 | 303.63 | 1518.16 | 10538.26 | 10049.89
327 | 0.08 | 9496.62 | 15746.23 | 8236.92 | 424.63 | 2123.17 | 10326.12 | 9714.30
333 | 0.11 | 9408.03 | 16182.34 | 7627.97 | 589.37 | 2946.85 | 10509.99 | 9734.84
340 | 0.07 | 10157.61 | 16839.68 | 8978.84 | 347.38 | 1736.88 | 10691.40 | 10227.19
320 | 0.12 | 8452.88 | 17255.62 | 6382.21 | 715.60 | 3578.00 | 9874.33 | 9172.65
345 | 0.12 | 9876.02 | 18002.06 | 7715.78 | 612.48 | 3062.40 | 10704.68 | 10080.20
343 | 0.11 | 9739.11 | 18689.13 | 7683.31 | 569.33 | 2846.67 | 10467.35 | 9965.74
350 | 0.07 | 9988.77 | 19281.38 | 8639.07 | 353.25 | 1766.24 | 10380.58 | 10087.71
348 | 0.10 | 10039.60 | 19738.41 | 8065.76 | 502.08 | 2510.42 | 10525.98 | 10168.17
Vehicle 9
Charging tour: 
355  -> 354  -> 361  -> 370  -> 382  -> 353  -> 357  -> 384  -> 362  -> 359  -> 372  -> 365  -> 364  -> 389  -> 376  -> 390  -> 391  -> 381  -> 380  -> 356  -> 367  -> 373  -> 377  -> 386  -> 368  -> 374  -> 360  -> 366  -> 379  -> 385  -> 387  -> 392  -> 352  -> 378  -> 371  -> 375  -> 358  -> 383  -> 369  -> 388  -> 363  -> 
Charging time: 
458.11338623876037  + 362.6272920038508  + 488.80266229318363  + 499.59049872333185  + 458.11272755014716  + 458.1131896947589  + 314.74737130200066  + 536.7343437599751  + 609.0991239157524  + 410.39360949298424  + 314.77984479534723  + 595.6184236971081  + 553.4706475085726  + 314.7435718623327  + 458.11360336576445  + 362.6201559621744  + 458.11158064247047  + 705.2790927554782  + 657.2592892693316  + 458.11353194165076  + 648.7661289875722  + 650.4342535319823  + 410.3888934142505  + 505.80238681282077  + 696.3998164939655  + 266.25887835412334  + 362.6265113275754  + 458.11347352477867  + 601.1238790569175  + 648.7660772831683  + 553.4706454113773  + 505.80254313895625  + 314.7591806651549  + 648.7661303803005  + 650.0973904285333  + 696.4000274237183  + 266.7090214304969  + 648.7644930311513  + 744.0264329668178  + 716.168711725505  + 553.4705764092041  + 
total node:41/41
-------------------
Traveling energy: 2352.237152936789
Charging energy: 105107.79699286672
Total energy used: 107460.03414580351
-------------------
Total time for travel: 2352.237152936789
Total time for charging: 21021.559398573343
Charging round duration: 23373.79655151013
-------------------
ID | p | E0 | time_arrive | E_remain | time_charge | energy_charge| E_after_charge | E_after_cycle
355 | 0.09 | 8457.47 | 153.14 | 8443.68 | 458.11 | 2290.57 | 10693.02 | 8604.36
354 | 0.07 | 8310.14 | 640.25 | 8265.32 | 362.63 | 1813.14 | 10053.07 | 8455.98
361 | 0.10 | 8511.18 | 1063.12 | 8404.87 | 488.80 | 2444.01 | 10800.00 | 8573.34
370 | 0.10 | 8511.18 | 1591.75 | 8352.01 | 499.59 | 2497.95 | 10800.00 | 8627.28
382 | 0.09 | 8457.48 | 2125.16 | 8266.21 | 458.11 | 2290.56 | 10515.55 | 8604.37
353 | 0.09 | 8457.47 | 2615.73 | 8222.05 | 458.11 | 2290.57 | 10471.39 | 8604.37
357 | 0.06 | 8206.54 | 3132.83 | 8018.57 | 314.75 | 1573.74 | 9573.42 | 8351.16
384 | 0.11 | 8555.96 | 3459.93 | 8175.37 | 536.73 | 2683.67 | 10800.00 | 8619.59
362 | 0.13 | 8361.73 | 4061.91 | 7833.69 | 609.10 | 3045.50 | 10800.00 | 8310.82
359 | 0.08 | 8391.90 | 4674.99 | 8017.90 | 410.39 | 2051.97 | 10037.03 | 8538.38
372 | 0.06 | 8205.69 | 5222.12 | 7892.36 | 314.78 | 1573.90 | 9447.37 | 8350.47
365 | 0.12 | 8560.48 | 5559.15 | 7893.38 | 595.62 | 2978.09 | 10800.00 | 8680.34
364 | 0.11 | 8555.96 | 6264.43 | 7866.87 | 553.47 | 2767.35 | 10573.35 | 8703.27
389 | 0.06 | 8206.63 | 6840.83 | 7796.19 | 314.74 | 1573.72 | 9351.02 | 8351.24
376 | 0.09 | 8457.46 | 7211.25 | 7808.45 | 458.11 | 2290.57 | 10057.79 | 8604.36
390 | 0.07 | 8310.30 | 7745.19 | 7768.14 | 362.62 | 1813.10 | 9555.86 | 8456.10
391 | 0.09 | 8457.50 | 8130.26 | 7725.78 | 458.11 | 2290.56 | 9975.10 | 8604.39
381 | 0.14 | 8545.51 | 8639.04 | 7336.04 | 705.28 | 3526.40 | 10763.70 | 8737.30
380 | 0.13 | 8514.86 | 9351.67 | 7299.14 | 657.26 | 3286.30 | 10499.99 | 8704.74
356 | 0.09 | 8457.46 | 10015.67 | 7556.05 | 458.11 | 2290.57 | 9805.39 | 8604.36
367 | 0.13 | 8626.33 | 10511.23 | 7259.87 | 648.77 | 3243.83 | 10419.36 | 8773.75
373 | 0.13 | 8604.20 | 11211.81 | 7146.67 | 650.43 | 3252.17 | 10314.28 | 8759.96
377 | 0.08 | 8391.99 | 11947.63 | 7436.18 | 410.39 | 2051.94 | 9455.30 | 8538.45
386 | 0.10 | 8511.18 | 12404.43 | 7270.74 | 505.80 | 2529.01 | 9749.17 | 8658.34
368 | 0.14 | 8654.46 | 13031.74 | 6830.02 | 696.40 | 3482.00 | 10214.52 | 8801.86
374 | 0.05 | 8084.19 | 13885.03 | 7389.94 | 266.26 | 1331.29 | 8707.92 | 8224.56
360 | 0.07 | 8310.16 | 14200.74 | 7316.10 | 362.63 | 1813.13 | 9103.85 | 8455.99
366 | 0.09 | 8457.46 | 14596.01 | 7143.82 | 458.11 | 2290.57 | 9393.16 | 8604.36
379 | 0.12 | 8593.85 | 15097.12 | 6782.20 | 601.12 | 3005.62 | 9715.68 | 8741.25
385 | 0.13 | 8626.33 | 15710.39 | 6583.98 | 648.77 | 3243.83 | 9743.47 | 8773.75
387 | 0.11 | 8555.96 | 16365.64 | 6755.74 | 553.47 | 2767.35 | 9462.21 | 8703.27
392 | 0.10 | 8511.18 | 17020.39 | 6809.14 | 505.80 | 2529.01 | 9287.57 | 8658.34
352 | 0.06 | 8206.23 | 17532.38 | 7154.28 | 314.76 | 1573.80 | 8709.20 | 8350.91
378 | 0.13 | 8626.33 | 17948.37 | 6293.04 | 648.77 | 3243.83 | 9452.53 | 8773.75
371 | 0.13 | 8608.66 | 18630.82 | 6186.66 | 650.10 | 3250.49 | 9352.63 | 8762.74
375 | 0.14 | 8654.46 | 19359.20 | 5944.17 | 696.40 | 3482.00 | 9328.68 | 8801.86
358 | 0.05 | 8070.55 | 20072.24 | 7066.94 | 266.71 | 1333.55 | 8387.15 | 8213.17
383 | 0.13 | 8626.35 | 20400.33 | 5974.31 | 648.76 | 3243.82 | 9133.79 | 8773.76
369 | 0.15 | 8679.08 | 21071.88 | 5518.30 | 744.03 | 3720.13 | 9126.82 | 8826.43
388 | 0.14 | 8415.57 | 21906.06 | 5348.72 | 716.17 | 3580.84 | 8829.30 | 8661.81
363 | 0.11 | 8555.96 | 22734.96 | 6055.12 | 553.47 | 2767.35 | 8761.59 | 8703.27
Vehicle 10
Charging tour: 
396  -> 394  -> 431  -> 395  -> 424  -> 397  -> 408  -> 398  -> 406  -> 400  -> 418  -> 417  -> 414  -> 401  -> 399  -> 403  -> 413  -> 426  -> 422  -> 415  -> 393  -> 425  -> 429  -> 410  -> 407  -> 420  -> 412  -> 427  -> 402  -> 428  -> 405  -> 423  -> 404  -> 419  -> 411  -> 430  -> 416  -> 409  -> 421  -> 
Charging time: 
654.6880899746214  + 628.463883604383  + 116.92006264712342  + 777.1503778854538  + 147.93295957422683  + 568.36970018223  + 293.1695173207794  + 675.0616387036047  + 374.02716244421777  + 581.2569063625871  + 440.40822669876246  + 209.90079745413763  + 265.4491128082634  + 607.5592285919489  + 547.8905152378567  + 461.194626212125  + 301.3554231706162  + 383.19889772876616  + 252.8613734594317  + 610.5796946666604  + 617.4560335851131  + 514.1770813768505  + 255.63922023331784  + 258.28011321665923  + 618.3726993911846  + 384.17459146360824  + 482.2973344141737  + 474.887023092282  + 381.3819969267415  + 479.35802442660435  + 318.9912174053972  + 442.92731428923895  + 571.1423890219664  + 306.4952789400162  + 489.83101427887254  + 525.5441270224917  + 479.11926937269186  + 436.49929995108096  + 321.11066888862433  + 
total node:39/39
-------------------
Traveling energy: 2656.6046737477877
Charging energy: 86275.61446012356
Total energy used: 88932.21913387135
-------------------
Total time for travel: 2656.6046737477877
Total time for charging: 17255.122892024712
Charging round duration: 19911.7275657725
-------------------
ID | p | E0 | time_arrive | E_remain | time_charge | energy_charge| E_after_charge | E_after_cycle
396 | 0.15 | 7645.77 | 140.06 | 7624.76 | 654.69 | 3273.44 | 10800.00 | 7346.43
394 | 0.13 | 7853.27 | 876.10 | 7739.38 | 628.46 | 3142.32 | 10800.00 | 7899.18
431 | 0.07 | 10335.22 | 1594.83 | 10223.58 | 116.92 | 584.60 | 10800.00 | 9252.52
395 | 0.16 | 7317.57 | 1743.61 | 7038.59 | 777.15 | 3885.75 | 10800.00 | 7392.35
424 | 0.06 | 10221.17 | 2532.69 | 10069.21 | 147.93 | 739.66 | 10800.00 | 9531.72
397 | 0.12 | 8365.38 | 2825.20 | 8026.36 | 568.37 | 2841.85 | 10800.00 | 8349.00
408 | 0.08 | 9641.25 | 3545.55 | 9357.61 | 293.17 | 1465.85 | 10800.00 | 9201.61
398 | 0.14 | 8066.40 | 3908.56 | 7519.20 | 675.06 | 3375.31 | 10800.00 | 8107.11
406 | 0.09 | 9380.60 | 4634.20 | 8963.53 | 374.03 | 1870.14 | 10800.00 | 9107.07
400 | 0.12 | 8581.99 | 5154.34 | 7963.47 | 581.26 | 2906.28 | 10800.00 | 8630.05
418 | 0.12 | 9360.30 | 5912.46 | 8650.81 | 440.41 | 2202.04 | 10800.00 | 8704.12
417 | 0.06 | 10144.61 | 6358.65 | 9763.09 | 209.90 | 1049.50 | 10800.00 | 9765.00
414 | 0.07 | 9956.95 | 6651.57 | 9491.34 | 265.45 | 1327.25 | 10800.00 | 9616.89
401 | 0.12 | 8677.60 | 7020.74 | 7835.11 | 607.56 | 3037.80 | 10800.00 | 8857.17
399 | 0.10 | 8886.66 | 7713.22 | 8115.34 | 547.89 | 2739.45 | 10800.00 | 9244.25
403 | 0.09 | 9282.70 | 8301.81 | 8535.53 | 461.19 | 2305.97 | 10800.00 | 9445.00
413 | 0.07 | 9930.86 | 8807.76 | 9314.32 | 301.36 | 1506.78 | 10800.00 | 9770.34
426 | 0.12 | 10028.41 | 9153.49 | 8929.99 | 383.20 | 1915.99 | 10800.00 | 9086.18
422 | 0.07 | 10224.00 | 9580.05 | 9553.39 | 252.86 | 1264.31 | 10800.00 | 9821.00
415 | 0.14 | 9210.56 | 9842.69 | 7832.58 | 610.58 | 3052.90 | 10800.00 | 8928.86
393 | 0.10 | 8465.92 | 10490.41 | 7416.88 | 617.46 | 3087.28 | 10442.41 | 9171.34
425 | 0.12 | 9631.57 | 11172.91 | 8290.82 | 514.18 | 2570.89 | 10800.00 | 9344.22
429 | 0.06 | 10242.42 | 11754.61 | 9537.14 | 255.64 | 1278.20 | 10800.00 | 10091.50
410 | 0.05 | 10119.50 | 12032.60 | 9517.87 | 258.28 | 1291.40 | 10796.36 | 10219.97
407 | 0.11 | 9142.93 | 12425.21 | 7776.16 | 618.37 | 3091.86 | 10800.00 | 9614.75
420 | 0.08 | 9956.94 | 13088.48 | 8909.86 | 384.17 | 1920.87 | 10800.00 | 9972.33
412 | 0.09 | 9650.36 | 13538.27 | 8431.92 | 482.30 | 2411.49 | 10800.00 | 9918.18
427 | 0.12 | 10167.75 | 14043.36 | 8482.55 | 474.89 | 2374.44 | 10800.00 | 9683.96
402 | 0.07 | 9594.40 | 14562.49 | 8575.03 | 381.38 | 1906.91 | 10455.24 | 9834.01
428 | 0.09 | 9802.79 | 15071.59 | 8446.35 | 479.36 | 2396.79 | 10800.00 | 10055.91
405 | 0.06 | 9832.24 | 15575.33 | 8897.72 | 318.99 | 1594.96 | 10473.54 | 9998.09
423 | 0.08 | 9441.43 | 15920.19 | 8167.81 | 442.93 | 2214.64 | 10347.01 | 9750.58
404 | 0.10 | 9152.41 | 16422.90 | 7510.12 | 571.14 | 2855.71 | 10308.72 | 9626.27
419 | 0.06 | 10233.11 | 17070.95 | 9208.85 | 306.50 | 1532.48 | 10722.94 | 10336.47
411 | 0.09 | 9604.53 | 17413.73 | 8037.30 | 489.83 | 2449.16 | 10442.37 | 9910.02
430 | 0.10 | 9946.51 | 17935.73 | 8152.94 | 525.54 | 2627.72 | 10728.11 | 10192.38
416 | 0.09 | 9819.26 | 18540.19 | 8150.65 | 479.12 | 2395.60 | 10503.12 | 10071.19
409 | 0.08 | 9580.46 | 19038.31 | 8057.40 | 436.50 | 2182.50 | 10204.98 | 9857.48
421 | 0.06 | 9767.35 | 19502.10 | 8597.22 | 321.11 | 1605.55 | 10183.51 | 9943.79
Vehicle 11
Charging tour: 
434  -> 437  -> 438  -> 458  -> 448  -> 446  -> 445  -> 435  -> 442  -> 451  -> 449  -> 436  -> 443  -> 469  -> 439  -> 433  -> 468  -> 461  -> 455  -> 444  -> 447  -> 462  -> 452  -> 440  -> 466  -> 441  -> 457  -> 464  -> 453  -> 454  -> 450  -> 463  -> 460  -> 465  -> 459  -> 456  -> 432  -> 467  -> 
Charging time: 
362.13358842851744  + 508.41193674191794  + 211.57471487288575  + 248.69264153337153  + 320.51569116949037  + 265.5148099323341  + 557.9581659222085  + 506.04036087572126  + 266.5390395456973  + 263.2008638081432  + 318.59897497363716  + 793.5767283180177  + 529.473655228143  + 239.35816389065712  + 844.7072085729969  + 865.4007887697087  + 246.10884597936936  + 211.67438696466493  + 466.74788636018314  + 435.087718978993  + 313.46545895609154  + 259.71686220139884  + 690.1145214410658  + 271.4786702181777  + 349.0569861526512  + 271.10761758957466  + 424.606938041741  + 516.375733095534  + 387.7369327186367  + 534.5489916585259  + 328.8943309895834  + 727.4955525565413  + 701.6567379645385  + 477.76727143123253  + 427.4011589073577  + 813.7921171367545  + 631.8314551717493  + 390.52795204638977  + 
total node:38/38
-------------------
Traveling energy: 2303.9906824684367
Charging energy: 84894.45729572102
Total energy used: 87198.44797818945
-------------------
Total time for travel: 2303.9906824684367
Total time for charging: 16978.891459144204
Charging round duration: 19282.88214161264
-------------------
ID | p | E0 | time_arrive | E_remain | time_charge | energy_charge| E_after_charge | E_after_cycle
434 | 0.08 | 9034.07 | 197.09 | 9018.30 | 362.13 | 1810.67 | 10800.00 | 8939.25
437 | 0.12 | 8386.20 | 560.38 | 8318.95 | 508.41 | 2542.06 | 10800.00 | 8070.03
438 | 0.05 | 9808.22 | 1110.21 | 9752.71 | 211.57 | 1057.87 | 10800.00 | 9675.16
458 | 0.10 | 9727.37 | 1459.64 | 9581.41 | 248.69 | 1243.46 | 10800.00 | 8588.98
448 | 0.09 | 9394.46 | 1868.77 | 9226.27 | 320.52 | 1602.58 | 10800.00 | 8853.37
446 | 0.07 | 9652.30 | 2304.10 | 9491.01 | 265.51 | 1327.57 | 10800.00 | 9312.57
445 | 0.14 | 8451.83 | 2596.49 | 8088.32 | 557.96 | 2789.79 | 10800.00 | 7907.03
435 | 0.10 | 8637.77 | 3173.63 | 8320.40 | 506.04 | 2530.20 | 10800.00 | 8786.11
442 | 0.06 | 9706.55 | 3720.82 | 9483.30 | 266.54 | 1332.70 | 10800.00 | 9610.13
451 | 0.07 | 9784.79 | 4033.82 | 9502.42 | 263.20 | 1316.00 | 10800.00 | 9433.49
449 | 0.08 | 9579.12 | 4332.89 | 9232.49 | 318.60 | 1592.99 | 10800.00 | 9266.63
436 | 0.15 | 7665.94 | 4765.22 | 6951.15 | 793.58 | 3967.88 | 10800.00 | 8061.04
443 | 0.11 | 8835.72 | 5680.45 | 8210.87 | 529.47 | 2647.37 | 10800.00 | 8863.05
469 | 0.10 | 10249.98 | 6228.30 | 9627.14 | 239.36 | 1196.79 | 10800.00 | 9064.91
439 | 0.16 | 7750.46 | 6492.76 | 6711.62 | 844.71 | 4223.54 | 10800.00 | 8163.03
433 | 0.14 | 7635.22 | 7436.21 | 6594.15 | 865.40 | 4327.00 | 10800.00 | 8627.63
468 | 0.09 | 10339.08 | 8305.27 | 9591.61 | 246.11 | 1230.54 | 10800.00 | 9425.95
461 | 0.05 | 10182.49 | 8605.66 | 9752.21 | 211.67 | 1058.37 | 10800.00 | 10049.94
455 | 0.11 | 9489.97 | 8839.69 | 8517.60 | 466.75 | 2333.74 | 10800.00 | 9203.67
444 | 0.08 | 9404.50 | 9314.13 | 8659.37 | 435.09 | 2175.44 | 10800.00 | 9674.45
447 | 0.06 | 9838.47 | 9783.12 | 9251.48 | 313.47 | 1567.33 | 10800.00 | 9976.68
462 | 0.07 | 10227.65 | 10115.00 | 9519.60 | 259.72 | 1298.58 | 10800.00 | 9858.93
452 | 0.14 | 8915.07 | 10493.06 | 7446.04 | 690.11 | 3450.57 | 10800.00 | 9031.05
440 | 0.05 | 9863.50 | 11236.93 | 9301.65 | 271.48 | 1357.39 | 10645.47 | 10029.96
466 | 0.08 | 10008.89 | 11578.17 | 9082.64 | 349.06 | 1745.28 | 10800.00 | 9848.69
441 | 0.05 | 9877.00 | 11987.41 | 9277.63 | 271.11 | 1355.54 | 10619.61 | 10041.61
457 | 0.09 | 9819.11 | 12265.86 | 8715.18 | 424.61 | 2123.03 | 10800.00 | 9798.47
464 | 0.12 | 9809.35 | 12743.86 | 8280.09 | 516.38 | 2581.88 | 10800.00 | 9533.00
453 | 0.07 | 9668.47 | 13305.91 | 8737.05 | 387.74 | 1938.68 | 10648.59 | 9939.85
454 | 0.10 | 9553.42 | 13727.14 | 8180.71 | 534.55 | 2672.74 | 10800.00 | 9844.31
450 | 0.06 | 9769.93 | 14288.61 | 8912.62 | 328.89 | 1644.47 | 10537.35 | 9985.29
463 | 0.16 | 9624.47 | 14659.70 | 7278.92 | 727.50 | 3637.48 | 10800.00 | 9450.98
460 | 0.14 | 9555.35 | 15467.18 | 7389.95 | 701.66 | 3508.28 | 10800.00 | 9729.04
465 | 0.09 | 9915.91 | 16241.69 | 8454.16 | 477.77 | 2388.84 | 10800.00 | 10161.08
459 | 0.08 | 10024.23 | 16745.75 | 8684.57 | 427.40 | 2137.01 | 10787.38 | 10255.75
456 | 0.14 | 9213.22 | 17220.01 | 6802.41 | 813.79 | 4068.96 | 10757.44 | 9947.58
432 | 0.10 | 8476.09 | 18059.23 | 6670.16 | 631.83 | 3159.16 | 9766.14 | 9253.39
467 | 0.08 | 10377.79 | 18739.85 | 8878.60 | 390.53 | 1952.64 | 10800.00 | 10424.95
Vehicle 12
Charging tour: 
482  -> 492  -> 472  -> 475  -> 485  -> 481  -> 477  -> 491  -> 470  -> 497  -> 474  -> 504  -> 488  -> 503  -> 471  -> 508  -> 473  -> 483  -> 507  -> 479  -> 478  -> 490  -> 500  -> 480  -> 502  -> 487  -> 506  -> 505  -> 476  -> 489  -> 501  -> 495  -> 493  -> 486  -> 499  -> 484  -> 494  -> 498  -> 496  -> 
Charging time: 
247.74201786997565  + 166.9917369031175  + 651.9098257427273  + 754.9335715329208  + 333.4162786017148  + 367.85364521319394  + 406.79839930029493  + 404.3055817266383  + 442.0918793533692  + 271.693910792924  + 634.5738306721634  + 221.82425717524328  + 532.2106753135137  + 300.8238042244263  + 721.3848390344892  + 282.6143559653295  + 413.6166778019663  + 273.82820622258527  + 436.1477109243364  + 332.98542192288556  + 515.4405823702577  + 284.7322002996296  + 506.74783410429757  + 528.1982707450953  + 390.1422572903468  + 325.794725953646  + 238.03312283112265  + 304.3629303446815  + 546.467728602622  + 271.4351239221325  + 321.3511143994941  + 415.83294069348335  + 382.048431398235  + 809.0419787338138  + 514.1653326279862  + 530.1284086030334  + 570.5999831867848  + 498.5016118558128  + 693.3184523557941  + 
total node:39/39
-------------------
Traveling energy: 2295.5423523634245
Charging energy: 84220.44828306042
Total energy used: 86515.99063542385
-------------------
Total time for travel: 2295.5423523634245
Total time for charging: 16844.089656612086
Charging round duration: 19139.63200897551
-------------------
ID | p | E0 | time_arrive | E_remain | time_charge | energy_charge| E_after_charge | E_after_cycle
482 | 0.07 | 9588.64 | 143.02 | 9578.63 | 247.74 | 1238.71 | 10800.00 | 9160.05
492 | 0.06 | 10000.41 | 422.50 | 9975.06 | 166.99 | 834.96 | 10800.00 | 9406.26
472 | 0.14 | 7716.56 | 606.01 | 7631.72 | 651.91 | 3259.55 | 10800.00 | 7641.51
475 | 0.17 | 7373.46 | 1292.86 | 7153.67 | 754.93 | 3774.67 | 10800.00 | 7098.97
485 | 0.09 | 9350.50 | 2084.13 | 9162.93 | 333.42 | 1667.08 | 10800.00 | 8873.91
481 | 0.09 | 9215.93 | 2467.71 | 8993.84 | 367.85 | 1839.27 | 10800.00 | 8911.53
477 | 0.09 | 9066.73 | 2934.55 | 8802.62 | 406.80 | 2033.99 | 10800.00 | 8957.05
491 | 0.12 | 9238.00 | 3425.08 | 8826.99 | 404.31 | 2021.53 | 10800.00 | 8401.30
470 | 0.08 | 8935.79 | 3886.09 | 8624.91 | 442.09 | 2210.46 | 10800.00 | 9240.77
497 | 0.09 | 9860.49 | 4383.38 | 9465.98 | 271.69 | 1358.47 | 10800.00 | 9075.29
474 | 0.12 | 8276.49 | 4776.78 | 7703.28 | 634.57 | 3172.87 | 10800.00 | 8591.14
504 | 0.07 | 10089.98 | 5479.61 | 9706.41 | 221.82 | 1109.12 | 10800.00 | 9531.80
488 | 0.13 | 8953.49 | 5733.49 | 8208.13 | 532.21 | 2661.05 | 10800.00 | 8518.13
503 | 0.11 | 10022.15 | 6301.63 | 9328.97 | 300.82 | 1504.12 | 10800.00 | 8906.23
471 | 0.12 | 8075.77 | 6634.36 | 7279.64 | 721.38 | 3606.92 | 10800.00 | 8824.46
508 | 0.08 | 10001.63 | 7401.10 | 9409.54 | 282.61 | 1413.07 | 10800.00 | 9509.21
473 | 0.07 | 9282.50 | 7733.23 | 8741.17 | 413.62 | 2068.08 | 10780.30 | 9683.28
483 | 0.05 | 9853.01 | 8169.19 | 9444.55 | 273.83 | 1369.14 | 10800.00 | 10031.22
507 | 0.10 | 9509.94 | 8470.64 | 8662.88 | 436.15 | 2180.74 | 10800.00 | 9308.82
479 | 0.06 | 9693.07 | 8966.92 | 9155.05 | 332.99 | 1664.93 | 10800.00 | 9928.88
478 | 0.09 | 9107.57 | 9315.32 | 8269.19 | 515.44 | 2577.20 | 10800.00 | 9541.10
490 | 0.06 | 9987.95 | 9908.81 | 9393.42 | 284.73 | 1423.66 | 10800.00 | 9982.50
500 | 0.13 | 9664.75 | 10250.83 | 8332.14 | 506.75 | 2533.74 | 10800.00 | 9102.07
480 | 0.09 | 9183.14 | 10850.98 | 8206.55 | 528.20 | 2640.99 | 10800.00 | 9680.46
502 | 0.10 | 10030.81 | 11425.11 | 8888.30 | 390.14 | 1950.71 | 10800.00 | 9599.67
487 | 0.06 | 9902.70 | 11868.84 | 9190.57 | 325.79 | 1628.97 | 10800.00 | 10102.56
506 | 0.06 | 10356.87 | 12212.58 | 9624.12 | 238.03 | 1190.17 | 10800.00 | 10117.92
505 | 0.08 | 10301.21 | 12483.46 | 9302.53 | 304.36 | 1521.81 | 10800.00 | 9917.54
476 | 0.09 | 9033.23 | 12826.34 | 7878.86 | 546.47 | 2732.34 | 10562.01 | 9621.90
489 | 0.05 | 10103.43 | 13410.00 | 9432.93 | 271.44 | 1357.18 | 10776.54 | 10269.68
501 | 0.06 | 10037.14 | 13743.59 | 9212.53 | 321.35 | 1606.76 | 10800.00 | 10214.78
495 | 0.08 | 9882.94 | 14110.41 | 8754.10 | 415.83 | 2079.16 | 10800.00 | 10056.62
493 | 0.07 | 9938.35 | 14597.87 | 8916.50 | 382.05 | 1910.24 | 10800.00 | 10181.30
486 | 0.13 | 8810.44 | 15003.69 | 6859.97 | 809.04 | 4045.21 | 10800.00 | 9759.24
499 | 0.10 | 9866.00 | 15854.12 | 8280.59 | 514.17 | 2570.83 | 10800.00 | 10054.97
484 | 0.09 | 9311.65 | 16404.52 | 7835.24 | 530.13 | 2650.64 | 10438.17 | 9818.62
494 | 0.10 | 9612.43 | 16960.27 | 7916.40 | 570.60 | 2853.00 | 10712.34 | 10083.58
498 | 0.09 | 9902.41 | 17655.46 | 8313.42 | 498.50 | 2492.51 | 10761.06 | 10251.25
496 | 0.12 | 9493.22 | 18271.99 | 7300.58 | 693.32 | 3466.59 | 10683.97 | 10101.58
Vehicle 13
Charging tour: 
509  -> 517  -> 518  -> 520  -> 519  -> 516  -> 510  -> 511  -> 532  -> 526  -> 540  -> 536  -> 521  -> 531  -> 533  -> 528  -> 525  -> 538  -> 523  -> 513  -> 515  -> 524  -> 512  -> 530  -> 535  -> 522  -> 529  -> 534  -> 514  -> 539  -> 527  -> 537  -> 
Charging time: 
669.46536153102  + 411.11287980759863  + 408.4399492035845  + 350.86516874865225  + 619.9153736245595  + 513.0748748226414  + 642.484225919717  + 537.864651241221  + 333.10708758035094  + 434.14759650353864  + 164.81902726220568  + 258.21029428972975  + 417.68548075658595  + 345.5657863718969  + 297.9810293209506  + 384.6951320568881  + 276.41791297713536  + 417.80166970033713  + 646.436852525848  + 884.5891833567563  + 565.3533104903815  + 317.06846875555965  + 606.2763034718417  + 299.7530008090179  + 230.5355016795136  + 466.90451756543314  + 424.9847124625516  + 345.82177482329837  + 489.8288337768311  + 323.9606094118161  + 348.5384136577791  + 557.2707676461331  + 
total node:32/32
-------------------
Traveling energy: 2130.2488280014095
Charging energy: 69954.87876075687
Total energy used: 72085.12758875827
-------------------
Total time for travel: 2130.2488280014095
Total time for charging: 13990.975752151375
Charging round duration: 16121.224580152784
-------------------
ID | p | E0 | time_arrive | E_remain | time_charge | energy_charge| E_after_charge | E_after_cycle
509 | 0.14 | 7573.66 | 194.69 | 7546.40 | 669.47 | 3347.33 | 10800.00 | 7586.38
517 | 0.10 | 8887.15 | 1015.99 | 8785.55 | 411.11 | 2055.56 | 10800.00 | 8560.85
518 | 0.10 | 8954.62 | 1559.74 | 8798.64 | 408.44 | 2042.20 | 10800.00 | 8614.96
520 | 0.09 | 9262.51 | 2058.46 | 9077.25 | 350.87 | 1754.33 | 10800.00 | 8873.17
519 | 0.15 | 8164.11 | 2471.35 | 7793.41 | 619.92 | 3099.58 | 10800.00 | 7690.91
516 | 0.11 | 8634.37 | 3120.98 | 8291.06 | 513.07 | 2565.37 | 10800.00 | 8579.70
510 | 0.12 | 8106.26 | 3679.90 | 7664.68 | 642.48 | 3212.42 | 10800.00 | 8460.46
511 | 0.10 | 8600.02 | 4355.61 | 8164.46 | 537.86 | 2689.32 | 10800.00 | 8907.49
532 | 0.10 | 9660.88 | 4931.03 | 9167.78 | 333.11 | 1665.54 | 10800.00 | 8944.56
526 | 0.11 | 9259.98 | 5299.68 | 8677.02 | 434.15 | 2170.74 | 10800.00 | 8810.68
540 | 0.06 | 10333.72 | 5798.73 | 9985.79 | 164.82 | 824.10 | 10800.00 | 9728.70
536 | 0.08 | 10011.24 | 6020.43 | 9529.61 | 258.21 | 1291.05 | 10800.00 | 9396.81
521 | 0.09 | 9321.56 | 6359.97 | 8749.16 | 417.69 | 2088.43 | 10800.00 | 9266.32
531 | 0.09 | 9724.52 | 6902.81 | 9103.27 | 345.57 | 1727.83 | 10800.00 | 9308.68
533 | 0.08 | 9923.29 | 7367.01 | 9333.93 | 297.98 | 1489.91 | 10800.00 | 9507.71
528 | 0.09 | 9607.85 | 7741.17 | 8911.15 | 384.70 | 1923.48 | 10800.00 | 9387.66
525 | 0.06 | 9924.77 | 8171.29 | 9434.50 | 276.42 | 1382.09 | 10800.00 | 9877.75
538 | 0.12 | 9778.42 | 8477.40 | 8761.13 | 417.80 | 2089.01 | 10800.00 | 9009.20
523 | 0.13 | 8818.02 | 8970.54 | 7651.85 | 646.44 | 3232.18 | 10800.00 | 8953.79
513 | 0.14 | 7851.84 | 9649.56 | 6500.90 | 884.59 | 4422.95 | 10800.00 | 8940.18
515 | 0.09 | 8977.87 | 10597.27 | 8024.12 | 565.35 | 2826.77 | 10800.00 | 9660.97
524 | 0.06 | 9903.94 | 11171.03 | 9233.68 | 317.07 | 1585.34 | 10800.00 | 10060.17
512 | 0.09 | 8860.01 | 11520.32 | 7823.18 | 606.28 | 3031.38 | 10800.00 | 9747.72
530 | 0.06 | 10048.91 | 12161.58 | 9319.22 | 299.75 | 1498.77 | 10800.00 | 10118.57
535 | 0.05 | 10284.70 | 12516.94 | 9658.85 | 230.54 | 1152.68 | 10800.00 | 10246.45
522 | 0.08 | 9528.91 | 12825.96 | 8502.83 | 466.90 | 2334.52 | 10800.00 | 9957.94
529 | 0.08 | 9774.34 | 13315.80 | 8709.08 | 424.98 | 2124.92 | 10800.00 | 9993.78
534 | 0.07 | 10059.31 | 13774.47 | 9095.10 | 345.82 | 1729.11 | 10800.00 | 10121.12
514 | 0.07 | 9349.84 | 14144.11 | 8359.75 | 489.83 | 2449.14 | 10774.61 | 10131.69
539 | 0.07 | 10228.16 | 14646.87 | 9202.87 | 323.96 | 1619.80 | 10800.00 | 10180.66
527 | 0.06 | 9979.76 | 15025.72 | 9078.22 | 348.54 | 1742.69 | 10800.00 | 10293.34
537 | 0.11 | 9773.60 | 15442.35 | 8074.95 | 557.27 | 2786.35 | 10800.00 | 9939.92
Vehicle 14
Charging tour: 
551  -> 553  -> 546  -> 577  -> 556  -> 549  -> 543  -> 542  -> 545  -> 573  -> 544  -> 576  -> 570  -> 562  -> 541  -> 548  -> 550  -> 554  -> 555  -> 560  -> 557  -> 566  -> 569  -> 561  -> 567  -> 559  -> 552  -> 575  -> 563  -> 564  -> 571  -> 558  -> 565  -> 568  -> 547  -> 574  -> 572  -> 580  -> 579  -> 578  -> 
Charging time: 
301.71004399260755  + 475.1479754843963  + 260.3073102803608  + 170.93520828387594  + 359.1469837731369  + 345.3202890687226  + 395.7084519759231  + 622.1283210572665  + 702.5320928408692  + 365.3733334119845  + 744.8359178142354  + 274.53977780763813  + 472.2405550679585  + 357.71392873851335  + 980.5450202590979  + 254.5639029504992  + 607.5849807691138  + 306.5515866890439  + 250.74229141336846  + 745.659389625715  + 250.21948856313546  + 765.5776736922357  + 362.05919967780903  + 356.76095991682837  + 298.57024341004006  + 303.22554914269335  + 555.1790480654146  + 537.0280049730679  + 363.2237472991275  + 471.23555134503283  + 360.49389261700134  + 251.23623506792222  + 663.9715577911936  + 467.9433054234581  + 499.8405646814297  + 632.6186925250778  + 347.8991925141158  + 619.6243300463908  + 298.97314650206556  + 644.288599453268  + 
total node:40/40
-------------------
Traveling energy: 2432.5525401952623
Charging energy: 90216.28172005818
Total energy used: 92648.83426025344
-------------------
Total time for travel: 2432.5525401952623
Total time for charging: 18043.256344011636
Charging round duration: 20475.808884206897
-------------------
ID | p | E0 | time_arrive | E_remain | time_charge | energy_charge| E_after_charge | E_after_cycle
551 | 0.08 | 9326.61 | 137.76 | 9315.59 | 301.71 | 1508.55 | 10800.00 | 8929.67
553 | 0.13 | 8544.05 | 446.35 | 8486.03 | 475.15 | 2375.74 | 10800.00 | 7823.38
546 | 0.06 | 9573.20 | 985.29 | 9514.08 | 260.31 | 1301.54 | 10800.00 | 9445.62
577 | 0.12 | 10119.09 | 1277.12 | 9965.84 | 170.94 | 854.68 | 10800.00 | 8115.54
556 | 0.10 | 9186.06 | 1458.85 | 9040.18 | 359.15 | 1795.73 | 10800.00 | 8599.94
549 | 0.08 | 9253.75 | 1909.10 | 9101.02 | 345.32 | 1726.60 | 10800.00 | 9074.87
543 | 0.08 | 9045.48 | 2404.63 | 8853.11 | 395.71 | 1978.54 | 10800.00 | 9118.54
542 | 0.12 | 8116.26 | 2935.35 | 7764.01 | 622.13 | 3110.64 | 10800.00 | 8368.67
545 | 0.14 | 7893.86 | 3629.74 | 7385.69 | 702.53 | 3512.66 | 10800.00 | 8071.92
573 | 0.15 | 9679.89 | 4346.36 | 9027.94 | 365.37 | 1826.87 | 10800.00 | 7933.98
544 | 0.14 | 7841.94 | 4727.47 | 7180.10 | 744.84 | 3724.18 | 10800.00 | 8231.52
576 | 0.07 | 9834.32 | 5539.95 | 9446.52 | 274.54 | 1372.70 | 10800.00 | 9539.72
570 | 0.15 | 9387.55 | 5852.78 | 8509.63 | 472.24 | 2361.20 | 10800.00 | 8175.97
562 | 0.07 | 9482.01 | 6364.87 | 9036.47 | 357.71 | 1788.57 | 10800.00 | 9603.28
541 | 0.16 | 7133.95 | 6748.66 | 6054.16 | 980.55 | 4902.73 | 10800.00 | 8225.70
548 | 0.05 | 9813.59 | 7787.20 | 9424.23 | 254.56 | 1272.82 | 10684.32 | 9895.48
550 | 0.11 | 8725.64 | 8152.13 | 7828.91 | 607.58 | 3037.92 | 10800.00 | 9143.53
554 | 0.06 | 9779.18 | 8833.20 | 9249.19 | 306.55 | 1532.76 | 10763.55 | 9882.82
555 | 0.05 | 9963.16 | 9200.13 | 9503.15 | 250.74 | 1253.71 | 10744.33 | 10025.94
560 | 0.15 | 8613.41 | 9532.39 | 7183.55 | 745.66 | 3728.30 | 10800.00 | 8768.92
557 | 0.05 | 9983.98 | 10307.56 | 9468.60 | 250.22 | 1251.10 | 10707.18 | 10044.15
566 | 0.17 | 8904.67 | 10602.43 | 7102.26 | 765.58 | 3827.89 | 10800.00 | 8683.41
569 | 0.07 | 9659.91 | 11409.39 | 8861.25 | 362.06 | 1810.30 | 10646.21 | 9802.91
561 | 0.07 | 9803.37 | 11786.54 | 8978.31 | 356.76 | 1783.80 | 10737.14 | 9919.88
567 | 0.06 | 10040.59 | 12187.77 | 9309.33 | 298.57 | 1492.85 | 10784.26 | 10104.33
559 | 0.06 | 9886.44 | 12543.03 | 9133.86 | 303.23 | 1516.13 | 10631.80 | 9973.46
552 | 0.10 | 8999.57 | 12878.81 | 7711.69 | 555.18 | 2775.90 | 10432.06 | 9393.61
575 | 0.13 | 9935.21 | 13465.67 | 8184.67 | 537.03 | 2685.14 | 10800.00 | 9523.94
563 | 0.07 | 9628.94 | 14058.43 | 8644.85 | 363.22 | 1816.12 | 10435.54 | 9777.76
564 | 0.09 | 9542.43 | 14500.35 | 8237.40 | 471.24 | 2356.18 | 10551.17 | 9754.94
571 | 0.07 | 9701.85 | 15000.46 | 8651.82 | 360.49 | 1802.47 | 10429.06 | 9837.03
558 | 0.05 | 9943.57 | 15451.03 | 9171.02 | 251.24 | 1256.18 | 10414.64 | 10008.82
565 | 0.12 | 9029.97 | 15755.75 | 7139.28 | 663.97 | 3319.86 | 10379.46 | 9491.60
568 | 0.09 | 9609.57 | 16524.49 | 8122.36 | 467.94 | 2339.72 | 10419.97 | 9805.62
547 | 0.09 | 8996.34 | 17024.77 | 7464.11 | 499.84 | 2499.20 | 9918.32 | 9351.87
574 | 0.12 | 9477.50 | 17582.76 | 7367.57 | 632.62 | 3163.09 | 10454.75 | 9782.37
572 | 0.07 | 10053.08 | 18268.14 | 8774.31 | 347.90 | 1739.50 | 10489.46 | 10125.28
580 | 0.12 | 9676.26 | 18699.96 | 7432.26 | 619.62 | 3098.12 | 10456.03 | 9916.15
579 | 0.06 | 10027.06 | 19339.82 | 8866.67 | 298.97 | 1494.87 | 10343.60 | 10092.81
578 | 0.13 | 10081.32 | 19662.31 | 7525.22 | 644.29 | 3221.44 | 10662.91 | 10206.35
Vehicle 15
Charging tour: 
603  -> 608  -> 583  -> 591  -> 584  -> 594  -> 590  -> 585  -> 588  -> 598  -> 601  -> 597  -> 611  -> 596  -> 600  -> 592  -> 602  -> 609  -> 593  -> 619  -> 586  -> 606  -> 581  -> 582  -> 614  -> 610  -> 604  -> 595  -> 613  -> 612  -> 615  -> 587  -> 617  -> 618  -> 616  -> 605  -> 599  -> 589  -> 607  -> 
Charging time: 
255.1778401919442  + 313.0667688944811  + 563.7162535703394  + 482.7102570308588  + 432.69299391919094  + 317.00669571886823  + 573.2729537059905  + 651.5320033451311  + 317.38019501038116  + 403.87707710364737  + 347.1792879418274  + 390.3316884042043  + 328.94566348136016  + 499.45453971785247  + 378.0066189457285  + 621.1137653278984  + 391.8648702299227  + 463.1403832959378  + 478.2221411823461  + 467.46592200895947  + 865.5457629123516  + 452.18123006537576  + 654.4563830602134  + 373.2383342102301  + 496.4077798618289  + 409.66728649962835  + 591.9377494419755  + 735.6980686169064  + 668.9289000756868  + 552.4812767474497  + 624.5549275808908  + 317.3407707420144  + 506.7818418162368  + 723.4191044023394  + 641.6964651364724  + 413.260216790238  + 463.8143730382666  + 363.60250911994154  + 412.1259793268146  + 
total node:39/39
-------------------
Traveling energy: 2355.8302615148673
Charging energy: 94716.48439235863
Total energy used: 97072.3146538735
-------------------
Total time for travel: 2355.8302615148673
Total time for charging: 18943.296878471727
Charging round duration: 21299.127139986595
-------------------
ID | p | E0 | time_arrive | E_remain | time_charge | energy_charge| E_after_charge | E_after_cycle
603 | 0.10 | 9560.85 | 112.20 | 9549.63 | 255.18 | 1275.89 | 10800.00 | 8454.88
608 | 0.06 | 9277.19 | 395.67 | 9253.45 | 313.07 | 1565.33 | 10800.00 | 9413.41
583 | 0.12 | 8147.58 | 821.00 | 8049.06 | 563.72 | 2818.58 | 10800.00 | 8107.94
591 | 0.12 | 8612.49 | 1400.99 | 8444.37 | 482.71 | 2413.55 | 10800.00 | 8167.82
584 | 0.09 | 8856.71 | 2013.70 | 8675.48 | 432.69 | 2163.46 | 10800.00 | 8876.50
594 | 0.08 | 9444.67 | 2554.35 | 9240.33 | 317.01 | 1585.03 | 10800.00 | 9124.22
590 | 0.13 | 8384.00 | 2891.07 | 8008.16 | 573.27 | 2866.36 | 10800.00 | 8153.95
585 | 0.13 | 8081.81 | 3498.21 | 7627.04 | 651.53 | 3257.66 | 10800.00 | 8243.05
588 | 0.06 | 9277.52 | 4185.14 | 9026.42 | 317.38 | 1586.90 | 10594.27 | 9435.31
598 | 0.09 | 9234.46 | 4638.83 | 8816.96 | 403.88 | 2019.39 | 10800.00 | 9110.17
601 | 0.07 | 9448.08 | 5138.22 | 9088.41 | 347.18 | 1735.90 | 10800.00 | 9516.68
597 | 0.09 | 9382.37 | 5543.31 | 8883.47 | 390.33 | 1951.66 | 10800.00 | 9190.36
611 | 0.11 | 9853.54 | 6018.91 | 9191.46 | 328.95 | 1644.73 | 10800.00 | 8878.22
596 | 0.11 | 9063.11 | 6413.16 | 8357.67 | 499.45 | 2497.27 | 10800.00 | 8940.35
600 | 0.09 | 9568.88 | 6943.30 | 8943.99 | 378.01 | 1890.03 | 10800.00 | 9315.25
592 | 0.12 | 8660.03 | 7425.57 | 7768.96 | 621.11 | 3105.57 | 10800.00 | 8907.38
602 | 0.08 | 9519.67 | 8095.51 | 8872.02 | 391.86 | 1959.32 | 10800.00 | 9573.51
609 | 0.10 | 9391.76 | 8611.48 | 8530.61 | 463.14 | 2315.70 | 10800.00 | 9325.61
593 | 0.09 | 9235.78 | 9177.46 | 8409.81 | 478.22 | 2391.11 | 10757.88 | 9483.22
619 | 0.13 | 9786.91 | 9718.98 | 8523.44 | 467.47 | 2337.33 | 10800.00 | 9027.83
586 | 0.14 | 7937.77 | 10192.23 | 6510.86 | 865.55 | 4327.73 | 10717.41 | 8930.90
606 | 0.09 | 9579.62 | 11109.24 | 8579.79 | 452.18 | 2260.91 | 10800.00 | 9696.86
581 | 0.11 | 8248.46 | 11585.18 | 6974.09 | 654.46 | 3272.28 | 10174.38 | 8900.70
582 | 0.07 | 9203.91 | 12303.83 | 8342.64 | 373.24 | 1866.19 | 10182.71 | 9402.80
614 | 0.11 | 9771.35 | 12716.21 | 8372.57 | 496.41 | 2482.04 | 10800.00 | 9633.35
610 | 0.08 | 9583.39 | 13268.04 | 8521.95 | 409.67 | 2048.34 | 10537.51 | 9726.25
604 | 0.11 | 9119.63 | 13711.51 | 7611.37 | 591.94 | 2959.69 | 10505.94 | 9459.28
595 | 0.13 | 8671.70 | 14342.08 | 6807.23 | 735.70 | 3678.49 | 10390.08 | 9253.78
613 | 0.15 | 9821.91 | 15108.07 | 7555.69 | 668.93 | 3344.64 | 10800.00 | 9593.77
612 | 0.11 | 9770.93 | 15812.66 | 8031.53 | 552.48 | 2762.41 | 10733.17 | 9913.29
615 | 0.13 | 9888.69 | 16386.75 | 7758.42 | 624.55 | 3122.77 | 10800.00 | 9915.06
587 | 0.06 | 9278.68 | 17081.58 | 8253.78 | 317.34 | 1586.70 | 9821.45 | 9436.27
617 | 0.10 | 9683.66 | 17413.04 | 7942.36 | 506.78 | 2533.91 | 10425.59 | 9835.72
618 | 0.15 | 9988.70 | 17981.89 | 7291.42 | 723.42 | 3617.10 | 10800.00 | 10033.01
616 | 0.13 | 9942.01 | 18724.69 | 7507.80 | 641.70 | 3208.48 | 10632.87 | 10054.08
605 | 0.08 | 9500.08 | 19424.55 | 7946.11 | 413.26 | 2066.30 | 9979.35 | 9660.89
599 | 0.09 | 9522.68 | 19856.83 | 7735.56 | 463.81 | 2319.07 | 10012.89 | 9698.08
589 | 0.07 | 9447.83 | 20341.17 | 8023.94 | 363.60 | 1818.01 | 9816.50 | 9598.54
607 | 0.08 | 9526.22 | 20719.17 | 7868.69 | 412.13 | 2060.63 | 9896.35 | 9681.37
Vehicle 16
Charging tour: 
631  -> 629  -> 620  -> 621  -> 638  -> 628  -> 627  -> 622  -> 641  -> 626  -> 642  -> 624  -> 634  -> 635  -> 623  -> 630  -> 636  -> 640  -> 639  -> 637  -> 633  -> 643  -> 632  -> 625  -> 645  -> 644  -> 646  -> 
Charging time: 
318.3493009228357  + 421.6166056098643  + 644.2784483759594  + 545.7471302553043  + 462.81208507746743  + 488.17912223247214  + 560.5617087022607  + 530.068628430802  + 280.4824115662811  + 719.4394850166233  + 291.30936221485376  + 608.5657810260559  + 277.55866899178983  + 231.67629091015706  + 589.420042126218  + 476.64863957091006  + 535.6887165325788  + 223.63695661627858  + 367.98219805384576  + 545.8913760127482  + 490.85374970632546  + 276.1044706747955  + 457.3956756487328  + 460.20183098579696  + 374.6875571633051  + 291.6624097992032  + 237.00624006131625  + 
total node:27/27
-------------------
Traveling energy: 1724.1353702866836
Charging energy: 58539.12446142392
Total energy used: 60263.2598317106
-------------------
Total time for travel: 1724.1353702866836
Total time for charging: 11707.824892284783
Charging round duration: 13431.960262571467
-------------------
ID | p | E0 | time_arrive | E_remain | time_charge | energy_charge| E_after_charge | E_after_cycle
631 | 0.09 | 9251.26 | 159.55 | 9236.90 | 318.35 | 1591.75 | 10800.00 | 8699.34
629 | 0.11 | 8801.41 | 573.74 | 8738.29 | 421.62 | 2108.08 | 10800.00 | 8289.45
620 | 0.13 | 7802.46 | 1077.69 | 7662.36 | 644.28 | 3221.39 | 10800.00 | 7927.44
621 | 0.11 | 8332.05 | 1825.05 | 8131.30 | 545.75 | 2728.74 | 10800.00 | 8440.75
638 | 0.14 | 8892.63 | 2442.11 | 8550.73 | 462.81 | 2314.06 | 10800.00 | 7872.09
628 | 0.11 | 8733.12 | 2911.99 | 8412.80 | 488.18 | 2440.90 | 10800.00 | 8553.98
627 | 0.12 | 8479.38 | 3457.66 | 8064.46 | 560.56 | 2802.81 | 10800.00 | 8423.96
622 | 0.10 | 8615.63 | 4129.63 | 8202.66 | 530.07 | 2650.34 | 10800.00 | 8884.11
641 | 0.08 | 9800.85 | 4760.28 | 9420.03 | 280.48 | 1402.41 | 10800.00 | 9297.78
626 | 0.14 | 8014.85 | 5080.91 | 7303.52 | 719.44 | 3597.20 | 10800.00 | 8277.45
642 | 0.08 | 9833.80 | 5837.99 | 9366.76 | 291.31 | 1456.55 | 10800.00 | 9384.86
624 | 0.11 | 8498.68 | 6132.40 | 7824.11 | 608.57 | 3042.83 | 10800.00 | 8921.46
634 | 0.06 | 9838.52 | 6827.67 | 9428.86 | 277.56 | 1387.79 | 10800.00 | 9797.20
635 | 0.05 | 10014.13 | 7218.65 | 9653.20 | 231.68 | 1158.38 | 10800.00 | 9981.59
623 | 0.10 | 8666.66 | 7548.20 | 7911.84 | 589.42 | 2947.10 | 10800.00 | 9231.91
630 | 0.09 | 9196.50 | 8187.19 | 8459.66 | 476.65 | 2383.24 | 10800.00 | 9436.08
636 | 0.11 | 9134.81 | 8675.72 | 8180.48 | 535.69 | 2678.44 | 10800.00 | 9193.21
640 | 0.05 | 10155.48 | 9249.60 | 9693.00 | 223.64 | 1118.18 | 10800.00 | 10082.73
639 | 0.08 | 9748.39 | 9485.76 | 8989.53 | 367.98 | 1839.91 | 10800.00 | 9682.81
637 | 0.11 | 9218.52 | 9890.25 | 8130.59 | 545.89 | 2729.46 | 10800.00 | 9327.93
633 | 0.09 | 9333.57 | 10485.15 | 8389.91 | 490.85 | 2454.27 | 10800.00 | 9644.17
643 | 0.06 | 10098.99 | 11049.09 | 9436.04 | 276.10 | 1380.52 | 10800.00 | 10050.40
632 | 0.08 | 9459.01 | 11367.43 | 8549.61 | 457.40 | 2286.98 | 10800.00 | 9840.50
625 | 0.07 | 9359.40 | 11831.31 | 8531.20 | 460.20 | 2301.01 | 10800.00 | 9993.11
645 | 0.08 | 9943.01 | 12330.86 | 8956.54 | 374.69 | 1873.44 | 10800.00 | 9910.96
644 | 0.06 | 10124.00 | 12746.81 | 9359.19 | 291.66 | 1458.31 | 10800.00 | 10153.19
646 | 0.05 | 10280.48 | 13073.20 | 9626.82 | 237.01 | 1185.03 | 10800.00 | 10274.58
Vehicle 17
Charging tour: 
679  -> 677  -> 683  -> 676  -> 656  -> 667  -> 659  -> 654  -> 650  -> 649  -> 652  -> 662  -> 671  -> 657  -> 665  -> 673  -> 681  -> 648  -> 658  -> 674  -> 660  -> 666  -> 663  -> 661  -> 668  -> 669  -> 670  -> 678  -> 682  -> 684  -> 647  -> 664  -> 675  -> 655  -> 680  -> 653  -> 651  -> 672  -> 
Charging time: 
360.3582403422582  + 392.72633362920556  + 334.34500318460607  + 337.0686143697773  + 349.36381270263576  + 349.4228942749026  + 255.99949272334496  + 373.9948661954824  + 612.2751529201233  + 464.87295723855175  + 256.43822520720414  + 256.1016724595479  + 395.95875909745257  + 676.1246409530665  + 483.0635563110267  + 484.6425251490958  + 499.33670545584687  + 349.4290794248747  + 501.96738909935954  + 255.70721120251758  + 682.8724103046038  + 661.5713219865713  + 606.4419852159588  + 395.9644841758752  + 395.96386664055177  + 683.659888729204  + 638.2949566232434  + 796.0323535382901  + 547.98589618561  + 582.691384419682  + 1122.88903714581  + 601.3134053468553  + 873.132546046904  + 784.6289811769431  + 785.4060989620451  + 396.3998904286432  + 349.39724035379606  + 588.0783797193525  + 
total node:38/38
-------------------
Traveling energy: 2242.7582404562913
Charging energy: 97409.60629470408
Total energy used: 99652.36453516036
-------------------
Total time for travel: 2242.7582404562913
Total time for charging: 19481.921258940816
Charging round duration: 21724.67949939711
-------------------
ID | p | E0 | time_arrive | E_remain | time_charge | energy_charge| E_after_charge | E_after_cycle
679 | 0.10 | 9045.16 | 109.13 | 9034.24 | 360.36 | 1801.79 | 10800.00 | 8465.09
677 | 0.13 | 8950.88 | 488.11 | 8887.42 | 392.73 | 1963.63 | 10800.00 | 7818.10
683 | 0.16 | 9331.26 | 934.30 | 9181.77 | 334.35 | 1671.73 | 10800.00 | 7192.01
676 | 0.15 | 9364.87 | 1330.99 | 9165.22 | 337.07 | 1685.34 | 10800.00 | 7477.43
656 | 0.07 | 9116.87 | 1763.51 | 8993.43 | 349.36 | 1746.82 | 10715.79 | 9196.39
667 | 0.07 | 9115.33 | 2147.50 | 8965.01 | 349.42 | 1747.11 | 10687.66 | 9195.15
659 | 0.05 | 8887.03 | 2578.81 | 8758.09 | 256.00 | 1280.00 | 10025.29 | 8976.10
654 | 0.08 | 9193.61 | 2920.81 | 8959.95 | 373.99 | 1869.97 | 10800.00 | 9158.10
650 | 0.12 | 8210.41 | 3319.26 | 7812.10 | 612.28 | 3061.38 | 10800.00 | 8413.56
649 | 0.09 | 8809.15 | 3970.50 | 8451.81 | 464.87 | 2324.36 | 10734.33 | 8989.85
652 | 0.05 | 8871.83 | 4577.68 | 8642.94 | 256.44 | 1282.19 | 9912.31 | 8963.09
662 | 0.05 | 8883.49 | 4876.03 | 8639.68 | 256.10 | 1280.51 | 9907.39 | 8973.07
671 | 0.08 | 9193.18 | 5209.89 | 8776.39 | 395.96 | 1979.79 | 10724.51 | 9267.49
657 | 0.14 | 8302.06 | 5628.73 | 7514.03 | 676.12 | 3380.62 | 10800.00 | 8348.08
665 | 0.10 | 9068.51 | 6355.24 | 8432.99 | 483.06 | 2415.32 | 10800.00 | 9101.97
673 | 0.12 | 9259.54 | 6871.59 | 8434.94 | 484.64 | 2423.21 | 10800.00 | 8824.52
681 | 0.10 | 9092.43 | 7391.78 | 8353.25 | 499.34 | 2496.68 | 10800.00 | 9207.26
648 | 0.07 | 9115.17 | 7919.18 | 8560.83 | 349.43 | 1747.15 | 10283.51 | 9195.02
658 | 0.10 | 9064.64 | 8354.01 | 8229.23 | 501.97 | 2509.84 | 10688.87 | 9192.62
674 | 0.05 | 8897.19 | 8899.92 | 8452.19 | 255.71 | 1278.54 | 9717.95 | 8984.80
660 | 0.13 | 8662.23 | 9175.22 | 7469.45 | 682.87 | 3414.36 | 10795.04 | 8980.18
666 | 0.14 | 8966.98 | 9872.99 | 7584.76 | 661.57 | 3307.86 | 10800.00 | 8940.24
663 | 0.12 | 9003.63 | 10554.79 | 7737.06 | 606.44 | 3032.21 | 10696.50 | 9177.62
661 | 0.08 | 9193.05 | 11255.53 | 8292.61 | 395.96 | 1979.82 | 10240.75 | 9267.39
668 | 0.08 | 9193.06 | 11750.61 | 8253.02 | 395.96 | 1979.82 | 10201.16 | 9267.40
669 | 0.14 | 9192.08 | 12247.59 | 7477.41 | 683.66 | 3418.30 | 10800.00 | 9275.78
670 | 0.13 | 9267.18 | 13038.89 | 7572.13 | 638.29 | 3191.47 | 10680.63 | 9362.25
678 | 0.18 | 9433.07 | 13721.92 | 6963.12 | 796.03 | 3980.16 | 10800.00 | 9125.89
682 | 0.11 | 9133.75 | 14626.62 | 7524.82 | 547.99 | 2739.93 | 10204.47 | 9253.64
684 | 0.12 | 9370.62 | 15232.10 | 7542.77 | 582.69 | 2913.46 | 10386.31 | 9425.85
647 | 0.17 | 6888.71 | 15841.93 | 4195.58 | 1122.89 | 5614.45 | 9619.14 | 8454.00
664 | 0.12 | 9080.43 | 16983.02 | 7042.46 | 601.31 | 3006.57 | 9976.87 | 9228.77
675 | 0.18 | 9380.33 | 17619.33 | 6208.85 | 873.13 | 4365.66 | 10417.35 | 9458.65
655 | 0.14 | 8118.76 | 18526.89 | 5524.99 | 784.63 | 3923.14 | 9338.29 | 8707.30
680 | 0.16 | 9269.40 | 19322.96 | 6177.73 | 785.41 | 3927.03 | 9979.09 | 9385.46
653 | 0.08 | 9182.95 | 20193.42 | 7567.48 | 396.40 | 1982.00 | 9517.77 | 9259.47
651 | 0.07 | 9116.00 | 20617.01 | 7672.81 | 349.40 | 1746.99 | 9395.34 | 9195.69
672 | 0.12 | 9284.79 | 21001.40 | 6764.62 | 588.08 | 2940.39 | 9634.44 | 9366.95
Vehicle 18
Charging tour: 
704  -> 714  -> 685  -> 700  -> 697  -> 686  -> 723  -> 694  -> 688  -> 708  -> 701  -> 705  -> 699  -> 721  -> 719  -> 725  -> 718  -> 703  -> 709  -> 717  -> 715  -> 696  -> 712  -> 692  -> 689  -> 690  -> 707  -> 706  -> 693  -> 720  -> 710  -> 716  -> 726  -> 702  -> 724  -> 722  -> 713  -> 698  -> 687  -> 691  -> 711  -> 695  -> 
Charging time: 
404.51347409395686  + 499.8394282141786  + 260.44963069825747  + 356.81489670017515  + 356.7535883760021  + 618.4222486138541  + 452.1836697535735  + 452.18414863236035  + 356.7523038417626  + 629.0369763899629  + 499.8383164647886  + 356.80830722208987  + 641.3227757213864  + 643.348241426186  + 261.13109523546245  + 404.5167963489312  + 642.7336461968209  + 308.8129600608784  + 356.79884272354514  + 309.0069824864613  + 309.03776808195687  + 356.8119585968048  + 404.49594081912437  + 595.1104481725168  + 547.4795326236673  + 603.8839871142501  + 643.5751841139326  + 690.3501451315828  + 595.1104477319957  + 737.9602191744993  + 595.110428749128  + 261.13816136156913  + 309.05671292360756  + 800.1110093714343  + 642.7336452820318  + 795.1832313722387  + 547.4796444573011  + 690.3496205074655  + 404.50398943524186  + 404.50857189520667  + 737.9573028689817  + 595.110477027081  + 
total node:42/42
-------------------
Traveling energy: 2456.766886201497
Charging energy: 105391.63378006122
Total energy used: 107848.40066626272
-------------------
Total time for travel: 2456.766886201497
Total time for charging: 21078.326756012244
Charging round duration: 23535.093642213742
-------------------
ID | p | E0 | time_arrive | E_remain | time_charge | energy_charge| E_after_charge | E_after_cycle
704 | 0.08 | 8262.67 | 119.92 | 8253.08 | 404.51 | 2022.57 | 10243.29 | 8379.76
714 | 0.10 | 8358.59 | 569.82 | 8301.61 | 499.84 | 2499.20 | 10750.82 | 8475.93
685 | 0.05 | 8020.65 | 1117.94 | 7964.76 | 260.45 | 1302.25 | 9253.98 | 8131.97
700 | 0.07 | 8196.31 | 1446.51 | 8095.06 | 356.81 | 1784.07 | 9854.16 | 8313.09
697 | 0.07 | 8197.72 | 1825.69 | 8069.92 | 356.75 | 1783.77 | 9828.72 | 8314.19
686 | 0.12 | 8051.59 | 2245.78 | 7782.10 | 618.42 | 3092.11 | 10800.00 | 8285.48
723 | 0.09 | 8315.55 | 2938.41 | 8051.10 | 452.18 | 2260.92 | 10271.32 | 8432.80
694 | 0.09 | 8315.55 | 3516.49 | 7999.06 | 452.18 | 2260.92 | 10219.29 | 8432.80
688 | 0.07 | 8197.75 | 4002.91 | 7917.55 | 356.75 | 1783.76 | 9676.34 | 8314.21
708 | 0.13 | 8308.73 | 4401.04 | 7736.59 | 629.04 | 3145.18 | 10800.00 | 8357.50
701 | 0.10 | 8358.61 | 5066.97 | 7851.91 | 499.84 | 2499.19 | 10301.12 | 8475.94
705 | 0.07 | 8196.47 | 5575.63 | 7806.17 | 356.81 | 1784.04 | 9565.24 | 8313.21
699 | 0.13 | 8450.37 | 5950.88 | 7676.76 | 641.32 | 3206.61 | 10800.00 | 8560.57
721 | 0.13 | 8442.30 | 6638.93 | 7579.24 | 643.35 | 3216.74 | 10712.35 | 8562.63
719 | 0.05 | 7999.72 | 7307.20 | 7634.36 | 261.13 | 1305.66 | 8926.96 | 8114.45
725 | 0.08 | 8262.60 | 7632.89 | 7651.97 | 404.52 | 2022.58 | 9642.20 | 8379.70
718 | 0.13 | 8450.37 | 8121.50 | 7394.58 | 642.73 | 3213.67 | 10524.69 | 8567.63
703 | 0.06 | 8117.44 | 8881.39 | 7584.56 | 308.81 | 1544.06 | 9110.10 | 8232.39
709 | 0.07 | 8196.68 | 9227.69 | 7550.74 | 356.80 | 1783.99 | 9309.76 | 8313.38
717 | 0.06 | 8112.35 | 9659.57 | 7532.77 | 309.01 | 1545.03 | 9059.27 | 8228.27
715 | 0.06 | 8111.54 | 9977.69 | 7512.88 | 309.04 | 1545.19 | 9039.52 | 8227.61
696 | 0.07 | 8196.38 | 10307.48 | 7474.86 | 356.81 | 1784.06 | 9233.94 | 8313.14
712 | 0.08 | 8263.03 | 10701.73 | 7406.89 | 404.50 | 2022.48 | 9397.01 | 8380.03
692 | 0.12 | 8424.56 | 11153.94 | 7086.09 | 595.11 | 2975.55 | 9990.23 | 8541.89
689 | 0.11 | 8394.37 | 11888.49 | 7086.64 | 547.48 | 2737.40 | 9763.82 | 8511.73
690 | 0.12 | 8302.16 | 12494.93 | 6802.77 | 603.88 | 3019.42 | 9749.73 | 8463.36
707 | 0.13 | 8439.32 | 13117.66 | 6734.03 | 643.58 | 3217.88 | 9868.24 | 8560.79
706 | 0.14 | 8472.71 | 13852.11 | 6533.41 | 690.35 | 3451.75 | 9888.51 | 8589.86
693 | 0.12 | 8424.56 | 14587.49 | 6674.06 | 595.11 | 2975.55 | 9578.20 | 8541.89
720 | 0.15 | 8492.23 | 15201.31 | 6212.04 | 737.96 | 3689.80 | 9791.14 | 8609.25
710 | 0.12 | 8424.56 | 15978.93 | 6507.09 | 595.11 | 2975.55 | 9411.23 | 8541.89
716 | 0.05 | 7999.51 | 16600.11 | 7169.50 | 261.14 | 1305.69 | 8462.14 | 8114.27
726 | 0.06 | 8111.04 | 16913.32 | 7096.24 | 309.06 | 1545.28 | 8622.98 | 8227.21
702 | 0.16 | 8354.75 | 17261.61 | 5592.89 | 800.11 | 4000.56 | 9465.43 | 8544.33
724 | 0.13 | 8450.37 | 18075.34 | 6100.58 | 642.73 | 3213.67 | 9230.69 | 8567.63
722 | 0.16 | 8406.52 | 18761.86 | 5404.62 | 795.18 | 3975.92 | 9253.31 | 8571.47
713 | 0.11 | 8394.37 | 19611.15 | 6237.15 | 547.48 | 2737.40 | 8914.32 | 8511.73
698 | 0.14 | 8472.71 | 20247.45 | 5638.07 | 690.35 | 3451.75 | 8993.17 | 8589.86
687 | 0.08 | 8262.87 | 21007.06 | 6582.30 | 404.50 | 2022.52 | 8572.46 | 8379.90
691 | 0.08 | 8262.77 | 21495.00 | 6543.17 | 404.51 | 2022.54 | 8533.35 | 8379.83
711 | 0.15 | 8492.27 | 22015.41 | 5189.95 | 737.96 | 3689.79 | 8769.05 | 8609.27
695 | 0.12 | 8424.56 | 22784.08 | 5690.47 | 595.11 | 2975.55 | 8594.61 | 8541.88
Vehicle 19
Charging tour: 
763  -> 739  -> 737  -> 735  -> 745  -> 736  -> 747  -> 728  -> 732  -> 759  -> 729  -> 738  -> 751  -> 756  -> 733  -> 757  -> 730  -> 742  -> 743  -> 764  -> 752  -> 750  -> 744  -> 727  -> 749  -> 746  -> 741  -> 748  -> 734  -> 760  -> 762  -> 754  -> 731  -> 753  -> 740  -> 765  -> 755  -> 758  -> 761  -> 
Charging time: 
381.0319838713168  + 435.4533219408633  + 628.959051431591  + 267.3514654100487  + 260.85777821964155  + 435.95117097354995  + 364.8450343207533  + 249.98607799117835  + 501.2853216675986  + 263.34038063665076  + 306.46792213821425  + 340.3884935538841  + 366.44089405246507  + 303.4385803693593  + 593.2805664077235  + 308.0667175076836  + 561.3529615662273  + 414.6177180494664  + 337.3452582865763  + 298.5818924688227  + 514.381324690349  + 361.73256501357116  + 606.3584438414723  + 806.2756127818654  + 354.5104112621204  + 465.5976659015912  + 299.00562515477856  + 725.0650001751675  + 765.2908610582582  + 656.0357943098647  + 709.389238398112  + 710.9480500720139  + 784.6628384973716  + 677.2793001772629  + 528.8682028650531  + 733.0172538492747  + 645.3164808282281  + 559.5854719763329  + 483.02883921938104  + 
total node:39/39
-------------------
Traveling energy: 2233.1708401448545
Charging energy: 95026.95785467842
Total energy used: 97260.12869482327
-------------------
Total time for travel: 2233.1708401448545
Total time for charging: 19005.391570935684
Charging round duration: 21238.56241108054
-------------------
ID | p | E0 | time_arrive | E_remain | time_charge | energy_charge| E_after_charge | E_after_cycle
763 | 0.15 | 8969.34 | 115.62 | 8951.99 | 381.03 | 1905.16 | 10800.00 | 7301.71
739 | 0.12 | 8739.61 | 538.48 | 8674.99 | 435.45 | 2177.27 | 10800.00 | 8058.65
737 | 0.16 | 7923.18 | 1045.91 | 7755.84 | 628.96 | 3144.80 | 10800.00 | 7257.01
735 | 0.06 | 9583.32 | 1733.94 | 9479.28 | 267.35 | 1336.76 | 10800.00 | 9490.96
745 | 0.06 | 9637.36 | 2099.91 | 9511.36 | 260.86 | 1304.29 | 10800.00 | 9512.53
736 | 0.10 | 8902.20 | 2383.60 | 8663.84 | 435.95 | 2179.76 | 10800.00 | 8700.10
747 | 0.11 | 9326.99 | 2828.01 | 9015.91 | 364.85 | 1824.23 | 10800.00 | 8531.17
728 | 0.05 | 9660.39 | 3216.71 | 9499.56 | 249.99 | 1249.93 | 10736.99 | 9719.40
732 | 0.10 | 8699.53 | 3558.31 | 8343.70 | 501.29 | 2506.43 | 10800.00 | 8824.10
759 | 0.08 | 9833.57 | 4115.10 | 9504.37 | 263.34 | 1316.70 | 10800.00 | 9244.79
729 | 0.06 | 9455.99 | 4421.64 | 9190.69 | 306.47 | 1532.34 | 10704.64 | 9559.21
738 | 0.07 | 9453.89 | 4742.96 | 9121.88 | 340.39 | 1701.94 | 10800.00 | 9488.54
751 | 0.11 | 9575.76 | 5160.53 | 9008.10 | 366.44 | 1832.20 | 10800.00 | 8787.93
756 | 0.06 | 9550.39 | 5626.80 | 9212.78 | 303.44 | 1517.19 | 10711.77 | 9638.47
733 | 0.11 | 8553.09 | 5947.55 | 7898.86 | 593.28 | 2966.40 | 10800.00 | 8899.45
757 | 0.07 | 9740.17 | 6556.28 | 9281.23 | 308.07 | 1540.33 | 10800.00 | 9613.21
730 | 0.10 | 8604.08 | 6895.86 | 7914.50 | 561.35 | 2806.76 | 10665.13 | 9028.99
742 | 0.08 | 9319.29 | 7493.64 | 8719.80 | 414.62 | 2073.09 | 10759.72 | 9486.89
743 | 0.07 | 9701.76 | 8069.67 | 9136.89 | 337.35 | 1686.73 | 10800.00 | 9721.19
764 | 0.06 | 9705.73 | 8555.88 | 9192.38 | 298.58 | 1492.91 | 10667.38 | 9769.53
752 | 0.13 | 9449.83 | 8883.57 | 8294.96 | 514.38 | 2571.91 | 10800.00 | 8925.32
750 | 0.08 | 9778.56 | 9478.51 | 9020.28 | 361.73 | 1808.66 | 10800.00 | 9681.73
744 | 0.12 | 9026.73 | 9881.35 | 7840.97 | 606.36 | 3031.79 | 10800.00 | 9200.30
727 | 0.13 | 7787.54 | 10609.59 | 6408.30 | 806.28 | 4031.38 | 10334.86 | 8722.51
749 | 0.07 | 9536.95 | 11430.08 | 8736.85 | 354.51 | 1772.55 | 10484.58 | 9642.21
746 | 0.09 | 9336.25 | 11821.16 | 8272.34 | 465.60 | 2327.99 | 10558.43 | 9520.57
741 | 0.06 | 9691.98 | 12341.60 | 8951.48 | 299.01 | 1495.03 | 10428.57 | 9757.89
748 | 0.14 | 9048.04 | 12656.13 | 7276.18 | 725.07 | 3625.33 | 10800.00 | 9338.77
734 | 0.13 | 8204.60 | 13495.16 | 6450.23 | 765.29 | 3826.45 | 10177.20 | 8934.64
760 | 0.13 | 9461.27 | 14278.22 | 7605.11 | 656.04 | 3280.18 | 10800.00 | 9645.04
762 | 0.15 | 9608.84 | 14995.87 | 7359.46 | 709.39 | 3546.95 | 10800.00 | 9583.00
754 | 0.14 | 9511.10 | 15742.76 | 7307.11 | 710.95 | 3554.74 | 10762.32 | 9731.24
731 | 0.13 | 8002.04 | 16478.10 | 5859.89 | 784.66 | 3923.31 | 9681.20 | 8828.94
753 | 0.13 | 9270.78 | 17281.70 | 7024.16 | 677.28 | 3386.40 | 10322.51 | 9560.76
740 | 0.10 | 9132.57 | 17971.48 | 7335.43 | 528.87 | 2644.34 | 9926.88 | 9395.06
765 | 0.14 | 9224.75 | 18571.32 | 6624.76 | 733.02 | 3665.09 | 10187.23 | 9555.24
755 | 0.13 | 9729.96 | 19332.02 | 7216.80 | 645.32 | 3226.58 | 10359.49 | 9860.13
758 | 0.11 | 9494.39 | 20023.03 | 7291.85 | 559.59 | 2797.93 | 10028.23 | 9672.27
761 | 0.10 | 9999.25 | 20601.71 | 7939.08 | 483.03 | 2415.14 | 10305.92 | 10032.54
Network survivability: 100.0%
networkSurvivabilityOverThousand: 76.5%
Average dead duration: 119580.08267018615
Traveling energy: 47889.53970531325
total calculate time: 46.47973656654358
