gen: 1
gen: 2
gen: 3
gen: 4
gen: 5
gen: 6
gen: 7
gen: 8
gen: 9
gen: 10
gen: 11
gen: 12
gen: 13
gen: 14
gen: 15
gen: 16
gen: 17
gen: 18
gen: 19
gen: 20
gen: 21
gen: 22
gen: 23
gen: 24
gen: 25
gen: 26
gen: 27
gen: 28
gen: 29
gen: 30
gen: 31
gen: 32
gen: 33
gen: 34
gen: 35
gen: 36
gen: 37
gen: 38
gen: 39
gen: 40
gen: 41
gen: 42
gen: 43
gen: 44
gen: 45
gen: 46
gen: 47
gen: 48
gen: 49
gen: 50
Number of charging vehicles: 5
Survey time: 24136.529470467845
Network clustering infor: 
Cluster 0:
[1, 2, 3, 4, 5, 6, 7, 8, 9, 10, 11, 12, 13, 14, 15, 16, 17, 18, 19, 20, 21, 22, 23, 24, 25, 26, 27, 28, 29, 30, 31, 32, 33, 34, 35, 36, 37, 38, 39, 40, 41, 42, 43, 44, 45, 46, 47, 48, 49, 50, 51, 52, 53, 54, 55, 56, 57, 58, 59, 60, 61, 62, 63, 64, 65, 66, 67, 68, 69, 70, 71, 72, 73, 74, 75, 76, 77, 78, 79, 80, 81, 82, 83, 84, 85, 86, 87, 88, 89, 90, 91, 92, 93, 94, 95, 96, 97, 98, 99, 100, 101, 102, 103, 104, 105, 106, 107, 108, 109, 110, 111, 112, 113, 114, 115, 116, 117, 118, 119, 120, 121, 122, 123, 124, 125, 126, 127, 128, 129, 130, 131, 132, 133, 134, 135, 136, 137, 138, 139, 140, 141, 142, 143, 144, 145, 146, 147, 148, 149, 150, 151, 152, 153, 154, 155, 156, 157, 158, 159, 160, 161, 162, 163, 164, 165, 166, 167, 168, 169, 170, 171, 172, 173, 174, 175, 176, 177, 178, 179, 180, 181, 182, 183, 184, 185, 186, 187, 188, 189, 190, 191, 192, 193, 194, 195, 196, 197, 198, 199, 200, 201]
Cluster 1:
[202, 203, 204, 205, 206, 207, 208, 209, 210, 211, 212, 213, 214, 215, 216, 217, 218, 219, 220, 221, 222, 223, 224, 225, 226, 227, 228, 229, 230, 231, 232, 233, 234, 235, 236, 237, 238, 239, 240, 241, 242, 243, 244, 245, 246, 247, 248, 249, 250, 251, 252, 253, 254, 255, 256, 257, 258, 259, 260, 261, 262, 263, 264, 265, 266, 267, 268, 269, 270, 271, 272, 273, 274, 275, 276, 277, 278, 279, 280, 281, 282, 283, 284, 285, 286, 287, 288, 289, 290, 291, 292, 293, 294, 295, 296, 297, 298, 299, 300, 301, 302, 303, 304, 305, 306, 307, 308, 309, 310, 311, 312, 313, 314, 315, 316, 317, 318, 319, 320, 321, 322, 323, 324, 325, 326, 327, 328, 329, 330, 331, 332, 333, 334, 335, 336, 337, 338, 339, 340, 341, 342, 343, 344, 345, 346, 347, 348, 349, 350, 351, 352, 353, 354, 355, 356, 357, 358, 359, 360, 361, 362, 363, 364, 365, 366, 367, 368, 369, 370, 371, 372, 373, 374, 375, 376, 377, 378, 379, 380, 381, 382, 383, 384, 385, 386, 387, 388, 389, 390, 391, 392, 393, 394, 395, 396, 397, 398, 399, 400, 401, 402, 403, 404, 405]
Cluster 2:
[406, 407, 408, 409, 410, 411, 412, 413, 414, 415, 416, 417, 418, 419, 420, 421, 422, 423, 424, 425, 426, 427, 428, 429, 430, 431, 432, 433, 434, 435, 436, 437, 438, 439, 440, 441, 442, 443, 444, 445, 446, 447, 448, 449, 450, 451, 452, 453, 454, 455, 456, 457, 458, 459, 460, 461, 462, 463, 464, 465, 466, 467, 468, 469, 470, 471, 472, 473, 474, 475, 476, 477, 478, 479, 480, 481, 482, 483, 484, 485, 486, 487, 488, 489, 490, 491, 492, 493, 494, 495, 496, 497, 498, 499, 500, 501, 502, 503, 504, 505, 506, 507, 508, 509, 510, 511, 512, 513, 514, 515, 516, 517, 518, 519, 520, 521, 522, 523, 524, 525, 526, 527, 528, 529, 530, 531, 532, 533, 534, 535, 536, 537, 538, 539, 540, 541, 542, 543, 544, 545, 546, 547, 548, 549, 550, 551, 552, 553, 554, 555, 556, 557, 558, 559, 560, 561, 562, 563, 564, 565, 566, 567, 568, 569, 570, 571, 572, 573, 574, 575, 576, 577, 578, 579, 580, 581, 582, 583, 584, 585, 586, 587, 588, 589, 590, 591, 592, 593, 594, 595, 596, 597, 598, 599, 600, 601, 602, 603, 604, 605, 606, 607, 608, 609, 610]
Cluster 3:
[611, 612, 613, 614, 615, 616, 617, 618, 619, 620, 621, 622, 623, 624, 625, 626, 627, 628, 629, 630, 631, 632, 633, 634, 635, 636, 637, 638, 639, 640, 641, 642, 643, 644, 645, 646, 647, 648, 649, 650, 651, 652, 653, 654, 655, 656, 657, 658, 659, 660, 661, 662, 663, 664, 665, 666, 667, 668, 669, 670, 671, 672, 673, 674, 675, 676, 677, 678, 679, 680, 681, 682, 683, 684, 685, 686, 687, 688, 689, 690, 691, 692, 693, 694, 695, 696, 697, 698, 699, 700, 701, 702, 703, 704, 705, 706, 707, 708, 709, 710, 711, 712, 713, 714, 715, 716, 717, 718, 719, 720, 721, 722, 723, 724, 725, 726, 727, 728, 729, 730, 731, 732, 733, 734, 735, 736, 737, 738, 739, 740, 741, 742, 743, 744, 745, 746, 747, 748, 749, 750, 751, 752, 753, 754, 755, 756, 757, 758, 759, 760, 761, 762, 763, 764, 765, 766, 767, 768, 769, 770, 771, 772, 773, 774, 775, 776, 777, 778, 779, 780, 781, 782, 783, 784, 785, 786, 787, 788, 789, 790, 791, 792, 793]
Cluster 4:
[794, 795, 796, 797, 798, 799, 800, 801, 802, 803, 804, 805, 806, 807, 808, 809, 810, 811, 812, 813, 814, 815, 816, 817, 818, 819, 820, 821, 822, 823, 824, 825, 826, 827, 828, 829, 830, 831, 832, 833, 834, 835, 836, 837, 838, 839, 840, 841, 842, 843, 844, 845, 846, 847, 848, 849, 850, 851, 852, 853, 854, 855, 856, 857, 858, 859, 860, 861, 862, 863, 864, 865, 866, 867, 868, 869, 870, 871, 872, 873, 874, 875, 876, 877, 878, 879, 880, 881, 882, 883, 884, 885, 886, 887, 888, 889, 890, 891, 892, 893, 894, 895, 896, 897, 898, 899, 900, 901, 902, 903, 904, 905, 906, 907, 908, 909, 910, 911, 912, 913, 914, 915, 916, 917, 918, 919, 920, 921, 922, 923, 924, 925, 926, 927, 928, 929, 930, 931, 932, 933, 934, 935, 936, 937, 938, 939, 940, 941, 942, 943, 944, 945, 946, 947, 948, 949, 950, 951, 952, 953, 954, 955, 956, 957, 958, 959, 960, 961, 962, 963, 964, 965, 966, 967, 968, 969, 970, 971, 972, 973, 974, 975, 976, 977, 978, 979, 980, 981, 982, 983, 984, 985, 986, 987, 988, 989, 990, 991, 992, 993, 994, 995, 996, 997, 998, 999, 1000]
Vehicle 0
Charging tour: 
13  -> 167  -> 57  -> 178  -> 118  -> 43  -> 14  -> 144  -> 161  -> 96  -> 98  -> 199  -> 193  -> 50  -> 40  -> 137  -> 195  -> 15  -> 18  -> 59  -> 68  -> 85  -> 67  -> 64  -> 185  -> 76  -> 141  -> 173  -> 197  -> 174  -> 46  -> 175  -> 32  -> 126  -> 160  -> 91  -> 143  -> 125  -> 49  -> 133  -> 82  -> 171  -> 180  -> 138  -> 33  -> 154  -> 99  -> 152  -> 153  -> 61  -> 163  -> 182  -> 183  -> 41  -> 24  -> 10  -> 146  -> 176  -> 121  -> 26  -> 25  -> 151  -> 7  -> 104  -> 122  -> 53  -> 105  -> 189  -> 177  -> 164  -> 94  -> 79  -> 134  -> 97  -> 194  -> 62  -> 17  -> 89  -> 27  -> 128  -> 198  -> 130  -> 120  -> 55  -> 4  -> 65  -> 58  -> 150  -> 90  -> 113  -> 56  -> 75  -> 
Charging time: 
0  + 0  + 0  + 0  + 0  + 0  + 0  + 0  + -574012.6374699824  + 5136791.801312268  + 0  + 0  + 0  + 0  + 0  + 0  + 0  + 0  + 0  + 0  + 0  + 0  + 0  + 0  + 0  + 0  + 0  + 0  + 0  + 0  + 0  + 0  + 0  + 0  + 0  + 0  + 0  + 0  + 0  + 0  + 0  + 0  + 0  + 0  + 0  + 0  + 0  + 0  + 0  + 0  + 0  + 0  + 0  + 0  + 0  + 0  + 0  + 0  + 0  + 0  + 0  + 0  + 0  + 0  + 0  + -3.0400821999610197  + 0  + 0  + 0  + 0  + 0  + 0  + 0  + 0  + 0  + 0  + 0  + 0  + 0  + 0  + 0  + 0  + 0  + 0  + 0  + 0  + -29.759308481429887  + 0  + 0  + 0  + 0  + 0  + 
Traveling energy: 8220.778581658551
Charging energy: 22813731.822258018
Total energy used: 22821952.60083968
Charging round duration: 4570967.143033262
ID | p | E0 | time_arrive | E_remain | time_charge | energy_charge| E_after_charge | E_after_cycle
[91m13 | 0.18 | -5236.93 | 101.88 | -5255.27 | 0.00 | 0.00 | -5255.27 | -9581.51[00m
[91m167 | 0.13 | -2333.44 | 107.35 | -2347.39 | 0.00 | 0.00 | -2347.39 | -5471.19[00m
[91m57 | 0.11 | -2639.26 | 191.03 | -2660.27 | 0.00 | 0.00 | -2660.27 | -5294.27[00m
[91m178 | 0.27 | -8566.35 | 240.72 | -8631.35 | 0.00 | 0.00 | -8631.35 | -15083.22[00m
[91m118 | 0.16 | -5053.42 | 257.59 | -5094.63 | 0.00 | 0.00 | -5094.63 | -8915.26[00m
[91m43 | 0.18 | -4802.41 | 333.03 | -4862.36 | 0.00 | 0.00 | -4862.36 | -9146.99[00m
[91m14 | 0.30 | -13022.41 | 381.92 | -13136.99 | 0.00 | 0.00 | -13136.99 | -20263.37[00m
[91m144 | 0.12 | -2231.39 | 439.58 | -2284.14 | 0.00 | 0.00 | -2284.14 | -5127.78[00m
[91m161 | 0.14 | 679.68 | 471.54 | 613.67 | -574012.64 | -2870063.19 | -2789087.75 | -2872762.62[00m
96 | 0.13 | -70.53 | -573486.25 | 74482.69 | 5136791.80 | 25683959.01 | 25090658.76 | 25680750.73
[91m98 | 0.07 | 3232.92 | 4563415.18 | -316206.15 | 0.00 | 0.00 | -316206.15 | 1543.36[00m
[91m199 | 0.29 | -11744.21 | 4563508.44 | -1335161.65 | 0.00 | 0.00 | -1335161.65 | -18743.80[00m
[91m193 | 0.12 | -1817.16 | 4563608.57 | -549450.19 | 0.00 | 0.00 | -549450.19 | -4713.54[00m
[91m50 | 0.26 | -12393.14 | 4563638.61 | -1198939.18 | 0.00 | 0.00 | -1198939.18 | -18668.64[00m
[91m40 | 0.15 | -5434.15 | 4563659.61 | -689983.09 | 0.00 | 0.00 | -689983.09 | -9054.63[00m
[91m137 | 0.07 | 787.89 | 4563725.99 | -318672.92 | 0.00 | 0.00 | -318672.92 | -901.66[00m
[91m195 | 0.24 | -11060.71 | 4563773.90 | -1106366.44 | 0.00 | 0.00 | -1106366.44 | -16853.47[00m
[91m15 | 0.05 | 7077.66 | 4563916.42 | -221118.16 | 0.00 | 0.00 | -221118.16 | 5870.83[00m
[91m18 | 0.20 | -5288.48 | 4564042.50 | -918096.98 | 0.00 | 0.00 | -918096.98 | -10115.79[00m
[91m59 | 0.11 | 2643.85 | 4564111.91 | -499408.46 | 0.00 | 0.00 | -499408.46 | -11.17[00m
[91m68 | 0.11 | 1793.03 | 4564161.48 | -500264.73 | 0.00 | 0.00 | -500264.73 | -861.99[00m
[91m85 | 0.23 | -6362.47 | 4564179.15 | -1056123.68 | 0.00 | 0.00 | -1056123.68 | -11913.88[00m
[91m67 | 0.08 | 886.83 | 4564280.48 | -364255.60 | 0.00 | 0.00 | -364255.60 | -1044.09[00m
[91m64 | 0.10 | 2925.88 | 4564347.36 | -453508.85 | 0.00 | 0.00 | -453508.85 | 512.23[00m
[91m185 | 0.21 | -4378.26 | 4564504.57 | -962924.21 | 0.00 | 0.00 | -962924.21 | -9446.93[00m
[91m76 | 0.11 | 611.42 | 4564564.34 | -501490.65 | 0.00 | 0.00 | -501490.65 | -2043.59[00m
[91m141 | 0.19 | -4114.03 | 4564677.59 | -871402.77 | 0.00 | 0.00 | -871402.77 | -8699.97[00m
[91m173 | 0.21 | -8793.44 | 4564849.37 | -967411.80 | 0.00 | 0.00 | -967411.80 | -13862.11[00m
[91m197 | 0.24 | -12104.27 | 4564986.38 | -1107701.00 | 0.00 | 0.00 | -1107701.00 | -17897.03[00m
[91m174 | 0.12 | 2150.59 | 4565081.67 | -545659.21 | 0.00 | 0.00 | -545659.21 | -745.79[00m
[91m46 | 0.18 | -5805.54 | 4565137.68 | -827530.33 | 0.00 | 0.00 | -827530.33 | -10150.12[00m
[91m175 | 0.15 | -3210.62 | 4565183.93 | -687988.20 | 0.00 | 0.00 | -687988.20 | -6831.09[00m
[91m32 | 0.23 | -7760.39 | 4565254.15 | -1057768.85 | 0.00 | 0.00 | -1057768.85 | -13311.79[00m
[91m126 | 0.10 | -1078.30 | 4565266.65 | -457604.97 | 0.00 | 0.00 | -457604.97 | -3491.95[00m
[91m160 | 0.17 | -5050.81 | 4565357.62 | -781161.60 | 0.00 | 0.00 | -781161.60 | -9154.02[00m
[91m91 | 0.08 | 4865.90 | 4565460.00 | -360370.90 | 0.00 | 0.00 | -360370.90 | 2934.98[00m
[91m143 | 0.18 | -5679.55 | 4565510.91 | -827471.52 | 0.00 | 0.00 | -827471.52 | -10024.13[00m
[91m125 | 0.11 | -1093.47 | 4565585.08 | -503307.83 | 0.00 | 0.00 | -503307.83 | -3748.49[00m
[91m49 | 0.12 | -904.65 | 4565707.91 | -548789.60 | 0.00 | 0.00 | -548789.60 | -3801.03[00m
[91m133 | 0.30 | -14888.15 | 4565847.78 | -1384642.48 | 0.00 | 0.00 | -1384642.48 | -22129.10[00m
[91m82 | 0.05 | 6963.86 | 4565960.30 | -221334.15 | 0.00 | 0.00 | -221334.15 | 5757.03[00m
[91m171 | 0.29 | -10864.20 | 4566052.08 | -1335019.31 | 0.00 | 0.00 | -1335019.31 | -17863.80[00m
[91m180 | 0.15 | -2508.26 | 4566215.68 | -687440.61 | 0.00 | 0.00 | -687440.61 | -6128.74[00m
[91m138 | 0.25 | -12540.15 | 4566370.03 | -1154132.66 | 0.00 | 0.00 | -1154132.66 | -18574.28[00m
[91m33 | 0.22 | -7341.36 | 4566481.18 | -1011967.22 | 0.00 | 0.00 | -1011967.22 | -12651.40[00m
[91m154 | 0.15 | 68.26 | 4566625.48 | -684925.56 | 0.00 | 0.00 | -684925.56 | -3552.22[00m
[91m99 | 0.07 | 3649.72 | 4566736.32 | -316021.82 | 0.00 | 0.00 | -316021.82 | 1960.16[00m
[91m152 | 0.23 | -10672.47 | 4566784.45 | -1061032.89 | 0.00 | 0.00 | -1061032.89 | -16223.87[00m
[91m153 | 0.13 | 1307.74 | 4566980.80 | -592399.76 | 0.00 | 0.00 | -592399.76 | -1830.01[00m
[91m61 | 0.14 | -4579.84 | 4567106.94 | -643974.81 | 0.00 | 0.00 | -643974.81 | -7958.95[00m
[91m163 | 0.13 | 713.43 | 4567152.73 | -593016.42 | 0.00 | 0.00 | -593016.42 | -2424.32[00m
[91m182 | 0.14 | 114.93 | 4567230.72 | -639297.37 | 0.00 | 0.00 | -639297.37 | -3264.18[00m
[91m183 | 0.19 | -2962.52 | 4567346.65 | -870758.38 | 0.00 | 0.00 | -870758.38 | -7548.46[00m
[91m41 | 0.08 | 1339.31 | 4567360.60 | -364049.54 | 0.00 | 0.00 | -364049.54 | -591.61[00m
[91m24 | 0.05 | 6601.01 | 4567500.89 | -221774.03 | 0.00 | 0.00 | -221774.03 | 5394.18[00m
[91m10 | 0.06 | 4902.07 | 4567656.21 | -269157.31 | 0.00 | 0.00 | -269157.31 | 3453.87[00m
[91m146 | 0.21 | -7366.24 | 4567772.66 | -966598.50 | 0.00 | 0.00 | -966598.50 | -12434.92[00m
[91m176 | 0.15 | -214.85 | 4567926.48 | -685403.82 | 0.00 | 0.00 | -685403.82 | -3835.33[00m
[91m121 | 0.21 | -4488.58 | 4568009.87 | -963770.66 | 0.00 | 0.00 | -963770.66 | -9557.25[00m
[91m26 | 0.11 | 126.45 | 4568112.37 | -502365.91 | 0.00 | 0.00 | -502365.91 | -2528.56[00m
[91m25 | 0.27 | -9002.89 | 4568141.21 | -1242401.02 | 0.00 | 0.00 | -1242401.02 | -15519.76[00m
[91m151 | 0.26 | -12890.12 | 4568213.40 | -1200625.60 | 0.00 | 0.00 | -1200625.60 | -19165.62[00m
[91m7 | 0.27 | -8750.71 | 4568336.01 | -1242201.43 | 0.00 | 0.00 | -1242201.43 | -15267.57[00m
[91m104 | 0.15 | -821.70 | 4568419.40 | -686084.61 | 0.00 | 0.00 | -686084.61 | -4442.18[00m
[91m122 | 0.22 | -6359.42 | 4568453.35 | -1011419.16 | 0.00 | 0.00 | -1011419.16 | -11669.46[00m
53 | 0.23 | 210834048.32 | 4568550.73 | 209783281.65 | -3.04 | -15.20 | 209783267.15 | 210828481.72
[91m105 | 0.05 | 6862.33 | 4568638.61 | -221569.60 | 0.00 | 0.00 | -221569.60 | 5655.51[00m
[91m189 | 0.10 | -91.81 | 4568682.74 | -456960.09 | 0.00 | 0.00 | -456960.09 | -2505.46[00m
[91m177 | 0.16 | -5810.68 | 4568843.16 | -736825.59 | 0.00 | 0.00 | -736825.59 | -9672.53[00m
[91m164 | 0.29 | -15697.33 | 4569028.62 | -1340715.63 | 0.00 | 0.00 | -1340715.63 | -22696.92[00m
[91m94 | 0.13 | -1943.31 | 4569209.35 | -595940.52 | 0.00 | 0.00 | -595940.52 | -5081.06[00m
[91m79 | 0.09 | 2394.19 | 4569243.55 | -408837.73 | 0.00 | 0.00 | -408837.73 | 221.90[00m
[91m134 | 0.27 | -11176.34 | 4569361.11 | -1244903.84 | 0.00 | 0.00 | -1244903.84 | -17693.20[00m
[91m97 | 0.27 | -13588.17 | 4569403.04 | -1247326.99 | 0.00 | 0.00 | -1247326.99 | -20105.03[00m
[91m194 | 0.30 | -11095.78 | 4569437.65 | -1381927.07 | 0.00 | 0.00 | -1381927.07 | -18336.74[00m
[91m62 | 0.28 | -13715.48 | 4569463.89 | -1293165.37 | 0.00 | 0.00 | -1293165.37 | -20473.71[00m
[91m17 | 0.25 | -9206.67 | 4569553.55 | -1151595.05 | 0.00 | 0.00 | -1151595.05 | -15240.80[00m
[91m89 | 0.10 | -375.62 | 4569694.29 | -457345.05 | 0.00 | 0.00 | -457345.05 | -2789.27[00m
[91m27 | 0.07 | 4809.17 | 4569752.63 | -315073.51 | 0.00 | 0.00 | -315073.51 | 3119.62[00m
[91m128 | 0.17 | -4816.98 | 4569803.16 | -781683.51 | 0.00 | 0.00 | -781683.51 | -8920.19[00m
[91m198 | 0.22 | -7885.21 | 4569909.86 | -1013265.38 | 0.00 | 0.00 | -1013265.38 | -13195.25[00m
[91m130 | 0.27 | -11595.33 | 4570034.20 | -1245504.56 | 0.00 | 0.00 | -1245504.56 | -18112.19[00m
[91m120 | 0.28 | -13730.13 | 4570079.02 | -1293352.25 | 0.00 | 0.00 | -1293352.25 | -20488.36[00m
[91m55 | 0.06 | 5639.83 | 4570196.93 | -268571.98 | 0.00 | 0.00 | -268571.98 | 4191.64[00m
[91m4 | 0.21 | -5502.77 | 4570274.41 | -965260.40 | 0.00 | 0.00 | -965260.40 | -10571.44[00m
[91m65 | 0.12 | 1400.65 | 4570402.52 | -547047.65 | 0.00 | 0.00 | -547047.65 | -1495.73[00m
58 | 0.25 | 23410754.56 | 4570491.84 | 22268131.60 | -29.76 | -148.80 | 22267990.24 | 23404571.63
[91m150 | 0.19 | -5519.27 | 4570587.77 | -873930.94 | 0.00 | 0.00 | -873930.94 | -10105.21[00m
[91m90 | 0.13 | 338.96 | 4570598.69 | -593838.87 | 0.00 | 0.00 | -593838.87 | -2798.79[00m
[91m113 | 0.27 | -9873083.64 | 4570663.69 | -11107162.84 | 0.00 | 0.00 | -11107162.84 | -9879600.50[00m
[91m56 | 0.06 | 786.63 | 4570765.10 | -273459.27 | 0.00 | 0.00 | -273459.27 | -661.56[00m
[91m75 | 0.08 | 2130.34 | 4570831.11 | -363536.15 | 0.00 | 0.00 | -363536.15 | 199.42[00m
1 | 0.05 | 5654.81 | 4447.98
[91m2 | 0.09 | 131.44 | -2040.85[00m
[91m3 | 0.27 | -11623.63 | -18140.50[00m
[91m5 | 0.22 | -9984.34 | -15294.37[00m
[91m6 | 0.29 | -15858.17 | -22857.77[00m
[91m8 | 0.18 | -6809.24 | -11153.81[00m
9 | 0.10 | 3101.02 | 687.37
[91m11 | 0.24 | -9713.56 | -15506.33[00m
[91m12 | 0.15 | -2140.72 | -5761.20[00m
[91m16 | 0.23 | -5598.10 | -11149.50[00m
[91m19 | 0.19 | -5926.08 | -10512.02[00m
[91m20 | 0.11 | 2183.69 | -471.33[00m
[91m21 | 0.22 | -8434.29 | -13744.33[00m
[91m22 | 0.14 | -796.20 | -4175.32[00m
[91m23 | 0.12 | -2178.83 | -5075.21[00m
[91m28 | 0.06 | 1559.80 | 111.61[00m
29 | 0.07 | 3676.53 | 1986.97
[91m30 | 0.17 | -2493.04 | -6596.25[00m
31 | 0.09 | 2923.20 | 750.92
[91m34 | 0.18 | -6881.00 | -11225.57[00m
[91m35 | 0.27 | -13520.11 | -20036.97[00m
[91m36 | 0.16 | -2403.87 | -6265.71[00m
[91m37 | 0.09 | 1393.60 | -778.69[00m
[91m38 | 0.24 | -11388.41 | -17181.17[00m
[91m39 | 0.23 | -7063.23 | -12614.64[00m
[91m42 | 0.12 | -1424.37 | -4320.75[00m
[91m44 | 0.17 | -6294.62 | -10397.83[00m
[91m45 | 0.22 | -5893.79 | -11203.83[00m
[91m47 | 0.17 | -4638.46 | -8741.67[00m
[91m48 | 0.11 | 1458.34 | -1196.68[00m
51 | 0.09 | 4227.55 | 2055.26
[91m52 | 0.10 | -395.71 | -2809.36[00m
[91m54 | 0.13 | -2635.25 | -5773.00[00m
[91m60 | 0.18 | -5818.29 | -10162.86[00m
63 | 0.08 | 4863.25 | 2932.32
66 | 0.05 | 4413.26 | 3206.43
[91m69 | 0.11 | 633.59 | -2021.43[00m
[91m70 | 0.16 | -1830.76 | -5692.60[00m
[91m71 | 0.21 | -6113.90 | -11182.58[00m
72 | 0.07 | 5506.73 | 3817.17
[91m73 | 0.23 | -9500.99 | -15052.40[00m
74 | 0.07 | 3759.50 | 2069.95
[91m77 | 0.14 | -4824.68 | -8203.79[00m
[91m78 | 0.26 | -13309.07 | -19584.57[00m
[91m80 | 0.12 | -2605.96 | -5502.34[00m
[91m81 | 0.15 | -4981.77 | -8602.25[00m
[91m83 | 0.14 | -201.77 | -3580.89[00m
[91m84 | 0.18 | -7058.83 | -11403.41[00m
[91m86 | 0.17 | -3448.07 | -7551.28[00m
[91m87 | 0.12 | 1694.95 | -1201.43[00m
[91m88 | 0.18 | -4023.21 | -8367.79[00m
[91m92 | 0.25 | -12568.30 | -18602.44[00m
[91m93 | 0.18 | -5724.00 | -10068.58[00m
[91m95 | 0.27 | -12970.70 | -19487.56[00m
[91m100 | 0.21 | -8556.36 | -13625.03[00m
101 | 0.07 | 4097.72 | 2408.16
[91m102 | 0.30 | -15766.28 | -23007.24[00m
[91m103 | 0.20 | -6627.89 | -11455.19[00m
[91m106 | 0.17 | -2937473.09 | -2941576.30[00m
[91m107 | 0.15 | -1845125.65 | -1848746.13[00m
[91m108 | 0.20 | -2886587.71 | -2891415.01[00m
[91m109 | 0.15 | -1064003.43 | -1067623.91[00m
[91m110 | 0.19 | -2074316.44 | -2078902.38[00m
[91m111 | 0.26 | -5335569.93 | -5341845.42[00m
[91m112 | 0.27 | -5216153.67 | -5222670.53[00m
[91m114 | 0.10 | -908630.08 | -911043.73[00m
[91m115 | 0.17 | -4675126.09 | -4679229.30[00m
[91m116 | 0.16 | -1383419.71 | -1387281.56[00m
[91m117 | 0.19 | -1943903.35 | -1948489.29[00m
[91m119 | 0.24 | -8174.06 | -13966.83[00m
[91m123 | 0.16 | -4316.99 | -8178.83[00m
[91m124 | 0.28 | -9521.17 | -16279.40[00m
[91m127 | 0.23 | -10805.57 | -16356.97[00m
[91m129 | 0.15 | -3893.93 | -7514.41[00m
[91m131 | 0.17 | -4493.58 | -8596.79[00m
[91m132 | 0.29 | -13508.75 | -20508.35[00m
[91m135 | 0.16 | -5441.85 | -9303.69[00m
[91m136 | 0.28 | -9701.38 | -16459.61[00m
[91m139 | 0.21 | -9136.73 | -14205.40[00m
[91m140 | 0.28 | -10864.97 | -17623.20[00m
[91m142 | 0.20 | -6578.45 | -11405.76[00m
145 | 0.06 | 5246.36 | 3798.16
[91m147 | 0.20 | -8181.10 | -13008.41[00m
[91m148 | 0.26 | -11877.02 | -18152.52[00m
[91m149 | 0.21 | -5191.49 | -10260.16[00m
[91m155 | 0.17 | -6007.10 | -10110.31[00m
[91m156 | 0.28 | -13034.22 | -19792.45[00m
[91m157 | 0.25 | -9665.39 | -15699.53[00m
[91m158 | 0.25 | -11278.75 | -17312.88[00m
[91m159 | 0.27 | -13909.70 | -20426.56[00m
[91m162 | 0.16 | -1558.49 | -5420.33[00m
[91m165 | 0.19 | -4075.04 | -8660.98[00m
[91m166 | 0.10 | 367.20 | -2046.46[00m
[91m168 | 0.12 | -1930.23 | -4826.61[00m
[91m169 | 0.24 | -9871.15 | -15663.91[00m
[91m170 | 0.22 | -8759.46 | -14069.49[00m
[91m172 | 0.11 | 251.92 | -2403.10[00m
[91m179 | 0.11 | -1514.51 | -4169.53[00m
[91m181 | 0.13 | 621.93 | -2515.82[00m
[91m184 | 0.24 | -6860.50 | -12653.27[00m
[91m186 | 0.15 | 48.88 | -3571.60[00m
[91m187 | 0.25 | -9981.26 | -16015.40[00m
[91m188 | 0.19 | -7225.01 | -11810.95[00m
[91m190 | 0.29 | -12336.64 | -19336.23[00m
[91m191 | 0.27 | -13236.79 | -19753.65[00m
[91m192 | 0.18 | -3112.43 | -7457.01[00m
[91m196 | 0.20 | -3782.61 | -8609.92[00m
[91m200 | 0.18 | -6855.76 | -11200.34[00m
[91m201 | 0.11 | -2194.65 | -4849.67[00m
Vehicle 1
Charging tour: 
333  -> 209  -> 321  -> 275  -> 296  -> 376  -> 255  -> 344  -> 343  -> 332  -> 298  -> 323  -> 405  -> 361  -> 346  -> 256  -> 328  -> 367  -> 357  -> 315  -> 299  -> 270  -> 265  -> 310  -> 273  -> 404  -> 211  -> 251  -> 319  -> 246  -> 327  -> 335  -> 397  -> 311  -> 394  -> 385  -> 360  -> 252  -> 345  -> 204  -> 258  -> 324  -> 353  -> 283  -> 253  -> 316  -> 349  -> 303  -> 363  -> 281  -> 286  -> 306  -> 334  -> 236  -> 393  -> 210  -> 308  -> 390  -> 206  -> 202  -> 224  -> 240  -> 359  -> 232  -> 221  -> 384  -> 272  -> 375  -> 266  -> 207  -> 391  -> 250  -> 214  -> 347  -> 291  -> 320  -> 271  -> 247  -> 378  -> 314  -> 
Charging time: 
0  + 0  + -5518.404759173213  + 0  + -4486.463754988919  + -4220.167523954405  + 0  + -4242.119445436154  + -2540.0699735894163  + -13592.174658924212  + 0  + -3155.61846704064  + 0  + 6421.660788586546  + 0  + -11399.163669768826  + 5168.728025785433  + -28036.066729040525  + 3585.5817640574155  + 27415.84298990867  + -0.07685111324351677  + 14659.891623112731  + 0  + 0  + 272971.2368672763  + 0  + 0  + 0  + 0  + 0  + 0  + 0  + 0  + 0  + 0  + 0  + 0  + 0  + 0  + -0.04764020238179765  + 0  + 0  + 0  + 0  + 0  + 0  + 0  + 0  + 0  + 0  + 0  + 0  + 0  + 0  + 0  + 0  + 0  + 0  + 0  + 0  + 0  + 0  + 0  + 0  + 0  + 0  + 0  + 0  + 0  + 0  + 0  + 0  + 0  + 0  + 0  + 0  + 0  + 0  + 0  + 0  + 
Traveling energy: 7066.200408527819
Charging energy: 1265162.842927476
Total energy used: 1272229.0433360038
Charging round duration: 260098.768994023
ID | p | E0 | time_arrive | E_remain | time_charge | energy_charge| E_after_charge | E_after_cycle
[91m333 | 0.24 | -8002.14 | 118.05 | -8030.47 | 0.00 | 0.00 | -8030.47 | -13794.91[00m
[91m209 | 0.17 | -1306.04 | 166.29 | -1334.31 | 0.00 | 0.00 | -1334.31 | -5409.25[00m
[91m321 | 0.09 | 2817.29 | 174.64 | 2801.57 | -5518.40 | -27592.02 | -24293.80 | -26947.02[00m
[91m275 | 0.26 | -8065.69 | -5248.83 | -6701.00 | 0.00 | 0.00 | -6701.00 | -14341.19[00m
[91m296 | 0.06 | 2310.20 | -5212.79 | 2622.97 | -4486.46 | -22432.32 | -19540.17 | -21570.31[00m
[91m376 | 0.09 | 3683.96 | -9657.19 | 4553.11 | -4220.17 | -21100.84 | -16167.91 | -19589.16[00m
[91m255 | 0.29 | -10606.72 | -13821.51 | -6598.49 | 0.00 | 0.00 | -6598.49 | -17606.32[00m
[91m344 | 0.07 | 2850.48 | -13780.36 | 3815.10 | -4242.12 | -21210.60 | -17098.55 | -20049.68[00m
[91m343 | 0.06 | 4080.45 | -17973.18 | 5158.84 | -2540.07 | -12700.35 | -7389.11 | -10068.09[00m
[91m332 | 0.08 | 1016.72 | -20409.49 | 2649.48 | -13592.17 | -67960.87 | -64224.02 | -68875.07[00m
[91m298 | 0.23 | -8340.92 | -33973.80 | -526.95 | 0.00 | 0.00 | -526.95 | -13892.33[00m
[91m323 | 0.08 | 4379.33 | -33844.54 | 7086.89 | -3155.62 | -15778.09 | -8438.75 | -13329.68[00m
[91m405 | 0.29 | -12837.81 | -36970.27 | -2116.43 | 0.00 | 0.00 | -2116.43 | -19837.40[00m
361 | 0.23 | -6187.04 | -36951.51 | 2311.81 | 6421.66 | 32108.30 | 32943.13 | 20369.87
[91m346 | 0.29 | -12198.62 | -30423.25 | -3375.88 | 0.00 | 0.00 | -3375.88 | -19198.21[00m
[91m256 | 0.07 | 1060.78 | -30289.97 | 3181.08 | -11399.16 | -56995.82 | -53016.79 | -57624.59[00m
328 | 0.18 | -6015.77 | -41568.95 | 1466.64 | 5168.73 | 25843.64 | 26379.91 | 15483.30
[91m367 | 0.11 | 677.76 | -36355.49 | 4676.87 | -28036.07 | -140180.33 | -132419.50 | -142157.59[00m
[91m357 | 0.25 | -12044.33 | -64272.46 | 4023.79 | 3585.58 | 17927.91 | 21055.30 | -150.55[00m
315 | 0.11 | -693.10 | -60634.21 | 5976.67 | 27415.84 | 137079.21 | 140040.14 | 133731.10
299 | 0.29 | 651853614.87 | -33084.04 | 651863209.25 | -0.08 | -0.38 | 651863208.88 | 651846614.90
270 | 0.15 | -1767.51 | -32904.00 | 3168.09 | 14659.89 | 73299.46 | 74268.56 | 67911.47
[91m265 | 0.25 | -9663.81 | -18124.07 | -5132.79 | 0.00 | 0.00 | -5132.79 | -15697.94[00m
[91m310 | 0.24 | -7136.59 | -18038.41 | -2807.37 | 0.00 | 0.00 | -2807.37 | -12929.36[00m
273 | 0.13 | -82.27 | -18017.56 | 2260.01 | 272971.24 | 1364856.18 | 1331629.94 | 1361636.17
[91m404 | 0.30 | -13592.08 | 255020.03 | -90098.09 | 0.00 | 0.00 | -90098.09 | -20833.04[00m
[91m211 | 0.25 | -7718.77 | 255150.47 | -71506.39 | 0.00 | 0.00 | -71506.39 | -13752.90[00m
[91m251 | 0.09 | 2924.67 | 255285.92 | -20051.07 | 0.00 | 0.00 | -20051.07 | 752.38[00m
[91m319 | 0.13 | -629.77 | 255382.46 | -33829.49 | 0.00 | 0.00 | -33829.49 | -3767.52[00m
[91m246 | 0.22 | -8972.44 | 255434.43 | -65168.02 | 0.00 | 0.00 | -65168.02 | -14282.48[00m
[91m327 | 0.08 | 3140.12 | 255528.77 | -17302.19 | 0.00 | 0.00 | -17302.19 | 1209.19[00m
[91m335 | 0.13 | 81.02 | 255537.57 | -33138.86 | 0.00 | 0.00 | -33138.86 | -3056.72[00m
[91m397 | 0.14 | -4451.13 | 255646.87 | -40241.69 | 0.00 | 0.00 | -40241.69 | -7830.24[00m
[91m311 | 0.08 | 4534.52 | 255730.03 | -15923.88 | 0.00 | 0.00 | -15923.88 | 2603.60[00m
[91m394 | 0.24 | -8710.49 | 255799.64 | -70102.40 | 0.00 | 0.00 | -70102.40 | -14503.26[00m
[91m385 | 0.07 | 3331.69 | 255909.65 | -14581.98 | 0.00 | 0.00 | -14581.98 | 1642.13[00m
[91m360 | 0.07 | 3654.44 | 255993.81 | -14265.12 | 0.00 | 0.00 | -14265.12 | 1964.89[00m
[91m252 | 0.26 | -8230.95 | 256021.56 | -74796.55 | 0.00 | 0.00 | -74796.55 | -14506.45[00m
[91m345 | 0.21 | -5339.76 | 256083.72 | -59117.34 | 0.00 | 0.00 | -59117.34 | -10408.43[00m
204 | 0.23 | 833981624.20 | 256243.76 | 833922688.13 | -0.05 | -0.24 | 833922687.90 | 833976072.56
[91m258 | 0.27 | -12841.58 | 256346.77 | -82055.21 | 0.00 | 0.00 | -82055.21 | -19358.44[00m
[91m324 | 0.24 | -9712.01 | 256398.59 | -71247.67 | 0.00 | 0.00 | -71247.67 | -15504.78[00m
[91m353 | 0.30 | -13958.64 | 256481.02 | -90902.94 | 0.00 | 0.00 | -90902.94 | -21199.60[00m
[91m283 | 0.16 | -4852.15 | 256562.69 | -45902.18 | 0.00 | 0.00 | -45902.18 | -8713.99[00m
[91m253 | 0.07 | 3118.19 | 256693.15 | -14850.33 | 0.00 | 0.00 | -14850.33 | 1428.63[00m
[91m316 | 0.11 | 902.30 | 256824.77 | -27348.42 | 0.00 | 0.00 | -27348.42 | -1752.71[00m
[91m349 | 0.07 | 4096.68 | 256971.24 | -13891.31 | 0.00 | 0.00 | -13891.31 | 2407.12[00m
[91m303 | 0.10 | 3131.63 | 257033.27 | -22571.70 | 0.00 | 0.00 | -22571.70 | 717.98[00m
[91m363 | 0.21 | -4572.11 | 257059.13 | -58554.53 | 0.00 | 0.00 | -58554.53 | -9640.78[00m
[91m281 | 0.22 | -8285.57 | 257138.55 | -64856.05 | 0.00 | 0.00 | -64856.05 | -13595.61[00m
[91m286 | 0.25 | -9384.98 | 257252.72 | -73698.16 | 0.00 | 0.00 | -73698.16 | -15419.11[00m
[91m306 | 0.26 | -10306.27 | 257355.43 | -77218.68 | 0.00 | 0.00 | -77218.68 | -16581.76[00m
[91m334 | 0.07 | 3962.89 | 257394.62 | -14054.73 | 0.00 | 0.00 | -14054.73 | 2273.33[00m
[91m236 | 0.12 | 1132.46 | 257480.11 | -29765.15 | 0.00 | 0.00 | -29765.15 | -1763.92[00m
[91m393 | 0.16 | -1810.76 | 257591.33 | -43025.37 | 0.00 | 0.00 | -43025.37 | -5672.61[00m
[91m210 | 0.09 | 685.62 | 257618.34 | -22500.03 | 0.00 | 0.00 | -22500.03 | -1486.66[00m
[91m308 | 0.27 | -11613.04 | 257674.98 | -81185.28 | 0.00 | 0.00 | -81185.28 | -18129.90[00m
[91m390 | 0.25 | -12646.43 | 257777.85 | -77090.89 | 0.00 | 0.00 | -77090.89 | -18680.56[00m
[91m206 | 0.24 | -11056.90 | 257830.48 | -72936.21 | 0.00 | 0.00 | -72936.21 | -16849.67[00m
[91m202 | 0.28 | -13819.02 | 257908.45 | -86033.38 | 0.00 | 0.00 | -86033.38 | -20577.25[00m
[91m224 | 0.28 | -12199.49 | 257959.64 | -84428.19 | 0.00 | 0.00 | -84428.19 | -18957.72[00m
[91m240 | 0.25 | -7534.66 | 258054.78 | -72048.36 | 0.00 | 0.00 | -72048.36 | -13568.79[00m
[91m359 | 0.29 | -14075.18 | 258208.81 | -88955.73 | 0.00 | 0.00 | -88955.73 | -21074.77[00m
[91m232 | 0.27 | -11939.51 | 258399.53 | -81707.38 | 0.00 | 0.00 | -81707.38 | -18456.37[00m
[91m221 | 0.19 | -7858.81 | 258605.08 | -56993.77 | 0.00 | 0.00 | -56993.77 | -12444.75[00m
[91m384 | 0.29 | -12223.84 | 258798.37 | -87275.37 | 0.00 | 0.00 | -87275.37 | -19223.43[00m
[91m272 | 0.27 | -9734.58 | 258884.35 | -79633.35 | 0.00 | 0.00 | -79633.35 | -16251.44[00m
[91m375 | 0.12 | -2344.49 | 258989.65 | -33423.25 | 0.00 | 0.00 | -33423.25 | -5240.87[00m
[91m266 | 0.06 | 3526.47 | 259115.57 | -12020.46 | 0.00 | 0.00 | -12020.46 | 2078.28[00m
[91m207 | 0.07 | 2396.89 | 259211.40 | -15747.91 | 0.00 | 0.00 | -15747.91 | 707.33[00m
[91m391 | 0.21 | -5725.42 | 259273.83 | -60172.92 | 0.00 | 0.00 | -60172.92 | -10794.09[00m
[91m250 | 0.14 | 314.45 | 259402.84 | -36001.95 | 0.00 | 0.00 | -36001.95 | -3064.66[00m
[91m214 | 0.20 | -7989.46 | 259439.63 | -59877.39 | 0.00 | 0.00 | -59877.39 | -12816.77[00m
[91m347 | 0.06 | 4009.60 | 259518.27 | -11561.50 | 0.00 | 0.00 | -11561.50 | 2561.41[00m
[91m291 | 0.30 | -11036.02 | 259611.20 | -88919.38 | 0.00 | 0.00 | -88919.38 | -18276.98[00m
[91m320 | 0.19 | -7822.06 | 259718.53 | -57168.58 | 0.00 | 0.00 | -57168.58 | -12408.00[00m
[91m271 | 0.10 | 1376.14 | 259776.93 | -24601.55 | 0.00 | 0.00 | -24601.55 | -1037.51[00m
[91m247 | 0.25 | -10245.71 | 259876.32 | -75214.79 | 0.00 | 0.00 | -75214.79 | -16279.84[00m
[91m378 | 0.27 | -11746.72 | 259911.13 | -81922.73 | 0.00 | 0.00 | -81922.73 | -18263.59[00m
[91m314 | 0.11 | 634.90 | 259980.47 | -27962.95 | 0.00 | 0.00 | -27962.95 | -2020.12[00m
[91m203 | 0.11 | -20745777.77 | -20748432.78[00m
[91m205 | 0.22 | -5148.90 | -10458.94[00m
[91m208 | 0.29 | -14690.15 | -21689.74[00m
[91m212 | 0.27 | -13558.39 | -20075.25[00m
[91m213 | 0.09 | -691.31 | -2863.60[00m
[91m215 | 0.15 | -5154.72 | -8775.20[00m
[91m216 | 0.22 | -4769.03 | -10079.06[00m
[91m217 | 0.27 | -10699.98 | -17216.84[00m
[91m218 | 0.29 | -12484.86 | -19484.45[00m
[91m219 | 0.27 | -12990.95 | -19507.81[00m
[91m220 | 0.28 | -12699.56 | -19457.79[00m
[91m222 | 0.26 | -11579.66 | -17855.16[00m
[91m223 | 0.25 | -8953.99 | -14988.12[00m
[91m225 | 0.24 | -7860.08 | -13652.85[00m
[91m226 | 0.15 | -2648.63 | -6269.11[00m
[91m227 | 0.13 | -3360.69 | -6498.44[00m
[91m228 | 0.28 | -12112.49 | -18870.72[00m
[91m229 | 0.16 | -679.90 | -4541.74[00m
[91m230 | 0.29 | -11753.15 | -18752.74[00m
[91m231 | 0.23 | -6769.34 | -12320.75[00m
[91m233 | 0.23 | -6870.46 | -12421.86[00m
[91m234 | 0.17 | -2076.25 | -6179.46[00m
[91m235 | 0.30 | -13218.61 | -20459.56[00m
[91m237 | 0.16 | -4276.27 | -8138.11[00m
[91m238 | 0.20 | -4121.05 | -8948.35[00m
[91m239 | 0.27 | -8444.69 | -14961.56[00m
[91m241 | 0.12 | -764.73 | -3661.11[00m
[91m242 | 0.28 | -13721.74 | -20479.97[00m
[91m243 | 0.19 | -3807.01 | -8392.95[00m
[91m244 | 0.17 | -3778.50 | -7881.71[00m
[91m245 | 0.14 | -3537.43 | -6916.54[00m
[91m248 | 0.20 | -6879.54 | -11706.85[00m
[91m249 | 0.16 | -2646.61 | -6508.45[00m
[91m254 | 0.25 | -8876.72 | -14910.85[00m
[91m257 | 0.16 | -2006.23 | -5868.07[00m
[91m259 | 0.18 | -4282.99 | -8627.57[00m
[91m260 | 0.25 | -9172.84 | -15206.98[00m
[91m261 | 0.14 | -1191.43 | -4570.54[00m
[91m262 | 0.29 | -13727.70 | -20727.29[00m
[91m263 | 0.27 | -14044.52 | -20561.38[00m
[91m264 | 0.27 | -13741.44 | -20258.30[00m
[91m267 | 0.10 | -1332.59 | -3746.24[00m
[91m268 | 0.21 | -4405.95 | -9474.63[00m
[91m269 | 0.22 | -9954.92 | -15264.96[00m
[91m274 | 0.26 | -11410.20 | -17685.70[00m
[91m276 | 0.11 | -2039.41 | -4694.43[00m
[91m277 | 0.14 | 448.01 | -2931.10[00m
[91m278 | 0.19 | -6821.16 | -11407.10[00m
[91m279 | 0.11 | 879.22 | -1775.80[00m
[91m280 | 0.15 | -2118.98 | -5739.46[00m
[91m282 | 0.10 | 2762.65 | 349.00[00m
[91m284 | 0.08 | -187.48 | -2118.40[00m
[91m285 | 0.14 | -2093.75 | -5472.86[00m
[91m287 | 0.11 | -885.97 | -3540.99[00m
[91m288 | 0.09 | -973.82 | -3146.10[00m
[91m289 | 0.30 | -16356.62 | -23597.58[00m
[91m290 | 0.24 | -8958.57 | -14751.34[00m
[91m292 | 0.14 | -4570.25 | -7949.36[00m
[91m293 | 0.25 | -9852.38 | -15886.51[00m
[91m294 | 0.15 | -2250.15 | -5870.63[00m
[91m295 | 0.29 | -14628.20 | -21627.80[00m
[91m297 | 0.16 | -1097.51 | -4959.36[00m
[91m300 | 0.06 | 1508.38 | 60.19[00m
[91m301 | 0.22 | -6942.64 | -12252.68[00m
[91m302 | 0.27 | -14402.20 | -20919.06[00m
[91m304 | 0.25 | -16839174.10 | -16845208.24[00m
[91m305 | 0.28 | -63065642.59 | -63072400.82[00m
[91m307 | 0.24 | -6928.86 | -12721.63[00m
[91m309 | 0.19 | -7541.40 | -12127.34[00m
[91m312 | 0.11 | -670.91 | -3325.92[00m
[91m313 | 0.11 | -1526.67 | -4181.69[00m
[91m317 | 0.28 | -12502.61 | -19260.84[00m
[91m318 | 0.09 | -873.55 | -3045.84[00m
[91m322 | 0.23 | -5557.30 | -11108.70[00m
[91m325 | 0.21 | -5319.91 | -10388.58[00m
[91m326 | 0.24 | -9216.98 | -15009.75[00m
[91m329 | 0.16 | -3964.44 | -7826.29[00m
[91m330 | 0.19 | -4503.61 | -9089.55[00m
[91m331 | 0.25 | -7672.31 | -13706.44[00m
[91m336 | 0.11 | 2649.48 | -5.54[00m
[91m337 | 0.15 | -1394.13 | -5014.61[00m
[91m338 | 0.18 | -3711.09 | -8055.67[00m
[91m339 | 0.29 | -11950.23 | -18949.83[00m
[91m340 | 0.08 | -138.50 | -2069.42[00m
[91m341 | 0.20 | -5954.98 | -10782.28[00m
[91m342 | 0.30 | -11321.37 | -18562.33[00m
[91m348 | 0.13 | -110.95 | -3248.70[00m
[91m350 | 0.23 | -10513.12 | -16064.52[00m
[91m351 | 0.11 | -12.58 | -2667.60[00m
[91m352 | 0.16 | -3341.70 | -7203.55[00m
[91m354 | 0.20 | -7685.77 | -12513.07[00m
[91m355 | 0.11 | -2148.36 | -4803.37[00m
[91m356 | 0.19 | -7798.47 | -12384.41[00m
358 | 0.06 | 2837.67 | 1389.48
[91m362 | 0.26 | -7761.52 | -14037.02[00m
[91m364 | 0.15 | -3334.66 | -6955.14[00m
[91m365 | 0.27 | -12720.88 | -19237.74[00m
[91m366 | 0.13 | -3328.70 | -6466.45[00m
[91m368 | 0.24 | -6418.10 | -12210.87[00m
[91m369 | 0.16 | -1128.66 | -4990.51[00m
[91m370 | 0.16 | -1706.06 | -5567.91[00m
[91m371 | 0.21 | -7688.75 | -12757.43[00m
[91m372 | 0.12 | 2232.04 | -664.34[00m
[91m373 | 0.30 | -14777.74 | -22018.70[00m
[91m374 | 0.22 | -8400.86 | -13710.89[00m
[91m377 | 0.14 | -110.98 | -3490.10[00m
[91m379 | 0.17 | -1594.81 | -5698.02[00m
[91m380 | 0.12 | 1277.11 | -1619.28[00m
[91m381 | 0.20 | -4703.93 | -9531.24[00m
[91m382 | 0.29 | -12374.70 | -19374.30[00m
[91m383 | 0.18 | -3578.41 | -7922.98[00m
[91m386 | 0.20 | -6969.23 | -11796.53[00m
[91m387 | 0.16 | -4748.02 | -8609.86[00m
[91m388 | 0.27 | -11840.49 | -18357.35[00m
[91m389 | 0.08 | 766.13 | -1164.79[00m
[91m392 | 0.26 | -10928.06 | -17203.56[00m
[91m395 | 0.18 | -7398.25 | -11742.82[00m
[91m396 | 0.23 | -10037.95 | -15589.35[00m
[91m398 | 0.27 | -8826.51 | -15343.37[00m
[91m399 | 0.24 | -11132.18 | -16924.95[00m
[91m400 | 0.25 | -12626.31 | -18660.45[00m
[91m401 | 0.19 | -7737.88 | -12323.82[00m
[91m402 | 0.25 | -8528.41 | -14562.54[00m
[91m403 | 0.26 | -12852.20 | -19127.70[00m
Vehicle 2
Charging tour: 
488  -> 463  -> 598  -> 433  -> 587  -> 500  -> 594  -> 531  -> 447  -> 436  -> 518  -> 497  -> 462  -> 504  -> 421  -> 533  -> 409  -> 505  -> 502  -> 498  -> 562  -> 449  -> 605  -> 575  -> 574  -> 424  -> 515  -> 585  -> 422  -> 523  -> 549  -> 559  -> 591  -> 572  -> 444  -> 407  -> 522  -> 491  -> 435  -> 590  -> 511  -> 520  -> 427  -> 441  -> 423  -> 581  -> 432  -> 542  -> 481  -> 583  -> 479  -> 494  -> 610  -> 596  -> 602  -> 471  -> 593  -> 589  -> 567  -> 495  -> 546  -> 487  -> 474  -> 529  -> 517  -> 547  -> 528  -> 450  -> 508  -> 558  -> 507  -> 440  -> 535  -> 476  -> 460  -> 425  -> 554  -> 564  -> 410  -> 577  -> 604  -> 457  -> 470  -> 501  -> 408  -> 411  -> 503  -> 452  -> 603  -> 534  -> 475  -> 414  -> 466  -> 430  -> 571  -> 536  -> 551  -> 419  -> 568  -> 573  -> 601  -> 512  -> 473  -> 468  -> 526  -> 506  -> 
Charging time: 
0  + 0  + 0  + 0  + 0  + 0  + 0  + -2067574.4996407684  + -3228310.8320104354  + 465450.6139536711  + 487061.8368860047  + 1792009.4330508125  + -88243.88284888712  + 1009517.613119137  + 447732.9068041689  + 516348.75560874556  + -47.820002589749286  + 9411088.99182576  + 0  + 0  + 0  + 0  + 0  + 0  + 0  + 0  + 0  + 0  + 0  + 0  + 0  + 0  + 0  + 0  + 0  + -1505.4634304883216  + 0  + 0  + 0  + 0  + 0  + 0  + 0  + 0  + 0  + 0  + 0  + 0  + 0  + 0  + 0  + 0  + 0  + 0  + 0  + 0  + 0  + 0  + 0  + 0  + 0  + 0  + 0  + 0  + 0  + 0  + 0  + 0  + 0  + 0  + 0  + 0  + 0  + 0  + 0  + 0  + 0  + 0  + 0  + 0  + 0  + 0  + 0  + 0  + -880.8497040979441  + 0  + 0  + 0  + 0  + 0  + 0  + 0  + 0  + 0  + 0  + 0  + 0  + 0  + 0  + 0  + 0  + 0  + 0  + 0  + 0  + 0  + 
Traveling energy: 9333.190450557366
Charging energy: 43713234.01805516
Total energy used: 43722567.20850572
Charging round duration: 8751979.99406159
ID | p | E0 | time_arrive | E_remain | time_charge | energy_charge| E_after_charge | E_after_cycle
[91m488 | 0.18 | -2191.75 | 174.97 | -2223.24 | 0.00 | 0.00 | -2223.24 | -6536.32[00m
[91m463 | 0.25 | -9702.14 | 305.19 | -9778.44 | 0.00 | 0.00 | -9778.44 | -15736.27[00m
[91m598 | 0.30 | -13932.32 | 351.95 | -14037.90 | 0.00 | 0.00 | -14037.90 | -21173.28[00m
[91m433 | 0.26 | -10775.02 | 479.64 | -10899.73 | 0.00 | 0.00 | -10899.73 | -17050.52[00m
[91m587 | 0.23 | -8367.94 | 594.14 | -8504.59 | 0.00 | 0.00 | -8504.59 | -13919.34[00m
[91m500 | 0.15 | -4873.54 | 672.97 | -4974.49 | 0.00 | 0.00 | -4974.49 | -8494.02[00m
[91m594 | 0.14 | 451.68 | 706.92 | 352.71 | 0.00 | 0.00 | 352.71 | -2927.43[00m
[91m531 | 0.13 | 1215.90 | 792.41 | 1112.89 | -2067574.50 | -10337872.50 | -10067974.93 | -10339794.35[00m
[91m447 | 0.11 | 658.92 | -2066659.60 | 227991.48 | -3228310.83 | -16141554.16 | -15558448.49 | -16143550.26[00m
436 | 0.27 | -11217.75 | -5294841.51 | 1418389.46 | 465450.61 | 2327253.07 | 3619970.86 | 2309518.45
518 | 0.25 | -9925.94 | -4829351.34 | 1197411.90 | 487061.84 | 2435309.18 | 3510955.62 | 2419349.11
497 | 0.15 | -1618.70 | -4342174.87 | 649707.53 | 1792009.43 | 8960047.17 | 9340953.28 | 8954807.98
[91m462 | 0.08 | 17531.58 | -2550039.80 | 221534.77 | -88243.88 | -441219.41 | -212625.14 | -425618.76[00m
504 | 0.18 | -3448.06 | -2638165.20 | 471421.68 | 1009517.61 | 5047588.07 | 5337296.58 | 5039795.43
421 | 0.26 | -11229.75 | -1628569.27 | 412198.26 | 447732.91 | 2238664.53 | 2534452.24 | 2221159.29
533 | 0.24 | -8988.43 | -1180733.11 | 274387.52 | 516348.76 | 2581743.78 | 2732207.59 | 2566962.58
409 | 0.13 | 52571391.83 | -664255.12 | 52657745.00 | -47.82 | -239.10 | 52657512.12 | 52568014.98
505 | 0.09 | -184.93 | -664177.45 | 59591.04 | 9411088.99 | 47055444.96 | 46268037.99 | 47053087.74
[91m502 | 0.19 | -4444.56 | 8746984.96 | -1666371.70 | 0.00 | 0.00 | -1666371.70 | -9030.50[00m
[91m498 | 0.17 | -3666.87 | 8747055.38 | -1490666.28 | 0.00 | 0.00 | -1490666.28 | -7770.08[00m
[91m562 | 0.13 | -2592.95 | 8747200.32 | -1139728.99 | 0.00 | 0.00 | -1139728.99 | -5730.70[00m
[91m449 | 0.08 | 267.68 | 8747354.14 | -699520.65 | 0.00 | 0.00 | -699520.65 | -1663.24[00m
[91m605 | 0.28 | -9928.67 | 8747502.75 | -2459229.44 | 0.00 | 0.00 | -2459229.44 | -16686.90[00m
[91m575 | 0.19 | -6179.29 | 8747568.32 | -1668217.27 | 0.00 | 0.00 | -1668217.27 | -10765.23[00m
[91m574 | 0.21 | -9277.07 | 8747599.87 | -1846273.04 | 0.00 | 0.00 | -1846273.04 | -14345.74[00m
[91m424 | 0.22 | -10219.14 | 8747618.21 | -1934695.14 | 0.00 | 0.00 | -1934695.14 | -15529.17[00m
[91m515 | 0.06 | 18296.22 | 8747712.28 | -506566.52 | 0.00 | 0.00 | -506566.52 | 16848.03[00m
[91m585 | 0.29 | -13737.85 | 8747843.34 | -2550612.42 | 0.00 | 0.00 | -2550612.42 | -20737.44[00m
[91m422 | 0.12 | -1311.59 | 8747986.13 | -1051069.92 | 0.00 | 0.00 | -1051069.92 | -4207.97[00m
[91m523 | 0.20 | -5168.20 | 8748134.31 | -1754795.06 | 0.00 | 0.00 | -1754795.06 | -9995.50[00m
[91m549 | 0.11 | -2021.43 | 8748285.61 | -964332.85 | 0.00 | 0.00 | -964332.85 | -4676.45[00m
[91m559 | 0.17 | -3149.75 | 8748370.58 | -1490372.75 | 0.00 | 0.00 | -1490372.75 | -7252.96[00m
[91m591 | 0.28 | -10695.82 | 8748436.42 | -2460258.01 | 0.00 | 0.00 | -2460258.01 | -17454.04[00m
[91m572 | 0.17 | -1596.49 | 8748497.68 | -1488841.09 | 0.00 | 0.00 | -1488841.09 | -5699.70[00m
[91m444 | 0.12 | 625.24 | 8748560.47 | -1049202.02 | 0.00 | 0.00 | -1049202.02 | -2271.15[00m
407 | 0.30 | 3853601.15 | 8748664.64 | 1229001.75 | -1505.46 | -7527.32 | 1221926.08 | 3838832.87
[91m522 | 0.29 | -10331.93 | 8747218.08 | -2547025.17 | 0.00 | 0.00 | -2547025.17 | -17331.52[00m
[91m491 | 0.27 | -9292.28 | 8747392.34 | -2371088.21 | 0.00 | 0.00 | -2371088.21 | -15809.15[00m
[91m435 | 0.20 | -5103.41 | 8747418.79 | -1754587.17 | 0.00 | 0.00 | -1754587.17 | -9930.72[00m
[91m590 | 0.27 | -11398.12 | 8747447.05 | -2373208.82 | 0.00 | 0.00 | -2373208.82 | -17914.98[00m
[91m511 | 0.14 | 25382.26 | 8747598.70 | -1199281.55 | 0.00 | 0.00 | -1199281.55 | 22003.15[00m
[91m520 | 0.23 | -5844.21 | 8747725.83 | -2017821.15 | 0.00 | 0.00 | -2017821.15 | -11395.61[00m
[91m427 | 0.13 | -3830.07 | 8747805.67 | -1141044.81 | 0.00 | 0.00 | -1141044.81 | -6967.82[00m
[91m441 | 0.22 | -4988.42 | 8747892.98 | -1929524.88 | 0.00 | 0.00 | -1929524.88 | -10298.46[00m
[91m423 | 0.11 | 74.23 | 8747940.21 | -962199.20 | 0.00 | 0.00 | -962199.20 | -2580.79[00m
[91m581 | 0.15 | -3743.14 | 8748014.36 | -1315945.30 | 0.00 | 0.00 | -1315945.30 | -7363.62[00m
[91m432 | 0.06 | 3631.22 | 8748052.45 | -521251.92 | 0.00 | 0.00 | -521251.92 | 2183.03[00m
[91m542 | 0.08 | -191.08 | 8748096.22 | -700038.77 | 0.00 | 0.00 | -700038.77 | -2122.00[00m
[91m481 | 0.21 | -6112.18 | 8748151.40 | -1843223.98 | 0.00 | 0.00 | -1843223.98 | -11180.85[00m
[91m583 | 0.24 | -9804.18 | 8748235.91 | -2109380.80 | 0.00 | 0.00 | -2109380.80 | -15596.95[00m
[91m479 | 0.15 | -4295.14 | 8748281.06 | -1316537.30 | 0.00 | 0.00 | -1316537.30 | -7915.62[00m
[91m494 | 0.18 | -5369.52 | 8748296.84 | -1580062.95 | 0.00 | 0.00 | -1580062.95 | -9714.09[00m
[91m610 | 0.10 | -855.96 | 8748359.72 | -875691.93 | 0.00 | 0.00 | -875691.93 | -3269.61[00m
[91m596 | 0.22 | -7907.78 | 8748472.31 | -1932571.69 | 0.00 | 0.00 | -1932571.69 | -13217.81[00m
[91m602 | 0.28 | -13338.23 | 8748576.04 | -2462939.52 | 0.00 | 0.00 | -2462939.52 | -20096.46[00m
[91m471 | 0.10 | 3178.58 | 8748602.52 | -871681.67 | 0.00 | 0.00 | -871681.67 | 764.93[00m
[91m593 | 0.23 | -9835.42 | 8748688.81 | -2022033.85 | 0.00 | 0.00 | -2022033.85 | -15386.82[00m
[91m589 | 0.09 | 1213.12 | 8748726.97 | -786172.31 | 0.00 | 0.00 | -786172.31 | -959.17[00m
[91m567 | 0.27 | -9913.10 | 8748804.99 | -2372090.45 | 0.00 | 0.00 | -2372090.45 | -16429.97[00m
[91m495 | 0.15 | -3768.32 | 8748857.36 | -1316096.93 | 0.00 | 0.00 | -1316096.93 | -7388.80[00m
[91m546 | 0.11 | 478.60 | 8748969.23 | -961908.01 | 0.00 | 0.00 | -961908.01 | -2176.41[00m
[91m487 | 0.15 | -4247.00 | 8749016.23 | -1316599.43 | 0.00 | 0.00 | -1316599.43 | -7867.47[00m
[91m474 | 0.07 | 16899.79 | 8749050.71 | -595533.76 | 0.00 | 0.00 | -595533.76 | 15210.23[00m
[91m529 | 0.23 | -5484.87 | 8749177.08 | -2017795.60 | 0.00 | 0.00 | -2017795.60 | -11036.27[00m
[91m517 | 0.06 | 14928.94 | 8749274.04 | -510027.50 | 0.00 | 0.00 | -510027.50 | 13480.75[00m
[91m547 | 0.26 | -11044.99 | 8749335.33 | -2285872.18 | 0.00 | 0.00 | -2285872.18 | -17320.49[00m
[91m528 | 0.11 | 567.11 | 8749400.42 | -961866.93 | 0.00 | 0.00 | -961866.93 | -2087.91[00m
[91m450 | 0.20 | -5009.34 | 8749449.51 | -1754899.24 | 0.00 | 0.00 | -1754899.24 | -9836.64[00m
[91m508 | 0.30 | -13217.34 | 8749467.90 | -2638057.71 | 0.00 | 0.00 | -2638057.71 | -20458.30[00m
[91m558 | 0.05 | 13638.56 | 8749529.84 | -423837.93 | 0.00 | 0.00 | -423837.93 | 12431.74[00m
[91m507 | 0.19 | -6642.50 | 8749668.10 | -1669079.44 | 0.00 | 0.00 | -1669079.44 | -11228.44[00m
[91m440 | 0.22 | -5204.00 | 8749714.97 | -1930141.30 | 0.00 | 0.00 | -1930141.30 | -10514.04[00m
[91m535 | 0.11 | 1063.94 | 8749869.04 | -961421.66 | 0.00 | 0.00 | -961421.66 | -1591.08[00m
[91m476 | 0.09 | 974.37 | 8749968.01 | -786522.75 | 0.00 | 0.00 | -786522.75 | -1197.92[00m
[91m460 | 0.27 | -8625.44 | 8750021.03 | -2371131.12 | 0.00 | 0.00 | -2371131.12 | -15142.30[00m
[91m425 | 0.08 | 16896.83 | 8750175.75 | -683117.23 | 0.00 | 0.00 | -683117.23 | 14965.90[00m
[91m554 | 0.12 | -707.66 | 8750278.72 | -1050741.11 | 0.00 | 0.00 | -1050741.11 | -3604.05[00m
[91m564 | 0.18 | -5671.60 | 8750430.75 | -1580749.14 | 0.00 | 0.00 | -1580749.14 | -10016.18[00m
[91m410 | 0.09 | 1791.97 | 8750601.14 | -785762.13 | 0.00 | 0.00 | -785762.13 | -380.32[00m
[91m577 | 0.21 | -6845.30 | 8750749.97 | -1844502.79 | 0.00 | 0.00 | -1844502.79 | -11913.97[00m
[91m604 | 0.23 | -6978.61 | 8750792.85 | -2019660.96 | 0.00 | 0.00 | -2019660.96 | -12530.01[00m
[91m457 | 0.19 | -7444.50 | 8750865.38 | -1670108.92 | 0.00 | 0.00 | -1670108.92 | -12030.44[00m
[91m470 | 0.29 | -13775.79 | 8750955.29 | -2551552.83 | 0.00 | 0.00 | -2551552.83 | -20775.38[00m
[91m501 | 0.22 | -9733.01 | 8751012.00 | -1934955.65 | 0.00 | 0.00 | -1934955.65 | -15043.04[00m
408 | 0.29 | 6366663.60 | 8751131.06 | 3828835.59 | -880.85 | -4404.25 | 3824686.79 | 6355259.76
[91m411 | 0.12 | 1078.04 | 8750401.78 | -1048970.17 | 0.00 | 0.00 | -1048970.17 | -1818.34[00m
[91m503 | 0.26 | -9198.51 | 8750454.84 | -2284316.76 | 0.00 | 0.00 | -2284316.76 | -15474.00[00m
[91m452 | 0.22 | -9740.66 | 8750544.71 | -1934860.50 | 0.00 | 0.00 | -1934860.50 | -15050.70[00m
[91m603 | 0.28 | -10540.97 | 8750631.18 | -2460717.70 | 0.00 | 0.00 | -2460717.70 | -17299.20[00m
[91m534 | 0.11 | 20636.69 | 8750689.15 | -941939.12 | 0.00 | 0.00 | -941939.12 | 17981.67[00m
[91m475 | 0.21 | -5925.16 | 8750769.22 | -1843586.70 | 0.00 | 0.00 | -1843586.70 | -10993.83[00m
[91m414 | 0.07 | 2909.62 | 8750841.79 | -609649.31 | 0.00 | 0.00 | -609649.31 | 1220.06[00m
[91m466 | 0.14 | -2754.53 | 8750945.19 | -1227886.86 | 0.00 | 0.00 | -1227886.86 | -6133.65[00m
[91m430 | 0.13 | 1469.66 | 8751006.00 | -1136161.11 | 0.00 | 0.00 | -1136161.11 | -1668.08[00m
[91m571 | 0.27 | -9397.93 | 8751099.81 | -2372194.87 | 0.00 | 0.00 | -2372194.87 | -15914.79[00m
[91m536 | 0.15 | -3990.18 | 8751175.05 | -1316666.44 | 0.00 | 0.00 | -1316666.44 | -7610.66[00m
[91m551 | 0.11 | 1249.06 | 8751314.59 | -961395.54 | 0.00 | 0.00 | -961395.54 | -1405.95[00m
[91m419 | 0.06 | 14950.79 | 8751396.02 | -510132.97 | 0.00 | 0.00 | -510132.97 | 13502.60[00m
[91m568 | 0.21 | -7026.64 | 8751458.00 | -1844832.82 | 0.00 | 0.00 | -1844832.82 | -12095.31[00m
[91m573 | 0.26 | -10794.30 | 8751575.08 | -2286203.82 | 0.00 | 0.00 | -2286203.82 | -17069.80[00m
[91m601 | 0.30 | -13391.79 | 8751612.43 | -2638875.52 | 0.00 | 0.00 | -2638875.52 | -20632.75[00m
[91m512 | 0.15 | 51453.83 | 8751630.13 | -1261290.69 | 0.00 | 0.00 | -1261290.69 | 47833.35[00m
[91m473 | 0.22 | -9187.09 | 8751648.00 | -1934549.64 | 0.00 | 0.00 | -1934549.64 | -14497.12[00m
[91m468 | 0.22 | -7328.59 | 8751761.37 | -1932716.09 | 0.00 | 0.00 | -1932716.09 | -12638.62[00m
[91m526 | 0.12 | 21981.83 | 8751849.35 | -1028240.09 | 0.00 | 0.00 | -1028240.09 | 19085.45[00m
[91m506 | 0.11 | -1193.07 | 8751889.01 | -963900.86 | 0.00 | 0.00 | -963900.86 | -3848.08[00m
[91m406 | 0.13 | -17734480.98 | -17737618.73[00m
[91m412 | 0.22 | -9970.14 | -15280.18[00m
[91m413 | 0.12 | 2219.30 | -677.08[00m
[91m415 | 0.18 | -4036.22 | -8380.80[00m
[91m416 | 0.25 | -8982.28 | -15016.41[00m
[91m417 | 0.24 | -8296.63 | -14089.40[00m
[91m418 | 0.25 | -10650.79 | -16684.92[00m
[91m420 | 0.18 | -4980.79 | -9325.37[00m
[91m426 | 0.27 | -12560.74 | -19077.61[00m
[91m428 | 0.21 | -8679.19 | -13747.86[00m
429 | 0.13 | 46970.91 | 43833.16
[91m431 | 0.13 | -2940.52 | -6078.27[00m
[91m434 | 0.30 | -16446.15 | -23687.11[00m
[91m437 | 0.09 | -949.71 | -3122.00[00m
[91m438 | 0.29 | -14087.97 | -21087.56[00m
[91m439 | 0.29 | -11272.72 | -18272.31[00m
[91m442 | 0.16 | -5941.61 | -9803.46[00m
[91m443 | 0.16 | -4148.63 | -8010.47[00m
[91m445 | 0.23 | -8988.34 | -14539.74[00m
[91m446 | 0.30 | -11760.09 | -19001.05[00m
[91m448 | 0.15 | -3557.48 | -7177.96[00m
[91m451 | 0.18 | -3882.33 | -8226.90[00m
[91m453 | 0.16 | -893.70 | -4755.54[00m
[91m454 | 0.14 | -2271.86 | -5650.97[00m
[91m455 | 0.11 | -474.27 | -3129.29[00m
[91m456 | 0.17 | -4169.96 | -8273.17[00m
458 | 0.07 | 17373.29 | 15683.73
[91m459 | 0.10 | 1471.38 | -942.27[00m
[91m461 | 0.29 | -14833.91 | -21833.51[00m
[91m464 | 0.21 | -9398.67 | -14467.34[00m
[91m465 | 0.20 | -5119.58 | -9946.88[00m
[91m467 | 0.11 | 455.97 | -2199.05[00m
[91m469 | 0.11 | -2463.99 | -5119.01[00m
[91m472 | 0.17 | -3928.45 | -8031.66[00m
[91m477 | 0.21 | -8979.96 | -14048.63[00m
[91m478 | 0.20 | -4060.19 | -8887.49[00m
[91m480 | 0.27 | -14405.46 | -20922.33[00m
[91m482 | 0.14 | -1553.73 | -4932.84[00m
[91m483 | 0.19 | -6310.99 | -10896.93[00m
[91m484 | 0.28 | -11668.07 | -18426.30[00m
[91m485 | 0.30 | -15406.44 | -22647.40[00m
[91m486 | 0.05 | 1666.99 | 460.16[00m
[91m489 | 0.10 | -1495.15 | -3908.81[00m
[91m490 | 0.22 | -7367.03 | -12677.07[00m
[91m492 | 0.11 | -2285.99 | -4941.01[00m
[91m493 | 0.20 | -5612.54 | -10439.85[00m
[91m496 | 0.18 | -4539.64 | -8884.22[00m
499 | 0.08 | 3067.64 | 1136.71
[91m509 | 0.09 | -30.27 | -2202.56[00m
510 | 0.11 | 24732.04 | 22077.03
513 | 0.12 | 29291.02 | 26394.63
[91m514 | 0.23 | -8471.36 | -14022.76[00m
[91m516 | 0.25 | -11414.31 | -17448.44[00m
[91m519 | 0.13 | -658.35 | -3796.10[00m
[91m521 | 0.21 | -5912.46 | -10981.13[00m
[91m524 | 0.23 | -9054.52 | -14605.93[00m
525 | 0.10 | 21872.06 | 19458.41
[91m527 | 0.10 | -196.55 | -2610.20[00m
[91m530 | 0.16 | -3138.95 | -7000.80[00m
[91m532 | 0.16 | -4081.63 | -7943.48[00m
537 | 0.06 | 14752.72 | 13304.53
538 | 0.10 | 18948.21 | 16534.55
[91m539 | 0.22 | -5742.43 | -11052.46[00m
[91m540 | 0.12 | -1583.27 | -4479.65[00m
[91m541 | 0.09 | -17.02 | -2189.31[00m
543 | 0.05 | 13676.75 | 12469.92
[91m544 | 0.12 | -2418.95 | -5315.33[00m
[91m545 | 0.27 | -14176.87 | -20693.74[00m
548 | 0.06 | 14687.09 | 13238.90
550 | 0.10 | 3287.10 | 873.44
[91m552 | 0.08 | 1727.01 | -203.91[00m
553 | 0.06 | 16895.14 | 15446.95
[91m555 | 0.18 | -6084.30 | -10428.87[00m
[91m556 | 0.20 | -5901.69 | -10729.00[00m
[91m557 | 0.20 | -5776.10 | -10603.40[00m
[91m560 | 0.14 | -886.43 | -4265.55[00m
[91m561 | 0.15 | -4954.49 | -8574.97[00m
[91m563 | 0.12 | -2660.87 | -5557.26[00m
565 | 0.10 | 3145.54 | 731.89
[91m566 | 0.09 | 1595.20 | -577.08[00m
[91m569 | 0.18 | -6844.91 | -11189.49[00m
[91m570 | 0.24 | -7073.21 | -12865.97[00m
[91m576 | 0.10 | 33.25 | -2380.40[00m
[91m578 | 0.08 | 478.77 | -1452.16[00m
[91m579 | 0.12 | -1711.61 | -4607.99[00m
[91m580 | 0.23 | -5729.55 | -11280.95[00m
[91m582 | 0.23 | -10596.73 | -16148.13[00m
[91m584 | 0.23 | -9485.42 | -15036.82[00m
[91m586 | 0.14 | -1348.54 | -4727.65[00m
[91m588 | 0.23 | -7162.35 | -12713.76[00m
[91m592 | 0.21 | -8903.89 | -13972.56[00m
[91m595 | 0.27 | -9705.78 | -16222.65[00m
[91m597 | 0.25 | -11923.16 | -17957.29[00m
[91m599 | 0.21 | -6475.10 | -11543.77[00m
[91m600 | 0.25 | -12011.09 | -18045.22[00m
[91m606 | 0.30 | -11046.35 | -18287.31[00m
[91m607 | 0.20 | -8615.07 | -13442.37[00m
[91m608 | 0.24 | -9918.58 | -15711.35[00m
[91m609 | 0.19 | -8624.68 | -13210.62[00m
Vehicle 3
Charging tour: 
666  -> 761  -> 665  -> 693  -> 709  -> 776  -> 758  -> 787  -> 614  -> 771  -> 647  -> 747  -> 613  -> 646  -> 762  -> 649  -> 674  -> 664  -> 788  -> 746  -> 726  -> 619  -> 638  -> 667  -> 698  -> 749  -> 779  -> 670  -> 772  -> 623  -> 688  -> 722  -> 634  -> 677  -> 661  -> 792  -> 751  -> 696  -> 743  -> 656  -> 741  -> 705  -> 668  -> 727  -> 685  -> 631  -> 735  -> 691  -> 780  -> 655  -> 750  -> 651  -> 662  -> 756  -> 720  -> 629  -> 752  -> 732  -> 653  -> 736  -> 781  -> 612  -> 723  -> 738  -> 793  -> 757  -> 663  -> 745  -> 766  -> 714  -> 777  -> 616  -> 712  -> 660  -> 734  -> 639  -> 718  -> 767  -> 715  -> 628  -> 679  -> 790  -> 754  -> 700  -> 618  -> 635  -> 657  -> 744  -> 706  -> 728  -> 703  -> 627  -> 644  -> 675  -> 702  -> 648  -> 711  -> 659  -> 672  -> 
Charging time: 
0  + 0  + 0  + 0  + 0  + -1313234.1977198366  + -11093066.673450103  + -12340625.339167964  + -363.0536071529233  + -14595254.4474024  + -7.808812888133186  + 4012652.166854297  + 2012101.4694690078  + -12220929.30608186  + -314197862.54712975  + 2028227.189317611  + 2646882.2688978086  + -4902860.802982198  + 2114108.4989031046  + -3103816.371747216  + 2865756.0014998056  + 1947870.153952214  + 2406420.080702412  + -26572573.08583478  + 4106476.771407927  + 2289604.1623629346  + 3019187.3743719663  + 4479569.229441016  + 2057921.0089592482  + 1946664.1126160051  + -81286115.95233798  + 3621981.7717186697  + 1850251.5571326225  + -2767512.677984075  + -3589214.1494289385  + 1992095.6357928747  + 1005278795.8900319  + 0  + 0  + 0  + 0  + 0  + 0  + 0  + 0  + 0  + 0  + 0  + 0  + 0  + 0  + 0  + 0  + 0  + 0  + 0  + 0  + 0  + 0  + 0  + 0  + 0  + 0  + 0  + 0  + 0  + 0  + 0  + 0  + 0  + 0  + 0  + 0  + 0  + 0  + 0  + 0  + 0  + 0  + 0  + 0  + 0  + 0  + 0  + 0  + 0  + 0  + 0  + 0  + 0  + 0  + 0  + 0  + 0  + 0  + 0  + 0  + 0  + 0  + 
Traveling energy: 8018.907972790388
Charging energy: 2813465644.648721
Total energy used: 2813473663.556694
Charging round duration: 562701147.837717
ID | p | E0 | time_arrive | E_remain | time_charge | energy_charge| E_after_charge | E_after_cycle
[91m666 | 0.22 | -6332.28 | 73.57 | -6348.46 | 0.00 | 0.00 | -6348.46 | -11642.32[00m
[91m761 | 0.13 | -422.72 | 185.72 | -446.87 | 0.00 | 0.00 | -446.87 | -3560.47[00m
[91m665 | 0.10 | 16.23 | 295.69 | -13.33 | 0.00 | 0.00 | -13.33 | -2397.42[00m
[91m693 | 0.17 | -6031.45 | 413.32 | -6101.71 | 0.00 | 0.00 | -6101.71 | -10134.66[00m
[91m709 | 0.21 | -9083.16 | 430.10 | -9173.48 | 0.00 | 0.00 | -9173.48 | -14151.83[00m
[91m776 | 0.07 | 4682.25 | 502.85 | 4647.05 | -1313234.20 | -6566170.99 | -6469597.54 | -6563178.29[00m
[91m758 | 0.10 | 791.86 | -1312634.35 | 132055.29 | -11093066.67 | -55465333.37 | -54223971.41 | -55466955.16[00m
[91m787 | 0.10 | 711.81 | -12405630.58 | 1241274.86 | -12340625.34 | -61703126.70 | -59227789.30 | -61704828.54[00m
614 | 0.18 | 43551266.18 | -24746195.75 | 48005581.41 | -363.05 | -1815.27 | 48003831.49 | 43545106.33
[91m771 | 0.13 | 782.40 | -24746397.40 | 3217814.07 | -14595254.45 | -72976272.24 | -67861075.09 | -72978627.58[00m
647 | 0.29 | 3262210777.76 | -39341627.46 | 3273619849.72 | -7.81 | -39.04 | 3273619812.94 | 3262203739.12
747 | 0.22 | -4816.04 | -39341549.68 | 8650324.89 | 4012652.17 | 20063260.83 | 27830802.25 | 20053134.76
613 | 0.21 | -9167.87 | -35328848.82 | 7409890.38 | 2012101.47 | 10060507.35 | 17047856.42 | 10046270.81
[91m646 | 0.10 | 718.78 | -33316710.24 | 3332389.80 | -12220929.31 | -61104646.53 | -56550163.80 | -61106341.41[00m
[91m762 | 0.14 | 39.14 | -45537563.38 | 6375298.01 | -314197862.55 | -1570989312.74 | -1520626313.97 | -1570992652.71[00m
649 | 0.28 | -12126.64 | -359735334.57 | 100713767.04 | 2028227.19 | 10141135.95 | 110286999.37 | 10122251.08
674 | 0.17 | -5641.74 | -357706950.90 | 60804539.91 | 2646882.27 | 13234411.34 | 73588981.27 | 13224666.39
[91m664 | 0.11 | 1970.80 | -355059916.46 | 39058561.61 | -4902860.80 | -24514304.01 | 15083572.28 | -24514988.23[00m
788 | 0.22 | -9141.02 | -359962661.98 | 79182644.62 | 2114108.50 | 10570542.49 | 89288083.25 | 10556091.44
[91m746 | 0.08 | 2264.09 | -357848449.69 | 28630140.06 | -3103816.37 | -15519081.86 | 13359363.51 | -15518748.69[00m
726 | 0.23 | -7049.98 | -360952227.60 | 83011962.37 | 2865756.00 | 14328780.01 | 96681618.50 | 14316178.63
619 | 0.23 | -10372.10 | -358086412.91 | 82349502.86 | 1947870.15 | 9739350.77 | 91640843.50 | 9723427.26
638 | 0.27 | -9855.79 | -356138472.35 | 96147531.75 | 2406420.08 | 12032100.40 | 107529898.73 | 12015727.75
[91m667 | 0.14 | 462.80 | -353732023.24 | 49522946.05 | -26572573.09 | -132862865.43 | -79619759.14 | -132865781.74[00m
698 | 0.20 | -4278.19 | -380304501.10 | 76056622.03 | 4106476.77 | 20532383.86 | 95767710.54 | 20523278.37
749 | 0.22 | -8440.37 | -376197999.25 | 82755119.47 | 2289604.16 | 11448020.81 | 93699427.36 | 11434270.41
779 | 0.25 | -7273.59 | -373908250.94 | 93469789.14 | 3019187.37 | 15095936.87 | 107810929.17 | 15082629.15
670 | 0.19 | -3725.77 | -370888906.28 | 70465166.42 | 4479569.23 | 22397846.15 | 92011894.41 | 22389534.43
772 | 0.27 | -11524.82 | -366409254.52 | 98918973.90 | 2057921.01 | 10289605.04 | 108652940.27 | 10271563.36
623 | 0.24 | -10829.77 | -364351261.78 | 87433473.06 | 1946664.11 | 9733320.56 | 96699594.23 | 9716698.03
[91m688 | 0.13 | 140.48 | -362404507.04 | 47112726.40 | -81286115.95 | -406430579.76 | -348750658.29 | -406433577.03[00m
722 | 0.21 | -5092.98 | -443690576.82 | 93169928.15 | 3621981.77 | 18109908.86 | 110519220.84 | 18099747.21
634 | 0.23 | -10919.33 | -440068558.80 | 101204849.19 | 1850251.56 | 9251257.79 | 110030549.12 | 9234787.05
[91m677 | 0.10 | 3174.02 | -438218230.44 | 43824997.06 | -2767512.68 | -13837563.39 | 30264184.94 | -13836803.02[00m
[91m661 | 0.07 | 1713.16 | -440985613.48 | 30870706.10 | -3589214.15 | -17946070.75 | 13175880.35 | -17946047.15[00m
792 | 0.24 | -10582.79 | -444574671.59 | 106687338.39 | 1992095.64 | 9960478.18 | 116169713.62 | 9944102.62
751 | 0.11 | -9.61 | -442582547.59 | 48684070.62 | 1005278795.89 | 5026393979.45 | 4964497382.53 | 5026391314.82
[91m696 | 0.06 | 4681.78 | 562696381.36 | -33757101.10 | 0.00 | 0.00 | -33757101.10 | 3233.59[00m
[91m743 | 0.24 | -7770.14 | 562696473.04 | -135054923.67 | 0.00 | 0.00 | -135054923.67 | -13562.91[00m
[91m656 | 0.30 | -12967.63 | 562696504.30 | -168821918.92 | 0.00 | 0.00 | -168821918.92 | -20208.59[00m
[91m741 | 0.16 | -3105.56 | 562696623.21 | -90034565.27 | 0.00 | 0.00 | -90034565.27 | -6967.41[00m
[91m705 | 0.21 | -6682.72 | 562696643.38 | -118172977.83 | 0.00 | 0.00 | -118172977.83 | -11751.39[00m
[91m668 | 0.15 | -4043.26 | 562696649.29 | -84408540.65 | 0.00 | 0.00 | -84408540.65 | -7663.73[00m
[91m727 | 0.23 | -8383.42 | 562696753.75 | -129428636.79 | 0.00 | 0.00 | -129428636.79 | -13934.82[00m
[91m685 | 0.25 | -10083.86 | 562696848.09 | -140684295.88 | 0.00 | 0.00 | -140684295.88 | -16117.99[00m
[91m631 | 0.17 | -4353.88 | 562696888.66 | -95662824.95 | 0.00 | 0.00 | -95662824.95 | -8457.09[00m
[91m735 | 0.06 | 5454.23 | 562696949.45 | -33756362.74 | 0.00 | 0.00 | -33756362.74 | 4006.03[00m
[91m691 | 0.12 | 611.76 | 562696964.35 | -67523023.96 | 0.00 | 0.00 | -67523023.96 | -2284.62[00m
[91m780 | 0.25 | -10311.47 | 562697063.03 | -140684577.23 | 0.00 | 0.00 | -140684577.23 | -16345.61[00m
[91m655 | 0.10 | -891.57 | 562697106.10 | -56270602.18 | 0.00 | 0.00 | -56270602.18 | -3305.22[00m
[91m750 | 0.25 | -7704.93 | 562697157.99 | -140681994.43 | 0.00 | 0.00 | -140681994.43 | -13739.06[00m
[91m651 | 0.13 | 1608.36 | 562697190.99 | -73149026.47 | 0.00 | 0.00 | -73149026.47 | -1529.39[00m
[91m662 | 0.23 | -7682.32 | 562697290.70 | -129428059.19 | 0.00 | 0.00 | -129428059.19 | -13233.73[00m
[91m756 | 0.07 | 5871.65 | 562697359.84 | -39382943.54 | 0.00 | 0.00 | -39382943.54 | 4182.09[00m
[91m720 | 0.29 | -10141.96 | 562697376.88 | -163192381.25 | 0.00 | 0.00 | -163192381.25 | -17141.55[00m
[91m629 | 0.11 | 207.49 | 562697423.79 | -61896509.12 | 0.00 | 0.00 | -61896509.12 | -2447.52[00m
[91m752 | 0.06 | 3789.22 | 562697454.54 | -33758058.05 | 0.00 | 0.00 | -33758058.05 | 2341.03[00m
[91m732 | 0.19 | -5052.61 | 562697550.16 | -106917587.14 | 0.00 | 0.00 | -106917587.14 | -9638.55[00m
[91m653 | 0.25 | -11663.97 | 562697659.01 | -140686078.72 | 0.00 | 0.00 | -140686078.72 | -17698.10[00m
[91m736 | 0.05 | 5501.20 | 562697739.48 | -28129385.78 | 0.00 | 0.00 | -28129385.78 | 4294.37[00m
[91m781 | 0.13 | -3933.99 | 562697773.08 | -73154644.50 | 0.00 | 0.00 | -73154644.50 | -7071.74[00m
[91m612 | 0.18 | -4119.47 | 562697877.90 | -101289737.50 | 0.00 | 0.00 | -101289737.50 | -8464.05[00m
[91m723 | 0.16 | -5501.68 | 562698008.69 | -90037183.07 | 0.00 | 0.00 | -90037183.07 | -9363.52[00m
[91m738 | 0.08 | 233.38 | 562698131.01 | -45015617.10 | 0.00 | 0.00 | -45015617.10 | -1697.54[00m
[91m793 | 0.11 | -858.36 | 562698150.80 | -61897654.94 | 0.00 | 0.00 | -61897654.94 | -3513.38[00m
[91m757 | 0.23 | -7096.31 | 562698196.90 | -129427681.60 | 0.00 | 0.00 | -129427681.60 | -12647.71[00m
[91m663 | 0.11 | -1975.52 | 562698295.90 | -61898788.07 | 0.00 | 0.00 | -61898788.07 | -4630.54[00m
[91m745 | 0.15 | -4694.44 | 562698404.80 | -84409455.16 | 0.00 | 0.00 | -84409455.16 | -8314.92[00m
[91m766 | 0.12 | 546.10 | 562698466.84 | -67523269.92 | 0.00 | 0.00 | -67523269.92 | -2350.28[00m
[91m714 | 0.16 | -5734.23 | 562698577.51 | -90037506.63 | 0.00 | 0.00 | -90037506.63 | -9596.08[00m
[91m777 | 0.07 | 2991.34 | 562698634.83 | -39385913.10 | 0.00 | 0.00 | -39385913.10 | 1301.78[00m
[91m616 | 0.28 | -11784.07 | 562698760.32 | -157567436.97 | 0.00 | 0.00 | -157567436.97 | -18542.30[00m
[91m712 | 0.21 | -5538.86 | 562698906.04 | -118172309.13 | 0.00 | 0.00 | -118172309.13 | -10607.53[00m
[91m660 | 0.06 | 4602.84 | 562699040.17 | -33757339.57 | 0.00 | 0.00 | -33757339.57 | 3154.64[00m
[91m734 | 0.10 | 2080.46 | 562699141.39 | -56267833.68 | 0.00 | 0.00 | -56267833.68 | -333.20[00m
[91m639 | 0.10 | 2790.41 | 562699213.96 | -56267130.99 | 0.00 | 0.00 | -56267130.99 | 376.76[00m
[91m718 | 0.21 | -5851.18 | 562699318.81 | -118172708.14 | 0.00 | 0.00 | -118172708.14 | -10919.86[00m
[91m767 | 0.21 | -5830.01 | 562699338.71 | -118172691.13 | 0.00 | 0.00 | -118172691.13 | -10898.68[00m
[91m715 | 0.14 | -4251.21 | 562699400.27 | -78782167.25 | 0.00 | 0.00 | -78782167.25 | -7630.33[00m
[91m628 | 0.06 | 2245.42 | 562699451.38 | -33759721.66 | 0.00 | 0.00 | -33759721.66 | 797.23[00m
[91m679 | 0.16 | -5685.22 | 562699502.79 | -90037605.66 | 0.00 | 0.00 | -90037605.66 | -9547.06[00m
[91m790 | 0.19 | -3063.32 | 562699635.50 | -106915994.06 | 0.00 | 0.00 | -106915994.06 | -7649.26[00m
[91m754 | 0.09 | 1440.04 | 562699641.61 | -50641527.71 | 0.00 | 0.00 | -50641527.71 | -732.25[00m
[91m700 | 0.06 | 2070.05 | 562699809.51 | -33759918.52 | 0.00 | 0.00 | -33759918.52 | 621.85[00m
[91m618 | 0.13 | 869.86 | 562699820.20 | -73150106.77 | 0.00 | 0.00 | -73150106.77 | -2267.89[00m
[91m635 | 0.11 | -1773.74 | 562699951.54 | -61898768.41 | 0.00 | 0.00 | -61898768.41 | -4428.75[00m
[91m657 | 0.25 | -12353.00 | 562700044.60 | -140687364.15 | 0.00 | 0.00 | -140687364.15 | -18387.13[00m
[91m744 | 0.18 | -5038.25 | 562700106.20 | -101291057.37 | 0.00 | 0.00 | -101291057.37 | -9382.83[00m
[91m706 | 0.07 | 3872.39 | 562700249.33 | -39385145.07 | 0.00 | 0.00 | -39385145.07 | 2182.83[00m
[91m728 | 0.11 | 2025.42 | 562700287.30 | -61895006.18 | 0.00 | 0.00 | -61895006.18 | -629.60[00m
[91m703 | 0.05 | 3597.39 | 562700383.85 | -28131421.80 | 0.00 | 0.00 | -28131421.80 | 2390.56[00m
[91m627 | 0.29 | -13368.41 | 562700476.69 | -163196506.65 | 0.00 | 0.00 | -163196506.65 | -20368.00[00m
[91m644 | 0.24 | -9598.74 | 562700558.30 | -135057732.73 | 0.00 | 0.00 | -135057732.73 | -15391.50[00m
[91m675 | 0.19 | -2569.48 | 562700652.16 | -106915693.39 | 0.00 | 0.00 | -106915693.39 | -7155.42[00m
[91m702 | 0.20 | -6404.23 | 562700714.20 | -112546547.07 | 0.00 | 0.00 | -112546547.07 | -11231.54[00m
[91m648 | 0.24 | -7672.67 | 562700736.28 | -135055849.37 | 0.00 | 0.00 | -135055849.37 | -13465.43[00m
[91m711 | 0.07 | 1127.07 | 562700823.48 | -39387930.58 | 0.00 | 0.00 | -39387930.58 | -562.49[00m
[91m659 | 0.19 | -7369.42 | 562700931.17 | -106920546.34 | 0.00 | 0.00 | -106920546.34 | -11955.36[00m
[91m672 | 0.12 | 631.93 | 562701027.28 | -67523491.34 | 0.00 | 0.00 | -67523491.34 | -2264.45[00m
[91m611 | 0.21 | -6190.12 | -11258.79[00m
[91m615 | 0.22 | -8827.17 | -14137.20[00m
[91m617 | 0.26 | -7934.36 | -14209.85[00m
[91m620 | 0.08 | 1334.65 | -596.27[00m
[91m621 | 0.23 | -6204.50 | -11755.90[00m
[91m622 | 0.19 | -7278.63 | -11864.57[00m
[91m624 | 0.26 | -13224.37 | -19499.87[00m
[91m625 | 0.29 | -15795.12 | -22794.71[00m
626 | 0.06 | 3720.37 | 2272.17
[91m630 | 0.14 | -4288.43 | -7667.55[00m
[91m632 | 0.11 | 498.46 | -2156.56[00m
[91m633 | 0.14 | -1587.16 | -4966.27[00m
[91m636 | 0.06 | 999.28 | -448.91[00m
[91m637 | 0.14 | -1370.86 | -4749.98[00m
[91m640 | 0.26 | -10648.95 | -16924.45[00m
[91m641 | 0.21 | -9166.00 | -14234.67[00m
[91m642 | 0.15 | -730.14 | -4350.62[00m
[91m643 | 0.15 | -2513.20 | -6133.68[00m
[91m645 | 0.22 | -9287.43 | -14597.47[00m
[91m650 | 0.19 | -7753.18 | -12339.12[00m
[91m652 | 0.19 | -2985.62 | -7571.56[00m
[91m654 | 0.25 | -9669.06 | -15703.19[00m
[91m658 | 0.13 | -1496.74 | -4634.49[00m
[91m669 | 0.19 | -3663.51 | -8249.45[00m
[91m671 | 0.17 | -3855.32 | -7958.53[00m
[91m673 | 0.18 | -4087.17 | -8431.75[00m
[91m676 | 0.09 | 1352.37 | -819.92[00m
[91m678 | 0.18 | -5671.30 | -10015.88[00m
680 | 0.08 | 2987.83 | 1056.90
[91m681 | 0.20 | -7675.39 | -12502.69[00m
[91m682 | 0.14 | -3937.90 | -7317.01[00m
683 | 0.06 | 2121.21 | 673.02
[91m684 | 0.10 | 1131.59 | -1282.07[00m
[91m686 | 0.06 | 1222.78 | -225.41[00m
[91m687 | 0.11 | -8758339.97 | -8760994.99[00m
[91m689 | 0.19 | -5023.62 | -9609.56[00m
[91m690 | 0.09 | -494.08 | -2666.36[00m
[91m692 | 0.30 | -13680.15 | -20921.11[00m
[91m694 | 0.28 | -10098.64 | -16856.86[00m
[91m695 | 0.10 | -1653.87 | -4067.52[00m
697 | 0.09 | 4185.45 | 2013.17
[91m699 | 0.21 | -8350.73 | -13419.40[00m
[91m701 | 0.26 | -8179.15 | -14454.65[00m
[91m704 | 0.07 | 1197.81 | -491.75[00m
[91m707 | 0.10 | 1256.47 | -1157.18[00m
[91m708 | 0.25 | -10187.99 | -16222.12[00m
[91m710 | 0.30 | -13031.71 | -20272.67[00m
[91m713 | 0.28 | -12025.98 | -18784.21[00m
716 | 0.10 | 3612.88 | 1199.22
[91m717 | 0.28 | -12133.62 | -18891.85[00m
[91m719 | 0.11 | -921.85 | -3576.86[00m
[91m721 | 0.13 | -1396.11 | -4533.86[00m
[91m724 | 0.15 | -4545.92 | -8166.40[00m
[91m725 | 0.11 | -1448.95 | -4103.97[00m
[91m729 | 0.13 | -679.00 | -3816.75[00m
[91m730 | 0.21 | -7775.10 | -12843.77[00m
[91m731 | 0.29 | -11158.04 | -18157.64[00m
733 | 0.06 | 5143.13 | 3694.94
[91m737 | 0.16 | -2619.13 | -6480.97[00m
[91m739 | 0.14 | -3041.72 | -6420.83[00m
[91m740 | 0.16 | -885.63 | -4747.47[00m
[91m742 | 0.12 | 1643.26 | -1253.12[00m
748 | 0.07 | 2701.39 | 1011.83
[91m753 | 0.25 | -7089.64 | -13123.77[00m
[91m755 | 0.18 | -3217.64 | -7562.22[00m
[91m759 | 0.15 | -561.00 | -4181.48[00m
[91m760 | 0.17 | -3062.73 | -7165.94[00m
[91m763 | 0.24 | -9301.07 | -15093.84[00m
[91m764 | 0.25 | -8918.51 | -14952.64[00m
[91m765 | 0.11 | -2146.33 | -4801.35[00m
[91m768 | 0.08 | 283.85 | -1647.07[00m
[91m769 | 0.28 | -13670.41 | -20428.64[00m
[91m770 | 0.18 | -6595.11 | -10939.69[00m
[91m773 | 0.12 | 1700.76 | -1195.62[00m
[91m774 | 0.19 | -5819.94 | -10405.88[00m
[91m775 | 0.11 | -1132.45 | -3787.47[00m
[91m778 | 0.20 | -6501.40 | -11328.71[00m
[91m782 | 0.26 | -11544.97 | -17820.47[00m
[91m783 | 0.16 | -4386.37 | -8248.22[00m
[91m784 | 0.14 | -1172.36 | -4551.48[00m
[91m785 | 0.25 | -7690.13 | -13724.26[00m
[91m786 | 0.25 | -12392.21 | -18426.34[00m
[91m789 | 0.13 | 795.45 | -2342.30[00m
[91m791 | 0.18 | -5355.05 | -9699.63[00m
Vehicle 4
Charging tour: 
942  -> 865  -> 894  -> 837  -> 893  -> 978  -> 879  -> 948  -> 962  -> 937  -> 956  -> 883  -> 976  -> 915  -> 974  -> 981  -> 957  -> 887  -> 920  -> 856  -> 910  -> 953  -> 988  -> 955  -> 982  -> 828  -> 881  -> 968  -> 928  -> 916  -> 951  -> 829  -> 850  -> 841  -> 804  -> 922  -> 927  -> 992  -> 994  -> 872  -> 1000  -> 885  -> 819  -> 862  -> 845  -> 998  -> 977  -> 799  -> 798  -> 987  -> 839  -> 901  -> 809  -> 874  -> 805  -> 964  -> 932  -> 926  -> 889  -> 996  -> 800  -> 812  -> 833  -> 831  -> 985  -> 827  -> 984  -> 965  -> 844  -> 929  -> 903  -> 899  -> 848  -> 876  -> 923  -> 934  -> 803  -> 821  -> 954  -> 952  -> 921  -> 941  -> 861  -> 864  -> 818  -> 868  -> 950  -> 891  -> 963  -> 925  -> 880  -> 949  -> 857  -> 990  -> 830  -> 914  -> 
Charging time: 
0  + 9638342.435744535  + 0  + 0  + 0  + 0  + 0  + 0  + 0  + 0  + 0  + 0  + 0  + 0  + 0  + 0  + 0  + 0  + 0  + 0  + 0  + 0  + 0  + 0  + 0  + 0  + 0  + 0  + 0  + 0  + 0  + 0  + 0  + 0  + 0  + 0  + 0  + 0  + 0  + 0  + 0  + 0  + 0  + 0  + 0  + 0  + 0  + 0  + 38889.428536807514  + 0  + 0  + 0  + 0  + 0  + 0  + 0  + 0  + 0  + 0  + 0  + 35927.439118218055  + 0  + 15.563039009006665  + 0  + 0  + 0  + 0  + 0  + 0  + 0  + 0  + 0  + 0  + 0  + 0  + 0  + 370.3237945902098  + 0  + 0  + 0  + 0  + 0  + 0  + 0  + 0  + 0  + 0  + 0  + 0  + 0  + 0  + 0  + 0  + 0  + 0  + 0  + 
Traveling energy: 8529.944389695545
Charging energy: 48567725.951165795
Total energy used: 48576255.89555549
Charging round duration: 9722075.134622855
ID | p | E0 | time_arrive | E_remain | time_charge | energy_charge| E_after_charge | E_after_cycle
[91m942 | 0.19 | -6726.48 | 144.33 | -6753.91 | 0.00 | 0.00 | -6753.91 | -11312.42[00m
865 | 0.08 | 3215.01 | 254.99 | 3194.61 | 9638342.44 | 48191712.18 | 47423839.39 | 48192996.26
[91m894 | 0.18 | -3128.37 | 9638667.93 | -1738088.60 | 0.00 | 0.00 | -1738088.60 | -7472.95[00m
[91m837 | 0.15 | -2592.25 | 9638759.62 | -1448406.20 | 0.00 | 0.00 | -1448406.20 | -6212.73[00m
[91m893 | 0.18 | -5285.19 | 9638807.86 | -1740270.60 | 0.00 | 0.00 | -1740270.60 | -9629.77[00m
[91m978 | 0.26 | -10432.72 | 9638879.19 | -2516541.31 | 0.00 | 0.00 | -2516541.31 | -16708.22[00m
[91m879 | 0.16 | -2933.08 | 9638917.70 | -1545159.92 | 0.00 | 0.00 | -1545159.92 | -6794.93[00m
[91m948 | 0.28 | -11178.81 | 9639043.56 | -2710111.01 | 0.00 | 0.00 | -2710111.01 | -17937.04[00m
[91m962 | 0.15 | -230.01 | 9639074.43 | -1446091.18 | 0.00 | 0.00 | -1446091.18 | -3850.49[00m
[91m937 | 0.09 | 3682.82 | 9639153.27 | -863840.97 | 0.00 | 0.00 | -863840.97 | 1510.53[00m
[91m956 | 0.09 | 2331.94 | 9639234.51 | -865199.17 | 0.00 | 0.00 | -865199.17 | 159.65[00m
[91m883 | 0.26 | -8150.78 | 9639287.47 | -2514365.52 | 0.00 | 0.00 | -2514365.52 | -14426.28[00m
[91m976 | 0.15 | -3228.23 | 9639309.87 | -1449124.71 | 0.00 | 0.00 | -1449124.71 | -6848.71[00m
[91m915 | 0.27 | -13997.85 | 9639447.05 | -2616648.56 | 0.00 | 0.00 | -2616648.56 | -20514.72[00m
[91m974 | 0.08 | 4528.26 | 9639574.19 | -766637.67 | 0.00 | 0.00 | -766637.67 | 2597.34[00m
[91m981 | 0.11 | -2120.97 | 9639705.93 | -1062488.62 | 0.00 | 0.00 | -1062488.62 | -4775.98[00m
[91m957 | 0.05 | 7060.59 | 9639712.26 | -474925.02 | 0.00 | 0.00 | -474925.02 | 5853.76[00m
[91m887 | 0.25 | -11372.18 | 9639800.20 | -2421322.23 | 0.00 | 0.00 | -2421322.23 | -17406.32[00m
[91m920 | 0.07 | 5452.11 | 9639809.41 | -669334.54 | 0.00 | 0.00 | -669334.54 | 3762.56[00m
[91m856 | 0.27 | -8875.40 | 9639875.26 | -2611641.72 | 0.00 | 0.00 | -2611641.72 | -15392.26[00m
[91m910 | 0.18 | -2372.37 | 9640023.98 | -1737576.68 | 0.00 | 0.00 | -1737576.68 | -6716.94[00m
[91m953 | 0.08 | 2965.80 | 9640179.49 | -768248.56 | 0.00 | 0.00 | -768248.56 | 1034.87[00m
[91m988 | 0.19 | -4642.55 | 9640335.70 | -1836306.34 | 0.00 | 0.00 | -1836306.34 | -9228.49[00m
[91m955 | 0.17 | -5973.36 | 9640458.67 | -1644851.33 | 0.00 | 0.00 | -1644851.33 | -10076.57[00m
[91m982 | 0.23 | -7401.15 | 9640598.03 | -2224738.69 | 0.00 | 0.00 | -2224738.69 | -12952.55[00m
[91m828 | 0.09 | 230.06 | 9640747.69 | -867437.23 | 0.00 | 0.00 | -867437.23 | -1942.23[00m
[91m881 | 0.16 | -5764.33 | 9640879.29 | -1548305.02 | 0.00 | 0.00 | -1548305.02 | -9626.18[00m
[91m968 | 0.07 | 5472.57 | 9640924.09 | -669392.11 | 0.00 | 0.00 | -669392.11 | 3783.01[00m
[91m928 | 0.20 | -5711.42 | 9641022.98 | -1933916.01 | 0.00 | 0.00 | -1933916.01 | -10538.72[00m
[91m916 | 0.24 | -7774.41 | 9641142.30 | -2321648.56 | 0.00 | 0.00 | -2321648.56 | -13567.17[00m
[91m951 | 0.13 | 1371.39 | 9641256.32 | -1251991.93 | 0.00 | 0.00 | -1251991.93 | -1766.35[00m
[91m829 | 0.29 | -13268.10 | 9641315.75 | -2809249.67 | 0.00 | 0.00 | -2809249.67 | -20267.69[00m
[91m850 | 0.18 | -5424.20 | 9641395.35 | -1740875.37 | 0.00 | 0.00 | -1740875.37 | -9768.78[00m
[91m841 | 0.20 | -4573.31 | 9641554.94 | -1932884.29 | 0.00 | 0.00 | -1932884.29 | -9400.61[00m
[91m804 | 0.23 | -9197.86 | 9641596.64 | -2226765.09 | 0.00 | 0.00 | -2226765.09 | -14749.26[00m
[91m922 | 0.23 | -7805.56 | 9641691.34 | -2225394.57 | 0.00 | 0.00 | -2225394.57 | -13356.96[00m
[91m927 | 0.26 | -11562.07 | 9641798.08 | -2518429.57 | 0.00 | 0.00 | -2518429.57 | -17837.56[00m
[91m992 | 0.05 | 1591.85 | 9641856.89 | -480500.99 | 0.00 | 0.00 | -480500.99 | 385.03[00m
[91m994 | 0.12 | -709.59 | 9641972.88 | -1157746.34 | 0.00 | 0.00 | -1157746.34 | -3605.97[00m
[91m872 | 0.12 | 1346.21 | 9642043.76 | -1155699.04 | 0.00 | 0.00 | -1155699.04 | -1550.18[00m
[91m1000 | 0.23 | -10333.42 | 9642099.73 | -2228016.36 | 0.00 | 0.00 | -2228016.36 | -15884.82[00m
[91m885 | 0.18 | -5200.72 | 9642180.50 | -1740793.20 | 0.00 | 0.00 | -1740793.20 | -9545.29[00m
[91m819 | 0.13 | -3794.98 | 9642284.49 | -1257291.97 | 0.00 | 0.00 | -1257291.97 | -6932.73[00m
[91m862 | 0.18 | -6522.77 | 9642401.09 | -1742154.97 | 0.00 | 0.00 | -1742154.97 | -10867.35[00m
[91m845 | 0.18 | -3606.97 | 9642439.28 | -1739246.04 | 0.00 | 0.00 | -1739246.04 | -7951.55[00m
[91m998 | 0.08 | 1115.60 | 9642505.65 | -770284.85 | 0.00 | 0.00 | -770284.85 | -815.32[00m
[91m977 | 0.06 | 4776.53 | 9642594.07 | -573779.12 | 0.00 | 0.00 | -573779.12 | 3328.34[00m
[91m799 | 0.29 | 2046701.63 | 9642632.17 | -749661.70 | 0.00 | 0.00 | -749661.70 | 2039702.04[00m
798 | 0.30 | 2988022.91 | 9642756.59 | 95195.94 | 38889.43 | 194447.14 | 277976.25 | 3175229.10
[91m987 | 0.28 | -11711.16 | 9681672.47 | -2722579.45 | 0.00 | 0.00 | -2722579.45 | -18469.39[00m
[91m839 | 0.29 | -13305.78 | 9681755.80 | -2821014.96 | 0.00 | 0.00 | -2821014.96 | -20305.37[00m
[91m901 | 0.28 | -10642.78 | 9681873.42 | -2721567.34 | 0.00 | 0.00 | -2721567.34 | -17401.01[00m
[91m809 | 0.23 | -7980.80 | 9681889.85 | -2234815.46 | 0.00 | 0.00 | -2234815.46 | -13532.20[00m
[91m874 | 0.07 | 2434.98 | 9682022.98 | -675306.63 | 0.00 | 0.00 | -675306.63 | 745.42[00m
[91m805 | 0.24 | -7480.09 | 9682141.51 | -2331194.05 | 0.00 | 0.00 | -2331194.05 | -13272.85[00m
[91m964 | 0.20 | -4454.56 | 9682224.94 | -1940899.54 | 0.00 | 0.00 | -1940899.54 | -9281.86[00m
[91m932 | 0.20 | -5008.85 | 9682287.12 | -1941466.27 | 0.00 | 0.00 | -1941466.27 | -9836.15[00m
[91m926 | 0.13 | 136.53 | 9682392.57 | -1258574.50 | 0.00 | 0.00 | -1258574.50 | -3001.21[00m
[91m889 | 0.27 | -11410.43 | 9682402.86 | -2625659.21 | 0.00 | 0.00 | -2625659.21 | -17927.30[00m
[91m996 | 0.29 | -11486.98 | 9682494.07 | -2819410.26 | 0.00 | 0.00 | -2819410.26 | -18486.57[00m
800 | 0.25 | 2695305.37 | 9682598.11 | 274655.84 | 35927.44 | 179637.20 | 445311.18 | 2868908.43
[91m812 | 0.16 | -2258.79 | 9718655.05 | -1557243.60 | 0.00 | 0.00 | -1557243.60 | -6120.63[00m
833 | 0.27 | 6719912038.84 | 9718704.50 | 6717287988.62 | 15.56 | 77.82 | 6717288062.24 | 6719905599.79
[91m831 | 0.26 | -10716.38 | 9718753.98 | -2537592.42 | 0.00 | 0.00 | -2537592.42 | -16991.88[00m
[91m985 | 0.11 | 2813.73 | 9718823.61 | -1066256.86 | 0.00 | 0.00 | -1066256.86 | 158.71[00m
[91m827 | 0.19 | -8159.81 | 9718859.30 | -1854743.08 | 0.00 | 0.00 | -1854743.08 | -12745.75[00m
[91m984 | 0.26 | -8263.81 | 9718970.05 | -2535196.03 | 0.00 | 0.00 | -2535196.03 | -14539.31[00m
[91m965 | 0.23 | -6532.12 | 9718987.94 | -2241899.34 | 0.00 | 0.00 | -2241899.34 | -12083.52[00m
[91m844 | 0.21 | -8468.90 | 9719094.58 | -2049478.76 | 0.00 | 0.00 | -2049478.76 | -13537.57[00m
[91m929 | 0.19 | -6085.08 | 9719097.89 | -1852713.68 | 0.00 | 0.00 | -1852713.68 | -10671.02[00m
[91m903 | 0.28 | -10085.35 | 9719193.95 | -2731459.66 | 0.00 | 0.00 | -2731459.66 | -16843.58[00m
[91m899 | 0.18 | -4038.80 | 9719299.12 | -1753512.64 | 0.00 | 0.00 | -1753512.64 | -8383.37[00m
[91m848 | 0.26 | -8538.31 | 9719312.38 | -2535559.53 | 0.00 | 0.00 | -2535559.53 | -14813.81[00m
[91m876 | 0.25 | -7290.36 | 9719388.20 | -2437137.41 | 0.00 | 0.00 | -2437137.41 | -13324.49[00m
[91m923 | 0.14 | 158.29 | 9719432.06 | -1360562.20 | 0.00 | 0.00 | -1360562.20 | -3220.83[00m
[91m934 | 0.13 | -1261.02 | 9719551.52 | -1264802.72 | 0.00 | 0.00 | -1264802.72 | -4398.77[00m
803 | 0.15 | 156893109.83 | 9719574.95 | 155435173.58 | 370.32 | 1851.62 | 155436969.66 | 156891340.97
[91m821 | 0.07 | 1894.87 | 9720022.93 | -678506.73 | 0.00 | 0.00 | -678506.73 | 205.31[00m
[91m954 | 0.20 | -5034.36 | 9720055.27 | -1949045.41 | 0.00 | 0.00 | -1949045.41 | -9861.66[00m
[91m952 | 0.18 | -3549.98 | 9720184.67 | -1753183.22 | 0.00 | 0.00 | -1753183.22 | -7894.55[00m
[91m921 | 0.17 | -6696.17 | 9720325.39 | -1659151.48 | 0.00 | 0.00 | -1659151.48 | -10799.38[00m
[91m941 | 0.21 | -4189.79 | 9720447.50 | -2045483.77 | 0.00 | 0.00 | -2045483.77 | -9258.46[00m
[91m861 | 0.07 | 866.90 | 9720604.56 | -679575.42 | 0.00 | 0.00 | -679575.42 | -822.66[00m
[91m864 | 0.21 | -8157.46 | 9720684.91 | -2049501.29 | 0.00 | 0.00 | -2049501.29 | -13226.13[00m
[91m818 | 0.27 | -13614.97 | 9720771.63 | -2638223.31 | 0.00 | 0.00 | -2638223.31 | -20131.83[00m
[91m868 | 0.05 | 2613.73 | 9720828.44 | -483427.69 | 0.00 | 0.00 | -483427.69 | 1406.91[00m
[91m950 | 0.15 | -4703.72 | 9720979.85 | -1462850.70 | 0.00 | 0.00 | -1462850.70 | -8324.20[00m
[91m891 | 0.07 | 1674.31 | 9721085.85 | -678801.70 | 0.00 | 0.00 | -678801.70 | -15.25[00m
[91m963 | 0.08 | 3579.11 | 9721215.96 | -774118.16 | 0.00 | 0.00 | -774118.16 | 1648.19[00m
[91m925 | 0.25 | -10961.22 | 9721399.45 | -2441311.08 | 0.00 | 0.00 | -2441311.08 | -16995.35[00m
[91m880 | 0.26 | -8892.88 | 9721546.38 | -2536494.93 | 0.00 | 0.00 | -2536494.93 | -15168.37[00m
[91m949 | 0.28 | -13786.70 | 9721635.50 | -2735844.64 | 0.00 | 0.00 | -2735844.64 | -20544.92[00m
[91m857 | 0.20 | -4630.91 | 9721726.52 | -1948976.21 | 0.00 | 0.00 | -1948976.21 | -9458.21[00m
[91m990 | 0.15 | -5029.05 | 9721864.18 | -1463308.67 | 0.00 | 0.00 | -1463308.67 | -8649.53[00m
[91m830 | 0.06 | 939.27 | 9721942.24 | -582377.26 | 0.00 | 0.00 | -582377.26 | -508.92[00m
[91m914 | 0.10 | 3258.58 | 9722027.70 | -968944.19 | 0.00 | 0.00 | -968944.19 | 844.93[00m
[91m794 | 0.29 | -14714.22 | -21713.82[00m
[91m795 | 0.10 | -1590421.06 | -1592834.72[00m
[91m796 | 0.15 | -22510239.47 | -22513859.95[00m
[91m797 | 0.10 | -2552764.29 | -2555177.95[00m
[91m801 | 0.19 | -17815648.65 | -17820234.59[00m
[91m802 | 0.19 | -45025701.31 | -45030287.26[00m
[91m806 | 0.20 | -4287.92 | -9115.22[00m
807 | 0.07 | 3862.67 | 2173.11
[91m808 | 0.26 | -11823.48 | -18098.98[00m
[91m810 | 0.26 | -13491.95 | -19767.45[00m
[91m811 | 0.24 | -10711.34 | -16504.10[00m
[91m813 | 0.19 | -5694.23 | -10280.17[00m
[91m814 | 0.26 | -11412.18 | -17687.67[00m
[91m815 | 0.26 | -12319.52 | -18595.02[00m
[91m816 | 0.19 | -5415.83 | -10001.77[00m
[91m817 | 0.12 | -20.19 | -2916.57[00m
820 | 0.05 | 6591.21 | 5384.39
822 | 0.09 | 3405.03 | 1232.75
[91m823 | 0.12 | -2465.95 | -5362.34[00m
[91m824 | 0.13 | -3846.93 | -6984.67[00m
[91m825 | 0.12 | -42.17 | -2938.55[00m
[91m826 | 0.19 | -5353.49 | -9939.43[00m
832 | 0.09 | 3530.86 | 1358.57
[91m834 | 0.21 | -4332.06 | -9400.73[00m
[91m835 | 0.29 | -13051.86 | -20051.46[00m
[91m836 | 0.27 | -13367.81 | -19884.67[00m
[91m838 | 0.19 | -7393.86 | -11979.80[00m
[91m840 | 0.12 | 1199.93 | -1696.46[00m
[91m842 | 0.27 | -10744.27 | -17261.14[00m
[91m843 | 0.28 | -12676.59 | -19434.82[00m
[91m846 | 0.18 | -2258.93 | -6603.51[00m
[91m847 | 0.25 | -12086.47 | -18120.61[00m
[91m849 | 0.26 | -13459.63 | -19735.13[00m
[91m851 | 0.14 | -2236.18 | -5615.30[00m
[91m852 | 0.11 | 2768.96 | 113.94[00m
[91m853 | 0.17 | -4667.83 | -8771.04[00m
[91m854 | 0.29 | -15524.45 | -22524.05[00m
[91m855 | 0.20 | -6486.64 | -11313.94[00m
[91m858 | 0.13 | -3337.97 | -6475.72[00m
[91m859 | 0.08 | 479.09 | -1451.83[00m
[91m860 | 0.23 | -10726.68 | -16278.08[00m
[91m863 | 0.29 | -11223.72 | -18223.31[00m
[91m866 | 0.23 | -10201.66 | -15753.06[00m
[91m867 | 0.24 | -11390.40 | -17183.17[00m
[91m869 | 0.13 | 1162.81 | -1974.94[00m
[91m870 | 0.10 | -1099.00 | -3512.66[00m
[91m871 | 0.19 | -4988.63 | -9574.57[00m
[91m873 | 0.20 | -4674.29 | -9501.60[00m
[91m875 | 0.24 | -6808.18 | -12600.95[00m
[91m877 | 0.26 | -8610.48 | -14885.98[00m
[91m878 | 0.20 | -8103.31 | -12930.61[00m
[91m882 | 0.11 | -1781.60 | -4436.62[00m
[91m884 | 0.22 | -7851.03 | -13161.07[00m
[91m886 | 0.22 | -8118.87 | -13428.91[00m
888 | 0.06 | 4869.95 | 3421.76
890 | 0.07 | 4588.88 | 2899.32
[91m892 | 0.22 | -9194.09 | -14504.12[00m
[91m895 | 0.24 | -10541.89 | -16334.66[00m
[91m896 | 0.21 | -6641.94 | -11710.61[00m
[91m897 | 0.23 | -6704.18 | -12255.58[00m
[91m898 | 0.19 | -3278.13 | -7864.08[00m
[91m900 | 0.17 | -3928.58 | -8031.79[00m
[91m902 | 0.17 | -5376.07 | -9479.28[00m
[91m904 | 0.15 | -3367.24 | -6987.72[00m
[91m905 | 0.17 | -1646.59 | -5749.80[00m
906 | 0.08 | 4544.11 | 2613.19
[91m907 | 0.12 | -1887.51 | -4783.90[00m
[91m908 | 0.05 | -13623130.31 | -13624337.13[00m
[91m909 | 0.12 | -2446.54 | -5342.92[00m
[91m911 | 0.23 | -9297.75 | -14849.16[00m
[91m912 | 0.21 | -8159.47 | -13228.14[00m
[91m913 | 0.11 | 1427.70 | -1227.32[00m
[91m917 | 0.16 | -4870.44 | -8732.28[00m
[91m918 | 0.18 | -7340.59 | -11685.17[00m
[91m919 | 0.15 | -1688.06 | -5308.54[00m
[91m924 | 0.15 | -2287.62 | -5908.10[00m
[91m930 | 0.12 | -1614.65 | -4511.03[00m
[91m931 | 0.29 | -10825.08 | -17824.67[00m
[91m933 | 0.11 | 2164.46 | -490.55[00m
[91m935 | 0.15 | -91.78 | -3712.26[00m
936 | 0.08 | 2545.86 | 614.94
[91m938 | 0.25 | -9585.12 | -15619.25[00m
[91m939 | 0.28 | -11752.77 | -18510.99[00m
[91m940 | 0.15 | -1245.55 | -4866.03[00m
[91m943 | 0.26 | -12867.20 | -19142.70[00m
[91m944 | 0.21 | -7482.95 | -12551.62[00m
[91m945 | 0.09 | -909.01 | -3081.30[00m
[91m946 | 0.14 | -789.46 | -4168.57[00m
[91m947 | 0.10 | 2331.27 | -82.38[00m
[91m958 | 0.17 | -3059.96 | -7163.17[00m
[91m959 | 0.10 | 1596.73 | -816.92[00m
[91m960 | 0.15 | -2783.20 | -6403.68[00m
[91m961 | 0.14 | 707.99 | -2671.12[00m
[91m966 | 0.17 | -2980.79 | -7084.00[00m
[91m967 | 0.20 | -6710.82 | -11538.12[00m
[91m969 | 0.11 | 2232.98 | -422.04[00m
[91m970 | 0.24 | -8417.11 | -14209.88[00m
[91m971 | 0.28 | -10325.62 | -17083.85[00m
[91m972 | 0.10 | -1932.91 | -4346.57[00m
[91m973 | 0.11 | -370.35 | -3025.37[00m
[91m975 | 0.14 | 790.68 | -2588.43[00m
979 | 0.06 | 2299.23 | 851.04
[91m980 | 0.15 | -1673.27 | -5293.75[00m
[91m983 | 0.17 | -3832.92 | -7936.13[00m
[91m986 | 0.10 | -1201.22 | -3614.88[00m
[91m989 | 0.15 | -1645.72 | -5266.20[00m
991 | 0.06 | 2035.78 | 587.58
[91m993 | 0.27 | -12731.09 | -19247.96[00m
[91m995 | 0.17 | -1999.40 | -6102.61[00m
[91m997 | 0.19 | -7047.98 | -11633.92[00m
[91m999 | 0.15 | -3638.14 | -7258.62[00m
Network survivability: 8.7%
Average dead duration: 72460479.95359395
Traveling energy: 41169.02180322967
total calculate time: 32.80032801628113
