total sensor 765
condition 16.756796073412907
gen: 1
2000
gen: 2
2000
gen: 3
2000
gen: 4
2000
gen: 5
2000
gen: 6
2000
gen: 7
2000
gen: 8
2000
gen: 9
2000
gen: 10
2000
gen: 11
2000
gen: 12
2000
gen: 13
2000
gen: 14
2000
gen: 15
2000
gen: 16
2000
gen: 17
2000
gen: 18
2000
gen: 19
2000
gen: 20
2000
gen: 21
2000
gen: 22
2000
gen: 23
2000
gen: 24
2000
gen: 25
2000
gen: 26
2000
gen: 27
2000
gen: 28
2000
gen: 29
2000
gen: 30
2000
gen: 31
2000
gen: 32
2000
gen: 33
2000
gen: 34
2000
gen: 35
2000
gen: 36
2000
gen: 37
2000
gen: 38
2000
gen: 39
2000
gen: 40
2000
gen: 41
2000
gen: 42
2000
gen: 43
2000
gen: 44
2000
gen: 45
2000
gen: 46
2000
gen: 47
2000
gen: 48
2000
gen: 49
2000
gen: 50
2000
Number of charging vehicles: 20
Survey time: 23818.557198323313
Network clustering infor: 
Cluster 0:
[1, 2, 3, 4, 5, 6, 7, 8, 9, 10, 11, 12, 13, 14, 15, 16, 17, 18, 19, 20, 21, 22, 23, 24, 25, 26, 27, 28, 29, 30, 31, 32, 33, 34, 35, 36, 37, 38, 39, 40, 41, 42]
Cluster 1:
[43, 44, 45, 46, 47, 48, 49, 50, 51, 52, 53, 54, 55, 56, 57, 58, 59, 60, 61, 62, 63, 64, 65, 66, 67, 68, 69, 70, 71, 72, 73, 74, 75, 76, 77, 78, 79, 80, 81, 82, 83]
Cluster 2:
[84, 85, 86, 87, 88, 89, 90, 91, 92, 93, 94, 95, 96, 97, 98, 99, 100, 101, 102, 103, 104, 105, 106, 107, 108, 109, 110, 111, 112, 113, 114, 115, 116, 117, 118, 119, 120, 121]
Cluster 3:
[122, 123, 124, 125, 126, 127, 128, 129, 130, 131, 132, 133, 134, 135, 136, 137, 138, 139, 140, 141, 142, 143, 144, 145, 146, 147, 148, 149, 150, 151, 152, 153, 154, 155, 156, 157]
Cluster 4:
[158, 159, 160, 161, 162, 163, 164, 165, 166, 167, 168, 169, 170, 171, 172, 173, 174, 175, 176, 177, 178, 179, 180, 181, 182, 183, 184, 185, 186, 187, 188, 189]
Cluster 5:
[190, 191, 192, 193, 194, 195, 196, 197, 198, 199, 200, 201, 202, 203, 204, 205, 206, 207, 208, 209, 210, 211, 212, 213, 214, 215, 216, 217, 218, 219, 220, 221, 222, 223, 224, 225, 226, 227, 228, 229, 230, 231]
Cluster 6:
[232, 233, 234, 235, 236, 237, 238, 239, 240, 241, 242, 243, 244, 245, 246, 247, 248, 249, 250, 251, 252, 253, 254, 255, 256, 257, 258, 259, 260, 261, 262, 263, 264, 265, 266, 267, 268, 269, 270, 271, 272]
Cluster 7:
[273, 274, 275, 276, 277, 278, 279, 280, 281, 282, 283, 284, 285, 286, 287, 288, 289, 290, 291, 292, 293, 294, 295, 296, 297, 298, 299, 300, 301, 302, 303, 304, 305, 306, 307, 308, 309, 310, 311, 312]
Cluster 8:
[313, 314, 315, 316, 317, 318, 319, 320, 321, 322, 323, 324, 325, 326, 327, 328, 329, 330, 331, 332, 333, 334, 335, 336, 337, 338, 339, 340, 341, 342, 343, 344, 345, 346, 347, 348, 349, 350, 351]
Cluster 9:
[352, 353, 354, 355, 356, 357, 358, 359, 360, 361, 362, 363, 364, 365, 366, 367, 368, 369, 370, 371, 372, 373, 374, 375, 376, 377, 378, 379, 380, 381, 382, 383, 384, 385, 386, 387, 388, 389, 390, 391, 392]
Cluster 10:
[393, 394, 395, 396, 397, 398, 399, 400, 401, 402, 403, 404, 405, 406, 407, 408, 409, 410, 411, 412, 413, 414, 415, 416, 417, 418, 419, 420, 421, 422, 423, 424, 425, 426, 427, 428, 429, 430, 431]
Cluster 11:
[432, 433, 434, 435, 436, 437, 438, 439, 440, 441, 442, 443, 444, 445, 446, 447, 448, 449, 450, 451, 452, 453, 454, 455, 456, 457, 458, 459, 460, 461, 462, 463, 464, 465, 466, 467, 468, 469]
Cluster 12:
[470, 471, 472, 473, 474, 475, 476, 477, 478, 479, 480, 481, 482, 483, 484, 485, 486, 487, 488, 489, 490, 491, 492, 493, 494, 495, 496, 497, 498, 499, 500, 501, 502, 503, 504, 505, 506, 507, 508]
Cluster 13:
[509, 510, 511, 512, 513, 514, 515, 516, 517, 518, 519, 520, 521, 522, 523, 524, 525, 526, 527, 528, 529, 530, 531, 532, 533, 534, 535, 536, 537, 538, 539, 540]
Cluster 14:
[541, 542, 543, 544, 545, 546, 547, 548, 549, 550, 551, 552, 553, 554, 555, 556, 557, 558, 559, 560, 561, 562, 563, 564, 565, 566, 567, 568, 569, 570, 571, 572, 573, 574, 575, 576, 577, 578, 579, 580]
Cluster 15:
[581, 582, 583, 584, 585, 586, 587, 588, 589, 590, 591, 592, 593, 594, 595, 596, 597, 598, 599, 600, 601, 602, 603, 604, 605, 606, 607, 608, 609, 610, 611, 612, 613, 614, 615, 616, 617, 618, 619]
Cluster 16:
[620, 621, 622, 623, 624, 625, 626, 627, 628, 629, 630, 631, 632, 633, 634, 635, 636, 637, 638, 639, 640, 641, 642, 643, 644, 645, 646]
Cluster 17:
[647, 648, 649, 650, 651, 652, 653, 654, 655, 656, 657, 658, 659, 660, 661, 662, 663, 664, 665, 666, 667, 668, 669, 670, 671, 672, 673, 674, 675, 676, 677, 678, 679, 680, 681, 682, 683, 684]
Cluster 18:
[685, 686, 687, 688, 689, 690, 691, 692, 693, 694, 695, 696, 697, 698, 699, 700, 701, 702, 703, 704, 705, 706, 707, 708, 709, 710, 711, 712, 713, 714, 715, 716, 717, 718, 719, 720, 721, 722, 723, 724, 725, 726]
Cluster 19:
[727, 728, 729, 730, 731, 732, 733, 734, 735, 736, 737, 738, 739, 740, 741, 742, 743, 744, 745, 746, 747, 748, 749, 750, 751, 752, 753, 754, 755, 756, 757, 758, 759, 760, 761, 762, 763, 764, 765]
Vehicle 0
Charging tour: 
20  -> 13  -> 17  -> 34  -> 30  -> 11  -> 5  -> 37  -> 24  -> 29  -> 10  -> 14  -> 40  -> 15  -> 33  -> 28  -> 16  -> 35  -> 25  -> 4  -> 19  -> 3  -> 26  -> 2  -> 7  -> 38  -> 31  -> 1  -> 41  -> 21  -> 6  -> 42  -> 22  -> 9  -> 18  -> 39  -> 36  -> 27  -> 32  -> 8  -> 12  -> 23  -> 
Charging time: 
536.3512415076958  + 536.3512379428116  + 297.2611231444782  + 488.557638250357  + 679.7048373522034  + 488.55753189506896  + 488.55757795923887  + 678.6896422162519  + 392.9500942877485  + 584.1398338556934  + 297.29940588755113  + 392.94998983276133  + 488.5576452346197  + 345.10881604299186  + 488.5575053356679  + 584.1398117233517  + 345.1339729870049  + 584.1398340384569  + 345.12570254134795  + 488.5575521242812  + 679.7048381053072  + 631.9241171176623  + 392.95115877415327  + 679.7048014090384  + 727.4525689610737  + 679.7048380987071  + 536.3512522887175  + 249.12756880482203  + 536.3513287474842  + 679.704834514435  + 679.6698425308748  + 631.9241172239792  + 488.55763487741297  + 584.1398333925723  + 297.2965749580868  + 297.19110265481  + 631.9224493981775  + 345.1232447119711  + 392.95036403157366  + 392.95019046960607  + 440.75729781049176  + 679.702900341709  + 
total node:42/42
-------------------
Traveling energy: 2070.730733088759
Charging energy: 105929.26926691126
Total energy used: 108000.00000000001
-------------------
Total time for travel: 2070.730733088759
Total time for charging: 21185.85385338225
Charging round duration: 23256.58458647101
-------------------
ID | p | E0 | time_arrive | E_remain | time_charge | energy_charge| E_after_charge | E_after_cycle
20 | 0.11 | 6660.06 | 124.57 | 6646.36 | 536.35 | 2681.76 | 9269.12 | 6721.78
13 | 0.11 | 6660.06 | 738.74 | 6578.80 | 536.35 | 2681.76 | 9201.56 | 6721.78
17 | 0.06 | 6554.63 | 1346.56 | 6473.83 | 297.26 | 1486.31 | 7942.30 | 6611.82
34 | 0.10 | 6646.90 | 1668.13 | 6480.09 | 488.56 | 2442.79 | 8874.02 | 6707.83
30 | 0.14 | 6688.71 | 2172.85 | 6384.51 | 679.70 | 3398.52 | 9687.88 | 6752.64
11 | 0.10 | 6646.90 | 2873.37 | 6359.56 | 488.56 | 2442.79 | 8753.50 | 6707.83
5 | 0.10 | 6646.90 | 3421.71 | 6304.73 | 488.56 | 2442.79 | 8698.66 | 6707.83
37 | 0.14 | 6698.72 | 3948.43 | 6145.94 | 678.69 | 3393.45 | 9444.37 | 6757.57
24 | 0.08 | 6611.31 | 4725.68 | 6233.26 | 392.95 | 1964.75 | 8166.57 | 6670.58
29 | 0.12 | 6671.13 | 5190.64 | 6048.25 | 584.14 | 2920.70 | 8898.85 | 6733.60
10 | 0.06 | 6553.78 | 5777.10 | 6207.16 | 297.30 | 1486.50 | 7675.82 | 6611.17
14 | 0.08 | 6611.31 | 6114.24 | 6122.17 | 392.95 | 1964.75 | 8055.49 | 6670.58
40 | 0.10 | 6646.90 | 6530.44 | 5993.85 | 488.56 | 2442.79 | 8387.79 | 6707.83
15 | 0.07 | 6586.84 | 7035.26 | 6094.37 | 345.11 | 1725.54 | 7795.75 | 6645.08
33 | 0.10 | 6646.90 | 7411.37 | 5905.76 | 488.56 | 2442.79 | 8299.70 | 6707.83
28 | 0.12 | 6671.13 | 7964.54 | 5715.38 | 584.14 | 2920.70 | 8565.99 | 6733.60
16 | 0.07 | 6586.36 | 8587.86 | 5985.21 | 345.13 | 1725.67 | 7686.72 | 6644.73
35 | 0.12 | 6671.13 | 8994.57 | 5591.78 | 584.14 | 2920.70 | 8442.38 | 6733.60
25 | 0.07 | 6586.51 | 9663.32 | 5910.08 | 345.13 | 1725.63 | 7611.55 | 6644.84
4 | 0.10 | 6646.90 | 10053.24 | 5641.58 | 488.56 | 2442.79 | 8035.51 | 6707.83
19 | 0.14 | 6688.71 | 10560.00 | 5210.31 | 679.70 | 3398.52 | 8513.68 | 6752.64
3 | 0.13 | 6680.57 | 11251.65 | 5217.85 | 631.92 | 3159.62 | 8295.32 | 6743.77
26 | 0.08 | 6611.29 | 11923.31 | 5657.43 | 392.95 | 1964.76 | 7590.75 | 6670.56
2 | 0.14 | 6688.71 | 12359.96 | 4958.32 | 679.70 | 3398.52 | 8261.68 | 6752.64
7 | 0.15 | 6696.09 | 13136.53 | 4725.61 | 727.45 | 3637.26 | 8253.76 | 6760.57
38 | 0.14 | 6688.71 | 13906.31 | 4741.83 | 679.70 | 3398.52 | 8045.20 | 6752.64
31 | 0.11 | 6660.06 | 14640.12 | 5049.65 | 536.35 | 2681.76 | 7672.41 | 6721.78
1 | 0.05 | 6517.53 | 15185.72 | 5758.25 | 249.13 | 1245.64 | 6991.43 | 6572.24
41 | 0.11 | 6660.06 | 15453.91 | 4960.13 | 536.35 | 2681.76 | 7582.89 | 6721.78
21 | 0.14 | 6688.71 | 15999.84 | 4448.74 | 679.70 | 3398.52 | 7752.10 | 6752.64
6 | 0.14 | 6689.06 | 16719.62 | 4348.31 | 679.67 | 3398.35 | 7651.51 | 6752.81
42 | 0.13 | 6680.57 | 17410.86 | 4417.15 | 631.92 | 3159.62 | 7494.63 | 6743.77
22 | 0.10 | 6646.90 | 18106.31 | 4836.27 | 488.56 | 2442.79 | 7230.20 | 6707.83
9 | 0.12 | 6671.13 | 18642.90 | 4433.98 | 584.14 | 2920.70 | 7284.58 | 6733.60
18 | 0.06 | 6553.85 | 19261.11 | 5398.18 | 297.30 | 1486.48 | 6866.82 | 6611.22
39 | 0.06 | 6556.17 | 19604.17 | 5379.92 | 297.19 | 1485.96 | 6848.05 | 6613.01
36 | 0.13 | 6680.58 | 20007.37 | 4079.63 | 631.92 | 3159.61 | 7157.09 | 6743.78
27 | 0.07 | 6586.56 | 20672.04 | 5139.52 | 345.12 | 1725.62 | 6840.98 | 6644.88
32 | 0.08 | 6611.30 | 21099.36 | 4923.36 | 392.95 | 1964.75 | 6856.67 | 6670.57
8 | 0.08 | 6611.31 | 21518.17 | 4889.85 | 392.95 | 1964.75 | 6823.17 | 6670.57
12 | 0.09 | 6630.98 | 21945.00 | 4655.93 | 440.76 | 2203.79 | 6820.05 | 6691.10
23 | 0.14 | 6688.73 | 22398.52 | 3552.94 | 679.70 | 3398.51 | 6856.30 | 6752.65
Vehicle 1
Charging tour: 
63  -> 45  -> 55  -> 61  -> 56  -> 82  -> 72  -> 78  -> 70  -> 57  -> 83  -> 58  -> 76  -> 48  -> 54  -> 67  -> 62  -> 77  -> 73  -> 79  -> 68  -> 46  -> 66  -> 47  -> 81  -> 80  -> 53  -> 52  -> 51  -> 69  -> 49  -> 43  -> 50  -> 71  -> 65  -> 44  -> 74  -> 75  -> 60  -> 64  -> 59  -> 
Charging time: 
309.6141215629581  + 261.80183193320687  + 309.7498619062938  + 357.5891952247911  + 527.5472314308244  + 539.3374434447401  + 405.42858908061874  + 548.8052273581707  + 585.1695124973071  + 651.7102608175582  + 501.0207974633334  + 665.8253301610487  + 596.5892202098885  + 548.8051584621865  + 694.8197196395058  + 405.4335557435202  + 548.8051849249762  + 405.4266663770833  + 501.02091739985156  + 644.3761013163922  + 261.81258842963507  + 548.8052270081323  + 695.1083105158922  + 548.8051838812838  + 357.6039764687976  + 697.800913590386  + 596.5895538539655  + 645.5573004632506  + 501.0206394143075  + 788.1440807863966  + 662.9613448371506  + 557.5350108763779  + 357.61367925006203  + 501.02067845103636  + 357.61894625846253  + 357.62135853233366  + 644.3761005159779  + 453.23350981663583  + 357.6203480008583  + 646.5976572236217  + 405.43312190818  + 
total node:41/41
-------------------
Traveling energy: 2322.579596607473
Charging energy: 104758.77728518505
Total energy used: 107081.35688179251
-------------------
Total time for travel: 2322.579596607473
Total time for charging: 20951.75545703701
Charging round duration: 23274.33505364448
-------------------
ID | p | E0 | time_arrive | E_remain | time_charge | energy_charge| E_after_charge | E_after_cycle
63 | 0.06 | 8109.87 | 189.95 | 8098.47 | 309.61 | 1548.07 | 9627.96 | 8228.82
45 | 0.05 | 7992.46 | 506.20 | 7967.15 | 261.80 | 1309.01 | 9263.07 | 8110.54
55 | 0.06 | 8106.31 | 817.26 | 8057.28 | 309.75 | 1548.75 | 9587.44 | 8225.95
61 | 0.07 | 8192.13 | 1153.07 | 8111.42 | 357.59 | 1787.95 | 9874.33 | 8312.78
56 | 0.11 | 8387.99 | 1524.49 | 8220.29 | 527.55 | 2637.74 | 10800.00 | 8405.68
82 | 0.12 | 8417.62 | 2079.87 | 8168.03 | 539.34 | 2696.69 | 10800.00 | 8256.08
72 | 0.08 | 8257.70 | 2747.65 | 8037.88 | 405.43 | 2027.14 | 10032.59 | 8379.35
78 | 0.11 | 8387.99 | 3215.57 | 8034.27 | 548.81 | 2744.03 | 10717.93 | 8511.97
70 | 0.13 | 8442.81 | 3789.15 | 7950.22 | 585.17 | 2925.85 | 10800.00 | 8272.25
57 | 0.13 | 8202.47 | 4433.04 | 7626.17 | 651.71 | 3258.55 | 10800.00 | 8364.61
83 | 0.10 | 8352.71 | 5157.56 | 7836.96 | 501.02 | 2505.10 | 10291.96 | 8475.96
58 | 0.14 | 8366.29 | 5730.02 | 7564.09 | 665.83 | 3329.13 | 10800.00 | 8360.82
76 | 0.12 | 8417.62 | 6435.44 | 7645.36 | 596.59 | 2982.95 | 10556.72 | 8542.34
48 | 0.11 | 8387.99 | 7220.12 | 7593.77 | 548.81 | 2744.03 | 10277.43 | 8511.97
54 | 0.14 | 8432.17 | 7810.44 | 7338.71 | 694.82 | 3474.10 | 10715.53 | 8571.67
67 | 0.08 | 8257.59 | 8538.97 | 7574.48 | 405.43 | 2027.17 | 9569.21 | 8379.28
62 | 0.11 | 8387.99 | 9042.59 | 7393.30 | 548.81 | 2744.03 | 10076.96 | 8511.97
77 | 0.08 | 8257.73 | 9611.62 | 7488.81 | 405.43 | 2027.13 | 9483.50 | 8379.38
73 | 0.10 | 8352.71 | 10052.54 | 7347.46 | 501.02 | 2505.10 | 9802.46 | 8475.96
79 | 0.13 | 8442.81 | 10587.29 | 7066.47 | 644.38 | 3221.88 | 10204.58 | 8568.28
68 | 0.05 | 7992.13 | 11372.33 | 7423.52 | 261.81 | 1309.06 | 8719.49 | 8110.27
46 | 0.11 | 8387.99 | 11792.61 | 7090.80 | 548.81 | 2744.03 | 9774.46 | 8511.97
66 | 0.14 | 8428.67 | 12371.30 | 6696.68 | 695.11 | 3475.54 | 10074.91 | 8569.61
47 | 0.11 | 8387.99 | 13089.51 | 6948.14 | 548.81 | 2744.03 | 9631.80 | 8511.97
81 | 0.07 | 8191.79 | 13652.66 | 7236.11 | 357.60 | 1788.02 | 8999.09 | 8312.51
80 | 0.14 | 8396.14 | 14053.62 | 6428.63 | 697.80 | 3489.00 | 9819.95 | 8550.55
53 | 0.12 | 8417.61 | 14755.82 | 6646.91 | 596.59 | 2982.95 | 9558.27 | 8542.33
52 | 0.13 | 8427.37 | 15386.01 | 6427.18 | 645.56 | 3227.79 | 9571.05 | 8558.74
51 | 0.10 | 8352.71 | 16071.38 | 6745.58 | 501.02 | 2505.10 | 9200.58 | 8475.96
69 | 0.16 | 8495.67 | 16639.82 | 5833.30 | 788.14 | 3940.72 | 9647.92 | 8625.42
49 | 0.13 | 8206.13 | 17534.23 | 5926.68 | 662.96 | 3314.81 | 9155.30 | 8424.52
43 | 0.11 | 8256.65 | 18233.73 | 6250.94 | 557.54 | 2787.68 | 8977.28 | 8424.28
50 | 0.07 | 8191.57 | 18876.82 | 6870.19 | 357.61 | 1788.07 | 8633.23 | 8312.34
71 | 0.10 | 8352.71 | 19258.51 | 6426.86 | 501.02 | 2505.10 | 8881.86 | 8475.96
65 | 0.07 | 8191.45 | 19790.89 | 6806.09 | 357.62 | 1788.09 | 8569.15 | 8312.25
44 | 0.07 | 8191.39 | 20175.83 | 6779.09 | 357.62 | 1788.11 | 8542.16 | 8312.20
74 | 0.13 | 8442.81 | 20562.21 | 5769.73 | 644.38 | 3221.88 | 8907.84 | 8568.28
75 | 0.09 | 8310.05 | 21227.37 | 6399.59 | 453.23 | 2266.17 | 8624.97 | 8432.55
60 | 0.07 | 8191.42 | 21720.57 | 6670.98 | 357.62 | 1788.10 | 8434.05 | 8312.22
64 | 0.13 | 8413.81 | 22106.68 | 5539.94 | 646.60 | 3232.99 | 8688.87 | 8550.38
59 | 0.08 | 8257.60 | 22786.57 | 6434.68 | 405.43 | 2027.17 | 8429.41 | 8379.28
Vehicle 2
Charging tour: 
84  -> 104  -> 97  -> 94  -> 110  -> 92  -> 95  -> 85  -> 98  -> 115  -> 88  -> 91  -> 96  -> 93  -> 103  -> 112  -> 101  -> 108  -> 90  -> 89  -> 100  -> 102  -> 86  -> 99  -> 117  -> 106  -> 118  -> 109  -> 87  -> 119  -> 111  -> 121  -> 113  -> 116  -> 114  -> 120  -> 107  -> 105  -> 
Charging time: 
715.0126049284909  + 299.7001336361193  + 320.2404192644512  + 466.15536548608  + 229.96465641774515  + 472.0613387431461  + 365.79358909707247  + 739.1547226213545  + 483.55559266721616  + 258.32346718065384  + 741.4562125577418  + 305.610006191604  + 373.9342091760273  + 604.7848799815357  + 418.0435876359282  + 269.9118622272148  + 359.144701554888  + 305.87096492781563  + 879.0070394497853  + 603.8478757688515  + 353.6269863755776  + 298.9733095209944  + 775.1850815672344  + 549.0506394226405  + 466.5659251285213  + 300.3074223519614  + 320.881074184219  + 587.5067584300218  + 852.519596262302  + 306.43401831135884  + 317.059611621586  + 468.2594018977126  + 365.23422658937767  + 293.9954715502041  + 423.23773233194873  + 365.26842101675123  + 486.1179783574109  + 551.1071664260096  + 
total node:38/38
-------------------
Traveling energy: 2480.3892343908155
Charging energy: 86464.52025429776
Total energy used: 88944.90948868857
-------------------
Total time for travel: 2480.3892343908155
Total time for charging: 17292.904050859554
Charging round duration: 19773.29328525037
-------------------
ID | p | E0 | time_arrive | E_remain | time_charge | energy_charge| E_after_charge | E_after_cycle
84 | 0.15 | 7350.40 | 121.44 | 7332.19 | 715.01 | 3575.06 | 10800.00 | 7352.68
104 | 0.10 | 9417.79 | 863.18 | 9331.47 | 299.70 | 1498.50 | 10800.00 | 8534.43
97 | 0.09 | 9336.07 | 1205.00 | 9227.62 | 320.24 | 1601.20 | 10800.00 | 8793.60
94 | 0.12 | 8710.27 | 1542.60 | 8525.16 | 466.16 | 2330.78 | 10800.00 | 8182.82
110 | 0.07 | 9813.46 | 2102.62 | 9666.27 | 229.96 | 1149.82 | 10800.00 | 9295.98
92 | 0.11 | 8753.90 | 2384.34 | 8491.62 | 472.06 | 2360.31 | 10800.00 | 8494.16
95 | 0.09 | 9268.23 | 2936.37 | 9003.95 | 365.79 | 1828.97 | 10800.00 | 8953.52
85 | 0.14 | 7679.46 | 3369.69 | 7207.71 | 739.15 | 3695.77 | 10800.00 | 8040.64
98 | 0.12 | 8944.76 | 4204.30 | 8440.25 | 483.56 | 2417.78 | 10800.00 | 8504.32
115 | 0.10 | 10012.09 | 4778.70 | 9534.22 | 258.32 | 1291.62 | 10800.00 | 8921.85
88 | 0.14 | 7910.98 | 5103.26 | 7196.52 | 741.46 | 3707.28 | 10800.00 | 8283.66
91 | 0.06 | 9645.94 | 5927.60 | 9290.29 | 305.61 | 1528.05 | 10800.00 | 9744.88
96 | 0.08 | 9460.42 | 6252.19 | 8960.24 | 373.93 | 1869.67 | 10800.00 | 9424.61
93 | 0.12 | 8647.62 | 6658.05 | 7848.65 | 604.78 | 3023.92 | 10800.00 | 8813.31
103 | 0.10 | 9479.16 | 7275.72 | 8751.59 | 418.04 | 2090.22 | 10800.00 | 9187.52
112 | 0.08 | 10094.96 | 7786.52 | 9472.03 | 269.91 | 1349.56 | 10800.00 | 9539.03
101 | 0.08 | 9679.22 | 8077.59 | 9033.01 | 359.14 | 1795.72 | 10800.00 | 9569.45
108 | 0.07 | 9888.89 | 8526.25 | 9292.06 | 305.87 | 1529.35 | 10800.00 | 9750.95
90 | 0.15 | 7872.85 | 8906.88 | 6536.82 | 879.01 | 4395.04 | 10800.00 | 8695.10
89 | 0.10 | 8771.20 | 9837.49 | 7787.45 | 603.85 | 3019.24 | 10746.31 | 9408.58
100 | 0.07 | 9792.33 | 10510.21 | 9056.62 | 353.63 | 1768.13 | 10800.00 | 9893.17
102 | 0.06 | 9977.21 | 10902.35 | 9323.07 | 298.97 | 1494.87 | 10800.00 | 10042.97
86 | 0.12 | 8199.03 | 11208.91 | 6853.96 | 775.19 | 3875.93 | 10636.86 | 9216.73
99 | 0.10 | 9318.43 | 12087.76 | 8109.65 | 549.05 | 2745.25 | 10800.00 | 9681.82
117 | 0.12 | 10042.55 | 12661.57 | 8523.16 | 466.57 | 2332.83 | 10800.00 | 9517.15
106 | 0.06 | 10108.51 | 13200.40 | 9316.48 | 300.31 | 1501.54 | 10800.00 | 10180.93
118 | 0.08 | 10307.48 | 13577.64 | 9221.27 | 320.88 | 1604.41 | 10800.00 | 10006.40
109 | 0.12 | 9608.98 | 13966.77 | 7932.97 | 587.51 | 2937.53 | 10800.00 | 9688.29
87 | 0.13 | 8076.54 | 14584.42 | 6180.57 | 852.52 | 4262.60 | 10332.34 | 9242.73
119 | 0.06 | 10213.93 | 15461.96 | 9286.22 | 306.43 | 1532.17 | 10800.00 | 10316.99
111 | 0.06 | 10022.98 | 15845.44 | 9072.25 | 317.06 | 1585.30 | 10638.53 | 10179.17
121 | 0.11 | 10302.36 | 16292.23 | 8510.21 | 468.26 | 2341.30 | 10800.00 | 10023.61
113 | 0.07 | 10151.10 | 16789.68 | 8975.82 | 365.23 | 1826.17 | 10776.43 | 10309.97
116 | 0.06 | 10378.99 | 17188.73 | 9347.66 | 294.00 | 1469.98 | 10800.00 | 10419.85
114 | 0.08 | 10011.34 | 17511.65 | 8610.41 | 423.24 | 2116.19 | 10692.74 | 10222.04
120 | 0.07 | 10150.15 | 17963.23 | 8892.72 | 365.27 | 1826.34 | 10693.50 | 10309.19
107 | 0.09 | 9805.90 | 18437.00 | 8146.57 | 486.12 | 2430.59 | 10533.41 | 10092.82
105 | 0.10 | 9610.60 | 19028.69 | 7707.73 | 551.11 | 2755.54 | 10408.16 | 9984.28
Vehicle 3
Charging tour: 
130  -> 126  -> 129  -> 128  -> 147  -> 143  -> 122  -> 155  -> 131  -> 125  -> 127  -> 137  -> 124  -> 123  -> 141  -> 151  -> 132  -> 136  -> 140  -> 142  -> 135  -> 133  -> 134  -> 149  -> 148  -> 145  -> 153  -> 144  -> 138  -> 139  -> 156  -> 152  -> 146  -> 157  -> 150  -> 154  -> 
Charging time: 
449.3780674090227  + 287.9317556153079  + 308.150252800147  + 449.5527277384058  + 292.8812904130614  + 381.6453930595256  + 689.7703671877058  + 392.9273338016492  + 376.85025368168203  + 246.21702518154532  + 794.221257081257  + 340.15895288472683  + 246.09765888775573  + 539.9266556138865  + 521.5287147017009  + 409.3077304322097  + 516.7042153895318  + 618.3884498569964  + 879.0191024804008  + 801.082895761965  + 401.3003356670124  + 513.4576835587956  + 450.1661445824122  + 766.5504689787513  + 664.6848652143418  + 691.6655858591906  + 497.6768211646971  + 698.9503701626802  + 618.95395413114  + 553.7151222849163  + 738.8051549751423  + 735.0445078360665  + 659.6776720856819  + 690.1660456716068  + 646.439814322399  + 968.5214356837129  + 
total node:36/36
-------------------
Traveling energy: 2358.072083859396
Charging energy: 99187.58041078516
Total energy used: 101545.65249464456
-------------------
Total time for travel: 2358.072083859396
Total time for charging: 19837.51608215703
Charging round duration: 22195.588166016427
-------------------
ID | p | E0 | time_arrive | E_remain | time_charge | energy_charge| E_after_charge | E_after_cycle
130 | 0.11 | 8619.58 | 154.93 | 8602.54 | 449.38 | 2246.89 | 10800.00 | 8246.43
126 | 0.06 | 9418.80 | 686.36 | 9377.62 | 287.93 | 1439.66 | 10800.00 | 9429.34
129 | 0.07 | 9351.24 | 1005.99 | 9280.82 | 308.15 | 1540.75 | 10800.00 | 9224.69
128 | 0.10 | 8732.45 | 1352.54 | 8597.19 | 449.55 | 2247.76 | 10800.00 | 8598.35
147 | 0.06 | 9418.80 | 1820.01 | 9309.60 | 292.88 | 1464.41 | 10756.43 | 9454.09
143 | 0.13 | 9221.44 | 2154.23 | 8941.39 | 381.65 | 1908.23 | 10800.00 | 8033.25
122 | 0.13 | 7783.84 | 2638.64 | 7440.82 | 689.77 | 3448.85 | 10800.00 | 8136.28
155 | 0.11 | 9248.11 | 3359.28 | 8878.59 | 392.93 | 1964.64 | 10800.00 | 8592.70
131 | 0.08 | 9246.86 | 3762.05 | 8945.90 | 376.85 | 1884.25 | 10800.00 | 9225.63
125 | 0.05 | 9336.58 | 4160.48 | 9128.56 | 246.22 | 1231.09 | 10347.33 | 9376.74
127 | 0.15 | 7631.19 | 4554.41 | 6948.03 | 794.22 | 3971.11 | 10800.00 | 8029.51
137 | 0.07 | 9461.33 | 5470.10 | 9078.42 | 340.16 | 1700.79 | 10755.40 | 9494.82
124 | 0.05 | 9341.11 | 5856.73 | 9048.27 | 246.10 | 1230.49 | 10266.46 | 9380.67
123 | 0.10 | 8515.32 | 6190.39 | 7896.28 | 539.93 | 2699.63 | 10541.92 | 8833.10
141 | 0.10 | 8815.72 | 6816.72 | 8134.05 | 521.53 | 2607.64 | 10689.54 | 9041.51
151 | 0.09 | 9452.93 | 7362.60 | 8790.30 | 409.31 | 2046.54 | 10800.00 | 9355.80
132 | 0.10 | 8898.03 | 7785.09 | 8119.52 | 516.70 | 2583.52 | 10651.37 | 9099.70
136 | 0.12 | 8783.43 | 8343.09 | 7782.26 | 618.39 | 3091.94 | 10800.00 | 9017.15
140 | 0.18 | 8185.05 | 9010.70 | 6563.13 | 879.02 | 4395.10 | 10800.00 | 8292.81
142 | 0.17 | 8628.17 | 9984.71 | 6930.77 | 801.08 | 4005.41 | 10800.00 | 8584.43
135 | 0.08 | 9165.50 | 10894.50 | 8293.94 | 401.30 | 2006.50 | 10268.34 | 9266.52
133 | 0.10 | 8954.29 | 11434.12 | 7810.88 | 513.46 | 2567.29 | 10326.82 | 9139.72
134 | 0.09 | 9191.91 | 12112.49 | 8101.78 | 450.17 | 2250.83 | 10312.10 | 9299.07
149 | 0.18 | 9381.78 | 12647.52 | 7105.23 | 766.55 | 3832.75 | 10800.00 | 8927.19
148 | 0.14 | 9455.47 | 13470.26 | 7569.63 | 664.68 | 3323.42 | 10800.00 | 9444.29
145 | 0.14 | 9306.10 | 14176.68 | 7321.37 | 691.67 | 3458.33 | 10682.86 | 9429.83
153 | 0.10 | 9238.22 | 14895.81 | 7748.64 | 497.68 | 2488.38 | 10187.26 | 9344.75
144 | 0.14 | 9209.11 | 15419.80 | 7050.34 | 698.95 | 3494.75 | 10447.24 | 9369.26
138 | 0.12 | 8913.72 | 16151.33 | 6975.56 | 618.95 | 3094.77 | 9996.05 | 9150.26
139 | 0.11 | 9133.60 | 16792.55 | 7286.42 | 553.72 | 2768.58 | 9994.09 | 9282.14
156 | 0.15 | 9334.63 | 17393.50 | 6725.61 | 738.81 | 3694.03 | 10308.81 | 9455.87
152 | 0.14 | 8756.90 | 18200.18 | 6208.87 | 735.04 | 3675.22 | 9781.19 | 9097.52
146 | 0.13 | 9060.40 | 18956.19 | 6596.10 | 659.68 | 3298.39 | 9808.73 | 9262.38
157 | 0.14 | 9326.32 | 19676.72 | 6571.58 | 690.17 | 3450.83 | 9925.79 | 9442.55
150 | 0.13 | 9245.94 | 20416.31 | 6591.82 | 646.44 | 3232.20 | 9739.98 | 9381.73
154 | 0.20 | 9494.16 | 21112.31 | 5271.70 | 968.52 | 4842.61 | 9920.60 | 9573.06
Vehicle 4
Charging tour: 
166  -> 188  -> 161  -> 160  -> 159  -> 165  -> 164  -> 182  -> 158  -> 170  -> 163  -> 171  -> 183  -> 176  -> 169  -> 179  -> 173  -> 162  -> 167  -> 178  -> 177  -> 172  -> 168  -> 174  -> 185  -> 189  -> 187  -> 175  -> 180  -> 186  -> 181  -> 184  -> 
Charging time: 
404.426634108582  + 186.51638761002062  + 211.6846127644102  + 1033.4517845365533  + 1135.9857383838184  + 266.74704535346785  + 512.7540159094056  + 221.68603816411786  + 1314.7198920506717  + 346.7604003825439  + 584.264346636505  + 355.2708519200519  + 334.18557107269163  + 299.13260997350795  + 736.545850725962  + 537.5527205458467  + 632.0494332346652  + 253.2168588572807  + 1021.6230967319094  + 285.86892567461916  + 440.1016376634655  + 655.0873906687339  + 1036.6035890919547  + 521.9459380697517  + 504.2778390711321  + 510.0025520102569  + 694.808396045717  + 296.3078994477342  + 506.3827540083981  + 517.0006282860332  + 292.68398829714846  + 662.6737706300122  + 
total node:32/32
-------------------
Traveling energy: 1673.539058879646
Charging energy: 86561.59598963482
Total energy used: 88235.13504851446
-------------------
Total time for travel: 1673.539058879646
Total time for charging: 17312.319197926965
Charging round duration: 18985.858256806612
-------------------
ID | p | E0 | time_arrive | E_remain | time_charge | energy_charge| E_after_charge | E_after_cycle
166 | 0.11 | 8834.27 | 108.32 | 8822.35 | 404.43 | 2022.13 | 10800.00 | 8236.36
188 | 0.07 | 9921.96 | 592.72 | 9880.47 | 186.52 | 932.58 | 10800.00 | 9187.25
161 | 0.05 | 9791.90 | 794.83 | 9752.16 | 211.68 | 1058.42 | 10800.00 | 9659.40
160 | 0.23 | 6111.96 | 1050.12 | 5870.43 | 1033.45 | 5167.26 | 10800.00 | 5800.95
159 | 0.23 | 5877.84 | 2158.66 | 5381.35 | 1135.99 | 5679.93 | 10800.00 | 6079.50
165 | 0.06 | 9688.14 | 3431.12 | 9482.27 | 266.75 | 1333.74 | 10800.00 | 9592.76
164 | 0.11 | 8715.98 | 3848.65 | 8292.63 | 512.75 | 2563.77 | 10800.00 | 8659.71
182 | 0.06 | 9971.65 | 4446.28 | 9704.87 | 221.69 | 1108.43 | 10800.00 | 9650.96
158 | 0.23 | 5610.17 | 4701.65 | 4528.79 | 1314.72 | 6573.60 | 10800.00 | 6705.50
170 | 0.08 | 9578.53 | 6057.33 | 9093.94 | 346.76 | 1733.80 | 10800.00 | 9406.84
163 | 0.11 | 8653.74 | 6461.78 | 7942.95 | 584.26 | 2921.32 | 10800.00 | 8955.02
171 | 0.08 | 9616.74 | 7058.44 | 9052.07 | 355.27 | 1776.35 | 10800.00 | 9487.61
183 | 0.10 | 9906.58 | 7440.91 | 9162.49 | 334.19 | 1670.93 | 10800.00 | 9195.65
176 | 0.06 | 9790.34 | 7800.90 | 9322.28 | 299.13 | 1495.66 | 10800.00 | 9856.89
169 | 0.15 | 8444.29 | 8110.25 | 7227.75 | 736.55 | 3682.73 | 10800.00 | 8554.24
179 | 0.12 | 9251.32 | 8954.81 | 8176.74 | 537.55 | 2687.76 | 10800.00 | 9080.86
173 | 0.13 | 8961.92 | 9538.49 | 7721.92 | 632.05 | 3160.25 | 10800.00 | 9025.76
162 | 0.05 | 9787.94 | 10205.38 | 9277.67 | 253.22 | 1266.08 | 10531.10 | 9863.10
167 | 0.18 | 7764.77 | 10494.38 | 5875.78 | 1021.62 | 5108.12 | 10800.00 | 8585.54
178 | 0.06 | 10082.79 | 11583.05 | 9387.81 | 285.87 | 1429.34 | 10800.00 | 10083.02
177 | 0.09 | 9713.79 | 11940.97 | 8639.10 | 440.10 | 2200.51 | 10800.00 | 9770.63
172 | 0.12 | 9080.21 | 12401.30 | 7592.06 | 655.09 | 3275.44 | 10788.88 | 9497.42
168 | 0.17 | 8015.39 | 13071.66 | 5793.20 | 1036.60 | 5183.02 | 10800.00 | 9149.25
174 | 0.10 | 9497.04 | 14175.95 | 8079.45 | 521.95 | 2609.73 | 10636.98 | 9724.92
185 | 0.11 | 9953.47 | 14721.75 | 8334.08 | 504.28 | 2521.39 | 10800.00 | 9854.82
189 | 0.11 | 9984.28 | 15256.34 | 8306.09 | 510.00 | 2550.01 | 10800.00 | 9914.26
187 | 0.14 | 9636.59 | 15809.71 | 7423.23 | 694.81 | 3474.04 | 10800.00 | 9776.03
175 | 0.06 | 10037.42 | 16518.42 | 9046.31 | 296.31 | 1481.54 | 10510.07 | 10089.84
180 | 0.10 | 9788.93 | 16855.96 | 8103.33 | 506.38 | 2531.91 | 10584.61 | 9938.98
186 | 0.10 | 9587.89 | 17418.92 | 7845.99 | 517.00 | 2585.00 | 10379.30 | 9791.03
181 | 0.06 | 10161.70 | 17945.10 | 9084.99 | 292.68 | 1463.42 | 10530.85 | 10196.00
184 | 0.13 | 9724.28 | 18241.48 | 7352.89 | 662.67 | 3313.37 | 10580.11 | 9941.24
Vehicle 5
Charging tour: 
216  -> 190  -> 200  -> 225  -> 199  -> 213  -> 196  -> 203  -> 226  -> 197  -> 192  -> 191  -> 222  -> 208  -> 202  -> 227  -> 217  -> 215  -> 198  -> 212  -> 214  -> 223  -> 228  -> 224  -> 207  -> 229  -> 211  -> 218  -> 205  -> 204  -> 193  -> 231  -> 194  -> 206  -> 195  -> 219  -> 201  -> 220  -> 221  -> 210  -> 230  -> 209  -> 
Charging time: 
409.3049278767493  + 588.1415464011761  + 317.39512011706273  + 365.281992531528  + 428.41940182788113  + 438.1764659962208  + 413.0109416494252  + 465.4993843011993  + 469.7559536463765  + 460.5327742593407  + 851.8949662403625  + 268.6011570479892  + 523.9775127516459  + 460.53065710877456  + 269.23905990247545  + 365.3299235990271  + 413.0074536590033  + 580.445072496502  + 513.8001113496605  + 509.385792437241  + 559.8057827264372  + 317.2704112991678  + 317.3417435788093  + 690.8972910696885  + 412.9999346652879  + 744.7350833155929  + 602.5905319702015  + 649.8475095391843  + 365.280167394083  + 567.0902372278761  + 317.33310950273943  + 762.4441639312383  + 365.3337469599602  + 365.3360389470368  + 460.53431350327196  + 317.40158710702735  + 566.891107766622  + 269.21472603969806  + 746.5062125714198  + 711.1243648004589  + 697.0833293614419  + 413.01049895001324  + 
total node:42/42
-------------------
Traveling energy: 2590.310134177621
Charging energy: 101659.01053713451
Total energy used: 104249.32067131213
-------------------
Total time for travel: 2590.310134177621
Total time for charging: 20331.8021074269
Charging round duration: 22922.112241604522
-------------------
ID | p | E0 | time_arrive | E_remain | time_charge | energy_charge| E_after_charge | E_after_cycle
216 | 0.08 | 8801.21 | 187.33 | 8786.22 | 409.30 | 2046.52 | 10800.00 | 8942.25
190 | 0.12 | 8007.34 | 645.60 | 7929.87 | 588.14 | 2940.71 | 10800.00 | 8089.82
200 | 0.06 | 8589.42 | 1268.38 | 8513.32 | 317.40 | 1586.98 | 10081.25 | 8747.28
225 | 0.07 | 8707.28 | 1620.67 | 8593.84 | 365.28 | 1826.41 | 10394.68 | 8866.39
199 | 0.10 | 8902.03 | 2012.82 | 8700.74 | 428.42 | 2142.10 | 10800.00 | 8662.27
213 | 0.09 | 8879.65 | 2567.72 | 8648.55 | 438.18 | 2190.88 | 10800.00 | 8926.86
196 | 0.08 | 8801.19 | 3099.31 | 8553.24 | 413.01 | 2065.05 | 10585.26 | 8960.76
203 | 0.11 | 8911.96 | 3529.55 | 8523.71 | 465.50 | 2327.50 | 10800.00 | 8619.41
226 | 0.16 | 9178.55 | 4076.08 | 8526.38 | 469.76 | 2348.78 | 10800.00 | 7716.36
197 | 0.09 | 8879.63 | 4634.67 | 8462.51 | 460.53 | 2302.66 | 10723.72 | 9038.62
192 | 0.15 | 7441.53 | 5154.83 | 6668.31 | 851.89 | 4259.47 | 10800.00 | 8128.22
191 | 0.05 | 8458.14 | 6125.17 | 8151.88 | 268.60 | 1343.01 | 9481.46 | 8610.22
222 | 0.11 | 8951.70 | 6490.49 | 8237.75 | 523.98 | 2619.89 | 10800.00 | 8951.55
208 | 0.09 | 8879.67 | 7052.69 | 8244.93 | 460.53 | 2302.65 | 10506.13 | 9038.65
202 | 0.05 | 8438.10 | 7594.62 | 8058.37 | 269.24 | 1346.20 | 9391.11 | 8593.37
227 | 0.07 | 8706.14 | 7910.02 | 8152.44 | 365.33 | 1826.65 | 9953.52 | 8865.49
217 | 0.08 | 8801.26 | 8366.45 | 8131.95 | 413.01 | 2065.04 | 10163.94 | 8960.81
215 | 0.12 | 9023.79 | 8802.99 | 7967.43 | 580.45 | 2902.23 | 10800.00 | 9067.78
198 | 0.10 | 8843.39 | 9427.05 | 7900.68 | 513.80 | 2569.00 | 10418.30 | 9030.53
212 | 0.10 | 8920.02 | 10000.20 | 7920.00 | 509.39 | 2546.93 | 10415.99 | 9085.10
214 | 0.11 | 8928.29 | 10532.82 | 7769.68 | 559.81 | 2799.03 | 10507.13 | 9107.28
223 | 0.06 | 8592.80 | 11127.26 | 7925.16 | 317.27 | 1586.35 | 9492.48 | 8750.04
228 | 0.06 | 8590.87 | 11457.38 | 7903.42 | 317.34 | 1586.71 | 9471.09 | 8748.46
224 | 0.14 | 9096.65 | 11817.24 | 7442.24 | 690.90 | 3454.49 | 10800.00 | 9216.54
207 | 0.08 | 8801.42 | 12574.63 | 7795.45 | 413.00 | 2065.00 | 9827.41 | 8960.94
229 | 0.15 | 9138.12 | 13000.55 | 7188.03 | 744.74 | 3723.68 | 10800.00 | 9289.01
211 | 0.12 | 9048.40 | 13766.56 | 7396.41 | 602.59 | 3012.95 | 10337.05 | 9203.13
218 | 0.13 | 9089.60 | 14491.14 | 7205.75 | 649.85 | 3249.24 | 10370.51 | 9242.42
205 | 0.07 | 8707.33 | 15162.18 | 7645.97 | 365.28 | 1826.40 | 9446.80 | 8866.43
204 | 0.11 | 8813.60 | 15607.54 | 7096.77 | 567.09 | 2835.45 | 9869.84 | 9029.01
193 | 0.06 | 8591.10 | 16206.66 | 7618.70 | 317.33 | 1586.67 | 9186.32 | 8748.65
231 | 0.15 | 8939.15 | 16555.32 | 6455.85 | 762.44 | 3812.22 | 10153.70 | 9178.58
194 | 0.07 | 8706.05 | 17354.20 | 7491.25 | 365.33 | 1826.67 | 9292.35 | 8865.42
206 | 0.07 | 8705.99 | 17728.86 | 7464.97 | 365.34 | 1826.68 | 9266.08 | 8865.38
195 | 0.09 | 8879.60 | 18112.49 | 7249.48 | 460.53 | 2302.67 | 9510.70 | 9038.60
219 | 0.06 | 8589.25 | 18603.03 | 7473.06 | 317.40 | 1587.01 | 9041.03 | 8747.14
201 | 0.11 | 8816.70 | 19003.39 | 6726.32 | 566.89 | 2834.46 | 9498.42 | 9031.11
220 | 0.05 | 8438.87 | 19664.07 | 7455.66 | 269.21 | 1346.07 | 8788.27 | 8594.01
221 | 0.15 | 9130.00 | 19951.74 | 6137.24 | 746.51 | 3732.53 | 9757.79 | 9289.75
210 | 0.14 | 8945.31 | 20825.86 | 6029.69 | 711.12 | 3555.62 | 9485.75 | 9166.33
230 | 0.14 | 9125.49 | 21644.71 | 6095.23 | 697.08 | 3485.42 | 9483.06 | 9276.31
209 | 0.08 | 8801.20 | 22462.33 | 7004.21 | 413.01 | 2065.05 | 9036.22 | 8960.77
Vehicle 6
Charging tour: 
245  -> 244  -> 234  -> 239  -> 240  -> 251  -> 236  -> 265  -> 255  -> 252  -> 269  -> 233  -> 262  -> 237  -> 246  -> 241  -> 257  -> 259  -> 232  -> 238  -> 243  -> 258  -> 242  -> 268  -> 248  -> 247  -> 266  -> 263  -> 235  -> 271  -> 254  -> 250  -> 264  -> 256  -> 249  -> 260  -> 272  -> 253  -> 261  -> 267  -> 270  -> 
Charging time: 
218.64408152584514  + 262.9934137385703  + 575.2385045991189  + 580.2787733679  + 680.8029308196169  + 356.88432655675194  + 452.2460034214632  + 166.64894410875905  + 167.3683989381276  + 485.99131090496417  + 213.61303812127534  + 331.10651615165295  + 172.6815106587781  + 431.5820218828325  + 568.8025051901654  + 744.8444989987582  + 239.9095470995102  + 457.52857863448185  + 694.5968173764505  + 265.88563277532194  + 321.33152976408996  + 461.215407459794  + 709.776697848267  + 273.13478817673456  + 501.0555193197041  + 568.9723499599149  + 238.14599514288884  + 428.092126296247  + 763.416185623336  + 403.70591041274395  + 546.8484057392799  + 560.0725087172486  + 332.50089701359167  + 664.5911170737759  + 318.6497091742235  + 528.6347670152632  + 714.3269375160955  + 428.76047059304125  + 584.1892665479492  + 520.0192709217511  + 406.7402294085597  + 
total node:41/41
-------------------
Traveling energy: 2184.3592006556196
Charging energy: 91709.13722297423
Total energy used: 93893.49642362984
-------------------
Total time for travel: 2184.3592006556196
Total time for charging: 18341.827444594845
Charging round duration: 20526.186645250466
-------------------
ID | p | E0 | time_arrive | E_remain | time_charge | energy_charge| E_after_charge | E_after_cycle
245 | 0.06 | 9728.81 | 148.54 | 9719.90 | 218.64 | 1093.22 | 10800.00 | 9392.92
244 | 0.07 | 9533.28 | 426.19 | 9503.44 | 262.99 | 1314.97 | 10800.00 | 9180.94
234 | 0.12 | 8081.11 | 735.58 | 7992.84 | 575.24 | 2876.19 | 10800.00 | 8099.07
239 | 0.13 | 8149.47 | 1349.47 | 7974.04 | 580.28 | 2901.39 | 10800.00 | 7954.45
240 | 0.15 | 7795.77 | 1984.41 | 7498.11 | 680.80 | 3404.01 | 10800.00 | 7627.00
251 | 0.10 | 9322.24 | 2709.74 | 9051.27 | 356.88 | 1784.42 | 10800.00 | 8724.81
236 | 0.09 | 8858.62 | 3101.64 | 8579.47 | 452.25 | 2261.23 | 10800.00 | 8976.18
265 | 0.05 | 10157.04 | 3638.97 | 9975.09 | 166.65 | 833.24 | 10800.00 | 9799.35
255 | 0.05 | 10163.22 | 3833.92 | 9971.53 | 167.37 | 836.84 | 10800.00 | 9809.14
252 | 0.13 | 8975.70 | 4172.91 | 8433.22 | 485.99 | 2429.96 | 10800.00 | 8309.25
269 | 0.05 | 9976.55 | 4678.76 | 9742.62 | 213.61 | 1068.07 | 10800.00 | 9853.69
233 | 0.06 | 9402.73 | 4913.52 | 9107.92 | 331.11 | 1655.53 | 10743.58 | 9629.15
262 | 0.06 | 10262.19 | 5253.98 | 9946.95 | 172.68 | 863.41 | 10800.00 | 9696.49
237 | 0.08 | 9111.12 | 5431.24 | 8676.62 | 431.58 | 2157.91 | 10800.00 | 9363.54
246 | 0.12 | 8728.60 | 5869.63 | 8024.24 | 568.80 | 2844.01 | 10800.00 | 8714.38
241 | 0.14 | 8093.53 | 6524.82 | 7180.06 | 744.84 | 3724.22 | 10800.00 | 8483.16
257 | 0.06 | 10055.26 | 7340.17 | 9614.85 | 239.91 | 1199.55 | 10800.00 | 9825.69
259 | 0.10 | 9319.13 | 7610.21 | 8558.11 | 457.53 | 2287.64 | 10800.00 | 9224.92
232 | 0.11 | 8217.32 | 8128.20 | 7323.22 | 694.60 | 3472.98 | 10719.80 | 9070.26
238 | 0.05 | 9757.66 | 8886.36 | 9313.34 | 265.89 | 1329.43 | 10629.47 | 9896.16
243 | 0.06 | 9688.76 | 9207.45 | 9136.32 | 321.33 | 1606.66 | 10723.69 | 9866.31
258 | 0.11 | 9596.47 | 9561.93 | 8544.66 | 461.22 | 2306.08 | 10800.00 | 9282.50
242 | 0.12 | 8544.89 | 10071.66 | 7336.29 | 709.78 | 3548.88 | 10800.00 | 9235.55
268 | 0.07 | 10209.59 | 10802.01 | 9453.45 | 273.13 | 1365.67 | 10800.00 | 9907.96
248 | 0.09 | 9320.24 | 11123.08 | 8319.16 | 501.06 | 2505.28 | 10779.34 | 9681.85
247 | 0.10 | 9119.67 | 11646.47 | 7955.02 | 568.97 | 2844.86 | 10742.99 | 9582.68
266 | 0.06 | 10357.65 | 12234.91 | 9623.56 | 238.15 | 1190.73 | 10800.00 | 10119.27
263 | 0.10 | 9953.31 | 12509.62 | 8702.35 | 428.09 | 2140.46 | 10800.00 | 9711.92
235 | 0.12 | 8156.24 | 12974.67 | 6599.28 | 763.42 | 3817.08 | 10324.76 | 9115.10
271 | 0.08 | 9916.46 | 13783.62 | 8813.77 | 403.71 | 2018.53 | 10800.00 | 10029.50
254 | 0.10 | 9488.63 | 14199.26 | 8068.70 | 546.85 | 2734.24 | 10748.26 | 9841.01
250 | 0.10 | 9264.59 | 14772.63 | 7787.33 | 560.07 | 2800.36 | 10531.68 | 9683.10
264 | 0.07 | 10234.95 | 15345.48 | 9160.77 | 332.50 | 1662.50 | 10800.00 | 10230.16
256 | 0.12 | 9369.08 | 15693.16 | 7485.90 | 664.59 | 3322.96 | 10729.11 | 9833.81
249 | 0.06 | 9770.30 | 16451.52 | 8783.21 | 318.65 | 1593.25 | 10357.34 | 9934.44
260 | 0.10 | 9815.55 | 16882.19 | 8127.33 | 528.63 | 2643.17 | 10717.64 | 10076.87
272 | 0.14 | 9768.73 | 17431.16 | 7328.37 | 714.33 | 3571.63 | 10800.00 | 10005.77
253 | 0.08 | 9681.57 | 18187.61 | 8226.56 | 428.76 | 2143.80 | 10336.06 | 9919.88
261 | 0.11 | 9770.34 | 18710.30 | 7712.20 | 584.19 | 2920.95 | 10568.89 | 10071.24
267 | 0.10 | 9978.17 | 19404.22 | 8037.75 | 520.02 | 2600.10 | 10585.84 | 10196.41
270 | 0.08 | 10205.71 | 20050.57 | 8601.66 | 406.74 | 2033.70 | 10602.83 | 10333.93
Vehicle 7
Charging tour: 
281  -> 277  -> 300  -> 296  -> 286  -> 275  -> 297  -> 278  -> 299  -> 279  -> 280  -> 289  -> 288  -> 308  -> 276  -> 273  -> 293  -> 285  -> 292  -> 303  -> 298  -> 274  -> 307  -> 284  -> 282  -> 287  -> 283  -> 294  -> 295  -> 291  -> 305  -> 311  -> 309  -> 306  -> 304  -> 301  -> 290  -> 302  -> 310  -> 312  -> 
Charging time: 
568.0511283206528  + 598.2975560195121  + 127.99398384720787  + 270.8692798958828  + 489.1941109824304  + 655.5640131417525  + 376.99276259212513  + 350.97388767600796  + 286.03044960898245  + 663.1980347578677  + 778.1709792016873  + 249.0325794121394  + 369.36062440847707  + 350.3995459937605  + 322.1954938456862  + 455.82075259517416  + 516.11978909338  + 794.9938035161878  + 612.1910508022962  + 296.0314154099484  + 314.3704985736353  + 324.2332328326833  + 315.39055806511993  + 848.8263224719673  + 440.3276894327255  + 368.5108129826115  + 316.26945731664307  + 304.4845099196692  + 473.0201534733278  + 307.9860344192702  + 410.2437383138358  + 324.1312283796203  + 827.4292114126619  + 305.0349320717447  + 525.3137087764014  + 589.8231606933169  + 423.2738728401221  + 411.23709589512134  + 549.2670020186666  + 416.83553078329135  + 
total node:40/40
-------------------
Traveling energy: 2221.1116877646027
Charging energy: 89637.44995896795
Total energy used: 91858.56164673255
-------------------
Total time for travel: 2221.1116877646027
Total time for charging: 17927.48999179359
Charging round duration: 20148.601679558193
-------------------
ID | p | E0 | time_arrive | E_remain | time_charge | energy_charge| E_after_charge | E_after_cycle
281 | 0.14 | 8046.65 | 52.73 | 8039.27 | 568.05 | 2840.26 | 10800.00 | 7552.31
277 | 0.13 | 7974.81 | 680.95 | 7886.29 | 598.30 | 2991.49 | 10800.00 | 7869.89
300 | 0.05 | 10231.22 | 1295.90 | 10166.43 | 127.99 | 639.97 | 10800.00 | 9680.27
296 | 0.10 | 9617.19 | 1444.54 | 9472.74 | 270.87 | 1354.35 | 10800.00 | 8589.68
286 | 0.13 | 8647.43 | 1767.77 | 8417.62 | 489.19 | 2445.97 | 10800.00 | 7996.99
275 | 0.13 | 7902.93 | 2273.27 | 7607.40 | 655.56 | 3277.82 | 10800.00 | 8084.34
297 | 0.13 | 9350.26 | 2970.86 | 8964.05 | 376.99 | 1884.96 | 10800.00 | 8138.81
278 | 0.07 | 9305.21 | 3364.39 | 9069.70 | 350.97 | 1754.87 | 10800.00 | 9392.78
299 | 0.10 | 9773.45 | 3749.99 | 9398.45 | 286.03 | 1430.15 | 10800.00 | 8821.75
279 | 0.13 | 8107.06 | 4129.49 | 7570.23 | 663.20 | 3315.99 | 10800.00 | 8326.64
280 | 0.15 | 7761.11 | 4901.59 | 7025.87 | 778.17 | 3890.85 | 10800.00 | 8079.18
289 | 0.05 | 9852.24 | 5699.11 | 9567.29 | 249.03 | 1245.16 | 10800.00 | 9906.48
288 | 0.08 | 9469.48 | 6084.13 | 8982.75 | 369.36 | 1846.80 | 10800.00 | 9410.79
308 | 0.11 | 9807.46 | 6553.78 | 9086.55 | 350.40 | 1752.00 | 10800.00 | 8939.42
276 | 0.06 | 9477.98 | 6941.51 | 9061.49 | 322.20 | 1610.98 | 10653.13 | 9659.84
273 | 0.08 | 8932.64 | 7300.85 | 8348.57 | 455.82 | 2279.10 | 10591.21 | 9306.26
293 | 0.12 | 9219.76 | 7820.22 | 8281.34 | 516.12 | 2580.60 | 10800.00 | 8942.13
285 | 0.15 | 8201.64 | 8382.41 | 6944.28 | 794.99 | 3974.97 | 10800.00 | 8603.83
292 | 0.13 | 9013.94 | 9194.67 | 7818.63 | 612.19 | 3060.96 | 10800.00 | 8978.48
303 | 0.08 | 10129.16 | 9820.45 | 9343.53 | 296.03 | 1480.16 | 10800.00 | 9703.83
298 | 0.06 | 9713.90 | 10161.84 | 9104.19 | 314.37 | 1571.85 | 10657.18 | 9856.63
274 | 0.06 | 9418.41 | 10516.69 | 8787.41 | 324.23 | 1621.17 | 10389.12 | 9610.46
307 | 0.07 | 10008.49 | 10905.19 | 9245.12 | 315.39 | 1576.95 | 10800.00 | 9918.14
284 | 0.14 | 8254.58 | 11284.85 | 6674.70 | 848.83 | 4244.13 | 10800.00 | 9164.12
282 | 0.08 | 9246.94 | 12194.71 | 8271.36 | 440.33 | 2201.64 | 10437.77 | 9543.09
287 | 0.07 | 9667.89 | 12657.55 | 8781.86 | 368.51 | 1842.55 | 10598.62 | 9843.15
283 | 0.06 | 9655.57 | 13052.05 | 8872.45 | 316.27 | 1581.35 | 10434.82 | 9807.81
294 | 0.06 | 10029.29 | 13440.20 | 9222.87 | 304.48 | 1522.42 | 10727.03 | 10122.60
295 | 0.09 | 9683.82 | 13817.34 | 8440.26 | 473.02 | 2365.10 | 10762.79 | 9905.25
291 | 0.06 | 9915.26 | 14368.63 | 9053.14 | 307.99 | 1539.93 | 10574.60 | 10026.08
305 | 0.08 | 9925.03 | 14706.16 | 8748.54 | 410.24 | 2051.22 | 10766.94 | 10070.77
311 | 0.07 | 10268.85 | 15240.24 | 9202.03 | 324.13 | 1620.66 | 10800.00 | 10222.21
309 | 0.15 | 9127.35 | 15602.54 | 6786.97 | 827.43 | 4137.15 | 10800.00 | 9691.71
306 | 0.06 | 10011.19 | 16448.71 | 9024.27 | 305.03 | 1525.17 | 10531.14 | 10107.25
304 | 0.10 | 9688.69 | 16829.72 | 8005.72 | 525.31 | 2626.57 | 10579.76 | 9933.41
301 | 0.11 | 9491.94 | 17469.95 | 7570.24 | 589.82 | 2949.12 | 10454.48 | 9821.01
290 | 0.08 | 9619.50 | 18098.17 | 8171.65 | 423.27 | 2116.37 | 10254.15 | 9830.38
302 | 0.08 | 9901.06 | 18537.27 | 8418.08 | 411.24 | 2056.19 | 10441.36 | 10051.76
310 | 0.11 | 10192.79 | 19032.42 | 8099.23 | 549.27 | 2746.34 | 10785.14 | 10319.09
312 | 0.08 | 9768.08 | 19622.06 | 8198.32 | 416.84 | 2084.18 | 10249.15 | 9946.77
Vehicle 8
Charging tour: 
320  -> 317  -> 323  -> 321  -> 313  -> 340  -> 332  -> 347  -> 322  -> 326  -> 335  -> 324  -> 316  -> 327  -> 349  -> 344  -> 337  -> 336  -> 331  -> 334  -> 346  -> 333  -> 350  -> 318  -> 339  -> 342  -> 319  -> 328  -> 329  -> 343  -> 325  -> 348  -> 330  -> 341  -> 314  -> 351  -> 345  -> 338  -> 315  -> 
Charging time: 
768.8061278948227  + 369.78660245580824  + 487.1729503650628  + 714.6764964768428  + 426.97937775237216  + 352.3714827272246  + 365.0101248215393  + 438.89079428049143  + 531.2113406049239  + 302.8974314474091  + 563.3964788342249  + 392.5292015257834  + 649.2541533654256  + 394.2258206789693  + 345.2460653182658  + 354.3150352802354  + 327.2103714705514  + 475.4150621255061  + 400.9089018802481  + 484.15309492235696  + 269.08341743075164  + 299.82212607523417  + 305.865721473984  + 570.9859951548952  + 299.65508726233224  + 451.8440349100719  + 499.65921029138985  + 740.6253622505287  + 357.8633847891612  + 295.6499688727604  + 305.0072343542273  + 531.0151591834331  + 1027.0554345689625  + 594.7552655221583  + 442.1795126915732  + 487.01829446002085  + 559.5670612559413  + 684.0469293674316  + 440.6554854611309  + 
total node:39/39
-------------------
Traveling energy: 2441.6899349636124
Charging energy: 91534.05799802026
Total energy used: 93975.74793298387
-------------------
Total time for travel: 2441.6899349636124
Total time for charging: 18306.81159960405
Charging round duration: 20748.501534567662
-------------------
ID | p | E0 | time_arrive | E_remain | time_charge | energy_charge| E_after_charge | E_after_cycle
320 | 0.18 | 7114.97 | 114.51 | 7094.35 | 768.81 | 3844.03 | 10800.00 | 6671.66
317 | 0.08 | 9056.13 | 943.46 | 8980.65 | 369.79 | 1848.93 | 10800.00 | 8999.58
323 | 0.12 | 8594.38 | 1431.50 | 8422.60 | 487.17 | 2435.86 | 10800.00 | 8172.01
321 | 0.16 | 7671.42 | 2065.32 | 7340.97 | 714.68 | 3573.38 | 10800.00 | 7433.83
313 | 0.08 | 8932.48 | 2915.23 | 8699.26 | 426.98 | 2134.90 | 10800.00 | 9161.89
340 | 0.13 | 9528.53 | 3419.87 | 9083.95 | 352.37 | 1761.86 | 10800.00 | 8193.98
332 | 0.08 | 9315.02 | 3885.85 | 9004.15 | 365.01 | 1825.05 | 10800.00 | 9234.58
347 | 0.12 | 9172.65 | 4286.99 | 8658.21 | 438.89 | 2194.45 | 10800.00 | 8508.88
322 | 0.11 | 8728.53 | 4783.22 | 8202.38 | 531.21 | 2656.06 | 10800.00 | 8764.55
326 | 0.06 | 9622.82 | 5318.87 | 9303.69 | 302.90 | 1514.49 | 10800.00 | 9708.19
335 | 0.15 | 8915.63 | 5654.02 | 8067.53 | 563.40 | 2816.98 | 10800.00 | 8159.83
324 | 0.08 | 9367.28 | 6231.49 | 8868.76 | 392.53 | 1962.65 | 10800.00 | 9424.44
316 | 0.11 | 8356.56 | 6649.25 | 7625.15 | 649.25 | 3246.27 | 10800.00 | 8982.79
327 | 0.08 | 9449.56 | 7364.42 | 8860.41 | 394.23 | 1971.13 | 10800.00 | 9515.21
349 | 0.11 | 9965.74 | 7763.58 | 9111.75 | 345.25 | 1726.23 | 10800.00 | 9071.93
344 | 0.08 | 9714.30 | 8219.17 | 9056.77 | 354.32 | 1771.58 | 10800.00 | 9580.39
337 | 0.08 | 9888.55 | 8730.29 | 9190.12 | 327.21 | 1636.05 | 10800.00 | 9619.12
336 | 0.11 | 9487.83 | 9205.55 | 8475.22 | 475.42 | 2377.08 | 10800.00 | 9244.87
331 | 0.08 | 9606.57 | 9737.96 | 8827.53 | 400.91 | 2004.54 | 10800.00 | 9705.63
334 | 0.10 | 9449.70 | 10220.50 | 8427.65 | 484.15 | 2420.77 | 10800.00 | 9488.61
346 | 0.07 | 10227.19 | 10768.23 | 9473.42 | 269.08 | 1345.42 | 10800.00 | 9905.31
333 | 0.06 | 9910.05 | 11041.76 | 9247.54 | 299.82 | 1499.11 | 10728.66 | 9980.04
350 | 0.07 | 10087.71 | 11366.10 | 9292.08 | 305.87 | 1529.33 | 10800.00 | 9949.74
318 | 0.10 | 8672.87 | 11766.64 | 7496.20 | 570.99 | 2854.93 | 10294.03 | 9145.94
339 | 0.06 | 9915.57 | 12365.97 | 9173.61 | 299.66 | 1498.28 | 10653.91 | 9984.73
342 | 0.10 | 9854.61 | 12686.45 | 8585.96 | 451.84 | 2259.22 | 10800.00 | 9731.97
319 | 0.09 | 8919.83 | 13184.88 | 7733.19 | 499.66 | 2498.30 | 10186.52 | 9274.46
328 | 0.13 | 8692.26 | 13699.59 | 6911.32 | 740.63 | 3703.13 | 10518.16 | 9298.98
329 | 0.07 | 9686.54 | 14462.22 | 8674.19 | 357.86 | 1789.32 | 10438.46 | 9808.56
343 | 0.06 | 10049.89 | 14894.34 | 9156.23 | 295.65 | 1478.25 | 10616.74 | 10099.03
325 | 0.06 | 9741.58 | 15258.01 | 8826.09 | 305.01 | 1525.04 | 10332.83 | 9837.50
348 | 0.12 | 10080.20 | 15596.30 | 8208.65 | 531.02 | 2655.08 | 10800.00 | 9877.05
330 | 0.17 | 8196.78 | 16151.44 | 5451.03 | 1027.06 | 5135.28 | 10411.71 | 9282.90
341 | 0.11 | 9158.88 | 17191.11 | 7267.86 | 594.76 | 2973.78 | 10176.21 | 9512.62
314 | 0.08 | 8959.41 | 17829.22 | 7533.07 | 442.18 | 2210.90 | 9708.60 | 9264.82
351 | 0.10 | 10168.17 | 18325.59 | 8335.61 | 487.02 | 2435.09 | 10722.00 | 10221.41
345 | 0.11 | 9734.84 | 18851.31 | 7661.19 | 559.57 | 2797.84 | 10397.47 | 9912.63
338 | 0.13 | 9411.21 | 19443.48 | 6883.56 | 684.05 | 3420.23 | 10214.87 | 9735.03
315 | 0.08 | 8990.40 | 20145.94 | 7378.72 | 440.66 | 2203.28 | 9546.75 | 9288.19
Vehicle 9
Charging tour: 
352  -> 371  -> 356  -> 365  -> 359  -> 383  -> 392  -> 375  -> 382  -> 361  -> 367  -> 374  -> 360  -> 364  -> 363  -> 372  -> 378  -> 379  -> 353  -> 380  -> 391  -> 390  -> 384  -> 370  -> 368  -> 358  -> 389  -> 354  -> 373  -> 357  -> 369  -> 366  -> 377  -> 387  -> 386  -> 376  -> 388  -> 362  -> 385  -> 355  -> 381  -> 
Charging time: 
449.9837824575622  + 457.54173755182177  + 457.54116174931147  + 314.2730502227202  + 489.78448437195664  + 488.09483601981043  + 496.88101486206097  + 505.2104134029712  + 521.2608258903437  + 409.8465837515475  + 362.10500837584374  + 409.84308660720416  + 672.1747891578862  + 552.8621714557785  + 604.7154655523996  + 634.134133303054  + 362.1098845055367  + 457.54169573568424  + 362.1104834703903  + 600.5022949883194  + 707.0107774300576  + 743.3838678584419  + 314.2854286069388  + 653.272423435947  + 457.5403407633143  + 314.2760633753845  + 648.1335209594332  + 510.2193619391445  + 649.1542841905421  + 457.54149256354384  + 700.9022622531439  + 457.5417886788318  + 265.92808784503643  + 695.7613211387651  + 648.948771534001  + 695.7611972984463  + 266.29699062360055  + 314.30181522452546  + 648.1345244610819  + 507.02926329439265  + 648.1344919188896  + 
total node:41/41
-------------------
Traveling energy: 2405.8082562692534
Charging energy: 104560.3748941283
Total energy used: 106966.18315039756
-------------------
Total time for travel: 2405.8082562692534
Total time for charging: 20912.074978825658
Charging round duration: 23317.883235094912
-------------------
ID | p | E0 | time_arrive | E_remain | time_charge | energy_charge| E_after_charge | E_after_cycle
352 | 0.09 | 8604.36 | 153.14 | 8590.58 | 449.98 | 2249.92 | 10800.00 | 8710.61
371 | 0.09 | 8604.36 | 634.58 | 8547.25 | 457.54 | 2287.71 | 10793.78 | 8748.40
356 | 0.09 | 8604.37 | 1135.62 | 8502.17 | 457.54 | 2287.71 | 10748.69 | 8748.41
365 | 0.06 | 8351.24 | 1611.18 | 8254.57 | 314.27 | 1571.37 | 9807.08 | 8493.49
359 | 0.11 | 8619.59 | 1951.25 | 8404.95 | 489.78 | 2448.92 | 10800.00 | 8448.47
383 | 0.10 | 8658.34 | 2500.01 | 8408.34 | 488.09 | 2440.47 | 10800.00 | 8716.95
392 | 0.11 | 8703.27 | 3027.48 | 8370.25 | 496.88 | 2484.41 | 10800.00 | 8567.64
375 | 0.10 | 8658.34 | 3589.62 | 8299.38 | 505.21 | 2526.05 | 10774.91 | 8802.53
382 | 0.11 | 8703.27 | 4111.26 | 8251.03 | 521.26 | 2606.30 | 10800.00 | 8689.54
361 | 0.08 | 8538.38 | 4659.26 | 8165.64 | 409.85 | 2049.23 | 10182.08 | 8682.13
367 | 0.07 | 8456.10 | 5134.30 | 8096.70 | 362.11 | 1810.53 | 9881.88 | 8599.33
374 | 0.08 | 8538.45 | 5582.38 | 8091.86 | 409.84 | 2049.22 | 10108.29 | 8682.18
360 | 0.13 | 8310.82 | 6033.15 | 7526.51 | 672.17 | 3360.87 | 10800.00 | 8575.28
364 | 0.11 | 8703.27 | 6761.96 | 7959.46 | 552.86 | 2764.31 | 10662.95 | 8847.54
363 | 0.12 | 8680.34 | 7424.49 | 7789.41 | 604.72 | 3023.58 | 10740.42 | 8845.70
372 | 0.13 | 8773.75 | 8169.06 | 7711.77 | 634.13 | 3170.67 | 10800.00 | 8848.00
378 | 0.07 | 8455.99 | 8813.56 | 7839.04 | 362.11 | 1810.55 | 9624.24 | 8599.24
379 | 0.09 | 8604.36 | 9208.31 | 7775.61 | 457.54 | 2287.71 | 10022.14 | 8748.40
353 | 0.07 | 8455.98 | 9683.49 | 7778.13 | 362.11 | 1810.55 | 9563.34 | 8599.23
380 | 0.12 | 8741.25 | 10083.08 | 7531.28 | 600.50 | 3002.51 | 10461.73 | 8885.53
391 | 0.14 | 8661.81 | 10740.01 | 7158.21 | 707.01 | 3535.05 | 10594.28 | 8862.27
390 | 0.15 | 8826.43 | 11537.17 | 7095.85 | 743.38 | 3716.92 | 10701.26 | 8970.56
384 | 0.06 | 8350.91 | 12340.88 | 7610.46 | 314.29 | 1571.43 | 9163.03 | 8493.22
370 | 0.13 | 8704.74 | 12795.21 | 7041.36 | 653.27 | 3266.36 | 10222.80 | 8874.69
368 | 0.09 | 8604.39 | 13504.64 | 7388.97 | 457.54 | 2287.70 | 9635.49 | 8748.42
358 | 0.06 | 8351.16 | 13983.20 | 7512.17 | 314.28 | 1571.38 | 9064.69 | 8493.43
389 | 0.13 | 8773.76 | 14310.35 | 6913.41 | 648.13 | 3240.67 | 10069.82 | 8918.01
354 | 0.10 | 8573.34 | 14968.04 | 7076.53 | 510.22 | 2551.10 | 9576.61 | 8742.58
373 | 0.13 | 8759.96 | 15489.27 | 6746.36 | 649.15 | 3245.77 | 9907.74 | 8909.32
357 | 0.09 | 8604.37 | 16203.79 | 7146.02 | 457.54 | 2287.71 | 9392.55 | 8748.40
369 | 0.14 | 8737.30 | 16670.90 | 6403.38 | 700.90 | 3504.51 | 9809.76 | 8907.22
366 | 0.09 | 8604.36 | 17376.35 | 7040.49 | 457.54 | 2287.71 | 9287.02 | 8748.40
377 | 0.05 | 8224.56 | 17845.81 | 7332.27 | 265.93 | 1329.64 | 8648.61 | 8363.27
387 | 0.14 | 8801.86 | 18119.20 | 6265.17 | 695.76 | 3478.81 | 9646.57 | 8946.07
386 | 0.13 | 8762.74 | 18893.24 | 6306.62 | 648.95 | 3244.74 | 9467.00 | 8911.07
376 | 0.14 | 8801.86 | 19626.95 | 6054.09 | 695.76 | 3478.81 | 9435.49 | 8946.07
388 | 0.05 | 8213.17 | 20484.14 | 7188.96 | 266.30 | 1331.48 | 8507.13 | 8353.72
362 | 0.06 | 8350.47 | 20901.83 | 7096.37 | 314.30 | 1571.51 | 8649.02 | 8492.87
385 | 0.13 | 8773.75 | 21324.47 | 6001.56 | 648.13 | 3240.67 | 9157.98 | 8918.01
355 | 0.10 | 8627.28 | 21992.44 | 6428.03 | 507.03 | 2535.15 | 8912.48 | 8780.57
381 | 0.13 | 8773.75 | 22524.95 | 5845.50 | 648.13 | 3240.67 | 9001.92 | 8918.01
Vehicle 10
Charging tour: 
401  -> 397  -> 393  -> 394  -> 403  -> 428  -> 421  -> 395  -> 411  -> 406  -> 415  -> 402  -> 417  -> 412  -> 408  -> 410  -> 430  -> 429  -> 400  -> 431  -> 407  -> 405  -> 398  -> 419  -> 414  -> 404  -> 423  -> 396  -> 409  -> 425  -> 418  -> 426  -> 399  -> 427  -> 416  -> 420  -> 422  -> 424  -> 413  -> 
Charging time: 
347.53330070676856  + 263.07237614359707  + 737.0921103189932  + 639.089426388857  + 488.1661988007245  + 183.32256265408543  + 241.09421886608808  + 363.55543933570357  + 253.88721317635267  + 502.4745632809162  + 201.70026008963868  + 571.2421156703971  + 371.4894752129194  + 563.5468077073555  + 400.7655185239748  + 528.7020406650214  + 319.0259134350005  + 298.30953447920876  + 798.8312425618122  + 286.3950144938248  + 513.9593579199509  + 380.3009490450128  + 750.949745959495  + 390.0889614147106  + 591.5159289296365  + 321.02818186424133  + 313.5440386442371  + 1130.8408656459803  + 374.3282093773117  + 542.30889503019  + 418.8642664987328  + 287.4880862018416  + 454.2449921139423  + 474.4955741033498  + 255.61383680782654  + 647.4292091238356  + 467.6113666427552  + 428.6706680428173  + 569.680371684338  + 
total node:39/39
-------------------
Traveling energy: 2265.9483542095745
Charging energy: 88361.29418780723
Total energy used: 90627.2425420168
-------------------
Total time for travel: 2265.9483542095745
Total time for charging: 17672.258837561447
Charging round duration: 19938.20719177102
-------------------
ID | p | E0 | time_arrive | E_remain | time_charge | energy_charge| E_after_charge | E_after_cycle
401 | 0.09 | 9107.07 | 149.54 | 9093.61 | 347.53 | 1737.67 | 10800.00 | 8701.07
397 | 0.06 | 9531.72 | 521.70 | 9500.42 | 263.07 | 1315.36 | 10800.00 | 9417.97
393 | 0.15 | 7346.43 | 808.84 | 7225.10 | 737.09 | 3685.46 | 10800.00 | 7459.11
394 | 0.13 | 7899.18 | 1627.28 | 7687.63 | 639.09 | 3195.45 | 10800.00 | 7998.22
403 | 0.12 | 8704.12 | 2386.40 | 8417.75 | 488.17 | 2440.83 | 10800.00 | 8286.72
428 | 0.10 | 10192.38 | 2906.59 | 9901.72 | 183.32 | 916.61 | 10800.00 | 8727.14
421 | 0.07 | 9834.01 | 3180.11 | 9611.41 | 241.09 | 1205.47 | 10800.00 | 9372.19
395 | 0.07 | 9252.52 | 3497.88 | 9007.67 | 363.56 | 1817.78 | 10800.00 | 9403.00
411 | 0.07 | 9821.00 | 3895.27 | 9548.34 | 253.89 | 1269.44 | 10800.00 | 9423.14
406 | 0.12 | 8857.17 | 4243.71 | 8347.92 | 502.47 | 2512.37 | 10800.00 | 8511.32
415 | 0.06 | 10091.50 | 4798.35 | 9803.60 | 201.70 | 1008.50 | 10800.00 | 9670.89
402 | 0.12 | 8630.05 | 5147.55 | 8012.34 | 571.24 | 2856.21 | 10800.00 | 8628.03
417 | 0.11 | 9614.75 | 5739.42 | 8983.42 | 371.49 | 1857.45 | 10800.00 | 8852.16
412 | 0.14 | 8928.86 | 6197.84 | 8061.16 | 563.55 | 2817.73 | 10800.00 | 8412.00
408 | 0.09 | 9445.00 | 6808.43 | 8832.24 | 400.77 | 2003.83 | 10800.00 | 9305.16
410 | 0.12 | 9086.18 | 7218.68 | 8219.93 | 528.70 | 2643.51 | 10800.00 | 8871.46
430 | 0.08 | 9857.48 | 7838.53 | 9230.39 | 319.03 | 1595.13 | 10800.00 | 9547.12
429 | 0.09 | 10071.19 | 8176.56 | 9335.30 | 298.31 | 1491.55 | 10800.00 | 9419.07
400 | 0.14 | 8107.11 | 8495.93 | 6917.68 | 798.83 | 3994.16 | 10800.00 | 8766.67
431 | 0.06 | 9943.79 | 9309.62 | 9385.21 | 286.40 | 1431.98 | 10800.00 | 9946.65
407 | 0.10 | 9244.25 | 9626.56 | 8281.60 | 513.96 | 2569.80 | 10800.00 | 9432.20
405 | 0.07 | 9616.89 | 10159.36 | 8905.74 | 380.30 | 1901.50 | 10780.62 | 9851.10
398 | 0.12 | 8349.00 | 10619.10 | 7074.71 | 750.95 | 3754.75 | 10739.34 | 9245.52
419 | 0.09 | 9918.18 | 11483.53 | 8884.66 | 390.09 | 1950.44 | 10800.00 | 9724.96
414 | 0.12 | 9344.22 | 11923.51 | 7913.40 | 591.52 | 2957.58 | 10800.00 | 9443.58
404 | 0.06 | 9765.00 | 12612.55 | 9008.25 | 321.03 | 1605.14 | 10594.13 | 9941.03
423 | 0.06 | 9998.09 | 12943.31 | 9221.49 | 313.54 | 1567.72 | 10770.39 | 10136.69
396 | 0.16 | 7392.35 | 13273.25 | 5268.63 | 1130.84 | 5654.20 | 10741.90 | 9235.59
409 | 0.07 | 9770.34 | 14452.61 | 8758.66 | 374.33 | 1871.64 | 10604.09 | 9974.68
425 | 0.10 | 9626.27 | 14835.84 | 8142.69 | 542.31 | 2711.54 | 10800.00 | 9955.96
418 | 0.08 | 9972.33 | 15414.25 | 8739.19 | 418.86 | 2094.32 | 10800.00 | 10161.16
426 | 0.06 | 10336.47 | 15944.36 | 9379.81 | 287.49 | 1437.44 | 10800.00 | 10344.80
399 | 0.08 | 9201.61 | 16243.91 | 7902.10 | 454.24 | 2271.22 | 10136.99 | 9567.35
427 | 0.09 | 9910.02 | 16724.15 | 8404.85 | 474.50 | 2372.48 | 10734.62 | 10138.83
416 | 0.05 | 10219.97 | 17225.94 | 9358.68 | 255.61 | 1278.07 | 10623.97 | 10307.12
420 | 0.12 | 9683.96 | 17531.37 | 7580.20 | 647.43 | 3237.15 | 10739.65 | 10062.88
422 | 0.09 | 10055.91 | 18262.29 | 8412.31 | 467.61 | 2338.06 | 10708.28 | 10250.30
424 | 0.08 | 9750.58 | 18776.76 | 8248.44 | 428.67 | 2143.35 | 10357.50 | 9988.45
413 | 0.10 | 9171.34 | 19220.65 | 7249.28 | 569.68 | 2848.40 | 10040.71 | 9637.89
Vehicle 11
Charging tour: 
432  -> 433  -> 443  -> 452  -> 445  -> 454  -> 440  -> 462  -> 447  -> 442  -> 436  -> 450  -> 434  -> 438  -> 455  -> 448  -> 441  -> 437  -> 439  -> 465  -> 460  -> 463  -> 446  -> 449  -> 444  -> 468  -> 435  -> 464  -> 469  -> 466  -> 453  -> 456  -> 467  -> 457  -> 461  -> 451  -> 458  -> 459  -> 
Charging time: 
381.4052619495089  + 573.6741869287468  + 605.6984556804167  + 191.69345248337555  + 400.40974705502794  + 444.2105642888547  + 281.1068166410436  + 208.78514826249315  + 558.3904814430183  + 384.7670327782671  + 487.1674011260381  + 450.7506364805972  + 276.93353893230926  + 779.0320393914853  + 228.1684791820435  + 416.47791685322966  + 390.4939444539336  + 402.8024209939488  + 592.1363434988406  + 304.7274324815541  + 314.37791258730397  + 615.8501657733461  + 902.9897978343331  + 266.6062737694512  + 665.0789936426141  + 576.642124907098  + 623.9104949117368  + 626.3673419176548  + 316.8503602951175  + 356.9453746787904  + 380.48014200098714  + 435.28644327595674  + 647.7770281226667  + 266.82745813056255  + 544.3501805518791  + 443.12613235383924  + 492.2071942657415  + 674.5519003444588  + 
total node:38/38
-------------------
Traveling energy: 2288.8360132676166
Charging energy: 87545.28310134134
Total energy used: 89834.11911460895
-------------------
Total time for travel: 2288.8360132676166
Total time for charging: 17509.056620268268
Charging round duration: 19797.892633535885
-------------------
ID | p | E0 | time_arrive | E_remain | time_charge | energy_charge| E_after_charge | E_after_cycle
432 | 0.08 | 8939.25 | 197.09 | 8923.49 | 381.41 | 1907.03 | 10800.00 | 8940.79
433 | 0.12 | 8070.03 | 579.65 | 8000.47 | 573.67 | 2868.37 | 10800.00 | 8080.17
443 | 0.15 | 8061.04 | 1324.49 | 7862.36 | 605.70 | 3028.49 | 10800.00 | 7516.74
452 | 0.06 | 9976.68 | 2060.79 | 9853.03 | 191.69 | 958.47 | 10800.00 | 9506.04
445 | 0.10 | 9064.91 | 2269.18 | 8837.99 | 400.41 | 2002.05 | 10800.00 | 8685.10
454 | 0.14 | 9031.05 | 2785.07 | 8641.14 | 444.21 | 2221.05 | 10800.00 | 7917.50
440 | 0.06 | 9610.13 | 3313.27 | 9411.33 | 281.11 | 1405.53 | 10800.00 | 9586.55
462 | 0.06 | 9985.29 | 3611.48 | 9768.60 | 208.79 | 1043.93 | 10800.00 | 9600.10
447 | 0.14 | 8627.63 | 3867.18 | 8086.22 | 558.39 | 2791.95 | 10800.00 | 8084.98
442 | 0.08 | 9266.63 | 4496.10 | 8906.95 | 384.77 | 1923.84 | 10800.00 | 9284.98
436 | 0.09 | 8853.37 | 4948.41 | 8408.01 | 487.17 | 2435.84 | 10800.00 | 9145.53
450 | 0.11 | 9203.67 | 5525.80 | 8595.83 | 450.75 | 2253.75 | 10800.00 | 8837.38
434 | 0.05 | 9675.16 | 6035.48 | 9373.39 | 276.93 | 1384.67 | 10744.21 | 9868.90
438 | 0.14 | 7907.03 | 6379.43 | 7013.90 | 779.03 | 3895.16 | 10800.00 | 8467.59
455 | 0.05 | 10029.96 | 7187.95 | 9670.57 | 228.17 | 1140.84 | 10800.00 | 9979.88
448 | 0.09 | 9425.95 | 7454.01 | 8755.09 | 416.48 | 2082.39 | 10800.00 | 9364.67
441 | 0.07 | 9433.49 | 7980.39 | 8874.86 | 390.49 | 1952.47 | 10800.00 | 9718.66
437 | 0.07 | 9312.57 | 8459.75 | 8720.39 | 402.80 | 2014.01 | 10706.21 | 9659.29
439 | 0.10 | 8786.11 | 8875.79 | 7898.53 | 592.14 | 2960.68 | 10800.00 | 9364.94
465 | 0.09 | 10161.08 | 9525.48 | 9303.79 | 304.73 | 1523.64 | 10800.00 | 9541.05
460 | 0.07 | 9939.85 | 9853.34 | 9250.12 | 314.38 | 1571.89 | 10800.00 | 9844.44
463 | 0.16 | 9450.98 | 10198.10 | 7819.29 | 615.85 | 3079.25 | 10800.00 | 8719.26
446 | 0.16 | 8163.03 | 10834.35 | 6429.53 | 902.99 | 4514.95 | 10800.00 | 8867.00
449 | 0.05 | 10049.94 | 11785.56 | 9460.66 | 266.61 | 1333.03 | 10780.36 | 10192.04
444 | 0.11 | 8863.05 | 12084.21 | 7533.79 | 665.08 | 3325.39 | 10786.02 | 9568.40
468 | 0.10 | 9253.39 | 12789.35 | 7974.45 | 576.64 | 2883.21 | 10800.00 | 9754.74
435 | 0.10 | 8588.98 | 13434.71 | 7245.51 | 623.91 | 3119.55 | 10302.67 | 9326.67
464 | 0.14 | 9729.04 | 14094.17 | 7755.85 | 626.37 | 3131.84 | 10800.00 | 9526.28
469 | 0.08 | 10424.95 | 14798.11 | 9241.10 | 316.85 | 1584.25 | 10800.00 | 10103.71
466 | 0.08 | 10255.75 | 15149.01 | 9043.83 | 356.95 | 1784.73 | 10800.00 | 10134.99
453 | 0.07 | 9858.93 | 15533.89 | 8771.56 | 380.48 | 1902.40 | 10647.33 | 10094.03
456 | 0.08 | 9848.69 | 15922.86 | 8574.87 | 435.29 | 2176.43 | 10716.47 | 10119.64
467 | 0.14 | 9947.58 | 16398.39 | 7651.80 | 647.78 | 3238.89 | 10800.00 | 9851.87
457 | 0.05 | 10041.61 | 17078.98 | 9187.66 | 266.83 | 1334.14 | 10508.46 | 10184.82
461 | 0.10 | 9844.31 | 17367.30 | 8107.58 | 544.35 | 2721.75 | 10774.90 | 10184.21
451 | 0.08 | 9674.45 | 17945.98 | 8238.77 | 443.13 | 2215.63 | 10418.95 | 9984.60
458 | 0.09 | 9798.47 | 18412.70 | 8141.33 | 492.21 | 2461.04 | 10558.07 | 10115.84
459 | 0.12 | 9533.00 | 18958.30 | 7258.01 | 674.55 | 3372.76 | 10549.82 | 10047.53
Vehicle 12
Charging tour: 
477  -> 483  -> 479  -> 473  -> 489  -> 486  -> 480  -> 503  -> 498  -> 471  -> 508  -> 476  -> 482  -> 506  -> 481  -> 472  -> 493  -> 487  -> 485  -> 474  -> 475  -> 495  -> 488  -> 494  -> 491  -> 492  -> 484  -> 490  -> 501  -> 499  -> 497  -> 504  -> 507  -> 470  -> 478  -> 496  -> 500  -> 505  -> 502  -> 
Charging time: 
495.788456975422  + 403.5301677422512  + 372.96443876607265  + 824.6231824377255  + 207.0610305734759  + 266.2123205475023  + 531.0182963258192  + 316.0240433017449  + 316.39838073178925  + 337.31923830699617  + 264.0731395492374  + 471.9142673627181  + 623.8409963693298  + 277.97260545451144  + 353.5312299308027  + 855.8624392049679  + 376.5448668105063  + 241.4341976145626  + 405.50811825638317  + 554.3122052730174  + 551.9721000883185  + 267.97116488652586  + 524.3971999853145  + 476.21933191988967  + 310.168333176344  + 676.4434752176934  + 723.8501949370764  + 508.1485154219642  + 383.4760124513554  + 255.88658506537092  + 423.1334305891641  + 467.17192886719795  + 404.62513582881405  + 417.663849523973  + 473.1607836978474  + 324.1057725302987  + 321.03249802259757  + 500.97849727983606  + 375.76982989859704  + 
total node:39/39
-------------------
Traveling energy: 2330.5584062790713
Charging energy: 84410.54130461505
Total energy used: 86741.09971089412
-------------------
Total time for travel: 2330.5584062790713
Total time for charging: 16882.10826092301
Charging round duration: 19212.66666720208
-------------------
ID | p | E0 | time_arrive | E_remain | time_charge | energy_charge| E_after_charge | E_after_cycle
477 | 0.12 | 8401.30 | 172.89 | 8380.55 | 495.79 | 2478.94 | 10800.00 | 8022.01
483 | 0.11 | 8906.23 | 722.64 | 8826.74 | 403.53 | 2017.65 | 10800.00 | 8303.84
479 | 0.09 | 9075.29 | 1183.79 | 8968.74 | 372.96 | 1864.82 | 10800.00 | 8796.44
473 | 0.17 | 7098.97 | 1658.24 | 6817.07 | 824.62 | 4123.12 | 10800.00 | 7172.93
489 | 0.06 | 9928.88 | 2529.38 | 9777.12 | 207.06 | 1035.31 | 10800.00 | 9535.07
486 | 0.07 | 9683.28 | 2795.88 | 9487.57 | 266.21 | 1331.06 | 10800.00 | 9347.05
480 | 0.12 | 8591.14 | 3187.54 | 8208.63 | 531.02 | 2655.09 | 10800.00 | 8388.00
503 | 0.13 | 9759.24 | 3832.92 | 9260.96 | 316.02 | 1580.12 | 10800.00 | 8242.95
498 | 0.09 | 9621.90 | 4171.25 | 9246.48 | 316.40 | 1581.99 | 10800.00 | 9060.22
471 | 0.06 | 9406.26 | 4543.55 | 9133.64 | 337.32 | 1686.60 | 10800.00 | 9663.74
508 | 0.12 | 10101.58 | 4918.84 | 9511.32 | 264.07 | 1320.37 | 10800.00 | 8563.72
476 | 0.09 | 8957.05 | 5268.34 | 8482.90 | 471.91 | 2359.57 | 10800.00 | 9172.95
482 | 0.13 | 8518.13 | 5817.19 | 7761.89 | 623.84 | 3119.20 | 10800.00 | 8540.92
506 | 0.10 | 10083.58 | 6456.41 | 9437.93 | 277.97 | 1389.86 | 10800.00 | 9091.58
481 | 0.07 | 9531.80 | 6781.58 | 9057.09 | 353.53 | 1767.66 | 10800.00 | 9632.16
472 | 0.14 | 7641.51 | 7150.02 | 6640.51 | 855.86 | 4279.31 | 10800.00 | 8586.22
493 | 0.09 | 9680.46 | 8103.24 | 8951.16 | 376.54 | 1882.72 | 10800.00 | 9419.51
487 | 0.05 | 10031.22 | 8526.44 | 9604.90 | 241.43 | 1207.17 | 10800.00 | 10047.47
485 | 0.08 | 9509.21 | 8803.91 | 8804.90 | 405.51 | 2027.54 | 10800.00 | 9631.27
474 | 0.09 | 8873.91 | 9242.34 | 8042.10 | 554.31 | 2771.56 | 10763.77 | 9501.80
475 | 0.09 | 8911.53 | 9846.81 | 8025.32 | 551.97 | 2759.86 | 10735.50 | 9527.72
495 | 0.06 | 10102.56 | 10439.04 | 9476.22 | 267.97 | 1339.86 | 10800.00 | 10013.31
488 | 0.10 | 9308.82 | 10783.69 | 8230.45 | 524.40 | 2621.99 | 10800.00 | 9548.95
494 | 0.10 | 9599.67 | 11331.44 | 8466.53 | 476.22 | 2381.10 | 10800.00 | 9598.91
491 | 0.06 | 9982.50 | 11912.17 | 9267.77 | 310.17 | 1550.84 | 10800.00 | 10104.23
492 | 0.13 | 9102.07 | 12279.63 | 7505.72 | 676.44 | 3382.22 | 10800.00 | 9387.88
484 | 0.12 | 8824.46 | 12973.76 | 7267.61 | 723.85 | 3619.25 | 10800.00 | 9585.49
490 | 0.09 | 9541.10 | 13734.53 | 8304.99 | 508.15 | 2540.74 | 10800.00 | 9938.17
501 | 0.08 | 10056.62 | 14291.46 | 8913.30 | 383.48 | 1917.38 | 10800.00 | 10068.51
499 | 0.05 | 10269.68 | 14726.38 | 9533.36 | 255.89 | 1279.43 | 10800.00 | 10358.19
497 | 0.08 | 9917.54 | 14991.97 | 8718.18 | 423.13 | 2115.67 | 10800.00 | 10127.72
504 | 0.10 | 10054.97 | 15441.15 | 8510.86 | 467.17 | 2335.86 | 10800.00 | 10008.98
507 | 0.09 | 10251.25 | 15977.31 | 8813.29 | 404.63 | 2023.13 | 10800.00 | 10130.70
470 | 0.07 | 9160.05 | 16468.61 | 8007.25 | 417.66 | 2088.32 | 10066.33 | 9581.07
478 | 0.08 | 9240.77 | 16916.99 | 7887.41 | 473.16 | 2365.80 | 10215.36 | 9701.09
496 | 0.06 | 10117.92 | 17430.05 | 9072.12 | 324.11 | 1620.53 | 10673.20 | 10309.34
500 | 0.06 | 10214.78 | 17795.14 | 9147.07 | 321.03 | 1605.16 | 10732.98 | 10390.83
505 | 0.09 | 9818.62 | 18166.60 | 8183.62 | 500.98 | 2504.89 | 10643.43 | 10179.84
502 | 0.07 | 10181.30 | 18733.10 | 8869.98 | 375.77 | 1878.85 | 10722.52 | 10392.85
Vehicle 13
Charging tour: 
509  -> 512  -> 513  -> 510  -> 531  -> 527  -> 515  -> 529  -> 523  -> 511  -> 516  -> 518  -> 526  -> 533  -> 519  -> 522  -> 528  -> 534  -> 520  -> 540  -> 521  -> 514  -> 532  -> 537  -> 524  -> 538  -> 525  -> 536  -> 517  -> 530  -> 539  -> 535  -> 
Charging time: 
666.846266903482  + 410.228565262509  + 685.6874373492566  + 502.5753027333418  + 266.01971639395197  + 463.3890711324199  + 570.0786022002425  + 310.33629491919635  + 338.28028196920917  + 548.4318464292999  + 500.69348839662774  + 545.6953670061888  + 532.743270125874  + 185.55498242745412  + 308.53666134967  + 449.63707890321433  + 628.2784376285879  + 320.5936864943204  + 441.02513390859855  + 401.6231507754307  + 505.05984425757237  + 702.5463335468463  + 280.90746675735255  + 307.05998673962966  + 515.2903937315851  + 309.66300850729954  + 348.1033865714299  + 331.60813763496134  + 664.5477638545921  + 328.38271521953646  + 286.1213208527732  + 414.5099085841553  + 
total node:32/32
-------------------
Traveling energy: 1932.5159511098911
Charging energy: 70350.27454283307
Total energy used: 72282.79049394296
-------------------
Total time for travel: 1932.5159511098911
Total time for charging: 14070.054908566613
Charging round duration: 16002.570859676505
-------------------
ID | p | E0 | time_arrive | E_remain | time_charge | energy_charge| E_after_charge | E_after_cycle
509 | 0.14 | 7586.38 | 194.69 | 7559.13 | 666.85 | 3334.23 | 10800.00 | 7586.02
512 | 0.09 | 8873.17 | 971.02 | 8785.78 | 410.23 | 2051.14 | 10800.00 | 8780.64
513 | 0.15 | 7690.91 | 1443.27 | 7474.42 | 685.69 | 3428.44 | 10800.00 | 7546.56
510 | 0.10 | 8560.85 | 2234.73 | 8337.38 | 502.58 | 2512.88 | 10800.00 | 8691.88
531 | 0.09 | 9747.72 | 2820.89 | 9493.84 | 266.02 | 1330.10 | 10800.00 | 8934.15
527 | 0.13 | 8953.79 | 3157.68 | 8543.30 | 463.39 | 2316.95 | 10800.00 | 8174.33
515 | 0.12 | 8460.46 | 3687.02 | 8018.02 | 570.08 | 2850.39 | 10800.00 | 8452.62
529 | 0.09 | 9660.97 | 4274.63 | 9276.25 | 310.34 | 1551.68 | 10800.00 | 9068.98
523 | 0.08 | 9507.71 | 4650.67 | 9135.66 | 338.28 | 1691.40 | 10800.00 | 9293.63
511 | 0.10 | 8614.96 | 5022.79 | 8112.68 | 548.43 | 2742.16 | 10800.00 | 8975.27
516 | 0.10 | 8907.49 | 5608.89 | 8346.60 | 500.69 | 2503.47 | 10800.00 | 9029.10
518 | 0.11 | 8810.68 | 6173.91 | 8131.55 | 545.70 | 2728.48 | 10800.00 | 8919.11
526 | 0.12 | 9009.20 | 6741.54 | 8200.21 | 532.74 | 2663.72 | 10800.00 | 8814.69
533 | 0.05 | 10246.45 | 7298.86 | 9881.50 | 185.55 | 927.77 | 10800.00 | 9983.29
519 | 0.06 | 9728.70 | 7547.84 | 9275.83 | 308.54 | 1542.68 | 10800.00 | 9842.27
522 | 0.09 | 9308.68 | 7960.02 | 8592.28 | 449.64 | 2248.19 | 10800.00 | 9413.20
528 | 0.14 | 8940.18 | 8525.83 | 7746.57 | 628.28 | 3141.39 | 10800.00 | 8746.98
534 | 0.08 | 9957.94 | 9190.82 | 9222.68 | 320.59 | 1602.97 | 10800.00 | 9655.43
520 | 0.08 | 9396.81 | 9583.12 | 8630.16 | 441.03 | 2205.13 | 10800.00 | 9696.45
540 | 0.11 | 9939.92 | 10035.03 | 8836.06 | 401.62 | 2008.12 | 10800.00 | 9327.99
521 | 0.09 | 9266.32 | 10512.92 | 8320.16 | 505.06 | 2525.30 | 10800.00 | 9647.95
514 | 0.11 | 8579.70 | 11046.88 | 7364.55 | 702.55 | 3512.73 | 10800.00 | 9472.40
532 | 0.06 | 10118.57 | 11770.82 | 9412.32 | 280.91 | 1404.54 | 10800.00 | 10093.99
537 | 0.07 | 10131.69 | 12078.47 | 9286.19 | 307.06 | 1535.30 | 10800.00 | 9999.69
524 | 0.09 | 9387.66 | 12419.26 | 8269.92 | 515.29 | 2576.45 | 10800.00 | 9820.44
538 | 0.07 | 10180.66 | 12961.40 | 9273.36 | 309.66 | 1548.32 | 10800.00 | 10061.68
525 | 0.06 | 9877.75 | 13289.66 | 9080.37 | 348.10 | 1740.52 | 10800.00 | 10189.15
536 | 0.07 | 10121.12 | 13656.42 | 9165.17 | 331.61 | 1658.04 | 10800.00 | 10111.86
517 | 0.10 | 8944.56 | 14008.42 | 7543.72 | 664.55 | 3322.74 | 10800.00 | 9885.44
530 | 0.06 | 10060.17 | 14706.38 | 9177.79 | 328.38 | 1641.91 | 10800.00 | 10272.97
539 | 0.06 | 10293.34 | 15113.02 | 9386.56 | 286.12 | 1430.61 | 10800.00 | 10294.83
535 | 0.08 | 9993.78 | 15414.58 | 8760.61 | 414.51 | 2072.55 | 10800.00 | 10160.84
Vehicle 14
Charging tour: 
541  -> 560  -> 552  -> 543  -> 553  -> 567  -> 549  -> 548  -> 542  -> 571  -> 546  -> 554  -> 545  -> 557  -> 577  -> 551  -> 564  -> 565  -> 547  -> 550  -> 578  -> 572  -> 561  -> 580  -> 569  -> 570  -> 579  -> 573  -> 566  -> 568  -> 576  -> 559  -> 544  -> 556  -> 555  -> 563  -> 562  -> 575  -> 558  -> 574  -> 
Charging time: 
382.3877586070034  + 436.0605926297165  + 270.233330775383  + 291.05055494652913  + 594.6982303726005  + 335.19836472109273  + 640.7172155270147  + 583.5202762500625  + 720.3096540243059  + 264.1361863868328  + 433.9712613200882  + 321.9869647047409  + 571.0441808655399  + 486.77695950220726  + 237.81947792157393  + 740.379743172308  + 293.9325037102822  + 243.65487866050137  + 434.6652074081111  + 880.6796230545988  + 435.18950730133497  + 247.5011741456305  + 246.6308135844352  + 427.46111991864325  + 354.6900680509692  + 440.20239464271236  + 294.5298213369779  + 595.319708911962  + 298.054579650323  + 644.0768523276145  + 577.3443393949938  + 247.07858861499122  + 732.578486688254  + 250.33609078425758  + 963.6898459413812  + 353.78014808031156  + 969.9495238568855  + 476.79801652039487  + 300.78806374060656  + 454.73456630506706  + 
total node:40/40
-------------------
Traveling energy: 2444.739158945712
Charging energy: 92369.7833717912
Total energy used: 94814.52253073691
-------------------
Total time for travel: 2444.739158945712
Total time for charging: 18473.95667435824
Charging round duration: 20918.69583330395
-------------------
ID | p | E0 | time_arrive | E_remain | time_charge | energy_charge| E_after_charge | E_after_cycle
541 | 0.08 | 8929.67 | 137.76 | 8918.65 | 382.39 | 1911.94 | 10800.00 | 8936.13
560 | 0.15 | 8768.92 | 558.78 | 8685.11 | 436.06 | 2180.30 | 10800.00 | 7376.44
552 | 0.07 | 9539.72 | 1028.08 | 9467.75 | 270.23 | 1351.17 | 10800.00 | 9223.58
543 | 0.06 | 9445.62 | 1390.21 | 9362.21 | 291.05 | 1455.25 | 10800.00 | 9471.76
553 | 0.15 | 8175.97 | 1735.04 | 7915.71 | 594.70 | 2973.49 | 10800.00 | 7576.68
567 | 0.10 | 9393.61 | 2360.78 | 9157.53 | 335.20 | 1675.99 | 10800.00 | 8687.74
549 | 0.14 | 8071.92 | 2755.76 | 7686.11 | 640.72 | 3203.59 | 10800.00 | 7940.91
548 | 0.12 | 8368.67 | 3468.74 | 7952.42 | 583.52 | 2917.60 | 10800.00 | 8428.04
542 | 0.13 | 7823.38 | 4086.85 | 7292.09 | 720.31 | 3601.55 | 10800.00 | 8328.52
571 | 0.07 | 9837.03 | 4845.95 | 9497.81 | 264.14 | 1320.68 | 10800.00 | 9490.41
546 | 0.08 | 9074.87 | 5125.09 | 8664.86 | 433.97 | 2169.86 | 10800.00 | 9339.24
554 | 0.07 | 9603.28 | 5581.11 | 9212.60 | 321.99 | 1609.93 | 10800.00 | 9545.92
545 | 0.10 | 8599.94 | 5980.60 | 8001.88 | 571.04 | 2855.22 | 10800.00 | 9073.31
557 | 0.11 | 9143.53 | 6580.61 | 8419.66 | 486.78 | 2433.88 | 10800.00 | 8957.37
577 | 0.07 | 10125.28 | 7110.43 | 9627.55 | 237.82 | 1189.10 | 10800.00 | 9647.08
551 | 0.14 | 8231.52 | 7355.50 | 7201.75 | 740.38 | 3701.90 | 10800.00 | 8598.83
564 | 0.07 | 9919.88 | 8128.03 | 9350.91 | 293.93 | 1469.66 | 10800.00 | 9722.24
565 | 0.06 | 10104.33 | 8466.44 | 9596.34 | 243.65 | 1218.27 | 10800.00 | 9893.49
547 | 0.08 | 9118.54 | 8858.66 | 8409.85 | 434.67 | 2173.33 | 10548.40 | 9386.38
550 | 0.15 | 7933.98 | 9368.49 | 6528.70 | 880.68 | 4403.40 | 10800.00 | 8764.59
578 | 0.12 | 9916.15 | 10332.31 | 8676.28 | 435.19 | 2175.95 | 10800.00 | 9233.87
572 | 0.05 | 10008.82 | 10872.84 | 9465.18 | 247.50 | 1237.51 | 10690.31 | 10055.40
561 | 0.05 | 10044.15 | 11173.00 | 9485.50 | 246.63 | 1233.15 | 10706.32 | 10086.37
580 | 0.13 | 10206.35 | 11446.84 | 8718.26 | 427.46 | 2137.31 | 10800.00 | 9247.25
569 | 0.07 | 9777.76 | 11970.33 | 8939.84 | 354.69 | 1773.45 | 10688.46 | 9883.91
570 | 0.09 | 9754.94 | 12403.71 | 8638.61 | 440.20 | 2201.01 | 10800.00 | 9812.28
579 | 0.06 | 10092.81 | 12875.13 | 9320.31 | 294.53 | 1472.65 | 10775.28 | 10136.35
573 | 0.12 | 9491.60 | 13306.36 | 7894.84 | 595.32 | 2976.60 | 10800.00 | 9609.97
566 | 0.06 | 9973.46 | 13996.63 | 9133.66 | 298.05 | 1490.27 | 10606.05 | 10034.62
568 | 0.13 | 9523.94 | 14312.25 | 7663.35 | 644.08 | 3220.38 | 10800.00 | 9647.91
576 | 0.12 | 9782.37 | 14998.41 | 7982.56 | 577.34 | 2886.72 | 10800.00 | 9810.86
559 | 0.05 | 10025.94 | 15657.25 | 9243.08 | 247.08 | 1235.39 | 10466.12 | 10070.41
544 | 0.12 | 8115.54 | 15937.17 | 6203.08 | 732.58 | 3662.89 | 9778.06 | 8920.21
556 | 0.05 | 9895.48 | 16745.67 | 9058.20 | 250.34 | 1251.68 | 10297.36 | 9956.23
555 | 0.16 | 8225.70 | 17054.00 | 5497.06 | 963.69 | 4818.45 | 10161.32 | 9233.18
563 | 0.07 | 9802.91 | 18039.36 | 8540.15 | 353.78 | 1768.90 | 10284.29 | 9904.51
562 | 0.17 | 8683.41 | 18434.53 | 5549.54 | 969.95 | 4849.75 | 10234.39 | 9484.00
575 | 0.09 | 9351.87 | 19479.44 | 7598.72 | 476.80 | 2383.99 | 9939.80 | 9592.19
558 | 0.06 | 9882.82 | 19992.98 | 8683.24 | 300.79 | 1503.94 | 10169.14 | 9957.65
574 | 0.09 | 9805.62 | 20322.25 | 7976.61 | 454.73 | 2273.67 | 10209.36 | 9935.62
Vehicle 15
Charging tour: 
589  -> 588  -> 581  -> 585  -> 596  -> 591  -> 590  -> 614  -> 592  -> 584  -> 608  -> 582  -> 618  -> 593  -> 599  -> 607  -> 583  -> 615  -> 603  -> 604  -> 606  -> 587  -> 616  -> 610  -> 602  -> 611  -> 600  -> 601  -> 612  -> 594  -> 617  -> 595  -> 613  -> 586  -> 605  -> 609  -> 598  -> 597  -> 619  -> 
Charging time: 
278.52411010525674  + 538.4121828834024  + 500.9379072031786  + 421.99080866811994  + 442.1896954510281  + 298.7916128916462  + 401.06748529585724  + 267.92279605478285  + 398.24124347202223  + 646.0468883760983  + 451.3295964099415  + 312.78832048565596  + 327.8454028962562  + 534.2189913505617  + 393.85000060748206  + 438.7627954513018  + 726.3016572969576  + 383.46274409952974  + 592.5919737421273  + 365.3313061218371  + 383.9589125080837  + 782.3866754557132  + 406.36756057531943  + 447.861831672423  + 450.3664509726568  + 523.4316812756417  + 706.6533895436613  + 769.2701867162766  + 312.0306760269435  + 603.7882339056486  + 455.4106196387119  + 474.1266850054872  + 498.9307988231416  + 430.2692743853503  + 560.3531109223195  + 767.2703291578846  + 526.2222381798979  + 410.07688284568735  + 405.50815743195835  + 
total node:39/39
-------------------
Traveling energy: 2505.5166902322762
Charging energy: 93174.45606952923
Total energy used: 95679.97275976151
-------------------
Total time for travel: 2505.5166902322762
Total time for charging: 18634.891213905845
Charging round duration: 21140.40790413812
-------------------
ID | p | E0 | time_arrive | E_remain | time_charge | energy_charge| E_after_charge | E_after_cycle
589 | 0.06 | 9435.31 | 187.02 | 9424.09 | 278.52 | 1392.62 | 10800.00 | 9398.82
588 | 0.13 | 8243.05 | 500.94 | 8177.93 | 538.41 | 2692.06 | 10800.00 | 7838.70
581 | 0.10 | 8454.88 | 1094.78 | 8345.40 | 500.94 | 2504.69 | 10800.00 | 8577.72
585 | 0.09 | 8876.50 | 1649.77 | 8728.03 | 421.99 | 2109.95 | 10800.00 | 8842.79
596 | 0.12 | 8907.38 | 2210.51 | 8642.11 | 442.19 | 2210.95 | 10800.00 | 8260.10
591 | 0.07 | 9516.68 | 2710.31 | 9326.96 | 298.79 | 1493.96 | 10800.00 | 9343.34
590 | 0.09 | 9110.17 | 3104.61 | 8830.76 | 401.07 | 2005.34 | 10800.00 | 8971.84
614 | 0.15 | 10033.01 | 3549.59 | 9500.57 | 267.92 | 1339.61 | 10800.00 | 7799.84
592 | 0.09 | 9190.36 | 3841.36 | 8844.64 | 398.24 | 1991.21 | 10800.00 | 9037.89
584 | 0.12 | 8167.82 | 4337.72 | 7647.29 | 646.05 | 3230.23 | 10800.00 | 8539.83
608 | 0.13 | 9253.78 | 5013.51 | 8602.02 | 451.33 | 2256.65 | 10800.00 | 8414.02
582 | 0.06 | 9413.41 | 5541.91 | 9080.90 | 312.79 | 1563.94 | 10626.07 | 9548.24
618 | 0.07 | 9598.54 | 5925.95 | 9183.72 | 327.85 | 1639.23 | 10800.00 | 9570.47
593 | 0.11 | 8878.22 | 6277.77 | 8187.67 | 534.22 | 2671.09 | 10800.00 | 8929.28
599 | 0.09 | 9483.22 | 6855.81 | 8866.20 | 393.85 | 1969.25 | 10800.00 | 9308.80
607 | 0.11 | 9459.28 | 7316.63 | 8654.45 | 438.76 | 2193.81 | 10800.00 | 9033.05
583 | 0.12 | 8107.94 | 7796.82 | 7172.32 | 726.30 | 3631.51 | 10716.67 | 8881.22
615 | 0.13 | 10054.08 | 8627.29 | 8932.54 | 383.46 | 1917.31 | 10800.00 | 8874.99
603 | 0.11 | 8900.70 | 9077.01 | 7902.23 | 592.59 | 2962.96 | 10800.00 | 9243.62
604 | 0.07 | 9402.80 | 9733.80 | 8721.44 | 365.33 | 1826.66 | 10522.52 | 9562.16
606 | 0.08 | 9726.25 | 10191.56 | 8910.92 | 383.96 | 1919.79 | 10800.00 | 9740.56
587 | 0.13 | 8153.95 | 10583.95 | 6778.04 | 782.39 | 3911.93 | 10588.26 | 8969.47
616 | 0.08 | 9660.89 | 11402.14 | 8748.72 | 406.37 | 2031.84 | 10748.05 | 9787.25
610 | 0.11 | 9913.29 | 11848.52 | 8609.96 | 447.86 | 2239.31 | 10800.00 | 9532.56
602 | 0.09 | 9696.86 | 12312.86 | 8588.70 | 450.37 | 2251.83 | 10800.00 | 9805.02
611 | 0.13 | 9915.06 | 12801.30 | 8250.89 | 523.43 | 2617.16 | 10800.00 | 9435.80
600 | 0.13 | 9027.83 | 13412.73 | 7284.17 | 706.65 | 3533.27 | 10725.57 | 9464.68
601 | 0.14 | 8930.90 | 14125.17 | 6953.38 | 769.27 | 3846.35 | 10692.03 | 9442.66
612 | 0.06 | 9436.27 | 14935.47 | 8540.14 | 312.03 | 1560.15 | 10081.57 | 9567.31
594 | 0.11 | 8940.35 | 15314.51 | 7255.75 | 603.79 | 3018.94 | 10208.27 | 9339.25
617 | 0.09 | 9698.08 | 15972.22 | 8260.58 | 455.41 | 2277.05 | 10496.64 | 9831.46
595 | 0.09 | 9315.25 | 16501.83 | 7830.08 | 474.13 | 2370.63 | 10158.04 | 9542.21
613 | 0.10 | 9835.72 | 17034.42 | 8132.27 | 498.93 | 2494.65 | 10577.03 | 9948.51
586 | 0.08 | 9124.22 | 17553.62 | 7719.93 | 430.27 | 2151.35 | 9836.86 | 9370.09
605 | 0.11 | 9633.35 | 18016.88 | 7651.49 | 560.35 | 2801.77 | 10391.62 | 9815.07
609 | 0.15 | 9593.77 | 18599.66 | 6803.82 | 767.27 | 3836.35 | 10525.08 | 9857.33
598 | 0.10 | 9325.61 | 19480.16 | 7377.59 | 526.22 | 2631.11 | 9956.08 | 9574.86
597 | 0.08 | 9573.51 | 20130.49 | 7963.07 | 410.08 | 2050.38 | 9980.64 | 9718.41
619 | 0.08 | 9681.37 | 20567.07 | 8036.00 | 405.51 | 2027.54 | 10031.10 | 9803.42
Vehicle 16
Charging tour: 
624  -> 641  -> 621  -> 622  -> 629  -> 626  -> 643  -> 640  -> 623  -> 625  -> 620  -> 631  -> 639  -> 633  -> 634  -> 630  -> 635  -> 632  -> 627  -> 636  -> 642  -> 628  -> 646  -> 644  -> 638  -> 637  -> 645  -> 
Charging time: 
605.7156261779363  + 161.36784002534768  + 537.4447579308054  + 634.9186314042327  + 587.0633514662105  + 560.5170246447062  + 215.66262855801935  + 307.63929617686665  + 579.5091220463627  + 571.1461212605786  + 530.1762798358017  + 523.6487676159717  + 454.192286953195  + 239.8009191300636  + 477.36065042612495  + 421.91152020622275  + 437.3008070537527  + 314.8278278661376  + 585.750239163842  + 558.6155988247796  + 371.9561919869555  + 489.94182048887615  + 226.3137653861067  + 378.19104967030154  + 430.944971650268  + 276.03117439666784  + 292.2886510685696  + 
total node:27/27
-------------------
Traveling energy: 1897.9963125321403
Charging energy: 58851.18460707351
Total energy used: 60749.18091960565
-------------------
Total time for travel: 1897.9963125321403
Total time for charging: 11770.236921414702
Charging round duration: 13668.233233946843
-------------------
ID | p | E0 | time_arrive | E_remain | time_charge | energy_charge| E_after_charge | E_after_cycle
624 | 0.14 | 7872.09 | 113.35 | 7856.22 | 605.72 | 3028.58 | 10800.00 | 7566.07
641 | 0.06 | 10050.40 | 792.59 | 10002.84 | 161.37 | 806.84 | 10800.00 | 9428.12
621 | 0.11 | 8289.45 | 1068.66 | 8171.90 | 537.44 | 2687.22 | 10800.00 | 8356.63
622 | 0.13 | 7927.44 | 1688.44 | 7707.95 | 634.92 | 3174.59 | 10800.00 | 8005.62
629 | 0.14 | 8277.45 | 2361.27 | 7946.87 | 587.06 | 2935.32 | 10800.00 | 7878.17
626 | 0.12 | 8423.96 | 2994.02 | 8064.68 | 560.52 | 2802.59 | 10800.00 | 8368.32
643 | 0.07 | 9993.11 | 3661.77 | 9736.78 | 215.66 | 1078.31 | 10800.00 | 9404.12
640 | 0.09 | 9644.17 | 3940.88 | 9289.49 | 307.64 | 1538.20 | 10800.00 | 9038.70
623 | 0.11 | 8440.75 | 4314.05 | 7966.20 | 579.51 | 2897.55 | 10800.00 | 8718.25
625 | 0.11 | 8553.98 | 4971.65 | 8007.10 | 571.15 | 2855.73 | 10800.00 | 8789.67
620 | 0.09 | 8699.34 | 5583.41 | 8196.83 | 530.18 | 2650.88 | 10800.00 | 9206.55
631 | 0.11 | 8921.46 | 6200.98 | 8239.36 | 523.65 | 2618.24 | 10800.00 | 8919.67
639 | 0.11 | 9327.93 | 6808.49 | 8579.00 | 454.19 | 2270.96 | 10800.00 | 8978.85
633 | 0.05 | 9981.59 | 7372.06 | 9612.99 | 239.80 | 1199.00 | 10800.00 | 9989.67
634 | 0.10 | 9231.91 | 7709.74 | 8460.93 | 477.36 | 2386.80 | 10800.00 | 9236.85
630 | 0.08 | 9384.86 | 8258.30 | 8724.20 | 421.91 | 2109.56 | 10800.00 | 9588.93
635 | 0.09 | 9436.08 | 8702.47 | 8652.85 | 437.30 | 2186.50 | 10800.00 | 9478.91
632 | 0.06 | 9797.20 | 9207.49 | 9244.75 | 314.83 | 1574.14 | 10800.00 | 9942.23
627 | 0.10 | 8884.11 | 9542.90 | 7929.82 | 585.75 | 2928.75 | 10800.00 | 9431.01
636 | 0.11 | 9193.21 | 10225.85 | 8068.37 | 558.62 | 2793.08 | 10800.00 | 9366.25
642 | 0.08 | 9840.50 | 10881.57 | 8969.98 | 371.96 | 1859.78 | 10800.00 | 9794.80
628 | 0.08 | 9297.78 | 11353.63 | 8389.49 | 489.94 | 2449.71 | 10800.00 | 9842.00
646 | 0.05 | 10274.58 | 11896.71 | 9679.75 | 226.31 | 1131.57 | 10800.00 | 10215.22
644 | 0.08 | 9910.96 | 12145.74 | 8939.30 | 378.19 | 1890.96 | 10800.00 | 9896.43
638 | 0.08 | 9682.81 | 12538.30 | 8679.75 | 430.94 | 2154.72 | 10800.00 | 9932.06
637 | 0.05 | 10082.73 | 12981.77 | 9433.65 | 276.03 | 1380.16 | 10800.00 | 10271.96
645 | 0.06 | 10153.19 | 13285.01 | 9356.09 | 292.29 | 1461.44 | 10800.00 | 10185.52
Vehicle 17
Charging tour: 
680  -> 658  -> 683  -> 660  -> 657  -> 651  -> 682  -> 670  -> 650  -> 652  -> 649  -> 666  -> 655  -> 661  -> 671  -> 663  -> 647  -> 684  -> 648  -> 665  -> 669  -> 659  -> 676  -> 673  -> 654  -> 681  -> 672  -> 674  -> 675  -> 668  -> 653  -> 662  -> 664  -> 679  -> 656  -> 667  -> 677  -> 678  -> 
Charging time: 
433.6490636563167  + 251.1724432030435  + 338.897243577269  + 542.987329794409  + 251.4520013638773  + 343.1020702605294  + 358.0410643461042  + 364.0928163730704  + 796.7743480653278  + 343.1485665857664  + 905.1452334987441  + 250.84448279992898  + 637.1355585830163  + 483.4105942756576  + 389.1123627970203  + 481.3461192711701  + 532.4896702977983  + 509.21466793419665  + 749.5234554251222  + 490.34724019877797  + 589.378379379335  + 389.1084561235874  + 569.4851619498866  + 625.2404016486453  + 393.75630904706526  + 737.3208681640001  + 680.3315701684294  + 889.0785165259382  + 535.8250663515748  + 705.86513361146  + 251.08752069418898  + 612.9612168699927  + 343.15343381130884  + 857.8000489568307  + 451.26655006949966  + 652.5312146442704  + 906.4200935332375  + 586.1118563767795  + 
total node:38/38
-------------------
Traveling energy: 2356.8586125288048
Charging energy: 101143.04065116587
Total energy used: 103499.89926369466
-------------------
Total time for travel: 2356.8586125288048
Total time for charging: 20228.608130233173
Charging round duration: 22585.46674276198
-------------------
ID | p | E0 | time_arrive | E_remain | time_charge | energy_charge| E_after_charge | E_after_cycle
680 | 0.14 | 8707.30 | 105.99 | 8692.47 | 433.65 | 2168.25 | 10800.00 | 7540.95
658 | 0.05 | 8973.07 | 591.21 | 8943.51 | 251.17 | 1255.86 | 10186.81 | 9038.00
683 | 0.07 | 9195.69 | 949.33 | 9129.24 | 338.90 | 1694.49 | 10800.00 | 9222.88
660 | 0.14 | 8348.08 | 1335.71 | 8161.08 | 542.99 | 2714.94 | 10800.00 | 7728.42
657 | 0.05 | 8963.09 | 1980.38 | 8864.07 | 251.45 | 1257.26 | 10108.76 | 9029.42
651 | 0.07 | 9196.39 | 2396.34 | 9028.65 | 343.10 | 1715.51 | 10720.14 | 9244.61
682 | 0.08 | 9259.47 | 2762.87 | 9038.44 | 358.04 | 1790.21 | 10800.00 | 9144.19
670 | 0.08 | 9267.39 | 3234.06 | 9008.66 | 364.09 | 1820.46 | 10800.00 | 9182.37
650 | 0.15 | 7477.43 | 3611.88 | 6935.64 | 796.77 | 3983.87 | 10800.00 | 7888.51
652 | 0.07 | 9195.15 | 4469.53 | 8882.28 | 343.15 | 1715.74 | 10574.00 | 9243.59
649 | 0.16 | 7192.01 | 4830.73 | 6419.10 | 905.15 | 4525.73 | 10800.00 | 7906.77
666 | 0.05 | 8984.80 | 5742.54 | 8697.67 | 250.84 | 1254.22 | 9939.35 | 9048.09
655 | 0.12 | 8413.56 | 6023.16 | 7690.78 | 637.14 | 3185.68 | 10800.00 | 8741.01
661 | 0.10 | 9101.97 | 6706.87 | 8431.29 | 483.41 | 2417.05 | 10800.00 | 9137.17
671 | 0.08 | 9267.40 | 7240.17 | 8688.19 | 389.11 | 1945.56 | 10602.62 | 9307.48
663 | 0.10 | 9207.26 | 7658.52 | 8441.40 | 481.35 | 2406.73 | 10800.00 | 9232.13
647 | 0.10 | 8465.09 | 8207.08 | 7644.38 | 532.49 | 2662.45 | 10253.58 | 8745.69
684 | 0.12 | 9366.95 | 8765.99 | 8315.03 | 509.21 | 2546.07 | 10800.00 | 9054.80
648 | 0.13 | 7818.10 | 9315.88 | 6607.03 | 749.52 | 3747.62 | 10257.21 | 8469.30
665 | 0.10 | 9192.62 | 10096.02 | 8183.02 | 490.35 | 2451.74 | 10585.72 | 9262.50
669 | 0.12 | 9177.62 | 10655.28 | 7898.98 | 589.38 | 2946.89 | 10775.15 | 9266.28
659 | 0.08 | 9267.49 | 11282.27 | 8364.91 | 389.11 | 1945.54 | 10279.32 | 9307.55
676 | 0.12 | 9425.85 | 11707.85 | 8020.91 | 569.49 | 2847.43 | 10800.00 | 9415.05
673 | 0.13 | 9362.25 | 12362.83 | 7755.08 | 625.24 | 3126.20 | 10800.00 | 9392.04
654 | 0.08 | 9158.10 | 13027.96 | 8115.86 | 393.76 | 1968.78 | 10053.14 | 9221.40
681 | 0.16 | 9385.46 | 13463.08 | 7231.37 | 737.32 | 3686.60 | 10800.00 | 9261.10
672 | 0.14 | 9275.78 | 14235.63 | 7282.79 | 680.33 | 3401.66 | 10589.20 | 9342.84
674 | 0.18 | 9125.89 | 14990.62 | 6427.58 | 889.08 | 4445.39 | 10712.94 | 9283.94
675 | 0.11 | 9253.64 | 15988.36 | 7494.92 | 535.83 | 2679.13 | 10115.10 | 9312.72
668 | 0.14 | 8940.24 | 16635.99 | 6611.20 | 705.87 | 3529.33 | 10041.71 | 9134.97
653 | 0.05 | 8976.10 | 17429.52 | 8104.63 | 251.09 | 1255.44 | 9347.51 | 9040.61
662 | 0.12 | 8824.52 | 17757.74 | 6693.59 | 612.96 | 3064.81 | 9684.84 | 9031.10
664 | 0.07 | 9195.02 | 18421.00 | 7905.55 | 343.15 | 1715.77 | 9597.29 | 9243.49
679 | 0.18 | 9458.65 | 18872.20 | 6061.66 | 857.80 | 4289.00 | 10196.25 | 9460.31
656 | 0.09 | 8989.85 | 19803.62 | 7207.52 | 451.27 | 2256.33 | 9423.24 | 9102.51
667 | 0.13 | 8980.18 | 20277.91 | 6344.05 | 652.53 | 3262.66 | 9521.88 | 9146.42
677 | 0.17 | 8454.00 | 20966.97 | 4889.62 | 906.42 | 4532.10 | 9267.63 | 8936.95
678 | 0.12 | 9228.77 | 21891.58 | 6601.78 | 586.11 | 2930.56 | 9462.00 | 9301.10
Vehicle 18
Charging tour: 
686  -> 687  -> 695  -> 692  -> 703  -> 693  -> 685  -> 694  -> 707  -> 715  -> 710  -> 708  -> 704  -> 701  -> 696  -> 697  -> 722  -> 709  -> 725  -> 691  -> 702  -> 713  -> 711  -> 718  -> 689  -> 724  -> 717  -> 726  -> 698  -> 719  -> 705  -> 714  -> 723  -> 690  -> 720  -> 706  -> 688  -> 716  -> 712  -> 721  -> 700  -> 699  -> 
Charging time: 
477.4361678426497  + 260.8391799689598  + 494.60480163035896  + 452.7617958426154  + 357.2064835038266  + 357.1705414263031  + 405.0023006184995  + 588.9166160642756  + 404.9892281074757  + 568.763507987358  + 601.2762369900746  + 595.972689250743  + 309.34396884092075  + 634.9265997642093  + 357.21379237477964  + 644.2275604023599  + 691.4179323293838  + 548.2436878721896  + 739.1351302745418  + 452.76145157516333  + 309.1889003172897  + 595.9726889693203  + 644.2115817478929  + 794.4026486043265  + 357.1715335385967  + 404.9986456887543  + 309.3837011934594  + 595.9727076842074  + 644.0729774364379  + 643.6971215935537  + 309.3685657877474  + 739.136759656044  + 404.99522910006846  + 614.41607869566  + 791.8877092705084  + 357.2166120623989  + 357.2188809218819  + 261.40832113110406  + 691.4182394580665  + 548.2437623016098  + 405.0047775612122  + 261.40248588567056  + 
total node:42/42
-------------------
Traveling energy: 2404.272403716773
Charging energy: 104914.99800636251
Total energy used: 107319.27041007929
-------------------
Total time for travel: 2404.272403716773
Total time for charging: 20982.999601272502
Charging round duration: 23387.272004989274
-------------------
ID | p | E0 | time_arrive | E_remain | time_charge | energy_charge| E_after_charge | E_after_cycle
686 | 0.10 | 8475.93 | 153.69 | 8460.56 | 477.44 | 2387.18 | 10800.00 | 8481.26
687 | 0.05 | 8131.97 | 679.40 | 8098.00 | 260.84 | 1304.20 | 9389.16 | 8245.24
695 | 0.10 | 8475.94 | 995.08 | 8376.44 | 494.60 | 2473.02 | 10800.00 | 8567.11
692 | 0.09 | 8432.80 | 1514.98 | 8296.45 | 452.76 | 2263.81 | 10519.51 | 8552.93
703 | 0.07 | 8313.38 | 2035.12 | 8170.92 | 357.21 | 1786.03 | 9931.95 | 8432.11
693 | 0.07 | 8314.21 | 2426.08 | 8144.39 | 357.17 | 1785.85 | 9905.24 | 8432.77
685 | 0.08 | 8379.76 | 2806.09 | 8155.27 | 405.00 | 2025.01 | 10147.88 | 8499.28
694 | 0.13 | 8357.50 | 3273.25 | 7931.98 | 588.92 | 2944.58 | 10800.00 | 8205.67
707 | 0.08 | 8380.03 | 3870.75 | 8070.37 | 404.99 | 2024.95 | 10062.91 | 8499.49
715 | 0.12 | 8541.89 | 4312.09 | 8024.43 | 568.76 | 2843.82 | 10800.00 | 8527.48
710 | 0.12 | 8463.36 | 4979.87 | 7865.77 | 601.28 | 3006.38 | 10800.00 | 8611.51
708 | 0.12 | 8541.89 | 5666.93 | 7861.85 | 595.97 | 2979.86 | 10770.20 | 8663.52
704 | 0.06 | 8228.27 | 6271.02 | 7852.01 | 309.34 | 1546.72 | 9380.17 | 8345.87
701 | 0.13 | 8567.63 | 6613.24 | 7707.91 | 634.93 | 3174.63 | 10800.00 | 8645.85
696 | 0.07 | 8313.21 | 7291.80 | 7802.78 | 357.21 | 1786.07 | 9563.85 | 8431.98
697 | 0.13 | 8560.57 | 7667.46 | 7563.80 | 644.23 | 3221.14 | 10701.19 | 8685.30
722 | 0.14 | 8589.86 | 8416.60 | 7411.54 | 691.42 | 3457.09 | 10771.83 | 8712.35
709 | 0.11 | 8511.73 | 9144.85 | 7505.80 | 548.24 | 2741.22 | 10186.71 | 8632.91
725 | 0.15 | 8609.27 | 9830.72 | 7134.66 | 739.14 | 3695.68 | 10719.47 | 8732.16
691 | 0.09 | 8432.80 | 10693.35 | 7470.40 | 452.76 | 2263.81 | 9693.46 | 8552.94
702 | 0.06 | 8232.39 | 11170.12 | 7562.19 | 309.19 | 1545.94 | 9089.58 | 8349.23
713 | 0.12 | 8541.89 | 11572.36 | 7153.20 | 595.97 | 2979.86 | 10061.55 | 8663.52
711 | 0.13 | 8560.79 | 12225.01 | 6971.54 | 644.21 | 3221.06 | 10108.85 | 8685.43
718 | 0.16 | 8544.33 | 12922.07 | 6476.80 | 794.40 | 3972.01 | 10321.71 | 8705.38
689 | 0.07 | 8314.19 | 13744.99 | 7352.04 | 357.17 | 1785.86 | 9112.90 | 8432.75
724 | 0.08 | 8379.83 | 14232.23 | 7241.25 | 405.00 | 2024.99 | 9233.85 | 8499.34
717 | 0.06 | 8227.21 | 14702.33 | 7345.07 | 309.38 | 1546.92 | 8873.43 | 8345.02
726 | 0.12 | 8541.88 | 15047.35 | 6736.20 | 595.97 | 2979.86 | 9644.55 | 8663.52
698 | 0.13 | 8562.63 | 15677.53 | 6524.55 | 644.07 | 3220.36 | 9661.18 | 8686.58
719 | 0.13 | 8567.63 | 16366.82 | 6439.94 | 643.70 | 3218.49 | 9574.75 | 8689.70
705 | 0.06 | 8227.61 | 17029.08 | 7205.87 | 309.37 | 1546.84 | 8734.15 | 8345.34
714 | 0.15 | 8609.25 | 17378.32 | 6002.50 | 739.14 | 3695.68 | 9587.32 | 8732.15
723 | 0.08 | 8379.90 | 18163.82 | 6926.80 | 405.00 | 2024.98 | 8919.37 | 8499.39
690 | 0.12 | 8285.48 | 18589.00 | 6054.80 | 614.42 | 3072.08 | 9053.15 | 8499.33
720 | 0.16 | 8571.47 | 19279.68 | 5486.72 | 791.89 | 3959.44 | 9319.46 | 8719.94
706 | 0.07 | 8313.14 | 20081.03 | 6907.47 | 357.22 | 1786.08 | 8668.55 | 8431.93
688 | 0.07 | 8313.09 | 20462.08 | 6880.74 | 357.22 | 1786.09 | 8641.83 | 8431.89
716 | 0.05 | 8114.27 | 20841.01 | 7072.22 | 261.41 | 1307.04 | 8366.19 | 8230.38
712 | 0.14 | 8589.86 | 21135.63 | 5630.87 | 691.42 | 3457.09 | 8991.16 | 8712.35
721 | 0.11 | 8511.73 | 21887.42 | 6104.11 | 548.24 | 2741.22 | 8785.03 | 8632.91
700 | 0.08 | 8379.70 | 22488.69 | 6580.61 | 405.00 | 2025.02 | 8573.23 | 8499.24
699 | 0.05 | 8114.45 | 22958.25 | 6966.54 | 261.40 | 1307.01 | 8260.48 | 8230.54
Vehicle 19
Charging tour: 
727  -> 749  -> 740  -> 728  -> 734  -> 745  -> 757  -> 732  -> 736  -> 731  -> 729  -> 760  -> 744  -> 730  -> 753  -> 748  -> 761  -> 750  -> 746  -> 735  -> 759  -> 737  -> 733  -> 743  -> 762  -> 739  -> 763  -> 741  -> 751  -> 754  -> 758  -> 764  -> 738  -> 765  -> 755  -> 756  -> 742  -> 747  -> 752  -> 
Charging time: 
724.8719138490311  + 350.02529135911755  + 252.02252270534518  + 605.0429125124339  + 242.476351989671  + 256.74228818219893  + 345.30712472363564  + 499.08354811780424  + 382.2443402315794  + 303.1897948454011  + 893.9847670448135  + 409.47080972289194  + 368.5719294089164  + 303.87879959479733  + 295.5660863625824  + 347.09442679791545  + 444.80746363231333  + 646.7187441360809  + 295.2140609339087  + 544.7395293827791  + 666.7160103365205  + 301.7092346999535  + 619.7883715776297  + 532.3781193243099  + 607.1104523565605  + 601.6803236848255  + 556.2065454321155  + 594.1402764208706  + 348.9643714521015  + 720.6060527429959  + 680.4783341367335  + 546.6680228698574  + 354.6160243332901  + 479.1246490738653  + 699.4000414846048  + 647.8862294029026  + 350.01712846437493  + 700.1304869837218  + 454.4009772916591  + 
total node:39/39
-------------------
Traveling energy: 2404.330342724909
Charging energy: 94865.37178801055
Total energy used: 97269.70213073546
-------------------
Total time for travel: 2404.330342724909
Total time for charging: 18973.074357602112
Charging round duration: 21377.40470032702
-------------------
ID | p | E0 | time_arrive | E_remain | time_charge | energy_charge| E_after_charge | E_after_cycle
727 | 0.15 | 7301.71 | 115.62 | 7284.37 | 724.87 | 3624.36 | 10800.00 | 7353.29
749 | 0.12 | 9200.30 | 903.52 | 9091.88 | 350.03 | 1750.13 | 10800.00 | 8092.20
740 | 0.06 | 9638.47 | 1391.00 | 9555.01 | 252.02 | 1260.11 | 10800.00 | 9469.47
728 | 0.12 | 8058.65 | 1760.45 | 7847.39 | 605.04 | 3025.21 | 10800.00 | 8225.63
734 | 0.05 | 9719.40 | 2393.08 | 9599.74 | 242.48 | 1212.38 | 10800.00 | 9740.85
745 | 0.07 | 9721.19 | 2670.45 | 9534.26 | 256.74 | 1283.71 | 10800.00 | 9337.60
757 | 0.15 | 9583.00 | 3051.63 | 9125.26 | 345.31 | 1726.54 | 10800.00 | 7736.76
732 | 0.10 | 8700.10 | 3456.09 | 8354.49 | 499.08 | 2495.42 | 10800.00 | 8813.66
736 | 0.08 | 9244.79 | 4067.91 | 8919.36 | 382.24 | 1911.22 | 10800.00 | 9250.53
731 | 0.06 | 9512.53 | 4542.83 | 9239.96 | 303.19 | 1515.95 | 10737.72 | 9599.37
729 | 0.16 | 7257.01 | 4899.35 | 6473.11 | 893.98 | 4469.92 | 10800.00 | 7915.97
760 | 0.13 | 9560.76 | 5806.81 | 8805.88 | 409.47 | 2047.35 | 10800.00 | 8511.70
744 | 0.08 | 9486.89 | 6253.33 | 8986.63 | 368.57 | 1842.86 | 10800.00 | 9424.27
730 | 0.06 | 9490.96 | 6660.53 | 9091.33 | 303.88 | 1519.39 | 10592.49 | 9581.24
753 | 0.06 | 9757.89 | 6977.11 | 9339.27 | 295.57 | 1477.83 | 10799.36 | 9806.61
748 | 0.08 | 9681.73 | 7367.99 | 9092.30 | 347.09 | 1735.47 | 10800.00 | 9511.72
761 | 0.10 | 9395.06 | 7746.15 | 8620.44 | 444.81 | 2224.04 | 10800.00 | 9237.24
750 | 0.13 | 8722.51 | 8246.38 | 7650.48 | 646.72 | 3233.59 | 10800.00 | 8859.69
746 | 0.06 | 9769.53 | 8925.67 | 9233.99 | 295.21 | 1476.07 | 10692.35 | 9816.49
735 | 0.10 | 8824.10 | 9249.44 | 7899.16 | 544.74 | 2723.70 | 10568.38 | 9165.95
759 | 0.13 | 8828.94 | 9814.25 | 7553.09 | 666.72 | 3333.58 | 10800.00 | 9066.11
737 | 0.06 | 9559.21 | 10501.93 | 8929.10 | 301.71 | 1508.55 | 10419.54 | 9638.65
733 | 0.11 | 8531.17 | 10897.61 | 7332.44 | 619.79 | 3098.94 | 10363.20 | 9010.07
743 | 0.10 | 9028.99 | 11628.86 | 7866.11 | 532.38 | 2661.89 | 10474.76 | 9309.03
762 | 0.14 | 9555.24 | 12184.23 | 7849.44 | 607.11 | 3035.55 | 10800.00 | 9256.19
739 | 0.11 | 8787.93 | 12895.83 | 7369.38 | 601.68 | 3008.40 | 10311.60 | 9176.29
763 | 0.13 | 9860.13 | 13606.61 | 8091.27 | 556.21 | 2781.03 | 10800.00 | 9544.75
741 | 0.11 | 8899.45 | 14185.25 | 7339.07 | 594.14 | 2970.70 | 10244.42 | 9250.11
751 | 0.07 | 9642.21 | 14820.67 | 8604.76 | 348.96 | 1744.82 | 10325.15 | 9719.73
754 | 0.14 | 9338.77 | 15221.04 | 7207.82 | 720.61 | 3603.03 | 10709.97 | 9607.20
758 | 0.14 | 9731.24 | 15988.34 | 7492.88 | 680.48 | 3402.39 | 10800.00 | 9799.04
764 | 0.11 | 9672.27 | 16694.44 | 7835.88 | 546.67 | 2733.34 | 10509.09 | 9785.57
738 | 0.07 | 9488.54 | 17252.01 | 8280.89 | 354.62 | 1773.08 | 10029.15 | 9594.32
765 | 0.10 | 10032.54 | 17622.48 | 8270.29 | 479.12 | 2395.62 | 10618.00 | 10046.31
755 | 0.13 | 8934.64 | 18174.48 | 6571.96 | 699.40 | 3497.00 | 9978.04 | 9335.23
756 | 0.13 | 9645.04 | 18891.65 | 7189.13 | 647.89 | 3239.43 | 10344.33 | 9788.06
742 | 0.07 | 9613.21 | 19662.94 | 8236.80 | 350.02 | 1750.09 | 9962.38 | 9695.99
747 | 0.13 | 8925.32 | 20049.96 | 6318.83 | 700.13 | 3500.65 | 9728.46 | 9329.56
752 | 0.09 | 9520.57 | 20788.84 | 7649.57 | 454.40 | 2272.00 | 9880.68 | 9648.90
Network survivability: 100.0%
networkSurvivabilityOverThousand: 76.5%
Average dead duration: 119969.15064429068
Traveling energy: 45580.16216620356
total calculate time: 54.562962770462036
