total sensor 498
gen: 1
gen: 2
gen: 3
gen: 4
gen: 5
gen: 6
gen: 7
gen: 8
gen: 9
gen: 10
gen: 11
gen: 12
gen: 13
gen: 14
gen: 15
gen: 16
gen: 17
gen: 18
gen: 19
gen: 20
gen: 21
gen: 22
gen: 23
gen: 24
gen: 25
gen: 26
gen: 27
gen: 28
gen: 29
gen: 30
gen: 31
gen: 32
gen: 33
gen: 34
gen: 35
gen: 36
gen: 37
gen: 38
gen: 39
gen: 40
gen: 41
gen: 42
gen: 43
gen: 44
gen: 45
gen: 46
gen: 47
gen: 48
gen: 49
gen: 50
Number of charging vehicles: 20
Survey time: 23390.00640048209
Network clustering infor: 
Cluster 0:
[1, 2, 3, 4, 5, 6, 7, 8, 9, 10, 11, 12, 13, 14, 15, 16, 17, 18, 19, 20, 21, 22, 23, 24, 25]
Cluster 1:
[26, 27, 28, 29, 30, 31, 32, 33, 34, 35, 36, 37, 38, 39, 40, 41, 42, 43, 44, 45, 46, 47]
Cluster 2:
[48, 49, 50, 51, 52, 53, 54, 55, 56, 57, 58, 59, 60, 61, 62, 63, 64, 65, 66, 67, 68, 69, 70, 71, 72, 73, 74, 75, 76, 77, 78, 79]
Cluster 3:
[80, 81, 82, 83, 84, 85, 86, 87, 88, 89, 90, 91, 92, 93, 94, 95, 96, 97, 98, 99, 100, 101, 102, 103, 104, 105, 106]
Cluster 4:
[107, 108, 109, 110, 111, 112, 113, 114, 115, 116, 117, 118, 119, 120, 121, 122, 123, 124, 125]
Cluster 5:
[126, 127, 128, 129, 130, 131, 132, 133, 134, 135, 136, 137, 138, 139, 140, 141, 142, 143, 144, 145, 146, 147, 148, 149]
Cluster 6:
[150, 151, 152, 153, 154, 155, 156, 157, 158, 159, 160, 161, 162, 163, 164, 165, 166, 167, 168, 169, 170, 171, 172, 173, 174]
Cluster 7:
[175, 176, 177, 178, 179, 180, 181, 182, 183, 184, 185, 186, 187, 188, 189, 190, 191, 192, 193, 194]
Cluster 8:
[195, 196, 197, 198, 199, 200, 201, 202, 203, 204, 205, 206, 207, 208, 209, 210, 211, 212, 213, 214, 215, 216]
Cluster 9:
[217, 218, 219, 220, 221, 222, 223, 224, 225, 226, 227, 228, 229, 230, 231, 232, 233, 234, 235, 236, 237]
Cluster 10:
[238, 239, 240, 241, 242, 243, 244, 245, 246, 247, 248, 249, 250, 251, 252, 253, 254, 255, 256, 257, 258, 259, 260, 261, 262, 263, 264, 265]
Cluster 11:
[266, 267, 268, 269, 270, 271, 272, 273, 274, 275, 276, 277, 278, 279, 280, 281, 282, 283, 284, 285, 286, 287, 288, 289]
Cluster 12:
[290, 291, 292, 293, 294, 295, 296, 297, 298, 299, 300, 301, 302, 303, 304, 305, 306, 307, 308, 309, 310, 311, 312, 313, 314, 315, 316, 317]
Cluster 13:
[318, 319, 320, 321, 322, 323, 324, 325, 326, 327, 328, 329, 330, 331, 332, 333, 334, 335, 336, 337, 338, 339, 340, 341, 342]
Cluster 14:
[343, 344, 345, 346, 347, 348, 349, 350, 351, 352, 353, 354, 355, 356, 357, 358, 359, 360, 361, 362, 363, 364, 365, 366, 367, 368, 369, 370]
Cluster 15:
[371, 372, 373, 374, 375, 376, 377, 378, 379, 380, 381, 382, 383, 384, 385, 386, 387, 388, 389, 390, 391, 392, 393, 394, 395, 396, 397, 398, 399, 400, 401]
Cluster 16:
[402, 403, 404, 405, 406, 407, 408, 409, 410, 411, 412, 413, 414, 415, 416, 417, 418, 419, 420, 421, 422, 423, 424]
Cluster 17:
[425, 426, 427, 428, 429, 430, 431, 432, 433, 434, 435, 436, 437, 438, 439, 440, 441, 442, 443, 444, 445, 446, 447, 448, 449, 450, 451, 452, 453]
Cluster 18:
[454, 455, 456, 457, 458, 459, 460, 461, 462, 463, 464, 465, 466, 467, 468, 469, 470, 471, 472, 473, 474, 475]
Cluster 19:
[476, 477, 478, 479, 480, 481, 482, 483, 484, 485, 486, 487, 488, 489, 490, 491, 492, 493, 494, 495, 496, 497, 498]
Vehicle 0
Charging tour: 
9  -> 7  -> 25  -> 8  -> 13  -> 18  -> 1  -> 19  -> 20  -> 14  -> 12  -> 23  -> 11  -> 5  -> 21  -> 22  -> 16  -> 3  -> 17  -> 6  -> 15  -> 10  -> 2  -> 4  -> 24  -> 
Charging time: 
1059.1484673003001  + 238.77780526723058  + 1033.4591847351462  + 970.146591318162  + 1348.509689328213  + 1041.605920184612  + 482.88843983103453  + 1360.3669279312471  + 548.9270079173091  + 1049.7776595074429  + 237.41641951016226  + 1362.4269131718727  + 265.132075524277  + 720.358021279381  + 315.27293593241063  + 876.823677919872  + 903.7517337311049  + 715.4428919108184  + 1138.1784230084004  + 1138.133530897583  + 878.8319456238856  + 373.7952317976322  + 575.2080325913469  + 881.7087740691978  + 286.39254684665593  + 
Traveling energy: 987.5957643235304
Charging energy: 99012.40423567648
Total energy used: 100000.00000000001
Charging round duration: 20790.076611458826
ID | p | E0 | time_arrive | E_remain | time_charge | energy_charge| E_after_charge | E_after_cycle
9 | 0.12 | 2647.18 | 37.40 | 2642.70 | 1059.15 | 5295.74 | 7811.34 | 5136.13
7 | 0.06 | 5871.07 | 1176.03 | 5800.50 | 238.78 | 1193.89 | 6980.07 | 5661.55
25 | 0.08 | 1808.66 | 1441.56 | 1693.33 | 1033.46 | 5167.30 | 6777.95 | 5104.75
8 | 0.12 | 2890.04 | 2502.65 | 2589.72 | 970.15 | 4850.73 | 7324.04 | 4933.97
13 | 0.15 | 2598.94 | 3530.84 | 2069.32 | 1348.51 | 6742.55 | 8609.59 | 5832.99
18 | 0.12 | 2691.77 | 4930.14 | 2100.15 | 1041.61 | 5208.03 | 7183.19 | 5093.00
1 | 0.18 | 8709.34 | 5993.28 | 7630.55 | 482.89 | 2414.44 | 9958.07 | 6913.58
19 | 0.15 | 2576.29 | 6500.51 | 1601.21 | 1360.37 | 6801.83 | 8198.99 | 5869.62
20 | 0.06 | 2553.86 | 7871.64 | 2081.56 | 548.93 | 2744.64 | 4793.26 | 3895.09
14 | 0.13 | 2893.38 | 8465.45 | 1792.87 | 1049.78 | 5248.89 | 6905.29 | 5101.57
12 | 0.05 | 4920.61 | 9567.15 | 4442.25 | 237.42 | 1187.08 | 5617.46 | 4938.19
23 | 0.15 | 2572.40 | 9851.37 | 1094.69 | 1362.43 | 6812.13 | 7702.46 | 5876.03
11 | 0.06 | 5287.48 | 11235.35 | 4613.36 | 265.13 | 1325.66 | 5923.11 | 5209.74
5 | 0.11 | 3567.83 | 11528.55 | 2299.69 | 720.36 | 3601.79 | 5822.24 | 4596.72
21 | 0.07 | 5187.65 | 12290.39 | 4327.33 | 315.27 | 1576.36 | 5881.62 | 5126.72
22 | 0.12 | 3197.63 | 12619.72 | 1683.27 | 876.82 | 4384.12 | 5962.17 | 4774.95
16 | 0.12 | 3102.36 | 13504.74 | 1481.79 | 903.75 | 4518.76 | 5892.10 | 4814.31
3 | 0.13 | 4245.49 | 14420.79 | 2370.79 | 715.44 | 3577.21 | 5855.00 | 4782.01
17 | 0.13 | 2668.66 | 15148.71 | 699.32 | 1138.18 | 5690.89 | 6242.25 | 5318.85
6 | 0.17 | 3489.92 | 16297.71 | 719.31 | 1138.13 | 5690.67 | 6216.49 | 5204.29
15 | 0.11 | 2924.47 | 17452.85 | 1004.65 | 878.83 | 4394.16 | 5302.14 | 4745.72
10 | 0.07 | 4375.46 | 18411.60 | 3086.65 | 373.80 | 1868.98 | 4929.46 | 4607.14
2 | 0.17 | 6905.32 | 18852.01 | 3700.48 | 575.21 | 2876.04 | 6478.73 | 5805.06
4 | 0.10 | 2649.93 | 19468.09 | 703.12 | 881.71 | 4408.54 | 5023.49 | 4719.47
24 | 0.06 | 4894.96 | 20449.26 | 3668.00 | 286.39 | 1431.96 | 5082.78 | 4923.52
Vehicle 1
Charging tour: 
37  -> 36  -> 43  -> 34  -> 40  -> 45  -> 28  -> 44  -> 38  -> 32  -> 33  -> 35  -> 30  -> 29  -> 42  -> 39  -> 26  -> 41  -> 47  -> 31  -> 
Charging time: 
368.641542041414  + 594.8977726423399  + 929.9469758827124  + 1743.9638409840175  + 1307.4110789432675  + 1124.9390568795404  + 1241.0148705088482  + 1475.1703573152936  + 1275.5267435548596  + 1129.6071273791467  + 1182.0578033703825  + 1203.1736681246916  + 1208.0064592718652  + 1101.9949211257792  + 419.64369484437066  + 940.8021959610388  + 858.575386239008  + 382.23198725787756  + 486.4314440572932  + 773.623348194479  + 
Traveling energy: 1261.6986271088808
Charging energy: 98738.30137289112
Total energy used: 100000.0
Charging round duration: 21009.358901687105
ID | p | E0 | time_arrive | E_remain | time_charge | energy_charge| E_after_charge | E_after_cycle
37 | 0.08 | 4902.97 | 162.16 | 4890.00 | 368.64 | 1843.21 | 6703.72 | 4874.98
36 | 0.08 | 3038.24 | 560.12 | 2993.43 | 594.90 | 2974.49 | 5920.32 | 4141.52
43 | 0.09 | 2186.54 | 1173.89 | 2080.89 | 929.95 | 4649.73 | 6646.93 | 4731.18
34 | 0.14 | 1813.70 | 2158.39 | 1511.52 | 1743.96 | 8719.82 | 9987.19 | 7258.91
40 | 0.11 | 1900.88 | 4018.47 | 1458.85 | 1307.41 | 6537.06 | 7852.09 | 5865.03
45 | 0.10 | 2008.38 | 5393.45 | 1469.03 | 1124.94 | 5624.70 | 6981.23 | 5294.07
28 | 0.16 | 2912.84 | 6533.12 | 1867.54 | 1241.01 | 6205.07 | 7874.05 | 5375.52
44 | 0.13 | 1991.02 | 7812.95 | 975.33 | 1475.17 | 7375.85 | 8159.41 | 6326.17
38 | 0.11 | 1948.40 | 9306.48 | 924.68 | 1275.53 | 6377.63 | 7162.01 | 5753.13
32 | 0.11 | 2200.08 | 10624.97 | 1031.34 | 1129.61 | 5648.04 | 6555.12 | 5275.22
33 | 0.12 | 2293.59 | 11792.26 | 878.52 | 1182.06 | 5910.29 | 6646.96 | 5397.08
35 | 0.12 | 2253.34 | 13039.68 | 688.58 | 1203.17 | 6015.87 | 6560.07 | 5462.41
30 | 0.15 | 2805.41 | 14257.12 | 666.84 | 1208.01 | 6040.03 | 6525.67 | 5336.94
29 | 0.15 | 3075.29 | 15524.34 | 746.64 | 1101.99 | 5509.97 | 6091.31 | 5076.76
42 | 0.07 | 3768.70 | 16646.44 | 2603.45 | 419.64 | 2098.22 | 4672.29 | 4229.62
39 | 0.09 | 2161.32 | 17090.21 | 623.20 | 940.80 | 4704.01 | 5242.54 | 4760.23
26 | 0.18 | 4736.61 | 18095.37 | 1479.45 | 858.58 | 4292.88 | 5617.78 | 4819.29
41 | 0.07 | 4137.57 | 19035.64 | 2805.07 | 382.23 | 1911.16 | 4689.48 | 4411.43
47 | 0.06 | 2786.79 | 19571.70 | 1612.48 | 486.43 | 2432.16 | 4015.45 | 3815.54
31 | 0.07 | 2044.29 | 20110.21 | 636.58 | 773.62 | 3868.12 | 4450.54 | 4275.11
[91m27 | 0.19 | 2086.11 | -2357.99[00m
46 | 0.07 | 4384.95 | 2747.65
Vehicle 2
Charging tour: 
54  -> 62  -> 61  -> 71  -> 63  -> 64  -> 73  -> 48  -> 65  -> 51  -> 76  -> 79  -> 60  -> 52  -> 59  -> 49  -> 69  -> 75  -> 78  -> 70  -> 55  -> 74  -> 58  -> 72  -> 
Charging time: 
1723.0096955198549  + 1369.2616398734185  + 99.74059916350103  + 1662.4598925263524  + 1545.4592622335558  + 348.2054120928933  + 1204.3878256793932  + 1101.830370980878  + 637.4645565353691  + 1028.918971276895  + 769.4475618261015  + 544.5431252617277  + 611.1292169732376  + 0  + 210.70713061871712  + 167.50568301120123  + 621.4562908281391  + 0  + 262.4409589821118  + 351.1785544592619  + 320.1375200643371  + 530.0757309308926  + 0  + 663.9059747302451  + 
Traveling energy: 1299.9549919539338
Charging energy: 78866.32986784041
Total energy used: 80166.28485979434
Charging round duration: 17073.220965522018
ID | p | E0 | time_arrive | E_remain | time_charge | energy_charge| E_after_charge | E_after_cycle
54 | 0.18 | 1478.08 | 81.20 | 1463.47 | 1723.01 | 8615.05 | 9768.37 | 5882.93
62 | 0.14 | 1446.62 | 1838.52 | 1189.23 | 1369.26 | 6846.31 | 7843.84 | 5018.33
61 | 0.05 | 7092.70 | 3308.04 | 6927.30 | 99.74 | 498.70 | 7421.02 | 6421.91
71 | 0.16 | 1361.70 | 3429.64 | 812.96 | 1662.46 | 8312.30 | 8859.27 | 5931.60
63 | 0.15 | 1373.24 | 5115.84 | 605.87 | 1545.46 | 7727.30 | 8101.35 | 5592.04
64 | 0.09 | 3656.96 | 6667.15 | 3056.92 | 348.21 | 1741.03 | 4766.61 | 3292.89
73 | 0.15 | 1762.13 | 7042.75 | 705.72 | 1204.39 | 6021.94 | 6547.00 | 4275.57
48 | 0.13 | 1669.33 | 8307.17 | 589.40 | 1101.83 | 5509.15 | 5955.31 | 4137.78
65 | 0.11 | 2441.46 | 9467.24 | 1400.07 | 637.46 | 3187.32 | 4517.27 | 3055.89
51 | 0.16 | 2200.15 | 10147.22 | 576.60 | 1028.92 | 5144.59 | 5556.56 | 3602.35
76 | 0.11 | 2022.68 | 11200.79 | 790.59 | 769.45 | 3847.24 | 4553.19 | 3297.02
79 | 0.11 | 2858.08 | 11982.76 | 1539.97 | 544.54 | 2722.72 | 4202.79 | 3007.89
60 | 0.10 | 2315.16 | 12576.94 | 1057.46 | 611.13 | 3055.65 | 4052.00 | 3031.80
[91m52 | 0.25 | 2513.06 | 13223.39 | -792.79 | 0.00 | 0.00 | -792.79 | -3334.45[00m
59 | 0.08 | 5371.86 | 13313.27 | 4306.80 | 210.71 | 1053.54 | 5343.48 | 4554.19
49 | 0.07 | 5912.65 | 13530.10 | 4965.54 | 167.51 | 837.53 | 5791.35 | 5112.88
69 | 0.11 | 2504.35 | 13732.96 | 993.73 | 621.46 | 3107.28 | 4032.65 | 3038.74
[91m75 | 0.14 | 1872.60 | 14431.31 | -147.78 | 0.00 | 0.00 | -147.78 | -1402.00[00m
78 | 0.09 | 4852.04 | 14466.08 | 3550.10 | 262.44 | 1312.20 | 4838.68 | 4059.15
70 | 0.10 | 4028.89 | 14759.27 | 2552.97 | 351.18 | 1755.89 | 4273.74 | 3445.79
55 | 0.09 | 3977.59 | 15196.56 | 2609.90 | 320.14 | 1600.69 | 4181.77 | 3473.17
74 | 0.10 | 2669.17 | 15587.67 | 1110.40 | 530.08 | 2650.38 | 3707.77 | 2980.55
[91m58 | 0.15 | 1413.49 | 16145.56 | -1008.34 | 0.00 | 0.00 | -1008.34 | -2095.01[00m
72 | 0.11 | 2344.23 | 16212.81 | 560.82 | 663.91 | 3319.53 | 3807.32 | 3090.86
[91m50 | 0.19 | 1507.69 | -2936.41[00m
[91m53 | 0.17 | 1402.65 | -2573.66[00m
[91m56 | 0.19 | 1556.93 | -2887.17[00m
[91m57 | 0.18 | 1525.03 | -2685.17[00m
[91m66 | 0.14 | 1448.62 | -1825.98[00m
[91m67 | 0.15 | 1384.72 | -2123.78[00m
[91m68 | 0.13 | 1556.84 | -1483.86[00m
[91m77 | 0.12 | 1756.32 | -1050.48[00m
Vehicle 3
Charging tour: 
103  -> 97  -> 96  -> 84  -> 98  -> 87  -> 83  -> 91  -> 102  -> 93  -> 86  -> 92  -> 94  -> 99  -> 95  -> 106  -> 82  -> 80  -> 90  -> 85  -> 88  -> 105  -> 100  -> 81  -> 104  -> 101  -> 89  -> 
Charging time: 
940.6229656561586  + 1265.2887816772568  + 1231.2947117578879  + 1121.4780601320322  + 76.38748985525531  + 358.53147389525515  + 1075.0532442012109  + 618.4750652053053  + 170.2841237794256  + 90.30687803026471  + 771.929535992028  + 807.5161250021824  + 641.5453950282835  + 0  + 770.388951628257  + 586.8342523632044  + 0  + 583.3098444847128  + 634.3501922408502  + 303.8335685870754  + 79.85891329489188  + 0  + 542.6627894563326  + 0  + 75.3524636624428  + 282.54587030829646  + 0  + 
Traveling energy: 2573.444791095696
Charging energy: 65139.25348119305
Total energy used: 67712.69827228875
Charging round duration: 15601.295487334308
ID | p | E0 | time_arrive | E_remain | time_charge | energy_charge| E_after_charge | E_after_cycle
103 | 0.14 | 1626.08 | 135.22 | 1607.15 | 940.62 | 4703.11 | 6178.57 | 3054.59
97 | 0.16 | 1381.53 | 1104.74 | 1204.77 | 1265.29 | 6326.44 | 7328.77 | 3965.57
96 | 0.16 | 1419.67 | 2445.70 | 1028.36 | 1231.29 | 6156.47 | 6987.82 | 3833.74
84 | 0.17 | 1656.10 | 3782.75 | 1013.03 | 1121.48 | 5607.39 | 6429.77 | 3287.19
98 | 0.05 | 7151.16 | 4956.29 | 6903.35 | 76.39 | 381.94 | 7281.46 | 6363.60
87 | 0.11 | 3351.92 | 5037.36 | 2797.81 | 358.53 | 1792.66 | 4551.03 | 2571.68
83 | 0.18 | 1829.24 | 5435.88 | 850.78 | 1075.05 | 5375.27 | 6032.54 | 2994.31
91 | 0.13 | 2296.41 | 6523.44 | 1448.36 | 618.48 | 3092.38 | 4460.34 | 2348.09
102 | 0.07 | 4491.10 | 7198.87 | 3987.18 | 170.28 | 851.42 | 4826.68 | 3705.22
93 | 0.05 | 6048.92 | 7436.01 | 5677.12 | 90.31 | 451.53 | 6124.14 | 5330.96
86 | 0.12 | 1698.37 | 7600.13 | 786.35 | 771.93 | 3859.65 | 4553.37 | 2751.22
92 | 0.12 | 1623.52 | 8434.49 | 611.39 | 807.52 | 4037.58 | 4552.06 | 2854.30
94 | 0.11 | 1873.24 | 9346.63 | 845.11 | 641.55 | 3207.73 | 3982.27 | 2508.07
[91m99 | 0.16 | 1425.57 | 10106.71 | -191.51 | 0.00 | 0.00 | -191.51 | -2316.83[00m
95 | 0.14 | 1985.39 | 10252.90 | 549.99 | 770.39 | 3851.94 | 4294.08 | 2562.74
106 | 0.10 | 1861.72 | 11171.30 | 744.59 | 586.83 | 2934.17 | 3620.07 | 2456.89
[91m82 | 0.17 | 1508.42 | 11810.87 | -499.43 | 0.00 | 0.00 | -499.43 | -2467.88[00m
80 | 0.25 | 4682.41 | 11913.34 | 1704.07 | 583.31 | 2916.55 | 4474.80 | 1751.46
90 | 0.13 | 2238.94 | 12644.25 | 595.19 | 634.35 | 3171.75 | 3684.48 | 2369.99
85 | 0.08 | 2876.62 | 13297.62 | 1812.81 | 303.83 | 1519.17 | 3307.67 | 2524.59
88 | 0.05 | 6840.30 | 13775.34 | 6151.54 | 79.86 | 399.29 | 6546.84 | 6070.10
[91m105 | 0.15 | 1405.14 | 14044.58 | -701.55 | 0.00 | 0.00 | -701.55 | -2103.36[00m
100 | 0.16 | 3221.21 | 14111.38 | 963.39 | 542.66 | 2713.31 | 3589.87 | 2192.12
[91m81 | 0.19 | 1442.15 | 14767.14 | -1363.60 | 0.00 | 0.00 | -1363.60 | -3001.95[00m
104 | 0.05 | 7249.39 | 14905.95 | 6504.09 | 75.35 | 376.76 | 6877.08 | 6456.65
101 | 0.10 | 3866.69 | 15029.74 | 2363.72 | 282.55 | 1412.73 | 3748.19 | 2940.42
[91m89 | 0.18 | 1410.36 | 15403.10 | -1362.20 | 0.00 | 0.00 | -1362.20 | -2799.84[00m
Vehicle 4
Charging tour: 
123  -> 116  -> 112  -> 121  -> 114  -> 122  -> 108  -> 120  -> 125  -> 110  -> 107  -> 117  -> 109  -> 113  -> 118  -> 119  -> 115  -> 111  -> 
Charging time: 
1112.5221988181286  + 382.69853991247714  + 1856.94774596799  + 1320.4869202236205  + 1616.772215096459  + 1674.5619906321754  + 1245.5936119974197  + 628.2474558285467  + 455.9064090082726  + 1451.9097141537904  + 1256.4726601675677  + 0  + 1170.2094955740502  + 1261.452823228661  + 778.8042763032531  + 848.5268995360011  + 358.7005055835049  + 620.3472380537851  + 
Traveling energy: 785.6598345216291
Charging energy: 90200.80350042852
Total energy used: 90986.46333495015
Charging round duration: 18825.820534607334
ID | p | E0 | time_arrive | E_remain | time_charge | energy_charge| E_after_charge | E_after_cycle
123 | 0.10 | 2135.03 | 58.65 | 2129.17 | 1112.52 | 5562.61 | 7580.52 | 5358.64
116 | 0.07 | 4344.64 | 1202.50 | 4260.47 | 382.70 | 1913.49 | 6147.17 | 4620.83
112 | 0.20 | 2558.25 | 1654.01 | 2227.45 | 1856.95 | 9284.74 | 11140.80 | 7164.99
121 | 0.11 | 1978.66 | 3537.43 | 1589.54 | 1320.49 | 6602.43 | 8046.72 | 6008.19
114 | 0.15 | 2203.71 | 4894.17 | 1469.59 | 1616.77 | 8083.86 | 9310.93 | 6779.07
122 | 0.13 | 1843.97 | 6561.68 | 990.96 | 1674.56 | 8372.81 | 9146.07 | 7176.08
108 | 0.18 | 3432.49 | 8272.72 | 1943.40 | 1245.59 | 6227.97 | 7947.16 | 5450.25
120 | 0.09 | 3402.71 | 9535.14 | 2544.54 | 628.25 | 3141.24 | 5629.24 | 4438.84
125 | 0.07 | 3646.99 | 10190.53 | 2933.66 | 455.91 | 2279.53 | 5181.28 | 4289.23
110 | 0.17 | 2781.14 | 10674.83 | 966.41 | 1451.91 | 7259.55 | 7979.14 | 6064.38
107 | 0.16 | 3024.68 | 12138.48 | 1082.52 | 1256.47 | 6282.36 | 7163.85 | 5564.64
[91m117 | 0.14 | 1844.66 | 13404.13 | -31.92 | 0.00 | 0.00 | -31.92 | -1429.94[00m
109 | 0.16 | 3247.65 | 13435.90 | 1097.91 | 1170.21 | 5851.05 | 6761.72 | 5356.30
113 | 0.14 | 2636.15 | 14655.40 | 584.39 | 1261.45 | 6307.26 | 6715.05 | 5668.81
118 | 0.08 | 2439.91 | 15962.64 | 1162.90 | 778.80 | 3894.02 | 4994.62 | 4462.73
119 | 0.10 | 2799.29 | 16778.42 | 1121.44 | 848.53 | 4242.63 | 5279.23 | 4702.92
115 | 0.06 | 3973.12 | 17659.84 | 2913.53 | 358.70 | 1793.50 | 4685.51 | 4363.23
111 | 0.09 | 3446.04 | 18032.43 | 1823.12 | 620.35 | 3101.74 | 4869.03 | 4442.68
[91m124 | 0.25 | 859.59 | -4987.91[00m
Vehicle 5
Charging tour: 
136  -> 149  -> 140  -> 143  -> 126  -> 137  -> 139  -> 141  -> 132  -> 129  -> 131  -> 135  -> 145  -> 148  -> 138  -> 133  -> 134  -> 144  -> 130  -> 142  -> 128  -> 147  -> 146  -> 
Charging time: 
920.2813644316451  + 2110.282182062084  + 1077.7447781607323  + 836.9493597683598  + 1492.9135777188078  + 1420.9631590574636  + 207.67866967920423  + 821.2764283340048  + 300.8254422155439  + 1048.4838130636515  + 528.6272603917854  + 1008.0060045353238  + 784.7582130439296  + 275.68194236099384  + 754.0623412861798  + 0  + 549.7070892273562  + 749.3791022758361  + 554.9701690489671  + 604.3757629632057  + 604.2265833907576  + 503.3977818847129  + 642.6427063341374  + 
Traveling energy: 1381.6002049668095
Charging energy: 88986.16865617341
Total energy used: 90367.76886114021
Charging round duration: 19178.833936201492
ID | p | E0 | time_arrive | E_remain | time_charge | energy_charge| E_after_charge | E_after_cycle
136 | 0.13 | 2138.04 | 126.30 | 2121.62 | 920.28 | 4601.41 | 6603.39 | 3698.74
149 | 0.12 | 860.66 | 1103.77 | 728.21 | 2110.28 | 10551.41 | 11026.39 | 8605.27
140 | 0.14 | 1966.09 | 3251.85 | 1510.84 | 1077.74 | 5388.72 | 6748.68 | 4080.22
143 | 0.11 | 1989.23 | 4401.67 | 1505.05 | 836.95 | 4184.75 | 5597.73 | 3601.08
126 | 0.20 | 2027.63 | 5304.02 | 966.82 | 1492.91 | 7464.57 | 8132.81 | 4814.19
137 | 0.17 | 1810.75 | 6838.76 | 648.16 | 1420.96 | 7104.82 | 7511.41 | 4939.26
139 | 0.06 | 4372.72 | 8328.09 | 3873.04 | 207.68 | 1038.39 | 4898.97 | 4007.71
141 | 0.11 | 2027.20 | 8612.69 | 1079.80 | 821.28 | 4106.38 | 5095.84 | 3560.68
132 | 0.07 | 3521.89 | 9453.03 | 2860.18 | 300.83 | 1504.13 | 4343.25 | 3388.72
129 | 0.15 | 2165.32 | 9806.42 | 694.36 | 1048.48 | 5242.42 | 5779.50 | 3899.24
131 | 0.09 | 2576.83 | 10913.76 | 1594.59 | 528.63 | 2643.14 | 4190.15 | 3114.86
135 | 0.16 | 2402.42 | 11471.23 | 567.02 | 1008.01 | 5040.03 | 5445.77 | 3700.05
145 | 0.12 | 2314.40 | 12487.90 | 815.85 | 784.76 | 3923.79 | 4645.47 | 3431.39
148 | 0.07 | 3843.10 | 13359.94 | 2907.91 | 275.68 | 1378.41 | 4267.02 | 3584.21
138 | 0.11 | 2207.89 | 13678.03 | 703.31 | 754.06 | 3770.31 | 4390.67 | 3405.30
[91m133 | 0.25 | 1964.15 | 14456.46 | -1649.96 | 0.00 | 0.00 | -1649.96 | -3883.35[00m
134 | 0.08 | 2202.68 | 14554.30 | 1038.33 | 549.71 | 2748.54 | 3742.89 | 3080.01
144 | 0.11 | 2221.69 | 15228.55 | 546.55 | 749.38 | 3746.90 | 4211.01 | 3395.68
130 | 0.12 | 3272.68 | 16008.11 | 1351.71 | 554.97 | 2774.85 | 4059.96 | 3240.73
142 | 0.11 | 2754.72 | 16567.67 | 932.28 | 604.38 | 3021.88 | 3887.68 | 3203.70
128 | 0.11 | 2755.40 | 17242.03 | 858.78 | 604.23 | 3021.13 | 3813.45 | 3203.64
147 | 0.08 | 2405.31 | 17856.09 | 976.82 | 503.40 | 2516.99 | 3453.54 | 3051.10
146 | 0.12 | 2826.21 | 18387.53 | 619.70 | 642.64 | 3213.21 | 3755.80 | 3232.62
127 | 0.06 | 2768.98 | 1365.58
Vehicle 6
Charging tour: 
167  -> 158  -> 166  -> 168  -> 163  -> 156  -> 162  -> 152  -> 153  -> 161  -> 155  -> 174  -> 157  -> 150  -> 159  -> 172  -> 171  -> 160  -> 164  -> 173  -> 169  -> 165  -> 170  -> 151  -> 154  -> 
Charging time: 
627.41613647287  + 1101.1407036785981  + 685.9950807563137  + 299.73067154008857  + 993.0891064543692  + 1416.269293003385  + 1307.365097041322  + 833.3745285340128  + 1008.5465151686101  + 1048.358379623564  + 1109.4574742613338  + 1080.818428617563  + 898.8581097991363  + 392.5764314011869  + 989.1179388782481  + 984.8310294594523  + 805.2168314058312  + 384.5453408260202  + 251.069179811021  + 833.3107768900703  + 409.72127782593077  + 316.57330961990925  + 765.047073170993  + 756.6296303256876  + 488.80321365275086  + 
Traveling energy: 1060.6922089086563
Charging energy: 98939.30779109133
Total energy used: 99999.99999999999
Charging round duration: 20848.55376712692
ID | p | E0 | time_arrive | E_remain | time_charge | energy_charge| E_after_charge | E_after_cycle
167 | 0.09 | 2769.95 | 143.77 | 2757.01 | 627.42 | 3137.08 | 5837.62 | 3801.93
158 | 0.17 | 2981.20 | 794.39 | 2846.15 | 1101.14 | 5505.70 | 8164.66 | 4510.60
166 | 0.09 | 2533.41 | 1925.28 | 2360.14 | 686.00 | 3429.98 | 5728.38 | 3858.29
168 | 0.07 | 4509.74 | 2644.26 | 4324.64 | 299.73 | 1498.65 | 5802.32 | 4371.09
163 | 0.13 | 2527.78 | 2995.14 | 2138.42 | 993.09 | 4965.45 | 6974.76 | 4452.53
156 | 0.22 | 2999.59 | 4040.39 | 2110.70 | 1416.27 | 7081.35 | 8880.47 | 4935.13
162 | 0.18 | 2658.65 | 5522.59 | 1664.58 | 1307.37 | 6536.83 | 7966.08 | 4985.27
152 | 0.11 | 2548.81 | 6846.53 | 1795.69 | 833.37 | 4166.87 | 5870.89 | 4142.78
153 | 0.15 | 2871.97 | 7689.72 | 1718.51 | 1008.55 | 5042.73 | 6609.96 | 4406.20
161 | 0.16 | 2947.10 | 8741.43 | 1548.47 | 1048.36 | 5241.79 | 6622.53 | 4446.49
155 | 0.24 | 4177.20 | 9852.36 | 1812.63 | 1109.46 | 5547.29 | 7093.65 | 4110.89
174 | 0.14 | 2501.27 | 11018.12 | 958.73 | 1080.82 | 5404.09 | 6211.51 | 4630.76
157 | 0.15 | 3222.44 | 12145.74 | 1400.58 | 898.86 | 4494.29 | 5760.04 | 4208.23
150 | 0.08 | 3935.05 | 13091.89 | 2887.70 | 392.58 | 1962.88 | 4819.18 | 4026.73
159 | 0.16 | 3123.61 | 13540.15 | 957.18 | 989.12 | 4945.59 | 5744.52 | 4326.80
172 | 0.13 | 2548.98 | 14578.26 | 653.81 | 984.83 | 4924.16 | 5449.93 | 4432.43
171 | 0.11 | 2637.94 | 15598.89 | 922.06 | 805.22 | 4026.08 | 4859.57 | 4091.12
160 | 0.07 | 3515.08 | 16454.61 | 2363.26 | 384.55 | 1922.73 | 4259.07 | 3800.51
164 | 0.06 | 4614.69 | 16840.77 | 3604.24 | 251.07 | 1255.35 | 4844.53 | 4466.64
173 | 0.11 | 2549.00 | 17097.34 | 668.30 | 833.31 | 4166.55 | 4743.19 | 4142.66
169 | 0.09 | 4241.69 | 17951.75 | 2626.03 | 409.72 | 2048.61 | 4637.76 | 4185.19
165 | 0.08 | 4879.78 | 18371.57 | 3410.06 | 316.57 | 1582.87 | 4967.60 | 4591.45
170 | 0.11 | 2776.45 | 18703.30 | 719.08 | 765.05 | 3825.24 | 4460.16 | 4028.78
151 | 0.13 | 3317.76 | 19516.14 | 780.66 | 756.63 | 3783.15 | 4465.45 | 4060.21
154 | 0.10 | 3950.49 | 20278.66 | 1922.62 | 488.80 | 2444.02 | 4317.76 | 4055.50
Vehicle 7
Charging tour: 
190  -> 176  -> 185  -> 177  -> 188  -> 192  -> 180  -> 194  -> 187  -> 181  -> 193  -> 184  -> 178  -> 189  -> 175  -> 
Charging time: 
2912.2899062955103  + 2657.286075073542  + 1883.5357732988973  + 2252.885961328894  + 1529.6617017390192  + 1197.9940696508922  + 1231.656985733527  + 415.7125109997291  + 437.8581719269857  + 950.6202503884349  + 653.4686054641932  + 397.0519706835002  + 0  + 404.74231531661496  + 902.9599412224434  + 
Traveling energy: 806.830160087053
Charging energy: 89138.62119561093
Total energy used: 89945.45135569798
Charging round duration: 18634.554399209243
ID | p | E0 | time_arrive | E_remain | time_charge | energy_charge| E_after_charge | E_after_cycle
190 | 0.14 | 1163.85 | 184.83 | 1137.98 | 2912.29 | 14561.45 | 15291.70 | 12450.70
176 | 0.22 | 2004.42 | 3199.21 | 1300.59 | 2657.29 | 13286.43 | 14002.42 | 10145.05
185 | 0.11 | 1413.91 | 5875.49 | 767.61 | 1883.54 | 9417.68 | 9978.10 | 8258.69
177 | 0.22 | 2364.22 | 7835.71 | 640.36 | 2252.89 | 11264.43 | 11409.16 | 8482.85
188 | 0.10 | 1582.74 | 10091.92 | 573.55 | 1529.66 | 7648.31 | 8068.89 | 6892.05
192 | 0.11 | 2223.02 | 11635.07 | 943.16 | 1197.99 | 5989.97 | 6801.35 | 5640.08
180 | 0.09 | 1769.12 | 12939.03 | 604.61 | 1231.66 | 6158.28 | 6652.04 | 5822.30
194 | 0.08 | 4659.09 | 14237.61 | 3520.08 | 415.71 | 2078.56 | 5565.39 | 4866.45
187 | 0.06 | 3317.59 | 14690.92 | 2436.13 | 437.86 | 2189.29 | 4599.15 | 4103.48
181 | 0.08 | 2037.45 | 15142.42 | 826.06 | 950.62 | 4753.10 | 5503.11 | 4919.35
193 | 0.07 | 2593.45 | 16099.52 | 1466.48 | 653.47 | 3267.34 | 4688.08 | 4223.49
184 | 0.06 | 3658.54 | 16777.26 | 2651.91 | 397.05 | 1985.26 | 4613.35 | 4240.40
[91m178 | 0.15 | 1805.94 | 17187.58 | -772.20 | 0.00 | 0.00 | -772.20 | -1702.56[00m
189 | 0.07 | 4187.20 | 17207.96 | 2982.64 | 404.74 | 2023.71 | 4978.02 | 4573.61
175 | 0.15 | 4021.86 | 17640.48 | 1375.79 | 902.96 | 4514.80 | 5755.15 | 5028.16
[91m179 | 0.15 | 1700.52 | -1807.98[00m
[91m182 | 0.12 | 1267.22 | -1539.58[00m
[91m183 | 0.16 | 1093.92 | -2648.49[00m
[91m186 | 0.14 | 1269.40 | -2005.20[00m
[91m191 | 0.13 | 1161.64 | -1879.06[00m
Vehicle 8
Charging tour: 
203  -> 216  -> 211  -> 201  -> 195  -> 210  -> 205  -> 196  -> 212  -> 209  -> 208  -> 200  -> 215  -> 198  -> 202  -> 213  -> 199  -> 197  -> 214  -> 204  -> 206  -> 207  -> 
Charging time: 
543.7543162943875  + 3776.15762232751  + 759.2464972874958  + 259.9795349893292  + 295.6178109890247  + 976.8521988511951  + 997.0605414376331  + 815.2180397845063  + 694.296847650129  + 977.6315545697391  + 831.636236541614  + 862.9333249938054  + 518.2777579028424  + 754.7843312482595  + 1205.624634863625  + 577.1575274317246  + 963.2660089292391  + 767.3627806901476  + 955.3230244666245  + 1085.6234869667098  + 430.85989382236477  + 741.2355661758025  + 
Traveling energy: 1050.5023089314586
Charging energy: 98949.49769106852
Total energy used: 99999.99999999999
Charging round duration: 20840.401847145164
ID | p | E0 | time_arrive | E_remain | time_charge | energy_charge| E_after_charge | E_after_cycle
203 | 0.07 | 4448.21 | 138.29 | 4438.53 | 543.75 | 2718.77 | 7119.24 | 5529.69
216 | 0.12 | 1098.05 | 686.10 | 1015.72 | 3776.16 | 18880.79 | 19443.37 | 17172.04
211 | 0.08 | 3640.81 | 4485.75 | 3281.95 | 759.25 | 3796.23 | 7017.44 | 5565.84
201 | 0.05 | 6645.40 | 5260.79 | 6382.36 | 259.98 | 1299.90 | 7669.26 | 6775.80
195 | 0.23 | 26883.61 | 5545.94 | 25608.04 | 295.62 | 1478.09 | 27018.14 | 22982.00
210 | 0.11 | 3890.94 | 5908.69 | 3240.98 | 976.85 | 4884.26 | 8017.79 | 6202.30
205 | 0.12 | 4158.63 | 6894.68 | 3331.27 | 997.06 | 4985.30 | 8196.92 | 6337.13
196 | 0.13 | 5510.11 | 7970.31 | 4473.97 | 815.22 | 4076.09 | 8444.08 | 6545.50
212 | 0.08 | 3981.39 | 8806.83 | 3276.85 | 694.30 | 3471.48 | 6692.79 | 5581.68
209 | 0.11 | 3887.84 | 9603.48 | 2831.45 | 977.63 | 4888.16 | 7612.07 | 6203.09
208 | 0.09 | 3739.38 | 10603.56 | 2785.06 | 831.64 | 4158.18 | 6868.39 | 5792.46
200 | 0.12 | 4805.01 | 11452.50 | 3430.71 | 862.93 | 4314.67 | 7641.83 | 6312.88
215 | 0.08 | 5333.57 | 12395.34 | 4341.94 | 518.28 | 2591.39 | 6891.87 | 6053.76
198 | 0.08 | 3662.33 | 12928.81 | 2628.03 | 754.78 | 3773.92 | 6341.56 | 5565.05
202 | 0.14 | 4012.42 | 13735.14 | 2089.50 | 1205.62 | 6028.12 | 7948.84 | 6765.94
213 | 0.08 | 4789.45 | 14954.68 | 3593.08 | 577.16 | 2885.79 | 6432.69 | 5804.04
199 | 0.11 | 3945.82 | 15555.38 | 2234.72 | 963.27 | 4816.33 | 6945.10 | 6189.25
197 | 0.09 | 4052.59 | 16539.11 | 2564.06 | 767.36 | 3836.81 | 6331.82 | 5784.30
214 | 0.11 | 3978.62 | 17329.70 | 2072.36 | 955.32 | 4776.62 | 6743.89 | 6182.34
204 | 0.14 | 4455.94 | 18368.80 | 1884.31 | 1085.62 | 5428.12 | 7160.44 | 6609.45
206 | 0.06 | 4811.78 | 19507.82 | 3641.31 | 430.86 | 2154.30 | 5769.76 | 5562.68
207 | 0.10 | 4661.59 | 20070.65 | 2654.53 | 741.24 | 3706.18 | 6286.58 | 6028.77
Vehicle 9
Charging tour: 
234  -> 222  -> 227  -> 228  -> 224  -> 221  -> 223  -> 230  -> 219  -> 233  -> 226  -> 231  -> 217  -> 218  -> 235  -> 236  -> 225  -> 232  -> 229  -> 220  -> 237  -> 
Charging time: 
1017.3313138763608  + 1275.7520958586852  + 1271.5850521033701  + 435.84116879621365  + 871.7973659090846  + 1179.4264115399271  + 292.6702050373312  + 1323.5647831485203  + 1125.0219513229665  + 1620.0138705457825  + 468.46159112189576  + 265.86945008381  + 457.6392730024701  + 986.189178286344  + 1498.713417790429  + 970.014294108263  + 1273.1686061221199  + 797.6721698402541  + 971.0220857606806  + 1038.5085932310344  + 658.8379653695175  + 
Traveling energy: 1004.4957857246796
Charging energy: 98995.50421427531
Total energy used: 99999.99999999999
Charging round duration: 20803.596628579744
ID | p | E0 | time_arrive | E_remain | time_charge | energy_charge| E_after_charge | E_after_cycle
234 | 0.12 | 3116.62 | 81.63 | 3106.82 | 1017.33 | 5086.66 | 8071.40 | 5396.47
222 | 0.13 | 2692.41 | 1137.97 | 2544.48 | 1275.75 | 6378.76 | 8757.39 | 6030.47
227 | 0.12 | 2493.45 | 2500.98 | 2193.33 | 1271.59 | 6357.93 | 8398.67 | 6044.57
228 | 0.05 | 3031.14 | 3866.93 | 2837.80 | 435.84 | 2179.21 | 4995.21 | 4040.85
224 | 0.11 | 3333.82 | 4313.43 | 2859.34 | 871.80 | 4358.99 | 7122.43 | 5119.91
221 | 0.15 | 3360.36 | 5234.70 | 2575.15 | 1179.43 | 5897.13 | 8295.37 | 5748.99
223 | 0.06 | 5416.74 | 6421.94 | 5031.42 | 292.67 | 1463.35 | 6477.21 | 5476.69
230 | 0.12 | 2395.53 | 6748.73 | 1585.68 | 1323.56 | 6617.82 | 8044.67 | 6206.55
219 | 0.13 | 3053.14 | 8121.97 | 1997.29 | 1125.02 | 5625.11 | 7476.14 | 5637.55
233 | 0.14 | 2283.36 | 9263.01 | 986.54 | 1620.01 | 8100.07 | 8859.81 | 7108.83
226 | 0.07 | 3948.11 | 10892.52 | 3185.63 | 468.46 | 2342.31 | 5495.15 | 4653.11
231 | 0.06 | 5962.77 | 11388.44 | 5279.46 | 265.87 | 1329.35 | 6592.85 | 5888.71
217 | 0.15 | 8660.30 | 11667.54 | 6910.17 | 457.64 | 2288.20 | 9129.72 | 7439.99
218 | 0.17 | 4554.63 | 12264.70 | 2469.64 | 986.19 | 4930.95 | 7232.93 | 5509.28
235 | 0.13 | 2291.87 | 13299.47 | 562.94 | 1498.71 | 7493.57 | 7861.67 | 6744.73
236 | 0.09 | 2451.49 | 14818.79 | 1117.79 | 970.01 | 4850.07 | 5880.56 | 5196.46
225 | 0.13 | 2697.88 | 15842.55 | 638.35 | 1273.17 | 6365.84 | 6838.68 | 6023.02
232 | 0.09 | 2981.14 | 17134.25 | 1439.06 | 797.67 | 3988.36 | 5355.63 | 4864.40
229 | 0.09 | 2448.94 | 17954.37 | 833.05 | 971.02 | 4855.11 | 5600.77 | 5198.95
220 | 0.15 | 3816.33 | 18985.43 | 968.52 | 1038.51 | 5192.54 | 6005.28 | 5500.37
237 | 0.10 | 4010.39 | 20071.57 | 2003.23 | 658.84 | 3294.19 | 5231.54 | 4965.58
Vehicle 10
Charging tour: 
260  -> 242  -> 256  -> 262  -> 245  -> 257  -> 248  -> 250  -> 254  -> 265  -> 239  -> 251  -> 261  -> 249  -> 253  -> 252  -> 240  -> 263  -> 264  -> 246  -> 259  -> 241  -> 238  -> 255  -> 
Charging time: 
882.5649481764908  + 1076.0947355050398  + 1032.5701664242101  + 893.6257071827707  + 157.75117557267365  + 1040.668804195555  + 931.0306574410847  + 1032.5648101724778  + 0  + 1045.0585902148316  + 905.5565092027854  + 513.2745693169871  + 839.2648781551148  + 716.7821897659837  + 693.904801572487  + 0  + 0  + 260.2110901177757  + 528.5661353132973  + 487.2872538102642  + 159.21901285675224  + 511.02556960406446  + 394.5887178287569  + 234.64336941967062  + 
Traveling energy: 1111.8519124374225
Charging energy: 71681.26845924536
Total energy used: 72793.12037168279
Charging round duration: 15448.105604286495
ID | p | E0 | time_arrive | E_remain | time_charge | energy_charge| E_after_charge | E_after_cycle
260 | 0.11 | 1535.52 | 129.24 | 1521.31 | 882.56 | 4412.82 | 5837.05 | 3375.45
242 | 0.17 | 1946.29 | 1044.74 | 1768.69 | 1076.09 | 5380.47 | 6966.23 | 3350.47
256 | 0.12 | 1431.77 | 2145.31 | 1174.33 | 1032.57 | 5162.85 | 6213.27 | 3787.82
262 | 0.11 | 1516.52 | 3220.77 | 1162.23 | 893.63 | 4468.13 | 5532.06 | 3411.74
245 | 0.06 | 4685.85 | 4131.96 | 4437.94 | 157.75 | 788.76 | 5217.23 | 4071.21
257 | 0.12 | 1420.62 | 4362.52 | 897.12 | 1040.67 | 5203.34 | 5975.58 | 3817.17
248 | 0.11 | 1455.59 | 5443.22 | 856.84 | 931.03 | 4655.15 | 5409.58 | 3537.84
250 | 0.13 | 1551.09 | 6387.60 | 720.70 | 1032.56 | 5162.82 | 5749.29 | 3673.21
[91m254 | 0.14 | 1252.62 | 7442.11 | 210.72 | 0.00 | 0.00 | 210.72 | -2021.98[00m
265 | 0.13 | 1532.54 | 7451.52 | 563.85 | 1045.06 | 5225.29 | 5653.28 | 3717.14
239 | 0.16 | 2176.78 | 8578.81 | 804.17 | 905.56 | 4527.78 | 5187.06 | 2962.16
251 | 0.09 | 2160.24 | 9523.84 | 1303.10 | 513.27 | 2566.37 | 3823.28 | 2621.52
261 | 0.12 | 1761.54 | 10069.04 | 553.26 | 839.26 | 4196.32 | 4648.87 | 3151.06
249 | 0.09 | 1546.91 | 10939.53 | 562.35 | 716.78 | 3583.91 | 4081.75 | 3025.72
253 | 0.09 | 1597.91 | 11674.15 | 547.24 | 693.90 | 3469.52 | 3954.31 | 2962.34
[91m252 | 0.14 | 1334.60 | 12414.35 | -403.41 | 0.00 | 0.00 | -403.41 | -1940.00[00m
[91m240 | 0.21 | 933.31 | 12484.77 | -1688.49 | 0.00 | 0.00 | -1688.49 | -3978.59[00m
263 | 0.06 | 2840.77 | 12504.90 | 2090.47 | 260.21 | 1301.06 | 3375.92 | 2738.42
264 | 0.10 | 2330.83 | 12797.58 | 1051.07 | 528.57 | 2642.83 | 3641.05 | 2634.66
246 | 0.08 | 2022.62 | 13359.37 | 953.87 | 487.29 | 2436.44 | 3351.33 | 2587.86
259 | 0.06 | 4642.66 | 13891.44 | 3809.17 | 159.22 | 796.10 | 4595.71 | 4035.35
241 | 0.11 | 2651.92 | 14129.45 | 1097.68 | 511.03 | 2555.13 | 3596.59 | 2634.15
238 | 0.10 | 3122.23 | 14685.36 | 1653.70 | 394.59 | 1972.94 | 3587.18 | 2756.18
255 | 0.06 | 3150.31 | 15117.31 | 2243.27 | 234.64 | 1173.22 | 3402.41 | 2920.13
[91m243 | 0.14 | 1618.04 | -1656.56[00m
244 | 0.10 | 3323.84 | 984.84
[91m247 | 0.14 | 1271.30 | -2003.30[00m
[91m258 | 0.11 | 1464.10 | -1108.80[00m
Vehicle 11
Charging tour: 
282  -> 273  -> 267  -> 279  -> 278  -> 268  -> 274  -> 269  -> 281  -> 277  -> 270  -> 266  -> 284  -> 272  -> 275  -> 285  -> 287  -> 276  -> 271  -> 283  -> 280  -> 288  -> 286  -> 
Charging time: 
1125.8497298354202  + 356.2822648529252  + 792.1768204075582  + 1428.271911327107  + 768.072727508052  + 764.506949625201  + 1064.6326592175333  + 788.6280000500905  + 616.8991508387379  + 1132.5935434183195  + 0  + 0  + 631.7503118366312  + 804.0171706462148  + 774.9766175712613  + 286.58861668350426  + 259.25350205591593  + 117.69156544570164  + 756.5872713931792  + 683.4371391785071  + 692.2415810900025  + 589.3300807571968  + 596.9900927401077  + 
Traveling energy: 1251.088453465692
Charging energy: 75153.88853239582
Total energy used: 76404.97698586152
Charging round duration: 16281.866159944859
ID | p | E0 | time_arrive | E_remain | time_charge | energy_charge| E_after_charge | E_after_cycle
282 | 0.16 | 1902.51 | 133.36 | 1881.18 | 1125.85 | 5629.25 | 7330.29 | 3789.36
273 | 0.10 | 3757.46 | 1296.02 | 3627.85 | 356.28 | 1781.41 | 5373.64 | 3199.87
267 | 0.15 | 2534.88 | 1681.93 | 2282.59 | 792.18 | 3960.88 | 6124.65 | 2987.26
279 | 0.19 | 1780.86 | 2492.24 | 1307.34 | 1428.27 | 7141.36 | 8177.33 | 4478.12
278 | 0.13 | 2265.84 | 3956.95 | 1751.44 | 768.07 | 3840.36 | 5491.95 | 3065.50
268 | 0.12 | 2101.30 | 4742.31 | 1532.22 | 764.51 | 3822.53 | 5263.02 | 3117.03
274 | 0.18 | 2263.40 | 5547.33 | 1264.88 | 1064.63 | 5323.16 | 6396.41 | 3376.36
269 | 0.15 | 2546.29 | 6726.24 | 1537.35 | 788.63 | 3943.14 | 5362.20 | 2980.92
281 | 0.10 | 2170.07 | 7549.19 | 1415.15 | 616.90 | 3084.50 | 4437.96 | 2915.57
277 | 0.17 | 2009.38 | 8203.34 | 614.82 | 1132.59 | 5662.97 | 6085.24 | 3696.05
[91m270 | 0.27 | 1689.16 | 9370.81 | -840.96 | 0.00 | 0.00 | -840.96 | -4626.15[00m
[91m266 | 0.27 | 1401.44 | 9453.85 | -1151.10 | 0.00 | 0.00 | -1151.10 | -4913.87[00m
284 | 0.11 | 2330.96 | 9527.43 | 1282.95 | 631.75 | 3158.75 | 4372.20 | 2916.81
272 | 0.18 | 2997.06 | 10173.32 | 1165.86 | 804.02 | 4020.09 | 5041.22 | 2806.94
275 | 0.12 | 2072.91 | 11009.45 | 751.78 | 774.98 | 3874.88 | 4533.66 | 3140.99
285 | 0.08 | 3736.97 | 11836.31 | 2790.06 | 286.59 | 1432.94 | 4200.08 | 3298.71
287 | 0.07 | 3614.61 | 12251.62 | 2757.00 | 259.25 | 1296.27 | 4035.12 | 3273.58
276 | 0.05 | 5687.39 | 12527.16 | 5061.03 | 117.69 | 588.46 | 5643.60 | 5106.34
271 | 0.20 | 3538.82 | 12692.02 | 1000.42 | 756.59 | 3782.94 | 4632.04 | 2643.76
283 | 0.11 | 2154.68 | 13507.70 | 668.83 | 683.44 | 3417.19 | 4010.84 | 2998.96
280 | 0.11 | 2127.27 | 14228.09 | 562.18 | 692.24 | 3461.21 | 3947.24 | 3015.58
288 | 0.10 | 2271.59 | 14968.34 | 774.75 | 589.33 | 2946.65 | 3662.47 | 2879.24
286 | 0.11 | 2466.68 | 15600.85 | 750.59 | 596.99 | 2984.95 | 3669.87 | 2878.73
[91m289 | 0.10 | 543.53 | -1795.47[00m
Vehicle 12
Charging tour: 
308  -> 299  -> 294  -> 293  -> 305  -> 300  -> 307  -> 295  -> 296  -> 290  -> 292  -> 306  -> 312  -> 301  -> 297  -> 298  -> 311  -> 316  -> 313  -> 291  -> 314  -> 309  -> 304  -> 315  -> 302  -> 303  -> 
Charging time: 
974.2369344256206  + 1130.143562962952  + 1088.413051524287  + 155.64554268507334  + 982.9943504503135  + 1127.1473122862365  + 1088.9260782671886  + 1119.2977439294903  + 1154.4674914505913  + 0  + 1084.4513148513186  + 146.08729347696678  + 829.258562348312  + 930.8677244658838  + 588.4629728707945  + 0  + 173.68343900293644  + 717.1825103708597  + 592.3646117085858  + 260.25416097568115  + 608.730880887262  + 626.0238713215069  + 263.1985045466692  + 225.69593809354933  + 274.94926906473995  + 488.9770590343713  + 
Traveling energy: 1257.6408319932252
Charging energy: 83157.30090500596
Total energy used: 84414.94173699919
Charging round duration: 17889.10101299442
ID | p | E0 | time_arrive | E_remain | time_charge | energy_charge| E_after_charge | E_after_cycle
308 | 0.16 | 2310.06 | 17.81 | 2307.21 | 974.24 | 4871.18 | 7022.52 | 3438.84
299 | 0.19 | 2364.77 | 995.28 | 2175.66 | 1130.14 | 5650.72 | 7611.65 | 3571.38
294 | 0.18 | 2326.20 | 2242.55 | 1922.54 | 1088.41 | 5442.07 | 7168.69 | 3558.06
293 | 0.07 | 6326.00 | 3358.57 | 6090.90 | 155.65 | 778.23 | 6858.24 | 5466.93
305 | 0.16 | 2289.48 | 3538.26 | 1723.36 | 982.99 | 4914.97 | 6481.05 | 3462.05
300 | 0.18 | 2246.26 | 4557.92 | 1425.83 | 1127.15 | 5635.74 | 6858.68 | 3671.79
307 | 0.17 | 2195.93 | 5711.02 | 1225.06 | 1088.93 | 5444.63 | 6484.57 | 3664.26
295 | 0.19 | 2387.68 | 6842.31 | 1087.64 | 1119.30 | 5596.49 | 6471.46 | 3540.07
296 | 0.20 | 2436.78 | 8010.02 | 834.78 | 1154.47 | 5772.34 | 6376.22 | 3531.12
[91m290 | 0.28 | 1984.87 | 9208.85 | -593.60 | 0.00 | 0.00 | -593.60 | -4564.33[00m
292 | 0.26 | 3372.34 | 9270.83 | 961.92 | 1084.45 | 5422.26 | 6102.22 | 2713.20
306 | 0.06 | 5777.06 | 10368.16 | 5154.97 | 146.09 | 730.44 | 5876.64 | 5104.10
312 | 0.14 | 2374.69 | 10541.62 | 898.86 | 829.26 | 4146.29 | 4929.06 | 3246.38
301 | 0.15 | 2266.58 | 11422.51 | 553.21 | 930.87 | 4654.34 | 5067.91 | 3412.42
297 | 0.11 | 2629.31 | 12384.43 | 1267.02 | 588.46 | 2942.31 | 4144.61 | 2998.72
[91m298 | 0.20 | 2483.44 | 12998.47 | -116.25 | 0.00 | 0.00 | -116.25 | -2194.56[00m
311 | 0.06 | 4859.16 | 13046.05 | 4076.39 | 173.68 | 868.42 | 4934.39 | 4324.17
316 | 0.13 | 2549.66 | 13245.44 | 827.75 | 717.18 | 3585.91 | 4320.43 | 3094.87
313 | 0.11 | 2611.99 | 13972.21 | 1075.05 | 592.36 | 2961.82 | 3971.71 | 3000.91
291 | 0.06 | 3242.81 | 14670.40 | 2362.59 | 260.25 | 1301.27 | 3648.24 | 3140.68
314 | 0.13 | 3003.90 | 15034.76 | 1049.39 | 608.73 | 3043.65 | 4013.91 | 3006.86
309 | 0.11 | 2471.55 | 15694.23 | 745.19 | 626.02 | 3130.12 | 3806.44 | 3028.77
304 | 0.08 | 4275.38 | 16396.14 | 2963.69 | 263.20 | 1315.99 | 4258.63 | 3720.17
315 | 0.06 | 3739.35 | 16706.02 | 2736.98 | 225.70 | 1128.48 | 3851.92 | 3464.42
302 | 0.07 | 3581.08 | 17051.69 | 2387.46 | 274.95 | 1374.75 | 3742.96 | 3318.52
303 | 0.10 | 2876.60 | 17332.51 | 1143.35 | 488.98 | 2444.89 | 3539.34 | 2982.49
[91m310 | 0.16 | 2209.46 | -1532.94[00m
[91m317 | 0.12 | 1388.87 | -1417.93[00m
Vehicle 13
Charging tour: 
323  -> 335  -> 334  -> 324  -> 330  -> 327  -> 328  -> 331  -> 321  -> 340  -> 339  -> 337  -> 333  -> 342  -> 325  -> 341  -> 326  -> 322  -> 329  -> 338  -> 336  -> 318  -> 320  -> 332  -> 319  -> 
Charging time: 
1495.0187936507848  + 93.21639985053653  + 0  + 1526.867956103128  + 1107.4198556001463  + 183.77569182959627  + 774.5732389417204  + 661.6830056472111  + 928.6901675572624  + 749.1003764661888  + 109.3733291542533  + 617.6382339393107  + 69.0505323092666  + 392.5808662294875  + 444.6521754008469  + 191.12381783183372  + 0  + 0  + 503.73867625114013  + 189.0235627674432  + 91.54087103165918  + 0  + 136.3283743638132  + 490.3694166187578  + 0  + 
Traveling energy: 1582.4797791422234
Charging energy: 53778.826707721935
Total energy used: 55361.30648686416
Charging round duration: 12338.24512068661
ID | p | E0 | time_arrive | E_remain | time_charge | energy_charge| E_after_charge | E_after_cycle
323 | 0.21 | 1153.31 | 170.78 | 1117.44 | 1495.02 | 7475.09 | 8278.58 | 3716.50
335 | 0.06 | 5284.83 | 1674.18 | 5184.38 | 93.22 | 466.08 | 5644.87 | 4347.52
[91m334 | 0.19 | 756.28 | 1810.06 | 412.37 | 0.00 | 0.00 | 412.37 | -3687.82[00m
324 | 0.19 | 1021.70 | 1826.11 | 674.74 | 1526.87 | 7634.34 | 8018.98 | 4211.94
330 | 0.15 | 1112.12 | 3397.09 | 602.56 | 1107.42 | 5537.10 | 5973.54 | 3140.72
327 | 0.08 | 3574.16 | 4576.91 | 3208.01 | 183.78 | 918.88 | 4112.19 | 2621.84
328 | 0.15 | 1590.02 | 4833.29 | 865.02 | 774.57 | 3872.87 | 4621.70 | 1954.38
331 | 0.13 | 1613.12 | 5638.65 | 880.09 | 661.68 | 3308.42 | 4102.49 | 1880.83
321 | 0.25 | 2210.25 | 6327.63 | 628.34 | 928.69 | 4643.45 | 5039.62 | 1006.20
340 | 0.15 | 1644.08 | 7304.69 | 548.38 | 749.10 | 3745.50 | 4181.52 | 1881.08
339 | 0.07 | 5254.84 | 8057.04 | 4690.84 | 109.37 | 546.87 | 5230.05 | 4164.40
337 | 0.13 | 1728.15 | 8208.81 | 661.01 | 617.64 | 3088.19 | 3668.90 | 1775.64
333 | 0.05 | 5945.32 | 8877.43 | 5501.45 | 69.05 | 345.25 | 5843.25 | 5121.08
342 | 0.10 | 2091.43 | 8954.64 | 1195.97 | 392.58 | 1962.90 | 3119.61 | 1715.33
325 | 0.13 | 2400.47 | 9499.59 | 1165.52 | 444.65 | 2223.26 | 3330.97 | 1583.03
341 | 0.07 | 3007.15 | 9999.41 | 2307.20 | 191.12 | 955.62 | 3249.44 | 2325.47
[91m326 | 0.20 | 977.17 | 10263.44 | -1075.52 | 0.00 | 0.00 | -1075.52 | -3700.83[00m
[91m322 | 0.21 | 1017.32 | 10384.05 | -1163.33 | 0.00 | 0.00 | -1163.33 | -3894.58[00m
329 | 0.14 | 2281.89 | 10502.21 | 811.58 | 503.74 | 2518.69 | 3259.75 | 1525.99
338 | 0.07 | 3040.57 | 11097.80 | 2263.72 | 189.02 | 945.12 | 3195.61 | 2348.38
336 | 0.05 | 4484.64 | 11302.51 | 3919.51 | 91.54 | 457.70 | 4372.64 | 3772.84
[91m318 | 0.23 | 1123.10 | 11441.71 | -1508.50 | 0.00 | 0.00 | -1508.50 | -4256.60[00m
320 | 0.06 | 3613.58 | 11477.60 | 2924.92 | 136.33 | 681.64 | 3598.38 | 2891.82
332 | 0.11 | 1841.80 | 11665.73 | 558.57 | 490.37 | 2451.85 | 2956.47 | 1720.74
[91m319 | 0.21 | 953.54 | 12296.92 | -1628.82 | 0.00 | 0.00 | -1628.82 | -3958.36[00m
Vehicle 14
Charging tour: 
356  -> 367  -> 348  -> 368  -> 363  -> 347  -> 345  -> 358  -> 362  -> 366  -> 355  -> 346  -> 344  -> 353  -> 352  -> 365  -> 354  -> 361  -> 357  -> 360  -> 349  -> 359  -> 351  -> 343  -> 364  -> 350  -> 
Charging time: 
537.7650138718292  + 5063.26760916535  + 716.0909592841559  + 1192.4602609625788  + 795.3725749437241  + 481.4231391118902  + 379.2770310510365  + 451.34275179915034  + 345.7888178886265  + 452.84919941137707  + 787.4644365252154  + 680.7637515966306  + 640.616678325459  + 594.3652947354952  + 623.40415701849  + 689.9924388695472  + 597.1309684163804  + 471.22514594602904  + 688.0802915202464  + 690.3015955659728  + 312.1498923137157  + 706.6999026647727  + 280.8635347164578  + 566.173233967572  + 419.77254717017763  + 603.0578079982196  + 
Traveling energy: 1161.5048257995109
Charging energy: 98838.49517420049
Total energy used: 100000.0
Charging round duration: 20929.20386063961
ID | p | E0 | time_arrive | E_remain | time_charge | energy_charge| E_after_charge | E_after_cycle
356 | 0.08 | 4263.69 | 74.01 | 4257.77 | 537.77 | 2688.83 | 6903.57 | 5081.31
367 | 0.11 | 622.66 | 676.53 | 548.24 | 5063.27 | 25316.34 | 25307.62 | 23366.10
348 | 0.11 | 4402.63 | 5771.65 | 3767.75 | 716.09 | 3580.45 | 7269.43 | 5410.19
368 | 0.10 | 2403.50 | 6494.74 | 1754.02 | 1192.46 | 5962.30 | 7597.08 | 6026.80
363 | 0.12 | 4324.13 | 7711.73 | 3398.72 | 795.37 | 3976.86 | 7280.14 | 5494.19
347 | 0.11 | 6548.68 | 8598.55 | 5602.84 | 481.42 | 2407.12 | 7957.00 | 6382.89
345 | 0.17 | 12846.36 | 9100.70 | 11299.24 | 379.28 | 1896.39 | 13131.15 | 10766.45
358 | 0.07 | 4445.08 | 9492.86 | 3780.58 | 451.34 | 2256.71 | 6005.70 | 5064.49
362 | 0.06 | 4973.11 | 10016.52 | 4372.12 | 345.79 | 1728.94 | 6080.32 | 5298.65
366 | 0.06 | 3797.39 | 10404.49 | 3173.12 | 452.85 | 2264.25 | 5410.20 | 4658.24
355 | 0.12 | 4367.55 | 10859.77 | 3064.38 | 787.46 | 3937.32 | 6907.21 | 5498.07
346 | 0.18 | 7578.16 | 11658.56 | 5479.62 | 680.76 | 3403.82 | 8760.90 | 6771.78
344 | 0.16 | 7158.29 | 12429.71 | 5169.54 | 640.62 | 3203.08 | 8270.13 | 6618.98
353 | 0.11 | 5304.29 | 13114.77 | 3861.66 | 594.37 | 2971.83 | 6768.11 | 5703.21
352 | 0.09 | 4137.72 | 13734.03 | 2901.65 | 623.40 | 3117.02 | 5962.57 | 5149.64
365 | 0.10 | 4153.78 | 14406.26 | 2713.15 | 689.99 | 3449.96 | 6094.12 | 5264.74
354 | 0.10 | 4799.75 | 15101.79 | 3289.57 | 597.13 | 2985.65 | 6215.51 | 5446.40
361 | 0.07 | 4257.53 | 15774.70 | 3153.30 | 471.23 | 2356.13 | 5476.44 | 4976.35
357 | 0.10 | 4165.32 | 16255.77 | 2539.75 | 688.08 | 3440.40 | 5911.34 | 5266.72
360 | 0.10 | 4151.92 | 16961.24 | 2455.80 | 690.30 | 3451.51 | 5838.27 | 5264.43
349 | 0.06 | 5509.04 | 17679.15 | 4448.29 | 312.15 | 1560.75 | 5990.31 | 5666.39
359 | 0.11 | 4461.14 | 18075.17 | 2472.87 | 706.70 | 3533.50 | 5928.63 | 5421.73
351 | 0.06 | 6122.71 | 18854.08 | 4991.47 | 280.86 | 1404.32 | 6378.93 | 6123.63
343 | 0.08 | 4049.75 | 19174.73 | 2515.77 | 566.17 | 2830.87 | 5301.35 | 5009.42
364 | 0.06 | 4096.61 | 19759.30 | 2911.06 | 419.77 | 2098.86 | 4984.73 | 4792.08
350 | 0.10 | 4752.57 | 20221.01 | 2730.47 | 603.06 | 3015.29 | 5685.46 | 5428.86
[91m369 | 0.12 | 694.52 | -2112.28[00m
[91m370 | 0.11 | 1015.06 | -1557.84[00m
Vehicle 15
Charging tour: 
390  -> 384  -> 374  -> 375  -> 377  -> 396  -> 385  -> 379  -> 372  -> 395  -> 386  -> 394  -> 392  -> 381  -> 401  -> 376  -> 389  -> 398  -> 397  -> 387  -> 382  -> 373  -> 400  -> 393  -> 
Charging time: 
1146.942912763523  + 1267.1290784927687  + 0  + 1424.5057980770428  + 1338.123278669  + 650.612604079259  + 378.614011898373  + 926.8436994239661  + 906.4878209405002  + 632.4009203699648  + 0  + 637.4999149698784  + 630.1540302703526  + 164.12463079120724  + 234.08456953172433  + 0  + 0  + 538.5339267579814  + 566.0533124218734  + 429.5694758807126  + 572.6217617039338  + 434.1895325537911  + 307.8536364573065  + 350.1790393569225  + 
Traveling energy: 1224.8677889754595
Charging energy: 67682.61977705041
Total energy used: 68907.48756602587
Charging round duration: 14761.39174438554
ID | p | E0 | time_arrive | E_remain | time_charge | energy_charge| E_after_charge | E_after_cycle
390 | 0.13 | 1139.78 | 195.23 | 1114.40 | 1146.94 | 5734.71 | 6700.02 | 3833.80
384 | 0.14 | 1111.04 | 1378.14 | 918.10 | 1267.13 | 6335.65 | 7076.34 | 4172.08
[91m374 | 0.19 | 797.97 | 2703.06 | 284.39 | 0.00 | 0.00 | 284.39 | -3646.13[00m
375 | 0.18 | 1270.66 | 2741.12 | 777.26 | 1424.51 | 7122.53 | 7643.38 | 4182.99
377 | 0.17 | 1277.54 | 4206.82 | 562.38 | 1338.12 | 6690.62 | 7025.51 | 3991.85
396 | 0.13 | 2009.29 | 5581.73 | 1283.66 | 650.61 | 3253.06 | 4452.14 | 2221.65
385 | 0.08 | 2124.78 | 6249.21 | 1624.84 | 378.61 | 1893.07 | 3487.63 | 2146.65
379 | 0.13 | 1410.45 | 6648.25 | 546.18 | 926.84 | 4634.22 | 5059.91 | 3003.97
372 | 0.18 | 1996.79 | 7608.80 | 627.20 | 906.49 | 4532.44 | 4996.47 | 2319.02
395 | 0.10 | 1590.11 | 8570.03 | 733.11 | 632.40 | 3162.00 | 3831.88 | 2413.12
[91m386 | 0.14 | 1062.53 | 9257.29 | -233.49 | 0.00 | 0.00 | -233.49 | -2212.08[00m
394 | 0.09 | 1419.66 | 9297.07 | 582.92 | 637.50 | 3187.50 | 3713.04 | 2502.06
392 | 0.11 | 1755.36 | 9955.48 | 660.26 | 630.15 | 3150.77 | 3741.71 | 2333.23
381 | 0.07 | 4288.89 | 10601.89 | 3546.76 | 164.12 | 820.62 | 4355.89 | 3472.22
401 | 0.09 | 3866.26 | 10788.21 | 2895.32 | 234.08 | 1170.42 | 4044.67 | 2931.58
[91m376 | 0.16 | 1418.02 | 11036.01 | -347.74 | 0.00 | 0.00 | -347.74 | -2324.38[00m
[91m389 | 0.14 | 1031.72 | 11142.21 | -528.19 | 0.00 | 0.00 | -528.19 | -2242.88[00m
398 | 0.11 | 2054.00 | 11171.60 | 825.12 | 538.53 | 2692.67 | 3458.56 | 2173.77
397 | 0.11 | 1954.14 | 11730.14 | 663.83 | 566.05 | 2830.27 | 3431.83 | 2211.51
387 | 0.10 | 2340.92 | 12330.18 | 1107.91 | 429.57 | 2147.85 | 3212.80 | 2149.77
382 | 0.13 | 2282.95 | 12780.23 | 621.52 | 572.62 | 2863.11 | 3410.19 | 2105.36
373 | 0.10 | 2316.02 | 13389.79 | 977.04 | 434.19 | 2170.95 | 3104.57 | 2147.96
400 | 0.10 | 3266.45 | 13882.11 | 1878.24 | 307.85 | 1539.27 | 3386.73 | 2466.72
393 | 0.09 | 2584.48 | 14289.07 | 1298.46 | 350.18 | 1750.90 | 3017.84 | 2230.28
[91m371 | 0.19 | 694.39 | -3749.71[00m
[91m378 | 0.16 | 1106.09 | -2636.31[00m
[91m380 | 0.15 | 1205.79 | -2302.72[00m
[91m383 | 0.19 | 668.45 | -3775.65[00m
[91m388 | 0.14 | 1020.83 | -2253.77[00m
[91m391 | 0.14 | 1194.48 | -2080.12[00m
[91m399 | 0.12 | 749.85 | -2056.95[00m
Vehicle 16
Charging tour: 
415  -> 406  -> 420  -> 407  -> 421  -> 404  -> 411  -> 405  -> 409  -> 417  -> 424  -> 419  -> 416  -> 408  -> 414  -> 413  -> 403  -> 423  -> 412  -> 402  -> 418  -> 422  -> 
Charging time: 
1104.5657335790827  + 1094.1118614313598  + 1330.8093586111838  + 1155.556109057603  + 980.1211046278689  + 1118.512771479378  + 398.6748459248239  + 942.9180521530931  + 0  + 238.5862220684146  + 0  + 278.01833209955174  + 513.0739736913372  + 0  + 0  + 174.92726292040297  + 73.08078593903262  + 363.3694708894387  + 343.63624284266837  + 0  + 0  + 570.5148145970419  + 
Traveling energy: 1516.514185668277
Charging energy: 53402.384709561404
Total energy used: 54918.89889522968
Charging round duration: 12196.991127580557
ID | p | E0 | time_arrive | E_remain | time_charge | energy_charge| E_after_charge | E_after_cycle
415 | 0.13 | 1204.42 | 140.28 | 1186.18 | 1104.57 | 5522.83 | 6565.42 | 3686.55
406 | 0.19 | 1777.13 | 1262.55 | 1537.24 | 1094.11 | 5470.56 | 6799.92 | 2803.58
420 | 0.14 | 1076.56 | 2391.93 | 741.69 | 1330.81 | 6654.05 | 7209.42 | 4456.01
407 | 0.16 | 1416.95 | 3736.72 | 819.08 | 1155.56 | 5777.78 | 6411.97 | 3452.33
421 | 0.12 | 1252.93 | 4927.93 | 661.58 | 980.12 | 4900.61 | 5444.57 | 3346.74
404 | 0.21 | 1921.34 | 5981.11 | 665.31 | 1118.51 | 5592.56 | 6022.99 | 2602.01
411 | 0.11 | 2823.58 | 7122.86 | 2040.07 | 398.67 | 1993.37 | 3989.59 | 2244.06
405 | 0.19 | 2062.08 | 7546.69 | 628.21 | 942.92 | 4714.59 | 5163.65 | 2332.57
[91m409 | 0.17 | 1009.38 | 8535.23 | -441.61 | 0.00 | 0.00 | -441.61 | -2966.92[00m
417 | 0.09 | 3860.32 | 8551.08 | 3090.73 | 238.59 | 1192.93 | 4262.18 | 2948.15
[91m424 | 0.09 | 573.33 | 8929.87 | -230.36 | 0.00 | 0.00 | -230.36 | -1531.77[00m
419 | 0.10 | 3680.89 | 8971.82 | 2783.71 | 278.02 | 1390.09 | 4146.00 | 2731.98
416 | 0.11 | 2194.01 | 9268.01 | 1174.53 | 513.07 | 2565.37 | 3683.46 | 2186.48
[91m408 | 0.17 | 988.95 | 9947.91 | -702.20 | 0.00 | 0.00 | -702.20 | -2987.35[00m
[91m414 | 0.15 | 999.98 | 9961.10 | -494.19 | 0.00 | 0.00 | -494.19 | -2508.52[00m
413 | 0.08 | 4680.14 | 10084.86 | 3873.35 | 174.93 | 874.64 | 4734.00 | 3683.58
403 | 0.05 | 7001.54 | 10329.75 | 6485.05 | 73.08 | 365.40 | 6846.80 | 6197.44
423 | 0.07 | 1971.41 | 10435.34 | 1240.93 | 363.37 | 1816.85 | 3032.34 | 2150.95
412 | 0.10 | 2978.02 | 10822.05 | 1895.81 | 343.64 | 1718.18 | 3579.63 | 2357.20
[91m402 | 0.23 | 2025.74 | 11325.84 | -579.21 | 0.00 | 0.00 | -579.21 | -3353.97[00m
[91m418 | 0.15 | 1247.89 | 11463.76 | -471.68 | 0.00 | 0.00 | -471.68 | -2260.61[00m
422 | 0.12 | 2152.49 | 11579.72 | 762.92 | 570.51 | 2852.57 | 3547.03 | 2198.26
[91m410 | 0.18 | 753.67 | -3456.53[00m
Vehicle 17
Charging tour: 
430  -> 436  -> 441  -> 442  -> 429  -> 431  -> 448  -> 447  -> 432  -> 437  -> 451  -> 439  -> 440  -> 426  -> 433  -> 445  -> 444  -> 434  -> 438  -> 449  -> 435  -> 427  -> 428  -> 446  -> 425  -> 452  -> 443  -> 
Charging time: 
1027.1503023052946  + 1238.1166517056363  + 1192.9902841799499  + 1169.9319005645264  + 736.4512521835633  + 1426.7465444207944  + 1286.6272917463943  + 955.4238899307063  + 969.1592724328635  + 1113.6409916818907  + 474.2128459723147  + 220.84481484289583  + 838.3306177755633  + 283.6638875232479  + 780.2693465994769  + 779.5853057850305  + 768.3245974794576  + 220.18444408170606  + 732.5242391675871  + 452.8395694669324  + 319.21992902006673  + 131.92232836348933  + 703.1228030277088  + 722.8019401394257  + 386.35272722865676  + 430.9296153745783  + 363.8455343986912  + 
Traveling energy: 1373.93536300776
Charging energy: 98626.06463699223
Total energy used: 99999.99999999999
Charging round duration: 21099.148290406207
ID | p | E0 | time_arrive | E_remain | time_charge | energy_charge| E_after_charge | E_after_cycle
430 | 0.14 | 2364.92 | 76.07 | 2354.27 | 1027.15 | 5135.75 | 7346.22 | 4226.07
436 | 0.17 | 2382.37 | 1204.83 | 2177.55 | 1238.12 | 6190.58 | 8157.66 | 4596.65
441 | 0.15 | 2181.61 | 2460.01 | 1812.61 | 1192.99 | 5964.95 | 7598.61 | 4638.06
442 | 0.14 | 2076.30 | 3681.83 | 1560.84 | 1169.93 | 5849.66 | 7246.71 | 4651.36
429 | 0.11 | 2591.62 | 4887.35 | 2054.01 | 736.45 | 3682.26 | 5655.26 | 3700.97
431 | 0.21 | 2553.85 | 5701.25 | 1356.58 | 1426.75 | 7133.73 | 8190.70 | 4775.68
448 | 0.15 | 2022.84 | 7200.56 | 942.75 | 1286.63 | 6433.14 | 7182.89 | 4947.47
447 | 0.12 | 2179.25 | 8495.45 | 1159.80 | 955.42 | 4777.12 | 5822.27 | 4149.57
432 | 0.18 | 3222.55 | 9457.04 | 1520.28 | 969.16 | 4845.80 | 6191.63 | 3858.14
437 | 0.15 | 2337.05 | 10467.16 | 766.98 | 1113.64 | 5568.20 | 6168.14 | 4396.76
451 | 0.08 | 2927.11 | 11602.74 | 1998.89 | 474.21 | 2371.06 | 4332.02 | 3426.97
439 | 0.07 | 5499.63 | 12122.53 | 4651.05 | 220.84 | 1104.22 | 5739.81 | 4966.55
440 | 0.12 | 2483.64 | 12444.44 | 990.30 | 838.33 | 4191.65 | 5081.36 | 3868.49
426 | 0.07 | 4281.70 | 13351.73 | 3347.08 | 283.66 | 1418.32 | 4745.54 | 4062.72
433 | 0.13 | 2890.82 | 13646.95 | 1116.72 | 780.27 | 3901.35 | 4916.63 | 3751.47
445 | 0.10 | 2225.66 | 14491.74 | 776.49 | 779.59 | 3897.93 | 4596.45 | 3784.58
444 | 0.10 | 2258.28 | 15311.16 | 727.16 | 768.32 | 3841.62 | 4491.95 | 3760.90
434 | 0.07 | 5516.12 | 16102.66 | 4388.93 | 220.18 | 1100.92 | 5474.44 | 4979.74
438 | 0.10 | 2368.65 | 16417.92 | 726.85 | 732.52 | 3662.62 | 4316.22 | 3692.27
449 | 0.06 | 2298.95 | 17200.89 | 1266.89 | 452.84 | 2264.20 | 3503.92 | 3159.75
435 | 0.08 | 4348.33 | 17657.81 | 2935.70 | 319.22 | 1596.10 | 4506.26 | 4073.23
427 | 0.05 | 6576.18 | 18046.29 | 5673.87 | 131.92 | 659.61 | 6326.89 | 6066.30
428 | 0.15 | 3701.54 | 18207.11 | 970.47 | 703.12 | 3515.61 | 4380.62 | 3708.65
446 | 0.11 | 2640.56 | 18946.96 | 556.39 | 722.80 | 3614.01 | 4090.89 | 3681.67
425 | 0.09 | 4041.86 | 19754.97 | 2263.91 | 386.35 | 1931.76 | 4160.90 | 3868.52
452 | 0.08 | 3221.11 | 20255.26 | 1600.69 | 430.93 | 2154.65 | 3720.87 | 3504.56
443 | 0.07 | 3338.13 | 20702.31 | 1888.97 | 363.85 | 1819.23 | 3682.73 | 3520.06
[91m450 | 0.10 | 2186.67 | -152.33[00m
[91m453 | 0.05 | 1029.39 | -140.11[00m
Vehicle 18
Charging tour: 
466  -> 465  -> 475  -> 461  -> 457  -> 462  -> 464  -> 459  -> 472  -> 471  -> 470  -> 455  -> 456  -> 474  -> 467  -> 454  -> 463  -> 468  -> 469  -> 473  -> 
Charging time: 
1887.6277721776858  + 1099.679426114244  + 1917.2603021114994  + 1567.7480932387957  + 1136.4595226945  + 1306.3448006488873  + 988.9497404895552  + 1181.582862739387  + 125.85146242456932  + 893.7157197813717  + 550.1591949531753  + 1072.587193103149  + 956.839379512473  + 384.0816433952861  + 649.5983138987391  + 0  + 549.2021248165057  + 786.6195436573041  + 487.7590100922535  + 553.3351107809299  + 
Traveling energy: 1335.185280547958
Charging energy: 90477.00608315156
Total energy used: 91812.19136369952
Charging round duration: 19430.58649717827
ID | p | E0 | time_arrive | E_remain | time_charge | energy_charge| E_after_charge | E_after_cycle
466 | 0.18 | 1717.00 | 140.66 | 1691.68 | 1887.63 | 9438.14 | 10790.05 | 6944.94
465 | 0.12 | 1964.85 | 2052.81 | 1718.52 | 1099.68 | 5498.40 | 7084.95 | 4656.45
475 | 0.13 | 1220.89 | 3201.74 | 804.67 | 1917.26 | 9586.30 | 10141.72 | 7766.49
461 | 0.16 | 1837.63 | 5136.25 | 1015.83 | 1567.75 | 7838.74 | 8603.73 | 5933.97
457 | 0.15 | 2376.58 | 6720.39 | 1368.52 | 1136.46 | 5682.30 | 6880.35 | 4550.38
462 | 0.15 | 2067.51 | 7983.33 | 870.01 | 1306.34 | 6531.72 | 7205.79 | 5090.74
464 | 0.11 | 2002.78 | 9397.11 | 969.10 | 988.95 | 4944.75 | 5805.06 | 4374.63
459 | 0.16 | 2438.21 | 10421.12 | 770.83 | 1181.58 | 5907.91 | 6489.69 | 4603.72
472 | 0.05 | 7153.63 | 11635.74 | 6571.85 | 125.85 | 629.26 | 7194.81 | 6613.39
471 | 0.11 | 2216.20 | 11775.61 | 920.88 | 893.72 | 4468.58 | 5291.15 | 4111.87
470 | 0.08 | 2618.28 | 12759.86 | 1597.49 | 550.16 | 2750.80 | 4304.28 | 3497.88
455 | 0.16 | 2685.98 | 13372.55 | 546.37 | 1072.59 | 5362.94 | 5737.69 | 4306.51
456 | 0.18 | 3387.26 | 14465.25 | 783.51 | 956.84 | 4784.20 | 5395.48 | 3961.25
474 | 0.07 | 3281.63 | 15504.84 | 2196.29 | 384.08 | 1920.41 | 4089.81 | 3564.74
467 | 0.10 | 2771.85 | 15996.03 | 1172.25 | 649.60 | 3247.99 | 4355.28 | 3680.84
[91m454 | 0.18 | 1979.20 | 16745.06 | -1034.91 | 0.00 | 0.00 | -1034.91 | -2231.00[00m
463 | 0.11 | 3606.41 | 16793.74 | 1759.10 | 549.20 | 2746.01 | 4444.70 | 3779.52
468 | 0.12 | 2746.83 | 17372.74 | 662.10 | 786.62 | 3933.10 | 4500.80 | 3873.12
469 | 0.08 | 2953.25 | 18204.70 | 1496.87 | 487.76 | 2438.80 | 3896.64 | 3520.84
473 | 0.11 | 3579.48 | 18739.96 | 1518.08 | 553.34 | 2766.68 | 4223.89 | 3773.25
[91m458 | 0.20 | 2390.15 | -2287.85[00m
[91m460 | 0.19 | 2220.69 | -2223.41[00m
Vehicle 19
Charging tour: 
490  -> 491  -> 485  -> 493  -> 496  -> 483  -> 495  -> 497  -> 486  -> 484  -> 494  -> 487  -> 492  -> 488  -> 481  -> 476  -> 482  -> 478  -> 498  -> 480  -> 479  -> 489  -> 477  -> 
Charging time: 
733.2720385338243  + 1300.5938213996844  + 1290.3745625316155  + 1300.6931899596998  + 1405.4961955831554  + 1496.9924966799742  + 624.8475820105107  + 623.6538447582252  + 393.0328350915713  + 320.7197452426574  + 961.5060981189754  + 325.2538344334515  + 1363.637722308325  + 506.9152429573493  + 386.3466442104297  + 671.2819472594308  + 1384.6208587189917  + 584.3780484483146  + 844.0770333852737  + 1052.4545154528444  + 946.8294923310383  + 485.60692072680257  + 810.7480443183094  + 
Traveling energy: 933.3364276977106
Charging energy: 99066.66357230226
Total energy used: 99999.99999999997
Charging round duration: 20746.669142158164
ID | p | E0 | time_arrive | E_remain | time_charge | energy_charge| E_after_charge | E_after_cycle
490 | 0.09 | 3411.54 | 81.14 | 3404.24 | 733.27 | 3666.36 | 7004.60 | 4972.80
491 | 0.12 | 2564.56 | 827.02 | 2465.32 | 1300.59 | 6502.97 | 8812.21 | 6260.73
485 | 0.13 | 2800.27 | 2154.99 | 2520.13 | 1290.37 | 6451.87 | 8804.25 | 6211.45
493 | 0.12 | 2564.36 | 3474.06 | 2147.47 | 1300.69 | 6503.47 | 8494.86 | 6261.03
496 | 0.13 | 2570.91 | 4803.50 | 1946.45 | 1405.50 | 7027.48 | 8791.22 | 6557.69
483 | 0.14 | 2599.45 | 6240.02 | 1725.85 | 1496.99 | 7484.96 | 9001.23 | 6809.81
495 | 0.08 | 3558.68 | 7770.21 | 2937.06 | 624.85 | 3124.24 | 6011.31 | 4811.72
497 | 0.07 | 3119.80 | 8432.62 | 2529.52 | 623.65 | 3118.27 | 5604.13 | 4600.77
486 | 0.07 | 4950.42 | 9072.87 | 4315.32 | 393.03 | 1965.16 | 6252.97 | 5278.28
484 | 0.06 | 5199.94 | 9486.21 | 4630.77 | 320.72 | 1603.60 | 6215.12 | 5400.14
494 | 0.09 | 2601.74 | 9836.84 | 1716.42 | 961.51 | 4807.53 | 6437.42 | 5304.17
487 | 0.06 | 5127.45 | 10878.68 | 4474.73 | 325.25 | 1626.27 | 6081.49 | 5350.32
492 | 0.13 | 2649.83 | 11231.17 | 1189.77 | 1363.64 | 6818.19 | 7830.69 | 6427.31
488 | 0.06 | 3289.95 | 12617.14 | 2532.92 | 506.92 | 2534.58 | 5037.08 | 4421.12
481 | 0.05 | 3597.21 | 13141.57 | 2940.13 | 386.35 | 1931.73 | 4852.55 | 4359.44
476 | 0.19 | 7867.23 | 13567.10 | 5289.48 | 671.28 | 3356.41 | 8518.34 | 6779.53
482 | 0.15 | 3011.16 | 14274.83 | 869.93 | 1384.62 | 6923.10 | 7585.34 | 6425.76
478 | 0.08 | 3805.13 | 15695.09 | 2549.52 | 584.38 | 2921.89 | 5424.66 | 4855.82
498 | 0.09 | 2963.69 | 16297.41 | 1496.93 | 844.08 | 4220.39 | 5641.35 | 5078.98
480 | 0.15 | 3961.51 | 17188.18 | 1383.28 | 1052.45 | 5262.27 | 6487.69 | 5715.28
479 | 0.15 | 4403.44 | 18286.75 | 1660.43 | 946.83 | 4734.15 | 6252.55 | 5629.09
489 | 0.06 | 3434.31 | 19258.94 | 2278.77 | 485.61 | 2428.03 | 4677.67 | 4458.94
477 | 0.19 | 6513.89 | 19806.27 | 2750.70 | 810.75 | 4053.74 | 6650.40 | 6123.53
Network survivability: 86.144578313253%
networkSurvivabilityOverThousand: 42.9%
Average dead duration: 54428.06773599305
Traveling energy: 24960.879526357567
total calculate time: 78.03456711769104
