gen: 1
gen: 2
gen: 3
gen: 4
gen: 5
gen: 6
gen: 7
gen: 8
gen: 9
gen: 10
gen: 11
gen: 12
gen: 13
gen: 14
gen: 15
gen: 16
gen: 17
gen: 18
gen: 19
gen: 20
gen: 21
gen: 22
gen: 23
gen: 24
gen: 25
gen: 26
gen: 27
gen: 28
gen: 29
gen: 30
gen: 31
gen: 32
gen: 33
gen: 34
gen: 35
gen: 36
gen: 37
gen: 38
gen: 39
gen: 40
gen: 41
gen: 42
gen: 43
gen: 44
gen: 45
gen: 46
gen: 47
gen: 48
gen: 49
gen: 50
Number of charging vehicles: 5
Survey time: 24136.529470467845
Network clustering infor: 
Cluster 0:
[1, 2, 3, 4, 5, 6, 7, 8, 9, 10, 11, 12, 13, 14, 15, 16, 17, 18, 19, 20, 21, 22, 23, 24, 25, 26, 27, 28, 29, 30, 31, 32, 33, 34, 35, 36, 37, 38, 39, 40, 41, 42, 43, 44, 45, 46, 47, 48, 49, 50, 51, 52, 53, 54, 55, 56, 57, 58, 59, 60, 61, 62, 63, 64, 65, 66, 67, 68, 69, 70, 71, 72, 73, 74, 75, 76, 77, 78, 79, 80, 81, 82, 83, 84, 85, 86, 87, 88, 89, 90, 91, 92, 93, 94, 95, 96, 97, 98, 99, 100, 101, 102, 103, 104, 105, 106, 107, 108, 109, 110, 111, 112, 113, 114, 115, 116, 117, 118, 119, 120, 121, 122, 123, 124, 125, 126, 127, 128, 129, 130, 131, 132, 133, 134, 135, 136, 137, 138, 139, 140, 141, 142, 143, 144, 145, 146, 147, 148, 149, 150, 151, 152, 153, 154, 155, 156, 157, 158, 159, 160, 161, 162, 163, 164, 165, 166, 167, 168, 169, 170, 171, 172, 173, 174, 175, 176, 177, 178, 179, 180, 181, 182, 183, 184, 185, 186, 187, 188, 189, 190, 191, 192, 193, 194, 195, 196, 197, 198, 199, 200, 201]
Cluster 1:
[202, 203, 204, 205, 206, 207, 208, 209, 210, 211, 212, 213, 214, 215, 216, 217, 218, 219, 220, 221, 222, 223, 224, 225, 226, 227, 228, 229, 230, 231, 232, 233, 234, 235, 236, 237, 238, 239, 240, 241, 242, 243, 244, 245, 246, 247, 248, 249, 250, 251, 252, 253, 254, 255, 256, 257, 258, 259, 260, 261, 262, 263, 264, 265, 266, 267, 268, 269, 270, 271, 272, 273, 274, 275, 276, 277, 278, 279, 280, 281, 282, 283, 284, 285, 286, 287, 288, 289, 290, 291, 292, 293, 294, 295, 296, 297, 298, 299, 300, 301, 302, 303, 304, 305, 306, 307, 308, 309, 310, 311, 312, 313, 314, 315, 316, 317, 318, 319, 320, 321, 322, 323, 324, 325, 326, 327, 328, 329, 330, 331, 332, 333, 334, 335, 336, 337, 338, 339, 340, 341, 342, 343, 344, 345, 346, 347, 348, 349, 350, 351, 352, 353, 354, 355, 356, 357, 358, 359, 360, 361, 362, 363, 364, 365, 366, 367, 368, 369, 370, 371, 372, 373, 374, 375, 376, 377, 378, 379, 380, 381, 382, 383, 384, 385, 386, 387, 388, 389, 390, 391, 392, 393, 394, 395, 396, 397, 398, 399, 400, 401, 402, 403, 404, 405]
Cluster 2:
[406, 407, 408, 409, 410, 411, 412, 413, 414, 415, 416, 417, 418, 419, 420, 421, 422, 423, 424, 425, 426, 427, 428, 429, 430, 431, 432, 433, 434, 435, 436, 437, 438, 439, 440, 441, 442, 443, 444, 445, 446, 447, 448, 449, 450, 451, 452, 453, 454, 455, 456, 457, 458, 459, 460, 461, 462, 463, 464, 465, 466, 467, 468, 469, 470, 471, 472, 473, 474, 475, 476, 477, 478, 479, 480, 481, 482, 483, 484, 485, 486, 487, 488, 489, 490, 491, 492, 493, 494, 495, 496, 497, 498, 499, 500, 501, 502, 503, 504, 505, 506, 507, 508, 509, 510, 511, 512, 513, 514, 515, 516, 517, 518, 519, 520, 521, 522, 523, 524, 525, 526, 527, 528, 529, 530, 531, 532, 533, 534, 535, 536, 537, 538, 539, 540, 541, 542, 543, 544, 545, 546, 547, 548, 549, 550, 551, 552, 553, 554, 555, 556, 557, 558, 559, 560, 561, 562, 563, 564, 565, 566, 567, 568, 569, 570, 571, 572, 573, 574, 575, 576, 577, 578, 579, 580, 581, 582, 583, 584, 585, 586, 587, 588, 589, 590, 591, 592, 593, 594, 595, 596, 597, 598, 599, 600, 601, 602, 603, 604, 605, 606, 607, 608, 609, 610]
Cluster 3:
[611, 612, 613, 614, 615, 616, 617, 618, 619, 620, 621, 622, 623, 624, 625, 626, 627, 628, 629, 630, 631, 632, 633, 634, 635, 636, 637, 638, 639, 640, 641, 642, 643, 644, 645, 646, 647, 648, 649, 650, 651, 652, 653, 654, 655, 656, 657, 658, 659, 660, 661, 662, 663, 664, 665, 666, 667, 668, 669, 670, 671, 672, 673, 674, 675, 676, 677, 678, 679, 680, 681, 682, 683, 684, 685, 686, 687, 688, 689, 690, 691, 692, 693, 694, 695, 696, 697, 698, 699, 700, 701, 702, 703, 704, 705, 706, 707, 708, 709, 710, 711, 712, 713, 714, 715, 716, 717, 718, 719, 720, 721, 722, 723, 724, 725, 726, 727, 728, 729, 730, 731, 732, 733, 734, 735, 736, 737, 738, 739, 740, 741, 742, 743, 744, 745, 746, 747, 748, 749, 750, 751, 752, 753, 754, 755, 756, 757, 758, 759, 760, 761, 762, 763, 764, 765, 766, 767, 768, 769, 770, 771, 772, 773, 774, 775, 776, 777, 778, 779, 780, 781, 782, 783, 784, 785, 786, 787, 788, 789, 790, 791, 792, 793]
Cluster 4:
[794, 795, 796, 797, 798, 799, 800, 801, 802, 803, 804, 805, 806, 807, 808, 809, 810, 811, 812, 813, 814, 815, 816, 817, 818, 819, 820, 821, 822, 823, 824, 825, 826, 827, 828, 829, 830, 831, 832, 833, 834, 835, 836, 837, 838, 839, 840, 841, 842, 843, 844, 845, 846, 847, 848, 849, 850, 851, 852, 853, 854, 855, 856, 857, 858, 859, 860, 861, 862, 863, 864, 865, 866, 867, 868, 869, 870, 871, 872, 873, 874, 875, 876, 877, 878, 879, 880, 881, 882, 883, 884, 885, 886, 887, 888, 889, 890, 891, 892, 893, 894, 895, 896, 897, 898, 899, 900, 901, 902, 903, 904, 905, 906, 907, 908, 909, 910, 911, 912, 913, 914, 915, 916, 917, 918, 919, 920, 921, 922, 923, 924, 925, 926, 927, 928, 929, 930, 931, 932, 933, 934, 935, 936, 937, 938, 939, 940, 941, 942, 943, 944, 945, 946, 947, 948, 949, 950, 951, 952, 953, 954, 955, 956, 957, 958, 959, 960, 961, 962, 963, 964, 965, 966, 967, 968, 969, 970, 971, 972, 973, 974, 975, 976, 977, 978, 979, 980, 981, 982, 983, 984, 985, 986, 987, 988, 989, 990, 991, 992, 993, 994, 995, 996, 997, 998, 999, 1000]
Vehicle 0
Charging tour: 
104  -> 15  -> 148  -> 3  -> 79  -> 36  -> 180  -> 145  -> 186  -> 24  -> 61  -> 159  -> 137  -> 5  -> 48  -> 115  -> 142  -> 46  -> 70  -> 187  -> 18  -> 121  -> 135  -> 59  -> 38  -> 146  -> 89  -> 9  -> 99  -> 144  -> 96  -> 194  -> 201  -> 65  -> 19  -> 68  -> 10  -> 42  -> 166  -> 141  -> 34  -> 91  -> 122  -> 130  -> 39  -> 33  -> 67  -> 29  -> 151  -> 55  -> 31  -> 84  -> 74  -> 93  -> 25  -> 13  -> 45  -> 108  -> 27  -> 20  -> 139  -> 103  -> 95  -> 185  -> 17  -> 75  -> 16  -> 102  -> 50  -> 69  -> 
Charging time: 
-869.0410444843066  + 0  + 0  + -0.1933924124113443  + 0  + 0  + 0  + 0  + 0  + 0  + -0.11652971869267571  + 0  + -168.25867506883617  + -0.011899188831827695  + 0  + 0  + 0  + 0  + 0  + -278.4813121857954  + -272.73004775818544  + 0  + 0  + 0  + 0  + 0  + 0  + 0  + 0  + 0  + 0  + 0  + 0  + 0  + -119.85231472593692  + 0  + 0  + 0  + 0  + 0  + -0.05521876988212676  + 0  + 0  + -533.8896944589828  + 0  + 0  + 0  + 0  + 0  + 0  + 0  + 0  + 0  + 0  + 0  + 0  + 0  + 0  + 0  + 0  + 0  + 0  + 0  + 0  + 0  + 0  + 0  + 0  + 0  + 0  + 
Traveling energy: 6670.508140145568
Charging energy: -11213.150643859308
Total energy used: -4542.64250371374
Charging round duration: 4427.878011373707
ID | p | E0 | time_arrive | E_remain | time_charge | energy_charge| E_after_charge | E_after_cycle
[91m104 | 0.08 | 1004.05 | 162.16 | 991.08 | -869.04 | -4345.21 | -3284.60 | -5272.07[00m
[91m15 | 0.26 | -24428.01 | -648.58 | -24259.38 | 0.00 | 0.00 | -24259.38 | -30703.51[00m
[91m148 | 0.09 | -1421.37 | -612.99 | -1366.20 | 0.00 | 0.00 | -1366.20 | -3593.66[00m
3 | 0.07 | 3947900.76 | -558.67 | 3947939.86 | -0.19 | -0.97 | 3947938.91 | 3946210.23
[91m79 | 0.11 | -7949.29 | -498.61 | -7894.44 | 0.00 | 0.00 | -7894.44 | -10604.31[00m
[91m36 | 0.21 | -14515.60 | -349.30 | -14442.24 | 0.00 | 0.00 | -14442.24 | -19584.27[00m
[91m180 | 0.16 | -12040.68 | -202.00 | -12008.36 | 0.00 | 0.00 | -12008.36 | -15902.52[00m
[91m145 | 0.22 | -19054.37 | -80.75 | -19036.60 | 0.00 | 0.00 | -19036.60 | -24364.40[00m
[91m186 | 0.21 | -19274.07 | -65.27 | -19260.36 | 0.00 | 0.00 | -19260.36 | -24342.74[00m
[91m24 | 0.18 | -11801.58 | 55.90 | -11811.65 | 0.00 | 0.00 | -11811.65 | -16146.16[00m
61 | 0.25 | 23399734.43 | 213.52 | 23399681.05 | -0.12 | -0.58 | 23399680.49 | 23393699.71
[91m159 | 0.12 | -8398.72 | 366.69 | -8442.73 | 0.00 | 0.00 | -8442.73 | -11295.11[00m
137 | 0.05 | 3241.16 | 531.97 | 3214.56 | -168.26 | -841.29 | 2381.68 | 1193.04
5 | 0.23 | 210823052.56 | 486.79 | 210822940.60 | -0.01 | -0.06 | 210822940.54 | 210817501.10
[91m48 | 0.16 | -10127.56 | 569.35 | -10218.66 | 0.00 | 0.00 | -10218.66 | -13989.40[00m
[91m115 | 0.21 | -17503.59 | 602.39 | -17630.09 | 0.00 | 0.00 | -17630.09 | -22572.26[00m
[91m142 | 0.15 | -9381.67 | 705.35 | -9487.48 | 0.00 | 0.00 | -9487.48 | -13002.15[00m
[91m46 | 0.30 | -25577.69 | 752.80 | -25803.53 | 0.00 | 0.00 | -25803.53 | -32818.65[00m
[91m70 | 0.13 | -8608.94 | 809.59 | -8714.18 | 0.00 | 0.00 | -8714.18 | -11746.68[00m
[91m187 | 0.06 | 2349.97 | 861.90 | 2298.26 | -278.48 | -1392.41 | 922.56 | -490.63[00m
[91m18 | 0.05 | 1999.61 | 676.70 | 1965.77 | -272.73 | -1363.65 | 615.76 | -570.87[00m
[91m121 | 0.15 | -8062.66 | 492.26 | -8136.50 | 0.00 | 0.00 | -8136.50 | -11683.14[00m
[91m135 | 0.19 | -14691.15 | 558.65 | -14797.29 | 0.00 | 0.00 | -14797.29 | -19277.09[00m
[91m59 | 0.15 | -11134.89 | 670.25 | -11235.42 | 0.00 | 0.00 | -11235.42 | -14755.37[00m
[91m38 | 0.16 | -13534.37 | 755.41 | -13655.24 | 0.00 | 0.00 | -13655.24 | -17396.22[00m
[91m146 | 0.14 | -7554.43 | 868.70 | -7676.05 | 0.00 | 0.00 | -7676.05 | -10933.54[00m
[91m89 | 0.15 | -12675.11 | 927.50 | -12814.24 | 0.00 | 0.00 | -12814.24 | -16295.59[00m
[91m9 | 0.07 | 270.61 | 1034.00 | 198.23 | 0.00 | 0.00 | 198.23 | -1418.95[00m
[91m99 | 0.21 | -18930.78 | 1169.28 | -19176.33 | 0.00 | 0.00 | -19176.33 | -23999.45[00m
[91m144 | 0.19 | -15097.96 | 1276.64 | -15340.52 | 0.00 | 0.00 | -15340.52 | -19683.90[00m
[91m96 | 0.10 | -1901.42 | 1335.77 | -2035.00 | 0.00 | 0.00 | -2035.00 | -4315.08[00m
[91m194 | 0.22 | -19379.53 | 1516.48 | -19713.15 | 0.00 | 0.00 | -19713.15 | -24689.57[00m
[91m201 | 0.18 | -15544.91 | 1607.76 | -15834.31 | 0.00 | 0.00 | -15834.31 | -19889.49[00m
[91m65 | 0.13 | -4967.75 | 1708.20 | -5189.82 | 0.00 | 0.00 | -5189.82 | -8105.50[00m
19 | 0.05 | 4550.21 | 1889.82 | 4455.72 | -119.85 | -599.26 | 3862.45 | 2744.12
[91m68 | 0.20 | -13437.22 | 1843.09 | -13805.84 | 0.00 | 0.00 | -13805.84 | -18264.53[00m
[91m10 | 0.15 | -7192.08 | 1925.40 | -7480.89 | 0.00 | 0.00 | -7480.89 | -10812.56[00m
[91m42 | 0.18 | -14494.69 | 2003.37 | -14855.30 | 0.00 | 0.00 | -14855.30 | -18839.27[00m
[91m166 | 0.21 | -18693.70 | 2079.59 | -19130.41 | 0.00 | 0.00 | -19130.41 | -23762.37[00m
[91m141 | 0.18 | -15498.39 | 2178.90 | -15890.59 | 0.00 | 0.00 | -15890.59 | -19842.96[00m
34 | 0.13 | 25678180.22 | 2290.53 | 25677882.45 | -0.06 | -0.28 | 25677882.18 | 25675042.19
[91m91 | 0.24 | -22646.24 | 2444.77 | -23232.99 | 0.00 | 0.00 | -23232.99 | -28439.01[00m
[91m122 | 0.22 | -16979.50 | 2550.54 | -17540.61 | 0.00 | 0.00 | -17540.61 | -22289.53[00m
[91m130 | 0.07 | 1430.06 | 2624.53 | 1246.34 | -533.89 | -2669.45 | -1385.73 | -2928.95[00m
[91m39 | 0.09 | -117.03 | 2155.51 | -311.02 | 0.00 | 0.00 | -311.02 | -2289.31[00m
[91m33 | 0.10 | -5905.61 | 2189.81 | -6124.59 | 0.00 | 0.00 | -6124.59 | -8319.26[00m
[91m67 | 0.27 | -21784.44 | 2291.39 | -22403.11 | 0.00 | 0.00 | -22403.11 | -28301.30[00m
[91m29 | 0.06 | -2109.75 | 2443.09 | -2256.34 | 0.00 | 0.00 | -2256.34 | -3557.94[00m
[91m151 | 0.12 | -7217.13 | 2607.11 | -7529.99 | 0.00 | 0.00 | -7529.99 | -10113.52[00m
[91m55 | 0.24 | -18446.03 | 2772.09 | -19111.34 | 0.00 | 0.00 | -19111.34 | -24238.80[00m
[91m31 | 0.09 | -2950.97 | 2828.86 | -3205.57 | 0.00 | 0.00 | -3205.57 | -5123.26[00m
[91m84 | 0.12 | -8024.16 | 2896.20 | -8371.70 | 0.00 | 0.00 | -8371.70 | -10920.54[00m
[91m74 | 0.07 | 380.39 | 3004.88 | 170.05 | 0.00 | 0.00 | 170.05 | -1309.17[00m
[91m93 | 0.11 | -2666.18 | 3128.58 | -3010.33 | 0.00 | 0.00 | -3010.33 | -5321.20[00m
[91m25 | 0.19 | -12134.40 | 3198.15 | -12742.05 | 0.00 | 0.00 | -12742.05 | -16720.34[00m
[91m13 | 0.28 | -27246.59 | 3316.64 | -28175.24 | 0.00 | 0.00 | -28175.24 | -34004.81[00m
[91m45 | 0.24 | -19759.60 | 3406.91 | -20577.26 | 0.00 | 0.00 | -20577.26 | -25552.37[00m
[91m108 | 0.22 | -17961.44 | 3491.10 | -18729.48 | 0.00 | 0.00 | -18729.48 | -23271.47[00m
[91m27 | 0.15 | -9749.22 | 3556.55 | -10282.70 | 0.00 | 0.00 | -10282.70 | -13369.70[00m
[91m20 | 0.06 | -1336.58 | 3665.41 | -1556.51 | 0.00 | 0.00 | -1556.51 | -2784.77[00m
[91m139 | 0.27 | -24657.36 | 3704.84 | -25657.67 | 0.00 | 0.00 | -25657.67 | -31174.22[00m
[91m103 | 0.17 | -13257.23 | 3777.72 | -13899.44 | 0.00 | 0.00 | -13899.44 | -17360.44[00m
[91m95 | 0.08 | -2975.01 | 3812.34 | -3280.00 | 0.00 | 0.00 | -3280.00 | -4905.93[00m
[91m185 | 0.28 | -23217.84 | 3915.79 | -24314.26 | 0.00 | 0.00 | -24314.26 | -29976.07[00m
[91m17 | 0.30 | -29370.06 | 3980.03 | -30564.07 | 0.00 | 0.00 | -30564.07 | -36611.02[00m
[91m75 | 0.10 | -5223.01 | 4002.51 | -5623.26 | 0.00 | 0.00 | -5623.26 | -7636.67[00m
[91m16 | 0.07 | -146.20 | 4019.73 | -427.58 | 0.00 | 0.00 | -427.58 | -1835.75[00m
[91m102 | 0.15 | -10451.57 | 4057.62 | -11060.22 | 0.00 | 0.00 | -11060.22 | -14072.05[00m
[91m50 | 0.10 | -5202.92 | 4164.87 | -5619.41 | 0.00 | 0.00 | -5619.41 | -7616.58[00m
[91m69 | 0.09 | -1950.39 | 4277.98 | -2335.40 | 0.00 | 0.00 | -2335.40 | -4122.67[00m
[91m1 | 0.27 | -26943.43 | -33460.29[00m
[91m2 | 0.24 | -21299.10 | -27091.86[00m
[91m4 | 0.24 | -22973.94 | -28766.71[00m
[91m6 | 0.14 | -6643.29 | -10022.41[00m
[91m7 | 0.26 | -25860.06 | -32135.56[00m
[91m8 | 0.11 | -7504.69 | -10159.70[00m
[91m11 | 0.23 | -18863.19 | -24414.60[00m
[91m12 | 0.25 | -21733.66 | -27767.79[00m
[91m14 | 0.25 | -22049.53 | -28083.66[00m
21 | 0.05 | 4448.68 | 3241.85
[91m22 | 0.08 | -1731.50 | -3662.43[00m
[91m23 | 0.18 | -14507.44 | -18852.01[00m
[91m26 | 0.21 | -16251.25 | -21319.92[00m
[91m28 | 0.11 | -3517.00 | -6172.02[00m
[91m30 | 0.16 | -9554.45 | -13416.29[00m
[91m32 | 0.07 | 718.60 | -970.95[00m
[91m35 | 0.20 | -17835.71 | -22663.02[00m
[91m37 | 0.22 | -16513.87 | -21823.90[00m
[91m40 | 0.18 | -15570.15 | -19914.72[00m
[91m41 | 0.29 | -24863.39 | -31862.99[00m
[91m43 | 0.28 | -26550.68 | -33308.90[00m
44 | 0.06 | 2743.45 | 1295.26
[91m47 | 0.14 | -11338.06 | -14717.18[00m
[91m49 | 0.18 | -14413.15 | -18757.73[00m
[91m51 | 0.20 | -14943.09 | -19770.40[00m
[91m52 | 0.25 | -23347.01 | -29381.14[00m
[91m53 | 0.17 | -14213.52 | -18316.73[00m
[91m54 | 0.22 | -20604.41 | -25914.45[00m
[91m56 | 0.20 | -16233.07 | -21060.37[00m
[91m57 | 0.28 | -23037.62 | -29795.85[00m
[91m58 | 0.11 | -3126.35 | -5781.37[00m
[91m60 | 0.27 | -21600.08 | -28116.94[00m
[91m62 | 0.28 | -24381.43 | -31139.66[00m
[91m63 | 0.18 | -14368.70 | -18713.28[00m
[91m64 | 0.10 | -1726.28 | -4139.93[00m
[91m66 | 0.07 | 2127.61 | 438.06[00m
[91m71 | 0.13 | -5936.54 | -9074.28[00m
[91m72 | 0.22 | -18505.28 | -23815.32[00m
[91m73 | 0.12 | -7971.60 | -10867.98[00m
[91m76 | 0.17 | -11654.49 | -15757.70[00m
[91m77 | 0.27 | -26004.43 | -32521.29[00m
[91m78 | 0.23 | -20603.80 | -26155.20[00m
[91m80 | 0.18 | -13926.08 | -18270.66[00m
[91m81 | 0.16 | -12777.10 | -16638.95[00m
[91m82 | 0.18 | -13491.56 | -17836.14[00m
[91m83 | 0.30 | -27504.33 | -34745.28[00m
[91m85 | 0.14 | -2876141.74 | -2879520.85[00m
[91m86 | 0.29 | -25743.39 | -32742.99[00m
[91m87 | 0.12 | -7609.93 | -10506.31[00m
[91m88 | 0.26 | -24944.14 | -31219.63[00m
[91m90 | 0.07 | -2591.22 | -4280.78[00m
92 | 0.05 | 4664.00 | 3457.18
[91m94 | 0.23 | -17465.28 | -23016.68[00m
[91m97 | 0.11 | -4698.61 | -7353.63[00m
[91m98 | 0.19 | -13285.91 | -17871.85[00m
[91m100 | 0.24 | -23689.80 | -29482.57[00m
[91m101 | 0.12 | -3642.17 | -6538.56[00m
[91m105 | 0.11 | -6403.50 | -9058.52[00m
[91m106 | 0.12 | -6697.42 | -9593.80[00m
[91m107 | 0.25 | -24608.41 | -30642.54[00m
[91m109 | 0.15 | -7172.70 | -10793.18[00m
[91m110 | 0.23 | -21775.27 | -27326.67[00m
[91m111 | 0.13 | -5562.07 | -8699.82[00m
[91m112 | 0.08 | -2522.53 | -4453.46[00m
113 | 0.05 | 4187.36 | 2980.53
114 | 0.06 | 2005.68 | 557.49
[91m116 | 0.15 | -7455.81 | -11076.28[00m
[91m117 | 0.21 | -14625.93 | -19694.60[00m
[91m118 | 0.11 | -5183.58 | -7838.60[00m
[91m119 | 0.27 | -22036.62 | -28553.48[00m
[91m120 | 0.26 | -25441.11 | -31716.61[00m
[91m123 | 0.10 | -4919.12 | -7332.77[00m
[91m124 | 0.29 | -29696.51 | -36696.11[00m
[91m125 | 0.13 | -8218.81 | -11356.55[00m
[91m126 | 0.27 | -24210.06 | -30726.93[00m
[91m127 | 0.27 | -26621.89 | -33138.76[00m
[91m128 | 0.28 | -27231.93 | -33990.16[00m
[91m129 | 0.25 | -21274.93 | -27309.06[00m
[91m131 | 0.17 | -13023.40 | -17126.61[00m
[91m132 | 0.27 | -24629.05 | -31145.91[00m
[91m133 | 0.21 | -15640.11 | -20708.78[00m
[91m134 | 0.12 | -4392.11 | -7288.50[00m
[91m136 | 0.27 | -9886117.37 | -9892634.23[00m
[91m138 | 0.09 | -4213.13 | -6385.42[00m
[91m140 | 0.29 | -29857.36 | -36856.95[00m
[91m143 | 0.23 | -16700.90 | -22252.31[00m
[91m147 | 0.17 | -10699.46 | -14802.67[00m
[91m149 | 0.27 | -26553.83 | -33070.70[00m
[91m150 | 0.23 | -18166.04 | -23717.44[00m
[91m152 | 0.17 | -14501.04 | -18604.25[00m
[91m153 | 0.17 | -12844.88 | -16948.09[00m
[91m154 | 0.11 | -3851.70 | -6506.72[00m
[91m155 | 0.13 | -8910.75 | -12048.50[00m
[91m156 | 0.08 | 1001.40 | -929.52[00m
[91m157 | 0.11 | -4676.44 | -7331.46[00m
[91m158 | 0.14 | -11582.90 | -14962.02[00m
[91m160 | 0.15 | -12222.73 | -15843.21[00m
[91m161 | 0.14 | -6960.00 | -10339.11[00m
[91m162 | 0.18 | -15747.99 | -20092.56[00m
[91m163 | 0.12 | -4097.81 | -6994.20[00m
[91m164 | 0.18 | -12712.36 | -17056.94[00m
[91m165 | 0.25 | -24636.57 | -30670.70[00m
[91m167 | 0.30 | -30248.20 | -37489.16[00m
[91m168 | 0.20 | -16282.50 | -21109.80[00m
[91m169 | 0.17 | -2945679.51 | -2949782.72[00m
[91m170 | 0.15 | -1852366.61 | -1855987.09[00m
[91m171 | 0.20 | -2896242.32 | -2901069.62[00m
[91m172 | 0.15 | -1071244.39 | -1074864.86[00m
[91m173 | 0.19 | -2083488.32 | -2088074.26[00m
[91m174 | 0.26 | -5348120.92 | -5354396.42[00m
[91m175 | 0.27 | -5229187.39 | -5235704.25[00m
[91m176 | 0.10 | -913457.39 | -915871.04[00m
[91m177 | 0.17 | -4683332.51 | -4687435.72[00m
[91m178 | 0.16 | -1391143.40 | -1395005.25[00m
[91m179 | 0.19 | -1953075.23 | -1957661.17[00m
[91m181 | 0.23 | -21908.37 | -27459.77[00m
[91m182 | 0.17 | -12700.00 | -16803.21[00m
[91m183 | 0.29 | -27507.94 | -34507.53[00m
[91m184 | 0.16 | -13165.54 | -17027.38[00m
[91m188 | 0.21 | -15328.83 | -20397.50[00m
[91m189 | 0.16 | -9282.18 | -13144.02[00m
[91m190 | 0.19 | -13246.92 | -17832.86[00m
[91m191 | 0.10 | -4460.11 | -6873.76[00m
[91m192 | 0.12 | -7722.99 | -10619.38[00m
[91m193 | 0.24 | -21456.68 | -27249.45[00m
[91m195 | 0.11 | -5058.11 | -7713.13[00m
[91m196 | 0.11 | -6824.55 | -9479.57[00m
[91m197 | 0.13 | -5653.57 | -8791.32[00m
[91m198 | 0.19 | -16396.89 | -20982.83[00m
[91m199 | 0.29 | -26335.82 | -33335.42[00m
[91m200 | 0.27 | -26270.51 | -32787.37[00m
Vehicle 1
Charging tour: 
306  -> 268  -> 218  -> 344  -> 275  -> 216  -> 226  -> 203  -> 397  -> 221  -> 245  -> 250  -> 332  -> 251  -> 202  -> 402  -> 227  -> 210  -> 257  -> 336  -> 290  -> 237  -> 247  -> 288  -> 337  -> 334  -> 316  -> 339  -> 324  -> 266  -> 340  -> 374  -> 376  -> 254  -> 384  -> 293  -> 355  -> 342  -> 228  -> 220  -> 372  -> 318  -> 289  -> 322  -> 284  -> 341  -> 346  -> 281  -> 312  -> 234  -> 389  -> 261  -> 349  -> 241  -> 361  -> 262  -> 377  -> 269  -> 282  -> 328  -> 295  -> 345  -> 258  -> 
Charging time: 
0  + 0  + 0  + 0  + 0  + 0  + 0  + 0  + 0  + 0  + 0  + -0.011510748560074896  + 0  + 0  + 0  + 0  + -0.007135484331177061  + -21.713351739707946  + 0  + 0  + 0  + 0  + 0  + 0  + 0  + 0  + 0  + 0  + 0  + 0  + 0  + 0  + 0  + 0  + 0  + 0  + 0  + 0  + 0  + 0  + 0  + 0  + 0  + 0  + -418.10318237862634  + 0  + 0  + 0  + 0  + -2.475886102648652  + 0  + -60.373929972270915  + 0  + 0  + 0  + 0  + 0  + 0  + 0  + 0  + 0  + 0  + 0  + 
Traveling energy: 5224.340276638681
Charging energy: -2513.4249821307253
Total energy used: 2710.9152945079554
Charging round duration: 4721.655280212535
ID | p | E0 | time_arrive | E_remain | time_charge | energy_charge| E_after_charge | E_after_cycle
[91m306 | 0.28 | -27335.47 | 198.22 | -27390.98 | 0.00 | 0.00 | -27390.98 | -34093.70[00m
[91m268 | 0.16 | -9534.45 | 248.38 | -9574.19 | 0.00 | 0.00 | -9574.19 | -13396.30[00m
[91m218 | 0.29 | -28074.37 | 406.24 | -28192.18 | 0.00 | 0.00 | -28192.18 | -35073.96[00m
[91m344 | 0.18 | -12972.14 | 551.51 | -13071.41 | 0.00 | 0.00 | -13071.41 | -17316.72[00m
[91m275 | 0.29 | -24605.91 | 639.72 | -24791.43 | 0.00 | 0.00 | -24791.43 | -31605.50[00m
[91m216 | 0.07 | -1393.11 | 714.71 | -1443.14 | 0.00 | 0.00 | -1443.14 | -3082.66[00m
[91m226 | 0.08 | -4049.32 | 766.54 | -4110.64 | 0.00 | 0.00 | -4110.64 | -5980.24[00m
[91m203 | 0.09 | -3658.95 | 819.60 | -3732.72 | 0.00 | 0.00 | -3732.72 | -5831.24[00m
[91m397 | 0.20 | -16623.84 | 888.82 | -16801.60 | 0.00 | 0.00 | -16801.60 | -21451.15[00m
[91m221 | 0.22 | -15389.10 | 1003.94 | -15609.97 | 0.00 | 0.00 | -15609.97 | -20699.13[00m
[91m245 | 0.07 | 127.42 | 1031.72 | 55.20 | 0.00 | 0.00 | 55.20 | -1562.14[00m
250 | 0.29 | 651839615.30 | 1197.42 | 651839268.05 | -0.01 | -0.06 | 651839267.99 | 651832615.65
[91m332 | 0.17 | -10282.67 | 1322.02 | -10507.42 | 0.00 | 0.00 | -10507.42 | -14385.88[00m
[91m251 | 0.11 | -2660.56 | 1381.64 | -2812.54 | 0.00 | 0.00 | -2812.54 | -5315.57[00m
[91m202 | 0.11 | -6196.00 | 1470.06 | -6357.71 | 0.00 | 0.00 | -6357.71 | -8851.02[00m
[91m402 | 0.24 | -22717.72 | 1513.46 | -23080.95 | 0.00 | 0.00 | -23080.95 | -28510.48[00m
227 | 0.23 | 833970521.15 | 1601.99 | 833970152.69 | -0.01 | -0.04 | 833970152.66 | 833964969.72
210 | 0.11 | 131072.67 | 1679.20 | 130887.96 | -21.71 | -108.57 | 130781.78 | 128309.08
[91m257 | 0.07 | -224.41 | 1717.21 | -344.61 | 0.00 | 0.00 | -344.61 | -1913.96[00m
[91m336 | 0.12 | -6557.50 | 1760.48 | -6768.76 | 0.00 | 0.00 | -6768.76 | -9453.88[00m
[91m290 | 0.08 | -721.73 | 1824.39 | -867.68 | 0.00 | 0.00 | -867.68 | -2652.65[00m
[91m237 | 0.24 | -21297.55 | 1888.19 | -21750.71 | 0.00 | 0.00 | -21750.71 | -27090.31[00m
[91m247 | 0.25 | -19602.93 | 1931.86 | -20085.89 | 0.00 | 0.00 | -20085.89 | -25637.06[00m
[91m288 | 0.13 | -6905.27 | 1967.81 | -7161.08 | 0.00 | 0.00 | -7161.08 | -10043.01[00m
[91m337 | 0.28 | -27238.20 | 2008.04 | -27800.45 | 0.00 | 0.00 | -27800.45 | -33996.43[00m
[91m334 | 0.20 | -13775.66 | 2051.10 | -14185.88 | 0.00 | 0.00 | -14185.88 | -18602.96[00m
[91m316 | 0.10 | -3451.16 | 2173.89 | -3668.55 | 0.00 | 0.00 | -3668.55 | -5864.82[00m
[91m339 | 0.17 | -11984.92 | 2231.05 | -12364.20 | 0.00 | 0.00 | -12364.20 | -16088.13[00m
[91m324 | 0.29 | -26484.05 | 2239.97 | -27133.64 | 0.00 | 0.00 | -27133.64 | -33483.64[00m
[91m266 | 0.14 | -11328.48 | 2372.24 | -11660.59 | 0.00 | 0.00 | -11660.59 | -14707.59[00m
[91m340 | 0.14 | -10295.66 | 2536.96 | -10650.83 | 0.00 | 0.00 | -10650.83 | -13674.77[00m
[91m374 | 0.18 | -12400.24 | 2635.41 | -12874.62 | 0.00 | 0.00 | -12874.62 | -16744.82[00m
[91m376 | 0.30 | -25803.29 | 2668.27 | -26603.77 | 0.00 | 0.00 | -26603.77 | -33044.25[00m
[91m254 | 0.08 | -3095.71 | 2721.45 | -3313.43 | 0.00 | 0.00 | -3313.43 | -5026.63[00m
[91m384 | 0.26 | -20312.52 | 2734.13 | -21023.39 | 0.00 | 0.00 | -21023.39 | -26588.02[00m
[91m293 | 0.24 | -20296.02 | 2857.76 | -20981.89 | 0.00 | 0.00 | -20981.89 | -26088.79[00m
[91m355 | 0.14 | -8851.97 | 3029.72 | -9276.14 | 0.00 | 0.00 | -9276.14 | -12231.09[00m
[91m342 | 0.25 | -20944.98 | 3103.96 | -21720.98 | 0.00 | 0.00 | -21720.98 | -26979.12[00m
[91m228 | 0.14 | -7949.66 | 3242.96 | -8403.67 | 0.00 | 0.00 | -8403.67 | -11328.77[00m
[91m220 | 0.13 | -9636.19 | 3291.41 | -10064.07 | 0.00 | 0.00 | -10064.07 | -12773.94[00m
[91m372 | 0.16 | -11688.13 | 3437.83 | -12238.19 | 0.00 | 0.00 | -12238.19 | -15549.98[00m
[91m318 | 0.27 | -24780.45 | 3443.51 | -25710.20 | 0.00 | 0.00 | -25710.20 | -31297.31[00m
[91m289 | 0.22 | -19592.52 | 3528.48 | -20368.78 | 0.00 | 0.00 | -20368.78 | -24902.55[00m
[91m322 | 0.15 | -12395.68 | 3575.91 | -12932.06 | 0.00 | 0.00 | -12932.06 | -16016.16[00m
284 | 0.18 | 11138.72 | 3578.77 | 10494.54 | -418.10 | -2090.52 | 8479.29 | 4703.63
[91m341 | 0.16 | -10370.29 | 3207.25 | -10883.45 | 0.00 | 0.00 | -10883.45 | -14232.14[00m
[91m346 | 0.29 | -27726.88 | 3330.57 | -28692.75 | 0.00 | 0.00 | -28692.75 | -34726.48[00m
[91m281 | 0.29 | -26836.99 | 3354.34 | -27809.75 | 0.00 | 0.00 | -27809.75 | -33836.59[00m
[91m312 | 0.20 | -17644.07 | 3436.90 | -18331.45 | 0.00 | 0.00 | -18331.45 | -22471.38[00m
234 | 0.13 | 1358498.02 | 3528.76 | 1358039.28 | -2.48 | -12.38 | 1358027.23 | 1355347.89
[91m389 | 0.16 | -8852.35 | 3566.48 | -9422.99 | 0.00 | 0.00 | -9422.99 | -12714.20[00m
261 | 0.15 | 64281.82 | 3600.15 | 63741.79 | -60.37 | -301.87 | 63448.98 | 60359.47
[91m349 | 0.22 | -20574.99 | 3640.35 | -21375.87 | 0.00 | 0.00 | -21375.87 | -25885.03[00m
[91m241 | 0.13 | -6194.47 | 3765.47 | -6683.98 | 0.00 | 0.00 | -6683.98 | -9332.22[00m
[91m361 | 0.06 | -1388.00 | 3844.22 | -1618.66 | 0.00 | 0.00 | -1618.66 | -2836.20[00m
[91m262 | 0.08 | -4000.35 | 3982.04 | -4318.91 | 0.00 | 0.00 | -4318.91 | -5931.27[00m
[91m377 | 0.13 | -6386.45 | 4099.03 | -6919.32 | 0.00 | 0.00 | -6919.32 | -9524.19[00m
[91m269 | 0.11 | -7458.39 | 4239.39 | -7924.72 | 0.00 | 0.00 | -7924.72 | -10113.41[00m
[91m282 | 0.29 | -26197.81 | 4364.03 | -27463.38 | 0.00 | 0.00 | -27463.38 | -33197.40[00m
[91m328 | 0.15 | -9889.59 | 4421.73 | -10552.85 | 0.00 | 0.00 | -10552.85 | -13510.07[00m
[91m295 | 0.30 | -28440.56 | 4450.05 | -29775.57 | 0.00 | 0.00 | -29775.57 | -35681.52[00m
[91m345 | 0.25 | -21241.11 | 4532.42 | -22374.21 | 0.00 | 0.00 | -22374.21 | -27275.24[00m
[91m258 | 0.23 | -17973.27 | 4569.53 | -19024.26 | 0.00 | 0.00 | -19024.26 | -23524.67[00m
[91m204 | 0.07 | 455.93 | -1233.62[00m
205 | 0.23 | 14771.58 | 9220.18
[91m206 | 0.09 | -1916.55 | -4088.84[00m
[91m207 | 0.11 | -5980.94 | -8635.96[00m
[91m208 | 0.22 | -17562.72 | -22872.75[00m
[91m209 | 0.18 | -16087.40 | -20431.98[00m
[91m211 | 0.19 | -13675.49 | -18261.43[00m
[91m212 | 0.19 | -16713.28 | -21299.22[00m
[91m213 | 0.29 | -25949.42 | -32949.02[00m
[91m214 | 0.11 | -4675.14 | -7330.15[00m
[91m215 | 0.12 | -4515.66 | -7412.04[00m
[91m217 | 0.25 | -24694.58 | -30728.71[00m
[91m219 | 0.19 | -17030.69 | -21616.63[00m
[91m222 | 0.11 | -7349.45 | -10004.47[00m
[91m223 | 0.12 | -8137.25 | -11033.64[00m
[91m224 | 0.27 | -25875.30 | -32392.17[00m
[91m225 | 0.27 | -21860.23 | -28377.09[00m
[91m229 | 0.18 | -12267.56 | -16612.13[00m
[91m230 | 0.26 | -24130.65 | -30406.15[00m
[91m231 | 0.24 | -18722.13 | -24514.89[00m
[91m232 | 0.15 | -9359.94 | -12980.42[00m
[91m233 | 0.12 | -3560.73 | -6457.11[00m
[91m235 | 0.10 | -6159.90 | -8573.55[00m
[91m236 | 0.12 | -4660.31 | -7556.69[00m
[91m238 | 0.16 | -8403.59 | -12265.43[00m
[91m239 | 0.06 | 510.23 | -937.96[00m
[91m240 | 0.25 | -21022.26 | -27056.39[00m
[91m242 | 0.25 | -24714.70 | -30748.83[00m
[91m243 | 0.22 | -15768.98 | -21079.01[00m
[91m244 | 0.21 | -14709.45 | -19778.12[00m
[91m246 | 0.24 | -19587.67 | -25380.44[00m
[91m248 | 0.14 | -6869.21 | -10248.32[00m
[91m249 | 0.26 | -20781.94 | -27057.44[00m
[91m252 | 0.09 | -5035.89 | -7208.18[00m
[91m253 | 0.16 | -8821.20 | -12683.05[00m
[91m255 | 0.20 | -16534.15 | -21361.46[00m
[91m256 | 0.15 | -9491.11 | -13111.59[00m
[91m259 | 0.21 | -15862.76 | -20931.43[00m
[91m260 | 0.25 | -6184.69 | -12218.82[00m
[91m263 | 0.15 | -8635.09 | -12255.57[00m
[91m264 | 0.16 | -11999.96 | -15861.80[00m
[91m265 | 0.30 | -28073.99 | -35314.95[00m
[91m267 | 0.27 | -27078.25 | -33595.11[00m
[91m270 | 0.17 | -9512.46 | -13615.67[00m
[91m271 | 0.09 | -29119.31 | -31291.60[00m
[91m272 | 0.26 | -20616.69 | -26892.19[00m
[91m273 | 0.06 | -23018.50 | -24466.70[00m
[91m274 | 0.09 | -21761.45 | -23933.74[00m
[91m276 | 0.07 | -21739.24 | -23428.79[00m
[91m277 | 0.06 | -11516.29 | -12964.48[00m
[91m278 | 0.08 | -70805.99 | -72736.92[00m
[91m279 | 0.23 | -19443.73 | -24995.13[00m
[91m280 | 0.08 | -15260.61 | -17191.53[00m
[91m283 | 0.07 | -59314.15 | -61003.70[00m
[91m285 | 0.11 | -144812.61 | -147467.63[00m
[91m286 | 0.25 | -21732.07 | -27766.21[00m
[91m287 | 0.25 | -19787.04 | -25821.17[00m
[91m291 | 0.14 | -11209.36 | -14588.47[00m
[91m292 | 0.08 | 672.67 | -1258.25[00m
[91m294 | 0.21 | -15477.10 | -20545.77[00m
[91m296 | 0.16 | -12575.84 | -16437.68[00m
[91m297 | 0.07 | -260.92 | -1950.48[00m
[91m298 | 0.11 | -4407.73 | -7062.75[00m
[91m299 | 0.07 | 717.56 | -971.99[00m
[91m300 | 0.10 | -1695.67 | -4109.33[00m
[91m301 | 0.22 | -18905.65 | -24215.68[00m
[91m302 | 0.25 | -21453.25 | -27487.38[00m
[91m303 | 0.26 | -22857.26 | -29132.76[00m
[91m304 | 0.27 | -24646.76 | -31163.62[00m
[91m305 | 0.24 | -22642.43 | -28435.20[00m
[91m307 | 0.28 | -25715.95 | -32474.18[00m
[91m308 | 0.27 | -24973.24 | -31490.10[00m
[91m309 | 0.29 | -26223.03 | -33222.62[00m
[91m310 | 0.27 | -22768.31 | -29285.17[00m
[91m311 | 0.14 | -6443.78 | -9822.89[00m
[91m313 | 0.06 | 1113.22 | -334.98[00m
[91m314 | 0.30 | -25517.94 | -32758.90[00m
[91m315 | 0.19 | -16993.94 | -21579.88[00m
[91m317 | 0.25 | -22313.97 | -28348.11[00m
[91m319 | 0.11 | -20751087.80 | -20753742.82[00m
[91m320 | 0.29 | -28689.34 | -35688.93[00m
[91m321 | 0.27 | -26592.11 | -33108.98[00m
[91m323 | 0.27 | -23733.70 | -30250.57[00m
[91m325 | 0.27 | -26024.67 | -32541.53[00m
[91m326 | 0.28 | -26216.01 | -32974.24[00m
[91m327 | 0.24 | -19445.61 | -25238.38[00m
[91m329 | 0.28 | -25628.95 | -32387.18[00m
[91m330 | 0.29 | -25752.34 | -32751.93[00m
[91m331 | 0.23 | -17872.15 | -23423.55[00m
[91m333 | 0.30 | -27700.52 | -34941.48[00m
[91m335 | 0.27 | -21478.42 | -27995.28[00m
[91m338 | 0.19 | -12978.89 | -17564.83[00m
[91m343 | 0.16 | -9729.92 | -13591.76[00m
[91m347 | 0.27 | -26775.16 | -33292.03[00m
[91m348 | 0.21 | -14543.30 | -19611.97[00m
[91m350 | 0.26 | -23961.20 | -30236.70[00m
[91m351 | 0.14 | -6310.21 | -9689.33[00m
[91m352 | 0.19 | -15993.04 | -20578.98[00m
[91m353 | 0.11 | -4430.82 | -7085.83[00m
[91m354 | 0.10 | -2064.65 | -4478.31[00m
[91m356 | 0.09 | -5318.39 | -7490.68[00m
[91m357 | 0.30 | -30838.54 | -38079.50[00m
[91m358 | 0.24 | -20544.11 | -26336.87[00m
[91m359 | 0.25 | -21920.64 | -27954.78[00m
[91m360 | 0.29 | -28627.39 | -35626.98[00m
[91m362 | 0.27 | -27435.92 | -33952.79[00m
[91m363 | 0.25 | -16851242.37 | -16857276.50[00m
[91m364 | 0.28 | -63079159.04 | -63085917.27[00m
[91m365 | 0.24 | -18514.39 | -24307.16[00m
[91m366 | 0.11 | -6836.71 | -9491.73[00m
[91m367 | 0.28 | -26019.07 | -32777.30[00m
[91m368 | 0.09 | -5218.13 | -7390.41[00m
[91m369 | 0.23 | -16660.10 | -22211.50[00m
[91m370 | 0.21 | -15457.25 | -20525.92[00m
[91m371 | 0.24 | -20802.52 | -26595.29[00m
[91m373 | 0.25 | -19740.58 | -25774.71[00m
[91m375 | 0.20 | -15609.59 | -20436.89[00m
[91m378 | 0.23 | -21615.93 | -27167.33[00m
[91m379 | 0.11 | -5322.62 | -7977.64[00m
[91m380 | 0.16 | -11065.39 | -14927.24[00m
[91m381 | 0.20 | -17340.38 | -22167.68[00m
[91m382 | 0.19 | -16970.35 | -21556.29[00m
[91m383 | 0.06 | -58.71 | -1506.90[00m
[91m385 | 0.15 | -10575.62 | -14196.10[00m
[91m386 | 0.27 | -25754.60 | -32271.47[00m
[91m387 | 0.13 | -9604.20 | -12741.95[00m
[91m388 | 0.24 | -18003.64 | -23796.41[00m
[91m390 | 0.16 | -9429.75 | -13291.60[00m
[91m391 | 0.21 | -17826.10 | -22894.77[00m
[91m392 | 0.30 | -29259.66 | -36500.62[00m
[91m393 | 0.22 | -19020.93 | -24330.97[00m
[91m394 | 0.17 | -9801.23 | -13904.44[00m
[91m395 | 0.20 | -14358.54 | -19185.85[00m
[91m396 | 0.29 | -26373.89 | -33373.48[00m
[91m398 | 0.16 | -12471.71 | -16333.55[00m
[91m399 | 0.27 | -24874.22 | -31391.08[00m
[91m400 | 0.26 | -23479.06 | -29754.56[00m
[91m401 | 0.23 | -21140.75 | -26692.16[00m
[91m403 | 0.19 | -16909.76 | -21495.70[00m
[91m404 | 0.25 | -20596.67 | -26630.80[00m
[91m405 | 0.26 | -25403.20 | -31678.70[00m
Vehicle 2
Charging tour: 
488  -> 444  -> 434  -> 440  -> 481  -> 430  -> 523  -> 486  -> 467  -> 446  -> 420  -> 549  -> 494  -> 412  -> 425  -> 566  -> 454  -> 552  -> 443  -> 436  -> 598  -> 489  -> 594  -> 448  -> 472  -> 464  -> 466  -> 463  -> 429  -> 516  -> 460  -> 445  -> 589  -> 606  -> 586  -> 536  -> 525  -> 596  -> 450  -> 413  -> 409  -> 453  -> 410  -> 590  -> 480  -> 513  -> 555  -> 421  -> 431  -> 587  -> 506  -> 497  -> 485  -> 576  -> 452  -> 538  -> 559  -> 517  -> 414  -> 459  -> 487  -> 567  -> 579  -> 455  -> 479  -> 554  -> 597  -> 424  -> 515  -> 473  -> 529  -> 562  -> 408  -> 560  -> 571  -> 427  -> 533  -> 438  -> 423  -> 
Charging time: 
-2.7207234738437456  + 0  + -0.3883933134576864  + 0  + -104.33315466305841  + -2.1718738263869533  + 0  + 0  + -1.8146942354871574  + -0.8285054531800568  + 0  + 0  + 0  + 0  + -74.2489846988037  + 0  + -132.58983117185244  + 0  + -174.4311502455783  + 0  + 0  + 0  + 0  + -117.03925325873837  + 0  + 0  + 0  + 0  + -0.05732034651530419  + 0  + -2.4009760668572917  + 0  + -117.29018649465068  + 0  + 0  + 0  + 0  + 0  + -119.25700313105652  + -176.57074309004292  + -1.0587770306859579  + -137.59035159708904  + 0  + 0  + 0  + 0  + 0  + 0  + 0  + 0  + 0  + 0  + -117.25764875178298  + 0  + 0  + 0  + 0  + 0  + -78.85007095913359  + 0  + -166.91162287515462  + 0  + 0  + -0.04433385953147456  + 0  + 0  + 0  + 0  + 0  + -2.7172618493358613  + 0  + 0  + -91.12048888467748  + 0  + 0  + 0  + 0  + -144.54934425032525  + 0  + 
Traveling energy: 6561.12928183541
Charging energy: -8831.213467636127
Total energy used: -2270.084185800717
Charging round duration: 4794.886588308185
ID | p | E0 | time_arrive | E_remain | time_charge | energy_charge| E_after_charge | E_after_cycle
488 | 0.26 | 2214879.24 | 98.08 | 2214853.74 | -2.72 | -13.60 | 2214840.85 | 2208590.14
[91m444 | 0.17 | -11873.29 | 172.17 | -11902.56 | 0.00 | 0.00 | -11902.56 | -15976.50[00m
434 | 0.15 | 8951186.85 | 301.77 | 8951141.59 | -0.39 | -1.94 | 8951139.71 | 8947564.43
[91m440 | 0.22 | -20360.73 | 409.58 | -20450.84 | 0.00 | 0.00 | -20450.84 | -25670.77[00m
481 | 0.05 | 11107.31 | 476.70 | 11083.47 | -104.33 | -521.67 | 10567.02 | 9378.81
430 | 0.24 | 2561166.18 | 504.07 | 2561045.20 | -2.17 | -10.86 | 2561034.87 | 2555362.56
[91m523 | 0.24 | -21389.72 | 562.30 | -21524.67 | 0.00 | 0.00 | -21524.67 | -27182.49[00m
[91m486 | 0.18 | -14058.67 | 605.58 | -14167.67 | 0.00 | 0.00 | -14167.67 | -18403.24[00m
467 | 0.30 | 3831588.87 | 694.21 | 3831380.61 | -1.81 | -9.07 | 3831372.08 | 3824338.84
446 | 0.18 | 5035449.47 | 831.54 | 5035299.79 | -0.83 | -4.14 | 5035295.80 | 5031100.75
[91m420 | 0.13 | -10105.57 | 897.98 | -10222.30 | 0.00 | 0.00 | -10222.30 | -13243.32[00m
[91m549 | 0.30 | -27873.71 | 925.79 | -28151.45 | 0.00 | 0.00 | -28151.45 | -35114.67[00m
[91m494 | 0.18 | -12725.38 | 984.73 | -12902.63 | 0.00 | 0.00 | -12902.63 | -17069.95[00m
[91m412 | 0.12 | -8453.64 | 998.72 | -8573.49 | 0.00 | 0.00 | -8573.49 | -11350.02[00m
425 | 0.13 | 40580.18 | 1136.98 | 40432.37 | -74.25 | -371.24 | 40070.78 | 37071.18
[91m566 | 0.14 | -9030.08 | 1141.25 | -9189.86 | 0.00 | 0.00 | -9189.86 | -12409.20[00m
454 | 0.11 | 19228.42 | 1151.04 | 19101.80 | -132.59 | -662.95 | 18453.44 | 15910.45
[91m552 | 0.22 | -20590.22 | 1118.05 | -20836.19 | 0.00 | 0.00 | -20836.19 | -25900.25[00m
443 | 0.12 | 15944.77 | 1205.03 | 15800.17 | -174.43 | -872.16 | 14948.94 | 12176.23
[91m436 | 0.15 | -10984.10 | 1095.88 | -11148.48 | 0.00 | 0.00 | -11148.48 | -14604.58[00m
[91m598 | 0.18 | -15534.06 | 1136.21 | -15738.58 | 0.00 | 0.00 | -15738.58 | -19878.64[00m
[91m489 | 0.25 | -23991.42 | 1197.70 | -24290.85 | 0.00 | 0.00 | -24290.85 | -30025.55[00m
[91m594 | 0.20 | -15430.71 | 1250.32 | -15680.77 | 0.00 | 0.00 | -15680.77 | -20258.01[00m
448 | 0.06 | 11881.76 | 1347.10 | 11800.94 | -117.04 | -585.20 | 11222.76 | 9848.37
[91m472 | 0.13 | -6933.85 | 1252.26 | -7096.64 | 0.00 | 0.00 | -7096.64 | -10071.59[00m
[91m464 | 0.22 | -18527.85 | 1308.81 | -18815.79 | 0.00 | 0.00 | -18815.79 | -23837.89[00m
[91m466 | 0.11 | -5235.81 | 1373.10 | -5386.85 | 0.00 | 0.00 | -5386.85 | -7890.83[00m
[91m463 | 0.12 | -5167.53 | 1416.83 | -5337.55 | 0.00 | 0.00 | -5337.55 | -8063.91[00m
429 | 0.13 | 52564877.14 | 1511.16 | 52564680.69 | -0.06 | -0.29 | 52564680.41 | 52561739.10
[91m516 | 0.29 | -24331.11 | 1573.08 | -24787.31 | 0.00 | 0.00 | -24787.31 | -31330.71[00m
460 | 0.25 | 2413310.97 | 1610.92 | 2412908.24 | -2.40 | -12.00 | 2412896.83 | 2407264.83
[91m445 | 0.19 | -13616.44 | 1648.89 | -13929.73 | 0.00 | 0.00 | -13929.73 | -18202.38[00m
589 | 0.06 | 11856.34 | 1750.86 | 11751.29 | -117.29 | -586.45 | 11171.88 | 9821.70
[91m606 | 0.21 | -16612.44 | 1780.10 | -16986.26 | 0.00 | 0.00 | -16986.26 | -21681.11[00m
[91m586 | 0.23 | -20157.33 | 1877.60 | -20589.17 | 0.00 | 0.00 | -20589.17 | -25708.73[00m
[91m536 | 0.27 | -21659.17 | 1982.93 | -22194.56 | 0.00 | 0.00 | -22194.56 | -28176.03[00m
[91m525 | 0.28 | -26854.69 | 2128.70 | -27450.72 | 0.00 | 0.00 | -27450.72 | -33612.92[00m
[91m596 | 0.10 | -1681.77 | 2275.61 | -1909.33 | 0.00 | 0.00 | -1909.33 | -4095.42[00m
450 | 0.12 | 23321.61 | 2303.80 | 23045.15 | -119.26 | -596.29 | 22463.18 | 19828.94
413 | 0.14 | 18376.82 | 2268.97 | 18059.17 | -176.57 | -882.85 | 17201.03 | 14114.85
409 | 0.29 | 6348258.39 | 2209.56 | 6347617.62 | -1.06 | -5.29 | 6347612.63 | 6341253.50
453 | 0.10 | 16845.08 | 2262.59 | 16618.82 | -137.59 | -687.95 | 15944.63 | 13743.48
[91m410 | 0.10 | -5683.27 | 2194.62 | -5902.73 | 0.00 | 0.00 | -5902.73 | -8096.92[00m
[91m590 | 0.12 | -8211.71 | 2310.01 | -8488.92 | 0.00 | 0.00 | -8488.92 | -11108.10[00m
[91m480 | 0.12 | -7504.37 | 2421.88 | -7795.00 | 0.00 | 0.00 | -7795.00 | -10400.76[00m
[91m513 | 0.17 | -11356.17 | 2513.29 | -11783.43 | 0.00 | 0.00 | -11783.43 | -15459.38[00m
[91m555 | 0.25 | -22719.05 | 2588.54 | -23366.19 | 0.00 | 0.00 | -23366.19 | -28753.19[00m
[91m421 | 0.14 | -7644.66 | 2653.32 | -8016.13 | 0.00 | 0.00 | -8016.13 | -11023.78[00m
[91m431 | 0.25 | -21770.40 | 2754.45 | -22459.02 | 0.00 | 0.00 | -22459.02 | -27804.54[00m
[91m587 | 0.10 | -5023.85 | 2775.69 | -5301.42 | 0.00 | 0.00 | -5301.42 | -7437.51[00m
[91m506 | 0.08 | -3594.16 | 2814.18 | -3819.30 | 0.00 | 0.00 | -3819.30 | -5525.09[00m
[91m497 | 0.27 | -24431.84 | 2991.42 | -25239.53 | 0.00 | 0.00 | -25239.53 | -30948.71[00m
485 | 0.06 | 11859.63 | 3076.99 | 11675.01 | -117.26 | -586.29 | 11095.76 | 9825.15
[91m576 | 0.28 | -25184.53 | 3017.95 | -26029.55 | 0.00 | 0.00 | -26029.55 | -31942.76[00m
[91m452 | 0.17 | -12134.87 | 3157.26 | -12671.61 | 0.00 | 0.00 | -12671.61 | -16238.08[00m
[91m538 | 0.23 | -18081.41 | 3305.41 | -18841.66 | 0.00 | 0.00 | -18841.66 | -23632.81[00m
[91m559 | 0.29 | -28087.15 | 3366.44 | -29063.42 | 0.00 | 0.00 | -29063.42 | -35086.75[00m
[91m517 | 0.27 | -22326.01 | 3382.13 | -23239.18 | 0.00 | 0.00 | -23239.18 | -28842.87[00m
414 | 0.15 | 44091.03 | 3416.72 | 43578.53 | -78.85 | -394.25 | 43196.10 | 40076.30
[91m459 | 0.18 | -13228.79 | 3416.86 | -13843.83 | 0.00 | 0.00 | -13843.83 | -17573.37[00m
487 | 0.10 | 13885.92 | 3468.34 | 13539.08 | -166.91 | -834.56 | 12721.21 | 10637.70
[91m567 | 0.11 | -5784.31 | 3361.17 | -6154.04 | 0.00 | 0.00 | -6154.04 | -8439.33[00m
[91m579 | 0.22 | -17987.11 | 3451.21 | -18746.37 | 0.00 | 0.00 | -18746.37 | -23297.14[00m
455 | 0.09 | 47050915.37 | 3555.70 | 47050595.36 | -0.04 | -0.22 | 47050595.14 | 47048742.87
[91m479 | 0.27 | -27439.19 | 3629.94 | -28419.27 | 0.00 | 0.00 | -28419.27 | -33956.05[00m
[91m554 | 0.25 | -21050.55 | 3725.75 | -21981.99 | 0.00 | 0.00 | -21981.99 | -27084.68[00m
[91m597 | 0.09 | -2749.37 | 3836.42 | -3094.65 | 0.00 | 0.00 | -3094.65 | -4921.66[00m
[91m424 | 0.22 | -16362.50 | 3927.44 | -17226.54 | 0.00 | 0.00 | -17226.54 | -21672.54[00m
[91m515 | 0.17 | -9802.91 | 4004.41 | -10483.66 | 0.00 | 0.00 | -10483.66 | -13906.12[00m
473 | 0.27 | 2302997.05 | 4154.79 | 2301875.25 | -2.72 | -13.59 | 2301862.40 | 2296466.60
[91m529 | 0.11 | -4831.43 | 4295.70 | -5303.96 | 0.00 | 0.00 | -5303.96 | -7486.45[00m
[91m562 | 0.30 | -26242.01 | 4378.66 | -27555.60 | 0.00 | 0.00 | -27555.60 | -33482.96[00m
408 | 0.06 | 15261.47 | 4458.90 | 14993.93 | -91.12 | -455.60 | 14543.80 | 13357.67
[91m560 | 0.16 | -13665.30 | 4402.13 | -14369.64 | 0.00 | 0.00 | -14369.64 | -17527.15[00m
[91m571 | 0.20 | -14774.19 | 4472.59 | -15668.71 | 0.00 | 0.00 | -15668.71 | -19601.50[00m
[91m427 | 0.11 | -4742.92 | 4509.93 | -5239.02 | 0.00 | 0.00 | -5239.02 | -7397.94[00m
[91m533 | 0.30 | -27699.26 | 4548.69 | -29063.86 | 0.00 | 0.00 | -29063.86 | -34940.21[00m
438 | 0.08 | 12827.29 | 4673.94 | 12453.38 | -144.55 | -722.75 | 11742.19 | 10173.62
[91m423 | 0.29 | -27774.98 | 4627.04 | -29116.82 | 0.00 | 0.00 | -29116.82 | -34774.57[00m
[91m406 | 0.19 | -15482.87 | -20068.81[00m
[91m407 | 0.15 | -12114.50 | -15734.98[00m
[91m411 | 0.28 | -24057.43 | -30815.66[00m
[91m415 | 0.08 | -2134.84 | -4065.76[00m
[91m416 | 0.22 | -19807.16 | -25117.20[00m
[91m417 | 0.12 | -4714.72 | -7611.11[00m
418 | 0.06 | 13847.84 | 12399.65
[91m419 | 0.15 | -11009.28 | -14629.76[00m
[91m422 | 0.30 | -29888.36 | -37129.32[00m
[91m426 | 0.14 | -8311.95 | -11691.07[00m
[91m428 | 0.18 | -14360.75 | -18705.33[00m
[91m432 | 0.09 | -3131.46 | -5303.75[00m
[91m433 | 0.16 | -10862.64 | -14724.49[00m
[91m435 | 0.11 | -4246.10 | -6901.12[00m
[91m437 | 0.19 | -15814.38 | -20400.32[00m
[91m439 | 0.21 | -19041.23 | -24109.90[00m
[91m441 | 0.25 | -23482.58 | -29516.71[00m
442 | 0.07 | 13341.86 | 11652.31
[91m447 | 0.14 | -8106.76 | -11485.88[00m
[91m449 | 0.16 | -11872.32 | -15734.16[00m
[91m451 | 0.10 | -5988.51 | -8402.16[00m
[91m456 | 0.08 | -4052.92 | -5983.84[00m
[91m457 | 0.09 | -2552.60 | -4724.89[00m
458 | 0.07 | 13820.76 | 12131.20
461 | 0.06 | 11614.62 | 10166.42
[91m462 | 0.21 | -18816.53 | -23885.21[00m
465 | 0.11 | 15088.97 | 12433.95
[91m468 | 0.29 | -25271.90 | -32271.50[00m
[91m469 | 0.09 | -4361.60 | -6533.88[00m
[91m470 | 0.23 | -16587.67 | -22139.08[00m
[91m471 | 0.12 | -7104.35 | -10000.74[00m
[91m474 | 0.21 | -16982.64 | -22051.31[00m
[91m475 | 0.10 | -3355.92 | -5769.57[00m
[91m476 | 0.13 | -4805.83 | -7943.58[00m
[91m477 | 0.24 | -19882.16 | -25674.93[00m
[91m478 | 0.09 | -3370.21 | -5542.50[00m
[91m482 | 0.18 | -13669.94 | -18014.52[00m
[91m483 | 0.11 | -6503.10 | -9158.12[00m
[91m484 | 0.09 | -5294.29 | -7466.58[00m
[91m490 | 0.21 | -16062.50 | -21131.18[00m
[91m491 | 0.26 | -23326.02 | -29601.52[00m
[91m492 | 0.21 | -19414.41 | -24483.08[00m
[91m493 | 0.12 | -7376.04 | -10272.42[00m
[91m495 | 0.20 | -18269.68 | -23096.98[00m
[91m496 | 0.08 | -3383.08 | -5314.00[00m
[91m498 | 0.18 | -10880.90 | -15225.47[00m
[91m499 | 0.30 | -28414.24 | -35655.20[00m
[91m500 | 0.23 | -19470.75 | -25022.15[00m
[91m501 | 0.14 | -6306.55 | -9685.66[00m
[91m502 | 0.13 | -10342932.10 | -10346069.84[00m
[91m503 | 0.11 | -16146205.28 | -16148860.29[00m
[91m504 | 0.08 | -427549.68 | -429480.60[00m
[91m505 | 0.13 | -8868.45 | -12006.20[00m
[91m507 | 0.28 | -23445.13 | -30203.36[00m
[91m508 | 0.19 | -15351.17 | -19937.11[00m
[91m509 | 0.22 | -20839.21 | -26149.24[00m
[91m510 | 0.29 | -27737.03 | -34736.63[00m
[91m511 | 0.20 | -14822.81 | -19650.12[00m
[91m512 | 0.11 | -7331.47 | -9986.49[00m
[91m514 | 0.28 | -24212.27 | -30970.50[00m
[91m518 | 0.20 | -14758.02 | -19585.33[00m
[91m519 | 0.23 | -16947.01 | -22498.41[00m
[91m520 | 0.22 | -15608.49 | -20918.53[00m
[91m521 | 0.06 | 734.84 | -713.35[00m
[91m522 | 0.21 | -16249.53 | -21318.20[00m
[91m524 | 0.15 | -11536.10 | -15156.58[00m
[91m526 | 0.10 | -1648.72 | -4062.38[00m
[91m527 | 0.23 | -20938.22 | -26489.63[00m
[91m528 | 0.27 | -22946.83 | -29463.69[00m
[91m530 | 0.15 | -11487.95 | -15108.43[00m
[91m531 | 0.26 | -23595.99 | -29871.49[00m
[91m532 | 0.20 | -14663.95 | -19491.26[00m
534 | 0.05 | 11224.91 | 10018.08
[91m535 | 0.22 | -15824.08 | -21134.11[00m
[91m537 | 0.12 | -6500.43 | -9396.81[00m
[91m539 | 0.19 | -16616.38 | -21202.32[00m
[91m540 | 0.22 | -20353.08 | -25663.12[00m
[91m541 | 0.26 | -21749.50 | -28025.00[00m
[91m542 | 0.07 | -469.50 | -2159.05[00m
[91m543 | 0.14 | -9512.76 | -12891.87[00m
[91m544 | 0.27 | -22431.65 | -28948.52[00m
[91m545 | 0.15 | -11231.14 | -14851.62[00m
[91m546 | 0.11 | -4060.97 | -6715.99[00m
[91m547 | 0.21 | -17163.99 | -22232.66[00m
[91m548 | 0.26 | -23345.29 | -29620.79[00m
[91m550 | 0.22 | -17948.66 | -23258.70[00m
[91m551 | 0.13 | -17740756.48 | -17743894.23[00m
[91m553 | 0.12 | -3573.47 | -6469.85[00m
[91m556 | 0.27 | -25594.47 | -32111.33[00m
[91m557 | 0.13 | -9216.02 | -12353.77[00m
[91m558 | 0.30 | -30928.07 | -38169.03[00m
[91m561 | 0.23 | -20091.15 | -25642.55[00m
[91m563 | 0.15 | -10798.44 | -14418.92[00m
[91m564 | 0.18 | -12571.48 | -16916.05[00m
[91m565 | 0.16 | -8617.39 | -12479.23[00m
[91m568 | 0.17 | -12376.38 | -16479.59[00m
[91m569 | 0.29 | -28833.10 | -35832.70[00m
[91m570 | 0.21 | -19536.01 | -24604.68[00m
[91m572 | 0.11 | -4854.07 | -7509.09[00m
[91m573 | 0.11 | -7774.03 | -10429.05[00m
[91m574 | 0.21 | -19117.30 | -24185.98[00m
[91m575 | 0.20 | -13714.80 | -18542.10[00m
[91m577 | 0.05 | -746.67 | -1953.49[00m
[91m578 | 0.10 | -6322.46 | -8736.11[00m
[91m580 | 0.11 | -7596.03 | -10251.05[00m
[91m581 | 0.20 | -15267.15 | -20094.46[00m
[91m582 | 0.08 | -794.21 | -2725.13[00m
[91m583 | 0.09 | -4374.84 | -6547.13[00m
[91m584 | 0.23 | -19574.16 | -25125.57[00m
[91m585 | 0.21 | -16049.80 | -21118.47[00m
[91m588 | 0.16 | -11805.32 | -15667.17[00m
[91m591 | 0.27 | -27210.60 | -33727.46[00m
[91m592 | 0.18 | -14773.45 | -19118.02[00m
[91m593 | 0.20 | -15556.30 | -20383.61[00m
[91m595 | 0.15 | -12195.45 | -15815.93[00m
[91m599 | 0.24 | -18658.74 | -24451.51[00m
[91m600 | 0.10 | -4794.06 | -7207.71[00m
[91m601 | 0.23 | -16832.35 | -22383.75[00m
[91m602 | 0.23 | -21699.54 | -27250.94[00m
[91m603 | 0.23 | -20588.23 | -26139.63[00m
[91m604 | 0.23 | -18265.16 | -23816.56[00m
[91m605 | 0.27 | -22739.51 | -29256.37[00m
[91m607 | 0.25 | -24079.36 | -30113.49[00m
[91m608 | 0.30 | -25528.27 | -32769.23[00m
[91m609 | 0.24 | -21504.11 | -27296.88[00m
[91m610 | 0.19 | -17796.56 | -22382.50[00m
Vehicle 3
Charging tour: 
766  -> 676  -> 665  -> 674  -> 649  -> 659  -> 633  -> 749  -> 613  -> 760  -> 733  -> 758  -> 743  -> 773  -> 756  -> 736  -> 727  -> 689  -> 651  -> 730  -> 635  -> 615  -> 700  -> 644  -> 770  -> 687  -> 792  -> 655  -> 622  -> 775  -> 661  -> 731  -> 634  -> 666  -> 681  -> 740  -> 672  -> 754  -> 746  -> 694  -> 761  -> 683  -> 654  -> 783  -> 675  -> 776  -> 699  -> 786  -> 772  -> 748  -> 625  -> 612  -> 641  -> 752  -> 670  -> 787  -> 623  -> 684  -> 780  -> 636  -> 741  -> 688  -> 660  -> 632  -> 643  -> 618  -> 762  -> 721  -> 621  -> 692  -> 742  -> 657  -> 724  -> 785  -> 616  -> 702  -> 695  -> 790  -> 778  -> 611  -> 697  -> 737  -> 663  -> 771  -> 682  -> 696  -> 640  -> 793  -> 701  -> 642  -> 
Charging time: 
0  + 0  + -1963.668071350827  + -0.0005735185214412282  + 0  + 0  + -0.0023296929103436364  + 0  + -0.5044600960319416  + 0  + 0  + 0  + 0  + 0  + 0  + 0  + 0  + 0  + -1067.1304969725247  + 0  + 0  + 0  + 0  + 0  + 0  + -0.25544432704455894  + 0  + 0  + 0  + 0  + 0  + 0  + 0  + 0  + 0  + 0  + -0.4211919087344566  + 0  + 0  + -0.33698441427392234  + 0  + 0  + 0  + 0  + -0.30414400852083484  + 0  + -0.5480806347859729  + 0  + 0  + 0  + -0.6328628291009493  + -0.5464481070315461  + 0  + 0  + 0  + 0  + 0  + -0.6476828637090758  + 0  + 0  + 0  + -0.6202508510251273  + 0  + 0  + -0.22243767080837412  + -0.43455784227796024  + 0  + 0  + 0  + -0.28758502308764106  + 0  + 0  + -1761.1215109409195  + 0  + -0.10833962141739824  + 0  + 0  + 0  + 0  + 0  + -0.6893086454565607  + 0  + -0.5891965035311206  + 0  + -0.7254072134643785  + -852.4225763502641  + -0.6530899283973788  + 0  + 0  + 0  + 
Traveling energy: 7100.201985071055
Charging energy: -28264.36515657333
Total energy used: -21164.163171502274
Charging round duration: 1447.3289537563887
ID | p | E0 | time_arrive | E_remain | time_charge | energy_charge| E_after_charge | E_after_cycle
[91m766 | 0.06 | -1673.60 | 198.27 | -1685.50 | 0.00 | 0.00 | -1685.50 | -3121.79[00m
[91m676 | 0.10 | -5718.87 | 290.23 | -5747.90 | 0.00 | 0.00 | -5747.90 | -8132.53[00m
[91m665 | 0.06 | 800.74 | 361.32 | 779.07 | -1963.67 | -9818.34 | -8921.46 | -10465.79[00m
674 | 0.11 | 5026388659.80 | -1544.90 | 5026388829.74 | -0.00 | -0.00 | 5026388829.74 | 5026386004.78
[91m649 | 0.07 | -3972.14 | -1458.85 | -3870.02 | 0.00 | 0.00 | -3870.02 | -5661.70[00m
[91m659 | 0.24 | -21184.27 | -1402.84 | -20847.59 | 0.00 | 0.00 | -20847.59 | -26977.04[00m
633 | 0.29 | 3262196739.52 | -1366.44 | 3262197135.79 | -0.00 | -0.01 | 3262197135.78 | 3262189739.92
[91m749 | 0.24 | -19258.20 | -1247.58 | -18958.78 | 0.00 | 0.00 | -18958.78 | -25050.97[00m
613 | 0.22 | 11428959.46 | -1217.32 | 11429227.27 | -0.50 | -2.52 | 11429224.86 | 11423646.90
[91m760 | 0.13 | -7772.24 | -1152.52 | -7622.41 | 0.00 | 0.00 | -7622.41 | -10909.98[00m
[91m733 | 0.12 | -5246.67 | -1045.18 | -5121.25 | 0.00 | 0.00 | -5121.25 | -8143.05[00m
[91m758 | 0.19 | -12157.50 | -995.34 | -11968.39 | 0.00 | 0.00 | -11968.39 | -16743.44[00m
[91m743 | 0.09 | -2904.54 | -977.28 | -2816.58 | 0.00 | 0.00 | -2816.58 | -5076.83[00m
[91m773 | 0.10 | -1214.43 | -878.18 | -1126.61 | 0.00 | 0.00 | -1126.61 | -3628.08[00m
[91m756 | 0.14 | -8129.09 | -747.99 | -8024.37 | 0.00 | 0.00 | -8024.37 | -11508.21[00m
[91m736 | 0.10 | -2746.85 | -621.64 | -2684.69 | 0.00 | 0.00 | -2684.69 | -5160.50[00m
[91m727 | 0.13 | -10209.49 | -510.92 | -10143.07 | 0.00 | 0.00 | -10143.07 | -13347.24[00m
[91m689 | 0.26 | -23199.95 | -477.60 | -23075.77 | 0.00 | 0.00 | -23075.77 | -29475.44[00m
[91m651 | 0.06 | 1473.48 | -441.50 | 1499.97 | -1067.13 | -5335.65 | -3771.65 | -5310.36[00m
[91m730 | 0.08 | -3628.46 | -1398.18 | -3516.61 | 0.00 | 0.00 | -3516.61 | -5559.38[00m
[91m635 | 0.17 | -12061.74 | -1286.16 | -11843.10 | 0.00 | 0.00 | -11843.10 | -16164.95[00m
[91m615 | 0.20 | -16058.85 | -1210.02 | -15816.84 | 0.00 | 0.00 | -15816.84 | -20886.15[00m
[91m700 | 0.11 | -7083.77 | -1111.32 | -6961.53 | 0.00 | 0.00 | -6961.53 | -9738.79[00m
[91m644 | 0.13 | -6698.22 | -1019.93 | -6565.63 | 0.00 | 0.00 | -6565.63 | -9835.97[00m
[91m770 | 0.21 | -18488.08 | -912.01 | -18296.55 | 0.00 | 0.00 | -18296.55 | -23556.75[00m
687 | 0.20 | 20518450.60 | -812.99 | 20518613.19 | -0.26 | -1.28 | 20518611.97 | 20513622.01
[91m792 | 0.13 | -5480.04 | -812.37 | -5374.44 | 0.00 | 0.00 | -5374.44 | -8617.79[00m
[91m655 | 0.19 | -12235.20 | -773.41 | -12088.25 | 0.00 | 0.00 | -12088.25 | -16821.14[00m
[91m622 | 0.23 | -19486.23 | -700.04 | -19325.22 | 0.00 | 0.00 | -19325.22 | -25037.63[00m
[91m775 | 0.15 | -11786.88 | -654.86 | -11688.65 | 0.00 | 0.00 | -11688.65 | -15407.36[00m
[91m661 | 0.29 | -24141.14 | -588.50 | -23970.48 | 0.00 | 0.00 | -23970.48 | -31140.74[00m
[91m731 | 0.23 | -18199.12 | -518.06 | -18079.96 | 0.00 | 0.00 | -18079.96 | -23750.52[00m
[91m634 | 0.25 | -22152.12 | -492.50 | -22029.00 | 0.00 | 0.00 | -22029.00 | -28186.25[00m
[91m666 | 0.13 | -7671.61 | -430.64 | -7615.62 | 0.00 | 0.00 | -7615.62 | -10809.36[00m
[91m681 | 0.08 | -2527.19 | -383.48 | -2496.52 | 0.00 | 0.00 | -2496.52 | -4458.12[00m
[91m740 | 0.14 | -11009.44 | -370.50 | -10957.57 | 0.00 | 0.00 | -10957.57 | -14388.56[00m
672 | 0.23 | 14310626.46 | -312.88 | 14310698.43 | -0.42 | -2.11 | 14310696.42 | 14305072.95
[91m754 | 0.11 | -4811.58 | -287.18 | -4779.98 | 0.00 | 0.00 | -4779.98 | -7466.59[00m
[91m746 | 0.07 | 493.27 | -215.65 | 508.37 | 0.00 | 0.00 | 508.37 | -1196.28[00m
694 | 0.17 | 13220562.57 | -49.15 | 13220570.92 | -0.34 | -1.68 | 13220569.30 | 13216457.67
[91m761 | 0.19 | -12835.39 | -29.63 | -12829.76 | 0.00 | 0.00 | -12829.76 | -17421.33[00m
[91m683 | 0.06 | -826.34 | 0.72 | -826.38 | 0.00 | 0.00 | -826.38 | -2274.53[00m
[91m654 | 0.25 | -22379.74 | 148.51 | -22416.87 | 0.00 | 0.00 | -22416.87 | -28413.87[00m
[91m783 | 0.17 | -11269.15 | 150.69 | -11294.77 | 0.00 | 0.00 | -11294.77 | -15372.36[00m
675 | 0.21 | 18094677.98 | 268.86 | 18094621.52 | -0.30 | -1.52 | 18094620.07 | 18089607.79
[91m776 | 0.11 | -6758.98 | 350.97 | -6797.59 | 0.00 | 0.00 | -6797.59 | -9414.00[00m
699 | 0.21 | 10041201.14 | 447.19 | 10041107.23 | -0.55 | -2.74 | 10041104.60 | 10036129.73
[91m786 | 0.28 | -27186.87 | 453.81 | -27313.93 | 0.00 | 0.00 | -27313.93 | -33945.09[00m
[91m772 | 0.30 | -27513.63 | 594.13 | -27691.87 | 0.00 | 0.00 | -27691.87 | -34754.59[00m
[91m748 | 0.19 | -11741.36 | 700.04 | -11874.37 | 0.00 | 0.00 | -11874.37 | -16327.30[00m
625 | 0.24 | 9938308.71 | 765.94 | 9938124.88 | -0.63 | -3.16 | 9938121.87 | 9932512.78
612 | 0.22 | 10550780.41 | 851.10 | 10550593.17 | -0.55 | -2.73 | 10550590.56 | 10545467.64
[91m641 | 0.13 | -4667.14 | 945.61 | -4790.06 | 0.00 | 0.00 | -4790.06 | -7804.88[00m
[91m752 | 0.26 | -25775.37 | 1094.75 | -26060.00 | 0.00 | 0.00 | -26060.00 | -32050.86[00m
[91m670 | 0.30 | -28162.07 | 1169.46 | -28512.91 | 0.00 | 0.00 | -28512.91 | -35403.03[00m
[91m787 | 0.12 | -4092.00 | 1307.93 | -4248.95 | 0.00 | 0.00 | -4248.95 | -6988.39[00m
[91m623 | 0.05 | 187.74 | 1457.22 | 114.88 | 0.00 | 0.00 | 114.88 | -1019.09[00m
684 | 0.24 | 9710904.08 | 1594.68 | 9710521.36 | -0.65 | -3.24 | 9710518.28 | 9705108.08
[91m780 | 0.25 | -19157.91 | 1652.31 | -19570.98 | 0.00 | 0.00 | -19570.98 | -25192.04[00m
[91m636 | 0.26 | -20485.35 | 1693.54 | -20925.67 | 0.00 | 0.00 | -20925.67 | -26760.85[00m
[91m741 | 0.06 | -650.96 | 1744.24 | -755.62 | 0.00 | 0.00 | -755.62 | -2099.15[00m
688 | 0.23 | 9717874.74 | 1807.92 | 9717458.91 | -0.62 | -3.10 | 9717455.95 | 9712320.23
[91m660 | 0.19 | -16925.06 | 1904.97 | -17287.01 | 0.00 | 0.00 | -17287.01 | -21511.00[00m
[91m632 | 0.11 | -7285.56 | 1928.57 | -7497.70 | 0.00 | 0.00 | -7497.70 | -9940.57[00m
643 | 0.19 | 22384948.09 | 2019.95 | 22384564.30 | -0.22 | -1.11 | 22384563.23 | 22380361.04
618 | 0.25 | 15076594.23 | 2177.01 | 15076049.97 | -0.43 | -2.17 | 15076047.91 | 15070557.92
[91m762 | 0.18 | -12776.32 | 2270.07 | -13184.93 | 0.00 | 0.00 | -13184.93 | -17120.90[00m
[91m721 | 0.15 | -11284.21 | 2311.00 | -11630.86 | 0.00 | 0.00 | -11630.86 | -14904.69[00m
[91m621 | 0.12 | -5181.01 | 2378.48 | -5466.42 | 0.00 | 0.00 | -5466.42 | -8077.39[00m
692 | 0.22 | 20047824.20 | 2414.57 | 20047292.99 | -0.29 | -1.44 | 20047291.62 | 20042512.72
[91m742 | 0.16 | -13408.91 | 2501.17 | -13809.09 | 0.00 | 0.00 | -13809.09 | -17270.75[00m
[91m657 | 0.17 | -12560.30 | 2613.63 | -13004.62 | 0.00 | 0.00 | -13004.62 | -16663.51[00m
[91m724 | 0.06 | 892.84 | 2674.38 | 732.38 | -1761.12 | -8805.61 | -7967.57 | -9360.96[00m
[91m785 | 0.25 | -20986.77 | 941.32 | -21222.10 | 0.00 | 0.00 | -21222.10 | -27020.90[00m
616 | 0.18 | 43540761.56 | 980.28 | 43540585.11 | -0.11 | -0.54 | 43540584.59 | 43536416.45
[91m702 | 0.22 | -16952.35 | 1117.61 | -17198.23 | 0.00 | 0.00 | -17198.23 | -22262.39[00m
[91m695 | 0.10 | -3570.83 | 1238.30 | -3694.66 | 0.00 | 0.00 | -3694.66 | -5984.49[00m
[91m790 | 0.26 | -24095.97 | 1355.98 | -24448.53 | 0.00 | 0.00 | -24448.53 | -30371.47[00m
[91m778 | 0.29 | -25157.23 | 1443.89 | -25575.96 | 0.00 | 0.00 | -25575.96 | -32156.82[00m
[91m611 | 0.21 | -19303.34 | 1620.85 | -19643.72 | 0.00 | 0.00 | -19643.72 | -24372.01[00m
697 | 0.27 | 10265045.25 | 1730.61 | 10264577.98 | -0.69 | -3.45 | 10264574.72 | 10258524.94
[91m737 | 0.10 | -2036.90 | 1761.56 | -2213.05 | 0.00 | 0.00 | -2213.05 | -4450.55[00m
663 | 0.27 | 12009209.82 | 1808.48 | 12008721.53 | -0.59 | -2.95 | 12008718.74 | 12002690.01
[91m771 | 0.26 | -20730.15 | 1899.32 | -21223.97 | 0.00 | 0.00 | -21223.97 | -27005.65[00m
682 | 0.28 | 10115491.53 | 1990.08 | 10114934.31 | -0.73 | -3.63 | 10114930.89 | 10108729.68
[91m696 | 0.06 | 1844.62 | 2047.43 | 1721.78 | -852.42 | -4262.11 | -2489.19 | -3865.68[00m
640 | 0.23 | 9229234.46 | 1254.04 | 9228946.03 | -0.65 | -3.27 | 9228942.92 | 9223679.80
[91m793 | 0.18 | -14044.20 | 1291.84 | -14276.74 | 0.00 | 0.00 | -14276.74 | -18388.78[00m
[91m701 | 0.16 | -8609.32 | 1407.49 | -8834.52 | 0.00 | 0.00 | -8834.52 | -12471.16[00m
[91m642 | 0.29 | -29794.31 | 1425.10 | -30207.58 | 0.00 | 0.00 | -30207.58 | -36793.90[00m
[91m614 | 0.06 | -1897.11 | -3345.30[00m
[91m617 | 0.14 | -11046.66 | -14425.78[00m
[91m619 | 0.11 | -7456.37 | -10111.39[00m
[91m620 | 0.25 | -19773.19 | -25807.33[00m
[91m624 | 0.08 | -3578.00 | -5508.92[00m
[91m626 | 0.09 | -2288.00 | -4460.28[00m
[91m627 | 0.14 | -9799.95 | -13179.06[00m
[91m628 | 0.28 | -25300.53 | -32058.76[00m
[91m629 | 0.14 | -10696.12 | -14075.24[00m
[91m630 | 0.07 | 1695.47 | 5.92[00m
[91m631 | 0.22 | -19447.24 | -24757.28[00m
[91m637 | 0.19 | -14195.50 | -18781.44[00m
[91m638 | 0.19 | -14991.82 | -19577.76[00m
[91m639 | 0.19 | -16541.30 | -21127.24[00m
[91m645 | 0.18 | -13727.40 | -18071.98[00m
[91m646 | 0.17 | -14237.87 | -18341.08[00m
[91m647 | 0.06 | -775.17 | -2223.36[00m
[91m648 | 0.07 | -2948.40 | -4637.96[00m
[91m650 | 0.25 | -22256.25 | -28290.38[00m
[91m652 | 0.10 | -3695.72 | -6109.37[00m
[91m653 | 0.11 | -3284.62 | -5939.64[00m
[91m656 | 0.12 | -4149.50 | -7045.89[00m
[91m658 | 0.16 | -12110.06 | -15971.91[00m
[91m662 | 0.11 | -6231.88 | -8886.90[00m
[91m664 | 0.11 | -6168.39 | -8823.41[00m
[91m667 | 0.21 | -17912.44 | -22981.11[00m
[91m668 | 0.22 | -19907.51 | -25217.54[00m
[91m669 | 0.28 | -25542.44 | -32300.67[00m
[91m671 | 0.23 | -17307.30 | -22858.71[00m
[91m673 | 0.21 | -16820.06 | -21888.73[00m
[91m677 | 0.21 | -16327.46 | -21396.13[00m
[91m678 | 0.07 | -2252.05 | -3941.60[00m
[91m679 | 0.25 | -19758.39 | -25792.52[00m
[91m680 | 0.28 | -23615.09 | -30373.32[00m
[91m685 | 0.25 | -23732.23 | -29766.36[00m
[91m686 | 0.09 | -2992.21 | -5164.49[00m
[91m690 | 0.07 | -2181.30 | -3870.86[00m
[91m691 | 0.14 | -7930.59 | -11309.70[00m
[91m693 | 0.15 | -7971.10 | -11591.57[00m
[91m698 | 0.18 | -15284.26 | -19628.84[00m
[91m703 | 0.10 | -4811.07 | -7224.72[00m
[91m704 | 0.21 | -19220.51 | -24289.18[00m
[91m705 | 0.07 | -6564867.85 | -6566557.41[00m
[91m706 | 0.10 | -55469368.81 | -55471782.47[00m
[91m707 | 0.10 | -61707242.20 | -61709655.85[00m
[91m708 | 0.13 | -72981765.33 | -72984903.08[00m
[91m709 | 0.10 | -61108755.06 | -61111168.71[00m
[91m710 | 0.14 | -1570996031.82 | -1570999410.94[00m
[91m711 | 0.11 | -24517643.25 | -24520298.27[00m
[91m712 | 0.08 | -15520679.62 | -15522610.54[00m
[91m713 | 0.14 | -132869160.86 | -132872539.97[00m
[91m714 | 0.13 | -406436714.78 | -406439852.52[00m
[91m715 | 0.10 | -13839216.68 | -13841630.33[00m
[91m716 | 0.07 | -17947736.70 | -17949426.26[00m
[91m717 | 0.06 | 1785.40 | 337.21[00m
[91m718 | 0.24 | -19355.68 | -25148.44[00m
[91m719 | 0.30 | -27449.55 | -34690.51[00m
[91m720 | 0.16 | -10829.25 | -14691.10[00m
[91m722 | 0.23 | -18785.13 | -24336.53[00m
[91m723 | 0.11 | -5102.54 | -7757.56[00m
[91m725 | 0.19 | -14224.49 | -18810.43[00m
726 | 0.05 | 3087.55 | 1880.72
[91m728 | 0.18 | -12808.62 | -17153.20[00m
[91m729 | 0.16 | -13225.37 | -17087.21[00m
[91m732 | 0.15 | -11935.40 | -15555.88[00m
[91m734 | 0.16 | -13457.92 | -17319.77[00m
[91m735 | 0.21 | -15676.21 | -20744.88[00m
[91m738 | 0.21 | -15988.53 | -21057.20[00m
[91m739 | 0.21 | -15967.35 | -21036.02[00m
[91m744 | 0.13 | -5405.64 | -8543.39[00m
[91m745 | 0.25 | -24421.26 | -30455.40[00m
[91m747 | 0.29 | -27367.60 | -34367.19[00m
[91m750 | 0.12 | -5160.84 | -8057.22[00m
[91m751 | 0.19 | -16450.51 | -21036.45[00m
[91m753 | 0.06 | 823.98 | -624.21[00m
[91m755 | 0.14 | -8345.39 | -11724.50[00m
[91m757 | 0.15 | -9754.16 | -13374.64[00m
[91m759 | 0.25 | -21737.33 | -27771.46[00m
[91m763 | 0.18 | -14360.45 | -18705.03[00m
[91m764 | 0.08 | -874.02 | -2804.94[00m
[91m765 | 0.20 | -17330.00 | -22157.31[00m
[91m767 | 0.11 | -8763650.01 | -8766305.02[00m
[91m768 | 0.09 | -4838.65 | -7010.94[00m
[91m769 | 0.10 | -6481.18 | -8894.83[00m
[91m774 | 0.28 | -25650.08 | -32408.31[00m
[91m777 | 0.13 | -6954.50 | -10092.25[00m
[91m779 | 0.16 | -10342.81 | -14204.66[00m
[91m781 | 0.18 | -11906.79 | -16251.37[00m
[91m782 | 0.15 | -7801.96 | -11422.44[00m
[91m784 | 0.24 | -20886.61 | -26679.38[00m
[91m788 | 0.11 | -6442.49 | -9097.51[00m
[91m789 | 0.20 | -16156.02 | -20983.32[00m
[91m791 | 0.25 | -24460.48 | -30494.61[00m
Vehicle 4
Charging tour: 
868  -> 850  -> 887  -> 864  -> 821  -> 925  -> 831  -> 962  -> 796  -> 824  -> 984  -> 890  -> 812  -> 917  -> 844  -> 988  -> 970  -> 794  -> 818  -> 956  -> 921  -> 905  -> 881  -> 900  -> 834  -> 926  -> 867  -> 866  -> 902  -> 945  -> 911  -> 835  -> 996  -> 795  -> 869  -> 879  -> 875  -> 893  -> 991  -> 833  -> 803  -> 830  -> 870  -> 949  -> 974  -> 815  -> 858  -> 828  -> 929  -> 896  -> 968  -> 946  -> 898  -> 961  -> 965  -> 845  -> 808  -> 799  -> 992  -> 857  -> 851  -> 927  -> 972  -> 931  -> 903  -> 836  -> 910  -> 934  -> 809  -> 906  -> 820  -> 806  -> 876  -> 937  -> 894  -> 913  -> 
Charging time: 
-0.015252289646843952  + 0  + 0  + 0  + 0  + 0  + 0  + 0  + 0  + 0  + 0  + 0  + -0.026482173515872637  + 0  + 0  + 0  + 0  + 0  + 0  + 0  + 0  + 0  + 0  + 0  + 0  + 0  + 0  + 0  + 0  + 0  + 0  + -484.9901874427417  + 0  + -0.05695392990555853  + 0  + 0  + 0  + 0  + 0  + 0  + 0  + 0  + -190.93286611196262  + 0  + 0  + 0  + -2.24316209746277  + 0  + 0  + 0  + 0  + 0  + 0  + 0  + 0  + -923.0611019342364  + 0  + -1.5013257584714639  + 0  + 0  + 0  + 0  + 0  + 0  + 0  + -1.3842660741187456  + 0  + 0  + 0  + 0  + -0.0006409649819072847  + 0  + 0  + 0  + -171.64709382715938  + 0  + 
Traveling energy: 6628.55840899844
Charging energy: -8879.296663021016
Total energy used: -2250.7382540225753
Charging round duration: 4852.699076394238
ID | p | E0 | time_arrive | E_remain | time_charge | energy_charge| E_after_charge | E_after_cycle
868 | 0.15 | 156887920.12 | 166.94 | 156887895.08 | -0.02 | -0.08 | 156887895.00 | 156884299.56
[91m850 | 0.17 | -13582.49 | 298.64 | -13633.26 | 0.00 | 0.00 | -13633.26 | -17685.70[00m
[91m887 | 0.16 | -10656.77 | 411.17 | -10722.56 | 0.00 | 0.00 | -10722.56 | -14518.62[00m
[91m864 | 0.06 | -860.61 | 480.69 | -889.45 | 0.00 | 0.00 | -889.45 | -2308.80[00m
[91m821 | 0.27 | -26401.53 | 565.48 | -26554.21 | 0.00 | 0.00 | -26554.21 | -32918.40[00m
[91m925 | 0.26 | -21089.31 | 642.92 | -21256.47 | 0.00 | 0.00 | -21256.47 | -27364.81[00m
[91m831 | 0.06 | -597.16 | 687.81 | -638.42 | 0.00 | 0.00 | -638.42 | -2045.35[00m
[91m962 | 0.13 | -9613.47 | 780.91 | -9714.99 | 0.00 | 0.00 | -9714.99 | -12751.22[00m
[91m796 | 0.26 | -21161.47 | 881.93 | -21390.78 | 0.00 | 0.00 | -21390.78 | -27436.97[00m
[91m824 | 0.20 | -16365.43 | 1019.99 | -16569.43 | 0.00 | 0.00 | -16569.43 | -21192.73[00m
[91m984 | 0.08 | -1315.98 | 1118.69 | -1405.48 | 0.00 | 0.00 | -1405.48 | -3246.90[00m
[91m890 | 0.09 | -2012.63 | 1158.50 | -2116.90 | 0.00 | 0.00 | -2116.90 | -4184.92[00m
812 | 0.08 | 48191411.95 | 1262.07 | 48191310.98 | -0.03 | -0.13 | 48191310.85 | 48189480.89
[91m917 | 0.27 | -24444.16 | 1351.29 | -24809.01 | 0.00 | 0.00 | -24809.01 | -30961.02[00m
[91m844 | 0.20 | -13942.53 | 1424.78 | -14227.48 | 0.00 | 0.00 | -14227.48 | -18769.83[00m
[91m988 | 0.10 | -2496.03 | 1513.25 | -2647.36 | 0.00 | 0.00 | -2647.36 | -4909.69[00m
[91m970 | 0.24 | -18393.72 | 1544.94 | -18764.51 | 0.00 | 0.00 | -18764.51 | -24186.49[00m
[91m794 | 0.21 | -18296.81 | 1631.69 | -18639.47 | 0.00 | 0.00 | -18639.47 | -23365.48[00m
[91m818 | 0.19 | -14525.37 | 1684.51 | -14845.42 | 0.00 | 0.00 | -14845.42 | -19111.31[00m
[91m956 | 0.28 | -26193.05 | 1738.33 | -26679.78 | 0.00 | 0.00 | -26679.78 | -32951.28[00m
[91m921 | 0.26 | -20814.81 | 1791.45 | -21280.59 | 0.00 | 0.00 | -21280.59 | -27090.31[00m
[91m905 | 0.12 | -6502.36 | 1839.05 | -6723.04 | 0.00 | 0.00 | -6723.04 | -9398.74[00m
[91m881 | 0.14 | -5967.55 | 1899.54 | -6233.48 | 0.00 | 0.00 | -6233.48 | -9346.66[00m
[91m900 | 0.18 | -14113.36 | 2056.78 | -14483.58 | 0.00 | 0.00 | -14483.58 | -18457.93[00m
[91m834 | 0.08 | -282.73 | 2221.03 | -460.41 | 0.00 | 0.00 | -460.41 | -2213.65[00m
[91m926 | 0.14 | -6599.94 | 2279.23 | -6919.03 | 0.00 | 0.00 | -6919.03 | -9979.06[00m
[91m867 | 0.25 | -21653.38 | 2289.50 | -22225.76 | 0.00 | 0.00 | -22225.76 | -27687.52[00m
[91m866 | 0.09 | -661.75 | 2352.76 | -873.50 | 0.00 | 0.00 | -873.50 | -2834.04[00m
[91m902 | 0.23 | -20300.66 | 2413.79 | -20855.83 | 0.00 | 0.00 | -20855.83 | -25852.06[00m
[91m945 | 0.26 | -26042.94 | 2427.94 | -26674.21 | 0.00 | 0.00 | -26674.21 | -32318.44[00m
[91m911 | 0.28 | -25227.61 | 2526.61 | -25935.07 | 0.00 | 0.00 | -25935.07 | -31985.84[00m
[91m835 | 0.06 | 1973.57 | 2621.58 | 1816.27 | -484.99 | -2424.95 | -579.58 | -1899.58[00m
[91m996 | 0.17 | -12039.34 | 2207.13 | -12414.55 | 0.00 | 0.00 | -12414.55 | -16142.55[00m
795 | 0.07 | 19606841.33 | 2345.67 | 19606677.13 | -0.06 | -0.28 | 19606676.85 | 19605151.48
[91m869 | 0.15 | -8914.23 | 2460.86 | -9283.36 | 0.00 | 0.00 | -9283.36 | -12534.71[00m
[91m879 | 0.29 | -27267.28 | 2483.51 | -27987.50 | 0.00 | 0.00 | -27987.50 | -34266.88[00m
[91m875 | 0.18 | -12239.13 | 2608.91 | -12708.73 | 0.00 | 0.00 | -12708.73 | -16583.71[00m
[91m893 | 0.11 | -7431.00 | 2681.81 | -7726.00 | 0.00 | 0.00 | -7726.00 | -10086.02[00m
[91m991 | 0.15 | -10024.16 | 2729.37 | -10433.56 | 0.00 | 0.00 | -10433.56 | -13644.64[00m
[91m833 | 0.12 | -5812.95 | 2836.74 | -6153.36 | 0.00 | 0.00 | -6153.36 | -8709.34[00m
[91m803 | 0.13 | -4904.10 | 2903.87 | -5281.61 | 0.00 | 0.00 | -5281.61 | -8041.85[00m
[91m830 | 0.25 | -23440.45 | 2980.75 | -24185.64 | 0.00 | 0.00 | -24185.64 | -29474.58[00m
870 | 0.05 | 4177.56 | 3017.19 | 4026.70 | -190.93 | -954.66 | 3081.58 | 2016.07
[91m949 | 0.09 | -939.54 | 2946.99 | -1204.77 | 0.00 | 0.00 | -1204.77 | -3111.83[00m
[91m974 | 0.19 | -12450.02 | 2990.78 | -13018.26 | 0.00 | 0.00 | -13018.26 | -17035.96[00m
[91m815 | 0.15 | -11944.68 | 3059.52 | -12403.61 | 0.00 | 0.00 | -12403.61 | -15565.16[00m
858 | 0.29 | 2062389.22 | 3171.17 | 2061469.58 | -2.24 | -11.22 | 2061459.02 | 2055378.41
[91m828 | 0.13 | -10122.42 | 3278.74 | -10548.66 | 0.00 | 0.00 | -10548.66 | -13260.17[00m
[91m929 | 0.07 | -2512.22 | 3378.42 | -2748.71 | 0.00 | 0.00 | -2748.71 | -4201.77[00m
[91m896 | 0.19 | -13814.43 | 3407.03 | -14461.77 | 0.00 | 0.00 | -14461.77 | -18400.38[00m
[91m968 | 0.19 | -14160.51 | 3457.56 | -14817.45 | 0.00 | 0.00 | -14817.45 | -18746.45[00m
[91m946 | 0.24 | -22296.87 | 3553.52 | -23149.71 | 0.00 | 0.00 | -23149.71 | -28089.64[00m
[91m898 | 0.09 | -4114.52 | 3614.98 | -4439.86 | 0.00 | 0.00 | -4439.86 | -6286.80[00m
[91m961 | 0.20 | -16141.25 | 3698.32 | -16880.91 | 0.00 | 0.00 | -16880.91 | -20968.55[00m
[91m965 | 0.29 | -25222.90 | 3884.77 | -26349.49 | 0.00 | 0.00 | -26349.49 | -32222.50[00m
[91m845 | 0.07 | 1209.76 | 4052.46 | 926.09 | -923.06 | -4615.31 | -3624.60 | -5095.10[00m
[91m808 | 0.17 | -11187.21 | 3275.98 | -11744.12 | 0.00 | 0.00 | -11744.12 | -15290.42[00m
799 | 0.30 | 3187715.91 | 3346.86 | 3186711.85 | -1.50 | -7.51 | 3186704.79 | 3180467.44
[91m992 | 0.11 | -3077.06 | 3391.69 | -3450.14 | 0.00 | 0.00 | -3450.14 | -5732.07[00m
[91m857 | 0.18 | -10948.08 | 3492.63 | -11576.76 | 0.00 | 0.00 | -11576.76 | -15292.66[00m
[91m851 | 0.05 | 200.08 | 3582.77 | 20.94 | 0.00 | 0.00 | 20.94 | -1006.75[00m
[91m927 | 0.20 | -14688.97 | 3713.42 | -15431.65 | 0.00 | 0.00 | -15431.65 | -19516.27[00m
[91m972 | 0.22 | -19814.16 | 3823.21 | -20655.26 | 0.00 | 0.00 | -20655.26 | -25124.19[00m
[91m931 | 0.07 | -1704.81 | 3912.80 | -1978.70 | 0.00 | 0.00 | -1978.70 | -3394.36[00m
[91m903 | 0.23 | -18908.37 | 3975.13 | -19822.65 | 0.00 | 0.00 | -19822.65 | -24459.77[00m
836 | 0.25 | 2881069.43 | 4115.67 | 2880040.51 | -1.38 | -6.92 | 2880033.94 | 2875028.37
[91m910 | 0.08 | -2746.24 | 4221.00 | -3083.92 | 0.00 | 0.00 | -3083.92 | -4677.16[00m
[91m934 | 0.20 | -14285.52 | 4346.58 | -15154.84 | 0.00 | 0.00 | -15154.84 | -19112.82[00m
[91m809 | 0.07 | 483.55 | 4408.51 | 174.95 | 0.00 | 0.00 | 174.95 | -1206.01[00m
[91m906 | 0.12 | -4446.56 | 4431.88 | -4978.38 | 0.00 | 0.00 | -4978.38 | -7342.94[00m
820 | 0.27 | 6719899091.32 | 4456.74 | 6719897888.00 | -0.00 | -0.00 | 6719897887.99 | 6719892574.45
[91m806 | 0.08 | 666.42 | 4571.40 | 300.71 | 0.00 | 0.00 | 300.71 | -1264.50[00m
[91m876 | 0.24 | -20002.65 | 4625.12 | -21112.67 | 0.00 | 0.00 | -21112.67 | -25795.41[00m
[91m937 | 0.10 | -1568.73 | 4687.80 | -2037.51 | 0.00 | 0.00 | -2037.51 | -3982.38[00m
894 | 0.05 | 4646.94 | 4835.03 | 4405.19 | -171.65 | -858.24 | 3555.53 | 2581.88
[91m913 | 0.28 | -24159.24 | 4681.68 | -25470.11 | 0.00 | 0.00 | -25470.11 | -30917.46[00m
[91m797 | 0.15 | -9528.58 | -13149.06[00m
[91m798 | 0.23 | -20400.56 | -25951.96[00m
[91m800 | 0.27 | -26648.69 | -33165.55[00m
[91m801 | 0.26 | -26010.62 | -32286.12[00m
[91m802 | 0.25 | -23029.48 | -29063.62[00m
[91m804 | 0.18 | -13889.87 | -18234.44[00m
[91m805 | 0.19 | -14866.11 | -19452.05[00m
[91m807 | 0.15 | -10879.10 | -14499.58[00m
[91m810 | 0.16 | -12594.13 | -16455.97[00m
[91m811 | 0.26 | -25418.20 | -31693.70[00m
[91m813 | 0.23 | -17634.92 | -23186.32[00m
[91m814 | 0.16 | -13488.02 | -17349.87[00m
[91m816 | 0.28 | -25269.22 | -32027.45[00m
[91m817 | 0.14 | -7547.69 | -10926.80[00m
[91m819 | 0.10 | -5926.31 | -8339.96[00m
[91m822 | 0.24 | -19359.94 | -25152.71[00m
[91m823 | 0.16 | -9982.48 | -13844.32[00m
[91m825 | 0.08 | -896.05 | -2826.97[00m
[91m826 | 0.27 | -21909.12 | -28425.98[00m
[91m827 | 0.21 | -14327.14 | -19395.81[00m
[91m829 | 0.20 | -14109.17 | -18936.47[00m
[91m832 | 0.14 | -6050.24 | -9429.35[00m
[91m837 | 0.24 | -22127.43 | -27920.20[00m
[91m838 | 0.23 | -17806.98 | -23358.38[00m
[91m839 | 0.22 | -18738.95 | -24048.98[00m
[91m840 | 0.27 | -25764.82 | -32281.68[00m
[91m841 | 0.25 | -24154.74 | -30188.87[00m
[91m842 | 0.19 | -14587.71 | -19173.65[00m
[91m843 | 0.13 | -7536.52 | -10674.26[00m
[91m846 | 0.13 | -10070.48 | -13208.23[00m
[91m847 | 0.29 | -24824.27 | -31823.86[00m
[91m848 | 0.08 | 682.27 | -1248.66[00m
[91m849 | 0.21 | -14469.40 | -19538.07[00m
[91m852 | 0.17 | -14179.78 | -18282.99[00m
[91m853 | 0.25 | -19358.63 | -25392.76[00m
[91m854 | 0.26 | -24113.06 | -30388.56[00m
[91m855 | 0.20 | -17757.92 | -22585.22[00m
[91m856 | 0.12 | -8258.72 | -11155.10[00m
[91m859 | 0.18 | -11061.52 | -15406.09[00m
[91m860 | 0.11 | -3882.34 | -6537.36[00m
[91m861 | 0.20 | -15366.03 | -20193.34[00m
[91m862 | 0.07 | -1484.24 | -3173.80[00m
[91m863 | 0.18 | -12727.95 | -17072.53[00m
[91m865 | 0.11 | -2496.30 | -5151.32[00m
[91m871 | 0.12 | -7680.28 | -10576.66[00m
[91m872 | 0.24 | -19065.62 | -24858.39[00m
[91m873 | 0.11 | -7091.64 | -9746.66[00m
[91m874 | 0.27 | -27031.58 | -33548.44[00m
[91m877 | 0.11 | -3145.57 | -5800.59[00m
[91m878 | 0.23 | -21304.46 | -26855.87[00m
[91m880 | 0.06 | 1880.15 | 431.95[00m
[91m882 | 0.19 | -15898.36 | -20484.30[00m
[91m883 | 0.18 | -11817.52 | -16162.10[00m
[91m884 | 0.15 | -9833.21 | -13453.69[00m
[91m885 | 0.18 | -13974.34 | -18318.92[00m
[91m886 | 0.26 | -22983.71 | -29259.21[00m
[91m888 | 0.28 | -24695.27 | -31453.50[00m
[91m889 | 0.15 | -7470.97 | -11091.45[00m
[91m891 | 0.26 | -20701.77 | -26977.27[00m
[91m892 | 0.15 | -10469.19 | -14089.67[00m
[91m895 | 0.07 | 2073.00 | 383.44[00m
[91m897 | 0.23 | -18503.95 | -24055.35[00m
[91m899 | 0.07 | 2093.46 | 403.90[00m
[91m901 | 0.20 | -14227.92 | -19055.22[00m
[91m904 | 0.05 | -821.80 | -2028.62[00m
[91m907 | 0.23 | -21436.23 | -26987.63[00m
[91m908 | 0.18 | -15211.93 | -19556.50[00m
[91m909 | 0.18 | -12296.12 | -16640.70[00m
[91m912 | 0.29 | -27304.97 | -34304.56[00m
[91m914 | 0.23 | -19083.60 | -24635.00[00m
[91m915 | 0.20 | -14663.46 | -19490.76[00m
[91m916 | 0.13 | -6138.96 | -9276.71[00m
[91m918 | 0.29 | -25486.17 | -32485.76[00m
[91m919 | 0.26 | -23267.38 | -29542.87[00m
[91m920 | 0.19 | -17331.69 | -21917.63[00m
[91m922 | 0.21 | -18606.24 | -23674.91[00m
[91m923 | 0.19 | -15256.96 | -19842.90[00m
[91m924 | 0.28 | -23601.81 | -30360.04[00m
[91m928 | 0.17 | -14902.59 | -19005.80[00m
[91m930 | 0.21 | -18294.80 | -23363.47[00m
[91m932 | 0.26 | -21443.87 | -27719.37[00m
[91m933 | 0.28 | -27303.15 | -34061.38[00m
[91m935 | 0.15 | -12270.01 | -15890.49[00m
[91m936 | 0.06 | -1957.11 | -3405.30[00m
[91m938 | 0.29 | -28713.41 | -35713.00[00m
[91m939 | 0.10 | -1595248.37 | -1597662.02[00m
[91m940 | 0.15 | -22517480.43 | -22521100.91[00m
[91m941 | 0.10 | -2557591.60 | -2560005.25[00m
[91m942 | 0.19 | -17824820.53 | -17829406.47[00m
[91m943 | 0.19 | -45034873.20 | -45039459.14[00m
[91m944 | 0.26 | -24374.48 | -30649.98[00m
[91m947 | 0.26 | -23963.17 | -30238.67[00m
[91m948 | 0.26 | -24870.52 | -31146.02[00m
[91m950 | 0.12 | -5834.94 | -8731.32[00m
[91m951 | 0.09 | -813.72 | -2986.00[00m
[91m952 | 0.29 | -27051.05 | -34050.64[00m
[91m953 | 0.19 | -16565.74 | -21151.69[00m
[91m954 | 0.12 | -4592.84 | -7489.22[00m
[91m955 | 0.27 | -23778.00 | -30294.86[00m
[91m957 | 0.14 | -8994.41 | -12373.52[00m
[91m958 | 0.11 | -2541.08 | -5196.10[00m
[91m959 | 0.17 | -12874.25 | -16977.46[00m
[91m960 | 0.29 | -29523.64 | -36523.23[00m
[91m963 | 0.08 | -3382.76 | -5313.68[00m
[91m964 | 0.23 | -21829.48 | -27380.89[00m
[91m966 | 0.24 | -22975.94 | -28768.70[00m
[91m967 | 0.13 | -5112.69 | -8250.44[00m
[91m969 | 0.20 | -14328.90 | -19156.21[00m
[91m971 | 0.22 | -18471.10 | -23781.14[00m
[91m973 | 0.21 | -16779.28 | -21847.95[00m
[91m975 | 0.17 | -12135.00 | -16238.21[00m
[91m976 | 0.15 | -10608.20 | -14228.68[00m
[91m977 | 0.17 | -9853.01 | -13956.22[00m
[91m978 | 0.05 | -13625543.96 | -13626750.79[00m
[91m979 | 0.12 | -8239.31 | -11135.69[00m
[91m980 | 0.18 | -16029.75 | -20374.32[00m
[91m981 | 0.15 | -8929.02 | -12549.50[00m
[91m982 | 0.12 | -7407.41 | -10303.80[00m
[91m983 | 0.15 | -7332.74 | -10953.22[00m
[91m985 | 0.15 | -8486.51 | -12106.99[00m
[91m986 | 0.21 | -17620.29 | -22688.96[00m
[91m987 | 0.09 | -5253.59 | -7425.87[00m
[91m989 | 0.17 | -11266.38 | -15369.59[00m
[91m990 | 0.10 | -3230.57 | -5644.23[00m
[91m993 | 0.28 | -23842.08 | -30600.31[00m
[91m994 | 0.10 | -6760.22 | -9173.87[00m
[91m995 | 0.11 | -5680.39 | -8335.40[00m
[91m997 | 0.10 | -6028.53 | -8442.18[00m
[91m998 | 0.15 | -8886.68 | -12507.16[00m
[91m999 | 0.17 | -10205.82 | -14309.03[00m
[91m1000 | 0.19 | -16219.86 | -20805.80[00m
Network survivability: 7.8%
Average dead duration: 72747784.31934051
Traveling energy: 32184.738092689156
total calculate time: 31.769762754440308
