gen: 1
gen: 2
gen: 3
gen: 4
gen: 5
gen: 6
gen: 7
gen: 8
gen: 9
gen: 10
gen: 11
gen: 12
gen: 13
gen: 14
gen: 15
gen: 16
gen: 17
gen: 18
gen: 19
gen: 20
gen: 21
gen: 22
gen: 23
gen: 24
gen: 25
gen: 26
gen: 27
gen: 28
gen: 29
gen: 30
gen: 31
gen: 32
gen: 33
gen: 34
gen: 35
gen: 36
gen: 37
gen: 38
gen: 39
gen: 40
gen: 41
gen: 42
gen: 43
gen: 44
gen: 45
gen: 46
gen: 47
gen: 48
gen: 49
gen: 50
Number of charging vehicles: 5
Survey time: 24136.529470467845
Network clustering infor: 
Cluster 0:
[1, 2, 3, 4, 5, 6, 7, 8, 9, 10, 11, 12, 13, 14, 15, 16, 17, 18, 19, 20, 21, 22, 23, 24, 25, 26, 27, 28, 29, 30, 31, 32, 33, 34, 35, 36, 37, 38, 39, 40, 41, 42, 43, 44, 45, 46, 47, 48, 49, 50, 51, 52, 53, 54, 55, 56, 57, 58, 59, 60, 61, 62, 63, 64, 65, 66, 67, 68, 69, 70, 71, 72, 73, 74, 75, 76, 77, 78, 79, 80, 81, 82, 83, 84, 85, 86, 87, 88, 89, 90, 91, 92, 93, 94, 95, 96, 97, 98, 99, 100, 101, 102, 103, 104, 105, 106, 107, 108, 109, 110, 111, 112, 113, 114, 115, 116, 117, 118, 119, 120, 121, 122, 123, 124, 125, 126, 127, 128, 129, 130, 131, 132, 133, 134, 135, 136, 137, 138, 139, 140, 141, 142, 143, 144, 145, 146, 147, 148, 149, 150, 151, 152, 153, 154, 155, 156, 157, 158, 159, 160, 161, 162, 163, 164, 165, 166, 167, 168, 169, 170, 171, 172, 173, 174, 175, 176, 177, 178, 179, 180, 181, 182, 183, 184, 185, 186, 187, 188, 189, 190, 191, 192, 193, 194, 195, 196, 197, 198, 199, 200, 201]
Cluster 1:
[202, 203, 204, 205, 206, 207, 208, 209, 210, 211, 212, 213, 214, 215, 216, 217, 218, 219, 220, 221, 222, 223, 224, 225, 226, 227, 228, 229, 230, 231, 232, 233, 234, 235, 236, 237, 238, 239, 240, 241, 242, 243, 244, 245, 246, 247, 248, 249, 250, 251, 252, 253, 254, 255, 256, 257, 258, 259, 260, 261, 262, 263, 264, 265, 266, 267, 268, 269, 270, 271, 272, 273, 274, 275, 276, 277, 278, 279, 280, 281, 282, 283, 284, 285, 286, 287, 288, 289, 290, 291, 292, 293, 294, 295, 296, 297, 298, 299, 300, 301, 302, 303, 304, 305, 306, 307, 308, 309, 310, 311, 312, 313, 314, 315, 316, 317, 318, 319, 320, 321, 322, 323, 324, 325, 326, 327, 328, 329, 330, 331, 332, 333, 334, 335, 336, 337, 338, 339, 340, 341, 342, 343, 344, 345, 346, 347, 348, 349, 350, 351, 352, 353, 354, 355, 356, 357, 358, 359, 360, 361, 362, 363, 364, 365, 366, 367, 368, 369, 370, 371, 372, 373, 374, 375, 376, 377, 378, 379, 380, 381, 382, 383, 384, 385, 386, 387, 388, 389, 390, 391, 392, 393, 394, 395, 396, 397, 398, 399, 400, 401, 402, 403, 404, 405]
Cluster 2:
[406, 407, 408, 409, 410, 411, 412, 413, 414, 415, 416, 417, 418, 419, 420, 421, 422, 423, 424, 425, 426, 427, 428, 429, 430, 431, 432, 433, 434, 435, 436, 437, 438, 439, 440, 441, 442, 443, 444, 445, 446, 447, 448, 449, 450, 451, 452, 453, 454, 455, 456, 457, 458, 459, 460, 461, 462, 463, 464, 465, 466, 467, 468, 469, 470, 471, 472, 473, 474, 475, 476, 477, 478, 479, 480, 481, 482, 483, 484, 485, 486, 487, 488, 489, 490, 491, 492, 493, 494, 495, 496, 497, 498, 499, 500, 501, 502, 503, 504, 505, 506, 507, 508, 509, 510, 511, 512, 513, 514, 515, 516, 517, 518, 519, 520, 521, 522, 523, 524, 525, 526, 527, 528, 529, 530, 531, 532, 533, 534, 535, 536, 537, 538, 539, 540, 541, 542, 543, 544, 545, 546, 547, 548, 549, 550, 551, 552, 553, 554, 555, 556, 557, 558, 559, 560, 561, 562, 563, 564, 565, 566, 567, 568, 569, 570, 571, 572, 573, 574, 575, 576, 577, 578, 579, 580, 581, 582, 583, 584, 585, 586, 587, 588, 589, 590, 591, 592, 593, 594, 595, 596, 597, 598, 599, 600, 601, 602, 603, 604, 605, 606, 607, 608, 609, 610]
Cluster 3:
[611, 612, 613, 614, 615, 616, 617, 618, 619, 620, 621, 622, 623, 624, 625, 626, 627, 628, 629, 630, 631, 632, 633, 634, 635, 636, 637, 638, 639, 640, 641, 642, 643, 644, 645, 646, 647, 648, 649, 650, 651, 652, 653, 654, 655, 656, 657, 658, 659, 660, 661, 662, 663, 664, 665, 666, 667, 668, 669, 670, 671, 672, 673, 674, 675, 676, 677, 678, 679, 680, 681, 682, 683, 684, 685, 686, 687, 688, 689, 690, 691, 692, 693, 694, 695, 696, 697, 698, 699, 700, 701, 702, 703, 704, 705, 706, 707, 708, 709, 710, 711, 712, 713, 714, 715, 716, 717, 718, 719, 720, 721, 722, 723, 724, 725, 726, 727, 728, 729, 730, 731, 732, 733, 734, 735, 736, 737, 738, 739, 740, 741, 742, 743, 744, 745, 746, 747, 748, 749, 750, 751, 752, 753, 754, 755, 756, 757, 758, 759, 760, 761, 762, 763, 764, 765, 766, 767, 768, 769, 770, 771, 772, 773, 774, 775, 776, 777, 778, 779, 780, 781, 782, 783, 784, 785, 786, 787, 788, 789, 790, 791, 792, 793]
Cluster 4:
[794, 795, 796, 797, 798, 799, 800, 801, 802, 803, 804, 805, 806, 807, 808, 809, 810, 811, 812, 813, 814, 815, 816, 817, 818, 819, 820, 821, 822, 823, 824, 825, 826, 827, 828, 829, 830, 831, 832, 833, 834, 835, 836, 837, 838, 839, 840, 841, 842, 843, 844, 845, 846, 847, 848, 849, 850, 851, 852, 853, 854, 855, 856, 857, 858, 859, 860, 861, 862, 863, 864, 865, 866, 867, 868, 869, 870, 871, 872, 873, 874, 875, 876, 877, 878, 879, 880, 881, 882, 883, 884, 885, 886, 887, 888, 889, 890, 891, 892, 893, 894, 895, 896, 897, 898, 899, 900, 901, 902, 903, 904, 905, 906, 907, 908, 909, 910, 911, 912, 913, 914, 915, 916, 917, 918, 919, 920, 921, 922, 923, 924, 925, 926, 927, 928, 929, 930, 931, 932, 933, 934, 935, 936, 937, 938, 939, 940, 941, 942, 943, 944, 945, 946, 947, 948, 949, 950, 951, 952, 953, 954, 955, 956, 957, 958, 959, 960, 961, 962, 963, 964, 965, 966, 967, 968, 969, 970, 971, 972, 973, 974, 975, 976, 977, 978, 979, 980, 981, 982, 983, 984, 985, 986, 987, 988, 989, 990, 991, 992, 993, 994, 995, 996, 997, 998, 999, 1000]
Vehicle 0
Charging tour: 
41  -> 79  -> 165  -> 42  -> 149  -> 129  -> 44  -> 32  -> 101  -> 197  -> 122  -> 162  -> 126  -> 134  -> 125  -> 154  -> 103  -> 76  -> 61  -> 130  -> 81  -> 141  -> 33  -> 43  -> 116  -> 127  -> 29  -> 30  -> 75  -> 109  -> 11  -> 92  -> 200  -> 132  -> 189  -> 17  -> 83  -> 14  -> 85  -> 67  -> 56  -> 191  -> 105  -> 51  -> 4  -> 37  -> 3  -> 147  -> 36  -> 53  -> 148  -> 138  -> 104  -> 88  -> 45  -> 107  -> 68  -> 35  -> 161  -> 133  -> 106  -> 150  -> 155  -> 63  -> 16  -> 
Charging time: 
-0.17405633444650906  + 0  + 0  + 0  + 0  + 0  + 0  + 0  + 0  + 0  + -497.1712898707885  + 0  + 0  + 0  + 0  + 0  + 0  + 0  + 0  + 0  + 0  + 0  + 0  + 0  + 0  + 0  + 0  + 0  + 0  + 0  + -0.3673658182609538  + -1592.4008330649851  + 0  + 0  + 0  + 0  + 0  + -0.037504106368254936  + 0  + 0  + 0  + 0  + 0  + 0  + -0.6097832186463151  + 0  + 0  + 0  + 0  + 0  + 0  + 0  + 0  + 0  + 0  + 0  + 0  + -626.3609129053333  + 0  + 0  + 0  + 0  + 0  + 0  + 0  + 
Traveling energy: 5579.078234159235
Charging energy: -13585.608726594146
Total energy used: -8006.530492434911
Charging round duration: 2861.9564888404057
ID | p | E0 | time_arrive | E_remain | time_charge | energy_charge| E_after_charge | E_after_cycle
41 | 0.13 | 25675042.19 | 190.07 | 25675017.48 | -0.17 | -0.87 | 25675016.64 | 25671903.57
[91m79 | 0.25 | -28083.66 | 201.59 | -28134.06 | 0.00 | 0.00 | -28134.06 | -34117.79[00m
[91m165 | 0.11 | -7331.46 | 335.63 | -7368.38 | 0.00 | 0.00 | -7368.38 | -9986.48[00m
[91m42 | 0.24 | -28439.01 | 420.92 | -28540.03 | 0.00 | 0.00 | -28540.03 | -34231.78[00m
[91m149 | 0.17 | -17126.61 | 457.46 | -17204.37 | 0.00 | 0.00 | -17204.37 | -21229.82[00m
[91m129 | 0.12 | -9593.80 | 564.17 | -9661.50 | 0.00 | 0.00 | -9661.50 | -12490.19[00m
[91m44 | 0.07 | -2928.95 | 623.96 | -2972.62 | 0.00 | 0.00 | -2972.62 | -4618.50[00m
[91m32 | 0.22 | -24689.57 | 718.63 | -24847.66 | 0.00 | 0.00 | -24847.66 | -29999.60[00m
[91m101 | 0.11 | -5781.37 | 891.38 | -5879.42 | 0.00 | 0.00 | -5879.42 | -8436.38[00m
[91m197 | 0.11 | -9479.57 | 1009.35 | -9590.60 | 0.00 | 0.00 | -9590.60 | -12134.59[00m
[91m122 | 0.05 | 3457.18 | 1157.01 | 3399.33 | -497.17 | -2485.86 | 938.33 | -235.51[00m
[91m162 | 0.11 | -6506.72 | 744.84 | -6588.65 | 0.00 | 0.00 | -6588.65 | -9161.74[00m
[91m126 | 0.24 | -29482.57 | 823.38 | -29680.18 | 0.00 | 0.00 | -29680.18 | -35275.33[00m
[91m134 | 0.08 | -4453.46 | 913.46 | -4526.53 | 0.00 | 0.00 | -4526.53 | -6384.38[00m
[91m125 | 0.19 | -17871.85 | 1039.93 | -18069.44 | 0.00 | 0.00 | -18069.44 | -22457.79[00m
[91m154 | 0.09 | -6385.42 | 1185.82 | -6492.14 | 0.00 | 0.00 | -6492.14 | -8557.71[00m
[91m103 | 0.28 | -31139.66 | 1234.60 | -31485.34 | 0.00 | 0.00 | -31485.34 | -37897.88[00m
[91m76 | 0.11 | -10159.70 | 1252.88 | -10297.52 | 0.00 | 0.00 | -10297.52 | -12814.72[00m
[91m61 | 0.27 | -31174.22 | 1320.74 | -31530.82 | 0.00 | 0.00 | -31530.82 | -37691.08[00m
[91m130 | 0.25 | -30642.54 | 1424.97 | -30998.79 | 0.00 | 0.00 | -30998.79 | -36676.68[00m
[91m81 | 0.08 | -3662.43 | 1510.06 | -3783.23 | 0.00 | 0.00 | -3783.23 | -5593.35[00m
[91m141 | 0.26 | -31716.61 | 1543.26 | -32117.86 | 0.00 | 0.00 | -32117.86 | -37992.11[00m
[91m33 | 0.18 | -19889.49 | 1599.42 | -20177.38 | 0.00 | 0.00 | -20177.38 | -24234.06[00m
[91m43 | 0.22 | -22289.53 | 1666.04 | -22656.06 | 0.00 | 0.00 | -22656.06 | -27599.57[00m
[91m116 | 0.30 | -34745.28 | 1710.69 | -35258.49 | 0.00 | 0.00 | -35258.49 | -41986.24[00m
[91m127 | 0.12 | -6538.56 | 1786.26 | -6752.91 | 0.00 | 0.00 | -6752.91 | -9434.94[00m
[91m29 | 0.21 | -23999.45 | 1876.19 | -24393.45 | 0.00 | 0.00 | -24393.45 | -29068.12[00m
[91m30 | 0.19 | -19683.90 | 1983.55 | -20060.78 | 0.00 | 0.00 | -20060.78 | -24269.84[00m
[91m75 | 0.26 | -32135.56 | 2086.44 | -32678.04 | 0.00 | 0.00 | -32678.04 | -38411.06[00m
[91m109 | 0.12 | -10867.98 | 2222.96 | -11134.74 | 0.00 | 0.00 | -11134.74 | -13764.36[00m
11 | 0.25 | 23393699.71 | 2293.84 | 23393126.25 | -0.37 | -1.84 | 23393124.51 | 23387663.74
[91m92 | 0.06 | 1295.26 | 2373.03 | 1152.88 | -1592.40 | -7962.00 | -6713.58 | -8114.94[00m
[91m200 | 0.29 | -33335.42 | 872.69 | -33588.50 | 0.00 | 0.00 | -33588.50 | -40335.01[00m
[91m132 | 0.23 | -27326.67 | 925.71 | -27539.59 | 0.00 | 0.00 | -27539.59 | -32878.08[00m
[91m189 | 0.16 | -17027.38 | 1018.35 | -17190.32 | 0.00 | 0.00 | -17190.32 | -20889.23[00m
[91m17 | 0.15 | -13002.15 | 1056.88 | -13160.69 | 0.00 | 0.00 | -13160.69 | -16622.63[00m
[91m83 | 0.21 | -21319.92 | 1126.21 | -21556.42 | 0.00 | 0.00 | -21556.42 | -26388.59[00m
14 | 0.23 | 210817501.10 | 1167.21 | 210817232.64 | -0.04 | -0.19 | 210817232.46 | 210811949.51
[91m85 | 0.16 | -13416.29 | 1285.41 | -13621.96 | 0.00 | 0.00 | -13621.96 | -17278.14[00m
[91m67 | 0.07 | -1835.75 | 1363.60 | -1931.21 | 0.00 | 0.00 | -1931.21 | -3525.31[00m
[91m56 | 0.28 | -34004.81 | 1453.34 | -34411.75 | 0.00 | 0.00 | -34411.75 | -40763.04[00m
[91m191 | 0.16 | -13144.02 | 1483.64 | -13381.41 | 0.00 | 0.00 | -13381.41 | -17005.87[00m
[91m105 | 0.10 | -4139.93 | 1541.00 | -4294.03 | 0.00 | 0.00 | -4294.03 | -6553.59[00m
[91m51 | 0.09 | -5123.26 | 1573.01 | -5264.83 | 0.00 | 0.00 | -5264.83 | -7295.55[00m
4 | 0.07 | 3946210.23 | 1682.38 | 3946092.47 | -0.61 | -3.05 | 3946089.46 | 3944517.63
[91m37 | 0.15 | -10812.56 | 1826.87 | -11086.59 | 0.00 | 0.00 | -11086.59 | -14433.04[00m
[91m3 | 0.09 | -3593.66 | 1926.71 | -3767.06 | 0.00 | 0.00 | -3767.06 | -5765.95[00m
[91m147 | 0.28 | -33990.16 | 1967.70 | -34541.12 | 0.00 | 0.00 | -34541.12 | -40748.39[00m
[91m36 | 0.20 | -18264.53 | 2040.66 | -18672.66 | 0.00 | 0.00 | -18672.66 | -23091.84[00m
[91m53 | 0.07 | -1309.17 | 2127.72 | -1458.11 | 0.00 | 0.00 | -1458.11 | -2998.73[00m
[91m148 | 0.25 | -27309.06 | 2249.35 | -27871.40 | 0.00 | 0.00 | -27871.40 | -33343.20[00m
[91m138 | 0.21 | -19694.60 | 2360.92 | -20190.39 | 0.00 | 0.00 | -20190.39 | -24763.27[00m
[91m104 | 0.18 | -18713.28 | 2439.76 | -19152.44 | 0.00 | 0.00 | -19152.44 | -23057.85[00m
[91m88 | 0.22 | -21823.90 | 2475.30 | -22368.47 | 0.00 | 0.00 | -22368.47 | -27133.94[00m
[91m45 | 0.09 | -2289.31 | 2497.68 | -2514.11 | 0.00 | 0.00 | -2514.11 | -4461.60[00m
[91m107 | 0.13 | -9074.28 | 2571.42 | -9408.57 | 0.00 | 0.00 | -9408.57 | -12212.03[00m
[91m68 | 0.15 | -14072.05 | 2645.51 | -14468.88 | 0.00 | 0.00 | -14468.88 | -17692.53[00m
[91m35 | 0.05 | 2744.12 | 2701.16 | 2609.06 | -626.36 | -3131.80 | -491.43 | -1594.51[00m
[91m161 | 0.17 | -16948.09 | 2241.34 | -17329.12 | 0.00 | 0.00 | -17329.12 | -21051.30[00m
[91m133 | 0.13 | -8699.82 | 2332.26 | -9003.01 | 0.00 | 0.00 | -9003.01 | -11837.56[00m
[91m106 | 0.07 | 438.06 | 2390.59 | 270.72 | 0.00 | 0.00 | 270.72 | -1251.50[00m
[91m150 | 0.27 | -31145.91 | 2475.20 | -31814.22 | 0.00 | 0.00 | -31814.22 | -37662.78[00m
[91m155 | 0.29 | -36856.95 | 2527.70 | -37589.99 | 0.00 | 0.00 | -37589.99 | -43856.55[00m
[91m63 | 0.08 | -4905.93 | 2625.87 | -5116.00 | 0.00 | 0.00 | -5116.00 | -6836.85[00m
[91m16 | 0.21 | -22572.26 | 2664.38 | -23131.78 | 0.00 | 0.00 | -23131.78 | -27640.93[00m
[91m1 | 0.08 | -5272.07 | -7203.00[00m
[91m2 | 0.26 | -30703.51 | -36979.01[00m
[91m5 | 0.11 | -10604.31 | -13259.33[00m
[91m6 | 0.21 | -19584.27 | -24652.94[00m
[91m7 | 0.16 | -15902.52 | -19764.37[00m
[91m8 | 0.22 | -24364.40 | -29674.44[00m
[91m9 | 0.21 | -24342.74 | -29411.41[00m
[91m10 | 0.18 | -16146.16 | -20490.74[00m
[91m12 | 0.12 | -11295.11 | -14191.49[00m
[91m13 | 0.05 | 1193.04 | -13.79[00m
[91m15 | 0.16 | -13989.40 | -17851.25[00m
[91m18 | 0.30 | -32818.65 | -40059.61[00m
[91m19 | 0.13 | -11746.68 | -14884.43[00m
[91m20 | 0.06 | -490.63 | -1938.82[00m
[91m21 | 0.05 | -570.87 | -1777.70[00m
[91m22 | 0.15 | -11683.14 | -15303.62[00m
[91m23 | 0.19 | -19277.09 | -23863.03[00m
[91m24 | 0.15 | -14755.37 | -18375.85[00m
[91m25 | 0.16 | -17396.22 | -21258.06[00m
[91m26 | 0.14 | -10933.54 | -14312.66[00m
[91m27 | 0.15 | -16295.59 | -19916.07[00m
[91m28 | 0.07 | -1418.95 | -3108.51[00m
[91m31 | 0.10 | -4315.08 | -6728.73[00m
[91m34 | 0.13 | -8105.50 | -11243.25[00m
[91m38 | 0.18 | -18839.27 | -23183.84[00m
[91m39 | 0.21 | -23762.37 | -28831.04[00m
[91m40 | 0.18 | -19842.96 | -24187.54[00m
[91m46 | 0.10 | -8319.26 | -10732.91[00m
[91m47 | 0.27 | -28301.30 | -34818.16[00m
[91m48 | 0.06 | -3557.94 | -5006.13[00m
[91m49 | 0.12 | -10113.52 | -13009.90[00m
[91m50 | 0.24 | -24238.80 | -30031.57[00m
[91m52 | 0.12 | -10920.54 | -13816.93[00m
[91m54 | 0.11 | -5321.20 | -7976.22[00m
[91m55 | 0.19 | -16720.34 | -21306.28[00m
[91m57 | 0.24 | -25552.37 | -31345.13[00m
[91m58 | 0.22 | -23271.47 | -28581.51[00m
[91m59 | 0.15 | -13369.70 | -16990.18[00m
[91m60 | 0.06 | -2784.77 | -4232.97[00m
[91m62 | 0.17 | -17360.44 | -21463.65[00m
[91m64 | 0.28 | -29976.07 | -36734.29[00m
[91m65 | 0.30 | -36611.02 | -43851.98[00m
[91m66 | 0.10 | -7636.67 | -10050.32[00m
[91m69 | 0.10 | -7616.58 | -10030.23[00m
[91m70 | 0.09 | -4122.67 | -6294.96[00m
[91m71 | 0.27 | -33460.29 | -39977.15[00m
[91m72 | 0.24 | -27091.86 | -32884.63[00m
[91m73 | 0.24 | -28766.71 | -34559.48[00m
[91m74 | 0.14 | -10022.41 | -13401.52[00m
[91m77 | 0.23 | -24414.60 | -29966.00[00m
[91m78 | 0.25 | -27767.79 | -33801.92[00m
80 | 0.05 | 3241.85 | 2035.03
[91m82 | 0.18 | -18852.01 | -23196.59[00m
[91m84 | 0.11 | -6172.02 | -8827.04[00m
[91m86 | 0.07 | -970.95 | -2660.51[00m
[91m87 | 0.20 | -22663.02 | -27490.32[00m
[91m89 | 0.18 | -19914.72 | -24259.30[00m
[91m90 | 0.29 | -31862.99 | -38862.58[00m
[91m91 | 0.28 | -33308.90 | -40067.13[00m
[91m93 | 0.14 | -14717.18 | -18096.29[00m
[91m94 | 0.18 | -18757.73 | -23102.30[00m
[91m95 | 0.20 | -19770.40 | -24597.71[00m
[91m96 | 0.25 | -29381.14 | -35415.28[00m
[91m97 | 0.17 | -18316.73 | -22419.94[00m
[91m98 | 0.22 | -25914.45 | -31224.48[00m
[91m99 | 0.20 | -21060.37 | -25887.68[00m
[91m100 | 0.28 | -29795.85 | -36554.08[00m
[91m102 | 0.27 | -28116.94 | -34633.81[00m
[91m108 | 0.22 | -23815.32 | -29125.36[00m
[91m110 | 0.17 | -15757.70 | -19860.91[00m
[91m111 | 0.27 | -32521.29 | -39038.15[00m
[91m112 | 0.23 | -26155.20 | -31706.60[00m
[91m113 | 0.18 | -18270.66 | -22615.23[00m
[91m114 | 0.16 | -16638.95 | -20500.79[00m
[91m115 | 0.18 | -17836.14 | -22180.71[00m
[91m117 | 0.14 | -2879520.85 | -2882899.96[00m
[91m118 | 0.29 | -32742.99 | -39742.58[00m
[91m119 | 0.12 | -10506.31 | -13402.69[00m
[91m120 | 0.26 | -31219.63 | -37495.13[00m
[91m121 | 0.07 | -4280.78 | -5970.33[00m
[91m123 | 0.23 | -23016.68 | -28568.08[00m
[91m124 | 0.11 | -7353.63 | -10008.65[00m
[91m128 | 0.11 | -9058.52 | -11713.54[00m
[91m131 | 0.15 | -10793.18 | -14413.66[00m
135 | 0.05 | 2980.53 | 1773.71
[91m136 | 0.06 | 557.49 | -890.70[00m
[91m137 | 0.15 | -11076.28 | -14696.76[00m
[91m139 | 0.11 | -7838.60 | -10493.62[00m
[91m140 | 0.27 | -28553.48 | -35070.35[00m
[91m142 | 0.10 | -7332.77 | -9746.42[00m
[91m143 | 0.29 | -36696.11 | -43695.70[00m
[91m144 | 0.13 | -11356.55 | -14494.30[00m
[91m145 | 0.27 | -30726.93 | -37243.79[00m
[91m146 | 0.27 | -33138.76 | -39655.62[00m
[91m151 | 0.21 | -20708.78 | -25777.46[00m
[91m152 | 0.12 | -7288.50 | -10184.88[00m
[91m153 | 0.27 | -9892634.23 | -9899151.09[00m
[91m156 | 0.23 | -22252.31 | -27803.71[00m
[91m157 | 0.17 | -14802.67 | -18905.88[00m
[91m158 | 0.27 | -33070.70 | -39587.56[00m
[91m159 | 0.23 | -23717.44 | -29268.84[00m
[91m160 | 0.17 | -18604.25 | -22707.46[00m
[91m163 | 0.13 | -12048.50 | -15186.25[00m
[91m164 | 0.08 | -929.52 | -2860.44[00m
[91m166 | 0.14 | -14962.02 | -18341.13[00m
[91m167 | 0.15 | -15843.21 | -19463.69[00m
[91m168 | 0.14 | -10339.11 | -13718.23[00m
[91m169 | 0.18 | -20092.56 | -24437.14[00m
[91m170 | 0.12 | -6994.20 | -9890.58[00m
[91m171 | 0.18 | -17056.94 | -21401.51[00m
[91m172 | 0.25 | -30670.70 | -36704.83[00m
[91m173 | 0.30 | -37489.16 | -44730.12[00m
[91m174 | 0.20 | -21109.80 | -25937.11[00m
[91m175 | 0.17 | -2949782.72 | -2953885.93[00m
[91m176 | 0.15 | -1855987.09 | -1859607.57[00m
[91m177 | 0.20 | -2901069.62 | -2905896.93[00m
[91m178 | 0.15 | -1074864.86 | -1078485.34[00m
[91m179 | 0.19 | -2088074.26 | -2092660.20[00m
[91m180 | 0.26 | -5354396.42 | -5360671.92[00m
[91m181 | 0.27 | -5235704.25 | -5242221.12[00m
[91m182 | 0.10 | -915871.04 | -918284.69[00m
[91m183 | 0.17 | -4687435.72 | -4691538.93[00m
[91m184 | 0.16 | -1395005.25 | -1398867.09[00m
[91m185 | 0.19 | -1957661.17 | -1962247.12[00m
[91m186 | 0.23 | -27459.77 | -33011.18[00m
[91m187 | 0.17 | -16803.21 | -20906.42[00m
[91m188 | 0.29 | -34507.53 | -41507.13[00m
[91m190 | 0.21 | -20397.50 | -25466.17[00m
[91m192 | 0.19 | -17832.86 | -22418.80[00m
[91m193 | 0.10 | -6873.76 | -9287.42[00m
[91m194 | 0.12 | -10619.38 | -13515.76[00m
[91m195 | 0.24 | -27249.45 | -33042.22[00m
[91m196 | 0.11 | -7713.13 | -10368.15[00m
[91m198 | 0.13 | -8791.32 | -11929.07[00m
[91m199 | 0.19 | -20982.83 | -25568.77[00m
[91m201 | 0.27 | -32787.37 | -39304.24[00m
Vehicle 1
Charging tour: 
294  -> 352  -> 235  -> 284  -> 252  -> 323  -> 280  -> 286  -> 370  -> 274  -> 218  -> 243  -> 223  -> 405  -> 247  -> 213  -> 256  -> 246  -> 339  -> 221  -> 233  -> 336  -> 227  -> 320  -> 259  -> 340  -> 348  -> 295  -> 305  -> 253  -> 364  -> 391  -> 249  -> 376  -> 302  -> 350  -> 402  -> 275  -> 209  -> 226  -> 304  -> 255  -> 394  -> 276  -> 381  -> 379  -> 388  -> 288  -> 257  -> 205  -> 399  -> 290  -> 219  -> 268  -> 263  -> 360  -> 281  -> 214  -> 266  -> 384  -> 211  -> 279  -> 251  -> 291  -> 351  -> 386  -> 380  -> 
Charging time: 
0  + 0  + 0  + 0  + 0  + 0  + 0  + 0  + 0  + 0  + -0.0060124652985378575  + 0  + 0  + 0  + 0  + -0.009699167646159653  + 0  + -834.2800653191139  + 0  + 0  + 0  + 0  + 0  + 0  + 0  + 0  + 0  + 0  + 0  + -54.177433006130045  + 0  + 0  + 0  + 0  + 0  + 0  + 0  + 0  + 0  + 0  + 0  + 0  + 0  + 0  + 0  + 0  + 0  + 0  + 0  + 0  + 0  + 0  + -18.689937162032567  + 0  + 0  + 0  + 0  + 0  + -543.8271527263405  + 0  + 0  + 0  + -2.09105339365276  + 0  + 0  + 0  + 0  + 
Traveling energy: 4775.904220007707
Charging energy: -7265.406766201073
Total energy used: -2489.5025461933656
Charging round duration: 3322.822866767493
ID | p | E0 | time_arrive | E_remain | time_charge | energy_charge| E_after_charge | E_after_cycle
[91m294 | 0.21 | -19778.12 | 87.75 | -19796.55 | 0.00 | 0.00 | -19796.55 | -24846.80[00m
[91m352 | 0.29 | -32751.93 | 139.65 | -32792.43 | 0.00 | 0.00 | -32792.43 | -39751.52[00m
[91m235 | 0.08 | -5026.63 | 210.32 | -5043.46 | 0.00 | 0.00 | -5043.46 | -6957.55[00m
[91m284 | 0.24 | -24514.89 | 259.48 | -24577.17 | 0.00 | 0.00 | -24577.17 | -30307.66[00m
[91m252 | 0.16 | -12714.20 | 311.02 | -12763.96 | 0.00 | 0.00 | -12763.96 | -16576.04[00m
[91m323 | 0.08 | -1258.25 | 328.61 | -1284.54 | 0.00 | 0.00 | -1284.54 | -3189.17[00m
[91m280 | 0.27 | -32392.17 | 358.42 | -32488.94 | 0.00 | 0.00 | -32488.94 | -38909.03[00m
[91m286 | 0.12 | -6457.11 | 449.38 | -6511.04 | 0.00 | 0.00 | -6511.04 | -9353.49[00m
[91m370 | 0.27 | -33952.79 | 506.65 | -34089.58 | 0.00 | 0.00 | -34089.58 | -40469.65[00m
[91m274 | 0.11 | -7330.15 | 550.80 | -7390.74 | 0.00 | 0.00 | -7390.74 | -9985.17[00m
218 | 0.23 | 833964969.72 | 590.31 | 833964833.94 | -0.01 | -0.03 | 833964833.91 | 833959418.28
[91m243 | 0.27 | -31297.31 | 631.13 | -31467.72 | 0.00 | 0.00 | -31467.72 | -37814.18[00m
[91m223 | 0.24 | -27090.31 | 747.30 | -27269.66 | 0.00 | 0.00 | -27269.66 | -32883.08[00m
[91m405 | 0.26 | -31678.70 | 824.10 | -31892.96 | 0.00 | 0.00 | -31892.96 | -37954.19[00m
[91m247 | 0.16 | -14232.14 | 962.61 | -14386.16 | 0.00 | 0.00 | -14386.16 | -18093.98[00m
213 | 0.29 | 651832615.65 | 998.99 | 651832325.94 | -0.01 | -0.05 | 651832325.90 | 651825616.01
[91m256 | 0.06 | -2836.20 | 1076.93 | -2900.81 | 0.00 | 0.00 | -2900.81 | -4284.39[00m
[91m246 | 0.18 | 4703.63 | 1117.90 | 4502.41 | -834.28 | -4171.40 | 481.18 | -3812.35[00m
[91m339 | 0.14 | -9822.89 | 324.78 | -9868.36 | 0.00 | 0.00 | -9868.36 | -13202.01[00m
[91m221 | 0.12 | -9453.88 | 353.55 | -9496.31 | 0.00 | 0.00 | -9496.31 | -12350.27[00m
[91m233 | 0.18 | -16744.82 | 465.35 | -16828.58 | 0.00 | 0.00 | -16828.58 | -21089.39[00m
[91m336 | 0.27 | -31490.10 | 589.02 | -31649.14 | 0.00 | 0.00 | -31649.14 | -38006.96[00m
[91m227 | 0.20 | -18602.96 | 686.91 | -18740.35 | 0.00 | 0.00 | -18740.35 | -23430.27[00m
[91m320 | 0.25 | -27766.21 | 731.69 | -27949.13 | 0.00 | 0.00 | -27949.13 | -33800.34[00m
[91m259 | 0.11 | -10113.41 | 849.11 | -10206.81 | 0.00 | 0.00 | -10206.81 | -12768.43[00m
[91m340 | 0.06 | -334.98 | 911.53 | -389.67 | 0.00 | 0.00 | -389.67 | -1783.17[00m
[91m348 | 0.27 | -32541.53 | 946.01 | -32796.96 | 0.00 | 0.00 | -32796.96 | -39058.40[00m
[91m295 | 0.24 | -25380.44 | 1024.38 | -25626.29 | 0.00 | 0.00 | -25626.29 | -31173.21[00m
[91m305 | 0.16 | -15861.80 | 1076.72 | -16034.08 | 0.00 | 0.00 | -16034.08 | -19723.65[00m
253 | 0.15 | 60359.47 | 1219.69 | 60176.51 | -54.18 | -270.89 | 59913.75 | 56468.10
[91m364 | 0.10 | -4478.31 | 1311.02 | -4609.41 | 0.00 | 0.00 | -4609.41 | -6891.96[00m
[91m391 | 0.24 | -23796.41 | 1438.89 | -24141.74 | 0.00 | 0.00 | -24141.74 | -29589.17[00m
[91m249 | 0.29 | -33836.59 | 1531.28 | -34280.66 | 0.00 | 0.00 | -34280.66 | -40836.18[00m
[91m376 | 0.09 | -7390.41 | 1602.20 | -7534.61 | 0.00 | 0.00 | -7534.61 | -9562.70[00m
[91m302 | 0.21 | -20931.43 | 1609.68 | -21269.46 | 0.00 | 0.00 | -21269.46 | -26000.10[00m
[91m350 | 0.24 | -25238.38 | 1721.58 | -25651.56 | 0.00 | 0.00 | -25651.56 | -31031.15[00m
[91m402 | 0.23 | -26692.16 | 1789.13 | -27103.66 | 0.00 | 0.00 | -27103.66 | -32243.56[00m
[91m275 | 0.12 | -7412.04 | 1868.04 | -7636.21 | 0.00 | 0.00 | -7636.21 | -10308.43[00m
[91m209 | 0.09 | -5831.24 | 1924.99 | -6004.49 | 0.00 | 0.00 | -6004.49 | -8003.53[00m
[91m226 | 0.28 | -33996.43 | 1931.72 | -34537.31 | 0.00 | 0.00 | -34537.31 | -40754.66[00m
[91m304 | 0.15 | -12255.57 | 1972.69 | -12551.47 | 0.00 | 0.00 | -12551.47 | -15876.05[00m
[91m255 | 0.13 | -9332.22 | 2026.74 | -9595.70 | 0.00 | 0.00 | -9595.70 | -12469.97[00m
[91m394 | 0.30 | -36500.62 | 2067.55 | -37120.89 | 0.00 | 0.00 | -37120.89 | -43741.58[00m
[91m276 | 0.25 | -30728.71 | 2107.71 | -31255.64 | 0.00 | 0.00 | -31255.64 | -36762.84[00m
[91m381 | 0.20 | -20436.89 | 2151.77 | -20867.25 | 0.00 | 0.00 | -20867.25 | -25264.20[00m
[91m379 | 0.24 | -26595.29 | 2219.69 | -27128.01 | 0.00 | 0.00 | -27128.01 | -32388.05[00m
[91m388 | 0.15 | -14196.10 | 2261.03 | -14535.25 | 0.00 | 0.00 | -14535.25 | -17816.58[00m
[91m288 | 0.12 | -7556.69 | 2329.84 | -7836.27 | 0.00 | 0.00 | -7836.27 | -10453.07[00m
[91m257 | 0.08 | -5931.27 | 2354.58 | -6119.64 | 0.00 | 0.00 | -6119.64 | -7862.19[00m
[91m205 | 0.18 | -17316.72 | 2407.88 | -17750.14 | 0.00 | 0.00 | -17750.14 | -21661.29[00m
[91m399 | 0.16 | -16333.55 | 2540.85 | -16740.09 | 0.00 | 0.00 | -16740.09 | -20195.40[00m
[91m290 | 0.06 | -937.96 | 2579.31 | -1092.72 | 0.00 | 0.00 | -1092.72 | -2386.16[00m
219 | 0.11 | 128309.08 | 2659.94 | 128016.49 | -18.69 | -93.45 | 127925.10 | 125560.61
[91m268 | 0.11 | -8635.96 | 2683.35 | -8931.13 | 0.00 | 0.00 | -8931.13 | -11290.98[00m
[91m263 | 0.25 | -27275.24 | 2723.72 | -27956.17 | 0.00 | 0.00 | -27956.17 | -33309.37[00m
[91m360 | 0.26 | -30236.70 | 2794.71 | -30963.32 | 0.00 | 0.00 | -30963.32 | -36512.19[00m
[91m281 | 0.27 | -28377.09 | 2846.27 | -29145.59 | 0.00 | 0.00 | -29145.59 | -34893.96[00m
[91m214 | 0.17 | -14385.88 | 2881.36 | -14875.71 | 0.00 | 0.00 | -14875.71 | -18489.09[00m
266 | 0.23 | 9220.18 | 2921.92 | 8548.14 | -543.83 | -2719.14 | 5954.09 | 949.64
[91m384 | 0.16 | -14927.24 | 2494.76 | -15326.40 | 0.00 | 0.00 | -15326.40 | -18789.08[00m
[91m211 | 0.22 | -20699.13 | 2563.86 | -21263.18 | 0.00 | 0.00 | -21263.18 | -26009.17[00m
[91m279 | 0.12 | -11033.64 | 2662.73 | -11353.17 | 0.00 | 0.00 | -11353.17 | -13930.02[00m
251 | 0.13 | 1355347.89 | 2772.84 | 1354987.43 | -2.09 | -10.46 | 1354977.24 | 1352199.69
[91m291 | 0.25 | -27056.39 | 2889.23 | -27778.69 | 0.00 | 0.00 | -27778.69 | -33090.52[00m
[91m351 | 0.28 | -32387.18 | 3062.57 | -33244.70 | 0.00 | 0.00 | -33244.70 | -39145.41[00m
[91m386 | 0.19 | -21556.29 | 3137.29 | -22152.38 | 0.00 | 0.00 | -22152.38 | -26142.24[00m
[91m380 | 0.25 | -25774.71 | 3180.42 | -26569.81 | 0.00 | 0.00 | -26569.81 | -31808.84[00m
[91m202 | 0.28 | -34093.70 | -40851.93[00m
[91m203 | 0.16 | -13396.30 | -17258.14[00m
[91m204 | 0.29 | -35073.96 | -42073.56[00m
[91m206 | 0.29 | -31605.50 | -38605.10[00m
[91m207 | 0.07 | -3082.66 | -4772.22[00m
[91m208 | 0.08 | -5980.24 | -7911.16[00m
[91m210 | 0.20 | -21451.15 | -26278.45[00m
[91m212 | 0.07 | -1562.14 | -3251.70[00m
[91m215 | 0.11 | -5315.57 | -7970.59[00m
[91m216 | 0.11 | -8851.02 | -11506.04[00m
[91m217 | 0.24 | -28510.48 | -34303.25[00m
[91m220 | 0.07 | -1913.96 | -3603.52[00m
[91m222 | 0.08 | -2652.65 | -4583.57[00m
[91m224 | 0.25 | -25637.06 | -31671.19[00m
[91m225 | 0.13 | -10043.01 | -13180.76[00m
[91m228 | 0.10 | -5864.82 | -8278.47[00m
[91m229 | 0.17 | -16088.13 | -20191.34[00m
[91m230 | 0.29 | -33483.64 | -40483.23[00m
[91m231 | 0.14 | -14707.59 | -18086.71[00m
[91m232 | 0.14 | -13674.77 | -17053.88[00m
[91m234 | 0.30 | -33044.25 | -40285.20[00m
[91m236 | 0.26 | -26588.02 | -32863.51[00m
[91m237 | 0.24 | -26088.79 | -31881.56[00m
[91m238 | 0.14 | -12231.09 | -15610.20[00m
[91m239 | 0.25 | -26979.12 | -33013.25[00m
[91m240 | 0.14 | -11328.77 | -14707.89[00m
[91m241 | 0.13 | -12773.94 | -15911.69[00m
[91m242 | 0.16 | -15549.98 | -19411.82[00m
[91m244 | 0.22 | -24902.55 | -30212.59[00m
[91m245 | 0.15 | -16016.16 | -19636.64[00m
[91m248 | 0.29 | -34726.48 | -41726.07[00m
[91m250 | 0.20 | -22471.38 | -27298.69[00m
[91m254 | 0.22 | -25885.03 | -31195.07[00m
[91m258 | 0.13 | -9524.19 | -12661.94[00m
[91m260 | 0.29 | -33197.40 | -40197.00[00m
[91m261 | 0.15 | -13510.07 | -17130.55[00m
[91m262 | 0.30 | -35681.52 | -42922.47[00m
[91m264 | 0.23 | -23524.67 | -29076.07[00m
[91m265 | 0.07 | -1233.62 | -2923.18[00m
[91m267 | 0.09 | -4088.84 | -6261.13[00m
[91m269 | 0.22 | -22872.75 | -28182.79[00m
[91m270 | 0.18 | -20431.98 | -24776.55[00m
[91m271 | 0.19 | -18261.43 | -22847.37[00m
[91m272 | 0.19 | -21299.22 | -25885.16[00m
[91m273 | 0.29 | -32949.02 | -39948.61[00m
[91m277 | 0.19 | -21616.63 | -26202.57[00m
[91m278 | 0.11 | -10004.47 | -12659.49[00m
[91m282 | 0.18 | -16612.13 | -20956.71[00m
[91m283 | 0.26 | -30406.15 | -36681.65[00m
[91m285 | 0.15 | -12980.42 | -16600.90[00m
[91m287 | 0.10 | -8573.55 | -10987.20[00m
[91m289 | 0.16 | -12265.43 | -16127.28[00m
[91m292 | 0.25 | -30748.83 | -36782.96[00m
[91m293 | 0.22 | -21079.01 | -26389.05[00m
[91m296 | 0.14 | -10248.32 | -13627.44[00m
[91m297 | 0.26 | -27057.44 | -33332.94[00m
[91m298 | 0.09 | -7208.18 | -9380.46[00m
[91m299 | 0.16 | -12683.05 | -16544.89[00m
[91m300 | 0.20 | -21361.46 | -26188.77[00m
[91m301 | 0.15 | -13111.59 | -16732.07[00m
[91m303 | 0.25 | -12218.82 | -18252.95[00m
[91m306 | 0.30 | -35314.95 | -42555.91[00m
[91m307 | 0.27 | -33595.11 | -40111.97[00m
[91m308 | 0.17 | -13615.67 | -17718.88[00m
[91m309 | 0.09 | -31291.60 | -33463.89[00m
[91m310 | 0.26 | -26892.19 | -33167.68[00m
[91m311 | 0.06 | -24466.70 | -25914.89[00m
[91m312 | 0.09 | -23933.74 | -26106.03[00m
[91m313 | 0.07 | -23428.79 | -25118.35[00m
[91m314 | 0.06 | -12964.48 | -14412.67[00m
[91m315 | 0.08 | -72736.92 | -74667.84[00m
[91m316 | 0.23 | -24995.13 | -30546.53[00m
[91m317 | 0.08 | -17191.53 | -19122.45[00m
[91m318 | 0.07 | -61003.70 | -62693.26[00m
[91m319 | 0.11 | -147467.63 | -150122.64[00m
[91m321 | 0.25 | -25821.17 | -31855.30[00m
[91m322 | 0.14 | -14588.47 | -17967.59[00m
[91m324 | 0.21 | -20545.77 | -25614.45[00m
[91m325 | 0.16 | -16437.68 | -20299.53[00m
[91m326 | 0.07 | -1950.48 | -3640.04[00m
[91m327 | 0.11 | -7062.75 | -9717.77[00m
[91m328 | 0.07 | -971.99 | -2661.55[00m
[91m329 | 0.10 | -4109.33 | -6522.98[00m
[91m330 | 0.22 | -24215.68 | -29525.72[00m
[91m331 | 0.25 | -27487.38 | -33521.51[00m
[91m332 | 0.26 | -29132.76 | -35408.26[00m
[91m333 | 0.27 | -31163.62 | -37680.49[00m
[91m334 | 0.24 | -28435.20 | -34227.97[00m
[91m335 | 0.28 | -32474.18 | -39232.41[00m
[91m337 | 0.29 | -33222.62 | -40222.21[00m
[91m338 | 0.27 | -29285.17 | -35802.03[00m
[91m341 | 0.30 | -32758.90 | -39999.86[00m
[91m342 | 0.19 | -21579.88 | -26165.83[00m
[91m343 | 0.25 | -28348.11 | -34382.24[00m
[91m344 | 0.11 | -20753742.82 | -20756397.84[00m
[91m345 | 0.29 | -35688.93 | -42688.52[00m
[91m346 | 0.27 | -33108.98 | -39625.84[00m
[91m347 | 0.27 | -30250.57 | -36767.43[00m
[91m349 | 0.28 | -32974.24 | -39732.47[00m
[91m353 | 0.23 | -23423.55 | -28974.95[00m
[91m354 | 0.30 | -34941.48 | -42182.44[00m
[91m355 | 0.27 | -27995.28 | -34512.15[00m
[91m356 | 0.19 | -17564.83 | -22150.77[00m
[91m357 | 0.16 | -13591.76 | -17453.61[00m
[91m358 | 0.27 | -33292.03 | -39808.89[00m
[91m359 | 0.21 | -19611.97 | -24680.64[00m
[91m361 | 0.14 | -9689.33 | -13068.44[00m
[91m362 | 0.19 | -20578.98 | -25164.92[00m
[91m363 | 0.11 | -7085.83 | -9740.85[00m
[91m365 | 0.09 | -7490.68 | -9662.97[00m
[91m366 | 0.30 | -38079.50 | -45320.46[00m
[91m367 | 0.24 | -26336.87 | -32129.64[00m
[91m368 | 0.25 | -27954.78 | -33988.91[00m
[91m369 | 0.29 | -35626.98 | -42626.58[00m
[91m371 | 0.25 | -16857276.50 | -16863310.63[00m
[91m372 | 0.28 | -63085917.27 | -63092675.50[00m
[91m373 | 0.24 | -24307.16 | -30099.93[00m
[91m374 | 0.11 | -9491.73 | -12146.74[00m
[91m375 | 0.28 | -32777.30 | -39535.53[00m
[91m377 | 0.23 | -22211.50 | -27762.90[00m
[91m378 | 0.21 | -20525.92 | -25594.59[00m
[91m382 | 0.23 | -27167.33 | -32718.73[00m
[91m383 | 0.11 | -7977.64 | -10632.65[00m
[91m385 | 0.20 | -22167.68 | -26994.99[00m
[91m387 | 0.06 | -1506.90 | -2955.09[00m
[91m389 | 0.27 | -32271.47 | -38788.33[00m
[91m390 | 0.13 | -12741.95 | -15879.69[00m
[91m392 | 0.16 | -13291.60 | -17153.44[00m
[91m393 | 0.21 | -22894.77 | -27963.44[00m
[91m395 | 0.22 | -24330.97 | -29641.00[00m
[91m396 | 0.17 | -13904.44 | -18007.65[00m
[91m397 | 0.20 | -19185.85 | -24013.16[00m
[91m398 | 0.29 | -33373.48 | -40373.08[00m
[91m400 | 0.27 | -31391.08 | -37907.94[00m
[91m401 | 0.26 | -29754.56 | -36030.05[00m
[91m403 | 0.19 | -21495.70 | -26081.64[00m
[91m404 | 0.25 | -26630.80 | -32664.94[00m
Vehicle 2
Charging tour: 
456  -> 566  -> 502  -> 408  -> 433  -> 420  -> 406  -> 498  -> 434  -> 577  -> 509  -> 508  -> 552  -> 570  -> 436  -> 544  -> 452  -> 471  -> 413  -> 415  -> 522  -> 516  -> 515  -> 419  -> 460  -> 602  -> 609  -> 486  -> 469  -> 600  -> 589  -> 410  -> 565  -> 414  -> 461  -> 431  -> 430  -> 435  -> 458  -> 561  -> 513  -> 563  -> 418  -> 537  -> 567  -> 438  -> 547  -> 429  -> 491  -> 521  -> 411  -> 464  -> 427  -> 482  -> 444  -> 466  -> 481  -> 443  -> 511  -> 545  -> 542  -> 490  -> 463  -> 551  -> 492  -> 446  -> 475  -> 588  -> 580  -> 524  -> 559  -> 487  -> 517  -> 432  -> 
Charging time: 
0  + 0  + -202.67791612780164  + -0.5655964520118257  + 0  + -118.3115519307273  + -3.9717186009637917  + 0  + -0.08344376243748806  + 0  + -199.11467524453644  + -194.67689464903552  + 0  + 0  + -3.5037764564862086  + 0  + 0  + 0  + 0  + -1.2070624570323099  + 0  + 0  + 0  + 0  + 0  + 0  + 0  + 0  + -0.06453788631833463  + 0  + 0  + -179.86319371729883  + 0  + -2.6465807064384466  + 0  + 0  + 0  + 0  + -206.0308566168894  + 0  + 0  + 0  + 0  + 0  + 0  + -206.10328421456396  + 0  + -205.54504401182993  + -163.2533403855287  + 0  + -3.168684263465495  + -126.27688245984199  + 0  + 0  + -204.17475570323967  + -317.1555520761514  + 0  + 0  + -298.4721346888809  + 0  + 0  + 0  + 0  + 0  + 0  + -1.5429190264984873  + -3.9666500084325866  + 0  + 0  + 0  + 0  + 0  + 0  + 0  + 
Traveling energy: 6222.010506976297
Charging energy: -13211.885257232054
Total energy used: -6989.874750255757
Charging round duration: 3579.633455529886
ID | p | E0 | time_arrive | E_remain | time_charge | energy_charge| E_after_charge | E_after_cycle
[91m456 | 0.08 | -5525.09 | 183.53 | -5539.77 | 0.00 | 0.00 | -5539.77 | -7456.01[00m
[91m566 | 0.15 | -14851.62 | 347.07 | -14903.68 | 0.00 | 0.00 | -14903.68 | -18472.10[00m
502 | 0.07 | 11652.31 | 463.54 | 11619.86 | -202.68 | -1013.39 | 10620.66 | 8949.36
408 | 0.15 | 8947564.43 | 275.80 | 8947523.06 | -0.57 | -2.83 | 8947520.32 | 8943941.13
[91m433 | 0.12 | -8063.91 | 332.32 | -8103.79 | 0.00 | 0.00 | -8103.79 | -10960.30[00m
420 | 0.13 | 37071.18 | 433.35 | 37014.85 | -118.31 | -591.56 | 36438.67 | 33341.88
406 | 0.26 | 2208590.14 | 470.66 | 2208467.77 | -3.97 | -19.86 | 2208448.94 | 2202294.78
[91m498 | 0.11 | -6901.12 | 530.75 | -6959.50 | 0.00 | 0.00 | -6959.50 | -9556.14[00m
434 | 0.13 | 52561739.10 | 550.68 | 52561667.52 | -0.08 | -0.42 | 52561667.11 | 52558600.94
[91m577 | 0.15 | -14418.92 | 636.03 | -14514.32 | 0.00 | 0.00 | -14514.32 | -18039.40[00m
509 | 0.06 | 10166.42 | 678.24 | 10125.73 | -199.11 | -995.57 | 9142.10 | 7722.66
508 | 0.07 | 12131.20 | 626.57 | 12087.34 | -194.68 | -973.38 | 11127.59 | 9468.26
[91m552 | 0.23 | -26489.63 | 595.40 | -26626.57 | 0.00 | 0.00 | -26626.57 | -32041.03[00m
[91m570 | 0.22 | -23258.70 | 696.72 | -23411.97 | 0.00 | 0.00 | -23411.97 | -28568.73[00m
436 | 0.25 | 2407264.83 | 714.24 | 2407086.27 | -3.50 | -17.52 | 2407069.62 | 2401213.18
[91m544 | 0.28 | -30970.50 | 788.34 | -31191.24 | 0.00 | 0.00 | -31191.24 | -37728.73[00m
[91m452 | 0.25 | -28753.19 | 817.83 | -28957.65 | 0.00 | 0.00 | -28957.65 | -34787.32[00m
[91m471 | 0.25 | -27084.68 | 910.48 | -27312.30 | 0.00 | 0.00 | -27312.30 | -33118.81[00m
[91m413 | 0.18 | -18403.24 | 975.62 | -18578.86 | 0.00 | 0.00 | -18578.86 | -22747.82[00m
415 | 0.18 | 5031100.75 | 1038.37 | 5030913.85 | -1.21 | -6.04 | 5030908.03 | 5026750.14
[91m522 | 0.11 | -9158.12 | 1064.62 | -9275.23 | 0.00 | 0.00 | -9275.23 | -11813.14[00m
[91m516 | 0.21 | -22051.31 | 1127.14 | -22288.01 | 0.00 | 0.00 | -22288.01 | -27119.99[00m
[91m515 | 0.12 | -10000.74 | 1226.16 | -10147.87 | 0.00 | 0.00 | -10147.87 | -12897.12[00m
[91m419 | 0.12 | -11350.02 | 1308.37 | -11507.03 | 0.00 | 0.00 | -11507.03 | -14246.41[00m
[91m460 | 0.17 | -16238.08 | 1444.87 | -16483.71 | 0.00 | 0.00 | -16483.71 | -20341.29[00m
[91m602 | 0.23 | -22383.75 | 1591.91 | -22749.89 | 0.00 | 0.00 | -22749.89 | -27935.15[00m
[91m609 | 0.24 | -27296.88 | 1668.30 | -27697.27 | 0.00 | 0.00 | -27697.27 | -33089.65[00m
[91m486 | 0.15 | -15734.98 | 1762.72 | -15999.39 | 0.00 | 0.00 | -15999.39 | -19355.46[00m
469 | 0.09 | 47048742.87 | 1825.91 | 47048578.53 | -0.06 | -0.32 | 47048578.22 | 47046570.26
[91m600 | 0.24 | -24451.51 | 1899.79 | -24907.46 | 0.00 | 0.00 | -24907.46 | -30244.27[00m
[91m589 | 0.11 | -10251.05 | 2019.37 | -10473.18 | 0.00 | 0.00 | -10473.18 | -12906.07[00m
410 | 0.05 | 9378.81 | 2155.22 | 9271.05 | -179.86 | -899.32 | 8380.73 | 7272.67
[91m565 | 0.27 | -28948.52 | 2093.71 | -29513.82 | 0.00 | 0.00 | -29513.82 | -35465.38[00m
414 | 0.30 | 3824338.84 | 2229.95 | 3823669.86 | -2.65 | -13.23 | 3823657.42 | 3817084.65
[91m461 | 0.23 | -23632.81 | 2346.01 | -24172.39 | 0.00 | 0.00 | -24172.39 | -29184.21[00m
[91m431 | 0.22 | -23837.89 | 2429.52 | -24372.38 | 0.00 | 0.00 | -24372.38 | -29147.92[00m
[91m430 | 0.13 | -10071.59 | 2486.06 | -10394.78 | 0.00 | 0.00 | -10394.78 | -13209.34[00m
[91m435 | 0.29 | -31330.71 | 2527.71 | -32063.74 | 0.00 | 0.00 | -32063.74 | -38330.30[00m
458 | 0.06 | 9825.15 | 2627.73 | 9667.49 | -206.03 | -1030.15 | 8649.70 | 7346.80
[91m561 | 0.22 | -25663.12 | 2528.76 | -26219.44 | 0.00 | 0.00 | -26219.44 | -30973.15[00m
[91m513 | 0.09 | -6533.88 | 2591.51 | -6767.12 | 0.00 | 0.00 | -6767.12 | -8706.17[00m
[91m563 | 0.07 | -2159.05 | 2665.07 | -2345.61 | 0.00 | 0.00 | -2345.61 | -3848.61[00m
[91m418 | 0.18 | -17069.95 | 2704.06 | -17556.68 | 0.00 | 0.00 | -17556.68 | -21414.53[00m
[91m537 | 0.13 | -12006.20 | 2782.21 | -12367.88 | 0.00 | 0.00 | -12367.88 | -15143.95[00m
[91m567 | 0.11 | -6715.99 | 2950.16 | -7040.51 | 0.00 | 0.00 | -7040.51 | -9371.01[00m
438 | 0.06 | 9821.70 | 3105.94 | 9635.34 | -206.10 | -1030.52 | 8617.19 | 7342.99
[91m547 | 0.22 | -20918.53 | 2972.86 | -21572.56 | 0.00 | 0.00 | -21572.56 | -26228.57[00m
429 | 0.06 | 9848.37 | 3030.81 | 9666.52 | -205.55 | -1027.73 | 8651.13 | 7372.46
491 | 0.06 | 12399.65 | 2899.08 | 12225.71 | -163.25 | -816.27 | 11419.23 | 10135.19
[91m521 | 0.18 | -18014.52 | 2773.44 | -18513.74 | 0.00 | 0.00 | -18513.74 | -22359.10[00m
411 | 0.24 | 2555362.56 | 2853.32 | 2554677.76 | -3.17 | -15.84 | 2554662.68 | 2549553.94
464 | 0.15 | 40076.30 | 2940.52 | 39635.23 | -126.28 | -631.38 | 39022.78 | 35824.44
[91m427 | 0.25 | -30025.55 | 2864.61 | -30741.71 | 0.00 | 0.00 | -30741.71 | -36059.69[00m
[91m482 | 0.30 | -34940.21 | 2905.99 | -35812.01 | 0.00 | 0.00 | -35812.01 | -42181.17[00m
444 | 0.12 | 19828.94 | 2938.84 | 19476.28 | -204.17 | -1020.87 | 18479.90 | 15911.68
466 | 0.10 | 10637.70 | 2818.99 | 10355.81 | -317.16 | -1585.78 | 8801.74 | 6638.27
[91m481 | 0.11 | -7397.94 | 2595.01 | -7683.39 | 0.00 | 0.00 | -7683.39 | -10052.96[00m
[91m443 | 0.10 | -4095.42 | 2615.65 | -4356.98 | 0.00 | 0.00 | -4356.98 | -6509.07[00m
511 | 0.11 | 12433.95 | 2724.36 | 12134.27 | -298.47 | -1492.36 | 10674.74 | 8286.57
[91m545 | 0.20 | -19585.33 | 2488.44 | -20083.02 | 0.00 | 0.00 | -20083.02 | -24412.63[00m
[91m542 | 0.20 | -19650.12 | 2636.87 | -20177.49 | 0.00 | 0.00 | -20177.49 | -24477.42[00m
[91m490 | 0.12 | -7611.11 | 2672.91 | -7931.86 | 0.00 | 0.00 | -7931.86 | -10507.49[00m
[91m463 | 0.27 | -28842.87 | 2802.86 | -29599.64 | 0.00 | 0.00 | -29599.64 | -35359.73[00m
[91m551 | 0.10 | -4062.38 | 2819.46 | -4344.32 | 0.00 | 0.00 | -4344.32 | -6476.03[00m
[91m492 | 0.15 | -14629.76 | 2946.68 | -15071.77 | 0.00 | 0.00 | -15071.77 | -18250.24[00m
446 | 0.29 | 6341253.50 | 2971.40 | 6340391.80 | -1.54 | -7.71 | 6340384.53 | 6334246.19
475 | 0.27 | 2296466.60 | 3049.26 | 2295643.30 | -3.97 | -19.83 | 2295624.54 | 2289929.90
[91m588 | 0.10 | -8736.11 | 3127.67 | -9048.88 | 0.00 | 0.00 | -9048.88 | -11149.77[00m
[91m580 | 0.17 | -16479.59 | 3217.36 | -17026.54 | 0.00 | 0.00 | -17026.54 | -20582.80[00m
[91m524 | 0.21 | -21131.18 | 3231.66 | -21809.82 | 0.00 | 0.00 | -21809.82 | -26199.85[00m
[91m559 | 0.12 | -9396.81 | 3275.63 | -9789.89 | 0.00 | 0.00 | -9789.89 | -12293.20[00m
[91m487 | 0.28 | -30815.66 | 3361.94 | -31757.00 | 0.00 | 0.00 | -31757.00 | -37573.89[00m
[91m517 | 0.10 | -5769.57 | 3398.41 | -6109.42 | 0.00 | 0.00 | -6109.42 | -8183.23[00m
[91m432 | 0.11 | -7890.83 | 3486.08 | -8274.30 | 0.00 | 0.00 | -8274.30 | -10545.85[00m
[91m407 | 0.17 | -15976.50 | -20079.71[00m
[91m409 | 0.22 | -25670.77 | -30980.80[00m
[91m412 | 0.24 | -27182.49 | -32975.25[00m
[91m416 | 0.13 | -13243.32 | -16381.06[00m
[91m417 | 0.30 | -35114.67 | -42355.63[00m
[91m421 | 0.14 | -12409.20 | -15788.31[00m
422 | 0.11 | 15910.45 | 13255.43
[91m423 | 0.22 | -25900.25 | -31210.29[00m
424 | 0.12 | 12176.23 | 9279.85
[91m425 | 0.15 | -14604.58 | -18225.06[00m
[91m426 | 0.18 | -19878.64 | -24223.21[00m
[91m428 | 0.20 | -20258.01 | -25085.32[00m
[91m437 | 0.19 | -18202.38 | -22788.32[00m
[91m439 | 0.21 | -21681.11 | -26749.79[00m
[91m440 | 0.23 | -25708.73 | -31260.13[00m
[91m441 | 0.27 | -28176.03 | -34692.89[00m
[91m442 | 0.28 | -33612.92 | -40371.15[00m
445 | 0.14 | 14114.85 | 10735.74
447 | 0.10 | 13743.48 | 11329.82
[91m448 | 0.10 | -8096.92 | -10510.57[00m
[91m449 | 0.12 | -11108.10 | -14004.48[00m
[91m450 | 0.12 | -10400.76 | -13297.14[00m
[91m451 | 0.17 | -15459.38 | -19562.59[00m
[91m453 | 0.14 | -11023.78 | -14402.89[00m
[91m454 | 0.25 | -27804.54 | -33838.67[00m
[91m455 | 0.10 | -7437.51 | -9851.16[00m
[91m457 | 0.27 | -30948.71 | -37465.57[00m
[91m459 | 0.28 | -31942.76 | -38700.98[00m
[91m462 | 0.29 | -35086.75 | -42086.34[00m
[91m465 | 0.18 | -17573.37 | -21917.94[00m
[91m467 | 0.11 | -8439.33 | -11094.35[00m
[91m468 | 0.22 | -23297.14 | -28607.18[00m
[91m470 | 0.27 | -33956.05 | -40472.91[00m
[91m472 | 0.09 | -4921.66 | -7093.95[00m
[91m473 | 0.22 | -21672.54 | -26982.57[00m
[91m474 | 0.17 | -13906.12 | -18009.33[00m
[91m476 | 0.11 | -7486.45 | -10141.47[00m
[91m477 | 0.30 | -33482.96 | -40723.92[00m
478 | 0.06 | 13357.67 | 11909.48
[91m479 | 0.16 | -17527.15 | -21388.99[00m
[91m480 | 0.20 | -19601.50 | -24428.80[00m
483 | 0.08 | 10173.62 | 8242.70
[91m484 | 0.29 | -34774.57 | -41774.17[00m
[91m485 | 0.19 | -20068.81 | -24654.75[00m
[91m488 | 0.08 | -4065.76 | -5996.68[00m
[91m489 | 0.22 | -25117.20 | -30427.23[00m
[91m493 | 0.30 | -37129.32 | -44370.28[00m
[91m494 | 0.14 | -11691.07 | -15070.18[00m
[91m495 | 0.18 | -18705.33 | -23049.90[00m
[91m496 | 0.09 | -5303.75 | -7476.03[00m
[91m497 | 0.16 | -14724.49 | -18586.33[00m
[91m499 | 0.19 | -20400.32 | -24986.26[00m
[91m500 | 0.21 | -24109.90 | -29178.57[00m
[91m501 | 0.25 | -29516.71 | -35550.84[00m
[91m503 | 0.14 | -11485.88 | -14864.99[00m
[91m504 | 0.16 | -15734.16 | -19596.01[00m
[91m505 | 0.10 | -8402.16 | -10815.82[00m
[91m506 | 0.08 | -5983.84 | -7914.76[00m
[91m507 | 0.09 | -4724.89 | -6897.18[00m
[91m510 | 0.21 | -23885.21 | -28953.88[00m
[91m512 | 0.29 | -32271.50 | -39271.09[00m
[91m514 | 0.23 | -22139.08 | -27690.48[00m
[91m518 | 0.13 | -7943.58 | -11081.33[00m
[91m519 | 0.24 | -25674.93 | -31467.70[00m
[91m520 | 0.09 | -5542.50 | -7714.78[00m
[91m523 | 0.09 | -7466.58 | -9638.86[00m
[91m525 | 0.26 | -29601.52 | -35877.01[00m
[91m526 | 0.21 | -24483.08 | -29551.75[00m
[91m527 | 0.12 | -10272.42 | -13168.80[00m
[91m528 | 0.20 | -23096.98 | -27924.29[00m
[91m529 | 0.08 | -5314.00 | -7244.92[00m
[91m530 | 0.18 | -15225.47 | -19570.05[00m
[91m531 | 0.30 | -35655.20 | -42896.15[00m
[91m532 | 0.23 | -25022.15 | -30573.55[00m
[91m533 | 0.14 | -9685.66 | -13064.78[00m
[91m534 | 0.13 | -10346069.84 | -10349207.59[00m
[91m535 | 0.11 | -16148860.29 | -16151515.31[00m
[91m536 | 0.08 | -429480.60 | -431411.52[00m
[91m538 | 0.28 | -30203.36 | -36961.59[00m
[91m539 | 0.19 | -19937.11 | -24523.05[00m
[91m540 | 0.22 | -26149.24 | -31459.28[00m
[91m541 | 0.29 | -34736.63 | -41736.22[00m
[91m543 | 0.11 | -9986.49 | -12641.51[00m
[91m546 | 0.23 | -22498.41 | -28049.82[00m
[91m548 | 0.06 | -713.35 | -2161.54[00m
[91m549 | 0.21 | -21318.20 | -26386.87[00m
[91m550 | 0.15 | -15156.58 | -18777.06[00m
[91m553 | 0.27 | -29463.69 | -35980.56[00m
[91m554 | 0.15 | -15108.43 | -18728.91[00m
[91m555 | 0.26 | -29871.49 | -36146.98[00m
[91m556 | 0.20 | -19491.26 | -24318.56[00m
557 | 0.05 | 10018.08 | 8811.26
[91m558 | 0.22 | -21134.11 | -26444.15[00m
[91m560 | 0.19 | -21202.32 | -25788.26[00m
[91m562 | 0.26 | -28025.00 | -34300.50[00m
[91m564 | 0.14 | -12891.87 | -16270.99[00m
[91m568 | 0.21 | -22232.66 | -27301.33[00m
[91m569 | 0.26 | -29620.79 | -35896.29[00m
[91m571 | 0.13 | -17743894.23 | -17747031.97[00m
[91m572 | 0.12 | -6469.85 | -9366.24[00m
[91m573 | 0.27 | -32111.33 | -38628.19[00m
[91m574 | 0.13 | -12353.77 | -15491.52[00m
[91m575 | 0.30 | -38169.03 | -45409.99[00m
[91m576 | 0.23 | -25642.55 | -31193.95[00m
[91m578 | 0.18 | -16916.05 | -21260.63[00m
[91m579 | 0.16 | -12479.23 | -16341.08[00m
[91m581 | 0.29 | -35832.70 | -42832.29[00m
[91m582 | 0.21 | -24604.68 | -29673.35[00m
[91m583 | 0.11 | -7509.09 | -10164.11[00m
[91m584 | 0.11 | -10429.05 | -13084.07[00m
[91m585 | 0.21 | -24185.98 | -29254.65[00m
[91m586 | 0.20 | -18542.10 | -23369.41[00m
[91m587 | 0.05 | -1953.49 | -3160.32[00m
[91m590 | 0.20 | -20094.46 | -24921.77[00m
[91m591 | 0.08 | -2725.13 | -4656.05[00m
[91m592 | 0.09 | -6547.13 | -8719.42[00m
[91m593 | 0.23 | -25125.57 | -30676.97[00m
[91m594 | 0.21 | -21118.47 | -26187.14[00m
[91m595 | 0.16 | -15667.17 | -19529.01[00m
[91m596 | 0.27 | -33727.46 | -40244.33[00m
[91m597 | 0.18 | -19118.02 | -23462.60[00m
[91m598 | 0.20 | -20383.61 | -25210.91[00m
[91m599 | 0.15 | -15815.93 | -19436.41[00m
[91m601 | 0.10 | -7207.71 | -9621.36[00m
[91m603 | 0.23 | -27250.94 | -32802.34[00m
[91m604 | 0.23 | -26139.63 | -31691.03[00m
[91m605 | 0.23 | -23816.56 | -29367.96[00m
[91m606 | 0.27 | -29256.37 | -35773.24[00m
[91m607 | 0.25 | -30113.49 | -36147.62[00m
[91m608 | 0.30 | -32769.23 | -40010.19[00m
[91m610 | 0.19 | -22382.50 | -26968.44[00m
Vehicle 3
Charging tour: 
624  -> 686  -> 667  -> 707  -> 704  -> 614  -> 619  -> 720  -> 636  -> 625  -> 646  -> 729  -> 741  -> 775  -> 668  -> 652  -> 730  -> 650  -> 740  -> 728  -> 710  -> 626  -> 675  -> 722  -> 701  -> 685  -> 708  -> 723  -> 643  -> 647  -> 718  -> 727  -> 611  -> 742  -> 780  -> 693  -> 712  -> 621  -> 792  -> 737  -> 691  -> 705  -> 682  -> 638  -> 656  -> 661  -> 692  -> 637  -> 673  -> 672  -> 739  -> 627  -> 695  -> 662  -> 657  -> 628  -> 732  -> 618  -> 762  -> 699  -> 769  -> 735  -> 676  -> 785  -> 635  -> 680  -> 632  -> 655  -> 630  -> 721  -> 683  -> 649  -> 763  -> 698  -> 617  -> 697  -> 703  -> 788  -> 
Charging time: 
0  + 0  + 0  + 0  + 0  + 3.5051523102765016e-05  + 0.030845226004487455  + 0  + 0.015615564673534303  + 0  + 0  + 0  + 0  + 0  + 0.03960781749409081  + 0  + 0  + 0.02060173983473653  + 0  + 0  + 0  + 0  + 0.013597421469897265  + 0  + 0  + 0.006622010620927821  + 0  + 0  + 0  + 0.025751812735629907  + 0  + 0  + 0  + 0  + 0  + 0.03602924992364045  + 0  + 0  + 0  + 0  + 0.04215498043980679  + 0  + 0  + 0  + 0  + 0.038700997232429424  + 0  + 0  + 0  + 0.03792930536458193  + 0  + 0  + 0.04436408154036297  + 0.033413878094936865  + 0.03351375379761274  + 0  + 0  + 0  + 42.581036349821176  + 0  + 0  + 0  + 0.02656933745583456  + 0  + 0  + 0.017580877967095457  + 0  + 0.018593458999885744  + 0  + 0  + 0  + 0  + 0  + 0  + 0.0001423832254704241  + 0.03993867610730254  + 0  + 0  + 
Traveling energy: 6556.511781773841
Charging energy: 215.51321987163274
Total energy used: 6772.025001645474
Charging round duration: 6599.614425748167
ID | p | E0 | time_arrive | E_remain | time_charge | energy_charge| E_after_charge | E_after_cycle
[91m624 | 0.10 | -3628.08 | 23.08 | -3630.39 | 0.00 | 0.00 | -3630.39 | -6041.73[00m
[91m686 | 0.22 | -22262.39 | 83.48 | -22280.75 | 0.00 | 0.00 | -22280.75 | -27572.42[00m
[91m667 | 0.05 | -1019.09 | 106.01 | -1024.39 | 0.00 | 0.00 | -1024.39 | -2225.91[00m
[91m707 | 0.14 | -13179.06 | 247.45 | -13213.70 | 0.00 | 0.00 | -13213.70 | -16558.17[00m
[91m704 | 0.25 | -25807.33 | 339.84 | -25892.29 | 0.00 | 0.00 | -25892.29 | -31841.46[00m
614 | 0.11 | 5026386004.78 | 426.47 | 5026385957.87 | 0.00 | 0.00 | 5026385957.87 | 5026383349.76
619 | 0.22 | 11423646.90 | 480.66 | 11423541.15 | 0.03 | 0.15 | 11423541.30 | 11418337.01
[91m720 | 0.10 | -6109.37 | 546.67 | -6164.04 | 0.00 | 0.00 | -6164.04 | -8523.02[00m
636 | 0.20 | 20513622.01 | 593.13 | 20513503.39 | 0.02 | 0.08 | 20513503.46 | 20508794.78
[91m625 | 0.14 | -11508.21 | 724.11 | -11609.58 | 0.00 | 0.00 | -11609.58 | -14887.32[00m
[91m646 | 0.14 | -14388.56 | 832.86 | -14505.16 | 0.00 | 0.00 | -14505.16 | -17767.67[00m
[91m729 | 0.23 | -22858.71 | 897.03 | -23065.02 | 0.00 | 0.00 | -23065.02 | -28410.11[00m
[91m741 | 0.10 | -7224.72 | 930.69 | -7317.79 | 0.00 | 0.00 | -7317.79 | -9638.38[00m
[91m775 | 0.06 | -624.21 | 1059.26 | -687.76 | 0.00 | 0.00 | -687.76 | -2072.40[00m
668 | 0.24 | 9705108.08 | 1193.62 | 9704821.61 | 0.04 | 0.20 | 9704821.80 | 9699315.51
[91m652 | 0.06 | -2274.53 | 1323.66 | -2353.95 | 0.00 | 0.00 | -2353.95 | -3722.72[00m
[91m730 | 0.21 | -21888.73 | 1373.07 | -22177.08 | 0.00 | 0.00 | -22177.08 | -26957.40[00m
650 | 0.17 | 13216457.67 | 1413.17 | 13216217.43 | 0.02 | 0.10 | 13216217.53 | 13212354.57
[91m740 | 0.18 | -19628.84 | 1598.08 | -19916.49 | 0.00 | 0.00 | -19916.49 | -23973.41[00m
[91m728 | 0.28 | -32300.67 | 1724.10 | -32783.42 | 0.00 | 0.00 | -32783.42 | -39058.90[00m
[91m710 | 0.07 | 5.92 | 1743.96 | -116.16 | 0.00 | 0.00 | -116.16 | -1683.64[00m
[91m626 | 0.10 | -5160.50 | 1852.15 | -5345.72 | 0.00 | 0.00 | -5345.72 | -7574.16[00m
675 | 0.19 | 22380361.04 | 1982.51 | 22379984.36 | 0.01 | 0.07 | 22379984.42 | 22375775.16
[91m722 | 0.12 | -7045.89 | 2025.10 | -7288.90 | 0.00 | 0.00 | -7288.90 | -9942.27[00m
[91m701 | 0.06 | -3345.30 | 2130.12 | -3473.10 | 0.00 | 0.00 | -3473.10 | -4793.49[00m
685 | 0.18 | 43536416.45 | 2274.37 | 43536007.06 | 0.01 | 0.03 | 43536007.09 | 43532071.90
[91m708 | 0.28 | -32058.76 | 2407.13 | -32732.76 | 0.00 | 0.00 | -32732.76 | -38816.99[00m
[91m723 | 0.16 | -15971.91 | 2573.69 | -16383.70 | 0.00 | 0.00 | -16383.70 | -19833.75[00m
[91m643 | 0.25 | -28186.25 | 2612.54 | -28839.39 | 0.00 | 0.00 | -28839.39 | -34220.39[00m
647 | 0.23 | 14305072.95 | 2708.53 | 14304449.99 | 0.03 | 0.13 | 14304450.11 | 14299521.68
[91m718 | 0.07 | -4637.96 | 2770.65 | -4831.91 | 0.00 | 0.00 | -4831.91 | -6327.52[00m
[91m727 | 0.22 | -25217.54 | 2827.39 | -25839.57 | 0.00 | 0.00 | -25839.57 | -30527.58[00m
[91m611 | 0.06 | -3121.79 | 2867.09 | -3293.82 | 0.00 | 0.00 | -3293.82 | -4569.98[00m
[91m742 | 0.21 | -24289.18 | 2923.46 | -24903.10 | 0.00 | 0.00 | -24903.10 | -29357.85[00m
[91m780 | 0.08 | -2804.94 | 3042.56 | -3048.35 | 0.00 | 0.00 | -3048.35 | -4735.86[00m
693 | 0.27 | 12002690.01 | 3103.29 | 12001852.12 | 0.04 | 0.18 | 12001852.29 | 11996173.33
[91m712 | 0.19 | -18781.44 | 3237.92 | -19396.65 | 0.00 | 0.00 | -19396.65 | -23367.39[00m
[91m621 | 0.12 | -8143.05 | 3305.19 | -8539.67 | 0.00 | 0.00 | -8539.67 | -11039.44[00m
[91m792 | 0.20 | -20983.32 | 3437.94 | -21670.91 | 0.00 | 0.00 | -21670.91 | -25810.63[00m
[91m737 | 0.07 | -3870.86 | 3521.17 | -4117.34 | 0.00 | 0.00 | -4117.34 | -5560.42[00m
691 | 0.27 | 10258524.94 | 3578.19 | 10257558.83 | 0.04 | 0.21 | 10257559.03 | 10252008.29
[91m705 | 0.08 | -5508.92 | 3642.59 | -5800.33 | 0.00 | 0.00 | -5800.33 | -7439.84[00m
[91m682 | 0.17 | -16663.51 | 3694.14 | -17291.51 | 0.00 | 0.00 | -17291.51 | -20766.72[00m
[91m638 | 0.19 | -16821.14 | 3714.93 | -17526.98 | 0.00 | 0.00 | -17526.98 | -21407.08[00m
[91m656 | 0.11 | -9414.00 | 3817.18 | -9833.89 | 0.00 | 0.00 | -9833.89 | -12069.02[00m
661 | 0.24 | 9932512.78 | 3917.28 | 9931572.63 | 0.04 | 0.19 | 9931572.81 | 9926720.20
[91m692 | 0.10 | -4450.55 | 3984.94 | -4849.04 | 0.00 | 0.00 | -4849.04 | -6864.20[00m
[91m637 | 0.13 | -8617.79 | 4006.38 | -9138.62 | 0.00 | 0.00 | -9138.62 | -11755.54[00m
[91m673 | 0.19 | -21511.00 | 4124.36 | -22294.63 | 0.00 | 0.00 | -22294.63 | -26096.94[00m
672 | 0.23 | 9712320.23 | 4222.02 | 9711349.17 | 0.04 | 0.19 | 9711349.35 | 9706769.02
[91m739 | 0.15 | -11591.57 | 4306.06 | -12237.48 | 0.00 | 0.00 | -12237.48 | -15212.05[00m
[91m627 | 0.13 | -13347.24 | 4312.17 | -13907.82 | 0.00 | 0.00 | -13907.82 | -16484.99[00m
695 | 0.28 | 10108729.68 | 4388.22 | 10107500.98 | 0.04 | 0.22 | 10107501.19 | 10101971.67
662 | 0.22 | 10545467.64 | 4461.63 | 10544486.09 | 0.03 | 0.17 | 10544486.25 | 10540157.78
657 | 0.21 | 10036129.73 | 4555.60 | 10035173.05 | 0.03 | 0.17 | 10035173.21 | 10031061.22
[91m628 | 0.26 | -29475.44 | 4653.79 | -30685.43 | 0.00 | 0.00 | -30685.43 | -35750.94[00m
[91m732 | 0.07 | -3941.60 | 4707.87 | -4271.16 | 0.00 | 0.00 | -4271.16 | -5631.16[00m
[91m618 | 0.24 | -25050.97 | 4795.08 | -26201.79 | 0.00 | 0.00 | -26201.79 | -30843.74[00m
762 | 0.05 | 1880.72 | 4835.01 | 1638.97 | 42.58 | 212.91 | 1849.74 | 886.80
[91m699 | 0.16 | -12471.16 | 5059.66 | -13280.71 | 0.00 | 0.00 | -13280.71 | -16333.01[00m
[91m769 | 0.21 | -21036.02 | 5109.28 | -22108.97 | 0.00 | 0.00 | -22108.97 | -26104.69[00m
[91m735 | 0.25 | -29766.36 | 5243.50 | -31077.24 | 0.00 | 0.00 | -31077.24 | -35800.50[00m
676 | 0.25 | 15070557.92 | 5416.72 | 15069203.74 | 0.03 | 0.13 | 15069203.87 | 15064523.92
[91m785 | 0.28 | -32408.31 | 5498.83 | -33947.98 | 0.00 | 0.00 | -33947.98 | -39166.54[00m
[91m635 | 0.21 | -23556.75 | 5576.99 | -24727.91 | 0.00 | 0.00 | -24727.91 | -28625.42[00m
680 | 0.22 | 20042512.72 | 5650.51 | 20041269.61 | 0.02 | 0.09 | 20041269.69 | 20037202.77
[91m632 | 0.20 | -20886.15 | 5692.02 | -22024.56 | 0.00 | 0.00 | -22024.56 | -25713.46[00m
655 | 0.21 | 18089607.79 | 5778.71 | 18088394.26 | 0.02 | 0.09 | 18088394.35 | 18084539.21
[91m630 | 0.08 | -5559.38 | 5903.43 | -6031.66 | 0.00 | 0.00 | -6031.66 | -7490.31[00m
[91m721 | 0.11 | -5939.64 | 5970.21 | -6596.36 | 0.00 | 0.00 | -6596.36 | -8594.65[00m
[91m683 | 0.06 | -9360.96 | 6007.17 | -9721.39 | 0.00 | 0.00 | -9721.39 | -10809.15[00m
[91m649 | 0.07 | -1196.28 | 6075.79 | -1621.59 | 0.00 | 0.00 | -1621.59 | -2885.84[00m
[91m763 | 0.18 | -17153.20 | 6152.17 | -18260.59 | 0.00 | 0.00 | -18260.59 | -21497.77[00m
[91m698 | 0.18 | -18388.78 | 6197.50 | -19504.33 | 0.00 | 0.00 | -19504.33 | -22733.36[00m
617 | 0.29 | 3262189739.92 | 6273.18 | 3262187920.70 | 0.00 | 0.00 | 3262187920.70 | 3262182740.33
697 | 0.23 | 9223679.80 | 6385.69 | 9222211.09 | 0.04 | 0.20 | 9222211.28 | 9218128.59
[91m703 | 0.11 | -10111.39 | 6409.23 | -10816.40 | 0.00 | 0.00 | -10816.40 | -12766.40[00m
[91m788 | 0.18 | -16251.37 | 6438.86 | -17410.36 | 0.00 | 0.00 | -17410.36 | -20595.94[00m
[91m612 | 0.10 | -8132.53 | -10546.18[00m
[91m613 | 0.06 | -10465.79 | -11913.98[00m
[91m615 | 0.07 | -5661.70 | -7351.25[00m
[91m616 | 0.24 | -26977.04 | -32769.81[00m
[91m620 | 0.13 | -10909.98 | -14047.73[00m
[91m622 | 0.19 | -16743.44 | -21329.38[00m
[91m623 | 0.09 | -5076.83 | -7249.11[00m
[91m629 | 0.06 | -5310.36 | -6758.55[00m
[91m631 | 0.17 | -16164.95 | -20268.16[00m
[91m633 | 0.11 | -9738.79 | -12393.81[00m
[91m634 | 0.13 | -9835.97 | -12973.72[00m
[91m639 | 0.23 | -25037.63 | -30589.03[00m
[91m640 | 0.15 | -15407.36 | -19027.84[00m
[91m641 | 0.29 | -31140.74 | -38140.33[00m
[91m642 | 0.23 | -23750.52 | -29301.92[00m
[91m644 | 0.13 | -10809.36 | -13947.10[00m
[91m645 | 0.08 | -4458.12 | -6389.04[00m
[91m648 | 0.11 | -7466.59 | -10121.61[00m
[91m651 | 0.19 | -17421.33 | -22007.27[00m
[91m653 | 0.25 | -28413.87 | -34448.00[00m
[91m654 | 0.17 | -15372.36 | -19475.57[00m
[91m658 | 0.28 | -33945.09 | -40703.32[00m
[91m659 | 0.30 | -34754.59 | -41995.55[00m
[91m660 | 0.19 | -16327.30 | -20913.24[00m
[91m663 | 0.13 | -7804.88 | -10942.63[00m
[91m664 | 0.26 | -32050.86 | -38326.36[00m
[91m665 | 0.30 | -35403.03 | -42643.99[00m
[91m666 | 0.12 | -6988.39 | -9884.77[00m
[91m669 | 0.25 | -25192.04 | -31226.17[00m
[91m670 | 0.26 | -26760.85 | -33036.35[00m
[91m671 | 0.06 | -2099.15 | -3547.35[00m
[91m674 | 0.11 | -9940.57 | -12595.59[00m
[91m677 | 0.18 | -17120.90 | -21465.47[00m
[91m678 | 0.15 | -14904.69 | -18525.17[00m
[91m679 | 0.12 | -8077.39 | -10973.77[00m
[91m681 | 0.16 | -17270.75 | -21132.59[00m
[91m684 | 0.25 | -27020.90 | -33055.04[00m
[91m687 | 0.10 | -5984.49 | -8398.14[00m
[91m688 | 0.26 | -30371.47 | -36646.96[00m
[91m689 | 0.29 | -32156.82 | -39156.42[00m
[91m690 | 0.21 | -24372.01 | -29440.68[00m
[91m694 | 0.26 | -27005.65 | -33281.15[00m
[91m696 | 0.06 | -3865.68 | -5313.88[00m
[91m700 | 0.29 | -36793.90 | -43793.49[00m
[91m702 | 0.14 | -14425.78 | -17804.89[00m
[91m706 | 0.09 | -4460.28 | -6632.57[00m
[91m709 | 0.14 | -14075.24 | -17454.35[00m
[91m711 | 0.22 | -24757.28 | -30067.31[00m
[91m713 | 0.19 | -19577.76 | -24163.70[00m
[91m714 | 0.19 | -21127.24 | -25713.18[00m
[91m715 | 0.18 | -18071.98 | -22416.55[00m
[91m716 | 0.17 | -18341.08 | -22444.29[00m
[91m717 | 0.06 | -2223.36 | -3671.55[00m
[91m719 | 0.25 | -28290.38 | -34324.52[00m
[91m724 | 0.11 | -8886.90 | -11541.92[00m
[91m725 | 0.11 | -8823.41 | -11478.43[00m
[91m726 | 0.21 | -22981.11 | -28049.78[00m
[91m731 | 0.21 | -21396.13 | -26464.80[00m
[91m733 | 0.25 | -25792.52 | -31826.66[00m
[91m734 | 0.28 | -30373.32 | -37131.55[00m
[91m736 | 0.09 | -5164.49 | -7336.78[00m
[91m738 | 0.14 | -11309.70 | -14688.82[00m
[91m743 | 0.07 | -6566557.41 | -6568246.96[00m
[91m744 | 0.10 | -55471782.47 | -55474196.12[00m
[91m745 | 0.10 | -61709655.85 | -61712069.50[00m
[91m746 | 0.13 | -72984903.08 | -72988040.83[00m
[91m747 | 0.10 | -61111168.71 | -61113582.36[00m
[91m748 | 0.14 | -1570999410.94 | -1571002790.05[00m
[91m749 | 0.11 | -24520298.27 | -24522953.29[00m
[91m750 | 0.08 | -15522610.54 | -15524541.46[00m
[91m751 | 0.14 | -132872539.97 | -132875919.09[00m
[91m752 | 0.13 | -406439852.52 | -406442990.27[00m
[91m753 | 0.10 | -13841630.33 | -13844043.98[00m
[91m754 | 0.07 | -17949426.26 | -17951115.82[00m
[91m755 | 0.06 | 337.21 | -1110.99[00m
[91m756 | 0.24 | -25148.44 | -30941.21[00m
[91m757 | 0.30 | -34690.51 | -41931.46[00m
[91m758 | 0.16 | -14691.10 | -18552.94[00m
[91m759 | 0.23 | -24336.53 | -29887.93[00m
[91m760 | 0.11 | -7757.56 | -10412.58[00m
[91m761 | 0.19 | -18810.43 | -23396.37[00m
[91m764 | 0.16 | -17087.21 | -20949.06[00m
[91m765 | 0.15 | -15555.88 | -19176.36[00m
[91m766 | 0.16 | -17319.77 | -21181.61[00m
[91m767 | 0.21 | -20744.88 | -25813.55[00m
[91m768 | 0.21 | -21057.20 | -26125.87[00m
[91m770 | 0.13 | -8543.39 | -11681.14[00m
[91m771 | 0.25 | -30455.40 | -36489.53[00m
[91m772 | 0.29 | -34367.19 | -41366.78[00m
[91m773 | 0.12 | -8057.22 | -10953.61[00m
[91m774 | 0.19 | -21036.45 | -25622.39[00m
[91m776 | 0.14 | -11724.50 | -15103.61[00m
[91m777 | 0.15 | -13374.64 | -16995.12[00m
[91m778 | 0.25 | -27771.46 | -33805.59[00m
[91m779 | 0.18 | -18705.03 | -23049.60[00m
[91m781 | 0.20 | -22157.31 | -26984.61[00m
[91m782 | 0.11 | -8766305.02 | -8768960.04[00m
[91m783 | 0.09 | -7010.94 | -9183.23[00m
[91m784 | 0.10 | -8894.83 | -11308.48[00m
[91m786 | 0.13 | -10092.25 | -13230.00[00m
[91m787 | 0.16 | -14204.66 | -18066.50[00m
[91m789 | 0.15 | -11422.44 | -15042.92[00m
[91m790 | 0.24 | -26679.38 | -32472.14[00m
[91m791 | 0.11 | -9097.51 | -11752.53[00m
[91m793 | 0.25 | -30494.61 | -36528.74[00m
Vehicle 4
Charging tour: 
794  -> 835  -> 993  -> 795  -> 965  -> 874  -> 870  -> 877  -> 800  -> 995  -> 938  -> 844  -> 821  -> 869  -> 990  -> 932  -> 859  -> 900  -> 973  -> 851  -> 827  -> 805  -> 978  -> 881  -> 975  -> 948  -> 862  -> 986  -> 814  -> 799  -> 906  -> 925  -> 922  -> 949  -> 919  -> 946  -> 941  -> 936  -> 847  -> 807  -> 815  -> 828  -> 943  -> 915  -> 885  -> 840  -> 997  -> 868  -> 806  -> 846  -> 825  -> 945  -> 802  -> 954  -> 951  -> 991  -> 998  -> 904  -> 819  -> 918  -> 864  -> 913  -> 850  -> 982  -> 808  -> 
Charging time: 
-0.033215785399008026  + 0  + 0  + 0  + 0  + 0  + 0  + 0  + 0  + 0  + 0  + 0  + 0  + 0  + 0  + 0  + -3.0208601727791793  + 0  + 0  + -3.2768989622831373  + -0.12403966585658523  + 0  + 0  + 0  + 0  + 0  + 0  + 0  + 0  + 0  + 0  + 0  + 0  + 0  + 0  + 0  + 0  + 0  + 0  + 0  + 0  + 0  + 0  + 0  + 0  + -4.9016122984818375  + 0  + -672.7712627084992  + -0.057672727243791716  + 0  + 0  + 0  + 0  + 0  + 0  + 0  + 0  + 0  + 0  + 0  + -0.0013958353208978946  + 0  + 0  + 0  + 0  + 
Traveling energy: 5862.902900113671
Charging energy: -3420.934790779318
Total energy used: 2441.9681093343534
Charging round duration: 5178.715941957807
ID | p | E0 | time_arrive | E_remain | time_charge | energy_charge| E_after_charge | E_after_cycle
794 | 0.15 | 156884299.56 | 166.94 | 156884274.52 | -0.03 | -0.17 | 156884274.36 | 156880678.92
[91m835 | 0.25 | -29474.58 | 253.06 | -29537.85 | 0.00 | 0.00 | -29537.85 | -35508.71[00m
[91m993 | 0.10 | -5644.23 | 276.18 | -5671.84 | 0.00 | 0.00 | -5671.84 | -8057.88[00m
[91m795 | 0.17 | -17685.70 | 322.95 | -17740.60 | 0.00 | 0.00 | -17740.60 | -21788.91[00m
[91m965 | 0.29 | -34050.64 | 365.10 | -34156.52 | 0.00 | 0.00 | -34156.52 | -41050.24[00m
[91m874 | 0.25 | -29063.62 | 523.76 | -29194.56 | 0.00 | 0.00 | -29194.56 | -35097.75[00m
[91m870 | 0.15 | -13149.06 | 658.50 | -13247.83 | 0.00 | 0.00 | -13247.83 | -16769.54[00m
[91m877 | 0.15 | -14499.58 | 710.69 | -14606.18 | 0.00 | 0.00 | -14606.18 | -18120.06[00m
[91m800 | 0.06 | -2045.35 | 894.35 | -2099.01 | 0.00 | 0.00 | -2099.01 | -3493.54[00m
[91m995 | 0.10 | -9173.87 | 987.22 | -9272.60 | 0.00 | 0.00 | -9272.60 | -11587.53[00m
[91m938 | 0.29 | -34304.56 | 1098.02 | -34622.99 | 0.00 | 0.00 | -34622.99 | -41304.15[00m
[91m844 | 0.19 | -18746.45 | 1224.99 | -18979.20 | 0.00 | 0.00 | -18979.20 | -23332.39[00m
[91m821 | 0.09 | -2834.04 | 1267.94 | -2948.16 | 0.00 | 0.00 | -2948.16 | -5006.33[00m
[91m869 | 0.28 | -30917.46 | 1330.70 | -31290.06 | 0.00 | 0.00 | -31290.06 | -37675.69[00m
[91m990 | 0.21 | -22688.96 | 1472.27 | -22998.14 | 0.00 | 0.00 | -22998.14 | -27757.63[00m
[91m932 | 0.07 | 403.90 | 1530.50 | 296.77 | 0.00 | 0.00 | 296.77 | -1285.66[00m
859 | 0.25 | 2875028.37 | 1577.52 | 2874633.99 | -3.02 | -15.10 | 2874619.64 | 2868979.14
[91m900 | 0.29 | -31823.86 | 1660.85 | -32305.51 | 0.00 | 0.00 | -32305.51 | -38823.46[00m
[91m973 | 0.08 | -5313.68 | 1718.59 | -5451.17 | 0.00 | 0.00 | -5451.17 | -7244.60[00m
851 | 0.30 | 3180467.44 | 1776.94 | 3179934.36 | -3.28 | -16.38 | 3179918.96 | 3173210.10
827 | 0.07 | 19605151.48 | 1873.59 | 19605020.33 | -0.12 | -0.62 | 19605019.72 | 19603461.31
[91m805 | 0.09 | -4184.92 | 1931.48 | -4358.75 | 0.00 | 0.00 | -4358.75 | -6357.21[00m
[91m978 | 0.22 | -23781.14 | 1983.89 | -24217.60 | 0.00 | 0.00 | -24217.60 | -29091.18[00m
[91m881 | 0.16 | -17349.87 | 2135.45 | -17691.54 | 0.00 | 0.00 | -17691.54 | -21211.71[00m
[91m975 | 0.24 | -28768.70 | 2210.32 | -29299.18 | 0.00 | 0.00 | -29299.18 | -34561.47[00m
[91m948 | 0.17 | -19005.80 | 2254.05 | -19388.98 | 0.00 | 0.00 | -19388.98 | -23109.01[00m
[91m862 | 0.07 | -1206.01 | 2268.21 | -1364.78 | 0.00 | 0.00 | -1364.78 | -2895.56[00m
[91m986 | 0.15 | -12549.50 | 2379.93 | -12906.49 | 0.00 | 0.00 | -12906.49 | -16169.98[00m
[91m814 | 0.26 | -27090.31 | 2499.55 | -27740.19 | 0.00 | 0.00 | -27740.19 | -33365.81[00m
[91m799 | 0.26 | -27364.81 | 2591.66 | -28038.64 | 0.00 | 0.00 | -28038.64 | -33640.30[00m
[91m906 | 0.20 | -22585.22 | 2695.63 | -23124.35 | 0.00 | 0.00 | -23124.35 | -27412.53[00m
[91m925 | 0.26 | -29259.21 | 2798.03 | -29986.70 | 0.00 | 0.00 | -29986.70 | -35534.71[00m
[91m922 | 0.18 | -16162.10 | 2892.56 | -16682.76 | 0.00 | 0.00 | -16682.76 | -20506.67[00m
[91m949 | 0.21 | -23363.47 | 2931.96 | -23979.18 | 0.00 | 0.00 | -23979.18 | -28432.14[00m
[91m919 | 0.23 | -26855.87 | 2976.44 | -27540.45 | 0.00 | 0.00 | -27540.45 | -32407.27[00m
[91m946 | 0.19 | -19842.90 | 3136.51 | -20438.84 | 0.00 | 0.00 | -20438.84 | -24428.84[00m
[91m941 | 0.13 | -9276.71 | 3305.10 | -9706.38 | 0.00 | 0.00 | -9706.38 | -12414.46[00m
[91m936 | 0.18 | -19556.50 | 3422.33 | -20172.52 | 0.00 | 0.00 | -20172.52 | -23901.08[00m
[91m847 | 0.20 | -20968.55 | 3471.59 | -21662.87 | 0.00 | 0.00 | -21662.87 | -25795.86[00m
[91m807 | 0.27 | -30961.02 | 3582.56 | -31928.31 | 0.00 | 0.00 | -31928.31 | -37477.89[00m
[91m815 | 0.12 | -9398.74 | 3609.40 | -9831.87 | 0.00 | 0.00 | -9831.87 | -12295.12[00m
[91m828 | 0.15 | -12534.71 | 3703.80 | -13090.28 | 0.00 | 0.00 | -13090.28 | -16155.19[00m
[91m943 | 0.26 | -29542.87 | 3723.12 | -30510.89 | 0.00 | 0.00 | -30510.89 | -35818.37[00m
[91m915 | 0.24 | -24858.39 | 3844.12 | -25780.98 | 0.00 | 0.00 | -25780.98 | -30651.15[00m
[91m885 | 0.24 | -25152.71 | 3952.14 | -26101.22 | 0.00 | 0.00 | -26101.22 | -30945.48[00m
840 | 0.29 | 2055378.41 | 4076.59 | 2054196.20 | -4.90 | -24.51 | 2054173.12 | 2048354.31
[91m997 | 0.10 | -8442.18 | 4167.26 | -8858.91 | 0.00 | 0.00 | -8858.91 | -10855.83[00m
[91m868 | 0.05 | 2581.88 | 4227.32 | 2370.51 | -672.77 | -3363.86 | -959.71 | -1988.81[00m
806 | 0.08 | 48189480.89 | 3625.20 | 48189190.88 | -0.06 | -0.29 | 48189190.59 | 48187549.68
[91m846 | 0.09 | -6286.80 | 3723.71 | -6621.94 | 0.00 | 0.00 | -6621.94 | -8459.09[00m
[91m825 | 0.06 | -1899.58 | 3753.61 | -2124.79 | 0.00 | 0.00 | -2124.79 | -3347.77[00m
[91m945 | 0.21 | -23674.91 | 3933.97 | -24501.05 | 0.00 | 0.00 | -24501.05 | -28743.58[00m
[91m802 | 0.26 | -27436.97 | 4131.74 | -28511.22 | 0.00 | 0.00 | -28511.22 | -33712.47[00m
[91m954 | 0.29 | -35713.00 | 4223.51 | -36937.82 | 0.00 | 0.00 | -36937.82 | -42712.60[00m
[91m951 | 0.28 | -34061.38 | 4253.31 | -35252.31 | 0.00 | 0.00 | -35252.31 | -40819.61[00m
[91m991 | 0.09 | -7425.87 | 4402.07 | -7822.06 | 0.00 | 0.00 | -7822.06 | -9598.16[00m
[91m998 | 0.15 | -12507.16 | 4528.73 | -13186.47 | 0.00 | 0.00 | -13186.47 | -16127.64[00m
[91m904 | 0.25 | -25392.76 | 4543.69 | -26528.68 | 0.00 | 0.00 | -26528.68 | -31426.89[00m
[91m819 | 0.14 | -9979.06 | 4587.55 | -10621.31 | 0.00 | 0.00 | -10621.31 | -13358.17[00m
[91m918 | 0.11 | -5800.59 | 4632.86 | -6310.20 | 0.00 | 0.00 | -6310.20 | -8455.61[00m
864 | 0.27 | 6719892574.45 | 4767.65 | 6719891287.19 | -0.00 | -0.01 | 6719891287.18 | 6719886057.58
[91m913 | 0.11 | -5151.32 | 4805.10 | -5679.88 | 0.00 | 0.00 | -5679.88 | -7806.34[00m
[91m850 | 0.17 | -15290.42 | 4908.18 | -16124.81 | 0.00 | 0.00 | -16124.81 | -19393.63[00m
[91m982 | 0.17 | -13956.22 | 4970.28 | -14801.17 | 0.00 | 0.00 | -14801.17 | -18059.43[00m
[91m808 | 0.20 | -18769.83 | 5080.79 | -19785.99 | 0.00 | 0.00 | -19785.99 | -23597.14[00m
[91m796 | 0.16 | -14518.62 | -18380.46[00m
[91m797 | 0.06 | -2308.80 | -3756.99[00m
[91m798 | 0.27 | -32918.40 | -39435.26[00m
[91m801 | 0.13 | -12751.22 | -15888.97[00m
[91m803 | 0.20 | -21192.73 | -26020.04[00m
[91m804 | 0.08 | -3246.90 | -5177.83[00m
[91m809 | 0.10 | -4909.69 | -7323.34[00m
[91m810 | 0.24 | -24186.49 | -29979.25[00m
[91m811 | 0.21 | -23365.48 | -28434.16[00m
[91m812 | 0.19 | -19111.31 | -23697.25[00m
[91m813 | 0.28 | -32951.28 | -39709.50[00m
[91m816 | 0.14 | -9346.66 | -12725.77[00m
[91m817 | 0.18 | -18457.93 | -22802.51[00m
[91m818 | 0.08 | -2213.65 | -4144.58[00m
[91m820 | 0.25 | -27687.52 | -33721.65[00m
[91m822 | 0.23 | -25852.06 | -31403.47[00m
[91m823 | 0.26 | -32318.44 | -38593.94[00m
[91m824 | 0.28 | -31985.84 | -38744.07[00m
[91m826 | 0.17 | -16142.55 | -20245.76[00m
[91m829 | 0.29 | -34266.88 | -41266.47[00m
[91m830 | 0.18 | -16583.71 | -20928.28[00m
[91m831 | 0.11 | -10086.02 | -12741.04[00m
[91m832 | 0.15 | -13644.64 | -17265.12[00m
[91m833 | 0.12 | -8709.34 | -11605.72[00m
[91m834 | 0.13 | -8041.85 | -11179.60[00m
836 | 0.05 | 2016.07 | 809.24
[91m837 | 0.09 | -3111.83 | -5284.12[00m
[91m838 | 0.19 | -17035.96 | -21621.90[00m
[91m839 | 0.15 | -15565.16 | -19185.64[00m
[91m841 | 0.13 | -13260.17 | -16397.92[00m
[91m842 | 0.07 | -4201.77 | -5891.33[00m
[91m843 | 0.19 | -18400.38 | -22986.32[00m
[91m845 | 0.24 | -28089.64 | -33882.40[00m
[91m848 | 0.29 | -32222.50 | -39222.09[00m
[91m849 | 0.07 | -5095.10 | -6784.66[00m
[91m852 | 0.11 | -5732.07 | -8387.09[00m
[91m853 | 0.18 | -15292.66 | -19637.23[00m
[91m854 | 0.05 | -1006.75 | -2213.57[00m
[91m855 | 0.20 | -19516.27 | -24343.58[00m
[91m856 | 0.22 | -25124.19 | -30434.23[00m
[91m857 | 0.07 | -3394.36 | -5083.92[00m
[91m858 | 0.23 | -24459.77 | -30011.17[00m
[91m860 | 0.08 | -4677.16 | -6608.08[00m
[91m861 | 0.20 | -19112.82 | -23940.13[00m
[91m863 | 0.12 | -7342.94 | -10239.33[00m
[91m865 | 0.08 | -1264.50 | -3195.43[00m
[91m866 | 0.24 | -25795.41 | -31588.18[00m
[91m867 | 0.10 | -3982.38 | -6396.03[00m
[91m871 | 0.23 | -25951.96 | -31503.36[00m
[91m872 | 0.27 | -33165.55 | -39682.42[00m
[91m873 | 0.26 | -32286.12 | -38561.62[00m
[91m875 | 0.18 | -18234.44 | -22579.02[00m
[91m876 | 0.19 | -19452.05 | -24037.99[00m
[91m878 | 0.16 | -16455.97 | -20317.82[00m
[91m879 | 0.26 | -31693.70 | -37969.19[00m
[91m880 | 0.23 | -23186.32 | -28737.73[00m
[91m882 | 0.28 | -32027.45 | -38785.68[00m
[91m883 | 0.14 | -10926.80 | -14305.92[00m
[91m884 | 0.10 | -8339.96 | -10753.61[00m
[91m886 | 0.16 | -13844.32 | -17706.17[00m
[91m887 | 0.08 | -2826.97 | -4757.89[00m
[91m888 | 0.27 | -28425.98 | -34942.85[00m
[91m889 | 0.21 | -19395.81 | -24464.48[00m
[91m890 | 0.20 | -18936.47 | -23763.78[00m
[91m891 | 0.14 | -9429.35 | -12808.47[00m
[91m892 | 0.24 | -27920.20 | -33712.96[00m
[91m893 | 0.23 | -23358.38 | -28909.78[00m
[91m894 | 0.22 | -24048.98 | -29359.02[00m
[91m895 | 0.27 | -32281.68 | -38798.54[00m
[91m896 | 0.25 | -30188.87 | -36223.00[00m
[91m897 | 0.19 | -19173.65 | -23759.59[00m
[91m898 | 0.13 | -10674.26 | -13812.01[00m
[91m899 | 0.13 | -13208.23 | -16345.98[00m
[91m901 | 0.08 | -1248.66 | -3179.58[00m
[91m902 | 0.21 | -19538.07 | -24606.74[00m
[91m903 | 0.17 | -18282.99 | -22386.20[00m
[91m905 | 0.26 | -30388.56 | -36664.06[00m
[91m907 | 0.12 | -11155.10 | -14051.49[00m
[91m908 | 0.18 | -15406.09 | -19750.67[00m
[91m909 | 0.11 | -6537.36 | -9192.38[00m
[91m910 | 0.20 | -20193.34 | -25020.64[00m
[91m911 | 0.07 | -3173.80 | -4863.36[00m
[91m912 | 0.18 | -17072.53 | -21417.10[00m
[91m914 | 0.12 | -10576.66 | -13473.05[00m
[91m916 | 0.11 | -9746.66 | -12401.68[00m
[91m917 | 0.27 | -33548.44 | -40065.30[00m
[91m920 | 0.06 | 431.95 | -1016.24[00m
[91m921 | 0.19 | -20484.30 | -25070.25[00m
[91m923 | 0.15 | -13453.69 | -17074.17[00m
[91m924 | 0.18 | -18318.92 | -22663.49[00m
[91m926 | 0.28 | -31453.50 | -38211.73[00m
[91m927 | 0.15 | -11091.45 | -14711.93[00m
[91m928 | 0.26 | -26977.27 | -33252.77[00m
[91m929 | 0.15 | -14089.67 | -17710.15[00m
[91m930 | 0.07 | 383.44 | -1306.11[00m
[91m931 | 0.23 | -24055.35 | -29606.75[00m
[91m933 | 0.20 | -19055.22 | -23882.53[00m
[91m934 | 0.05 | -2028.62 | -3235.45[00m
[91m935 | 0.23 | -26987.63 | -32539.03[00m
[91m937 | 0.18 | -16640.70 | -20985.27[00m
[91m939 | 0.23 | -24635.00 | -30186.40[00m
[91m940 | 0.20 | -19490.76 | -24318.07[00m
[91m942 | 0.29 | -32485.76 | -39485.35[00m
[91m944 | 0.19 | -21917.63 | -26503.57[00m
[91m947 | 0.28 | -30360.04 | -37118.26[00m
[91m950 | 0.26 | -27719.37 | -33994.87[00m
[91m952 | 0.15 | -15890.49 | -19510.96[00m
[91m953 | 0.06 | -3405.30 | -4853.50[00m
[91m955 | 0.10 | -1597662.02 | -1600075.67[00m
[91m956 | 0.15 | -22521100.91 | -22524721.39[00m
[91m957 | 0.10 | -2560005.25 | -2562418.90[00m
[91m958 | 0.19 | -17829406.47 | -17833992.41[00m
[91m959 | 0.19 | -45039459.14 | -45044045.08[00m
[91m960 | 0.26 | -30649.98 | -36925.47[00m
[91m961 | 0.26 | -30238.67 | -36514.17[00m
[91m962 | 0.26 | -31146.02 | -37421.52[00m
[91m963 | 0.12 | -8731.32 | -11627.70[00m
[91m964 | 0.09 | -2986.00 | -5158.29[00m
[91m966 | 0.19 | -21151.69 | -25737.63[00m
[91m967 | 0.12 | -7489.22 | -10385.61[00m
[91m968 | 0.27 | -30294.86 | -36811.72[00m
[91m969 | 0.14 | -12373.52 | -15752.64[00m
[91m970 | 0.11 | -5196.10 | -7851.12[00m
[91m971 | 0.17 | -16977.46 | -21080.67[00m
[91m972 | 0.29 | -36523.23 | -43522.83[00m
[91m974 | 0.23 | -27380.89 | -32932.29[00m
[91m976 | 0.13 | -8250.44 | -11388.19[00m
[91m977 | 0.20 | -19156.21 | -23983.52[00m
[91m979 | 0.21 | -21847.95 | -26916.62[00m
[91m980 | 0.17 | -16238.21 | -20341.42[00m
[91m981 | 0.15 | -14228.68 | -17849.16[00m
[91m983 | 0.05 | -13626750.79 | -13627957.61[00m
[91m984 | 0.12 | -11135.69 | -14032.08[00m
[91m985 | 0.18 | -20374.32 | -24718.90[00m
[91m987 | 0.12 | -10303.80 | -13200.18[00m
[91m988 | 0.15 | -10953.22 | -14573.70[00m
[91m989 | 0.15 | -12106.99 | -15727.47[00m
[91m992 | 0.17 | -15369.59 | -19472.80[00m
[91m994 | 0.28 | -30600.31 | -37358.53[00m
[91m996 | 0.11 | -8335.40 | -10990.42[00m
[91m999 | 0.17 | -14309.03 | -18412.24[00m
[91m1000 | 0.19 | -20805.80 | -25391.74[00m
Network survivability: 7.1%
Average dead duration: 72723126.57747814
Traveling energy: 28996.407643030754
total calculate time: 31.160111904144287
