gen: 1
gen: 2
gen: 3
gen: 4
gen: 5
gen: 6
gen: 7
gen: 8
gen: 9
gen: 10
gen: 11
gen: 12
gen: 13
gen: 14
gen: 15
gen: 16
gen: 17
gen: 18
gen: 19
gen: 20
gen: 21
gen: 22
gen: 23
gen: 24
gen: 25
gen: 26
gen: 27
gen: 28
gen: 29
gen: 30
gen: 31
gen: 32
gen: 33
gen: 34
gen: 35
gen: 36
gen: 37
gen: 38
gen: 39
gen: 40
gen: 41
gen: 42
gen: 43
gen: 44
gen: 45
gen: 46
gen: 47
gen: 48
gen: 49
gen: 50
Number of charging vehicles: 5
Survey time: 24136.529470467845
Network clustering infor: 
Cluster 0:
[1, 2, 3, 4, 5, 6, 7, 8, 9, 10, 11, 12, 13, 14, 15, 16, 17, 18, 19, 20, 21, 22, 23, 24, 25, 26, 27, 28, 29, 30, 31, 32, 33, 34, 35, 36, 37, 38, 39, 40, 41, 42, 43, 44, 45, 46, 47, 48, 49, 50, 51, 52, 53, 54, 55, 56, 57, 58, 59, 60, 61, 62, 63, 64, 65, 66, 67, 68, 69, 70, 71, 72, 73, 74, 75, 76, 77, 78, 79, 80, 81, 82, 83, 84, 85, 86, 87, 88, 89, 90, 91, 92, 93, 94, 95, 96, 97, 98, 99, 100, 101, 102, 103, 104, 105, 106, 107, 108, 109, 110, 111, 112, 113, 114, 115, 116, 117, 118, 119, 120, 121, 122, 123, 124, 125, 126, 127, 128, 129, 130, 131, 132, 133, 134, 135, 136, 137, 138, 139, 140, 141, 142, 143, 144, 145, 146, 147, 148, 149, 150, 151, 152, 153, 154, 155, 156, 157, 158, 159, 160, 161, 162, 163, 164, 165, 166, 167, 168, 169, 170, 171, 172, 173, 174, 175, 176, 177, 178, 179, 180, 181, 182, 183, 184, 185, 186, 187, 188, 189, 190, 191, 192, 193, 194, 195, 196, 197, 198, 199, 200, 201]
Cluster 1:
[202, 203, 204, 205, 206, 207, 208, 209, 210, 211, 212, 213, 214, 215, 216, 217, 218, 219, 220, 221, 222, 223, 224, 225, 226, 227, 228, 229, 230, 231, 232, 233, 234, 235, 236, 237, 238, 239, 240, 241, 242, 243, 244, 245, 246, 247, 248, 249, 250, 251, 252, 253, 254, 255, 256, 257, 258, 259, 260, 261, 262, 263, 264, 265, 266, 267, 268, 269, 270, 271, 272, 273, 274, 275, 276, 277, 278, 279, 280, 281, 282, 283, 284, 285, 286, 287, 288, 289, 290, 291, 292, 293, 294, 295, 296, 297, 298, 299, 300, 301, 302, 303, 304, 305, 306, 307, 308, 309, 310, 311, 312, 313, 314, 315, 316, 317, 318, 319, 320, 321, 322, 323, 324, 325, 326, 327, 328, 329, 330, 331, 332, 333, 334, 335, 336, 337, 338, 339, 340, 341, 342, 343, 344, 345, 346, 347, 348, 349, 350, 351, 352, 353, 354, 355, 356, 357, 358, 359, 360, 361, 362, 363, 364, 365, 366, 367, 368, 369, 370, 371, 372, 373, 374, 375, 376, 377, 378, 379, 380, 381, 382, 383, 384, 385, 386, 387, 388, 389, 390, 391, 392, 393, 394, 395, 396, 397, 398, 399, 400, 401, 402, 403, 404, 405]
Cluster 2:
[406, 407, 408, 409, 410, 411, 412, 413, 414, 415, 416, 417, 418, 419, 420, 421, 422, 423, 424, 425, 426, 427, 428, 429, 430, 431, 432, 433, 434, 435, 436, 437, 438, 439, 440, 441, 442, 443, 444, 445, 446, 447, 448, 449, 450, 451, 452, 453, 454, 455, 456, 457, 458, 459, 460, 461, 462, 463, 464, 465, 466, 467, 468, 469, 470, 471, 472, 473, 474, 475, 476, 477, 478, 479, 480, 481, 482, 483, 484, 485, 486, 487, 488, 489, 490, 491, 492, 493, 494, 495, 496, 497, 498, 499, 500, 501, 502, 503, 504, 505, 506, 507, 508, 509, 510, 511, 512, 513, 514, 515, 516, 517, 518, 519, 520, 521, 522, 523, 524, 525, 526, 527, 528, 529, 530, 531, 532, 533, 534, 535, 536, 537, 538, 539, 540, 541, 542, 543, 544, 545, 546, 547, 548, 549, 550, 551, 552, 553, 554, 555, 556, 557, 558, 559, 560, 561, 562, 563, 564, 565, 566, 567, 568, 569, 570, 571, 572, 573, 574, 575, 576, 577, 578, 579, 580, 581, 582, 583, 584, 585, 586, 587, 588, 589, 590, 591, 592, 593, 594, 595, 596, 597, 598, 599, 600, 601, 602, 603, 604, 605, 606, 607, 608, 609, 610]
Cluster 3:
[611, 612, 613, 614, 615, 616, 617, 618, 619, 620, 621, 622, 623, 624, 625, 626, 627, 628, 629, 630, 631, 632, 633, 634, 635, 636, 637, 638, 639, 640, 641, 642, 643, 644, 645, 646, 647, 648, 649, 650, 651, 652, 653, 654, 655, 656, 657, 658, 659, 660, 661, 662, 663, 664, 665, 666, 667, 668, 669, 670, 671, 672, 673, 674, 675, 676, 677, 678, 679, 680, 681, 682, 683, 684, 685, 686, 687, 688, 689, 690, 691, 692, 693, 694, 695, 696, 697, 698, 699, 700, 701, 702, 703, 704, 705, 706, 707, 708, 709, 710, 711, 712, 713, 714, 715, 716, 717, 718, 719, 720, 721, 722, 723, 724, 725, 726, 727, 728, 729, 730, 731, 732, 733, 734, 735, 736, 737, 738, 739, 740, 741, 742, 743, 744, 745, 746, 747, 748, 749, 750, 751, 752, 753, 754, 755, 756, 757, 758, 759, 760, 761, 762, 763, 764, 765, 766, 767, 768, 769, 770, 771, 772, 773, 774, 775, 776, 777, 778, 779, 780, 781, 782, 783, 784, 785, 786, 787, 788, 789, 790, 791, 792, 793]
Cluster 4:
[794, 795, 796, 797, 798, 799, 800, 801, 802, 803, 804, 805, 806, 807, 808, 809, 810, 811, 812, 813, 814, 815, 816, 817, 818, 819, 820, 821, 822, 823, 824, 825, 826, 827, 828, 829, 830, 831, 832, 833, 834, 835, 836, 837, 838, 839, 840, 841, 842, 843, 844, 845, 846, 847, 848, 849, 850, 851, 852, 853, 854, 855, 856, 857, 858, 859, 860, 861, 862, 863, 864, 865, 866, 867, 868, 869, 870, 871, 872, 873, 874, 875, 876, 877, 878, 879, 880, 881, 882, 883, 884, 885, 886, 887, 888, 889, 890, 891, 892, 893, 894, 895, 896, 897, 898, 899, 900, 901, 902, 903, 904, 905, 906, 907, 908, 909, 910, 911, 912, 913, 914, 915, 916, 917, 918, 919, 920, 921, 922, 923, 924, 925, 926, 927, 928, 929, 930, 931, 932, 933, 934, 935, 936, 937, 938, 939, 940, 941, 942, 943, 944, 945, 946, 947, 948, 949, 950, 951, 952, 953, 954, 955, 956, 957, 958, 959, 960, 961, 962, 963, 964, 965, 966, 967, 968, 969, 970, 971, 972, 973, 974, 975, 976, 977, 978, 979, 980, 981, 982, 983, 984, 985, 986, 987, 988, 989, 990, 991, 992, 993, 994, 995, 996, 997, 998, 999, 1000]
Vehicle 0
Charging tour: 
166  -> 94  -> 142  -> 60  -> 55  -> 54  -> 76  -> 129  -> 42  -> 121  -> 161  -> 79  -> 157  -> 99  -> 83  -> 100  -> 139  -> 75  -> 59  -> 87  -> 31  -> 73  -> 38  -> 136  -> 27  -> 69  -> 9  -> 127  -> 178  -> 10  -> 174  -> 177  -> 45  -> 168  -> 5  -> 192  -> 6  -> 152  -> 37  -> 110  -> 109  -> 167  -> 151  -> 16  -> 146  -> 105  -> 64  -> 84  -> 149  -> 96  -> 41  -> 1  -> 80  -> 148  -> 140  -> 163  -> 112  -> 2  -> 61  -> 24  -> 49  -> 22  -> 
Charging time: 
0  + 0  + 0  + 0  + 0  + 0  + 0  + 0  + 0  + 0  + 0  + 0  + 0  + 0  + 0  + 0  + 0  + 0  + 0  + 0  + -0.046667631040403015  + 0  + -0.004763160322437198  + 0  + 0  + 0  + 0  + 0  + 0  + 0  + 0  + 0  + -0.07747591727475173  + 0  + 0  + 0  + 0  + 0  + 0  + 0  + 0  + 0  + 0  + 0  + 0  + 0  + 0  + 0  + 0  + 0  + 0  + -0.022107919142100547  + 0  + 0  + 0  + 0  + 0  + 0  + 0  + 0  + 0  + 0  + 
Traveling energy: 5357.841602934683
Charging energy: -0.7550731388984624
Total energy used: 5357.086529795784
Charging round duration: 5357.690588306903
ID | p | E0 | time_arrive | E_remain | time_charge | energy_charge| E_after_charge | E_after_cycle
[91m166 | 0.23 | -29268.84 | 199.52 | -29314.73 | 0.00 | 0.00 | -29314.73 | -34820.24[00m
[91m94 | 0.27 | -34818.16 | 350.09 | -34912.69 | 0.00 | 0.00 | -34912.69 | -41335.02[00m
[91m142 | 0.29 | -39742.58 | 390.79 | -39855.91 | 0.00 | 0.00 | -39855.91 | -46742.17[00m
[91m60 | 0.13 | -11837.56 | 442.41 | -11895.08 | 0.00 | 0.00 | -11895.08 | -14975.31[00m
[91m55 | 0.09 | -4461.60 | 479.58 | -4504.76 | 0.00 | 0.00 | -4504.76 | -6633.89[00m
[91m54 | 0.22 | -27133.94 | 501.96 | -27244.37 | 0.00 | 0.00 | -27244.37 | -32443.97[00m
[91m76 | 0.16 | -17851.25 | 562.45 | -17941.24 | 0.00 | 0.00 | -17941.24 | -21713.09[00m
[91m129 | 0.17 | -22419.94 | 623.66 | -22525.97 | 0.00 | 0.00 | -22525.97 | -26523.15[00m
[91m42 | 0.16 | -17005.87 | 662.32 | -17111.84 | 0.00 | 0.00 | -17111.84 | -20867.71[00m
[91m121 | 0.20 | -27490.32 | 760.07 | -27642.34 | 0.00 | 0.00 | -27642.34 | -32317.63[00m
[91m161 | 0.12 | -10184.88 | 802.00 | -10281.12 | 0.00 | 0.00 | -10281.12 | -13081.26[00m
[91m79 | 0.06 | -1938.82 | 915.64 | -1993.76 | 0.00 | 0.00 | -1993.76 | -3387.01[00m
[91m157 | 0.13 | -14494.30 | 1058.43 | -14631.90 | 0.00 | 0.00 | -14631.90 | -17632.05[00m
[91m99 | 0.11 | -7976.22 | 1100.36 | -8097.26 | 0.00 | 0.00 | -8097.26 | -10631.24[00m
[91m83 | 0.15 | -18375.85 | 1156.83 | -18549.37 | 0.00 | 0.00 | -18549.37 | -21996.32[00m
[91m100 | 0.19 | -21306.28 | 1189.76 | -21532.34 | 0.00 | 0.00 | -21532.34 | -25892.22[00m
[91m139 | 0.16 | -20500.79 | 1303.41 | -20709.34 | 0.00 | 0.00 | -20709.34 | -24362.64[00m
[91m75 | 0.05 | -13.79 | 1375.29 | -82.55 | 0.00 | 0.00 | -82.55 | -1220.62[00m
[91m59 | 0.17 | -21051.30 | 1541.43 | -21313.34 | 0.00 | 0.00 | -21313.34 | -25154.51[00m
[91m87 | 0.07 | -3108.51 | 1683.75 | -3226.37 | 0.00 | 0.00 | -3226.37 | -4798.06[00m
31 | 0.25 | 23387663.74 | 1766.63 | 23387222.08 | -0.05 | -0.23 | 23387221.86 | 23381629.38
[91m73 | 0.18 | -20490.74 | 1924.20 | -20837.09 | 0.00 | 0.00 | -20837.09 | -24835.31[00m
38 | 0.23 | 210811949.51 | 2056.36 | 210811476.55 | -0.00 | -0.02 | 210811476.53 | 210806398.08
[91m136 | 0.27 | -39038.15 | 2169.36 | -39623.88 | 0.00 | 0.00 | -39623.88 | -45555.02[00m
[91m27 | 0.21 | -29068.12 | 2310.48 | -29553.32 | 0.00 | 0.00 | -29553.32 | -34136.79[00m
[91m69 | 0.21 | -24652.94 | 2321.51 | -25140.46 | 0.00 | 0.00 | -25140.46 | -29721.61[00m
[91m9 | 0.11 | -8436.38 | 2471.56 | -8708.25 | 0.00 | 0.00 | -8708.25 | -11091.40[00m
[91m127 | 0.20 | -24597.71 | 2582.22 | -25114.15 | 0.00 | 0.00 | -25114.15 | -29425.01[00m
[91m178 | 0.20 | -25937.11 | 2629.18 | -26462.95 | 0.00 | 0.00 | -26462.95 | -30764.42[00m
[91m10 | 0.11 | -12134.59 | 2653.83 | -12426.51 | 0.00 | 0.00 | -12426.51 | -14789.60[00m
[91m174 | 0.12 | -9890.58 | 2696.89 | -10214.21 | 0.00 | 0.00 | -10214.21 | -12786.96[00m
[91m177 | 0.30 | -44730.12 | 2741.67 | -45552.62 | 0.00 | 0.00 | -45552.62 | -51971.08[00m
45 | 0.07 | 3944517.63 | 2832.65 | 3944319.34 | -0.08 | -0.39 | 3944318.96 | 3942827.68
[91m168 | 0.13 | -15186.25 | 2990.37 | -15575.00 | 0.00 | 0.00 | -15575.00 | -18324.00[00m
[91m5 | 0.17 | -21229.82 | 3062.78 | -21750.49 | 0.00 | 0.00 | -21750.49 | -25333.03[00m
[91m192 | 0.29 | -41507.13 | 3120.17 | -42411.98 | 0.00 | 0.00 | -42411.98 | -48506.72[00m
[91m6 | 0.12 | -12490.19 | 3284.26 | -12884.30 | 0.00 | 0.00 | -12884.30 | -15386.57[00m
[91m152 | 0.15 | -14696.76 | 3362.06 | -15201.07 | 0.00 | 0.00 | -15201.07 | -18317.24[00m
[91m37 | 0.21 | -26388.59 | 3392.94 | -27101.11 | 0.00 | 0.00 | -27101.11 | -31457.26[00m
[91m110 | 0.09 | -6294.96 | 3508.08 | -6610.69 | 0.00 | 0.00 | -6610.69 | -8467.25[00m
[91m109 | 0.10 | -10030.23 | 3621.18 | -10392.35 | 0.00 | 0.00 | -10392.35 | -12443.88[00m
[91m167 | 0.17 | -22707.46 | 3662.05 | -23330.01 | 0.00 | 0.00 | -23330.01 | -26810.67[00m
[91m151 | 0.06 | -890.70 | 3707.24 | -1113.14 | 0.00 | 0.00 | -1113.14 | -2338.89[00m
[91m16 | 0.09 | -8557.71 | 3731.34 | -8893.53 | 0.00 | 0.00 | -8893.53 | -10730.00[00m
[91m146 | 0.23 | -28568.08 | 3786.57 | -29438.99 | 0.00 | 0.00 | -29438.99 | -34119.48[00m
[91m105 | 0.17 | -21463.65 | 3857.57 | -22119.43 | 0.00 | 0.00 | -22119.43 | -25566.86[00m
[91m64 | 0.08 | -6836.85 | 3892.18 | -7148.23 | 0.00 | 0.00 | -7148.23 | -8767.78[00m
[91m84 | 0.16 | -21258.06 | 4076.74 | -21910.34 | 0.00 | 0.00 | -21910.34 | -25119.91[00m
[91m149 | 0.15 | -14413.66 | 4118.77 | -15031.48 | 0.00 | 0.00 | -15031.48 | -18034.14[00m
[91m96 | 0.12 | -13009.90 | 4271.83 | -13522.52 | 0.00 | 0.00 | -13522.52 | -15906.28[00m
[91m41 | 0.28 | -40763.04 | 4308.04 | -41969.29 | 0.00 | 0.00 | -41969.29 | -47521.27[00m
1 | 0.13 | 25671903.57 | 4352.87 | 25671337.70 | -0.02 | -0.11 | 25671337.59 | 25668765.71
[91m80 | 0.05 | -1777.70 | 4534.28 | -2004.41 | 0.00 | 0.00 | -2004.41 | -2984.52[00m
[91m148 | 0.11 | -11713.54 | 4635.81 | -12223.48 | 0.00 | 0.00 | -12223.48 | -14368.56[00m
[91m140 | 0.18 | -22180.71 | 4688.92 | -23024.72 | 0.00 | 0.00 | -23024.72 | -26525.29[00m
[91m163 | 0.23 | -27803.71 | 4730.65 | -28891.76 | 0.00 | 0.00 | -28891.76 | -33355.11[00m
[91m112 | 0.24 | -32884.63 | 4789.41 | -34034.09 | 0.00 | 0.00 | -34034.09 | -38677.40[00m
[91m2 | 0.25 | -34117.79 | 4912.02 | -35345.80 | 0.00 | 0.00 | -35345.80 | -40151.93[00m
[91m61 | 0.07 | -1251.50 | 5034.44 | -1603.91 | 0.00 | 0.00 | -1603.91 | -2941.06[00m
[91m24 | 0.22 | -27599.57 | 5085.06 | -28718.28 | 0.00 | 0.00 | -28718.28 | -32909.60[00m
[91m49 | 0.20 | -23091.84 | 5136.60 | -24119.16 | 0.00 | 0.00 | -24119.16 | -27919.14[00m
[91m22 | 0.26 | -37992.11 | 5193.50 | -39342.42 | 0.00 | 0.00 | -39342.42 | -44267.61[00m
[91m3 | 0.11 | -9986.48 | -12641.50[00m
[91m4 | 0.24 | -34231.78 | -40024.54[00m
[91m7 | 0.07 | -4618.50 | -6308.06[00m
[91m8 | 0.22 | -29999.60 | -35309.64[00m
[91m11 | 0.05 | -235.51 | -1442.33[00m
[91m12 | 0.11 | -9161.74 | -11816.76[00m
[91m13 | 0.24 | -35275.33 | -41068.10[00m
[91m14 | 0.08 | -6384.38 | -8315.30[00m
[91m15 | 0.19 | -22457.79 | -27043.73[00m
[91m17 | 0.28 | -37897.88 | -44656.11[00m
[91m18 | 0.11 | -12814.72 | -15469.74[00m
[91m19 | 0.27 | -37691.08 | -44207.95[00m
[91m20 | 0.25 | -36676.68 | -42710.81[00m
[91m21 | 0.08 | -5593.35 | -7524.27[00m
[91m23 | 0.18 | -24234.06 | -28578.64[00m
[91m25 | 0.30 | -41986.24 | -49227.20[00m
[91m26 | 0.12 | -9434.94 | -12331.32[00m
[91m28 | 0.19 | -24269.84 | -28855.78[00m
[91m29 | 0.26 | -38411.06 | -44686.56[00m
[91m30 | 0.12 | -13764.36 | -16660.75[00m
[91m32 | 0.06 | -8114.94 | -9563.13[00m
[91m33 | 0.29 | -40335.01 | -47334.61[00m
[91m34 | 0.23 | -32878.08 | -38429.48[00m
[91m35 | 0.16 | -20889.23 | -24751.07[00m
[91m36 | 0.15 | -16622.63 | -20243.11[00m
[91m39 | 0.16 | -17278.14 | -21139.98[00m
[91m40 | 0.07 | -3525.31 | -5214.87[00m
[91m43 | 0.10 | -6553.59 | -8967.24[00m
[91m44 | 0.09 | -7295.55 | -9467.84[00m
[91m46 | 0.15 | -14433.04 | -18053.52[00m
[91m47 | 0.09 | -5765.95 | -7938.24[00m
[91m48 | 0.28 | -40748.39 | -47506.62[00m
[91m50 | 0.07 | -2998.73 | -4688.28[00m
[91m51 | 0.25 | -33343.20 | -39377.33[00m
[91m52 | 0.21 | -24763.27 | -29831.94[00m
[91m53 | 0.18 | -23057.85 | -27402.43[00m
[91m56 | 0.13 | -12212.03 | -15349.78[00m
[91m57 | 0.15 | -17692.53 | -21313.01[00m
[91m58 | 0.05 | -1594.51 | -2801.34[00m
[91m62 | 0.27 | -37662.78 | -44179.64[00m
[91m63 | 0.29 | -43856.55 | -50856.14[00m
[91m65 | 0.21 | -27640.93 | -32709.60[00m
[91m66 | 0.08 | -7203.00 | -9133.92[00m
[91m67 | 0.26 | -36979.01 | -43254.51[00m
[91m68 | 0.11 | -13259.33 | -15914.35[00m
[91m70 | 0.16 | -19764.37 | -23626.21[00m
[91m71 | 0.22 | -29674.44 | -34984.48[00m
[91m72 | 0.21 | -29411.41 | -34480.08[00m
[91m74 | 0.12 | -14191.49 | -17087.87[00m
[91m77 | 0.30 | -40059.61 | -47300.57[00m
[91m78 | 0.13 | -14884.43 | -18022.18[00m
[91m81 | 0.15 | -15303.62 | -18924.10[00m
[91m82 | 0.19 | -23863.03 | -28448.97[00m
[91m85 | 0.14 | -14312.66 | -17691.77[00m
[91m86 | 0.15 | -19916.07 | -23536.55[00m
[91m88 | 0.10 | -6728.73 | -9142.38[00m
[91m89 | 0.13 | -11243.25 | -14381.00[00m
[91m90 | 0.18 | -23183.84 | -27528.42[00m
[91m91 | 0.21 | -28831.04 | -33899.71[00m
[91m92 | 0.18 | -24187.54 | -28532.12[00m
[91m93 | 0.10 | -10732.91 | -13146.57[00m
[91m95 | 0.06 | -5006.13 | -6454.32[00m
[91m97 | 0.24 | -30031.57 | -35824.33[00m
[91m98 | 0.12 | -13816.93 | -16713.31[00m
[91m101 | 0.24 | -31345.13 | -37137.90[00m
[91m102 | 0.22 | -28581.51 | -33891.55[00m
[91m103 | 0.15 | -16990.18 | -20610.66[00m
[91m104 | 0.06 | -4232.97 | -5681.16[00m
[91m106 | 0.28 | -36734.29 | -43492.52[00m
[91m107 | 0.30 | -43851.98 | -51092.94[00m
[91m108 | 0.10 | -10050.32 | -12463.97[00m
[91m111 | 0.27 | -39977.15 | -46494.01[00m
[91m113 | 0.24 | -34559.48 | -40352.24[00m
[91m114 | 0.14 | -13401.52 | -16780.64[00m
[91m115 | 0.23 | -29966.00 | -35517.40[00m
[91m116 | 0.25 | -33801.92 | -39836.05[00m
117 | 0.05 | 2035.03 | 828.20
[91m118 | 0.18 | -23196.59 | -27541.16[00m
[91m119 | 0.11 | -8827.04 | -11482.06[00m
[91m120 | 0.07 | -2660.51 | -4350.07[00m
[91m122 | 0.18 | -24259.30 | -28603.87[00m
[91m123 | 0.29 | -38862.58 | -45862.17[00m
[91m124 | 0.28 | -40067.13 | -46825.36[00m
[91m125 | 0.14 | -18096.29 | -21475.41[00m
[91m126 | 0.18 | -23102.30 | -27446.88[00m
[91m128 | 0.25 | -35415.28 | -41449.41[00m
[91m130 | 0.22 | -31224.48 | -36534.52[00m
[91m131 | 0.20 | -25887.68 | -30714.98[00m
[91m132 | 0.28 | -36554.08 | -43312.31[00m
[91m133 | 0.27 | -34633.81 | -41150.67[00m
[91m134 | 0.22 | -29125.36 | -34435.39[00m
[91m135 | 0.17 | -19860.91 | -23964.12[00m
[91m137 | 0.23 | -31706.60 | -37258.00[00m
[91m138 | 0.18 | -22615.23 | -26959.81[00m
[91m141 | 0.14 | -2882899.96 | -2886279.08[00m
[91m143 | 0.12 | -13402.69 | -16299.08[00m
[91m144 | 0.26 | -37495.13 | -43770.63[00m
[91m145 | 0.07 | -5970.33 | -7659.89[00m
[91m147 | 0.11 | -10008.65 | -12663.67[00m
150 | 0.05 | 1773.71 | 566.88
[91m153 | 0.11 | -10493.62 | -13148.64[00m
[91m154 | 0.27 | -35070.35 | -41587.21[00m
[91m155 | 0.10 | -9746.42 | -12160.08[00m
[91m156 | 0.29 | -43695.70 | -50695.29[00m
[91m158 | 0.27 | -37243.79 | -43760.65[00m
[91m159 | 0.27 | -39655.62 | -46172.48[00m
[91m160 | 0.21 | -25777.46 | -30846.13[00m
[91m162 | 0.27 | -9899151.09 | -9905667.96[00m
[91m164 | 0.17 | -18905.88 | -23009.09[00m
[91m165 | 0.27 | -39587.56 | -46104.42[00m
[91m169 | 0.08 | -2860.44 | -4791.36[00m
[91m170 | 0.14 | -18341.13 | -21720.25[00m
[91m171 | 0.15 | -19463.69 | -23084.17[00m
[91m172 | 0.14 | -13718.23 | -17097.34[00m
[91m173 | 0.18 | -24437.14 | -28781.71[00m
[91m175 | 0.18 | -21401.51 | -25746.09[00m
[91m176 | 0.25 | -36704.83 | -42738.97[00m
[91m179 | 0.17 | -2953885.93 | -2957989.14[00m
[91m180 | 0.15 | -1859607.57 | -1863228.05[00m
[91m181 | 0.20 | -2905896.93 | -2910724.24[00m
[91m182 | 0.15 | -1078485.34 | -1082105.82[00m
[91m183 | 0.19 | -2092660.20 | -2097246.15[00m
[91m184 | 0.26 | -5360671.92 | -5366947.41[00m
[91m185 | 0.27 | -5242221.12 | -5248737.98[00m
[91m186 | 0.10 | -918284.69 | -920698.35[00m
[91m187 | 0.17 | -4691538.93 | -4695642.14[00m
[91m188 | 0.16 | -1398867.09 | -1402728.94[00m
[91m189 | 0.19 | -1962247.12 | -1966833.06[00m
[91m190 | 0.23 | -33011.18 | -38562.58[00m
[91m191 | 0.17 | -20906.42 | -25009.63[00m
[91m193 | 0.21 | -25466.17 | -30534.85[00m
[91m194 | 0.19 | -22418.80 | -27004.74[00m
[91m195 | 0.10 | -9287.42 | -11701.07[00m
[91m196 | 0.12 | -13515.76 | -16412.15[00m
[91m197 | 0.24 | -33042.22 | -38834.98[00m
[91m198 | 0.11 | -10368.15 | -13023.17[00m
[91m199 | 0.13 | -11929.07 | -15066.82[00m
[91m200 | 0.19 | -25568.77 | -30154.71[00m
[91m201 | 0.27 | -39304.24 | -45821.10[00m
Vehicle 1
Charging tour: 
212  -> 264  -> 254  -> 283  -> 284  -> 238  -> 345  -> 312  -> 372  -> 369  -> 231  -> 250  -> 353  -> 301  -> 228  -> 375  -> 288  -> 236  -> 331  -> 319  -> 217  -> 376  -> 348  -> 289  -> 400  -> 252  -> 246  -> 351  -> 244  -> 281  -> 329  -> 299  -> 282  -> 404  -> 322  -> 336  -> 296  -> 350  -> 310  -> 277  -> 229  -> 347  -> 305  -> 248  -> 280  -> 271  -> 219  -> 302  -> 317  -> 393  -> 267  -> 270  -> 366  -> 279  -> 387  -> 360  -> 320  -> 315  -> 326  -> 
Charging time: 
-0.009584620124422072  + -3.341138714376371  + -30.446069818370862  + 0  + 0  + 0  + 0  + 0  + 0  + 0  + -92.31665777370578  + 0  + 0  + 0  + 0  + 0  + 0  + 0  + 0  + 0  + -0.01546174692892479  + 0  + 0  + 0  + 0  + 0  + 0  + 0  + 0  + 0  + 0  + 0  + 0  + 0  + 0  + 0  + 0  + 0  + 0  + 0  + 0  + 0  + 0  + 0  + 0  + 0  + 0  + 0  + 0  + 0  + 0  + 0  + 0  + 0  + 0  + 0  + 0  + 0  + 0  + 
Traveling energy: 4695.8277980776065
Charging energy: -630.6445633675319
Total energy used: 4065.1832347100744
Charging round duration: 4569.6988854041
ID | p | E0 | time_arrive | E_remain | time_charge | energy_charge| E_after_charge | E_after_cycle
212 | 0.23 | 833959418.28 | 156.77 | 833959382.23 | -0.01 | -0.05 | 833959382.18 | 833953866.83
264 | 0.13 | 1352199.69 | 254.17 | 1352166.65 | -3.34 | -16.71 | 1352150.38 | 1349045.24
254 | 0.11 | 125560.61 | 279.87 | 125529.83 | -30.45 | -152.23 | 125380.95 | 122753.37
[91m283 | 0.13 | -13180.76 | 265.76 | -13215.31 | 0.00 | 0.00 | -13215.31 | -16318.51[00m
[91m284 | 0.10 | -8278.47 | 341.48 | -8312.62 | 0.00 | 0.00 | -8312.62 | -10692.12[00m
[91m238 | 0.23 | -32243.56 | 459.97 | -32349.35 | 0.00 | 0.00 | -32349.35 | -37794.96[00m
[91m345 | 0.14 | -17967.59 | 508.49 | -18038.77 | 0.00 | 0.00 | -18038.77 | -21346.70[00m
[91m312 | 0.19 | -25885.16 | 551.22 | -25989.89 | 0.00 | 0.00 | -25989.89 | -30471.10[00m
[91m372 | 0.16 | -17453.61 | 635.71 | -17555.32 | 0.00 | 0.00 | -17555.32 | -21315.45[00m
[91m369 | 0.30 | -42182.44 | 761.96 | -42411.03 | 0.00 | 0.00 | -42411.03 | -49423.40[00m
231 | 0.15 | 56468.10 | 895.63 | 56333.76 | -92.32 | -461.58 | 55886.02 | 52386.04
[91m250 | 0.08 | -7862.19 | 877.86 | -7932.42 | 0.00 | 0.00 | -7932.42 | -9793.11[00m
[91m353 | 0.25 | -33521.51 | 920.04 | -33751.52 | 0.00 | 0.00 | -33751.52 | -39555.64[00m
[91m301 | 0.22 | -31195.07 | 964.97 | -31407.36 | 0.00 | 0.00 | -31407.36 | -36505.10[00m
[91m228 | 0.27 | -39058.40 | 1028.03 | -39335.97 | 0.00 | 0.00 | -39335.97 | -45575.26[00m
[91m375 | 0.14 | -13068.44 | 1157.30 | -13230.46 | 0.00 | 0.00 | -13230.46 | -16447.56[00m
[91m288 | 0.14 | -17053.88 | 1176.85 | -17218.64 | 0.00 | 0.00 | -17218.64 | -20433.00[00m
[91m236 | 0.21 | -26000.10 | 1304.72 | -26274.10 | 0.00 | 0.00 | -26274.10 | -31068.77[00m
[91m331 | 0.27 | -40111.97 | 1397.76 | -40489.37 | 0.00 | 0.00 | -40489.37 | -46628.83[00m
[91m319 | 0.10 | -10987.20 | 1456.20 | -11132.82 | 0.00 | 0.00 | -11132.82 | -13400.86[00m
217 | 0.29 | 651825616.01 | 1629.71 | 651825143.39 | -0.02 | -0.08 | 651825143.32 | 651818616.34
[91m376 | 0.19 | -25164.92 | 1669.03 | -25482.03 | 0.00 | 0.00 | -25482.03 | -29750.86[00m
[91m348 | 0.07 | -3640.04 | 1719.32 | -3760.39 | 0.00 | 0.00 | -3760.39 | -5329.60[00m
[91m289 | 0.30 | -40285.20 | 1838.99 | -40836.90 | 0.00 | 0.00 | -40836.90 | -47526.16[00m
[91m400 | 0.20 | -24013.16 | 1935.55 | -24400.27 | 0.00 | 0.00 | -24400.27 | -28840.46[00m
[91m252 | 0.16 | -20195.40 | 2026.53 | -20519.64 | 0.00 | 0.00 | -20519.64 | -24057.24[00m
[91m246 | 0.20 | -25264.20 | 2138.65 | -25691.93 | 0.00 | 0.00 | -25691.93 | -30091.51[00m
[91m351 | 0.10 | -6522.98 | 2222.69 | -6745.25 | 0.00 | 0.00 | -6745.25 | -8936.63[00m
[91m244 | 0.30 | -43741.58 | 2333.41 | -44441.60 | 0.00 | 0.00 | -44441.60 | -50982.54[00m
[91m281 | 0.08 | -4583.57 | 2365.56 | -4772.82 | 0.00 | 0.00 | -4772.82 | -6514.50[00m
[91m329 | 0.25 | -18252.95 | 2476.21 | -18872.00 | 0.00 | 0.00 | -18872.00 | -24287.08[00m
[91m299 | 0.29 | -41726.07 | 2539.40 | -42462.50 | 0.00 | 0.00 | -42462.50 | -48725.66[00m
[91m282 | 0.25 | -31671.19 | 2564.39 | -32312.29 | 0.00 | 0.00 | -32312.29 | -37705.32[00m
[91m404 | 0.19 | -26081.64 | 2595.87 | -26574.86 | 0.00 | 0.00 | -26574.86 | -30667.58[00m
[91m322 | 0.22 | -26389.05 | 2689.58 | -26980.76 | 0.00 | 0.00 | -26980.76 | -31699.09[00m
[91m336 | 0.09 | -26106.03 | 2770.83 | -26355.40 | 0.00 | 0.00 | -26355.40 | -28278.31[00m
[91m296 | 0.16 | -19411.82 | 2886.70 | -19873.69 | 0.00 | 0.00 | -19873.69 | -23273.67[00m
[91m350 | 0.07 | -2661.55 | 2976.35 | -2869.90 | 0.00 | 0.00 | -2869.90 | -4351.11[00m
[91m310 | 0.18 | -24776.55 | 3115.36 | -25337.31 | 0.00 | 0.00 | -25337.31 | -29121.13[00m
[91m277 | 0.11 | -7970.59 | 3162.69 | -8318.49 | 0.00 | 0.00 | -8318.49 | -10625.61[00m
[91m229 | 0.24 | -31173.21 | 3251.35 | -31953.53 | 0.00 | 0.00 | -31953.53 | -36965.97[00m
[91m347 | 0.16 | -20299.53 | 3308.04 | -20828.81 | 0.00 | 0.00 | -20828.81 | -24161.37[00m
[91m305 | 0.30 | -42922.47 | 3389.71 | -43939.39 | 0.00 | 0.00 | -43939.39 | -50163.43[00m
[91m248 | 0.15 | -17816.58 | 3485.92 | -18339.46 | 0.00 | 0.00 | -18339.46 | -21437.06[00m
[91m280 | 0.07 | -3603.52 | 3548.53 | -3851.92 | 0.00 | 0.00 | -3851.92 | -5293.08[00m
[91m271 | 0.29 | -42073.56 | 3623.37 | -43124.33 | 0.00 | 0.00 | -43124.33 | -49073.15[00m
[91m219 | 0.18 | -3812.35 | 3679.86 | -4474.72 | 0.00 | 0.00 | -4474.72 | -8156.92[00m
[91m302 | 0.13 | -12661.94 | 3716.33 | -13145.07 | 0.00 | 0.00 | -13145.07 | -15799.69[00m
[91m317 | 0.26 | -36681.65 | 3780.48 | -37664.57 | 0.00 | 0.00 | -37664.57 | -42957.15[00m
[91m393 | 0.06 | -2955.09 | 3849.06 | -3186.04 | 0.00 | 0.00 | -3186.04 | -4403.29[00m
[91m267 | 0.19 | -26142.24 | 3958.14 | -26894.28 | 0.00 | 0.00 | -26894.28 | -30728.18[00m
[91m270 | 0.16 | -17258.14 | 4040.56 | -17904.63 | 0.00 | 0.00 | -17904.63 | -21119.98[00m
[91m366 | 0.27 | -36767.43 | 4098.07 | -37873.91 | 0.00 | 0.00 | -37873.91 | -43284.29[00m
[91m279 | 0.24 | -34303.25 | 4139.55 | -35296.74 | 0.00 | 0.00 | -35296.74 | -40096.02[00m
[91m387 | 0.28 | -39535.53 | 4178.01 | -40705.37 | 0.00 | 0.00 | -40705.37 | -46293.75[00m
[91m360 | 0.30 | -39999.86 | 4240.67 | -41272.06 | 0.00 | 0.00 | -41272.06 | -47240.82[00m
[91m320 | 0.16 | -16127.28 | 4302.78 | -16815.72 | 0.00 | 0.00 | -16815.72 | -19989.12[00m
[91m315 | 0.11 | -12659.49 | 4380.14 | -13141.30 | 0.00 | 0.00 | -13141.30 | -15314.50[00m
[91m326 | 0.16 | -16544.89 | 4517.02 | -17267.62 | 0.00 | 0.00 | -17267.62 | -20406.74[00m
[91m202 | 0.21 | -24846.80 | -29915.47[00m
[91m203 | 0.29 | -39751.52 | -46751.12[00m
[91m204 | 0.08 | -6957.55 | -8888.48[00m
[91m205 | 0.24 | -30307.66 | -36100.43[00m
[91m206 | 0.16 | -16576.04 | -20437.89[00m
[91m207 | 0.08 | -3189.17 | -5120.09[00m
[91m208 | 0.27 | -38909.03 | -45425.89[00m
[91m209 | 0.12 | -9353.49 | -12249.88[00m
[91m210 | 0.27 | -40469.65 | -46986.51[00m
[91m211 | 0.11 | -9985.17 | -12640.19[00m
[91m213 | 0.27 | -37814.18 | -44331.04[00m
[91m214 | 0.24 | -32883.08 | -38675.85[00m
[91m215 | 0.26 | -37954.19 | -44229.69[00m
[91m216 | 0.16 | -18093.98 | -21955.83[00m
[91m218 | 0.06 | -4284.39 | -5732.58[00m
[91m220 | 0.14 | -13202.01 | -16581.12[00m
[91m221 | 0.12 | -12350.27 | -15246.65[00m
[91m222 | 0.18 | -21089.39 | -25433.97[00m
[91m223 | 0.27 | -38006.96 | -44523.83[00m
[91m224 | 0.20 | -23430.27 | -28257.58[00m
[91m225 | 0.25 | -33800.34 | -39834.47[00m
[91m226 | 0.11 | -12768.43 | -15423.45[00m
[91m227 | 0.06 | -1783.17 | -3231.36[00m
[91m230 | 0.16 | -19723.65 | -23585.49[00m
[91m232 | 0.10 | -6891.96 | -9305.61[00m
[91m233 | 0.24 | -29589.17 | -35381.94[00m
[91m234 | 0.29 | -40836.18 | -47835.77[00m
[91m235 | 0.09 | -9562.70 | -11734.99[00m
[91m237 | 0.24 | -31031.15 | -36823.92[00m
[91m239 | 0.12 | -10308.43 | -13204.81[00m
[91m240 | 0.09 | -8003.53 | -10175.81[00m
[91m241 | 0.28 | -40754.66 | -47512.88[00m
[91m242 | 0.15 | -15876.05 | -19496.53[00m
[91m243 | 0.13 | -12469.97 | -15607.72[00m
[91m245 | 0.25 | -36762.84 | -42796.98[00m
[91m247 | 0.24 | -32388.05 | -38180.82[00m
[91m249 | 0.12 | -10453.07 | -13349.46[00m
[91m251 | 0.18 | -21661.29 | -26005.87[00m
[91m253 | 0.06 | -2386.16 | -3834.35[00m
[91m255 | 0.11 | -11290.98 | -13946.00[00m
[91m256 | 0.25 | -33309.37 | -39343.51[00m
[91m257 | 0.26 | -36512.19 | -42787.69[00m
[91m258 | 0.27 | -34893.96 | -41410.82[00m
[91m259 | 0.17 | -18489.09 | -22592.30[00m
[91m260 | 0.23 | 949.64 | -4601.76[00m
[91m261 | 0.16 | -18789.08 | -22650.93[00m
[91m262 | 0.22 | -26009.17 | -31319.21[00m
[91m263 | 0.12 | -13930.02 | -16826.41[00m
[91m265 | 0.25 | -33090.52 | -39124.65[00m
[91m266 | 0.28 | -39145.41 | -45903.63[00m
[91m268 | 0.25 | -31808.84 | -37842.97[00m
[91m269 | 0.28 | -40851.93 | -47610.16[00m
[91m272 | 0.29 | -38605.10 | -45604.69[00m
[91m273 | 0.07 | -4772.22 | -6461.78[00m
[91m274 | 0.08 | -7911.16 | -9842.09[00m
[91m275 | 0.20 | -26278.45 | -31105.76[00m
[91m276 | 0.07 | -3251.70 | -4941.25[00m
[91m278 | 0.11 | -11506.04 | -14161.06[00m
[91m285 | 0.17 | -20191.34 | -24294.55[00m
[91m286 | 0.29 | -40483.23 | -47482.83[00m
[91m287 | 0.14 | -18086.71 | -21465.82[00m
[91m290 | 0.26 | -32863.51 | -39139.01[00m
[91m291 | 0.24 | -31881.56 | -37674.32[00m
[91m292 | 0.14 | -15610.20 | -18989.32[00m
[91m293 | 0.25 | -33013.25 | -39047.38[00m
[91m294 | 0.14 | -14707.89 | -18087.00[00m
[91m295 | 0.13 | -15911.69 | -19049.44[00m
[91m297 | 0.22 | -30212.59 | -35522.63[00m
[91m298 | 0.15 | -19636.64 | -23257.11[00m
[91m300 | 0.20 | -27298.69 | -32125.99[00m
[91m303 | 0.29 | -40197.00 | -47196.59[00m
[91m304 | 0.15 | -17130.55 | -20751.03[00m
[91m306 | 0.23 | -29076.07 | -34627.47[00m
[91m307 | 0.07 | -2923.18 | -4612.74[00m
[91m308 | 0.09 | -6261.13 | -8433.42[00m
[91m309 | 0.22 | -28182.79 | -33492.83[00m
[91m311 | 0.19 | -22847.37 | -27433.31[00m
[91m313 | 0.29 | -39948.61 | -46948.20[00m
[91m314 | 0.19 | -26202.57 | -30788.51[00m
[91m316 | 0.18 | -20956.71 | -25301.28[00m
[91m318 | 0.15 | -16600.90 | -20221.38[00m
[91m321 | 0.25 | -36782.96 | -42817.09[00m
[91m323 | 0.14 | -13627.44 | -17006.55[00m
[91m324 | 0.26 | -33332.94 | -39608.44[00m
[91m325 | 0.09 | -9380.46 | -11552.75[00m
[91m327 | 0.20 | -26188.77 | -31016.07[00m
[91m328 | 0.15 | -16732.07 | -20352.55[00m
[91m330 | 0.30 | -42555.91 | -49796.87[00m
[91m332 | 0.17 | -17718.88 | -21822.09[00m
[91m333 | 0.09 | -33463.89 | -35636.17[00m
[91m334 | 0.26 | -33167.68 | -39443.18[00m
[91m335 | 0.06 | -25914.89 | -27363.08[00m
[91m337 | 0.07 | -25118.35 | -26807.91[00m
[91m338 | 0.06 | -14412.67 | -15860.86[00m
[91m339 | 0.08 | -74667.84 | -76598.76[00m
[91m340 | 0.23 | -30546.53 | -36097.93[00m
[91m341 | 0.08 | -19122.45 | -21053.37[00m
[91m342 | 0.07 | -62693.26 | -64382.82[00m
[91m343 | 0.11 | -150122.64 | -152777.66[00m
[91m344 | 0.25 | -31855.30 | -37889.43[00m
[91m346 | 0.21 | -25614.45 | -30683.12[00m
[91m349 | 0.11 | -9717.77 | -12372.79[00m
[91m352 | 0.22 | -29525.72 | -34835.76[00m
[91m354 | 0.26 | -35408.26 | -41683.76[00m
[91m355 | 0.27 | -37680.49 | -44197.35[00m
[91m356 | 0.24 | -34227.97 | -40020.73[00m
[91m357 | 0.28 | -39232.41 | -45990.64[00m
[91m358 | 0.29 | -40222.21 | -47221.81[00m
[91m359 | 0.27 | -35802.03 | -42318.90[00m
[91m361 | 0.19 | -26165.83 | -30751.77[00m
[91m362 | 0.25 | -34382.24 | -40416.37[00m
[91m363 | 0.11 | -20756397.84 | -20759052.86[00m
[91m364 | 0.29 | -42688.52 | -49688.12[00m
[91m365 | 0.27 | -39625.84 | -46142.70[00m
[91m367 | 0.28 | -39732.47 | -46490.70[00m
[91m368 | 0.23 | -28974.95 | -34526.35[00m
[91m370 | 0.27 | -34512.15 | -41029.01[00m
[91m371 | 0.19 | -22150.77 | -26736.71[00m
[91m373 | 0.27 | -39808.89 | -46325.75[00m
[91m374 | 0.21 | -24680.64 | -29749.31[00m
[91m377 | 0.11 | -9740.85 | -12395.87[00m
[91m378 | 0.09 | -9662.97 | -11835.26[00m
[91m379 | 0.30 | -45320.46 | -52561.41[00m
[91m380 | 0.24 | -32129.64 | -37922.41[00m
[91m381 | 0.25 | -33988.91 | -40023.04[00m
[91m382 | 0.29 | -42626.58 | -49626.17[00m
[91m383 | 0.25 | -16863310.63 | -16869344.76[00m
[91m384 | 0.28 | -63092675.50 | -63099433.73[00m
[91m385 | 0.24 | -30099.93 | -35892.69[00m
[91m386 | 0.11 | -12146.74 | -14801.76[00m
[91m388 | 0.23 | -27762.90 | -33314.31[00m
[91m389 | 0.21 | -25594.59 | -30663.26[00m
[91m390 | 0.23 | -32718.73 | -38270.13[00m
[91m391 | 0.11 | -10632.65 | -13287.67[00m
[91m392 | 0.20 | -26994.99 | -31822.30[00m
[91m394 | 0.27 | -38788.33 | -45305.19[00m
[91m395 | 0.13 | -15879.69 | -19017.44[00m
[91m396 | 0.16 | -17153.44 | -21015.29[00m
[91m397 | 0.21 | -27963.44 | -33032.11[00m
[91m398 | 0.22 | -29641.00 | -34951.04[00m
[91m399 | 0.17 | -18007.65 | -22110.86[00m
[91m401 | 0.29 | -40373.08 | -47372.67[00m
[91m402 | 0.27 | -37907.94 | -44424.80[00m
[91m403 | 0.26 | -36030.05 | -42305.55[00m
[91m405 | 0.25 | -32664.94 | -38699.07[00m
Vehicle 2
Charging tour: 
470  -> 471  -> 414  -> 438  -> 459  -> 586  -> 466  -> 456  -> 434  -> 494  -> 601  -> 503  -> 412  -> 495  -> 598  -> 538  -> 482  -> 502  -> 463  -> 469  -> 547  -> 439  -> 485  -> 490  -> 599  -> 423  -> 457  -> 451  -> 417  -> 577  -> 610  -> 432  -> 472  -> 594  -> 420  -> 519  -> 462  -> 565  -> 497  -> 524  -> 453  -> 437  -> 422  -> 430  -> 571  -> 460  -> 411  -> 576  -> 484  -> 407  -> 583  -> 518  -> 447  -> 487  -> 425  -> 408  -> 600  -> 416  -> 579  -> 464  -> 570  -> 516  -> 481  -> 474  -> 436  -> 515  -> 409  -> 564  -> 499  -> 473  -> 543  -> 521  -> 554  -> 
Charging time: 
0  + -2.3340862217564373  + -0.1260995080847943  + 0  + 0  + 0  + 0  + -4.799111857576507  + -0.0975277886964107  + 0  + 0  + 0  + -6.018825247077764  + 0  + 0  + 0  + 0  + 0  + 0  + 0  + 0  + -4.006851985033944  + 0  + 0  + 0  + 0  + -213.4645125862363  + -416.5739828154254  + -376.91343572822984  + 0  + 0  + 0  + -6.0111201961686564  + 0  + -5.307904825224518  + 0  + 0  + 0  + -664.8289175210834  + 0  + -414.9090346741492  + -350.50145393204747  + 0  + 0  + -289.2983296817122  + -384.48467080170724  + -198.7774626340747  + 0  + 0  + 0  + 0  + -256.84564373383614  + 0  + 0  + -1.8255723210529653  + -398.7676825327081  + 0  + -396.09395780606553  + 0  + -676.7552258806804  + 0  + 0  + 0  + 0  + 0  + 0  + -0.8550197834672931  + 0  + 0  + 0  + 0  + -494.805271427312  + 0  + 
Traveling energy: 6080.5250788287685
Charging energy: -27822.008507447033
Total energy used: -21741.483428618267
Charging round duration: 516.1233773393615
ID | p | E0 | time_arrive | E_remain | time_charge | energy_charge| E_after_charge | E_after_cycle
[91m470 | 0.15 | -18250.24 | 145.63 | -18272.09 | 0.00 | 0.00 | -18272.09 | -21870.72[00m
471 | 0.29 | 6334246.19 | 170.34 | 6334196.80 | -2.33 | -11.67 | 6334185.80 | 6327234.93
414 | 0.13 | 52558600.94 | 303.11 | 52558561.53 | -0.13 | -0.63 | 52558560.92 | 52555462.56
[91m438 | 0.27 | -35465.38 | 428.42 | -35581.05 | 0.00 | 0.00 | -35581.05 | -41982.24[00m
[91m459 | 0.30 | -42181.17 | 476.00 | -42323.97 | 0.00 | 0.00 | -42323.97 | -49422.13[00m
[91m586 | 0.29 | -42832.29 | 505.66 | -42978.93 | 0.00 | 0.00 | -42978.93 | -49831.88[00m
[91m466 | 0.20 | -24477.42 | 660.51 | -24609.52 | 0.00 | 0.00 | -24609.52 | -29304.73[00m
456 | 0.24 | 2549553.94 | 808.59 | 2549359.88 | -4.80 | -24.00 | 2549337.04 | 2543737.18
434 | 0.09 | 47046570.26 | 840.81 | 47046494.58 | -0.10 | -0.49 | 47046494.10 | 47044397.48
[91m494 | 0.23 | -31260.13 | 884.72 | -31463.62 | 0.00 | 0.00 | -31463.62 | -36811.53[00m
[91m601 | 0.20 | -25210.91 | 953.71 | -25401.66 | 0.00 | 0.00 | -25401.66 | -30038.22[00m
[91m503 | 0.14 | -14402.89 | 1071.76 | -14552.94 | 0.00 | 0.00 | -14552.94 | -17782.01[00m
412 | 0.26 | 2202294.78 | 1131.08 | 2202000.70 | -6.02 | -30.09 | 2201972.17 | 2195989.19
[91m495 | 0.27 | -34692.89 | 1261.31 | -35033.45 | 0.00 | 0.00 | -35033.45 | -41209.75[00m
[91m598 | 0.16 | -19529.01 | 1313.93 | -19739.24 | 0.00 | 0.00 | -19739.24 | -23390.86[00m
[91m538 | 0.09 | -6897.18 | 1403.67 | -7023.51 | 0.00 | 0.00 | -7023.51 | -9069.47[00m
[91m482 | 0.24 | -32975.25 | 1522.40 | -33340.63 | 0.00 | 0.00 | -33340.63 | -38768.02[00m
[91m502 | 0.17 | -19562.59 | 1561.18 | -19827.99 | 0.00 | 0.00 | -19827.99 | -23665.80[00m
[91m463 | 0.10 | -6509.07 | 1607.96 | -6669.87 | 0.00 | 0.00 | -6669.87 | -8922.72[00m
[91m469 | 0.10 | -6476.03 | 1767.60 | -6652.79 | 0.00 | 0.00 | -6652.79 | -8889.68[00m
[91m547 | 0.21 | -29551.75 | 1844.44 | -29939.09 | 0.00 | 0.00 | -29939.09 | -34620.42[00m
439 | 0.30 | 3817084.65 | 1938.03 | 3816503.24 | -4.01 | -20.03 | 3816484.41 | 3809823.66
[91m485 | 0.14 | -15788.31 | 2043.78 | -16074.44 | 0.00 | 0.00 | -16074.44 | -19167.43[00m
[91m490 | 0.18 | -24223.21 | 2061.88 | -24594.35 | 0.00 | 0.00 | -24594.35 | -28567.79[00m
[91m599 | 0.27 | -40244.33 | 2079.37 | -40805.76 | 0.00 | 0.00 | -40805.76 | -46761.19[00m
[91m423 | 0.25 | -33118.81 | 2131.48 | -33651.68 | 0.00 | 0.00 | -33651.68 | -39152.94[00m
457 | 0.15 | 35824.44 | 2204.03 | 35493.84 | -213.46 | -1067.32 | 34458.53 | 31136.64
451 | 0.06 | 7342.99 | 1998.37 | 7223.09 | -416.57 | -2082.87 | 5165.21 | 3811.93
417 | 0.07 | 9468.26 | 1748.67 | 9345.85 | -376.91 | -1884.57 | 7487.67 | 5894.14
[91m577 | 0.26 | -35896.29 | 1546.00 | -36298.25 | 0.00 | 0.00 | -36298.25 | -42171.79[00m
[91m610 | 0.19 | -26968.44 | 1659.23 | -27283.69 | 0.00 | 0.00 | -27283.69 | -31554.38[00m
[91m432 | 0.24 | -33089.65 | 1732.89 | -33505.54 | 0.00 | 0.00 | -33505.54 | -38882.42[00m
472 | 0.27 | 2289929.90 | 1767.50 | 2289452.68 | -6.01 | -30.06 | 2289424.25 | 2283382.98
[91m594 | 0.08 | -4656.05 | 1907.06 | -4808.62 | 0.00 | 0.00 | -4808.62 | -6586.98[00m
420 | 0.25 | 2401213.18 | 2013.95 | 2400709.69 | -5.31 | -26.54 | 2400684.48 | 2395152.50
[91m519 | 0.16 | -21388.99 | 2019.76 | -21712.15 | 0.00 | 0.00 | -21712.15 | -25250.84[00m
[91m462 | 0.11 | -10052.96 | 2061.70 | -10279.75 | 0.00 | 0.00 | -10279.75 | -12707.98[00m
[91m565 | 0.21 | -26386.87 | 2155.86 | -26839.60 | 0.00 | 0.00 | -26839.60 | -31455.54[00m
497 | 0.14 | 10735.74 | 2171.86 | 10431.68 | -664.83 | -3324.14 | 7200.61 | 4032.48
[91m524 | 0.08 | -5996.68 | 1520.75 | -6118.34 | 0.00 | 0.00 | -6118.34 | -7927.60[00m
453 | 0.06 | 7372.46 | 1597.24 | 7276.62 | -414.91 | -2074.55 | 5226.97 | 3849.72
437 | 0.05 | 7272.67 | 1273.21 | 7209.01 | -350.50 | -1752.51 | 5474.03 | 4313.34
[91m422 | 0.25 | -34787.32 | 983.85 | -35033.28 | 0.00 | 0.00 | -35033.28 | -40821.45[00m
[91m430 | 0.17 | -20341.29 | 1129.20 | -20533.26 | 0.00 | 0.00 | -20533.26 | -24444.50[00m
571 | 0.05 | 8811.26 | 1180.26 | 8752.24 | -289.30 | -1446.49 | 7320.22 | 6157.94
460 | 0.12 | 15911.68 | 928.71 | 15800.24 | -384.48 | -1922.42 | 13923.95 | 11092.87
411 | 0.13 | 33341.88 | 613.78 | 33262.09 | -198.78 | -993.89 | 32294.04 | 29210.24
[91m576 | 0.21 | -27301.33 | 554.01 | -27417.67 | 0.00 | 0.00 | -27417.67 | -32370.00[00m
[91m484 | 0.30 | -42355.63 | 642.95 | -42548.51 | 0.00 | 0.00 | -42548.51 | -49596.58[00m
[91m407 | 0.15 | -18472.10 | 768.68 | -18587.40 | 0.00 | 0.00 | -18587.40 | -22092.58[00m
[91m583 | 0.23 | -31193.95 | 873.39 | -31394.83 | 0.00 | 0.00 | -31394.83 | -36745.35[00m
518 | 0.06 | 11909.48 | 994.49 | 11849.81 | -256.85 | -1284.23 | 10581.00 | 9177.06
[91m447 | 0.07 | -3848.61 | 862.99 | -3909.02 | 0.00 | 0.00 | -3909.02 | -5538.17[00m
[91m487 | 0.22 | -31210.29 | 931.68 | -31415.26 | 0.00 | 0.00 | -31415.26 | -36520.33[00m
425 | 0.18 | 5026750.14 | 1060.00 | 5026559.34 | -1.83 | -9.13 | 5026550.54 | 5022396.44
408 | 0.07 | 8949.36 | 1114.49 | 8871.34 | -398.77 | -1993.84 | 6905.42 | 5265.96
[91m600 | 0.18 | -23462.60 | 865.87 | -23618.46 | 0.00 | 0.00 | -23618.46 | -27807.17[00m
416 | 0.06 | 7722.66 | 988.87 | 7663.33 | -396.09 | -1980.47 | 5706.62 | 4294.00
[91m579 | 0.12 | -9366.24 | 613.15 | -9439.81 | 0.00 | 0.00 | -9439.81 | -12262.62[00m
464 | 0.11 | 8286.57 | 638.29 | 8216.36 | -676.76 | -3383.78 | 4907.03 | 2247.78
[91m570 | 0.20 | -24318.56 | 6.83 | -24319.93 | 0.00 | 0.00 | -24319.93 | -29145.87[00m
[91m516 | 0.11 | -10141.47 | 80.29 | -10150.30 | 0.00 | 0.00 | -10150.30 | -12796.49[00m
[91m481 | 0.22 | -30980.80 | 184.49 | -31021.39 | 0.00 | 0.00 | -31021.39 | -36290.84[00m
[91m474 | 0.17 | -20582.80 | 218.36 | -20619.92 | 0.00 | 0.00 | -20619.92 | -24686.01[00m
[91m436 | 0.11 | -12906.07 | 367.04 | -12946.44 | 0.00 | 0.00 | -12946.44 | -15561.09[00m
[91m515 | 0.17 | -18009.33 | 389.49 | -18075.54 | 0.00 | 0.00 | -18075.54 | -22112.54[00m
409 | 0.15 | 8943941.13 | 431.30 | 8943876.43 | -0.86 | -4.28 | 8943872.28 | 8940316.37
[91m564 | 0.06 | -2161.54 | 541.86 | -2194.06 | 0.00 | 0.00 | -2194.06 | -3609.74[00m
[91m499 | 0.10 | -10510.57 | 653.42 | -10575.91 | 0.00 | 0.00 | -10575.91 | -12924.22[00m
[91m473 | 0.10 | -11149.77 | 690.12 | -11218.78 | 0.00 | 0.00 | -11218.78 | -13563.42[00m
[91m543 | 0.24 | -31467.70 | 749.49 | -31647.58 | 0.00 | 0.00 | -31647.58 | -37260.47[00m
521 | 0.08 | 8242.70 | 841.58 | 8175.37 | -494.81 | -2474.03 | 5740.93 | 3837.75
[91m554 | 0.14 | -13064.78 | 395.84 | -13120.20 | 0.00 | 0.00 | -13120.20 | -16443.89[00m
[91m406 | 0.08 | -7456.01 | -9386.93[00m
[91m410 | 0.12 | -10960.30 | -13856.68[00m
[91m413 | 0.11 | -9556.14 | -12211.16[00m
[91m415 | 0.15 | -18039.40 | -21659.88[00m
[91m418 | 0.23 | -32041.03 | -37592.43[00m
[91m419 | 0.22 | -28568.73 | -33878.77[00m
[91m421 | 0.28 | -37728.73 | -44486.96[00m
[91m424 | 0.18 | -22747.82 | -27092.40[00m
[91m426 | 0.11 | -11813.14 | -14468.16[00m
[91m427 | 0.21 | -27119.99 | -32188.66[00m
[91m428 | 0.12 | -12897.12 | -15793.50[00m
[91m429 | 0.12 | -14246.41 | -17142.79[00m
[91m431 | 0.23 | -27935.15 | -33486.56[00m
[91m433 | 0.15 | -19355.46 | -22975.94[00m
[91m435 | 0.24 | -30244.27 | -36037.04[00m
[91m440 | 0.23 | -29184.21 | -34735.62[00m
[91m441 | 0.22 | -29147.92 | -34457.96[00m
[91m442 | 0.13 | -13209.34 | -16347.09[00m
[91m443 | 0.29 | -38330.30 | -45329.90[00m
444 | 0.06 | 7346.80 | 5898.61
[91m445 | 0.22 | -30973.15 | -36283.19[00m
[91m446 | 0.09 | -8706.17 | -10878.46[00m
[91m448 | 0.18 | -21414.53 | -25759.10[00m
[91m449 | 0.13 | -15143.95 | -18281.69[00m
[91m450 | 0.11 | -9371.01 | -12026.03[00m
[91m452 | 0.22 | -26228.57 | -31538.60[00m
454 | 0.06 | 10135.19 | 8687.00
[91m455 | 0.18 | -22359.10 | -26703.67[00m
[91m458 | 0.25 | -36059.69 | -42093.82[00m
461 | 0.10 | 6638.27 | 4224.62
[91m465 | 0.20 | -24412.63 | -29239.94[00m
[91m467 | 0.12 | -10507.49 | -13403.87[00m
[91m468 | 0.27 | -35359.73 | -41876.60[00m
[91m475 | 0.21 | -26199.85 | -31268.52[00m
[91m476 | 0.12 | -12293.20 | -15189.58[00m
[91m477 | 0.28 | -37573.89 | -44332.11[00m
[91m478 | 0.10 | -8183.23 | -10596.88[00m
[91m479 | 0.11 | -10545.85 | -13200.87[00m
[91m480 | 0.17 | -20079.71 | -24182.92[00m
[91m483 | 0.13 | -16381.06 | -19518.81[00m
486 | 0.11 | 13255.43 | 10600.42
488 | 0.12 | 9279.85 | 6383.47
[91m489 | 0.15 | -18225.06 | -21845.54[00m
[91m491 | 0.20 | -25085.32 | -29912.62[00m
[91m492 | 0.19 | -22788.32 | -27374.26[00m
[91m493 | 0.21 | -26749.79 | -31818.46[00m
[91m496 | 0.28 | -40371.15 | -47129.37[00m
498 | 0.10 | 11329.82 | 8916.17
[91m500 | 0.12 | -14004.48 | -16900.87[00m
[91m501 | 0.12 | -13297.14 | -16193.52[00m
[91m504 | 0.25 | -33838.67 | -39872.80[00m
[91m505 | 0.10 | -9851.16 | -12264.81[00m
[91m506 | 0.27 | -37465.57 | -43982.43[00m
[91m507 | 0.28 | -38700.98 | -45459.21[00m
[91m508 | 0.29 | -42086.34 | -49085.93[00m
[91m509 | 0.18 | -21917.94 | -26262.52[00m
[91m510 | 0.11 | -11094.35 | -13749.36[00m
[91m511 | 0.22 | -28607.18 | -33917.21[00m
[91m512 | 0.27 | -40472.91 | -46989.78[00m
[91m513 | 0.09 | -7093.95 | -9266.23[00m
[91m514 | 0.22 | -26982.57 | -32292.61[00m
[91m517 | 0.30 | -40723.92 | -47964.88[00m
[91m520 | 0.20 | -24428.80 | -29256.11[00m
[91m522 | 0.29 | -41774.17 | -48773.76[00m
[91m523 | 0.19 | -24654.75 | -29240.69[00m
[91m525 | 0.22 | -30427.23 | -35737.27[00m
[91m526 | 0.30 | -44370.28 | -51611.24[00m
[91m527 | 0.14 | -15070.18 | -18449.30[00m
[91m528 | 0.18 | -23049.90 | -27394.48[00m
[91m529 | 0.09 | -7476.03 | -9648.32[00m
[91m530 | 0.16 | -18586.33 | -22448.18[00m
[91m531 | 0.19 | -24986.26 | -29572.20[00m
[91m532 | 0.21 | -29178.57 | -34247.24[00m
[91m533 | 0.25 | -35550.84 | -41584.97[00m
[91m534 | 0.14 | -14864.99 | -18244.11[00m
[91m535 | 0.16 | -19596.01 | -23457.85[00m
[91m536 | 0.10 | -10815.82 | -13229.47[00m
[91m537 | 0.08 | -7914.76 | -9845.69[00m
[91m539 | 0.21 | -28953.88 | -34022.55[00m
[91m540 | 0.29 | -39271.09 | -46270.69[00m
[91m541 | 0.23 | -27690.48 | -33241.88[00m
[91m542 | 0.13 | -11081.33 | -14219.08[00m
[91m544 | 0.09 | -7714.78 | -9887.07[00m
[91m545 | 0.09 | -9638.86 | -11811.15[00m
[91m546 | 0.26 | -35877.01 | -42152.51[00m
[91m548 | 0.12 | -13168.80 | -16065.19[00m
[91m549 | 0.20 | -27924.29 | -32751.60[00m
[91m550 | 0.08 | -7244.92 | -9175.85[00m
[91m551 | 0.18 | -19570.05 | -23914.62[00m
[91m552 | 0.30 | -42896.15 | -50137.11[00m
[91m553 | 0.23 | -30573.55 | -36124.95[00m
[91m555 | 0.13 | -10349207.59 | -10352345.34[00m
[91m556 | 0.11 | -16151515.31 | -16154170.33[00m
[91m557 | 0.08 | -431411.52 | -433342.44[00m
[91m558 | 0.28 | -36961.59 | -43719.81[00m
[91m559 | 0.19 | -24523.05 | -29108.99[00m
[91m560 | 0.22 | -31459.28 | -36769.32[00m
[91m561 | 0.29 | -41736.22 | -48735.82[00m
[91m562 | 0.11 | -12641.51 | -15296.52[00m
[91m563 | 0.23 | -28049.82 | -33601.22[00m
[91m566 | 0.15 | -18777.06 | -22397.54[00m
[91m567 | 0.27 | -35980.56 | -42497.42[00m
[91m568 | 0.15 | -18728.91 | -22349.39[00m
[91m569 | 0.26 | -36146.98 | -42422.48[00m
[91m572 | 0.22 | -26444.15 | -31754.19[00m
[91m573 | 0.19 | -25788.26 | -30374.20[00m
[91m574 | 0.26 | -34300.50 | -40575.99[00m
[91m575 | 0.14 | -16270.99 | -19650.10[00m
[91m578 | 0.13 | -17747031.97 | -17750169.72[00m
[91m580 | 0.27 | -38628.19 | -45145.06[00m
[91m581 | 0.13 | -15491.52 | -18629.26[00m
[91m582 | 0.30 | -45409.99 | -52650.95[00m
[91m584 | 0.18 | -21260.63 | -25605.21[00m
[91m585 | 0.16 | -16341.08 | -20202.92[00m
[91m587 | 0.21 | -29673.35 | -34742.02[00m
[91m588 | 0.11 | -10164.11 | -12819.13[00m
[91m589 | 0.11 | -13084.07 | -15739.08[00m
[91m590 | 0.21 | -29254.65 | -34323.32[00m
[91m591 | 0.20 | -23369.41 | -28196.72[00m
[91m592 | 0.05 | -3160.32 | -4367.15[00m
[91m593 | 0.20 | -24921.77 | -29749.07[00m
[91m595 | 0.09 | -8719.42 | -10891.71[00m
[91m596 | 0.23 | -30676.97 | -36228.37[00m
[91m597 | 0.21 | -26187.14 | -31255.82[00m
[91m602 | 0.15 | -19436.41 | -23056.89[00m
[91m603 | 0.10 | -9621.36 | -12035.02[00m
[91m604 | 0.23 | -32802.34 | -38353.74[00m
[91m605 | 0.23 | -31691.03 | -37242.43[00m
[91m606 | 0.23 | -29367.96 | -34919.36[00m
[91m607 | 0.27 | -35773.24 | -42290.10[00m
[91m608 | 0.25 | -36147.62 | -42181.75[00m
[91m609 | 0.30 | -40010.19 | -47251.15[00m
Vehicle 3
Charging tour: 
739  -> 699  -> 693  -> 640  -> 716  -> 780  -> 788  -> 793  -> 673  -> 689  -> 728  -> 664  -> 652  -> 656  -> 617  -> 671  -> 670  -> 663  -> 651  -> 715  -> 778  -> 695  -> 687  -> 655  -> 717  -> 719  -> 686  -> 614  -> 711  -> 749  -> 628  -> 787  -> 641  -> 658  -> 773  -> 647  -> 750  -> 660  -> 684  -> 636  -> 633  -> 661  -> 733  -> 653  -> 729  -> 690  -> 678  -> 612  -> 704  -> 625  -> 627  -> 709  -> 769  -> 644  -> 786  -> 713  -> 626  -> 666  -> 675  -> 611  -> 703  -> 665  -> 748  -> 776  -> 779  -> 646  -> 679  -> 622  -> 654  -> 616  -> 645  -> 619  -> 613  -> 631  -> 634  -> 677  -> 683  -> 676  -> 727  -> 710  -> 685  -> 648  -> 720  -> 765  -> 649  -> 
Charging time: 
0  + 0  + 0  + -0.4189867361411992  + 0  + 0  + 0  + 0  + -0.43229334184965  + 0  + 0  + -0.5437127512079207  + 0  + -0.6297952924808907  + -0.5018960444726688  + 0  + 0  + -0.7220143584558898  + -0.6860389363025419  + 0  + 0  + 0  + 0  + 0  + 0  + 0  + -0.6499486155568944  + 0  + 0  + 0  + -0.33516807939397664  + 0  + 0  + 0  + 0  + 0  + 0  + -0.6172300901757921  + 0  + -0.10771027049882698  + -0.2211920230433282  + 0  + 0  + 0  + 0  + 0  + -0.3024863604460211  + 0  + 0  + -0.6445611186113478  + 0  + 0  + 0  + 0  + 0  + 0  + 0  + 0  + 0  + 0  + 0  + -0.5453387557347484  + 0  + 0  + 0  + -0.5862933677200861  + 0  + 0  + 0  + -0.0005700737273185003  + 0  + -0.2540292965017666  + 0  + 0  + 0  + 0  + 0  + -0.286008892894448  + 0  + 0  + -0.0023157072832791763  + 0  + 0  + 0  + 0  + 
Traveling energy: 7277.192091891346
Charging energy: -42.43795056249298
Total energy used: 7234.754141328853
Charging round duration: 7268.704501778847
ID | p | E0 | time_arrive | E_remain | time_charge | energy_charge| E_after_charge | E_after_cycle
[91m739 | 0.18 | -22416.55 | 132.54 | -22440.41 | 0.00 | 0.00 | -22440.41 | -26761.13[00m
[91m699 | 0.13 | -12973.72 | 261.78 | -13007.75 | 0.00 | 0.00 | -13007.75 | -16111.47[00m
[91m693 | 0.13 | -14047.73 | 349.23 | -14093.13 | 0.00 | 0.00 | -14093.13 | -17185.48[00m
640 | 0.23 | 14299521.68 | 434.55 | 14299421.73 | -0.42 | -2.09 | 14299419.74 | 14293968.19
[91m716 | 0.12 | -9884.77 | 566.63 | -9952.76 | 0.00 | 0.00 | -9952.76 | -12781.15[00m
[91m780 | 0.14 | -15103.61 | 605.62 | -15188.40 | 0.00 | 0.00 | -15188.40 | -18482.73[00m
[91m788 | 0.13 | -13230.00 | 749.04 | -13327.37 | 0.00 | 0.00 | -13327.37 | -16367.74[00m
[91m793 | 0.25 | -36528.74 | 910.82 | -36756.45 | 0.00 | 0.00 | -36756.45 | -42562.87[00m
673 | 0.25 | 15064523.92 | 943.05 | 15064288.16 | -0.43 | -2.16 | 15064286.11 | 15058487.63
[91m689 | 0.10 | -10546.18 | 1046.44 | -10650.82 | 0.00 | 0.00 | -10650.82 | -12959.83[00m
[91m728 | 0.29 | -39156.42 | 1152.09 | -39490.52 | 0.00 | 0.00 | -39490.52 | -46156.01[00m
664 | 0.22 | 10540157.78 | 1340.71 | 10539862.82 | -0.54 | -2.72 | 10539860.22 | 10534845.02
[91m652 | 0.08 | -7439.84 | 1410.57 | -7552.69 | 0.00 | 0.00 | -7552.69 | -9370.76[00m
656 | 0.24 | 9926720.20 | 1441.13 | 9926374.33 | -0.63 | -3.15 | 9926371.33 | 9920924.29
617 | 0.22 | 11418337.01 | 1499.82 | 11418007.05 | -0.50 | -2.51 | 11418004.65 | 11413024.47
[91m671 | 0.21 | -26104.69 | 1604.82 | -26441.70 | 0.00 | 0.00 | -26441.70 | -31173.36[00m
[91m670 | 0.16 | -16333.01 | 1654.43 | -16597.72 | 0.00 | 0.00 | -16597.72 | -20194.85[00m
663 | 0.28 | 10101971.67 | 1809.86 | 10101464.91 | -0.72 | -3.61 | 10101461.50 | 10095209.83
651 | 0.27 | 10252008.29 | 1867.84 | 10251503.97 | -0.69 | -3.43 | 10251500.72 | 10245487.99
[91m715 | 0.30 | -42643.99 | 1947.11 | -43228.12 | 0.00 | 0.00 | -43228.12 | -49884.95[00m
[91m778 | 0.12 | -10953.61 | 1956.35 | -11188.37 | 0.00 | 0.00 | -11188.37 | -13849.99[00m
[91m695 | 0.09 | -7249.11 | 2074.46 | -7435.82 | 0.00 | 0.00 | -7435.82 | -9421.40[00m
[91m687 | 0.11 | -12766.40 | 2109.04 | -12998.40 | 0.00 | 0.00 | -12998.40 | -15421.42[00m
[91m655 | 0.11 | -12069.02 | 2176.39 | -12308.42 | 0.00 | 0.00 | -12308.42 | -14724.04[00m
[91m717 | 0.25 | -31226.17 | 2200.80 | -31776.37 | 0.00 | 0.00 | -31776.37 | -37260.30[00m
[91m719 | 0.06 | -3547.35 | 2260.04 | -3682.95 | 0.00 | 0.00 | -3682.95 | -4995.54[00m
686 | 0.23 | 9218128.59 | 2342.85 | 9217589.74 | -0.65 | -3.25 | 9217586.64 | 9212573.94
[91m614 | 0.14 | -16558.17 | 2366.80 | -16889.53 | 0.00 | 0.00 | -16889.53 | -19937.29[00m
[91m711 | 0.30 | -41995.55 | 2522.15 | -42752.19 | 0.00 | 0.00 | -42752.19 | -49236.51[00m
[91m749 | 0.09 | -7336.78 | 2620.12 | -7572.59 | 0.00 | 0.00 | -7572.59 | -9509.07[00m
628 | 0.17 | 13212354.57 | 2740.82 | 13211888.63 | -0.34 | -1.68 | 13211887.01 | 13208249.68
[91m787 | 0.10 | -11308.48 | 2859.49 | -11594.43 | 0.00 | 0.00 | -11594.43 | -13722.13[00m
[91m641 | 0.07 | -6327.52 | 2880.70 | -6529.17 | 0.00 | 0.00 | -6529.17 | -8017.07[00m
[91m658 | 0.13 | -11755.54 | 2917.21 | -12134.78 | 0.00 | 0.00 | -12134.78 | -14893.29[00m
[91m773 | 0.21 | -25813.55 | 3036.46 | -26451.21 | 0.00 | 0.00 | -26451.21 | -30882.22[00m
[91m647 | 0.19 | -23367.39 | 3064.47 | -23949.63 | 0.00 | 0.00 | -23949.63 | -27953.33[00m
[91m750 | 0.14 | -14688.82 | 3229.25 | -15140.91 | 0.00 | 0.00 | -15140.91 | -18067.93[00m
660 | 0.23 | 9706769.02 | 3288.45 | 9706012.68 | -0.62 | -3.09 | 9706009.73 | 9701214.53
[91m684 | 0.18 | -22733.36 | 3294.28 | -23326.33 | 0.00 | 0.00 | -23326.33 | -27077.93[00m
636 | 0.18 | 43532071.90 | 3375.82 | 43531464.26 | -0.11 | -0.54 | 43531463.74 | 43527726.79
633 | 0.19 | 22375775.16 | 3424.33 | 22375124.54 | -0.22 | -1.11 | 22375123.48 | 22371188.12
[91m661 | 0.15 | -15212.05 | 3442.00 | -15728.35 | 0.00 | 0.00 | -15728.35 | -18832.53[00m
[91m733 | 0.14 | -17804.89 | 3541.24 | -18300.66 | 0.00 | 0.00 | -18300.66 | -21184.00[00m
[91m653 | 0.17 | -20766.72 | 3613.40 | -21381.00 | 0.00 | 0.00 | -21381.00 | -24869.93[00m
[91m729 | 0.21 | -29440.68 | 3744.17 | -30226.96 | 0.00 | 0.00 | -30226.96 | -34509.35[00m
[91m690 | 0.06 | -11913.98 | 3852.91 | -12145.15 | 0.00 | 0.00 | -12145.15 | -13362.17[00m
678 | 0.21 | 18084539.21 | 3896.27 | 18083721.00 | -0.30 | -1.51 | 18083719.55 | 18079469.03
[91m612 | 0.22 | -27572.42 | 4050.23 | -28463.48 | 0.00 | 0.00 | -28463.48 | -32882.46[00m
[91m704 | 0.13 | -13947.10 | 4129.29 | -14483.91 | 0.00 | 0.00 | -14483.91 | -17084.85[00m
625 | 0.24 | 9699315.51 | 4186.41 | 9698310.77 | -0.64 | -3.22 | 9698307.70 | 9693519.52
[91m627 | 0.21 | -26957.40 | 4267.18 | -27853.51 | 0.00 | 0.00 | -27853.51 | -32026.07[00m
[91m709 | 0.17 | -19475.57 | 4377.55 | -20219.76 | 0.00 | 0.00 | -20219.76 | -23578.78[00m
[91m769 | 0.19 | -23396.37 | 4413.39 | -24234.91 | 0.00 | 0.00 | -24234.91 | -27982.31[00m
[91m644 | 0.21 | -29357.85 | 4473.28 | -30297.24 | 0.00 | 0.00 | -30297.24 | -34426.52[00m
[91m786 | 0.09 | -9183.23 | 4531.14 | -9591.03 | 0.00 | 0.00 | -9591.03 | -11355.51[00m
[91m713 | 0.13 | -10942.63 | 4616.34 | -11542.76 | 0.00 | 0.00 | -11542.76 | -14080.38[00m
[91m626 | 0.06 | -3722.72 | 4763.78 | -4008.55 | 0.00 | 0.00 | -4008.55 | -5170.91[00m
[91m666 | 0.26 | -35750.94 | 4841.55 | -37009.75 | 0.00 | 0.00 | -37009.75 | -42026.44[00m
[91m675 | 0.21 | -28625.42 | 4874.98 | -29649.16 | 0.00 | 0.00 | -29649.16 | -33694.09[00m
[91m611 | 0.10 | -6041.73 | 5032.73 | -6545.01 | 0.00 | 0.00 | -6545.01 | -8455.39[00m
[91m703 | 0.23 | -29301.92 | 5146.07 | -30485.52 | 0.00 | 0.00 | -30485.52 | -34853.32[00m
665 | 0.21 | 10031061.22 | 5188.63 | 10029971.61 | -0.55 | -2.73 | 10029969.00 | 10025989.83
[91m748 | 0.28 | -37131.55 | 5208.70 | -38589.99 | 0.00 | 0.00 | -38589.99 | -43889.78[00m
[91m776 | 0.25 | -36489.53 | 5285.59 | -37810.93 | 0.00 | 0.00 | -37810.93 | -42523.66[00m
[91m779 | 0.19 | -25622.39 | 5345.99 | -26638.13 | 0.00 | 0.00 | -26638.13 | -30208.33[00m
646 | 0.27 | 11996173.33 | 5396.13 | 11994716.37 | -0.59 | -2.93 | 11994713.60 | 11989653.53
[91m679 | 0.08 | -7490.31 | 5480.02 | -7928.71 | 0.00 | 0.00 | -7928.71 | -9421.23[00m
[91m622 | 0.23 | -28410.11 | 5535.20 | -29683.20 | 0.00 | 0.00 | -29683.20 | -33961.51[00m
[91m654 | 0.19 | -21407.08 | 5627.59 | -22476.32 | 0.00 | 0.00 | -22476.32 | -25993.02[00m
616 | 0.11 | 5026383349.76 | 5671.37 | 5026382725.91 | -0.00 | -0.00 | 5026382725.91 | 5026380694.74
[91m645 | 0.08 | -4735.86 | 5823.36 | -5201.73 | 0.00 | 0.00 | -5201.73 | -6666.78[00m
619 | 0.20 | 20508794.78 | 5944.26 | 20507605.93 | -0.25 | -1.27 | 20507604.71 | 20503966.21
[91m613 | 0.05 | -2225.91 | 6059.08 | -2528.87 | 0.00 | 0.00 | -2528.87 | -3432.74[00m
[91m631 | 0.07 | -1683.64 | 6146.90 | -2113.92 | 0.00 | 0.00 | -2113.92 | -3373.20[00m
[91m634 | 0.12 | -9942.27 | 6211.92 | -10687.70 | 0.00 | 0.00 | -10687.70 | -12838.65[00m
[91m677 | 0.20 | -25713.46 | 6236.46 | -26960.75 | 0.00 | 0.00 | -26960.75 | -30540.76[00m
[91m683 | 0.18 | -21497.77 | 6337.55 | -22638.53 | 0.00 | 0.00 | -22638.53 | -25842.35[00m
676 | 0.22 | 20037202.77 | 6406.61 | 20035793.32 | -0.29 | -1.43 | 20035791.95 | 20031891.31
[91m727 | 0.26 | -36646.96 | 6507.86 | -38339.01 | 0.00 | 0.00 | -38339.01 | -42922.46[00m
[91m710 | 0.28 | -40703.32 | 6649.36 | -42565.14 | 0.00 | 0.00 | -42565.14 | -47461.55[00m
685 | 0.29 | 3262182740.33 | 6756.48 | 3262180780.95 | -0.00 | -0.01 | 3262180780.94 | 3262175740.72
[91m648 | 0.12 | -11039.44 | 6801.95 | -11855.67 | 0.00 | 0.00 | -11855.67 | -13935.82[00m
[91m720 | 0.11 | -12595.59 | 6922.94 | -13357.12 | 0.00 | 0.00 | -13357.12 | -15250.61[00m
[91m765 | 0.30 | -41931.46 | 7019.10 | -44037.19 | 0.00 | 0.00 | -44037.19 | -49172.42[00m
[91m649 | 0.20 | -25810.63 | 7121.24 | -27234.88 | 0.00 | 0.00 | -27234.88 | -30637.93[00m
[91m615 | 0.25 | -31841.46 | -37875.59[00m
[91m618 | 0.10 | -8523.02 | -10936.68[00m
[91m620 | 0.14 | -14887.32 | -18266.43[00m
[91m621 | 0.14 | -17767.67 | -21146.78[00m
[91m623 | 0.10 | -9638.38 | -12052.03[00m
[91m624 | 0.06 | -2072.40 | -3520.59[00m
[91m629 | 0.18 | -23973.41 | -28317.99[00m
[91m630 | 0.28 | -39058.90 | -45817.12[00m
[91m632 | 0.10 | -7574.16 | -9987.81[00m
[91m635 | 0.06 | -4793.49 | -6241.68[00m
[91m637 | 0.28 | -38816.99 | -45575.22[00m
[91m638 | 0.16 | -19833.75 | -23695.60[00m
[91m639 | 0.25 | -34220.39 | -40254.52[00m
[91m642 | 0.22 | -30527.58 | -35837.62[00m
[91m643 | 0.06 | -4569.98 | -6018.18[00m
[91m650 | 0.07 | -5560.42 | -7249.97[00m
[91m657 | 0.10 | -6864.20 | -9277.86[00m
[91m659 | 0.19 | -26096.94 | -30682.88[00m
[91m662 | 0.13 | -16484.99 | -19622.74[00m
[91m667 | 0.07 | -5631.16 | -7320.72[00m
[91m668 | 0.24 | -30843.74 | -36636.50[00m
[91m669 | 0.05 | 886.80 | -320.03[00m
[91m672 | 0.25 | -35800.50 | -41834.63[00m
[91m674 | 0.28 | -39166.54 | -45924.76[00m
[91m680 | 0.11 | -8594.65 | -11249.67[00m
[91m681 | 0.06 | -10809.15 | -12257.34[00m
[91m682 | 0.07 | -2885.84 | -4575.40[00m
[91m688 | 0.18 | -20595.94 | -24940.52[00m
[91m691 | 0.07 | -7351.25 | -9040.81[00m
[91m692 | 0.24 | -32769.81 | -38562.57[00m
[91m694 | 0.19 | -21329.38 | -25915.32[00m
[91m696 | 0.06 | -6758.55 | -8206.75[00m
[91m697 | 0.17 | -20268.16 | -24371.37[00m
[91m698 | 0.11 | -12393.81 | -15048.83[00m
[91m700 | 0.23 | -30589.03 | -36140.43[00m
[91m701 | 0.15 | -19027.84 | -22648.32[00m
[91m702 | 0.29 | -38140.33 | -45139.92[00m
[91m705 | 0.08 | -6389.04 | -8319.96[00m
[91m706 | 0.11 | -10121.61 | -12776.63[00m
[91m707 | 0.19 | -22007.27 | -26593.21[00m
[91m708 | 0.25 | -34448.00 | -40482.14[00m
[91m712 | 0.19 | -20913.24 | -25499.18[00m
[91m714 | 0.26 | -38326.36 | -44601.86[00m
[91m718 | 0.26 | -33036.35 | -39311.84[00m
[91m721 | 0.18 | -21465.47 | -25810.05[00m
[91m722 | 0.15 | -18525.17 | -22145.65[00m
[91m723 | 0.12 | -10973.77 | -13870.16[00m
[91m724 | 0.16 | -21132.59 | -24994.44[00m
[91m725 | 0.25 | -33055.04 | -39089.17[00m
[91m726 | 0.10 | -8398.14 | -10811.79[00m
[91m730 | 0.26 | -33281.15 | -39556.64[00m
[91m731 | 0.06 | -5313.88 | -6762.07[00m
[91m732 | 0.29 | -43793.49 | -50793.09[00m
[91m734 | 0.09 | -6632.57 | -8804.86[00m
[91m735 | 0.14 | -17454.35 | -20833.47[00m
[91m736 | 0.22 | -30067.31 | -35377.35[00m
[91m737 | 0.19 | -24163.70 | -28749.64[00m
[91m738 | 0.19 | -25713.18 | -30299.12[00m
[91m740 | 0.17 | -22444.29 | -26547.50[00m
[91m741 | 0.06 | -3671.55 | -5119.74[00m
[91m742 | 0.25 | -34324.52 | -40358.65[00m
[91m743 | 0.11 | -11541.92 | -14196.94[00m
[91m744 | 0.11 | -11478.43 | -14133.45[00m
[91m745 | 0.21 | -28049.78 | -33118.45[00m
[91m746 | 0.21 | -26464.80 | -31533.47[00m
[91m747 | 0.25 | -31826.66 | -37860.79[00m
[91m751 | 0.07 | -6568246.96 | -6569936.52[00m
[91m752 | 0.10 | -55474196.12 | -55476609.77[00m
[91m753 | 0.10 | -61712069.50 | -61714483.15[00m
[91m754 | 0.13 | -72988040.83 | -72991178.58[00m
[91m755 | 0.10 | -61113582.36 | -61115996.02[00m
[91m756 | 0.14 | -1571002790.05 | -1571006169.17[00m
[91m757 | 0.11 | -24522953.29 | -24525608.31[00m
[91m758 | 0.08 | -15524541.46 | -15526472.38[00m
[91m759 | 0.14 | -132875919.09 | -132879298.20[00m
[91m760 | 0.13 | -406442990.27 | -406446128.02[00m
[91m761 | 0.10 | -13844043.98 | -13846457.64[00m
[91m762 | 0.07 | -17951115.82 | -17952805.37[00m
[91m763 | 0.06 | -1110.99 | -2559.18[00m
[91m764 | 0.24 | -30941.21 | -36733.98[00m
[91m766 | 0.16 | -18552.94 | -22414.78[00m
[91m767 | 0.23 | -29887.93 | -35439.33[00m
[91m768 | 0.11 | -10412.58 | -13067.60[00m
[91m770 | 0.16 | -20949.06 | -24810.90[00m
[91m771 | 0.15 | -19176.36 | -22796.83[00m
[91m772 | 0.16 | -21181.61 | -25043.46[00m
[91m774 | 0.21 | -26125.87 | -31194.54[00m
[91m775 | 0.13 | -11681.14 | -14818.89[00m
[91m777 | 0.29 | -41366.78 | -48366.38[00m
[91m781 | 0.15 | -16995.12 | -20615.60[00m
[91m782 | 0.25 | -33805.59 | -39839.72[00m
[91m783 | 0.18 | -23049.60 | -27394.18[00m
[91m784 | 0.20 | -26984.61 | -31811.92[00m
[91m785 | 0.11 | -8768960.04 | -8771615.06[00m
[91m789 | 0.16 | -18066.50 | -21928.35[00m
[91m790 | 0.15 | -15042.92 | -18663.40[00m
[91m791 | 0.24 | -32472.14 | -38264.91[00m
[91m792 | 0.11 | -11752.53 | -14407.54[00m
Vehicle 4
Charging tour: 
997  -> 991  -> 941  -> 829  -> 940  -> 981  -> 839  -> 818  -> 873  -> 855  -> 932  -> 825  -> 810  -> 843  -> 908  -> 850  -> 835  -> 945  -> 794  -> 806  -> 923  -> 824  -> 883  -> 903  -> 803  -> 964  -> 986  -> 814  -> 984  -> 865  -> 849  -> 842  -> 868  -> 854  -> 894  -> 808  -> 856  -> 895  -> 821  -> 813  -> 957  -> 962  -> 811  -> 820  -> 823  -> 943  -> 887  -> 861  -> 896  -> 847  -> 871  -> 985  -> 995  -> 938  -> 922  -> 988  -> 869  -> 999  -> 815  -> 963  -> 951  -> 
Charging time: 
0  + 0  + 0  + 0  + 0  + 0  + -4.328727594874608  + 0  + 0  + 0  + 0  + 0  + -2.664280569558615  + 0  + 0  + 0  + 0  + 0  + -0.02923406026809516  + 0  + 0  + 0  + 0  + 0  + 0  + 0  + 0  + -0.10917736772481519  + 0  + 0  + 0  + -0.0507601016173171  + 0  + -0.001228483121505588  + 0  + 0  + 0  + 0  + 0  + -2.8906117671069835  + 0  + 0  + 0  + 0  + 0  + 0  + 0  + 0  + 0  + 0  + 0  + 0  + 0  + 0  + 0  + 0  + 0  + 0  + 0  + 0  + 0  + 
Traveling energy: 5904.463924726426
Charging energy: -50.37009972135969
Total energy used: 5854.093825005066
Charging round duration: 5894.389904782154
ID | p | E0 | time_arrive | E_remain | time_charge | energy_charge| E_after_charge | E_after_cycle
[91m997 | 0.28 | -37358.53 | 14.26 | -37362.53 | 0.00 | 0.00 | -37362.53 | -44116.76[00m
[91m991 | 0.12 | -14032.08 | 198.25 | -14055.87 | 0.00 | 0.00 | -14055.87 | -16928.46[00m
[91m941 | 0.18 | -21417.10 | 325.51 | -21475.69 | 0.00 | 0.00 | -21475.69 | -25761.68[00m
[91m829 | 0.19 | -24428.84 | 496.80 | -24523.24 | 0.00 | 0.00 | -24523.24 | -29014.79[00m
[91m940 | 0.07 | -4863.36 | 638.69 | -4908.07 | 0.00 | 0.00 | -4908.07 | -6552.91[00m
[91m981 | 0.11 | -7851.12 | 687.10 | -7926.70 | 0.00 | 0.00 | -7926.70 | -10506.13[00m
839 | 0.29 | 2048354.31 | 750.30 | 2048136.72 | -4.33 | -21.64 | 2048116.34 | 2041333.07
[91m818 | 0.24 | -34561.47 | 814.02 | -34756.84 | 0.00 | 0.00 | -34756.84 | -40354.24[00m
[91m873 | 0.25 | -33721.65 | 912.08 | -33949.67 | 0.00 | 0.00 | -33949.67 | -39755.78[00m
[91m855 | 0.11 | -7806.34 | 1008.39 | -7917.26 | 0.00 | 0.00 | -7917.26 | -10461.36[00m
[91m932 | 0.08 | -3179.58 | 1053.56 | -3263.86 | 0.00 | 0.00 | -3263.86 | -5110.50[00m
[91m825 | 0.26 | -35534.71 | 1139.95 | -35831.10 | 0.00 | 0.00 | -35831.10 | -41810.21[00m
810 | 0.25 | 2868979.14 | 1275.25 | 2868660.32 | -2.66 | -13.32 | 2868647.67 | 2862931.68
[91m843 | 0.09 | -8459.09 | 1419.23 | -8586.82 | 0.00 | 0.00 | -8586.82 | -10631.38[00m
[91m908 | 0.27 | -39682.42 | 1476.63 | -40081.11 | 0.00 | 0.00 | -40081.11 | -46199.28[00m
[91m850 | 0.15 | -16127.64 | 1557.08 | -16361.20 | 0.00 | 0.00 | -16361.20 | -19748.12[00m
[91m835 | 0.15 | -16155.19 | 1580.72 | -16392.29 | 0.00 | 0.00 | -16392.29 | -19775.67[00m
[91m945 | 0.06 | -1016.24 | 1705.98 | -1118.60 | 0.00 | 0.00 | -1118.60 | -2464.43[00m
794 | 0.15 | 156880678.92 | 1755.38 | 156880415.61 | -0.03 | -0.15 | 156880415.47 | 156877058.29
[91m806 | 0.09 | -5006.33 | 1819.81 | -5170.11 | 0.00 | 0.00 | -5170.11 | -7178.62[00m
[91m923 | 0.14 | -12808.47 | 1894.11 | -13073.64 | 0.00 | 0.00 | -13073.64 | -16187.58[00m
[91m824 | 0.20 | -27412.53 | 1992.03 | -27810.94 | 0.00 | 0.00 | -27810.94 | -32239.84[00m
[91m883 | 0.13 | -11179.60 | 2070.08 | -11448.71 | 0.00 | 0.00 | -11448.71 | -14317.35[00m
[91m903 | 0.12 | -10239.33 | 2109.05 | -10492.41 | 0.00 | 0.00 | -10492.41 | -13135.71[00m
[91m803 | 0.10 | -11587.53 | 2133.49 | -11800.88 | 0.00 | 0.00 | -11800.88 | -14001.18[00m
[91m964 | 0.26 | -33994.87 | 2214.53 | -34570.64 | 0.00 | 0.00 | -34570.64 | -40270.36[00m
[91m986 | 0.20 | -23983.52 | 2337.17 | -24450.95 | 0.00 | 0.00 | -24450.95 | -28810.82[00m
814 | 0.07 | 19603461.31 | 2494.27 | 19603286.71 | -0.11 | -0.55 | 19603286.17 | 19601771.20
[91m984 | 0.23 | -32932.29 | 2656.11 | -33543.19 | 0.00 | 0.00 | -33543.19 | -38483.69[00m
[91m865 | 0.10 | -7323.34 | 2786.56 | -7601.99 | 0.00 | 0.00 | -7601.99 | -9736.99[00m
[91m849 | 0.09 | -9598.16 | 2964.47 | -9864.96 | 0.00 | 0.00 | -9864.96 | -11770.45[00m
842 | 0.08 | 48187549.68 | 3100.98 | 48187301.60 | -0.05 | -0.25 | 48187301.35 | 48185618.51
[91m868 | 0.19 | -23697.25 | 3197.79 | -24304.83 | 0.00 | 0.00 | -24304.83 | -28283.19[00m
854 | 0.27 | 6719886057.58 | 3285.44 | 6719885170.51 | -0.00 | -0.01 | 6719885170.51 | 6719879540.71
[91m894 | 0.11 | -8387.09 | 3365.26 | -8757.27 | 0.00 | 0.00 | -8757.27 | -11042.11[00m
[91m808 | 0.21 | -27757.63 | 3385.93 | -28468.68 | 0.00 | 0.00 | -28468.68 | -32826.30[00m
[91m856 | 0.17 | -19393.63 | 3420.43 | -19975.10 | 0.00 | 0.00 | -19975.10 | -23496.84[00m
[91m895 | 0.18 | -19637.23 | 3515.12 | -20269.95 | 0.00 | 0.00 | -20269.95 | -23981.81[00m
[91m821 | 0.15 | -16169.98 | 3589.96 | -16708.47 | 0.00 | 0.00 | -16708.47 | -19790.46[00m
813 | 0.30 | 3173210.10 | 3739.83 | 3172088.15 | -2.89 | -14.45 | 3172074.56 | 3165954.68
[91m957 | 0.23 | -32539.03 | 3763.69 | -33404.68 | 0.00 | 0.00 | -33404.68 | -38090.43[00m
[91m962 | 0.19 | -26503.57 | 3882.66 | -27241.28 | 0.00 | 0.00 | -27241.28 | -31089.51[00m
[91m811 | 0.29 | -38823.46 | 3938.41 | -39965.60 | 0.00 | 0.00 | -39965.60 | -45823.05[00m
[91m820 | 0.07 | -2895.56 | 3975.70 | -3173.86 | 0.00 | 0.00 | -3173.86 | -4585.12[00m
[91m823 | 0.26 | -33640.30 | 4061.68 | -34696.34 | 0.00 | 0.00 | -34696.34 | -39915.80[00m
[91m943 | 0.11 | -12401.68 | 4181.62 | -12861.65 | 0.00 | 0.00 | -12861.65 | -15056.69[00m
[91m887 | 0.15 | -19185.64 | 4263.95 | -19825.23 | 0.00 | 0.00 | -19825.23 | -22806.12[00m
[91m861 | 0.27 | -39435.26 | 4389.05 | -40620.30 | 0.00 | 0.00 | -40620.30 | -45952.12[00m
[91m896 | 0.05 | -2213.57 | 4471.24 | -2437.14 | 0.00 | 0.00 | -2437.14 | -3420.40[00m
[91m847 | 0.29 | -42712.60 | 4561.03 | -44035.30 | 0.00 | 0.00 | -44035.30 | -49712.19[00m
[91m871 | 0.18 | -22802.51 | 4677.08 | -23644.38 | 0.00 | 0.00 | -23644.38 | -27147.08[00m
[91m985 | 0.13 | -11388.19 | 4846.07 | -12018.18 | 0.00 | 0.00 | -12018.18 | -14525.94[00m
[91m995 | 0.15 | -15727.47 | 4965.04 | -16472.22 | 0.00 | 0.00 | -16472.22 | -19347.95[00m
[91m938 | 0.11 | -9192.38 | 5078.54 | -9751.02 | 0.00 | 0.00 | -9751.02 | -11847.40[00m
[91m922 | 0.20 | -23763.78 | 5202.10 | -24804.20 | 0.00 | 0.00 | -24804.20 | -28591.09[00m
[91m988 | 0.17 | -20341.42 | 5248.11 | -21233.59 | 0.00 | 0.00 | -21233.59 | -24444.63[00m
[91m869 | 0.28 | -39709.50 | 5333.44 | -41202.87 | 0.00 | 0.00 | -41202.87 | -46467.73[00m
[91m999 | 0.17 | -18412.24 | 5482.12 | -19344.20 | 0.00 | 0.00 | -19344.20 | -22515.45[00m
[91m815 | 0.09 | -6357.21 | 5634.85 | -6864.35 | 0.00 | 0.00 | -6864.35 | -8529.50[00m
[91m963 | 0.28 | -37118.26 | 5719.09 | -38719.61 | 0.00 | 0.00 | -38719.61 | -43876.49[00m
[91m951 | 0.26 | -33252.77 | 5775.11 | -34754.30 | 0.00 | 0.00 | -34754.30 | -39528.27[00m
[91m795 | 0.25 | -35508.71 | -41542.85[00m
[91m796 | 0.10 | -8057.88 | -10471.53[00m
[91m797 | 0.17 | -21788.91 | -25892.12[00m
[91m798 | 0.29 | -41050.24 | -48049.83[00m
[91m799 | 0.25 | -35097.75 | -41131.88[00m
[91m800 | 0.15 | -16769.54 | -20390.02[00m
[91m801 | 0.15 | -18120.06 | -21740.54[00m
[91m802 | 0.06 | -3493.54 | -4941.73[00m
[91m804 | 0.29 | -41304.15 | -48303.75[00m
[91m805 | 0.19 | -23332.39 | -27918.33[00m
[91m807 | 0.28 | -37675.69 | -44433.92[00m
[91m809 | 0.07 | -1285.66 | -2975.21[00m
[91m812 | 0.08 | -7244.60 | -9175.52[00m
[91m816 | 0.22 | -29091.18 | -34401.21[00m
[91m817 | 0.16 | -21211.71 | -25073.56[00m
[91m819 | 0.17 | -23109.01 | -27212.22[00m
[91m822 | 0.26 | -33365.81 | -39641.30[00m
[91m826 | 0.18 | -20506.67 | -24851.25[00m
[91m827 | 0.21 | -28432.14 | -33500.81[00m
[91m828 | 0.23 | -32407.27 | -37958.67[00m
[91m830 | 0.13 | -12414.46 | -15552.21[00m
[91m831 | 0.18 | -23901.08 | -28245.65[00m
[91m832 | 0.20 | -25795.86 | -30623.17[00m
[91m833 | 0.27 | -37477.89 | -43994.75[00m
[91m834 | 0.12 | -12295.12 | -15191.51[00m
[91m836 | 0.26 | -35818.37 | -42093.87[00m
[91m837 | 0.24 | -30651.15 | -36443.92[00m
[91m838 | 0.24 | -30945.48 | -36738.24[00m
[91m840 | 0.10 | -10855.83 | -13269.49[00m
[91m841 | 0.05 | -1988.81 | -3195.63[00m
[91m844 | 0.06 | -3347.77 | -4795.96[00m
[91m845 | 0.21 | -28743.58 | -33812.26[00m
[91m846 | 0.26 | -33712.47 | -39987.97[00m
[91m848 | 0.28 | -40819.61 | -47577.84[00m
[91m851 | 0.25 | -31426.89 | -37461.02[00m
[91m852 | 0.14 | -13358.17 | -16737.29[00m
[91m853 | 0.11 | -8455.61 | -11110.63[00m
[91m857 | 0.17 | -18059.43 | -22162.64[00m
[91m858 | 0.20 | -23597.14 | -28424.45[00m
[91m859 | 0.16 | -18380.46 | -22242.31[00m
[91m860 | 0.06 | -3756.99 | -5205.18[00m
[91m862 | 0.13 | -15888.97 | -19026.72[00m
[91m863 | 0.20 | -26020.04 | -30847.35[00m
[91m864 | 0.08 | -5177.83 | -7108.75[00m
[91m866 | 0.24 | -29979.25 | -35772.02[00m
[91m867 | 0.21 | -28434.16 | -33502.83[00m
[91m870 | 0.14 | -12725.77 | -16104.89[00m
[91m872 | 0.08 | -4144.58 | -6075.50[00m
[91m874 | 0.23 | -31403.47 | -36954.87[00m
[91m875 | 0.26 | -38593.94 | -44869.44[00m
[91m876 | 0.28 | -38744.07 | -45502.30[00m
[91m877 | 0.17 | -20245.76 | -24348.97[00m
[91m878 | 0.29 | -41266.47 | -48266.07[00m
[91m879 | 0.18 | -20928.28 | -25272.86[00m
[91m880 | 0.11 | -12741.04 | -15396.06[00m
[91m881 | 0.15 | -17265.12 | -20885.60[00m
[91m882 | 0.12 | -11605.72 | -14502.10[00m
[91m884 | 0.05 | 809.24 | -397.58[00m
[91m885 | 0.09 | -5284.12 | -7456.40[00m
[91m886 | 0.19 | -21621.90 | -26207.84[00m
[91m888 | 0.13 | -16397.92 | -19535.67[00m
[91m889 | 0.07 | -5891.33 | -7580.89[00m
[91m890 | 0.19 | -22986.32 | -27572.26[00m
[91m891 | 0.24 | -33882.40 | -39675.17[00m
[91m892 | 0.29 | -39222.09 | -46221.69[00m
[91m893 | 0.07 | -6784.66 | -8474.21[00m
[91m897 | 0.20 | -24343.58 | -29170.89[00m
[91m898 | 0.22 | -30434.23 | -35744.27[00m
[91m899 | 0.07 | -5083.92 | -6773.48[00m
[91m900 | 0.23 | -30011.17 | -35562.57[00m
[91m901 | 0.08 | -6608.08 | -8539.01[00m
[91m902 | 0.20 | -23940.13 | -28767.44[00m
[91m904 | 0.08 | -3195.43 | -5126.35[00m
[91m905 | 0.24 | -31588.18 | -37380.95[00m
[91m906 | 0.10 | -6396.03 | -8809.69[00m
[91m907 | 0.23 | -31503.36 | -37054.76[00m
[91m909 | 0.26 | -38561.62 | -44837.12[00m
[91m910 | 0.18 | -22579.02 | -26923.59[00m
[91m911 | 0.19 | -24037.99 | -28623.93[00m
[91m912 | 0.16 | -20317.82 | -24179.66[00m
[91m913 | 0.26 | -37969.19 | -44244.69[00m
[91m914 | 0.23 | -28737.73 | -34289.13[00m
[91m915 | 0.28 | -38785.68 | -45543.91[00m
[91m916 | 0.14 | -14305.92 | -17685.03[00m
[91m917 | 0.10 | -10753.61 | -13167.27[00m
[91m918 | 0.16 | -17706.17 | -21568.01[00m
[91m919 | 0.08 | -4757.89 | -6688.82[00m
[91m920 | 0.27 | -34942.85 | -41459.71[00m
[91m921 | 0.21 | -24464.48 | -29533.15[00m
[91m924 | 0.24 | -33712.96 | -39505.73[00m
[91m925 | 0.23 | -28909.78 | -34461.19[00m
[91m926 | 0.22 | -29359.02 | -34669.06[00m
[91m927 | 0.27 | -38798.54 | -45315.41[00m
[91m928 | 0.25 | -36223.00 | -42257.14[00m
[91m929 | 0.19 | -23759.59 | -28345.53[00m
[91m930 | 0.13 | -13812.01 | -16949.76[00m
[91m931 | 0.13 | -16345.98 | -19483.73[00m
[91m933 | 0.21 | -24606.74 | -29675.41[00m
[91m934 | 0.17 | -22386.20 | -26489.41[00m
[91m935 | 0.26 | -36664.06 | -42939.55[00m
[91m936 | 0.12 | -14051.49 | -16947.87[00m
[91m937 | 0.18 | -19750.67 | -24095.24[00m
[91m939 | 0.20 | -25020.64 | -29847.95[00m
[91m942 | 0.12 | -13473.05 | -16369.43[00m
[91m944 | 0.27 | -40065.30 | -46582.17[00m
[91m946 | 0.19 | -25070.25 | -29656.19[00m
[91m947 | 0.15 | -17074.17 | -20694.65[00m
[91m948 | 0.18 | -22663.49 | -27008.07[00m
[91m949 | 0.28 | -38211.73 | -44969.95[00m
[91m950 | 0.15 | -14711.93 | -18332.41[00m
[91m952 | 0.15 | -17710.15 | -21330.63[00m
[91m953 | 0.07 | -1306.11 | -2995.67[00m
[91m954 | 0.23 | -29606.75 | -35158.16[00m
[91m955 | 0.20 | -23882.53 | -28709.83[00m
[91m956 | 0.05 | -3235.45 | -4442.28[00m
[91m958 | 0.18 | -20985.27 | -25329.85[00m
[91m959 | 0.23 | -30186.40 | -35737.81[00m
[91m960 | 0.20 | -24318.07 | -29145.38[00m
[91m961 | 0.29 | -39485.35 | -46484.95[00m
[91m965 | 0.15 | -19510.96 | -23131.44[00m
[91m966 | 0.06 | -4853.50 | -6301.69[00m
[91m967 | 0.10 | -1600075.67 | -1602489.33[00m
[91m968 | 0.15 | -22524721.39 | -22528341.87[00m
[91m969 | 0.10 | -2562418.90 | -2564832.56[00m
[91m970 | 0.19 | -17833992.41 | -17838578.35[00m
[91m971 | 0.19 | -45044045.08 | -45048631.02[00m
[91m972 | 0.26 | -36925.47 | -43200.97[00m
[91m973 | 0.26 | -36514.17 | -42789.67[00m
[91m974 | 0.26 | -37421.52 | -43697.01[00m
[91m975 | 0.12 | -11627.70 | -14524.09[00m
[91m976 | 0.09 | -5158.29 | -7330.58[00m
[91m977 | 0.19 | -25737.63 | -30323.57[00m
[91m978 | 0.12 | -10385.61 | -13281.99[00m
[91m979 | 0.27 | -36811.72 | -43328.59[00m
[91m980 | 0.14 | -15752.64 | -19131.75[00m
[91m982 | 0.17 | -21080.67 | -25183.88[00m
[91m983 | 0.29 | -43522.83 | -50522.42[00m
[91m987 | 0.21 | -26916.62 | -31985.29[00m
[91m989 | 0.15 | -17849.16 | -21469.64[00m
[91m990 | 0.05 | -13627957.61 | -13629164.44[00m
[91m992 | 0.18 | -24718.90 | -29063.47[00m
[91m993 | 0.12 | -13200.18 | -16096.56[00m
[91m994 | 0.15 | -14573.70 | -18194.18[00m
[91m996 | 0.17 | -19472.80 | -23576.01[00m
[91m998 | 0.11 | -10990.42 | -13645.44[00m
[91m1000 | 0.19 | -25391.74 | -29977.68[00m
Network survivability: 6.8%
Average dead duration: 72698625.1494156
Traveling energy: 29315.85049645883
total calculate time: 31.106369018554688
