gen: 1
gen: 2
gen: 3
gen: 4
gen: 5
gen: 6
gen: 7
gen: 8
gen: 9
gen: 10
gen: 11
gen: 12
gen: 13
gen: 14
gen: 15
gen: 16
gen: 17
gen: 18
gen: 19
gen: 20
gen: 21
gen: 22
gen: 23
gen: 24
gen: 25
gen: 26
gen: 27
gen: 28
gen: 29
gen: 30
gen: 31
gen: 32
gen: 33
gen: 34
gen: 35
gen: 36
gen: 37
gen: 38
gen: 39
gen: 40
gen: 41
gen: 42
gen: 43
gen: 44
gen: 45
gen: 46
gen: 47
gen: 48
gen: 49
gen: 50
Number of charging vehicles: 5
Survey time: 24136.529470467845
Network clustering infor: 
Cluster 0:
[1, 2, 3, 4, 5, 6, 7, 8, 9, 10, 11, 12, 13, 14, 15, 16, 17, 18, 19, 20, 21, 22, 23, 24, 25, 26, 27, 28, 29, 30, 31, 32, 33, 34, 35, 36, 37, 38, 39, 40, 41, 42, 43, 44, 45, 46, 47, 48, 49, 50, 51, 52, 53, 54, 55, 56, 57, 58, 59, 60, 61, 62, 63, 64, 65, 66, 67, 68, 69, 70, 71, 72, 73, 74, 75, 76, 77, 78, 79, 80, 81, 82, 83, 84, 85, 86, 87, 88, 89, 90, 91, 92, 93, 94, 95, 96, 97, 98, 99, 100, 101, 102, 103, 104, 105, 106, 107, 108, 109, 110, 111, 112, 113, 114, 115, 116, 117, 118, 119, 120, 121, 122, 123, 124, 125, 126, 127, 128, 129, 130, 131, 132, 133, 134, 135, 136, 137, 138, 139, 140, 141, 142, 143, 144, 145, 146, 147, 148, 149, 150, 151, 152, 153, 154, 155, 156, 157, 158, 159, 160, 161, 162, 163, 164, 165, 166, 167, 168, 169, 170, 171, 172, 173, 174, 175, 176, 177, 178, 179, 180, 181, 182, 183, 184, 185, 186, 187, 188, 189, 190, 191, 192, 193, 194, 195, 196, 197, 198, 199, 200, 201]
Cluster 1:
[202, 203, 204, 205, 206, 207, 208, 209, 210, 211, 212, 213, 214, 215, 216, 217, 218, 219, 220, 221, 222, 223, 224, 225, 226, 227, 228, 229, 230, 231, 232, 233, 234, 235, 236, 237, 238, 239, 240, 241, 242, 243, 244, 245, 246, 247, 248, 249, 250, 251, 252, 253, 254, 255, 256, 257, 258, 259, 260, 261, 262, 263, 264, 265, 266, 267, 268, 269, 270, 271, 272, 273, 274, 275, 276, 277, 278, 279, 280, 281, 282, 283, 284, 285, 286, 287, 288, 289, 290, 291, 292, 293, 294, 295, 296, 297, 298, 299, 300, 301, 302, 303, 304, 305, 306, 307, 308, 309, 310, 311, 312, 313, 314, 315, 316, 317, 318, 319, 320, 321, 322, 323, 324, 325, 326, 327, 328, 329, 330, 331, 332, 333, 334, 335, 336, 337, 338, 339, 340, 341, 342, 343, 344, 345, 346, 347, 348, 349, 350, 351, 352, 353, 354, 355, 356, 357, 358, 359, 360, 361, 362, 363, 364, 365, 366, 367, 368, 369, 370, 371, 372, 373, 374, 375, 376, 377, 378, 379, 380, 381, 382, 383, 384, 385, 386, 387, 388, 389, 390, 391, 392, 393, 394, 395, 396, 397, 398, 399, 400, 401, 402, 403, 404, 405]
Cluster 2:
[406, 407, 408, 409, 410, 411, 412, 413, 414, 415, 416, 417, 418, 419, 420, 421, 422, 423, 424, 425, 426, 427, 428, 429, 430, 431, 432, 433, 434, 435, 436, 437, 438, 439, 440, 441, 442, 443, 444, 445, 446, 447, 448, 449, 450, 451, 452, 453, 454, 455, 456, 457, 458, 459, 460, 461, 462, 463, 464, 465, 466, 467, 468, 469, 470, 471, 472, 473, 474, 475, 476, 477, 478, 479, 480, 481, 482, 483, 484, 485, 486, 487, 488, 489, 490, 491, 492, 493, 494, 495, 496, 497, 498, 499, 500, 501, 502, 503, 504, 505, 506, 507, 508, 509, 510, 511, 512, 513, 514, 515, 516, 517, 518, 519, 520, 521, 522, 523, 524, 525, 526, 527, 528, 529, 530, 531, 532, 533, 534, 535, 536, 537, 538, 539, 540, 541, 542, 543, 544, 545, 546, 547, 548, 549, 550, 551, 552, 553, 554, 555, 556, 557, 558, 559, 560, 561, 562, 563, 564, 565, 566, 567, 568, 569, 570, 571, 572, 573, 574, 575, 576, 577, 578, 579, 580, 581, 582, 583, 584, 585, 586, 587, 588, 589, 590, 591, 592, 593, 594, 595, 596, 597, 598, 599, 600, 601, 602, 603, 604, 605, 606, 607, 608, 609, 610]
Cluster 3:
[611, 612, 613, 614, 615, 616, 617, 618, 619, 620, 621, 622, 623, 624, 625, 626, 627, 628, 629, 630, 631, 632, 633, 634, 635, 636, 637, 638, 639, 640, 641, 642, 643, 644, 645, 646, 647, 648, 649, 650, 651, 652, 653, 654, 655, 656, 657, 658, 659, 660, 661, 662, 663, 664, 665, 666, 667, 668, 669, 670, 671, 672, 673, 674, 675, 676, 677, 678, 679, 680, 681, 682, 683, 684, 685, 686, 687, 688, 689, 690, 691, 692, 693, 694, 695, 696, 697, 698, 699, 700, 701, 702, 703, 704, 705, 706, 707, 708, 709, 710, 711, 712, 713, 714, 715, 716, 717, 718, 719, 720, 721, 722, 723, 724, 725, 726, 727, 728, 729, 730, 731, 732, 733, 734, 735, 736, 737, 738, 739, 740, 741, 742, 743, 744, 745, 746, 747, 748, 749, 750, 751, 752, 753, 754, 755, 756, 757, 758, 759, 760, 761, 762, 763, 764, 765, 766, 767, 768, 769, 770, 771, 772, 773, 774, 775, 776, 777, 778, 779, 780, 781, 782, 783, 784, 785, 786, 787, 788, 789, 790, 791, 792, 793]
Cluster 4:
[794, 795, 796, 797, 798, 799, 800, 801, 802, 803, 804, 805, 806, 807, 808, 809, 810, 811, 812, 813, 814, 815, 816, 817, 818, 819, 820, 821, 822, 823, 824, 825, 826, 827, 828, 829, 830, 831, 832, 833, 834, 835, 836, 837, 838, 839, 840, 841, 842, 843, 844, 845, 846, 847, 848, 849, 850, 851, 852, 853, 854, 855, 856, 857, 858, 859, 860, 861, 862, 863, 864, 865, 866, 867, 868, 869, 870, 871, 872, 873, 874, 875, 876, 877, 878, 879, 880, 881, 882, 883, 884, 885, 886, 887, 888, 889, 890, 891, 892, 893, 894, 895, 896, 897, 898, 899, 900, 901, 902, 903, 904, 905, 906, 907, 908, 909, 910, 911, 912, 913, 914, 915, 916, 917, 918, 919, 920, 921, 922, 923, 924, 925, 926, 927, 928, 929, 930, 931, 932, 933, 934, 935, 936, 937, 938, 939, 940, 941, 942, 943, 944, 945, 946, 947, 948, 949, 950, 951, 952, 953, 954, 955, 956, 957, 958, 959, 960, 961, 962, 963, 964, 965, 966, 967, 968, 969, 970, 971, 972, 973, 974, 975, 976, 977, 978, 979, 980, 981, 982, 983, 984, 985, 986, 987, 988, 989, 990, 991, 992, 993, 994, 995, 996, 997, 998, 999, 1000]
Vehicle 0
Charging tour: 
123  -> 114  -> 14  -> 168  -> 21  -> 106  -> 125  -> 100  -> 90  -> 32  -> 191  -> 143  -> 49  -> 23  -> 116  -> 153  -> 159  -> 109  -> 193  -> 54  -> 89  -> 69  -> 63  -> 178  -> 134  -> 59  -> 113  -> 142  -> 154  -> 73  -> 152  -> 198  -> 79  -> 72  -> 194  -> 62  -> 41  -> 132  -> 33  -> 39  -> 4  -> 107  -> 65  -> 169  -> 67  -> 103  -> 52  -> 82  -> 148  -> 80  -> 171  -> 40  -> 74  -> 160  -> 140  -> 26  -> 174  -> 121  -> 
Charging time: 
0  + 0  + 0  + 0  + -0.45202787196663696  + 0  + 0  + 0  + 0  + 0  + 0  + 0  + 0  + -0.04612581214181501  + 0  + 0  + 0  + 0  + 0  + 0  + 0  + 0  + 0  + 0  + 0  + 0  + 0  + 0  + 0  + 0  + 0  + 0  + 0  + 0  + 0  + 0  + 0  + 0  + -0.7505683039582032  + 0  + 0  + 0  + 0  + 0  + 0  + 0  + -0.21411068648175155  + 0  + 0  + 0  + 0  + 0  + 0  + 0  + 0  + 0  + 0  + 0  + 
Traveling energy: 4925.628353762584
Charging energy: -7.314163372742033
Total energy used: 4918.314190389842
Charging round duration: 4924.165521088035
ID | p | E0 | time_arrive | E_remain | time_charge | energy_charge| E_after_charge | E_after_cycle
[91m123 | 0.10 | -13146.57 | 144.52 | -13161.02 | 0.00 | 0.00 | -13161.02 | -15560.22[00m
[91m114 | 0.15 | -18924.10 | 187.16 | -18952.17 | 0.00 | 0.00 | -18952.17 | -22544.58[00m
[91m14 | 0.11 | -10631.24 | 207.19 | -10654.03 | 0.00 | 0.00 | -10654.03 | -13286.26[00m
[91m168 | 0.27 | -46172.48 | 311.16 | -46256.50 | 0.00 | 0.00 | -46256.50 | -52689.35[00m
21 | 0.25 | 23381629.38 | 444.12 | 23381518.34 | -0.45 | -2.26 | 23381516.20 | 23375592.98
[91m106 | 0.26 | -43254.51 | 524.29 | -43390.82 | 0.00 | 0.00 | -43390.82 | -49530.01[00m
[91m125 | 0.24 | -35824.33 | 598.22 | -35967.91 | 0.00 | 0.00 | -35967.91 | -41617.10[00m
[91m100 | 0.15 | -21313.01 | 700.93 | -21418.15 | 0.00 | 0.00 | -21418.15 | -24933.49[00m
[91m90 | 0.10 | -8967.24 | 732.98 | -9040.54 | 0.00 | 0.00 | -9040.54 | -11380.89[00m
[91m32 | 0.30 | -51971.08 | 824.28 | -52218.36 | 0.00 | 0.00 | -52218.36 | -59212.04[00m
[91m191 | 0.23 | -38562.58 | 881.32 | -38765.28 | 0.00 | 0.00 | -38765.28 | -44113.98[00m
[91m143 | 0.18 | -28603.87 | 1030.70 | -28789.40 | 0.00 | 0.00 | -28789.40 | -32948.45[00m
[91m49 | 0.15 | -18034.14 | 1175.15 | -18210.41 | 0.00 | 0.00 | -18210.41 | -21654.62[00m
23 | 0.23 | 210806398.08 | 1194.23 | 210806123.41 | -0.05 | -0.23 | 210806123.19 | 210800846.45
[91m116 | 0.14 | -17691.77 | 1258.14 | -17867.91 | 0.00 | 0.00 | -17867.91 | -21070.89[00m
[91m153 | 0.22 | -34435.39 | 1402.82 | -34744.01 | 0.00 | 0.00 | -34744.01 | -39745.43[00m
[91m159 | 0.26 | -43770.63 | 1561.06 | -44176.50 | 0.00 | 0.00 | -44176.50 | -50046.13[00m
[91m109 | 0.22 | -34984.48 | 1628.92 | -35342.84 | 0.00 | 0.00 | -35342.84 | -40294.51[00m
[91m193 | 0.21 | -30534.85 | 1679.39 | -30887.52 | 0.00 | 0.00 | -30887.52 | -35603.52[00m
[91m54 | 0.11 | -14368.56 | 1739.46 | -14559.90 | 0.00 | 0.00 | -14559.90 | -17023.58[00m
[91m89 | 0.07 | -5214.87 | 1769.55 | -5338.74 | 0.00 | 0.00 | -5338.74 | -6904.42[00m
[91m69 | 0.24 | -41068.10 | 1829.14 | -41507.09 | 0.00 | 0.00 | -41507.09 | -46860.87[00m
[91m63 | 0.11 | -12641.50 | 1898.01 | -12850.28 | 0.00 | 0.00 | -12850.28 | -15296.52[00m
[91m178 | 0.18 | -25746.09 | 2033.69 | -26112.15 | 0.00 | 0.00 | -26112.15 | -30090.66[00m
[91m134 | 0.27 | -46494.01 | 2139.75 | -47071.75 | 0.00 | 0.00 | -47071.75 | -53010.88[00m
[91m59 | 0.07 | -2941.06 | 2233.92 | -3097.43 | 0.00 | 0.00 | -3097.43 | -4630.62[00m
[91m113 | 0.13 | -18022.18 | 2297.09 | -18320.80 | 0.00 | 0.00 | -18320.80 | -21159.93[00m
[91m142 | 0.07 | -4350.07 | 2333.38 | -4513.40 | 0.00 | 0.00 | -4513.40 | -6039.62[00m
[91m154 | 0.17 | -23964.12 | 2374.24 | -24367.74 | 0.00 | 0.00 | -24367.74 | -28067.33[00m
[91m73 | 0.11 | -15469.74 | 2461.26 | -15740.48 | 0.00 | 0.00 | -15740.48 | -18124.76[00m
[91m152 | 0.27 | -41150.67 | 2576.60 | -41846.35 | 0.00 | 0.00 | -41846.35 | -47667.53[00m
[91m198 | 0.11 | -13023.17 | 2638.38 | -13313.39 | 0.00 | 0.00 | -13313.39 | -15678.19[00m
[91m79 | 0.12 | -12331.32 | 2685.13 | -12653.54 | 0.00 | 0.00 | -12653.54 | -15227.71[00m
[91m72 | 0.28 | -44656.11 | 2718.11 | -45417.18 | 0.00 | 0.00 | -45417.18 | -51414.34[00m
[91m194 | 0.19 | -27004.74 | 2782.67 | -27533.45 | 0.00 | 0.00 | -27533.45 | -31590.68[00m
[91m62 | 0.26 | -44267.61 | 2887.69 | -45018.41 | 0.00 | 0.00 | -45018.41 | -50543.11[00m
[91m41 | 0.10 | -12443.88 | 2931.11 | -12736.99 | 0.00 | 0.00 | -12736.99 | -14857.54[00m
[91m132 | 0.30 | -51092.94 | 2996.72 | -51991.96 | 0.00 | 0.00 | -51991.96 | -58333.90[00m
33 | 0.07 | 3942827.68 | 3125.91 | 3942608.87 | -0.75 | -3.75 | 3942605.17 | 3941134.37
[91m39 | 0.21 | -31457.26 | 3223.43 | -32134.18 | 0.00 | 0.00 | -32134.18 | -36525.93[00m
[91m4 | 0.13 | -14975.31 | 3281.68 | -15401.93 | 0.00 | 0.00 | -15401.93 | -18113.06[00m
[91m107 | 0.11 | -15914.35 | 3353.46 | -16283.23 | 0.00 | 0.00 | -16283.23 | -18569.37[00m
[91m65 | 0.07 | -6308.06 | 3428.46 | -6548.05 | 0.00 | 0.00 | -6548.05 | -7997.62[00m
[91m169 | 0.21 | -30846.13 | 3486.44 | -31578.28 | 0.00 | 0.00 | -31578.28 | -35914.80[00m
[91m67 | 0.05 | -1442.33 | 3627.56 | -1623.71 | 0.00 | 0.00 | -1623.71 | -2649.16[00m
[91m103 | 0.29 | -50856.14 | 3720.79 | -51935.17 | 0.00 | 0.00 | -51935.17 | -57855.73[00m
52 | 0.13 | 25668765.71 | 3836.89 | 25668266.92 | -0.21 | -1.07 | 25668265.88 | 25665626.90
[91m82 | 0.12 | -16660.75 | 3969.72 | -17137.11 | 0.00 | 0.00 | -17137.11 | -19557.13[00m
[91m148 | 0.25 | -41449.41 | 4039.46 | -42459.27 | 0.00 | 0.00 | -42459.27 | -47483.54[00m
[91m80 | 0.19 | -28855.78 | 4079.98 | -29630.98 | 0.00 | 0.00 | -29630.98 | -33441.73[00m
[91m171 | 0.17 | -23009.09 | 4147.24 | -23714.12 | 0.00 | 0.00 | -23714.12 | -27112.30[00m
[91m40 | 0.09 | -8467.25 | 4247.25 | -8849.50 | 0.00 | 0.00 | -8849.50 | -10639.54[00m
[91m74 | 0.27 | -44207.95 | 4291.56 | -45366.67 | 0.00 | 0.00 | -45366.67 | -50724.81[00m
[91m160 | 0.07 | -7659.89 | 4337.17 | -7963.49 | 0.00 | 0.00 | -7963.49 | -9349.45[00m
[91m140 | 0.18 | -27541.16 | 4395.31 | -28332.32 | 0.00 | 0.00 | -28332.32 | -31885.74[00m
[91m26 | 0.21 | -29721.61 | 4513.40 | -30669.43 | 0.00 | 0.00 | -30669.43 | -34790.28[00m
[91m174 | 0.14 | -21720.25 | 4658.04 | -22372.37 | 0.00 | 0.00 | -22372.37 | -25099.36[00m
[91m121 | 0.21 | -33899.71 | 4773.14 | -34902.07 | 0.00 | 0.00 | -34902.07 | -38968.38[00m
[91m1 | 0.23 | -34820.24 | -40371.64[00m
[91m2 | 0.27 | -41335.02 | -47851.89[00m
[91m3 | 0.29 | -46742.17 | -53741.77[00m
[91m5 | 0.09 | -6633.89 | -8806.18[00m
[91m6 | 0.22 | -32443.97 | -37754.01[00m
[91m7 | 0.16 | -21713.09 | -25574.94[00m
[91m8 | 0.17 | -26523.15 | -30626.36[00m
[91m9 | 0.16 | -20867.71 | -24729.56[00m
[91m10 | 0.20 | -32317.63 | -37144.94[00m
[91m11 | 0.12 | -13081.26 | -15977.65[00m
[91m12 | 0.06 | -3387.01 | -4835.20[00m
[91m13 | 0.13 | -17632.05 | -20769.80[00m
[91m15 | 0.15 | -21996.32 | -25616.80[00m
[91m16 | 0.19 | -25892.22 | -30478.16[00m
[91m17 | 0.16 | -24362.64 | -28224.48[00m
[91m18 | 0.05 | -1220.62 | -2427.44[00m
[91m19 | 0.17 | -25154.51 | -29257.72[00m
[91m20 | 0.07 | -4798.06 | -6487.62[00m
[91m22 | 0.18 | -24835.31 | -29179.89[00m
[91m24 | 0.27 | -45555.02 | -52071.88[00m
[91m25 | 0.21 | -34136.79 | -39205.46[00m
[91m27 | 0.11 | -11091.40 | -13746.42[00m
[91m28 | 0.20 | -29425.01 | -34252.32[00m
[91m29 | 0.20 | -30764.42 | -35591.72[00m
[91m30 | 0.11 | -14789.60 | -17444.62[00m
[91m31 | 0.12 | -12786.96 | -15683.35[00m
[91m34 | 0.13 | -18324.00 | -21461.75[00m
[91m35 | 0.17 | -25333.03 | -29436.24[00m
[91m36 | 0.29 | -48506.72 | -55506.31[00m
[91m37 | 0.12 | -15386.57 | -18282.95[00m
[91m38 | 0.15 | -18317.24 | -21937.72[00m
[91m42 | 0.17 | -26810.67 | -30913.88[00m
[91m43 | 0.06 | -2338.89 | -3787.08[00m
[91m44 | 0.09 | -10730.00 | -12902.28[00m
[91m45 | 0.23 | -34119.48 | -39670.88[00m
[91m46 | 0.17 | -25566.86 | -29670.07[00m
[91m47 | 0.08 | -8767.78 | -10698.70[00m
[91m48 | 0.16 | -25119.91 | -28981.75[00m
[91m50 | 0.12 | -15906.28 | -18802.67[00m
[91m51 | 0.28 | -47521.27 | -54279.50[00m
[91m53 | 0.05 | -2984.52 | -4191.35[00m
[91m55 | 0.18 | -26525.29 | -30869.87[00m
[91m56 | 0.23 | -33355.11 | -38906.51[00m
[91m57 | 0.24 | -38677.40 | -44470.16[00m
[91m58 | 0.25 | -40151.93 | -46186.06[00m
[91m60 | 0.22 | -32909.60 | -38219.64[00m
[91m61 | 0.20 | -27919.14 | -32746.45[00m
[91m64 | 0.24 | -40024.54 | -45817.31[00m
[91m66 | 0.22 | -35309.64 | -40619.68[00m
[91m68 | 0.11 | -11816.76 | -14471.77[00m
[91m70 | 0.08 | -8315.30 | -10246.22[00m
[91m71 | 0.19 | -27043.73 | -31629.67[00m
[91m75 | 0.25 | -42710.81 | -48744.94[00m
[91m76 | 0.08 | -7524.27 | -9455.19[00m
[91m77 | 0.18 | -28578.64 | -32923.21[00m
[91m78 | 0.30 | -49227.20 | -56468.16[00m
[91m81 | 0.26 | -44686.56 | -50962.05[00m
[91m83 | 0.06 | -9563.13 | -11011.32[00m
[91m84 | 0.29 | -47334.61 | -54334.20[00m
[91m85 | 0.23 | -38429.48 | -43980.88[00m
[91m86 | 0.16 | -24751.07 | -28612.92[00m
[91m87 | 0.15 | -20243.11 | -23863.59[00m
[91m88 | 0.16 | -21139.98 | -25001.83[00m
[91m91 | 0.09 | -9467.84 | -11640.12[00m
[91m92 | 0.15 | -18053.52 | -21674.00[00m
[91m93 | 0.09 | -7938.24 | -10110.52[00m
[91m94 | 0.28 | -47506.62 | -54264.85[00m
[91m95 | 0.07 | -4688.28 | -6377.84[00m
[91m96 | 0.25 | -39377.33 | -45411.46[00m
[91m97 | 0.21 | -29831.94 | -34900.61[00m
[91m98 | 0.18 | -27402.43 | -31747.01[00m
[91m99 | 0.13 | -15349.78 | -18487.53[00m
[91m101 | 0.05 | -2801.34 | -4008.16[00m
[91m102 | 0.27 | -44179.64 | -50696.50[00m
[91m104 | 0.21 | -32709.60 | -37778.27[00m
[91m105 | 0.08 | -9133.92 | -11064.84[00m
[91m108 | 0.16 | -23626.21 | -27488.06[00m
[91m110 | 0.21 | -34480.08 | -39548.76[00m
[91m111 | 0.12 | -17087.87 | -19984.26[00m
[91m112 | 0.30 | -47300.57 | -54541.53[00m
[91m115 | 0.19 | -28448.97 | -33034.91[00m
[91m117 | 0.15 | -23536.55 | -27157.03[00m
[91m118 | 0.10 | -9142.38 | -11556.04[00m
[91m119 | 0.13 | -14381.00 | -17518.75[00m
[91m120 | 0.18 | -27528.42 | -31872.99[00m
[91m122 | 0.18 | -28532.12 | -32876.69[00m
[91m124 | 0.06 | -6454.32 | -7902.52[00m
[91m126 | 0.12 | -16713.31 | -19609.70[00m
[91m127 | 0.24 | -37137.90 | -42930.67[00m
[91m128 | 0.22 | -33891.55 | -39201.58[00m
[91m129 | 0.15 | -20610.66 | -24231.14[00m
[91m130 | 0.06 | -5681.16 | -7129.35[00m
[91m131 | 0.28 | -43492.52 | -50250.75[00m
[91m133 | 0.10 | -12463.97 | -14877.62[00m
[91m135 | 0.24 | -40352.24 | -46145.01[00m
[91m136 | 0.14 | -16780.64 | -20159.75[00m
[91m137 | 0.23 | -35517.40 | -41068.80[00m
[91m138 | 0.25 | -39836.05 | -45870.19[00m
[91m139 | 0.05 | 828.20 | -378.63[00m
[91m141 | 0.11 | -11482.06 | -14137.08[00m
[91m144 | 0.29 | -45862.17 | -52861.77[00m
[91m145 | 0.28 | -46825.36 | -53583.59[00m
[91m146 | 0.14 | -21475.41 | -24854.52[00m
[91m147 | 0.18 | -27446.88 | -31791.45[00m
[91m149 | 0.22 | -36534.52 | -41844.56[00m
[91m150 | 0.20 | -30714.98 | -35542.29[00m
[91m151 | 0.28 | -43312.31 | -50070.54[00m
[91m155 | 0.23 | -37258.00 | -42809.41[00m
[91m156 | 0.18 | -26959.81 | -31304.38[00m
[91m157 | 0.14 | -2886279.08 | -2889658.19[00m
[91m158 | 0.12 | -16299.08 | -19195.46[00m
[91m161 | 0.11 | -12663.67 | -15318.69[00m
[91m162 | 0.05 | 566.88 | -639.95[00m
[91m163 | 0.11 | -13148.64 | -15803.66[00m
[91m164 | 0.27 | -41587.21 | -48104.07[00m
[91m165 | 0.10 | -12160.08 | -14573.73[00m
[91m166 | 0.29 | -50695.29 | -57694.89[00m
[91m167 | 0.27 | -43760.65 | -50277.52[00m
[91m170 | 0.27 | -9905667.96 | -9912184.82[00m
[91m172 | 0.27 | -46104.42 | -52621.29[00m
[91m173 | 0.08 | -4791.36 | -6722.29[00m
[91m175 | 0.15 | -23084.17 | -26704.65[00m
[91m176 | 0.14 | -17097.34 | -20476.46[00m
[91m177 | 0.18 | -28781.71 | -33126.29[00m
[91m179 | 0.25 | -42738.97 | -48773.10[00m
[91m180 | 0.17 | -2957989.14 | -2962092.35[00m
[91m181 | 0.15 | -1863228.05 | -1866848.53[00m
[91m182 | 0.20 | -2910724.24 | -2915551.54[00m
[91m183 | 0.15 | -1082105.82 | -1085726.30[00m
[91m184 | 0.19 | -2097246.15 | -2101832.09[00m
[91m185 | 0.26 | -5366947.41 | -5373222.91[00m
[91m186 | 0.27 | -5248737.98 | -5255254.84[00m
[91m187 | 0.10 | -920698.35 | -923112.00[00m
[91m188 | 0.17 | -4695642.14 | -4699745.35[00m
[91m189 | 0.16 | -1402728.94 | -1406590.78[00m
[91m190 | 0.19 | -1966833.06 | -1971419.00[00m
[91m192 | 0.17 | -25009.63 | -29112.84[00m
[91m195 | 0.10 | -11701.07 | -14114.72[00m
[91m196 | 0.12 | -16412.15 | -19308.53[00m
[91m197 | 0.24 | -38834.98 | -44627.75[00m
[91m199 | 0.13 | -15066.82 | -18204.57[00m
[91m200 | 0.19 | -30154.71 | -34740.65[00m
[91m201 | 0.27 | -45821.10 | -52337.96[00m
Vehicle 1
Charging tour: 
326  -> 298  -> 262  -> 203  -> 306  -> 259  -> 280  -> 335  -> 401  -> 267  -> 222  -> 223  -> 204  -> 376  -> 293  -> 403  -> 393  -> 356  -> 247  -> 307  -> 275  -> 398  -> 367  -> 301  -> 362  -> 300  -> 202  -> 297  -> 303  -> 391  -> 400  -> 374  -> 342  -> 254  -> 309  -> 347  -> 240  -> 366  -> 397  -> 302  -> 264  -> 219  -> 238  -> 315  -> 257  -> 402  -> 384  -> 317  -> 281  -> 343  -> 331  -> 289  -> 311  -> 221  -> 253  -> 246  -> 334  -> 239  -> 341  -> 265  -> 287  -> 235  -> 277  -> 212  -> 345  -> 228  -> 268  -> 241  -> 371  -> 
Charging time: 
0  + 0  + 0  + -3.7937393882607053  + 0  + 0  + 0  + 0  + 0  + 0  + -0.017515473885483523  + 0  + -35.2784852409528  + 0  + 0  + 0  + 0  + 0  + 0  + 0  + 0  + 0  + 0  + 0  + 0  + 0  + -0.010857665631531925  + 0  + 0  + 0  + 0  + 0  + 0  + 0  + 0  + 0  + 0  + 0  + 0  + 0  + 0  + 0  + 0  + 0  + 0  + 0  + 0  + 0  + 0  + 0  + 0  + 0  + 0  + 0  + 0  + 0  + 0  + 0  + 0  + 0  + 0  + 0  + 0  + -112.72658952724537  + 0  + 0  + 0  + 0  + 0  + 
Traveling energy: 5303.2070536438605
Charging energy: -759.1359364798793
Total energy used: 4544.071117163981
Charging round duration: 5151.379866347885
ID | p | E0 | time_arrive | E_remain | time_charge | energy_charge| E_after_charge | E_after_cycle
[91m326 | 0.14 | -18087.00 | 67.06 | -18096.39 | 0.00 | 0.00 | -18096.39 | -21466.11[00m
[91m298 | 0.18 | -26005.87 | 88.21 | -26021.75 | 0.00 | 0.00 | -26021.75 | -30350.44[00m
[91m262 | 0.29 | -46751.12 | 141.39 | -46792.12 | 0.00 | 0.00 | -46792.12 | -53750.71[00m
203 | 0.13 | 1349045.24 | 207.78 | 1349018.22 | -3.79 | -18.97 | 1348999.75 | 1345888.52
[91m306 | 0.16 | -22650.93 | 255.64 | -22691.83 | 0.00 | 0.00 | -22691.83 | -26512.77[00m
[91m259 | 0.11 | -15314.50 | 390.90 | -15357.50 | 0.00 | 0.00 | -15357.50 | -17969.52[00m
[91m280 | 0.20 | -28257.58 | 423.19 | -28342.21 | 0.00 | 0.00 | -28342.21 | -33084.88[00m
[91m335 | 0.09 | -8433.42 | 477.56 | -8476.40 | 0.00 | 0.00 | -8476.40 | -10605.70[00m
[91m401 | 0.17 | -22110.86 | 505.79 | -22196.84 | 0.00 | 0.00 | -22196.84 | -26214.07[00m
[91m267 | 0.27 | -45425.89 | 585.98 | -45584.11 | 0.00 | 0.00 | -45584.11 | -51942.75[00m
222 | 0.29 | 651818616.34 | 745.07 | 651818400.27 | -0.02 | -0.09 | 651818400.18 | 651811616.66
[91m223 | 0.19 | -29750.86 | 784.38 | -29899.89 | 0.00 | 0.00 | -29899.89 | -34336.80[00m
204 | 0.11 | 122753.37 | 885.17 | 122656.00 | -35.28 | -176.39 | 122483.49 | 119921.96
[91m376 | 0.23 | -34526.35 | 903.89 | -34734.25 | 0.00 | 0.00 | -34734.25 | -40077.75[00m
[91m293 | 0.15 | -19496.53 | 974.15 | -19642.65 | 0.00 | 0.00 | -19642.65 | -23117.01[00m
[91m403 | 0.27 | -44424.80 | 998.87 | -44694.50 | 0.00 | 0.00 | -44694.50 | -50941.67[00m
[91m393 | 0.23 | -38270.13 | 1058.02 | -38513.48 | 0.00 | 0.00 | -38513.48 | -43821.53[00m
[91m356 | 0.23 | -36097.93 | 1140.09 | -36360.15 | 0.00 | 0.00 | -36360.15 | -41649.33[00m
[91m247 | 0.29 | -49073.15 | 1185.94 | -49417.07 | 0.00 | 0.00 | -49417.07 | -56072.74[00m
[91m307 | 0.22 | -31319.21 | 1339.20 | -31613.83 | 0.00 | 0.00 | -31613.83 | -36629.24[00m
[91m275 | 0.06 | -5732.58 | 1456.11 | -5819.95 | 0.00 | 0.00 | -5819.95 | -7180.77[00m
[91m398 | 0.16 | -21015.29 | 1500.33 | -21255.34 | 0.00 | 0.00 | -21255.34 | -24877.13[00m
[91m367 | 0.28 | -45990.64 | 1572.89 | -46431.04 | 0.00 | 0.00 | -46431.04 | -52748.86[00m
[91m301 | 0.25 | -39343.51 | 1609.94 | -39745.99 | 0.00 | 0.00 | -39745.99 | -45377.64[00m
[91m362 | 0.11 | -12372.79 | 1673.35 | -12556.85 | 0.00 | 0.00 | -12556.85 | -15027.80[00m
[91m300 | 0.11 | -13946.00 | 1718.50 | -14135.03 | 0.00 | 0.00 | -14135.03 | -16601.01[00m
202 | 0.23 | 833953866.83 | 1807.00 | 833953451.22 | -0.01 | -0.05 | 833953451.17 | 833948315.38
[91m297 | 0.12 | -13349.46 | 1895.48 | -13576.92 | 0.00 | 0.00 | -13576.92 | -16245.84[00m
[91m303 | 0.27 | -41410.82 | 1984.74 | -41946.70 | 0.00 | 0.00 | -41946.70 | -47927.68[00m
[91m391 | 0.23 | -33314.31 | 2063.72 | -33788.96 | 0.00 | 0.00 | -33788.96 | -38865.71[00m
[91m400 | 0.22 | -34951.04 | 2180.90 | -35430.84 | 0.00 | 0.00 | -35430.84 | -40261.08[00m
[91m374 | 0.27 | -46142.70 | 2264.04 | -46753.99 | 0.00 | 0.00 | -46753.99 | -52659.57[00m
[91m342 | 0.25 | -42817.09 | 2327.54 | -43398.98 | 0.00 | 0.00 | -43398.98 | -48851.23[00m
[91m254 | 0.27 | -43284.29 | 2340.45 | -43916.21 | 0.00 | 0.00 | -43916.21 | -49801.15[00m
[91m309 | 0.25 | -39124.65 | 2433.19 | -39732.95 | 0.00 | 0.00 | -39732.95 | -45158.79[00m
[91m347 | 0.15 | -20352.55 | 2526.57 | -20731.53 | 0.00 | 0.00 | -20731.53 | -23973.03[00m
[91m240 | 0.18 | -29121.13 | 2648.08 | -29597.78 | 0.00 | 0.00 | -29597.78 | -33465.70[00m
[91m366 | 0.24 | -40020.73 | 2716.40 | -40672.67 | 0.00 | 0.00 | -40672.67 | -45813.50[00m
[91m397 | 0.13 | -19017.44 | 2739.54 | -19373.58 | 0.00 | 0.00 | -19373.58 | -22155.19[00m
[91m302 | 0.26 | -42787.69 | 2815.62 | -43519.75 | 0.00 | 0.00 | -43519.75 | -49063.19[00m
[91m264 | 0.24 | -36100.43 | 2930.47 | -36803.74 | 0.00 | 0.00 | -36803.74 | -41893.19[00m
[91m219 | 0.21 | -31068.77 | 2974.76 | -31693.47 | 0.00 | 0.00 | -31693.47 | -36137.45[00m
[91m238 | 0.16 | -23273.67 | 3127.03 | -23773.99 | 0.00 | 0.00 | -23773.99 | -27135.51[00m
[91m315 | 0.08 | -9842.09 | 3291.83 | -10105.43 | 0.00 | 0.00 | -10105.43 | -11773.01[00m
[91m257 | 0.30 | -47240.82 | 3388.17 | -48257.27 | 0.00 | 0.00 | -48257.27 | -54481.78[00m
[91m402 | 0.29 | -47372.67 | 3535.62 | -48398.00 | 0.00 | 0.00 | -48398.00 | -54372.27[00m
[91m384 | 0.24 | -37922.41 | 3655.19 | -38799.65 | 0.00 | 0.00 | -38799.65 | -43715.17[00m
[91m317 | 0.07 | -4941.25 | 3751.27 | -5203.84 | 0.00 | 0.00 | -5203.84 | -6630.81[00m
[91m281 | 0.25 | -39834.47 | 3854.85 | -40798.18 | 0.00 | 0.00 | -40798.18 | -45868.60[00m
[91m343 | 0.14 | -17006.55 | 3930.27 | -17556.79 | 0.00 | 0.00 | -17556.79 | -20385.67[00m
[91m331 | 0.29 | -47196.59 | 4011.17 | -48359.83 | 0.00 | 0.00 | -48359.83 | -54196.18[00m
[91m289 | 0.24 | -36823.92 | 4053.36 | -37796.72 | 0.00 | 0.00 | -37796.72 | -42616.68[00m
[91m311 | 0.25 | -37842.97 | 4100.12 | -38868.00 | 0.00 | 0.00 | -38868.00 | -43877.11[00m
[91m221 | 0.10 | -13400.86 | 4202.95 | -13821.15 | 0.00 | 0.00 | -13821.15 | -15814.51[00m
[91m253 | 0.16 | -21119.98 | 4212.90 | -21794.05 | 0.00 | 0.00 | -21794.05 | -24981.83[00m
[91m246 | 0.07 | -5293.08 | 4296.19 | -5593.81 | 0.00 | 0.00 | -5593.81 | -6982.63[00m
[91m334 | 0.07 | -4612.74 | 4324.11 | -4915.43 | 0.00 | 0.00 | -4915.43 | -6302.29[00m
[91m239 | 0.07 | -4351.11 | 4413.95 | -4660.08 | 0.00 | 0.00 | -4660.08 | -6040.67[00m
[91m341 | 0.15 | -20221.38 | 4476.40 | -20892.84 | 0.00 | 0.00 | -20892.84 | -23841.86[00m
[91m265 | 0.16 | -20437.89 | 4499.89 | -21157.87 | 0.00 | 0.00 | -21157.87 | -24299.73[00m
[91m287 | 0.29 | -47835.77 | 4531.30 | -49149.85 | 0.00 | 0.00 | -49149.85 | -54835.37[00m
[91m235 | 0.19 | -30667.58 | 4559.29 | -31533.85 | 0.00 | 0.00 | -31533.85 | -35253.52[00m
[91m277 | 0.12 | -15246.65 | 4649.49 | -15804.59 | 0.00 | 0.00 | -15804.59 | -18143.03[00m
212 | 0.15 | 52386.04 | 4781.39 | 51668.83 | -112.73 | -563.63 | 51122.10 | 48201.92
[91m345 | 0.09 | -11552.75 | 4730.18 | -11978.47 | 0.00 | 0.00 | -11978.47 | -13725.04[00m
[91m228 | 0.20 | -30091.51 | 4805.86 | -31052.68 | 0.00 | 0.00 | -31052.68 | -34918.81[00m
[91m268 | 0.12 | -12249.88 | 4866.73 | -12833.88 | 0.00 | 0.00 | -12833.88 | -15146.26[00m
[91m241 | 0.11 | -10625.61 | 4927.15 | -11167.60 | 0.00 | 0.00 | -11167.60 | -13280.63[00m
[91m371 | 0.25 | -40416.37 | 4993.94 | -41664.86 | 0.00 | 0.00 | -41664.86 | -46450.50[00m
[91m205 | 0.13 | -16318.51 | -19456.26[00m
[91m206 | 0.10 | -10692.12 | -13105.77[00m
[91m207 | 0.23 | -37794.96 | -43346.36[00m
[91m208 | 0.14 | -21346.70 | -24725.81[00m
[91m209 | 0.19 | -30471.10 | -35057.04[00m
[91m210 | 0.16 | -21315.45 | -25177.30[00m
[91m211 | 0.30 | -49423.40 | -56664.36[00m
[91m213 | 0.08 | -9793.11 | -11724.04[00m
[91m214 | 0.25 | -39555.64 | -45589.78[00m
[91m215 | 0.22 | -36505.10 | -41815.14[00m
[91m216 | 0.27 | -45575.26 | -52092.12[00m
[91m217 | 0.14 | -16447.56 | -19826.67[00m
[91m218 | 0.14 | -20433.00 | -23812.11[00m
[91m220 | 0.27 | -46628.83 | -53145.70[00m
[91m224 | 0.07 | -5329.60 | -7019.15[00m
[91m225 | 0.30 | -47526.16 | -54767.12[00m
[91m226 | 0.20 | -28840.46 | -33667.77[00m
[91m227 | 0.16 | -24057.24 | -27919.09[00m
[91m229 | 0.10 | -8936.63 | -11350.29[00m
[91m230 | 0.30 | -50982.54 | -58223.50[00m
[91m231 | 0.08 | -6514.50 | -8445.42[00m
[91m232 | 0.25 | -24287.08 | -30321.21[00m
[91m233 | 0.29 | -48725.66 | -55725.26[00m
[91m234 | 0.25 | -37705.32 | -43739.46[00m
[91m236 | 0.22 | -31699.09 | -37009.12[00m
[91m237 | 0.09 | -28278.31 | -30450.60[00m
[91m242 | 0.24 | -36965.97 | -42758.74[00m
[91m243 | 0.16 | -24161.37 | -28023.22[00m
[91m244 | 0.30 | -50163.43 | -57404.39[00m
[91m245 | 0.15 | -21437.06 | -25057.54[00m
[91m248 | 0.18 | -8156.92 | -12501.50[00m
[91m249 | 0.13 | -15799.69 | -18937.44[00m
[91m250 | 0.26 | -42957.15 | -49232.64[00m
[91m251 | 0.06 | -4403.29 | -5851.48[00m
[91m252 | 0.19 | -30728.18 | -35314.12[00m
[91m255 | 0.24 | -40096.02 | -45888.78[00m
[91m256 | 0.28 | -46293.75 | -53051.98[00m
[91m258 | 0.16 | -19989.12 | -23850.97[00m
[91m260 | 0.16 | -20406.74 | -24268.58[00m
[91m261 | 0.21 | -29915.47 | -34984.14[00m
[91m263 | 0.08 | -8888.48 | -10819.40[00m
[91m266 | 0.08 | -5120.09 | -7051.02[00m
[91m269 | 0.27 | -46986.51 | -53503.38[00m
[91m270 | 0.11 | -12640.19 | -15295.21[00m
[91m271 | 0.27 | -44331.04 | -50847.90[00m
[91m272 | 0.24 | -38675.85 | -44468.61[00m
[91m273 | 0.26 | -44229.69 | -50505.19[00m
[91m274 | 0.16 | -21955.83 | -25817.67[00m
[91m276 | 0.14 | -16581.12 | -19960.23[00m
[91m278 | 0.18 | -25433.97 | -29778.54[00m
[91m279 | 0.27 | -44523.83 | -51040.69[00m
[91m282 | 0.11 | -15423.45 | -18078.46[00m
[91m283 | 0.06 | -3231.36 | -4679.55[00m
[91m284 | 0.16 | -23585.49 | -27447.34[00m
[91m285 | 0.10 | -9305.61 | -11719.27[00m
[91m286 | 0.24 | -35381.94 | -41174.71[00m
[91m288 | 0.09 | -11734.99 | -13907.28[00m
[91m290 | 0.12 | -13204.81 | -16101.19[00m
[91m291 | 0.09 | -10175.81 | -12348.10[00m
[91m292 | 0.28 | -47512.88 | -54271.11[00m
[91m294 | 0.13 | -15607.72 | -18745.47[00m
[91m295 | 0.25 | -42796.98 | -48831.11[00m
[91m296 | 0.24 | -38180.82 | -43973.59[00m
[91m299 | 0.06 | -3834.35 | -5282.54[00m
[91m304 | 0.17 | -22592.30 | -26695.51[00m
[91m305 | 0.23 | -4601.76 | -10153.16[00m
[91m308 | 0.12 | -16826.41 | -19722.79[00m
[91m310 | 0.28 | -45903.63 | -52661.86[00m
[91m312 | 0.28 | -47610.16 | -54368.39[00m
[91m313 | 0.29 | -45604.69 | -52604.29[00m
[91m314 | 0.07 | -6461.78 | -8151.34[00m
[91m316 | 0.20 | -31105.76 | -35933.06[00m
[91m318 | 0.11 | -14161.06 | -16816.08[00m
[91m319 | 0.17 | -24294.55 | -28397.76[00m
[91m320 | 0.29 | -47482.83 | -54482.42[00m
[91m321 | 0.14 | -21465.82 | -24844.93[00m
[91m322 | 0.26 | -39139.01 | -45414.51[00m
[91m323 | 0.24 | -37674.32 | -43467.09[00m
[91m324 | 0.14 | -18989.32 | -22368.43[00m
[91m325 | 0.25 | -39047.38 | -45081.51[00m
[91m327 | 0.13 | -19049.44 | -22187.19[00m
[91m328 | 0.22 | -35522.63 | -40832.66[00m
[91m329 | 0.15 | -23257.11 | -26877.59[00m
[91m330 | 0.20 | -32125.99 | -36953.30[00m
[91m332 | 0.15 | -20751.03 | -24371.51[00m
[91m333 | 0.23 | -34627.47 | -40178.87[00m
[91m336 | 0.22 | -33492.83 | -38802.86[00m
[91m337 | 0.19 | -27433.31 | -32019.25[00m
[91m338 | 0.29 | -46948.20 | -53947.80[00m
[91m339 | 0.19 | -30788.51 | -35374.45[00m
[91m340 | 0.18 | -25301.28 | -29645.86[00m
[91m344 | 0.26 | -39608.44 | -45883.93[00m
[91m346 | 0.20 | -31016.07 | -35843.38[00m
[91m348 | 0.30 | -49796.87 | -57037.83[00m
[91m349 | 0.17 | -21822.09 | -25925.30[00m
[91m350 | 0.09 | -35636.17 | -37808.46[00m
[91m351 | 0.26 | -39443.18 | -45718.68[00m
[91m352 | 0.06 | -27363.08 | -28811.27[00m
[91m353 | 0.07 | -26807.91 | -28497.46[00m
[91m354 | 0.06 | -15860.86 | -17309.05[00m
[91m355 | 0.08 | -76598.76 | -78529.68[00m
[91m357 | 0.08 | -21053.37 | -22984.30[00m
[91m358 | 0.07 | -64382.82 | -66072.38[00m
[91m359 | 0.11 | -152777.66 | -155432.68[00m
[91m360 | 0.25 | -37889.43 | -43923.57[00m
[91m361 | 0.21 | -30683.12 | -35751.79[00m
[91m363 | 0.22 | -34835.76 | -40145.79[00m
[91m364 | 0.26 | -41683.76 | -47959.25[00m
[91m365 | 0.27 | -44197.35 | -50714.21[00m
[91m368 | 0.29 | -47221.81 | -54221.40[00m
[91m369 | 0.27 | -42318.90 | -48835.76[00m
[91m370 | 0.19 | -30751.77 | -35337.71[00m
[91m372 | 0.11 | -20759052.86 | -20761707.88[00m
[91m373 | 0.29 | -49688.12 | -56687.71[00m
[91m375 | 0.28 | -46490.70 | -53248.93[00m
[91m377 | 0.27 | -41029.01 | -47545.87[00m
[91m378 | 0.19 | -26736.71 | -31322.65[00m
[91m379 | 0.27 | -46325.75 | -52842.61[00m
[91m380 | 0.21 | -29749.31 | -34817.98[00m
[91m381 | 0.11 | -12395.87 | -15050.89[00m
[91m382 | 0.09 | -11835.26 | -14007.54[00m
[91m383 | 0.30 | -52561.41 | -59802.37[00m
[91m385 | 0.25 | -40023.04 | -46057.17[00m
[91m386 | 0.29 | -49626.17 | -56625.76[00m
[91m387 | 0.25 | -16869344.76 | -16875378.90[00m
[91m388 | 0.28 | -63099433.73 | -63106191.96[00m
[91m389 | 0.24 | -35892.69 | -41685.46[00m
[91m390 | 0.11 | -14801.76 | -17456.78[00m
[91m392 | 0.21 | -30663.26 | -35731.93[00m
[91m394 | 0.11 | -13287.67 | -15942.69[00m
[91m395 | 0.20 | -31822.30 | -36649.60[00m
[91m396 | 0.27 | -45305.19 | -51822.05[00m
[91m399 | 0.21 | -33032.11 | -38100.78[00m
[91m404 | 0.26 | -42305.55 | -48581.05[00m
[91m405 | 0.25 | -38699.07 | -44733.20[00m
Vehicle 2
Charging tour: 
472  -> 598  -> 473  -> 525  -> 557  -> 450  -> 609  -> 447  -> 579  -> 408  -> 523  -> 416  -> 418  -> 524  -> 458  -> 420  -> 463  -> 491  -> 519  -> 505  -> 596  -> 432  -> 413  -> 556  -> 457  -> 584  -> 414  -> 532  -> 433  -> 438  -> 604  -> 562  -> 440  -> 605  -> 407  -> 460  -> 430  -> 581  -> 464  -> 452  -> 561  -> 427  -> 412  -> 522  -> 498  -> 601  -> 453  -> 515  -> 509  -> 499  -> 485  -> 583  -> 508  -> 533  -> 539  -> 518  -> 426  -> 478  -> 547  -> 434  -> 483  -> 607  -> 567  -> 527  -> 551  -> 529  -> 534  -> 576  -> 504  -> 559  -> 459  -> 536  -> 574  -> 
Charging time: 
-1.2733056325264425  + 0  + 0  + 0  + 0  + -616.2101583124049  + 0  + -879.732728630547  + 0  + -0.18772399073090967  + 0  + 0  + -8.9854004755036  + 0  + 0  + 0  + -1060.4342317577277  + 0  + -787.5245529948393  + -524.1743077873484  + 0  + -365.60643502661037  + -7.1603341869445165  + 0  + -496.18297589057056  + 0  + -0.1451873864055067  + 0  + -1194.5402822019832  + -8.973860050757558  + 0  + 0  + -7.921385081243403  + 0  + -3.478390420318493  + -2.7199179504340876  + 0  + 0  + 0  + -337.75555602268304  + 0  + -5.976001104198009  + 0  + 0  + -771.961464451525  + 0  + 0  + 0  + 0  + 0  + 0  + 0  + -1796.4143780712998  + 0  + 0  + 0  + 0  + 0  + 0  + -901.3055845293823  + 0  + 0  + 0  + 0  + 0  + 0  + 0  + 0  + 0  + 0  + 0  + 0  + 0  + 
Traveling energy: 6045.892713704143
Charging energy: -48893.320809779914
Total energy used: -42847.428096075775
Charging round duration: -3732.7714482518404
ID | p | E0 | time_arrive | E_remain | time_charge | energy_charge| E_after_charge | E_after_cycle
472 | 0.15 | 8940316.37 | 49.76 | 8940308.91 | -1.27 | -6.37 | 8940302.73 | 8936689.53
[91m598 | 0.05 | -4367.15 | 107.19 | -4372.51 | 0.00 | 0.00 | -4372.51 | -5573.97[00m
[91m473 | 0.06 | -3609.74 | 159.91 | -3619.33 | 0.00 | 0.00 | -3619.33 | -5057.93[00m
[91m525 | 0.28 | -47129.37 | 266.92 | -47204.11 | 0.00 | 0.00 | -47204.11 | -53887.60[00m
[91m557 | 0.21 | -34022.55 | 329.98 | -34091.84 | 0.00 | 0.00 | -34091.84 | -39091.22[00m
450 | 0.05 | 6157.94 | 444.37 | 6135.72 | -616.21 | -3081.05 | 3085.48 | 1870.06
[91m609 | 0.25 | -42181.75 | -83.02 | -42161.00 | 0.00 | 0.00 | -42161.00 | -48215.88[00m
[91m447 | 0.05 | 4313.34 | -16.33 | 4314.16 | -879.73 | -4398.66 | -40.52 | -1292.15[00m
[91m579 | 0.15 | -22397.54 | -818.01 | -22274.84 | 0.00 | 0.00 | -22274.84 | -26018.02[00m
408 | 0.13 | 52555462.56 | -748.37 | 52555559.85 | -0.19 | -0.94 | 52555558.93 | 52552323.87
[91m523 | 0.19 | -27374.26 | -694.07 | -27242.39 | 0.00 | 0.00 | -27242.39 | -31960.20[00m
[91m416 | 0.20 | -30038.22 | -655.70 | -29907.08 | 0.00 | 0.00 | -29907.08 | -34865.53[00m
418 | 0.26 | 2195989.19 | -592.36 | 2196143.21 | -8.99 | -44.93 | 2196100.62 | 2189668.77
[91m524 | 0.21 | -31818.46 | -479.71 | -31717.72 | 0.00 | 0.00 | -31717.72 | -36887.13[00m
[91m458 | 0.07 | -5538.17 | -358.51 | -5513.07 | 0.00 | 0.00 | -5513.07 | -7227.72[00m
[91m420 | 0.16 | -23390.86 | -257.31 | -23349.69 | 0.00 | 0.00 | -23349.69 | -27252.70[00m
[91m463 | 0.06 | 4294.00 | -149.73 | 4302.98 | -1060.43 | -5302.17 | -935.56 | -2456.37[00m
[91m491 | 0.23 | -33486.56 | -1105.64 | -33232.26 | 0.00 | 0.00 | -33232.26 | -39037.96[00m
519 | 0.11 | 10600.42 | -1024.88 | 10713.15 | -787.52 | -3937.62 | 6862.16 | 4007.77
505 | 0.06 | 8687.00 | -1794.70 | 8794.68 | -524.17 | -2620.87 | 6205.26 | 4617.94
[91m596 | 0.21 | -34323.32 | -2242.26 | -33852.44 | 0.00 | 0.00 | -33852.44 | -39391.99[00m
432 | 0.15 | 31136.64 | -2114.23 | 31453.77 | -365.61 | -1828.03 | 29680.58 | 25688.13
413 | 0.24 | 2543737.18 | -2389.46 | 2544310.65 | -7.16 | -35.80 | 2544276.57 | 2537908.61
[91m556 | 0.08 | -9845.69 | -2253.79 | -9665.38 | 0.00 | 0.00 | -9665.38 | -11776.61[00m
457 | 0.06 | 9177.06 | -2122.39 | 9304.41 | -496.18 | -2480.91 | 6853.26 | 5247.96
[91m584 | 0.19 | -30374.20 | -2528.61 | -29893.76 | 0.00 | 0.00 | -29893.76 | -34960.14[00m
414 | 0.09 | 47044397.48 | -2520.31 | 47044624.31 | -0.15 | -0.73 | 47044623.59 | 47042224.47
[91m532 | 0.28 | -45459.21 | -2464.26 | -44769.22 | 0.00 | 0.00 | -44769.22 | -52217.44[00m
[91m433 | 0.06 | 3811.93 | -2436.83 | 3958.14 | -1194.54 | -5972.70 | -1942.89 | -3608.96[00m
438 | 0.27 | 2283382.98 | -3475.59 | 2284321.39 | -8.97 | -44.87 | 2284278.95 | 2276821.25
[91m604 | 0.10 | -12035.02 | -3343.32 | -11700.68 | 0.00 | 0.00 | -11700.68 | -14448.67[00m
[91m562 | 0.09 | -11811.15 | -3312.53 | -11513.02 | 0.00 | 0.00 | -11513.02 | -13983.44[00m
440 | 0.25 | 2395152.50 | -3225.73 | 2395958.94 | -7.92 | -39.61 | 2395921.31 | 2389078.77
[91m605 | 0.23 | -38353.74 | -3201.69 | -37617.35 | 0.00 | 0.00 | -37617.35 | -43905.14[00m
407 | 0.29 | 6327234.93 | -3163.98 | 6328152.48 | -3.48 | -17.39 | 6328136.10 | 6320217.95
460 | 0.18 | 5022396.44 | -3084.85 | 5022951.71 | -2.72 | -13.60 | 5022938.60 | 5018038.26
[91m430 | 0.27 | -46761.19 | -3040.92 | -45940.14 | 0.00 | 0.00 | -45940.14 | -53278.05[00m
[91m581 | 0.15 | -22349.39 | -2968.37 | -21904.14 | 0.00 | 0.00 | -21904.14 | -25969.87[00m
[91m464 | 0.12 | -12262.62 | -2927.90 | -11911.27 | 0.00 | 0.00 | -11911.27 | -15159.00[00m
452 | 0.13 | 29210.24 | -2813.25 | 29575.96 | -337.76 | -1688.78 | 27931.09 | 24383.71
[91m561 | 0.09 | -9887.07 | -3079.31 | -9609.93 | 0.00 | 0.00 | -9609.93 | -12059.36[00m
427 | 0.30 | 3809823.66 | -2965.78 | 3810713.39 | -5.98 | -29.88 | 3810685.30 | 3802552.82
[91m412 | 0.20 | -29304.73 | -2932.01 | -28718.33 | 0.00 | 0.00 | -28718.33 | -34132.03[00m
[91m522 | 0.20 | -29912.62 | -2829.27 | -29346.77 | 0.00 | 0.00 | -29346.77 | -34739.93[00m
498 | 0.06 | 5898.61 | -2779.68 | 6065.39 | -771.96 | -3859.81 | 2251.90 | 590.61
[91m601 | 0.23 | -36228.37 | -3534.92 | -35415.34 | 0.00 | 0.00 | -35415.34 | -41779.77[00m
[91m453 | 0.21 | -32370.00 | -3470.07 | -31641.28 | 0.00 | 0.00 | -31641.28 | -37438.67[00m
[91m515 | 0.10 | -10596.88 | -3384.69 | -10258.41 | 0.00 | 0.00 | -10258.41 | -13010.53[00m
[91m509 | 0.20 | -29239.94 | -3298.66 | -28580.21 | 0.00 | 0.00 | -28580.21 | -34067.25[00m
[91m499 | 0.22 | -36283.19 | -3157.72 | -35588.49 | 0.00 | 0.00 | -35588.49 | -41593.23[00m
[91m485 | 0.28 | -44486.96 | -3069.84 | -43627.40 | 0.00 | 0.00 | -43627.40 | -51245.19[00m
[91m583 | 0.22 | -31754.19 | -2986.32 | -31097.20 | 0.00 | 0.00 | -31097.20 | -37064.22[00m
[91m508 | 0.10 | 4224.62 | -2919.39 | 4516.56 | -1796.41 | -8982.07 | -4285.87 | -7171.10[00m
[91m533 | 0.29 | -49085.93 | -4668.01 | -47732.21 | 0.00 | 0.00 | -47732.21 | -56085.53[00m
[91m539 | 0.22 | -32292.61 | -4560.59 | -31289.28 | 0.00 | 0.00 | -31289.28 | -37602.65[00m
[91m518 | 0.13 | -19518.81 | -4444.21 | -18941.07 | 0.00 | 0.00 | -18941.07 | -22656.56[00m
[91m426 | 0.21 | -34620.42 | -4365.18 | -33703.74 | 0.00 | 0.00 | -33703.74 | -39689.09[00m
[91m478 | 0.14 | -16443.89 | -4316.26 | -15839.61 | 0.00 | 0.00 | -15839.61 | -19823.01[00m
[91m547 | 0.18 | -27394.48 | -4205.44 | -26637.50 | 0.00 | 0.00 | -26637.50 | -31739.06[00m
[91m434 | 0.07 | 5894.14 | -4023.09 | 6175.75 | -901.31 | -4506.53 | 1732.32 | -301.95[00m
[91m483 | 0.23 | -37592.43 | -4760.88 | -36497.43 | 0.00 | 0.00 | -36497.43 | -43143.83[00m
[91m607 | 0.23 | -34919.36 | -4681.20 | -33842.69 | 0.00 | 0.00 | -33842.69 | -40470.76[00m
[91m567 | 0.18 | -23914.62 | -4572.02 | -23091.66 | 0.00 | 0.00 | -23091.66 | -28259.20[00m
[91m527 | 0.12 | -16900.87 | -4500.58 | -16360.80 | 0.00 | 0.00 | -16360.80 | -19797.25[00m
[91m551 | 0.21 | -34247.24 | -4375.05 | -33328.48 | 0.00 | 0.00 | -33328.48 | -39315.91[00m
[91m529 | 0.25 | -39872.80 | -4327.08 | -38791.03 | 0.00 | 0.00 | -38791.03 | -45906.93[00m
[91m534 | 0.18 | -26262.52 | -4248.00 | -25497.88 | 0.00 | 0.00 | -25497.88 | -30607.09[00m
[91m576 | 0.29 | -48735.82 | -4139.15 | -47535.46 | 0.00 | 0.00 | -47535.46 | -55735.41[00m
[91m504 | 0.22 | -31538.60 | -4041.39 | -30649.50 | 0.00 | 0.00 | -30649.50 | -36848.64[00m
[91m559 | 0.23 | -33241.88 | -3972.81 | -32328.13 | 0.00 | 0.00 | -32328.13 | -38793.28[00m
[91m459 | 0.22 | -36520.33 | -3943.55 | -35652.74 | 0.00 | 0.00 | -35652.74 | -41830.36[00m
[91m536 | 0.22 | -33917.21 | -3909.14 | -33057.20 | 0.00 | 0.00 | -33057.20 | -39227.25[00m
[91m574 | 0.19 | -29108.99 | -3868.66 | -28373.94 | 0.00 | 0.00 | -28373.94 | -33694.93[00m
[91m406 | 0.15 | -21870.72 | -25491.20[00m
[91m409 | 0.27 | -41982.24 | -48499.10[00m
[91m410 | 0.30 | -49422.13 | -56663.09[00m
[91m411 | 0.29 | -49831.88 | -56831.48[00m
[91m415 | 0.23 | -36811.53 | -42362.93[00m
[91m417 | 0.14 | -17782.01 | -21161.12[00m
[91m419 | 0.27 | -41209.75 | -47726.62[00m
[91m421 | 0.09 | -9069.47 | -11241.75[00m
[91m422 | 0.24 | -38768.02 | -44560.79[00m
[91m423 | 0.17 | -23665.80 | -27769.01[00m
[91m424 | 0.10 | -8922.72 | -11336.38[00m
[91m425 | 0.10 | -8889.68 | -11303.34[00m
[91m428 | 0.14 | -19167.43 | -22546.54[00m
[91m429 | 0.18 | -28567.79 | -32912.37[00m
[91m431 | 0.25 | -39152.94 | -45187.08[00m
[91m435 | 0.26 | -42171.79 | -48447.28[00m
[91m436 | 0.19 | -31554.38 | -36140.32[00m
[91m437 | 0.24 | -38882.42 | -44675.18[00m
[91m439 | 0.08 | -6586.98 | -8517.90[00m
[91m441 | 0.16 | -25250.84 | -29112.68[00m
[91m442 | 0.11 | -12707.98 | -15363.00[00m
[91m443 | 0.21 | -31455.54 | -36524.21[00m
444 | 0.14 | 4032.48 | 653.37
[91m445 | 0.08 | -7927.60 | -9858.53[00m
446 | 0.06 | 3849.72 | 2401.53
[91m448 | 0.25 | -40821.45 | -46855.58[00m
[91m449 | 0.17 | -24444.50 | -28547.71[00m
451 | 0.12 | 11092.87 | 8196.49
[91m454 | 0.30 | -49596.58 | -56837.54[00m
[91m455 | 0.15 | -22092.58 | -25713.06[00m
[91m456 | 0.23 | -36745.35 | -42296.75[00m
461 | 0.07 | 5265.96 | 3576.41
[91m462 | 0.18 | -27807.17 | -32151.75[00m
[91m465 | 0.11 | 2247.78 | -407.24[00m
[91m466 | 0.20 | -29145.87 | -33973.17[00m
[91m467 | 0.11 | -12796.49 | -15451.51[00m
[91m468 | 0.22 | -36290.84 | -41600.88[00m
[91m469 | 0.17 | -24686.01 | -28789.22[00m
[91m470 | 0.11 | -15561.09 | -18216.10[00m
[91m471 | 0.17 | -22112.54 | -26215.75[00m
[91m474 | 0.10 | -12924.22 | -15337.88[00m
[91m475 | 0.10 | -13563.42 | -15977.07[00m
[91m476 | 0.24 | -37260.47 | -43053.23[00m
477 | 0.08 | 3837.75 | 1906.83
[91m479 | 0.08 | -9386.93 | -11317.85[00m
[91m480 | 0.12 | -13856.68 | -16753.06[00m
[91m481 | 0.11 | -12211.16 | -14866.17[00m
[91m482 | 0.15 | -21659.88 | -25280.36[00m
[91m484 | 0.22 | -33878.77 | -39188.81[00m
[91m486 | 0.18 | -27092.40 | -31436.97[00m
[91m487 | 0.11 | -14468.16 | -17123.17[00m
[91m488 | 0.21 | -32188.66 | -37257.33[00m
[91m489 | 0.12 | -15793.50 | -18689.89[00m
[91m490 | 0.12 | -17142.79 | -20039.18[00m
[91m492 | 0.15 | -22975.94 | -26596.42[00m
[91m493 | 0.24 | -36037.04 | -41829.81[00m
[91m494 | 0.23 | -34735.62 | -40287.02[00m
[91m495 | 0.22 | -34457.96 | -39768.00[00m
[91m496 | 0.13 | -16347.09 | -19484.84[00m
[91m497 | 0.29 | -45329.90 | -52329.49[00m
[91m500 | 0.09 | -10878.46 | -13050.75[00m
[91m501 | 0.18 | -25759.10 | -30103.68[00m
[91m502 | 0.13 | -18281.69 | -21419.44[00m
[91m503 | 0.11 | -12026.03 | -14681.05[00m
[91m506 | 0.18 | -26703.67 | -31048.25[00m
[91m507 | 0.25 | -42093.82 | -48127.95[00m
[91m510 | 0.12 | -13403.87 | -16300.26[00m
[91m511 | 0.27 | -41876.60 | -48393.46[00m
[91m512 | 0.21 | -31268.52 | -36337.19[00m
[91m513 | 0.12 | -15189.58 | -18085.96[00m
[91m514 | 0.28 | -44332.11 | -51090.34[00m
[91m516 | 0.11 | -13200.87 | -15855.88[00m
[91m517 | 0.17 | -24182.92 | -28286.13[00m
520 | 0.12 | 6383.47 | 3487.08
[91m521 | 0.15 | -21845.54 | -25466.02[00m
526 | 0.10 | 8916.17 | 6502.52
[91m528 | 0.12 | -16193.52 | -19089.91[00m
[91m530 | 0.10 | -12264.81 | -14678.47[00m
[91m531 | 0.27 | -43982.43 | -50499.30[00m
[91m535 | 0.11 | -13749.36 | -16404.38[00m
[91m537 | 0.27 | -46989.78 | -53506.64[00m
[91m538 | 0.09 | -9266.23 | -11438.52[00m
[91m540 | 0.30 | -47964.88 | -55205.84[00m
[91m541 | 0.20 | -29256.11 | -34083.41[00m
[91m542 | 0.29 | -48773.76 | -55773.35[00m
[91m543 | 0.19 | -29240.69 | -33826.63[00m
[91m544 | 0.22 | -35737.27 | -41047.30[00m
[91m545 | 0.30 | -51611.24 | -58852.20[00m
[91m546 | 0.14 | -18449.30 | -21828.41[00m
[91m548 | 0.09 | -9648.32 | -11820.61[00m
[91m549 | 0.16 | -22448.18 | -26310.02[00m
[91m550 | 0.19 | -29572.20 | -34158.14[00m
[91m552 | 0.25 | -41584.97 | -47619.11[00m
[91m553 | 0.14 | -18244.11 | -21623.22[00m
[91m554 | 0.16 | -23457.85 | -27319.70[00m
[91m555 | 0.10 | -13229.47 | -15643.12[00m
[91m558 | 0.29 | -46270.69 | -53270.28[00m
[91m560 | 0.13 | -14219.08 | -17356.83[00m
[91m563 | 0.26 | -42152.51 | -48428.01[00m
[91m564 | 0.12 | -16065.19 | -18961.57[00m
[91m565 | 0.20 | -32751.60 | -37578.90[00m
[91m566 | 0.08 | -9175.85 | -11106.77[00m
[91m568 | 0.30 | -50137.11 | -57378.07[00m
[91m569 | 0.23 | -36124.95 | -41676.35[00m
[91m570 | 0.13 | -10352345.34 | -10355483.09[00m
[91m571 | 0.11 | -16154170.33 | -16156825.35[00m
[91m572 | 0.08 | -433342.44 | -435273.37[00m
[91m573 | 0.28 | -43719.81 | -50478.04[00m
[91m575 | 0.22 | -36769.32 | -42079.35[00m
[91m577 | 0.11 | -15296.52 | -17951.54[00m
[91m578 | 0.23 | -33601.22 | -39152.62[00m
[91m580 | 0.27 | -42497.42 | -49014.28[00m
[91m582 | 0.26 | -42422.48 | -48697.98[00m
[91m585 | 0.26 | -40575.99 | -46851.49[00m
[91m586 | 0.14 | -19650.10 | -23029.22[00m
[91m587 | 0.13 | -17750169.72 | -17753307.47[00m
[91m588 | 0.27 | -45145.06 | -51661.92[00m
[91m589 | 0.13 | -18629.26 | -21767.01[00m
[91m590 | 0.30 | -52650.95 | -59891.91[00m
[91m591 | 0.18 | -25605.21 | -29949.78[00m
[91m592 | 0.16 | -20202.92 | -24064.77[00m
[91m593 | 0.21 | -34742.02 | -39810.69[00m
[91m594 | 0.11 | -12819.13 | -15474.14[00m
[91m595 | 0.11 | -15739.08 | -18394.10[00m
[91m597 | 0.20 | -28196.72 | -33024.02[00m
[91m599 | 0.20 | -29749.07 | -34576.38[00m
[91m600 | 0.09 | -10891.71 | -13064.00[00m
[91m602 | 0.21 | -31255.82 | -36324.49[00m
[91m603 | 0.15 | -23056.89 | -26677.37[00m
[91m606 | 0.23 | -37242.43 | -42793.83[00m
[91m608 | 0.27 | -42290.10 | -48806.96[00m
[91m610 | 0.30 | -47251.15 | -54492.11[00m
Vehicle 3
Charging tour: 
682  -> 689  -> 635  -> 714  -> 684  -> 735  -> 732  -> 784  -> 724  -> 625  -> 620  -> 636  -> 748  -> 778  -> 672  -> 628  -> 703  -> 648  -> 630  -> 611  -> 644  -> 622  -> 754  -> 702  -> 791  -> 739  -> 686  -> 747  -> 697  -> 639  -> 660  -> 651  -> 624  -> 670  -> 717  -> 705  -> 634  -> 654  -> 706  -> 708  -> 749  -> 688  -> 746  -> 614  -> 742  -> 667  -> 785  -> 621  -> 665  -> 656  -> 633  -> 720  -> 752  -> 671  -> 738  -> 619  -> 661  -> 676  -> 650  -> 691  -> 657  -> 677  -> 774  -> 744  -> 704  -> 629  -> 647  -> 673  -> 741  -> 631  -> 641  -> 712  -> 740  -> 680  -> 779  -> 637  -> 792  -> 674  -> 675  -> 658  -> 729  -> 
Charging time: 
-0.2606956526049086  + 0  + 0  + 0  + 0  + 0  + 0  + 0  + 0  + -0.515185466637944  + 0  + 0  + 0  + 0  + -0.5598010462261537  + -0.74128353108989  + 0  + -0.6336411857269371  + 0  + 0  + 0  + -0.5581310712605332  + 0  + 0  + 0  + 0  + 0  + 0  + 0  + 0  + -0.661715676149509  + -0.2269897370896864  + -0.64654800668758  + 0  + 0  + 0  + 0  + 0  + 0  + 0  + 0  + -0.2935231749406222  + 0  + -0.43004776558979485  + 0  + 0  + 0  + 0  + 0  + 0  + 0  + 0  + 0  + 0  + 0  + -0.4437111302436604  + 0  + -0.6018646018163286  + -0.11052186092321392  + -0.002375922743256973  + -0.3104382980102404  + 0  + 0  + 0  + 0  + -0.7043244845130254  + 0  + 0  + 0  + 0  + -0.3439896075253769  + 0  + 0  + -0.0005848964387992674  + 0  + -0.66724990405983  + 0  + 0  + 0  + 0  + 0  + 
Traveling energy: 7270.878438162186
Charging energy: -43.56311510138645
Total energy used: 7227.3153230607995
Charging round duration: 7262.165815141909
ID | p | E0 | time_arrive | E_remain | time_charge | energy_charge| E_after_charge | E_after_cycle
682 | 0.20 | 20503966.21 | 156.63 | 20503934.88 | -0.26 | -1.30 | 20503933.63 | 20499137.60
[91m689 | 0.26 | -42922.46 | 284.96 | -42996.55 | 0.00 | 0.00 | -42996.55 | -49197.96[00m
[91m635 | 0.25 | -37260.30 | 399.82 | -37360.26 | 0.00 | 0.00 | -37360.26 | -43294.44[00m
[91m714 | 0.13 | -19622.74 | 429.68 | -19678.60 | 0.00 | 0.00 | -19678.60 | -22760.49[00m
[91m684 | 0.07 | -3373.20 | 482.28 | -3406.96 | 0.00 | 0.00 | -3406.96 | -5062.76[00m
[91m735 | 0.19 | -26593.21 | 516.22 | -26691.29 | 0.00 | 0.00 | -26691.29 | -31179.15[00m
[91m732 | 0.29 | -45139.92 | 548.65 | -45299.03 | 0.00 | 0.00 | -45299.03 | -52139.52[00m
[91m784 | 0.29 | -48366.38 | 606.75 | -48542.33 | 0.00 | 0.00 | -48542.33 | -55365.97[00m
[91m724 | 0.07 | -9040.81 | 655.43 | -9086.69 | 0.00 | 0.00 | -9086.69 | -10730.37[00m
625 | 0.22 | 11413024.47 | 728.36 | 11412864.23 | -0.52 | -2.58 | 11412861.77 | 11407711.86
[91m620 | 0.10 | -12959.83 | 791.65 | -13039.00 | 0.00 | 0.00 | -13039.00 | -15373.49[00m
[91m636 | 0.06 | -4995.54 | 866.28 | -5047.51 | 0.00 | 0.00 | -5047.51 | -6443.73[00m
[91m748 | 0.29 | -50793.09 | 977.56 | -51076.58 | 0.00 | 0.00 | -51076.58 | -57792.68[00m
[91m778 | 0.11 | -13067.60 | 1089.94 | -13187.49 | 0.00 | 0.00 | -13187.49 | -15722.62[00m
672 | 0.21 | 10025989.83 | 1156.55 | 10025746.95 | -0.56 | -2.80 | 10025744.27 | 10020918.36
628 | 0.28 | 10095209.83 | 1180.24 | 10094879.37 | -0.74 | -3.71 | 10094875.87 | 10088447.90
[91m703 | 0.28 | -45817.12 | 1280.30 | -46175.61 | 0.00 | 0.00 | -46175.61 | -52575.35[00m
648 | 0.23 | 9701214.53 | 1357.15 | 9700902.39 | -0.63 | -3.17 | 9700899.37 | 9695659.96
[91m630 | 0.30 | -49884.95 | 1460.25 | -50323.02 | 0.00 | 0.00 | -50323.02 | -57125.91[00m
[91m611 | 0.18 | -26761.13 | 1481.20 | -27027.74 | 0.00 | 0.00 | -27027.74 | -31105.70[00m
[91m644 | 0.13 | -14893.29 | 1606.36 | -15102.12 | 0.00 | 0.00 | -15102.12 | -18031.04[00m
622 | 0.22 | 10534845.02 | 1673.99 | 10534476.74 | -0.56 | -2.79 | 10534474.08 | 10529532.19
[91m754 | 0.17 | -26547.50 | 1745.43 | -26844.22 | 0.00 | 0.00 | -26844.22 | -30650.71[00m
[91m702 | 0.18 | -28317.99 | 1778.36 | -28638.09 | 0.00 | 0.00 | -28638.09 | -32662.56[00m
[91m791 | 0.15 | -18663.40 | 1892.84 | -18947.33 | 0.00 | 0.00 | -18947.33 | -22283.88[00m
[91m739 | 0.26 | -39311.84 | 1963.11 | -39822.25 | 0.00 | 0.00 | -39822.25 | -45587.34[00m
[91m686 | 0.20 | -30540.76 | 2012.43 | -30943.25 | 0.00 | 0.00 | -30943.25 | -35368.07[00m
[91m747 | 0.06 | -6762.07 | 2030.96 | -6883.92 | 0.00 | 0.00 | -6883.92 | -8210.26[00m
[91m697 | 0.10 | -10936.68 | 2107.50 | -11147.43 | 0.00 | 0.00 | -11147.43 | -13350.33[00m
[91m639 | 0.30 | -49236.51 | 2229.24 | -49905.28 | 0.00 | 0.00 | -49905.28 | -56477.47[00m
660 | 0.24 | 9693519.52 | 2335.22 | 9692959.07 | -0.66 | -3.31 | 9692955.92 | 9687723.44
651 | 0.19 | 22371188.12 | 2378.62 | 22370736.18 | -0.23 | -1.13 | 22370735.09 | 22366601.04
624 | 0.24 | 9920924.29 | 2488.44 | 9920327.06 | -0.65 | -3.23 | 9920323.98 | 9915128.29
[91m670 | 0.10 | -8455.39 | 2662.18 | -8721.61 | 0.00 | 0.00 | -8721.61 | -10869.04[00m
[91m717 | 0.05 | -320.03 | 2841.21 | -462.09 | 0.00 | 0.00 | -462.09 | -1526.86[00m
[91m705 | 0.06 | -6241.68 | 2971.81 | -6419.99 | 0.00 | 0.00 | -6419.99 | -7689.87[00m
[91m634 | 0.11 | -14724.04 | 3092.05 | -15064.16 | 0.00 | 0.00 | -15064.16 | -17379.06[00m
[91m654 | 0.17 | -24869.93 | 3179.09 | -25410.38 | 0.00 | 0.00 | -25410.38 | -28973.14[00m
[91m706 | 0.28 | -45575.22 | 3324.14 | -46505.98 | 0.00 | 0.00 | -46505.98 | -52333.44[00m
[91m708 | 0.25 | -40254.52 | 3465.58 | -41120.91 | 0.00 | 0.00 | -41120.91 | -46288.65[00m
[91m749 | 0.09 | -8804.86 | 3487.05 | -9118.69 | 0.00 | 0.00 | -9118.69 | -10977.15[00m
688 | 0.22 | 20031891.31 | 3532.10 | 20031114.25 | -0.29 | -1.47 | 20031112.84 | 20026579.80
[91m746 | 0.26 | -39556.64 | 3605.27 | -40494.01 | 0.00 | 0.00 | -40494.01 | -45832.14[00m
614 | 0.23 | 14293968.19 | 3626.11 | 14293134.18 | -0.43 | -2.15 | 14293132.13 | 14288414.63
[91m742 | 0.12 | -13870.16 | 3737.60 | -14318.67 | 0.00 | 0.00 | -14318.67 | -16766.54[00m
[91m667 | 0.06 | -5170.91 | 3853.70 | -5402.14 | 0.00 | 0.00 | -5402.14 | -6619.10[00m
[91m785 | 0.15 | -20615.60 | 4053.03 | -21223.55 | 0.00 | 0.00 | -21223.55 | -24236.08[00m
[91m621 | 0.29 | -46156.01 | 4230.10 | -47382.74 | 0.00 | 0.00 | -47382.74 | -53155.60[00m
[91m665 | 0.09 | -11355.51 | 4409.82 | -11752.40 | 0.00 | 0.00 | -11752.40 | -13527.80[00m
[91m656 | 0.06 | -13362.17 | 4477.53 | -13630.82 | 0.00 | 0.00 | -13630.82 | -14810.36[00m
[91m633 | 0.11 | -15421.42 | 4510.82 | -15917.61 | 0.00 | 0.00 | -15917.61 | -18076.44[00m
[91m720 | 0.11 | -11249.67 | 4519.32 | -11746.80 | 0.00 | 0.00 | -11746.80 | -13904.69[00m
[91m752 | 0.19 | -28749.64 | 4569.56 | -29617.86 | 0.00 | 0.00 | -29617.86 | -33335.58[00m
[91m671 | 0.23 | -34853.32 | 4621.61 | -35916.29 | 0.00 | 0.00 | -35916.29 | -40404.72[00m
[91m738 | 0.26 | -44601.86 | 4758.04 | -45838.95 | 0.00 | 0.00 | -45838.95 | -50877.36[00m
619 | 0.25 | 15058487.63 | 4909.44 | 15057260.27 | -0.44 | -2.22 | 15057258.16 | 15052451.28
[91m661 | 0.21 | -32026.07 | 5046.83 | -33085.91 | 0.00 | 0.00 | -33085.91 | -37094.75[00m
676 | 0.27 | 11989653.53 | 5087.78 | 11988279.83 | -0.60 | -3.01 | 11988276.98 | 11983133.66
650 | 0.18 | 43527726.79 | 5149.90 | 43526799.81 | -0.11 | -0.55 | 43526799.27 | 43523381.66
691 | 0.29 | 3262175740.72 | 5287.01 | 3262174207.49 | -0.00 | -0.01 | 3262174207.48 | 3262168741.12
657 | 0.21 | 18079469.03 | 5433.34 | 18078328.03 | -0.31 | -1.55 | 18078326.54 | 18074398.81
[91m677 | 0.08 | -9421.23 | 5557.74 | -9865.85 | 0.00 | 0.00 | -9865.85 | -11352.15[00m
[91m774 | 0.06 | -2559.18 | 5666.39 | -2899.16 | 0.00 | 0.00 | -2899.16 | -4007.37[00m
[91m744 | 0.25 | -39089.17 | 5715.38 | -40518.01 | 0.00 | 0.00 | -40518.01 | -45123.30[00m
[91m704 | 0.10 | -9987.81 | 5839.41 | -10571.75 | 0.00 | 0.00 | -10571.75 | -12401.46[00m
629 | 0.27 | 10245487.99 | 5887.25 | 10243898.44 | -0.70 | -3.52 | 10243895.10 | 10238967.61
[91m647 | 0.14 | -18067.93 | 5965.28 | -18903.07 | 0.00 | 0.00 | -18903.07 | -21447.05[00m
[91m673 | 0.28 | -43889.78 | 6009.62 | -45572.47 | 0.00 | 0.00 | -45572.47 | -50648.01[00m
[91m741 | 0.15 | -22145.65 | 6114.79 | -23062.87 | 0.00 | 0.00 | -23062.87 | -25766.13[00m
[91m631 | 0.12 | -13849.99 | 6167.98 | -14590.15 | 0.00 | 0.00 | -14590.15 | -16746.37[00m
641 | 0.17 | 13208249.68 | 6226.07 | 13207191.25 | -0.34 | -1.72 | 13207189.59 | 13204144.75
[91m712 | 0.10 | -9277.86 | 6350.14 | -9912.87 | 0.00 | 0.00 | -9912.87 | -11691.51[00m
[91m740 | 0.18 | -25810.05 | 6439.61 | -26969.18 | 0.00 | 0.00 | -26969.18 | -30154.62[00m
680 | 0.11 | 5026380694.74 | 6581.34 | 5026379970.79 | -0.00 | -0.00 | 5026379970.79 | 5026378039.72
[91m779 | 0.16 | -24810.90 | 6745.60 | -25890.20 | 0.00 | 0.00 | -25890.20 | -28672.75[00m
637 | 0.23 | 9212573.94 | 6890.40 | 9210989.15 | -0.67 | -3.34 | 9210985.97 | 9207019.20
[91m792 | 0.24 | -38264.91 | 6971.18 | -39937.99 | 0.00 | 0.00 | -39937.99 | -44057.68[00m
[91m674 | 0.25 | -42523.66 | 7014.75 | -44277.35 | 0.00 | 0.00 | -44277.35 | -48557.79[00m
[91m675 | 0.19 | -30208.33 | 7075.14 | -31552.61 | 0.00 | 0.00 | -31552.61 | -34794.27[00m
[91m658 | 0.22 | -32882.46 | 7164.65 | -34458.69 | 0.00 | 0.00 | -34458.69 | -38192.50[00m
[91m729 | 0.11 | -15048.83 | 7195.82 | -15840.37 | 0.00 | 0.00 | -15840.37 | -17703.85[00m
[91m612 | 0.13 | -16111.47 | -19249.22[00m
[91m613 | 0.13 | -17185.48 | -20323.23[00m
[91m615 | 0.12 | -12781.15 | -15677.54[00m
[91m616 | 0.14 | -18482.73 | -21861.84[00m
[91m617 | 0.13 | -16367.74 | -19505.49[00m
[91m618 | 0.25 | -42562.87 | -48597.01[00m
[91m623 | 0.08 | -9370.76 | -11301.69[00m
[91m626 | 0.21 | -31173.36 | -36242.03[00m
[91m627 | 0.16 | -20194.85 | -24056.70[00m
[91m632 | 0.09 | -9421.40 | -11593.69[00m
[91m638 | 0.14 | -19937.29 | -23316.40[00m
[91m640 | 0.09 | -9509.07 | -11681.36[00m
[91m642 | 0.10 | -13722.13 | -16135.79[00m
[91m643 | 0.07 | -8017.07 | -9706.63[00m
[91m645 | 0.21 | -30882.22 | -35950.89[00m
[91m646 | 0.19 | -27953.33 | -32539.27[00m
[91m649 | 0.18 | -27077.93 | -31422.51[00m
[91m652 | 0.15 | -18832.53 | -22453.01[00m
[91m653 | 0.14 | -21184.00 | -24563.12[00m
[91m655 | 0.21 | -34509.35 | -39578.02[00m
[91m659 | 0.13 | -17084.85 | -20222.60[00m
[91m662 | 0.17 | -23578.78 | -27681.99[00m
[91m663 | 0.19 | -27982.31 | -32568.25[00m
[91m664 | 0.21 | -34426.52 | -39495.19[00m
[91m666 | 0.13 | -14080.38 | -17218.13[00m
[91m668 | 0.26 | -42026.44 | -48301.94[00m
[91m669 | 0.21 | -33694.09 | -38762.76[00m
[91m678 | 0.23 | -33961.51 | -39512.91[00m
[91m679 | 0.19 | -25993.02 | -30578.96[00m
[91m681 | 0.08 | -6666.78 | -8597.71[00m
[91m683 | 0.05 | -3432.74 | -4639.57[00m
[91m685 | 0.12 | -12838.65 | -15735.04[00m
[91m687 | 0.18 | -25842.35 | -30186.92[00m
[91m690 | 0.28 | -47461.55 | -54219.78[00m
[91m692 | 0.12 | -13935.82 | -16832.20[00m
[91m693 | 0.11 | -15250.61 | -17905.63[00m
[91m694 | 0.30 | -49172.42 | -56413.38[00m
[91m695 | 0.20 | -30637.93 | -35465.24[00m
[91m696 | 0.25 | -37875.59 | -43909.72[00m
[91m698 | 0.14 | -18266.43 | -21645.55[00m
[91m699 | 0.14 | -21146.78 | -24525.90[00m
[91m700 | 0.10 | -12052.03 | -14465.68[00m
[91m701 | 0.06 | -3520.59 | -4968.78[00m
[91m707 | 0.16 | -23695.60 | -27557.44[00m
[91m709 | 0.22 | -35837.62 | -41147.65[00m
[91m710 | 0.06 | -6018.18 | -7466.37[00m
[91m711 | 0.07 | -7249.97 | -8939.53[00m
[91m713 | 0.19 | -30682.88 | -35268.82[00m
[91m715 | 0.07 | -7320.72 | -9010.28[00m
[91m716 | 0.24 | -36636.50 | -42429.27[00m
[91m718 | 0.25 | -41834.63 | -47868.76[00m
[91m719 | 0.28 | -45924.76 | -52682.99[00m
[91m721 | 0.06 | -12257.34 | -13705.54[00m
[91m722 | 0.07 | -4575.40 | -6264.96[00m
[91m723 | 0.18 | -24940.52 | -29285.09[00m
[91m725 | 0.24 | -38562.57 | -44355.34[00m
[91m726 | 0.19 | -25915.32 | -30501.26[00m
[91m727 | 0.06 | -8206.75 | -9654.94[00m
[91m728 | 0.17 | -24371.37 | -28474.58[00m
[91m730 | 0.23 | -36140.43 | -41691.83[00m
[91m731 | 0.15 | -22648.32 | -26268.80[00m
[91m733 | 0.08 | -8319.96 | -10250.88[00m
[91m734 | 0.11 | -12776.63 | -15431.65[00m
[91m736 | 0.25 | -40482.14 | -46516.27[00m
[91m737 | 0.19 | -25499.18 | -30085.12[00m
[91m743 | 0.16 | -24994.44 | -28856.28[00m
[91m745 | 0.10 | -10811.79 | -13225.44[00m
[91m750 | 0.14 | -20833.47 | -24212.58[00m
[91m751 | 0.22 | -35377.35 | -40687.38[00m
[91m753 | 0.19 | -30299.12 | -34885.06[00m
[91m755 | 0.06 | -5119.74 | -6567.94[00m
[91m756 | 0.25 | -40358.65 | -46392.78[00m
[91m757 | 0.11 | -14196.94 | -16851.96[00m
[91m758 | 0.11 | -14133.45 | -16788.47[00m
[91m759 | 0.21 | -33118.45 | -38187.12[00m
[91m760 | 0.21 | -31533.47 | -36602.14[00m
[91m761 | 0.25 | -37860.79 | -43894.92[00m
[91m762 | 0.07 | -6569936.52 | -6571626.08[00m
[91m763 | 0.10 | -55476609.77 | -55479023.43[00m
[91m764 | 0.10 | -61714483.15 | -61716896.81[00m
[91m765 | 0.13 | -72991178.58 | -72994316.33[00m
[91m766 | 0.10 | -61115996.02 | -61118409.67[00m
[91m767 | 0.14 | -1571006169.17 | -1571009548.28[00m
[91m768 | 0.11 | -24525608.31 | -24528263.33[00m
[91m769 | 0.08 | -15526472.38 | -15528403.31[00m
[91m770 | 0.14 | -132879298.20 | -132882677.31[00m
[91m771 | 0.13 | -406446128.02 | -406449265.77[00m
[91m772 | 0.10 | -13846457.64 | -13848871.29[00m
[91m773 | 0.07 | -17952805.37 | -17954494.93[00m
[91m775 | 0.24 | -36733.98 | -42526.74[00m
[91m776 | 0.16 | -22414.78 | -26276.63[00m
[91m777 | 0.23 | -35439.33 | -40990.74[00m
[91m780 | 0.15 | -22796.83 | -26417.31[00m
[91m781 | 0.16 | -25043.46 | -28905.30[00m
[91m782 | 0.21 | -31194.54 | -36263.21[00m
[91m783 | 0.13 | -14818.89 | -17956.64[00m
[91m786 | 0.25 | -39839.72 | -45873.86[00m
[91m787 | 0.18 | -27394.18 | -31738.75[00m
[91m788 | 0.20 | -31811.92 | -36639.22[00m
[91m789 | 0.11 | -8771615.06 | -8774270.08[00m
[91m790 | 0.16 | -21928.35 | -25790.19[00m
[91m793 | 0.11 | -14407.54 | -17062.56[00m
Vehicle 4
Charging tour: 
863  -> 932  -> 907  -> 941  -> 927  -> 926  -> 804  -> 829  -> 967  -> 874  -> 951  -> 923  -> 912  -> 922  -> 885  -> 954  -> 991  -> 901  -> 813  -> 833  -> 836  -> 822  -> 816  -> 862  -> 936  -> 800  -> 981  -> 859  -> 966  -> 843  -> 938  -> 806  -> 825  -> 827  -> 975  -> 798  -> 812  -> 877  -> 889  -> 853  -> 963  -> 842  -> 839  -> 924  -> 886  -> 992  -> 949  -> 964  -> 989  -> 794  -> 933  -> 820  -> 824  -> 915  -> 895  -> 860  -> 953  -> 908  -> 821  -> 847  -> 950  -> 846  -> 929  -> 943  -> 965  -> 809  -> 819  -> 876  -> 900  -> 795  -> 969  -> 962  -> 
Charging time: 
0  + 0  + 0  + 0  + 0  + 0  + 0  + 0  + 0  + 0  + 0  + 0  + 0  + 0  + 0  + 0  + 0  + 0  + 0  + -2.5351449190354884  + 0  + 0  + 0  + 0  + 0  + -3.8007592039140876  + 0  + 0  + 0  + 0  + 0  + -2.336228156822727  + -0.04441797743273621  + -0.0010749505992923105  + 0  + 0  + -0.02558103147845394  + 0  + 0  + 0  + 0  + 0  + 0  + 0  + 0  + 0  + 0  + 0  + 0  + 0  + 0  + 0  + 0  + 0  + 0  + 0  + 0  + 0  + -0.09554081779213122  + 0  + 0  + 0  + 0  + 0  + 0  + 0  + 0  + 0  + 0  + 0  + 0  + 0  + 
Traveling energy: 6763.055364837858
Charging energy: -44.193735285374586
Total energy used: 6718.8616295524835
Charging round duration: 6754.216617780783
ID | p | E0 | time_arrive | E_remain | time_charge | energy_charge| E_after_charge | E_after_cycle
[91m863 | 0.29 | -48303.75 | 56.19 | -48320.04 | 0.00 | 0.00 | -48320.04 | -55303.34[00m
[91m932 | 0.18 | -26923.59 | 132.97 | -26947.53 | 0.00 | 0.00 | -26947.53 | -31268.17[00m
[91m907 | 0.29 | -48266.07 | 208.21 | -48326.45 | 0.00 | 0.00 | -48326.45 | -55265.66[00m
[91m941 | 0.08 | -6688.82 | 297.98 | -6712.65 | 0.00 | 0.00 | -6712.65 | -8619.74[00m
[91m927 | 0.08 | -5126.35 | 456.22 | -5162.85 | 0.00 | 0.00 | -5162.85 | -7057.27[00m
[91m926 | 0.20 | -28767.44 | 479.99 | -28863.43 | 0.00 | 0.00 | -28863.43 | -33594.74[00m
[91m804 | 0.08 | -5110.50 | 543.72 | -5154.00 | 0.00 | 0.00 | -5154.00 | -7041.42[00m
[91m829 | 0.21 | -32826.30 | 642.44 | -32961.22 | 0.00 | 0.00 | -32961.22 | -37894.98[00m
[91m967 | 0.23 | -35158.16 | 682.54 | -35315.14 | 0.00 | 0.00 | -35315.14 | -40709.56[00m
[91m874 | 0.23 | -37958.67 | 810.98 | -38145.20 | 0.00 | 0.00 | -38145.20 | -43510.07[00m
[91m951 | 0.13 | -19483.73 | 911.99 | -19602.28 | 0.00 | 0.00 | -19602.28 | -22621.47[00m
[91m923 | 0.07 | -6773.48 | 1055.43 | -6847.36 | 0.00 | 0.00 | -6847.36 | -8463.03[00m
[91m912 | 0.05 | -397.58 | 1160.80 | -455.62 | 0.00 | 0.00 | -455.62 | -1604.41[00m
[91m922 | 0.22 | -35744.27 | 1275.43 | -36024.86 | 0.00 | 0.00 | -36024.86 | -41054.30[00m
[91m885 | 0.06 | -4795.96 | 1367.26 | -4878.00 | 0.00 | 0.00 | -4878.00 | -6244.15[00m
[91m954 | 0.26 | -42939.55 | 1493.73 | -43327.92 | 0.00 | 0.00 | -43327.92 | -49215.05[00m
[91m991 | 0.29 | -50522.42 | 1566.75 | -50976.78 | 0.00 | 0.00 | -50976.78 | -57522.02[00m
[91m901 | 0.14 | -16104.89 | 1648.48 | -16335.67 | 0.00 | 0.00 | -16335.67 | -19484.00[00m
[91m813 | 0.09 | -7178.62 | 1750.88 | -7336.20 | 0.00 | 0.00 | -7336.20 | -9350.90[00m
833 | 0.30 | 3165954.68 | 1801.51 | 3165414.23 | -2.54 | -12.68 | 3165402.32 | 3158701.05
[91m836 | 0.29 | -45823.05 | 1871.79 | -46365.87 | 0.00 | 0.00 | -46365.87 | -52822.64[00m
[91m822 | 0.23 | -38483.69 | 1921.82 | -38925.71 | 0.00 | 0.00 | -38925.71 | -44035.09[00m
[91m816 | 0.13 | -14317.35 | 1953.04 | -14571.25 | 0.00 | 0.00 | -14571.25 | -17455.10[00m
[91m862 | 0.06 | -4941.73 | 1989.67 | -5061.11 | 0.00 | 0.00 | -5061.11 | -6389.92[00m
[91m936 | 0.23 | -34289.13 | 2121.52 | -34777.08 | 0.00 | 0.00 | -34777.08 | -39840.53[00m
800 | 0.29 | 2041333.07 | 2235.46 | 2040684.79 | -3.80 | -19.00 | 2040666.89 | 2034314.48
[91m981 | 0.26 | -43200.97 | 2314.54 | -43802.75 | 0.00 | 0.00 | -43802.75 | -49476.47[00m
[91m859 | 0.25 | -41131.88 | 2420.44 | -41736.99 | 0.00 | 0.00 | -41736.99 | -47166.01[00m
[91m966 | 0.07 | -2995.67 | 2532.43 | -3172.94 | 0.00 | 0.00 | -3172.94 | -4685.23[00m
[91m843 | 0.29 | -49712.19 | 2613.70 | -50470.16 | 0.00 | 0.00 | -50470.16 | -56711.78[00m
[91m938 | 0.14 | -17685.03 | 2651.86 | -18056.29 | 0.00 | 0.00 | -18056.29 | -21064.14[00m
806 | 0.25 | 2862931.68 | 2717.59 | 2862252.29 | -2.34 | -11.68 | 2862241.19 | 2856885.87
825 | 0.08 | 48185618.51 | 2767.69 | 48185397.09 | -0.04 | -0.22 | 48185396.87 | 48183687.36
827 | 0.27 | 6719879540.71 | 2804.90 | 6719878783.39 | -0.00 | -0.01 | 6719878783.38 | 6719873023.84
[91m975 | 0.06 | -6301.69 | 2847.23 | -6472.52 | 0.00 | 0.00 | -6472.52 | -7749.88[00m
[91m798 | 0.07 | -6552.91 | 2887.25 | -6755.02 | 0.00 | 0.00 | -6755.02 | -8242.47[00m
812 | 0.15 | 156877058.29 | 2964.91 | 156876613.55 | -0.03 | -0.13 | 156876613.43 | 156873437.68
[91m877 | 0.20 | -30623.17 | 3005.06 | -31224.18 | 0.00 | 0.00 | -31224.18 | -35450.47[00m
[91m889 | 0.25 | -37461.02 | 3104.01 | -38237.03 | 0.00 | 0.00 | -38237.03 | -43495.16[00m
[91m853 | 0.28 | -43876.49 | 3130.48 | -44753.03 | 0.00 | 0.00 | -44753.03 | -50634.72[00m
[91m963 | 0.28 | -44969.95 | 3220.27 | -45871.63 | 0.00 | 0.00 | -45871.63 | -51728.18[00m
[91m842 | 0.05 | -3420.40 | 3420.54 | -3591.43 | 0.00 | 0.00 | -3591.43 | -4627.23[00m
[91m839 | 0.11 | -15056.69 | 3573.13 | -15449.74 | 0.00 | 0.00 | -15449.74 | -17711.71[00m
[91m924 | 0.23 | -35562.57 | 3694.11 | -36412.22 | 0.00 | 0.00 | -36412.22 | -41113.97[00m
[91m886 | 0.21 | -33812.26 | 3860.50 | -34622.96 | 0.00 | 0.00 | -34622.96 | -38880.93[00m
[91m992 | 0.21 | -31985.29 | 4020.55 | -32829.61 | 0.00 | 0.00 | -32829.61 | -37053.96[00m
[91m949 | 0.19 | -28345.53 | 4067.51 | -29118.36 | 0.00 | 0.00 | -29118.36 | -32931.47[00m
[91m964 | 0.15 | -18332.41 | 4168.07 | -18957.62 | 0.00 | 0.00 | -18957.62 | -21952.89[00m
[91m989 | 0.14 | -19131.75 | 4191.84 | -19718.61 | 0.00 | 0.00 | -19718.61 | -22510.87[00m
[91m794 | 0.28 | -44116.76 | 4338.45 | -45331.53 | 0.00 | 0.00 | -45331.53 | -50874.99[00m
[91m933 | 0.19 | -28623.93 | 4461.25 | -29471.57 | 0.00 | 0.00 | -29471.57 | -33209.87[00m
[91m820 | 0.20 | -28810.82 | 4542.50 | -29719.32 | 0.00 | 0.00 | -29719.32 | -33638.13[00m
[91m824 | 0.09 | -11770.45 | 4726.96 | -12195.87 | 0.00 | 0.00 | -12195.87 | -13942.74[00m
[91m915 | 0.13 | -19535.67 | 4791.19 | -20158.52 | 0.00 | 0.00 | -20158.52 | -22673.42[00m
[91m895 | 0.06 | -5205.18 | 4923.55 | -5500.60 | 0.00 | 0.00 | -5500.60 | -6653.37[00m
[91m860 | 0.15 | -20390.02 | 5086.81 | -21153.04 | 0.00 | 0.00 | -21153.04 | -24010.50[00m
[91m953 | 0.17 | -26489.41 | 5203.56 | -27374.01 | 0.00 | 0.00 | -27374.01 | -30592.62[00m
[91m908 | 0.18 | -25272.86 | 5272.07 | -26221.83 | 0.00 | 0.00 | -26221.83 | -29617.43[00m
821 | 0.07 | 19601771.20 | 5443.70 | 19601390.14 | -0.10 | -0.48 | 19601389.67 | 19600081.17
[91m847 | 0.11 | -11847.40 | 5459.67 | -12447.96 | 0.00 | 0.00 | -12447.96 | -14502.41[00m
[91m950 | 0.13 | -16949.76 | 5596.26 | -17677.28 | 0.00 | 0.00 | -17677.28 | -20087.51[00m
[91m846 | 0.15 | -19347.95 | 5681.10 | -20200.11 | 0.00 | 0.00 | -20200.11 | -22968.43[00m
[91m929 | 0.10 | -8809.69 | 5803.54 | -9390.04 | 0.00 | 0.00 | -9390.04 | -11223.34[00m
[91m943 | 0.21 | -29533.15 | 5982.32 | -30789.44 | 0.00 | 0.00 | -30789.44 | -34601.82[00m
[91m965 | 0.15 | -21330.63 | 6058.26 | -22239.37 | 0.00 | 0.00 | -22239.37 | -24951.11[00m
[91m809 | 0.15 | -19748.12 | 6117.79 | -20665.79 | 0.00 | 0.00 | -20665.79 | -23368.60[00m
[91m819 | 0.26 | -40270.36 | 6183.51 | -41878.08 | 0.00 | 0.00 | -41878.08 | -46545.86[00m
[91m876 | 0.18 | -28245.65 | 6302.59 | -29380.12 | 0.00 | 0.00 | -29380.12 | -32590.23[00m
[91m900 | 0.21 | -33502.83 | 6372.74 | -34841.10 | 0.00 | 0.00 | -34841.10 | -38571.50[00m
[91m795 | 0.12 | -16928.46 | 6473.17 | -17705.24 | 0.00 | 0.00 | -17705.24 | -19824.84[00m
[91m969 | 0.05 | -4442.28 | 6501.69 | -4767.36 | 0.00 | 0.00 | -4767.36 | -5649.10[00m
[91m962 | 0.18 | -27008.07 | 6612.34 | -28198.29 | 0.00 | 0.00 | -28198.29 | -31352.64[00m
[91m796 | 0.18 | -25761.68 | -30106.25[00m
[91m797 | 0.19 | -29014.79 | -33600.73[00m
[91m799 | 0.11 | -10506.13 | -13161.15[00m
[91m801 | 0.24 | -40354.24 | -46147.00[00m
[91m802 | 0.25 | -39755.78 | -45789.91[00m
[91m803 | 0.11 | -10461.36 | -13116.38[00m
[91m805 | 0.26 | -41810.21 | -48085.70[00m
[91m807 | 0.09 | -10631.38 | -12803.67[00m
[91m808 | 0.27 | -46199.28 | -52716.14[00m
[91m810 | 0.15 | -19775.67 | -23396.15[00m
[91m811 | 0.06 | -2464.43 | -3912.62[00m
[91m814 | 0.14 | -16187.58 | -19566.69[00m
[91m815 | 0.20 | -32239.84 | -37067.14[00m
[91m817 | 0.12 | -13135.71 | -16032.09[00m
[91m818 | 0.10 | -14001.18 | -16414.83[00m
[91m823 | 0.10 | -9736.99 | -12150.64[00m
[91m826 | 0.19 | -28283.19 | -32869.13[00m
[91m828 | 0.11 | -11042.11 | -13697.13[00m
[91m830 | 0.17 | -23496.84 | -27600.05[00m
[91m831 | 0.18 | -23981.81 | -28326.38[00m
[91m832 | 0.15 | -19790.46 | -23410.94[00m
[91m834 | 0.23 | -38090.43 | -43641.83[00m
[91m835 | 0.19 | -31089.51 | -35675.45[00m
[91m837 | 0.07 | -4585.12 | -6274.68[00m
[91m838 | 0.26 | -39915.80 | -46191.30[00m
[91m840 | 0.15 | -22806.12 | -26426.59[00m
[91m841 | 0.27 | -45952.12 | -52468.99[00m
[91m844 | 0.18 | -27147.08 | -31491.66[00m
[91m845 | 0.13 | -14525.94 | -17663.69[00m
[91m848 | 0.20 | -28591.09 | -33418.39[00m
[91m849 | 0.17 | -24444.63 | -28547.84[00m
[91m850 | 0.28 | -46467.73 | -53225.96[00m
[91m851 | 0.17 | -22515.45 | -26618.66[00m
[91m852 | 0.09 | -8529.50 | -10701.78[00m
[91m854 | 0.26 | -39528.27 | -45803.77[00m
[91m855 | 0.25 | -41542.85 | -47576.98[00m
[91m856 | 0.10 | -10471.53 | -12885.19[00m
[91m857 | 0.17 | -25892.12 | -29995.33[00m
[91m858 | 0.29 | -48049.83 | -55049.42[00m
[91m861 | 0.15 | -21740.54 | -25361.02[00m
[91m864 | 0.19 | -27918.33 | -32504.27[00m
[91m865 | 0.28 | -44433.92 | -51192.15[00m
[91m866 | 0.07 | -2975.21 | -4664.77[00m
[91m867 | 0.08 | -9175.52 | -11106.44[00m
[91m868 | 0.22 | -34401.21 | -39711.25[00m
[91m869 | 0.16 | -25073.56 | -28935.40[00m
[91m870 | 0.17 | -27212.22 | -31315.43[00m
[91m871 | 0.26 | -39641.30 | -45916.80[00m
[91m872 | 0.18 | -24851.25 | -29195.82[00m
[91m873 | 0.21 | -33500.81 | -38569.48[00m
[91m875 | 0.13 | -15552.21 | -18689.96[00m
[91m878 | 0.27 | -43994.75 | -50511.61[00m
[91m879 | 0.12 | -15191.51 | -18087.89[00m
[91m880 | 0.26 | -42093.87 | -48369.37[00m
[91m881 | 0.24 | -36443.92 | -42236.69[00m
[91m882 | 0.24 | -36738.24 | -42531.01[00m
[91m883 | 0.10 | -13269.49 | -15683.14[00m
[91m884 | 0.05 | -3195.63 | -4402.46[00m
[91m887 | 0.26 | -39987.97 | -46263.46[00m
[91m888 | 0.28 | -47577.84 | -54336.07[00m
[91m890 | 0.14 | -16737.29 | -20116.40[00m
[91m891 | 0.11 | -11110.63 | -13765.65[00m
[91m892 | 0.17 | -22162.64 | -26265.85[00m
[91m893 | 0.20 | -28424.45 | -33251.75[00m
[91m894 | 0.16 | -22242.31 | -26104.15[00m
[91m896 | 0.13 | -19026.72 | -22164.47[00m
[91m897 | 0.20 | -30847.35 | -35674.65[00m
[91m898 | 0.08 | -7108.75 | -9039.67[00m
[91m899 | 0.24 | -35772.02 | -41564.79[00m
[91m902 | 0.08 | -6075.50 | -8006.42[00m
[91m903 | 0.23 | -36954.87 | -42506.27[00m
[91m904 | 0.26 | -44869.44 | -51144.93[00m
[91m905 | 0.28 | -45502.30 | -52260.53[00m
[91m906 | 0.17 | -24348.97 | -28452.18[00m
[91m909 | 0.11 | -15396.06 | -18051.08[00m
[91m910 | 0.15 | -20885.60 | -24506.08[00m
[91m911 | 0.12 | -14502.10 | -17398.49[00m
[91m913 | 0.09 | -7456.40 | -9628.69[00m
[91m914 | 0.19 | -26207.84 | -30793.78[00m
[91m916 | 0.07 | -7580.89 | -9270.45[00m
[91m917 | 0.19 | -27572.26 | -32158.20[00m
[91m918 | 0.24 | -39675.17 | -45467.94[00m
[91m919 | 0.29 | -46221.69 | -53221.28[00m
[91m920 | 0.07 | -8474.21 | -10163.77[00m
[91m921 | 0.20 | -29170.89 | -33998.19[00m
[91m925 | 0.08 | -8539.01 | -10469.93[00m
[91m928 | 0.24 | -37380.95 | -43173.71[00m
[91m930 | 0.23 | -37054.76 | -42606.16[00m
[91m931 | 0.26 | -44837.12 | -51112.62[00m
[91m934 | 0.16 | -24179.66 | -28041.50[00m
[91m935 | 0.26 | -44244.69 | -50520.19[00m
[91m937 | 0.28 | -45543.91 | -52302.14[00m
[91m939 | 0.10 | -13167.27 | -15580.92[00m
[91m940 | 0.16 | -21568.01 | -25429.86[00m
[91m942 | 0.27 | -41459.71 | -47976.57[00m
[91m944 | 0.24 | -39505.73 | -45298.50[00m
[91m945 | 0.23 | -34461.19 | -40012.59[00m
[91m946 | 0.22 | -34669.06 | -39979.09[00m
[91m947 | 0.27 | -45315.41 | -51832.27[00m
[91m948 | 0.25 | -42257.14 | -48291.27[00m
[91m952 | 0.21 | -29675.41 | -34744.08[00m
[91m955 | 0.12 | -16947.87 | -19844.25[00m
[91m956 | 0.18 | -24095.24 | -28439.82[00m
[91m957 | 0.20 | -29847.95 | -34675.25[00m
[91m958 | 0.12 | -16369.43 | -19265.81[00m
[91m959 | 0.27 | -46582.17 | -53099.03[00m
[91m960 | 0.19 | -29656.19 | -34242.13[00m
[91m961 | 0.15 | -20694.65 | -24315.13[00m
[91m968 | 0.20 | -28709.83 | -33537.14[00m
[91m970 | 0.18 | -25329.85 | -29674.42[00m
[91m971 | 0.23 | -35737.81 | -41289.21[00m
[91m972 | 0.20 | -29145.38 | -33972.68[00m
[91m973 | 0.29 | -46484.95 | -53484.54[00m
[91m974 | 0.15 | -23131.44 | -26751.92[00m
[91m976 | 0.10 | -1602489.33 | -1604902.98[00m
[91m977 | 0.15 | -22528341.87 | -22531962.35[00m
[91m978 | 0.10 | -2564832.56 | -2567246.21[00m
[91m979 | 0.19 | -17838578.35 | -17843164.29[00m
[91m980 | 0.19 | -45048631.02 | -45053216.96[00m
[91m982 | 0.26 | -42789.67 | -49065.16[00m
[91m983 | 0.26 | -43697.01 | -49972.51[00m
[91m984 | 0.12 | -14524.09 | -17420.47[00m
[91m985 | 0.09 | -7330.58 | -9502.87[00m
[91m986 | 0.19 | -30323.57 | -34909.51[00m
[91m987 | 0.12 | -13281.99 | -16178.37[00m
[91m988 | 0.27 | -43328.59 | -49845.45[00m
[91m990 | 0.17 | -25183.88 | -29287.09[00m
[91m993 | 0.15 | -21469.64 | -25090.12[00m
[91m994 | 0.05 | -13629164.44 | -13630371.27[00m
[91m995 | 0.18 | -29063.47 | -33408.05[00m
[91m996 | 0.12 | -16096.56 | -18992.95[00m
[91m997 | 0.15 | -18194.18 | -21814.66[00m
[91m998 | 0.17 | -23576.01 | -27679.22[00m
[91m999 | 0.11 | -13645.44 | -16300.46[00m
[91m1000 | 0.19 | -29977.68 | -34563.62[00m
Network survivability: 6.0%
Average dead duration: 72673779.70488606
Traveling energy: 30308.661924110635
total calculate time: 33.349364042282104
