total sensor 798
condition 18.009917713967265
gen: 1
2000
gen: 2
2000
gen: 3
2000
gen: 4
2000
gen: 5
2000
gen: 6
2000
gen: 7
2000
gen: 8
2000
gen: 9
2000
gen: 10
2000
gen: 11
2000
gen: 12
2000
gen: 13
2000
gen: 14
2000
gen: 15
2000
gen: 16
2000
gen: 17
2000
gen: 18
2000
gen: 19
2000
gen: 20
2000
gen: 21
2000
gen: 22
2000
gen: 23
2000
gen: 24
2000
gen: 25
2000
gen: 26
2000
gen: 27
2000
gen: 28
2000
gen: 29
2000
gen: 30
2000
gen: 31
2000
gen: 32
2000
gen: 33
2000
gen: 34
2000
gen: 35
2000
gen: 36
2000
gen: 37
2000
gen: 38
2000
gen: 39
2000
gen: 40
2000
gen: 41
2000
gen: 42
2000
gen: 43
2000
gen: 44
2000
gen: 45
2000
gen: 46
2000
gen: 47
2000
gen: 48
2000
gen: 49
2000
gen: 50
2000
Number of charging vehicles: 20
Survey time: 23865.903228324725
Network clustering infor: 
Cluster 0:
[1, 2, 3, 4, 5, 6, 7, 8, 9, 10, 11, 12, 13, 14, 15, 16, 17, 18, 19, 20, 21, 22, 23, 24, 25, 26, 27, 28, 29, 30, 31, 32, 33, 34, 35, 36, 37, 38, 39, 40, 41, 42, 43]
Cluster 1:
[44, 45, 46, 47, 48, 49, 50, 51, 52, 53, 54, 55, 56, 57, 58, 59, 60, 61, 62, 63, 64, 65, 66, 67, 68, 69, 70, 71, 72, 73, 74, 75, 76, 77, 78, 79, 80, 81, 82, 83, 84]
Cluster 2:
[85, 86, 87, 88, 89, 90, 91, 92, 93, 94, 95, 96, 97, 98, 99, 100, 101, 102, 103, 104, 105, 106, 107, 108, 109, 110, 111, 112, 113, 114, 115, 116, 117, 118, 119, 120, 121, 122, 123]
Cluster 3:
[124, 125, 126, 127, 128, 129, 130, 131, 132, 133, 134, 135, 136, 137, 138, 139, 140, 141, 142, 143, 144, 145, 146, 147, 148, 149, 150, 151, 152, 153, 154, 155, 156, 157, 158, 159]
Cluster 4:
[160, 161, 162, 163, 164, 165, 166, 167, 168, 169, 170, 171, 172, 173, 174, 175, 176, 177, 178, 179, 180, 181, 182, 183, 184, 185, 186, 187, 188, 189, 190, 191]
Cluster 5:
[192, 193, 194, 195, 196, 197, 198, 199, 200, 201, 202, 203, 204, 205, 206, 207, 208, 209, 210, 211, 212, 213, 214, 215, 216, 217, 218, 219, 220, 221, 222, 223, 224, 225, 226, 227, 228, 229, 230, 231, 232, 233, 234, 235, 236]
Cluster 6:
[237, 238, 239, 240, 241, 242, 243, 244, 245, 246, 247, 248, 249, 250, 251, 252, 253, 254, 255, 256, 257, 258, 259, 260, 261, 262, 263, 264, 265, 266, 267, 268, 269, 270, 271, 272, 273, 274, 275, 276, 277]
Cluster 7:
[278, 279, 280, 281, 282, 283, 284, 285, 286, 287, 288, 289, 290, 291, 292, 293, 294, 295, 296, 297, 298, 299, 300, 301, 302, 303, 304, 305, 306, 307, 308, 309, 310, 311, 312, 313, 314, 315, 316, 317, 318, 319]
Cluster 8:
[320, 321, 322, 323, 324, 325, 326, 327, 328, 329, 330, 331, 332, 333, 334, 335, 336, 337, 338, 339, 340, 341, 342, 343, 344, 345, 346, 347, 348, 349, 350, 351, 352, 353, 354, 355, 356, 357, 358]
Cluster 9:
[359, 360, 361, 362, 363, 364, 365, 366, 367, 368, 369, 370, 371, 372, 373, 374, 375, 376, 377, 378, 379, 380, 381, 382, 383, 384, 385, 386, 387, 388, 389, 390, 391, 392, 393, 394, 395, 396, 397, 398, 399, 400, 401]
Cluster 10:
[402, 403, 404, 405, 406, 407, 408, 409, 410, 411, 412, 413, 414, 415, 416, 417, 418, 419, 420, 421, 422, 423, 424, 425, 426, 427, 428, 429, 430, 431, 432, 433, 434, 435, 436, 437, 438, 439, 440, 441]
Cluster 11:
[442, 443, 444, 445, 446, 447, 448, 449, 450, 451, 452, 453, 454, 455, 456, 457, 458, 459, 460, 461, 462, 463, 464, 465, 466, 467, 468, 469, 470, 471, 472, 473, 474, 475, 476, 477, 478, 479]
Cluster 12:
[480, 481, 482, 483, 484, 485, 486, 487, 488, 489, 490, 491, 492, 493, 494, 495, 496, 497, 498, 499, 500, 501, 502, 503, 504, 505, 506, 507, 508, 509, 510, 511, 512, 513, 514, 515, 516, 517, 518, 519, 520, 521, 522, 523, 524, 525, 526, 527]
Cluster 13:
[528, 529, 530, 531, 532, 533, 534, 535, 536, 537, 538, 539, 540, 541, 542, 543, 544, 545, 546, 547, 548, 549, 550, 551, 552, 553, 554, 555, 556, 557, 558, 559]
Cluster 14:
[560, 561, 562, 563, 564, 565, 566, 567, 568, 569, 570, 571, 572, 573, 574, 575, 576, 577, 578, 579, 580, 581, 582, 583, 584, 585, 586, 587, 588, 589, 590, 591, 592, 593, 594, 595, 596, 597, 598, 599, 600]
Cluster 15:
[601, 602, 603, 604, 605, 606, 607, 608, 609, 610, 611, 612, 613, 614, 615, 616, 617, 618, 619, 620, 621, 622, 623, 624, 625, 626, 627, 628, 629, 630, 631, 632, 633, 634, 635, 636, 637, 638, 639, 640]
Cluster 16:
[641, 642, 643, 644, 645, 646, 647, 648, 649, 650, 651, 652, 653, 654, 655, 656, 657, 658, 659, 660, 661, 662, 663, 664, 665, 666, 667, 668, 669, 670, 671, 672, 673, 674, 675]
Cluster 17:
[676, 677, 678, 679, 680, 681, 682, 683, 684, 685, 686, 687, 688, 689, 690, 691, 692, 693, 694, 695, 696, 697, 698, 699, 700, 701, 702, 703, 704, 705, 706, 707, 708, 709, 710, 711, 712, 713, 714]
Cluster 18:
[715, 716, 717, 718, 719, 720, 721, 722, 723, 724, 725, 726, 727, 728, 729, 730, 731, 732, 733, 734, 735, 736, 737, 738, 739, 740, 741, 742, 743, 744, 745, 746, 747, 748, 749, 750, 751, 752, 753, 754, 755, 756, 757, 758]
Cluster 19:
[759, 760, 761, 762, 763, 764, 765, 766, 767, 768, 769, 770, 771, 772, 773, 774, 775, 776, 777, 778, 779, 780, 781, 782, 783, 784, 785, 786, 787, 788, 789, 790, 791, 792, 793, 794, 795, 796, 797, 798]
Vehicle 0
Charging tour: 
3  -> 32  -> 31  -> 8  -> 2  -> 15  -> 19  -> 18  -> 36  -> 37  -> 9  -> 6  -> 34  -> 30  -> 12  -> 39  -> 42  -> 24  -> 14  -> 20  -> 38  -> 4  -> 35  -> 41  -> 28  -> 1  -> 27  -> 40  -> 25  -> 13  -> 26  -> 11  -> 17  -> 16  -> 7  -> 21  -> 10  -> 23  -> 33  -> 5  -> 22  -> 29  -> 
Charging time: 
464.86545736116085  + 280.0566106189147  + 467.7473174973455  + 569.677012243691  + 244.94919386639967  + 371.6305196639483  + 473.79200958495255  + 618.6419525668414  + 316.72561969576566  + 327.4483310400576  + 666.148759609338  + 473.09794612423593  + 587.129070227015  + 375.2818364689483  + 369.9718772065126  + 313.8477646516712  + 1755.0203298936615  + 638.2182895651275  + 570.2967281521828  + 299.14655612714944  + 574.8829387179908  + 666.764988297944  + 278.8044766102541  + 617.8841195125087  + 544.6034838801047  + 265.0311063031728  + 570.5424598889596  + 200.95397615545437  + 522.1972705222067  + 469.3817577157632  + 411.5415228115435  + 370.43112801261475  + 666.7762990708384  + 533.9309385103488  + 518.1903223110825  + 370.8565552111895  + 666.4382560630014  + 519.1691997271091  + 466.4892335848867  + 473.3233546254381  + 667.188361952358  + 547.2669983007896  + 
total node:42/43
-------------------
Traveling energy: 2468.290350247608
Charging energy: 105531.70964975239
Total energy used: 108000.0
-------------------
Total time for travel: 2468.290350247608
Total time for charging: 21106.34192995048
Charging round duration: 23574.632280198086
-------------------
ID | p | E0 | time_arrive | E_remain | time_charge | energy_charge| E_after_charge | E_after_cycle
3 | 0.10 | 5543.83 | 153.94 | 5528.44 | 464.87 | 2324.33 | 7806.28 | 5481.57
32 | 0.06 | 5521.32 | 652.90 | 5482.15 | 280.06 | 1400.28 | 6865.63 | 5489.65
31 | 0.10 | 5509.68 | 947.56 | 5414.92 | 467.75 | 2338.74 | 7706.88 | 5461.82
8 | 0.12 | 5428.63 | 1427.37 | 5257.34 | 569.68 | 2848.39 | 8037.37 | 5413.11
2 | 0.06 | 6312.67 | 2023.04 | 6191.28 | 244.95 | 1224.75 | 7401.33 | 6105.46
15 | 0.08 | 5547.74 | 2277.83 | 5365.51 | 371.63 | 1858.15 | 7193.94 | 5496.62
19 | 0.10 | 5439.39 | 2660.39 | 5173.35 | 473.79 | 2368.96 | 7494.93 | 5421.76
18 | 0.13 | 5415.54 | 3223.80 | 4996.44 | 618.64 | 3093.21 | 8009.23 | 5406.18
36 | 0.07 | 5695.77 | 3960.85 | 5418.51 | 316.73 | 1583.63 | 6979.97 | 5608.78
37 | 0.07 | 5509.25 | 4300.64 | 5208.21 | 327.45 | 1637.24 | 6822.53 | 5475.88
9 | 0.14 | 5416.20 | 4675.11 | 4761.68 | 666.15 | 3330.74 | 7999.16 | 5405.71
6 | 0.10 | 5447.37 | 5375.81 | 4909.78 | 473.10 | 2365.49 | 7227.96 | 5426.26
34 | 0.15 | 6584.08 | 5897.08 | 5699.52 | 587.13 | 2935.65 | 8547.10 | 5939.84
30 | 0.08 | 5493.76 | 6537.51 | 4970.76 | 375.28 | 1876.41 | 6817.15 | 5460.90
12 | 0.08 | 5572.61 | 6960.29 | 5015.79 | 369.97 | 1849.86 | 6836.05 | 5513.20
39 | 0.07 | 5748.00 | 7440.39 | 5227.17 | 313.85 | 1569.24 | 6774.44 | 5646.62
42 | 0.14 | 2055.81 | 7868.13 | 954.27 | 1755.02 | 8775.10 | 9483.67 | 7489.69
24 | 0.14 | 5653.23 | 9703.07 | 4294.80 | 638.22 | 3191.09 | 7396.54 | 5503.09
14 | 0.12 | 5422.73 | 10422.85 | 4171.99 | 570.30 | 2851.48 | 6955.03 | 5410.30
20 | 0.07 | 6030.48 | 11048.83 | 5257.06 | 299.15 | 1495.73 | 6731.85 | 5855.60
38 | 0.14 | 6276.05 | 11396.71 | 4680.51 | 574.88 | 2874.41 | 7474.44 | 5809.24
4 | 0.14 | 5411.19 | 12011.66 | 3729.56 | 666.76 | 3333.82 | 6970.04 | 5403.79
35 | 0.06 | 5546.12 | 12802.51 | 4777.97 | 278.80 | 1394.02 | 6155.26 | 5508.19
41 | 0.13 | 5422.18 | 13127.29 | 3715.63 | 617.88 | 3089.42 | 6724.73 | 5409.03
28 | 0.12 | 5678.56 | 13801.83 | 4022.34 | 544.60 | 2723.02 | 6680.01 | 5537.67
1 | 0.06 | 5834.34 | 14428.51 | 4968.63 | 265.03 | 1325.16 | 6277.89 | 5727.54
27 | 0.12 | 5420.39 | 14715.05 | 3654.59 | 570.54 | 2852.71 | 6438.84 | 5409.20
40 | 0.05 | 6412.26 | 15324.19 | 5646.05 | 200.95 | 1004.77 | 6640.77 | 6223.73
25 | 0.11 | 5428.70 | 15534.39 | 3719.91 | 522.20 | 2610.99 | 6273.46 | 5414.43
13 | 0.10 | 5490.49 | 16067.68 | 3883.72 | 469.38 | 2346.91 | 6183.70 | 5450.81
26 | 0.09 | 5635.94 | 16638.06 | 4138.51 | 411.54 | 2057.71 | 6159.18 | 5545.72
11 | 0.08 | 5565.70 | 17099.97 | 4197.71 | 370.43 | 1852.16 | 6020.23 | 5508.59
17 | 0.14 | 5411.10 | 17568.96 | 2951.44 | 666.78 | 3333.88 | 6191.98 | 5403.75
16 | 0.13 | 6274.74 | 18246.90 | 3902.64 | 533.93 | 2669.65 | 6502.89 | 5841.83
7 | 0.11 | 5470.68 | 18794.07 | 3403.33 | 518.19 | 2590.95 | 5937.28 | 5436.38
21 | 0.08 | 5559.32 | 19426.02 | 4005.24 | 370.86 | 1854.28 | 5829.85 | 5504.33
10 | 0.14 | 5413.84 | 19851.90 | 2634.58 | 666.44 | 3332.19 | 5873.47 | 5404.81
23 | 0.11 | 5460.36 | 20590.84 | 3195.37 | 519.17 | 2595.85 | 5734.11 | 5430.96
33 | 0.10 | 5524.54 | 21120.47 | 3412.49 | 466.49 | 2332.45 | 5698.29 | 5470.39
5 | 0.10 | 5444.77 | 21620.74 | 3282.70 | 473.32 | 2366.62 | 5601.98 | 5424.80
22 | 0.14 | 5407.76 | 22181.80 | 2302.30 | 667.19 | 3335.94 | 5544.84 | 5402.47
29 | 0.11 | 5180.01 | 22942.54 | 2656.34 | 547.27 | 2736.33 | 5332.47 | 5291.10
[91m43 | 0.15 | 1891.28 | -1688.60[00m
Vehicle 1
Charging tour: 
51  -> 68  -> 74  -> 62  -> 80  -> 46  -> 57  -> 59  -> 66  -> 79  -> 81  -> 45  -> 55  -> 73  -> 58  -> 65  -> 53  -> 61  -> 54  -> 83  -> 47  -> 75  -> 82  -> 69  -> 84  -> 67  -> 50  -> 56  -> 60  -> 44  -> 76  -> 49  -> 64  -> 71  -> 52  -> 78  -> 70  -> 63  -> 48  -> 
Charging time: 
482.7824441520389  + 503.88456074643534  + 613.0379257091724  + 509.51287807121264  + 502.9967167140105  + 343.1539954377846  + 558.7406157136044  + 560.593466016462  + 461.0642720076802  + 553.4336882300912  + 654.1146041467199  + 661.5028684973627  + 400.7941129890506  + 266.3652984040805  + 662.3088180088723  + 358.2173725624202  + 331.81000684560297  + 506.6451472963577  + 526.200827829219  + 1960.214209952216  + 527.5243780396958  + 562.145435951539  + 384.9560384947237  + 556.8041538399292  + 1243.6038474475333  + 356.80075500376023  + 302.2022143565003  + 562.1175390411154  + 693.52728708751  + 697.3099703959545  + 254.93133440083182  + 359.2554736122448  + 389.0676821601549  + 351.7060696808969  + 661.0606047604668  + 399.6986311738674  + 253.3990512025303  + 558.8209614359014  + 530.7232716169958  + 
total node:39/41
-------------------
Traveling energy: 2684.8573548372974
Charging energy: 105315.14264516276
Total energy used: 108000.00000000006
-------------------
Total time for travel: 2684.8573548372974
Total time for charging: 21063.028529032552
Charging round duration: 23747.88588386985
-------------------
ID | p | E0 | time_arrive | E_remain | time_charge | energy_charge| E_after_charge | E_after_cycle
51 | 0.14 | 8237.47 | 175.38 | 8212.92 | 482.78 | 2413.91 | 10559.24 | 7310.16
68 | 0.10 | 5637.50 | 727.75 | 5564.72 | 503.88 | 2519.42 | 8033.76 | 5770.33
74 | 0.12 | 5560.47 | 1278.60 | 5407.04 | 613.04 | 3065.19 | 8398.66 | 5761.75
62 | 0.10 | 5575.22 | 1903.16 | 5384.91 | 509.51 | 2547.56 | 7881.52 | 5736.20
80 | 0.10 | 5647.45 | 2422.91 | 5405.16 | 503.00 | 2514.98 | 7869.84 | 5775.84
46 | 0.07 | 5794.64 | 2977.68 | 5586.20 | 343.15 | 1715.77 | 7277.95 | 5839.80
57 | 0.11 | 5592.42 | 3335.18 | 5225.55 | 558.74 | 2793.70 | 7957.79 | 5760.87
59 | 0.11 | 5573.94 | 3911.88 | 5143.63 | 560.59 | 2802.97 | 7884.93 | 5751.65
66 | 0.09 | 5544.96 | 4532.98 | 5136.99 | 461.06 | 2305.32 | 7400.82 | 5702.35
79 | 0.11 | 5646.05 | 5072.48 | 5088.07 | 553.43 | 2767.17 | 7794.36 | 5787.97
81 | 0.13 | 5645.56 | 5638.42 | 4912.56 | 654.11 | 3270.57 | 8098.10 | 5813.56
45 | 0.13 | 5582.50 | 6348.46 | 4757.20 | 661.50 | 3307.51 | 7978.72 | 5787.45
55 | 0.08 | 5670.04 | 7074.81 | 5104.05 | 400.79 | 2003.97 | 7075.96 | 5764.74
73 | 0.06 | 6398.69 | 7488.74 | 5949.36 | 266.37 | 1331.83 | 7265.21 | 6298.56
58 | 0.13 | 5575.71 | 7765.15 | 4566.24 | 662.31 | 3311.54 | 7791.68 | 5784.69
65 | 0.07 | 5550.97 | 8534.35 | 4953.56 | 358.22 | 1791.09 | 6719.58 | 5671.44
53 | 0.07 | 5992.75 | 9001.60 | 5362.63 | 331.81 | 1659.05 | 6998.46 | 5981.18
61 | 0.10 | 5606.78 | 9399.41 | 4666.84 | 506.65 | 2533.23 | 7149.40 | 5753.41
54 | 0.13 | 7017.93 | 9974.36 | 5721.27 | 526.20 | 2631.00 | 8283.86 | 6546.37
83 | 0.16 | 2318.64 | 10606.82 | 621.55 | 1960.21 | 9801.07 | 10108.99 | 8301.17
47 | 0.14 | 7538.81 | 12644.19 | 5768.62 | 527.52 | 2637.62 | 8332.39 | 6835.21
75 | 0.11 | 5558.55 | 13230.62 | 4103.18 | 562.15 | 2810.73 | 6852.07 | 5744.03
82 | 0.08 | 5903.32 | 13809.97 | 4798.52 | 384.96 | 1924.78 | 6692.50 | 5918.83
69 | 0.11 | 5611.87 | 14282.64 | 4040.78 | 556.80 | 2784.02 | 6763.55 | 5770.64
84 | 0.12 | 2741.05 | 15027.53 | 937.74 | 1243.60 | 6218.02 | 7006.53 | 6095.16
67 | 0.07 | 5573.01 | 16335.08 | 4429.55 | 356.80 | 1784.00 | 6188.58 | 5686.40
50 | 0.06 | 5639.89 | 16811.42 | 4631.21 | 302.20 | 1511.01 | 6124.09 | 5718.95
56 | 0.11 | 5558.82 | 17131.11 | 3674.40 | 562.12 | 2810.59 | 6423.16 | 5744.16
60 | 0.14 | 5734.32 | 17744.80 | 3250.05 | 693.53 | 3467.64 | 6620.59 | 5860.73
44 | 0.14 | 5703.21 | 18534.84 | 3108.33 | 697.31 | 3486.55 | 6497.26 | 5848.54
76 | 0.05 | 5571.40 | 19245.27 | 4609.13 | 254.93 | 1274.66 | 5871.04 | 5652.76
49 | 0.07 | 5534.93 | 19560.78 | 4165.67 | 359.26 | 1796.28 | 5936.80 | 5660.59
64 | 0.08 | 5840.93 | 19969.89 | 4243.34 | 389.07 | 1945.34 | 6157.55 | 5877.00
71 | 0.07 | 5653.74 | 20402.43 | 4225.57 | 351.71 | 1758.53 | 5959.48 | 5741.65
52 | 0.13 | 5586.24 | 20797.02 | 2882.63 | 661.06 | 3305.30 | 6101.99 | 5788.97
78 | 0.08 | 5685.58 | 21510.92 | 3964.70 | 399.70 | 1998.49 | 5931.22 | 5774.80
70 | 0.05 | 5605.09 | 22026.53 | 4503.76 | 253.40 | 1267.00 | 5758.09 | 5678.79
63 | 0.11 | 5591.62 | 22375.95 | 3130.26 | 558.82 | 2794.10 | 5862.90 | 5760.47
48 | 0.13 | 6958.13 | 23025.00 | 3964.88 | 530.72 | 2653.62 | 6549.50 | 6509.18
72 | 0.13 | 5571.54 | 2468.97
77 | 0.12 | 5566.83 | 2702.93
Vehicle 2
Charging tour: 
107  -> 104  -> 87  -> 90  -> 121  -> 97  -> 92  -> 96  -> 102  -> 85  -> 100  -> 111  -> 120  -> 99  -> 91  -> 93  -> 117  -> 103  -> 123  -> 98  -> 101  -> 118  -> 88  -> 94  -> 113  -> 112  -> 89  -> 114  -> 86  -> 106  -> 95  -> 110  -> 109  -> 115  -> 119  -> 116  -> 108  -> 105  -> 
Charging time: 
419.99609415248676  + 458.620775526851  + 471.6103647012861  + 538.6030437089079  + 458.59383418369674  + 403.5639500485713  + 495.03282694978907  + 503.87260802396617  + 468.94691376846947  + 456.7038874951664  + 596.2502610661087  + 370.4491374121912  + 416.64046274093937  + 366.2670943609479  + 400.6599612468853  + 561.4205128411805  + 563.662756204996  + 361.46191472116385  + 1434.0984220640366  + 653.204932939343  + 658.5846760368854  + 510.0826224185092  + 466.2944665463854  + 512.577134698352  + 706.5288977926332  + 705.3253700043156  + 368.01502900184636  + 751.7583905889257  + 403.1759252462527  + 339.5500319153989  + 607.8906312203065  + 351.05829137797775  + 658.5223459468017  + 657.1572536260428  + 658.3978275255375  + 610.4527364458672  + 563.1285810683847  + 563.0355722311749  + 
total node:38/39
-------------------
Traveling energy: 2436.7413829422585
Charging energy: 102455.97768924289
Total energy used: 104892.71907218515
-------------------
Total time for travel: 2436.7413829422585
Total time for charging: 20491.19553784858
Charging round duration: 22927.93692079084
-------------------
ID | p | E0 | time_arrive | E_remain | time_charge | energy_charge| E_after_charge | E_after_cycle
107 | 0.07 | 8167.30 | 101.86 | 8160.17 | 420.00 | 2099.98 | 10230.75 | 8596.67
104 | 0.08 | 8547.95 | 539.41 | 8504.80 | 458.62 | 2293.10 | 10761.21 | 8931.78
87 | 0.10 | 8595.83 | 1067.24 | 8489.11 | 471.61 | 2358.05 | 10800.00 | 8567.29
90 | 0.12 | 8359.25 | 1563.61 | 8171.62 | 538.60 | 2693.02 | 10800.00 | 8188.36
121 | 0.08 | 8548.45 | 2139.83 | 8377.26 | 458.59 | 2292.97 | 10633.55 | 8932.15
97 | 0.07 | 8499.85 | 2661.48 | 8313.55 | 403.56 | 2017.82 | 10303.12 | 8847.06
92 | 0.10 | 8684.31 | 3099.69 | 8374.34 | 495.03 | 2475.16 | 10800.00 | 8772.88
96 | 0.09 | 8651.28 | 3614.37 | 8325.99 | 503.87 | 2519.36 | 10800.00 | 9022.71
102 | 0.08 | 8359.72 | 4188.98 | 8024.61 | 468.95 | 2344.73 | 10331.83 | 8795.19
85 | 0.08 | 8583.83 | 4723.55 | 8205.94 | 456.70 | 2283.52 | 10452.93 | 8958.07
100 | 0.15 | 8693.80 | 5237.45 | 7908.19 | 596.25 | 2981.25 | 10800.00 | 8095.17
111 | 0.06 | 7936.85 | 5919.81 | 7581.66 | 370.45 | 1852.25 | 9411.68 | 8357.14
120 | 0.07 | 8233.08 | 6324.08 | 7790.39 | 416.64 | 2083.20 | 9844.43 | 8645.67
99 | 0.06 | 8027.48 | 6844.30 | 7616.82 | 366.27 | 1831.34 | 9426.18 | 8426.86
91 | 0.07 | 8561.46 | 7345.26 | 8047.29 | 400.66 | 2003.30 | 10022.54 | 8894.14
93 | 0.10 | 8728.45 | 7805.53 | 7947.90 | 561.42 | 2807.10 | 10698.86 | 9148.97
117 | 0.10 | 8693.73 | 8430.63 | 7850.67 | 563.66 | 2818.31 | 10612.62 | 9125.46
103 | 0.06 | 8134.19 | 9111.06 | 7587.53 | 361.46 | 1807.31 | 9373.15 | 8509.55
123 | 0.15 | 5125.52 | 9516.07 | 3698.11 | 1434.10 | 7170.49 | 10653.49 | 8716.13
98 | 0.12 | 8933.04 | 11005.69 | 7612.36 | 653.20 | 3266.02 | 10800.00 | 9335.16
101 | 0.12 | 8928.84 | 11671.60 | 7528.25 | 658.58 | 3292.92 | 10742.15 | 9357.86
118 | 0.09 | 8646.25 | 12346.83 | 7535.03 | 510.08 | 2550.41 | 10039.54 | 9048.73
88 | 0.08 | 8407.28 | 12931.25 | 7372.78 | 466.29 | 2331.47 | 9666.95 | 8829.48
94 | 0.09 | 8604.17 | 13457.34 | 7393.01 | 512.58 | 2562.89 | 9909.76 | 9019.12
113 | 0.14 | 9331.51 | 14037.45 | 7366.27 | 706.53 | 3532.64 | 10800.00 | 9522.93
112 | 0.13 | 9031.91 | 14801.18 | 7107.75 | 705.33 | 3526.63 | 10542.69 | 9455.97
89 | 0.06 | 7989.35 | 15560.11 | 7055.74 | 368.02 | 1840.08 | 8873.74 | 8397.47
114 | 0.14 | 9125.89 | 15971.73 | 6889.85 | 751.76 | 3758.79 | 10543.40 | 9543.46
86 | 0.07 | 8508.03 | 16746.80 | 7335.76 | 403.18 | 2015.88 | 9323.41 | 8853.30
106 | 0.06 | 8659.11 | 17205.69 | 7626.77 | 339.55 | 1697.75 | 9304.14 | 8924.90
95 | 0.11 | 8867.33 | 17652.29 | 6925.58 | 607.89 | 3039.45 | 9898.16 | 9281.53
110 | 0.06 | 8375.25 | 18413.63 | 7270.43 | 351.06 | 1755.29 | 9004.66 | 8698.59
109 | 0.12 | 8929.69 | 18791.42 | 6674.72 | 658.52 | 3292.61 | 9888.31 | 9358.39
115 | 0.12 | 8948.24 | 19551.88 | 6602.01 | 657.16 | 3285.79 | 9808.94 | 9370.12
119 | 0.12 | 8931.38 | 20297.76 | 6495.65 | 658.40 | 3291.99 | 9708.63 | 9359.46
116 | 0.11 | 8830.11 | 20971.41 | 6523.26 | 610.45 | 3052.26 | 9508.37 | 9257.13
108 | 0.10 | 8701.98 | 21601.45 | 6541.84 | 563.13 | 2815.64 | 9301.17 | 9131.03
105 | 0.10 | 8703.42 | 22198.76 | 6483.54 | 563.04 | 2815.18 | 9242.42 | 9132.01
122 | 0.15 | 4844.89 | 1265.01
Vehicle 3
Charging tour: 
147  -> 144  -> 125  -> 134  -> 124  -> 130  -> 138  -> 153  -> 156  -> 136  -> 127  -> 140  -> 146  -> 129  -> 150  -> 149  -> 145  -> 142  -> 158  -> 132  -> 143  -> 133  -> 151  -> 159  -> 131  -> 128  -> 154  -> 157  -> 139  -> 141  -> 135  -> 155  -> 148  -> 152  -> 126  -> 
Charging time: 
496.7657672225909  + 715.7315170589754  + 661.4409440217141  + 497.23745084611136  + 316.6766859184814  + 552.5459158128098  + 607.9921840963119  + 662.9113478033  + 770.8095020792106  + 770.7239184614598  + 393.7988699248144  + 439.2166900089582  + 715.6883151062752  + 446.53476223191063  + 770.8297883874535  + 263.269202174459  + 548.1480353603826  + 606.2411255675684  + 269.07336911520844  + 553.6227085742302  + 945.4667668903162  + 770.6971663210894  + 316.6779855385438  + 717.8724516663273  + 715.6852339660477  + 770.198727203379  + 369.8467476606575  + 609.2193784280407  + 794.3764046370715  + 552.8640523209917  + 824.7705168582702  + 544.3230900477323  + 806.6935652320475  + 912.6299204430316  + 555.5778507078423  + 
total node:35/36
-------------------
Traveling energy: 1669.2102115319256
Charging energy: 106330.78978846807
Total energy used: 108000.0
-------------------
Total time for travel: 1669.2102115319256
Total time for charging: 21266.157957693613
Charging round duration: 22935.368169225538
-------------------
ID | p | E0 | time_arrive | E_remain | time_charge | energy_charge| E_after_charge | E_after_cycle
147 | 0.09 | 6942.93 | 177.16 | 6926.99 | 496.77 | 2483.83 | 9366.11 | 7278.83
144 | 0.13 | 6960.58 | 706.85 | 6868.69 | 715.73 | 3578.66 | 10354.30 | 7436.67
125 | 0.12 | 6952.52 | 1435.78 | 6780.23 | 661.44 | 3307.20 | 10008.06 | 7395.82
134 | 0.09 | 6936.35 | 2146.74 | 6743.14 | 497.24 | 2486.19 | 9184.58 | 7274.60
124 | 0.06 | 7260.85 | 2750.16 | 7095.84 | 316.68 | 1583.38 | 8660.22 | 7412.28
130 | 0.10 | 6935.60 | 3160.95 | 6619.50 | 552.55 | 2762.73 | 9326.98 | 7311.74
138 | 0.11 | 6933.41 | 3735.97 | 6522.45 | 607.99 | 3039.96 | 9495.53 | 7348.12
153 | 0.12 | 6937.10 | 4373.62 | 6412.27 | 662.91 | 3314.56 | 9647.27 | 7387.75
156 | 0.14 | 6960.38 | 5064.08 | 6251.41 | 770.81 | 3854.05 | 9997.55 | 7473.20
136 | 0.14 | 6961.16 | 5862.44 | 6140.41 | 770.72 | 3853.62 | 9886.13 | 7473.55
127 | 0.07 | 6812.02 | 6736.12 | 6340.49 | 393.80 | 1968.99 | 8281.92 | 7110.40
140 | 0.08 | 6980.13 | 7240.01 | 6400.93 | 439.22 | 2196.08 | 8561.87 | 7266.94
146 | 0.13 | 6961.00 | 7701.96 | 5959.74 | 715.69 | 3578.44 | 9445.15 | 7436.87
129 | 0.08 | 6865.73 | 8431.05 | 6191.25 | 446.53 | 2232.67 | 8388.20 | 7189.13
150 | 0.14 | 6960.20 | 8910.97 | 5712.66 | 770.83 | 3854.15 | 9458.90 | 7473.12
149 | 0.05 | 7278.17 | 9721.81 | 6792.08 | 263.27 | 1316.35 | 8095.26 | 7401.22
145 | 0.10 | 6991.24 | 10045.24 | 5986.72 | 548.15 | 2740.74 | 8672.64 | 7345.39
142 | 0.11 | 6953.44 | 10638.16 | 5783.24 | 606.24 | 3031.21 | 8747.76 | 7359.39
158 | 0.05 | 7121.17 | 11270.75 | 6557.63 | 269.07 | 1345.37 | 7889.55 | 7273.24
132 | 0.10 | 6922.11 | 11559.41 | 5766.17 | 553.62 | 2768.11 | 8478.92 | 7303.63
143 | 0.18 | 7295.89 | 12173.46 | 5104.67 | 945.47 | 4727.33 | 9661.82 | 7727.36
133 | 0.14 | 6961.40 | 13141.63 | 5121.57 | 770.70 | 3853.49 | 8867.16 | 7473.66
151 | 0.06 | 7260.82 | 13950.98 | 6423.76 | 316.68 | 1583.39 | 7988.15 | 7412.25
159 | 0.13 | 6939.82 | 14290.19 | 5082.10 | 717.87 | 3589.36 | 8578.13 | 7426.62
131 | 0.13 | 6961.03 | 15030.99 | 5007.00 | 715.69 | 3578.43 | 8492.39 | 7436.89
128 | 0.14 | 6965.90 | 15816.69 | 4751.57 | 770.20 | 3850.99 | 8494.73 | 7475.67
154 | 0.07 | 7253.18 | 16632.58 | 6088.90 | 369.85 | 1849.23 | 7912.24 | 7431.80
157 | 0.11 | 6919.44 | 17005.87 | 5048.80 | 609.22 | 3046.10 | 8027.88 | 7340.29
139 | 0.18 | 8683.57 | 17671.41 | 5502.72 | 794.38 | 3971.88 | 9331.61 | 8359.59
141 | 0.10 | 6931.60 | 18482.09 | 5083.40 | 552.86 | 2764.32 | 7792.43 | 7309.33
135 | 0.15 | 6969.64 | 19084.30 | 4106.99 | 824.77 | 4123.85 | 8107.13 | 7513.61
155 | 0.10 | 7040.37 | 19988.46 | 5041.52 | 544.32 | 2721.62 | 7708.71 | 7375.39
148 | 0.15 | 7125.82 | 20555.75 | 4042.46 | 806.69 | 4033.47 | 7954.92 | 7579.40
152 | 0.17 | 7138.49 | 21422.17 | 3496.72 | 912.63 | 4563.15 | 7904.72 | 7644.44
126 | 0.10 | 6897.75 | 22364.44 | 4661.30 | 555.58 | 2777.89 | 7383.63 | 7289.05
137 | 0.20 | 7905.34 | 3132.16
Vehicle 4
Charging tour: 
168  -> 163  -> 161  -> 179  -> 164  -> 160  -> 183  -> 172  -> 187  -> 173  -> 167  -> 177  -> 176  -> 175  -> 174  -> 171  -> 162  -> 166  -> 170  -> 182  -> 181  -> 188  -> 180  -> 178  -> 185  -> 165  -> 169  -> 191  -> 189  -> 186  -> 184  -> 190  -> 
Charging time: 
720.8233726522789  + 1080.9486929563682  + 267.81845421289245  + 383.1836592425182  + 537.8035772893678  + 327.0795554023929  + 247.26971429275582  + 642.5346513179306  + 297.26465840028493  + 476.8697629160674  + 517.1519950788852  + 341.5469925280044  + 256.1193918354735  + 627.4633215959549  + 283.2004322924918  + 463.06472214419784  + 600.45905416043  + 721.359537441293  + 315.67485776410774  + 306.9559927936011  + 1042.0623302709519  + 659.2570431513728  + 307.9672913790483  + 421.59556253510084  + 459.66228667184953  + 262.0249875672693  + 1561.9579617816844  + 667.0608902587635  + 606.7181034180804  + 575.7825844764976  + 577.0408687858717  + 507.5810102270672  + 
total node:32/32
-------------------
Traveling energy: 2043.1415714978132
Charging energy: 85316.51658420428
Total energy used: 87359.65815570208
-------------------
Total time for travel: 2043.1415714978132
Total time for charging: 17063.303316840855
Charging round duration: 19106.44488833867
-------------------
ID | p | E0 | time_arrive | E_remain | time_charge | energy_charge| E_after_charge | E_after_cycle
168 | 0.18 | 7356.48 | 171.39 | 7325.63 | 720.82 | 3604.12 | 10800.00 | 6664.74
163 | 0.23 | 5852.41 | 906.66 | 5643.87 | 1080.95 | 5404.74 | 10800.00 | 5767.99
161 | 0.05 | 9555.71 | 2018.10 | 9454.81 | 267.82 | 1339.09 | 10780.51 | 9701.51
179 | 0.12 | 9210.87 | 2340.09 | 8930.06 | 383.18 | 1915.92 | 10800.00 | 8262.88
164 | 0.11 | 8485.22 | 2864.39 | 8170.14 | 537.80 | 2689.02 | 10800.00 | 8548.99
160 | 0.06 | 9389.26 | 3487.07 | 9180.04 | 327.08 | 1635.40 | 10795.81 | 9592.70
183 | 0.06 | 9808.50 | 3833.56 | 9578.49 | 247.27 | 1236.35 | 10800.00 | 9612.90
172 | 0.15 | 8305.75 | 4146.93 | 7683.71 | 642.53 | 3212.67 | 10800.00 | 7938.53
187 | 0.11 | 9875.53 | 4810.52 | 9346.38 | 297.26 | 1486.32 | 10800.00 | 8736.61
173 | 0.11 | 9035.06 | 5154.14 | 8468.11 | 476.87 | 2384.35 | 10800.00 | 8794.16
167 | 0.10 | 8832.93 | 5669.78 | 8265.96 | 517.15 | 2585.76 | 10800.00 | 9032.10
177 | 0.08 | 9620.34 | 6259.42 | 9119.59 | 341.55 | 1707.73 | 10800.00 | 9418.80
176 | 0.06 | 9931.42 | 6610.81 | 9534.77 | 256.12 | 1280.60 | 10800.00 | 9780.06
175 | 0.14 | 8721.67 | 6936.71 | 7750.53 | 627.46 | 3137.32 | 10800.00 | 8517.76
174 | 0.06 | 9855.67 | 7578.08 | 9400.99 | 283.20 | 1416.00 | 10800.00 | 9839.72
171 | 0.09 | 9240.29 | 7932.66 | 8526.35 | 463.06 | 2315.32 | 10800.00 | 9407.68
162 | 0.10 | 8524.13 | 8495.52 | 7674.58 | 600.46 | 3002.30 | 10616.83 | 9139.84
166 | 0.12 | 8373.91 | 9117.83 | 7279.77 | 721.36 | 3606.80 | 10800.00 | 9116.79
170 | 0.06 | 9728.48 | 9956.48 | 9131.09 | 315.67 | 1578.37 | 10690.52 | 9874.90
182 | 0.07 | 10008.18 | 10306.72 | 9286.71 | 306.96 | 1534.78 | 10800.00 | 9872.34
181 | 0.23 | 8300.63 | 10744.64 | 5829.36 | 1042.06 | 5210.31 | 10800.00 | 8021.78
188 | 0.17 | 9643.58 | 11928.19 | 7615.79 | 659.26 | 3296.29 | 10800.00 | 8882.66
180 | 0.06 | 9971.95 | 12705.49 | 9209.62 | 307.97 | 1539.84 | 10730.98 | 10079.83
178 | 0.08 | 9712.42 | 13091.08 | 8665.13 | 421.60 | 2107.98 | 10739.38 | 9911.13
185 | 0.10 | 9901.64 | 13539.88 | 8547.65 | 459.66 | 2298.31 | 10800.00 | 9813.36
165 | 0.05 | 9766.99 | 14017.04 | 9066.14 | 262.02 | 1310.12 | 10363.16 | 9883.82
169 | 0.23 | 6643.68 | 14322.68 | 3349.46 | 1561.96 | 7809.79 | 10800.00 | 8964.31
191 | 0.13 | 9622.92 | 15934.65 | 7551.41 | 667.06 | 3335.30 | 10800.00 | 9855.66
189 | 0.13 | 10006.88 | 16627.65 | 7845.28 | 606.72 | 3033.59 | 10800.00 | 9937.90
186 | 0.11 | 9778.40 | 17254.64 | 7880.39 | 575.78 | 2878.91 | 10695.96 | 10032.06
184 | 0.11 | 9757.07 | 17860.73 | 7792.39 | 577.04 | 2885.20 | 10614.12 | 10017.03
190 | 0.10 | 10083.89 | 18461.63 | 8237.73 | 507.58 | 2537.91 | 10724.88 | 10235.21
Vehicle 5
Charging tour: 
234  -> 192  -> 204  -> 208  -> 229  -> 232  -> 197  -> 225  -> 233  -> 231  -> 216  -> 218  -> 198  -> 202  -> 236  -> 226  -> 227  -> 209  -> 211  -> 215  -> 199  -> 201  -> 195  -> 223  -> 212  -> 214  -> 220  -> 221  -> 207  -> 193  -> 224  -> 194  -> 203  -> 222  -> 228  -> 196  -> 213  -> 219  -> 206  -> 217  -> 
Charging time: 
1289.6129936900006  + 343.320896924674  + 252.3583184452147  + 301.26806722082586  + 460.32483800922034  + 1913.370643655285  + 299.2148929714679  + 500.5863927906629  + 1828.6902401876937  + 1291.0664854938082  + 219.79965236143016  + 342.6889419648161  + 459.94076095754275  + 277.99549638877585  + 1690.5501442516086  + 338.49065649946573  + 561.4485215156175  + 181.84012160870626  + 614.0349476978666  + 423.6325436034494  + 240.68491564836046  + 498.01815463861817  + 217.61488052493607  + 251.14205509010011  + 372.180347695572  + 375.47564768868887  + 461.7558104775387  + 419.4810732428777  + 277.31852640744154  + 459.3319090164854  + 625.9642906798546  + 302.53143289567805  + 342.11001887869753  + 231.87476415438735  + 329.1067325784667  + 368.54124081793725  + 459.1611530533819  + 380.96074970571067  + 242.02404731235262  + 459.0252910393595  + 
total node:40/45
-------------------
Traveling energy: 2385.616400655724
Charging energy: 104522.69298892288
Total energy used: 106908.3093895786
-------------------
Total time for travel: 2385.616400655724
Total time for charging: 20904.538597784576
Charging round duration: 23290.1549984403
-------------------
ID | p | E0 | time_arrive | E_remain | time_charge | energy_charge| E_after_charge | E_after_cycle
234 | 0.13 | 2711.51 | 75.63 | 2701.68 | 1289.61 | 6448.06 | 8982.09 | 6057.01
192 | 0.08 | 6267.83 | 1391.52 | 6156.50 | 343.32 | 1716.60 | 7845.64 | 6075.16
204 | 0.06 | 6395.30 | 1823.93 | 6285.86 | 252.36 | 1261.79 | 7532.51 | 6225.14
208 | 0.07 | 6249.89 | 2082.08 | 6104.14 | 301.27 | 1506.34 | 7589.39 | 6085.61
229 | 0.11 | 6427.70 | 2453.68 | 6157.79 | 460.32 | 2301.62 | 8408.78 | 6104.07
232 | 0.16 | 2018.92 | 2997.72 | 1539.29 | 1913.37 | 9566.85 | 10800.00 | 7767.23
197 | 0.07 | 6292.77 | 4935.88 | 5947.26 | 299.21 | 1496.07 | 7422.39 | 6118.23
225 | 0.12 | 6448.06 | 5303.09 | 5811.69 | 500.59 | 2502.93 | 8254.56 | 6087.09
233 | 0.15 | 2206.37 | 5882.95 | 1323.93 | 1828.69 | 9143.45 | 10193.07 | 7769.94
231 | 0.13 | 2708.46 | 7752.76 | 1700.60 | 1291.07 | 6455.33 | 7988.09 | 6061.22
216 | 0.05 | 6118.86 | 9075.70 | 5665.07 | 219.80 | 1099.00 | 6753.08 | 6024.56
218 | 0.08 | 6279.38 | 9374.49 | 5529.43 | 342.69 | 1713.44 | 7215.45 | 6083.56
198 | 0.11 | 6433.07 | 9828.35 | 5351.95 | 459.94 | 2299.70 | 7601.06 | 6107.52
202 | 0.07 | 6773.10 | 10353.18 | 6048.38 | 278.00 | 1389.98 | 7418.89 | 6492.46
236 | 0.15 | 2386.66 | 10676.49 | 785.19 | 1690.55 | 8452.75 | 8984.35 | 7259.52
226 | 0.08 | 6357.27 | 12406.54 | 5364.74 | 338.49 | 1692.45 | 7030.12 | 6140.45
227 | 0.14 | 6707.26 | 12761.25 | 4920.69 | 561.45 | 2807.24 | 7649.33 | 6173.28
209 | 0.05 | 7396.18 | 13361.15 | 6728.12 | 181.84 | 909.20 | 7628.23 | 7112.09
211 | 0.15 | 6570.91 | 13629.57 | 4526.47 | 614.03 | 3070.17 | 7504.54 | 6061.20
215 | 0.10 | 6349.48 | 14247.16 | 4924.76 | 423.63 | 2118.16 | 7000.56 | 6081.05
199 | 0.06 | 6705.48 | 14703.55 | 5823.26 | 240.68 | 1203.42 | 7012.25 | 6476.95
201 | 0.12 | 6481.32 | 14975.75 | 4684.23 | 498.02 | 2490.09 | 7114.55 | 6107.50
195 | 0.05 | 6180.29 | 15531.65 | 5403.70 | 217.61 | 1088.07 | 6480.90 | 6075.07
223 | 0.06 | 6426.27 | 15841.71 | 5475.77 | 251.14 | 1255.71 | 6716.41 | 6250.03
212 | 0.09 | 6504.53 | 16171.71 | 5049.08 | 372.18 | 1860.90 | 6876.49 | 6217.51
214 | 0.09 | 6447.45 | 16624.07 | 4951.28 | 375.48 | 1877.38 | 6794.87 | 6176.90
220 | 0.11 | 6407.78 | 17041.88 | 4533.17 | 461.76 | 2308.78 | 6791.16 | 6091.31
221 | 0.10 | 6412.31 | 17521.67 | 4660.15 | 419.48 | 2097.41 | 6715.60 | 6123.13
207 | 0.07 | 6789.63 | 18035.80 | 5527.13 | 277.32 | 1386.59 | 6894.31 | 6505.61
193 | 0.11 | 6441.59 | 18367.94 | 4421.12 | 459.33 | 2296.66 | 6667.25 | 6113.00
224 | 0.16 | 6875.39 | 18868.64 | 3856.41 | 625.96 | 3129.82 | 6886.08 | 6186.67
194 | 0.07 | 6223.79 | 19522.41 | 4857.22 | 302.53 | 1512.66 | 6348.70 | 6065.83
203 | 0.08 | 6290.01 | 19851.56 | 4701.89 | 342.11 | 1710.55 | 6385.07 | 6091.29
222 | 0.06 | 6960.25 | 20234.67 | 5746.17 | 231.87 | 1159.37 | 6891.63 | 6687.67
228 | 0.08 | 6538.53 | 20582.88 | 4891.90 | 329.11 | 1645.53 | 6511.11 | 6274.80
196 | 0.09 | 6568.76 | 21072.84 | 4672.21 | 368.54 | 1842.71 | 6481.75 | 6263.54
213 | 0.11 | 6443.99 | 21520.14 | 4076.77 | 459.16 | 2295.81 | 6322.07 | 6114.54
219 | 0.09 | 6354.62 | 22028.18 | 4372.08 | 380.96 | 1904.80 | 6242.60 | 6111.49
206 | 0.06 | 6668.37 | 22448.34 | 5321.47 | 242.02 | 1210.12 | 6517.07 | 6446.54
217 | 0.14 | 8203.87 | 22771.28 | 5015.89 | 459.03 | 2295.13 | 7246.75 | 7157.77
200 | 0.15 | 6567.48 | 2987.59
205 | 0.14 | 6597.26 | 3256.04
210 | 0.10 | 6457.11 | 4070.52
230 | 0.12 | 6453.69 | 3589.78
[91m235 | 0.18 | 1936.02 | -2359.85[00m
Vehicle 6
Charging tour: 
254  -> 243  -> 268  -> 255  -> 239  -> 256  -> 241  -> 245  -> 257  -> 249  -> 253  -> 264  -> 270  -> 262  -> 237  -> 242  -> 269  -> 246  -> 244  -> 266  -> 252  -> 272  -> 274  -> 273  -> 267  -> 251  -> 250  -> 275  -> 260  -> 238  -> 263  -> 240  -> 261  -> 247  -> 271  -> 259  -> 276  -> 258  -> 265  -> 248  -> 277  -> 
Charging time: 
720.7570828339074  + 521.931838364934  + 629.6088641056625  + 326.85650752810886  + 264.1108536748235  + 577.7973505679414  + 254.38046473190167  + 579.5722505200249  + 525.6083180941977  + 606.0578995808503  + 681.0159772131739  + 575.7342643660764  + 398.4548589825537  + 400.35827140244857  + 583.5621201955499  + 305.53825869691934  + 254.04097116686057  + 475.40467382100377  + 425.00353268485964  + 365.9008900706194  + 631.6895066824053  + 360.125102774124  + 347.31073537044966  + 362.9850678003874  + 355.81128817722794  + 682.9830573226667  + 475.1427969973039  + 579.104168385708  + 767.0826049406146  + 577.6226167789131  + 474.8923326202441  + 560.7367652893568  + 729.1060787450185  + 579.1808132725654  + 472.3591406702592  + 682.7187032548966  + 631.543997203929  + 682.504186561274  + 355.74819407493976  + 682.5129746233958  + 661.8337009606852  + 
total node:41/41
-------------------
Traveling energy: 2376.5545944561018
Charging energy: 105623.44540554388
Total energy used: 107999.99999999999
-------------------
Total time for travel: 2376.5545944561018
Total time for charging: 21124.689081108776
Charging round duration: 23501.243675564878
-------------------
ID | p | E0 | time_arrive | E_remain | time_charge | energy_charge| E_after_charge | E_after_cycle
254 | 0.15 | 7109.27 | 127.53 | 7090.14 | 720.76 | 3603.79 | 10585.81 | 7133.17
243 | 0.09 | 5890.49 | 862.38 | 5812.87 | 521.93 | 2609.66 | 8375.56 | 6352.21
268 | 0.11 | 5968.21 | 1398.72 | 5814.35 | 629.61 | 3148.04 | 8893.14 | 6491.01
255 | 0.06 | 6270.71 | 2052.73 | 6147.54 | 326.86 | 1634.28 | 7762.22 | 6473.04
239 | 0.05 | 6467.05 | 2492.88 | 6342.41 | 264.11 | 1320.55 | 7649.75 | 6594.31
256 | 0.10 | 5912.17 | 2882.06 | 5623.96 | 577.80 | 2888.99 | 8455.17 | 6414.57
241 | 0.05 | 6714.42 | 3557.22 | 6536.56 | 254.38 | 1271.90 | 7795.75 | 6793.03
245 | 0.10 | 5894.06 | 3862.90 | 5507.77 | 579.57 | 2897.86 | 8347.68 | 6405.33
257 | 0.09 | 5849.28 | 4464.81 | 5447.45 | 525.61 | 2628.04 | 8028.19 | 6329.39
249 | 0.13 | 7327.43 | 5062.23 | 6669.34 | 606.06 | 3030.29 | 9620.84 | 7255.15
253 | 0.12 | 6019.31 | 5722.16 | 5332.65 | 681.02 | 3405.08 | 8656.00 | 6560.48
264 | 0.10 | 5933.36 | 6463.67 | 5286.99 | 575.73 | 2878.67 | 8108.09 | 6425.44
270 | 0.07 | 6001.24 | 7105.10 | 5503.89 | 398.45 | 1992.27 | 7468.27 | 6322.91
262 | 0.07 | 5972.71 | 7544.61 | 5444.59 | 400.36 | 2001.79 | 7418.36 | 6303.89
237 | 0.10 | 5853.77 | 8003.22 | 5053.44 | 583.56 | 2917.81 | 7912.90 | 6384.99
242 | 0.05 | 5590.19 | 8626.97 | 5158.84 | 305.54 | 1527.69 | 6671.26 | 5924.59
269 | 0.05 | 6723.40 | 8946.72 | 6276.06 | 254.04 | 1270.20 | 7533.56 | 6800.31
246 | 0.08 | 5748.43 | 9247.24 | 5008.65 | 475.40 | 2377.02 | 7347.64 | 6216.18
244 | 0.07 | 5626.37 | 9737.75 | 4944.72 | 425.00 | 2125.02 | 7039.99 | 6080.77
266 | 0.06 | 5601.58 | 10192.86 | 4990.00 | 365.90 | 1829.50 | 6797.55 | 5999.13
252 | 0.11 | 5948.55 | 10664.31 | 4775.48 | 631.69 | 3158.45 | 7864.44 | 6481.75
272 | 0.06 | 5691.42 | 11345.80 | 5010.67 | 360.13 | 1800.63 | 6789.69 | 6060.09
274 | 0.06 | 5901.41 | 11818.64 | 5192.29 | 347.31 | 1736.55 | 6908.00 | 6206.01
273 | 0.06 | 5646.57 | 12216.85 | 4913.56 | 362.99 | 1814.93 | 6706.71 | 6029.54
267 | 0.06 | 5760.42 | 12669.59 | 5000.24 | 355.81 | 1779.06 | 6757.95 | 6107.52
251 | 0.12 | 6001.97 | 13053.20 | 4435.58 | 682.98 | 3414.92 | 7768.54 | 6552.98
250 | 0.08 | 5751.59 | 13784.12 | 4648.86 | 475.14 | 2375.71 | 6986.57 | 6218.04
275 | 0.10 | 5898.83 | 14356.48 | 4463.18 | 579.10 | 2895.52 | 7300.79 | 6407.76
260 | 0.14 | 6234.60 | 14952.98 | 4141.18 | 767.08 | 3835.41 | 7869.20 | 6728.78
238 | 0.10 | 5913.96 | 15762.65 | 4337.69 | 577.62 | 2888.11 | 7168.04 | 6415.48
263 | 0.08 | 5754.63 | 16354.68 | 4446.25 | 474.89 | 2374.46 | 6782.72 | 6219.82
240 | 0.10 | 6092.05 | 16931.81 | 4398.87 | 560.74 | 2803.68 | 7146.48 | 6509.14
261 | 0.14 | 6559.33 | 17522.36 | 4106.20 | 729.11 | 3645.53 | 7649.66 | 6863.64
247 | 0.10 | 5898.05 | 18308.10 | 4067.24 | 579.18 | 2895.90 | 6905.22 | 6407.36
271 | 0.08 | 5785.49 | 18930.06 | 4271.08 | 472.36 | 2361.80 | 6595.09 | 6238.01
259 | 0.12 | 6004.29 | 19469.93 | 3667.90 | 682.72 | 3413.59 | 6999.57 | 6553.98
276 | 0.11 | 5949.93 | 20185.24 | 3729.55 | 631.54 | 3157.72 | 6817.80 | 6482.40
258 | 0.12 | 6006.18 | 20865.29 | 3502.35 | 682.50 | 3412.52 | 6832.97 | 6554.79
265 | 0.06 | 5761.44 | 21582.71 | 4466.48 | 355.75 | 1778.74 | 6223.87 | 6108.23
248 | 0.12 | 6006.10 | 21963.99 | 3370.42 | 682.51 | 3412.56 | 6701.09 | 6554.76
277 | 0.13 | 6709.91 | 22664.90 | 3763.48 | 661.83 | 3309.17 | 6986.61 | 6916.51
Vehicle 7
Charging tour: 
283  -> 313  -> 314  -> 319  -> 287  -> 300  -> 282  -> 316  -> 291  -> 312  -> 294  -> 297  -> 292  -> 317  -> 298  -> 293  -> 285  -> 318  -> 309  -> 311  -> 279  -> 299  -> 280  -> 288  -> 302  -> 304  -> 290  -> 281  -> 295  -> 308  -> 286  -> 296  -> 307  -> 305  -> 289  -> 310  -> 306  -> 278  -> 303  -> 284  -> 301  -> 
Charging time: 
366.0833106377334  + 324.7972394726904  + 579.5897874261221  + 419.8208037497352  + 327.36392776187665  + 422.49252389735165  + 783.9819901377937  + 682.963395546291  + 422.88810951833096  + 409.79853810584916  + 527.7493031347716  + 671.2601763776112  + 528.5107296509381  + 363.10119967108176  + 764.5379968122373  + 351.0549652470444  + 327.188991547371  + 582.8424570443218  + 266.6459898194788  + 682.8547484185493  + 525.0062153129045  + 481.21186363110905  + 418.9919662004556  + 683.6713939406924  + 267.0889919306957  + 682.7478697958774  + 423.53155798891993  + 426.27917164777233  + 1277.2728628318189  + 327.6255442296377  + 316.22947755699124  + 374.0217591296119  + 734.1069557101101  + 580.3950646413535  + 429.07932041297374  + 666.8544655846541  + 660.2750794814599  + 313.97832794937176  + 288.572199822281  + 738.5395528766963  + 633.8268334300357  + 
total node:41/42
-------------------
Traveling energy: 2725.836709586992
Charging energy: 105274.163290413
Total energy used: 107999.99999999999
-------------------
Total time for travel: 2725.836709586992
Total time for charging: 21054.8326580826
Charging round duration: 23780.66936766959
-------------------
ID | p | E0 | time_arrive | E_remain | time_charge | energy_charge| E_after_charge | E_after_cycle
283 | 0.07 | 6089.34 | 145.17 | 6079.18 | 366.08 | 1830.42 | 7883.97 | 6249.15
313 | 0.06 | 5882.90 | 549.76 | 5849.91 | 324.80 | 1623.99 | 7454.41 | 6074.93
314 | 0.11 | 6044.00 | 940.82 | 5940.51 | 579.59 | 2897.95 | 8774.70 | 6316.70
319 | 0.08 | 6068.46 | 1660.45 | 5935.62 | 419.82 | 2099.10 | 8001.14 | 6258.29
287 | 0.06 | 5836.77 | 2166.36 | 5706.79 | 327.36 | 1636.82 | 7323.97 | 6041.64
300 | 0.08 | 6030.08 | 2564.65 | 5824.91 | 422.49 | 2112.46 | 7903.57 | 6233.27
282 | 0.15 | 6093.09 | 2995.32 | 5643.79 | 783.98 | 3919.91 | 9446.10 | 6433.11
316 | 0.13 | 6061.75 | 3836.35 | 5563.03 | 682.96 | 3414.82 | 8889.06 | 6374.00
291 | 0.08 | 6024.44 | 4547.75 | 5660.62 | 422.89 | 2114.44 | 7741.23 | 6229.61
312 | 0.08 | 6216.87 | 5010.38 | 5816.04 | 409.80 | 2048.99 | 7832.25 | 6356.59
294 | 0.10 | 6034.27 | 5526.46 | 5481.62 | 527.75 | 2638.75 | 8067.59 | 6286.42
297 | 0.13 | 6167.44 | 6147.68 | 5368.24 | 671.26 | 3356.30 | 8637.28 | 6421.17
292 | 0.10 | 6025.57 | 6840.93 | 5341.48 | 528.51 | 2642.55 | 7931.18 | 6281.54
317 | 0.07 | 6139.35 | 7460.22 | 5617.14 | 363.10 | 1815.51 | 7407.23 | 6284.25
298 | 0.15 | 6248.05 | 7893.39 | 5064.04 | 764.54 | 3822.69 | 8772.05 | 6490.85
293 | 0.07 | 6350.02 | 8769.24 | 5736.18 | 351.05 | 1755.27 | 7466.88 | 6434.68
285 | 0.06 | 5839.89 | 9153.98 | 5290.65 | 327.19 | 1635.94 | 6906.97 | 6043.88
318 | 0.11 | 6010.27 | 9527.61 | 4962.23 | 582.84 | 2914.21 | 7812.33 | 6299.23
309 | 0.05 | 5971.55 | 10146.59 | 5464.22 | 266.65 | 1333.23 | 6784.12 | 6111.49
311 | 0.13 | 6062.72 | 10520.55 | 4695.05 | 682.85 | 3414.27 | 8020.55 | 6374.42
279 | 0.10 | 6065.80 | 11274.29 | 4938.37 | 525.01 | 2625.03 | 7510.90 | 6304.24
299 | 0.09 | 5956.05 | 11852.98 | 4889.28 | 481.21 | 2406.06 | 7252.03 | 6214.18
280 | 0.08 | 6080.46 | 12388.38 | 5089.39 | 418.99 | 2094.96 | 7150.83 | 6266.15
288 | 0.13 | 6055.48 | 12844.63 | 4385.67 | 683.67 | 3418.36 | 7715.15 | 6371.26
302 | 0.05 | 5961.65 | 13544.95 | 5284.40 | 267.09 | 1335.44 | 6606.49 | 6103.80
304 | 0.13 | 6063.67 | 13873.86 | 4260.06 | 682.75 | 3413.74 | 7585.05 | 6374.84
290 | 0.08 | 6015.29 | 14667.39 | 4841.90 | 423.53 | 2117.66 | 6925.67 | 6223.67
281 | 0.08 | 5976.52 | 15166.53 | 4763.19 | 426.28 | 2131.40 | 6860.49 | 6198.64
295 | 0.25 | 6233.17 | 15618.52 | 2328.53 | 1277.27 | 6386.36 | 8395.58 | 6653.05
308 | 0.06 | 5832.11 | 16904.01 | 4817.87 | 327.63 | 1638.13 | 6436.34 | 6038.28
286 | 0.06 | 6042.28 | 17297.69 | 5004.42 | 316.23 | 1581.15 | 6566.60 | 6191.48
296 | 0.07 | 5960.10 | 17674.16 | 4722.91 | 374.02 | 1870.11 | 6566.83 | 6159.59
307 | 0.14 | 6073.25 | 18127.39 | 3535.41 | 734.11 | 3670.53 | 7103.17 | 6402.56
305 | 0.11 | 6035.61 | 18874.53 | 3959.41 | 580.40 | 2901.98 | 6797.55 | 6312.34
289 | 0.08 | 5937.51 | 19524.19 | 4375.58 | 429.08 | 2145.40 | 6486.65 | 6173.64
310 | 0.13 | 6208.18 | 19993.40 | 3609.04 | 666.85 | 3334.27 | 6856.62 | 6439.89
306 | 0.14 | 6752.36 | 20786.09 | 3842.30 | 660.28 | 3301.38 | 7051.24 | 6712.51
278 | 0.06 | 6085.61 | 21530.84 | 4793.76 | 313.98 | 1569.89 | 6344.81 | 6223.54
303 | 0.06 | 6621.39 | 21894.34 | 5307.73 | 288.57 | 1442.86 | 6733.27 | 6632.30
284 | 0.15 | 6468.00 | 22251.05 | 3130.34 | 738.54 | 3692.70 | 6712.26 | 6580.81
301 | 0.12 | 6029.24 | 23017.81 | 3267.11 | 633.83 | 3169.13 | 6360.18 | 6334.47
315 | 0.23 | 6207.66 | 718.51
Vehicle 8
Charging tour: 
336  -> 322  -> 326  -> 323  -> 324  -> 351  -> 339  -> 353  -> 340  -> 337  -> 332  -> 357  -> 338  -> 334  -> 346  -> 343  -> 347  -> 321  -> 355  -> 344  -> 348  -> 352  -> 349  -> 325  -> 320  -> 358  -> 354  -> 342  -> 329  -> 356  -> 331  -> 341  -> 327  -> 330  -> 328  -> 335  -> 333  -> 345  -> 350  -> 
Charging time: 
433.5021478349928  + 496.87713880221906  + 418.41476927054623  + 422.35318293760656  + 434.1445257244871  + 326.48331561334226  + 337.83454834449975  + 528.2425286995178  + 435.46263539298064  + 587.890757083188  + 420.9037096466079  + 519.0899362385516  + 324.18317347039414  + 574.8409433055562  + 573.5746471935018  + 572.0418974832933  + 323.4592056800501  + 318.7225510501987  + 382.71103016556106  + 619.7804324008864  + 472.9093286167229  + 667.3820494267583  + 435.1785284684946  + 574.9075975198458  + 423.35755056858113  + 1828.683149319073  + 574.6628299689467  + 847.0272779432994  + 527.756555939616  + 757.6799807100837  + 424.68121564329505  + 666.4040353409046  + 431.52151330241503  + 679.6987219010379  + 570.005186063931  + 388.3944335109642  + 369.6787599932509  + 527.7238871961544  + 783.9670161016023  + 
total node:39/39
-------------------
Traveling energy: 1981.8565641674872
Charging energy: 105010.66346936475
Total energy used: 106992.52003353224
-------------------
Total time for travel: 1981.8565641674872
Total time for charging: 21002.13269387295
Charging round duration: 22983.989258040438
-------------------
ID | p | E0 | time_arrive | E_remain | time_charge | energy_charge| E_after_charge | E_after_cycle
336 | 0.08 | 8218.45 | 25.45 | 8216.41 | 433.50 | 2167.51 | 10349.24 | 8476.69
322 | 0.10 | 8427.11 | 618.11 | 8365.30 | 496.88 | 2484.39 | 10800.00 | 8524.91
326 | 0.08 | 8514.79 | 1164.57 | 8421.63 | 418.41 | 2092.07 | 10480.23 | 8697.60
323 | 0.08 | 8435.39 | 1632.74 | 8304.78 | 422.35 | 2111.77 | 10382.75 | 8637.89
324 | 0.08 | 8206.29 | 2075.49 | 8040.25 | 434.14 | 2170.72 | 10176.24 | 8467.74
351 | 0.06 | 8184.30 | 2556.34 | 8030.92 | 326.48 | 1632.42 | 9643.75 | 8384.76
339 | 0.06 | 7909.31 | 2926.77 | 7733.70 | 337.83 | 1689.17 | 9402.60 | 8166.52
353 | 0.12 | 8618.18 | 3300.00 | 8222.18 | 528.24 | 2641.21 | 10800.00 | 8395.48
340 | 0.08 | 8181.45 | 3869.60 | 7871.88 | 435.46 | 2177.31 | 10014.36 | 8449.49
337 | 0.12 | 8449.88 | 4323.25 | 7931.09 | 587.89 | 2939.45 | 10800.00 | 8525.43
332 | 0.08 | 8464.44 | 4940.95 | 8069.17 | 420.90 | 2104.52 | 10140.01 | 8659.69
357 | 0.10 | 8579.24 | 5390.43 | 8040.19 | 519.09 | 2595.45 | 10583.73 | 8788.09
338 | 0.06 | 8242.37 | 5934.01 | 7886.33 | 324.18 | 1620.92 | 9487.79 | 8431.33
334 | 0.11 | 8521.89 | 6324.48 | 7826.20 | 574.84 | 2874.20 | 10637.17 | 8770.85
346 | 0.11 | 8540.71 | 7005.74 | 7770.08 | 573.57 | 2867.87 | 10574.86 | 8783.33
343 | 0.11 | 8563.59 | 7676.25 | 7719.21 | 572.04 | 2860.21 | 10516.49 | 8798.55
347 | 0.06 | 8260.82 | 8307.54 | 7762.36 | 323.46 | 1617.30 | 9360.25 | 8446.16
321 | 0.06 | 8383.58 | 8686.69 | 7862.38 | 318.72 | 1593.61 | 9436.87 | 8545.24
355 | 0.07 | 8145.51 | 9027.55 | 7513.58 | 382.71 | 1913.56 | 9400.35 | 8388.45
344 | 0.12 | 8622.53 | 9423.53 | 7491.70 | 619.78 | 3098.90 | 10516.23 | 8857.52
348 | 0.09 | 8475.31 | 10059.52 | 7569.96 | 472.91 | 2364.55 | 9891.94 | 8691.93
352 | 0.13 | 8674.81 | 10628.22 | 7293.14 | 667.38 | 3336.91 | 10543.29 | 8909.15
349 | 0.08 | 8186.79 | 11339.68 | 7279.62 | 435.18 | 2175.89 | 9420.70 | 8453.41
325 | 0.11 | 8520.91 | 11782.67 | 7224.81 | 574.91 | 2874.54 | 10036.11 | 8770.20
320 | 0.08 | 8415.38 | 12417.91 | 7421.95 | 423.36 | 2116.79 | 9504.87 | 8622.90
358 | 0.18 | 4304.66 | 12882.86 | 1985.75 | 1828.68 | 9143.42 | 10800.00 | 9152.22
354 | 0.11 | 8524.54 | 14782.94 | 6898.41 | 574.66 | 2873.31 | 9708.51 | 8772.60
342 | 0.17 | 8938.05 | 15366.19 | 6325.80 | 847.03 | 4235.14 | 10416.94 | 9115.98
329 | 0.10 | 8438.35 | 16257.42 | 6812.61 | 527.76 | 2638.78 | 9398.62 | 8690.54
356 | 0.15 | 8816.51 | 16841.22 | 6290.33 | 757.68 | 3788.40 | 9965.07 | 9025.02
331 | 0.08 | 8389.15 | 17667.66 | 6975.74 | 424.68 | 2123.41 | 9065.17 | 8603.29
341 | 0.13 | 8687.54 | 18144.84 | 6328.71 | 666.40 | 3332.02 | 9574.10 | 8916.99
327 | 0.08 | 8256.17 | 18903.82 | 6743.87 | 431.52 | 2157.61 | 8866.95 | 8504.51
330 | 0.13 | 8517.62 | 19452.02 | 5988.85 | 679.70 | 3398.49 | 9298.99 | 8813.54
328 | 0.11 | 8594.19 | 20166.01 | 6375.93 | 570.01 | 2850.03 | 9163.26 | 8818.97
335 | 0.07 | 8026.32 | 20782.63 | 6571.53 | 388.39 | 1941.97 | 8486.32 | 8297.67
333 | 0.07 | 8432.66 | 21191.49 | 6949.26 | 369.68 | 1848.39 | 8771.77 | 8610.44
345 | 0.10 | 8438.87 | 21624.75 | 6276.40 | 527.72 | 2638.62 | 8862.24 | 8690.90
350 | 0.16 | 9088.94 | 22173.75 | 5541.14 | 783.97 | 3919.84 | 9335.54 | 9190.23
Vehicle 9
Charging tour: 
395  -> 392  -> 374  -> 397  -> 377  -> 383  -> 388  -> 361  -> 364  -> 359  -> 394  -> 369  -> 375  -> 401  -> 384  -> 363  -> 390  -> 372  -> 379  -> 368  -> 366  -> 365  -> 391  -> 380  -> 382  -> 385  -> 378  -> 386  -> 373  -> 362  -> 360  -> 371  -> 367  -> 387  -> 398  -> 396  -> 381  -> 389  -> 376  -> 393  -> 370  -> 
Charging time: 
491.70930273179823  + 439.5304102495326  + 346.5698880489697  + 592.5898844233913  + 442.9135826217179  + 289.2303307693145  + 445.5103778208615  + 690.3896756139856  + 383.291817731365  + 495.27896042875295  + 607.4648227358434  + 494.9617574542702  + 601.8078642701682  + 1634.714365378355  + 339.8767638735681  + 543.9712954885849  + 598.870045223703  + 641.8906401991724  + 445.0614041070179  + 543.4896418197538  + 538.5465407455592  + 492.160057871129  + 431.6857311717191  + 446.06260648275145  + 642.2206122233191  + 444.3950005712328  + 735.2778857574333  + 394.8979848896392  + 690.6723167863178  + 632.1616292819808  + 641.8504370389945  + 284.3043612116133  + 640.5489882752793  + 285.46794676267683  + 345.80632952771157  + 296.4088625945138  + 200.3731468847474  + 592.3553971862435  + 236.64439354289524  + 543.644155104068  + 469.374086295392  + 
total node:41/43
-------------------
Traveling energy: 2730.093494023273
Charging energy: 105269.90650597672
Total energy used: 107999.99999999999
-------------------
Total time for travel: 2730.093494023273
Total time for charging: 21053.981301195345
Charging round duration: 23784.074795218618
-------------------
ID | p | E0 | time_arrive | E_remain | time_charge | energy_charge| E_after_charge | E_after_cycle
395 | 0.10 | 5368.73 | 149.78 | 5353.75 | 491.71 | 2458.55 | 7763.13 | 5440.69
392 | 0.09 | 5405.47 | 664.66 | 5345.65 | 439.53 | 2197.65 | 7503.75 | 5455.19
374 | 0.07 | 5331.96 | 1128.56 | 5252.97 | 346.57 | 1732.85 | 6961.56 | 5394.20
397 | 0.12 | 5345.73 | 1631.90 | 5149.90 | 592.59 | 2962.95 | 8041.74 | 5444.77
377 | 0.09 | 5364.18 | 2383.34 | 5149.68 | 442.91 | 2214.57 | 7324.39 | 5430.82
383 | 0.06 | 5476.30 | 2955.82 | 5298.95 | 289.23 | 1446.15 | 6727.75 | 5490.50
388 | 0.09 | 5332.92 | 3378.36 | 5028.86 | 445.51 | 2227.55 | 7216.32 | 5412.54
361 | 0.14 | 5353.20 | 3867.10 | 4811.81 | 690.39 | 3451.95 | 8167.10 | 5463.93
364 | 0.08 | 5509.86 | 4596.03 | 5142.18 | 383.29 | 1916.46 | 7027.97 | 5517.05
359 | 0.10 | 5330.04 | 5127.25 | 4817.31 | 495.28 | 2476.39 | 7244.18 | 5419.84
394 | 0.14 | 6083.97 | 5764.51 | 5276.94 | 607.46 | 3037.32 | 8229.22 | 5780.07
369 | 0.10 | 5333.45 | 6442.93 | 4689.16 | 494.96 | 2474.81 | 7114.47 | 5421.67
375 | 0.13 | 5702.50 | 6965.32 | 4797.01 | 601.81 | 3009.04 | 7727.82 | 5608.98
401 | 0.13 | 2099.33 | 7596.62 | 1111.77 | 1634.71 | 8173.57 | 9072.83 | 7170.34
384 | 0.07 | 5436.97 | 9293.25 | 4786.44 | 339.88 | 1699.38 | 6462.03 | 5465.74
363 | 0.11 | 5338.22 | 9636.57 | 4278.20 | 543.97 | 2719.86 | 6938.22 | 5432.83
390 | 0.13 | 5730.48 | 10186.06 | 4406.29 | 598.87 | 2994.35 | 7322.79 | 5622.26
372 | 0.13 | 5346.41 | 10858.95 | 3934.75 | 641.89 | 3209.45 | 7060.76 | 5453.30
379 | 0.09 | 5338.30 | 11527.87 | 4300.79 | 445.06 | 2225.31 | 6486.04 | 5415.67
368 | 0.11 | 5342.95 | 12001.57 | 4022.78 | 543.49 | 2717.45 | 6680.45 | 5435.15
366 | 0.11 | 5392.00 | 12613.81 | 4004.48 | 538.55 | 2692.73 | 6637.97 | 5459.48
365 | 0.10 | 5363.81 | 13225.13 | 4041.30 | 492.16 | 2460.80 | 6452.89 | 5438.02
391 | 0.09 | 5503.70 | 13750.14 | 4266.19 | 431.69 | 2158.43 | 6385.77 | 5514.20
380 | 0.09 | 5326.31 | 14236.72 | 4045.01 | 446.06 | 2230.31 | 6235.18 | 5408.70
382 | 0.13 | 5343.66 | 14758.43 | 3425.07 | 642.22 | 3211.10 | 6552.68 | 5452.20
385 | 0.09 | 5346.30 | 15445.76 | 3956.18 | 444.40 | 2221.98 | 6138.16 | 5420.34
378 | 0.15 | 5385.42 | 15921.35 | 2997.22 | 735.28 | 3676.39 | 6563.32 | 5481.93
386 | 0.08 | 5347.92 | 16698.88 | 4012.01 | 394.90 | 1974.49 | 5954.91 | 5413.14
373 | 0.14 | 5351.01 | 17127.40 | 2953.18 | 690.67 | 3453.36 | 6309.85 | 5463.15
362 | 0.15 | 6263.88 | 17893.87 | 3579.80 | 632.16 | 3160.81 | 6645.78 | 5844.80
360 | 0.13 | 5346.75 | 18567.28 | 2933.00 | 641.85 | 3209.25 | 6058.81 | 5453.43
371 | 0.06 | 5571.19 | 19224.72 | 4417.70 | 284.30 | 1421.52 | 5822.17 | 5560.76
367 | 0.13 | 5357.61 | 19532.54 | 2818.38 | 640.55 | 3202.74 | 5937.85 | 5457.79
387 | 0.06 | 5548.48 | 20217.39 | 4335.44 | 285.47 | 1427.34 | 5745.65 | 5543.86
398 | 0.07 | 5343.74 | 20536.91 | 3906.15 | 345.81 | 1729.03 | 5610.98 | 5402.16
396 | 0.06 | 5343.68 | 20990.73 | 4084.23 | 296.41 | 1482.04 | 5548.49 | 5393.77
381 | 0.05 | 6587.35 | 21433.79 | 5515.66 | 200.37 | 1001.87 | 6507.50 | 6395.92
389 | 0.12 | 5347.85 | 21693.65 | 2744.61 | 592.36 | 2961.78 | 5635.30 | 5445.72
376 | 0.05 | 5577.68 | 22341.82 | 4460.59 | 236.64 | 1183.22 | 5631.98 | 5567.61
393 | 0.11 | 5341.44 | 22644.90 | 2850.50 | 543.64 | 2718.22 | 5508.92 | 5434.41
370 | 0.14 | 7873.88 | 23286.22 | 4613.81 | 469.37 | 2346.87 | 6894.97 | 6879.53
399 | 0.13 | 5474.39 | 2371.82
[91m400 | 0.15 | 1616.90 | -1962.99[00m
Vehicle 10
Charging tour: 
402  -> 440  -> 433  -> 431  -> 419  -> 426  -> 406  -> 413  -> 429  -> 439  -> 421  -> 432  -> 410  -> 438  -> 408  -> 416  -> 418  -> 404  -> 434  -> 409  -> 424  -> 420  -> 414  -> 411  -> 417  -> 428  -> 415  -> 430  -> 422  -> 412  -> 423  -> 407  -> 435  -> 425  -> 436  -> 405  -> 437  -> 427  -> 403  -> 
Charging time: 
390.15097192041566  + 1814.2325291093105  + 602.9549232704085  + 472.0537968194364  + 296.87652377510955  + 454.52949731762885  + 302.59784274371407  + 468.55473845050403  + 545.8336049710223  + 2095.918759939656  + 246.58797706469878  + 430.1286972771178  + 545.8516031422931  + 1570.5548285370278  + 347.51137029340595  + 425.85241563084276  + 304.0199730168827  + 470.12010563349423  + 428.44098926251667  + 388.37296993738016  + 387.0014163889009  + 532.3783676780058  + 406.24337437187427  + 544.5948618122829  + 267.93743911112944  + 427.5175218942323  + 522.0039955765803  + 546.0554513430181  + 288.71799953083627  + 432.33040218732833  + 344.2972125840554  + 348.33324680556547  + 428.67242441348577  + 344.57506610227625  + 467.8653939531814  + 283.0436661338939  + 545.9808669261384  + 336.50399543347567  + 385.2503263112589  + 
total node:39/40
-------------------
Traveling energy: 2369.655821361799
Charging energy: 102202.23573335196
Total energy used: 104571.89155471376
-------------------
Total time for travel: 2369.655821361799
Total time for charging: 20440.44714667039
Charging round duration: 22810.102968032188
-------------------
ID | p | E0 | time_arrive | E_remain | time_charge | energy_charge| E_after_charge | E_after_cycle
402 | 0.08 | 5551.97 | 170.88 | 5538.30 | 390.15 | 1950.75 | 7457.84 | 5593.45
440 | 0.15 | 2090.57 | 597.30 | 2000.97 | 1814.23 | 9071.16 | 10800.00 | 7581.84
433 | 0.14 | 6286.85 | 2448.53 | 5944.05 | 602.95 | 3014.77 | 8874.41 | 5960.40
431 | 0.10 | 5735.86 | 3067.82 | 5429.07 | 472.05 | 2360.27 | 7742.14 | 5709.53
419 | 0.06 | 5472.24 | 3587.19 | 5257.01 | 296.88 | 1484.38 | 6723.58 | 5524.67
426 | 0.11 | 6552.70 | 4023.93 | 6110.07 | 454.53 | 2272.65 | 8332.72 | 6200.10
406 | 0.06 | 5368.77 | 4543.51 | 5096.16 | 302.60 | 1512.99 | 6591.00 | 5449.81
413 | 0.10 | 5778.69 | 4865.61 | 5292.13 | 468.55 | 2342.77 | 7588.05 | 5734.87
429 | 0.12 | 5952.65 | 5419.16 | 5302.36 | 545.83 | 2729.17 | 7966.02 | 5817.91
439 | 0.16 | 1632.93 | 6107.38 | 655.75 | 2095.92 | 10479.59 | 10800.00 | 8293.98
421 | 0.05 | 5490.20 | 8227.15 | 5078.84 | 246.59 | 1232.94 | 6299.45 | 5529.84
432 | 0.09 | 5665.44 | 8506.20 | 4899.88 | 430.13 | 2150.64 | 7011.82 | 5668.15
410 | 0.12 | 5952.46 | 8987.01 | 4874.02 | 545.85 | 2729.26 | 7537.77 | 5817.81
438 | 0.12 | 2068.80 | 9562.59 | 921.29 | 1570.55 | 7852.77 | 8585.59 | 7057.66
408 | 0.07 | 5454.05 | 11200.59 | 4670.00 | 347.51 | 1737.56 | 6383.23 | 5520.99
416 | 0.09 | 5722.33 | 11576.31 | 4680.46 | 425.85 | 2129.26 | 6771.40 | 5703.66
418 | 0.06 | 5343.66 | 12092.73 | 4618.10 | 304.02 | 1520.10 | 6119.96 | 5431.81
404 | 0.10 | 5759.45 | 12430.87 | 4516.36 | 470.12 | 2350.60 | 6819.95 | 5723.46
434 | 0.09 | 5687.76 | 12913.94 | 4525.51 | 428.44 | 2142.20 | 6629.15 | 5682.03
409 | 0.08 | 5577.39 | 13418.80 | 4503.88 | 388.37 | 1941.86 | 6414.68 | 5609.98
424 | 0.08 | 5597.15 | 13809.95 | 4492.36 | 387.00 | 1935.01 | 6396.40 | 5622.89
420 | 0.12 | 6103.10 | 14246.04 | 4393.58 | 532.38 | 2661.89 | 6991.58 | 5901.08
414 | 0.12 | 7998.06 | 14810.63 | 6220.78 | 406.24 | 2031.22 | 8203.25 | 7165.37
411 | 0.13 | 6463.38 | 15240.43 | 4482.12 | 544.59 | 2722.97 | 7134.30 | 6083.78
417 | 0.06 | 6063.28 | 15904.18 | 5109.03 | 267.94 | 1339.69 | 6432.64 | 5971.01
428 | 0.09 | 5700.05 | 16191.07 | 4242.85 | 427.52 | 2137.59 | 6341.96 | 5689.70
415 | 0.14 | 7261.79 | 16709.75 | 4922.43 | 522.00 | 2610.02 | 7459.37 | 6530.59
430 | 0.12 | 5950.24 | 17277.00 | 3877.00 | 546.06 | 2730.28 | 6541.75 | 5816.61
422 | 0.06 | 5626.87 | 17853.87 | 4555.64 | 288.72 | 1443.59 | 5981.91 | 5638.51
412 | 0.09 | 5636.59 | 18192.67 | 3999.25 | 432.33 | 2161.65 | 6121.99 | 5650.31
423 | 0.07 | 5504.96 | 18646.90 | 4199.68 | 344.30 | 1721.49 | 5897.06 | 5555.83
407 | 0.07 | 5441.18 | 19025.03 | 4109.42 | 348.33 | 1741.67 | 5826.71 | 5512.23
435 | 0.09 | 5684.69 | 19398.08 | 3938.86 | 428.67 | 2143.36 | 6043.64 | 5680.12
425 | 0.07 | 5500.52 | 19885.82 | 4108.51 | 344.58 | 1722.88 | 5807.27 | 5552.78
436 | 0.10 | 5787.20 | 20294.08 | 3757.80 | 467.87 | 2339.33 | 6050.34 | 5739.94
405 | 0.06 | 5739.68 | 20789.03 | 4492.34 | 283.04 | 1415.22 | 5890.57 | 5722.94
437 | 0.12 | 5951.05 | 21219.58 | 3404.70 | 545.98 | 2729.90 | 6069.09 | 5817.05
427 | 0.07 | 5632.45 | 21833.94 | 4104.08 | 336.50 | 1682.52 | 5763.04 | 5644.36
403 | 0.08 | 5622.59 | 22261.80 | 3841.65 | 385.25 | 1926.25 | 5737.08 | 5639.57
[91m441 | 0.18 | 882.17 | -3413.69[00m
Vehicle 11
Charging tour: 
473  -> 469  -> 446  -> 471  -> 461  -> 458  -> 466  -> 444  -> 447  -> 460  -> 454  -> 448  -> 475  -> 449  -> 442  -> 450  -> 455  -> 452  -> 470  -> 467  -> 463  -> 459  -> 453  -> 456  -> 457  -> 465  -> 478  -> 477  -> 443  -> 464  -> 445  -> 479  -> 472  -> 468  -> 451  -> 476  -> 474  -> 462  -> 
Charging time: 
316.1375935293382  + 418.82483302001145  + 294.4292655520371  + 367.771295345803  + 438.67438961591785  + 401.67316304522626  + 453.86663248930455  + 344.5006472713842  + 501.8372952981089  + 307.9893398353277  + 480.45136904657244  + 408.62564633456185  + 475.75192900463065  + 475.33816710480045  + 471.2222490719275  + 647.5244855171658  + 491.9715421519253  + 645.085183384905  + 285.6541532596787  + 520.3582871340196  + 555.6888768174497  + 474.83063167955544  + 422.24030723615084  + 575.0061573104181  + 778.703600163734  + 415.79722434994426  + 715.4748683722116  + 680.3818664094331  + 468.80532952988733  + 521.7014981583533  + 464.9614565829827  + 521.1067105219644  + 767.7049446072485  + 768.9562886569772  + 888.3984666312199  + 352.79913863756394  + 888.83709430428  + 941.9194483406773  + 
total node:38/38
-------------------
Traveling energy: 2237.587170219126
Charging energy: 99755.00687661348
Total energy used: 101992.5940468326
-------------------
Total time for travel: 2237.587170219126
Total time for charging: 19951.001375322696
Charging round duration: 22188.58854554182
-------------------
ID | p | E0 | time_arrive | E_remain | time_charge | energy_charge| E_after_charge | E_after_cycle
473 | 0.05 | 8234.60 | 177.33 | 8225.73 | 316.14 | 1580.69 | 9790.61 | 8621.99
469 | 0.07 | 8701.90 | 507.40 | 8666.38 | 418.82 | 2094.12 | 10731.19 | 9125.41
446 | 0.05 | 8841.74 | 995.34 | 8791.97 | 294.43 | 1472.15 | 10249.39 | 9120.59
471 | 0.06 | 8494.19 | 1339.18 | 8413.84 | 367.77 | 1838.86 | 10230.63 | 8901.09
461 | 0.08 | 8779.20 | 1718.44 | 8641.72 | 438.67 | 2193.37 | 10800.00 | 9063.30
458 | 0.10 | 9055.03 | 2232.28 | 8831.80 | 401.67 | 2008.37 | 10800.00 | 8676.81
466 | 0.08 | 8783.93 | 2711.89 | 8566.98 | 453.87 | 2269.33 | 10800.00 | 9143.99
444 | 0.06 | 9067.96 | 3212.39 | 8875.22 | 344.50 | 1722.50 | 10577.05 | 9358.51
447 | 0.10 | 8706.01 | 3650.12 | 8341.00 | 501.84 | 2509.19 | 10800.00 | 8828.61
460 | 0.05 | 8452.45 | 4230.59 | 8240.92 | 307.99 | 1539.95 | 9765.47 | 8799.11
454 | 0.11 | 8952.30 | 4560.94 | 8450.59 | 480.45 | 2402.26 | 10800.00 | 8729.30
448 | 0.07 | 8919.10 | 5075.87 | 8563.79 | 408.63 | 2043.13 | 10578.31 | 9291.61
475 | 0.10 | 9017.90 | 5490.88 | 8468.82 | 475.75 | 2378.76 | 10800.00 | 9010.07
449 | 0.09 | 9012.88 | 6075.43 | 8466.09 | 475.34 | 2376.69 | 10800.00 | 9241.64
442 | 0.08 | 8839.19 | 6615.40 | 8309.96 | 471.22 | 2356.11 | 10628.38 | 9286.03
450 | 0.12 | 8497.34 | 7143.81 | 7640.08 | 647.52 | 3237.62 | 10800.00 | 8871.05
455 | 0.09 | 9090.52 | 7845.57 | 8384.42 | 491.97 | 2459.86 | 10800.00 | 9402.45
452 | 0.12 | 8655.57 | 8363.24 | 7651.98 | 645.09 | 3225.43 | 10800.00 | 9017.09
470 | 0.05 | 9113.35 | 9074.68 | 8659.61 | 285.65 | 1428.27 | 10073.60 | 9348.32
467 | 0.10 | 9193.35 | 9431.02 | 8250.24 | 520.36 | 2601.79 | 10800.00 | 9408.55
463 | 0.11 | 9179.35 | 9969.76 | 8082.68 | 555.69 | 2778.44 | 10800.00 | 9332.55
459 | 0.08 | 8772.02 | 10533.56 | 7929.34 | 474.83 | 2374.15 | 10265.50 | 9236.90
453 | 0.07 | 8631.51 | 11023.24 | 7859.88 | 422.24 | 2111.20 | 9941.53 | 9072.10
456 | 0.10 | 9054.74 | 11467.49 | 7907.99 | 575.01 | 2875.03 | 10725.52 | 9543.18
457 | 0.14 | 8703.97 | 12060.49 | 7015.50 | 778.70 | 3893.52 | 10800.00 | 9256.26
465 | 0.07 | 8765.26 | 12895.83 | 7862.55 | 415.80 | 2078.99 | 9912.44 | 9173.64
478 | 0.15 | 9347.88 | 13452.86 | 7329.95 | 715.47 | 3577.37 | 10800.00 | 9345.36
477 | 0.14 | 9480.13 | 14191.36 | 7493.34 | 680.38 | 3401.91 | 10800.00 | 9540.82
443 | 0.08 | 8884.76 | 15021.70 | 7683.03 | 468.81 | 2344.03 | 9989.55 | 9319.52
464 | 0.09 | 8981.91 | 15623.58 | 7575.79 | 521.70 | 2608.51 | 10137.35 | 9442.49
445 | 0.08 | 8958.22 | 16205.66 | 7661.76 | 464.96 | 2324.81 | 9949.37 | 9373.75
479 | 0.09 | 8992.17 | 16694.21 | 7489.69 | 521.11 | 2605.53 | 10048.32 | 9449.77
472 | 0.14 | 9482.67 | 17240.86 | 7068.95 | 767.70 | 3838.52 | 10800.00 | 9979.97
468 | 0.14 | 9479.27 | 18066.41 | 6949.97 | 768.96 | 3844.78 | 10687.10 | 9982.82
451 | 0.14 | 8204.81 | 18841.62 | 5566.99 | 888.40 | 4441.99 | 9884.60 | 9305.58
476 | 0.06 | 8854.67 | 19770.72 | 7668.42 | 352.80 | 1764.00 | 9411.25 | 9186.71
474 | 0.16 | 9372.30 | 20182.53 | 6143.10 | 888.84 | 4444.19 | 10445.07 | 9997.94
462 | 0.16 | 8844.12 | 21091.77 | 5469.44 | 941.92 | 4709.60 | 10028.33 | 9735.17
Vehicle 12
Charging tour: 
490  -> 486  -> 489  -> 512  -> 491  -> 525  -> 526  -> 523  -> 508  -> 484  -> 524  -> 497  -> 520  -> 516  -> 494  -> 502  -> 500  -> 496  -> 480  -> 485  -> 493  -> 515  -> 519  -> 481  -> 511  -> 482  -> 501  -> 483  -> 499  -> 504  -> 522  -> 514  -> 527  -> 503  -> 506  -> 510  -> 509  -> 517  -> 521  -> 492  -> 487  -> 518  -> 507  -> 
Charging time: 
290.32176708370883  + 387.1302661624423  + 197.71667098928793  + 577.8023989272021  + 289.3285183453903  + 1337.770508574831  + 882.2751288224356  + 1529.9377636999222  + 388.631451904067  + 348.1896980734831  + 1611.832199186072  + 394.1665402687974  + 539.640047029576  + 398.28443889317543  + 385.2909047643069  + 303.9702337051583  + 346.1689590350226  + 441.0643379197039  + 540.0900386949993  + 482.8739018820066  + 238.564482232746  + 211.80398950069096  + 242.95304143548165  + 261.20208300168383  + 591.5312684387585  + 595.9181001023346  + 561.5616386757445  + 261.4907037843442  + 244.7104589199034  + 540.6290847447406  + 338.44631977983926  + 438.2701630674322  + 592.2882093823082  + 224.73434516208104  + 330.4358191817296  + 565.1221110048676  + 305.41783772704434  + 440.25828111094916  + 591.3669211451761  + 543.4059543090003  + 542.8182200098831  + 390.1987905267081  + 444.0451433367561  + 
total node:43/48
-------------------
Traveling energy: 2151.70629729104
Charging energy: 105848.29370270896
Total energy used: 108000.0
-------------------
Total time for travel: 2151.70629729104
Total time for charging: 21169.658740541792
Charging round duration: 23321.36503783283
-------------------
ID | p | E0 | time_arrive | E_remain | time_charge | energy_charge| E_after_charge | E_after_cycle
490 | 0.07 | 5671.06 | 133.52 | 5661.71 | 290.32 | 1451.61 | 7093.00 | 5452.06
486 | 0.09 | 5468.03 | 501.39 | 5422.91 | 387.13 | 1935.65 | 7323.72 | 5255.75
489 | 0.05 | 5948.02 | 927.31 | 5901.66 | 197.72 | 988.58 | 6880.35 | 5743.31
512 | 0.13 | 5291.88 | 1133.97 | 5144.46 | 577.80 | 2889.01 | 7958.36 | 5078.32
491 | 0.07 | 5690.53 | 1761.53 | 5567.22 | 289.33 | 1446.64 | 6993.61 | 5466.56
525 | 0.13 | 2285.64 | 2074.78 | 2015.92 | 1337.77 | 6688.85 | 8530.86 | 5871.92
526 | 0.11 | 2932.48 | 3448.47 | 2553.14 | 882.28 | 4411.38 | 6867.47 | 4718.60
523 | 0.14 | 2152.29 | 4406.98 | 1535.31 | 1529.94 | 7649.69 | 8970.81 | 6460.75
508 | 0.09 | 5446.91 | 5971.46 | 4909.48 | 388.63 | 1943.16 | 6817.66 | 5242.14
484 | 0.08 | 5404.06 | 6412.85 | 4891.03 | 348.19 | 1740.95 | 6604.12 | 5235.73
524 | 0.14 | 2042.93 | 6781.78 | 1093.48 | 1611.83 | 8059.16 | 8926.99 | 6760.87
497 | 0.09 | 5370.42 | 8418.58 | 4612.75 | 394.17 | 1970.83 | 6548.11 | 5193.32
520 | 0.12 | 5230.25 | 8849.83 | 4168.28 | 539.64 | 2698.20 | 6801.72 | 5064.55
516 | 0.09 | 5314.90 | 9511.18 | 4458.89 | 398.28 | 1991.42 | 6414.47 | 5158.39
494 | 0.09 | 5494.14 | 9938.26 | 4599.69 | 385.29 | 1926.45 | 6491.47 | 5272.66
502 | 0.07 | 5416.43 | 10376.33 | 4690.08 | 303.97 | 1519.85 | 6188.66 | 5265.66
500 | 0.08 | 5435.60 | 10713.02 | 4578.56 | 346.17 | 1730.84 | 6281.71 | 5257.17
496 | 0.10 | 5332.66 | 11105.86 | 4222.07 | 441.06 | 2205.32 | 6383.29 | 5151.39
480 | 0.12 | 5225.90 | 11566.73 | 3837.89 | 540.09 | 2700.45 | 6473.53 | 5062.44
485 | 0.16 | 7793.49 | 12146.78 | 5850.01 | 482.87 | 2414.37 | 8187.12 | 6389.32
493 | 0.06 | 5915.50 | 12681.64 | 5154.60 | 238.56 | 1192.82 | 6333.11 | 5676.37
515 | 0.05 | 5552.41 | 12941.98 | 4905.31 | 211.80 | 1059.02 | 5953.74 | 5418.14
519 | 0.06 | 5808.64 | 13196.28 | 5016.87 | 242.95 | 1214.77 | 6217.05 | 5591.45
481 | 0.06 | 5402.82 | 13480.21 | 4594.01 | 261.20 | 1306.01 | 5884.34 | 5276.87
511 | 0.13 | 5169.06 | 13795.65 | 3375.62 | 591.53 | 2957.66 | 6256.38 | 5024.15
482 | 0.17 | 6709.78 | 14423.73 | 4257.74 | 595.92 | 2979.59 | 7136.03 | 5632.16
501 | 0.13 | 5444.92 | 15024.84 | 3491.69 | 561.56 | 2807.81 | 6226.50 | 5150.16
483 | 0.06 | 5396.86 | 15611.78 | 4460.15 | 261.49 | 1307.45 | 5751.91 | 5272.35
499 | 0.06 | 5766.93 | 15940.30 | 4810.51 | 244.71 | 1223.55 | 6019.38 | 5558.53
504 | 0.12 | 5220.69 | 16227.01 | 3273.45 | 540.63 | 2703.15 | 5911.72 | 5059.92
522 | 0.08 | 5559.63 | 16832.99 | 4212.99 | 338.45 | 1692.23 | 5878.15 | 5342.59
514 | 0.10 | 5366.66 | 17200.67 | 3646.59 | 438.27 | 2191.35 | 5794.11 | 5171.42
527 | 0.09 | 3574.01 | 17732.64 | 1978.07 | 592.29 | 2961.44 | 4886.20 | 4387.51
503 | 0.06 | 6279.54 | 18365.18 | 5177.63 | 224.73 | 1123.67 | 6287.81 | 5971.25
506 | 0.08 | 5694.41 | 18610.72 | 4205.55 | 330.44 | 1652.18 | 5831.30 | 5437.32
510 | 0.14 | 5826.82 | 19078.54 | 3155.82 | 565.12 | 2825.61 | 5902.32 | 5311.20
509 | 0.07 | 5390.75 | 19686.33 | 4012.71 | 305.42 | 1527.09 | 5518.42 | 5247.23
517 | 0.10 | 5342.42 | 20044.13 | 3338.01 | 440.26 | 2201.29 | 5495.27 | 5157.12
521 | 0.13 | 5170.49 | 20551.81 | 2498.76 | 591.37 | 2956.83 | 5378.72 | 5024.76
492 | 0.15 | 6492.51 | 21206.21 | 3311.58 | 543.41 | 2717.03 | 5947.10 | 5629.65
487 | 0.12 | 5199.63 | 21764.51 | 2587.89 | 542.82 | 2714.09 | 5236.84 | 5049.81
518 | 0.09 | 5425.03 | 22333.55 | 3415.01 | 390.20 | 1950.99 | 5330.89 | 5228.10
507 | 0.10 | 5296.86 | 22801.07 | 3016.75 | 444.05 | 2220.23 | 5192.58 | 5130.50
488 | 0.09 | 5316.20 | 3168.27
495 | 0.14 | 5937.62 | 2596.39
498 | 0.12 | 5218.40 | 2354.49
505 | 0.13 | 5260.60 | 2158.04
513 | 0.09 | 5317.78 | 3169.85
Vehicle 13
Charging tour: 
541  -> 531  -> 529  -> 552  -> 555  -> 530  -> 547  -> 548  -> 535  -> 536  -> 544  -> 537  -> 550  -> 542  -> 553  -> 540  -> 549  -> 546  -> 533  -> 556  -> 528  -> 532  -> 559  -> 551  -> 534  -> 543  -> 558  -> 538  -> 545  -> 539  -> 557  -> 554  -> 
Charging time: 
372.19102940713384  + 649.4565693620839  + 442.5386679830065  + 217.15871548220767  + 288.85499217392294  + 351.3764580082374  + 417.7877076157909  + 524.4414847356376  + 331.6823990958826  + 289.10080676678626  + 371.8361654825137  + 494.4508439310826  + 408.17071923723444  + 513.3891969821188  + 320.15076826755086  + 341.3927670938171  + 419.8457801923968  + 462.9751540337606  + 540.7332621973734  + 332.51833675314293  + 402.36228618419284  + 445.8676441724841  + 322.2026647601817  + 513.6244663330143  + 387.8230343928912  + 397.8621173748909  + 408.05319884132973  + 509.76593602437447  + 817.874504815876  + 524.9899680014222  + 615.723802109572  + 414.9128002105488  + 
total node:32/32
-------------------
Traveling energy: 1981.1552561458134
Charging energy: 69255.5712401123
Total energy used: 71236.72649625811
-------------------
Total time for travel: 1981.1552561458134
Total time for charging: 13851.114248022459
Charging round duration: 15832.269504168273
-------------------
ID | p | E0 | time_arrive | E_remain | time_charge | energy_charge| E_after_charge | E_after_cycle
541 | 0.05 | 8945.65 | 106.70 | 8940.31 | 372.19 | 1860.96 | 10782.66 | 9613.31
531 | 0.14 | 7721.48 | 556.00 | 7643.64 | 649.46 | 3247.28 | 10800.00 | 7627.54
529 | 0.09 | 8746.08 | 1321.63 | 8627.14 | 442.54 | 2212.69 | 10800.00 | 8810.84
552 | 0.08 | 9881.27 | 1871.09 | 9731.58 | 217.16 | 1085.79 | 10800.00 | 9057.79
555 | 0.12 | 9645.70 | 2127.57 | 9390.39 | 288.85 | 1444.27 | 10800.00 | 8226.06
530 | 0.07 | 9237.48 | 2425.17 | 9067.71 | 351.38 | 1756.88 | 10800.00 | 9323.74
547 | 0.12 | 9095.81 | 2788.48 | 8761.20 | 417.79 | 2088.94 | 10800.00 | 8320.84
548 | 0.15 | 8741.58 | 3234.14 | 8256.46 | 524.44 | 2622.21 | 10800.00 | 7783.90
535 | 0.06 | 9389.45 | 3799.42 | 9161.49 | 331.68 | 1658.41 | 10800.00 | 9615.91
536 | 0.06 | 9622.26 | 4173.71 | 9371.84 | 289.10 | 1445.50 | 10800.00 | 9635.81
544 | 0.09 | 9381.66 | 4526.39 | 8974.28 | 371.84 | 1859.18 | 10800.00 | 9092.91
537 | 0.10 | 8876.04 | 4988.51 | 8377.19 | 494.45 | 2472.25 | 10800.00 | 8961.71
550 | 0.11 | 9413.18 | 5537.57 | 8804.05 | 408.17 | 2040.85 | 10800.00 | 8828.78
542 | 0.11 | 8949.98 | 6004.08 | 8289.53 | 513.39 | 2566.95 | 10800.00 | 8891.67
553 | 0.09 | 9821.16 | 6589.97 | 9228.06 | 320.15 | 1600.75 | 10800.00 | 9273.98
540 | 0.06 | 9531.63 | 6968.57 | 9113.52 | 341.39 | 1706.96 | 10800.00 | 9806.64
549 | 0.10 | 9485.51 | 7427.56 | 8742.76 | 419.85 | 2099.23 | 10800.00 | 9198.15
546 | 0.10 | 9328.81 | 7973.84 | 8531.42 | 462.98 | 2314.88 | 10800.00 | 9257.09
533 | 0.09 | 8906.29 | 8458.83 | 8145.00 | 540.73 | 2703.67 | 10800.00 | 9462.03
556 | 0.09 | 9983.79 | 9071.77 | 9167.33 | 332.52 | 1662.59 | 10800.00 | 9498.45
528 | 0.06 | 9379.73 | 9456.67 | 8812.33 | 402.36 | 2011.81 | 10800.00 | 9959.59
532 | 0.07 | 9294.26 | 9891.31 | 8601.87 | 445.87 | 2229.34 | 10800.00 | 9852.99
559 | 0.09 | 10151.43 | 10371.60 | 9217.98 | 322.20 | 1611.01 | 10800.00 | 9614.51
551 | 0.11 | 9468.01 | 10723.97 | 8288.38 | 513.62 | 2568.12 | 10800.00 | 9410.89
534 | 0.06 | 9563.40 | 11320.78 | 8884.15 | 387.82 | 1939.12 | 10800.00 | 10070.56
543 | 0.07 | 9662.00 | 11763.70 | 8838.54 | 397.86 | 1989.31 | 10800.00 | 9980.70
558 | 0.10 | 10017.21 | 12166.70 | 8800.54 | 408.05 | 2040.27 | 10800.00 | 9670.89
538 | 0.08 | 9300.03 | 12600.98 | 8291.95 | 509.77 | 2548.83 | 10800.00 | 9939.59
545 | 0.14 | 8672.35 | 13194.42 | 6825.13 | 817.87 | 4089.37 | 10800.00 | 9420.49
539 | 0.08 | 9341.04 | 14049.93 | 8217.05 | 524.99 | 2624.95 | 10800.00 | 10056.72
557 | 0.13 | 9699.73 | 14602.32 | 7801.43 | 615.72 | 3078.62 | 10800.00 | 9675.78
554 | 0.08 | 9977.37 | 15234.26 | 8758.63 | 414.91 | 2074.56 | 10800.00 | 10142.66
Vehicle 14
Charging tour: 
594  -> 590  -> 598  -> 574  -> 597  -> 582  -> 578  -> 567  -> 591  -> 595  -> 579  -> 565  -> 587  -> 576  -> 568  -> 573  -> 586  -> 564  -> 562  -> 577  -> 570  -> 593  -> 592  -> 585  -> 583  -> 572  -> 599  -> 566  -> 571  -> 560  -> 580  -> 575  -> 584  -> 588  -> 569  -> 563  -> 561  -> 589  -> 581  -> 596  -> 
Charging time: 
394.3551599258532  + 295.4744449667603  + 344.57847388083724  + 366.5376070353861  + 392.05242026421246  + 412.96200096333126  + 411.99675881551076  + 392.9786662830425  + 561.6657456140479  + 286.2047952536777  + 341.8681162223536  + 291.1575354427646  + 475.609622842579  + 563.5855542239104  + 347.19879548247064  + 338.25810081579687  + 494.08820079814274  + 437.61354125878614  + 390.5553107143584  + 573.9406560132853  + 685.1883951975216  + 605.3691543934151  + 649.9457783021297  + 374.20647151526487  + 590.7384217743046  + 491.68258661854753  + 654.6202295180041  + 427.53039119106813  + 483.97482750344375  + 339.3209574087483  + 394.4128786642809  + 674.2337257214391  + 812.3723426341242  + 346.23195127609756  + 550.6806591057438  + 392.52576327182607  + 293.3658582498002  + 787.4052466464303  + 954.2975529951971  + 697.0759261588141  + 
total node:40/41
-------------------
Traveling energy: 1948.0609437283329
Charging energy: 96589.30312481654
Total energy used: 98537.36406854486
-------------------
Total time for travel: 1948.0609437283329
Total time for charging: 19317.86062496331
Charging round duration: 21265.921568691643
-------------------
ID | p | E0 | time_arrive | E_remain | time_charge | energy_charge| E_after_charge | E_after_cycle
594 | 0.13 | 8901.49 | 169.21 | 8879.49 | 394.36 | 1971.78 | 10800.00 | 7770.70
590 | 0.05 | 8261.90 | 590.78 | 8232.36 | 295.47 | 1477.37 | 9694.96 | 8545.98
598 | 0.14 | 9254.02 | 919.11 | 9125.35 | 344.58 | 1722.89 | 10800.00 | 7635.69
574 | 0.07 | 9083.68 | 1295.84 | 8992.97 | 366.54 | 1832.69 | 10800.00 | 9245.75
597 | 0.07 | 8717.34 | 1706.23 | 8597.90 | 392.05 | 1960.26 | 10530.72 | 9006.99
582 | 0.08 | 8938.76 | 2131.70 | 8768.23 | 412.96 | 2064.81 | 10800.00 | 9094.30
578 | 0.12 | 9101.67 | 2601.78 | 8789.46 | 412.00 | 2059.98 | 10800.00 | 8297.74
567 | 0.07 | 8696.79 | 3038.13 | 8484.12 | 392.98 | 1964.89 | 10421.51 | 8991.07
591 | 0.15 | 8596.56 | 3470.96 | 8075.92 | 561.67 | 2808.33 | 10800.00 | 7825.01
595 | 0.05 | 8529.49 | 4075.49 | 8325.71 | 286.20 | 1431.02 | 9742.43 | 8767.22
579 | 0.06 | 8568.85 | 4373.00 | 8306.47 | 341.87 | 1709.34 | 9995.30 | 8846.24
565 | 0.05 | 8384.40 | 4737.38 | 8147.53 | 291.16 | 1455.79 | 9588.76 | 8646.89
587 | 0.10 | 8979.19 | 5096.76 | 8469.51 | 475.61 | 2378.05 | 10800.00 | 8970.65
576 | 0.13 | 8782.96 | 5597.09 | 8055.34 | 563.59 | 2817.93 | 10800.00 | 8498.32
568 | 0.06 | 8437.29 | 6194.11 | 8065.64 | 347.20 | 1735.99 | 9780.80 | 8741.33
573 | 0.06 | 8660.30 | 6571.56 | 8266.01 | 338.26 | 1691.29 | 9937.00 | 8919.64
586 | 0.09 | 8893.40 | 6956.97 | 8267.27 | 494.09 | 2470.44 | 10693.25 | 9215.91
564 | 0.08 | 8925.43 | 7500.20 | 8325.41 | 437.61 | 2188.07 | 10478.47 | 9204.23
562 | 0.07 | 8750.75 | 8052.59 | 8187.07 | 390.56 | 1952.78 | 10112.51 | 9032.92
577 | 0.12 | 9016.66 | 8479.11 | 7999.17 | 573.94 | 2869.70 | 10800.00 | 9022.46
570 | 0.12 | 8549.88 | 9113.33 | 7456.28 | 685.19 | 3425.94 | 10800.00 | 9111.91
593 | 0.14 | 9239.13 | 9865.86 | 7857.91 | 605.37 | 3026.85 | 10800.00 | 8924.75
592 | 0.16 | 9338.45 | 10526.15 | 7654.26 | 649.95 | 3249.73 | 10800.00 | 8769.63
585 | 0.07 | 9133.07 | 11220.76 | 8347.61 | 374.21 | 1871.03 | 10192.45 | 9333.49
583 | 0.11 | 9091.33 | 11638.01 | 7811.15 | 590.74 | 2953.69 | 10699.86 | 9419.77
572 | 0.09 | 8936.91 | 12265.51 | 7833.02 | 491.68 | 2458.41 | 10247.18 | 9247.40
599 | 0.12 | 8949.97 | 12832.98 | 7410.02 | 654.62 | 3273.10 | 10604.56 | 9359.17
566 | 0.08 | 9135.93 | 13488.50 | 8056.85 | 427.53 | 2137.65 | 10160.30 | 9364.31
571 | 0.09 | 9079.24 | 14029.84 | 7816.56 | 483.97 | 2419.87 | 10192.87 | 9351.19
560 | 0.06 | 8633.17 | 14531.23 | 7761.30 | 339.32 | 1696.60 | 9437.54 | 8897.82
580 | 0.07 | 8665.17 | 14911.42 | 7621.37 | 394.41 | 1972.06 | 9565.82 | 8966.62
575 | 0.12 | 8689.62 | 15317.35 | 6851.54 | 674.23 | 3371.17 | 10141.80 | 9196.88
584 | 0.15 | 9015.01 | 16051.54 | 6607.27 | 812.37 | 4061.86 | 10547.28 | 9496.98
588 | 0.06 | 8460.85 | 16887.22 | 7447.62 | 346.23 | 1731.16 | 9158.00 | 8760.06
569 | 0.10 | 8866.05 | 17275.56 | 7138.49 | 550.68 | 2753.40 | 9836.83 | 9232.86
563 | 0.07 | 8706.82 | 17876.89 | 7455.44 | 392.53 | 1962.63 | 9390.59 | 8998.84
561 | 0.05 | 8321.28 | 18312.72 | 7405.65 | 293.37 | 1466.83 | 8857.81 | 8594.82
589 | 0.15 | 9300.85 | 18623.37 | 6507.35 | 787.41 | 3937.03 | 10326.26 | 9658.00
581 | 0.17 | 8697.51 | 19426.62 | 5394.99 | 954.30 | 4771.49 | 10004.24 | 9411.80
596 | 0.13 | 9105.28 | 20439.40 | 6448.16 | 697.08 | 3485.38 | 9842.92 | 9488.09
600 | 0.17 | 4921.37 | 864.16
Vehicle 15
Charging tour: 
602  -> 610  -> 639  -> 611  -> 608  -> 632  -> 634  -> 621  -> 606  -> 636  -> 638  -> 613  -> 629  -> 624  -> 619  -> 630  -> 623  -> 627  -> 609  -> 615  -> 603  -> 616  -> 633  -> 640  -> 617  -> 605  -> 601  -> 625  -> 607  -> 620  -> 635  -> 612  -> 618  -> 637  -> 622  -> 626  -> 628  -> 614  -> 631  -> 
Charging time: 
481.7629283305733  + 479.3360549454429  + 695.1132391591885  + 428.2631473406814  + 478.5874744743117  + 356.6203592324937  + 481.62832820935296  + 371.31669690712346  + 530.5841659297971  + 276.7278792953524  + 789.1751743565704  + 422.8879794385808  + 588.3490301789382  + 290.64567810065165  + 719.4849863615733  + 694.8159088445694  + 480.49866035850323  + 590.7380373188269  + 447.45579131747144  + 426.662986429835  + 1330.4991084297087  + 585.526154083803  + 425.0582756107058  + 1153.9845080908517  + 517.5129390602125  + 529.1747661734239  + 640.2598502925107  + 622.6074290695032  + 433.8262295857153  + 480.5055923106268  + 480.4872667775356  + 356.77589248445025  + 472.4644055731553  + 586.383686601434  + 585.4292101171163  + 295.3451692650016  + 534.3939378302272  + 695.4191025899693  + 405.63475808526533  + 
total node:39/40
-------------------
Traveling energy: 2190.286057194714
Charging energy: 105809.71394280528
Total energy used: 107999.99999999999
-------------------
Total time for travel: 2190.286057194714
Total time for charging: 21161.942788561057
Charging round duration: 23352.22884575577
-------------------
ID | p | E0 | time_arrive | E_remain | time_charge | energy_charge| E_after_charge | E_after_cycle
602 | 0.09 | 4977.53 | 90.09 | 4969.43 | 481.76 | 2408.81 | 7334.88 | 5238.42
610 | 0.09 | 5002.73 | 603.81 | 4948.39 | 479.34 | 2396.68 | 7301.93 | 5251.48
639 | 0.13 | 4983.02 | 1185.06 | 4828.96 | 695.11 | 3475.57 | 8214.17 | 5356.02
611 | 0.08 | 4977.19 | 1898.00 | 4825.35 | 428.26 | 2141.32 | 6932.41 | 5209.23
608 | 0.09 | 5010.56 | 2362.08 | 4797.97 | 478.59 | 2392.94 | 7147.84 | 5255.57
632 | 0.07 | 5229.94 | 2876.85 | 5028.56 | 356.62 | 1783.10 | 6786.70 | 5342.43
634 | 0.09 | 4978.92 | 3276.72 | 4684.02 | 481.63 | 2408.14 | 7048.81 | 5239.13
621 | 0.07 | 5022.95 | 3860.92 | 4752.68 | 371.32 | 1856.58 | 6583.27 | 5208.92
606 | 0.10 | 5021.70 | 4248.75 | 4596.83 | 530.58 | 2652.92 | 7196.69 | 5288.03
636 | 0.06 | 5777.01 | 4793.45 | 5489.41 | 276.73 | 1383.64 | 6856.44 | 5728.70
638 | 0.15 | 5064.34 | 5144.58 | 4292.65 | 789.18 | 3945.88 | 8120.15 | 5430.33
613 | 0.08 | 5040.45 | 6029.75 | 4558.07 | 422.89 | 2114.44 | 6638.68 | 5245.62
629 | 0.11 | 4981.53 | 6486.51 | 4268.01 | 588.35 | 2941.75 | 7145.04 | 5298.03
624 | 0.06 | 5500.38 | 7105.94 | 5074.02 | 290.65 | 1453.23 | 6509.81 | 5521.65
619 | 0.14 | 5184.55 | 7409.08 | 4147.28 | 719.48 | 3597.42 | 7643.98 | 5440.75
630 | 0.13 | 4985.15 | 8211.05 | 3917.72 | 694.82 | 3474.08 | 7301.47 | 5356.67
623 | 0.09 | 4990.63 | 8978.84 | 4182.53 | 480.50 | 2402.49 | 6541.78 | 5245.19
627 | 0.11 | 4961.38 | 9490.03 | 3917.48 | 590.74 | 2953.69 | 6806.19 | 5289.82
609 | 0.13 | 7741.02 | 10162.28 | 6419.93 | 447.46 | 2237.28 | 8599.04 | 6875.73
615 | 0.08 | 4995.86 | 10683.15 | 4141.21 | 426.66 | 2133.31 | 6240.39 | 5219.90
603 | 0.24 | 4806.20 | 11120.64 | 2137.25 | 1330.50 | 6652.50 | 8470.42 | 5730.88
616 | 0.11 | 5005.55 | 12489.04 | 3631.75 | 585.53 | 2927.63 | 6494.97 | 5307.93
633 | 0.08 | 5014.72 | 13109.63 | 3965.95 | 425.06 | 2125.29 | 6057.23 | 5230.74
640 | 0.11 | 2539.79 | 13565.22 | 1047.62 | 1153.98 | 5769.92 | 6690.60 | 5684.46
617 | 0.12 | 6178.24 | 14746.65 | 4408.65 | 517.51 | 2587.56 | 6934.11 | 5901.90
605 | 0.10 | 5035.07 | 15340.55 | 3501.02 | 529.17 | 2645.87 | 6093.98 | 5294.36
601 | 0.12 | 4993.79 | 15953.75 | 3079.34 | 640.26 | 3201.30 | 6203.80 | 5331.18
625 | 0.13 | 5563.32 | 16647.22 | 3399.18 | 622.61 | 3113.04 | 6431.28 | 5573.79
607 | 0.13 | 7984.22 | 17303.69 | 5734.74 | 433.83 | 2169.13 | 7847.48 | 7050.79
620 | 0.09 | 4990.56 | 17790.28 | 3389.43 | 480.51 | 2402.53 | 5748.72 | 5245.15
635 | 0.12 | 6654.33 | 18344.61 | 4452.98 | 480.49 | 2402.44 | 6797.76 | 6192.86
612 | 0.07 | 5227.66 | 18882.71 | 3905.87 | 356.78 | 1783.88 | 5664.78 | 5340.93
618 | 0.09 | 5075.50 | 19288.64 | 3339.52 | 472.46 | 2362.32 | 5659.32 | 5289.89
637 | 0.11 | 4998.23 | 19783.80 | 2822.01 | 586.38 | 2931.92 | 5689.42 | 5304.89
622 | 0.11 | 5006.37 | 20399.86 | 2762.39 | 585.43 | 2927.15 | 5625.14 | 5308.27
626 | 0.06 | 5412.86 | 21017.33 | 4151.82 | 295.35 | 1476.73 | 5610.82 | 5457.63
628 | 0.10 | 4985.90 | 21372.23 | 2848.68 | 534.39 | 2671.97 | 5467.21 | 5271.28
614 | 0.13 | 4980.83 | 22066.40 | 2112.20 | 695.42 | 3477.10 | 5498.89 | 5355.36
631 | 0.08 | 5254.84 | 22797.86 | 3431.02 | 405.63 | 2028.17 | 5426.74 | 5373.75
604 | 0.15 | 5029.78 | 1449.89
Vehicle 16
Charging tour: 
665  -> 644  -> 642  -> 662  -> 643  -> 655  -> 649  -> 641  -> 659  -> 667  -> 663  -> 645  -> 647  -> 673  -> 656  -> 652  -> 661  -> 668  -> 671  -> 653  -> 654  -> 670  -> 648  -> 657  -> 658  -> 660  -> 669  -> 
Charging time: 
1023.1789452422399  + 665.7161974208115  + 446.240755796936  + 521.9620322840136  + 729.0476191567195  + 393.09788919049305  + 476.0876110965546  + 659.549684093074  + 998.0973612210172  + 923.9885582823412  + 654.0081961413777  + 853.560349780933  + 863.7003799021231  + 2095.0555441517504  + 848.1957550197144  + 824.9016800814031  + 574.8257303772472  + 654.8698200033109  + 863.6681846528527  + 440.82020983222446  + 863.4646591238842  + 735.2815265619157  + 800.3267273523835  + 729.3698136737247  + 801.7296675223853  + 662.7532178861959  + 465.2559929774994  + 
total node:27/35
-------------------
Traveling energy: 1293.1832286129177
Charging energy: 102843.77054412561
Total energy used: 104136.95377273853
-------------------
Total time for travel: 1293.1832286129177
Total time for charging: 20568.754108825124
Charging round duration: 21861.93733743804
-------------------
ID | p | E0 | time_arrive | E_remain | time_charge | energy_charge| E_after_charge | E_after_cycle
665 | 0.14 | 5827.06 | 109.21 | 5811.78 | 1023.18 | 5115.89 | 10784.42 | 7601.73
644 | 0.08 | 5117.69 | 1172.53 | 5023.89 | 665.72 | 3328.58 | 8299.21 | 6537.00
642 | 0.05 | 4771.71 | 1884.03 | 4677.51 | 446.24 | 2231.20 | 6886.40 | 5809.62
662 | 0.06 | 4895.37 | 2371.89 | 4753.06 | 521.96 | 2609.81 | 7331.55 | 6073.23
643 | 0.09 | 5257.27 | 2943.92 | 4992.31 | 729.05 | 3645.24 | 8571.94 | 6754.57
655 | 0.05 | 5416.80 | 3690.76 | 5232.26 | 393.10 | 1965.49 | 7178.09 | 6188.99
649 | 0.06 | 5367.08 | 4141.79 | 5118.57 | 476.09 | 2380.44 | 7470.44 | 6315.56
641 | 0.08 | 5165.54 | 4669.85 | 4791.95 | 659.55 | 3297.75 | 8036.94 | 6554.02
659 | 0.14 | 5973.49 | 5353.07 | 5224.06 | 998.10 | 4990.49 | 10074.82 | 7622.76
667 | 0.12 | 5530.80 | 6401.88 | 4762.58 | 923.99 | 4619.94 | 9271.64 | 7286.84
663 | 0.08 | 5209.31 | 7336.43 | 4622.39 | 654.01 | 3270.04 | 7840.12 | 6570.08
645 | 0.11 | 5488.22 | 8006.35 | 4607.53 | 853.56 | 4267.80 | 8781.44 | 7130.78
647 | 0.11 | 5423.79 | 8904.72 | 4444.27 | 863.70 | 4318.50 | 8667.77 | 7117.04
673 | 0.11 | 1633.57 | 9803.56 | 555.18 | 2095.06 | 10475.28 | 10800.00 | 9483.60
656 | 0.13 | 6527.11 | 11932.19 | 4975.92 | 848.20 | 4240.98 | 9106.63 | 7665.52
652 | 0.11 | 5678.90 | 12862.72 | 4264.00 | 824.90 | 4124.51 | 8297.77 | 7178.15
661 | 0.07 | 5186.03 | 13796.16 | 4220.30 | 574.83 | 2874.13 | 7054.19 | 6389.55
668 | 0.08 | 5202.46 | 14377.47 | 4052.26 | 654.87 | 3274.35 | 7274.22 | 6567.53
671 | 0.11 | 5423.99 | 15164.02 | 3755.95 | 863.67 | 4318.34 | 7979.29 | 7117.08
653 | 0.05 | 4830.39 | 16038.81 | 4028.45 | 440.82 | 2204.10 | 6210.51 | 5841.19
654 | 0.11 | 5425.27 | 16506.69 | 3609.54 | 863.46 | 4317.32 | 7831.88 | 7117.35
670 | 0.09 | 5212.69 | 17391.79 | 3647.43 | 735.28 | 3676.41 | 7257.66 | 6741.17
648 | 0.10 | 5321.16 | 18176.64 | 3503.49 | 800.33 | 4001.63 | 7425.09 | 6936.20
657 | 0.09 | 5254.94 | 19007.09 | 3544.31 | 729.37 | 3646.85 | 7125.51 | 6753.86
658 | 0.10 | 5311.85 | 19757.34 | 3336.11 | 801.73 | 4008.65 | 7264.59 | 6933.90
660 | 0.08 | 5140.57 | 20601.73 | 3492.43 | 662.75 | 3313.77 | 6753.18 | 6545.07
669 | 0.06 | 5492.03 | 21305.75 | 4213.68 | 465.26 | 2326.28 | 6512.05 | 6386.35
646 | 0.17 | 5996.78 | 1939.57
650 | 0.23 | 6450.54 | 961.38
651 | 0.19 | 6160.92 | 1626.40
664 | 0.24 | 6506.73 | 778.91
666 | 0.17 | 5996.77 | 1939.57
[91m672 | 0.15 | 816.77 | -2763.12[00m
[91m674 | 0.14 | 1073.98 | -2267.24[00m
[91m675 | 0.15 | 816.78 | -2763.10[00m
Vehicle 17
Charging tour: 
686  -> 683  -> 712  -> 691  -> 676  -> 700  -> 678  -> 684  -> 688  -> 681  -> 687  -> 709  -> 679  -> 690  -> 699  -> 698  -> 707  -> 713  -> 682  -> 696  -> 708  -> 711  -> 697  -> 693  -> 705  -> 689  -> 677  -> 695  -> 706  -> 714  -> 680  -> 701  -> 704  -> 692  -> 703  -> 702  -> 685  -> 710  -> 
Charging time: 
569.1629462363946  + 345.96522365753447  + 492.54853021377323  + 619.4140328841687  + 877.375006971554  + 624.6540514186431  + 241.9286653895742  + 511.1796305272633  + 236.8177810503581  + 826.6400764415399  + 724.5307999478865  + 672.7931717720083  + 621.8766663033898  + 861.8047868412751  + 763.0013210141965  + 620.1366972508572  + 623.4008171032044  + 725.4871048703843  + 398.5784797215905  + 866.7987424914077  + 414.0849538922161  + 723.3378337372191  + 672.506468247942  + 353.6993100672531  + 355.687659445465  + 812.6188532011995  + 262.9428935055482  + 673.7487867197445  + 521.4013206603892  + 400.16576037823035  + 519.2563905772354  + 336.95522659349905  + 623.5927763979597  + 224.39178114543913  + 418.38774039959037  + 511.4152038966541  + 418.9227235248163  + 725.7292294956118  + 
total node:38/39
-------------------
Traveling energy: 2035.302780034945
Charging energy: 105964.69721996509
Total energy used: 108000.00000000004
-------------------
Total time for travel: 2035.302780034945
Total time for charging: 21192.93944399302
Charging round duration: 23228.242224027963
-------------------
ID | p | E0 | time_arrive | E_remain | time_charge | energy_charge| E_after_charge | E_after_cycle
686 | 0.11 | 6436.37 | 41.81 | 6431.77 | 569.16 | 2845.81 | 9214.98 | 6656.94
683 | 0.07 | 6738.30 | 733.23 | 6686.98 | 345.97 | 1729.83 | 8392.59 | 6797.52
712 | 0.09 | 6085.25 | 1085.86 | 5987.52 | 492.55 | 2462.74 | 8405.94 | 6400.06
691 | 0.12 | 6451.86 | 1617.37 | 6257.78 | 619.41 | 3097.07 | 9280.52 | 6685.03
676 | 0.17 | 6452.81 | 2284.96 | 6064.36 | 877.38 | 4386.88 | 10302.09 | 6782.48
700 | 0.12 | 6397.74 | 3189.49 | 6015.00 | 624.65 | 3123.27 | 9063.32 | 6657.10
678 | 0.05 | 6882.84 | 3856.32 | 6690.02 | 241.93 | 1209.64 | 7887.57 | 6899.19
684 | 0.10 | 6514.96 | 4151.05 | 6099.85 | 511.18 | 2555.90 | 8604.63 | 6684.26
688 | 0.05 | 7031.38 | 4711.40 | 6795.81 | 236.82 | 1184.09 | 7968.06 | 7022.18
681 | 0.16 | 6445.97 | 5033.25 | 5640.65 | 826.64 | 4133.20 | 9641.59 | 6760.63
687 | 0.14 | 6435.11 | 5934.58 | 5604.27 | 724.53 | 3622.65 | 9125.49 | 6716.54
709 | 0.13 | 6434.97 | 6745.83 | 5558.02 | 672.79 | 3363.97 | 8834.52 | 6696.37
679 | 0.12 | 6426.32 | 7431.67 | 5534.51 | 621.88 | 3109.38 | 8569.27 | 6671.79
690 | 0.18 | 6955.83 | 8075.87 | 5502.17 | 861.80 | 4309.02 | 9656.07 | 6968.99
699 | 0.15 | 6547.13 | 9000.02 | 5197.13 | 763.00 | 3815.01 | 8897.68 | 6782.25
698 | 0.12 | 6444.35 | 9812.31 | 5266.87 | 620.14 | 3100.68 | 8293.14 | 6681.12
707 | 0.12 | 6410.60 | 10462.39 | 5155.12 | 623.40 | 3117.00 | 8197.31 | 6663.70
713 | 0.14 | 6426.63 | 11130.02 | 4868.43 | 725.49 | 3627.44 | 8394.30 | 6712.84
682 | 0.08 | 6684.38 | 11915.22 | 5731.16 | 398.58 | 1992.89 | 7692.17 | 6768.00
696 | 0.18 | 6915.75 | 12418.60 | 4680.40 | 866.80 | 4333.99 | 8858.37 | 6953.88
708 | 0.08 | 6434.07 | 13340.02 | 5366.87 | 414.08 | 2070.42 | 7404.16 | 6595.22
711 | 0.14 | 6445.73 | 13776.99 | 4516.95 | 723.34 | 3616.69 | 8032.37 | 6721.19
697 | 0.13 | 6437.72 | 14562.25 | 4544.63 | 672.51 | 3362.53 | 7819.73 | 6697.68
693 | 0.07 | 6590.96 | 15271.55 | 5521.95 | 353.70 | 1768.50 | 7265.69 | 6688.85
705 | 0.07 | 6554.12 | 15671.82 | 5457.09 | 355.69 | 1778.44 | 7210.63 | 6661.94
689 | 0.16 | 6557.20 | 16106.89 | 3980.09 | 812.62 | 4063.09 | 7913.17 | 6801.75
677 | 0.05 | 6332.77 | 17012.85 | 5482.13 | 262.94 | 1314.71 | 6783.69 | 6454.19
695 | 0.13 | 6425.85 | 17356.17 | 4169.55 | 673.75 | 3368.74 | 7450.70 | 6692.02
706 | 0.10 | 6387.24 | 18112.99 | 4575.94 | 521.40 | 2607.01 | 7130.80 | 6607.65
714 | 0.08 | 6657.87 | 18664.06 | 5164.74 | 400.17 | 2000.83 | 7133.56 | 6749.42
680 | 0.10 | 6413.62 | 19100.41 | 4503.58 | 519.26 | 2596.28 | 7047.93 | 6623.31
701 | 0.07 | 6918.48 | 19644.22 | 5543.39 | 336.96 | 1684.78 | 7204.58 | 6932.65
704 | 0.12 | 6408.63 | 20020.59 | 4006.16 | 623.59 | 3117.96 | 7049.29 | 6662.69
692 | 0.05 | 7420.76 | 20658.64 | 6387.82 | 224.39 | 1121.96 | 7498.56 | 7349.42
703 | 0.08 | 6367.90 | 20916.41 | 4694.59 | 418.39 | 2091.94 | 6753.05 | 6550.56
702 | 0.10 | 6511.96 | 21403.73 | 4371.58 | 511.42 | 2557.08 | 6877.52 | 6682.44
685 | 0.08 | 6359.77 | 21946.74 | 4604.03 | 418.92 | 2094.61 | 6665.13 | 6545.11
710 | 0.14 | 6424.49 | 22396.52 | 3288.97 | 725.73 | 3628.65 | 6816.02 | 6711.91
694 | 0.19 | 7133.32 | 2598.80
Vehicle 18
Charging tour: 
722  -> 745  -> 732  -> 738  -> 740  -> 717  -> 736  -> 752  -> 716  -> 744  -> 730  -> 724  -> 751  -> 758  -> 728  -> 753  -> 739  -> 719  -> 754  -> 755  -> 727  -> 715  -> 729  -> 750  -> 749  -> 748  -> 718  -> 747  -> 734  -> 721  -> 726  -> 737  -> 733  -> 723  -> 731  -> 756  -> 746  -> 720  -> 741  -> 742  -> 743  -> 735  -> 725  -> 
Charging time: 
561.4715233123374  + 362.77594551388404  + 559.5216592740426  + 357.48364343859396  + 514.8359290446617  + 243.4810706634564  + 609.3477728365178  + 608.1826538022397  + 607.9951356911935  + 299.7081159705704  + 193.05986493545802  + 325.2026552464141  + 349.0285410978445  + 1939.644038018067  + 564.4440868310653  + 230.7940732079001  + 271.04167208356375  + 368.89036938750183  + 511.3319657133027  + 373.33695619441045  + 230.21645586939366  + 407.366933517556  + 300.1641215756553  + 689.1746028906792  + 653.6204744592504  + 686.2317362480198  + 318.70037292094855  + 280.8714668895178  + 614.4610056572571  + 326.7480325619879  + 408.90618829321016  + 653.4268728688353  + 276.93669126075145  + 560.9140551251204  + 465.276497487204  + 561.4268538998095  + 608.6075806775349  + 560.4252479912739  + 454.46605690113705  + 323.32931364625904  + 615.1374413419259  + 607.9080998870226  + 608.289621665163  + 
total node:43/44
-------------------
Traveling energy: 2679.083020507331
Charging energy: 105320.91697949269
Total energy used: 108000.00000000001
-------------------
Total time for travel: 2679.083020507331
Total time for charging: 21064.183395898537
Charging round duration: 23743.26641640587
-------------------
ID | p | E0 | time_arrive | E_remain | time_charge | energy_charge| E_after_charge | E_after_cycle
722 | 0.12 | 5924.06 | 173.59 | 5903.23 | 561.47 | 2807.36 | 8643.21 | 5867.51
745 | 0.08 | 6112.48 | 853.50 | 6044.21 | 362.78 | 1813.88 | 7829.06 | 6017.09
732 | 0.12 | 5944.71 | 1349.66 | 5782.75 | 559.52 | 2797.61 | 8513.22 | 5878.41
738 | 0.08 | 6202.98 | 1959.29 | 6046.23 | 357.48 | 1787.42 | 7805.05 | 6081.12
740 | 0.11 | 5922.30 | 2347.61 | 5664.06 | 514.84 | 2574.18 | 8181.61 | 5871.23
717 | 0.06 | 6830.50 | 2949.23 | 6653.54 | 243.48 | 1217.41 | 7856.34 | 6615.95
736 | 0.16 | 7278.15 | 3282.13 | 6753.01 | 609.35 | 3046.74 | 9702.25 | 6506.34
752 | 0.13 | 5924.83 | 3922.69 | 5414.88 | 608.18 | 3040.91 | 8376.73 | 5863.17
716 | 0.13 | 5926.65 | 4600.96 | 5328.53 | 608.00 | 3039.98 | 8289.47 | 5864.06
744 | 0.07 | 6473.90 | 5244.45 | 6106.79 | 299.71 | 1498.54 | 7584.35 | 6301.82
730 | 0.05 | 7178.67 | 5586.76 | 6899.34 | 193.06 | 965.30 | 7854.98 | 6950.68
724 | 0.07 | 5966.37 | 5866.14 | 5555.74 | 325.20 | 1626.01 | 7158.99 | 5921.77
751 | 0.08 | 6353.24 | 6228.78 | 5854.94 | 349.03 | 1745.14 | 7572.16 | 6189.11
758 | 0.15 | 2143.56 | 6590.85 | 1154.93 | 1939.64 | 9698.22 | 10562.21 | 8261.89
728 | 0.12 | 5892.87 | 8552.20 | 4866.60 | 564.44 | 2822.22 | 7621.09 | 5851.18
753 | 0.05 | 6004.98 | 9159.73 | 5546.99 | 230.79 | 1153.97 | 6689.42 | 5965.66
739 | 0.06 | 6135.95 | 9406.56 | 5571.55 | 271.04 | 1355.21 | 6910.50 | 6059.20
719 | 0.08 | 6011.17 | 9748.81 | 5231.26 | 368.89 | 1844.45 | 7046.20 | 5946.35
754 | 0.11 | 5962.88 | 10203.95 | 4840.44 | 511.33 | 2556.66 | 7340.86 | 5894.29
755 | 0.08 | 5939.57 | 10784.11 | 5076.85 | 373.34 | 1866.68 | 6913.66 | 5896.99
727 | 0.05 | 6020.05 | 11222.01 | 5458.95 | 230.22 | 1151.08 | 6598.52 | 5977.83
715 | 0.09 | 6123.83 | 11570.95 | 5082.44 | 407.37 | 2036.83 | 7082.61 | 6012.73
729 | 0.07 | 6464.06 | 12115.58 | 5615.97 | 300.16 | 1500.82 | 7095.78 | 6294.27
750 | 0.15 | 6032.93 | 12440.69 | 4166.83 | 689.17 | 3445.87 | 7509.32 | 5898.92
749 | 0.14 | 5937.02 | 13158.89 | 4094.78 | 653.62 | 3268.10 | 7271.37 | 5863.90
748 | 0.15 | 6058.80 | 13825.26 | 3985.01 | 686.23 | 3431.16 | 7313.24 | 5910.07
718 | 0.07 | 6088.10 | 14590.67 | 5066.75 | 318.70 | 1593.50 | 6637.95 | 6010.99
747 | 0.06 | 5921.20 | 14924.04 | 5025.76 | 280.87 | 1404.36 | 6413.26 | 5893.61
734 | 0.13 | 5864.29 | 15273.69 | 3878.71 | 614.46 | 3072.31 | 6871.13 | 5834.03
721 | 0.07 | 5938.15 | 15915.69 | 4824.05 | 326.75 | 1633.74 | 6434.92 | 5901.28
726 | 0.09 | 6100.78 | 16254.28 | 4637.89 | 408.91 | 2044.53 | 6645.62 | 5997.38
737 | 0.14 | 5938.78 | 16769.27 | 3591.08 | 653.43 | 3267.13 | 6766.74 | 5864.69
733 | 0.06 | 6005.33 | 17523.29 | 4953.93 | 276.94 | 1384.68 | 6322.00 | 5958.06
723 | 0.12 | 5929.95 | 17853.09 | 3787.58 | 560.91 | 2804.57 | 6524.84 | 5870.61
731 | 0.10 | 5957.38 | 18449.10 | 4112.47 | 465.28 | 2326.38 | 6392.32 | 5897.17
756 | 0.12 | 5924.54 | 18937.52 | 3652.03 | 561.43 | 2807.13 | 6391.80 | 5867.76
746 | 0.13 | 5920.69 | 19523.07 | 3382.69 | 608.61 | 3043.04 | 6346.61 | 5861.16
720 | 0.12 | 5935.12 | 20225.94 | 3508.01 | 560.43 | 2802.13 | 6242.89 | 5873.34
741 | 0.10 | 6099.09 | 20856.47 | 4013.44 | 454.47 | 2272.33 | 6240.32 | 5984.83
742 | 0.07 | 6000.94 | 21319.76 | 4508.56 | 323.33 | 1616.65 | 6102.57 | 5946.97
743 | 0.16 | 7209.65 | 21685.51 | 3739.97 | 615.14 | 3075.69 | 6717.23 | 6466.79
735 | 0.13 | 5927.50 | 22333.97 | 3024.09 | 607.91 | 3039.54 | 5984.60 | 5864.47
725 | 0.13 | 5923.78 | 22980.84 | 2936.27 | 608.29 | 3041.45 | 5898.65 | 5862.66
[91m757 | 0.18 | 1634.60 | -2661.27[00m
Vehicle 19
Charging tour: 
764  -> 763  -> 793  -> 782  -> 760  -> 762  -> 796  -> 771  -> 780  -> 789  -> 778  -> 788  -> 769  -> 797  -> 774  -> 781  -> 761  -> 791  -> 795  -> 787  -> 790  -> 785  -> 772  -> 773  -> 779  -> 776  -> 767  -> 786  -> 777  -> 794  -> 765  -> 775  -> 768  -> 784  -> 783  -> 792  -> 759  -> 766  -> 770  -> 
Charging time: 
303.89737907367885  + 698.6579917063417  + 297.5989969350394  + 593.0903608968925  + 333.6519247421432  + 538.3393946609286  + 440.5594481371189  + 283.5430481679557  + 647.7522939812749  + 330.3086476034536  + 698.509943688235  + 749.9942469138999  + 387.7400521905309  + 380.6525049856312  + 474.6291289088392  + 698.4603072570495  + 834.0931519028856  + 318.9014979710195  + 625.4902546664031  + 381.72600314862086  + 543.1488003324781  + 698.3453868376206  + 589.4334955875154  + 594.1738698099875  + 535.6644857909884  + 437.54485488763555  + 699.858978271677  + 699.1617029774046  + 711.1836554005337  + 667.0959285125667  + 437.935578534846  + 671.8481920703377  + 545.648885617671  + 699.5333912424389  + 323.39292485723826  + 644.9118196946392  + 385.039549563509  + 726.8275083095431  + 541.6193978027621  + 
total node:39/40
-------------------
Traveling energy: 2150.17508180331
Charging energy: 105849.82491819667
Total energy used: 107999.99999999997
-------------------
Total time for travel: 2150.17508180331
Total time for charging: 21169.964983639333
Charging round duration: 23320.140065442643
-------------------
ID | p | E0 | time_arrive | E_remain | time_charge | energy_charge| E_after_charge | E_after_cycle
764 | 0.06 | 6829.76 | 162.41 | 6820.01 | 303.90 | 1519.49 | 8321.26 | 6917.29
763 | 0.13 | 6436.65 | 480.35 | 6374.20 | 698.66 | 3493.29 | 9776.66 | 6827.37
793 | 0.06 | 6974.30 | 1201.48 | 6902.21 | 297.60 | 1487.99 | 8372.35 | 7030.34
782 | 0.11 | 6415.83 | 1525.49 | 6248.02 | 593.09 | 2965.45 | 9148.24 | 6756.03
760 | 0.06 | 6220.69 | 2147.13 | 6091.86 | 333.65 | 1668.26 | 7740.10 | 6456.99
762 | 0.10 | 6425.76 | 2537.00 | 6172.06 | 538.34 | 2691.70 | 8809.93 | 6730.87
796 | 0.08 | 6281.54 | 3120.64 | 6031.89 | 440.56 | 2202.80 | 8199.44 | 6575.07
771 | 0.05 | 6100.03 | 3608.89 | 5919.58 | 283.54 | 1417.72 | 7323.12 | 6324.45
780 | 0.12 | 6408.45 | 3920.01 | 5938.05 | 647.75 | 3238.76 | 9099.08 | 6783.31
789 | 0.06 | 6283.65 | 4692.79 | 6002.09 | 330.31 | 1651.54 | 7633.81 | 6503.24
778 | 0.13 | 6438.01 | 5145.36 | 5769.11 | 698.51 | 3492.55 | 9170.86 | 6827.99
788 | 0.14 | 6457.30 | 5964.49 | 5622.27 | 749.99 | 3749.97 | 9267.24 | 6866.05
769 | 0.07 | 6245.08 | 6755.73 | 5772.18 | 387.74 | 1938.70 | 7683.74 | 6513.17
797 | 0.07 | 6361.36 | 7164.71 | 5859.83 | 380.65 | 1903.26 | 7736.45 | 6594.01
774 | 0.09 | 6559.47 | 7578.91 | 5877.37 | 474.63 | 2373.15 | 8207.80 | 6784.69
781 | 0.13 | 6438.47 | 8105.90 | 5384.70 | 698.46 | 3492.30 | 8786.20 | 6828.20
761 | 0.16 | 6635.69 | 8866.98 | 5216.98 | 834.09 | 4170.47 | 9253.99 | 6987.61
791 | 0.06 | 6508.42 | 9754.41 | 5923.16 | 318.90 | 1594.51 | 7498.53 | 6670.97
795 | 0.11 | 6083.49 | 10173.97 | 4964.36 | 625.49 | 3127.45 | 8023.00 | 6585.70
787 | 0.07 | 6343.47 | 10814.91 | 5586.43 | 381.73 | 1908.63 | 7468.34 | 6581.49
790 | 0.10 | 6368.87 | 11228.14 | 5246.05 | 543.15 | 2715.74 | 7907.48 | 6698.02
785 | 0.13 | 6439.53 | 11779.63 | 4908.18 | 698.35 | 3491.73 | 8309.12 | 6828.69
772 | 0.11 | 6455.63 | 12560.63 | 5073.96 | 589.43 | 2947.17 | 7956.29 | 6777.55
773 | 0.11 | 6404.13 | 13174.63 | 4954.92 | 594.17 | 2970.87 | 7860.43 | 6749.75
779 | 0.10 | 6457.85 | 13825.65 | 5075.29 | 535.66 | 2678.32 | 7700.04 | 6749.58
776 | 0.08 | 6324.82 | 14425.61 | 5170.77 | 437.54 | 2187.72 | 7323.49 | 6603.27
767 | 0.13 | 6425.60 | 14898.59 | 4488.78 | 699.86 | 3499.29 | 7897.10 | 6822.33
786 | 0.13 | 6432.01 | 15647.76 | 4397.80 | 699.16 | 3495.81 | 7802.72 | 6825.25
777 | 0.14 | 6809.69 | 16387.82 | 4515.39 | 711.18 | 3555.92 | 7971.74 | 7024.38
794 | 0.15 | 7778.29 | 17160.95 | 5204.14 | 667.10 | 3335.48 | 8439.56 | 7533.88
765 | 0.08 | 6319.18 | 17867.72 | 4889.76 | 437.94 | 2189.68 | 7044.40 | 6599.58
775 | 0.14 | 7208.38 | 18346.57 | 4639.86 | 671.85 | 3359.24 | 7905.04 | 7226.40
768 | 0.10 | 6339.68 | 19033.06 | 4436.38 | 545.65 | 2728.24 | 7110.06 | 6681.34
784 | 0.13 | 6428.59 | 19603.12 | 3880.19 | 699.53 | 3497.67 | 7286.91 | 6823.69
783 | 0.06 | 6418.03 | 20325.88 | 5198.48 | 323.39 | 1616.96 | 6796.04 | 6603.04
792 | 0.12 | 6436.68 | 20756.05 | 3945.95 | 644.91 | 3224.56 | 7093.12 | 6797.33
759 | 0.07 | 6288.88 | 21444.26 | 4787.79 | 385.04 | 1925.20 | 6686.03 | 6543.47
766 | 0.15 | 7139.06 | 21933.61 | 3849.01 | 726.83 | 3634.14 | 7374.13 | 7193.31
770 | 0.10 | 6386.85 | 22701.50 | 4116.70 | 541.62 | 2708.10 | 6770.63 | 6708.36
[91m798 | 0.18 | 2035.08 | -2260.79[00m
Network survivability: 98.87218045112782%
networkSurvivabilityOverThousand: 78.9%
Average dead duration: 93199.71973551653
Traveling energy: 44538.39429084581
total calculate time: 50.05154323577881
